[    1.390740] usb 1-1: New USB device found, idVendor=046d, idProduct=c52b, bcdDevice=24.10
[    1.390742] usb 1-1: New USB device strings: Mfr=1, Product=2, SerialNumber=0
[    1.390744] usb 1-1: Product: USB Receiver
[    1.390746] usb 1-1: Manufacturer: Logitech
[    1.395838] input: Logitech USB Receiver as /devices/pci0000:00/0000:00:14.0/usb1/1-1/1-1:1.0/0003:046D:C52B.0001/input/input6
[    1.447770] hid-generic 0003:046D:C52B.0001: input,hidraw0: USB HID v1.11 Keyboard [Logitech USB Receiver] on usb-0000:00:14.0-1/input0
[    1.451434] input: Logitech USB Receiver Mouse as /devices/pci0000:00/0000:00:14.0/usb1/1-1/1-1:1.1/0003:046D:C52B.0002/input/input7
[    1.451851] input: Logitech USB Receiver Consumer Control as /devices/pci0000:00/0000:00:14.0/usb1/1-1/1-1:1.1/0003:046D:C52B.0002/input/input8
[    1.503385] input: Logitech USB Receiver System Control as /devices/pci0000:00/0000:00:14.0/usb1/1-1/1-1:1.1/0003:046D:C52B.0002/input/input9
[    1.503504] hid-generic 0003:046D:C52B.0002: input,hiddev96,hidraw1: USB HID v1.11 Mouse [Logitech USB Receiver] on usb-0000:00:14.0-1/input1
[    1.507103] hid-generic 0003:046D:C52B.0003: hiddev97,hidraw2: USB HID v1.11 Device [Logitech USB Receiver] on usb-0000:00:14.0-1/input2
[    1.621471] usb 1-6: new high-speed USB device number 3 using xhci_hcd
[    1.781659] usb 1-6: New USB device found, idVendor=5986, idProduct=06b0, bcdDevice=53.18
[    1.781661] usb 1-6: New USB device strings: Mfr=3, Product=1, SerialNumber=2
[    1.781663] usb 1-6: Product: EasyCamera
[    1.781664] usb 1-6: Manufacturer: Bison
--
[    2.892682] logitech-djreceiver 0003:046D:C52B.0003: hiddev96,hidraw0: USB HID v1.11 Device [Logitech USB Receiver] on usb-0000:00:14.0-1/input2
[    2.997827] input: Logitech Wireless Device PID:4060 Keyboard as /devices/pci0000:00/0000:00:14.0/usb1/1-1/1-1:1.2/0003:046D:C52B.0003/0003:046D:4060.0004/input/input11
[    2.997922] input: Logitech Wireless Device PID:4060 Mouse as /devices/pci0000:00/0000:00:14.0/usb1/1-1/1-1:1.2/0003:046D:C52B.0003/0003:046D:4060.0004/input/input12
[    2.997975] input: Logitech Wireless Device PID:4060 Consumer Control as /devices/pci0000:00/0000:00:14.0/usb1/1-1/1-1:1.2/0003:046D:C52B.0003/0003:046D:4060.0004/input/input13
[    2.998006] input: Logitech Wireless Device PID:4060 System Control as /devices/pci0000:00/0000:00:14.0/usb1/1-1/1-1:1.2/0003:046D:C52B.0003/0003:046D:4060.0004/input/input14
[    2.998041] hid-generic 0003:046D:4060.0004: input,hidraw1: USB HID v1.11 Keyboard [Logitech Wireless Device PID:4060] on usb-0000:00:14.0-1/input2:1
[    3.028844] checking generic (b0000000 7e9000) vs hw (a2000000 1000000)
[    3.028846] checking generic (b0000000 7e9000) vs hw (b0000000 10000000)
[    3.028846] fb0: switching to inteldrmfb from EFI VGA
[    3.028908] i915 0000:00:02.0: vgaarb: deactivate vga console
[    3.030039] [drm] Supports vblank timestamp caching Rev 2 (21.10.2013).
--
[  134.165338] input: remap-mxmaster as /devices/virtual/input/input32
[  143.637862] nf_conntrack: default automatic helper assignment has been turned off for security reasons and CT-based  firewall rule not found. Use the iptables CT target to attach helpers instead.
[  170.912279] logitech-hidpp-device 0003:046D:4060.0004: HID++ 4.5 device connected.
[ 1237.252491] Bluetooth: HIDP (Human Interface Emulation) ver 1.2
[ 1237.252494] Bluetooth: HIDP socket layer initialized
[ 1237.253000] hid-generic 0005:056A:0379.0005: unknown main item tag 0x0
[ 1237.253150] hid-generic 0005:056A:0379.0005: hidraw2: BLUETOOTH HID v0.00 Device [Intuos BT M] on 00:28:f8:be:4c:17
[ 1237.264250] wacom 0005:056A:0379.0005: unknown main item tag 0x0
[ 1237.264354] input: Wacom Intuos BT M Pen as /devices/pci0000:00/0000:00:14.0/usb1/1-11/1-11:1.0/bluetooth/hci0/hci0:256/0005:056A:0379.0005/input/input33
[ 1237.264466] input: Wacom Intuos BT M Pad as /devices/pci0000:00/0000:00:14.0/usb1/1-11/1-11:1.0/bluetooth/hci0/hci0:256/0005:056A:0379.0005/input/input35
[ 1237.264956] wacom 0005:056A:0379.0005: hidraw2: BLUETOOTH HID v0.00 Device [Intuos BT M] on 00:28:f8:be:4c:17
[ 1820.164328] WARNING! power/level is deprecated; use power/control instead
