[    51.597] (--) Log file renamed from "/home/USERNAME/.local/share/xorg/Xorg.pid-2160.log" to "/home/USERNAME/.local/share/xorg/Xorg.0.log"
[    51.601] 
X.Org X Server 1.21.1.13
X Protocol Version 11, Revision 0
[    51.602] Current Operating System: Linux HOSTNAME 6.11.0-13-generic #14-Ubuntu SMP PREEMPT_DYNAMIC Sat Nov 30 23:51:51 UTC 2024 x86_64
[    51.602] Kernel command line: BOOT_IMAGE=/boot/vmlinuz-6.11.0-13-generic root=UUID=645a62a4-9783-415e-8058-34147675f18f ro quiet splash crashkernel=2G-4G:320M,4G-32G:512M,32G-64G:1024M,64G-128G:2048M,128G-:4096M vt.handoff=7
[    51.602] xorg-server 2:21.1.13-2ubuntu1.1 (For technical support please see http://www.ubuntu.com/support) 
[    51.602] Current version of pixman: 0.42.2
[    51.602] 	Before reporting problems, check http://wiki.x.org
	to make sure that you have the latest version.
[    51.602] Markers: (--) probed, (**) from config file, (==) default setting,
	(++) from command line, (!!) notice, (II) informational,
	(WW) warning, (EE) error, (NI) not implemented, (??) unknown.
[    51.602] (==) Log file: "/home/USERNAME/.local/share/xorg/Xorg.0.log", Time: Sat Dec 21 12:57:52 2024
[    51.607] (==) Using system config directory "/usr/share/X11/xorg.conf.d"
[    51.612] (==) No Layout section.  Using the first Screen section.
[    51.613] (==) No screen section available. Using defaults.
[    51.613] (**) |-->Screen "Default Screen Section" (0)
[    51.613] (**) |   |-->Monitor "<default monitor>"
[    51.627] (==) No monitor specified for screen "Default Screen Section".
	Using a default monitor configuration.
[    51.627] (**) Allowing byte-swapped clients
[    51.628] (==) Automatically adding devices
[    51.628] (==) Automatically enabling devices
[    51.628] (==) Automatically adding GPU devices
[    51.628] (==) Automatically binding GPU devices
[    51.628] (==) Max clients allowed: 256, resource mask: 0x1fffff
[    51.628] (WW) The directory "/usr/share/fonts/X11/cyrillic" does not exist.
[    51.628] 	Entry deleted from font path.
[    51.628] (WW) The directory "/usr/share/fonts/X11/100dpi/" does not exist.
[    51.628] 	Entry deleted from font path.
[    51.628] (WW) The directory "/usr/share/fonts/X11/75dpi/" does not exist.
[    51.628] 	Entry deleted from font path.
[    51.628] (WW) The directory "/usr/share/fonts/X11/100dpi" does not exist.
[    51.628] 	Entry deleted from font path.
[    51.628] (WW) The directory "/usr/share/fonts/X11/75dpi" does not exist.
[    51.628] 	Entry deleted from font path.
[    51.628] (==) FontPath set to:
	/usr/share/fonts/X11/misc,
	/usr/share/fonts/X11/Type1,
	built-ins
[    51.628] (==) ModulePath set to "/usr/lib/xorg/modules"
[    51.628] (II) The server relies on udev to provide the list of input devices.
	If no devices become available, reconfigure udev or disable AutoAddDevices.
[    51.628] (II) Loader magic: 0x5d58fae77020
[    51.628] (II) Module ABI versions:
[    51.628] 	X.Org ANSI C Emulation: 0.4
[    51.628] 	X.Org Video Driver: 25.2
[    51.631] 	X.Org XInput driver : 24.4
[    51.631] 	X.Org Server Extension : 10.0
[    51.640] (++) using VT number 2

[    51.649] (II) systemd-logind: took control of session /org/freedesktop/login1/session/_32
[    51.655] (II) xfree86: Adding drm device (/dev/dri/card1)
[    51.655] (II) Platform probe for /sys/devices/pci0000:00/0000:00:02.0/drm/card1
[    51.658] (II) systemd-logind: got fd for /dev/dri/card1 226:1 fd 14 paused 0
[    51.667] (--) PCI:*(0@0:2:0) 8086:22b0:1043:1c60 rev 54, Mem @ 0x90000000/16777216, 0x80000000/268435456, I/O @ 0x0000f000/64, BIOS @ 0x????????/131072
[    51.667] (II) LoadModule: "glx"
[    51.672] (II) Loading /usr/lib/xorg/modules/extensions/libglx.so
[    51.681] (II) Module glx: vendor="X.Org Foundation"
[    51.681] 	compiled for 1.21.1.13, module version = 1.0.0
[    51.681] 	ABI class: X.Org Server Extension, version 10.0
[    51.681] (==) Matched modesetting as autoconfigured driver 0
[    51.681] (==) Matched fbdev as autoconfigured driver 1
[    51.681] (==) Matched vesa as autoconfigured driver 2
[    51.681] (==) Assigned the driver to the xf86ConfigLayout
[    51.681] (II) LoadModule: "modesetting"
[    51.682] (II) Loading /usr/lib/xorg/modules/drivers/modesetting_drv.so
[    51.686] (II) Module modesetting: vendor="X.Org Foundation"
[    51.687] 	compiled for 1.21.1.13, module version = 1.21.1
[    51.687] 	Module class: X.Org Video Driver
[    51.687] 	ABI class: X.Org Video Driver, version 25.2
[    51.687] (II) LoadModule: "fbdev"
[    51.687] (II) Loading /usr/lib/xorg/modules/drivers/fbdev_drv.so
[    51.690] (II) Module fbdev: vendor="X.Org Foundation"
[    51.690] 	compiled for 1.21.1.11, module version = 0.5.0
[    51.690] 	Module class: X.Org Video Driver
[    51.690] 	ABI class: X.Org Video Driver, version 25.2
[    51.690] (II) LoadModule: "vesa"
[    51.691] (II) Loading /usr/lib/xorg/modules/drivers/vesa_drv.so
[    51.693] (II) Module vesa: vendor="X.Org Foundation"
[    51.693] 	compiled for 1.21.1.11, module version = 2.6.0
[    51.693] 	Module class: X.Org Video Driver
[    51.693] 	ABI class: X.Org Video Driver, version 25.2
[    51.693] (II) modesetting: Driver for Modesetting Kernel Drivers: kms
[    51.693] (II) FBDEV: driver for framebuffer: fbdev
[    51.693] (II) VESA: driver for VESA chipsets: vesa
[    51.694] xf86EnableIO: failed to enable I/O ports 0000-03ff (Operation not permitted)
[    51.694] (II) modeset(0): using drv /dev/dri/card1
[    51.694] (WW) Falling back to old probe method for fbdev
[    51.694] (II) Loading sub module "fbdevhw"
[    51.694] (II) LoadModule: "fbdevhw"
[    51.694] (II) Loading /usr/lib/xorg/modules/libfbdevhw.so
[    51.699] (II) Module fbdevhw: vendor="X.Org Foundation"
[    51.699] 	compiled for 1.21.1.13, module version = 0.0.2
[    51.699] 	ABI class: X.Org Video Driver, version 25.2
[    51.699] (EE) open /dev/fb0: Permission denied
[    51.699] (WW) VGA arbiter: cannot open kernel arbiter, no multi-card support
[    51.700] (II) modeset(0): Creating default Display subsection in Screen section
	"Default Screen Section" for depth/fbbpp 24/32
[    51.700] (==) modeset(0): Depth 24, (==) framebuffer bpp 32
[    51.700] (==) modeset(0): RGB weight 888
[    51.700] (==) modeset(0): Default visual is TrueColor
[    51.700] (II) Loading sub module "glamoregl"
[    51.700] (II) LoadModule: "glamoregl"
[    51.700] (II) Loading /usr/lib/xorg/modules/libglamoregl.so
[    51.836] (II) Module glamoregl: vendor="X.Org Foundation"
[    51.836] 	compiled for 1.21.1.13, module version = 1.0.1
[    51.836] 	ABI class: X.Org ANSI C Emulation, version 0.4
[    52.171] (II) modeset(0): glamor X acceleration enabled on Mesa Intel(R) HD Graphics (CHV)
[    52.171] (II) modeset(0): glamor initialized
[    52.172] (==) modeset(0): VariableRefresh: disabled
[    52.172] (==) modeset(0): AsyncFlipSecondaries: disabled
[    52.172] (II) modeset(0): Output DSI-1 has no monitor section
[    52.177] (II) modeset(0): Output DP-1 has no monitor section
[    52.178] (II) modeset(0): Output HDMI-1 has no monitor section
[    52.194] (II) modeset(0): EDID for output DSI-1
[    52.196] (II) modeset(0): Printing probed modes for output DSI-1
[    52.196] (II) modeset(0): Modeline "800x1280"x60.1   75.00  800 824 828 960  1280 1288 1292 1300 -hsync -vsync (78.1 kHz eP)
[    52.196] (II) modeset(0): Modeline "1280x800"x60.1   71.22  1280 1328 1360 1440  800 803 809 823 +hsync -vsync (49.5 kHz d)
[    52.196] (II) modeset(0): Modeline "1280x720"x60.1   64.12  1280 1328 1360 1440  720 723 728 741 +hsync -vsync (44.5 kHz d)
[    52.196] (II) modeset(0): Modeline "1024x768"x60.1   65.10  1024 1048 1184 1344  768 771 777 806 -hsync -vsync (48.4 kHz d)
[    52.196] (II) modeset(0): Modeline "960x720"x60.1  117.19  960 1024 1128 1300  720 720 722 750 doublescan -hsync +vsync (90.1 kHz d)
[    52.196] (II) modeset(0): Modeline "928x696"x60.1  109.23  928 976 1088 1264  696 696 698 719 doublescan -hsync +vsync (86.4 kHz d)
[    52.196] (II) modeset(0): Modeline "896x672"x60.1  102.54  896 960 1060 1224  672 672 674 697 doublescan -hsync +vsync (83.8 kHz d)
[    52.196] (II) modeset(0): Modeline "1024x576"x60.1   42.19  1024 1072 1104 1184  576 579 584 593 +hsync -vsync (35.6 kHz d)
[    52.196] (II) modeset(0): Modeline "960x600"x60.1   77.12  960 984 1000 1040  600 601 604 617 doublescan +hsync -vsync (74.2 kHz d)
[    52.196] (II) modeset(0): Modeline "960x540"x60.1   37.42  960 1008 1040 1120  540 543 548 556 +hsync -vsync (33.4 kHz d)
[    52.196] (II) modeset(0): Modeline "800x600"x60.1   38.46  800 824 896 1024  600 601 603 625 +hsync +vsync (37.6 kHz d)
[    52.196] (II) modeset(0): Modeline "840x525"x60.1   59.71  840 864 880 920  525 526 529 540 doublescan +hsync -vsync (64.9 kHz d)
[    52.196] (II) modeset(0): Modeline "864x486"x60.1   30.77  864 912 944 1024  486 489 494 500 +hsync -vsync (30.0 kHz d)
[    52.196] (II) modeset(0): Modeline "700x525"x60.1   61.12  700 744 820 940  525 526 532 541 doublescan +hsync +vsync (65.0 kHz d)
[    52.196] (II) modeset(0): Modeline "800x450"x60.1   48.97  800 824 840 880  450 451 454 463 doublescan +hsync -vsync (55.6 kHz d)
[    52.196] (II) modeset(0): Modeline "640x512"x60.1   54.07  640 664 720 844  512 512 514 533 doublescan +hsync +vsync (64.1 kHz d)
[    52.202] (II) modeset(0): Modeline "700x450"x60.1   43.41  700 724 740 780  450 451 456 463 doublescan +hsync -vsync (55.6 kHz d)
[    52.202] (II) modeset(0): Modeline "640x480"x60.1   25.24  640 656 752 800  480 490 492 525 -hsync -vsync (31.5 kHz d)
[    52.202] (II) modeset(0): Modeline "720x405"x60.1   22.16  720 768 800 880  405 408 413 419 +hsync -vsync (25.2 kHz d)
[    52.202] (II) modeset(0): Modeline "684x384"x60.1   36.27  684 708 724 764  384 385 390 395 doublescan +hsync -vsync (47.5 kHz d)
[    52.202] (II) modeset(0): Modeline "640x360"x60.1   17.98  640 688 720 800  360 363 368 374 +hsync -vsync (22.5 kHz d)
[    52.203] (II) modeset(0): Modeline "512x384"x60.1   32.55  512 524 592 672  384 385 388 403 doublescan -hsync -vsync (48.4 kHz d)
[    52.203] (II) modeset(0): Modeline "512x288"x60.1   21.06  512 536 552 592  288 289 292 296 doublescan +hsync -vsync (35.6 kHz d)
[    52.203] (II) modeset(0): Modeline "480x270"x60.1   18.71  480 504 520 560  270 271 274 278 doublescan +hsync -vsync (33.4 kHz d)
[    52.203] (II) modeset(0): Modeline "400x300"x60.1   19.20  400 412 448 512  300 300 301 312 doublescan +hsync +vsync (37.5 kHz d)
[    52.203] (II) modeset(0): Modeline "432x243"x60.1   15.38  432 456 472 512  243 244 247 250 doublescan +hsync -vsync (30.0 kHz d)
[    52.203] (II) modeset(0): Modeline "320x240"x60.1   12.60  320 328 376 400  240 245 246 262 doublescan -hsync -vsync (31.5 kHz d)
[    52.203] (II) modeset(0): Modeline "360x202"x60.1   11.05  360 384 400 440  202 204 206 209 doublescan +hsync -vsync (25.1 kHz d)
[    52.203] (II) modeset(0): Modeline "320x180"x60.1    8.99  320 344 360 400  180 181 184 187 doublescan +hsync -vsync (22.5 kHz d)
[    52.212] (II) modeset(0): EDID for output DP-1
[    52.214] (II) modeset(0): EDID for output HDMI-1
[    52.214] (II) modeset(0): Output DSI-1 connected
[    52.214] (II) modeset(0): Output DP-1 disconnected
[    52.214] (II) modeset(0): Output HDMI-1 disconnected
[    52.214] (II) modeset(0): Using exact sizes for initial modes
[    52.214] (II) modeset(0): Output DSI-1 using initial mode 800x1280 +0+0
[    52.214] (==) modeset(0): Using gamma correction (1.0, 1.0, 1.0)
[    52.214] (==) modeset(0): DPI set to (96, 96)
[    52.214] (II) Loading sub module "fb"
[    52.214] (II) LoadModule: "fb"
[    52.214] (II) Module "fb" already built-in
[    52.214] (II) UnloadModule: "fbdev"
[    52.214] (II) Unloading fbdev
[    52.215] (II) UnloadSubModule: "fbdevhw"
[    52.215] (II) Unloading fbdevhw
[    52.215] (II) UnloadModule: "vesa"
[    52.215] (II) Unloading vesa
[    52.464] (==) modeset(0): Backing store enabled
[    52.464] (==) modeset(0): Silken mouse enabled
[    52.497] (II) modeset(0): Initializing kms color map for depth 24, 8 bpc.
[    52.500] (==) modeset(0): DPMS enabled
[    52.502] (II) modeset(0): [DRI2] Setup complete
[    52.503] (II) modeset(0): [DRI2]   DRI driver: crocus
[    52.503] (II) modeset(0): [DRI2]   VDPAU driver: va_gl
[    52.503] (II) Initializing extension Generic Event Extension
[    52.503] (II) Initializing extension SHAPE
[    52.504] (II) Initializing extension MIT-SHM
[    52.508] (II) Initializing extension XInputExtension
[    52.512] (II) Initializing extension XTEST
[    52.512] (II) Initializing extension BIG-REQUESTS
[    52.513] (II) Initializing extension SYNC
[    52.519] (II) Initializing extension XKEYBOARD
[    52.521] (II) Initializing extension XC-MISC
[    52.522] (II) Initializing extension SECURITY
[    52.522] (II) Initializing extension XFIXES
[    52.524] (II) Initializing extension RENDER
[    52.525] (II) Initializing extension RANDR
[    52.533] (II) Initializing extension COMPOSITE
[    52.535] (II) Initializing extension DAMAGE
[    52.536] (II) Initializing extension MIT-SCREEN-SAVER
[    52.536] (II) Initializing extension DOUBLE-BUFFER
[    52.540] (II) Initializing extension RECORD
[    52.541] (II) Initializing extension DPMS
[    52.541] (II) Initializing extension Present
[    52.542] (II) Initializing extension DRI3
[    52.542] (II) Initializing extension X-Resource
[    52.544] (II) Initializing extension XVideo
[    52.545] (II) Initializing extension XVideo-MotionCompensation
[    52.545] (II) Initializing extension SELinux
[    52.545] (II) SELinux: Disabled on system
[    52.545] (II) Initializing extension GLX
[    52.679] (II) AIGLX: Loaded and initialized crocus
[    52.679] (II) GLX: Initialized DRI2 GL provider for screen 0
[    52.679] (II) Initializing extension XFree86-VidModeExtension
[    52.688] (II) Initializing extension XFree86-DGA
[    52.688] (II) Initializing extension XFree86-DRI
[    52.688] (II) Initializing extension DRI2
[    52.696] (II) modeset(0): Damage tracking initialized
[    52.696] (II) modeset(0): Setting screen physical size to 211 x 338
[    53.201] (II) config/udev: Adding input device Power Button (/dev/input/event3)
[    53.201] (**) Power Button: Applying InputClass "libinput keyboard catchall"
[    53.201] (II) LoadModule: "libinput"
[    53.201] (II) Loading /usr/lib/xorg/modules/input/libinput_drv.so
[    53.219] (II) Module libinput: vendor="X.Org Foundation"
[    53.219] 	compiled for 1.21.1.11, module version = 1.4.0
[    53.219] 	Module class: X.Org XInput Driver
[    53.219] 	ABI class: X.Org XInput driver, version 24.4
[    53.219] (II) Using input driver 'libinput' for 'Power Button'
[    53.266] (II) systemd-logind: got fd for /dev/input/event3 13:67 fd 126 paused 0
[    53.266] (**) Power Button: always reports core events
[    53.266] (**) Option "Device" "/dev/input/event3"
[    53.291] (II) event3  - Power Button: is tagged by udev as: Keyboard
[    53.291] (II) event3  - Power Button: device is a keyboard
[    53.292] (II) event3  - Power Button: device removed
[    53.292] (**) Option "config_info" "udev:/sys/devices/LNXSYSTM:00/LNXPWRBN:00/input/input3/event3"
[    53.292] (II) XINPUT: Adding extended input device "Power Button" (type: KEYBOARD, id 6)
[    53.292] (**) Option "xkb_model" "pc105"
[    53.292] (**) Option "xkb_layout" "it"
[    53.390] (II) event3  - Power Button: is tagged by udev as: Keyboard
[    53.390] (II) event3  - Power Button: device is a keyboard
[    53.395] (II) config/udev: Adding input device Video Bus (/dev/input/event18)
[    53.395] (**) Video Bus: Applying InputClass "libinput keyboard catchall"
[    53.395] (II) Using input driver 'libinput' for 'Video Bus'
[    53.400] (II) systemd-logind: got fd for /dev/input/event18 13:82 fd 129 paused 0
[    53.400] (**) Video Bus: always reports core events
[    53.400] (**) Option "Device" "/dev/input/event18"
[    53.408] (II) event18 - Video Bus: is tagged by udev as: Keyboard
[    53.408] (II) event18 - Video Bus: device is a keyboard
[    53.410] (II) event18 - Video Bus: device removed
[    53.410] (**) Option "config_info" "udev:/sys/devices/LNXSYSTM:00/LNXSYBUS:00/PNP0A08:00/LNXVIDEO:00/input/input24/event18"
[    53.410] (II) XINPUT: Adding extended input device "Video Bus" (type: KEYBOARD, id 7)
[    53.410] (**) Option "xkb_model" "pc105"
[    53.410] (**) Option "xkb_layout" "it"
[    53.424] (II) event18 - Video Bus: is tagged by udev as: Keyboard
[    53.424] (II) event18 - Video Bus: device is a keyboard
[    53.433] (II) config/udev: Adding input device Power Button (/dev/input/event0)
[    53.433] (**) Power Button: Applying InputClass "libinput keyboard catchall"
[    53.433] (II) Using input driver 'libinput' for 'Power Button'
[    53.461] (II) systemd-logind: got fd for /dev/input/event0 13:64 fd 130 paused 0
[    53.461] (**) Power Button: always reports core events
[    53.461] (**) Option "Device" "/dev/input/event0"
[    53.468] (II) event0  - Power Button: is tagged by udev as: Keyboard
[    53.469] (II) event0  - Power Button: device is a keyboard
[    53.469] (II) event0  - Power Button: device removed
[    53.469] (**) Option "config_info" "udev:/sys/devices/LNXSYSTM:00/LNXSYBUS:00/PNP0C0C:00/input/input0/event0"
[    53.469] (II) XINPUT: Adding extended input device "Power Button" (type: KEYBOARD, id 8)
[    53.469] (**) Option "xkb_model" "pc105"
[    53.469] (**) Option "xkb_layout" "it"
[    53.475] (II) event0  - Power Button: is tagged by udev as: Keyboard
[    53.475] (II) event0  - Power Button: device is a keyboard
[    53.481] (II) config/udev: Adding input device Lid Switch (/dev/input/event2)
[    53.481] (II) No input driver specified, ignoring this device.
[    53.481] (II) This device may have been added with another device file.
[    53.487] (II) config/udev: Adding input device Sleep Button (/dev/input/event1)
[    53.489] (**) Sleep Button: Applying InputClass "libinput keyboard catchall"
[    53.489] (II) Using input driver 'libinput' for 'Sleep Button'
[    53.501] (II) systemd-logind: got fd for /dev/input/event1 13:65 fd 131 paused 0
[    53.501] (**) Sleep Button: always reports core events
[    53.502] (**) Option "Device" "/dev/input/event1"
[    53.508] (II) event1  - Sleep Button: is tagged by udev as: Keyboard
[    53.508] (II) event1  - Sleep Button: device is a keyboard
[    53.508] (II) event1  - Sleep Button: device removed
[    53.508] (**) Option "config_info" "udev:/sys/devices/LNXSYSTM:00/LNXSYBUS:00/PNP0C0E:00/input/input1/event1"
[    53.508] (II) XINPUT: Adding extended input device "Sleep Button" (type: KEYBOARD, id 9)
[    53.508] (**) Option "xkb_model" "pc105"
[    53.509] (**) Option "xkb_layout" "it"
[    53.516] (II) event1  - Sleep Button: is tagged by udev as: Keyboard
[    53.516] (II) event1  - Sleep Button: device is a keyboard
[    53.524] (II) config/udev: Adding input device Intel HDMI/DP LPE Audio HDMI/DP,pcm=0 (/dev/input/event19)
[    53.524] (II) No input driver specified, ignoring this device.
[    53.524] (II) This device may have been added with another device file.
[    53.528] (II) config/udev: Adding input device Intel HDMI/DP LPE Audio HDMI/DP,pcm=1 (/dev/input/event20)
[    53.528] (II) No input driver specified, ignoring this device.
[    53.529] (II) This device may have been added with another device file.
[    53.532] (II) config/udev: Adding input device Intel HDMI/DP LPE Audio HDMI/DP,pcm=2 (/dev/input/event21)
[    53.533] (II) No input driver specified, ignoring this device.
[    53.533] (II) This device may have been added with another device file.
[    53.546] (II) config/udev: Adding input device ITE Tech. Inc. T102 HID Device  (/dev/input/event8)
[    53.546] (II) No input driver specified, ignoring this device.
[    53.546] (II) This device may have been added with another device file.
[    53.552] (II) config/udev: Adding input device ITE Tech. Inc. T102 HID Device  (/dev/input/event9)
[    53.552] (II) No input driver specified, ignoring this device.
[    53.552] (II) This device may have been added with another device file.
[    53.558] (II) config/udev: Adding input device ITE Tech. Inc. T102 HID Device  Keyboard (/dev/input/event10)
[    53.558] (**) ITE Tech. Inc. T102 HID Device  Keyboard: Applying InputClass "libinput keyboard catchall"
[    53.558] (II) Using input driver 'libinput' for 'ITE Tech. Inc. T102 HID Device  Keyboard'
[    53.567] (II) systemd-logind: got fd for /dev/input/event10 13:74 fd 132 paused 0
[    53.567] (**) ITE Tech. Inc. T102 HID Device  Keyboard: always reports core events
[    53.567] (**) Option "Device" "/dev/input/event10"
[    53.578] (II) event10 - ITE Tech. Inc. T102 HID Device  Keyboard: is tagged by udev as: Keyboard
[    53.578] (II) event10 - ITE Tech. Inc. T102 HID Device  Keyboard: device is a keyboard
[    53.580] (II) event10 - ITE Tech. Inc. T102 HID Device  Keyboard: device removed
[    53.580] (II) libinput: ITE Tech. Inc. T102 HID Device  Keyboard: needs a virtual subdevice
[    53.580] (**) Option "config_info" "udev:/sys/devices/pci0000:00/0000:00:14.0/usb1/1-2/1-2:1.0/0003:0B05:184B.0002/input/input16/event10"
[    53.580] (II) XINPUT: Adding extended input device "ITE Tech. Inc. T102 HID Device  Keyboard" (type: MOUSE, id 10)
[    53.581] (**) Option "AccelerationScheme" "none"
[    53.581] (**) ITE Tech. Inc. T102 HID Device  Keyboard: (accel) selected scheme none/0
[    53.581] (**) ITE Tech. Inc. T102 HID Device  Keyboard: (accel) acceleration factor: 2.000
[    53.581] (**) ITE Tech. Inc. T102 HID Device  Keyboard: (accel) acceleration threshold: 4
[    53.596] (II) event10 - ITE Tech. Inc. T102 HID Device  Keyboard: is tagged by udev as: Keyboard
[    53.597] (II) event10 - ITE Tech. Inc. T102 HID Device  Keyboard: device is a keyboard
[    53.605] (II) config/udev: Adding input device ITE Tech. Inc. T102 HID Device  Mouse (/dev/input/event11)
[    53.605] (**) ITE Tech. Inc. T102 HID Device  Mouse: Applying InputClass "libinput pointer catchall"
[    53.605] (II) Using input driver 'libinput' for 'ITE Tech. Inc. T102 HID Device  Mouse'
[    53.671] (II) systemd-logind: got fd for /dev/input/event11 13:75 fd 133 paused 0
[    53.671] (**) ITE Tech. Inc. T102 HID Device  Mouse: always reports core events
[    53.671] (**) Option "Device" "/dev/input/event11"
[    53.680] (II) event11 - ITE Tech. Inc. T102 HID Device  Mouse: is tagged by udev as: Mouse
[    53.681] (II) event11 - ITE Tech. Inc. T102 HID Device  Mouse: device is a pointer
[    53.682] (II) event11 - ITE Tech. Inc. T102 HID Device  Mouse: device removed
[    53.683] (II) libinput: ITE Tech. Inc. T102 HID Device  Mouse: Step value 0 was provided, libinput Fallback acceleration function is used.
[    53.683] (II) libinput: ITE Tech. Inc. T102 HID Device  Mouse: Step value 0 was provided, libinput Fallback acceleration function is used.
[    53.683] (II) libinput: ITE Tech. Inc. T102 HID Device  Mouse: Step value 0 was provided, libinput Fallback acceleration function is used.
[    53.684] (**) Option "config_info" "udev:/sys/devices/pci0000:00/0000:00:14.0/usb1/1-2/1-2:1.1/0003:0B05:184B.0004/input/input17/event11"
[    53.684] (II) XINPUT: Adding extended input device "ITE Tech. Inc. T102 HID Device  Mouse" (type: MOUSE, id 11)
[    53.685] (**) Option "AccelerationScheme" "none"
[    53.685] (**) ITE Tech. Inc. T102 HID Device  Mouse: (accel) selected scheme none/0
[    53.685] (**) ITE Tech. Inc. T102 HID Device  Mouse: (accel) acceleration factor: 2.000
[    53.685] (**) ITE Tech. Inc. T102 HID Device  Mouse: (accel) acceleration threshold: 4
[    53.694] (II) event11 - ITE Tech. Inc. T102 HID Device  Mouse: is tagged by udev as: Mouse
[    53.695] (II) event11 - ITE Tech. Inc. T102 HID Device  Mouse: device is a pointer
[    53.707] (II) config/udev: Adding input device ITE Tech. Inc. T102 HID Device  Mouse (/dev/input/mouse2)
[    53.707] (II) No input driver specified, ignoring this device.
[    53.707] (II) This device may have been added with another device file.
[    53.712] (II) config/udev: Adding input device ITE Tech. Inc. T102 HID Device  Touchpad (/dev/input/event12)
[    53.713] (**) ITE Tech. Inc. T102 HID Device  Touchpad: Applying InputClass "libinput touchpad catchall"
[    53.713] (II) Using input driver 'libinput' for 'ITE Tech. Inc. T102 HID Device  Touchpad'
[    53.716] (II) systemd-logind: got fd for /dev/input/event12 13:76 fd 134 paused 0
[    53.716] (**) ITE Tech. Inc. T102 HID Device  Touchpad: always reports core events
[    53.717] (**) Option "Device" "/dev/input/event12"
[    53.726] (II) event12 - ITE Tech. Inc. T102 HID Device  Touchpad: is tagged by udev as: Touchpad
[    53.734] (II) event12 - ITE Tech. Inc. T102 HID Device  Touchpad: device is a touchpad
[    53.734] (II) event12 - ITE Tech. Inc. T102 HID Device  Touchpad: device removed
[    53.734] (II) libinput: ITE Tech. Inc. T102 HID Device  Touchpad: Step value 0 was provided, libinput Fallback acceleration function is used.
[    53.734] (II) libinput: ITE Tech. Inc. T102 HID Device  Touchpad: Step value 0 was provided, libinput Fallback acceleration function is used.
[    53.734] (II) libinput: ITE Tech. Inc. T102 HID Device  Touchpad: Step value 0 was provided, libinput Fallback acceleration function is used.
[    53.736] (**) Option "config_info" "udev:/sys/devices/pci0000:00/0000:00:14.0/usb1/1-2/1-2:1.1/0003:0B05:184B.0004/input/input18/event12"
[    53.736] (II) XINPUT: Adding extended input device "ITE Tech. Inc. T102 HID Device  Touchpad" (type: TOUCHPAD, id 12)
[    53.743] (**) Option "AccelerationScheme" "none"
[    53.743] (**) ITE Tech. Inc. T102 HID Device  Touchpad: (accel) selected scheme none/0
[    53.743] (**) ITE Tech. Inc. T102 HID Device  Touchpad: (accel) acceleration factor: 2.000
[    53.744] (**) ITE Tech. Inc. T102 HID Device  Touchpad: (accel) acceleration threshold: 4
[    53.754] (II) event12 - ITE Tech. Inc. T102 HID Device  Touchpad: is tagged by udev as: Touchpad
[    53.763] (II) event12 - ITE Tech. Inc. T102 HID Device  Touchpad: device is a touchpad
[    53.770] (II) config/udev: Adding input device ITE Tech. Inc. T102 HID Device  Touchpad (/dev/input/mouse3)
[    53.771] (II) No input driver specified, ignoring this device.
[    53.771] (II) This device may have been added with another device file.
[    53.776] (II) config/udev: Adding input device sof-bytcht cx2072x Headset (/dev/input/event22)
[    53.776] (II) No input driver specified, ignoring this device.
[    53.776] (II) This device may have been added with another device file.
[    53.782] (II) config/udev: Adding input device ELAN2562:00 04F3:2562 UNKNOWN (/dev/input/event5)
[    53.782] (II) No input driver specified, ignoring this device.
[    53.782] (II) This device may have been added with another device file.
[    53.787] (II) config/udev: Adding input device ELAN2562:00 04F3:2562 UNKNOWN (/dev/input/event6)
[    53.787] (II) No input driver specified, ignoring this device.
[    53.787] (II) This device may have been added with another device file.
[    53.791] (II) config/udev: Adding input device ELAN2562:00 04F3:2562 Stylus (/dev/input/event7)
[    53.791] (**) ELAN2562:00 04F3:2562 Stylus: Applying InputClass "libinput tablet catchall"
[    53.791] (II) Using input driver 'libinput' for 'ELAN2562:00 04F3:2562 Stylus'
[    53.794] (II) systemd-logind: got fd for /dev/input/event7 13:71 fd 135 paused 0
[    53.794] (**) ELAN2562:00 04F3:2562 Stylus: always reports core events
[    53.795] (**) Option "Device" "/dev/input/event7"
[    53.803] (II) event7  - ELAN2562:00 04F3:2562 Stylus: is tagged by udev as: Tablet
[    54.179] (II) event7  - ELAN2562:00 04F3:2562 Stylus: tablet 'ELAN2562:00 04F3:2562 Stylus' unknown to libwacom
[    54.180] (II) event7  - ELAN2562:00 04F3:2562 Stylus: device is a tablet
[    54.180] (II) event7  - ELAN2562:00 04F3:2562 Stylus: device removed
[    54.180] (**) Option "config_info" "udev:/sys/devices/pci0000:00/808622C1:04/i2c-4/i2c-ELAN2562:00/0018:04F3:2562.0001/input/input12/event7"
[    54.181] (II) XINPUT: Adding extended input device "ELAN2562:00 04F3:2562 Stylus" (type: TABLET, id 13)
[    54.187] (II) event7  - ELAN2562:00 04F3:2562 Stylus: is tagged by udev as: Tablet
[    54.456] (II) event7  - ELAN2562:00 04F3:2562 Stylus: tablet 'ELAN2562:00 04F3:2562 Stylus' unknown to libwacom
[    54.456] (II) event7  - ELAN2562:00 04F3:2562 Stylus: device is a tablet
[    54.460] (II) config/udev: Adding input device ELAN2562:00 04F3:2562 Stylus (/dev/input/mouse1)
[    54.460] (II) No input driver specified, ignoring this device.
[    54.460] (II) This device may have been added with another device file.
[    54.464] (II) config/udev: Adding input device ELAN2562:00 04F3:2562 (/dev/input/event4)
[    54.464] (**) ELAN2562:00 04F3:2562: Applying InputClass "libinput touchscreen catchall"
[    54.464] (II) Using input driver 'libinput' for 'ELAN2562:00 04F3:2562'
[    54.469] (II) systemd-logind: got fd for /dev/input/event4 13:68 fd 137 paused 0
[    54.469] (**) ELAN2562:00 04F3:2562: always reports core events
[    54.470] (**) Option "Device" "/dev/input/event4"
[    54.479] (II) event4  - ELAN2562:00 04F3:2562: is tagged by udev as: Touchscreen
[    54.479] (II) event4  - ELAN2562:00 04F3:2562: device is a touch device
[    54.481] (II) event4  - ELAN2562:00 04F3:2562: device removed
[    54.481] (**) Option "config_info" "udev:/sys/devices/pci0000:00/808622C1:04/i2c-4/i2c-ELAN2562:00/0018:04F3:2562.0001/input/input9/event4"
[    54.481] (II) XINPUT: Adding extended input device "ELAN2562:00 04F3:2562" (type: TOUCHSCREEN, id 14)
[    54.481] (**) Option "AccelerationScheme" "none"
[    54.481] (**) ELAN2562:00 04F3:2562: (accel) selected scheme none/0
[    54.482] (**) ELAN2562:00 04F3:2562: (accel) acceleration factor: 2.000
[    54.482] (**) ELAN2562:00 04F3:2562: (accel) acceleration threshold: 4
[    54.489] (II) event4  - ELAN2562:00 04F3:2562: is tagged by udev as: Touchscreen
[    54.490] (II) event4  - ELAN2562:00 04F3:2562: device is a touch device
[    54.495] (II) config/udev: Adding input device ELAN2562:00 04F3:2562 (/dev/input/mouse0)
[    54.495] (II) No input driver specified, ignoring this device.
[    54.495] (II) This device may have been added with another device file.
[    54.499] (II) config/udev: Adding input device chtdc_ti_pwrbtn (/dev/input/event16)
[    54.499] (**) chtdc_ti_pwrbtn: Applying InputClass "libinput keyboard catchall"
[    54.499] (II) Using input driver 'libinput' for 'chtdc_ti_pwrbtn'
[    54.503] (II) systemd-logind: got fd for /dev/input/event16 13:80 fd 138 paused 0
[    54.503] (**) chtdc_ti_pwrbtn: always reports core events
[    54.503] (**) Option "Device" "/dev/input/event16"
[    54.510] (II) event16 - chtdc_ti_pwrbtn: is tagged by udev as: Keyboard
[    54.511] (II) event16 - chtdc_ti_pwrbtn: device is a keyboard
[    54.511] (II) event16 - chtdc_ti_pwrbtn: device removed
[    54.512] (**) Option "config_info" "udev:/sys/devices/pci0000:00/808622C1:05/i2c-6/i2c-INT33F5:00/chtdc_ti_pwrbtn/input/input22/event16"
[    54.512] (II) XINPUT: Adding extended input device "chtdc_ti_pwrbtn" (type: KEYBOARD, id 15)
[    54.512] (**) Option "xkb_model" "pc105"
[    54.512] (**) Option "xkb_layout" "it"
[    54.519] (II) event16 - chtdc_ti_pwrbtn: is tagged by udev as: Keyboard
[    54.520] (II) event16 - chtdc_ti_pwrbtn: device is a keyboard
[    54.523] (II) config/udev: Adding input device Intel HID events (/dev/input/event13)
[    54.523] (**) Intel HID events: Applying InputClass "libinput keyboard catchall"
[    54.524] (II) Using input driver 'libinput' for 'Intel HID events'
[    54.527] (II) systemd-logind: got fd for /dev/input/event13 13:77 fd 139 paused 0
[    54.527] (**) Intel HID events: always reports core events
[    54.527] (**) Option "Device" "/dev/input/event13"
[    54.531] (II) event13 - Intel HID events: is tagged by udev as: Keyboard
[    54.532] (II) event13 - Intel HID events: device is a keyboard
[    54.532] (II) event13 - Intel HID events: device removed
[    54.532] (**) Option "config_info" "udev:/sys/devices/pci0000:00/INT33D5:00/input/input19/event13"
[    54.532] (II) XINPUT: Adding extended input device "Intel HID events" (type: KEYBOARD, id 16)
[    54.532] (**) Option "xkb_model" "pc105"
[    54.532] (**) Option "xkb_layout" "it"
[    54.537] (II) event13 - Intel HID events: is tagged by udev as: Keyboard
[    54.538] (II) event13 - Intel HID events: device is a keyboard
[    54.542] (II) config/udev: Adding input device gpio-keys (/dev/input/event14)
[    54.542] (**) gpio-keys: Applying InputClass "libinput keyboard catchall"
[    54.542] (II) Using input driver 'libinput' for 'gpio-keys'
[    54.546] (II) systemd-logind: got fd for /dev/input/event14 13:78 fd 140 paused 0
[    54.547] (**) gpio-keys: always reports core events
[    54.547] (**) Option "Device" "/dev/input/event14"
[    54.553] (II) event14 - gpio-keys: is tagged by udev as: Keyboard
[    54.553] (II) event14 - gpio-keys: device is a keyboard
[    54.554] (II) event14 - gpio-keys: device removed
[    54.554] (**) Option "config_info" "udev:/sys/devices/platform/ACPI0011:00/gpio-keys.4.auto/input/input20/event14"
[    54.554] (II) XINPUT: Adding extended input device "gpio-keys" (type: KEYBOARD, id 17)
[    54.555] (**) Option "xkb_model" "pc105"
[    54.555] (**) Option "xkb_layout" "it"
[    54.561] (II) event14 - gpio-keys: is tagged by udev as: Keyboard
[    54.561] (II) event14 - gpio-keys: device is a keyboard
[    54.565] (II) config/udev: Adding input device gpio-keys (/dev/input/event15)
[    54.566] (**) gpio-keys: Applying InputClass "libinput keyboard catchall"
[    54.566] (II) Using input driver 'libinput' for 'gpio-keys'
[    54.569] (II) systemd-logind: got fd for /dev/input/event15 13:79 fd 141 paused 0
[    54.569] (**) gpio-keys: always reports core events
[    54.569] (**) Option "Device" "/dev/input/event15"
[    54.574] (II) event15 - gpio-keys: is tagged by udev as: Keyboard
[    54.575] (II) event15 - gpio-keys: device is a keyboard
[    54.575] (II) event15 - gpio-keys: device removed
[    54.575] (**) Option "config_info" "udev:/sys/devices/platform/ACPI0011:00/gpio-keys.5.auto/input/input21/event15"
[    54.575] (II) XINPUT: Adding extended input device "gpio-keys" (type: KEYBOARD, id 18)
[    54.576] (**) Option "xkb_model" "pc105"
[    54.576] (**) Option "xkb_layout" "it"
[    54.582] (II) event15 - gpio-keys: is tagged by udev as: Keyboard
[    54.582] (II) event15 - gpio-keys: device is a keyboard
[    54.586] (II) config/udev: Adding input device Asus WMI hotkeys (/dev/input/event17)
[    54.586] (**) Asus WMI hotkeys: Applying InputClass "libinput keyboard catchall"
[    54.586] (II) Using input driver 'libinput' for 'Asus WMI hotkeys'
[    54.590] (II) systemd-logind: got fd for /dev/input/event17 13:81 fd 142 paused 0
[    54.590] (**) Asus WMI hotkeys: always reports core events
[    54.590] (**) Option "Device" "/dev/input/event17"
[    54.594] (II) event17 - Asus WMI hotkeys: is tagged by udev as: Keyboard
[    54.595] (II) event17 - Asus WMI hotkeys: device is a keyboard
[    54.595] (II) event17 - Asus WMI hotkeys: device removed
[    54.595] (**) Option "config_info" "udev:/sys/devices/platform/asus-nb-wmi/input/input23/event17"
[    54.595] (II) XINPUT: Adding extended input device "Asus WMI hotkeys" (type: KEYBOARD, id 19)
[    54.595] (**) Option "xkb_model" "pc105"
[    54.595] (**) Option "xkb_layout" "it"
[    54.600] (II) event17 - Asus WMI hotkeys: is tagged by udev as: Keyboard
[    54.600] (II) event17 - Asus WMI hotkeys: device is a keyboard
[    54.622] (II) config/udev: Adding input device BM20X-5.0 (/dev/input/event23)
[    54.622] (**) BM20X-5.0: Applying InputClass "libinput pointer catchall"
[    54.622] (II) Using input driver 'libinput' for 'BM20X-5.0'
[    54.626] (II) systemd-logind: got fd for /dev/input/event23 13:87 fd 143 paused 0
[    54.626] (**) BM20X-5.0: always reports core events
[    54.626] (**) Option "Device" "/dev/input/event23"
[    54.631] (II) event23 - BM20X-5.0: is tagged by udev as: Mouse
[    54.633] (II) event23 - BM20X-5.0: device is a pointer
[    54.634] (II) event23 - BM20X-5.0: device removed
[    54.634] (II) libinput: BM20X-5.0: Step value 0 was provided, libinput Fallback acceleration function is used.
[    54.634] (II) libinput: BM20X-5.0: Step value 0 was provided, libinput Fallback acceleration function is used.
[    54.634] (II) libinput: BM20X-5.0: Step value 0 was provided, libinput Fallback acceleration function is used.
[    54.634] (**) Option "config_info" "udev:/sys/devices/virtual/misc/uhid/0005:000E:3412.0005/input/input29/event23"
[    54.634] (II) XINPUT: Adding extended input device "BM20X-5.0" (type: MOUSE, id 20)
[    54.635] (**) Option "AccelerationScheme" "none"
[    54.635] (**) BM20X-5.0: (accel) selected scheme none/0
[    54.635] (**) BM20X-5.0: (accel) acceleration factor: 2.000
[    54.635] (**) BM20X-5.0: (accel) acceleration threshold: 4
[    54.640] (II) event23 - BM20X-5.0: is tagged by udev as: Mouse
[    54.641] (II) event23 - BM20X-5.0: device is a pointer
[    54.645] (II) config/udev: Adding input device BM20X-5.0 (/dev/input/mouse4)
[    54.645] (II) No input driver specified, ignoring this device.
[    54.645] (II) This device may have been added with another device file.
[    54.695] (**) ITE Tech. Inc. T102 HID Device  Keyboard: Applying InputClass "libinput keyboard catchall"
[    54.695] (II) Using input driver 'libinput' for 'ITE Tech. Inc. T102 HID Device  Keyboard'
[    54.695] (II) systemd-logind: returning pre-existing fd for /dev/input/event10 13:74
[    54.695] (**) ITE Tech. Inc. T102 HID Device  Keyboard: always reports core events
[    54.695] (**) Option "Device" "/dev/input/event10"
[    54.696] (II) libinput: ITE Tech. Inc. T102 HID Device  Keyboard: is a virtual subdevice
[    54.696] (**) Option "config_info" "udev:/sys/devices/pci0000:00/0000:00:14.0/usb1/1-2/1-2:1.0/0003:0B05:184B.0002/input/input16/event10"
[    54.696] (II) XINPUT: Adding extended input device "ITE Tech. Inc. T102 HID Device  Keyboard" (type: KEYBOARD, id 21)
[    54.696] (**) Option "xkb_model" "pc105"
[    54.696] (**) Option "xkb_layout" "it"
[    60.416] (II) modeset(0): Allocate new frame buffer 1280x800 stride
[    65.780] (II) modeset(0): Allocate new frame buffer 800x1280 stride
[   113.083] (II) modeset(0): Allocate new frame buffer 1280x800 stride
[   140.205] (II) libinput: ELAN2562:00 04F3:2562 Stylus: needs a virtual subdevice
[   140.206] (**) ELAN2562:00 04F3:2562 Stylus Pen (0): Applying InputClass "libinput tablet catchall"
[   140.206] (II) Using input driver 'libinput' for 'ELAN2562:00 04F3:2562 Stylus Pen (0)'
[   140.206] (II) systemd-logind: returning pre-existing fd for /dev/input/event7 13:71
[   140.206] (**) ELAN2562:00 04F3:2562 Stylus Pen (0): always reports core events
[   140.207] (**) Option "Device" "/dev/input/event7"
[   140.207] (II) libinput: ELAN2562:00 04F3:2562 Stylus Pen (0): is a virtual subdevice
[   140.208] (**) Option "config_info" "udev:/sys/devices/pci0000:00/808622C1:04/i2c-4/i2c-ELAN2562:00/0018:04F3:2562.0001/input/input12/event7"
[   140.208] (II) XINPUT: Adding extended input device "ELAN2562:00 04F3:2562 Stylus Pen (0)" (type: STYLUS, id 22)
[   140.211] (**) Option "AccelerationScheme" "none"
[   140.220] (**) ELAN2562:00 04F3:2562 Stylus Pen (0): (accel) selected scheme none/0
[   140.220] (**) ELAN2562:00 04F3:2562 Stylus Pen (0): (accel) acceleration factor: 2.000
[   140.220] (**) ELAN2562:00 04F3:2562 Stylus Pen (0): (accel) acceleration threshold: 4
[   237.731] (**) Option "fd" "126"
[   237.731] (II) event3  - Power Button: device removed
[   237.732] (**) Option "fd" "129"
[   237.732] (II) event18 - Video Bus: device removed
[   237.732] (**) Option "fd" "130"
[   237.732] (II) event0  - Power Button: device removed
[   237.733] (**) Option "fd" "131"
[   237.733] (II) event1  - Sleep Button: device removed
[   237.733] (**) Option "fd" "132"
[   237.733] (**) Option "fd" "133"
[   237.734] (II) event11 - ITE Tech. Inc. T102 HID Device  Mouse: device removed
[   237.734] (**) Option "fd" "134"
[   237.734] (II) event12 - ITE Tech. Inc. T102 HID Device  Touchpad: device removed
[   237.735] (**) Option "fd" "135"
[   237.736] (**) Option "fd" "137"
[   237.736] (II) event4  - ELAN2562:00 04F3:2562: device removed
[   237.736] (**) Option "fd" "138"
[   237.736] (II) event16 - chtdc_ti_pwrbtn: device removed
[   237.737] (**) Option "fd" "139"
[   237.737] (II) event13 - Intel HID events: device removed
[   237.737] (**) Option "fd" "140"
[   237.737] (II) event14 - gpio-keys: device removed
[   237.738] (**) Option "fd" "141"
[   237.738] (II) event15 - gpio-keys: device removed
[   237.738] (**) Option "fd" "142"
[   237.738] (II) event17 - Asus WMI hotkeys: device removed
[   237.738] (**) Option "fd" "143"
[   237.738] (II) event23 - BM20X-5.0: device removed
[   237.739] (**) Option "fd" "132"
[   237.739] (II) event10 - ITE Tech. Inc. T102 HID Device  Keyboard: device removed
[   237.740] (**) Option "fd" "135"
[   237.740] (II) event7  - ELAN2562:00 04F3:2562 Stylus: device removed
[   237.749] (II) UnloadModule: "libinput"
[   237.749] (II) systemd-logind: not releasing fd for 13:71, still in use
[   237.749] (II) UnloadModule: "libinput"
[   237.749] (II) systemd-logind: not releasing fd for 13:74, still in use
[   237.749] (II) UnloadModule: "libinput"
[   237.749] (II) systemd-logind: releasing fd for 13:87
[   237.754] (II) UnloadModule: "libinput"
[   237.754] (II) systemd-logind: releasing fd for 13:81
[   237.764] (II) UnloadModule: "libinput"
[   237.766] (II) systemd-logind: releasing fd for 13:79
[   237.794] (II) UnloadModule: "libinput"
[   237.794] (II) systemd-logind: releasing fd for 13:78
[   237.802] (II) UnloadModule: "libinput"
[   237.802] (II) systemd-logind: releasing fd for 13:77
[   237.807] (II) UnloadModule: "libinput"
[   237.807] (II) systemd-logind: releasing fd for 13:80
[   237.816] (II) UnloadModule: "libinput"
[   237.816] (II) systemd-logind: releasing fd for 13:68
[   237.850] (II) UnloadModule: "libinput"
[   237.850] (II) systemd-logind: releasing fd for 13:71
[   237.873] (II) UnloadModule: "libinput"
[   237.873] (II) systemd-logind: releasing fd for 13:76
[   237.880] (II) UnloadModule: "libinput"
[   237.880] (II) systemd-logind: releasing fd for 13:75
[   237.888] (II) UnloadModule: "libinput"
[   237.889] (II) systemd-logind: releasing fd for 13:74
[   237.891] (II) UnloadModule: "libinput"
[   237.891] (II) systemd-logind: releasing fd for 13:65
[   237.907] (II) UnloadModule: "libinput"
[   237.907] (II) systemd-logind: releasing fd for 13:64
[   237.920] (II) UnloadModule: "libinput"
[   237.920] (II) systemd-logind: releasing fd for 13:82
[   237.940] (II) UnloadModule: "libinput"
[   237.940] (II) systemd-logind: releasing fd for 13:67
[   237.982] (II) Server terminated successfully (0). Closing log file.
