[    0.021707] ACPI: SSDT 0x000000008FFA4000 0009CF (v02 CtdpB  CtdpB    00001000 INTL 20160527)
[    0.021712] ACPI: SSDT 0x000000008FFA3000 000141 (v02 INTEL  HdaDsp   00000000 INTL 20160527)
[    0.021716] ACPI: SSDT 0x000000008FFA2000 00029F (v02 INTEL  sensrhub 00000000 INTL 20160527)
[    0.021720] ACPI: SSDT 0x000000008FFA1000 000346 (v01 INTEL  EInkApp  00000000 INTL 20160527)
[    0.021724] ACPI: SSDT 0x000000008FFA0000 000312 (v02 INTEL  Wwan     00000001 INTL 20160527)
[    0.021728] ACPI: DBGP 0x000000008FF9F000 000034 (v01 INTEL           00000002 MSFT 0000005F)
[    0.021732] ACPI: DBG2 0x000000008FF9E000 000054 (v00 INTEL           00000002 MSFT 0000005F)
[    0.021736] ACPI: SSDT 0x000000008FF98000 00553E (v01 HPQOEM MS-SSDT  00003000 INTL 20160527)
[    0.021740] ACPI: LPIT 0x000000008FF97000 000094 (v01 HPQOEM EDK2     00000002      01000013)
[    0.021744] ACPI: DMAR 0x000000008FF96000 000114 (v01 INTEL  EDK2     00000001 INTL 00000001)
[    0.021748] ACPI: SSDT 0x000000008FF91000 004EA3 (v02 HP     HPTBT    00001000 INTL 20160527)
[    0.021752] ACPI: NHLT 0x000000008FF90000 00002D (v00 INTEL  EDK2     00000002      01000013)
--
[    2.513056] usb 2-3: New USB device found, idVendor=03f0, idProduct=0857, bcdDevice= 3.10
[    2.513058] usb 2-3: New USB device strings: Mfr=1, Product=2, SerialNumber=3
[    2.513061] usb 2-3: Product: Snapdragon(TM) X12 LTE-A
[    2.513063] usb 2-3: Manufacturer: Qualcomm
[    2.513065] usb 2-3: SerialNumber: 0123456789ABCDEF
[    2.519741] i2c_hid i2c-WCOM4870:00: i2c-WCOM4870:00 supply vdd not found, using dummy regulator
[    2.519755] i2c_hid i2c-WCOM4870:00: Linked as a consumer to regulator.0
[    2.519757] i2c_hid i2c-WCOM4870:00: i2c-WCOM4870:00 supply vddl not found, using dummy regulator
[    2.528770] usb 2-3: Enable of device-initiated U1 failed.
[    2.528983] usb 2-3: Enable of device-initiated U2 failed.
[    2.591972] thunderbolt 0000:03:00.0: current switch config:
[    2.591975] thunderbolt 0000:03:00.0:  Switch: 8086:15d3 (Revision: 6, TB Version: 2)
[    2.591977] thunderbolt 0000:03:00.0:   Max Port Number: 11
--
[    2.702013] intel-lpss 0000:00:15.2: enabling device (0000 -> 0002)
[    2.709252] tps68470 i2c-INT3472:05: TPS68470 REVID: 0x21
[    2.713761] intel-lpss 0000:00:15.3: enabling device (0000 -> 0002)
[    2.789685] usb 1-7: New USB device found, idVendor=8087, idProduct=0a2b, bcdDevice= 0.10
[    2.789699] usb 1-7: New USB device strings: Mfr=0, Product=0, SerialNumber=0
[    2.860577] input: WCOM4870:00 056A:4870 Touchscreen as /devices/pci0000:00/0000:00:15.0/i2c_designware.0/i2c-0/i2c-WCOM4870:00/0018:056A:4870.0001/input/input12
[    2.860937] input: WCOM4870:00 056A:4870 as /devices/pci0000:00/0000:00:15.0/i2c_designware.0/i2c-0/i2c-WCOM4870:00/0018:056A:4870.0001/input/input13
[    2.861120] input: WCOM4870:00 056A:4870 as /devices/pci0000:00/0000:00:15.0/i2c_designware.0/i2c-0/i2c-WCOM4870:00/0018:056A:4870.0001/input/input14
[    2.861437] input: WCOM4870:00 056A:4870 as /devices/pci0000:00/0000:00:15.0/i2c_designware.0/i2c-0/i2c-WCOM4870:00/0018:056A:4870.0001/input/input15
[    2.861636] input: WCOM4870:00 056A:4870 Mouse as /devices/pci0000:00/0000:00:15.0/i2c_designware.0/i2c-0/i2c-WCOM4870:00/0018:056A:4870.0001/input/input16
[    2.861717] hid-generic 0018:056A:4870.0001: input,hidraw0: I2C HID v1.00 Mouse [WCOM4870:00 056A:4870] on i2c-WCOM4870:00
[    2.866321] input: Alps Alps Touchpad Mouse as /devices/pci0000:00/0000:00:14.0/usb1/1-4/1-4:1.0/0003:044E:1221.0002/input/input17
[    2.866627] input: Alps Alps Touchpad as /devices/pci0000:00/0000:00:14.0/usb1/1-4/1-4:1.0/0003:044E:1221.0002/input/input18
[    2.866790] input: Alps Alps Touchpad Touchpad as /devices/pci0000:00/0000:00:14.0/usb1/1-4/1-4:1.0/0003:044E:1221.0002/input/input19
[    2.867017] hid-generic 0003:044E:1221.0002: input,hiddev0,hidraw1: USB HID v1.11 Mouse [Alps Alps Touchpad] on usb-0000:00:14.0-4/input0
[    2.867058] usbcore: registered new interface driver usbhid
[    2.867058] usbhid: USB HID core driver
[    2.919478] usb 1-8: new full-speed USB device number 4 using xhci_hcd
[    3.070402] usb 1-8: New USB device found, idVendor=138a, idProduct=00ab, bcdDevice= 1.64
[    3.070404] usb 1-8: New USB device strings: Mfr=0, Product=0, SerialNumber=1
[    3.070405] usb 1-8: SerialNumber: 2377b886a699
[    3.149446] input: Wacom HID 4870 Pen as /devices/pci0000:00/0000:00:15.0/i2c_designware.0/i2c-0/i2c-WCOM4870:00/0018:056A:4870.0001/input/input20
[    3.149837] input: Wacom HID 4870 Finger as /devices/pci0000:00/0000:00:15.0/i2c_designware.0/i2c-0/i2c-WCOM4870:00/0018:056A:4870.0001/input/input21
[    3.150314] wacom 0018:056A:4870.0001: hidraw0: I2C HID v1.00 Mouse [WCOM4870:00 056A:4870] on i2c-WCOM4870:00
[    3.221920] ish-hid {33AECD58-B679-4E54-9BD9-A04D34F0C226}: [hid-ish]: enum_devices_done OK, num_hid_devices=3
[    3.226961] hid-generic 001F:8086:22D8.0003: hidraw2: <UNKNOWN> HID v2.00 Device [hid-ishtp 8086:22D8] on 
[    3.232886] hid-generic 001F:8086:22D8.0004: hidraw3: <UNKNOWN> HID v2.00 Device [hid-ishtp 8086:22D8] on 
[    3.237534] hid-generic 001F:8086:22D8.0005: hidraw4: <UNKNOWN> HID v2.00 Device [hid-ishtp 8086:22D8] on 
[    3.311282] raid6: sse2x1   gen() 11708 MB/s
[    3.379272] raid6: sse2x1   xor()  9608 MB/s
[    3.447305] raid6: sse2x2   gen() 16349 MB/s
[    3.515294] raid6: sse2x2   xor() 11037 MB/s
[    3.583284] raid6: sse2x4   gen() 18895 MB/s
--
[    4.078761] Btrfs loaded, crc32c=crc32c-intel
[    4.101067] BTRFS: device fsid f1437dea-a2a1-49de-9ad1-4f10ee899ff6 devid 1 transid 4698 /dev/nvme0n1p2
[    4.122708] BTRFS info (device nvme0n1p2): disk space caching is enabled
[    4.122710] BTRFS info (device nvme0n1p2): has skinny extents
[    4.132481] BTRFS info (device nvme0n1p2): enabling ssd optimizations
[    4.283793] i2c_hid i2c-WCOM4870:00: failed to set a report to device.
[    4.284189] wacom 0018:056A:4870.0001: wacom_set_report: ran out of retries (last error = -121)
[    4.285058] i2c_hid i2c-WCOM4870:00: failed to set a report to device.
[    4.355726] systemd[1]: systemd 239 running in system mode. (+PAM +AUDIT +SELINUX +IMA +APPARMOR +SMACK +SYSVINIT +UTMP +LIBCRYPTSETUP +GCRYPT +GNUTLS +ACL +XZ +LZ4 +SECCOMP +BLKID +ELFUTILS +KMOD -IDN2 +IDN -PCRE2 default-hierarchy=hybrid)
[    4.375943] systemd[1]: Detected architecture x86-64.
[    4.380723] systemd[1]: Set hostname to <tablet1>.
[    4.447162] random: systemd: uninitialized urandom read (16 bytes read)
[    4.447242] systemd[1]: Started Forward Password Requests to Wall Directory Watch.
--
[    6.893551] Bluetooth: hci0: API lock is enabled
[    6.893552] Bluetooth: hci0: Debug lock is disabled
[    6.893554] Bluetooth: hci0: Minimum firmware build 1 week 10 2014
[    6.896483] Bluetooth: hci0: Found device firmware: intel/ibt-12-16.sfi
[    6.906318] cdc_ether 2-3:2.0 enp0s20f0u3c2: renamed from usb0
[    6.930154] hid-multitouch 0003:044E:1221.0002: input,hiddev0,hidraw1: USB HID v1.11 Mouse [Alps Alps Touchpad] on usb-0000:00:14.0-4/input0
[    6.984816] IPv6: ADDRCONF(NETDEV_UP): enp0s20f0u3c2: link is not ready
[    6.989061] Bluetooth: BNEP (Ethernet Emulation) ver 1.3
[    6.989063] Bluetooth: BNEP filters: protocol multicast
[    6.989067] Bluetooth: BNEP socket layer initialized
[    7.017782] IPv6: ADDRCONF(NETDEV_UP): wlp108s0: link is not ready
--
[   18.161553] thunderbolt 0000:03:00.0: stopping TX ring 0
[   18.161564] thunderbolt 0000:03:00.0: disabling interrupt at register 0x38200 bit 0 (0x1 -> 0x0)
[   18.161574] thunderbolt 0000:03:00.0: control channel stopped
[   64.535435] NET: Registered protocol family 38
[   66.086777] input: HP Active Pen G2 Keyboard as /devices/virtual/misc/uhid/0005:04F2:1728.0006/input/input38
[   66.087330] hid-generic 0005:04F2:1728.0006: input,hidraw2: BLUETOOTH HID v0.08 Keyboard [HP Active Pen G2] on 20:16:B9:4E:D5:85
[   76.949301] thunderbolt 0000:03:00.0: control channel starting...
[   76.949307] thunderbolt 0000:03:00.0: starting TX ring 0
[   76.949319] thunderbolt 0000:03:00.0: enabling interrupt at register 0x38200 bit 0 (0x0 -> 0x1)
[   76.949322] thunderbolt 0000:03:00.0: starting RX ring 0
[   76.949333] thunderbolt 0000:03:00.0: enabling interrupt at register 0x38200 bit 12 (0x1 -> 0x1001)
--
[ 2664.543584] usb 1-4: New USB device found, idVendor=044e, idProduct=1221, bcdDevice= 6.12
[ 2664.543590] usb 1-4: New USB device strings: Mfr=1, Product=2, SerialNumber=0
[ 2664.543594] usb 1-4: Product: Alps Touchpad
[ 2664.543598] usb 1-4: Manufacturer: Alps
[ 2664.548512] input: Alps Alps Touchpad Touchpad as /devices/pci0000:00/0000:00:14.0/usb1/1-4/1-4:1.0/0003:044E:1221.0007/input/input42
[ 2664.549304] hid-multitouch 0003:044E:1221.0007: input,hiddev0,hidraw1: USB HID v1.11 Mouse [Alps Alps Touchpad] on usb-0000:00:14.0-4/input0
[ 2665.282149] thunderbolt 0000:03:00.0: control channel starting...
[ 2665.282156] thunderbolt 0000:03:00.0: starting TX ring 0
[ 2665.282170] thunderbolt 0000:03:00.0: enabling interrupt at register 0x38200 bit 0 (0x0 -> 0x1)
[ 2665.282174] thunderbolt 0000:03:00.0: starting RX ring 0
[ 2665.282185] thunderbolt 0000:03:00.0: enabling interrupt at register 0x38200 bit 12 (0x1 -> 0x1001)
