[    0.008602] ACPI: SSDT 0x000000006D5DF000 0028D3 (v02 SocCmn SocCmn   00003000 INTL 20210930)
[    0.008604] ACPI: SDEV 0x000000006D5DE000 000138 (v01                 00000000      00000000)
[    0.008607] ACPI: BGRT 0x000000006D5DD000 000038 (v01 _ASUS_ Notebook 01072009 AMI  00010013)
[    0.008609] ACPI: UEFI 0x000000006D6E2000 00063A (v01 INTEL  RstVmdE  00000000 INTL 00000000)
[    0.008612] ACPI: UEFI 0x000000006D6E1000 00005C (v01 INTEL  RstVmdV  00000000 INTL 00000000)
[    0.008614] ACPI: PHAT 0x000000006D5DC000 000505 (v01 _ASUS_ Notebook 00000005 MSFT 0100000D)
[    0.008616] ACPI: TPM2 0x000000006D5DB000 00004C (v04 _ASUS_ Notebook 00000001 AMI  00000000)
[    0.008619] ACPI: WSMT 0x000000006D5F0000 000028 (v01 _ASUS_ Notebook 01072009 AMI  00010013)
[    0.008621] ACPI: Reserving FACP table memory at [mem 0x6d685000-0x6d685113]
[    0.008622] ACPI: Reserving DSDT table memory at [mem 0x6d619000-0x6d68493f]
[    0.008623] ACPI: Reserving FACS table memory at [mem 0x6d7e0000-0x6d7e003f]
--
[    0.135523] DMAR: Host address width 42
[    0.135524] DMAR: DRHD base: 0x000000fc800000 flags: 0x0
[    0.135534] DMAR: dmar0: reg_base_addr fc800000 ver 7:0 cap c9de008cee690462 ecap 12ca9a00f0ef5e
[    0.135537] DMAR: DRHD base: 0x000000fc801000 flags: 0x1
[    0.135541] DMAR: dmar1: reg_base_addr fc801000 ver 7:0 cap c9de008cee690462 ecap 12ca9a00f0efde
[    0.135543] DMAR: SATC flags: 0x1
[    0.135547] DMAR-IR: IOAPIC id 2 under DRHD base  0xfc801000 IOMMU 1
[    0.135548] DMAR-IR: HPET id 0 under DRHD base 0xfc801000
[    0.135549] DMAR-IR: Queued invalidation will be enabled to support x2apic and Intr-remapping.
[    0.137189] DMAR-IR: Enabled IRQ remapping in x2apic mode
[    0.141333] clocksource: tsc-early: mask: 0xffffffffffffffff max_cycles: 0x2c47f5688fc, max_idle_ns: 440795305069 ns
--
[    0.321581] pci 0000:00:08.0: reg 0x10: [mem 0x50232e7000-0x50232e7fff 64bit]
[    0.321695] pci 0000:00:0a.0: [8086:7d0d] type 00 class 0x118000
[    0.321703] pci 0000:00:0a.0: reg 0x10: [mem 0x5023240000-0x502327ffff 64bit]
[    0.321720] pci 0000:00:0a.0: enabling Extended Tags
[    0.321786] pci 0000:00:0b.0: [8086:7d1d] type 00 class 0x120000
[    0.321795] pci 0000:00:0b.0: reg 0x10: [mem 0x5018000000-0x501fffffff 64bit]
[    0.321808] pci 0000:00:0b.0: reg 0x20: [mem 0x50232e6000-0x50232e6fff 64bit]
[    0.321922] pci 0000:00:0d.0: [8086:7ec0] type 00 class 0x0c0330
[    0.321937] pci 0000:00:0d.0: reg 0x10: [mem 0x50232c0000-0x50232cffff 64bit]
[    0.322000] pci 0000:00:0d.0: PME# supported from D3hot D3cold
[    0.322334] pci 0000:00:0d.2: [8086:7ec2] type 00 class 0x0c0340
--
[    2.502523] systemd[1]: Inserted module 'autofs4'
[    2.538463] systemd[1]: systemd 255.2 running in system mode (+PAM +AUDIT -SELINUX +APPARMOR +IMA +SMACK +SECCOMP +GCRYPT -GNUTLS +OPENSSL +ACL +BLKID +CURL +ELFUTILS +FIDO2 +IDN2 -IDN +IPTC +KMOD +LIBCRYPTSETUP +LIBFDISK +PCRE2 +PWQUALITY +P11KIT +QRENCODE +TPM2 +BZIP2 +LZ4 +XZ +ZLIB +ZSTD +BPF_FRAMEWORK -XKBCOMMON +UTMP -SYSVINIT default-hierarchy=unified)
[    2.538468] systemd[1]: Detected architecture x86-64.
[    2.538701] systemd[1]: Hostname set to <HOSTNAME>.
[    2.721474] systemd[1]: bpf-lsm: LSM BPF program attached
[    2.800606] systemd[1]: /etc/systemd/system/cups.socket:5: ListenStream= references a path below legacy directory /var/run/, updating /var/run/cups/cups.sock \xe2\x86\x92 /run/cups/cups.sock; please update the unit file accordingly.
[    2.807861] systemd[1]: Queued start job for default target Graphical Interface.
[    2.827357] systemd[1]: Created slice Virtual Machine and Container Slice.
[    2.828082] systemd[1]: Created slice Slice /system/kmsconvt.
[    2.828465] systemd[1]: Created slice Slice /system/modprobe.
[    2.828825] systemd[1]: Created slice Slice /system/systemd-fsck.
--
[    3.559233] iwlwifi 0000:00:14.3: loaded firmware version 86.fb5c9aeb.0 ma-b0-gf-a0-86.ucode op_mode iwlmvm
[    3.563348] intel-lpss 0000:00:1e.0: enabling device (0000 -> 0002)
[    3.563774] idma64 idma64.4: Found Intel integrated DMA 64-bit
[    3.575485] intel-lpss 0000:00:1e.3: enabling device (0004 -> 0006)
[    3.575772] idma64 idma64.5: Found Intel integrated DMA 64-bit
[    3.579657] hid-generic 0003:0B05:1B2C.0001: input,hidraw0: USB HID v1.11 Keyboard [Primax Electronics Ltd. ASUS Zenbook Duo Keyboard] on usb-0000:00:14.0-6/input0
[    3.579776] hid-generic 0003:0B05:1B2C.0002: hiddev96,hidraw1: USB HID v1.11 Device [Primax Electronics Ltd. ASUS Zenbook Duo Keyboard] on usb-0000:00:14.0-6/input1
[    3.579851] hid-generic 0003:0B05:1B2C.0003: hiddev97,hidraw2: USB HID v1.11 Device [Primax Electronics Ltd. ASUS Zenbook Duo Keyboard] on usb-0000:00:14.0-6/input2
[    3.579955] input: Primax Electronics Ltd. ASUS Zenbook Duo Keyboard as /devices/pci0000:00/0000:00:14.0/usb1/1-6/1-6:1.3/0003:0B05:1B2C.0004/input/input6
[    3.588137] input: ELAN9008:00 04F3:425B Touchscreen as /devices/pci0000:00/0000:00:15.0/i2c_designware.0/i2c-1/i2c-ELAN9008:00/0018:04F3:425B.0007/input/input7
[    3.602005] typec port0: bound usb1-port1 (ops connector_ops [usbcore])
[    3.602046] typec port0: bound usb4-port1 (ops connector_ops [usbcore])
[    3.631381] hid-generic 0003:0B05:1B2C.0004: input,hidraw3: USB HID v1.11 Device [Primax Electronics Ltd. ASUS Zenbook Duo Keyboard] on usb-0000:00:14.0-6/input3
[    3.631416] input: ELAN9008:00 04F3:425B as /devices/pci0000:00/0000:00:15.0/i2c_designware.0/i2c-1/i2c-ELAN9008:00/0018:04F3:425B.0007/input/input8
[    3.631468] input: ELAN9008:00 04F3:425B as /devices/pci0000:00/0000:00:15.0/i2c_designware.0/i2c-1/i2c-ELAN9008:00/0018:04F3:425B.0007/input/input9
[    3.631489] hid-generic 0003:0B05:1B2C.0005: hiddev98,hidraw4: USB HID v1.11 Device [Primax Electronics Ltd. ASUS Zenbook Duo Keyboard] on usb-0000:00:14.0-6/input4
[    3.631512] input: ELAN9008:00 04F3:425B Stylus as /devices/pci0000:00/0000:00:15.0/i2c_designware.0/i2c-1/i2c-ELAN9008:00/0018:04F3:425B.0007/input/input10
[    3.631546] input: ELAN9008:00 04F3:425B Touchpad as /devices/pci0000:00/0000:00:15.0/i2c_designware.0/i2c-1/i2c-ELAN9008:00/0018:04F3:425B.0007/input/input13
[    3.631604] hid-generic 0018:04F3:425B.0007: input,hidraw5: I2C HID v1.00 Device [ELAN9008:00 04F3:425B] on i2c-ELAN9008:00
[    3.631675] input: Primax Electronics Ltd. ASUS Zenbook Duo Keyboard Mouse as /devices/pci0000:00/0000:00:14.0/usb1/1-6/1-6:1.5/0003:0B05:1B2C.0006/input/input15
[    3.631706] input: Primax Electronics Ltd. ASUS Zenbook Duo Keyboard Touchpad as /devices/pci0000:00/0000:00:14.0/usb1/1-6/1-6:1.5/0003:0B05:1B2C.0006/input/input16
[    3.650698] ucsi_acpi USBC000:00: UCSI_GET_PDOS failed (-70)
[    3.660336] input: ELAN9009:00 04F3:425A Touchscreen as /devices/pci0000:00/0000:00:19.1/i2c_designware.3/i2c-4/i2c-ELAN9009:00/0018:04F3:425A.0008/input/input17
[    3.683388] hid-generic 0003:0B05:1B2C.0006: input,hiddev99,hidraw6: USB HID v1.11 Mouse [Primax Electronics Ltd. ASUS Zenbook Duo Keyboard] on usb-0000:00:14.0-6/input5
[    3.683410] input: ELAN9009:00 04F3:425A as /devices/pci0000:00/0000:00:19.1/i2c_designware.3/i2c-4/i2c-ELAN9009:00/0018:04F3:425A.0008/input/input18
[    3.683448] input: ELAN9009:00 04F3:425A as /devices/pci0000:00/0000:00:19.1/i2c_designware.3/i2c-4/i2c-ELAN9009:00/0018:04F3:425A.0008/input/input19
[    3.683487] input: ELAN9009:00 04F3:425A Stylus as /devices/pci0000:00/0000:00:19.1/i2c_designware.3/i2c-4/i2c-ELAN9009:00/0018:04F3:425A.0008/input/input20
[    3.683526] input: ELAN9009:00 04F3:425A Touchpad as /devices/pci0000:00/0000:00:19.1/i2c_designware.3/i2c-4/i2c-ELAN9009:00/0018:04F3:425A.0008/input/input23
[    3.683587] hid-generic 0018:04F3:425A.0008: input,hidraw7: I2C HID v1.00 Device [ELAN9009:00 04F3:425A] on i2c-ELAN9009:00
[    3.695109] pps_core: LinuxPPS API ver. 1 registered
[    3.695113] pps_core: Software ver. 5.3.6 - Copyright 2005-2007 Rodolfo Giometti <giometti@linux.it>
[    3.697258] proc_thermal_pci 0000:00:04.0: enabling device (0000 -> 0002)
[    3.699069] spi-nor spi0.0: spi-nor-generic (32768 Kbytes)
[    3.699328] intel_rapl_common: Found RAPL doHOSTNAME package
--
[    3.745766] usb 1-9: Found UVC 1.50 device USB2.0 FHD UVC WebCam (3277:0055)
[    3.749390] usbcore: registered new interface driver uvcvideo
[    3.761347] cs35l41-hda spi1-CSC3551:00-cs35l41-hda.0: Cirrus Logic CS35L41 (35a40), Revision: B2
[    3.764465] input: Primax Electronics Ltd. ASUS Zenbook Duo Keyboard Mouse as /devices/pci0000:00/0000:00:14.0/usb1/1-6/1-6:1.5/0003:0B05:1B2C.0006/input/input26
[    3.764545] input: Primax Electronics Ltd. ASUS Zenbook Duo Keyboard Touchpad as /devices/pci0000:00/0000:00:14.0/usb1/1-6/1-6:1.5/0003:0B05:1B2C.0006/input/input27
[    3.764656] hid-multitouch 0003:0B05:1B2C.0006: input,hiddev99,hidraw6: USB HID v1.11 Mouse [Primax Electronics Ltd. ASUS Zenbook Duo Keyboard] on usb-0000:00:14.0-6/input5
[    3.784219] typec port1: bound usb1-port2 (ops connector_ops [usbcore])
[    3.784251] typec port1: bound usb4-port2 (ops connector_ops [usbcore])
[    3.801954] Bluetooth: hci0: Found device firmware: intel/ibt-0180-0041.sfi
[    3.801970] Bluetooth: hci0: Boot Address: 0x100800
[    3.801972] Bluetooth: hci0: Firmware Version: 39-48.23
[    3.806353] ACPI: battery: new extension: ASUS Battery Extension
[    3.806458] cs35l41-hda spi1-CSC3551:00-cs35l41-hda.1: Reset line busy, assuming shared reset
[    3.830466] cs35l41-hda spi1-CSC3551:00-cs35l41-hda.1: Cirrus Logic CS35L41 (35a40), Revision: B2
[    3.830497] Serial bus multi instantiate pseudo device driver CSC3551:00: Instantiated 2 SPI devices.
[    3.830785] ucsi_acpi USBC000:00: UCSI_GET_PDOS failed (-70)
[    3.870463] input: ELAN9008:00 04F3:425B as /devices/pci0000:00/0000:00:15.0/i2c_designware.0/i2c-1/i2c-ELAN9008:00/0018:04F3:425B.0007/input/input28
[    3.870547] input: ELAN9008:00 04F3:425B UNKNOWN as /devices/pci0000:00/0000:00:15.0/i2c_designware.0/i2c-1/i2c-ELAN9008:00/0018:04F3:425B.0007/input/input29
[    3.870607] input: ELAN9008:00 04F3:425B UNKNOWN as /devices/pci0000:00/0000:00:15.0/i2c_designware.0/i2c-1/i2c-ELAN9008:00/0018:04F3:425B.0007/input/input30
[    3.870652] input: ELAN9008:00 04F3:425B Stylus as /devices/pci0000:00/0000:00:15.0/i2c_designware.0/i2c-1/i2c-ELAN9008:00/0018:04F3:425B.0007/input/input31
[    3.870707] input: ELAN9008:00 04F3:425B Touchpad as /devices/pci0000:00/0000:00:15.0/i2c_designware.0/i2c-1/i2c-ELAN9008:00/0018:04F3:425B.0007/input/input34
[    3.870790] hid-multitouch 0018:04F3:425B.0007: input,hidraw5: I2C HID v1.00 Device [ELAN9008:00 04F3:425B] on i2c-ELAN9008:00
[    3.875749] iwlwifi 0000:00:14.3: Detected Intel(R) Wi-Fi 6E AX211 160MHz, REV=0x441
[    3.875807] thermal thermal_zone13: failed to read out thermal zone (-61)
[    3.882657] iwlwifi 0000:00:14.3: WRT: Invalid buffer destination
[    3.885684] sof-audio-pci-intel-mtl 0000:00:1f.3: DSP detected with PCI class/subclass/prog-if info 0x040100
[    3.885703] sof-audio-pci-intel-mtl 0000:00:1f.3: Digital mics found on Skylake+ platform, using SOF driver
--
[    4.183351] i915 0000:00:02.0: [drm] GT0: Incompatible option enable_guc=3 - HuC is not supported!
[    4.185416] i915 0000:00:02.0: [drm] VT-d active for gfx access
[    4.185522] Console: switching to colour dummy device 80x25
[    4.185545] i915 0000:00:02.0: vgaarb: deactivate vga console
[    4.185566] i915 0000:00:02.0: [drm] Using Transparent Hugepages
[    4.188824] hid-generic 001F:8087:0AC2.0009: hidraw8: SENSOR HUB HID v2.00 Device [hid-ishtp 8087:0AC2] on 
[    4.188855] snd_hda_intel 0000:00:1f.3: DSP detected with PCI class/subclass/prog-if info 0x040100
[    4.188874] snd_hda_intel 0000:00:1f.3: Digital mics found on Skylake+ platform, using SOF driver
[    4.188881] sof-audio-pci-intel-mtl 0000:00:1f.3: DSP detected with PCI class/subclass/prog-if info 0x040100
[    4.188886] sof-audio-pci-intel-mtl 0000:00:1f.3: Digital mics found on Skylake+ platform, using SOF driver
[    4.189072] sof-audio-pci-intel-mtl 0000:00:1f.3: DSP detected with PCI class/subclass/prog-if 0x040100
[    4.191067] hid-generic 001F:8087:0AC2.000A: hidraw9: SENSOR HUB HID v2.00 Device [hid-ishtp 8087:0AC2] on 
[    4.191084] snd_hda_intel 0000:00:1f.3: DSP detected with PCI class/subclass/prog-if info 0x040100
[    4.191091] snd_hda_intel 0000:00:1f.3: Digital mics found on Skylake+ platform, using SOF driver
[    4.191096] sof-audio-pci-intel-mtl 0000:00:1f.3: DSP detected with PCI class/subclass/prog-if info 0x040100
[    4.191101] sof-audio-pci-intel-mtl 0000:00:1f.3: Digital mics found on Skylake+ platform, using SOF driver
[    4.191212] sof-audio-pci-intel-mtl 0000:00:1f.3: DSP detected with PCI class/subclass/prog-if 0x040100
--
[    4.216940] snd_hda_intel 0000:00:1f.3: DSP detected with PCI class/subclass/prog-if info 0x040100
[    4.216953] snd_hda_intel 0000:00:1f.3: Digital mics found on Skylake+ platform, using SOF driver
[    4.216962] sof-audio-pci-intel-mtl 0000:00:1f.3: DSP detected with PCI class/subclass/prog-if info 0x040100
[    4.216968] sof-audio-pci-intel-mtl 0000:00:1f.3: Digital mics found on Skylake+ platform, using SOF driver
[    4.217108] sof-audio-pci-intel-mtl 0000:00:1f.3: DSP detected with PCI class/subclass/prog-if 0x040100
[    4.217524] input: ELAN9009:00 04F3:425A as /devices/pci0000:00/0000:00:19.1/i2c_designware.3/i2c-4/i2c-ELAN9009:00/0018:04F3:425A.0008/input/input36
[    4.217680] input: ELAN9009:00 04F3:425A UNKNOWN as /devices/pci0000:00/0000:00:19.1/i2c_designware.3/i2c-4/i2c-ELAN9009:00/0018:04F3:425A.0008/input/input37
[    4.217735] input: ELAN9009:00 04F3:425A UNKNOWN as /devices/pci0000:00/0000:00:19.1/i2c_designware.3/i2c-4/i2c-ELAN9009:00/0018:04F3:425A.0008/input/input38
[    4.217782] input: ELAN9009:00 04F3:425A Stylus as /devices/pci0000:00/0000:00:19.1/i2c_designware.3/i2c-4/i2c-ELAN9009:00/0018:04F3:425A.0008/input/input39
[    4.217825] input: ELAN9009:00 04F3:425A Touchpad as /devices/pci0000:00/0000:00:19.1/i2c_designware.3/i2c-4/i2c-ELAN9009:00/0018:04F3:425A.0008/input/input42
[    4.217905] hid-multitouch 0018:04F3:425A.0008: input,hidraw7: I2C HID v1.00 Device [ELAN9009:00 04F3:425A] on i2c-ELAN9009:00
[    4.218942] snd_hda_intel 0000:00:1f.3: DSP detected with PCI class/subclass/prog-if info 0x040100
[    4.218954] snd_hda_intel 0000:00:1f.3: Digital mics found on Skylake+ platform, using SOF driver
[    4.218960] sof-audio-pci-intel-mtl 0000:00:1f.3: DSP detected with PCI class/subclass/prog-if info 0x040100
[    4.218966] sof-audio-pci-intel-mtl 0000:00:1f.3: Digital mics found on Skylake+ platform, using SOF driver
[    4.219118] sof-audio-pci-intel-mtl 0000:00:1f.3: DSP detected with PCI class/subclass/prog-if 0x040100
--
[    9.388044] Bluetooth: RFCOMM socket layer initialized
[    9.388056] Bluetooth: RFCOMM ver 1.11
[    9.464015] NET: Registered PF_QIPCRTR protocol family
[    9.637212] Initializing XFRM netlink socket
[   55.270256] input: ASUS Pen Keyboard as /devices/virtual/misc/uhid/0005:0B05:2131.000B/input/input50
[   55.270447] hid-generic 0005:0B05:2131.000B: input,hidraw10: BLUETOOTH HID v0.08 Keyboard [ASUS Pen] on 08:8e:90:7f:ec:6f
[   56.024753] systemd-journald[702]: /var/log/journal/MACHINEID/user-1000.journal: Journal file uses a different sequence number ID, rotating.
[   56.494906] rfkill: input handler enabled
[   59.336891] rfkill: input handler disabled
[   59.576729] block nvme0n1: No UUID available providing old NGUID
[   66.209729] sof-audio-pci-intel-mtl 0000:00:1f.3: no llp found, fall back to default HDA path
--
[   66.394817] sof-audio-pci-intel-mtl 0000:00:1f.3: no llp found, fall back to default HDA path
[   66.399759] sof-audio-pci-intel-mtl 0000:00:1f.3: no llp found, fall back to default HDA path
[   66.401043] sof-audio-pci-intel-mtl 0000:00:1f.3: no llp found, fall back to default HDA path
[   66.414028] sof-audio-pci-intel-mtl 0000:00:1f.3: no llp found, fall back to default HDA path
[ 1088.657121] input: ASUS Pen Keyboard as /devices/virtual/misc/uhid/0005:0B05:2131.000C/input/input52
[ 1088.657348] hid-generic 0005:0B05:2131.000C: input,hidraw10: BLUETOOTH HID v0.08 Keyboard [ASUS Pen] on 08:8e:90:7f:ec:6f
[ 1331.540961] wlan0: deauthenticating from 14:eb:b6:06:27:6f by local choice (Reason: 3=DEAUTH_LEAVING)
[ 1333.014859] PM: suspend entry (s2idle)
[ 1333.037004] Filesystems sync: 0.022 seconds
[ 1333.106738] Freezing user space processes
[ 1333.335491] Freezing user space processes completed (elapsed 0.228 seconds)
--
[11604.390733] wlan0: associate with 14:eb:b6:06:27:6f (try 1/3)
[11604.392167] wlan0: RX AssocResp from 14:eb:b6:06:27:6f (capab=0x1011 status=0 aid=3)
[11604.395932] wlan0: associated
[11604.455489] wlan0: Limiting TX power to 30 (30 - 0) dBm as advertised by 14:eb:b6:06:27:6f
[11615.551605] input: ASUS Pen Keyboard as /devices/virtual/misc/uhid/0005:0B05:2131.000D/input/input54
[11615.551798] hid-generic 0005:0B05:2131.000D: input,hidraw10: BLUETOOTH HID v0.08 Keyboard [ASUS Pen] on 08:8e:90:7f:ec:6f
[11623.871216] i915 0000:00:02.0: [drm] Selective fetch area calculation failed in pipe A
[11645.217624] warning: `Socket Thread' uses wireless extensions which will stop working for Wi-Fi 7 hardware; use nl80211
[11645.520405] sof-audio-pci-intel-mtl 0000:00:1f.3: no llp found, fall back to default HDA path
[11650.621481] input: ASUS Pen Keyboard as /devices/virtual/misc/uhid/0005:0B05:2131.000E/input/input56
[11650.622047] hid-generic 0005:0B05:2131.000E: input,hidraw10: BLUETOOTH HID v0.08 Keyboard [ASUS Pen] on 08:8e:90:7f:ec:6f
[11667.331544] input: ASUS Pen Keyboard as /devices/virtual/misc/uhid/0005:0B05:2131.000F/input/input58
[11667.331747] hid-generic 0005:0B05:2131.000F: input,hidraw10: BLUETOOTH HID v0.08 Keyboard [ASUS Pen] on 08:8e:90:7f:ec:6f
[11762.524256] input: ASUS Pen Keyboard as /devices/virtual/misc/uhid/0005:0B05:2131.0010/input/input60
[11762.524462] hid-generic 0005:0B05:2131.0010: input,hidraw10: BLUETOOTH HID v0.08 Keyboard [ASUS Pen] on 08:8e:90:7f:ec:6f
[11799.257644] input: ASUS Pen Keyboard as /devices/virtual/misc/uhid/0005:0B05:2131.0011/input/input62
[11799.257845] hid-generic 0005:0B05:2131.0011: input,hidraw10: BLUETOOTH HID v0.08 Keyboard [ASUS Pen] on 08:8e:90:7f:ec:6f
[11817.812773] input: ASUS Pen Keyboard as /devices/virtual/misc/uhid/0005:0B05:2131.0012/input/input64
[11817.813157] hid-generic 0005:0B05:2131.0012: input,hidraw10: BLUETOOTH HID v0.08 Keyboard [ASUS Pen] on 08:8e:90:7f:ec:6f
[11831.418253] input: ASUS Pen Keyboard as /devices/virtual/misc/uhid/0005:0B05:2131.0013/input/input66
[11831.418419] hid-generic 0005:0B05:2131.0013: input,hidraw10: BLUETOOTH HID v0.08 Keyboard [ASUS Pen] on 08:8e:90:7f:ec:6f
[11844.843461] input: ASUS Pen Keyboard as /devices/virtual/misc/uhid/0005:0B05:2131.0014/input/input68
[11844.843679] hid-generic 0005:0B05:2131.0014: input,hidraw10: BLUETOOTH HID v0.08 Keyboard [ASUS Pen] on 08:8e:90:7f:ec:6f
[11871.617873] input: ASUS Pen Keyboard as /devices/virtual/misc/uhid/0005:0B05:2131.0015/input/input70
[11871.617993] hid-generic 0005:0B05:2131.0015: input,hidraw10: BLUETOOTH HID v0.08 Keyboard [ASUS Pen] on 08:8e:90:7f:ec:6f
[11904.721968] input: ASUS Pen Keyboard as /devices/virtual/misc/uhid/0005:0B05:2131.0016/input/input72
[11904.722168] hid-generic 0005:0B05:2131.0016: input,hidraw10: BLUETOOTH HID v0.08 Keyboard [ASUS Pen] on 08:8e:90:7f:ec:6f
[12088.022909] input: ASUS Pen Keyboard as /devices/virtual/misc/uhid/0005:0B05:2131.0017/input/input74
[12088.023025] hid-generic 0005:0B05:2131.0017: input,hidraw10: BLUETOOTH HID v0.08 Keyboard [ASUS Pen] on 08:8e:90:7f:ec:6f
[12277.546021] sof-audio-pci-intel-mtl 0000:00:1f.3: no llp found, fall back to default HDA path
[12385.995279] sof-audio-pci-intel-mtl 0000:00:1f.3: no llp found, fall back to default HDA path
[12513.105947] sof-audio-pci-intel-mtl 0000:00:1f.3: no llp found, fall back to default HDA path
[12607.985221] input: ASUS Pen Keyboard as /devices/virtual/misc/uhid/0005:0B05:2131.0018/input/input76
[12607.985452] hid-generic 0005:0B05:2131.0018: input,hidraw10: BLUETOOTH HID v0.08 Keyboard [ASUS Pen] on 08:8e:90:7f:ec:6f
[12621.035049] input: ASUS Pen Keyboard as /devices/virtual/misc/uhid/0005:0B05:2131.0019/input/input78
[12621.035247] hid-generic 0005:0B05:2131.0019: input,hidraw10: BLUETOOTH HID v0.08 Keyboard [ASUS Pen] on 08:8e:90:7f:ec:6f
[12695.270597] input: ASUS Pen Keyboard as /devices/virtual/misc/uhid/0005:0B05:2131.001A/input/input80
[12695.270813] hid-generic 0005:0B05:2131.001A: input,hidraw10: BLUETOOTH HID v0.08 Keyboard [ASUS Pen] on 08:8e:90:7f:ec:6f
[12726.560668] input: ASUS Pen Keyboard as /devices/virtual/misc/uhid/0005:0B05:2131.001B/input/input82
[12726.560881] hid-generic 0005:0B05:2131.001B: input,hidraw10: BLUETOOTH HID v0.08 Keyboard [ASUS Pen] on 08:8e:90:7f:ec:6f
[12962.540231] input: ASUS Pen Keyboard as /devices/virtual/misc/uhid/0005:0B05:2131.001C/input/input84
[12962.540438] hid-generic 0005:0B05:2131.001C: input,hidraw10: BLUETOOTH HID v0.08 Keyboard [ASUS Pen] on 08:8e:90:7f:ec:6f
