[    0.199643] ACPI: PCI Interrupt Link [LNKD] (IRQs 3 4 5 6 10 *11 12 14 15)
[    0.199726] ACPI: PCI Interrupt Link [LNKE] (IRQs 3 4 5 6 10 *11 12 14 15)
[    0.199809] ACPI: PCI Interrupt Link [LNKF] (IRQs 3 4 5 6 10 *11 12 14 15)
[    0.199893] ACPI: PCI Interrupt Link [LNKG] (IRQs 3 4 5 6 10 *11 12 14 15)
[    0.199976] ACPI: PCI Interrupt Link [LNKH] (IRQs 3 4 5 6 10 *11 12 14 15)
[    0.200771] platform MSFT0101:00: failed to claim resource 1: [mem 0xfed40000-0xfed40fff]
[    0.200785] acpi MSFT0101:00: platform device creation failed: -16
[    0.201060] ACPI: EC: interrupt unblocked
[    0.201080] ACPI: EC: event unblocked
[    0.201092] ACPI: \_SB_.PCI0.LPCB.EC0_: GPE=0x50, EC_CMD/EC_SC=0x66, EC_DATA=0x62
[    0.201093] ACPI: \_SB_.PCI0.LPCB.EC0_: Used as boot DSDT EC to handle transactions and events
[    0.201306] SCSI subsystem initialized
--
[    1.608799] usb 1-4: New USB device found, idVendor=04f2, idProduct=b5d6
[    1.608801] usb 1-4: New USB device strings: Mfr=1, Product=2, SerialNumber=0
[    1.608802] usb 1-4: Product: HP Wide Vision HD Camera
[    1.608803] usb 1-4: Manufacturer: Chicony
[    1.736184] usb 1-5: new full-speed USB device number 3 using xhci_hcd
[    1.808061] psmouse serio1: elantech: assuming hardware version 4 (with firmware version 0x4d5f01)
[    1.818550] psmouse serio1: elantech: Synaptics capabilities query result 0x10, 0x1a, 0x0d.
[    1.828982] psmouse serio1: elantech: Elan sample query result 04, 49, 86
[    1.884501] input: ETPS/2 Elantech Touchpad as /devices/platform/i8042/serio1/input/input5
[    1.885419] usb 1-5: New USB device found, idVendor=8087, idProduct=0aa7
[    1.885420] usb 1-5: New USB device strings: Mfr=0, Product=0, SerialNumber=0
[    1.916565] ahci 0000:00:17.0: version 3.0
[    1.916871] ahci 0000:00:17.0: AHCI 0001.0301 32 slots 1 ports 6 Gbps 0x4 impl SATA mode
[    1.916875] ahci 0000:00:17.0: flags: 64bit ncq pm led clo only pio slum part deso sadm sds apst 
--
[   21.494966] (NULL device *): hwmon_device_register() is deprecated. Please convert the driver to use hwmon_device_register_with_info().
[   21.499024] intel-lpss 0000:00:15.0: enabling device (0000 -> 0002)
[   21.501640] idma64 idma64.0: Found Intel integrated DMA 64-bit
[   21.513007] intel-lpss 0000:00:15.1: enabling device (0000 -> 0002)
[   21.513293] idma64 idma64.1: Found Intel integrated DMA 64-bit
[   21.519206] i2c_hid i2c-ELAN0732:00: i2c-ELAN0732:00 supply vdd not found, using dummy regulator
[   21.547790] shpchp: Standard Hot Plug PCI Controller Driver version: 0.4
[   21.547794] mei_me 0000:00:16.0: enabling device (0000 -> 0002)
[   21.611540] acpi INT33D6:00: intel-vbtn: created platform device
[   21.616941] input: Intel Virtual Button driver as /devices/pci0000:00/0000:00:1f.0/PNP0C09:01/INT33D6:01/input/input8
[   21.617168] input: Intel Virtual Button driver as /devices/platform/INT33D6:00/input/input9
--
[   22.311095] usbcore: registered new interface driver uvcvideo
[   22.311095] USB Video Class driver (1.1.1)
[   22.320294] ieee80211 phy0: Selected rate control algorithm 'iwl-mvm-rs'
[   22.320728] (NULL device *): hwmon_device_register() is deprecated. Please convert the driver to use hwmon_device_register_with_info().
[   22.320739] thermal thermal_zone8: failed to read out thermal zone (-61)
[   22.610023] input: ELAN0732:00 04F3:24B8 as /devices/pci0000:00/0000:00:15.1/i2c_designware.1/i2c-5/i2c-ELAN0732:00/0018:04F3:24B8.0003/input/input19
[   22.610091] input: ELAN0732:00 04F3:24B8 Pen as /devices/pci0000:00/0000:00:15.1/i2c_designware.1/i2c-5/i2c-ELAN0732:00/0018:04F3:24B8.0003/input/input22
[   22.610143] hid-multitouch 0018:04F3:24B8.0003: input,hidraw0: I2C HID v1.00 Device [ELAN0732:00 04F3:24B8] on i2c-ELAN0732:00
[   22.808381] hp_wmi: query 0xd returned error 0x5
[   22.808427] input: HP WMI hotkeys as /devices/virtual/input/input17
[   23.215002] iwlwifi 0000:02:00.0 wlp2s0: renamed from wlan0
[   25.638309] Adding 3999740k swap on /dev/sda6.  Priority:-2 extents:1 across:3999740k FS
[   30.340202] audit: type=1400 audit(1525199826.649:2): apparmor="STATUS" operation="profile_load" profile="unconfined" name="/usr/bin/man" pid=686 comm="apparmor_parser"
