[    81.147] (--) Log file renamed from "/home/favio/.local/share/xorg/Xorg.pid-1331.log" to "/home/favio/.local/share/xorg/Xorg.0.log"
[    81.149] 
X.Org X Server 1.19.6
Release Date: 2017-12-20
[    81.149] X Protocol Version 11, Revision 0
[    81.149] Build Operating System: Linux 4.4.0-119-generic x86_64 Ubuntu
[    81.149] Current Operating System: Linux favio-HP-Pavilion-x360-Convertible-15-br0xx 4.15.0-20-generic #21-Ubuntu SMP Tue Apr 24 06:16:15 UTC 2018 x86_64
[    81.149] Kernel command line: BOOT_IMAGE=/boot/vmlinuz-4.15.0-20-generic root=UUID=e04ca63b-40ef-4a1b-b71b-316b6b16357e ro quiet splash vt.handoff=1
[    81.149] Build Date: 13 April 2018  08:07:36PM
[    81.149] xorg-server 2:1.19.6-1ubuntu4 (For technical support please see http://www.ubuntu.com/support) 
[    81.149] Current version of pixman: 0.34.0
[    81.149] 	Before reporting problems, check http://wiki.x.org
	to make sure that you have the latest version.
[    81.149] Markers: (--) probed, (**) from config file, (==) default setting,
	(++) from command line, (!!) notice, (II) informational,
	(WW) warning, (EE) error, (NI) not implemented, (??) unknown.
[    81.149] (==) Log file: "/home/favio/.local/share/xorg/Xorg.0.log", Time: Tue May  1 15:37:57 2018
[    81.186] (==) Using system config directory "/usr/share/X11/xorg.conf.d"
[    81.186] (==) No Layout section.  Using the first Screen section.
[    81.187] (==) No screen section available. Using defaults.
[    81.187] (**) |-->Screen "Default Screen Section" (0)
[    81.187] (**) |   |-->Monitor "<default monitor>"
[    81.188] (==) No monitor specified for screen "Default Screen Section".
	Using a default monitor configuration.
[    81.188] (==) Automatically adding devices
[    81.188] (==) Automatically enabling devices
[    81.188] (==) Automatically adding GPU devices
[    81.188] (==) Automatically binding GPU devices
[    81.188] (==) Max clients allowed: 256, resource mask: 0x1fffff
[    81.188] (WW) The directory "/usr/share/fonts/X11/cyrillic" does not exist.
[    81.188] 	Entry deleted from font path.
[    81.188] (WW) The directory "/usr/share/fonts/X11/100dpi/" does not exist.
[    81.188] 	Entry deleted from font path.
[    81.188] (WW) The directory "/usr/share/fonts/X11/75dpi/" does not exist.
[    81.188] 	Entry deleted from font path.
[    81.188] (WW) The directory "/usr/share/fonts/X11/100dpi" does not exist.
[    81.188] 	Entry deleted from font path.
[    81.188] (WW) The directory "/usr/share/fonts/X11/75dpi" does not exist.
[    81.188] 	Entry deleted from font path.
[    81.188] (==) FontPath set to:
	/usr/share/fonts/X11/misc,
	/usr/share/fonts/X11/Type1,
	built-ins
[    81.188] (==) ModulePath set to "/usr/lib/xorg/modules"
[    81.188] (II) The server relies on udev to provide the list of input devices.
	If no devices become available, reconfigure udev or disable AutoAddDevices.
[    81.188] (II) Loader magic: 0x559baa321020
[    81.188] (II) Module ABI versions:
[    81.188] 	X.Org ANSI C Emulation: 0.4
[    81.188] 	X.Org Video Driver: 23.0
[    81.188] 	X.Org XInput driver : 24.1
[    81.188] 	X.Org Server Extension : 10.0
[    81.190] (++) using VT number 2

[    81.194] (II) systemd-logind: took control of session /org/freedesktop/login1/session/_32
[    81.196] (II) xfree86: Adding drm device (/dev/dri/card0)
[    81.197] (II) systemd-logind: got fd for /dev/dri/card0 226:0 fd 12 paused 0
[    81.204] (--) PCI:*(0:0:2:0) 8086:5916:103c:8315 rev 2, Mem @ 0xb0000000/16777216, 0xa0000000/268435456, I/O @ 0x00003000/64, BIOS @ 0x????????/131072
[    81.204] (II) LoadModule: "glx"
[    81.204] (II) Loading /usr/lib/xorg/modules/extensions/libglx.so
[    81.206] (II) Module glx: vendor="X.Org Foundation"
[    81.207] 	compiled for 1.19.6, module version = 1.0.0
[    81.207] 	ABI class: X.Org Server Extension, version 10.0
[    81.207] (==) Matched modesetting as autoconfigured driver 0
[    81.207] (==) Matched fbdev as autoconfigured driver 1
[    81.207] (==) Matched vesa as autoconfigured driver 2
[    81.207] (==) Assigned the driver to the xf86ConfigLayout
[    81.207] (II) LoadModule: "modesetting"
[    81.207] (II) Loading /usr/lib/xorg/modules/drivers/modesetting_drv.so
[    81.207] (II) Module modesetting: vendor="X.Org Foundation"
[    81.207] 	compiled for 1.19.6, module version = 1.19.6
[    81.207] 	Module class: X.Org Video Driver
[    81.207] 	ABI class: X.Org Video Driver, version 23.0
[    81.207] (II) LoadModule: "fbdev"
[    81.208] (II) Loading /usr/lib/xorg/modules/drivers/fbdev_drv.so
[    81.208] (II) Module fbdev: vendor="X.Org Foundation"
[    81.208] 	compiled for 1.19.3, module version = 0.4.4
[    81.208] 	Module class: X.Org Video Driver
[    81.208] 	ABI class: X.Org Video Driver, version 23.0
[    81.208] (II) LoadModule: "vesa"
[    81.208] (II) Loading /usr/lib/xorg/modules/drivers/vesa_drv.so
[    81.208] (II) Module vesa: vendor="X.Org Foundation"
[    81.208] 	compiled for 1.19.3, module version = 2.3.4
[    81.209] 	Module class: X.Org Video Driver
[    81.209] 	ABI class: X.Org Video Driver, version 23.0
[    81.209] (II) modesetting: Driver for Modesetting Kernel Drivers: kms
[    81.209] (II) FBDEV: driver for framebuffer: fbdev
[    81.209] (II) VESA: driver for VESA chipsets: vesa
[    81.209] xf86EnableIOPorts: failed to set IOPL for I/O (Operation not permitted)
[    81.209] (II) modeset(0): using drv /dev/dri/card0
[    81.209] (WW) Falling back to old probe method for fbdev
[    81.209] (II) Loading sub module "fbdevhw"
[    81.209] (II) LoadModule: "fbdevhw"
[    81.209] (II) Loading /usr/lib/xorg/modules/libfbdevhw.so
[    81.209] (II) Module fbdevhw: vendor="X.Org Foundation"
[    81.209] 	compiled for 1.19.6, module version = 0.0.2
[    81.209] 	ABI class: X.Org Video Driver, version 23.0
[    81.209] (EE) open /dev/fb0: Permission denied
[    81.210] (WW) Falling back to old probe method for vesa
[    81.210] (WW) VGA arbiter: cannot open kernel arbiter, no multi-card support
[    81.210] (II) modeset(0): Creating default Display subsection in Screen section
	"Default Screen Section" for depth/fbbpp 24/32
[    81.210] (==) modeset(0): Depth 24, (==) framebuffer bpp 32
[    81.210] (==) modeset(0): RGB weight 888
[    81.210] (==) modeset(0): Default visual is TrueColor
[    81.210] (II) Loading sub module "glamoregl"
[    81.210] (II) LoadModule: "glamoregl"
[    81.210] (II) Loading /usr/lib/xorg/modules/libglamoregl.so
[    81.216] (II) Module glamoregl: vendor="X.Org Foundation"
[    81.216] 	compiled for 1.19.6, module version = 1.0.0
[    81.216] 	ABI class: X.Org ANSI C Emulation, version 0.4
[    81.216] (II) glamor: OpenGL accelerated X.org driver based.
[    81.230] (II) glamor: EGL version 1.4 (DRI2):
[    81.236] (II) modeset(0): glamor initialized
[    81.237] (II) modeset(0): Output eDP-1 has no monitor section
[    81.250] (II) modeset(0): Output HDMI-1 has no monitor section
[    81.251] (II) modeset(0): EDID for output eDP-1
[    81.251] (II) modeset(0): Manufacturer: AUO  Model: 71ec  Serial#: 0
[    81.251] (II) modeset(0): Year: 2015  Week: 1
[    81.251] (II) modeset(0): EDID Version: 1.4
[    81.251] (II) modeset(0): Digital Display Input
[    81.251] (II) modeset(0): 6 bits per channel
[    81.251] (II) modeset(0): Digital interface is DisplayPort
[    81.251] (II) modeset(0): Max Image Size [cm]: horiz.: 34  vert.: 19
[    81.251] (II) modeset(0): Gamma: 2.20
[    81.251] (II) modeset(0): No DPMS capabilities specified
[    81.251] (II) modeset(0): Supported color encodings: RGB 4:4:4 
[    81.251] (II) modeset(0): First detailed timing is preferred mode
[    81.251] (II) modeset(0): Preferred mode is native pixel format and refresh rate
[    81.251] (II) modeset(0): redX: 0.575 redY: 0.345   greenX: 0.340 greenY: 0.570
[    81.251] (II) modeset(0): blueX: 0.160 blueY: 0.135   whiteX: 0.313 whiteY: 0.329
[    81.251] (II) modeset(0): Manufacturer's mask: 0
[    81.251] (II) modeset(0): Supported detailed timing:
[    81.251] (II) modeset(0): clock: 76.3 MHz   Image Size:  344 x 193 mm
[    81.251] (II) modeset(0): h_active: 1366  h_sync: 1374  h_sync_end 1384 h_blank_end 1558 h_border: 0
[    81.251] (II) modeset(0): v_active: 768  v_sync: 771  v_sync_end 772 v_blanking: 816 v_border: 0
[    81.251] (II) modeset(0): Supported detailed timing:
[    81.251] (II) modeset(0): clock: 50.9 MHz   Image Size:  344 x 193 mm
[    81.251] (II) modeset(0): h_active: 1366  h_sync: 1374  h_sync_end 1384 h_blank_end 1558 h_border: 0
[    81.251] (II) modeset(0): v_active: 768  v_sync: 771  v_sync_end 772 v_blanking: 816 v_border: 0
[    81.251] (II) modeset(0): Unknown vendor-specific block 2
[    81.251] (II) modeset(0): EDID (in hex):
[    81.251] (II) modeset(0): 	00ffffffffffff0006afec7100000000
[    81.251] (II) modeset(0): 	01190104952213780250259358579229
[    81.251] (II) modeset(0): 	22505400000001010101010101010101
[    81.251] (II) modeset(0): 	010101010101ce1d56c050003030080a
[    81.251] (II) modeset(0): 	310058c110000018df1356c050003030
[    81.251] (II) modeset(0): 	080a310058c110000018000000000000
[    81.251] (II) modeset(0): 	00000000000000000000000000000002
[    81.251] (II) modeset(0): 	001048ff0f3c6e1f14226e20202000a3
[    81.252] (II) modeset(0): Printing probed modes for output eDP-1
[    81.252] (II) modeset(0): Modeline "1366x768"x60.0   76.30  1366 1374 1384 1558  768 771 772 816 -hsync -vsync (49.0 kHz eP)
[    81.252] (II) modeset(0): Modeline "1366x768"x40.0   50.87  1366 1374 1384 1558  768 771 772 816 -hsync -vsync (32.7 kHz e)
[    81.252] (II) modeset(0): Modeline "1360x768"x59.8   84.75  1360 1432 1568 1776  768 771 781 798 -hsync +vsync (47.7 kHz d)
[    81.252] (II) modeset(0): Modeline "1360x768"x60.0   72.00  1360 1408 1440 1520  768 771 781 790 +hsync -vsync (47.4 kHz d)
[    81.252] (II) modeset(0): Modeline "1280x720"x120.0  156.12  1280 1376 1512 1744  720 721 724 746 doublescan -hsync +vsync (89.5 kHz d)
[    81.252] (II) modeset(0): Modeline "1280x720"x120.0  120.75  1280 1304 1320 1360  720 721 724 740 doublescan +hsync -vsync (88.8 kHz d)
[    81.252] (II) modeset(0): Modeline "1280x720"x59.9   74.50  1280 1344 1472 1664  720 723 728 748 -hsync +vsync (44.8 kHz d)
[    81.252] (II) modeset(0): Modeline "1280x720"x59.7   63.75  1280 1328 1360 1440  720 723 728 741 +hsync -vsync (44.3 kHz d)
[    81.252] (II) modeset(0): Modeline "1024x768"x120.1  133.47  1024 1100 1212 1400  768 768 770 794 doublescan -hsync +vsync (95.3 kHz d)
[    81.252] (II) modeset(0): Modeline "1024x768"x60.0   65.00  1024 1048 1184 1344  768 771 777 806 -hsync -vsync (48.4 kHz d)
[    81.252] (II) modeset(0): Modeline "960x720"x120.0  117.00  960 1024 1128 1300  720 720 722 750 doublescan -hsync +vsync (90.0 kHz d)
[    81.252] (II) modeset(0): Modeline "928x696"x120.1  109.15  928 976 1088 1264  696 696 698 719 doublescan -hsync +vsync (86.4 kHz d)
[    81.252] (II) modeset(0): Modeline "896x672"x120.0  102.40  896 960 1060 1224  672 672 674 697 doublescan -hsync +vsync (83.7 kHz d)
[    81.252] (II) modeset(0): Modeline "1024x576"x119.9   98.50  1024 1092 1200 1376  576 577 580 597 doublescan -hsync +vsync (71.6 kHz d)
[    81.252] (II) modeset(0): Modeline "1024x576"x119.9   78.38  1024 1048 1064 1104  576 577 580 592 doublescan +hsync -vsync (71.0 kHz d)
[    81.252] (II) modeset(0): Modeline "1024x576"x59.9   46.50  1024 1064 1160 1296  576 579 584 599 -hsync +vsync (35.9 kHz d)
[    81.252] (II) modeset(0): Modeline "1024x576"x59.8   42.00  1024 1072 1104 1184  576 579 584 593 +hsync -vsync (35.5 kHz d)
[    81.252] (II) modeset(0): Modeline "960x600"x119.9   96.62  960 1028 1128 1296  600 601 604 622 doublescan -hsync +vsync (74.6 kHz d)
[    81.252] (II) modeset(0): Modeline "960x600"x120.0   77.00  960 984 1000 1040  600 601 604 617 doublescan +hsync -vsync (74.0 kHz d)
[    81.252] (II) modeset(0): Modeline "960x540"x119.9   86.50  960 1024 1124 1288  540 541 544 560 doublescan -hsync +vsync (67.2 kHz d)
[    81.252] (II) modeset(0): Modeline "960x540"x120.0   69.25  960 984 1000 1040  540 541 544 555 doublescan +hsync -vsync (66.6 kHz d)
[    81.252] (II) modeset(0): Modeline "960x540"x59.6   40.75  960 992 1088 1216  540 543 548 562 -hsync +vsync (33.5 kHz d)
[    81.252] (II) modeset(0): Modeline "960x540"x59.8   37.25  960 1008 1040 1120  540 543 548 556 +hsync -vsync (33.3 kHz d)
[    81.252] (II) modeset(0): Modeline "800x600"x120.0   81.00  800 832 928 1080  600 600 602 625 doublescan +hsync +vsync (75.0 kHz d)
[    81.252] (II) modeset(0): Modeline "800x600"x60.3   40.00  800 840 968 1056  600 601 605 628 +hsync +vsync (37.9 kHz d)
[    81.252] (II) modeset(0): Modeline "800x600"x56.2   36.00  800 824 896 1024  600 601 603 625 +hsync +vsync (35.2 kHz d)
[    81.252] (II) modeset(0): Modeline "840x525"x120.0   73.12  840 892 980 1120  525 526 529 544 doublescan -hsync +vsync (65.3 kHz d)
[    81.252] (II) modeset(0): Modeline "840x525"x119.8   59.50  840 864 880 920  525 526 529 540 doublescan +hsync -vsync (64.7 kHz d)
[    81.252] (II) modeset(0): Modeline "864x486"x59.9   32.50  864 888 968 1072  486 489 494 506 -hsync +vsync (30.3 kHz d)
[    81.252] (II) modeset(0): Modeline "864x486"x59.6   30.50  864 912 944 1024  486 489 494 500 +hsync -vsync (29.8 kHz d)
[    81.252] (II) modeset(0): Modeline "800x512"x120.3   51.56  800 800 828 832  512 512 514 515 doublescan +hsync +vsync (62.0 kHz d)
[    81.252] (II) modeset(0): Modeline "700x525"x120.0   61.00  700 744 820 940  525 526 532 541 doublescan +hsync +vsync (64.9 kHz d)
[    81.252] (II) modeset(0): Modeline "800x450"x119.9   59.12  800 848 928 1056  450 451 454 467 doublescan -hsync +vsync (56.0 kHz d)
[    81.252] (II) modeset(0): Modeline "800x450"x119.6   48.75  800 824 840 880  450 451 454 463 doublescan +hsync -vsync (55.4 kHz d)
[    81.252] (II) modeset(0): Modeline "640x512"x120.0   54.00  640 664 720 844  512 512 514 533 doublescan +hsync +vsync (64.0 kHz d)
[    81.252] (II) modeset(0): Modeline "720x450"x119.8   53.25  720 760 836 952  450 451 454 467 doublescan -hsync +vsync (55.9 kHz d)
[    81.252] (II) modeset(0): Modeline "700x450"x119.9   51.75  700 740 812 924  450 451 456 467 doublescan -hsync +vsync (56.0 kHz d)
[    81.252] (II) modeset(0): Modeline "700x450"x119.8   43.25  700 724 740 780  450 451 456 463 doublescan +hsync -vsync (55.4 kHz d)
[    81.252] (II) modeset(0): Modeline "640x480"x120.0   54.00  640 688 744 900  480 480 482 500 doublescan +hsync +vsync (60.0 kHz d)
[    81.252] (II) modeset(0): Modeline "640x480"x59.9   25.18  640 656 752 800  480 490 492 525 -hsync -vsync (31.5 kHz d)
[    81.252] (II) modeset(0): Modeline "720x405"x59.5   22.50  720 744 808 896  405 408 413 422 -hsync +vsync (25.1 kHz d)
[    81.252] (II) modeset(0): Modeline "720x405"x59.0   21.75  720 768 800 880  405 408 413 419 +hsync -vsync (24.7 kHz d)
[    81.252] (II) modeset(0): Modeline "684x384"x119.8   42.62  684 720 788 892  384 385 390 399 doublescan -hsync +vsync (47.8 kHz d)
[    81.252] (II) modeset(0): Modeline "684x384"x119.7   36.12  684 708 724 764  384 385 390 395 doublescan +hsync -vsync (47.3 kHz d)
[    81.252] (II) modeset(0): Modeline "680x384"x119.6   42.38  680 716 784 888  384 385 390 399 doublescan -hsync +vsync (47.7 kHz d)
[    81.252] (II) modeset(0): Modeline "680x384"x119.9   36.00  680 704 720 760  384 385 390 395 doublescan +hsync -vsync (47.4 kHz d)
[    81.252] (II) modeset(0): Modeline "640x400"x119.8   41.75  640 676 740 840  400 401 404 415 doublescan -hsync +vsync (49.7 kHz d)
[    81.252] (II) modeset(0): Modeline "640x400"x120.0   35.50  640 664 680 720  400 401 404 411 doublescan +hsync -vsync (49.3 kHz d)
[    81.252] (II) modeset(0): Modeline "576x432"x120.1   40.81  576 608 668 760  432 432 434 447 doublescan -hsync +vsync (53.7 kHz d)
[    81.252] (II) modeset(0): Modeline "640x360"x119.7   37.25  640 672 736 832  360 361 364 374 doublescan -hsync +vsync (44.8 kHz d)
[    81.252] (II) modeset(0): Modeline "640x360"x119.7   31.88  640 664 680 720  360 361 364 370 doublescan +hsync -vsync (44.3 kHz d)
[    81.252] (II) modeset(0): Modeline "640x360"x59.8   18.00  640 664 720 800  360 363 368 376 -hsync +vsync (22.5 kHz d)
[    81.252] (II) modeset(0): Modeline "640x360"x59.3   17.75  640 688 720 800  360 363 368 374 +hsync -vsync (22.2 kHz d)
[    81.252] (II) modeset(0): Modeline "512x384"x120.0   32.50  512 524 592 672  384 385 388 403 doublescan -hsync -vsync (48.4 kHz d)
[    81.252] (II) modeset(0): Modeline "512x288"x120.0   23.25  512 532 580 648  288 289 292 299 doublescan -hsync +vsync (35.9 kHz d)
[    81.252] (II) modeset(0): Modeline "512x288"x119.8   21.00  512 536 552 592  288 289 292 296 doublescan +hsync -vsync (35.5 kHz d)
[    81.252] (II) modeset(0): Modeline "480x270"x119.3   20.38  480 496 544 608  270 271 274 281 doublescan -hsync +vsync (33.5 kHz d)
[    81.252] (II) modeset(0): Modeline "480x270"x119.6   18.62  480 504 520 560  270 271 274 278 doublescan +hsync -vsync (33.3 kHz d)
[    81.252] (II) modeset(0): Modeline "400x300"x120.6   20.00  400 420 484 528  300 300 302 314 doublescan +hsync +vsync (37.9 kHz d)
[    81.252] (II) modeset(0): Modeline "400x300"x112.7   18.00  400 412 448 512  300 300 301 312 doublescan +hsync +vsync (35.2 kHz d)
[    81.252] (II) modeset(0): Modeline "432x243"x119.8   16.25  432 444 484 536  243 244 247 253 doublescan -hsync +vsync (30.3 kHz d)
[    81.252] (II) modeset(0): Modeline "432x243"x119.1   15.25  432 456 472 512  243 244 247 250 doublescan +hsync -vsync (29.8 kHz d)
[    81.252] (II) modeset(0): Modeline "320x240"x120.1   12.59  320 328 376 400  240 245 246 262 doublescan -hsync -vsync (31.5 kHz d)
[    81.252] (II) modeset(0): Modeline "360x202"x119.0   11.25  360 372 404 448  202 204 206 211 doublescan -hsync +vsync (25.1 kHz d)
[    81.252] (II) modeset(0): Modeline "360x202"x118.3   10.88  360 384 400 440  202 204 206 209 doublescan +hsync -vsync (24.7 kHz d)
[    81.252] (II) modeset(0): Modeline "320x180"x119.7    9.00  320 332 360 400  180 181 184 188 doublescan -hsync +vsync (22.5 kHz d)
[    81.252] (II) modeset(0): Modeline "320x180"x118.6    8.88  320 344 360 400  180 181 184 187 doublescan +hsync -vsync (22.2 kHz d)
[    81.264] (II) modeset(0): EDID for output HDMI-1
[    81.264] (II) modeset(0): Output eDP-1 connected
[    81.264] (II) modeset(0): Output HDMI-1 disconnected
[    81.264] (II) modeset(0): Using exact sizes for initial modes
[    81.264] (II) modeset(0): Output eDP-1 using initial mode 1366x768 +0+0
[    81.264] (==) modeset(0): Using gamma correction (1.0, 1.0, 1.0)
[    81.264] (==) modeset(0): DPI set to (96, 96)
[    81.264] (II) Loading sub module "fb"
[    81.264] (II) LoadModule: "fb"
[    81.264] (II) Loading /usr/lib/xorg/modules/libfb.so
[    81.264] (II) Module fb: vendor="X.Org Foundation"
[    81.264] 	compiled for 1.19.6, module version = 1.0.0
[    81.264] 	ABI class: X.Org ANSI C Emulation, version 0.4
[    81.264] (II) UnloadModule: "fbdev"
[    81.264] (II) Unloading fbdev
[    81.264] (II) UnloadSubModule: "fbdevhw"
[    81.264] (II) Unloading fbdevhw
[    81.264] (II) UnloadModule: "vesa"
[    81.264] (II) Unloading vesa
[    81.264] (==) Depth 24 pixmap format is 32 bpp
[    81.329] (==) modeset(0): Backing store enabled
[    81.329] (==) modeset(0): Silken mouse enabled
[    81.329] (II) modeset(0): RandR 1.2 enabled, ignore the following RandR disabled message.
[    81.427] (==) modeset(0): DPMS enabled
[    81.427] (II) modeset(0): [DRI2] Setup complete
[    81.427] (II) modeset(0): [DRI2]   DRI driver: i965
[    81.427] (II) modeset(0): [DRI2]   VDPAU driver: i965
[    81.427] (--) RandR disabled
[    81.441] (II) SELinux: Disabled on system
[    81.464] (II) AIGLX: enabled GLX_MESA_copy_sub_buffer
[    81.464] (II) AIGLX: enabled GLX_ARB_create_context
[    81.464] (II) AIGLX: enabled GLX_ARB_create_context_profile
[    81.464] (II) AIGLX: enabled GLX_EXT_create_context_es{,2}_profile
[    81.464] (II) AIGLX: enabled GLX_INTEL_swap_event
[    81.464] (II) AIGLX: enabled GLX_SGI_swap_control
[    81.464] (II) AIGLX: enabled GLX_EXT_framebuffer_sRGB
[    81.464] (II) AIGLX: enabled GLX_ARB_fbconfig_float
[    81.464] (II) AIGLX: enabled GLX_EXT_fbconfig_packed_float
[    81.464] (II) AIGLX: GLX_EXT_texture_from_pixmap backed by buffer objects
[    81.464] (II) AIGLX: enabled GLX_ARB_create_context_robustness
[    81.465] (II) AIGLX: Loaded and initialized i965
[    81.465] (II) GLX: Initialized DRI2 GL provider for screen 0
[    81.472] (II) modeset(0): Damage tracking initialized
[    81.472] (II) modeset(0): Setting screen physical size to 361 x 203
[    81.520] (II) config/udev: Adding input device Power Button (/dev/input/event2)
[    81.520] (**) Power Button: Applying InputClass "libinput keyboard catchall"
[    81.520] (II) LoadModule: "libinput"
[    81.520] (II) Loading /usr/lib/xorg/modules/input/libinput_drv.so
[    81.521] (II) Module libinput: vendor="X.Org Foundation"
[    81.521] 	compiled for 1.19.6, module version = 0.27.1
[    81.521] 	Module class: X.Org XInput Driver
[    81.521] 	ABI class: X.Org XInput driver, version 24.1
[    81.521] (II) Using input driver 'libinput' for 'Power Button'
[    81.522] (II) systemd-logind: got fd for /dev/input/event2 13:66 fd 21 paused 0
[    81.522] (**) Power Button: always reports core events
[    81.522] (**) Option "Device" "/dev/input/event2"
[    81.522] (**) Option "_source" "server/udev"
[    81.523] (II) event2  - Power Button: is tagged by udev as: Keyboard
[    81.523] (II) event2  - Power Button: device is a keyboard
[    81.523] (II) event2  - Power Button: device removed
[    81.523] (**) Option "config_info" "udev:/sys/devices/LNXSYSTM:00/LNXPWRBN:00/input/input2/event2"
[    81.523] (II) XINPUT: Adding extended input device "Power Button" (type: KEYBOARD, id 6)
[    81.523] (**) Option "xkb_model" "pc105"
[    81.523] (**) Option "xkb_layout" "latam"
[    81.540] (II) event2  - Power Button: is tagged by udev as: Keyboard
[    81.540] (II) event2  - Power Button: device is a keyboard
[    81.540] (II) config/udev: Adding input device Video Bus (/dev/input/event5)
[    81.540] (**) Video Bus: Applying InputClass "libinput keyboard catchall"
[    81.540] (II) Using input driver 'libinput' for 'Video Bus'
[    81.541] (II) systemd-logind: got fd for /dev/input/event5 13:69 fd 24 paused 0
[    81.541] (**) Video Bus: always reports core events
[    81.541] (**) Option "Device" "/dev/input/event5"
[    81.541] (**) Option "_source" "server/udev"
[    81.541] (II) event5  - Video Bus: is tagged by udev as: Keyboard
[    81.541] (II) event5  - Video Bus: device is a keyboard
[    81.541] (II) event5  - Video Bus: device removed
[    81.541] (**) Option "config_info" "udev:/sys/devices/LNXSYSTM:00/LNXSYBUS:00/PNP0A08:00/LNXVIDEO:00/input/input6/event5"
[    81.541] (II) XINPUT: Adding extended input device "Video Bus" (type: KEYBOARD, id 7)
[    81.541] (**) Option "xkb_model" "pc105"
[    81.541] (**) Option "xkb_layout" "latam"
[    81.542] (II) event5  - Video Bus: is tagged by udev as: Keyboard
[    81.542] (II) event5  - Video Bus: device is a keyboard
[    81.542] (II) config/udev: Adding input device Power Button (/dev/input/event1)
[    81.542] (**) Power Button: Applying InputClass "libinput keyboard catchall"
[    81.542] (II) Using input driver 'libinput' for 'Power Button'
[    81.543] (II) systemd-logind: got fd for /dev/input/event1 13:65 fd 25 paused 0
[    81.543] (**) Power Button: always reports core events
[    81.543] (**) Option "Device" "/dev/input/event1"
[    81.543] (**) Option "_source" "server/udev"
[    81.543] (II) event1  - Power Button: is tagged by udev as: Keyboard
[    81.543] (II) event1  - Power Button: device is a keyboard
[    81.543] (II) event1  - Power Button: device removed
[    81.543] (**) Option "config_info" "udev:/sys/devices/LNXSYSTM:00/LNXSYBUS:00/PNP0C0C:00/input/input1/event1"
[    81.543] (II) XINPUT: Adding extended input device "Power Button" (type: KEYBOARD, id 8)
[    81.543] (**) Option "xkb_model" "pc105"
[    81.543] (**) Option "xkb_layout" "latam"
[    81.544] (II) event1  - Power Button: is tagged by udev as: Keyboard
[    81.544] (II) event1  - Power Button: device is a keyboard
[    81.544] (II) config/udev: Adding input device Lid Switch (/dev/input/event0)
[    81.544] (II) No input driver specified, ignoring this device.
[    81.544] (II) This device may have been added with another device file.
[    81.545] (II) config/udev: Adding input device HP Wide Vision HD Camera: HP Wi (/dev/input/event16)
[    81.545] (**) HP Wide Vision HD Camera: HP Wi: Applying InputClass "libinput keyboard catchall"
[    81.545] (II) Using input driver 'libinput' for 'HP Wide Vision HD Camera: HP Wi'
[    81.545] (II) systemd-logind: got fd for /dev/input/event16 13:80 fd 26 paused 0
[    81.545] (**) HP Wide Vision HD Camera: HP Wi: always reports core events
[    81.545] (**) Option "Device" "/dev/input/event16"
[    81.545] (**) Option "_source" "server/udev"
[    81.546] (II) event16 - HP Wide Vision HD Camera: HP Wi: is tagged by udev as: Keyboard
[    81.546] (II) event16 - HP Wide Vision HD Camera: HP Wi: device is a keyboard
[    81.546] (II) event16 - HP Wide Vision HD Camera: HP Wi: device removed
[    81.546] (**) Option "config_info" "udev:/sys/devices/pci0000:00/0000:00:14.0/usb1/1-4/1-4:1.0/input/input18/event16"
[    81.546] (II) XINPUT: Adding extended input device "HP Wide Vision HD Camera: HP Wi" (type: KEYBOARD, id 9)
[    81.546] (**) Option "xkb_model" "pc105"
[    81.546] (**) Option "xkb_layout" "latam"
[    81.546] (II) event16 - HP Wide Vision HD Camera: HP Wi: is tagged by udev as: Keyboard
[    81.546] (II) event16 - HP Wide Vision HD Camera: HP Wi: device is a keyboard
[    81.547] (II) config/udev: Adding input device ELAN0732:00 04F3:24B8 (/dev/input/event17)
[    81.547] (**) ELAN0732:00 04F3:24B8: Applying InputClass "libinput touchscreen catchall"
[    81.547] (II) Using input driver 'libinput' for 'ELAN0732:00 04F3:24B8'
[    81.548] (II) systemd-logind: got fd for /dev/input/event17 13:81 fd 27 paused 0
[    81.548] (**) ELAN0732:00 04F3:24B8: always reports core events
[    81.548] (**) Option "Device" "/dev/input/event17"
[    81.548] (**) Option "_source" "server/udev"
[    81.549] (II) event17 - ELAN0732:00 04F3:24B8: is tagged by udev as: Touchscreen
[    81.549] (II) event17 - ELAN0732:00 04F3:24B8: device is a touch device
[    81.549] (II) event17 - ELAN0732:00 04F3:24B8: device removed
[    81.549] (**) Option "config_info" "udev:/sys/devices/pci0000:00/0000:00:15.1/i2c_designware.1/i2c-5/i2c-ELAN0732:00/0018:04F3:24B8.0003/input/input19/event17"
[    81.549] (II) XINPUT: Adding extended input device "ELAN0732:00 04F3:24B8" (type: TOUCHSCREEN, id 10)
[    81.549] (**) Option "AccelerationScheme" "none"
[    81.549] (**) ELAN0732:00 04F3:24B8: (accel) selected scheme none/0
[    81.549] (**) ELAN0732:00 04F3:24B8: (accel) acceleration factor: 2.000
[    81.549] (**) ELAN0732:00 04F3:24B8: (accel) acceleration threshold: 4
[    81.549] (II) event17 - ELAN0732:00 04F3:24B8: is tagged by udev as: Touchscreen
[    81.549] (II) event17 - ELAN0732:00 04F3:24B8: device is a touch device
[    81.550] (II) config/udev: Adding input device ELAN0732:00 04F3:24B8 (/dev/input/mouse1)
[    81.550] (II) No input driver specified, ignoring this device.
[    81.550] (II) This device may have been added with another device file.
[    81.550] (II) config/udev: Adding input device ELAN0732:00 04F3:24B8 Pen (/dev/input/event18)
[    81.550] (**) ELAN0732:00 04F3:24B8 Pen: Applying InputClass "libinput tablet catchall"
[    81.550] (II) Using input driver 'libinput' for 'ELAN0732:00 04F3:24B8 Pen'
[    81.552] (II) systemd-logind: got fd for /dev/input/event18 13:82 fd 28 paused 0
[    81.552] (**) ELAN0732:00 04F3:24B8 Pen: always reports core events
[    81.552] (**) Option "Device" "/dev/input/event18"
[    81.552] (**) Option "_source" "server/udev"
[    81.552] (II) event18 - ELAN0732:00 04F3:24B8 Pen: is tagged by udev as: Tablet
[    81.558] (II) event18 - ELAN0732:00 04F3:24B8 Pen: tablet 'ELAN0732:00 04F3:24B8 Pen' unknown to libwacom
[    81.558] (II) event18 - ELAN0732:00 04F3:24B8 Pen: device is a tablet
[    81.558] (II) event18 - ELAN0732:00 04F3:24B8 Pen: device removed
[    81.558] (**) Option "config_info" "udev:/sys/devices/pci0000:00/0000:00:15.1/i2c_designware.1/i2c-5/i2c-ELAN0732:00/0018:04F3:24B8.0003/input/input22/event18"
[    81.558] (II) XINPUT: Adding extended input device "ELAN0732:00 04F3:24B8 Pen" (type: TABLET, id 11)
[    81.558] (II) event18 - ELAN0732:00 04F3:24B8 Pen: is tagged by udev as: Tablet
[    81.564] (II) event18 - ELAN0732:00 04F3:24B8 Pen: tablet 'ELAN0732:00 04F3:24B8 Pen' unknown to libwacom
[    81.564] (II) event18 - ELAN0732:00 04F3:24B8 Pen: device is a tablet
[    81.564] (II) config/udev: Adding input device ELAN0732:00 04F3:24B8 Pen (/dev/input/mouse2)
[    81.564] (II) No input driver specified, ignoring this device.
[    81.564] (II) This device may have been added with another device file.
[    81.565] (II) config/udev: Adding input device Intel Virtual Button driver (/dev/input/event7)
[    81.565] (**) Intel Virtual Button driver: Applying InputClass "libinput keyboard catchall"
[    81.565] (II) Using input driver 'libinput' for 'Intel Virtual Button driver'
[    81.566] (II) systemd-logind: got fd for /dev/input/event7 13:71 fd 30 paused 0
[    81.566] (**) Intel Virtual Button driver: always reports core events
[    81.566] (**) Option "Device" "/dev/input/event7"
[    81.567] (**) Option "_source" "server/udev"
[    81.567] (II) event7  - Intel Virtual Button driver: is tagged by udev as: Keyboard
[    81.567] (II) event7  - Intel Virtual Button driver: device is a keyboard
[    81.567] (II) event7  - Intel Virtual Button driver: device removed
[    81.567] (**) Option "config_info" "udev:/sys/devices/pci0000:00/0000:00:1f.0/PNP0C09:01/INT33D6:01/input/input8/event7"
[    81.567] (II) XINPUT: Adding extended input device "Intel Virtual Button driver" (type: KEYBOARD, id 12)
[    81.567] (**) Option "xkb_model" "pc105"
[    81.567] (**) Option "xkb_layout" "latam"
[    81.567] (II) event7  - Intel Virtual Button driver: is tagged by udev as: Keyboard
[    81.567] (II) event7  - Intel Virtual Button driver: device is a keyboard
[    81.567] (II) config/udev: Adding input device HDA Intel PCH Mic (/dev/input/event9)
[    81.567] (II) No input driver specified, ignoring this device.
[    81.567] (II) This device may have been added with another device file.
[    81.568] (II) config/udev: Adding input device HDA Intel PCH Headphone (/dev/input/event10)
[    81.568] (II) No input driver specified, ignoring this device.
[    81.568] (II) This device may have been added with another device file.
[    81.568] (II) config/udev: Adding input device HDA Intel PCH HDMI/DP,pcm=3 (/dev/input/event11)
[    81.568] (II) No input driver specified, ignoring this device.
[    81.568] (II) This device may have been added with another device file.
[    81.568] (II) config/udev: Adding input device HDA Intel PCH HDMI/DP,pcm=7 (/dev/input/event12)
[    81.568] (II) No input driver specified, ignoring this device.
[    81.568] (II) This device may have been added with another device file.
[    81.569] (II) config/udev: Adding input device HDA Intel PCH HDMI/DP,pcm=8 (/dev/input/event13)
[    81.569] (II) No input driver specified, ignoring this device.
[    81.569] (II) This device may have been added with another device file.
[    81.569] (II) config/udev: Adding input device HDA Intel PCH HDMI/DP,pcm=9 (/dev/input/event14)
[    81.569] (II) No input driver specified, ignoring this device.
[    81.569] (II) This device may have been added with another device file.
[    81.569] (II) config/udev: Adding input device HDA Intel PCH HDMI/DP,pcm=10 (/dev/input/event15)
[    81.569] (II) No input driver specified, ignoring this device.
[    81.569] (II) This device may have been added with another device file.
[    81.570] (II) config/udev: Adding input device Intel Virtual Button driver (/dev/input/event8)
[    81.570] (**) Intel Virtual Button driver: Applying InputClass "libinput keyboard catchall"
[    81.570] (II) Using input driver 'libinput' for 'Intel Virtual Button driver'
[    81.571] (II) systemd-logind: got fd for /dev/input/event8 13:72 fd 31 paused 0
[    81.571] (**) Intel Virtual Button driver: always reports core events
[    81.571] (**) Option "Device" "/dev/input/event8"
[    81.571] (**) Option "_source" "server/udev"
[    81.571] (II) event8  - Intel Virtual Button driver: is tagged by udev as: Keyboard
[    81.571] (II) event8  - Intel Virtual Button driver: device is a keyboard
[    81.571] (II) event8  - Intel Virtual Button driver: device removed
[    81.571] (**) Option "config_info" "udev:/sys/devices/platform/INT33D6:00/input/input9/event8"
[    81.571] (II) XINPUT: Adding extended input device "Intel Virtual Button driver" (type: KEYBOARD, id 13)
[    81.571] (**) Option "xkb_model" "pc105"
[    83.035] (**) Option "xkb_layout" "latam"
[    83.037] (II) event8  - Intel Virtual Button driver: is tagged by udev as: Keyboard
[    83.037] (II) event8  - Intel Virtual Button driver: device is a keyboard
[    83.039] (II) config/udev: Adding input device AT Translated Set 2 keyboard (/dev/input/event3)
[    83.040] (**) AT Translated Set 2 keyboard: Applying InputClass "libinput keyboard catchall"
[    83.040] (II) Using input driver 'libinput' for 'AT Translated Set 2 keyboard'
[    83.042] (II) systemd-logind: got fd for /dev/input/event3 13:67 fd 32 paused 0
[    83.042] (**) AT Translated Set 2 keyboard: always reports core events
[    83.042] (**) Option "Device" "/dev/input/event3"
[    83.042] (**) Option "_source" "server/udev"
[    83.044] (II) event3  - AT Translated Set 2 keyboard: is tagged by udev as: Keyboard
[    83.044] (II) event3  - AT Translated Set 2 keyboard: device is a keyboard
[    83.044] (II) event3  - AT Translated Set 2 keyboard: device removed
[    83.044] (**) Option "config_info" "udev:/sys/devices/platform/i8042/serio0/input/input3/event3"
[    83.044] (II) XINPUT: Adding extended input device "AT Translated Set 2 keyboard" (type: KEYBOARD, id 14)
[    83.044] (**) Option "xkb_model" "pc105"
[    83.044] (**) Option "xkb_layout" "latam"
[    83.046] (II) event3  - AT Translated Set 2 keyboard: is tagged by udev as: Keyboard
[    83.046] (II) event3  - AT Translated Set 2 keyboard: device is a keyboard
[    83.047] (II) config/udev: Adding input device ETPS/2 Elantech Touchpad (/dev/input/event4)
[    83.047] (**) ETPS/2 Elantech Touchpad: Applying InputClass "libinput touchpad catchall"
[    83.047] (II) Using input driver 'libinput' for 'ETPS/2 Elantech Touchpad'
[    83.049] (II) systemd-logind: got fd for /dev/input/event4 13:68 fd 33 paused 0
[    83.050] (**) ETPS/2 Elantech Touchpad: always reports core events
[    83.050] (**) Option "Device" "/dev/input/event4"
[    83.050] (**) Option "_source" "server/udev"
[    83.051] (II) event4  - ETPS/2 Elantech Touchpad: is tagged by udev as: Touchpad
[    83.051] (II) event4  - ETPS/2 Elantech Touchpad: device is a touchpad
[    83.051] (II) event4  - ETPS/2 Elantech Touchpad: device removed
[    83.052] (**) Option "config_info" "udev:/sys/devices/platform/i8042/serio1/input/input5/event4"
[    83.052] (II) XINPUT: Adding extended input device "ETPS/2 Elantech Touchpad" (type: TOUCHPAD, id 15)
[    83.053] (**) Option "AccelerationScheme" "none"
[    83.053] (**) ETPS/2 Elantech Touchpad: (accel) selected scheme none/0
[    83.053] (**) ETPS/2 Elantech Touchpad: (accel) acceleration factor: 2.000
[    83.053] (**) ETPS/2 Elantech Touchpad: (accel) acceleration threshold: 4
[    83.054] (II) event4  - ETPS/2 Elantech Touchpad: is tagged by udev as: Touchpad
[    83.054] (II) event4  - ETPS/2 Elantech Touchpad: device is a touchpad
[    83.056] (II) config/udev: Adding input device ETPS/2 Elantech Touchpad (/dev/input/mouse0)
[    83.056] (II) No input driver specified, ignoring this device.
[    83.056] (II) This device may have been added with another device file.
[    83.065] (II) config/udev: Adding input device HP WMI hotkeys (/dev/input/event19)
[    83.065] (**) HP WMI hotkeys: Applying InputClass "libinput keyboard catchall"
[    83.065] (II) Using input driver 'libinput' for 'HP WMI hotkeys'
[    83.067] (II) systemd-logind: got fd for /dev/input/event19 13:83 fd 34 paused 0
[    83.067] (**) HP WMI hotkeys: always reports core events
[    83.067] (**) Option "Device" "/dev/input/event19"
[    83.067] (**) Option "_source" "server/udev"
[    83.068] (II) event19 - HP WMI hotkeys: is tagged by udev as: Keyboard Switch
[    83.068] (II) event19 - HP WMI hotkeys: device is a keyboard
[    83.068] (II) event19 - HP WMI hotkeys: device removed
[    83.068] (**) Option "config_info" "udev:/sys/devices/virtual/input/input17/event19"
[    83.068] (II) XINPUT: Adding extended input device "HP WMI hotkeys" (type: KEYBOARD, id 16)
[    83.069] (**) Option "xkb_model" "pc105"
[    83.069] (**) Option "xkb_layout" "latam"
[    83.070] (II) event19 - HP WMI hotkeys: is tagged by udev as: Keyboard Switch
[    83.070] (II) event19 - HP WMI hotkeys: device is a keyboard
[    83.071] (II) config/udev: Adding input device HP Wireless hotkeys (/dev/input/event6)
[    83.071] (**) HP Wireless hotkeys: Applying InputClass "libinput keyboard catchall"
[    83.071] (II) Using input driver 'libinput' for 'HP Wireless hotkeys'
[    83.076] (II) systemd-logind: got fd for /dev/input/event6 13:70 fd 35 paused 0
[    83.076] (**) HP Wireless hotkeys: always reports core events
[    83.076] (**) Option "Device" "/dev/input/event6"
[    83.076] (**) Option "_source" "server/udev"
[    83.077] (II) event6  - HP Wireless hotkeys: is tagged by udev as: Keyboard
[    83.078] (II) event6  - HP Wireless hotkeys: device is a keyboard
[    83.078] (II) event6  - HP Wireless hotkeys: device removed
[    83.078] (**) Option "config_info" "udev:/sys/devices/virtual/input/input7/event6"
[    83.078] (II) XINPUT: Adding extended input device "HP Wireless hotkeys" (type: KEYBOARD, id 17)
[    83.078] (**) Option "xkb_model" "pc105"
[    83.078] (**) Option "xkb_layout" "latam"
[    83.080] (II) event6  - HP Wireless hotkeys: is tagged by udev as: Keyboard
[    83.080] (II) event6  - HP Wireless hotkeys: device is a keyboard
[    84.543] (II) modeset(0): EDID vendor "AUO", prod id 29164
[    84.543] (II) modeset(0): Printing DDC gathered Modelines:
[    84.543] (II) modeset(0): Modeline "1366x768"x0.0   76.30  1366 1374 1384 1558  768 771 772 816 -hsync -vsync (49.0 kHz eP)
[    84.543] (II) modeset(0): Modeline "1366x768"x0.0   50.87  1366 1374 1384 1558  768 771 772 816 -hsync -vsync (32.7 kHz e)
[   114.643] (II) modeset(0): EDID vendor "AUO", prod id 29164
[   114.643] (II) modeset(0): Printing DDC gathered Modelines:
[   114.643] (II) modeset(0): Modeline "1366x768"x0.0   76.30  1366 1374 1384 1558  768 771 772 816 -hsync -vsync (49.0 kHz eP)
[   114.643] (II) modeset(0): Modeline "1366x768"x0.0   50.87  1366 1374 1384 1558  768 771 772 816 -hsync -vsync (32.7 kHz e)
[   305.912] (**) Option "fd" "27"
[   305.913] (II) event17 - ELAN0732:00 04F3:24B8: device removed
[   307.097] (II) event17 - ELAN0732:00 04F3:24B8: is tagged by udev as: Touchscreen
[   307.097] (II) event17 - ELAN0732:00 04F3:24B8: device is a touch device
[  1221.414] (II) modeset(0): Allocate new frame buffer 768x1366 stride
[  1222.424] (II) modeset(0): EDID vendor "AUO", prod id 29164
[  1222.424] (II) modeset(0): Printing DDC gathered Modelines:
[  1222.424] (II) modeset(0): Modeline "1366x768"x0.0   76.30  1366 1374 1384 1558  768 771 772 816 -hsync -vsync (49.0 kHz eP)
[  1222.424] (II) modeset(0): Modeline "1366x768"x0.0   50.87  1366 1374 1384 1558  768 771 772 816 -hsync -vsync (32.7 kHz e)
[  1222.828] (II) modeset(0): Allocate new frame buffer 1366x768 stride
[  1223.785] (II) modeset(0): EDID vendor "AUO", prod id 29164
[  1223.785] (II) modeset(0): Printing DDC gathered Modelines:
[  1223.785] (II) modeset(0): Modeline "1366x768"x0.0   76.30  1366 1374 1384 1558  768 771 772 816 -hsync -vsync (49.0 kHz eP)
[  1223.785] (II) modeset(0): Modeline "1366x768"x0.0   50.87  1366 1374 1384 1558  768 771 772 816 -hsync -vsync (32.7 kHz e)
[  1250.154] (II) modeset(0): Allocate new frame buffer 768x1366 stride
[  1251.158] (II) modeset(0): EDID vendor "AUO", prod id 29164
[  1251.158] (II) modeset(0): Printing DDC gathered Modelines:
[  1251.158] (II) modeset(0): Modeline "1366x768"x0.0   76.30  1366 1374 1384 1558  768 771 772 816 -hsync -vsync (49.0 kHz eP)
[  1251.158] (II) modeset(0): Modeline "1366x768"x0.0   50.87  1366 1374 1384 1558  768 771 772 816 -hsync -vsync (32.7 kHz e)
[  1257.867] (II) modeset(0): Allocate new frame buffer 1366x768 stride
[  1258.832] (II) modeset(0): EDID vendor "AUO", prod id 29164
[  1258.832] (II) modeset(0): Printing DDC gathered Modelines:
[  1258.832] (II) modeset(0): Modeline "1366x768"x0.0   76.30  1366 1374 1384 1558  768 771 772 816 -hsync -vsync (49.0 kHz eP)
[  1258.832] (II) modeset(0): Modeline "1366x768"x0.0   50.87  1366 1374 1384 1558  768 771 772 816 -hsync -vsync (32.7 kHz e)
[  1261.379] (II) modeset(0): Allocate new frame buffer 768x1366 stride
[  1262.352] (II) modeset(0): EDID vendor "AUO", prod id 29164
[  1262.353] (II) modeset(0): Printing DDC gathered Modelines:
[  1262.353] (II) modeset(0): Modeline "1366x768"x0.0   76.30  1366 1374 1384 1558  768 771 772 816 -hsync -vsync (49.0 kHz eP)
[  1262.353] (II) modeset(0): Modeline "1366x768"x0.0   50.87  1366 1374 1384 1558  768 771 772 816 -hsync -vsync (32.7 kHz e)
[  1262.742] (II) modeset(0): Allocate new frame buffer 1366x768 stride
[  1263.689] (II) modeset(0): EDID vendor "AUO", prod id 29164
[  1263.689] (II) modeset(0): Printing DDC gathered Modelines:
[  1263.689] (II) modeset(0): Modeline "1366x768"x0.0   76.30  1366 1374 1384 1558  768 771 772 816 -hsync -vsync (49.0 kHz eP)
[  1263.689] (II) modeset(0): Modeline "1366x768"x0.0   50.87  1366 1374 1384 1558  768 771 772 816 -hsync -vsync (32.7 kHz e)
[  1266.994] (II) modeset(0): Allocate new frame buffer 768x1366 stride
[  1267.944] (II) modeset(0): EDID vendor "AUO", prod id 29164
[  1267.944] (II) modeset(0): Printing DDC gathered Modelines:
[  1267.944] (II) modeset(0): Modeline "1366x768"x0.0   76.30  1366 1374 1384 1558  768 771 772 816 -hsync -vsync (49.0 kHz eP)
[  1267.944] (II) modeset(0): Modeline "1366x768"x0.0   50.87  1366 1374 1384 1558  768 771 772 816 -hsync -vsync (32.7 kHz e)
[  1268.349] (II) modeset(0): Allocate new frame buffer 1366x768 stride
[  1269.289] (II) modeset(0): EDID vendor "AUO", prod id 29164
[  1269.289] (II) modeset(0): Printing DDC gathered Modelines:
[  1269.289] (II) modeset(0): Modeline "1366x768"x0.0   76.30  1366 1374 1384 1558  768 771 772 816 -hsync -vsync (49.0 kHz eP)
[  1269.289] (II) modeset(0): Modeline "1366x768"x0.0   50.87  1366 1374 1384 1558  768 771 772 816 -hsync -vsync (32.7 kHz e)
[  1279.966] (II) event17 - ELAN0732:00 04F3:24B8: device removed
[  1289.875] (II) event17 - ELAN0732:00 04F3:24B8: is tagged by udev as: Touchscreen
[  1289.875] (II) event17 - ELAN0732:00 04F3:24B8: device is a touch device
[  1306.945] (II) event17 - ELAN0732:00 04F3:24B8: device removed
[  1307.254] (II) event17 - ELAN0732:00 04F3:24B8: is tagged by udev as: Touchscreen
[  1307.254] (II) event17 - ELAN0732:00 04F3:24B8: device is a touch device
[  2678.322] (II) modeset(0): EDID vendor "AUO", prod id 29164
[  2678.322] (II) modeset(0): Printing DDC gathered Modelines:
[  2678.322] (II) modeset(0): Modeline "1366x768"x0.0   76.30  1366 1374 1384 1558  768 771 772 816 -hsync -vsync (49.0 kHz eP)
[  2678.322] (II) modeset(0): Modeline "1366x768"x0.0   50.87  1366 1374 1384 1558  768 771 772 816 -hsync -vsync (32.7 kHz e)
[  3211.056] (II) modeset(0): EDID vendor "AUO", prod id 29164
[  3211.056] (II) modeset(0): Printing DDC gathered Modelines:
[  3211.056] (II) modeset(0): Modeline "1366x768"x0.0   76.30  1366 1374 1384 1558  768 771 772 816 -hsync -vsync (49.0 kHz eP)
[  3211.056] (II) modeset(0): Modeline "1366x768"x0.0   50.87  1366 1374 1384 1558  768 771 772 816 -hsync -vsync (32.7 kHz e)
[  3211.082] (II) modeset(0): EDID vendor "AUO", prod id 29164
[  3211.082] (II) modeset(0): Printing DDC gathered Modelines:
[  3211.082] (II) modeset(0): Modeline "1366x768"x0.0   76.30  1366 1374 1384 1558  768 771 772 816 -hsync -vsync (49.0 kHz eP)
[  3211.082] (II) modeset(0): Modeline "1366x768"x0.0   50.87  1366 1374 1384 1558  768 771 772 816 -hsync -vsync (32.7 kHz e)
[  3231.949] (II) modeset(0): EDID vendor "AUO", prod id 29164
[  3231.949] (II) modeset(0): Printing DDC gathered Modelines:
[  3231.949] (II) modeset(0): Modeline "1366x768"x0.0   76.30  1366 1374 1384 1558  768 771 772 816 -hsync -vsync (49.0 kHz eP)
[  3231.949] (II) modeset(0): Modeline "1366x768"x0.0   50.87  1366 1374 1384 1558  768 771 772 816 -hsync -vsync (32.7 kHz e)
[  3231.972] (II) modeset(0): EDID vendor "AUO", prod id 29164
[  3231.972] (II) modeset(0): Printing DDC gathered Modelines:
[  3231.972] (II) modeset(0): Modeline "1366x768"x0.0   76.30  1366 1374 1384 1558  768 771 772 816 -hsync -vsync (49.0 kHz eP)
[  3231.972] (II) modeset(0): Modeline "1366x768"x0.0   50.87  1366 1374 1384 1558  768 771 772 816 -hsync -vsync (32.7 kHz e)
[  3360.437] (II) modeset(0): EDID vendor "AUO", prod id 29164
[  3360.437] (II) modeset(0): Printing DDC gathered Modelines:
[  3360.437] (II) modeset(0): Modeline "1366x768"x0.0   76.30  1366 1374 1384 1558  768 771 772 816 -hsync -vsync (49.0 kHz eP)
[  3360.437] (II) modeset(0): Modeline "1366x768"x0.0   50.87  1366 1374 1384 1558  768 771 772 816 -hsync -vsync (32.7 kHz e)
[  3360.479] (II) modeset(0): EDID vendor "AUO", prod id 29164
[  3360.479] (II) modeset(0): Printing DDC gathered Modelines:
[  3360.479] (II) modeset(0): Modeline "1366x768"x0.0   76.30  1366 1374 1384 1558  768 771 772 816 -hsync -vsync (49.0 kHz eP)
[  3360.479] (II) modeset(0): Modeline "1366x768"x0.0   50.87  1366 1374 1384 1558  768 771 772 816 -hsync -vsync (32.7 kHz e)
[  3361.537] (II) modeset(0): EDID vendor "AUO", prod id 29164
[  3361.537] (II) modeset(0): Printing DDC gathered Modelines:
[  3361.537] (II) modeset(0): Modeline "1366x768"x0.0   76.30  1366 1374 1384 1558  768 771 772 816 -hsync -vsync (49.0 kHz eP)
[  3361.538] (II) modeset(0): Modeline "1366x768"x0.0   50.87  1366 1374 1384 1558  768 771 772 816 -hsync -vsync (32.7 kHz e)
[  3361.579] (II) modeset(0): EDID vendor "AUO", prod id 29164
[  3361.579] (II) modeset(0): Printing DDC gathered Modelines:
[  3361.579] (II) modeset(0): Modeline "1366x768"x0.0   76.30  1366 1374 1384 1558  768 771 772 816 -hsync -vsync (49.0 kHz eP)
[  3361.579] (II) modeset(0): Modeline "1366x768"x0.0   50.87  1366 1374 1384 1558  768 771 772 816 -hsync -vsync (32.7 kHz e)
[  3469.363] (II) modeset(0): EDID vendor "AUO", prod id 29164
[  3469.363] (II) modeset(0): Printing DDC gathered Modelines:
[  3469.363] (II) modeset(0): Modeline "1366x768"x0.0   76.30  1366 1374 1384 1558  768 771 772 816 -hsync -vsync (49.0 kHz eP)
[  3469.363] (II) modeset(0): Modeline "1366x768"x0.0   50.87  1366 1374 1384 1558  768 771 772 816 -hsync -vsync (32.7 kHz e)
[  3469.405] (II) modeset(0): EDID vendor "AUO", prod id 29164
[  3469.405] (II) modeset(0): Printing DDC gathered Modelines:
[  3469.405] (II) modeset(0): Modeline "1366x768"x0.0   76.30  1366 1374 1384 1558  768 771 772 816 -hsync -vsync (49.0 kHz eP)
[  3469.405] (II) modeset(0): Modeline "1366x768"x0.0   50.87  1366 1374 1384 1558  768 771 772 816 -hsync -vsync (32.7 kHz e)
[  3924.161] (II) modeset(0): EDID vendor "AUO", prod id 29164
[  3924.161] (II) modeset(0): Printing DDC gathered Modelines:
[  3924.161] (II) modeset(0): Modeline "1366x768"x0.0   76.30  1366 1374 1384 1558  768 771 772 816 -hsync -vsync (49.0 kHz eP)
[  3924.161] (II) modeset(0): Modeline "1366x768"x0.0   50.87  1366 1374 1384 1558  768 771 772 816 -hsync -vsync (32.7 kHz e)
[  3934.945] (II) modeset(0): EDID vendor "AUO", prod id 29164
[  3934.945] (II) modeset(0): Printing DDC gathered Modelines:
[  3934.945] (II) modeset(0): Modeline "1366x768"x0.0   76.30  1366 1374 1384 1558  768 771 772 816 -hsync -vsync (49.0 kHz eP)
[  3934.945] (II) modeset(0): Modeline "1366x768"x0.0   50.87  1366 1374 1384 1558  768 771 772 816 -hsync -vsync (32.7 kHz e)
[  5094.846] (II) modeset(0): EDID vendor "AUO", prod id 29164
[  5094.846] (II) modeset(0): Printing DDC gathered Modelines:
[  5094.846] (II) modeset(0): Modeline "1366x768"x0.0   76.30  1366 1374 1384 1558  768 771 772 816 -hsync -vsync (49.0 kHz eP)
[  5094.846] (II) modeset(0): Modeline "1366x768"x0.0   50.87  1366 1374 1384 1558  768 771 772 816 -hsync -vsync (32.7 kHz e)
[  5278.505] (II) event17 - ELAN0732:00 04F3:24B8: device removed
[  5299.820] (II) event17 - ELAN0732:00 04F3:24B8: is tagged by udev as: Touchscreen
[  5299.820] (II) event17 - ELAN0732:00 04F3:24B8: device is a touch device
[  5307.809] (II) modeset(0): EDID vendor "AUO", prod id 29164
[  5307.809] (II) modeset(0): Printing DDC gathered Modelines:
[  5307.809] (II) modeset(0): Modeline "1366x768"x0.0   76.30  1366 1374 1384 1558  768 771 772 816 -hsync -vsync (49.0 kHz eP)
[  5307.809] (II) modeset(0): Modeline "1366x768"x0.0   50.87  1366 1374 1384 1558  768 771 772 816 -hsync -vsync (32.7 kHz e)
[  5538.881] (II) modeset(0): EDID vendor "AUO", prod id 29164
[  5538.881] (II) modeset(0): Printing DDC gathered Modelines:
[  5538.881] (II) modeset(0): Modeline "1366x768"x0.0   76.30  1366 1374 1384 1558  768 771 772 816 -hsync -vsync (49.0 kHz eP)
[  5538.881] (II) modeset(0): Modeline "1366x768"x0.0   50.87  1366 1374 1384 1558  768 771 772 816 -hsync -vsync (32.7 kHz e)
[  6038.420] (II) modeset(0): EDID vendor "AUO", prod id 29164
[  6038.420] (II) modeset(0): Printing DDC gathered Modelines:
[  6038.420] (II) modeset(0): Modeline "1366x768"x0.0   76.30  1366 1374 1384 1558  768 771 772 816 -hsync -vsync (49.0 kHz eP)
[  6038.420] (II) modeset(0): Modeline "1366x768"x0.0   50.87  1366 1374 1384 1558  768 771 772 816 -hsync -vsync (32.7 kHz e)
