-- Logs begin at Sat 2018-07-21 21:00:22 CEST, end at Sat 2018-09-01 23:13:50 CEST. --
Sep 01 23:12:17 jl-xps /usr/libexec/gdm-x-session[1794]: (--) Log file renamed from "/home/jl/.local/share/xorg/Xorg.pid-1796.log" to "/home/jl/.local/share/xorg/Xorg.0.log"
Sep 01 23:12:17 jl-xps /usr/libexec/gdm-x-session[1794]: X.Org X Server 1.19.6
Sep 01 23:12:17 jl-xps /usr/libexec/gdm-x-session[1794]: Release Date: 2017-12-20
Sep 01 23:12:17 jl-xps /usr/libexec/gdm-x-session[1794]: X Protocol Version 11, Revision 0
Sep 01 23:12:17 jl-xps /usr/libexec/gdm-x-session[1794]: Build Operating System:  4.15.3-300.fc27.x86_64
Sep 01 23:12:17 jl-xps /usr/libexec/gdm-x-session[1794]: Current Operating System: Linux jl-xps 4.19.0-0.rc0.git12.1.fc30.x86_64 #1 SMP Sat Aug 25 14:33:07 UTC 2018 x86_64
Sep 01 23:12:17 jl-xps /usr/libexec/gdm-x-session[1794]: Kernel command line: BOOT_IMAGE=/vmlinuz-4.19.0-0.rc0.git12.1.fc30.x86_64 root=UUID=4a03d63b-5401-429b-b9a7-d4754c238655 ro resume=UUID=635293b8-8b39-482e-9d26-b4607fbf424c rhgb quiet LANG=en_DK.UTF-8
Sep 01 23:12:17 jl-xps /usr/libexec/gdm-x-session[1794]: Build Date: 23 April 2018  06:16:50PM
Sep 01 23:12:17 jl-xps /usr/libexec/gdm-x-session[1794]: Build ID: xorg-x11-server 1.19.6-8.fc28
Sep 01 23:12:17 jl-xps /usr/libexec/gdm-x-session[1794]: Current version of pixman: 0.34.0
Sep 01 23:12:17 jl-xps /usr/libexec/gdm-x-session[1794]:         Before reporting problems, check http://wiki.x.org
Sep 01 23:12:17 jl-xps /usr/libexec/gdm-x-session[1794]:         to make sure that you have the latest version.
Sep 01 23:12:17 jl-xps /usr/libexec/gdm-x-session[1794]: Markers: (--) probed, (**) from config file, (==) default setting,
Sep 01 23:12:17 jl-xps /usr/libexec/gdm-x-session[1794]:         (++) from command line, (!!) notice, (II) informational,
Sep 01 23:12:17 jl-xps /usr/libexec/gdm-x-session[1794]:         (WW) warning, (EE) error, (NI) not implemented, (??) unknown.
Sep 01 23:12:17 jl-xps /usr/libexec/gdm-x-session[1794]: (==) Log file: "/home/jl/.local/share/xorg/Xorg.0.log", Time: Sat Sep  1 23:12:17 2018
Sep 01 23:12:17 jl-xps /usr/libexec/gdm-x-session[1794]: (==) Using config directory: "/etc/X11/xorg.conf.d"
Sep 01 23:12:17 jl-xps /usr/libexec/gdm-x-session[1794]: (==) Using system config directory "/usr/share/X11/xorg.conf.d"
Sep 01 23:12:17 jl-xps /usr/libexec/gdm-x-session[1794]: (==) No Layout section.  Using the first Screen section.
Sep 01 23:12:17 jl-xps /usr/libexec/gdm-x-session[1794]: (==) No screen section available. Using defaults.
Sep 01 23:12:17 jl-xps /usr/libexec/gdm-x-session[1794]: (**) |-->Screen "Default Screen Section" (0)
Sep 01 23:12:17 jl-xps /usr/libexec/gdm-x-session[1794]: (**) |   |-->Monitor "<default monitor>"
Sep 01 23:12:17 jl-xps /usr/libexec/gdm-x-session[1794]: (==) No monitor specified for screen "Default Screen Section".
Sep 01 23:12:17 jl-xps /usr/libexec/gdm-x-session[1794]:         Using a default monitor configuration.
Sep 01 23:12:17 jl-xps /usr/libexec/gdm-x-session[1794]: (==) Automatically adding devices
Sep 01 23:12:17 jl-xps /usr/libexec/gdm-x-session[1794]: (==) Automatically enabling devices
Sep 01 23:12:17 jl-xps /usr/libexec/gdm-x-session[1794]: (==) Automatically adding GPU devices
Sep 01 23:12:17 jl-xps /usr/libexec/gdm-x-session[1794]: (==) Automatically binding GPU devices
Sep 01 23:12:17 jl-xps /usr/libexec/gdm-x-session[1794]: (==) Max clients allowed: 256, resource mask: 0x1fffff
Sep 01 23:12:17 jl-xps /usr/libexec/gdm-x-session[1794]: (==) FontPath set to:
Sep 01 23:12:17 jl-xps /usr/libexec/gdm-x-session[1794]:         catalogue:/etc/X11/fontpath.d,
Sep 01 23:12:17 jl-xps /usr/libexec/gdm-x-session[1794]:         built-ins
Sep 01 23:12:17 jl-xps /usr/libexec/gdm-x-session[1794]: (==) ModulePath set to "/usr/lib64/xorg/modules"
Sep 01 23:12:17 jl-xps /usr/libexec/gdm-x-session[1794]: (II) The server relies on udev to provide the list of input devices.
Sep 01 23:12:17 jl-xps /usr/libexec/gdm-x-session[1794]:         If no devices become available, reconfigure udev or disable AutoAddDevices.
Sep 01 23:12:17 jl-xps /usr/libexec/gdm-x-session[1794]: (II) Loader magic: 0x825e00
Sep 01 23:12:17 jl-xps /usr/libexec/gdm-x-session[1794]: (II) Module ABI versions:
Sep 01 23:12:17 jl-xps /usr/libexec/gdm-x-session[1794]:         X.Org ANSI C Emulation: 0.4
Sep 01 23:12:17 jl-xps /usr/libexec/gdm-x-session[1794]:         X.Org Video Driver: 23.0
Sep 01 23:12:17 jl-xps /usr/libexec/gdm-x-session[1794]:         X.Org XInput driver : 24.1
Sep 01 23:12:17 jl-xps /usr/libexec/gdm-x-session[1794]:         X.Org Server Extension : 10.0
Sep 01 23:12:17 jl-xps /usr/libexec/gdm-x-session[1794]: (++) using VT number 2
Sep 01 23:12:17 jl-xps /usr/libexec/gdm-x-session[1794]: (II) systemd-logind: took control of session /org/freedesktop/login1/session/_32
Sep 01 23:12:17 jl-xps /usr/libexec/gdm-x-session[1794]: (II) xfree86: Adding drm device (/dev/dri/card1)
Sep 01 23:12:17 jl-xps /usr/libexec/gdm-x-session[1794]: (II) systemd-logind: got fd for /dev/dri/card1 226:1 fd 12 paused 0
Sep 01 23:12:17 jl-xps /usr/libexec/gdm-x-session[1794]: (II) xfree86: Adding drm device (/dev/dri/card0)
Sep 01 23:12:17 jl-xps /usr/libexec/gdm-x-session[1794]: (II) systemd-logind: got fd for /dev/dri/card0 226:0 fd 13 paused 0
Sep 01 23:12:17 jl-xps /usr/libexec/gdm-x-session[1794]: (--) PCI:*(0:0:2:0) 8086:591b:1028:080d rev 4, Mem @ 0xeb000000/16777216, 0x2fa0000000/268435456, I/O @ 0x0000f000/64, BIOS @ 0x????????/65536
Sep 01 23:12:17 jl-xps /usr/libexec/gdm-x-session[1794]: (--) PCI: (0:1:0:0) 1002:694e:1002:694e rev 192, Mem @ 0xa0000000/268435456, 0xb0000000/2097152, 0xecd00000/262144, I/O @ 0x0000e000/256, BIOS @ 0x????????/65536
Sep 01 23:12:17 jl-xps /usr/libexec/gdm-x-session[1794]: (II) LoadModule: "glx"
Sep 01 23:12:17 jl-xps /usr/libexec/gdm-x-session[1794]: (II) Loading /usr/lib64/xorg/modules/extensions/libglx.so
Sep 01 23:12:17 jl-xps /usr/libexec/gdm-x-session[1794]: (II) Module glx: vendor="X.Org Foundation"
Sep 01 23:12:17 jl-xps /usr/libexec/gdm-x-session[1794]:         compiled for 1.19.6, module version = 1.0.0
Sep 01 23:12:17 jl-xps /usr/libexec/gdm-x-session[1794]:         ABI class: X.Org Server Extension, version 10.0
Sep 01 23:12:17 jl-xps /usr/libexec/gdm-x-session[1794]: (II) Applying OutputClass "AMDgpu" to /dev/dri/card1
Sep 01 23:12:17 jl-xps /usr/libexec/gdm-x-session[1794]:         loading driver: amdgpu
Sep 01 23:12:17 jl-xps /usr/libexec/gdm-x-session[1794]: (==) Matched amdgpu as autoconfigured driver 0
Sep 01 23:12:17 jl-xps /usr/libexec/gdm-x-session[1794]: (==) Matched ati as autoconfigured driver 1
Sep 01 23:12:17 jl-xps /usr/libexec/gdm-x-session[1794]: (==) Matched modesetting as autoconfigured driver 2
Sep 01 23:12:17 jl-xps /usr/libexec/gdm-x-session[1794]: (==) Matched fbdev as autoconfigured driver 3
Sep 01 23:12:17 jl-xps /usr/libexec/gdm-x-session[1794]: (==) Matched vesa as autoconfigured driver 4
Sep 01 23:12:17 jl-xps /usr/libexec/gdm-x-session[1794]: (==) Assigned the driver to the xf86ConfigLayout
Sep 01 23:12:17 jl-xps /usr/libexec/gdm-x-session[1794]: (II) LoadModule: "amdgpu"
Sep 01 23:12:17 jl-xps /usr/libexec/gdm-x-session[1794]: (II) Loading /usr/lib64/xorg/modules/drivers/amdgpu_drv.so
Sep 01 23:12:17 jl-xps /usr/libexec/gdm-x-session[1794]: (II) Module amdgpu: vendor="X.Org Foundation"
Sep 01 23:12:17 jl-xps /usr/libexec/gdm-x-session[1794]:         compiled for 1.19.6, module version = 18.0.1
Sep 01 23:12:17 jl-xps /usr/libexec/gdm-x-session[1794]:         Module class: X.Org Video Driver
Sep 01 23:12:17 jl-xps /usr/libexec/gdm-x-session[1794]:         ABI class: X.Org Video Driver, version 23.0
Sep 01 23:12:17 jl-xps /usr/libexec/gdm-x-session[1794]: (II) LoadModule: "ati"
Sep 01 23:12:17 jl-xps /usr/libexec/gdm-x-session[1794]: (II) Loading /usr/lib64/xorg/modules/drivers/ati_drv.so
Sep 01 23:12:17 jl-xps /usr/libexec/gdm-x-session[1794]: (II) Module ati: vendor="X.Org Foundation"
Sep 01 23:12:17 jl-xps /usr/libexec/gdm-x-session[1794]:         compiled for 1.19.6, module version = 18.0.1
Sep 01 23:12:17 jl-xps /usr/libexec/gdm-x-session[1794]:         Module class: X.Org Video Driver
Sep 01 23:12:17 jl-xps /usr/libexec/gdm-x-session[1794]:         ABI class: X.Org Video Driver, version 23.0
Sep 01 23:12:17 jl-xps /usr/libexec/gdm-x-session[1794]: (II) LoadModule: "modesetting"
Sep 01 23:12:17 jl-xps /usr/libexec/gdm-x-session[1794]: (II) Loading /usr/lib64/xorg/modules/drivers/modesetting_drv.so
Sep 01 23:12:17 jl-xps /usr/libexec/gdm-x-session[1794]: (II) Module modesetting: vendor="X.Org Foundation"
Sep 01 23:12:17 jl-xps /usr/libexec/gdm-x-session[1794]:         compiled for 1.19.6, module version = 1.19.6
Sep 01 23:12:17 jl-xps /usr/libexec/gdm-x-session[1794]:         Module class: X.Org Video Driver
Sep 01 23:12:17 jl-xps /usr/libexec/gdm-x-session[1794]:         ABI class: X.Org Video Driver, version 23.0
Sep 01 23:12:17 jl-xps /usr/libexec/gdm-x-session[1794]: (II) LoadModule: "fbdev"
Sep 01 23:12:17 jl-xps /usr/libexec/gdm-x-session[1794]: (II) Loading /usr/lib64/xorg/modules/drivers/fbdev_drv.so
Sep 01 23:12:17 jl-xps /usr/libexec/gdm-x-session[1794]: (II) Module fbdev: vendor="X.Org Foundation"
Sep 01 23:12:17 jl-xps /usr/libexec/gdm-x-session[1794]:         compiled for 1.19.6, module version = 0.4.3
Sep 01 23:12:17 jl-xps /usr/libexec/gdm-x-session[1794]:         Module class: X.Org Video Driver
Sep 01 23:12:17 jl-xps /usr/libexec/gdm-x-session[1794]:         ABI class: X.Org Video Driver, version 23.0
Sep 01 23:12:17 jl-xps /usr/libexec/gdm-x-session[1794]: (II) LoadModule: "vesa"
Sep 01 23:12:17 jl-xps /usr/libexec/gdm-x-session[1794]: (II) Loading /usr/lib64/xorg/modules/drivers/vesa_drv.so
Sep 01 23:12:17 jl-xps /usr/libexec/gdm-x-session[1794]: (II) Module vesa: vendor="X.Org Foundation"
Sep 01 23:12:17 jl-xps /usr/libexec/gdm-x-session[1794]:         compiled for 1.19.6, module version = 2.4.0
Sep 01 23:12:17 jl-xps /usr/libexec/gdm-x-session[1794]:         Module class: X.Org Video Driver
Sep 01 23:12:17 jl-xps /usr/libexec/gdm-x-session[1794]:         ABI class: X.Org Video Driver, version 23.0
Sep 01 23:12:17 jl-xps /usr/libexec/gdm-x-session[1794]: (II) AMDGPU: Driver for AMD Radeon:
Sep 01 23:12:17 jl-xps /usr/libexec/gdm-x-session[1794]:         All GPUs supported by the amdgpu kernel driver
Sep 01 23:12:17 jl-xps /usr/libexec/gdm-x-session[1794]: (II) modesetting: Driver for Modesetting Kernel Drivers: kms
Sep 01 23:12:17 jl-xps /usr/libexec/gdm-x-session[1794]: (II) FBDEV: driver for framebuffer: fbdev
Sep 01 23:12:17 jl-xps /usr/libexec/gdm-x-session[1794]: (II) VESA: driver for VESA chipsets: vesa
Sep 01 23:12:17 jl-xps /usr/libexec/gdm-x-session[1794]: xf86EnableIOPorts: failed to set IOPL for I/O (Operation not permitted)
Sep 01 23:12:17 jl-xps /usr/libexec/gdm-x-session[1794]: (II) modeset(0): using drv /dev/dri/card0
Sep 01 23:12:17 jl-xps /usr/libexec/gdm-x-session[1794]: (WW) Falling back to old probe method for fbdev
Sep 01 23:12:17 jl-xps /usr/libexec/gdm-x-session[1794]: (II) Loading sub module "fbdevhw"
Sep 01 23:12:17 jl-xps /usr/libexec/gdm-x-session[1794]: (II) LoadModule: "fbdevhw"
Sep 01 23:12:17 jl-xps /usr/libexec/gdm-x-session[1794]: (II) Loading /usr/lib64/xorg/modules/libfbdevhw.so
Sep 01 23:12:17 jl-xps /usr/libexec/gdm-x-session[1794]: (II) Module fbdevhw: vendor="X.Org Foundation"
Sep 01 23:12:17 jl-xps /usr/libexec/gdm-x-session[1794]:         compiled for 1.19.6, module version = 0.0.2
Sep 01 23:12:17 jl-xps /usr/libexec/gdm-x-session[1794]:         ABI class: X.Org Video Driver, version 23.0
Sep 01 23:12:17 jl-xps /usr/libexec/gdm-x-session[1794]: (EE) open /dev/fb0: Permission denied
Sep 01 23:12:17 jl-xps /usr/libexec/gdm-x-session[1794]: (II) [KMS] Kernel modesetting enabled.
Sep 01 23:12:17 jl-xps /usr/libexec/gdm-x-session[1794]: (WW) VGA arbiter: cannot open kernel arbiter, no multi-card support
Sep 01 23:12:17 jl-xps /usr/libexec/gdm-x-session[1794]: (II) modeset(0): Creating default Display subsection in Screen section
Sep 01 23:12:17 jl-xps /usr/libexec/gdm-x-session[1794]:         "Default Screen Section" for depth/fbbpp 24/32
Sep 01 23:12:17 jl-xps /usr/libexec/gdm-x-session[1794]: (==) modeset(0): Depth 24, (==) framebuffer bpp 32
Sep 01 23:12:17 jl-xps /usr/libexec/gdm-x-session[1794]: (==) modeset(0): RGB weight 888
Sep 01 23:12:17 jl-xps /usr/libexec/gdm-x-session[1794]: (==) modeset(0): Default visual is TrueColor
Sep 01 23:12:17 jl-xps /usr/libexec/gdm-x-session[1794]: (II) Loading sub module "glamoregl"
Sep 01 23:12:17 jl-xps /usr/libexec/gdm-x-session[1794]: (II) LoadModule: "glamoregl"
Sep 01 23:12:17 jl-xps /usr/libexec/gdm-x-session[1794]: (II) Loading /usr/lib64/xorg/modules/libglamoregl.so
Sep 01 23:12:17 jl-xps /usr/libexec/gdm-x-session[1794]: (II) Module glamoregl: vendor="X.Org Foundation"
Sep 01 23:12:17 jl-xps /usr/libexec/gdm-x-session[1794]:         compiled for 1.19.6, module version = 1.0.0
Sep 01 23:12:17 jl-xps /usr/libexec/gdm-x-session[1794]:         ABI class: X.Org ANSI C Emulation, version 0.4
Sep 01 23:12:17 jl-xps /usr/libexec/gdm-x-session[1794]: (II) glamor: OpenGL accelerated X.org driver based.
Sep 01 23:12:17 jl-xps /usr/libexec/gdm-x-session[1794]: (II) glamor: EGL version 1.4 (DRI2):
Sep 01 23:12:17 jl-xps /usr/libexec/gdm-x-session[1794]: (II) modeset(0): glamor initialized
Sep 01 23:12:17 jl-xps /usr/libexec/gdm-x-session[1794]: (II) modeset(0): Output eDP-1 has no monitor section
Sep 01 23:12:17 jl-xps /usr/libexec/gdm-x-session[1794]: (II) modeset(0): Output DP-1 has no monitor section
Sep 01 23:12:17 jl-xps /usr/libexec/gdm-x-session[1794]: (II) modeset(0): Output DP-2 has no monitor section
Sep 01 23:12:17 jl-xps /usr/libexec/gdm-x-session[1794]: (II) modeset(0): Output DP-3 has no monitor section
Sep 01 23:12:17 jl-xps /usr/libexec/gdm-x-session[1794]: (II) modeset(0): EDID for output eDP-1
Sep 01 23:12:17 jl-xps /usr/libexec/gdm-x-session[1794]: (II) modeset(0): Manufacturer: SHP  Model: 148d  Serial#: 0
Sep 01 23:12:17 jl-xps /usr/libexec/gdm-x-session[1794]: (II) modeset(0): Year: 2018  Week: 5
Sep 01 23:12:17 jl-xps /usr/libexec/gdm-x-session[1794]: (II) modeset(0): EDID Version: 1.4
Sep 01 23:12:17 jl-xps /usr/libexec/gdm-x-session[1794]: (II) modeset(0): Digital Display Input
Sep 01 23:12:17 jl-xps /usr/libexec/gdm-x-session[1794]: (II) modeset(0): 8 bits per channel
Sep 01 23:12:17 jl-xps /usr/libexec/gdm-x-session[1794]: (II) modeset(0): Digital interface is DisplayPort
Sep 01 23:12:17 jl-xps /usr/libexec/gdm-x-session[1794]: (II) modeset(0): Max Image Size [cm]: horiz.: 34  vert.: 19
Sep 01 23:12:17 jl-xps /usr/libexec/gdm-x-session[1794]: (II) modeset(0): Gamma: 2.20
Sep 01 23:12:17 jl-xps /usr/libexec/gdm-x-session[1794]: (II) modeset(0): No DPMS capabilities specified
Sep 01 23:12:17 jl-xps /usr/libexec/gdm-x-session[1794]: (II) modeset(0): Supported color encodings: RGB 4:4:4 YCrCb 4:4:4
Sep 01 23:12:17 jl-xps /usr/libexec/gdm-x-session[1794]: (II) modeset(0): Default color space is primary color space
Sep 01 23:12:17 jl-xps /usr/libexec/gdm-x-session[1794]: (II) modeset(0): First detailed timing is preferred mode
Sep 01 23:12:17 jl-xps /usr/libexec/gdm-x-session[1794]: (II) modeset(0): Preferred mode is native pixel format and refresh rate
Sep 01 23:12:17 jl-xps /usr/libexec/gdm-x-session[1794]: (II) modeset(0): redX: 0.664 redY: 0.326   greenX: 0.211 greenY: 0.736
Sep 01 23:12:17 jl-xps /usr/libexec/gdm-x-session[1794]: (II) modeset(0): blueX: 0.146 blueY: 0.048   whiteX: 0.318 whiteY: 0.334
Sep 01 23:12:17 jl-xps /usr/libexec/gdm-x-session[1794]: (II) modeset(0): Manufacturer's mask: 0
Sep 01 23:12:17 jl-xps /usr/libexec/gdm-x-session[1794]: (II) modeset(0): Supported detailed timing:
Sep 01 23:12:17 jl-xps /usr/libexec/gdm-x-session[1794]: (II) modeset(0): clock: 533.2 MHz   Image Size:  344 x 194 mm
Sep 01 23:12:17 jl-xps /usr/libexec/gdm-x-session[1794]: (II) modeset(0): h_active: 3840  h_sync: 3888  h_sync_end 3920 h_blank_end 4000 h_border: 0
Sep 01 23:12:17 jl-xps /usr/libexec/gdm-x-session[1794]: (II) modeset(0): v_active: 2160  v_sync: 2163  v_sync_end 2168 v_blanking: 2222 v_border: 0
Sep 01 23:12:17 jl-xps /usr/libexec/gdm-x-session[1794]: [31B blob data]
Sep 01 23:12:17 jl-xps /usr/libexec/gdm-x-session[1794]: (II) modeset(0): Unknown vendor-specific block 0
Sep 01 23:12:17 jl-xps /usr/libexec/gdm-x-session[1794]: (II) modeset(0): EDID (in hex):
Sep 01 23:12:17 jl-xps /usr/libexec/gdm-x-session[1794]: (II) modeset(0):         00ffffffffffff004d108d1400000000
Sep 01 23:12:17 jl-xps /usr/libexec/gdm-x-session[1794]: (II) modeset(0):         051c0104a52213780e229aaa5336bc25
Sep 01 23:12:17 jl-xps /usr/libexec/gdm-x-session[1794]: (II) modeset(0):         0c515500000001010101010101010101
Sep 01 23:12:17 jl-xps /usr/libexec/gdm-x-session[1794]: (II) modeset(0):         0101010101014dd000a0f0703e803020
Sep 01 23:12:17 jl-xps /usr/libexec/gdm-x-session[1794]: (II) modeset(0):         350058c2100000180000000000000000
Sep 01 23:12:17 jl-xps /usr/libexec/gdm-x-session[1794]: (II) modeset(0):         00000000000000000000000000fe0046
Sep 01 23:12:17 jl-xps /usr/libexec/gdm-x-session[1794]: (II) modeset(0):         4e564452804c51313536443100000000
Sep 01 23:12:17 jl-xps /usr/libexec/gdm-x-session[1794]: (II) modeset(0):         0002410328011200000b010a202000cb
Sep 01 23:12:17 jl-xps /usr/libexec/gdm-x-session[1794]: (II) modeset(0): Printing probed modes for output eDP-1
Sep 01 23:12:17 jl-xps /usr/libexec/gdm-x-session[1794]: (II) modeset(0): Modeline "3840x2160"x60.0  533.25  3840 3888 3920 4000  2160 2163 2168 2222 -hsync -vsync (133.3 kHz eP)
Sep 01 23:12:17 jl-xps /usr/libexec/gdm-x-session[1794]: (II) modeset(0): Modeline "3840x2160"x60.0  712.75  3840 4160 4576 5312  2160 2163 2168 2237 -hsync +vsync (134.2 kHz d)
Sep 01 23:12:17 jl-xps /usr/libexec/gdm-x-session[1794]: (II) modeset(0): Modeline "3840x2160"x60.0  533.00  3840 3888 3920 4000  2160 2163 2168 2222 +hsync -vsync (133.2 kHz d)
Sep 01 23:12:17 jl-xps /usr/libexec/gdm-x-session[1794]: (II) modeset(0): Modeline "3200x1800"x60.0  492.00  3200 3456 3800 4400  1800 1803 1808 1865 -hsync +vsync (111.8 kHz d)
Sep 01 23:12:17 jl-xps /usr/libexec/gdm-x-session[1794]: (II) modeset(0): Modeline "3200x1800"x59.9  373.00  3200 3248 3280 3360  1800 1803 1808 1852 +hsync -vsync (111.0 kHz d)
Sep 01 23:12:17 jl-xps /usr/libexec/gdm-x-session[1794]: (II) modeset(0): Modeline "2880x1620"x60.0  396.25  2880 3096 3408 3936  1620 1623 1628 1679 -hsync +vsync (100.7 kHz d)
Sep 01 23:12:17 jl-xps /usr/libexec/gdm-x-session[1794]: (II) modeset(0): Modeline "2880x1620"x60.0  303.75  2880 2928 2960 3040  1620 1623 1628 1666 +hsync -vsync (99.9 kHz d)
Sep 01 23:12:17 jl-xps /usr/libexec/gdm-x-session[1794]: (II) modeset(0): Modeline "2560x1600"x60.0  348.50  2560 2760 3032 3504  1600 1603 1609 1658 -hsync +vsync (99.5 kHz d)
Sep 01 23:12:17 jl-xps /usr/libexec/gdm-x-session[1794]: (II) modeset(0): Modeline "2560x1600"x60.0  268.50  2560 2608 2640 2720  1600 1603 1609 1646 +hsync -vsync (98.7 kHz d)
Sep 01 23:12:17 jl-xps /usr/libexec/gdm-x-session[1794]: (II) modeset(0): Modeline "2560x1440"x120.0  638.25  2560 2780 3064 3568  1440 1441 1444 1491 doublescan -hsync +vsync (178.9 kHz d)
Sep 01 23:12:17 jl-xps /usr/libexec/gdm-x-session[1794]: (II) modeset(0): Modeline "2560x1440"x120.0  469.12  2560 2584 2600 2640  1440 1441 1444 1481 doublescan +hsync -vsync (177.7 kHz d)
Sep 01 23:12:17 jl-xps /usr/libexec/gdm-x-session[1794]: (II) modeset(0): Modeline "2560x1440"x60.0  312.25  2560 2752 3024 3488  1440 1443 1448 1493 -hsync +vsync (89.5 kHz d)
Sep 01 23:12:17 jl-xps /usr/libexec/gdm-x-session[1794]: (II) modeset(0): Modeline "2560x1440"x60.0  241.50  2560 2608 2640 2720  1440 1443 1448 1481 +hsync -vsync (88.8 kHz d)
Sep 01 23:12:17 jl-xps /usr/libexec/gdm-x-session[1794]: (II) modeset(0): Modeline "2048x1536"x60.0  266.95  2048 2200 2424 2800  1536 1537 1540 1589 -hsync +vsync (95.3 kHz d)
Sep 01 23:12:17 jl-xps /usr/libexec/gdm-x-session[1794]: (II) modeset(0): Modeline "1920x1440"x60.0  234.00  1920 2048 2256 2600  1440 1441 1444 1500 -hsync +vsync (90.0 kHz d)
Sep 01 23:12:17 jl-xps /usr/libexec/gdm-x-session[1794]: (II) modeset(0): Modeline "1856x1392"x60.0  218.30  1856 1952 2176 2528  1392 1393 1396 1439 -hsync +vsync (86.4 kHz d)
Sep 01 23:12:17 jl-xps /usr/libexec/gdm-x-session[1794]: (II) modeset(0): Modeline "1792x1344"x60.0  204.80  1792 1920 2120 2448  1344 1345 1348 1394 -hsync +vsync (83.7 kHz d)
Sep 01 23:12:17 jl-xps /usr/libexec/gdm-x-session[1794]: (II) modeset(0): Modeline "2048x1152"x120.0  406.50  2048 2220 2444 2840  1152 1153 1156 1193 doublescan -hsync +vsync (143.1 kHz d)
Sep 01 23:12:17 jl-xps /usr/libexec/gdm-x-session[1794]: (II) modeset(0): Modeline "2048x1152"x120.0  302.50  2048 2072 2088 2128  1152 1153 1156 1185 doublescan +hsync -vsync (142.2 kHz d)
Sep 01 23:12:17 jl-xps /usr/libexec/gdm-x-session[1794]: (II) modeset(0): Modeline "2048x1152"x59.9  197.00  2048 2184 2400 2752  1152 1155 1160 1195 -hsync +vsync (71.6 kHz d)
Sep 01 23:12:17 jl-xps /usr/libexec/gdm-x-session[1794]: (II) modeset(0): Modeline "2048x1152"x59.9  156.75  2048 2096 2128 2208  1152 1155 1160 1185 +hsync -vsync (71.0 kHz d)
Sep 01 23:12:17 jl-xps /usr/libexec/gdm-x-session[1794]: (II) modeset(0): Modeline "1920x1200"x59.9  193.25  1920 2056 2256 2592  1200 1203 1209 1245 -hsync +vsync (74.6 kHz d)
Sep 01 23:12:17 jl-xps /usr/libexec/gdm-x-session[1794]: (II) modeset(0): Modeline "1920x1200"x60.0  154.00  1920 1968 2000 2080  1200 1203 1209 1235 +hsync -vsync (74.0 kHz d)
Sep 01 23:12:17 jl-xps /usr/libexec/gdm-x-session[1794]: (II) modeset(0): Modeline "1920x1080"x120.0  356.38  1920 2080 2288 2656  1080 1081 1084 1118 doublescan -hsync +vsync (134.2 kHz d)
Sep 01 23:12:17 jl-xps /usr/libexec/gdm-x-session[1794]: (II) modeset(0): Modeline "1920x1080"x119.9  266.50  1920 1944 1960 2000  1080 1081 1084 1111 doublescan +hsync -vsync (133.2 kHz d)
Sep 01 23:12:17 jl-xps /usr/libexec/gdm-x-session[1794]: (II) modeset(0): Modeline "1920x1080"x60.0  173.00  1920 2048 2248 2576  1080 1083 1088 1120 -hsync +vsync (67.2 kHz d)
Sep 01 23:12:17 jl-xps /usr/libexec/gdm-x-session[1794]: (II) modeset(0): Modeline "1920x1080"x59.9  138.50  1920 1968 2000 2080  1080 1083 1088 1111 +hsync -vsync (66.6 kHz d)
Sep 01 23:12:17 jl-xps /usr/libexec/gdm-x-session[1794]: (II) modeset(0): Modeline "1600x1200"x60.0  162.00  1600 1664 1856 2160  1200 1201 1204 1250 +hsync +vsync (75.0 kHz d)
Sep 01 23:12:17 jl-xps /usr/libexec/gdm-x-session[1794]: (II) modeset(0): Modeline "1680x1050"x60.0  146.25  1680 1784 1960 2240  1050 1053 1059 1089 -hsync +vsync (65.3 kHz d)
Sep 01 23:12:17 jl-xps /usr/libexec/gdm-x-session[1794]: (II) modeset(0): Modeline "1680x1050"x59.9  119.00  1680 1728 1760 1840  1050 1053 1059 1080 +hsync -vsync (64.7 kHz d)
Sep 01 23:12:17 jl-xps /usr/libexec/gdm-x-session[1794]: (II) modeset(0): Modeline "1400x1050"x60.0  122.00  1400 1488 1640 1880  1050 1052 1064 1082 +hsync +vsync (64.9 kHz d)
Sep 01 23:12:17 jl-xps /usr/libexec/gdm-x-session[1794]: (II) modeset(0): Modeline "1600x900"x120.0  246.00  1600 1728 1900 2200  900 901 904 932 doublescan -hsync +vsync (111.8 kHz d)
Sep 01 23:12:17 jl-xps /usr/libexec/gdm-x-session[1794]: (II) modeset(0): Modeline "1600x900"x119.9  186.50  1600 1624 1640 1680  900 901 904 926 doublescan +hsync -vsync (111.0 kHz d)
Sep 01 23:12:17 jl-xps /usr/libexec/gdm-x-session[1794]: (II) modeset(0): Modeline "1600x900"x59.9  118.25  1600 1696 1856 2112  900 903 908 934 -hsync +vsync (56.0 kHz d)
Sep 01 23:12:17 jl-xps /usr/libexec/gdm-x-session[1794]: (II) modeset(0): Modeline "1600x900"x59.8   97.50  1600 1648 1680 1760  900 903 908 926 +hsync -vsync (55.4 kHz d)
Sep 01 23:12:17 jl-xps /usr/libexec/gdm-x-session[1794]: (II) modeset(0): Modeline "1280x1024"x60.0  108.00  1280 1328 1440 1688  1024 1025 1028 1066 +hsync +vsync (64.0 kHz d)
Sep 01 23:12:17 jl-xps /usr/libexec/gdm-x-session[1794]: (II) modeset(0): Modeline "1400x900"x60.0  103.50  1400 1480 1624 1848  900 903 913 934 -hsync +vsync (56.0 kHz d)
Sep 01 23:12:17 jl-xps /usr/libexec/gdm-x-session[1794]: (II) modeset(0): Modeline "1400x900"x59.9   86.50  1400 1448 1480 1560  900 903 913 926 +hsync -vsync (55.4 kHz d)
Sep 01 23:12:17 jl-xps /usr/libexec/gdm-x-session[1794]: (II) modeset(0): Modeline "1280x960"x60.0  108.00  1280 1376 1488 1800  960 961 964 1000 +hsync +vsync (60.0 kHz d)
Sep 01 23:12:17 jl-xps /usr/libexec/gdm-x-session[1794]: (II) modeset(0): Modeline "1440x810"x120.0  198.12  1440 1548 1704 1968  810 811 814 839 doublescan -hsync +vsync (100.7 kHz d)
Sep 01 23:12:17 jl-xps /usr/libexec/gdm-x-session[1794]: (II) modeset(0): Modeline "1440x810"x119.9  151.88  1440 1464 1480 1520  810 811 814 833 doublescan +hsync -vsync (99.9 kHz d)
Sep 01 23:12:17 jl-xps /usr/libexec/gdm-x-session[1794]: (II) modeset(0): Modeline "1368x768"x59.9   85.25  1368 1440 1576 1784  768 771 781 798 -hsync +vsync (47.8 kHz d)
Sep 01 23:12:17 jl-xps /usr/libexec/gdm-x-session[1794]: (II) modeset(0): Modeline "1368x768"x59.9   72.25  1368 1416 1448 1528  768 771 781 790 +hsync -vsync (47.3 kHz d)
Sep 01 23:12:17 jl-xps /usr/libexec/gdm-x-session[1794]: (II) modeset(0): Modeline "1280x800"x120.0  174.25  1280 1380 1516 1752  800 801 804 829 doublescan -hsync +vsync (99.5 kHz d)
Sep 01 23:12:17 jl-xps /usr/libexec/gdm-x-session[1794]: (II) modeset(0): Modeline "1280x800"x119.9  134.25  1280 1304 1320 1360  800 801 804 823 doublescan +hsync -vsync (98.7 kHz d)
Sep 01 23:12:17 jl-xps /usr/libexec/gdm-x-session[1794]: (II) modeset(0): Modeline "1280x800"x59.8   83.50  1280 1352 1480 1680  800 803 809 831 -hsync +vsync (49.7 kHz d)
Sep 01 23:12:17 jl-xps /usr/libexec/gdm-x-session[1794]: (II) modeset(0): Modeline "1280x800"x59.9   71.00  1280 1328 1360 1440  800 803 809 823 +hsync -vsync (49.3 kHz d)
Sep 01 23:12:17 jl-xps /usr/libexec/gdm-x-session[1794]: (II) modeset(0): Modeline "1280x720"x120.0  156.12  1280 1376 1512 1744  720 721 724 746 doublescan -hsync +vsync (89.5 kHz d)
Sep 01 23:12:17 jl-xps /usr/libexec/gdm-x-session[1794]: (II) modeset(0): Modeline "1280x720"x120.0  120.75  1280 1304 1320 1360  720 721 724 740 doublescan +hsync -vsync (88.8 kHz d)
Sep 01 23:12:17 jl-xps /usr/libexec/gdm-x-session[1794]: (II) modeset(0): Modeline "1280x720"x59.9   74.50  1280 1344 1472 1664  720 723 728 748 -hsync +vsync (44.8 kHz d)
Sep 01 23:12:17 jl-xps /usr/libexec/gdm-x-session[1794]: (II) modeset(0): Modeline "1280x720"x59.7   63.75  1280 1328 1360 1440  720 723 728 741 +hsync -vsync (44.3 kHz d)
Sep 01 23:12:17 jl-xps /usr/libexec/gdm-x-session[1794]: (II) modeset(0): Modeline "1024x768"x120.1  133.47  1024 1100 1212 1400  768 768 770 794 doublescan -hsync +vsync (95.3 kHz d)
Sep 01 23:12:17 jl-xps /usr/libexec/gdm-x-session[1794]: (II) modeset(0): Modeline "1024x768"x60.0   65.00  1024 1048 1184 1344  768 771 777 806 -hsync -vsync (48.4 kHz d)
Sep 01 23:12:17 jl-xps /usr/libexec/gdm-x-session[1794]: (II) modeset(0): Modeline "960x720"x120.0  117.00  960 1024 1128 1300  720 720 722 750 doublescan -hsync +vsync (90.0 kHz d)
Sep 01 23:12:17 jl-xps /usr/libexec/gdm-x-session[1794]: (II) modeset(0): Modeline "928x696"x120.1  109.15  928 976 1088 1264  696 696 698 719 doublescan -hsync +vsync (86.4 kHz d)
Sep 01 23:12:17 jl-xps /usr/libexec/gdm-x-session[1794]: (II) modeset(0): Modeline "896x672"x120.0  102.40  896 960 1060 1224  672 672 674 697 doublescan -hsync +vsync (83.7 kHz d)
Sep 01 23:12:17 jl-xps /usr/libexec/gdm-x-session[1794]: (II) modeset(0): Modeline "1024x576"x119.9   98.50  1024 1092 1200 1376  576 577 580 597 doublescan -hsync +vsync (71.6 kHz d)
Sep 01 23:12:17 jl-xps /usr/libexec/gdm-x-session[1794]: (II) modeset(0): Modeline "1024x576"x119.9   78.38  1024 1048 1064 1104  576 577 580 592 doublescan +hsync -vsync (71.0 kHz d)
Sep 01 23:12:17 jl-xps /usr/libexec/gdm-x-session[1794]: (II) modeset(0): Modeline "1024x576"x59.9   46.50  1024 1064 1160 1296  576 579 584 599 -hsync +vsync (35.9 kHz d)
Sep 01 23:12:17 jl-xps /usr/libexec/gdm-x-session[1794]: (II) modeset(0): Modeline "1024x576"x59.8   42.00  1024 1072 1104 1184  576 579 584 593 +hsync -vsync (35.5 kHz d)
Sep 01 23:12:17 jl-xps /usr/libexec/gdm-x-session[1794]: (II) modeset(0): Modeline "960x600"x119.9   96.62  960 1028 1128 1296  600 601 604 622 doublescan -hsync +vsync (74.6 kHz d)
Sep 01 23:12:17 jl-xps /usr/libexec/gdm-x-session[1794]: (II) modeset(0): Modeline "960x600"x120.0   77.00  960 984 1000 1040  600 601 604 617 doublescan +hsync -vsync (74.0 kHz d)
Sep 01 23:12:17 jl-xps /usr/libexec/gdm-x-session[1794]: (II) modeset(0): Modeline "960x540"x119.9   86.50  960 1024 1124 1288  540 541 544 560 doublescan -hsync +vsync (67.2 kHz d)
Sep 01 23:12:17 jl-xps /usr/libexec/gdm-x-session[1794]: (II) modeset(0): Modeline "960x540"x120.0   69.25  960 984 1000 1040  540 541 544 555 doublescan +hsync -vsync (66.6 kHz d)
Sep 01 23:12:17 jl-xps /usr/libexec/gdm-x-session[1794]: (II) modeset(0): Modeline "960x540"x59.6   40.75  960 992 1088 1216  540 543 548 562 -hsync +vsync (33.5 kHz d)
Sep 01 23:12:17 jl-xps /usr/libexec/gdm-x-session[1794]: (II) modeset(0): Modeline "960x540"x59.8   37.25  960 1008 1040 1120  540 543 548 556 +hsync -vsync (33.3 kHz d)
Sep 01 23:12:17 jl-xps /usr/libexec/gdm-x-session[1794]: (II) modeset(0): Modeline "800x600"x120.0   81.00  800 832 928 1080  600 600 602 625 doublescan +hsync +vsync (75.0 kHz d)
Sep 01 23:12:17 jl-xps /usr/libexec/gdm-x-session[1794]: (II) modeset(0): Modeline "800x600"x60.3   40.00  800 840 968 1056  600 601 605 628 +hsync +vsync (37.9 kHz d)
Sep 01 23:12:17 jl-xps /usr/libexec/gdm-x-session[1794]: (II) modeset(0): Modeline "800x600"x56.2   36.00  800 824 896 1024  600 601 603 625 +hsync +vsync (35.2 kHz d)
Sep 01 23:12:17 jl-xps /usr/libexec/gdm-x-session[1794]: (II) modeset(0): Modeline "840x525"x120.0   73.12  840 892 980 1120  525 526 529 544 doublescan -hsync +vsync (65.3 kHz d)
Sep 01 23:12:17 jl-xps /usr/libexec/gdm-x-session[1794]: (II) modeset(0): Modeline "840x525"x119.8   59.50  840 864 880 920  525 526 529 540 doublescan +hsync -vsync (64.7 kHz d)
Sep 01 23:12:17 jl-xps /usr/libexec/gdm-x-session[1794]: (II) modeset(0): Modeline "864x486"x59.9   32.50  864 888 968 1072  486 489 494 506 -hsync +vsync (30.3 kHz d)
Sep 01 23:12:17 jl-xps /usr/libexec/gdm-x-session[1794]: (II) modeset(0): Modeline "864x486"x59.6   30.50  864 912 944 1024  486 489 494 500 +hsync -vsync (29.8 kHz d)
Sep 01 23:12:17 jl-xps /usr/libexec/gdm-x-session[1794]: (II) modeset(0): Modeline "700x525"x120.0   61.00  700 744 820 940  525 526 532 541 doublescan +hsync +vsync (64.9 kHz d)
Sep 01 23:12:17 jl-xps /usr/libexec/gdm-x-session[1794]: (II) modeset(0): Modeline "800x450"x119.9   59.12  800 848 928 1056  450 451 454 467 doublescan -hsync +vsync (56.0 kHz d)
Sep 01 23:12:17 jl-xps /usr/libexec/gdm-x-session[1794]: (II) modeset(0): Modeline "800x450"x119.6   48.75  800 824 840 880  450 451 454 463 doublescan +hsync -vsync (55.4 kHz d)
Sep 01 23:12:17 jl-xps /usr/libexec/gdm-x-session[1794]: (II) modeset(0): Modeline "640x512"x120.0   54.00  640 664 720 844  512 512 514 533 doublescan +hsync +vsync (64.0 kHz d)
Sep 01 23:12:17 jl-xps /usr/libexec/gdm-x-session[1794]: (II) modeset(0): Modeline "700x450"x119.9   51.75  700 740 812 924  450 451 456 467 doublescan -hsync +vsync (56.0 kHz d)
Sep 01 23:12:17 jl-xps /usr/libexec/gdm-x-session[1794]: (II) modeset(0): Modeline "700x450"x119.8   43.25  700 724 740 780  450 451 456 463 doublescan +hsync -vsync (55.4 kHz d)
Sep 01 23:12:17 jl-xps /usr/libexec/gdm-x-session[1794]: (II) modeset(0): Modeline "640x480"x120.0   54.00  640 688 744 900  480 480 482 500 doublescan +hsync +vsync (60.0 kHz d)
Sep 01 23:12:17 jl-xps /usr/libexec/gdm-x-session[1794]: (II) modeset(0): Modeline "640x480"x59.9   25.18  640 656 752 800  480 490 492 525 -hsync -vsync (31.5 kHz d)
Sep 01 23:12:17 jl-xps /usr/libexec/gdm-x-session[1794]: (II) modeset(0): Modeline "720x405"x59.5   22.50  720 744 808 896  405 408 413 422 -hsync +vsync (25.1 kHz d)
Sep 01 23:12:17 jl-xps /usr/libexec/gdm-x-session[1794]: (II) modeset(0): Modeline "720x405"x59.0   21.75  720 768 800 880  405 408 413 419 +hsync -vsync (24.7 kHz d)
Sep 01 23:12:17 jl-xps /usr/libexec/gdm-x-session[1794]: (II) modeset(0): Modeline "684x384"x119.8   42.62  684 720 788 892  384 385 390 399 doublescan -hsync +vsync (47.8 kHz d)
Sep 01 23:12:17 jl-xps /usr/libexec/gdm-x-session[1794]: (II) modeset(0): Modeline "684x384"x119.7   36.12  684 708 724 764  384 385 390 395 doublescan +hsync -vsync (47.3 kHz d)
Sep 01 23:12:17 jl-xps /usr/libexec/gdm-x-session[1794]: (II) modeset(0): Modeline "640x400"x119.8   41.75  640 676 740 840  400 401 404 415 doublescan -hsync +vsync (49.7 kHz d)
Sep 01 23:12:17 jl-xps /usr/libexec/gdm-x-session[1794]: (II) modeset(0): Modeline "640x400"x120.0   35.50  640 664 680 720  400 401 404 411 doublescan +hsync -vsync (49.3 kHz d)
Sep 01 23:12:17 jl-xps /usr/libexec/gdm-x-session[1794]: (II) modeset(0): Modeline "640x360"x119.7   37.25  640 672 736 832  360 361 364 374 doublescan -hsync +vsync (44.8 kHz d)
Sep 01 23:12:17 jl-xps /usr/libexec/gdm-x-session[1794]: (II) modeset(0): Modeline "640x360"x119.7   31.88  640 664 680 720  360 361 364 370 doublescan +hsync -vsync (44.3 kHz d)
Sep 01 23:12:17 jl-xps /usr/libexec/gdm-x-session[1794]: (II) modeset(0): Modeline "640x360"x59.8   18.00  640 664 720 800  360 363 368 376 -hsync +vsync (22.5 kHz d)
Sep 01 23:12:17 jl-xps /usr/libexec/gdm-x-session[1794]: (II) modeset(0): Modeline "640x360"x59.3   17.75  640 688 720 800  360 363 368 374 +hsync -vsync (22.2 kHz d)
Sep 01 23:12:17 jl-xps /usr/libexec/gdm-x-session[1794]: (II) modeset(0): Modeline "512x384"x120.0   32.50  512 524 592 672  384 385 388 403 doublescan -hsync -vsync (48.4 kHz d)
Sep 01 23:12:17 jl-xps /usr/libexec/gdm-x-session[1794]: (II) modeset(0): Modeline "512x288"x120.0   23.25  512 532 580 648  288 289 292 299 doublescan -hsync +vsync (35.9 kHz d)
Sep 01 23:12:17 jl-xps /usr/libexec/gdm-x-session[1794]: (II) modeset(0): Modeline "512x288"x119.8   21.00  512 536 552 592  288 289 292 296 doublescan +hsync -vsync (35.5 kHz d)
Sep 01 23:12:17 jl-xps /usr/libexec/gdm-x-session[1794]: (II) modeset(0): Modeline "480x270"x119.3   20.38  480 496 544 608  270 271 274 281 doublescan -hsync +vsync (33.5 kHz d)
Sep 01 23:12:17 jl-xps /usr/libexec/gdm-x-session[1794]: (II) modeset(0): Modeline "480x270"x119.6   18.62  480 504 520 560  270 271 274 278 doublescan +hsync -vsync (33.3 kHz d)
Sep 01 23:12:17 jl-xps /usr/libexec/gdm-x-session[1794]: (II) modeset(0): Modeline "400x300"x120.6   20.00  400 420 484 528  300 300 302 314 doublescan +hsync +vsync (37.9 kHz d)
Sep 01 23:12:17 jl-xps /usr/libexec/gdm-x-session[1794]: (II) modeset(0): Modeline "400x300"x112.7   18.00  400 412 448 512  300 300 301 312 doublescan +hsync +vsync (35.2 kHz d)
Sep 01 23:12:17 jl-xps /usr/libexec/gdm-x-session[1794]: (II) modeset(0): Modeline "432x243"x119.8   16.25  432 444 484 536  243 244 247 253 doublescan -hsync +vsync (30.3 kHz d)
Sep 01 23:12:17 jl-xps /usr/libexec/gdm-x-session[1794]: (II) modeset(0): Modeline "432x243"x119.1   15.25  432 456 472 512  243 244 247 250 doublescan +hsync -vsync (29.8 kHz d)
Sep 01 23:12:17 jl-xps /usr/libexec/gdm-x-session[1794]: (II) modeset(0): Modeline "320x240"x120.1   12.59  320 328 376 400  240 245 246 262 doublescan -hsync -vsync (31.5 kHz d)
Sep 01 23:12:17 jl-xps /usr/libexec/gdm-x-session[1794]: (II) modeset(0): Modeline "360x202"x119.0   11.25  360 372 404 448  202 204 206 211 doublescan -hsync +vsync (25.1 kHz d)
Sep 01 23:12:17 jl-xps /usr/libexec/gdm-x-session[1794]: (II) modeset(0): Modeline "360x202"x118.3   10.88  360 384 400 440  202 204 206 209 doublescan +hsync -vsync (24.7 kHz d)
Sep 01 23:12:17 jl-xps /usr/libexec/gdm-x-session[1794]: (II) modeset(0): Modeline "320x180"x119.7    9.00  320 332 360 400  180 181 184 188 doublescan -hsync +vsync (22.5 kHz d)
Sep 01 23:12:17 jl-xps /usr/libexec/gdm-x-session[1794]: (II) modeset(0): Modeline "320x180"x118.6    8.88  320 344 360 400  180 181 184 187 doublescan +hsync -vsync (22.2 kHz d)
Sep 01 23:12:17 jl-xps /usr/libexec/gdm-x-session[1794]: (II) modeset(0): EDID for output DP-1
Sep 01 23:12:17 jl-xps /usr/libexec/gdm-x-session[1794]: (II) modeset(0): EDID for output DP-2
Sep 01 23:12:17 jl-xps /usr/libexec/gdm-x-session[1794]: (II) modeset(0): EDID for output DP-3
Sep 01 23:12:17 jl-xps /usr/libexec/gdm-x-session[1794]: (II) modeset(0): Output eDP-1 connected
Sep 01 23:12:17 jl-xps /usr/libexec/gdm-x-session[1794]: (II) modeset(0): Output DP-1 disconnected
Sep 01 23:12:17 jl-xps /usr/libexec/gdm-x-session[1794]: (II) modeset(0): Output DP-2 disconnected
Sep 01 23:12:17 jl-xps /usr/libexec/gdm-x-session[1794]: (II) modeset(0): Output DP-3 disconnected
Sep 01 23:12:17 jl-xps /usr/libexec/gdm-x-session[1794]: (II) modeset(0): Using exact sizes for initial modes
Sep 01 23:12:17 jl-xps /usr/libexec/gdm-x-session[1794]: (II) modeset(0): Output eDP-1 using initial mode 3840x2160 +0+0
Sep 01 23:12:17 jl-xps /usr/libexec/gdm-x-session[1794]: (==) modeset(0): Using gamma correction (1.0, 1.0, 1.0)
Sep 01 23:12:17 jl-xps /usr/libexec/gdm-x-session[1794]: (==) modeset(0): DPI set to (96, 96)
Sep 01 23:12:17 jl-xps /usr/libexec/gdm-x-session[1794]: (II) Loading sub module "fb"
Sep 01 23:12:17 jl-xps /usr/libexec/gdm-x-session[1794]: (II) LoadModule: "fb"
Sep 01 23:12:17 jl-xps /usr/libexec/gdm-x-session[1794]: (II) Loading /usr/lib64/xorg/modules/libfb.so
Sep 01 23:12:17 jl-xps /usr/libexec/gdm-x-session[1794]: (II) Module fb: vendor="X.Org Foundation"
Sep 01 23:12:17 jl-xps /usr/libexec/gdm-x-session[1794]:         compiled for 1.19.6, module version = 1.0.0
Sep 01 23:12:17 jl-xps /usr/libexec/gdm-x-session[1794]:         ABI class: X.Org ANSI C Emulation, version 0.4
Sep 01 23:12:17 jl-xps /usr/libexec/gdm-x-session[1794]: (==) AMDGPU(G0): Depth 24, (--) framebuffer bpp 32
Sep 01 23:12:17 jl-xps /usr/libexec/gdm-x-session[1794]: (II) AMDGPU(G0): Pixel depth = 24 bits stored in 4 bytes (32 bpp pixmaps)
Sep 01 23:12:17 jl-xps /usr/libexec/gdm-x-session[1794]: (==) AMDGPU(G0): Default visual is TrueColor
Sep 01 23:12:17 jl-xps /usr/libexec/gdm-x-session[1794]: (==) AMDGPU(G0): RGB weight 888
Sep 01 23:12:17 jl-xps /usr/libexec/gdm-x-session[1794]: (II) AMDGPU(G0): Using 8 bits per RGB (8 bit DAC)
Sep 01 23:12:17 jl-xps /usr/libexec/gdm-x-session[1794]: (--) AMDGPU(G0): Chipset: "Unknown AMD Radeon GPU" (ChipID = 0x694e)
Sep 01 23:12:17 jl-xps /usr/libexec/gdm-x-session[1794]: (II) Loading sub module "fb"
Sep 01 23:12:17 jl-xps /usr/libexec/gdm-x-session[1794]: (II) LoadModule: "fb"
Sep 01 23:12:17 jl-xps /usr/libexec/gdm-x-session[1794]: (II) Loading /usr/lib64/xorg/modules/libfb.so
Sep 01 23:12:17 jl-xps /usr/libexec/gdm-x-session[1794]: (II) Module fb: vendor="X.Org Foundation"
Sep 01 23:12:17 jl-xps /usr/libexec/gdm-x-session[1794]:         compiled for 1.19.6, module version = 1.0.0
Sep 01 23:12:17 jl-xps /usr/libexec/gdm-x-session[1794]:         ABI class: X.Org ANSI C Emulation, version 0.4
Sep 01 23:12:17 jl-xps /usr/libexec/gdm-x-session[1794]: (II) Loading sub module "dri2"
Sep 01 23:12:17 jl-xps /usr/libexec/gdm-x-session[1794]: (II) LoadModule: "dri2"
Sep 01 23:12:17 jl-xps /usr/libexec/gdm-x-session[1794]: (II) Module "dri2" already built-in
Sep 01 23:12:17 jl-xps /usr/libexec/gdm-x-session[1794]: (II) Loading sub module "glamoregl"
Sep 01 23:12:17 jl-xps /usr/libexec/gdm-x-session[1794]: (II) LoadModule: "glamoregl"
Sep 01 23:12:17 jl-xps /usr/libexec/gdm-x-session[1794]: (II) Loading /usr/lib64/xorg/modules/libglamoregl.so
Sep 01 23:12:17 jl-xps /usr/libexec/gdm-x-session[1794]: (II) Module glamoregl: vendor="X.Org Foundation"
Sep 01 23:12:17 jl-xps /usr/libexec/gdm-x-session[1794]:         compiled for 1.19.6, module version = 1.0.0
Sep 01 23:12:17 jl-xps /usr/libexec/gdm-x-session[1794]:         ABI class: X.Org ANSI C Emulation, version 0.4
Sep 01 23:12:17 jl-xps /usr/libexec/gdm-x-session[1794]: (II) glamor: OpenGL accelerated X.org driver based.
Sep 01 23:12:17 jl-xps /usr/libexec/gdm-x-session[1794]: (II) glamor: EGL version 1.5 (DRI2):
Sep 01 23:12:17 jl-xps /usr/libexec/gdm-x-session[1794]: (II) AMDGPU(G0): glamor detected, initialising EGL layer.
Sep 01 23:12:17 jl-xps /usr/libexec/gdm-x-session[1794]: (==) AMDGPU(G0): TearFree property default: auto
Sep 01 23:12:17 jl-xps /usr/libexec/gdm-x-session[1794]: (II) AMDGPU(G0): mem size init: gart size :ffd39000 vram size: s:ffad8000 visible:fad8000
Sep 01 23:12:17 jl-xps /usr/libexec/gdm-x-session[1794]: (==) AMDGPU(G0): DPI set to (96, 96)
Sep 01 23:12:17 jl-xps /usr/libexec/gdm-x-session[1794]: (==) AMDGPU(G0): Using gamma correction (1.0, 1.0, 1.0)
Sep 01 23:12:17 jl-xps /usr/libexec/gdm-x-session[1794]: (II) Loading sub module "ramdac"
Sep 01 23:12:17 jl-xps /usr/libexec/gdm-x-session[1794]: (II) LoadModule: "ramdac"
Sep 01 23:12:17 jl-xps /usr/libexec/gdm-x-session[1794]: (II) Module "ramdac" already built-in
Sep 01 23:12:17 jl-xps /usr/libexec/gdm-x-session[1794]: (II) UnloadModule: "fbdev"
Sep 01 23:12:17 jl-xps /usr/libexec/gdm-x-session[1794]: (II) Unloading fbdev
Sep 01 23:12:17 jl-xps /usr/libexec/gdm-x-session[1794]: (II) UnloadSubModule: "fbdevhw"
Sep 01 23:12:17 jl-xps /usr/libexec/gdm-x-session[1794]: (II) Unloading fbdevhw
Sep 01 23:12:17 jl-xps /usr/libexec/gdm-x-session[1794]: (II) UnloadModule: "vesa"
Sep 01 23:12:17 jl-xps /usr/libexec/gdm-x-session[1794]: (II) Unloading vesa
Sep 01 23:12:17 jl-xps /usr/libexec/gdm-x-session[1794]: (==) Depth 24 pixmap format is 32 bpp
Sep 01 23:12:17 jl-xps /usr/libexec/gdm-x-session[1794]: (II) AMDGPU(G0): [DRI2] Setup complete
Sep 01 23:12:17 jl-xps /usr/libexec/gdm-x-session[1794]: (II) AMDGPU(G0): [DRI2]   DRI driver: radeonsi
Sep 01 23:12:17 jl-xps /usr/libexec/gdm-x-session[1794]: (II) AMDGPU(G0): [DRI2]   VDPAU driver: radeonsi
Sep 01 23:12:17 jl-xps /usr/libexec/gdm-x-session[1794]: (II) AMDGPU(G0): Front buffer pitch: 4096 bytes
Sep 01 23:12:17 jl-xps /usr/libexec/gdm-x-session[1794]: (==) AMDGPU(G0): Backing store enabled
Sep 01 23:12:17 jl-xps /usr/libexec/gdm-x-session[1794]: (II) AMDGPU(G0): Direct rendering enabled
Sep 01 23:12:17 jl-xps /usr/libexec/gdm-x-session[1794]: (II) AMDGPU(G0): Use GLAMOR acceleration.
Sep 01 23:12:17 jl-xps /usr/libexec/gdm-x-session[1794]: (II) AMDGPU(G0): Acceleration enabled
Sep 01 23:12:17 jl-xps /usr/libexec/gdm-x-session[1794]: (==) AMDGPU(G0): DPMS enabled
Sep 01 23:12:17 jl-xps /usr/libexec/gdm-x-session[1794]: (==) AMDGPU(G0): Silken mouse enabled
Sep 01 23:12:17 jl-xps /usr/libexec/gdm-x-session[1794]: (II) AMDGPU(G0): RandR 1.2 enabled, ignore the following RandR disabled message.
Sep 01 23:12:17 jl-xps /usr/libexec/gdm-x-session[1794]: (==) modeset(0): Backing store enabled
Sep 01 23:12:17 jl-xps /usr/libexec/gdm-x-session[1794]: (==) modeset(0): Silken mouse enabled
Sep 01 23:12:17 jl-xps /usr/libexec/gdm-x-session[1794]: (II) modeset(0): RandR 1.2 enabled, ignore the following RandR disabled message.
Sep 01 23:12:17 jl-xps /usr/libexec/gdm-x-session[1794]: (==) modeset(0): DPMS enabled
Sep 01 23:12:17 jl-xps /usr/libexec/gdm-x-session[1794]: (II) modeset(0): [DRI2] Setup complete
Sep 01 23:12:17 jl-xps /usr/libexec/gdm-x-session[1794]: (II) modeset(0): [DRI2]   DRI driver: i965
Sep 01 23:12:17 jl-xps /usr/libexec/gdm-x-session[1794]: (II) modeset(0): [DRI2]   VDPAU driver: va_gl
Sep 01 23:12:17 jl-xps /usr/libexec/gdm-x-session[1794]: (--) RandR disabled
Sep 01 23:12:17 jl-xps /usr/libexec/gdm-x-session[1794]: (II) SELinux: Disabled by boolean
Sep 01 23:12:17 jl-xps /usr/libexec/gdm-x-session[1794]: (II) AIGLX: enabled GLX_MESA_copy_sub_buffer
Sep 01 23:12:17 jl-xps /usr/libexec/gdm-x-session[1794]: (II) AIGLX: enabled GLX_ARB_create_context
Sep 01 23:12:17 jl-xps /usr/libexec/gdm-x-session[1794]: (II) AIGLX: enabled GLX_ARB_create_context_profile
Sep 01 23:12:17 jl-xps /usr/libexec/gdm-x-session[1794]: (II) AIGLX: enabled GLX_EXT_create_context_es{,2}_profile
Sep 01 23:12:17 jl-xps /usr/libexec/gdm-x-session[1794]: (II) AIGLX: enabled GLX_INTEL_swap_event
Sep 01 23:12:17 jl-xps /usr/libexec/gdm-x-session[1794]: (II) AIGLX: enabled GLX_SGI_swap_control
Sep 01 23:12:17 jl-xps /usr/libexec/gdm-x-session[1794]: (II) AIGLX: enabled GLX_EXT_framebuffer_sRGB
Sep 01 23:12:17 jl-xps /usr/libexec/gdm-x-session[1794]: (II) AIGLX: enabled GLX_ARB_fbconfig_float
Sep 01 23:12:17 jl-xps /usr/libexec/gdm-x-session[1794]: (II) AIGLX: enabled GLX_EXT_fbconfig_packed_float
Sep 01 23:12:17 jl-xps /usr/libexec/gdm-x-session[1794]: (II) AIGLX: GLX_EXT_texture_from_pixmap backed by buffer objects
Sep 01 23:12:17 jl-xps /usr/libexec/gdm-x-session[1794]: (II) AIGLX: enabled GLX_ARB_create_context_robustness
Sep 01 23:12:17 jl-xps /usr/libexec/gdm-x-session[1794]: (II) AIGLX: Loaded and initialized i965
Sep 01 23:12:17 jl-xps /usr/libexec/gdm-x-session[1794]: (II) GLX: Initialized DRI2 GL provider for screen 0
Sep 01 23:12:17 jl-xps /usr/libexec/gdm-x-session[1794]: (II) modeset(0): Damage tracking initialized
Sep 01 23:12:17 jl-xps /usr/libexec/gdm-x-session[1794]: (II) modeset(0): Setting screen physical size to 1016 x 571
Sep 01 23:12:17 jl-xps /usr/libexec/gdm-x-session[1794]: (II) config/udev: Adding input device Power Button (/dev/input/event3)
Sep 01 23:12:17 jl-xps /usr/libexec/gdm-x-session[1794]: (**) Power Button: Applying InputClass "evdev keyboard catchall"
Sep 01 23:12:17 jl-xps /usr/libexec/gdm-x-session[1794]: (**) Power Button: Applying InputClass "libinput keyboard catchall"
Sep 01 23:12:17 jl-xps /usr/libexec/gdm-x-session[1794]: (**) Power Button: Applying InputClass "system-keyboard"
Sep 01 23:12:17 jl-xps /usr/libexec/gdm-x-session[1794]: (II) LoadModule: "libinput"
Sep 01 23:12:17 jl-xps /usr/libexec/gdm-x-session[1794]: (II) Loading /usr/lib64/xorg/modules/input/libinput_drv.so
Sep 01 23:12:17 jl-xps /usr/libexec/gdm-x-session[1794]: (II) Module libinput: vendor="X.Org Foundation"
Sep 01 23:12:17 jl-xps /usr/libexec/gdm-x-session[1794]:         compiled for 1.19.6, module version = 0.27.1
Sep 01 23:12:17 jl-xps /usr/libexec/gdm-x-session[1794]:         Module class: X.Org XInput Driver
Sep 01 23:12:17 jl-xps /usr/libexec/gdm-x-session[1794]:         ABI class: X.Org XInput driver, version 24.1
Sep 01 23:12:17 jl-xps /usr/libexec/gdm-x-session[1794]: (II) Using input driver 'libinput' for 'Power Button'
Sep 01 23:12:17 jl-xps /usr/libexec/gdm-x-session[1794]: (II) systemd-logind: got fd for /dev/input/event3 13:67 fd 27 paused 0
Sep 01 23:12:17 jl-xps /usr/libexec/gdm-x-session[1794]: (**) Power Button: always reports core events
Sep 01 23:12:17 jl-xps /usr/libexec/gdm-x-session[1794]: (**) Option "Device" "/dev/input/event3"
Sep 01 23:12:17 jl-xps /usr/libexec/gdm-x-session[1794]: (**) Option "_source" "server/udev"
Sep 01 23:12:17 jl-xps /usr/libexec/gdm-x-session[1794]: (II) event3  - Power Button: is tagged by udev as: Keyboard
Sep 01 23:12:17 jl-xps /usr/libexec/gdm-x-session[1794]: (II) event3  - Power Button: device is a keyboard
Sep 01 23:12:17 jl-xps /usr/libexec/gdm-x-session[1794]: (II) event3  - Power Button: device removed
Sep 01 23:12:17 jl-xps /usr/libexec/gdm-x-session[1794]: (**) Option "config_info" "udev:/sys/devices/LNXSYSTM:00/LNXPWRBN:00/input/input3/event3"
Sep 01 23:12:17 jl-xps /usr/libexec/gdm-x-session[1794]: (II) XINPUT: Adding extended input device "Power Button" (type: KEYBOARD, id 6)
Sep 01 23:12:17 jl-xps /usr/libexec/gdm-x-session[1794]: (**) Option "xkb_layout" "fr,dk"
Sep 01 23:12:17 jl-xps /usr/libexec/gdm-x-session[1794]: (**) Option "xkb_variant" "bepo,"
Sep 01 23:12:17 jl-xps /usr/libexec/gdm-x-session[1794]: (II) event3  - Power Button: is tagged by udev as: Keyboard
Sep 01 23:12:17 jl-xps /usr/libexec/gdm-x-session[1794]: (II) event3  - Power Button: device is a keyboard
Sep 01 23:12:17 jl-xps /usr/libexec/gdm-x-session[1794]: (II) config/udev: Adding input device Video Bus (/dev/input/event5)
Sep 01 23:12:17 jl-xps /usr/libexec/gdm-x-session[1794]: (**) Video Bus: Applying InputClass "evdev keyboard catchall"
Sep 01 23:12:17 jl-xps /usr/libexec/gdm-x-session[1794]: (**) Video Bus: Applying InputClass "libinput keyboard catchall"
Sep 01 23:12:17 jl-xps /usr/libexec/gdm-x-session[1794]: (**) Video Bus: Applying InputClass "system-keyboard"
Sep 01 23:12:17 jl-xps /usr/libexec/gdm-x-session[1794]: (II) Using input driver 'libinput' for 'Video Bus'
Sep 01 23:12:17 jl-xps /usr/libexec/gdm-x-session[1794]: (II) systemd-logind: got fd for /dev/input/event5 13:69 fd 30 paused 0
Sep 01 23:12:17 jl-xps /usr/libexec/gdm-x-session[1794]: (**) Video Bus: always reports core events
Sep 01 23:12:17 jl-xps /usr/libexec/gdm-x-session[1794]: (**) Option "Device" "/dev/input/event5"
Sep 01 23:12:17 jl-xps /usr/libexec/gdm-x-session[1794]: (**) Option "_source" "server/udev"
Sep 01 23:12:17 jl-xps /usr/libexec/gdm-x-session[1794]: (II) event5  - Video Bus: is tagged by udev as: Keyboard
Sep 01 23:12:17 jl-xps /usr/libexec/gdm-x-session[1794]: (II) event5  - Video Bus: device is a keyboard
Sep 01 23:12:17 jl-xps /usr/libexec/gdm-x-session[1794]: (II) event5  - Video Bus: device removed
Sep 01 23:12:17 jl-xps /usr/libexec/gdm-x-session[1794]: (**) Option "config_info" "udev:/sys/devices/LNXSYSTM:00/LNXSYBUS:00/PNP0A08:00/LNXVIDEO:00/input/input5/event5"
Sep 01 23:12:17 jl-xps /usr/libexec/gdm-x-session[1794]: (II) XINPUT: Adding extended input device "Video Bus" (type: KEYBOARD, id 7)
Sep 01 23:12:17 jl-xps /usr/libexec/gdm-x-session[1794]: (**) Option "xkb_layout" "fr,dk"
Sep 01 23:12:17 jl-xps /usr/libexec/gdm-x-session[1794]: (**) Option "xkb_variant" "bepo,"
Sep 01 23:12:17 jl-xps /usr/libexec/gdm-x-session[1794]: (II) event5  - Video Bus: is tagged by udev as: Keyboard
Sep 01 23:12:17 jl-xps /usr/libexec/gdm-x-session[1794]: (II) event5  - Video Bus: device is a keyboard
Sep 01 23:12:17 jl-xps /usr/libexec/gdm-x-session[1794]: (II) config/udev: Adding input device Power Button (/dev/input/event1)
Sep 01 23:12:17 jl-xps /usr/libexec/gdm-x-session[1794]: (**) Power Button: Applying InputClass "evdev keyboard catchall"
Sep 01 23:12:17 jl-xps /usr/libexec/gdm-x-session[1794]: (**) Power Button: Applying InputClass "libinput keyboard catchall"
Sep 01 23:12:17 jl-xps /usr/libexec/gdm-x-session[1794]: (**) Power Button: Applying InputClass "system-keyboard"
Sep 01 23:12:17 jl-xps /usr/libexec/gdm-x-session[1794]: (II) Using input driver 'libinput' for 'Power Button'
Sep 01 23:12:17 jl-xps /usr/libexec/gdm-x-session[1794]: (II) systemd-logind: got fd for /dev/input/event1 13:65 fd 31 paused 0
Sep 01 23:12:17 jl-xps /usr/libexec/gdm-x-session[1794]: (**) Power Button: always reports core events
Sep 01 23:12:17 jl-xps /usr/libexec/gdm-x-session[1794]: (**) Option "Device" "/dev/input/event1"
Sep 01 23:12:17 jl-xps /usr/libexec/gdm-x-session[1794]: (**) Option "_source" "server/udev"
Sep 01 23:12:17 jl-xps /usr/libexec/gdm-x-session[1794]: (II) event1  - Power Button: is tagged by udev as: Keyboard
Sep 01 23:12:17 jl-xps /usr/libexec/gdm-x-session[1794]: (II) event1  - Power Button: device is a keyboard
Sep 01 23:12:17 jl-xps /usr/libexec/gdm-x-session[1794]: (II) event1  - Power Button: device removed
Sep 01 23:12:17 jl-xps /usr/libexec/gdm-x-session[1794]: (**) Option "config_info" "udev:/sys/devices/LNXSYSTM:00/LNXSYBUS:00/PNP0C0C:00/input/input1/event1"
Sep 01 23:12:17 jl-xps /usr/libexec/gdm-x-session[1794]: (II) XINPUT: Adding extended input device "Power Button" (type: KEYBOARD, id 8)
Sep 01 23:12:17 jl-xps /usr/libexec/gdm-x-session[1794]: (**) Option "xkb_layout" "fr,dk"
Sep 01 23:12:17 jl-xps /usr/libexec/gdm-x-session[1794]: (**) Option "xkb_variant" "bepo,"
Sep 01 23:12:17 jl-xps /usr/libexec/gdm-x-session[1794]: (II) event1  - Power Button: is tagged by udev as: Keyboard
Sep 01 23:12:17 jl-xps /usr/libexec/gdm-x-session[1794]: (II) event1  - Power Button: device is a keyboard
Sep 01 23:12:17 jl-xps /usr/libexec/gdm-x-session[1794]: (II) config/udev: Adding input device Lid Switch (/dev/input/event0)
Sep 01 23:12:17 jl-xps /usr/libexec/gdm-x-session[1794]: (II) No input driver specified, ignoring this device.
Sep 01 23:12:17 jl-xps /usr/libexec/gdm-x-session[1794]: (II) This device may have been added with another device file.
Sep 01 23:12:17 jl-xps /usr/libexec/gdm-x-session[1794]: (II) config/udev: Adding input device Sleep Button (/dev/input/event2)
Sep 01 23:12:17 jl-xps /usr/libexec/gdm-x-session[1794]: (**) Sleep Button: Applying InputClass "evdev keyboard catchall"
Sep 01 23:12:17 jl-xps /usr/libexec/gdm-x-session[1794]: (**) Sleep Button: Applying InputClass "libinput keyboard catchall"
Sep 01 23:12:17 jl-xps /usr/libexec/gdm-x-session[1794]: (**) Sleep Button: Applying InputClass "system-keyboard"
Sep 01 23:12:17 jl-xps /usr/libexec/gdm-x-session[1794]: (II) Using input driver 'libinput' for 'Sleep Button'
Sep 01 23:12:17 jl-xps /usr/libexec/gdm-x-session[1794]: (II) systemd-logind: got fd for /dev/input/event2 13:66 fd 32 paused 0
Sep 01 23:12:17 jl-xps /usr/libexec/gdm-x-session[1794]: (**) Sleep Button: always reports core events
Sep 01 23:12:17 jl-xps /usr/libexec/gdm-x-session[1794]: (**) Option "Device" "/dev/input/event2"
Sep 01 23:12:17 jl-xps /usr/libexec/gdm-x-session[1794]: (**) Option "_source" "server/udev"
Sep 01 23:12:17 jl-xps /usr/libexec/gdm-x-session[1794]: (II) event2  - Sleep Button: is tagged by udev as: Keyboard
Sep 01 23:12:17 jl-xps /usr/libexec/gdm-x-session[1794]: (II) event2  - Sleep Button: device is a keyboard
Sep 01 23:12:17 jl-xps /usr/libexec/gdm-x-session[1794]: (II) event2  - Sleep Button: device removed
Sep 01 23:12:17 jl-xps /usr/libexec/gdm-x-session[1794]: (**) Option "config_info" "udev:/sys/devices/LNXSYSTM:00/LNXSYBUS:00/PNP0C0E:00/input/input2/event2"
Sep 01 23:12:17 jl-xps /usr/libexec/gdm-x-session[1794]: (II) XINPUT: Adding extended input device "Sleep Button" (type: KEYBOARD, id 9)
Sep 01 23:12:17 jl-xps /usr/libexec/gdm-x-session[1794]: (**) Option "xkb_layout" "fr,dk"
Sep 01 23:12:17 jl-xps /usr/libexec/gdm-x-session[1794]: (**) Option "xkb_variant" "bepo,"
Sep 01 23:12:17 jl-xps /usr/libexec/gdm-x-session[1794]: (II) event2  - Sleep Button: is tagged by udev as: Keyboard
Sep 01 23:12:17 jl-xps /usr/libexec/gdm-x-session[1794]: (II) event2  - Sleep Button: device is a keyboard
Sep 01 23:12:17 jl-xps /usr/libexec/gdm-x-session[1794]: (II) config/udev: Adding input device Integrated_Webcam_HD: Integrate (/dev/input/event9)
Sep 01 23:12:17 jl-xps /usr/libexec/gdm-x-session[1794]: (**) Integrated_Webcam_HD: Integrate: Applying InputClass "evdev keyboard catchall"
Sep 01 23:12:17 jl-xps /usr/libexec/gdm-x-session[1794]: (**) Integrated_Webcam_HD: Integrate: Applying InputClass "libinput keyboard catchall"
Sep 01 23:12:17 jl-xps /usr/libexec/gdm-x-session[1794]: (**) Integrated_Webcam_HD: Integrate: Applying InputClass "system-keyboard"
Sep 01 23:12:17 jl-xps /usr/libexec/gdm-x-session[1794]: (II) Using input driver 'libinput' for 'Integrated_Webcam_HD: Integrate'
Sep 01 23:12:17 jl-xps /usr/libexec/gdm-x-session[1794]: (II) systemd-logind: got fd for /dev/input/event9 13:73 fd 33 paused 0
Sep 01 23:12:17 jl-xps /usr/libexec/gdm-x-session[1794]: (**) Integrated_Webcam_HD: Integrate: always reports core events
Sep 01 23:12:17 jl-xps /usr/libexec/gdm-x-session[1794]: (**) Option "Device" "/dev/input/event9"
Sep 01 23:12:17 jl-xps /usr/libexec/gdm-x-session[1794]: (**) Option "_source" "server/udev"
Sep 01 23:12:17 jl-xps /usr/libexec/gdm-x-session[1794]: (II) event9  - Integrated_Webcam_HD: Integrate: is tagged by udev as: Keyboard
Sep 01 23:12:17 jl-xps /usr/libexec/gdm-x-session[1794]: (II) event9  - Integrated_Webcam_HD: Integrate: device is a keyboard
Sep 01 23:12:17 jl-xps /usr/libexec/gdm-x-session[1794]: (II) event9  - Integrated_Webcam_HD: Integrate: device removed
Sep 01 23:12:17 jl-xps /usr/libexec/gdm-x-session[1794]: (**) Option "config_info" "udev:/sys/devices/pci0000:00/0000:00:14.0/usb1/1-1/1-1:1.0/input/input9/event9"
Sep 01 23:12:17 jl-xps /usr/libexec/gdm-x-session[1794]: (II) XINPUT: Adding extended input device "Integrated_Webcam_HD: Integrate" (type: KEYBOARD, id 10)
Sep 01 23:12:17 jl-xps /usr/libexec/gdm-x-session[1794]: (**) Option "xkb_layout" "fr,dk"
Sep 01 23:12:17 jl-xps /usr/libexec/gdm-x-session[1794]: (**) Option "xkb_variant" "bepo,"
Sep 01 23:12:17 jl-xps /usr/libexec/gdm-x-session[1794]: (II) event9  - Integrated_Webcam_HD: Integrate: is tagged by udev as: Keyboard
Sep 01 23:12:17 jl-xps /usr/libexec/gdm-x-session[1794]: (II) event9  - Integrated_Webcam_HD: Integrate: device is a keyboard
Sep 01 23:12:17 jl-xps /usr/libexec/gdm-x-session[1794]: (II) config/udev: Adding input device Integrated_Webcam_HD: Integrate (/dev/input/event10)
Sep 01 23:12:17 jl-xps /usr/libexec/gdm-x-session[1794]: (**) Integrated_Webcam_HD: Integrate: Applying InputClass "evdev keyboard catchall"
Sep 01 23:12:17 jl-xps /usr/libexec/gdm-x-session[1794]: (**) Integrated_Webcam_HD: Integrate: Applying InputClass "libinput keyboard catchall"
Sep 01 23:12:17 jl-xps /usr/libexec/gdm-x-session[1794]: (**) Integrated_Webcam_HD: Integrate: Applying InputClass "system-keyboard"
Sep 01 23:12:17 jl-xps /usr/libexec/gdm-x-session[1794]: (II) Using input driver 'libinput' for 'Integrated_Webcam_HD: Integrate'
Sep 01 23:12:17 jl-xps /usr/libexec/gdm-x-session[1794]: (II) systemd-logind: got fd for /dev/input/event10 13:74 fd 34 paused 0
Sep 01 23:12:17 jl-xps /usr/libexec/gdm-x-session[1794]: (**) Integrated_Webcam_HD: Integrate: always reports core events
Sep 01 23:12:17 jl-xps /usr/libexec/gdm-x-session[1794]: (**) Option "Device" "/dev/input/event10"
Sep 01 23:12:17 jl-xps /usr/libexec/gdm-x-session[1794]: (**) Option "_source" "server/udev"
Sep 01 23:12:17 jl-xps /usr/libexec/gdm-x-session[1794]: (II) event10 - Integrated_Webcam_HD: Integrate: is tagged by udev as: Keyboard
Sep 01 23:12:17 jl-xps /usr/libexec/gdm-x-session[1794]: (II) event10 - Integrated_Webcam_HD: Integrate: device is a keyboard
Sep 01 23:12:17 jl-xps /usr/libexec/gdm-x-session[1794]: (II) event10 - Integrated_Webcam_HD: Integrate: device removed
Sep 01 23:12:17 jl-xps /usr/libexec/gdm-x-session[1794]: (**) Option "config_info" "udev:/sys/devices/pci0000:00/0000:00:14.0/usb1/1-1/1-1:1.2/input/input10/event10"
Sep 01 23:12:17 jl-xps /usr/libexec/gdm-x-session[1794]: (II) XINPUT: Adding extended input device "Integrated_Webcam_HD: Integrate" (type: KEYBOARD, id 11)
Sep 01 23:12:17 jl-xps /usr/libexec/gdm-x-session[1794]: (**) Option "xkb_layout" "fr,dk"
Sep 01 23:12:17 jl-xps /usr/libexec/gdm-x-session[1794]: (**) Option "xkb_variant" "bepo,"
Sep 01 23:12:17 jl-xps /usr/libexec/gdm-x-session[1794]: (II) event10 - Integrated_Webcam_HD: Integrate: is tagged by udev as: Keyboard
Sep 01 23:12:17 jl-xps /usr/libexec/gdm-x-session[1794]: (II) event10 - Integrated_Webcam_HD: Integrate: device is a keyboard
Sep 01 23:12:17 jl-xps /usr/libexec/gdm-x-session[1794]: (II) config/udev: Adding input device Wacom HID 486A Pen (/dev/input/event13)
Sep 01 23:12:17 jl-xps /usr/libexec/gdm-x-session[1794]: (**) Wacom HID 486A Pen: Applying InputClass "evdev tablet catchall"
Sep 01 23:12:17 jl-xps /usr/libexec/gdm-x-session[1794]: (**) Wacom HID 486A Pen: Applying InputClass "libinput tablet catchall"
Sep 01 23:12:17 jl-xps /usr/libexec/gdm-x-session[1794]: (**) Wacom HID 486A Pen: Applying InputClass "Wacom USB tablet class"
Sep 01 23:12:17 jl-xps /usr/libexec/gdm-x-session[1794]: (**) Wacom HID 486A Pen: Applying InputClass "Wacom tablet class"
Sep 01 23:12:17 jl-xps /usr/libexec/gdm-x-session[1794]: (II) LoadModule: "wacom"
Sep 01 23:12:17 jl-xps /usr/libexec/gdm-x-session[1794]: (II) Loading /usr/lib64/xorg/modules/input/wacom_drv.so
Sep 01 23:12:17 jl-xps /usr/libexec/gdm-x-session[1794]: (II) Module wacom: vendor="X.Org Foundation"
Sep 01 23:12:17 jl-xps /usr/libexec/gdm-x-session[1794]:         compiled for 1.19.6, module version = 0.36.1
Sep 01 23:12:17 jl-xps /usr/libexec/gdm-x-session[1794]:         Module class: X.Org XInput Driver
Sep 01 23:12:17 jl-xps /usr/libexec/gdm-x-session[1794]:         ABI class: X.Org XInput driver, version 24.1
Sep 01 23:12:17 jl-xps /usr/libexec/gdm-x-session[1794]: (II) Build version: 0.36.1
Sep 01 23:12:17 jl-xps /usr/libexec/gdm-x-session[1794]: (II) wacom: Driver for Wacom graphics tablets: PenPartner, Graphire,
Sep 01 23:12:17 jl-xps /usr/libexec/gdm-x-session[1794]:         Graphire2 4x5, Graphire2 5x7, Graphire3 4x5, Graphire3 6x8,
Sep 01 23:12:17 jl-xps /usr/libexec/gdm-x-session[1794]:         Graphire4 4x5, Graphire4 6x8, BambooFun 4x5, BambooFun 6x8,
Sep 01 23:12:17 jl-xps /usr/libexec/gdm-x-session[1794]:         Bamboo1 Medium, Graphire4 6x8 BlueTooth, CTL-460, CTH-461, CTL-660,
Sep 01 23:12:17 jl-xps /usr/libexec/gdm-x-session[1794]:         CTL-461/S, Bamboo Touch, CTH-460/K, CTH-461/S, CTH-661/S1, CTH-461/L,
Sep 01 23:12:17 jl-xps /usr/libexec/gdm-x-session[1794]:         CTH-661/L, Intuos 4x5, Intuos 6x8, Intuos 9x12, Intuos 12x12,
Sep 01 23:12:17 jl-xps /usr/libexec/gdm-x-session[1794]:         Intuos 12x18, PTU600, PL400, PL500, PL600, PL600SX, PL550, PL800,
Sep 01 23:12:17 jl-xps /usr/libexec/gdm-x-session[1794]:         PL700, PL510, PL710, DTI520, DTF720, DTF720a, DTF521, DTU1931,
Sep 01 23:12:17 jl-xps /usr/libexec/gdm-x-session[1794]:         DTU2231, DTU1631, DTH1152, DTH1152, DTK2451, DTH2452, DTH2452,
Sep 01 23:12:17 jl-xps /usr/libexec/gdm-x-session[1794]:         Intuos2 4x5, Intuos2 6x8, Intuos2 9x12, Intuos2 12x12, Intuos2 12x18,
Sep 01 23:12:17 jl-xps /usr/libexec/gdm-x-session[1794]:         Intuos2 6x8 , Volito, PenStation, Volito2 4x5, Volito2 2x3,
Sep 01 23:12:17 jl-xps /usr/libexec/gdm-x-session[1794]:         PenPartner2, Bamboo, Bamboo1, Bamboo1 4x6, Bamboo1 5x8, Intuos3 4x5,
Sep 01 23:12:17 jl-xps /usr/libexec/gdm-x-session[1794]:         Intuos3 6x8, Intuos3 9x12, Intuos3 12x12, Intuos3 12x19,
Sep 01 23:12:17 jl-xps /usr/libexec/gdm-x-session[1794]:         Intuos3 6x11, Intuos3 4x6, Intuos4 4x6, Intuos4 6x9, Intuos4 8x13,
Sep 01 23:12:17 jl-xps /usr/libexec/gdm-x-session[1794]:         Intuos4 12x19, Intuos4 WL USB Endpoint,
Sep 01 23:12:17 jl-xps /usr/libexec/gdm-x-session[1794]:         Intuos4 WL Bluetooth Endpoint, Intuos5 touch S, Intuos5 touch M,
Sep 01 23:12:17 jl-xps /usr/libexec/gdm-x-session[1794]:         Intuos5 touch L, Intuos5 S, Intuos5 M, Intuos Pro S, Intuos Pro M,
Sep 01 23:12:17 jl-xps /usr/libexec/gdm-x-session[1794]:         Intuos Pro L, Cintiq 21UX, Cintiq 20WSX, Cintiq 12WX, Cintiq 21UX2,
Sep 01 23:12:17 jl-xps /usr/libexec/gdm-x-session[1794]:         Cintiq 24HD, Cintiq 22HD, Cintiq 24HD touch (EMR digitizer),
Sep 01 23:12:17 jl-xps /usr/libexec/gdm-x-session[1794]:         Cintiq 13HD, DTK2241, DTH2242, Cintiq 22HDT, Cintiq 27QHDT,
Sep 01 23:12:17 jl-xps /usr/libexec/gdm-x-session[1794]:         Cintiq 27QHDT, Mobilestudio Pro 13, MobileStudio Pro 16,
Sep 01 23:12:17 jl-xps /usr/libexec/gdm-x-session[1794]:         MobileStudio Pro 13, MobileStudio Pro 16, Cintiq 13 FHD Pro,
Sep 01 23:12:17 jl-xps /usr/libexec/gdm-x-session[1794]:         Cintiq 16 UHD Pro, Cintiq Pro 24, Cintiq Pro 32, Cintiq 13 FHD Pro,
Sep 01 23:12:17 jl-xps /usr/libexec/gdm-x-session[1794]:         Cintiq 16 UHD Pro, Cintiq Pro 24, Cintiq Pro 32, Cintiq Pro 24,
Sep 01 23:12:17 jl-xps /usr/libexec/gdm-x-session[1794]:         TabletPC 0x90, TabletPC 0x93, TabletPC 0x97, TabletPC 0x9A,
Sep 01 23:12:17 jl-xps /usr/libexec/gdm-x-session[1794]:         CapPlus  0x9F, TabletPC 0xE2, TabletPC 0xE3, TabletPC 0xE5,
Sep 01 23:12:17 jl-xps /usr/libexec/gdm-x-session[1794]:         TabletPC 0xE6, TabletPC 0xEC, TabletPC 0xED, TabletPC 0xEF,
Sep 01 23:12:17 jl-xps /usr/libexec/gdm-x-session[1794]:         TabletPC 0x100, TabletPC 0x101, TabletPC 0x10D, TabletPC 0x116,
Sep 01 23:12:17 jl-xps /usr/libexec/gdm-x-session[1794]:         TabletPC 0x12C, TabletPC 0x4001, TabletPC 0x4004, TabletPC 0x5000,
Sep 01 23:12:17 jl-xps /usr/libexec/gdm-x-session[1794]:         TabletPC 0x5002, usb:172f:0024, usb:172f:0025, usb:172f:0026,
Sep 01 23:12:17 jl-xps /usr/libexec/gdm-x-session[1794]:         usb:172f:0027, usb:172f:0028, usb:172f:0030, usb:172f:0031,
Sep 01 23:12:17 jl-xps /usr/libexec/gdm-x-session[1794]:         usb:172f:0032, usb:172f:0033, usb:172f:0034, usb:172f:0035,
Sep 01 23:12:17 jl-xps /usr/libexec/gdm-x-session[1794]:         usb:172f:0036, usb:172f:0037, usb:172f:0038, usb:172f:0039,
Sep 01 23:12:17 jl-xps /usr/libexec/gdm-x-session[1794]:         usb:172f:0051, usb:172f:0052, usb:172f:0053, usb:172f:0054,
Sep 01 23:12:17 jl-xps /usr/libexec/gdm-x-session[1794]:         usb:172f:0055, usb:172f:0056, usb:172f:0057, usb:172f:0058,
Sep 01 23:12:17 jl-xps /usr/libexec/gdm-x-session[1794]:         usb:172f:0500, usb:172f:0501, usb:172f:0502, usb:172f:0503,
Sep 01 23:12:17 jl-xps /usr/libexec/gdm-x-session[1794]:         usb:1b96:0001, usb:17ef:6004
Sep 01 23:12:17 jl-xps /usr/libexec/gdm-x-session[1794]: (II) Using input driver 'wacom' for 'Wacom HID 486A Pen'
Sep 01 23:12:17 jl-xps /usr/libexec/gdm-x-session[1794]: (II) systemd-logind: got fd for /dev/input/event13 13:77 fd 35 paused 0
Sep 01 23:12:17 jl-xps /usr/libexec/gdm-x-session[1794]: (**) Wacom HID 486A Pen: always reports core events
Sep 01 23:12:17 jl-xps /usr/libexec/gdm-x-session[1794]: (**) Option "Device" "/dev/input/event13"
Sep 01 23:12:17 jl-xps /usr/libexec/gdm-x-session[1794]: (II) Wacom HID 486A Pen: type not specified, assuming 'stylus'.
Sep 01 23:12:17 jl-xps /usr/libexec/gdm-x-session[1794]: (II) Wacom HID 486A Pen: other types will be automatically added.
Sep 01 23:12:17 jl-xps /usr/libexec/gdm-x-session[1794]: (--) Wacom HID 486A Pen stylus: using pressure threshold of 851 for button 1
Sep 01 23:12:17 jl-xps /usr/libexec/gdm-x-session[1794]: (**) Wacom HID 486A Pen stylus: panscroll is 0
Sep 01 23:12:17 jl-xps /usr/libexec/gdm-x-session[1794]: (**) Wacom HID 486A Pen stylus: panscroll modified to 1300
Sep 01 23:12:17 jl-xps /usr/libexec/gdm-x-session[1794]: (--) Wacom HID 486A Pen stylus: maxX=34422 maxY=19362 maxZ=4095 resX=100000 resY=100000  tilt=enabled
Sep 01 23:12:17 jl-xps /usr/libexec/gdm-x-session[1794]: (II) Wacom HID 486A Pen stylus: hotplugging dependent devices.
Sep 01 23:12:17 jl-xps /usr/libexec/gdm-x-session[1794]: (EE) Wacom HID 486A Pen stylus: Invalid type 'cursor' for this device.
Sep 01 23:12:17 jl-xps /usr/libexec/gdm-x-session[1794]: (EE) Wacom HID 486A Pen stylus: Invalid type 'touch' for this device.
Sep 01 23:12:17 jl-xps /usr/libexec/gdm-x-session[1794]: (EE) Wacom HID 486A Pen stylus: Invalid type 'pad' for this device.
Sep 01 23:12:17 jl-xps /usr/libexec/gdm-x-session[1794]: (II) Wacom HID 486A Pen stylus: hotplugging completed.
Sep 01 23:12:17 jl-xps /usr/libexec/gdm-x-session[1794]: (**) Option "config_info" "udev:/sys/devices/pci0000:00/0000:00:15.0/i2c_designware.0/i2c-8/i2c-WCOM486A:00/0018:056A:486A.0003/input/input38/event13"
Sep 01 23:12:17 jl-xps /usr/libexec/gdm-x-session[1794]: (II) XINPUT: Adding extended input device "Wacom HID 486A Pen stylus" (type: STYLUS, id 12)
Sep 01 23:12:17 jl-xps /usr/libexec/gdm-x-session[1794]: (**) Wacom HID 486A Pen stylus: (accel) keeping acceleration scheme 1
Sep 01 23:12:17 jl-xps /usr/libexec/gdm-x-session[1794]: (**) Wacom HID 486A Pen stylus: (accel) acceleration profile 0
Sep 01 23:12:17 jl-xps /usr/libexec/gdm-x-session[1794]: (**) Wacom HID 486A Pen stylus: (accel) acceleration factor: 2.000
Sep 01 23:12:17 jl-xps /usr/libexec/gdm-x-session[1794]: (**) Wacom HID 486A Pen stylus: (accel) acceleration threshold: 4
Sep 01 23:12:17 jl-xps /usr/libexec/gdm-x-session[1794]: (II) config/udev: Adding input device Wacom HID 486A Pen (/dev/input/mouse1)
Sep 01 23:12:17 jl-xps /usr/libexec/gdm-x-session[1794]: (II) No input driver specified, ignoring this device.
Sep 01 23:12:17 jl-xps /usr/libexec/gdm-x-session[1794]: (II) This device may have been added with another device file.
Sep 01 23:12:17 jl-xps /usr/libexec/gdm-x-session[1794]: (II) config/udev: Adding input device Wacom HID 486A Finger (/dev/input/event14)
Sep 01 23:12:17 jl-xps /usr/libexec/gdm-x-session[1794]: (**) Wacom HID 486A Finger: Applying InputClass "evdev touchscreen catchall"
Sep 01 23:12:17 jl-xps /usr/libexec/gdm-x-session[1794]: (**) Wacom HID 486A Finger: Applying InputClass "libinput touchscreen catchall"
Sep 01 23:12:17 jl-xps /usr/libexec/gdm-x-session[1794]: (**) Wacom HID 486A Finger: Applying InputClass "Wacom USB touchscreen class"
Sep 01 23:12:17 jl-xps /usr/libexec/gdm-x-session[1794]: (**) Wacom HID 486A Finger: Applying InputClass "Wacom touchscreen class"
Sep 01 23:12:17 jl-xps /usr/libexec/gdm-x-session[1794]: (II) Using input driver 'wacom' for 'Wacom HID 486A Finger'
Sep 01 23:12:17 jl-xps /usr/libexec/gdm-x-session[1794]: (II) systemd-logind: got fd for /dev/input/event14 13:78 fd 36 paused 0
Sep 01 23:12:17 jl-xps /usr/libexec/gdm-x-session[1794]: (**) Wacom HID 486A Finger: always reports core events
Sep 01 23:12:17 jl-xps /usr/libexec/gdm-x-session[1794]: (**) Option "Device" "/dev/input/event14"
Sep 01 23:12:17 jl-xps /usr/libexec/gdm-x-session[1794]: (EE) Wacom HID 486A Finger: Invalid type 'stylus' for this device.
Sep 01 23:12:17 jl-xps /usr/libexec/gdm-x-session[1794]: (EE) Wacom HID 486A Finger: Invalid type 'eraser' for this device.
Sep 01 23:12:17 jl-xps /usr/libexec/gdm-x-session[1794]: (EE) Wacom HID 486A Finger: Invalid type 'cursor' for this device.
Sep 01 23:12:17 jl-xps /usr/libexec/gdm-x-session[1794]: (II) Wacom HID 486A Finger: type not specified, assuming 'touch'.
Sep 01 23:12:17 jl-xps /usr/libexec/gdm-x-session[1794]: (II) Wacom HID 486A Finger: other types will be automatically added.
Sep 01 23:12:17 jl-xps /usr/libexec/gdm-x-session[1794]: (**) Wacom HID 486A Finger touch: panscroll is 0
Sep 01 23:12:17 jl-xps /usr/libexec/gdm-x-session[1794]: (**) Wacom HID 486A Finger touch: panscroll modified to 13
Sep 01 23:12:17 jl-xps /usr/libexec/gdm-x-session[1794]: (--) Wacom HID 486A Finger touch: maxX=13768 maxY=7744 maxZ=0 resX=40000 resY=40000
Sep 01 23:12:17 jl-xps /usr/libexec/gdm-x-session[1794]: (II) Wacom HID 486A Finger touch: hotplugging dependent devices.
Sep 01 23:12:17 jl-xps /usr/libexec/gdm-x-session[1794]: (EE) Wacom HID 486A Finger touch: Invalid type 'stylus' for this device.
Sep 01 23:12:17 jl-xps /usr/libexec/gdm-x-session[1794]: (EE) Wacom HID 486A Finger touch: Invalid type 'eraser' for this device.
Sep 01 23:12:17 jl-xps /usr/libexec/gdm-x-session[1794]: (EE) Wacom HID 486A Finger touch: Invalid type 'cursor' for this device.
Sep 01 23:12:17 jl-xps /usr/libexec/gdm-x-session[1794]: (EE) Wacom HID 486A Finger touch: Invalid type 'pad' for this device.
Sep 01 23:12:17 jl-xps /usr/libexec/gdm-x-session[1794]: (II) Wacom HID 486A Finger touch: hotplugging completed.
Sep 01 23:12:17 jl-xps /usr/libexec/gdm-x-session[1794]: (**) Option "config_info" "udev:/sys/devices/pci0000:00/0000:00:15.0/i2c_designware.0/i2c-8/i2c-WCOM486A:00/0018:056A:486A.0003/input/input39/event14"
Sep 01 23:12:17 jl-xps /usr/libexec/gdm-x-session[1794]: (II) XINPUT: Adding extended input device "Wacom HID 486A Finger touch" (type: TOUCH, id 13)
Sep 01 23:12:17 jl-xps /usr/libexec/gdm-x-session[1794]: (**) Wacom HID 486A Finger touch: (accel) keeping acceleration scheme 1
Sep 01 23:12:17 jl-xps /usr/libexec/gdm-x-session[1794]: (**) Wacom HID 486A Finger touch: (accel) acceleration profile 0
Sep 01 23:12:17 jl-xps /usr/libexec/gdm-x-session[1794]: (**) Wacom HID 486A Finger touch: (accel) acceleration factor: 2.000
Sep 01 23:12:17 jl-xps /usr/libexec/gdm-x-session[1794]: (**) Wacom HID 486A Finger touch: (accel) acceleration threshold: 4
Sep 01 23:12:17 jl-xps /usr/libexec/gdm-x-session[1794]: (II) config/udev: Adding input device Wacom HID 486A Finger (/dev/input/mouse2)
Sep 01 23:12:17 jl-xps /usr/libexec/gdm-x-session[1794]: (II) No input driver specified, ignoring this device.
Sep 01 23:12:17 jl-xps /usr/libexec/gdm-x-session[1794]: (II) This device may have been added with another device file.
Sep 01 23:12:17 jl-xps /usr/libexec/gdm-x-session[1794]: (II) config/udev: Adding input device DELL080D:00 06CB:7A13 Touchpad (/dev/input/event12)
Sep 01 23:12:17 jl-xps /usr/libexec/gdm-x-session[1794]: (**) DELL080D:00 06CB:7A13 Touchpad: Applying InputClass "evdev touchpad catchall"
Sep 01 23:12:17 jl-xps /usr/libexec/gdm-x-session[1794]: (**) DELL080D:00 06CB:7A13 Touchpad: Applying InputClass "libinput touchpad catchall"
Sep 01 23:12:17 jl-xps /usr/libexec/gdm-x-session[1794]: (II) Using input driver 'libinput' for 'DELL080D:00 06CB:7A13 Touchpad'
Sep 01 23:12:17 jl-xps /usr/libexec/gdm-x-session[1794]: (II) systemd-logind: got fd for /dev/input/event12 13:76 fd 37 paused 0
Sep 01 23:12:17 jl-xps /usr/libexec/gdm-x-session[1794]: (**) DELL080D:00 06CB:7A13 Touchpad: always reports core events
Sep 01 23:12:17 jl-xps /usr/libexec/gdm-x-session[1794]: (**) Option "Device" "/dev/input/event12"
Sep 01 23:12:17 jl-xps /usr/libexec/gdm-x-session[1794]: (**) Option "_source" "server/udev"
Sep 01 23:12:17 jl-xps /usr/libexec/gdm-x-session[1794]: (II) event12 - DELL080D:00 06CB:7A13 Touchpad: is tagged by udev as: Touchpad
Sep 01 23:12:17 jl-xps /usr/libexec/gdm-x-session[1794]: (II) event12 - DELL080D:00 06CB:7A13 Touchpad: device is a touchpad
Sep 01 23:12:17 jl-xps /usr/libexec/gdm-x-session[1794]: (II) event12 - DELL080D:00 06CB:7A13 Touchpad: device removed
Sep 01 23:12:17 jl-xps /usr/libexec/gdm-x-session[1794]: (**) Option "config_info" "udev:/sys/devices/pci0000:00/0000:00:15.1/i2c_designware.1/i2c-9/i2c-DELL080D:00/0018:06CB:7A13.0004/input/input33/event12"
Sep 01 23:12:17 jl-xps /usr/libexec/gdm-x-session[1794]: (II) XINPUT: Adding extended input device "DELL080D:00 06CB:7A13 Touchpad" (type: TOUCHPAD, id 14)
Sep 01 23:12:17 jl-xps /usr/libexec/gdm-x-session[1794]: (**) Option "AccelerationScheme" "none"
Sep 01 23:12:17 jl-xps /usr/libexec/gdm-x-session[1794]: (**) DELL080D:00 06CB:7A13 Touchpad: (accel) selected scheme none/0
Sep 01 23:12:17 jl-xps /usr/libexec/gdm-x-session[1794]: (**) DELL080D:00 06CB:7A13 Touchpad: (accel) acceleration factor: 2.000
Sep 01 23:12:17 jl-xps /usr/libexec/gdm-x-session[1794]: (**) DELL080D:00 06CB:7A13 Touchpad: (accel) acceleration threshold: 4
Sep 01 23:12:17 jl-xps /usr/libexec/gdm-x-session[1794]: (II) event12 - DELL080D:00 06CB:7A13 Touchpad: is tagged by udev as: Touchpad
Sep 01 23:12:17 jl-xps /usr/libexec/gdm-x-session[1794]: (II) event12 - DELL080D:00 06CB:7A13 Touchpad: device is a touchpad
Sep 01 23:12:17 jl-xps /usr/libexec/gdm-x-session[1794]: (II) config/udev: Adding input device DELL080D:00 06CB:7A13 Touchpad (/dev/input/mouse0)
Sep 01 23:12:17 jl-xps /usr/libexec/gdm-x-session[1794]: (II) No input driver specified, ignoring this device.
Sep 01 23:12:17 jl-xps /usr/libexec/gdm-x-session[1794]: (II) This device may have been added with another device file.
Sep 01 23:12:17 jl-xps /usr/libexec/gdm-x-session[1794]: (II) config/udev: Adding input device Intel Virtual Button driver (/dev/input/event8)
Sep 01 23:12:17 jl-xps /usr/libexec/gdm-x-session[1794]: (**) Intel Virtual Button driver: Applying InputClass "evdev keyboard catchall"
Sep 01 23:12:17 jl-xps /usr/libexec/gdm-x-session[1794]: (**) Intel Virtual Button driver: Applying InputClass "libinput keyboard catchall"
Sep 01 23:12:17 jl-xps /usr/libexec/gdm-x-session[1794]: (**) Intel Virtual Button driver: Applying InputClass "system-keyboard"
Sep 01 23:12:17 jl-xps /usr/libexec/gdm-x-session[1794]: (II) Using input driver 'libinput' for 'Intel Virtual Button driver'
Sep 01 23:12:17 jl-xps /usr/libexec/gdm-x-session[1794]: (II) systemd-logind: got fd for /dev/input/event8 13:72 fd 38 paused 0
Sep 01 23:12:17 jl-xps /usr/libexec/gdm-x-session[1794]: (**) Intel Virtual Button driver: always reports core events
Sep 01 23:12:17 jl-xps /usr/libexec/gdm-x-session[1794]: (**) Option "Device" "/dev/input/event8"
Sep 01 23:12:17 jl-xps /usr/libexec/gdm-x-session[1794]: (**) Option "_source" "server/udev"
Sep 01 23:12:17 jl-xps /usr/libexec/gdm-x-session[1794]: (II) event8  - Intel Virtual Button driver: is tagged by udev as: Keyboard Switch
Sep 01 23:12:17 jl-xps /usr/libexec/gdm-x-session[1794]: (II) event8  - Intel Virtual Button driver: device is a keyboard
Sep 01 23:12:17 jl-xps /usr/libexec/gdm-x-session[1794]: (II) event8  - Intel Virtual Button driver: device is a switch device
Sep 01 23:12:17 jl-xps /usr/libexec/gdm-x-session[1794]: (II) event8  - Intel Virtual Button driver: device removed
Sep 01 23:12:17 jl-xps /usr/libexec/gdm-x-session[1794]: (**) Option "config_info" "udev:/sys/devices/pci0000:00/0000:00:1f.0/PNP0C09:00/INT33D6:00/input/input8/event8"
Sep 01 23:12:17 jl-xps /usr/libexec/gdm-x-session[1794]: (II) XINPUT: Adding extended input device "Intel Virtual Button driver" (type: KEYBOARD, id 15)
Sep 01 23:12:17 jl-xps /usr/libexec/gdm-x-session[1794]: (**) Option "xkb_layout" "fr,dk"
Sep 01 23:12:17 jl-xps /usr/libexec/gdm-x-session[1794]: (**) Option "xkb_variant" "bepo,"
Sep 01 23:12:17 jl-xps /usr/libexec/gdm-x-session[1794]: (II) event8  - Intel Virtual Button driver: is tagged by udev as: Keyboard Switch
Sep 01 23:12:17 jl-xps /usr/libexec/gdm-x-session[1794]: (II) event8  - Intel Virtual Button driver: device is a keyboard
Sep 01 23:12:17 jl-xps /usr/libexec/gdm-x-session[1794]: (II) event8  - Intel Virtual Button driver: device is a switch device
Sep 01 23:12:17 jl-xps /usr/libexec/gdm-x-session[1794]: (II) config/udev: Adding input device HDA Intel PCH Headphone Mic (/dev/input/event17)
Sep 01 23:12:17 jl-xps /usr/libexec/gdm-x-session[1794]: (II) No input driver specified, ignoring this device.
Sep 01 23:12:17 jl-xps /usr/libexec/gdm-x-session[1794]: (II) This device may have been added with another device file.
Sep 01 23:12:17 jl-xps /usr/libexec/gdm-x-session[1794]: (II) config/udev: Adding input device HDA Intel PCH HDMI/DP,pcm=3 (/dev/input/event18)
Sep 01 23:12:17 jl-xps /usr/libexec/gdm-x-session[1794]: (II) No input driver specified, ignoring this device.
Sep 01 23:12:17 jl-xps /usr/libexec/gdm-x-session[1794]: (II) This device may have been added with another device file.
Sep 01 23:12:17 jl-xps /usr/libexec/gdm-x-session[1794]: (II) config/udev: Adding input device HDA Intel PCH HDMI/DP,pcm=7 (/dev/input/event19)
Sep 01 23:12:17 jl-xps /usr/libexec/gdm-x-session[1794]: (II) No input driver specified, ignoring this device.
Sep 01 23:12:17 jl-xps /usr/libexec/gdm-x-session[1794]: (II) This device may have been added with another device file.
Sep 01 23:12:17 jl-xps /usr/libexec/gdm-x-session[1794]: (II) config/udev: Adding input device HDA Intel PCH HDMI/DP,pcm=8 (/dev/input/event20)
Sep 01 23:12:17 jl-xps /usr/libexec/gdm-x-session[1794]: (II) No input driver specified, ignoring this device.
Sep 01 23:12:17 jl-xps /usr/libexec/gdm-x-session[1794]: (II) This device may have been added with another device file.
Sep 01 23:12:17 jl-xps /usr/libexec/gdm-x-session[1794]: (II) config/udev: Adding input device HDA Intel PCH HDMI/DP,pcm=9 (/dev/input/event21)
Sep 01 23:12:17 jl-xps /usr/libexec/gdm-x-session[1794]: (II) No input driver specified, ignoring this device.
Sep 01 23:12:17 jl-xps /usr/libexec/gdm-x-session[1794]: (II) This device may have been added with another device file.
Sep 01 23:12:17 jl-xps /usr/libexec/gdm-x-session[1794]: (II) config/udev: Adding input device HDA Intel PCH HDMI/DP,pcm=10 (/dev/input/event22)
Sep 01 23:12:17 jl-xps /usr/libexec/gdm-x-session[1794]: (II) No input driver specified, ignoring this device.
Sep 01 23:12:17 jl-xps /usr/libexec/gdm-x-session[1794]: (II) This device may have been added with another device file.
Sep 01 23:12:17 jl-xps /usr/libexec/gdm-x-session[1794]: (II) config/udev: Adding input device Intel HID events (/dev/input/event6)
Sep 01 23:12:17 jl-xps /usr/libexec/gdm-x-session[1794]: (**) Intel HID events: Applying InputClass "evdev keyboard catchall"
Sep 01 23:12:17 jl-xps /usr/libexec/gdm-x-session[1794]: (**) Intel HID events: Applying InputClass "libinput keyboard catchall"
Sep 01 23:12:17 jl-xps /usr/libexec/gdm-x-session[1794]: (**) Intel HID events: Applying InputClass "system-keyboard"
Sep 01 23:12:17 jl-xps /usr/libexec/gdm-x-session[1794]: (II) Using input driver 'libinput' for 'Intel HID events'
Sep 01 23:12:17 jl-xps /usr/libexec/gdm-x-session[1794]: (II) systemd-logind: got fd for /dev/input/event6 13:70 fd 39 paused 0
Sep 01 23:12:17 jl-xps /usr/libexec/gdm-x-session[1794]: (**) Intel HID events: always reports core events
Sep 01 23:12:17 jl-xps /usr/libexec/gdm-x-session[1794]: (**) Option "Device" "/dev/input/event6"
Sep 01 23:12:17 jl-xps /usr/libexec/gdm-x-session[1794]: (**) Option "_source" "server/udev"
Sep 01 23:12:18 jl-xps /usr/libexec/gdm-x-session[1794]: (II) event6  - Intel HID events: is tagged by udev as: Keyboard
Sep 01 23:12:18 jl-xps /usr/libexec/gdm-x-session[1794]: (II) event6  - Intel HID events: device is a keyboard
Sep 01 23:12:18 jl-xps /usr/libexec/gdm-x-session[1794]: (II) event6  - Intel HID events: device removed
Sep 01 23:12:18 jl-xps /usr/libexec/gdm-x-session[1794]: (**) Option "config_info" "udev:/sys/devices/platform/INT33D5:00/input/input6/event6"
Sep 01 23:12:18 jl-xps /usr/libexec/gdm-x-session[1794]: (II) XINPUT: Adding extended input device "Intel HID events" (type: KEYBOARD, id 16)
Sep 01 23:12:18 jl-xps /usr/libexec/gdm-x-session[1794]: (**) Option "xkb_layout" "fr,dk"
Sep 01 23:12:18 jl-xps /usr/libexec/gdm-x-session[1794]: (**) Option "xkb_variant" "bepo,"
Sep 01 23:12:18 jl-xps /usr/libexec/gdm-x-session[1794]: (II) event6  - Intel HID events: is tagged by udev as: Keyboard
Sep 01 23:12:18 jl-xps /usr/libexec/gdm-x-session[1794]: (II) event6  - Intel HID events: device is a keyboard
Sep 01 23:12:18 jl-xps /usr/libexec/gdm-x-session[1794]: (II) config/udev: Adding input device Intel HID 5 button array (/dev/input/event7)
Sep 01 23:12:18 jl-xps /usr/libexec/gdm-x-session[1794]: (**) Intel HID 5 button array: Applying InputClass "evdev keyboard catchall"
Sep 01 23:12:18 jl-xps /usr/libexec/gdm-x-session[1794]: (**) Intel HID 5 button array: Applying InputClass "libinput keyboard catchall"
Sep 01 23:12:18 jl-xps /usr/libexec/gdm-x-session[1794]: (**) Intel HID 5 button array: Applying InputClass "system-keyboard"
Sep 01 23:12:18 jl-xps /usr/libexec/gdm-x-session[1794]: (II) Using input driver 'libinput' for 'Intel HID 5 button array'
Sep 01 23:12:18 jl-xps /usr/libexec/gdm-x-session[1794]: (II) systemd-logind: got fd for /dev/input/event7 13:71 fd 40 paused 0
Sep 01 23:12:18 jl-xps /usr/libexec/gdm-x-session[1794]: (**) Intel HID 5 button array: always reports core events
Sep 01 23:12:18 jl-xps /usr/libexec/gdm-x-session[1794]: (**) Option "Device" "/dev/input/event7"
Sep 01 23:12:18 jl-xps /usr/libexec/gdm-x-session[1794]: (**) Option "_source" "server/udev"
Sep 01 23:12:18 jl-xps /usr/libexec/gdm-x-session[1794]: (II) event7  - Intel HID 5 button array: is tagged by udev as: Keyboard
Sep 01 23:12:18 jl-xps /usr/libexec/gdm-x-session[1794]: (II) event7  - Intel HID 5 button array: device is a keyboard
Sep 01 23:12:18 jl-xps /usr/libexec/gdm-x-session[1794]: (II) event7  - Intel HID 5 button array: device removed
Sep 01 23:12:18 jl-xps /usr/libexec/gdm-x-session[1794]: (**) Option "config_info" "udev:/sys/devices/platform/INT33D5:00/input/input7/event7"
Sep 01 23:12:18 jl-xps /usr/libexec/gdm-x-session[1794]: (II) XINPUT: Adding extended input device "Intel HID 5 button array" (type: KEYBOARD, id 17)
Sep 01 23:12:18 jl-xps /usr/libexec/gdm-x-session[1794]: (**) Option "xkb_layout" "fr,dk"
Sep 01 23:12:18 jl-xps /usr/libexec/gdm-x-session[1794]: (**) Option "xkb_variant" "bepo,"
Sep 01 23:12:18 jl-xps /usr/libexec/gdm-x-session[1794]: (II) event7  - Intel HID 5 button array: is tagged by udev as: Keyboard
Sep 01 23:12:18 jl-xps /usr/libexec/gdm-x-session[1794]: (II) event7  - Intel HID 5 button array: device is a keyboard
Sep 01 23:12:18 jl-xps /usr/libexec/gdm-x-session[1794]: (II) config/udev: Adding input device Dell WMI hotkeys (/dev/input/event11)
Sep 01 23:12:18 jl-xps /usr/libexec/gdm-x-session[1794]: (**) Dell WMI hotkeys: Applying InputClass "evdev keyboard catchall"
Sep 01 23:12:18 jl-xps /usr/libexec/gdm-x-session[1794]: (**) Dell WMI hotkeys: Applying InputClass "libinput keyboard catchall"
Sep 01 23:12:18 jl-xps /usr/libexec/gdm-x-session[1794]: (**) Dell WMI hotkeys: Applying InputClass "system-keyboard"
Sep 01 23:12:18 jl-xps /usr/libexec/gdm-x-session[1794]: (II) Using input driver 'libinput' for 'Dell WMI hotkeys'
Sep 01 23:12:18 jl-xps /usr/libexec/gdm-x-session[1794]: (II) systemd-logind: got fd for /dev/input/event11 13:75 fd 41 paused 0
Sep 01 23:12:18 jl-xps /usr/libexec/gdm-x-session[1794]: (**) Dell WMI hotkeys: always reports core events
Sep 01 23:12:18 jl-xps /usr/libexec/gdm-x-session[1794]: (**) Option "Device" "/dev/input/event11"
Sep 01 23:12:18 jl-xps /usr/libexec/gdm-x-session[1794]: (**) Option "_source" "server/udev"
Sep 01 23:12:18 jl-xps /usr/libexec/gdm-x-session[1794]: (II) event11 - Dell WMI hotkeys: is tagged by udev as: Keyboard
Sep 01 23:12:18 jl-xps /usr/libexec/gdm-x-session[1794]: (II) event11 - Dell WMI hotkeys: device is a keyboard
Sep 01 23:12:18 jl-xps /usr/libexec/gdm-x-session[1794]: (II) event11 - Dell WMI hotkeys: device removed
Sep 01 23:12:18 jl-xps /usr/libexec/gdm-x-session[1794]: (**) Option "config_info" "udev:/sys/devices/platform/PNP0C14:01/wmi_bus/wmi_bus-PNP0C14:01/9DBB5994-A997-11DA-B012-B622A1EF5492/input/input11/event11"
Sep 01 23:12:18 jl-xps /usr/libexec/gdm-x-session[1794]: (II) XINPUT: Adding extended input device "Dell WMI hotkeys" (type: KEYBOARD, id 18)
Sep 01 23:12:18 jl-xps /usr/libexec/gdm-x-session[1794]: (**) Option "xkb_layout" "fr,dk"
Sep 01 23:12:18 jl-xps /usr/libexec/gdm-x-session[1794]: (**) Option "xkb_variant" "bepo,"
Sep 01 23:12:18 jl-xps /usr/libexec/gdm-x-session[1794]: (II) event11 - Dell WMI hotkeys: is tagged by udev as: Keyboard
Sep 01 23:12:18 jl-xps /usr/libexec/gdm-x-session[1794]: (II) event11 - Dell WMI hotkeys: device is a keyboard
Sep 01 23:12:18 jl-xps /usr/libexec/gdm-x-session[1794]: (II) config/udev: Adding input device AT Translated Set 2 keyboard (/dev/input/event4)
Sep 01 23:12:18 jl-xps /usr/libexec/gdm-x-session[1794]: (**) AT Translated Set 2 keyboard: Applying InputClass "evdev keyboard catchall"
Sep 01 23:12:18 jl-xps /usr/libexec/gdm-x-session[1794]: (**) AT Translated Set 2 keyboard: Applying InputClass "libinput keyboard catchall"
Sep 01 23:12:18 jl-xps /usr/libexec/gdm-x-session[1794]: (**) AT Translated Set 2 keyboard: Applying InputClass "system-keyboard"
Sep 01 23:12:18 jl-xps /usr/libexec/gdm-x-session[1794]: (II) Using input driver 'libinput' for 'AT Translated Set 2 keyboard'
Sep 01 23:12:18 jl-xps /usr/libexec/gdm-x-session[1794]: (II) systemd-logind: got fd for /dev/input/event4 13:68 fd 42 paused 0
Sep 01 23:12:18 jl-xps /usr/libexec/gdm-x-session[1794]: (**) AT Translated Set 2 keyboard: always reports core events
Sep 01 23:12:18 jl-xps /usr/libexec/gdm-x-session[1794]: (**) Option "Device" "/dev/input/event4"
Sep 01 23:12:18 jl-xps /usr/libexec/gdm-x-session[1794]: (**) Option "_source" "server/udev"
Sep 01 23:12:18 jl-xps /usr/libexec/gdm-x-session[1794]: (II) event4  - AT Translated Set 2 keyboard: is tagged by udev as: Keyboard
Sep 01 23:12:18 jl-xps /usr/libexec/gdm-x-session[1794]: (II) event4  - AT Translated Set 2 keyboard: device is a keyboard
Sep 01 23:12:18 jl-xps /usr/libexec/gdm-x-session[1794]: (II) event4  - AT Translated Set 2 keyboard: device removed
Sep 01 23:12:18 jl-xps /usr/libexec/gdm-x-session[1794]: (**) Option "config_info" "udev:/sys/devices/platform/i8042/serio0/input/input4/event4"
Sep 01 23:12:18 jl-xps /usr/libexec/gdm-x-session[1794]: (II) XINPUT: Adding extended input device "AT Translated Set 2 keyboard" (type: KEYBOARD, id 19)
Sep 01 23:12:18 jl-xps /usr/libexec/gdm-x-session[1794]: (**) Option "xkb_layout" "fr,dk"
Sep 01 23:12:18 jl-xps /usr/libexec/gdm-x-session[1794]: (**) Option "xkb_variant" "bepo,"
Sep 01 23:12:18 jl-xps /usr/libexec/gdm-x-session[1794]: (II) event4  - AT Translated Set 2 keyboard: is tagged by udev as: Keyboard
Sep 01 23:12:18 jl-xps /usr/libexec/gdm-x-session[1794]: (II) event4  - AT Translated Set 2 keyboard: device is a keyboard
Sep 01 23:12:18 jl-xps /usr/libexec/gdm-x-session[1794]: (**) Wacom HID 486A Pen eraser: Applying InputClass "evdev tablet catchall"
Sep 01 23:12:18 jl-xps /usr/libexec/gdm-x-session[1794]: (**) Wacom HID 486A Pen eraser: Applying InputClass "libinput tablet catchall"
Sep 01 23:12:18 jl-xps /usr/libexec/gdm-x-session[1794]: (**) Wacom HID 486A Pen eraser: Applying InputClass "Wacom USB tablet class"
Sep 01 23:12:18 jl-xps /usr/libexec/gdm-x-session[1794]: (**) Wacom HID 486A Pen eraser: Applying InputClass "Wacom tablet class"
Sep 01 23:12:18 jl-xps /usr/libexec/gdm-x-session[1794]: (II) Using input driver 'wacom' for 'Wacom HID 486A Pen eraser'
Sep 01 23:12:18 jl-xps /usr/libexec/gdm-x-session[1794]: (II) systemd-logind: returning pre-existing fd for /dev/input/event13 13:77
Sep 01 23:12:18 jl-xps /usr/libexec/gdm-x-session[1794]: (**) Wacom HID 486A Pen eraser: always reports core events
Sep 01 23:12:18 jl-xps /usr/libexec/gdm-x-session[1794]: (**) Option "Device" "/dev/input/event13"
Sep 01 23:12:18 jl-xps /usr/libexec/gdm-x-session[1794]: (**) Option "Type" "eraser"
Sep 01 23:12:18 jl-xps /usr/libexec/gdm-x-session[1794]: (**) Wacom HID 486A Pen eraser: panscroll is 1300
Sep 01 23:12:18 jl-xps /usr/libexec/gdm-x-session[1794]: (**) Wacom HID 486A Pen eraser: panscroll modified to 1300
Sep 01 23:12:18 jl-xps /usr/libexec/gdm-x-session[1794]: (--) Wacom HID 486A Pen eraser: maxX=34422 maxY=19362 maxZ=4095 resX=100000 resY=100000  tilt=enabled
Sep 01 23:12:18 jl-xps /usr/libexec/gdm-x-session[1794]: (**) Option "config_info" "udev:/sys/devices/pci0000:00/0000:00:15.0/i2c_designware.0/i2c-8/i2c-WCOM486A:00/0018:056A:486A.0003/input/input38/event13"
Sep 01 23:12:18 jl-xps /usr/libexec/gdm-x-session[1794]: (II) XINPUT: Adding extended input device "Wacom HID 486A Pen eraser" (type: ERASER, id 20)
Sep 01 23:12:18 jl-xps /usr/libexec/gdm-x-session[1794]: (**) Wacom HID 486A Pen eraser: (accel) keeping acceleration scheme 1
Sep 01 23:12:18 jl-xps /usr/libexec/gdm-x-session[1794]: (**) Wacom HID 486A Pen eraser: (accel) acceleration profile 0
Sep 01 23:12:18 jl-xps /usr/libexec/gdm-x-session[1794]: (**) Wacom HID 486A Pen eraser: (accel) acceleration factor: 2.000
Sep 01 23:12:18 jl-xps /usr/libexec/gdm-x-session[1794]: (**) Wacom HID 486A Pen eraser: (accel) acceleration threshold: 4
Sep 01 23:12:18 jl-xps /usr/libexec/gdm-x-session[1794]: (II) modeset(0): EDID vendor "SHP", prod id 5261
Sep 01 23:12:18 jl-xps /usr/libexec/gdm-x-session[1794]: (II) modeset(0): Printing DDC gathered Modelines:
Sep 01 23:12:18 jl-xps /usr/libexec/gdm-x-session[1794]: (II) modeset(0): Modeline "3840x2160"x0.0  533.25  3840 3888 3920 4000  2160 2163 2168 2222 -hsync -vsync (133.3 kHz eP)
Sep 01 23:12:18 jl-xps /usr/libexec/gdm-x-session[1794]: (II) modeset(0): EDID vendor "SHP", prod id 5261
Sep 01 23:12:18 jl-xps /usr/libexec/gdm-x-session[1794]: (II) modeset(0): Printing DDC gathered Modelines:
Sep 01 23:12:18 jl-xps /usr/libexec/gdm-x-session[1794]: (II) modeset(0): Modeline "3840x2160"x0.0  533.25  3840 3888 3920 4000  2160 2163 2168 2222 -hsync -vsync (133.3 kHz eP)
Sep 01 23:12:50 jl-xps /usr/libexec/gdm-x-session[1794]: (II) config/udev: Adding input device Dell Active Pen PN579X Keyboard (/dev/input/event15)
Sep 01 23:12:50 jl-xps /usr/libexec/gdm-x-session[1794]: (**) Dell Active Pen PN579X Keyboard: Applying InputClass "evdev keyboard catchall"
Sep 01 23:12:50 jl-xps /usr/libexec/gdm-x-session[1794]: (**) Dell Active Pen PN579X Keyboard: Applying InputClass "libinput keyboard catchall"
Sep 01 23:12:50 jl-xps /usr/libexec/gdm-x-session[1794]: (**) Dell Active Pen PN579X Keyboard: Applying InputClass "system-keyboard"
Sep 01 23:12:50 jl-xps /usr/libexec/gdm-x-session[1794]: (II) Using input driver 'libinput' for 'Dell Active Pen PN579X Keyboard'
Sep 01 23:12:50 jl-xps /usr/libexec/gdm-x-session[1794]: (II) systemd-logind: got fd for /dev/input/event15 13:79 fd 78 paused 0
Sep 01 23:12:50 jl-xps /usr/libexec/gdm-x-session[1794]: (**) Dell Active Pen PN579X Keyboard: always reports core events
Sep 01 23:12:50 jl-xps /usr/libexec/gdm-x-session[1794]: (**) Option "Device" "/dev/input/event15"
Sep 01 23:12:50 jl-xps /usr/libexec/gdm-x-session[1794]: (**) Option "_source" "server/udev"
Sep 01 23:12:50 jl-xps /usr/libexec/gdm-x-session[1794]: (II) event15 - Dell Active Pen PN579X Keyboard: is tagged by udev as: Keyboard
Sep 01 23:12:50 jl-xps /usr/libexec/gdm-x-session[1794]: (II) event15 - Dell Active Pen PN579X Keyboard: device is a keyboard
Sep 01 23:12:50 jl-xps /usr/libexec/gdm-x-session[1794]: (II) event15 - Dell Active Pen PN579X Keyboard: device removed
Sep 01 23:12:50 jl-xps /usr/libexec/gdm-x-session[1794]: (**) Option "config_info" "udev:/sys/devices/virtual/misc/uhid/0005:413C:81D5.0005/input/input41/event15"
Sep 01 23:12:50 jl-xps /usr/libexec/gdm-x-session[1794]: (II) XINPUT: Adding extended input device "Dell Active Pen PN579X Keyboard" (type: KEYBOARD, id 21)
Sep 01 23:12:50 jl-xps /usr/libexec/gdm-x-session[1794]: (**) Option "xkb_layout" "fr,dk"
Sep 01 23:12:50 jl-xps /usr/libexec/gdm-x-session[1794]: (**) Option "xkb_variant" "bepo,"
Sep 01 23:12:50 jl-xps /usr/libexec/gdm-x-session[1794]: (II) event15 - Dell Active Pen PN579X Keyboard: is tagged by udev as: Keyboard
Sep 01 23:12:50 jl-xps /usr/libexec/gdm-x-session[1794]: (II) event15 - Dell Active Pen PN579X Keyboard: device is a keyboard
Sep 01 23:13:13 jl-xps /usr/libexec/gdm-x-session[1794]: (II) modeset(0): EDID vendor "SHP", prod id 5261
Sep 01 23:13:13 jl-xps /usr/libexec/gdm-x-session[1794]: (II) modeset(0): Printing DDC gathered Modelines:
Sep 01 23:13:13 jl-xps /usr/libexec/gdm-x-session[1794]: (II) modeset(0): Modeline "3840x2160"x0.0  533.25  3840 3888 3920 4000  2160 2163 2168 2222 -hsync -vsync (133.3 kHz eP)
Sep 01 23:13:13 jl-xps /usr/libexec/gdm-x-session[1794]: (II) modeset(0): EDID vendor "SHP", prod id 5261
Sep 01 23:13:13 jl-xps /usr/libexec/gdm-x-session[1794]: (II) modeset(0): Printing DDC gathered Modelines:
Sep 01 23:13:13 jl-xps /usr/libexec/gdm-x-session[1794]: (II) modeset(0): Modeline "3840x2160"x0.0  533.25  3840 3888 3920 4000  2160 2163 2168 2222 -hsync -vsync (133.3 kHz eP)
Sep 01 23:13:50 jl-xps /usr/libexec/gdm-x-session[1794]: (II) modeset(0): EDID vendor "SHP", prod id 5261
Sep 01 23:13:50 jl-xps /usr/libexec/gdm-x-session[1794]: (II) modeset(0): Printing DDC gathered Modelines:
Sep 01 23:13:50 jl-xps /usr/libexec/gdm-x-session[1794]: (II) modeset(0): Modeline "3840x2160"x0.0  533.25  3840 3888 3920 4000  2160 2163 2168 2222 -hsync -vsync (133.3 kHz eP)
Sep 01 23:13:50 jl-xps /usr/libexec/gdm-x-session[1794]: (II) modeset(0): EDID vendor "SHP", prod id 5261
Sep 01 23:13:50 jl-xps /usr/libexec/gdm-x-session[1794]: (II) modeset(0): Printing DDC gathered Modelines:
Sep 01 23:13:50 jl-xps /usr/libexec/gdm-x-session[1794]: (II) modeset(0): Modeline "3840x2160"x0.0  533.25  3840 3888 3920 4000  2160 2163 2168 2222 -hsync -vsync (133.3 kHz eP)
