[    0.004171] ACPI: FACP 0x00000000C5992000 000114 (v06 LENOVO TP-R1T   00001220 PTEC 00000002)
[    0.004174] ACPI: DSDT 0x00000000C597A000 012C3B (v01 LENOVO TP-R1T   00001220 INTL 20180313)
[    0.004177] ACPI: FACS 0x00000000CBC15000 000040
[    0.004178] ACPI: SSDT 0x00000000C7C9A000 0000A2 (v01 LENOVO PID0Ssdt 00000001 INTL 20180313)
[    0.004180] ACPI: SSDT 0x00000000C7C99000 000752 (v01 LENOVO UsbCTabl 00000001 INTL 20180313)
[    0.004182] ACPI: SSDT 0x00000000C7C8C000 0072B0 (v02 LENOVO TP-R1T   00000002 MSFT 04000000)
[    0.004183] ACPI: SSDT 0x00000000C7BB0000 000632 (v02 LENOVO Tpm2Tabl 00001000 INTL 20180313)
[    0.004185] ACPI: TPM2 0x00000000C7BAF000 000034 (v03 LENOVO TP-R1T   00001220 PTEC 00000002)
[    0.004187] ACPI: POAT 0x00000000C7BAE000 000055 (v03 LENOVO TP-R1T   00001220 PTEC 00000002)
[    0.004188] ACPI: BATB 0x00000000C7B99000 00004A (v02 LENOVO TP-R1T   00001220 PTEC 00000002)
[    0.004190] ACPI: HPET 0x00000000C5991000 000038 (v01 LENOVO TP-R1T   00001220 PTEC 00000002)
--
[    0.411460] pci 0000:00:08.1: PME# supported from D0 D3hot D3cold
[    0.411700] pci 0000:00:14.0: [1022:790b] type 00 class 0x0c0500 conventional PCI endpoint
[    0.411848] pci 0000:00:14.3: [1022:790e] type 00 class 0x060100 conventional PCI endpoint
[    0.412058] pci 0000:00:18.0: [1022:166a] type 00 class 0x060000 conventional PCI endpoint
[    0.412121] pci 0000:00:18.1: [1022:166b] type 00 class 0x060000 conventional PCI endpoint
[    0.412179] pci 0000:00:18.2: [1022:166c] type 00 class 0x060000 conventional PCI endpoint
[    0.412238] pci 0000:00:18.3: [1022:166d] type 00 class 0x060000 conventional PCI endpoint
[    0.412300] pci 0000:00:18.4: [1022:166e] type 00 class 0x060000 conventional PCI endpoint
[    0.412359] pci 0000:00:18.5: [1022:166f] type 00 class 0x060000 conventional PCI endpoint
[    0.412419] pci 0000:00:18.6: [1022:1670] type 00 class 0x060000 conventional PCI endpoint
[    0.412479] pci 0000:00:18.7: [1022:1671] type 00 class 0x060000 conventional PCI endpoint
--
[    1.413569] usb 3-3: Product: Integrated RGB Camera
[    1.413570] usb 3-3: Manufacturer: 8SSC21D67422V1SR36F03HG
[    1.413572] usb 3-3: SerialNumber: 01.00.00
[    1.446677] alg: No test for 842 (842-scomp)
[    1.446716] alg: No test for 842 (842-generic)
[    1.459250] psmouse serio1: trackpoint: Elan TrackPoint firmware: 0xa1, buttons: 3/3
[    1.473090] input: TPPS/2 Elan TrackPoint as /devices/platform/i8042/serio1/input/input6
[    1.517248] PM:   Magic number: 0:950:837
[    1.522062] RAS: Correctable Errors collector initialized.
[    1.522137] Unstable clock detected, switching default tracing clock to "global"
               If you want to keep using the local clock, then add:
                 "trace_clock=local"
--
[    2.393923] ccp 0000:07:00.2: ccp: unable to access the device: you might be running a broken BIOS.
[    2.394507] sp5100-tco sp5100-tco: initialized. heartbeat=60 sec (nowayout=0)
[    2.394686] pcie_mp2_amd 0000:07:00.7: enabling device (0000 -> 0002)
[    2.395097] ccp 0000:07:00.2: tee enabled
[    2.395185] ccp 0000:07:00.2: psp enabled
[    2.398016] hid-generic 0020:1022:0001.0001: hidraw0: SENSOR HUB HID v0.00 Device [hid-amdsfh 1022:0001] on pcie_mp2_amd
[    2.425259] hid-sensor-hub 0020:1022:0001.0001: hidraw0: SENSOR HUB HID v0.00 Device [hid-amdsfh 1022:0001] on pcie_mp2_amd
[    2.443392] input: ELAN067F:00 04F3:3209 Mouse as /devices/platform/AMDI0010:02/i2c-2/i2c-ELAN067F:00/0018:04F3:3209.0002/input/input7
[    2.443505] input: ELAN067F:00 04F3:3209 Touchpad as /devices/platform/AMDI0010:02/i2c-2/i2c-ELAN067F:00/0018:04F3:3209.0002/input/input9
[    2.443611] hid-generic 0018:04F3:3209.0002: input,hidraw1: I2C HID v1.00 Mouse [ELAN067F:00 04F3:3209] on i2c-ELAN067F:00
[    2.515162] input: ELAN067F:00 04F3:3209 Mouse as /devices/platform/AMDI0010:02/i2c-2/i2c-ELAN067F:00/0018:04F3:3209.0002/input/input10
[    2.515268] input: ELAN067F:00 04F3:3209 Touchpad as /devices/platform/AMDI0010:02/i2c-2/i2c-ELAN067F:00/0018:04F3:3209.0002/input/input12
[    2.515376] hid-multitouch 0018:04F3:3209.0002: input,hidraw1: I2C HID v1.00 Mouse [ELAN067F:00 04F3:3209] on i2c-ELAN067F:00
[    3.509617] i2c_hid_acpi i2c-WACF2200:00: device did not ack reset within 1000 ms
[    3.572724] input: WACF2200:00 056A:52EB Touchscreen as /devices/platform/AMDI0010:00/i2c-0/i2c-WACF2200:00/0018:056A:52EB.0003/input/input13
[    3.573116] input: WACF2200:00 056A:52EB as /devices/platform/AMDI0010:00/i2c-0/i2c-WACF2200:00/0018:056A:52EB.0003/input/input14
[    3.573229] input: WACF2200:00 056A:52EB Stylus as /devices/platform/AMDI0010:00/i2c-0/i2c-WACF2200:00/0018:056A:52EB.0003/input/input15
[    3.573414] input: WACF2200:00 056A:52EB as /devices/platform/AMDI0010:00/i2c-0/i2c-WACF2200:00/0018:056A:52EB.0003/input/input16
[    3.573594] input: WACF2200:00 056A:52EB Mouse as /devices/platform/AMDI0010:00/i2c-0/i2c-WACF2200:00/0018:056A:52EB.0003/input/input17
[    3.573700] hid-generic 0018:056A:52EB.0003: input,hidraw2: I2C HID v1.00 Mouse [WACF2200:00 056A:52EB] on i2c-WACF2200:00
[    3.578021] ACPI: video: Video Device [VGA] (multi-head: yes  rom: no  post: no)
[    3.578654] input: Video Bus as /devices/LNXSYSTM:00/LNXSYBUS:00/PNP0A08:00/device:13/LNXVIDEO:00/input/input18
[    3.594932] nvme 0000:01:00.0: platform quirk: setting simple suspend
[    3.595024] nvme nvme0: pci function 0000:01:00.0
[    3.607108] nvme nvme0: allocated 64 MiB host memory buffer.
[    3.616000] nvme nvme0: 12/0/0 default/read/poll queues
[    3.618310]  nvme0n1: p1 p2 p3
[    3.693306] wacom 0018:056A:52EB.0003: hidraw2: I2C HID v1.00 Mouse [WACF2200:00 056A:52EB] on i2c-WACF2200:00
[    3.693341] input: Wacom HID 52EB Pen as /devices/platform/AMDI0010:00/i2c-0/i2c-WACF2200:00/0018:056A:52EB.0003/input/input19
[    3.693500] input: Wacom HID 52EB Finger as /devices/platform/AMDI0010:00/i2c-0/i2c-WACF2200:00/0018:056A:52EB.0003/input/input20
[    5.204274] [drm] amdgpu kernel modesetting enabled.
[    5.207527] amdgpu: Virtual CRAT table created for CPU
[    5.207541] amdgpu: Topology: Add CPU node
[    5.207661] amdgpu 0000:07:00.0: enabling device (0006 -> 0007)
[    5.207705] [drm] initializing kernel modesetting (RENOIR 0x1002:0x15E7 0x17AA:0x50A2 0xD2).
--
[    5.211569] [drm] add ip block number 6 <gfx_v9_0>
[    5.211571] [drm] add ip block number 7 <sdma_v4_0>
[    5.211572] [drm] add ip block number 8 <vcn_v2_0>
[    5.211573] [drm] add ip block number 9 <jpeg_v2_0>
[    5.211581] amdgpu 0000:07:00.0: amdgpu: Fetched VBIOS from VFCT
[    5.211583] amdgpu: ATOM BIOS: 113-BARCELO-001
[    5.227969] [drm] VCN decode is enabled in VM mode
[    5.227971] [drm] VCN encode is enabled in VM mode
[    5.241077] [drm] JPEG decode is enabled in VM mode
[    5.251261] amdgpu 0000:07:00.0: vgaarb: deactivate vga console
[    5.251266] amdgpu 0000:07:00.0: amdgpu: Trusted Memory Zone (TMZ) feature enabled
--
[  181.956820] wlp6s0: send auth to 70:54:25:62:71:18 (try 1/3)
[  181.959835] wlp6s0: authenticated
[  181.960380] wlp6s0: associate with 70:54:25:62:71:18 (try 1/3)
[  182.019017] wlp6s0: RX ReassocResp from 70:54:25:62:71:18 (capab=0x431 status=0 aid=4)
[  182.047999] wlp6s0: associated
[  464.340376] wacom 0018:056A:52EB.0003: wacom_idleprox_timeout: tool appears to be hung in-prox. forcing it out.
[ 1080.339798] wlp6s0: disconnect from AP 70:54:25:62:71:18 for new auth to 70:54:25:62:71:19
[ 1080.485271] wlp6s0: authenticate with 70:54:25:62:71:19 (local address=3e:77:49:29:bd:8e)
[ 1080.502521] wlp6s0: send auth to 70:54:25:62:71:19 (try 1/3)
[ 1080.506943] wlp6s0: 70:54:25:62:71:19 denied authentication (status 1)
[ 1083.262474] wlp6s0: authenticate with 70:54:25:62:71:18 (local address=3e:77:49:29:bd:8e)
