[    0.011359] ACPI: DSDT 0x00000000BAD5D1F8 00D328 (v02 ALASKA A M I    01072009 INTL 20120913)
[    0.011372] ACPI: APIC 0x00000000BAD6A630 000084 (v03 ALASKA A M I    01072009 AMI  00010013)
[    0.011382] ACPI: FPDT 0x00000000BAD6A6B8 000044 (v01 ALASKA A M I    01072009 AMI  00010013)
[    0.011393] ACPI: FIDT 0x00000000BAD6A700 00009C (v01 ALASKA A M I    01072009 AMI  00010013)
[    0.011404] ACPI: MSDM 0x00000000BAD6A7A0 000055 (v03 ALASKA A M I    01072009 AMI  00010013)
[    0.011414] ACPI: MCFG 0x00000000BAD6A7F8 00003C (v01 ALASKA A M I    01072009 MSFT 00000097)
[    0.011425] ACPI: WDSA 0x00000000BAD6A838 00016F (v02 MSHWDS ACTABL   00000003 INTL 20120913)
[    0.011435] ACPI: UEFI 0x00000000BAD6A9A8 000042 (v01 ALASKA A M I    00000000      00000000)
[    0.011446] ACPI: HPET 0x00000000BAD6A9F0 000038 (v01 ALASKA A M I    01072009 AMI. 00000005)
[    0.011456] ACPI: SSDT 0x00000000BAD6AA28 000763 (v01 PmRef  CpuPm    00003000 INTL 20120913)
[    0.011467] ACPI: SSDT 0x00000000BAD6B190 000290 (v01 PmRef  Cpu0Tst  00003000 INTL 20120913)
[    0.011478] ACPI: SSDT 0x00000000BAD6B420 00017A (v01 PmRef  ApTst    00003000 INTL 20120913)
[    0.011489] ACPI: LPIT 0x00000000BAD6B5A0 000104 (v01 ALASKA A M I    00000005 MSFT 0100000D)
[    0.011500] ACPI: OEM0 0x00000000BAD6B6A8 000084 (v05 INTEL  BATTERY  00000005 INTL 00000000)
[    0.011510] ACPI: BGRT 0x00000000BAD6B730 000038 (v01 ALASKA A M I    01072009 AMI  00010013)
[    0.011521] ACPI: CSRT 0x00000000BAD6B768 00014C (v00 INTEL  LANFORDC 00000005 MSFT 0100000D)
[    0.011531] ACPI: SSDT 0x00000000BAD6B8B8 001F68 (v01 DptfTb DptfTab  00001000 INTL 20120913)
[    0.011542] ACPI: SSDT 0x00000000BAD6D820 000104 (v01 SoCDpf SoCDptf  00001000 INTL 20120913)
[    0.011553] ACPI: SSDT 0x00000000BAD6D928 0005C7 (v01 CpuDpf CpuDptf  00001000 INTL 20120913)
[    0.011564] ACPI: SSDT 0x00000000BAD6DEF0 000058 (v01 LowPM  LowPwrM  00001000 INTL 20120913)
[    0.011573] ACPI: Reserving FACP table memory at [mem 0xbad6a520-0xbad6a62b]
--
[    0.591404] Key type asymmetric registered
[    0.591411] Asymmetric key parser 'x509' registered
[    1.041816] Freeing initrd memory: 22232K
[    1.052931] alg: self-tests for CTR-KDF (hmac(sha256)) passed
[    1.053002] Block layer SCSI generic (bsg) driver version 0.4 loaded (major 242)
[    1.053119] io scheduler mq-deadline registered
[    1.053124] io scheduler kyber registered
[    1.053207] io scheduler bfq registered
[    1.055210] pcieport 0000:00:1c.0: PME: Signaling with IRQ 32
[    1.055430] pcieport 0000:00:1c.0: pciehp: Slot #0 AttnBtn- PwrCtrl- MRL- AttnInd- PwrInd- HotPlug+ Surprise+ Interlock- NoCompl+ IbPresDis- LLActRep+
[    1.056616] shpchp: Standard Hot Plug PCI Controller Driver version: 0.4
[    1.057746] ACPI: AC: AC Adapter [ADP1] (off-line)
[    1.057907] input: Power Button as /devices/LNXSYSTM:00/LNXSYBUS:00/PNP0C0C:00/input/input0
[    1.057991] ACPI: button: Power Button [PWRB]
[    1.058076] input: Sleep Button as /devices/LNXSYSTM:00/LNXSYBUS:00/PNP0C0E:00/input/input1
--
[    1.970207] mmcblk1boot1: mmc1:0001 MDGAGC 4.00 MiB 
[    1.971125] mmcblk1rpmb: mmc1:0001 MDGAGC 4.00 MiB, chardev (237:0)
[    2.104677] usb 1-3: new full-speed USB device number 2 using xhci_hcd
[    2.246909] device-mapper: uevent: version 1.0.3
[    2.247098] device-mapper: ioctl: 4.45.0-ioctl (2021-03-22) initialised: dm-devel@redhat.com
[    2.250655] usb 1-3: New USB device found, idVendor=045e, idProduct=07df, bcdDevice= 3.07
[    2.250665] usb 1-3: New USB device strings: Mfr=1, Product=2, SerialNumber=0
[    2.250668] usb 1-3: Product: Surface Type Cover
[    2.250671] usb 1-3: Manufacturer: Microsoft
[    2.273084] input: Microsoft Surface Type Cover Keyboard as /devices/pci0000:00/0000:00:14.0/usb1/1-3/1-3:1.0/0003:045E:07DF.0001/input/input3
[    2.282772] Key type encrypted registered
[    2.332228] input: Microsoft Surface Type Cover Mouse as /devices/pci0000:00/0000:00:14.0/usb1/1-3/1-3:1.0/0003:045E:07DF.0001/input/input4
[    2.332563] input: Microsoft Surface Type Cover as /devices/pci0000:00/0000:00:14.0/usb1/1-3/1-3:1.0/0003:045E:07DF.0001/input/input5
[    2.332956] input: Microsoft Surface Type Cover Touchpad as /devices/pci0000:00/0000:00:14.0/usb1/1-3/1-3:1.0/0003:045E:07DF.0001/input/input6
[    2.333316] input: Microsoft Surface Type Cover as /devices/pci0000:00/0000:00:14.0/usb1/1-3/1-3:1.0/0003:045E:07DF.0001/input/input7
[    2.333600] input: Microsoft Surface Type Cover as /devices/pci0000:00/0000:00:14.0/usb1/1-3/1-3:1.0/0003:045E:07DF.0001/input/input8
[    2.333811] input: Microsoft Surface Type Cover as /devices/pci0000:00/0000:00:14.0/usb1/1-3/1-3:1.0/0003:045E:07DF.0001/input/input9
[    2.334396] hid-generic 0003:045E:07DF.0001: input,hiddev96,hidraw0: USB HID v1.11 Keyboard [Microsoft Surface Type Cover] on usb-0000:00:14.0-3/input0
[    2.334478] usbcore: registered new interface driver usbhid
[    2.334482] usbhid: USB HID core driver
[    2.633187] input: Microsoft Surface Type Cover Keyboard as /devices/pci0000:00/0000:00:14.0/usb1/1-3/1-3:1.0/0003:045E:07DF.0001/input/input11
[    2.689098] input: Microsoft Surface Type Cover Mouse as /devices/pci0000:00/0000:00:14.0/usb1/1-3/1-3:1.0/0003:045E:07DF.0001/input/input12
[    2.689198] input: Microsoft Surface Type Cover UNKNOWN as /devices/pci0000:00/0000:00:14.0/usb1/1-3/1-3:1.0/0003:045E:07DF.0001/input/input13
[    2.689301] input: Microsoft Surface Type Cover Touchpad as /devices/pci0000:00/0000:00:14.0/usb1/1-3/1-3:1.0/0003:045E:07DF.0001/input/input14
[    2.689396] input: Microsoft Surface Type Cover UNKNOWN as /devices/pci0000:00/0000:00:14.0/usb1/1-3/1-3:1.0/0003:045E:07DF.0001/input/input15
[    2.689489] input: Microsoft Surface Type Cover UNKNOWN as /devices/pci0000:00/0000:00:14.0/usb1/1-3/1-3:1.0/0003:045E:07DF.0001/input/input16
[    2.689595] input: Microsoft Surface Type Cover UNKNOWN as /devices/pci0000:00/0000:00:14.0/usb1/1-3/1-3:1.0/0003:045E:07DF.0001/input/input17
[    2.689797] hid-multitouch 0003:045E:07DF.0001: input,hiddev96,hidraw0: USB HID v1.11 Keyboard [Microsoft Surface Type Cover] on usb-0000:00:14.0-3/input0
[    8.674567] PM: Image not found (code -22)
[   10.043672] EXT4-fs (dm-2): mounted filesystem with ordered data mode. Quota mode: none.
[   10.751764] systemd[1]: systemd 251.7-4-arch running in system mode (+PAM +AUDIT -SELINUX -APPARMOR -IMA +SMACK +SECCOMP +GCRYPT +GNUTLS +OPENSSL +ACL +BLKID +CURL +ELFUTILS +FIDO2 +IDN2 -IDN +IPTC +KMOD +LIBCRYPTSETUP +LIBFDISK +PCRE2 -PWQUALITY +P11KIT -QRENCODE +TPM2 +BZIP2 +LZ4 +XZ +ZLIB +ZSTD -BPF_FRAMEWORK +XKBCOMMON +UTMP -SYSVINIT default-hierarchy=unified)
[   10.751786] systemd[1]: Detected architecture x86-64.
[   12.017430] systemd[1]: Queued start job for default target Graphical Interface.
--
[   14.717632] i915 0000:00:02.0: cannot find GPIO chip gpio_crystalcove, deferring
[   14.717645] i915 0000:00:02.0: [drm] *ERROR* Failed to own gpio for panel control
[   14.725582] i915 0000:00:02.0: [drm] Using PMIC PWM for LCD backlight control
[   14.754176] [drm] Initialized i915 1.6.0 20201103 for 0000:00:02.0 on minor 0
[   14.757714] ACPI: video: Video Device [GFX0] (multi-head: yes  rom: no  post: no)
[   14.762217] hid-generic 0018:045E:07BD.0002: hidraw1: I2C HID v1.00 Device [MSHW0102:00 045E:07BD] on i2c-MSHW0102:00
[   14.785273] input: Video Bus as /devices/LNXSYSTM:00/LNXSYBUS:00/PNP0A08:00/LNXVIDEO:00/input/input22
[   14.798570] i915 0000:00:02.0: [drm] HDaudio controller not detected, using LPE audio instead
[   14.828641] fbcon: i915drmfb (fb0) is primary device
[   14.830340] Console: switching to colour frame buffer device 240x80
[   14.832167] rt5640 i2c-10EC5640:00: Device with ID register 0x6308 is not rt5640/39
--
[ 1290.832452] audit: type=1334 audit(1668088045.243:190): prog-id=29 op=LOAD
[ 1290.833287] audit: type=1334 audit(1668088045.243:191): prog-id=30 op=LOAD
[ 1290.833675] audit: type=1334 audit(1668088045.243:192): prog-id=31 op=LOAD
[ 1291.187987] audit: type=1130 audit(1668088045.600:193): pid=1 uid=0 auid=4294967295 ses=4294967295 msg='unit=systemd-hostnamed comm="systemd" exe="/usr/lib/systemd/systemd" hostname=? addr=? terminal=? res=success'
[ 1296.049006] WARNING! power/level is deprecated; use power/control instead
[ 1299.296079] hid-sensor-hub 0018:045E:07BD.0002: No report with id 0xffffffff found
[ 1299.297907] hid-sensor-hub 0018:045E:07BD.0002: No report with id 0xffffffff found
[ 1321.275829] audit: type=1131 audit(1668088075.683:194): pid=1 uid=0 auid=4294967295 ses=4294967295 msg='unit=systemd-hostnamed comm="systemd" exe="/usr/lib/systemd/systemd" hostname=? addr=? terminal=? res=success'
[ 1321.368011] audit: type=1334 audit(1668088075.780:195): prog-id=0 op=UNLOAD
[ 1321.368095] audit: type=1334 audit(1668088075.780:196): prog-id=0 op=UNLOAD
[ 1321.368154] audit: type=1334 audit(1668088075.780:197): prog-id=0 op=UNLOAD
[ 1324.518145] audit: type=1106 audit(1668088078.930:198): pid=5279 uid=1000 auid=1000 ses=4 msg='op=PAM:session_close grantors=pam_systemd_home,pam_limits,pam_unix,pam_permit acct="USERNAME" exe="/usr/bin/sudo" hostname=? addr=? terminal=/dev/pts/0 res=success'
--
[ 2359.687000] audit: type=1105 audit(1668089114.096:219): pid=10636 uid=1000 auid=1000 ses=4 msg='op=PAM:session_open grantors=pam_systemd_home,pam_limits,pam_unix,pam_permit acct="USERNAME" exe="/usr/bin/sudo" hostname=? addr=? terminal=/dev/pts/0 res=success'
[ 2359.864596] audit: type=1334 audit(1668089114.276:220): prog-id=38 op=LOAD
[ 2359.866245] audit: type=1334 audit(1668089114.276:221): prog-id=39 op=LOAD
[ 2359.869184] audit: type=1334 audit(1668089114.280:222): prog-id=40 op=LOAD
[ 2360.242910] audit: type=1130 audit(1668089114.653:223): pid=1 uid=0 auid=4294967295 ses=4294967295 msg='unit=systemd-hostnamed comm="systemd" exe="/usr/lib/systemd/systemd" hostname=? addr=? terminal=? res=success'
[ 2368.262277] hid-sensor-hub 0018:045E:07BD.0002: No report with id 0xffffffff found
[ 2368.264209] hid-sensor-hub 0018:045E:07BD.0002: No report with id 0xffffffff found
[ 2390.326827] audit: type=1131 audit(1668089144.736:224): pid=1 uid=0 auid=4294967295 ses=4294967295 msg='unit=systemd-hostnamed comm="systemd" exe="/usr/lib/systemd/systemd" hostname=? addr=? terminal=? res=success'
[ 2390.407932] audit: type=1334 audit(1668089144.820:225): prog-id=0 op=UNLOAD
[ 2390.407964] audit: type=1334 audit(1668089144.820:226): prog-id=0 op=UNLOAD
[ 2390.407981] audit: type=1334 audit(1668089144.820:227): prog-id=0 op=UNLOAD
