[  7494.253] (--) Log file renamed from "/var/log/Xorg.pid-31502.log" to "/var/log/Xorg.0.log"
[  7494.256] 
X.Org X Server 1.20.7
X Protocol Version 11, Revision 0
[  7494.256] Build Operating System: Linux Arch Linux
[  7494.256] Current Operating System: Linux HOSTNAME 5.5.8-arch1-1 #1 SMP PREEMPT Fri, 06 Mar 2020 00:57:33 +0000 x86_64
[  7494.256] Kernel command line: initrd=\intel-ucode.img initrd=\initramfs-linux.img USERNAME=PARTUUID=276312fd-6b26-4099-9446-2c7817fdc61a rw
[  7494.256] Build Date: 14 January 2020  07:13:52AM
[  7494.256]  
[  7494.256] Current version of pixman: 0.38.4
[  7494.256] 	Before reporting problems, check http://wiki.x.org
	to make sure that you have the latest version.
[  7494.256] Markers: (--) probed, (**) from config file, (==) default setting,
	(++) from command line, (!!) notice, (II) informational,
	(WW) warning, (EE) error, (NI) not implemented, (??) unknown.
[  7494.256] (==) Log file: "/var/log/Xorg.0.log", Time: Fri Mar 20 02:28:13 2020
[  7494.258] (==) Using system config directory "/usr/share/X11/xorg.conf.d"
[  7494.259] (==) No Layout section.  Using the first Screen section.
[  7494.259] (==) No screen section available. Using defaults.
[  7494.259] (**) |-->Screen "Default Screen Section" (0)
[  7494.259] (**) |   |-->Monitor "<default monitor>"
[  7494.259] (==) No monitor specified for screen "Default Screen Section".
	Using a default monitor configuration.
[  7494.259] (==) Automatically adding devices
[  7494.259] (==) Automatically enabling devices
[  7494.259] (==) Automatically adding GPU devices
[  7494.259] (==) Automatically binding GPU devices
[  7494.259] (==) Max clients allowed: 256, resource mask: 0x1fffff
[  7494.259] (WW) The directory "/usr/share/fonts/OTF" does not exist.
[  7494.259] 	Entry deleted from font path.
[  7494.259] (WW) `fonts.dir' not found (or not valid) in "/usr/share/fonts/100dpi".
[  7494.260] 	Entry deleted from font path.
[  7494.260] 	(Run 'mkfontdir' on "/usr/share/fonts/100dpi").
[  7494.260] (WW) `fonts.dir' not found (or not valid) in "/usr/share/fonts/75dpi".
[  7494.260] 	Entry deleted from font path.
[  7494.260] 	(Run 'mkfontdir' on "/usr/share/fonts/75dpi").
[  7494.260] (==) FontPath set to:
	/usr/share/fonts/misc,
	/usr/share/fonts/TTF,
	/usr/share/fonts/Type1
[  7494.260] (==) ModulePath set to "/usr/lib/xorg/modules"
[  7494.260] (II) The server relies on udev to provide the list of input devices.
	If no devices become available, reconfigure udev or disable AutoAddDevices.
[  7494.260] (II) Module ABI versions:
[  7494.260] 	X.Org ANSI C Emulation: 0.4
[  7494.260] 	X.Org Video Driver: 24.1
[  7494.260] 	X.Org XInput driver : 24.1
[  7494.260] 	X.Org Server Extension : 10.0
[  7494.266] (++) using VT number 1

[  7494.266] (II) systemd-logind: logind integration requires -keeptty and -keeptty was not provided, disabling logind integration
[  7494.268] (II) xfree86: Adding drm device (/dev/dri/card0)
[  7494.272] (--) PCI:*(0@0:2:0) 8086:5916:17aa:5061 rev 2, Mem @ 0xdb000000/16777216, 0x80000000/536870912, I/O @ 0x0000e000/64, BIOS @ 0x????????/131072
[  7494.272] (II) Open ACPI successful (/var/run/acpid.socket)
[  7494.272] (II) LoadModule: "glx"
[  7494.273] (II) Loading /usr/lib/xorg/modules/extensions/libglx.so
[  7494.277] (II) Module glx: vendor="X.Org Foundation"
[  7494.277] 	compiled for 1.20.7, module version = 1.0.0
[  7494.277] 	ABI class: X.Org Server Extension, version 10.0
[  7494.277] (==) Matched intel as autoconfigured driver 0
[  7494.277] (==) Matched modesetting as autoconfigured driver 1
[  7494.277] (==) Matched fbdev as autoconfigured driver 2
[  7494.277] (==) Matched vesa as autoconfigured driver 3
[  7494.277] (==) Assigned the driver to the xf86ConfigLayout
[  7494.277] (II) LoadModule: "intel"
[  7494.277] (II) Loading /usr/lib/xorg/modules/drivers/intel_drv.so
[  7494.278] (II) Module intel: vendor="X.Org Foundation"
[  7494.278] 	compiled for 1.20.6, module version = 2.99.917
[  7494.278] 	Module class: X.Org Video Driver
[  7494.278] 	ABI class: X.Org Video Driver, version 24.0
[  7494.278] (II) LoadModule: "modesetting"
[  7494.278] (II) Loading /usr/lib/xorg/modules/drivers/modesetting_drv.so
[  7494.285] (II) Module modesetting: vendor="X.Org Foundation"
[  7494.285] 	compiled for 1.20.7, module version = 1.20.7
[  7494.285] 	Module class: X.Org Video Driver
[  7494.285] 	ABI class: X.Org Video Driver, version 24.1
[  7494.285] (II) LoadModule: "fbdev"
[  7494.285] (WW) Warning, couldn't open module fbdev
[  7494.285] (EE) Failed to load module "fbdev" (module does not exist, 0)
[  7494.285] (II) LoadModule: "vesa"
[  7494.285] (II) Loading /usr/lib/xorg/modules/drivers/vesa_drv.so
[  7494.290] (II) Module vesa: vendor="X.Org Foundation"
[  7494.290] 	compiled for 1.20.0, module version = 2.4.0
[  7494.290] 	Module class: X.Org Video Driver
[  7494.291] 	ABI class: X.Org Video Driver, version 24.0
[  7494.291] (II) intel: Driver for Intel(R) Integrated Graphics Chipsets:
	i810, i810-dc100, i810e, i815, i830M, 845G, 854, 852GM/855GM, 865G,
	915G, E7221 (i915), 915GM, 945G, 945GM, 945GME, Pineview GM,
	Pineview G, 965G, G35, 965Q, 946GZ, 965GM, 965GME/GLE, G33, Q35, Q33,
	GM45, 4 Series, G45/G43, Q45/Q43, G41, B43
[  7494.291] (II) intel: Driver for Intel(R) HD Graphics
[  7494.291] (II) intel: Driver for Intel(R) Iris(TM) Graphics
[  7494.291] (II) intel: Driver for Intel(R) Iris(TM) Pro Graphics
[  7494.291] (II) modesetting: Driver for Modesetting Kernel Drivers: kms
[  7494.291] (II) VESA: driver for VESA chipsets: vesa
[  7494.291] (II) intel(0): Using Kernel Mode Setting driver: i915, version 1.6.0 20191101
[  7494.291] (II) intel(0): SNA compiled from 2.99.917-899-gf66d3954
[  7494.306] (WW) Falling back to old probe method for modesetting
[  7494.306] (--) intel(0): Integrated Graphics Chipset: Intel(R) HD Graphics 620
[  7494.306] (--) intel(0): CPU: x86-64, sse2, sse3, ssse3, sse4.1, sse4.2, avx, avx2; using a maximum of 2 threads
[  7494.306] (II) intel(0): Creating default Display subsection in Screen section
	"Default Screen Section" for depth/fbbpp 24/32
[  7494.306] (==) intel(0): Depth 24, (--) framebuffer bpp 32
[  7494.306] (==) intel(0): RGB weight 888
[  7494.306] (==) intel(0): Default visual is TrueColor
[  7494.307] (II) intel(0): Output eDP1 has no monitor section
[  7494.308] (**) intel(0): Found backlight control interface intel_backlight (type 'raw') for output eDP1
[  7494.308] (II) intel(0): Enabled output eDP1
[  7494.308] (II) intel(0): Output DP1 has no monitor section
[  7494.308] (II) intel(0): Enabled output DP1
[  7494.308] (II) intel(0): Output HDMI1 has no monitor section
[  7494.308] (II) intel(0): Enabled output HDMI1
[  7494.308] (II) intel(0): Output DP2 has no monitor section
[  7494.308] (II) intel(0): Enabled output DP2
[  7494.308] (II) intel(0): Output HDMI2 has no monitor section
[  7494.308] (II) intel(0): Enabled output HDMI2
[  7494.308] (--) intel(0): Using a maximum size of 256x256 for hardware cursors
[  7494.308] (II) intel(0): Output VIRTUAL1 has no monitor section
[  7494.308] (II) intel(0): Enabled output VIRTUAL1
[  7494.308] (--) intel(0): Output eDP1 using initial mode 1920x1080 on pipe 0
[  7494.308] (==) intel(0): TearFree enabled
[  7494.308] (==) intel(0): Using gamma correction (1.0, 1.0, 1.0)
[  7494.308] (==) intel(0): DPI set to (96, 96)
[  7494.308] (II) Loading sub module "dri3"
[  7494.308] (II) LoadModule: "dri3"
[  7494.308] (II) Module "dri3" already built-in
[  7494.308] (II) Loading sub module "dri2"
[  7494.308] (II) LoadModule: "dri2"
[  7494.309] (II) Module "dri2" already built-in
[  7494.309] (II) Loading sub module "present"
[  7494.309] (II) LoadModule: "present"
[  7494.309] (II) Module "present" already built-in
[  7494.309] (II) UnloadModule: "modesetting"
[  7494.309] (II) Unloading modesetting
[  7494.309] (II) UnloadModule: "vesa"
[  7494.309] (II) Unloading vesa
[  7494.309] (II) intel(0): SNA initialized with Kabylake (gen9) backend
[  7494.309] (==) intel(0): Backing store enabled
[  7494.309] (==) intel(0): Silken mouse disabled
[  7494.309] (II) intel(0): HW Cursor enabled
[  7494.310] (==) intel(0): DPMS enabled
[  7494.310] (==) intel(0): Display hotplug detection enabled
[  7494.310] (II) intel(0): [DRI2] Setup complete
[  7494.310] (II) intel(0): [DRI2]   DRI driver: i965
[  7494.310] (II) intel(0): [DRI2]   VDPAU driver: va_gl
[  7494.310] (II) intel(0): direct rendering: DRI2 DRI3 enabled
[  7494.310] (II) intel(0): hardware support for Present enabled
[  7494.310] (II) Initializing extension Generic Event Extension
[  7494.310] (II) Initializing extension SHAPE
[  7494.310] (II) Initializing extension MIT-SHM
[  7494.310] (II) Initializing extension XInputExtension
[  7494.311] (II) Initializing extension XTEST
[  7494.311] (II) Initializing extension BIG-REQUESTS
[  7494.311] (II) Initializing extension SYNC
[  7494.311] (II) Initializing extension XKEYBOARD
[  7494.311] (II) Initializing extension XC-MISC
[  7494.311] (II) Initializing extension SECURITY
[  7494.311] (II) Initializing extension XFIXES
[  7494.311] (II) Initializing extension RENDER
[  7494.312] (II) Initializing extension RANDR
[  7494.312] (II) Initializing extension COMPOSITE
[  7494.312] (II) Initializing extension DAMAGE
[  7494.312] (II) Initializing extension MIT-SCREEN-SAVER
[  7494.312] (II) Initializing extension DOUBLE-BUFFER
[  7494.312] (II) Initializing extension RECORD
[  7494.313] (II) Initializing extension DPMS
[  7494.313] (II) Initializing extension Present
[  7494.313] (II) Initializing extension DRI3
[  7494.313] (II) Initializing extension X-Resource
[  7494.313] (II) Initializing extension XVideo
[  7494.313] (II) Initializing extension XVideo-MotionCompensation
[  7494.313] (II) Initializing extension GLX
[  7494.346] (II) AIGLX: Loaded and initialized i965
[  7494.346] (II) GLX: Initialized DRI2 GL provider for screen 0
[  7494.346] (II) Initializing extension XFree86-VidModeExtension
[  7494.346] (II) Initializing extension XFree86-DGA
[  7494.346] (II) Initializing extension XFree86-DRI
[  7494.346] (II) Initializing extension DRI2
[  7494.359] (II) intel(0): switch to mode 1920x1080@60.0 on eDP1 using pipe 0, position (0, 0), rotation normal, reflection none
[  7494.366] (II) intel(0): Setting screen physical size to 508 x 285
[  7494.651] (II) config/udev: Adding input device Power Button (/dev/input/event2)
[  7494.651] (**) Power Button: Applying InputClass "evdev keyboard catchall"
[  7494.651] (**) Power Button: Applying InputClass "libinput keyboard catchall"
[  7494.651] (II) LoadModule: "libinput"
[  7494.651] (II) Loading /usr/lib/xorg/modules/input/libinput_drv.so
[  7494.653] (II) Module libinput: vendor="X.Org Foundation"
[  7494.653] 	compiled for 1.20.5, module version = 0.29.0
[  7494.653] 	Module class: X.Org XInput Driver
[  7494.653] 	ABI class: X.Org XInput driver, version 24.1
[  7494.653] (II) Using input driver 'libinput' for 'Power Button'
[  7494.653] (**) Power Button: always reports core events
[  7494.653] (**) Option "Device" "/dev/input/event2"
[  7494.653] (**) Option "_source" "server/udev"
[  7494.666] (II) event2  - Power Button: is tagged by udev as: Keyboard
[  7494.667] (II) event2  - Power Button: device is a keyboard
[  7494.667] (II) event2  - Power Button: device removed
[  7494.683] (**) Option "config_info" "udev:/sys/devices/LNXSYSTM:00/LNXPWRBN:00/input/input2/event2"
[  7494.683] (II) XINPUT: Adding extended input device "Power Button" (type: KEYBOARD, id 6)
[  7494.684] (II) event2  - Power Button: is tagged by udev as: Keyboard
[  7494.684] (II) event2  - Power Button: device is a keyboard
[  7494.684] (II) config/udev: Adding input device Video Bus (/dev/input/event9)
[  7494.684] (**) Video Bus: Applying InputClass "evdev keyboard catchall"
[  7494.684] (**) Video Bus: Applying InputClass "libinput keyboard catchall"
[  7494.684] (II) Using input driver 'libinput' for 'Video Bus'
[  7494.684] (**) Video Bus: always reports core events
[  7494.684] (**) Option "Device" "/dev/input/event9"
[  7494.684] (**) Option "_source" "server/udev"
[  7494.686] (II) event9  - Video Bus: is tagged by udev as: Keyboard
[  7494.686] (II) event9  - Video Bus: device is a keyboard
[  7494.686] (II) event9  - Video Bus: device removed
[  7494.719] (**) Option "config_info" "udev:/sys/devices/LNXSYSTM:00/LNXSYBUS:00/PNP0A08:00/LNXVIDEO:00/input/input20/event9"
[  7494.719] (II) XINPUT: Adding extended input device "Video Bus" (type: KEYBOARD, id 7)
[  7494.720] (II) event9  - Video Bus: is tagged by udev as: Keyboard
[  7494.721] (II) event9  - Video Bus: device is a keyboard
[  7494.721] (II) config/udev: Adding input device Lid Switch (/dev/input/event1)
[  7494.721] (II) No input driver specified, ignoring this device.
[  7494.721] (II) This device may have been added with another device file.
[  7494.722] (II) config/udev: Adding input device Sleep Button (/dev/input/event0)
[  7494.722] (**) Sleep Button: Applying InputClass "evdev keyboard catchall"
[  7494.722] (**) Sleep Button: Applying InputClass "libinput keyboard catchall"
[  7494.722] (II) Using input driver 'libinput' for 'Sleep Button'
[  7494.722] (**) Sleep Button: always reports core events
[  7494.722] (**) Option "Device" "/dev/input/event0"
[  7494.722] (**) Option "_source" "server/udev"
[  7494.723] (II) event0  - Sleep Button: is tagged by udev as: Keyboard
[  7494.723] (II) event0  - Sleep Button: device is a keyboard
[  7494.723] (II) event0  - Sleep Button: device removed
[  7494.756] (**) Option "config_info" "udev:/sys/devices/LNXSYSTM:00/LNXSYBUS:00/PNP0C0E:00/input/input0/event0"
[  7494.756] (II) XINPUT: Adding extended input device "Sleep Button" (type: KEYBOARD, id 8)
[  7494.757] (II) event0  - Sleep Button: is tagged by udev as: Keyboard
[  7494.757] (II) event0  - Sleep Button: device is a keyboard
[  7494.758] (II) config/udev: Adding input device Wacom Pen and multitouch sensor Finger (/dev/input/event7)
[  7494.758] (**) Wacom Pen and multitouch sensor Finger: Applying InputClass "evdev touchscreen catchall"
[  7494.758] (**) Wacom Pen and multitouch sensor Finger: Applying InputClass "libinput touchscreen catchall"
[  7494.758] (**) Wacom Pen and multitouch sensor Finger: Applying InputClass "Wacom USB touchscreen class"
[  7494.758] (**) Wacom Pen and multitouch sensor Finger: Applying InputClass "Wacom touchscreen class"
[  7494.758] (II) LoadModule: "wacom"
[  7494.758] (II) Loading /usr/lib/xorg/modules/input/wacom_drv.so
[  7494.759] (II) Module wacom: vendor="X.Org Foundation"
[  7494.759] 	compiled for 1.20.6, module version = 0.39.0
[  7494.759] 	Module class: X.Org XInput Driver
[  7494.759] 	ABI class: X.Org XInput driver, version 24.1
[  7494.759] (II) Build version: 0.39.0
[  7494.759] (II) wacom: Driver for Wacom graphics tablets: PenPartner, Graphire,
	Graphire2 4x5, Graphire2 5x7, Graphire3 4x5, Graphire3 6x8,
	Graphire4 4x5, Graphire4 6x8, BambooFun 4x5, BambooFun 6x8,
	Bamboo1 Medium, Graphire4 6x8 BlueTooth, CTL-460, CTH-461, CTL-660,
	CTL-461/S, Bamboo Touch, CTH-460/K, CTH-461/S, CTH-661/S1, CTH-461/L,
	CTH-661/L, Intuos 4x5, Intuos 6x8, Intuos 9x12, Intuos 12x12,
	Intuos 12x18, PTU600, PL400, PL500, PL600, PL600SX, PL550, PL800,
	PL700, PL510, PL710, DTI520, DTF720, DTF720a, DTF521, DTU1931,
	DTU2231, DTU1631, DTH1152, DTH1152, DTK2451, DTH2452, DTH2452,
	Intuos2 4x5, Intuos2 6x8, Intuos2 9x12, Intuos2 12x12, Intuos2 12x18,
	Intuos2 6x8 , Volito, PenStation, Volito2 4x5, Volito2 2x3,
	PenPartner2, Bamboo, Bamboo1, Bamboo1 4x6, Bamboo1 5x8, Intuos3 4x5,
	Intuos3 6x8, Intuos3 9x12, Intuos3 12x12, Intuos3 12x19,
	Intuos3 6x11, Intuos3 4x6, Intuos4 4x6, Intuos4 6x9, Intuos4 8x13,
	Intuos4 12x19, Intuos4 WL USB Endpoint,
	Intuos4 WL Bluetooth Endpoint, Intuos5 touch S, Intuos5 touch M,
	Intuos5 touch L, Intuos5 S, Intuos5 M, Intuos Pro S, Intuos Pro M,
	Intuos Pro L, Cintiq 21UX, Cintiq 20WSX, Cintiq 12WX, Cintiq 21UX2,
	Cintiq 24HD, Cintiq 22HD, Cintiq 24HD touch (EMR digitizer),
	Cintiq 13HD, DTK2241, DTH2242, Cintiq 22HDT, Cintiq 27QHDT,
	Cintiq 27QHDT, Mobilestudio Pro 13, MobileStudio Pro 16,
	MobileStudio Pro 13, MobileStudio Pro 16, Cintiq 13 FHD Pro,
	Cintiq 16 UHD Pro, Cintiq Pro 24, Cintiq Pro 32, Cintiq 13 FHD Pro,
	Cintiq 16 UHD Pro, Cintiq Pro 24, Cintiq Pro 32, Cintiq Pro 24,
	Mobilestudio Pro 13, MobileStudio Pro 16, MobileStudio Pro 13,
	MobileStudio Pro 16, MobileStudio Pro 16, MobileStudio Pro 16,
	TabletPC 0x90, TabletPC 0x93, TabletPC 0x97, TabletPC 0x9A,
	CapPlus  0x9F, TabletPC 0xE2, TabletPC 0xE3, TabletPC 0xE5,
	TabletPC 0xE6, TabletPC 0xEC, TabletPC 0xED, TabletPC 0xEF,
	TabletPC 0x100, TabletPC 0x101, TabletPC 0x10D, TabletPC 0x116,
	TabletPC 0x12C, TabletPC 0x4001, TabletPC 0x4004, TabletPC 0x5000,
	TabletPC 0x5002, usb:172f:0024, usb:172f:0025, usb:172f:0026,
	usb:172f:0027, usb:172f:0028, usb:172f:0030, usb:172f:0031,
	usb:172f:0032, usb:172f:0033, usb:172f:0034, usb:172f:0035,
	usb:172f:0036, usb:172f:0037, usb:172f:0038, usb:172f:0039,
	usb:172f:0051, usb:172f:0052, usb:172f:0053, usb:172f:0054,
	usb:172f:0055, usb:172f:0056, usb:172f:0057, usb:172f:0058,
	usb:172f:0500, usb:172f:0501, usb:172f:0502, usb:172f:0503,
	usb:1b96:0001, usb:17ef:6004
[  7494.760] (II) Using input driver 'wacom' for 'Wacom Pen and multitouch sensor Finger'
[  7494.760] (**) Wacom Pen and multitouch sensor Finger: always reports core events
[  7494.760] (**) Option "Device" "/dev/input/event7"
[  7494.816] (EE) Wacom Pen and multitouch sensor Finger: Invalid type 'stylus' for this device.
[  7494.816] (EE) Wacom Pen and multitouch sensor Finger: Invalid type 'eraser' for this device.
[  7494.816] (EE) Wacom Pen and multitouch sensor Finger: Invalid type 'cursor' for this device.
[  7494.816] (II) Wacom Pen and multitouch sensor Finger: type not specified, assuming 'touch'.
[  7494.816] (II) Wacom Pen and multitouch sensor Finger: other types will be automatically added.
[  7494.816] (**) Wacom Pen and multitouch sensor Finger touch: panscroll is 0
[  7494.816] (**) Wacom Pen and multitouch sensor Finger touch: panscroll modified to 13
[  7494.816] (--) Wacom Pen and multitouch sensor Finger touch: maxX=11748 maxY=6604 maxZ=0 resX=40000 resY=40000 
[  7494.816] (II) Wacom Pen and multitouch sensor Finger touch: hotplugging dependent devices.
[  7494.816] (EE) Wacom Pen and multitouch sensor Finger touch: Invalid type 'stylus' for this device.
[  7494.816] (EE) Wacom Pen and multitouch sensor Finger touch: Invalid type 'eraser' for this device.
[  7494.816] (EE) Wacom Pen and multitouch sensor Finger touch: Invalid type 'cursor' for this device.
[  7494.816] (EE) Wacom Pen and multitouch sensor Finger touch: Invalid type 'pad' for this device.
[  7494.816] (II) Wacom Pen and multitouch sensor Finger touch: hotplugging completed.
[  7494.849] (**) Option "config_info" "udev:/sys/devices/pci0000:00/0000:00:14.0/usb1/1-10/1-10:1.0/0003:056A:509F.0001/input/input15/event7"
[  7494.849] (II) XINPUT: Adding extended input device "Wacom Pen and multitouch sensor Finger touch" (type: TOUCH, id 9)
[  7494.849] (**) Wacom Pen and multitouch sensor Finger touch: (accel) keeping acceleration scheme 1
[  7494.849] (**) Wacom Pen and multitouch sensor Finger touch: (accel) acceleration profile 0
[  7494.849] (**) Wacom Pen and multitouch sensor Finger touch: (accel) acceleration factor: 2.000
[  7494.850] (**) Wacom Pen and multitouch sensor Finger touch: (accel) acceleration threshold: 4
[  7494.906] (II) config/udev: Adding input device Wacom Pen and multitouch sensor Finger (/dev/input/mouse0)
[  7494.906] (II) No input driver specified, ignoring this device.
[  7494.906] (II) This device may have been added with another device file.
[  7494.907] (II) config/udev: Adding input device Wacom Pen and multitouch sensor Pen (/dev/input/event8)
[  7494.907] (**) Wacom Pen and multitouch sensor Pen: Applying InputClass "evdev tablet catchall"
[  7494.907] (**) Wacom Pen and multitouch sensor Pen: Applying InputClass "libinput tablet catchall"
[  7494.907] (**) Wacom Pen and multitouch sensor Pen: Applying InputClass "Wacom USB tablet class"
[  7494.907] (**) Wacom Pen and multitouch sensor Pen: Applying InputClass "Wacom tablet class"
[  7494.907] (II) Using input driver 'wacom' for 'Wacom Pen and multitouch sensor Pen'
[  7494.907] (**) Wacom Pen and multitouch sensor Pen: always reports core events
[  7494.907] (**) Option "Device" "/dev/input/event8"
[  7494.962] (II) Wacom Pen and multitouch sensor Pen: type not specified, assuming 'stylus'.
[  7494.962] (II) Wacom Pen and multitouch sensor Pen: other types will be automatically added.
[  7494.963] (--) Wacom Pen and multitouch sensor Pen stylus: using pressure threshold of 851 for button 1
[  7494.963] (**) Wacom Pen and multitouch sensor Pen stylus: panscroll is 0
[  7494.963] (**) Wacom Pen and multitouch sensor Pen stylus: panscroll modified to 1300
[  7494.963] (--) Wacom Pen and multitouch sensor Pen stylus: maxX=29376 maxY=16524 maxZ=4095 resX=100000 resY=100000  tilt=enabled
[  7494.963] (II) Wacom Pen and multitouch sensor Pen stylus: hotplugging dependent devices.
[  7494.963] (EE) Wacom Pen and multitouch sensor Pen stylus: Invalid type 'cursor' for this device.
[  7494.963] (EE) Wacom Pen and multitouch sensor Pen stylus: Invalid type 'touch' for this device.
[  7494.963] (EE) Wacom Pen and multitouch sensor Pen stylus: Invalid type 'pad' for this device.
[  7494.963] (II) Wacom Pen and multitouch sensor Pen stylus: hotplugging completed.
[  7495.022] (**) Option "config_info" "udev:/sys/devices/pci0000:00/0000:00:14.0/usb1/1-10/1-10:1.1/0003:056A:509F.0002/input/input17/event8"
[  7495.022] (II) XINPUT: Adding extended input device "Wacom Pen and multitouch sensor Pen stylus" (type: STYLUS, id 10)
[  7495.023] (**) Wacom Pen and multitouch sensor Pen stylus: (accel) keeping acceleration scheme 1
[  7495.023] (**) Wacom Pen and multitouch sensor Pen stylus: (accel) acceleration profile 0
[  7495.023] (**) Wacom Pen and multitouch sensor Pen stylus: (accel) acceleration factor: 2.000
[  7495.023] (**) Wacom Pen and multitouch sensor Pen stylus: (accel) acceleration threshold: 4
[  7495.080] (II) config/udev: Adding input device Wacom Pen and multitouch sensor Pen (/dev/input/mouse1)
[  7495.080] (II) No input driver specified, ignoring this device.
[  7495.080] (II) This device may have been added with another device file.
[  7495.080] (II) config/udev: Adding input device Integrated Camera: Integrated C (/dev/input/event6)
[  7495.081] (**) Integrated Camera: Integrated C: Applying InputClass "evdev keyboard catchall"
[  7495.081] (**) Integrated Camera: Integrated C: Applying InputClass "libinput keyboard catchall"
[  7495.081] (II) Using input driver 'libinput' for 'Integrated Camera: Integrated C'
[  7495.081] (**) Integrated Camera: Integrated C: always reports core events
[  7495.081] (**) Option "Device" "/dev/input/event6"
[  7495.081] (**) Option "_source" "server/udev"
[  7495.083] (II) event6  - Integrated Camera: Integrated C: is tagged by udev as: Keyboard
[  7495.083] (II) event6  - Integrated Camera: Integrated C: device is a keyboard
[  7495.083] (II) event6  - Integrated Camera: Integrated C: device removed
[  7495.149] (**) Option "config_info" "udev:/sys/devices/pci0000:00/0000:00:14.0/usb1/1-8/1-8:1.0/input/input8/event6"
[  7495.149] (II) XINPUT: Adding extended input device "Integrated Camera: Integrated C" (type: KEYBOARD, id 11)
[  7495.151] (II) event6  - Integrated Camera: Integrated C: is tagged by udev as: Keyboard
[  7495.151] (II) event6  - Integrated Camera: Integrated C: device is a keyboard
[  7495.151] (II) config/udev: Adding input device HDA Intel PCH Mic (/dev/input/event12)
[  7495.151] (II) No input driver specified, ignoring this device.
[  7495.151] (II) This device may have been added with another device file.
[  7495.152] (II) config/udev: Adding input device HDA Intel PCH Headphone (/dev/input/event13)
[  7495.152] (II) No input driver specified, ignoring this device.
[  7495.152] (II) This device may have been added with another device file.
[  7495.152] (II) config/udev: Adding input device HDA Intel PCH HDMI/DP,pcm=3 (/dev/input/event14)
[  7495.152] (II) No input driver specified, ignoring this device.
[  7495.152] (II) This device may have been added with another device file.
[  7495.153] (II) config/udev: Adding input device HDA Intel PCH HDMI/DP,pcm=7 (/dev/input/event15)
[  7495.153] (II) No input driver specified, ignoring this device.
[  7495.153] (II) This device may have been added with another device file.
[  7495.153] (II) config/udev: Adding input device HDA Intel PCH HDMI/DP,pcm=8 (/dev/input/event16)
[  7495.153] (II) No input driver specified, ignoring this device.
[  7495.153] (II) This device may have been added with another device file.
[  7495.153] (II) config/udev: Adding input device HDA Intel PCH HDMI/DP,pcm=9 (/dev/input/event17)
[  7495.153] (II) No input driver specified, ignoring this device.
[  7495.153] (II) This device may have been added with another device file.
[  7495.154] (II) config/udev: Adding input device HDA Intel PCH HDMI/DP,pcm=10 (/dev/input/event18)
[  7495.154] (II) No input driver specified, ignoring this device.
[  7495.154] (II) This device may have been added with another device file.
[  7495.154] (II) config/udev: Adding input device AT Translated Set 2 keyboard (/dev/input/event3)
[  7495.154] (**) AT Translated Set 2 keyboard: Applying InputClass "evdev keyboard catchall"
[  7495.154] (**) AT Translated Set 2 keyboard: Applying InputClass "libinput keyboard catchall"
[  7495.154] (II) Using input driver 'libinput' for 'AT Translated Set 2 keyboard'
[  7495.154] (**) AT Translated Set 2 keyboard: always reports core events
[  7495.154] (**) Option "Device" "/dev/input/event3"
[  7495.154] (**) Option "_source" "server/udev"
[  7495.158] (II) event3  - AT Translated Set 2 keyboard: is tagged by udev as: Keyboard
[  7495.158] (II) event3  - AT Translated Set 2 keyboard: device is a keyboard
[  7495.159] (II) event3  - AT Translated Set 2 keyboard: device removed
[  7495.176] (**) Option "config_info" "udev:/sys/devices/platform/i8042/serio0/input/input3/event3"
[  7495.176] (II) XINPUT: Adding extended input device "AT Translated Set 2 keyboard" (type: KEYBOARD, id 12)
[  7495.177] (II) event3  - AT Translated Set 2 keyboard: is tagged by udev as: Keyboard
[  7495.177] (II) event3  - AT Translated Set 2 keyboard: device is a keyboard
[  7495.178] (II) config/udev: Adding input device ETPS/2 Elantech TrackPoint (/dev/input/event10)
[  7495.178] (**) ETPS/2 Elantech TrackPoint: Applying InputClass "evdev pointer catchall"
[  7495.178] (**) ETPS/2 Elantech TrackPoint: Applying InputClass "libinput pointer catchall"
[  7495.178] (II) Using input driver 'libinput' for 'ETPS/2 Elantech TrackPoint'
[  7495.178] (**) ETPS/2 Elantech TrackPoint: always reports core events
[  7495.178] (**) Option "Device" "/dev/input/event10"
[  7495.178] (**) Option "_source" "server/udev"
[  7495.180] (II) event10 - ETPS/2 Elantech TrackPoint: is tagged by udev as: Mouse Pointingstick
[  7495.180] (II) event10 - ETPS/2 Elantech TrackPoint: device is a pointer
[  7495.181] (II) event10 - ETPS/2 Elantech TrackPoint: device removed
[  7495.222] (**) Option "config_info" "udev:/sys/devices/platform/i8042/serio1/input/input21/event10"
[  7495.222] (II) XINPUT: Adding extended input device "ETPS/2 Elantech TrackPoint" (type: MOUSE, id 13)
[  7495.223] (**) Option "AccelerationScheme" "none"
[  7495.223] (**) ETPS/2 Elantech TrackPoint: (accel) selected scheme none/0
[  7495.223] (**) ETPS/2 Elantech TrackPoint: (accel) acceleration factor: 2.000
[  7495.223] (**) ETPS/2 Elantech TrackPoint: (accel) acceleration threshold: 4
[  7495.224] (II) event10 - ETPS/2 Elantech TrackPoint: is tagged by udev as: Mouse Pointingstick
[  7495.224] (II) event10 - ETPS/2 Elantech TrackPoint: device is a pointer
[  7495.225] (II) config/udev: Adding input device ETPS/2 Elantech TrackPoint (/dev/input/mouse2)
[  7495.225] (II) No input driver specified, ignoring this device.
[  7495.225] (II) This device may have been added with another device file.
[  7495.226] (II) config/udev: Adding input device ETPS/2 Elantech Touchpad (/dev/input/event11)
[  7495.226] (**) ETPS/2 Elantech Touchpad: Applying InputClass "evdev touchpad catchall"
[  7495.226] (**) ETPS/2 Elantech Touchpad: Applying InputClass "libinput touchpad catchall"
[  7495.226] (**) ETPS/2 Elantech Touchpad: Applying InputClass "touchpad catchall"
[  7495.226] (**) ETPS/2 Elantech Touchpad: Applying InputClass "Default clickpad buttons"
[  7495.226] (II) LoadModule: "synaptics"
[  7495.226] (II) Loading /usr/lib/xorg/modules/input/synaptics_drv.so
[  7495.226] (II) Module synaptics: vendor="X.Org Foundation"
[  7495.226] 	compiled for 1.20.0, module version = 1.9.1
[  7495.226] 	Module class: X.Org XInput Driver
[  7495.226] 	ABI class: X.Org XInput driver, version 24.1
[  7495.226] (II) Using input driver 'synaptics' for 'ETPS/2 Elantech Touchpad'
[  7495.226] (**) ETPS/2 Elantech Touchpad: always reports core events
[  7495.226] (**) Option "Device" "/dev/input/event11"
[  7495.279] (II) synaptics: ETPS/2 Elantech Touchpad: found clickpad property
[  7495.279] (--) synaptics: ETPS/2 Elantech Touchpad: x-axis range 0 - 2745 (res 31)
[  7495.279] (--) synaptics: ETPS/2 Elantech Touchpad: y-axis range 0 - 1627 (res 31)
[  7495.279] (--) synaptics: ETPS/2 Elantech Touchpad: pressure range 0 - 255
[  7495.279] (--) synaptics: ETPS/2 Elantech Touchpad: finger width range 0 - 15
[  7495.279] (--) synaptics: ETPS/2 Elantech Touchpad: buttons: left double triple
[  7495.279] (--) synaptics: ETPS/2 Elantech Touchpad: Vendor 0x2 Product 0xe
[  7495.279] (**) Option "SoftButtonAreas" "50% 0 82% 0 0 0 0 0"
[  7495.279] (--) synaptics: ETPS/2 Elantech Touchpad: touchpad found
[  7495.279] (**) ETPS/2 Elantech Touchpad: always reports core events
[  7495.322] (**) Option "config_info" "udev:/sys/devices/platform/i8042/serio1/input/input7/event11"
[  7495.322] (II) XINPUT: Adding extended input device "ETPS/2 Elantech Touchpad" (type: TOUCHPAD, id 14)
[  7495.322] (**) synaptics: ETPS/2 Elantech Touchpad: (accel) MinSpeed is now constant deceleration 2.5
[  7495.323] (**) synaptics: ETPS/2 Elantech Touchpad: (accel) MaxSpeed is now 1.75
[  7495.323] (**) synaptics: ETPS/2 Elantech Touchpad: (accel) AccelFactor is now 0.063
[  7495.323] (**) ETPS/2 Elantech Touchpad: (accel) keeping acceleration scheme 1
[  7495.323] (**) ETPS/2 Elantech Touchpad: (accel) acceleration profile 1
[  7495.323] (**) ETPS/2 Elantech Touchpad: (accel) acceleration factor: 2.000
[  7495.323] (**) ETPS/2 Elantech Touchpad: (accel) acceleration threshold: 4
[  7495.323] (--) synaptics: ETPS/2 Elantech Touchpad: touchpad found
[  7495.323] (II) config/udev: Adding input device ETPS/2 Elantech Touchpad (/dev/input/mouse3)
[  7495.323] (**) ETPS/2 Elantech Touchpad: Ignoring device from InputClass "touchpad ignore duplicates"
[  7495.324] (II) config/udev: Adding input device PC Speaker (/dev/input/event5)
[  7495.324] (II) No input driver specified, ignoring this device.
[  7495.324] (II) This device may have been added with another device file.
[  7495.324] (II) config/udev: Adding input device ThinkPad Extra Buttons (/dev/input/event4)
[  7495.324] (**) ThinkPad Extra Buttons: Applying InputClass "evdev keyboard catchall"
[  7495.325] (**) ThinkPad Extra Buttons: Applying InputClass "libinput keyboard catchall"
[  7495.325] (II) Using input driver 'libinput' for 'ThinkPad Extra Buttons'
[  7495.325] (**) ThinkPad Extra Buttons: always reports core events
[  7495.325] (**) Option "Device" "/dev/input/event4"
[  7495.325] (**) Option "_source" "server/udev"
[  7495.326] (II) event4  - ThinkPad Extra Buttons: is tagged by udev as: Keyboard Switch
[  7495.326] (II) event4  - ThinkPad Extra Buttons: device is a keyboard
[  7495.326] (II) event4  - ThinkPad Extra Buttons: device is a switch device
[  7495.326] (II) event4  - ThinkPad Extra Buttons: device removed
[  7495.356] (**) Option "config_info" "udev:/sys/devices/platform/thinkpad_acpi/input/input5/event4"
[  7495.356] (II) XINPUT: Adding extended input device "ThinkPad Extra Buttons" (type: KEYBOARD, id 15)
[  7495.357] (II) event4  - ThinkPad Extra Buttons: is tagged by udev as: Keyboard Switch
[  7495.357] (II) event4  - ThinkPad Extra Buttons: device is a keyboard
[  7495.357] (II) event4  - ThinkPad Extra Buttons: device is a switch device
[  7495.379] (**) Wacom Pen and multitouch sensor Pen eraser: Applying InputClass "evdev tablet catchall"
[  7495.379] (**) Wacom Pen and multitouch sensor Pen eraser: Applying InputClass "libinput tablet catchall"
[  7495.379] (**) Wacom Pen and multitouch sensor Pen eraser: Applying InputClass "Wacom USB tablet class"
[  7495.379] (**) Wacom Pen and multitouch sensor Pen eraser: Applying InputClass "Wacom tablet class"
[  7495.379] (II) Using input driver 'wacom' for 'Wacom Pen and multitouch sensor Pen eraser'
[  7495.379] (**) Wacom Pen and multitouch sensor Pen eraser: always reports core events
[  7495.379] (**) Option "Device" "/dev/input/event8"
[  7495.379] (**) Option "Type" "eraser"
[  7495.380] (**) Wacom Pen and multitouch sensor Pen eraser: panscroll is 1300
[  7495.380] (**) Wacom Pen and multitouch sensor Pen eraser: panscroll modified to 1300
[  7495.380] (--) Wacom Pen and multitouch sensor Pen eraser: maxX=29376 maxY=16524 maxZ=4095 resX=100000 resY=100000  tilt=enabled
[  7495.402] (**) Option "config_info" "udev:/sys/devices/pci0000:00/0000:00:14.0/usb1/1-10/1-10:1.1/0003:056A:509F.0002/input/input17/event8"
[  7495.402] (II) XINPUT: Adding extended input device "Wacom Pen and multitouch sensor Pen eraser" (type: ERASER, id 16)
[  7495.403] (**) Wacom Pen and multitouch sensor Pen eraser: (accel) keeping acceleration scheme 1
[  7495.403] (**) Wacom Pen and multitouch sensor Pen eraser: (accel) acceleration profile 0
[  7495.403] (**) Wacom Pen and multitouch sensor Pen eraser: (accel) acceleration factor: 2.000
[  7495.403] (**) Wacom Pen and multitouch sensor Pen eraser: (accel) acceleration threshold: 4
[  7495.403] (EE) Failed to open authorization file "/var/run/sddm/{4107aae6-a75c-429a-9f81-122f5375e071}": No such file or directory
[  7496.311] (II) intel(0): EDID vendor "LGD", prod id 1377
[  7496.311] (II) intel(0): Printing DDC gathered Modelines:
[  7496.311] (II) intel(0): Modeline "1920x1080"x0.0  138.70  1920 1968 2000 2080  1080 1083 1088 1111 -hsync -vsync (66.7 kHz eP)
[  7496.311] (II) intel(0): Modeline "1920x1080"x0.0  111.00  1920 1968 2000 2080  1080 1083 1088 1111 -hsync -vsync (53.4 kHz e)
[  7507.561] (II) intel(0): switch to mode 1920x1080@59.9 on eDP1 using pipe 0, position (0, 0), rotation normal, reflection none
