[203499.954353]  </TASK>
[203499.954354] ---[ end trace 0000000000000000 ]---
[203500.021186] ------------[ cut here ]------------
[203500.021192] adding CRTC not allowed without modesets: requested 0x2, affected 0x3
[203500.021208] WARNING: CPU: 7 PID: 1022 at drivers/gpu/drm/drm_atomic.c:1403 drm_atomic_check_only+0x902/0xa00
[203500.021223] Modules linked in: sr_mod xfs btrfs blake2b_generic xor raid6_pq libcrc32c isofs cdrom ccm snd_ctl_led snd_soc_skl_hda_dsp snd_soc_intel_hda_dsp_common snd_soc_hdac_hdmi snd_sof_probes snd_hda_codec_hdmi snd_hda_codec_realtek snd_hda_codec_generic snd_soc_dmic snd_sof_pci_intel_tgl snd_sof_intel_hda_common soundwire_intel hid_sensor_accel_3d hid_sensor_custom_intel_hinge hid_sensor_gyro_3d soundwire_generic_allocation soundwire_cadence hid_sensor_trigger snd_sof_intel_hda industrialio_triggered_buffer snd_sof_pci kfifo_buf snd_sof_xtensa_dsp hid_sensor_iio_common snd_sof industrialio hid_sensor_custom snd_sof_utils snd_soc_hdac_hda snd_hda_ext_core hid_sensor_hub intel_tcc_cooling snd_soc_acpi_intel_match x86_pkg_temp_thermal snd_soc_acpi intel_powerclamp soundwire_bus coretemp intel_ishtp_hid iTCO_wdt spi_nor snd_soc_core intel_pmc_bxt kvm_intel snd_compress iTCO_vendor_support mtd btusb hid_multitouch ac97_bus kvm snd_pcm_dmaengine btrtl irqbypass btbcm btintel
[203500.021306]  crct10dif_pclmul crc32_pclmul btmtk iwlmvm uvcvideo snd_hda_intel ghash_clmulni_intel joydev wacom bluetooth snd_intel_dspcfg aesni_intel videobuf2_vmalloc mousedev videobuf2_memops mei_hdcp mac80211 mei_pxp crypto_simd ecdh_generic videobuf2_v4l2 snd_intel_sdw_acpi pmt_telemetry think_lmi cryptd videobuf2_common libarc4 intel_rapl_msr pmt_class firmware_attributes_class wmi_bmof uas snd_hda_codec intel_cstate usb_storage i915 iwlwifi snd_hda_core intel_uncore snd_hwdep pcspkr iwlmei snd_pcm i2c_i801 drm_buddy processor_thermal_device_pci_legacy spi_intel_pci usbhid i2c_smbus snd_timer spi_intel iosm ttm processor_thermal_device mei_me processor_thermal_rfim cfg80211 intel_lpss_pci ucsi_acpi processor_thermal_mbox drm_display_helper intel_ish_ipc typec_ucsi intel_lpss processor_thermal_rapl idma64 mei thinkpad_acpi cec thunderbolt intel_ishtp typec intel_rapl_common ledtrig_audio intel_gtt intel_soc_dts_iosf intel_vsec roles platform_profile wmi rfkill snd soundcore
[203500.021401]  int3403_thermal i2c_hid_acpi int340x_thermal_zone soc_button_array i2c_hid ov8856 v4l2_fwnode vfat v4l2_async tpm_crb fat videodev tpm_tis intel_skl_int3472_tps68470 tps68470_regulator mc tpm_tis_core clk_tps68470 tpm video int3400_thermal intel_skl_int3472_discrete acpi_thermal_rel rng_core intel_hid mac_hid sparse_keymap acpi_tad acpi_pad pkcs8_key_parser dm_multipath dm_mod sg crypto_user fuse bpf_preload ip_tables x_tables ext4 crc32c_generic crc16 mbcache jbd2 serio_raw atkbd libps2 vivaldi_fmap nvme crc32c_intel xhci_pci nvme_core xhci_pci_renesas i8042 serio
[203500.021460] Unloaded tainted modules: pcc_cpufreq():1 pcc_cpufreq():1 acpi_cpufreq():1 acpi_cpufreq():1 pcc_cpufreq():1 acpi_cpufreq():1 acpi_cpufreq():1 pcc_cpufreq():1 acpi_cpufreq():1 acpi_cpufreq():1 acpi_cpufreq():1 acpi_cpufreq():1 acpi_cpufreq():1 pcc_cpufreq():1 acpi_cpufreq():1 acpi_cpufreq():1 acpi_cpufreq():1 pcc_cpufreq():1 acpi_cpufreq():1 pcc_cpufreq():1 acpi_cpufreq():1 pcc_cpufreq():1 pcc_cpufreq():1 acpi_cpufreq():1 acpi_cpufreq():1 pcc_cpufreq():1 pcc_cpufreq():1 acpi_cpufreq():1 pcc_cpufreq():1 pcc_cpufreq():1 acpi_cpufreq():1 acpi_cpufreq():1 pcc_cpufreq():1 acpi_cpufreq():1 acpi_cpufreq():1 pcc_cpufreq():1 acpi_cpufreq():1 pcc_cpufreq():1 pcc_cpufreq():1 acpi_cpufreq():1 fjes():1 asus_ec_sensors():1 pcc_cpufreq():1 acpi_cpufreq():1 fjes():1 pcc_cpufreq():1 acpi_cpufreq():1 fjes():1 pcc_cpufreq():1 acpi_cpufreq():1 acpi_cpufreq():1 fjes():1 pcc_cpufreq():1 acpi_cpufreq():1 fjes():1 acpi_cpufreq():1 pcc_cpufreq():1 fjes():1 pcc_cpufreq():1 acpi_cpufreq():1
[203500.021544]  asus_ec_sensors():1 pcc_cpufreq():1 fjes():1 acpi_cpufreq():1 acpi_cpufreq():1 fjes():1
[203500.021555] CPU: 7 PID: 1022 Comm: gnome-shell Tainted: G        W         5.19.6-arch1-1 #1 1307568ef808cb599ee891e507344feaf47e0ed7
[203500.021561] Hardware name: LENOVO 20UVS34R00/20UVS34R00, BIOS R1GET45W (1.20 ) 01/13/2022
[203500.021564] RIP: 0010:drm_atomic_check_only+0x902/0xa00
--
[203500.021719]  </TASK>
[203500.021721] ---[ end trace 0000000000000000 ]---
[203500.103440] ------------[ cut here ]------------
[203500.103444] adding CRTC not allowed without modesets: requested 0x2, affected 0x3
[203500.103457] WARNING: CPU: 7 PID: 1022 at drivers/gpu/drm/drm_atomic.c:1403 drm_atomic_check_only+0x902/0xa00
[203500.103470] Modules linked in: sr_mod xfs btrfs blake2b_generic xor raid6_pq libcrc32c isofs cdrom ccm snd_ctl_led snd_soc_skl_hda_dsp snd_soc_intel_hda_dsp_common snd_soc_hdac_hdmi snd_sof_probes snd_hda_codec_hdmi snd_hda_codec_realtek snd_hda_codec_generic snd_soc_dmic snd_sof_pci_intel_tgl snd_sof_intel_hda_common soundwire_intel hid_sensor_accel_3d hid_sensor_custom_intel_hinge hid_sensor_gyro_3d soundwire_generic_allocation soundwire_cadence hid_sensor_trigger snd_sof_intel_hda industrialio_triggered_buffer snd_sof_pci kfifo_buf snd_sof_xtensa_dsp hid_sensor_iio_common snd_sof industrialio hid_sensor_custom snd_sof_utils snd_soc_hdac_hda snd_hda_ext_core hid_sensor_hub intel_tcc_cooling snd_soc_acpi_intel_match x86_pkg_temp_thermal snd_soc_acpi intel_powerclamp soundwire_bus coretemp intel_ishtp_hid iTCO_wdt spi_nor snd_soc_core intel_pmc_bxt kvm_intel snd_compress iTCO_vendor_support mtd btusb hid_multitouch ac97_bus kvm snd_pcm_dmaengine btrtl irqbypass btbcm btintel
[203500.103558]  crct10dif_pclmul crc32_pclmul btmtk iwlmvm uvcvideo snd_hda_intel ghash_clmulni_intel joydev wacom bluetooth snd_intel_dspcfg aesni_intel videobuf2_vmalloc mousedev videobuf2_memops mei_hdcp mac80211 mei_pxp crypto_simd ecdh_generic videobuf2_v4l2 snd_intel_sdw_acpi pmt_telemetry think_lmi cryptd videobuf2_common libarc4 intel_rapl_msr pmt_class firmware_attributes_class wmi_bmof uas snd_hda_codec intel_cstate usb_storage i915 iwlwifi snd_hda_core intel_uncore snd_hwdep pcspkr iwlmei snd_pcm i2c_i801 drm_buddy processor_thermal_device_pci_legacy spi_intel_pci usbhid i2c_smbus snd_timer spi_intel iosm ttm processor_thermal_device mei_me processor_thermal_rfim cfg80211 intel_lpss_pci ucsi_acpi processor_thermal_mbox drm_display_helper intel_ish_ipc typec_ucsi intel_lpss processor_thermal_rapl idma64 mei thinkpad_acpi cec thunderbolt intel_ishtp typec intel_rapl_common ledtrig_audio intel_gtt intel_soc_dts_iosf intel_vsec roles platform_profile wmi rfkill snd soundcore
[203500.103638]  int3403_thermal i2c_hid_acpi int340x_thermal_zone soc_button_array i2c_hid ov8856 v4l2_fwnode vfat v4l2_async tpm_crb fat videodev tpm_tis intel_skl_int3472_tps68470 tps68470_regulator mc tpm_tis_core clk_tps68470 tpm video int3400_thermal intel_skl_int3472_discrete acpi_thermal_rel rng_core intel_hid mac_hid sparse_keymap acpi_tad acpi_pad pkcs8_key_parser dm_multipath dm_mod sg crypto_user fuse bpf_preload ip_tables x_tables ext4 crc32c_generic crc16 mbcache jbd2 serio_raw atkbd libps2 vivaldi_fmap nvme crc32c_intel xhci_pci nvme_core xhci_pci_renesas i8042 serio
[203500.103687] Unloaded tainted modules: pcc_cpufreq():1 pcc_cpufreq():1 acpi_cpufreq():1 acpi_cpufreq():1 pcc_cpufreq():1 acpi_cpufreq():1 acpi_cpufreq():1 pcc_cpufreq():1 acpi_cpufreq():1 acpi_cpufreq():1 acpi_cpufreq():1 acpi_cpufreq():1 acpi_cpufreq():1 pcc_cpufreq():1 acpi_cpufreq():1 acpi_cpufreq():1 acpi_cpufreq():1 pcc_cpufreq():1 acpi_cpufreq():1 pcc_cpufreq():1 acpi_cpufreq():1 pcc_cpufreq():1 pcc_cpufreq():1 acpi_cpufreq():1 acpi_cpufreq():1 pcc_cpufreq():1 pcc_cpufreq():1 acpi_cpufreq():1 pcc_cpufreq():1 pcc_cpufreq():1 acpi_cpufreq():1 acpi_cpufreq():1 pcc_cpufreq():1 acpi_cpufreq():1 acpi_cpufreq():1 pcc_cpufreq():1 acpi_cpufreq():1 pcc_cpufreq():1 pcc_cpufreq():1 acpi_cpufreq():1 fjes():1 asus_ec_sensors():1 pcc_cpufreq():1 acpi_cpufreq():1 fjes():1 pcc_cpufreq():1 acpi_cpufreq():1 fjes():1 pcc_cpufreq():1 acpi_cpufreq():1 acpi_cpufreq():1 fjes():1 pcc_cpufreq():1 acpi_cpufreq():1 fjes():1 acpi_cpufreq():1 pcc_cpufreq():1 fjes():1 pcc_cpufreq():1 acpi_cpufreq():1
[203500.103758]  asus_ec_sensors():1 pcc_cpufreq():1 fjes():1 acpi_cpufreq():1 acpi_cpufreq():1 fjes():1
[203500.103788] CPU: 7 PID: 1022 Comm: gnome-shell Tainted: G        W         5.19.6-arch1-1 #1 1307568ef808cb599ee891e507344feaf47e0ed7
[203500.103794] Hardware name: LENOVO 20UVS34R00/20UVS34R00, BIOS R1GET45W (1.20 ) 01/13/2022
[203500.103796] RIP: 0010:drm_atomic_check_only+0x902/0xa00
--
[203500.103927]  </TASK>
[203500.103929] ---[ end trace 0000000000000000 ]---
[203500.808534] ------------[ cut here ]------------
[203500.808541] adding CRTC not allowed without modesets: requested 0x2, affected 0x3
[203500.808559] WARNING: CPU: 7 PID: 1022 at drivers/gpu/drm/drm_atomic.c:1403 drm_atomic_check_only+0x902/0xa00
[203500.808575] Modules linked in: sr_mod xfs btrfs blake2b_generic xor raid6_pq libcrc32c isofs cdrom ccm snd_ctl_led snd_soc_skl_hda_dsp snd_soc_intel_hda_dsp_common snd_soc_hdac_hdmi snd_sof_probes snd_hda_codec_hdmi snd_hda_codec_realtek snd_hda_codec_generic snd_soc_dmic snd_sof_pci_intel_tgl snd_sof_intel_hda_common soundwire_intel hid_sensor_accel_3d hid_sensor_custom_intel_hinge hid_sensor_gyro_3d soundwire_generic_allocation soundwire_cadence hid_sensor_trigger snd_sof_intel_hda industrialio_triggered_buffer snd_sof_pci kfifo_buf snd_sof_xtensa_dsp hid_sensor_iio_common snd_sof industrialio hid_sensor_custom snd_sof_utils snd_soc_hdac_hda snd_hda_ext_core hid_sensor_hub intel_tcc_cooling snd_soc_acpi_intel_match x86_pkg_temp_thermal snd_soc_acpi intel_powerclamp soundwire_bus coretemp intel_ishtp_hid iTCO_wdt spi_nor snd_soc_core intel_pmc_bxt kvm_intel snd_compress iTCO_vendor_support mtd btusb hid_multitouch ac97_bus kvm snd_pcm_dmaengine btrtl irqbypass btbcm btintel
[203500.808665]  crct10dif_pclmul crc32_pclmul btmtk iwlmvm uvcvideo snd_hda_intel ghash_clmulni_intel joydev wacom bluetooth snd_intel_dspcfg aesni_intel videobuf2_vmalloc mousedev videobuf2_memops mei_hdcp mac80211 mei_pxp crypto_simd ecdh_generic videobuf2_v4l2 snd_intel_sdw_acpi pmt_telemetry think_lmi cryptd videobuf2_common libarc4 intel_rapl_msr pmt_class firmware_attributes_class wmi_bmof uas snd_hda_codec intel_cstate usb_storage i915 iwlwifi snd_hda_core intel_uncore snd_hwdep pcspkr iwlmei snd_pcm i2c_i801 drm_buddy processor_thermal_device_pci_legacy spi_intel_pci usbhid i2c_smbus snd_timer spi_intel iosm ttm processor_thermal_device mei_me processor_thermal_rfim cfg80211 intel_lpss_pci ucsi_acpi processor_thermal_mbox drm_display_helper intel_ish_ipc typec_ucsi intel_lpss processor_thermal_rapl idma64 mei thinkpad_acpi cec thunderbolt intel_ishtp typec intel_rapl_common ledtrig_audio intel_gtt intel_soc_dts_iosf intel_vsec roles platform_profile wmi rfkill snd soundcore
[203500.808792]  int3403_thermal i2c_hid_acpi int340x_thermal_zone soc_button_array i2c_hid ov8856 v4l2_fwnode vfat v4l2_async tpm_crb fat videodev tpm_tis intel_skl_int3472_tps68470 tps68470_regulator mc tpm_tis_core clk_tps68470 tpm video int3400_thermal intel_skl_int3472_discrete acpi_thermal_rel rng_core intel_hid mac_hid sparse_keymap acpi_tad acpi_pad pkcs8_key_parser dm_multipath dm_mod sg crypto_user fuse bpf_preload ip_tables x_tables ext4 crc32c_generic crc16 mbcache jbd2 serio_raw atkbd libps2 vivaldi_fmap nvme crc32c_intel xhci_pci nvme_core xhci_pci_renesas i8042 serio
[203500.808855] Unloaded tainted modules: pcc_cpufreq():1 pcc_cpufreq():1 acpi_cpufreq():1 acpi_cpufreq():1 pcc_cpufreq():1 acpi_cpufreq():1 acpi_cpufreq():1 pcc_cpufreq():1 acpi_cpufreq():1 acpi_cpufreq():1 acpi_cpufreq():1 acpi_cpufreq():1 acpi_cpufreq():1 pcc_cpufreq():1 acpi_cpufreq():1 acpi_cpufreq():1 acpi_cpufreq():1 pcc_cpufreq():1 acpi_cpufreq():1 pcc_cpufreq():1 acpi_cpufreq():1 pcc_cpufreq():1 pcc_cpufreq():1 acpi_cpufreq():1 acpi_cpufreq():1 pcc_cpufreq():1 pcc_cpufreq():1 acpi_cpufreq():1 pcc_cpufreq():1 pcc_cpufreq():1 acpi_cpufreq():1 acpi_cpufreq():1 pcc_cpufreq():1 acpi_cpufreq():1 acpi_cpufreq():1 pcc_cpufreq():1 acpi_cpufreq():1 pcc_cpufreq():1 pcc_cpufreq():1 acpi_cpufreq():1 fjes():1 asus_ec_sensors():1 pcc_cpufreq():1 acpi_cpufreq():1 fjes():1 pcc_cpufreq():1 acpi_cpufreq():1 fjes():1 pcc_cpufreq():1 acpi_cpufreq():1 acpi_cpufreq():1 fjes():1 pcc_cpufreq():1 acpi_cpufreq():1 fjes():1 acpi_cpufreq():1 pcc_cpufreq():1 fjes():1 pcc_cpufreq():1 acpi_cpufreq():1
[203500.808947]  asus_ec_sensors():1 pcc_cpufreq():1 fjes():1 acpi_cpufreq():1 acpi_cpufreq():1 fjes():1
[203500.808959] CPU: 7 PID: 1022 Comm: gnome-shell Tainted: G        W         5.19.6-arch1-1 #1 1307568ef808cb599ee891e507344feaf47e0ed7
[203500.808966] Hardware name: LENOVO 20UVS34R00/20UVS34R00, BIOS R1GET45W (1.20 ) 01/13/2022
[203500.808969] RIP: 0010:drm_atomic_check_only+0x902/0xa00
--
[203500.809143]  </TASK>
[203500.809144] ---[ end trace 0000000000000000 ]---
[203505.342718] ------------[ cut here ]------------
[203505.342723] adding CRTC not allowed without modesets: requested 0x2, affected 0x3
[203505.342736] WARNING: CPU: 1 PID: 1022 at drivers/gpu/drm/drm_atomic.c:1403 drm_atomic_check_only+0x902/0xa00
[203505.342749] Modules linked in: sr_mod xfs btrfs blake2b_generic xor raid6_pq libcrc32c isofs cdrom ccm snd_ctl_led snd_soc_skl_hda_dsp snd_soc_intel_hda_dsp_common snd_soc_hdac_hdmi snd_sof_probes snd_hda_codec_hdmi snd_hda_codec_realtek snd_hda_codec_generic snd_soc_dmic snd_sof_pci_intel_tgl snd_sof_intel_hda_common soundwire_intel hid_sensor_accel_3d hid_sensor_custom_intel_hinge hid_sensor_gyro_3d soundwire_generic_allocation soundwire_cadence hid_sensor_trigger snd_sof_intel_hda industrialio_triggered_buffer snd_sof_pci kfifo_buf snd_sof_xtensa_dsp hid_sensor_iio_common snd_sof industrialio hid_sensor_custom snd_sof_utils snd_soc_hdac_hda snd_hda_ext_core hid_sensor_hub intel_tcc_cooling snd_soc_acpi_intel_match x86_pkg_temp_thermal snd_soc_acpi intel_powerclamp soundwire_bus coretemp intel_ishtp_hid iTCO_wdt spi_nor snd_soc_core intel_pmc_bxt kvm_intel snd_compress iTCO_vendor_support mtd btusb hid_multitouch ac97_bus kvm snd_pcm_dmaengine btrtl irqbypass btbcm btintel
[203505.342821]  crct10dif_pclmul crc32_pclmul btmtk iwlmvm uvcvideo snd_hda_intel ghash_clmulni_intel joydev wacom bluetooth snd_intel_dspcfg aesni_intel videobuf2_vmalloc mousedev videobuf2_memops mei_hdcp mac80211 mei_pxp crypto_simd ecdh_generic videobuf2_v4l2 snd_intel_sdw_acpi pmt_telemetry think_lmi cryptd videobuf2_common libarc4 intel_rapl_msr pmt_class firmware_attributes_class wmi_bmof uas snd_hda_codec intel_cstate usb_storage i915 iwlwifi snd_hda_core intel_uncore snd_hwdep pcspkr iwlmei snd_pcm i2c_i801 drm_buddy processor_thermal_device_pci_legacy spi_intel_pci usbhid i2c_smbus snd_timer spi_intel iosm ttm processor_thermal_device mei_me processor_thermal_rfim cfg80211 intel_lpss_pci ucsi_acpi processor_thermal_mbox drm_display_helper intel_ish_ipc typec_ucsi intel_lpss processor_thermal_rapl idma64 mei thinkpad_acpi cec thunderbolt intel_ishtp typec intel_rapl_common ledtrig_audio intel_gtt intel_soc_dts_iosf intel_vsec roles platform_profile wmi rfkill snd soundcore
[203505.342904]  int3403_thermal i2c_hid_acpi int340x_thermal_zone soc_button_array i2c_hid ov8856 v4l2_fwnode vfat v4l2_async tpm_crb fat videodev tpm_tis intel_skl_int3472_tps68470 tps68470_regulator mc tpm_tis_core clk_tps68470 tpm video int3400_thermal intel_skl_int3472_discrete acpi_thermal_rel rng_core intel_hid mac_hid sparse_keymap acpi_tad acpi_pad pkcs8_key_parser dm_multipath dm_mod sg crypto_user fuse bpf_preload ip_tables x_tables ext4 crc32c_generic crc16 mbcache jbd2 serio_raw atkbd libps2 vivaldi_fmap nvme crc32c_intel xhci_pci nvme_core xhci_pci_renesas i8042 serio
[203505.342957] Unloaded tainted modules: pcc_cpufreq():1 pcc_cpufreq():1 acpi_cpufreq():1 acpi_cpufreq():1 pcc_cpufreq():1 acpi_cpufreq():1 acpi_cpufreq():1 pcc_cpufreq():1 acpi_cpufreq():1 acpi_cpufreq():1 acpi_cpufreq():1 acpi_cpufreq():1 acpi_cpufreq():1 pcc_cpufreq():1 acpi_cpufreq():1 acpi_cpufreq():1 acpi_cpufreq():1 pcc_cpufreq():1 acpi_cpufreq():1 pcc_cpufreq():1 acpi_cpufreq():1 pcc_cpufreq():1 pcc_cpufreq():1 acpi_cpufreq():1 acpi_cpufreq():1 pcc_cpufreq():1 pcc_cpufreq():1 acpi_cpufreq():1 pcc_cpufreq():1 pcc_cpufreq():1 acpi_cpufreq():1 acpi_cpufreq():1 pcc_cpufreq():1 acpi_cpufreq():1 acpi_cpufreq():1 pcc_cpufreq():1 acpi_cpufreq():1 pcc_cpufreq():1 pcc_cpufreq():1 acpi_cpufreq():1 fjes():1 asus_ec_sensors():1 pcc_cpufreq():1 acpi_cpufreq():1 fjes():1 pcc_cpufreq():1 acpi_cpufreq():1 fjes():1 pcc_cpufreq():1 acpi_cpufreq():1 acpi_cpufreq():1 fjes():1 pcc_cpufreq():1 acpi_cpufreq():1 fjes():1 acpi_cpufreq():1 pcc_cpufreq():1 fjes():1 pcc_cpufreq():1 acpi_cpufreq():1
[203505.343031]  asus_ec_sensors():1 pcc_cpufreq():1 fjes():1 acpi_cpufreq():1 acpi_cpufreq():1 fjes():1
[203505.343040] CPU: 1 PID: 1022 Comm: gnome-shell Tainted: G        W         5.19.6-arch1-1 #1 1307568ef808cb599ee891e507344feaf47e0ed7
[203505.343046] Hardware name: LENOVO 20UVS34R00/20UVS34R00, BIOS R1GET45W (1.20 ) 01/13/2022
[203505.343048] RIP: 0010:drm_atomic_check_only+0x902/0xa00
--
[203505.343201]  </TASK>
[203505.343202] ---[ end trace 0000000000000000 ]---
[203505.710615] ------------[ cut here ]------------
[203505.710622] adding CRTC not allowed without modesets: requested 0x2, affected 0x3
[203505.710641] WARNING: CPU: 1 PID: 1022 at drivers/gpu/drm/drm_atomic.c:1403 drm_atomic_check_only+0x902/0xa00
[203505.710658] Modules linked in: sr_mod xfs btrfs blake2b_generic xor raid6_pq libcrc32c isofs cdrom ccm snd_ctl_led snd_soc_skl_hda_dsp snd_soc_intel_hda_dsp_common snd_soc_hdac_hdmi snd_sof_probes snd_hda_codec_hdmi snd_hda_codec_realtek snd_hda_codec_generic snd_soc_dmic snd_sof_pci_intel_tgl snd_sof_intel_hda_common soundwire_intel hid_sensor_accel_3d hid_sensor_custom_intel_hinge hid_sensor_gyro_3d soundwire_generic_allocation soundwire_cadence hid_sensor_trigger snd_sof_intel_hda industrialio_triggered_buffer snd_sof_pci kfifo_buf snd_sof_xtensa_dsp hid_sensor_iio_common snd_sof industrialio hid_sensor_custom snd_sof_utils snd_soc_hdac_hda snd_hda_ext_core hid_sensor_hub intel_tcc_cooling snd_soc_acpi_intel_match x86_pkg_temp_thermal snd_soc_acpi intel_powerclamp soundwire_bus coretemp intel_ishtp_hid iTCO_wdt spi_nor snd_soc_core intel_pmc_bxt kvm_intel snd_compress iTCO_vendor_support mtd btusb hid_multitouch ac97_bus kvm snd_pcm_dmaengine btrtl irqbypass btbcm btintel
[203505.710753]  crct10dif_pclmul crc32_pclmul btmtk iwlmvm uvcvideo snd_hda_intel ghash_clmulni_intel joydev wacom bluetooth snd_intel_dspcfg aesni_intel videobuf2_vmalloc mousedev videobuf2_memops mei_hdcp mac80211 mei_pxp crypto_simd ecdh_generic videobuf2_v4l2 snd_intel_sdw_acpi pmt_telemetry think_lmi cryptd videobuf2_common libarc4 intel_rapl_msr pmt_class firmware_attributes_class wmi_bmof uas snd_hda_codec intel_cstate usb_storage i915 iwlwifi snd_hda_core intel_uncore snd_hwdep pcspkr iwlmei snd_pcm i2c_i801 drm_buddy processor_thermal_device_pci_legacy spi_intel_pci usbhid i2c_smbus snd_timer spi_intel iosm ttm processor_thermal_device mei_me processor_thermal_rfim cfg80211 intel_lpss_pci ucsi_acpi processor_thermal_mbox drm_display_helper intel_ish_ipc typec_ucsi intel_lpss processor_thermal_rapl idma64 mei thinkpad_acpi cec thunderbolt intel_ishtp typec intel_rapl_common ledtrig_audio intel_gtt intel_soc_dts_iosf intel_vsec roles platform_profile wmi rfkill snd soundcore
[203505.710854]  int3403_thermal i2c_hid_acpi int340x_thermal_zone soc_button_array i2c_hid ov8856 v4l2_fwnode vfat v4l2_async tpm_crb fat videodev tpm_tis intel_skl_int3472_tps68470 tps68470_regulator mc tpm_tis_core clk_tps68470 tpm video int3400_thermal intel_skl_int3472_discrete acpi_thermal_rel rng_core intel_hid mac_hid sparse_keymap acpi_tad acpi_pad pkcs8_key_parser dm_multipath dm_mod sg crypto_user fuse bpf_preload ip_tables x_tables ext4 crc32c_generic crc16 mbcache jbd2 serio_raw atkbd libps2 vivaldi_fmap nvme crc32c_intel xhci_pci nvme_core xhci_pci_renesas i8042 serio
[203505.710919] Unloaded tainted modules: pcc_cpufreq():1 pcc_cpufreq():1 acpi_cpufreq():1 acpi_cpufreq():1 pcc_cpufreq():1 acpi_cpufreq():1 acpi_cpufreq():1 pcc_cpufreq():1 acpi_cpufreq():1 acpi_cpufreq():1 acpi_cpufreq():1 acpi_cpufreq():1 acpi_cpufreq():1 pcc_cpufreq():1 acpi_cpufreq():1 acpi_cpufreq():1 acpi_cpufreq():1 pcc_cpufreq():1 acpi_cpufreq():1 pcc_cpufreq():1 acpi_cpufreq():1 pcc_cpufreq():1 pcc_cpufreq():1 acpi_cpufreq():1 acpi_cpufreq():1 pcc_cpufreq():1 pcc_cpufreq():1 acpi_cpufreq():1 pcc_cpufreq():1 pcc_cpufreq():1 acpi_cpufreq():1 acpi_cpufreq():1 pcc_cpufreq():1 acpi_cpufreq():1 acpi_cpufreq():1 pcc_cpufreq():1 acpi_cpufreq():1 pcc_cpufreq():1 pcc_cpufreq():1 acpi_cpufreq():1 fjes():1 asus_ec_sensors():1 pcc_cpufreq():1 acpi_cpufreq():1 fjes():1 pcc_cpufreq():1 acpi_cpufreq():1 fjes():1 pcc_cpufreq():1 acpi_cpufreq():1 acpi_cpufreq():1 fjes():1 pcc_cpufreq():1 acpi_cpufreq():1 fjes():1 acpi_cpufreq():1 pcc_cpufreq():1 fjes():1 pcc_cpufreq():1 acpi_cpufreq():1
[203505.711008]  asus_ec_sensors():1 pcc_cpufreq():1 fjes():1 acpi_cpufreq():1 acpi_cpufreq():1 fjes():1
[203505.711019] CPU: 1 PID: 1022 Comm: gnome-shell Tainted: G        W         5.19.6-arch1-1 #1 1307568ef808cb599ee891e507344feaf47e0ed7
[203505.711026] Hardware name: LENOVO 20UVS34R00/20UVS34R00, BIOS R1GET45W (1.20 ) 01/13/2022
[203505.711029] RIP: 0010:drm_atomic_check_only+0x902/0xa00
--
[203505.711206]  </TASK>
[203505.711208] ---[ end trace 0000000000000000 ]---
[203535.510303] ------------[ cut here ]------------
[203535.510306] adding CRTC not allowed without modesets: requested 0x2, affected 0x3
[203535.510314] WARNING: CPU: 1 PID: 1022 at drivers/gpu/drm/drm_atomic.c:1403 drm_atomic_check_only+0x902/0xa00
[203535.510321] Modules linked in: sr_mod xfs btrfs blake2b_generic xor raid6_pq libcrc32c isofs cdrom ccm snd_ctl_led snd_soc_skl_hda_dsp snd_soc_intel_hda_dsp_common snd_soc_hdac_hdmi snd_sof_probes snd_hda_codec_hdmi snd_hda_codec_realtek snd_hda_codec_generic snd_soc_dmic snd_sof_pci_intel_tgl snd_sof_intel_hda_common soundwire_intel hid_sensor_accel_3d hid_sensor_custom_intel_hinge hid_sensor_gyro_3d soundwire_generic_allocation soundwire_cadence hid_sensor_trigger snd_sof_intel_hda industrialio_triggered_buffer snd_sof_pci kfifo_buf snd_sof_xtensa_dsp hid_sensor_iio_common snd_sof industrialio hid_sensor_custom snd_sof_utils snd_soc_hdac_hda snd_hda_ext_core hid_sensor_hub intel_tcc_cooling snd_soc_acpi_intel_match x86_pkg_temp_thermal snd_soc_acpi intel_powerclamp soundwire_bus coretemp intel_ishtp_hid iTCO_wdt spi_nor snd_soc_core intel_pmc_bxt kvm_intel snd_compress iTCO_vendor_support mtd btusb hid_multitouch ac97_bus kvm snd_pcm_dmaengine btrtl irqbypass btbcm btintel
[203535.510355]  crct10dif_pclmul crc32_pclmul btmtk iwlmvm uvcvideo snd_hda_intel ghash_clmulni_intel joydev wacom bluetooth snd_intel_dspcfg aesni_intel videobuf2_vmalloc mousedev videobuf2_memops mei_hdcp mac80211 mei_pxp crypto_simd ecdh_generic videobuf2_v4l2 snd_intel_sdw_acpi pmt_telemetry think_lmi cryptd videobuf2_common libarc4 intel_rapl_msr pmt_class firmware_attributes_class wmi_bmof uas snd_hda_codec intel_cstate usb_storage i915 iwlwifi snd_hda_core intel_uncore snd_hwdep pcspkr iwlmei snd_pcm i2c_i801 drm_buddy processor_thermal_device_pci_legacy spi_intel_pci usbhid i2c_smbus snd_timer spi_intel iosm ttm processor_thermal_device mei_me processor_thermal_rfim cfg80211 intel_lpss_pci ucsi_acpi processor_thermal_mbox drm_display_helper intel_ish_ipc typec_ucsi intel_lpss processor_thermal_rapl idma64 mei thinkpad_acpi cec thunderbolt intel_ishtp typec intel_rapl_common ledtrig_audio intel_gtt intel_soc_dts_iosf intel_vsec roles platform_profile wmi rfkill snd soundcore
[203535.510393]  int3403_thermal i2c_hid_acpi int340x_thermal_zone soc_button_array i2c_hid ov8856 v4l2_fwnode vfat v4l2_async tpm_crb fat videodev tpm_tis intel_skl_int3472_tps68470 tps68470_regulator mc tpm_tis_core clk_tps68470 tpm video int3400_thermal intel_skl_int3472_discrete acpi_thermal_rel rng_core intel_hid mac_hid sparse_keymap acpi_tad acpi_pad pkcs8_key_parser dm_multipath dm_mod sg crypto_user fuse bpf_preload ip_tables x_tables ext4 crc32c_generic crc16 mbcache jbd2 serio_raw atkbd libps2 vivaldi_fmap nvme crc32c_intel xhci_pci nvme_core xhci_pci_renesas i8042 serio
[203535.510419] Unloaded tainted modules: pcc_cpufreq():1 pcc_cpufreq():1 acpi_cpufreq():1 acpi_cpufreq():1 pcc_cpufreq():1 acpi_cpufreq():1 acpi_cpufreq():1 pcc_cpufreq():1 acpi_cpufreq():1 acpi_cpufreq():1 acpi_cpufreq():1 acpi_cpufreq():1 acpi_cpufreq():1 pcc_cpufreq():1 acpi_cpufreq():1 acpi_cpufreq():1 acpi_cpufreq():1 pcc_cpufreq():1 acpi_cpufreq():1 pcc_cpufreq():1 acpi_cpufreq():1 pcc_cpufreq():1 pcc_cpufreq():1 acpi_cpufreq():1 acpi_cpufreq():1 pcc_cpufreq():1 pcc_cpufreq():1 acpi_cpufreq():1 pcc_cpufreq():1 pcc_cpufreq():1 acpi_cpufreq():1 acpi_cpufreq():1 pcc_cpufreq():1 acpi_cpufreq():1 acpi_cpufreq():1 pcc_cpufreq():1 acpi_cpufreq():1 pcc_cpufreq():1 pcc_cpufreq():1 acpi_cpufreq():1 fjes():1 asus_ec_sensors():1 pcc_cpufreq():1 acpi_cpufreq():1 fjes():1 pcc_cpufreq():1 acpi_cpufreq():1 fjes():1 pcc_cpufreq():1 acpi_cpufreq():1 acpi_cpufreq():1 fjes():1 pcc_cpufreq():1 acpi_cpufreq():1 fjes():1 acpi_cpufreq():1 pcc_cpufreq():1 fjes():1 pcc_cpufreq():1 acpi_cpufreq():1
[203535.510467]  asus_ec_sensors():1 pcc_cpufreq():1 fjes():1 acpi_cpufreq():1 acpi_cpufreq():1 fjes():1
[203535.510472] CPU: 1 PID: 1022 Comm: gnome-shell Tainted: G        W         5.19.6-arch1-1 #1 1307568ef808cb599ee891e507344feaf47e0ed7
[203535.510475] Hardware name: LENOVO 20UVS34R00/20UVS34R00, BIOS R1GET45W (1.20 ) 01/13/2022
[203535.510477] RIP: 0010:drm_atomic_check_only+0x902/0xa00
--
[203535.510523]  entry_SYSCALL_64_after_hwframe+0x63/0xcd
[203535.510526] RIP: 0033:0x7fcad07159ef
[203535.510528] Code: 00 48 89 44 24 18 31 c0 48 8d 44 24 60 c7 04 24 10 00 00 00 48 89 44 24 08 48 8d 44 24 20 48 89 44 24 10 b8 10 00 00 00 0f 05 <89> c2 3d 00 f0 ff ff 77 18 48 8b 44 24 18 64 48 2b 04 25 28 00 00
[203535.510529] RSP: 002b:00007ffc5304d4f0 EFLAGS: 00000246 ORIG_RAX: 0000000000000010
[203535.510530] RAX: ffffffffffffffda RBX: 000055d8e355c3a0 RCX: 00007fcad07159ef
[203535.510531] RDX: 00007ffc5304d590 RSI: 00000000c03864bc RDI: 0000000000000009
[203535.510532] RBP: 00007ffc5304d590 R08: 0000000000000001 R09: 0000000000000001
[203535.510533] R10: 000055d8dedbf010 R11: 0000000000000246 R12: 00000000c03864bc
[203535.510533] R13: 0000000000000009 R14: 000055d8e0d4b230 R15: 000055d8e3e36b90
[203535.510536]  </TASK>
[203535.510536] ---[ end trace 0000000000000000 ]---
[203547.988274] ------------[ cut here ]------------
[203547.988279] adding CRTC not allowed without modesets: requested 0x2, affected 0x3
[203547.988292] WARNING: CPU: 7 PID: 1022 at drivers/gpu/drm/drm_atomic.c:1403 drm_atomic_check_only+0x902/0xa00
[203547.988305] Modules linked in: sr_mod xfs btrfs blake2b_generic xor raid6_pq libcrc32c isofs cdrom ccm snd_ctl_led snd_soc_skl_hda_dsp snd_soc_intel_hda_dsp_common snd_soc_hdac_hdmi snd_sof_probes snd_hda_codec_hdmi snd_hda_codec_realtek snd_hda_codec_generic snd_soc_dmic snd_sof_pci_intel_tgl snd_sof_intel_hda_common soundwire_intel hid_sensor_accel_3d hid_sensor_custom_intel_hinge hid_sensor_gyro_3d soundwire_generic_allocation soundwire_cadence hid_sensor_trigger snd_sof_intel_hda industrialio_triggered_buffer snd_sof_pci kfifo_buf snd_sof_xtensa_dsp hid_sensor_iio_common snd_sof industrialio hid_sensor_custom snd_sof_utils snd_soc_hdac_hda snd_hda_ext_core hid_sensor_hub intel_tcc_cooling snd_soc_acpi_intel_match x86_pkg_temp_thermal snd_soc_acpi intel_powerclamp soundwire_bus coretemp intel_ishtp_hid iTCO_wdt spi_nor snd_soc_core intel_pmc_bxt kvm_intel snd_compress iTCO_vendor_support mtd btusb hid_multitouch ac97_bus kvm snd_pcm_dmaengine btrtl irqbypass btbcm btintel
[203547.988375]  crct10dif_pclmul crc32_pclmul btmtk iwlmvm uvcvideo snd_hda_intel ghash_clmulni_intel joydev wacom bluetooth snd_intel_dspcfg aesni_intel videobuf2_vmalloc mousedev videobuf2_memops mei_hdcp mac80211 mei_pxp crypto_simd ecdh_generic videobuf2_v4l2 snd_intel_sdw_acpi pmt_telemetry think_lmi cryptd videobuf2_common libarc4 intel_rapl_msr pmt_class firmware_attributes_class wmi_bmof uas snd_hda_codec intel_cstate usb_storage i915 iwlwifi snd_hda_core intel_uncore snd_hwdep pcspkr iwlmei snd_pcm i2c_i801 drm_buddy processor_thermal_device_pci_legacy spi_intel_pci usbhid i2c_smbus snd_timer spi_intel iosm ttm processor_thermal_device mei_me processor_thermal_rfim cfg80211 intel_lpss_pci ucsi_acpi processor_thermal_mbox drm_display_helper intel_ish_ipc typec_ucsi intel_lpss processor_thermal_rapl idma64 mei thinkpad_acpi cec thunderbolt intel_ishtp typec intel_rapl_common ledtrig_audio intel_gtt intel_soc_dts_iosf intel_vsec roles platform_profile wmi rfkill snd soundcore
[203547.988456]  int3403_thermal i2c_hid_acpi int340x_thermal_zone soc_button_array i2c_hid ov8856 v4l2_fwnode vfat v4l2_async tpm_crb fat videodev tpm_tis intel_skl_int3472_tps68470 tps68470_regulator mc tpm_tis_core clk_tps68470 tpm video int3400_thermal intel_skl_int3472_discrete acpi_thermal_rel rng_core intel_hid mac_hid sparse_keymap acpi_tad acpi_pad pkcs8_key_parser dm_multipath dm_mod sg crypto_user fuse bpf_preload ip_tables x_tables ext4 crc32c_generic crc16 mbcache jbd2 serio_raw atkbd libps2 vivaldi_fmap nvme crc32c_intel xhci_pci nvme_core xhci_pci_renesas i8042 serio
[203547.988507] Unloaded tainted modules: pcc_cpufreq():1 pcc_cpufreq():1 acpi_cpufreq():1 acpi_cpufreq():1 pcc_cpufreq():1 acpi_cpufreq():1 acpi_cpufreq():1 pcc_cpufreq():1 acpi_cpufreq():1 acpi_cpufreq():1 acpi_cpufreq():1 acpi_cpufreq():1 acpi_cpufreq():1 pcc_cpufreq():1 acpi_cpufreq():1 acpi_cpufreq():1 acpi_cpufreq():1 pcc_cpufreq():1 acpi_cpufreq():1 pcc_cpufreq():1 acpi_cpufreq():1 pcc_cpufreq():1 pcc_cpufreq():1 acpi_cpufreq():1 acpi_cpufreq():1 pcc_cpufreq():1 pcc_cpufreq():1 acpi_cpufreq():1 pcc_cpufreq():1 pcc_cpufreq():1 acpi_cpufreq():1 acpi_cpufreq():1 pcc_cpufreq():1 acpi_cpufreq():1 acpi_cpufreq():1 pcc_cpufreq():1 acpi_cpufreq():1 pcc_cpufreq():1 pcc_cpufreq():1 acpi_cpufreq():1 fjes():1 asus_ec_sensors():1 pcc_cpufreq():1 acpi_cpufreq():1 fjes():1 pcc_cpufreq():1 acpi_cpufreq():1 fjes():1 pcc_cpufreq():1 acpi_cpufreq():1 acpi_cpufreq():1 fjes():1 pcc_cpufreq():1 acpi_cpufreq():1 fjes():1 acpi_cpufreq():1 pcc_cpufreq():1 fjes():1 pcc_cpufreq():1 acpi_cpufreq():1
[203547.988580]  asus_ec_sensors():1 pcc_cpufreq():1 fjes():1 acpi_cpufreq():1 acpi_cpufreq():1 fjes():1
[203547.988589] CPU: 7 PID: 1022 Comm: gnome-shell Tainted: G        W         5.19.6-arch1-1 #1 1307568ef808cb599ee891e507344feaf47e0ed7
[203547.988595] Hardware name: LENOVO 20UVS34R00/20UVS34R00, BIOS R1GET45W (1.20 ) 01/13/2022
[203547.988597] RIP: 0010:drm_atomic_check_only+0x902/0xa00
--
[203547.988715]  </TASK>
[203547.988717] ---[ end trace 0000000000000000 ]---
[203548.421878] ------------[ cut here ]------------
[203548.421885] adding CRTC not allowed without modesets: requested 0x2, affected 0x3
[203548.421902] WARNING: CPU: 5 PID: 1022 at drivers/gpu/drm/drm_atomic.c:1403 drm_atomic_check_only+0x902/0xa00
[203548.421918] Modules linked in: sr_mod xfs btrfs blake2b_generic xor raid6_pq libcrc32c isofs cdrom ccm snd_ctl_led snd_soc_skl_hda_dsp snd_soc_intel_hda_dsp_common snd_soc_hdac_hdmi snd_sof_probes snd_hda_codec_hdmi snd_hda_codec_realtek snd_hda_codec_generic snd_soc_dmic snd_sof_pci_intel_tgl snd_sof_intel_hda_common soundwire_intel hid_sensor_accel_3d hid_sensor_custom_intel_hinge hid_sensor_gyro_3d soundwire_generic_allocation soundwire_cadence hid_sensor_trigger snd_sof_intel_hda industrialio_triggered_buffer snd_sof_pci kfifo_buf snd_sof_xtensa_dsp hid_sensor_iio_common snd_sof industrialio hid_sensor_custom snd_sof_utils snd_soc_hdac_hda snd_hda_ext_core hid_sensor_hub intel_tcc_cooling snd_soc_acpi_intel_match x86_pkg_temp_thermal snd_soc_acpi intel_powerclamp soundwire_bus coretemp intel_ishtp_hid iTCO_wdt spi_nor snd_soc_core intel_pmc_bxt kvm_intel snd_compress iTCO_vendor_support mtd btusb hid_multitouch ac97_bus kvm snd_pcm_dmaengine btrtl irqbypass btbcm btintel
[203548.422007]  crct10dif_pclmul crc32_pclmul btmtk iwlmvm uvcvideo snd_hda_intel ghash_clmulni_intel joydev wacom bluetooth snd_intel_dspcfg aesni_intel videobuf2_vmalloc mousedev videobuf2_memops mei_hdcp mac80211 mei_pxp crypto_simd ecdh_generic videobuf2_v4l2 snd_intel_sdw_acpi pmt_telemetry think_lmi cryptd videobuf2_common libarc4 intel_rapl_msr pmt_class firmware_attributes_class wmi_bmof uas snd_hda_codec intel_cstate usb_storage i915 iwlwifi snd_hda_core intel_uncore snd_hwdep pcspkr iwlmei snd_pcm i2c_i801 drm_buddy processor_thermal_device_pci_legacy spi_intel_pci usbhid i2c_smbus snd_timer spi_intel iosm ttm processor_thermal_device mei_me processor_thermal_rfim cfg80211 intel_lpss_pci ucsi_acpi processor_thermal_mbox drm_display_helper intel_ish_ipc typec_ucsi intel_lpss processor_thermal_rapl idma64 mei thinkpad_acpi cec thunderbolt intel_ishtp typec intel_rapl_common ledtrig_audio intel_gtt intel_soc_dts_iosf intel_vsec roles platform_profile wmi rfkill snd soundcore
[203548.422106]  int3403_thermal i2c_hid_acpi int340x_thermal_zone soc_button_array i2c_hid ov8856 v4l2_fwnode vfat v4l2_async tpm_crb fat videodev tpm_tis intel_skl_int3472_tps68470 tps68470_regulator mc tpm_tis_core clk_tps68470 tpm video int3400_thermal intel_skl_int3472_discrete acpi_thermal_rel rng_core intel_hid mac_hid sparse_keymap acpi_tad acpi_pad pkcs8_key_parser dm_multipath dm_mod sg crypto_user fuse bpf_preload ip_tables x_tables ext4 crc32c_generic crc16 mbcache jbd2 serio_raw atkbd libps2 vivaldi_fmap nvme crc32c_intel xhci_pci nvme_core xhci_pci_renesas i8042 serio
[203548.422169] Unloaded tainted modules: pcc_cpufreq():1 pcc_cpufreq():1 acpi_cpufreq():1 acpi_cpufreq():1 pcc_cpufreq():1 acpi_cpufreq():1 acpi_cpufreq():1 pcc_cpufreq():1 acpi_cpufreq():1 acpi_cpufreq():1 acpi_cpufreq():1 acpi_cpufreq():1 acpi_cpufreq():1 pcc_cpufreq():1 acpi_cpufreq():1 acpi_cpufreq():1 acpi_cpufreq():1 pcc_cpufreq():1 acpi_cpufreq():1 pcc_cpufreq():1 acpi_cpufreq():1 pcc_cpufreq():1 pcc_cpufreq():1 acpi_cpufreq():1 acpi_cpufreq():1 pcc_cpufreq():1 pcc_cpufreq():1 acpi_cpufreq():1 pcc_cpufreq():1 pcc_cpufreq():1 acpi_cpufreq():1 acpi_cpufreq():1 pcc_cpufreq():1 acpi_cpufreq():1 acpi_cpufreq():1 pcc_cpufreq():1 acpi_cpufreq():1 pcc_cpufreq():1 pcc_cpufreq():1 acpi_cpufreq():1 fjes():1 asus_ec_sensors():1 pcc_cpufreq():1 acpi_cpufreq():1 fjes():1 pcc_cpufreq():1 acpi_cpufreq():1 fjes():1 pcc_cpufreq():1 acpi_cpufreq():1 acpi_cpufreq():1 fjes():1 pcc_cpufreq():1 acpi_cpufreq():1 fjes():1 acpi_cpufreq():1 pcc_cpufreq():1 fjes():1 pcc_cpufreq():1 acpi_cpufreq():1
[203548.422259]  asus_ec_sensors():1 pcc_cpufreq():1 fjes():1 acpi_cpufreq():1 acpi_cpufreq():1 fjes():1
[203548.422271] CPU: 5 PID: 1022 Comm: gnome-shell Tainted: G        W         5.19.6-arch1-1 #1 1307568ef808cb599ee891e507344feaf47e0ed7
[203548.422278] Hardware name: LENOVO 20UVS34R00/20UVS34R00, BIOS R1GET45W (1.20 ) 01/13/2022
[203548.422281] RIP: 0010:drm_atomic_check_only+0x902/0xa00
--
[203548.422443]  </TASK>
[203548.422445] ---[ end trace 0000000000000000 ]---
[203549.354633] ------------[ cut here ]------------
[203549.354637] adding CRTC not allowed without modesets: requested 0x2, affected 0x3
[203549.354651] WARNING: CPU: 5 PID: 1022 at drivers/gpu/drm/drm_atomic.c:1403 drm_atomic_check_only+0x902/0xa00
[203549.354663] Modules linked in: sr_mod xfs btrfs blake2b_generic xor raid6_pq libcrc32c isofs cdrom ccm snd_ctl_led snd_soc_skl_hda_dsp snd_soc_intel_hda_dsp_common snd_soc_hdac_hdmi snd_sof_probes snd_hda_codec_hdmi snd_hda_codec_realtek snd_hda_codec_generic snd_soc_dmic snd_sof_pci_intel_tgl snd_sof_intel_hda_common soundwire_intel hid_sensor_accel_3d hid_sensor_custom_intel_hinge hid_sensor_gyro_3d soundwire_generic_allocation soundwire_cadence hid_sensor_trigger snd_sof_intel_hda industrialio_triggered_buffer snd_sof_pci kfifo_buf snd_sof_xtensa_dsp hid_sensor_iio_common snd_sof industrialio hid_sensor_custom snd_sof_utils snd_soc_hdac_hda snd_hda_ext_core hid_sensor_hub intel_tcc_cooling snd_soc_acpi_intel_match x86_pkg_temp_thermal snd_soc_acpi intel_powerclamp soundwire_bus coretemp intel_ishtp_hid iTCO_wdt spi_nor snd_soc_core intel_pmc_bxt kvm_intel snd_compress iTCO_vendor_support mtd btusb hid_multitouch ac97_bus kvm snd_pcm_dmaengine btrtl irqbypass btbcm btintel
[203549.354733]  crct10dif_pclmul crc32_pclmul btmtk iwlmvm uvcvideo snd_hda_intel ghash_clmulni_intel joydev wacom bluetooth snd_intel_dspcfg aesni_intel videobuf2_vmalloc mousedev videobuf2_memops mei_hdcp mac80211 mei_pxp crypto_simd ecdh_generic videobuf2_v4l2 snd_intel_sdw_acpi pmt_telemetry think_lmi cryptd videobuf2_common libarc4 intel_rapl_msr pmt_class firmware_attributes_class wmi_bmof uas snd_hda_codec intel_cstate usb_storage i915 iwlwifi snd_hda_core intel_uncore snd_hwdep pcspkr iwlmei snd_pcm i2c_i801 drm_buddy processor_thermal_device_pci_legacy spi_intel_pci usbhid i2c_smbus snd_timer spi_intel iosm ttm processor_thermal_device mei_me processor_thermal_rfim cfg80211 intel_lpss_pci ucsi_acpi processor_thermal_mbox drm_display_helper intel_ish_ipc typec_ucsi intel_lpss processor_thermal_rapl idma64 mei thinkpad_acpi cec thunderbolt intel_ishtp typec intel_rapl_common ledtrig_audio intel_gtt intel_soc_dts_iosf intel_vsec roles platform_profile wmi rfkill snd soundcore
[203549.354812]  int3403_thermal i2c_hid_acpi int340x_thermal_zone soc_button_array i2c_hid ov8856 v4l2_fwnode vfat v4l2_async tpm_crb fat videodev tpm_tis intel_skl_int3472_tps68470 tps68470_regulator mc tpm_tis_core clk_tps68470 tpm video int3400_thermal intel_skl_int3472_discrete acpi_thermal_rel rng_core intel_hid mac_hid sparse_keymap acpi_tad acpi_pad pkcs8_key_parser dm_multipath dm_mod sg crypto_user fuse bpf_preload ip_tables x_tables ext4 crc32c_generic crc16 mbcache jbd2 serio_raw atkbd libps2 vivaldi_fmap nvme crc32c_intel xhci_pci nvme_core xhci_pci_renesas i8042 serio
[203549.354862] Unloaded tainted modules: pcc_cpufreq():1 pcc_cpufreq():1 acpi_cpufreq():1 acpi_cpufreq():1 pcc_cpufreq():1 acpi_cpufreq():1 acpi_cpufreq():1 pcc_cpufreq():1 acpi_cpufreq():1 acpi_cpufreq():1 acpi_cpufreq():1 acpi_cpufreq():1 acpi_cpufreq():1 pcc_cpufreq():1 acpi_cpufreq():1 acpi_cpufreq():1 acpi_cpufreq():1 pcc_cpufreq():1 acpi_cpufreq():1 pcc_cpufreq():1 acpi_cpufreq():1 pcc_cpufreq():1 pcc_cpufreq():1 acpi_cpufreq():1 acpi_cpufreq():1 pcc_cpufreq():1 pcc_cpufreq():1 acpi_cpufreq():1 pcc_cpufreq():1 pcc_cpufreq():1 acpi_cpufreq():1 acpi_cpufreq():1 pcc_cpufreq():1 acpi_cpufreq():1 acpi_cpufreq():1 pcc_cpufreq():1 acpi_cpufreq():1 pcc_cpufreq():1 pcc_cpufreq():1 acpi_cpufreq():1 fjes():1 asus_ec_sensors():1 pcc_cpufreq():1 acpi_cpufreq():1 fjes():1 pcc_cpufreq():1 acpi_cpufreq():1 fjes():1 pcc_cpufreq():1 acpi_cpufreq():1 acpi_cpufreq():1 fjes():1 pcc_cpufreq():1 acpi_cpufreq():1 fjes():1 acpi_cpufreq():1 pcc_cpufreq():1 fjes():1 pcc_cpufreq():1 acpi_cpufreq():1
[203549.354934]  asus_ec_sensors():1 pcc_cpufreq():1 fjes():1 acpi_cpufreq():1 acpi_cpufreq():1 fjes():1
[203549.354943] CPU: 5 PID: 1022 Comm: gnome-shell Tainted: G        W         5.19.6-arch1-1 #1 1307568ef808cb599ee891e507344feaf47e0ed7
[203549.354949] Hardware name: LENOVO 20UVS34R00/20UVS34R00, BIOS R1GET45W (1.20 ) 01/13/2022
[203549.354951] RIP: 0010:drm_atomic_check_only+0x902/0xa00
--
[203549.355105]  </TASK>
[203549.355107] ---[ end trace 0000000000000000 ]---
[203551.854958] ------------[ cut here ]------------
[203551.854964] adding CRTC not allowed without modesets: requested 0x2, affected 0x3
[203551.854978] WARNING: CPU: 0 PID: 1022 at drivers/gpu/drm/drm_atomic.c:1403 drm_atomic_check_only+0x902/0xa00
[203551.854992] Modules linked in: sr_mod xfs btrfs blake2b_generic xor raid6_pq libcrc32c isofs cdrom ccm snd_ctl_led snd_soc_skl_hda_dsp snd_soc_intel_hda_dsp_common snd_soc_hdac_hdmi snd_sof_probes snd_hda_codec_hdmi snd_hda_codec_realtek snd_hda_codec_generic snd_soc_dmic snd_sof_pci_intel_tgl snd_sof_intel_hda_common soundwire_intel hid_sensor_accel_3d hid_sensor_custom_intel_hinge hid_sensor_gyro_3d soundwire_generic_allocation soundwire_cadence hid_sensor_trigger snd_sof_intel_hda industrialio_triggered_buffer snd_sof_pci kfifo_buf snd_sof_xtensa_dsp hid_sensor_iio_common snd_sof industrialio hid_sensor_custom snd_sof_utils snd_soc_hdac_hda snd_hda_ext_core hid_sensor_hub intel_tcc_cooling snd_soc_acpi_intel_match x86_pkg_temp_thermal snd_soc_acpi intel_powerclamp soundwire_bus coretemp intel_ishtp_hid iTCO_wdt spi_nor snd_soc_core intel_pmc_bxt kvm_intel snd_compress iTCO_vendor_support mtd btusb hid_multitouch ac97_bus kvm snd_pcm_dmaengine btrtl irqbypass btbcm btintel
[203551.855069]  crct10dif_pclmul crc32_pclmul btmtk iwlmvm uvcvideo snd_hda_intel ghash_clmulni_intel joydev wacom bluetooth snd_intel_dspcfg aesni_intel videobuf2_vmalloc mousedev videobuf2_memops mei_hdcp mac80211 mei_pxp crypto_simd ecdh_generic videobuf2_v4l2 snd_intel_sdw_acpi pmt_telemetry think_lmi cryptd videobuf2_common libarc4 intel_rapl_msr pmt_class firmware_attributes_class wmi_bmof uas snd_hda_codec intel_cstate usb_storage i915 iwlwifi snd_hda_core intel_uncore snd_hwdep pcspkr iwlmei snd_pcm i2c_i801 drm_buddy processor_thermal_device_pci_legacy spi_intel_pci usbhid i2c_smbus snd_timer spi_intel iosm ttm processor_thermal_device mei_me processor_thermal_rfim cfg80211 intel_lpss_pci ucsi_acpi processor_thermal_mbox drm_display_helper intel_ish_ipc typec_ucsi intel_lpss processor_thermal_rapl idma64 mei thinkpad_acpi cec thunderbolt intel_ishtp typec intel_rapl_common ledtrig_audio intel_gtt intel_soc_dts_iosf intel_vsec roles platform_profile wmi rfkill snd soundcore
[203551.855157]  int3403_thermal i2c_hid_acpi int340x_thermal_zone soc_button_array i2c_hid ov8856 v4l2_fwnode vfat v4l2_async tpm_crb fat videodev tpm_tis intel_skl_int3472_tps68470 tps68470_regulator mc tpm_tis_core clk_tps68470 tpm video int3400_thermal intel_skl_int3472_discrete acpi_thermal_rel rng_core intel_hid mac_hid sparse_keymap acpi_tad acpi_pad pkcs8_key_parser dm_multipath dm_mod sg crypto_user fuse bpf_preload ip_tables x_tables ext4 crc32c_generic crc16 mbcache jbd2 serio_raw atkbd libps2 vivaldi_fmap nvme crc32c_intel xhci_pci nvme_core xhci_pci_renesas i8042 serio
[203551.855212] Unloaded tainted modules: pcc_cpufreq():1 pcc_cpufreq():1 acpi_cpufreq():1 acpi_cpufreq():1 pcc_cpufreq():1 acpi_cpufreq():1 acpi_cpufreq():1 pcc_cpufreq():1 acpi_cpufreq():1 acpi_cpufreq():1 acpi_cpufreq():1 acpi_cpufreq():1 acpi_cpufreq():1 pcc_cpufreq():1 acpi_cpufreq():1 acpi_cpufreq():1 acpi_cpufreq():1 pcc_cpufreq():1 acpi_cpufreq():1 pcc_cpufreq():1 acpi_cpufreq():1 pcc_cpufreq():1 pcc_cpufreq():1 acpi_cpufreq():1 acpi_cpufreq():1 pcc_cpufreq():1 pcc_cpufreq():1 acpi_cpufreq():1 pcc_cpufreq():1 pcc_cpufreq():1 acpi_cpufreq():1 acpi_cpufreq():1 pcc_cpufreq():1 acpi_cpufreq():1 acpi_cpufreq():1 pcc_cpufreq():1 acpi_cpufreq():1 pcc_cpufreq():1 pcc_cpufreq():1 acpi_cpufreq():1 fjes():1 asus_ec_sensors():1 pcc_cpufreq():1 acpi_cpufreq():1 fjes():1 pcc_cpufreq():1 acpi_cpufreq():1 fjes():1 pcc_cpufreq():1 acpi_cpufreq():1 acpi_cpufreq():1 fjes():1 pcc_cpufreq():1 acpi_cpufreq():1 fjes():1 acpi_cpufreq():1 pcc_cpufreq():1 fjes():1 pcc_cpufreq():1 acpi_cpufreq():1
[203551.855293]  asus_ec_sensors():1 pcc_cpufreq():1 fjes():1 acpi_cpufreq():1 acpi_cpufreq():1 fjes():1
[203551.855303] CPU: 0 PID: 1022 Comm: gnome-shell Tainted: G        W         5.19.6-arch1-1 #1 1307568ef808cb599ee891e507344feaf47e0ed7
[203551.855309] Hardware name: LENOVO 20UVS34R00/20UVS34R00, BIOS R1GET45W (1.20 ) 01/13/2022
[203551.855312] RIP: 0010:drm_atomic_check_only+0x902/0xa00
--
[203551.855403]  do_syscall_64+0x5c/0x90
[203551.855412]  ? syscall_exit_to_user_mode+0x1b/0x40
[203551.855416]  ? do_syscall_64+0x6b/0x90
[203551.855421]  ? do_syscall_64+0x6b/0x90
[203551.855426]  ? syscall_exit_to_user_mode+0x1b/0x40
[203551.855430]  ? do_syscall_64+0x6b/0x90
[203551.855435]  entry_SYSCALL_64_after_hwframe+0x63/0xcd
[203551.855442] RIP: 0033:0x7fcad07159ef
[203551.855446] Code: 00 48 89 44 24 18 31 c0 48 8d 44 24 60 c7 04 24 10 00 00 00 48 89 44 24 08 48 8d 44 24 20 48 89 44 24 10 b8 10 00 00 00 0f 05 <89> c2 3d 00 f0 ff ff 77 18 48 8b 44 24 18 64 48 2b 04 25 28 00 00
[203551.855449] RSP: 002b:00007ffc5304d910 EFLAGS: 00000246 ORIG_RAX: 0000000000000010
[203551.855453] RAX: ffffffffffffffda RBX: 000055d8e3c4f430 RCX: 00007fcad07159ef
[203551.855455] RDX: 00007ffc5304d9b0 RSI: 00000000c03864bc RDI: 0000000000000009
--
[203551.855466]  </TASK>
[203551.855468] ---[ end trace 0000000000000000 ]---
[203554.423027] ------------[ cut here ]------------
[203554.423031] adding CRTC not allowed without modesets: requested 0x2, affected 0x3
[203554.423045] WARNING: CPU: 0 PID: 1022 at drivers/gpu/drm/drm_atomic.c:1403 drm_atomic_check_only+0x902/0xa00
[203554.423057] Modules linked in: sr_mod xfs btrfs blake2b_generic xor raid6_pq libcrc32c isofs cdrom ccm snd_ctl_led snd_soc_skl_hda_dsp snd_soc_intel_hda_dsp_common snd_soc_hdac_hdmi snd_sof_probes snd_hda_codec_hdmi snd_hda_codec_realtek snd_hda_codec_generic snd_soc_dmic snd_sof_pci_intel_tgl snd_sof_intel_hda_common soundwire_intel hid_sensor_accel_3d hid_sensor_custom_intel_hinge hid_sensor_gyro_3d soundwire_generic_allocation soundwire_cadence hid_sensor_trigger snd_sof_intel_hda industrialio_triggered_buffer snd_sof_pci kfifo_buf snd_sof_xtensa_dsp hid_sensor_iio_common snd_sof industrialio hid_sensor_custom snd_sof_utils snd_soc_hdac_hda snd_hda_ext_core hid_sensor_hub intel_tcc_cooling snd_soc_acpi_intel_match x86_pkg_temp_thermal snd_soc_acpi intel_powerclamp soundwire_bus coretemp intel_ishtp_hid iTCO_wdt spi_nor snd_soc_core intel_pmc_bxt kvm_intel snd_compress iTCO_vendor_support mtd btusb hid_multitouch ac97_bus kvm snd_pcm_dmaengine btrtl irqbypass btbcm btintel
[203554.423127]  crct10dif_pclmul crc32_pclmul btmtk iwlmvm uvcvideo snd_hda_intel ghash_clmulni_intel joydev wacom bluetooth snd_intel_dspcfg aesni_intel videobuf2_vmalloc mousedev videobuf2_memops mei_hdcp mac80211 mei_pxp crypto_simd ecdh_generic videobuf2_v4l2 snd_intel_sdw_acpi pmt_telemetry think_lmi cryptd videobuf2_common libarc4 intel_rapl_msr pmt_class firmware_attributes_class wmi_bmof uas snd_hda_codec intel_cstate usb_storage i915 iwlwifi snd_hda_core intel_uncore snd_hwdep pcspkr iwlmei snd_pcm i2c_i801 drm_buddy processor_thermal_device_pci_legacy spi_intel_pci usbhid i2c_smbus snd_timer spi_intel iosm ttm processor_thermal_device mei_me processor_thermal_rfim cfg80211 intel_lpss_pci ucsi_acpi processor_thermal_mbox drm_display_helper intel_ish_ipc typec_ucsi intel_lpss processor_thermal_rapl idma64 mei thinkpad_acpi cec thunderbolt intel_ishtp typec intel_rapl_common ledtrig_audio intel_gtt intel_soc_dts_iosf intel_vsec roles platform_profile wmi rfkill snd soundcore
[203554.423205]  int3403_thermal i2c_hid_acpi int340x_thermal_zone soc_button_array i2c_hid ov8856 v4l2_fwnode vfat v4l2_async tpm_crb fat videodev tpm_tis intel_skl_int3472_tps68470 tps68470_regulator mc tpm_tis_core clk_tps68470 tpm video int3400_thermal intel_skl_int3472_discrete acpi_thermal_rel rng_core intel_hid mac_hid sparse_keymap acpi_tad acpi_pad pkcs8_key_parser dm_multipath dm_mod sg crypto_user fuse bpf_preload ip_tables x_tables ext4 crc32c_generic crc16 mbcache jbd2 serio_raw atkbd libps2 vivaldi_fmap nvme crc32c_intel xhci_pci nvme_core xhci_pci_renesas i8042 serio
[203554.423256] Unloaded tainted modules: pcc_cpufreq():1 pcc_cpufreq():1 acpi_cpufreq():1 acpi_cpufreq():1 pcc_cpufreq():1 acpi_cpufreq():1 acpi_cpufreq():1 pcc_cpufreq():1 acpi_cpufreq():1 acpi_cpufreq():1 acpi_cpufreq():1 acpi_cpufreq():1 acpi_cpufreq():1 pcc_cpufreq():1 acpi_cpufreq():1 acpi_cpufreq():1 acpi_cpufreq():1 pcc_cpufreq():1 acpi_cpufreq():1 pcc_cpufreq():1 acpi_cpufreq():1 pcc_cpufreq():1 pcc_cpufreq():1 acpi_cpufreq():1 acpi_cpufreq():1 pcc_cpufreq():1 pcc_cpufreq():1 acpi_cpufreq():1 pcc_cpufreq():1 pcc_cpufreq():1 acpi_cpufreq():1 acpi_cpufreq():1 pcc_cpufreq():1 acpi_cpufreq():1 acpi_cpufreq():1 pcc_cpufreq():1 acpi_cpufreq():1 pcc_cpufreq():1 pcc_cpufreq():1 acpi_cpufreq():1 fjes():1 asus_ec_sensors():1 pcc_cpufreq():1 acpi_cpufreq():1 fjes():1 pcc_cpufreq():1 acpi_cpufreq():1 fjes():1 pcc_cpufreq():1 acpi_cpufreq():1 acpi_cpufreq():1 fjes():1 pcc_cpufreq():1 acpi_cpufreq():1 fjes():1 acpi_cpufreq():1 pcc_cpufreq():1 fjes():1 pcc_cpufreq():1 acpi_cpufreq():1
[203554.423327]  asus_ec_sensors():1 pcc_cpufreq():1 fjes():1 acpi_cpufreq():1 acpi_cpufreq():1 fjes():1
[203554.423337] CPU: 0 PID: 1022 Comm: gnome-shell Tainted: G        W         5.19.6-arch1-1 #1 1307568ef808cb599ee891e507344feaf47e0ed7
[203554.423342] Hardware name: LENOVO 20UVS34R00/20UVS34R00, BIOS R1GET45W (1.20 ) 01/13/2022
[203554.423344] RIP: 0010:drm_atomic_check_only+0x902/0xa00
--
[203554.423472]  </TASK>
[203554.423474] ---[ end trace 0000000000000000 ]---
[203559.006109] ------------[ cut here ]------------
[203559.006116] adding CRTC not allowed without modesets: requested 0x2, affected 0x3
[203559.006133] WARNING: CPU: 1 PID: 1022 at drivers/gpu/drm/drm_atomic.c:1403 drm_atomic_check_only+0x902/0xa00
[203559.006149] Modules linked in: sr_mod xfs btrfs blake2b_generic xor raid6_pq libcrc32c isofs cdrom ccm snd_ctl_led snd_soc_skl_hda_dsp snd_soc_intel_hda_dsp_common snd_soc_hdac_hdmi snd_sof_probes snd_hda_codec_hdmi snd_hda_codec_realtek snd_hda_codec_generic snd_soc_dmic snd_sof_pci_intel_tgl snd_sof_intel_hda_common soundwire_intel hid_sensor_accel_3d hid_sensor_custom_intel_hinge hid_sensor_gyro_3d soundwire_generic_allocation soundwire_cadence hid_sensor_trigger snd_sof_intel_hda industrialio_triggered_buffer snd_sof_pci kfifo_buf snd_sof_xtensa_dsp hid_sensor_iio_common snd_sof industrialio hid_sensor_custom snd_sof_utils snd_soc_hdac_hda snd_hda_ext_core hid_sensor_hub intel_tcc_cooling snd_soc_acpi_intel_match x86_pkg_temp_thermal snd_soc_acpi intel_powerclamp soundwire_bus coretemp intel_ishtp_hid iTCO_wdt spi_nor snd_soc_core intel_pmc_bxt kvm_intel snd_compress iTCO_vendor_support mtd btusb hid_multitouch ac97_bus kvm snd_pcm_dmaengine btrtl irqbypass btbcm btintel
[203559.006238]  crct10dif_pclmul crc32_pclmul btmtk iwlmvm uvcvideo snd_hda_intel ghash_clmulni_intel joydev wacom bluetooth snd_intel_dspcfg aesni_intel videobuf2_vmalloc mousedev videobuf2_memops mei_hdcp mac80211 mei_pxp crypto_simd ecdh_generic videobuf2_v4l2 snd_intel_sdw_acpi pmt_telemetry think_lmi cryptd videobuf2_common libarc4 intel_rapl_msr pmt_class firmware_attributes_class wmi_bmof uas snd_hda_codec intel_cstate usb_storage i915 iwlwifi snd_hda_core intel_uncore snd_hwdep pcspkr iwlmei snd_pcm i2c_i801 drm_buddy processor_thermal_device_pci_legacy spi_intel_pci usbhid i2c_smbus snd_timer spi_intel iosm ttm processor_thermal_device mei_me processor_thermal_rfim cfg80211 intel_lpss_pci ucsi_acpi processor_thermal_mbox drm_display_helper intel_ish_ipc typec_ucsi intel_lpss processor_thermal_rapl idma64 mei thinkpad_acpi cec thunderbolt intel_ishtp typec intel_rapl_common ledtrig_audio intel_gtt intel_soc_dts_iosf intel_vsec roles platform_profile wmi rfkill snd soundcore
[203559.006338]  int3403_thermal i2c_hid_acpi int340x_thermal_zone soc_button_array i2c_hid ov8856 v4l2_fwnode vfat v4l2_async tpm_crb fat videodev tpm_tis intel_skl_int3472_tps68470 tps68470_regulator mc tpm_tis_core clk_tps68470 tpm video int3400_thermal intel_skl_int3472_discrete acpi_thermal_rel rng_core intel_hid mac_hid sparse_keymap acpi_tad acpi_pad pkcs8_key_parser dm_multipath dm_mod sg crypto_user fuse bpf_preload ip_tables x_tables ext4 crc32c_generic crc16 mbcache jbd2 serio_raw atkbd libps2 vivaldi_fmap nvme crc32c_intel xhci_pci nvme_core xhci_pci_renesas i8042 serio
[203559.006437] Unloaded tainted modules: pcc_cpufreq():1 pcc_cpufreq():1 acpi_cpufreq():1 acpi_cpufreq():1 pcc_cpufreq():1 acpi_cpufreq():1 acpi_cpufreq():1 pcc_cpufreq():1 acpi_cpufreq():1 acpi_cpufreq():1 acpi_cpufreq():1 acpi_cpufreq():1 acpi_cpufreq():1 pcc_cpufreq():1 acpi_cpufreq():1 acpi_cpufreq():1 acpi_cpufreq():1 pcc_cpufreq():1 acpi_cpufreq():1 pcc_cpufreq():1 acpi_cpufreq():1 pcc_cpufreq():1 pcc_cpufreq():1 acpi_cpufreq():1 acpi_cpufreq():1 pcc_cpufreq():1 pcc_cpufreq():1 acpi_cpufreq():1 pcc_cpufreq():1 pcc_cpufreq():1 acpi_cpufreq():1 acpi_cpufreq():1 pcc_cpufreq():1 acpi_cpufreq():1 acpi_cpufreq():1 pcc_cpufreq():1 acpi_cpufreq():1 pcc_cpufreq():1 pcc_cpufreq():1 acpi_cpufreq():1 fjes():1 asus_ec_sensors():1 pcc_cpufreq():1 acpi_cpufreq():1 fjes():1 pcc_cpufreq():1 acpi_cpufreq():1 fjes():1 pcc_cpufreq():1 acpi_cpufreq():1 acpi_cpufreq():1 fjes():1 pcc_cpufreq():1 acpi_cpufreq():1 fjes():1 acpi_cpufreq():1 pcc_cpufreq():1 fjes():1 pcc_cpufreq():1 acpi_cpufreq():1
[203559.006528]  asus_ec_sensors():1 pcc_cpufreq():1 fjes():1 acpi_cpufreq():1 acpi_cpufreq():1 fjes():1
[203559.006544] CPU: 1 PID: 1022 Comm: gnome-shell Tainted: G        W         5.19.6-arch1-1 #1 1307568ef808cb599ee891e507344feaf47e0ed7
[203559.006551] Hardware name: LENOVO 20UVS34R00/20UVS34R00, BIOS R1GET45W (1.20 ) 01/13/2022
[203559.006554] RIP: 0010:drm_atomic_check_only+0x902/0xa00
--
[203941.358418] usb 3-1: New USB device found, idVendor=17ef, idProduct=60fe, bcdDevice=33.37
[203941.358430] usb 3-1: New USB device strings: Mfr=1, Product=2, SerialNumber=0
[203941.358434] usb 3-1: Product: Thinkpad HOSTNAME Detachable Gen 1 Folio case -1
[203941.358438] usb 3-1: Manufacturer: Darfon
[203941.364325] input: Darfon Thinkpad HOSTNAME Detachable Gen 1 Folio case -1 as /devices/pci0000:00/0000:00:14.0/usb3/3-1/3-1:1.0/0003:17EF:60FE.0036/input/input150
[203941.420117] hid-generic 0003:17EF:60FE.0036: input,hidraw0: USB HID v1.10 Keyboard [Darfon Thinkpad HOSTNAME Detachable Gen 1 Folio case -1] on usb-0000:00:14.0-1/input0
[203941.423135] input: Darfon Thinkpad HOSTNAME Detachable Gen 1 Folio case -1 Mouse as /devices/pci0000:00/0000:00:14.0/usb3/3-1/3-1:1.1/0003:17EF:60FE.0037/input/input151
[203941.423380] input: Darfon Thinkpad HOSTNAME Detachable Gen 1 Folio case -1 System Control as /devices/pci0000:00/0000:00:14.0/usb3/3-1/3-1:1.1/0003:17EF:60FE.0037/input/input152
[203941.480083] input: Darfon Thinkpad HOSTNAME Detachable Gen 1 Folio case -1 Consumer Control as /devices/pci0000:00/0000:00:14.0/usb3/3-1/3-1:1.1/0003:17EF:60FE.0037/input/input153
[203941.480185] input: Darfon Thinkpad HOSTNAME Detachable Gen 1 Folio case -1 Keyboard as /devices/pci0000:00/0000:00:14.0/usb3/3-1/3-1:1.1/0003:17EF:60FE.0037/input/input154
[203941.480262] input: Darfon Thinkpad HOSTNAME Detachable Gen 1 Folio case -1 Wireless Radio Control as /devices/pci0000:00/0000:00:14.0/usb3/3-1/3-1:1.1/0003:17EF:60FE.0037/input/input155
[203941.480334] input: Darfon Thinkpad HOSTNAME Detachable Gen 1 Folio case -1 as /devices/pci0000:00/0000:00:14.0/usb3/3-1/3-1:1.1/0003:17EF:60FE.0037/input/input156
[203941.480477] hid-generic 0003:17EF:60FE.0037: input,hiddev96,hidraw1: USB HID v1.10 Mouse [Darfon Thinkpad HOSTNAME Detachable Gen 1 Folio case -1] on usb-0000:00:14.0-1/input1
[203941.481800] hid-generic 0003:17EF:60FE.0038: hiddev97,hidraw3: USB HID v1.10 Device [Darfon Thinkpad HOSTNAME Detachable Gen 1 Folio case -1] on usb-0000:00:14.0-1/input2
[203941.485716] hid-multitouch 0003:17EF:60FE.0039: failed to fetch feature 7
[203941.485824] input: Darfon Thinkpad HOSTNAME Detachable Gen 1 Folio case -1 as /devices/pci0000:00/0000:00:14.0/usb3/3-1/3-1:1.3/0003:17EF:60FE.0039/input/input157
[203941.485952] input: Darfon Thinkpad HOSTNAME Detachable Gen 1 Folio case -1 as /devices/pci0000:00/0000:00:14.0/usb3/3-1/3-1:1.3/0003:17EF:60FE.0039/input/input158
[203941.486052] input: Darfon Thinkpad HOSTNAME Detachable Gen 1 Folio case -1 as /devices/pci0000:00/0000:00:14.0/usb3/3-1/3-1:1.3/0003:17EF:60FE.0039/input/input159
[203941.486220] hid-multitouch 0003:17EF:60FE.0039: input,hiddev98,hidraw4: USB HID v1.10 Mouse [Darfon Thinkpad HOSTNAME Detachable Gen 1 Folio case -1] on usb-0000:00:14.0-1/input3
[203950.620896] audit: type=1100 audit(1662313774.583:502): pid=24172 uid=0 auid=1000 ses=3 msg='op=PAM:authentication grantors=pam_shells,pam_faillock,pam_permit,pam_faillock,pam_gnome_keyring acct="moritz" exe="/usr/lib/gdm-session-worker" hostname=HOSTNAME addr=? terminal=/dev/tty1 res=success'
[203950.621459] audit: type=1101 audit(1662313774.583:503): pid=24172 uid=0 auid=1000 ses=3 msg='op=PAM:accounting grantors=pam_access,pam_unix,pam_permit,pam_time acct="moritz" exe="/usr/lib/gdm-session-worker" hostname=HOSTNAME addr=? terminal=/dev/tty1 res=success'
[203950.622007] audit: type=1110 audit(1662313774.583:504): pid=24172 uid=0 auid=1000 ses=3 msg='op=PAM:setcred grantors=pam_shells,pam_faillock,pam_permit,pam_faillock,pam_gnome_keyring acct="moritz" exe="/usr/lib/gdm-session-worker" hostname=HOSTNAME addr=? terminal=/dev/tty1 res=success'
[203969.489745] audit: type=1334 audit(1662313793.450:505): prog-id=147 op=LOAD
[203969.489820] audit: type=1334 audit(1662313793.450:506): prog-id=148 op=LOAD
--
[251797.286657] usb 3-1: New USB device found, idVendor=17ef, idProduct=60fe, bcdDevice=33.37
[251797.286667] usb 3-1: New USB device strings: Mfr=1, Product=2, SerialNumber=0
[251797.286671] usb 3-1: Product: Thinkpad HOSTNAME Detachable Gen 1 Folio case -1
[251797.286674] usb 3-1: Manufacturer: Darfon
[251797.293072] input: Darfon Thinkpad HOSTNAME Detachable Gen 1 Folio case -1 as /devices/pci0000:00/0000:00:14.0/usb3/3-1/3-1:1.0/0003:17EF:60FE.003A/input/input164
[251797.348219] hid-generic 0003:17EF:60FE.003A: input,hidraw0: USB HID v1.10 Keyboard [Darfon Thinkpad HOSTNAME Detachable Gen 1 Folio case -1] on usb-0000:00:14.0-1/input0
[251797.351218] input: Darfon Thinkpad HOSTNAME Detachable Gen 1 Folio case -1 Mouse as /devices/pci0000:00/0000:00:14.0/usb3/3-1/3-1:1.1/0003:17EF:60FE.003B/input/input165
[251797.351514] input: Darfon Thinkpad HOSTNAME Detachable Gen 1 Folio case -1 System Control as /devices/pci0000:00/0000:00:14.0/usb3/3-1/3-1:1.1/0003:17EF:60FE.003B/input/input166
[251797.408214] input: Darfon Thinkpad HOSTNAME Detachable Gen 1 Folio case -1 Consumer Control as /devices/pci0000:00/0000:00:14.0/usb3/3-1/3-1:1.1/0003:17EF:60FE.003B/input/input167
[251797.408380] input: Darfon Thinkpad HOSTNAME Detachable Gen 1 Folio case -1 Keyboard as /devices/pci0000:00/0000:00:14.0/usb3/3-1/3-1:1.1/0003:17EF:60FE.003B/input/input168
[251797.408517] input: Darfon Thinkpad HOSTNAME Detachable Gen 1 Folio case -1 Wireless Radio Control as /devices/pci0000:00/0000:00:14.0/usb3/3-1/3-1:1.1/0003:17EF:60FE.003B/input/input169
[251797.408642] input: Darfon Thinkpad HOSTNAME Detachable Gen 1 Folio case -1 as /devices/pci0000:00/0000:00:14.0/usb3/3-1/3-1:1.1/0003:17EF:60FE.003B/input/input170
[251797.408872] hid-generic 0003:17EF:60FE.003B: input,hiddev96,hidraw1: USB HID v1.10 Mouse [Darfon Thinkpad HOSTNAME Detachable Gen 1 Folio case -1] on usb-0000:00:14.0-1/input1
[251797.410305] hid-generic 0003:17EF:60FE.003C: hiddev97,hidraw3: USB HID v1.10 Device [Darfon Thinkpad HOSTNAME Detachable Gen 1 Folio case -1] on usb-0000:00:14.0-1/input2
[251797.414619] hid-multitouch 0003:17EF:60FE.003D: failed to fetch feature 7
[251797.414754] input: Darfon Thinkpad HOSTNAME Detachable Gen 1 Folio case -1 as /devices/pci0000:00/0000:00:14.0/usb3/3-1/3-1:1.3/0003:17EF:60FE.003D/input/input171
[251797.414956] input: Darfon Thinkpad HOSTNAME Detachable Gen 1 Folio case -1 as /devices/pci0000:00/0000:00:14.0/usb3/3-1/3-1:1.3/0003:17EF:60FE.003D/input/input172
[251797.415119] input: Darfon Thinkpad HOSTNAME Detachable Gen 1 Folio case -1 as /devices/pci0000:00/0000:00:14.0/usb3/3-1/3-1:1.3/0003:17EF:60FE.003D/input/input173
[251797.415353] hid-multitouch 0003:17EF:60FE.003D: input,hiddev98,hidraw4: USB HID v1.10 Mouse [Darfon Thinkpad HOSTNAME Detachable Gen 1 Folio case -1] on usb-0000:00:14.0-1/input3
[251802.780324] usb 3-3: USB disconnect, device number 56
[251802.914712] usb 3-1: USB disconnect, device number 57
[251809.578576] rfkill: input handler enabled
[251809.989155] audit: type=1701 audit(1662361632.961:547): auid=1000 uid=1000 gid=984 ses=4 pid=1022 comm="gnome-shell" exe="/usr/bin/gnome-shell" sig=6 res=1
[251809.994370] audit: type=1334 audit(1662361632.964:548): prog-id=158 op=LOAD
--
[252016.800317] usb 3-1: New USB device found, idVendor=17ef, idProduct=60fe, bcdDevice=33.37
[252016.800327] usb 3-1: New USB device strings: Mfr=1, Product=2, SerialNumber=0
[252016.800331] usb 3-1: Product: Thinkpad HOSTNAME Detachable Gen 1 Folio case -1
[252016.800334] usb 3-1: Manufacturer: Darfon
[252016.806247] input: Darfon Thinkpad HOSTNAME Detachable Gen 1 Folio case -1 as /devices/pci0000:00/0000:00:14.0/usb3/3-1/3-1:1.0/0003:17EF:60FE.003E/input/input178
[252016.861988] hid-generic 0003:17EF:60FE.003E: input,hidraw0: USB HID v1.10 Keyboard [Darfon Thinkpad HOSTNAME Detachable Gen 1 Folio case -1] on usb-0000:00:14.0-1/input0
[252016.864900] input: Darfon Thinkpad HOSTNAME Detachable Gen 1 Folio case -1 Mouse as /devices/pci0000:00/0000:00:14.0/usb3/3-1/3-1:1.1/0003:17EF:60FE.003F/input/input179
[252016.921857] input: Darfon Thinkpad HOSTNAME Detachable Gen 1 Folio case -1 System Control as /devices/pci0000:00/0000:00:14.0/usb3/3-1/3-1:1.1/0003:17EF:60FE.003F/input/input180
[252016.922139] input: Darfon Thinkpad HOSTNAME Detachable Gen 1 Folio case -1 Consumer Control as /devices/pci0000:00/0000:00:14.0/usb3/3-1/3-1:1.1/0003:17EF:60FE.003F/input/input181
[252016.922406] input: Darfon Thinkpad HOSTNAME Detachable Gen 1 Folio case -1 Keyboard as /devices/pci0000:00/0000:00:14.0/usb3/3-1/3-1:1.1/0003:17EF:60FE.003F/input/input182
[252016.922655] input: Darfon Thinkpad HOSTNAME Detachable Gen 1 Folio case -1 Wireless Radio Control as /devices/pci0000:00/0000:00:14.0/usb3/3-1/3-1:1.1/0003:17EF:60FE.003F/input/input183
[252016.922902] input: Darfon Thinkpad HOSTNAME Detachable Gen 1 Folio case -1 as /devices/pci0000:00/0000:00:14.0/usb3/3-1/3-1:1.1/0003:17EF:60FE.003F/input/input184
[252016.923297] hid-generic 0003:17EF:60FE.003F: input,hiddev96,hidraw1: USB HID v1.10 Mouse [Darfon Thinkpad HOSTNAME Detachable Gen 1 Folio case -1] on usb-0000:00:14.0-1/input1
[252016.924457] hid-generic 0003:17EF:60FE.0040: hiddev97,hidraw3: USB HID v1.10 Device [Darfon Thinkpad HOSTNAME Detachable Gen 1 Folio case -1] on usb-0000:00:14.0-1/input2
[252016.929013] hid-multitouch 0003:17EF:60FE.0041: failed to fetch feature 7
[252016.929130] input: Darfon Thinkpad HOSTNAME Detachable Gen 1 Folio case -1 as /devices/pci0000:00/0000:00:14.0/usb3/3-1/3-1:1.3/0003:17EF:60FE.0041/input/input185
[252016.929473] input: Darfon Thinkpad HOSTNAME Detachable Gen 1 Folio case -1 as /devices/pci0000:00/0000:00:14.0/usb3/3-1/3-1:1.3/0003:17EF:60FE.0041/input/input186
[252016.929779] input: Darfon Thinkpad HOSTNAME Detachable Gen 1 Folio case -1 as /devices/pci0000:00/0000:00:14.0/usb3/3-1/3-1:1.3/0003:17EF:60FE.0041/input/input187
[252016.930104] hid-multitouch 0003:17EF:60FE.0041: input,hiddev98,hidraw4: USB HID v1.10 Mouse [Darfon Thinkpad HOSTNAME Detachable Gen 1 Folio case -1] on usb-0000:00:14.0-1/input3
[252086.732833] usb 3-1: USB disconnect, device number 59
[252087.572593] usb 3-3: USB disconnect, device number 58
[252378.386185] audit: type=1334 audit(1662362201.348:605): prog-id=167 op=LOAD
[252378.386256] audit: type=1334 audit(1662362201.348:606): prog-id=168 op=LOAD
[252378.386277] audit: type=1334 audit(1662362201.348:607): prog-id=169 op=LOAD
--
[253976.806996] audit: type=1334 audit(1662363799.718:675): prog-id=0 op=UNLOAD
[253976.807000] audit: type=1334 audit(1662363799.718:676): prog-id=0 op=UNLOAD
[254044.978164] audit: type=1334 audit(1662363867.886:677): prog-id=194 op=LOAD
[254044.978168] audit: type=1334 audit(1662363867.886:678): prog-id=195 op=LOAD
[254044.978170] audit: type=1334 audit(1662363867.886:679): prog-id=196 op=LOAD
[254045.002179] audit: type=1130 audit(1662363867.909:680): pid=1 uid=0 auid=4294967295 ses=4294967295 msg='unit=systemd-hostnamed comm="systemd" exe="/usr/lib/systemd/systemd" hostname=? addr=? terminal=? res=success'
[254103.050775] audit: type=1131 audit(1662363925.956:681): pid=1 uid=0 auid=4294967295 ses=4294967295 msg='unit=systemd-hostnamed comm="systemd" exe="/usr/lib/systemd/systemd" hostname=? addr=? terminal=? res=success'
[254103.136062] audit: type=1334 audit(1662363926.043:682): prog-id=0 op=UNLOAD
[254103.136073] audit: type=1334 audit(1662363926.043:683): prog-id=0 op=UNLOAD
[254103.136077] audit: type=1334 audit(1662363926.043:684): prog-id=0 op=UNLOAD
[254211.322056] audit: type=1334 audit(1662364034.216:685): prog-id=197 op=LOAD
--
[256620.444569] usb 3-1: New USB device found, idVendor=17ef, idProduct=60fe, bcdDevice=33.37
[256620.444579] usb 3-1: New USB device strings: Mfr=1, Product=2, SerialNumber=0
[256620.444583] usb 3-1: Product: Thinkpad HOSTNAME Detachable Gen 1 Folio case -1
[256620.444586] usb 3-1: Manufacturer: Darfon
[256620.450372] input: Darfon Thinkpad HOSTNAME Detachable Gen 1 Folio case -1 as /devices/pci0000:00/0000:00:14.0/usb3/3-1/3-1:1.0/0003:17EF:60FE.0042/input/input192
[256620.506239] hid-generic 0003:17EF:60FE.0042: input,hidraw0: USB HID v1.10 Keyboard [Darfon Thinkpad HOSTNAME Detachable Gen 1 Folio case -1] on usb-0000:00:14.0-1/input0
[256620.509009] input: Darfon Thinkpad HOSTNAME Detachable Gen 1 Folio case -1 Mouse as /devices/pci0000:00/0000:00:14.0/usb3/3-1/3-1:1.1/0003:17EF:60FE.0043/input/input193
[256620.509474] input: Darfon Thinkpad HOSTNAME Detachable Gen 1 Folio case -1 System Control as /devices/pci0000:00/0000:00:14.0/usb3/3-1/3-1:1.1/0003:17EF:60FE.0043/input/input194
[256620.566137] input: Darfon Thinkpad HOSTNAME Detachable Gen 1 Folio case -1 Consumer Control as /devices/pci0000:00/0000:00:14.0/usb3/3-1/3-1:1.1/0003:17EF:60FE.0043/input/input195
[256620.566411] input: Darfon Thinkpad HOSTNAME Detachable Gen 1 Folio case -1 Keyboard as /devices/pci0000:00/0000:00:14.0/usb3/3-1/3-1:1.1/0003:17EF:60FE.0043/input/input196
[256620.566682] input: Darfon Thinkpad HOSTNAME Detachable Gen 1 Folio case -1 Wireless Radio Control as /devices/pci0000:00/0000:00:14.0/usb3/3-1/3-1:1.1/0003:17EF:60FE.0043/input/input197
[256620.566893] input: Darfon Thinkpad HOSTNAME Detachable Gen 1 Folio case -1 as /devices/pci0000:00/0000:00:14.0/usb3/3-1/3-1:1.1/0003:17EF:60FE.0043/input/input198
[256620.567293] hid-generic 0003:17EF:60FE.0043: input,hiddev96,hidraw1: USB HID v1.10 Mouse [Darfon Thinkpad HOSTNAME Detachable Gen 1 Folio case -1] on usb-0000:00:14.0-1/input1
[256620.568468] hid-generic 0003:17EF:60FE.0044: hiddev97,hidraw3: USB HID v1.10 Device [Darfon Thinkpad HOSTNAME Detachable Gen 1 Folio case -1] on usb-0000:00:14.0-1/input2
[256620.572759] hid-multitouch 0003:17EF:60FE.0045: failed to fetch feature 7
[256620.572871] input: Darfon Thinkpad HOSTNAME Detachable Gen 1 Folio case -1 as /devices/pci0000:00/0000:00:14.0/usb3/3-1/3-1:1.3/0003:17EF:60FE.0045/input/input199
[256620.573169] input: Darfon Thinkpad HOSTNAME Detachable Gen 1 Folio case -1 as /devices/pci0000:00/0000:00:14.0/usb3/3-1/3-1:1.3/0003:17EF:60FE.0045/input/input200
[256620.573423] input: Darfon Thinkpad HOSTNAME Detachable Gen 1 Folio case -1 as /devices/pci0000:00/0000:00:14.0/usb3/3-1/3-1:1.3/0003:17EF:60FE.0045/input/input201
[256620.573671] hid-multitouch 0003:17EF:60FE.0045: input,hiddev98,hidraw4: USB HID v1.10 Mouse [Darfon Thinkpad HOSTNAME Detachable Gen 1 Folio case -1] on usb-0000:00:14.0-1/input3
[257209.069766] audit: type=1100 audit(1662367031.585:702): pid=31232 uid=1000 auid=1000 ses=10 msg='op=PAM:authentication grantors=pam_faillock,pam_permit,pam_faillock acct="moritz" exe="/usr/bin/sudo" hostname=? addr=? terminal=/dev/pts/0 res=success'
[257209.069866] audit: type=1101 audit(1662367031.585:703): pid=31232 uid=1000 auid=1000 ses=10 msg='op=PAM:accounting grantors=pam_unix,pam_permit,pam_time acct="moritz" exe="/usr/bin/sudo" hostname=? addr=? terminal=/dev/pts/0 res=success'
[257209.070635] audit: type=1110 audit(1662367031.585:704): pid=31232 uid=1000 auid=1000 ses=10 msg='op=PAM:setcred grantors=pam_faillock,pam_permit,pam_faillock acct="USERNAME" exe="/usr/bin/sudo" hostname=? addr=? terminal=/dev/pts/0 res=success'
[257209.070717] audit: type=1105 audit(1662367031.585:705): pid=31232 uid=1000 auid=1000 ses=10 msg='op=PAM:session_open grantors=pam_systemd_home,pam_limits,pam_unix,pam_permit acct="USERNAME" exe="/usr/bin/sudo" hostname=? addr=? terminal=/dev/pts/0 res=success'
[257210.496959] audit: type=1334 audit(1662367033.012:706): prog-id=200 op=LOAD
