usb 2-5: new full-speed USB device number 3 using xhci_hcd
usb 2-5: device descriptor read/64, error -71
tsc: Refined TSC clocksource calibration: 1496.536 MHz
clocksource: tsc: mask: 0xffffffffffffffff max_cycles: 0x15925a4535c, max_idle_ns: 440795202126 ns
clocksource: Switched to clocksource tsc
usb 2-5: New USB device found, idVendor=056a, idProduct=4004, bcdDevice=10.65
usb 2-5: New USB device strings: Mfr=1, Product=2, SerialNumber=5
usb 2-5: Product: MultiTouch Sensor  
usb 2-5: Manufacturer: Wacom Co.,Ltd.      
usb 2-5: SerialNumber:         
usb 2-5: can't set config #1, error -71
usb 2-6: new full-speed USB device number 4 using xhci_hcd
usb 2-6: New USB device found, idVendor=056a, idProduct=00ec, bcdDevice=31.08
usb 2-6: New USB device strings: Mfr=1, Product=2, SerialNumber=0
usb 2-6: Product: ISD-V4
usb 2-6: Manufacturer: Tablet
input: Tablet ISD-V4 Mouse as /devices/pci0000:00/0000:00:14.0/usb2/2-6/2-6:1.0/0003:056A:00EC.0001/input/input5
input: Tablet ISD-V4 as /devices/pci0000:00/0000:00:14.0/usb2/2-6/2-6:1.0/0003:056A:00EC.0001/input/input6
input: Tablet ISD-V4 as /devices/pci0000:00/0000:00:14.0/usb2/2-6/2-6:1.0/0003:056A:00EC.0001/input/input7
hid-generic 0003:056A:00EC.0001: input,hiddev96,hidraw0: USB HID v1.10 Mouse [Tablet ISD-V4] on usb-0000:00:14.0-6/input0
usb 2-7: new full-speed USB device number 5 using xhci_hcd
usb 2-7: New USB device found, idVendor=8087, idProduct=07dc, bcdDevice= 0.01
usb 2-7: New USB device strings: Mfr=0, Product=0, SerialNumber=0
usb 2-8: new high-speed USB device number 6 using xhci_hcd
usb 2-8: New USB device found, idVendor=05e3, idProduct=0610, bcdDevice=32.98
--
usb 2-8: Product: USB2.0 Hub
hub 2-8:1.0: USB hub found
hub 2-8:1.0: 4 ports detected
usb 2-5: USB disconnect, device number 3
usb 2-5: new full-speed USB device number 7 using xhci_hcd
usb 2-5: New USB device found, idVendor=056a, idProduct=4004, bcdDevice=10.65
usb 2-5: New USB device strings: Mfr=1, Product=2, SerialNumber=5
usb 2-5: Product: MultiTouch Sensor  
usb 2-5: Manufacturer: Wacom Co.,Ltd.      
usb 2-5: SerialNumber:         
usb 2-8.2: new high-speed USB device number 8 using xhci_hcd
usb 2-8.2: New USB device found, idVendor=05e3, idProduct=0610, bcdDevice=32.98
usb 2-8.2: New USB device strings: Mfr=0, Product=1, SerialNumber=0
usb 2-8.2: Product: USB2.0 Hub
--
usb 2-8.3: New USB device found, idVendor=0483, idProduct=91d1, bcdDevice= 0.30
usb 2-8.3: New USB device strings: Mfr=1, Product=2, SerialNumber=3
usb 2-8.3: Product: ST_SENSOR_HUB
usb 2-8.3: Manufacturer: STMicroelectronics
usb 2-8.3: SerialNumber: ST_SENSOR_HUB
hid-generic 0003:0483:91D1.0002: hiddev97,hidraw1: USB HID v1.10 Device [STMicroelectronics ST_SENSOR_HUB] on usb-0000:00:14.0-8.3/input0
usb 2-5: new full-speed USB device number 10 using xhci_hcd
usb 2-5: New USB device found, idVendor=056a, idProduct=4004, bcdDevice=10.65
usb 2-5: New USB device strings: Mfr=1, Product=2, SerialNumber=5
usb 2-5: Product: MultiTouch Sensor  
usb 2-5: Manufacturer: Wacom Co.,Ltd.      
usb 2-5: SerialNumber:         
input: Wacom Co.,Ltd.       MultiTouch Sensor   Touchscreen as /devices/pci0000:00/0000:00:14.0/usb2/2-5/2-5:1.0/0003:056A:4004.0003/input/input8
hid-generic 0003:056A:4004.0003: input,hiddev98,hidraw2: USB HID v1.11 Device [Wacom Co.,Ltd.       MultiTouch Sensor  ] on usb-0000:00:14.0-5/input0
usb 2-8.2.2: new full-speed USB device number 11 using xhci_hcd
usb 2-8.2.2: New USB device found, idVendor=138a, idProduct=0050, bcdDevice= 0.60
usb 2-8.2.2: New USB device strings: Mfr=0, Product=0, SerialNumber=1
usb 2-8.2.2: SerialNumber: e21342216e27
EXT4-fs (loop3): mounting ext2 file system using the ext4 subsystem
--
tpm_inf_pnp 00:07: Found TPM with ID IFX0102
ahci 0000:00:1f.2: port does not support device sleep
battery: [Firmware Bug]: battery: (dis)charge rate invalid.
battery: ACPI: Deprecated procfs I/F for battery is loaded, please retry with CONFIG_ACPI_PROCFS_POWER cleared
battery: ACPI: Battery Slot [BAT1] (battery present)
input: Wacom ISDv4 EC Pen as /devices/pci0000:00/0000:00:14.0/usb2/2-6/2-6:1.0/0003:056A:00EC.0001/input/input10
wacom 0003:056A:00EC.0001: hidraw0: USB HID v1.10 Mouse [Tablet ISD-V4] on usb-0000:00:14.0-6/input0
pps_core: LinuxPPS API ver. 1 registered
pps_core: Software ver. 5.3.6 - Copyright 2005-2007 Rodolfo Giometti <giometti@linux.it>
PTP clock support registered
e1000e: Intel(R) PRO/1000 Network Driver - 3.2.6-k
e1000e: Copyright(c) 1999 - 2015 Intel Corporation.
e1000e 0000:00:19.0: Interrupt Throttling Rate (ints/sec) set to dynamic conservative mode
input: Wacom ISDv4 4004 Finger as /devices/pci0000:00/0000:00:14.0/usb2/2-5/2-5:1.0/0003:056A:4004.0003/input/input14
checking generic (a0000000 130000) vs hw (a0000000 10000000)
fb0: switching to inteldrmfb from EFI VGA
Console: switching to colour dummy device 80x25
wacom 0003:056A:4004.0003: hidraw1: USB HID v1.11 Device [Wacom Co.,Ltd.       MultiTouch Sensor  ] on usb-0000:00:14.0-5/input0
udevd[1078]: Error running install command for wacom
i915 0000:00:02.0: vgaarb: deactivate vga console
[drm] Supports vblank timestamp caching Rev 2 (21.10.2013).
[drm] Driver supports precise vblank timestamp query.
i915 0000:00:02.0: vgaarb: changed VGA decodes: olddecodes=io+mem,decodes=io+mem:owns=io+mem
udevd[2256]: '/bin/sh -c 'echo add_0000:00:1b.0_pci_0x8086_0x9c20_pci:v00008086d00009C20sv000014C0sd0000007Abc04sc03i00 >> /tmp/udevtrace.log'' [2953] terminated by signal 1 (Hangup)
udevd[1078]: '/bin/sh -c 'echo add_0003:056A:4004.0003_hid___hid:b0003g0101v0000056Ap00004004 >> /tmp/udevtrace.log'' [2937] terminated by signal 1 (Hangup)
[drm] Initialized i915 1.6.0 20190417 for 0000:00:02.0 on minor 0
snd_hda_codec_realtek hdaudioC0D0: autoconfig for ALC286: line_outs=1 (0x14/0x0/0x0/0x0/0x0) type:speaker
snd_hda_codec_realtek hdaudioC0D0:    speaker_outs=0 (0x0/0x0/0x0/0x0/0x0)
snd_hda_codec_realtek hdaudioC0D0:    hp_outs=1 (0x21/0x0/0x0/0x0/0x0)
snd_hda_codec_realtek hdaudioC0D0:    mono: mono_out=0x0
