[    0.012727] ACPI: FACS 0x00000000DC46BF80 000040
[    0.012732] ACPI: APIC 0x00000000DB78FF40 000084 (v03 _ASUS_ Notebook 01072009 AMI  00010013)
[    0.012736] ACPI: FPDT 0x00000000DB78FFC8 000044 (v01 _ASUS_ Notebook 01072009 AMI  00010013)
[    0.012741] ACPI: FIDT 0x00000000DB790010 00009C (v01 _ASUS_ Notebook 01072009 AMI  00010013)
[    0.012745] ACPI: ECDT 0x00000000DB7900B0 0000C1 (v01 _ASUS_ Notebook 01072009 AMI. 00000005)
[    0.012750] ACPI: MCFG 0x00000000DB790178 00003C (v01 _ASUS_ Notebook 01072009 MSFT 00000097)
[    0.012755] ACPI: HPET 0x00000000DB7901B8 000038 (v01 _ASUS_ Notebook 01072009 AMI. 00000005)
[    0.012759] ACPI: SSDT 0x00000000DB7901F0 000315 (v01 SataRe SataTabl 00001000 INTL 20120913)
[    0.012764] ACPI: UEFI 0x00000000DB790508 000042 (v01                 00000000      00000000)
[    0.012769] ACPI: SSDT 0x00000000DB790550 000194 (v01 Intel  zpodd    00001000 INTL 20120913)
[    0.012774] ACPI: SSDT 0x00000000DB7906E8 000C7D (v02 Ther_R Ther_Rvp 00001000 INTL 20120913)
--
[    1.366919] usb 1-2: new high-speed USB device number 3 using xhci_hcd
[    1.493211] usb 1-2: New USB device found, idVendor=0bda, idProduct=1a2b, bcdDevice= 2.00
[    1.493218] usb 1-2: New USB device strings: Mfr=1, Product=2, SerialNumber=0
[    1.493221] usb 1-2: Product: DISK
[    1.493223] usb 1-2: Manufacturer: Realtek
[    1.500601] psmouse serio1: elantech: assuming hardware version 4 (with firmware version 0x381f00)
[    1.514158] psmouse serio1: elantech: Synaptics capabilities query result 0x10, 0x14, 0x0e.
[    1.528191] psmouse serio1: elantech: Elan sample query result 00, 23, 64
[    1.599079] input: ETPS/2 Elantech Touchpad as /devices/platform/i8042/serio1/input/input5
[    1.602298] clk: Disabling unused clocks
[    1.602303] PM: genpd: Disabling unused power domains
[    1.604565] Freeing unused decrypted memory: 2028K
[    1.606655] Freeing unused kernel image (initmem) memory: 4720K
[    1.606875] Write protecting the kernel read-only data: 36864k
[    1.608365] Freeing unused kernel image (rodata/data gap) memory: 1092K
[    1.608910] usb 1-3: new full-speed USB device number 4 using xhci_hcd
[    1.728512] x86/mm: Checked W+X mappings: passed, no W+X pages found.
[    1.728515] x86/mm: Checking user space page tables
[    1.737763] usb 1-3: New USB device found, idVendor=28bd, idProduct=0932, bcdDevice= 0.00
[    1.737770] usb 1-3: New USB device strings: Mfr=1, Product=2, SerialNumber=3
[    1.737772] usb 1-3: Product: 10 inch PenTablet
[    1.737775] usb 1-3: Manufacturer: UGTABLET
[    1.737776] usb 1-3: SerialNumber: 000000
[    1.741122] input: UGTABLET 10 inch PenTablet Mouse as /devices/pci0000:00/0000:00:14.0/usb1/1-3/1-3:1.0/0003:28BD:0932.0001/input/input6
[    1.741255] input: UGTABLET 10 inch PenTablet Keyboard as /devices/pci0000:00/0000:00:14.0/usb1/1-3/1-3:1.0/0003:28BD:0932.0001/input/input7
[    1.792996] hid-generic 0003:28BD:0932.0001: input,hidraw0: USB HID v1.00 Mouse [UGTABLET 10 inch PenTablet] on usb-0000:00:14.0-3/input0
[    1.794824] input: UGTABLET 10 inch PenTablet as /devices/pci0000:00/0000:00:14.0/usb1/1-3/1-3:1.1/0003:28BD:0932.0002/input/input8
[    1.794974] hid-generic 0003:28BD:0932.0002: input,hidraw1: USB HID v1.00 Device [UGTABLET 10 inch PenTablet] on usb-0000:00:14.0-3/input1
[    1.796330] hid-generic 0003:28BD:0932.0003: hiddev96,hidraw2: USB HID v1.00 Device [UGTABLET 10 inch PenTablet] on usb-0000:00:14.0-3/input2
[    1.800542] x86/mm: Checked W+X mappings: passed, no W+X pages found.
[    1.800550] Run /init as init process
[    1.800552]   with arguments:
[    1.800554]     /init
[    1.800555]     rhgb
--
[    2.188184] systemd[1]: Starting dracut-pre-udev.service - dracut pre-udev hook...
[    2.219557] systemd[1]: Finished dracut-pre-udev.service - dracut pre-udev hook.
[    2.237180] systemd[1]: Starting systemd-udevd.service - Rule-based Manager for Device Events and Files...
[    2.273147] systemd[1]: Started systemd-udevd.service - Rule-based Manager for Device Events and Files.
[    2.273404] systemd[1]: dracut-pre-trigger.service - dracut pre-trigger hook was skipped because no trigger condition checks were met.
[    2.282179] systemd[1]: Starting systemd-udev-trigger.service - Coldplug All udev Devices...
[    2.300157] usb 1-2: New USB device found, idVendor=0bda, idProduct=1a2b, bcdDevice= 2.00
[    2.300165] usb 1-2: New USB device strings: Mfr=1, Product=2, SerialNumber=0
[    2.300167] usb 1-2: Product: DISK
[    2.300169] usb 1-2: Manufacturer: Realtek
[    2.320192] usb-storage 1-2:1.0: USB Mass Storage device detected
