[  1013.748] (--) Log file renamed from "/home/robhicks/.local/share/xorg/Xorg.pid-4189.log" to "/home/robhicks/.local/share/xorg/Xorg.0.log"
[  1013.749] 
X.Org X Server 1.19.6
Release Date: 2017-12-20
[  1013.749] X Protocol Version 11, Revision 0
[  1013.749] Build Operating System:  4.15.3-300.fc27.x86_64 
[  1013.749] Current Operating System: Linux localhost.localdomain 4.15.15-300.fc27.x86_64 #1 SMP Mon Apr 2 23:14:02 UTC 2018 x86_64
[  1013.749] Kernel command line: BOOT_IMAGE=/vmlinuz-4.15.15-300.fc27.x86_64 root=/dev/mapper/fedora-root ro rd.lvm.lv=fedora/root rd.lvm.lv=fedora/swap rhgb quiet resume=/dev/mapper/fedora-swap psmouse.synaptics_intertouch=1 acpi.ec_no_wakeup=1 LANG=en_US.UTF-8
[  1013.749] Build Date: 05 April 2018  06:54:36PM
[  1013.749] Build ID: xorg-x11-server 1.19.6-6.fc27 
[  1013.749] Current version of pixman: 0.34.0
[  1013.749] 	Before reporting problems, check http://wiki.x.org
	to make sure that you have the latest version.
[  1013.749] Markers: (--) probed, (**) from config file, (==) default setting,
	(++) from command line, (!!) notice, (II) informational,
	(WW) warning, (EE) error, (NI) not implemented, (??) unknown.
[  1013.750] (==) Log file: "/home/robhicks/.local/share/xorg/Xorg.0.log", Time: Fri Apr 13 21:52:59 2018
[  1013.750] (==) Using config directory: "/etc/X11/xorg.conf.d"
[  1013.750] (==) Using system config directory "/usr/share/X11/xorg.conf.d"
[  1013.751] (==) No Layout section.  Using the first Screen section.
[  1013.751] (==) No screen section available. Using defaults.
[  1013.751] (**) |-->Screen "Default Screen Section" (0)
[  1013.751] (**) |   |-->Monitor "<default monitor>"
[  1013.752] (==) No monitor specified for screen "Default Screen Section".
	Using a default monitor configuration.
[  1013.752] (==) Automatically adding devices
[  1013.752] (==) Automatically enabling devices
[  1013.752] (==) Automatically adding GPU devices
[  1013.752] (==) Automatically binding GPU devices
[  1013.752] (==) Max clients allowed: 256, resource mask: 0x1fffff
[  1013.752] (==) FontPath set to:
	catalogue:/etc/X11/fontpath.d,
	built-ins
[  1013.752] (==) ModulePath set to "/usr/lib64/xorg/modules"
[  1013.752] (II) The server relies on udev to provide the list of input devices.
	If no devices become available, reconfigure udev or disable AutoAddDevices.
[  1013.752] (II) Loader magic: 0x825e00
[  1013.752] (II) Module ABI versions:
[  1013.752] 	X.Org ANSI C Emulation: 0.4
[  1013.752] 	X.Org Video Driver: 23.0
[  1013.752] 	X.Org XInput driver : 24.1
[  1013.752] 	X.Org Server Extension : 10.0
[  1013.754] (++) using VT number 2

[  1013.757] (II) systemd-logind: took control of session /org/freedesktop/login1/session/_34
[  1013.758] (II) xfree86: Adding drm device (/dev/dri/card0)
[  1013.759] (II) systemd-logind: got fd for /dev/dri/card0 226:0 fd 12 paused 0
[  1013.763] (--) PCI:*(0:0:2:0) 8086:5917:17aa:2259 rev 7, Mem @ 0x2ffa000000/16777216, 0x2fa0000000/268435456, I/O @ 0x0000e000/64, BIOS @ 0x????????/65536
[  1013.763] (II) LoadModule: "glx"
[  1013.764] (II) Loading /usr/lib64/xorg/modules/extensions/libglx.so
[  1013.766] (II) Module glx: vendor="X.Org Foundation"
[  1013.766] 	compiled for 1.19.6, module version = 1.0.0
[  1013.766] 	ABI class: X.Org Server Extension, version 10.0
[  1013.767] (==) Matched modesetting as autoconfigured driver 0
[  1013.767] (==) Matched fbdev as autoconfigured driver 1
[  1013.767] (==) Matched vesa as autoconfigured driver 2
[  1013.767] (==) Assigned the driver to the xf86ConfigLayout
[  1013.767] (II) LoadModule: "modesetting"
[  1013.767] (II) Loading /usr/lib64/xorg/modules/drivers/modesetting_drv.so
[  1013.767] (II) Module modesetting: vendor="X.Org Foundation"
[  1013.767] 	compiled for 1.19.6, module version = 1.19.6
[  1013.767] 	Module class: X.Org Video Driver
[  1013.767] 	ABI class: X.Org Video Driver, version 23.0
[  1013.767] (II) LoadModule: "fbdev"
[  1013.767] (II) Loading /usr/lib64/xorg/modules/drivers/fbdev_drv.so
[  1013.768] (II) Module fbdev: vendor="X.Org Foundation"
[  1013.768] 	compiled for 1.19.3, module version = 0.4.3
[  1013.768] 	Module class: X.Org Video Driver
[  1013.768] 	ABI class: X.Org Video Driver, version 23.0
[  1013.768] (II) LoadModule: "vesa"
[  1013.768] (II) Loading /usr/lib64/xorg/modules/drivers/vesa_drv.so
[  1013.768] (II) Module vesa: vendor="X.Org Foundation"
[  1013.768] 	compiled for 1.19.3, module version = 2.3.2
[  1013.768] 	Module class: X.Org Video Driver
[  1013.768] 	ABI class: X.Org Video Driver, version 23.0
[  1013.768] (II) modesetting: Driver for Modesetting Kernel Drivers: kms
[  1013.768] (II) FBDEV: driver for framebuffer: fbdev
[  1013.768] (II) VESA: driver for VESA chipsets: vesa
[  1013.768] xf86EnableIOPorts: failed to set IOPL for I/O (Operation not permitted)
[  1013.768] (II) modeset(0): using drv /dev/dri/card0
[  1013.768] (WW) Falling back to old probe method for fbdev
[  1013.768] (II) Loading sub module "fbdevhw"
[  1013.768] (II) LoadModule: "fbdevhw"
[  1013.768] (II) Loading /usr/lib64/xorg/modules/libfbdevhw.so
[  1013.769] (II) Module fbdevhw: vendor="X.Org Foundation"
[  1013.769] 	compiled for 1.19.6, module version = 0.0.2
[  1013.769] 	ABI class: X.Org Video Driver, version 23.0
[  1013.769] (EE) open /dev/fb0: Permission denied
[  1013.769] (WW) Falling back to old probe method for vesa
[  1013.769] (WW) VGA arbiter: cannot open kernel arbiter, no multi-card support
[  1013.769] (II) modeset(0): Creating default Display subsection in Screen section
	"Default Screen Section" for depth/fbbpp 24/32
[  1013.769] (==) modeset(0): Depth 24, (==) framebuffer bpp 32
[  1013.769] (==) modeset(0): RGB weight 888
[  1013.769] (==) modeset(0): Default visual is TrueColor
[  1013.769] (II) Loading sub module "glamoregl"
[  1013.769] (II) LoadModule: "glamoregl"
[  1013.769] (II) Loading /usr/lib64/xorg/modules/libglamoregl.so
[  1013.770] (II) Module glamoregl: vendor="X.Org Foundation"
[  1013.770] 	compiled for 1.19.6, module version = 1.0.0
[  1013.770] 	ABI class: X.Org ANSI C Emulation, version 0.4
[  1013.770] (II) glamor: OpenGL accelerated X.org driver based.
[  1013.779] (II) glamor: EGL version 1.4 (DRI2):
[  1013.795] (II) modeset(0): glamor initialized
[  1013.797] (II) modeset(0): Output eDP-1 has no monitor section
[  1013.797] (II) modeset(0): Output DP-1 has no monitor section
[  1013.808] (II) modeset(0): Output HDMI-1 has no monitor section
[  1013.808] (II) modeset(0): Output DP-2 has no monitor section
[  1013.922] (II) modeset(0): Output HDMI-2 has no monitor section
[  1013.923] (II) modeset(0): EDID for output eDP-1
[  1013.923] (II) modeset(0): Manufacturer: AUO  Model: 2236  Serial#: 0
[  1013.923] (II) modeset(0): Year: 2017  Week: 0
[  1013.923] (II) modeset(0): EDID Version: 1.4
[  1013.923] (II) modeset(0): Digital Display Input
[  1013.923] (II) modeset(0): 8 bits per channel
[  1013.923] (II) modeset(0): Digital interface is DisplayPort
[  1013.923] (II) modeset(0): Max Image Size [cm]: horiz.: 31  vert.: 17
[  1013.923] (II) modeset(0): Gamma: 2.20
[  1013.923] (II) modeset(0): No DPMS capabilities specified
[  1013.923] (II) modeset(0): Supported color encodings: RGB 4:4:4 
[  1013.923] (II) modeset(0): First detailed timing is preferred mode
[  1013.923] (II) modeset(0): Preferred mode is native pixel format and refresh rate
[  1013.923] (II) modeset(0): redX: 0.644 redY: 0.331   greenX: 0.302 greenY: 0.609
[  1013.923] (II) modeset(0): blueX: 0.155 blueY: 0.062   whiteX: 0.313 whiteY: 0.329
[  1013.923] (II) modeset(0): Manufacturer's mask: 0
[  1013.923] (II) modeset(0): Supported detailed timing:
[  1013.923] (II) modeset(0): clock: 245.5 MHz   Image Size:  309 x 174 mm
[  1013.923] (II) modeset(0): h_active: 2560  h_sync: 2608  h_sync_end 2640 h_blank_end 2720 h_border: 0
[  1013.923] (II) modeset(0): v_active: 1440  v_sync: 1443  v_sync_end 1448 v_blanking: 1504 v_border: 0
[  1013.923] (II) modeset(0): Unknown vendor-specific block f
[  1013.923] (II) modeset(0):  AUO
[  1013.923] (II) modeset(0):  B140QAN02.2
[  1013.923] (II) modeset(0): EDID (in hex):
[  1013.923] (II) modeset(0): 	00ffffffffffff0006af362200000000
[  1013.923] (II) modeset(0): 	001b0104a51f117802f4f5a4544d9c27
[  1013.923] (II) modeset(0): 	0f505400000001010101010101010101
[  1013.923] (II) modeset(0): 	010101010101e65f00a0a0a040503020
[  1013.924] (II) modeset(0): 	350035ae100000180000000f00000000
[  1013.924] (II) modeset(0): 	00000000000000000020000000fe0041
[  1013.924] (II) modeset(0): 	554f0a202020202020202020000000fe
[  1013.924] (II) modeset(0): 	004231343051414e30322e32200a00b4
[  1013.924] (II) modeset(0): Printing probed modes for output eDP-1
[  1013.924] (II) modeset(0): Modeline "2560x1440"x60.0  245.50  2560 2608 2640 2720  1440 1443 1448 1504 -hsync -vsync (90.3 kHz eP)
[  1013.924] (II) modeset(0): Modeline "2560x1440"x120.0  638.25  2560 2780 3064 3568  1440 1441 1444 1491 doublescan -hsync +vsync (178.9 kHz d)
[  1013.924] (II) modeset(0): Modeline "2560x1440"x120.0  469.12  2560 2584 2600 2640  1440 1441 1444 1481 doublescan +hsync -vsync (177.7 kHz d)
[  1013.924] (II) modeset(0): Modeline "2560x1440"x60.0  312.25  2560 2752 3024 3488  1440 1443 1448 1493 -hsync +vsync (89.5 kHz d)
[  1013.924] (II) modeset(0): Modeline "2560x1440"x60.0  241.50  2560 2608 2640 2720  1440 1443 1448 1481 +hsync -vsync (88.8 kHz d)
[  1013.924] (II) modeset(0): Modeline "1920x1440"x60.0  234.00  1920 2048 2256 2600  1440 1441 1444 1500 -hsync +vsync (90.0 kHz d)
[  1013.924] (II) modeset(0): Modeline "1856x1392"x60.0  218.30  1856 1952 2176 2528  1392 1393 1396 1439 -hsync +vsync (86.4 kHz d)
[  1013.924] (II) modeset(0): Modeline "1792x1344"x60.0  204.80  1792 1920 2120 2448  1344 1345 1348 1394 -hsync +vsync (83.7 kHz d)
[  1013.924] (II) modeset(0): Modeline "2048x1152"x120.0  406.50  2048 2220 2444 2840  1152 1153 1156 1193 doublescan -hsync +vsync (143.1 kHz d)
[  1013.924] (II) modeset(0): Modeline "2048x1152"x120.0  302.50  2048 2072 2088 2128  1152 1153 1156 1185 doublescan +hsync -vsync (142.2 kHz d)
[  1013.924] (II) modeset(0): Modeline "2048x1152"x59.9  197.00  2048 2184 2400 2752  1152 1155 1160 1195 -hsync +vsync (71.6 kHz d)
[  1013.924] (II) modeset(0): Modeline "2048x1152"x59.9  156.75  2048 2096 2128 2208  1152 1155 1160 1185 +hsync -vsync (71.0 kHz d)
[  1013.924] (II) modeset(0): Modeline "1920x1200"x59.9  193.25  1920 2056 2256 2592  1200 1203 1209 1245 -hsync +vsync (74.6 kHz d)
[  1013.924] (II) modeset(0): Modeline "1920x1200"x60.0  154.00  1920 1968 2000 2080  1200 1203 1209 1235 +hsync -vsync (74.0 kHz d)
[  1013.924] (II) modeset(0): Modeline "1920x1080"x120.0  356.38  1920 2080 2288 2656  1080 1081 1084 1118 doublescan -hsync +vsync (134.2 kHz d)
[  1013.924] (II) modeset(0): Modeline "1920x1080"x119.9  266.50  1920 1944 1960 2000  1080 1081 1084 1111 doublescan +hsync -vsync (133.2 kHz d)
[  1013.924] (II) modeset(0): Modeline "1920x1080"x60.0  173.00  1920 2048 2248 2576  1080 1083 1088 1120 -hsync +vsync (67.2 kHz d)
[  1013.924] (II) modeset(0): Modeline "1920x1080"x59.9  138.50  1920 1968 2000 2080  1080 1083 1088 1111 +hsync -vsync (66.6 kHz d)
[  1013.924] (II) modeset(0): Modeline "1600x1200"x60.0  162.00  1600 1664 1856 2160  1200 1201 1204 1250 +hsync +vsync (75.0 kHz d)
[  1013.924] (II) modeset(0): Modeline "1680x1050"x60.0  146.25  1680 1784 1960 2240  1050 1053 1059 1089 -hsync +vsync (65.3 kHz d)
[  1013.924] (II) modeset(0): Modeline "1680x1050"x59.9  119.00  1680 1728 1760 1840  1050 1053 1059 1080 +hsync -vsync (64.7 kHz d)
[  1013.924] (II) modeset(0): Modeline "1400x1050"x60.0  122.00  1400 1488 1640 1880  1050 1052 1064 1082 +hsync +vsync (64.9 kHz d)
[  1013.924] (II) modeset(0): Modeline "1600x900"x120.0  246.00  1600 1728 1900 2200  900 901 904 932 doublescan -hsync +vsync (111.8 kHz d)
[  1013.924] (II) modeset(0): Modeline "1600x900"x119.9  186.50  1600 1624 1640 1680  900 901 904 926 doublescan +hsync -vsync (111.0 kHz d)
[  1013.924] (II) modeset(0): Modeline "1600x900"x59.9  118.25  1600 1696 1856 2112  900 903 908 934 -hsync +vsync (56.0 kHz d)
[  1013.924] (II) modeset(0): Modeline "1600x900"x59.8   97.50  1600 1648 1680 1760  900 903 908 926 +hsync -vsync (55.4 kHz d)
[  1013.924] (II) modeset(0): Modeline "1280x1024"x60.0  108.00  1280 1328 1440 1688  1024 1025 1028 1066 +hsync +vsync (64.0 kHz d)
[  1013.924] (II) modeset(0): Modeline "1400x900"x60.0  103.50  1400 1480 1624 1848  900 903 913 934 -hsync +vsync (56.0 kHz d)
[  1013.924] (II) modeset(0): Modeline "1400x900"x59.9   86.50  1400 1448 1480 1560  900 903 913 926 +hsync -vsync (55.4 kHz d)
[  1013.924] (II) modeset(0): Modeline "1280x960"x60.0  108.00  1280 1376 1488 1800  960 961 964 1000 +hsync +vsync (60.0 kHz d)
[  1013.924] (II) modeset(0): Modeline "1440x810"x120.0  198.12  1440 1548 1704 1968  810 811 814 839 doublescan -hsync +vsync (100.7 kHz d)
[  1013.924] (II) modeset(0): Modeline "1440x810"x119.9  151.88  1440 1464 1480 1520  810 811 814 833 doublescan +hsync -vsync (99.9 kHz d)
[  1013.924] (II) modeset(0): Modeline "1368x768"x59.9   85.25  1368 1440 1576 1784  768 771 781 798 -hsync +vsync (47.8 kHz d)
[  1013.924] (II) modeset(0): Modeline "1368x768"x59.9   72.25  1368 1416 1448 1528  768 771 781 790 +hsync -vsync (47.3 kHz d)
[  1013.924] (II) modeset(0): Modeline "1280x800"x120.0  174.25  1280 1380 1516 1752  800 801 804 829 doublescan -hsync +vsync (99.5 kHz d)
[  1013.924] (II) modeset(0): Modeline "1280x800"x119.9  134.25  1280 1304 1320 1360  800 801 804 823 doublescan +hsync -vsync (98.7 kHz d)
[  1013.924] (II) modeset(0): Modeline "1280x800"x59.8   83.50  1280 1352 1480 1680  800 803 809 831 -hsync +vsync (49.7 kHz d)
[  1013.924] (II) modeset(0): Modeline "1280x800"x59.9   71.00  1280 1328 1360 1440  800 803 809 823 +hsync -vsync (49.3 kHz d)
[  1013.924] (II) modeset(0): Modeline "1280x720"x120.0  156.12  1280 1376 1512 1744  720 721 724 746 doublescan -hsync +vsync (89.5 kHz d)
[  1013.924] (II) modeset(0): Modeline "1280x720"x120.0  120.75  1280 1304 1320 1360  720 721 724 740 doublescan +hsync -vsync (88.8 kHz d)
[  1013.924] (II) modeset(0): Modeline "1280x720"x59.9   74.50  1280 1344 1472 1664  720 723 728 748 -hsync +vsync (44.8 kHz d)
[  1013.924] (II) modeset(0): Modeline "1280x720"x59.7   63.75  1280 1328 1360 1440  720 723 728 741 +hsync -vsync (44.3 kHz d)
[  1013.924] (II) modeset(0): Modeline "1024x768"x120.1  133.47  1024 1100 1212 1400  768 768 770 794 doublescan -hsync +vsync (95.3 kHz d)
[  1013.924] (II) modeset(0): Modeline "1024x768"x60.0   65.00  1024 1048 1184 1344  768 771 777 806 -hsync -vsync (48.4 kHz d)
[  1013.924] (II) modeset(0): Modeline "960x720"x120.0  117.00  960 1024 1128 1300  720 720 722 750 doublescan -hsync +vsync (90.0 kHz d)
[  1013.924] (II) modeset(0): Modeline "928x696"x120.1  109.15  928 976 1088 1264  696 696 698 719 doublescan -hsync +vsync (86.4 kHz d)
[  1013.924] (II) modeset(0): Modeline "896x672"x120.0  102.40  896 960 1060 1224  672 672 674 697 doublescan -hsync +vsync (83.7 kHz d)
[  1013.924] (II) modeset(0): Modeline "1024x576"x119.9   98.50  1024 1092 1200 1376  576 577 580 597 doublescan -hsync +vsync (71.6 kHz d)
[  1013.924] (II) modeset(0): Modeline "1024x576"x119.9   78.38  1024 1048 1064 1104  576 577 580 592 doublescan +hsync -vsync (71.0 kHz d)
[  1013.924] (II) modeset(0): Modeline "1024x576"x59.9   46.50  1024 1064 1160 1296  576 579 584 599 -hsync +vsync (35.9 kHz d)
[  1013.924] (II) modeset(0): Modeline "1024x576"x59.8   42.00  1024 1072 1104 1184  576 579 584 593 +hsync -vsync (35.5 kHz d)
[  1013.924] (II) modeset(0): Modeline "960x600"x119.9   96.62  960 1028 1128 1296  600 601 604 622 doublescan -hsync +vsync (74.6 kHz d)
[  1013.924] (II) modeset(0): Modeline "960x600"x120.0   77.00  960 984 1000 1040  600 601 604 617 doublescan +hsync -vsync (74.0 kHz d)
[  1013.924] (II) modeset(0): Modeline "960x540"x119.9   86.50  960 1024 1124 1288  540 541 544 560 doublescan -hsync +vsync (67.2 kHz d)
[  1013.924] (II) modeset(0): Modeline "960x540"x120.0   69.25  960 984 1000 1040  540 541 544 555 doublescan +hsync -vsync (66.6 kHz d)
[  1013.924] (II) modeset(0): Modeline "960x540"x59.6   40.75  960 992 1088 1216  540 543 548 562 -hsync +vsync (33.5 kHz d)
[  1013.924] (II) modeset(0): Modeline "960x540"x59.8   37.25  960 1008 1040 1120  540 543 548 556 +hsync -vsync (33.3 kHz d)
[  1013.924] (II) modeset(0): Modeline "800x600"x120.0   81.00  800 832 928 1080  600 600 602 625 doublescan +hsync +vsync (75.0 kHz d)
[  1013.924] (II) modeset(0): Modeline "800x600"x60.3   40.00  800 840 968 1056  600 601 605 628 +hsync +vsync (37.9 kHz d)
[  1013.924] (II) modeset(0): Modeline "800x600"x56.2   36.00  800 824 896 1024  600 601 603 625 +hsync +vsync (35.2 kHz d)
[  1013.924] (II) modeset(0): Modeline "840x525"x120.0   73.12  840 892 980 1120  525 526 529 544 doublescan -hsync +vsync (65.3 kHz d)
[  1013.924] (II) modeset(0): Modeline "840x525"x119.8   59.50  840 864 880 920  525 526 529 540 doublescan +hsync -vsync (64.7 kHz d)
[  1013.924] (II) modeset(0): Modeline "864x486"x59.9   32.50  864 888 968 1072  486 489 494 506 -hsync +vsync (30.3 kHz d)
[  1013.924] (II) modeset(0): Modeline "864x486"x59.6   30.50  864 912 944 1024  486 489 494 500 +hsync -vsync (29.8 kHz d)
[  1013.924] (II) modeset(0): Modeline "700x525"x120.0   61.00  700 744 820 940  525 526 532 541 doublescan +hsync +vsync (64.9 kHz d)
[  1013.924] (II) modeset(0): Modeline "800x450"x119.9   59.12  800 848 928 1056  450 451 454 467 doublescan -hsync +vsync (56.0 kHz d)
[  1013.924] (II) modeset(0): Modeline "800x450"x119.6   48.75  800 824 840 880  450 451 454 463 doublescan +hsync -vsync (55.4 kHz d)
[  1013.924] (II) modeset(0): Modeline "640x512"x120.0   54.00  640 664 720 844  512 512 514 533 doublescan +hsync +vsync (64.0 kHz d)
[  1013.924] (II) modeset(0): Modeline "700x450"x119.9   51.75  700 740 812 924  450 451 456 467 doublescan -hsync +vsync (56.0 kHz d)
[  1013.924] (II) modeset(0): Modeline "700x450"x119.8   43.25  700 724 740 780  450 451 456 463 doublescan +hsync -vsync (55.4 kHz d)
[  1013.924] (II) modeset(0): Modeline "640x480"x120.0   54.00  640 688 744 900  480 480 482 500 doublescan +hsync +vsync (60.0 kHz d)
[  1013.924] (II) modeset(0): Modeline "640x480"x59.9   25.18  640 656 752 800  480 490 492 525 -hsync -vsync (31.5 kHz d)
[  1013.924] (II) modeset(0): Modeline "720x405"x59.5   22.50  720 744 808 896  405 408 413 422 -hsync +vsync (25.1 kHz d)
[  1013.924] (II) modeset(0): Modeline "720x405"x59.0   21.75  720 768 800 880  405 408 413 419 +hsync -vsync (24.7 kHz d)
[  1013.924] (II) modeset(0): Modeline "684x384"x119.8   42.62  684 720 788 892  384 385 390 399 doublescan -hsync +vsync (47.8 kHz d)
[  1013.924] (II) modeset(0): Modeline "684x384"x119.7   36.12  684 708 724 764  384 385 390 395 doublescan +hsync -vsync (47.3 kHz d)
[  1013.924] (II) modeset(0): Modeline "640x400"x119.8   41.75  640 676 740 840  400 401 404 415 doublescan -hsync +vsync (49.7 kHz d)
[  1013.924] (II) modeset(0): Modeline "640x400"x120.0   35.50  640 664 680 720  400 401 404 411 doublescan +hsync -vsync (49.3 kHz d)
[  1013.924] (II) modeset(0): Modeline "640x360"x119.7   37.25  640 672 736 832  360 361 364 374 doublescan -hsync +vsync (44.8 kHz d)
[  1013.924] (II) modeset(0): Modeline "640x360"x119.7   31.88  640 664 680 720  360 361 364 370 doublescan +hsync -vsync (44.3 kHz d)
[  1013.924] (II) modeset(0): Modeline "640x360"x59.8   18.00  640 664 720 800  360 363 368 376 -hsync +vsync (22.5 kHz d)
[  1013.924] (II) modeset(0): Modeline "640x360"x59.3   17.75  640 688 720 800  360 363 368 374 +hsync -vsync (22.2 kHz d)
[  1013.925] (II) modeset(0): Modeline "512x384"x120.0   32.50  512 524 592 672  384 385 388 403 doublescan -hsync -vsync (48.4 kHz d)
[  1013.925] (II) modeset(0): Modeline "512x288"x120.0   23.25  512 532 580 648  288 289 292 299 doublescan -hsync +vsync (35.9 kHz d)
[  1013.925] (II) modeset(0): Modeline "512x288"x119.8   21.00  512 536 552 592  288 289 292 296 doublescan +hsync -vsync (35.5 kHz d)
[  1013.925] (II) modeset(0): Modeline "480x270"x119.3   20.38  480 496 544 608  270 271 274 281 doublescan -hsync +vsync (33.5 kHz d)
[  1013.925] (II) modeset(0): Modeline "480x270"x119.6   18.62  480 504 520 560  270 271 274 278 doublescan +hsync -vsync (33.3 kHz d)
[  1013.925] (II) modeset(0): Modeline "400x300"x120.6   20.00  400 420 484 528  300 300 302 314 doublescan +hsync +vsync (37.9 kHz d)
[  1013.925] (II) modeset(0): Modeline "400x300"x112.7   18.00  400 412 448 512  300 300 301 312 doublescan +hsync +vsync (35.2 kHz d)
[  1013.925] (II) modeset(0): Modeline "432x243"x119.8   16.25  432 444 484 536  243 244 247 253 doublescan -hsync +vsync (30.3 kHz d)
[  1013.925] (II) modeset(0): Modeline "432x243"x119.1   15.25  432 456 472 512  243 244 247 250 doublescan +hsync -vsync (29.8 kHz d)
[  1013.925] (II) modeset(0): Modeline "320x240"x120.1   12.59  320 328 376 400  240 245 246 262 doublescan -hsync -vsync (31.5 kHz d)
[  1013.925] (II) modeset(0): Modeline "360x202"x119.0   11.25  360 372 404 448  202 204 206 211 doublescan -hsync +vsync (25.1 kHz d)
[  1013.925] (II) modeset(0): Modeline "360x202"x118.3   10.88  360 384 400 440  202 204 206 209 doublescan +hsync -vsync (24.7 kHz d)
[  1013.925] (II) modeset(0): Modeline "320x180"x119.7    9.00  320 332 360 400  180 181 184 188 doublescan -hsync +vsync (22.5 kHz d)
[  1013.925] (II) modeset(0): Modeline "320x180"x118.6    8.88  320 344 360 400  180 181 184 187 doublescan +hsync -vsync (22.2 kHz d)
[  1013.925] (II) modeset(0): EDID for output DP-1
[  1013.936] (II) modeset(0): EDID for output HDMI-1
[  1013.936] (II) modeset(0): EDID for output DP-2
[  1014.052] (II) modeset(0): EDID for output HDMI-2
[  1014.052] (II) modeset(0): Output eDP-1 connected
[  1014.052] (II) modeset(0): Output DP-1 disconnected
[  1014.052] (II) modeset(0): Output HDMI-1 disconnected
[  1014.052] (II) modeset(0): Output DP-2 disconnected
[  1014.052] (II) modeset(0): Output HDMI-2 disconnected
[  1014.052] (II) modeset(0): Using exact sizes for initial modes
[  1014.052] (II) modeset(0): Output eDP-1 using initial mode 2560x1440 +0+0
[  1014.052] (==) modeset(0): Using gamma correction (1.0, 1.0, 1.0)
[  1014.052] (==) modeset(0): DPI set to (96, 96)
[  1014.052] (II) Loading sub module "fb"
[  1014.052] (II) LoadModule: "fb"
[  1014.052] (II) Loading /usr/lib64/xorg/modules/libfb.so
[  1014.053] (II) Module fb: vendor="X.Org Foundation"
[  1014.053] 	compiled for 1.19.6, module version = 1.0.0
[  1014.053] 	ABI class: X.Org ANSI C Emulation, version 0.4
[  1014.053] (II) UnloadModule: "fbdev"
[  1014.053] (II) Unloading fbdev
[  1014.053] (II) UnloadSubModule: "fbdevhw"
[  1014.053] (II) Unloading fbdevhw
[  1014.053] (II) UnloadModule: "vesa"
[  1014.053] (II) Unloading vesa
[  1014.053] (==) Depth 24 pixmap format is 32 bpp
[  1014.216] (==) modeset(0): Backing store enabled
[  1014.216] (==) modeset(0): Silken mouse enabled
[  1014.216] (II) modeset(0): RandR 1.2 enabled, ignore the following RandR disabled message.
[  1014.275] (==) modeset(0): DPMS enabled
[  1014.275] (II) modeset(0): [DRI2] Setup complete
[  1014.275] (II) modeset(0): [DRI2]   DRI driver: i965
[  1014.275] (II) modeset(0): [DRI2]   VDPAU driver: va_gl
[  1014.275] (--) RandR disabled
[  1014.278] (II) SELinux: Disabled by boolean
[  1014.283] (II) AIGLX: enabled GLX_MESA_copy_sub_buffer
[  1014.283] (II) AIGLX: enabled GLX_ARB_create_context
[  1014.283] (II) AIGLX: enabled GLX_ARB_create_context_profile
[  1014.283] (II) AIGLX: enabled GLX_EXT_create_context_es{,2}_profile
[  1014.283] (II) AIGLX: enabled GLX_INTEL_swap_event
[  1014.283] (II) AIGLX: enabled GLX_SGI_swap_control
[  1014.283] (II) AIGLX: enabled GLX_EXT_framebuffer_sRGB
[  1014.283] (II) AIGLX: enabled GLX_ARB_fbconfig_float
[  1014.284] (II) AIGLX: enabled GLX_EXT_fbconfig_packed_float
[  1014.284] (II) AIGLX: GLX_EXT_texture_from_pixmap backed by buffer objects
[  1014.284] (II) AIGLX: enabled GLX_ARB_create_context_robustness
[  1014.284] (II) AIGLX: Loaded and initialized i965
[  1014.284] (II) GLX: Initialized DRI2 GL provider for screen 0
[  1014.288] (II) modeset(0): Damage tracking initialized
[  1014.288] (II) modeset(0): Setting screen physical size to 677 x 381
[  1014.335] (II) config/udev: Adding input device Power Button (/dev/input/event2)
[  1014.335] (**) Power Button: Applying InputClass "evdev keyboard catchall"
[  1014.335] (**) Power Button: Applying InputClass "libinput keyboard catchall"
[  1014.335] (**) Power Button: Applying InputClass "system-keyboard"
[  1014.335] (II) LoadModule: "libinput"
[  1014.335] (II) Loading /usr/lib64/xorg/modules/input/libinput_drv.so
[  1014.340] (II) Module libinput: vendor="X.Org Foundation"
[  1014.340] 	compiled for 1.19.3, module version = 0.26.0
[  1014.340] 	Module class: X.Org XInput Driver
[  1014.340] 	ABI class: X.Org XInput driver, version 24.1
[  1014.340] (II) Using input driver 'libinput' for 'Power Button'
[  1014.341] (II) systemd-logind: got fd for /dev/input/event2 13:66 fd 21 paused 0
[  1014.342] (**) Power Button: always reports core events
[  1014.342] (**) Option "Device" "/dev/input/event2"
[  1014.342] (**) Option "_source" "server/udev"
[  1014.342] (II) event2  - Power Button: is tagged by udev as: Keyboard
[  1014.342] (II) event2  - Power Button: device is a keyboard
[  1014.342] (II) event2  - Power Button: device removed
[  1014.342] (**) Option "config_info" "udev:/sys/devices/LNXSYSTM:00/LNXPWRBN:00/input/input2/event2"
[  1014.342] (II) XINPUT: Adding extended input device "Power Button" (type: KEYBOARD, id 6)
[  1014.342] (**) Option "xkb_layout" "us"
[  1014.343] (II) event2  - Power Button: is tagged by udev as: Keyboard
[  1014.343] (II) event2  - Power Button: device is a keyboard
[  1014.344] (II) config/udev: Adding input device Video Bus (/dev/input/event8)
[  1014.344] (**) Video Bus: Applying InputClass "evdev keyboard catchall"
[  1014.344] (**) Video Bus: Applying InputClass "libinput keyboard catchall"
[  1014.344] (**) Video Bus: Applying InputClass "system-keyboard"
[  1014.344] (II) Using input driver 'libinput' for 'Video Bus'
[  1014.345] (II) systemd-logind: got fd for /dev/input/event8 13:72 fd 24 paused 0
[  1014.345] (**) Video Bus: always reports core events
[  1014.345] (**) Option "Device" "/dev/input/event8"
[  1014.345] (**) Option "_source" "server/udev"
[  1014.345] (II) event8  - Video Bus: is tagged by udev as: Keyboard
[  1014.345] (II) event8  - Video Bus: device is a keyboard
[  1014.345] (II) event8  - Video Bus: device removed
[  1014.345] (**) Option "config_info" "udev:/sys/devices/LNXSYSTM:00/LNXSYBUS:00/PNP0A08:00/LNXVIDEO:00/input/input13/event8"
[  1014.345] (II) XINPUT: Adding extended input device "Video Bus" (type: KEYBOARD, id 7)
[  1014.345] (**) Option "xkb_layout" "us"
[  1014.346] (II) event8  - Video Bus: is tagged by udev as: Keyboard
[  1014.346] (II) event8  - Video Bus: device is a keyboard
[  1014.347] (II) config/udev: Adding input device Lid Switch (/dev/input/event1)
[  1014.347] (II) No input driver specified, ignoring this device.
[  1014.347] (II) This device may have been added with another device file.
[  1014.347] (II) config/udev: Adding input device Sleep Button (/dev/input/event0)
[  1014.347] (**) Sleep Button: Applying InputClass "evdev keyboard catchall"
[  1014.347] (**) Sleep Button: Applying InputClass "libinput keyboard catchall"
[  1014.347] (**) Sleep Button: Applying InputClass "system-keyboard"
[  1014.347] (II) Using input driver 'libinput' for 'Sleep Button'
[  1014.348] (II) systemd-logind: got fd for /dev/input/event0 13:64 fd 25 paused 0
[  1014.348] (**) Sleep Button: always reports core events
[  1014.348] (**) Option "Device" "/dev/input/event0"
[  1014.348] (**) Option "_source" "server/udev"
[  1014.349] (II) event0  - Sleep Button: is tagged by udev as: Keyboard
[  1014.349] (II) event0  - Sleep Button: device is a keyboard
[  1014.349] (II) event0  - Sleep Button: device removed
[  1014.349] (**) Option "config_info" "udev:/sys/devices/LNXSYSTM:00/LNXSYBUS:00/PNP0C0E:00/input/input0/event0"
[  1014.349] (II) XINPUT: Adding extended input device "Sleep Button" (type: KEYBOARD, id 8)
[  1014.349] (**) Option "xkb_layout" "us"
[  1014.350] (II) event0  - Sleep Button: is tagged by udev as: Keyboard
[  1014.350] (II) event0  - Sleep Button: device is a keyboard
[  1014.351] (II) config/udev: Adding input device HDA Intel PCH Mic (/dev/input/event10)
[  1014.351] (II) No input driver specified, ignoring this device.
[  1014.351] (II) This device may have been added with another device file.
[  1014.351] (II) config/udev: Adding input device HDA Intel PCH Headphone (/dev/input/event11)
[  1014.351] (II) No input driver specified, ignoring this device.
[  1014.351] (II) This device may have been added with another device file.
[  1014.352] (II) config/udev: Adding input device HDA Intel PCH HDMI/DP,pcm=3 (/dev/input/event12)
[  1014.352] (II) No input driver specified, ignoring this device.
[  1014.352] (II) This device may have been added with another device file.
[  1014.352] (II) config/udev: Adding input device HDA Intel PCH HDMI/DP,pcm=7 (/dev/input/event13)
[  1014.352] (II) No input driver specified, ignoring this device.
[  1014.352] (II) This device may have been added with another device file.
[  1014.353] (II) config/udev: Adding input device HDA Intel PCH HDMI/DP,pcm=8 (/dev/input/event14)
[  1014.353] (II) No input driver specified, ignoring this device.
[  1014.353] (II) This device may have been added with another device file.
[  1014.353] (II) config/udev: Adding input device HDA Intel PCH HDMI/DP,pcm=9 (/dev/input/event15)
[  1014.353] (II) No input driver specified, ignoring this device.
[  1014.353] (II) This device may have been added with another device file.
[  1014.353] (II) config/udev: Adding input device HDA Intel PCH HDMI/DP,pcm=10 (/dev/input/event16)
[  1014.354] (II) No input driver specified, ignoring this device.
[  1014.354] (II) This device may have been added with another device file.
[  1014.354] (II) config/udev: Adding input device AT Translated Set 2 keyboard (/dev/input/event3)
[  1014.354] (**) AT Translated Set 2 keyboard: Applying InputClass "evdev keyboard catchall"
[  1014.354] (**) AT Translated Set 2 keyboard: Applying InputClass "libinput keyboard catchall"
[  1014.354] (**) AT Translated Set 2 keyboard: Applying InputClass "system-keyboard"
[  1014.354] (II) Using input driver 'libinput' for 'AT Translated Set 2 keyboard'
[  1014.355] (II) systemd-logind: got fd for /dev/input/event3 13:67 fd 26 paused 0
[  1014.355] (**) AT Translated Set 2 keyboard: always reports core events
[  1014.355] (**) Option "Device" "/dev/input/event3"
[  1014.355] (**) Option "_source" "server/udev"
[  1014.356] (II) event3  - AT Translated Set 2 keyboard: is tagged by udev as: Keyboard
[  1014.356] (II) event3  - AT Translated Set 2 keyboard: device is a keyboard
[  1014.356] (II) event3  - AT Translated Set 2 keyboard: device removed
[  1014.356] (**) Option "config_info" "udev:/sys/devices/platform/i8042/serio0/input/input3/event3"
[  1014.356] (II) XINPUT: Adding extended input device "AT Translated Set 2 keyboard" (type: KEYBOARD, id 9)
[  1014.356] (**) Option "xkb_layout" "us"
[  1014.357] (II) event3  - AT Translated Set 2 keyboard: is tagged by udev as: Keyboard
[  1014.357] (II) event3  - AT Translated Set 2 keyboard: device is a keyboard
[  1014.360] (II) config/udev: Adding input device ThinkPad Extra Buttons (/dev/input/event4)
[  1014.360] (**) ThinkPad Extra Buttons: Applying InputClass "evdev keyboard catchall"
[  1014.360] (**) ThinkPad Extra Buttons: Applying InputClass "libinput keyboard catchall"
[  1014.360] (**) ThinkPad Extra Buttons: Applying InputClass "system-keyboard"
[  1014.360] (II) Using input driver 'libinput' for 'ThinkPad Extra Buttons'
[  1014.361] (II) systemd-logind: got fd for /dev/input/event4 13:68 fd 27 paused 0
[  1014.361] (**) ThinkPad Extra Buttons: always reports core events
[  1014.361] (**) Option "Device" "/dev/input/event4"
[  1014.361] (**) Option "_source" "server/udev"
[  1014.362] (II) event4  - ThinkPad Extra Buttons: is tagged by udev as: Keyboard Switch
[  1014.362] (II) event4  - ThinkPad Extra Buttons: device is a keyboard
[  1014.362] (II) event4  - ThinkPad Extra Buttons: device is a switch device
[  1014.362] (II) event4  - ThinkPad Extra Buttons: device removed
[  1014.362] (**) Option "config_info" "udev:/sys/devices/platform/thinkpad_acpi/input/input14/event4"
[  1014.362] (II) XINPUT: Adding extended input device "ThinkPad Extra Buttons" (type: KEYBOARD, id 10)
[  1014.362] (**) Option "xkb_layout" "us"
[  1014.363] (II) event4  - ThinkPad Extra Buttons: is tagged by udev as: Keyboard Switch
[  1014.363] (II) event4  - ThinkPad Extra Buttons: device is a keyboard
[  1014.363] (II) event4  - ThinkPad Extra Buttons: device is a switch device
[  1014.363] (II) config/udev: Adding input device Synaptics TM3293-011 (/dev/input/event17)
[  1014.363] (**) Synaptics TM3293-011: Applying InputClass "evdev touchpad catchall"
[  1014.363] (**) Synaptics TM3293-011: Applying InputClass "libinput touchpad catchall"
[  1014.363] (II) Using input driver 'libinput' for 'Synaptics TM3293-011'
[  1014.364] (II) systemd-logind: got fd for /dev/input/event17 13:81 fd 28 paused 0
[  1014.364] (**) Synaptics TM3293-011: always reports core events
[  1014.364] (**) Option "Device" "/dev/input/event17"
[  1014.364] (**) Option "_source" "server/udev"
[  1014.365] (II) event17 - Synaptics TM3293-011: is tagged by udev as: Touchpad
[  1014.365] (II) event17 - Synaptics TM3293-011: device is a touchpad
[  1014.365] (II) event17 - Synaptics TM3293-011: device removed
[  1014.365] (**) Option "config_info" "udev:/sys/devices/rmi4-00/input/input26/event17"
[  1014.365] (II) XINPUT: Adding extended input device "Synaptics TM3293-011" (type: TOUCHPAD, id 11)
[  1014.365] (**) Option "AccelerationScheme" "none"
[  1014.365] (**) Synaptics TM3293-011: (accel) selected scheme none/0
[  1014.365] (**) Synaptics TM3293-011: (accel) acceleration factor: 2.000
[  1014.365] (**) Synaptics TM3293-011: (accel) acceleration threshold: 4
[  1014.365] (II) event17 - Synaptics TM3293-011: is tagged by udev as: Touchpad
[  1014.365] (II) event17 - Synaptics TM3293-011: device is a touchpad
[  1014.366] (II) config/udev: Adding input device Synaptics TM3293-011 (/dev/input/mouse0)
[  1014.366] (II) No input driver specified, ignoring this device.
[  1014.366] (II) This device may have been added with another device file.
[  1014.366] (II) config/udev: Adding input device TPPS/2 Elan TrackPoint (/dev/input/event18)
[  1014.366] (**) TPPS/2 Elan TrackPoint: Applying InputClass "evdev pointer catchall"
[  1014.366] (**) TPPS/2 Elan TrackPoint: Applying InputClass "libinput pointer catchall"
[  1014.366] (II) Using input driver 'libinput' for 'TPPS/2 Elan TrackPoint'
[  1014.367] (II) systemd-logind: got fd for /dev/input/event18 13:82 fd 29 paused 0
[  1014.367] (**) TPPS/2 Elan TrackPoint: always reports core events
[  1014.367] (**) Option "Device" "/dev/input/event18"
[  1014.367] (**) Option "_source" "server/udev"
[  1014.368] (II) event18 - TPPS/2 Elan TrackPoint: is tagged by udev as: Mouse Pointingstick
[  1014.368] (II) event18 - TPPS/2 Elan TrackPoint: trackpoint device set to range 20
[  1014.368] (II) event18 - TPPS/2 Elan TrackPoint: device is a pointer
[  1014.368] (II) event18 - TPPS/2 Elan TrackPoint: device removed
[  1014.368] (**) Option "config_info" "udev:/sys/devices/rmi4-00/rmi4-00.fn03/serio3/input/input27/event18"
[  1014.368] (II) XINPUT: Adding extended input device "TPPS/2 Elan TrackPoint" (type: MOUSE, id 12)
[  1014.368] (**) Option "AccelerationScheme" "none"
[  1014.368] (**) TPPS/2 Elan TrackPoint: (accel) selected scheme none/0
[  1014.368] (**) TPPS/2 Elan TrackPoint: (accel) acceleration factor: 2.000
[  1014.368] (**) TPPS/2 Elan TrackPoint: (accel) acceleration threshold: 4
[  1014.369] (II) event18 - TPPS/2 Elan TrackPoint: is tagged by udev as: Mouse Pointingstick
[  1014.369] (II) event18 - TPPS/2 Elan TrackPoint: trackpoint device set to range 20
[  1014.369] (II) event18 - TPPS/2 Elan TrackPoint: device is a pointer
[  1014.369] (II) config/udev: Adding input device TPPS/2 Elan TrackPoint (/dev/input/mouse1)
[  1014.369] (II) No input driver specified, ignoring this device.
[  1014.369] (II) This device may have been added with another device file.
[  1014.851] (II) modeset(0): EDID vendor "AUO", prod id 8758
[  1014.851] (II) modeset(0): Printing DDC gathered Modelines:
[  1014.851] (II) modeset(0): Modeline "2560x1440"x0.0  245.50  2560 2608 2640 2720  1440 1443 1448 1504 -hsync -vsync (90.3 kHz eP)
[  1063.730] (II) modeset(0): EDID vendor "AUO", prod id 8758
[  1063.730] (II) modeset(0): Printing DDC gathered Modelines:
[  1063.730] (II) modeset(0): Modeline "2560x1440"x0.0  245.50  2560 2608 2640 2720  1440 1443 1448 1504 -hsync -vsync (90.3 kHz eP)
[  1195.731] (**) Option "fd" "21"
[  1195.731] (II) event2  - Power Button: device removed
[  1195.731] (**) Option "fd" "24"
[  1195.731] (II) event8  - Video Bus: device removed
[  1195.731] (**) Option "fd" "25"
[  1195.731] (II) event0  - Sleep Button: device removed
[  1195.731] (**) Option "fd" "26"
[  1195.731] (II) event3  - AT Translated Set 2 keyboard: device removed
[  1195.731] (**) Option "fd" "27"
[  1195.731] (II) event4  - ThinkPad Extra Buttons: device removed
[  1195.731] (**) Option "fd" "28"
[  1195.731] (II) event17 - Synaptics TM3293-011: device removed
[  1195.732] (**) Option "fd" "29"
[  1195.732] (II) event18 - TPPS/2 Elan TrackPoint: device removed
[  1195.734] (II) UnloadModule: "libinput"
[  1195.735] (II) systemd-logind: releasing fd for 13:82
[  1195.884] (II) UnloadModule: "libinput"
[  1195.884] (II) systemd-logind: releasing fd for 13:81
[  1195.897] (II) UnloadModule: "libinput"
[  1195.897] (II) systemd-logind: releasing fd for 13:68
[  1195.899] (II) UnloadModule: "libinput"
[  1195.899] (II) systemd-logind: releasing fd for 13:67
[  1195.901] (II) UnloadModule: "libinput"
[  1195.901] (II) systemd-logind: releasing fd for 13:64
[  1195.902] (II) UnloadModule: "libinput"
[  1195.902] (II) systemd-logind: releasing fd for 13:72
[  1195.903] (II) UnloadModule: "libinput"
[  1195.903] (II) systemd-logind: releasing fd for 13:66
[  1196.243] (WW) xf86CloseConsole: KDSETMODE failed: Input/output error
[  1196.243] (WW) xf86CloseConsole: VT_GETMODE failed: Input/output error
[  1196.243] (WW) xf86CloseConsole: VT_ACTIVATE failed: Input/output error
[  1197.567] (II) Server terminated successfully (0). Closing log file.
