[    33.095] (--) Log file renamed from "/home/retrop/.local/share/xorg/Xorg.pid-1054.log" to "/home/retrop/.local/share/xorg/Xorg.0.log"
[    33.096] (WW) Failed to open protocol names file lib/xorg/protocol.txt
[    33.097] 
X.Org X Server 1.20.5
X Protocol Version 11, Revision 0
[    33.097] Build Operating System: Linux Arch Linux
[    33.097] Current Operating System: Linux retrop-laptop 4.19.62-1-MANJARO #1 SMP PREEMPT Sun Jul 28 09:14:58 UTC 2019 x86_64
[    33.097] Kernel command line: BOOT_IMAGE=/boot/vmlinuz-4.19-x86_64 root=UUID=dce8c22f-6c0b-4970-9ec7-4c738c913cc4 rw quiet
[    33.097] Build Date: 30 June 2019  09:52:01AM
[    33.097]  
[    33.097] Current version of pixman: 0.38.4
[    33.097] 	Before reporting problems, check http://wiki.x.org
	to make sure that you have the latest version.
[    33.097] Markers: (--) probed, (**) from config file, (==) default setting,
	(++) from command line, (!!) notice, (II) informational,
	(WW) warning, (EE) error, (NI) not implemented, (??) unknown.
[    33.097] (==) Log file: "/home/retrop/.local/share/xorg/Xorg.0.log", Time: Sun Aug  4 07:32:02 2019
[    33.098] (==) Using config directory: "/etc/X11/xorg.conf.d"
[    33.098] (==) Using system config directory "/usr/share/X11/xorg.conf.d"
[    33.099] (==) No Layout section.  Using the first Screen section.
[    33.099] (==) No screen section available. Using defaults.
[    33.099] (**) |-->Screen "Default Screen Section" (0)
[    33.099] (**) |   |-->Monitor "<default monitor>"
[    33.100] (==) No monitor specified for screen "Default Screen Section".
	Using a default monitor configuration.
[    33.100] (==) Automatically adding devices
[    33.100] (==) Automatically enabling devices
[    33.100] (==) Automatically adding GPU devices
[    33.100] (==) Automatically binding GPU devices
[    33.100] (==) Max clients allowed: 256, resource mask: 0x1fffff
[    33.100] (WW) The directory "/usr/share/fonts/OTF" does not exist.
[    33.100] 	Entry deleted from font path.
[    33.100] (WW) The directory "/usr/share/fonts/Type1" does not exist.
[    33.100] 	Entry deleted from font path.
[    33.100] (WW) `fonts.dir' not found (or not valid) in "/usr/share/fonts/100dpi".
[    33.100] 	Entry deleted from font path.
[    33.100] 	(Run 'mkfontdir' on "/usr/share/fonts/100dpi").
[    33.101] (WW) `fonts.dir' not found (or not valid) in "/usr/share/fonts/75dpi".
[    33.101] 	Entry deleted from font path.
[    33.101] 	(Run 'mkfontdir' on "/usr/share/fonts/75dpi").
[    33.101] (==) FontPath set to:
	/usr/share/fonts/misc,
	/usr/share/fonts/TTF
[    33.101] (==) ModulePath set to "/usr/lib/xorg/modules"
[    33.101] (II) The server relies on udev to provide the list of input devices.
	If no devices become available, reconfigure udev or disable AutoAddDevices.
[    33.101] (II) Module ABI versions:
[    33.101] 	X.Org ANSI C Emulation: 0.4
[    33.101] 	X.Org Video Driver: 24.0
[    33.101] 	X.Org XInput driver : 24.1
[    33.101] 	X.Org Server Extension : 10.0
[    33.102] (++) using VT number 2

[    33.107] (II) systemd-logind: took control of session /org/freedesktop/login1/session/_32
[    33.109] (II) xfree86: Adding drm device (/dev/dri/card0)
[    33.110] (II) systemd-logind: got fd for /dev/dri/card0 226:0 fd 11 paused 0
[    33.116] (--) PCI:*(0@0:2:0) 8086:5917:144d:c15f rev 7, Mem @ 0xf6000000/16777216, 0xe0000000/268435456, I/O @ 0x0000f000/64, BIOS @ 0x????????/131072
[    33.116] (WW) Open ACPI failed (/var/run/acpid.socket) (No such file or directory)
[    33.116] (II) LoadModule: "glx"
[    33.119] (II) Loading /usr/lib/xorg/modules/extensions/libglx.so
[    33.124] (II) Module glx: vendor="X.Org Foundation"
[    33.124] 	compiled for 1.20.5, module version = 1.0.0
[    33.124] 	ABI class: X.Org Server Extension, version 10.0
[    33.124] (==) Matched intel as autoconfigured driver 0
[    33.124] (==) Matched modesetting as autoconfigured driver 1
[    33.124] (==) Matched fbdev as autoconfigured driver 2
[    33.124] (==) Matched vesa as autoconfigured driver 3
[    33.124] (==) Assigned the driver to the xf86ConfigLayout
[    33.124] (II) LoadModule: "intel"
[    33.124] (II) Loading /usr/lib/xorg/modules/drivers/intel_drv.so
[    33.126] (II) Module intel: vendor="X.Org Foundation"
[    33.126] 	compiled for 1.20.5, module version = 2.99.917
[    33.126] 	Module class: X.Org Video Driver
[    33.126] 	ABI class: X.Org Video Driver, version 24.0
[    33.127] (II) LoadModule: "modesetting"
[    33.127] (II) Loading /usr/lib/xorg/modules/drivers/modesetting_drv.so
[    33.128] (II) Module modesetting: vendor="X.Org Foundation"
[    33.128] 	compiled for 1.20.5, module version = 1.20.5
[    33.128] 	Module class: X.Org Video Driver
[    33.128] 	ABI class: X.Org Video Driver, version 24.0
[    33.128] (II) LoadModule: "fbdev"
[    33.129] (WW) Warning, couldn't open module fbdev
[    33.129] (EE) Failed to load module "fbdev" (module does not exist, 0)
[    33.129] (II) LoadModule: "vesa"
[    33.129] (WW) Warning, couldn't open module vesa
[    33.129] (EE) Failed to load module "vesa" (module does not exist, 0)
[    33.129] (II) intel: Driver for Intel(R) Integrated Graphics Chipsets:
	i810, i810-dc100, i810e, i815, i830M, 845G, 854, 852GM/855GM, 865G,
	915G, E7221 (i915), 915GM, 945G, 945GM, 945GME, Pineview GM,
	Pineview G, 965G, G35, 965Q, 946GZ, 965GM, 965GME/GLE, G33, Q35, Q33,
	GM45, 4 Series, G45/G43, Q45/Q43, G41, B43
[    33.130] (II) intel: Driver for Intel(R) HD Graphics
[    33.130] (II) intel: Driver for Intel(R) Iris(TM) Graphics
[    33.130] (II) intel: Driver for Intel(R) Iris(TM) Pro Graphics
[    33.130] (II) modesetting: Driver for Modesetting Kernel Drivers: kms
[    33.130] xf86EnableIOPorts: failed to set IOPL for I/O (Operation not permitted)
[    33.131] (II) intel(0): Using Kernel Mode Setting driver: i915, version 1.6.0 20180719
[    33.131] (II) intel(0): SNA compiled from 2.99.917-865-g60022507
[    33.148] (WW) Falling back to old probe method for modesetting
[    33.148] (WW) VGA arbiter: cannot open kernel arbiter, no multi-card support
[    33.149] (--) intel(0): gen9 engineering sample
[    33.149] (--) intel(0): CPU: x86-64, sse2, sse3, ssse3, sse4.1, sse4.2, avx, avx2; using a maximum of 4 threads
[    33.149] (II) intel(0): Creating default Display subsection in Screen section
	"Default Screen Section" for depth/fbbpp 24/32
[    33.149] (==) intel(0): Depth 24, (--) framebuffer bpp 32
[    33.149] (==) intel(0): RGB weight 888
[    33.149] (==) intel(0): Default visual is TrueColor
[    33.150] (II) intel(0): Output eDP1 has no monitor section
[    33.201] (**) intel(0): Found backlight control interface intel_backlight (type 'raw') for output eDP1
[    33.201] (II) intel(0): Enabled output eDP1
[    33.201] (II) intel(0): Output HDMI1 has no monitor section
[    33.201] (II) intel(0): Enabled output HDMI1
[    33.201] (II) intel(0): Output DP1 has no monitor section
[    33.201] (II) intel(0): Enabled output DP1
[    33.202] (--) intel(0): Using a maximum size of 256x256 for hardware cursors
[    33.202] (II) intel(0): Output VIRTUAL1 has no monitor section
[    33.202] (II) intel(0): Enabled output VIRTUAL1
[    33.202] (--) intel(0): Output eDP1 using initial mode 1920x1080 on pipe 0
[    33.202] (==) intel(0): TearFree disabled
[    33.202] (==) intel(0): Using gamma correction (1.0, 1.0, 1.0)
[    33.202] (==) intel(0): DPI set to (96, 96)
[    33.202] (II) Loading sub module "dri3"
[    33.202] (II) LoadModule: "dri3"
[    33.202] (II) Module "dri3" already built-in
[    33.203] (II) Loading sub module "dri2"
[    33.203] (II) LoadModule: "dri2"
[    33.203] (II) Module "dri2" already built-in
[    33.203] (II) Loading sub module "present"
[    33.203] (II) LoadModule: "present"
[    33.203] (II) Module "present" already built-in
[    33.203] (II) UnloadModule: "modesetting"
[    33.203] (II) Unloading modesetting
[    33.206] (II) intel(0): SNA initialized with Kabylake (gen9) backend
[    33.206] (==) intel(0): Backing store enabled
[    33.206] (==) intel(0): Silken mouse disabled
[    33.206] (II) intel(0): HW Cursor enabled
[    33.206] (==) intel(0): DPMS enabled
[    33.207] (==) intel(0): Display hotplug detection enabled
[    33.207] (II) intel(0): [DRI2] Setup complete
[    33.207] (II) intel(0): [DRI2]   DRI driver: i965
[    33.207] (II) intel(0): [DRI2]   VDPAU driver: va_gl
[    33.207] (II) intel(0): direct rendering: DRI2 DRI3 enabled
[    33.207] (II) intel(0): hardware support for Present enabled
[    33.207] (II) Initializing extension Generic Event Extension
[    33.207] (II) Initializing extension SHAPE
[    33.207] (II) Initializing extension MIT-SHM
[    33.208] (II) Initializing extension XInputExtension
[    33.208] (II) Initializing extension XTEST
[    33.208] (II) Initializing extension BIG-REQUESTS
[    33.208] (II) Initializing extension SYNC
[    33.208] (II) Initializing extension XKEYBOARD
[    33.208] (II) Initializing extension XC-MISC
[    33.208] (II) Initializing extension SECURITY
[    33.208] (II) Initializing extension XFIXES
[    33.208] (II) Initializing extension RENDER
[    33.208] (II) Initializing extension RANDR
[    33.208] (II) Initializing extension COMPOSITE
[    33.208] (II) Initializing extension DAMAGE
[    33.208] (II) Initializing extension MIT-SCREEN-SAVER
[    33.208] (II) Initializing extension DOUBLE-BUFFER
[    33.208] (II) Initializing extension RECORD
[    33.208] (II) Initializing extension DPMS
[    33.208] (II) Initializing extension Present
[    33.208] (II) Initializing extension DRI3
[    33.208] (II) Initializing extension X-Resource
[    33.208] (II) Initializing extension XVideo
[    33.208] (II) Initializing extension XVideo-MotionCompensation
[    33.208] (II) Initializing extension GLX
[    33.232] (II) AIGLX: Loaded and initialized i965
[    33.232] (II) GLX: Initialized DRI2 GL provider for screen 0
[    33.232] (II) Initializing extension XFree86-VidModeExtension
[    33.232] (II) Initializing extension XFree86-DGA
[    33.232] (II) Initializing extension XFree86-DRI
[    33.232] (II) Initializing extension DRI2
[    33.239] (II) intel(0): switch to mode 1920x1080@60.0 on eDP1 using pipe 0, position (0, 0), rotation normal, reflection none
[    33.249] (II) intel(0): Setting screen physical size to 508 x 285
[    33.332] (II) config/udev: Adding input device Power Button (/dev/input/event2)
[    33.332] (**) Power Button: Applying InputClass "evdev keyboard catchall"
[    33.332] (**) Power Button: Applying InputClass "libinput keyboard catchall"
[    33.332] (**) Power Button: Applying InputClass "system-keyboard"
[    33.332] (II) LoadModule: "libinput"
[    33.332] (II) Loading /usr/lib/xorg/modules/input/libinput_drv.so
[    33.337] (II) Module libinput: vendor="X.Org Foundation"
[    33.337] 	compiled for 1.20.3, module version = 0.28.2
[    33.337] 	Module class: X.Org XInput Driver
[    33.337] 	ABI class: X.Org XInput driver, version 24.1
[    33.337] (II) Using input driver 'libinput' for 'Power Button'
[    33.338] (II) systemd-logind: got fd for /dev/input/event2 13:66 fd 15 paused 0
[    33.338] (**) Power Button: always reports core events
[    33.338] (**) Option "Device" "/dev/input/event2"
[    33.338] (**) Option "_source" "server/udev"
[    33.342] (II) event2  - Power Button: is tagged by udev as: Keyboard
[    33.342] (II) event2  - Power Button: device is a keyboard
[    33.342] (II) event2  - Power Button: device removed
[    33.342] (**) Option "config_info" "udev:/sys/devices/LNXSYSTM:00/LNXPWRBN:00/input/input2/event2"
[    33.342] (II) XINPUT: Adding extended input device "Power Button" (type: KEYBOARD, id 6)
[    33.342] (**) Option "xkb_model" "pc105"
[    33.342] (**) Option "xkb_layout" "us"
[    33.344] (II) event2  - Power Button: is tagged by udev as: Keyboard
[    33.344] (II) event2  - Power Button: device is a keyboard
[    33.345] (II) config/udev: Adding input device Video Bus (/dev/input/event13)
[    33.345] (**) Video Bus: Applying InputClass "evdev keyboard catchall"
[    33.345] (**) Video Bus: Applying InputClass "libinput keyboard catchall"
[    33.345] (**) Video Bus: Applying InputClass "system-keyboard"
[    33.345] (II) Using input driver 'libinput' for 'Video Bus'
[    33.347] (II) systemd-logind: got fd for /dev/input/event13 13:77 fd 18 paused 0
[    33.347] (**) Video Bus: always reports core events
[    33.347] (**) Option "Device" "/dev/input/event13"
[    33.347] (**) Option "_source" "server/udev"
[    33.349] (II) event13 - Video Bus: is tagged by udev as: Keyboard
[    33.349] (II) event13 - Video Bus: device is a keyboard
[    33.350] (II) event13 - Video Bus: device removed
[    33.350] (**) Option "config_info" "udev:/sys/devices/LNXSYSTM:00/LNXSYBUS:00/PNP0A08:00/LNXVIDEO:00/input/input20/event13"
[    33.350] (II) XINPUT: Adding extended input device "Video Bus" (type: KEYBOARD, id 7)
[    33.350] (**) Option "xkb_model" "pc105"
[    33.350] (**) Option "xkb_layout" "us"
[    33.352] (II) event13 - Video Bus: is tagged by udev as: Keyboard
[    33.352] (II) event13 - Video Bus: device is a keyboard
[    33.353] (II) config/udev: Adding input device Power Button (/dev/input/event1)
[    33.353] (**) Power Button: Applying InputClass "evdev keyboard catchall"
[    33.353] (**) Power Button: Applying InputClass "libinput keyboard catchall"
[    33.353] (**) Power Button: Applying InputClass "system-keyboard"
[    33.353] (II) Using input driver 'libinput' for 'Power Button'
[    33.354] (II) systemd-logind: got fd for /dev/input/event1 13:65 fd 19 paused 0
[    33.355] (**) Power Button: always reports core events
[    33.355] (**) Option "Device" "/dev/input/event1"
[    33.355] (**) Option "_source" "server/udev"
[    33.357] (II) event1  - Power Button: is tagged by udev as: Keyboard
[    33.357] (II) event1  - Power Button: device is a keyboard
[    33.357] (II) event1  - Power Button: device removed
[    33.357] (**) Option "config_info" "udev:/sys/devices/LNXSYSTM:00/LNXSYBUS:00/PNP0C0C:00/input/input1/event1"
[    33.357] (II) XINPUT: Adding extended input device "Power Button" (type: KEYBOARD, id 8)
[    33.357] (**) Option "xkb_model" "pc105"
[    33.357] (**) Option "xkb_layout" "us"
[    33.359] (II) event1  - Power Button: is tagged by udev as: Keyboard
[    33.359] (II) event1  - Power Button: device is a keyboard
[    33.360] (II) config/udev: Adding input device Lid Switch (/dev/input/event0)
[    33.360] (II) No input driver specified, ignoring this device.
[    33.360] (II) This device may have been added with another device file.
[    33.362] (II) config/udev: Adding input device 720p HD Camera: 720p HD Camera (/dev/input/event11)
[    33.362] (**) 720p HD Camera: 720p HD Camera: Applying InputClass "evdev keyboard catchall"
[    33.362] (**) 720p HD Camera: 720p HD Camera: Applying InputClass "libinput keyboard catchall"
[    33.362] (**) 720p HD Camera: 720p HD Camera: Applying InputClass "system-keyboard"
[    33.362] (II) Using input driver 'libinput' for '720p HD Camera: 720p HD Camera'
[    33.364] (II) systemd-logind: got fd for /dev/input/event11 13:75 fd 20 paused 0
[    33.364] (**) 720p HD Camera: 720p HD Camera: always reports core events
[    33.364] (**) Option "Device" "/dev/input/event11"
[    33.364] (**) Option "_source" "server/udev"
[    33.366] (II) event11 - 720p HD Camera: 720p HD Camera: is tagged by udev as: Keyboard
[    33.366] (II) event11 - 720p HD Camera: 720p HD Camera: device is a keyboard
[    33.367] (II) event11 - 720p HD Camera: 720p HD Camera: device removed
[    33.367] (**) Option "config_info" "udev:/sys/devices/pci0000:00/0000:00:14.0/usb1/1-6/1-6:1.0/input/input18/event11"
[    33.367] (II) XINPUT: Adding extended input device "720p HD Camera: 720p HD Camera" (type: KEYBOARD, id 9)
[    33.367] (**) Option "xkb_model" "pc105"
[    33.367] (**) Option "xkb_layout" "us"
[    33.370] (II) event11 - 720p HD Camera: 720p HD Camera: is tagged by udev as: Keyboard
[    33.370] (II) event11 - 720p HD Camera: 720p HD Camera: device is a keyboard
[    33.371] (II) config/udev: Adding input device 720p HD Camera: Samsung IR Came (/dev/input/event12)
[    33.371] (**) 720p HD Camera: Samsung IR Came: Applying InputClass "evdev keyboard catchall"
[    33.371] (**) 720p HD Camera: Samsung IR Came: Applying InputClass "libinput keyboard catchall"
[    33.371] (**) 720p HD Camera: Samsung IR Came: Applying InputClass "system-keyboard"
[    33.371] (II) Using input driver 'libinput' for '720p HD Camera: Samsung IR Came'
[    33.373] (II) systemd-logind: got fd for /dev/input/event12 13:76 fd 21 paused 0
[    33.373] (**) 720p HD Camera: Samsung IR Came: always reports core events
[    33.373] (**) Option "Device" "/dev/input/event12"
[    33.373] (**) Option "_source" "server/udev"
[    33.375] (II) event12 - 720p HD Camera: Samsung IR Came: is tagged by udev as: Keyboard
[    33.376] (II) event12 - 720p HD Camera: Samsung IR Came: device is a keyboard
[    33.376] (II) event12 - 720p HD Camera: Samsung IR Came: device removed
[    33.376] (**) Option "config_info" "udev:/sys/devices/pci0000:00/0000:00:14.0/usb1/1-6/1-6:1.2/input/input19/event12"
[    33.376] (II) XINPUT: Adding extended input device "720p HD Camera: Samsung IR Came" (type: KEYBOARD, id 10)
[    33.376] (**) Option "xkb_model" "pc105"
[    33.376] (**) Option "xkb_layout" "us"
[    33.379] (II) event12 - 720p HD Camera: Samsung IR Came: is tagged by udev as: Keyboard
[    33.379] (II) event12 - 720p HD Camera: Samsung IR Came: device is a keyboard
[    33.380] (II) config/udev: Adding input device Atmel Atmel maXTouch Digitizer (/dev/input/event7)
[    33.381] (**) Atmel Atmel maXTouch Digitizer: Applying InputClass "evdev touchscreen catchall"
[    33.381] (**) Atmel Atmel maXTouch Digitizer: Applying InputClass "libinput touchscreen catchall"
[    33.381] (II) Using input driver 'libinput' for 'Atmel Atmel maXTouch Digitizer'
[    33.445] (II) systemd-logind: got fd for /dev/input/event7 13:71 fd 22 paused 0
[    33.445] (**) Atmel Atmel maXTouch Digitizer: always reports core events
[    33.445] (**) Option "Device" "/dev/input/event7"
[    33.445] (**) Option "_source" "server/udev"
[    33.449] (II) event7  - Atmel Atmel maXTouch Digitizer: is tagged by udev as: Touchscreen
[    33.449] (II) event7  - Atmel Atmel maXTouch Digitizer: device is a touch device
[    33.449] (II) event7  - Atmel Atmel maXTouch Digitizer: device removed
[    33.449] (**) Option "config_info" "udev:/sys/devices/pci0000:00/0000:00:14.0/usb1/1-8/1-8:1.1/0003:03EB:2150.0004/input/input16/event7"
[    33.449] (II) XINPUT: Adding extended input device "Atmel Atmel maXTouch Digitizer" (type: TOUCHSCREEN, id 11)
[    33.449] (**) Option "AccelerationScheme" "none"
[    33.449] (**) Atmel Atmel maXTouch Digitizer: (accel) selected scheme none/0
[    33.450] (**) Atmel Atmel maXTouch Digitizer: (accel) acceleration factor: 2.000
[    33.450] (**) Atmel Atmel maXTouch Digitizer: (accel) acceleration threshold: 4
[    33.453] (II) event7  - Atmel Atmel maXTouch Digitizer: is tagged by udev as: Touchscreen
[    33.453] (II) event7  - Atmel Atmel maXTouch Digitizer: device is a touch device
[    33.455] (II) config/udev: Adding input device Atmel Atmel maXTouch Digitizer (/dev/input/mouse3)
[    33.455] (II) No input driver specified, ignoring this device.
[    33.455] (II) This device may have been added with another device file.
[    33.456] (II) config/udev: Adding input device Atmel Atmel maXTouch Digitizer Pen (/dev/input/event10)
[    33.456] (II) No input driver specified, ignoring this device.
[    33.456] (II) This device may have been added with another device file.
[    33.458] (II) config/udev: Adding input device SYN2602:00 06CB:78C9 Touchpad (/dev/input/event6)
[    33.458] (**) SYN2602:00 06CB:78C9 Touchpad: Applying InputClass "evdev touchpad catchall"
[    33.458] (**) SYN2602:00 06CB:78C9 Touchpad: Applying InputClass "libinput touchpad catchall"
[    33.458] (II) Using input driver 'libinput' for 'SYN2602:00 06CB:78C9 Touchpad'
[    33.460] (II) systemd-logind: got fd for /dev/input/event6 13:70 fd 23 paused 0
[    33.460] (**) SYN2602:00 06CB:78C9 Touchpad: always reports core events
[    33.460] (**) Option "Device" "/dev/input/event6"
[    33.460] (**) Option "_source" "server/udev"
[    33.464] (II) event6  - SYN2602:00 06CB:78C9 Touchpad: is tagged by udev as: Touchpad
[    33.486] (II) event6  - SYN2602:00 06CB:78C9 Touchpad: device is a touchpad
[    33.486] (II) event6  - SYN2602:00 06CB:78C9 Touchpad: device removed
[    33.486] (**) Option "config_info" "udev:/sys/devices/pci0000:00/0000:00:15.0/i2c_designware.0/i2c-1/i2c-SYN2602:00/0018:06CB:78C9.0001/input/input14/event6"
[    33.486] (II) XINPUT: Adding extended input device "SYN2602:00 06CB:78C9 Touchpad" (type: TOUCHPAD, id 12)
[    33.491] (**) Option "AccelerationScheme" "none"
[    33.491] (**) SYN2602:00 06CB:78C9 Touchpad: (accel) selected scheme none/0
[    33.491] (**) SYN2602:00 06CB:78C9 Touchpad: (accel) acceleration factor: 2.000
[    33.491] (**) SYN2602:00 06CB:78C9 Touchpad: (accel) acceleration threshold: 4
[    33.494] (II) event6  - SYN2602:00 06CB:78C9 Touchpad: is tagged by udev as: Touchpad
[    33.516] (II) event6  - SYN2602:00 06CB:78C9 Touchpad: device is a touchpad
[    33.518] (II) config/udev: Adding input device SYN2602:00 06CB:78C9 Touchpad (/dev/input/mouse0)
[    33.518] (II) No input driver specified, ignoring this device.
[    33.518] (II) This device may have been added with another device file.
[    33.519] (II) config/udev: Adding input device WCOM0032:00 2D1F:002E (/dev/input/event9)
[    33.519] (**) WCOM0032:00 2D1F:002E: Applying InputClass "evdev tablet catchall"
[    33.519] (**) WCOM0032:00 2D1F:002E: Applying InputClass "libinput tablet catchall"
[    33.519] (II) Using input driver 'libinput' for 'WCOM0032:00 2D1F:002E'
[    33.561] (II) systemd-logind: got fd for /dev/input/event9 13:73 fd 24 paused 0
[    33.561] (**) WCOM0032:00 2D1F:002E: always reports core events
[    33.561] (**) Option "Device" "/dev/input/event9"
[    33.562] (**) Option "_source" "server/udev"
[    33.566] (II) event9  - WCOM0032:00 2D1F:002E: is tagged by udev as: Tablet
[    33.585] (II) event9  - WCOM0032:00 2D1F:002E: tablet 'WCOM0032:00 2D1F:002E' unknown to libwacom
[    33.585] (II) event9  - WCOM0032:00 2D1F:002E: device is a tablet
[    33.585] (II) event9  - WCOM0032:00 2D1F:002E: device removed
[    33.585] (**) Option "config_info" "udev:/sys/devices/pci0000:00/0000:00:15.2/i2c_designware.1/i2c-2/i2c-WCOM0032:00/0018:2D1F:002E.0002/input/input10/event9"
[    33.585] (II) XINPUT: Adding extended input device "WCOM0032:00 2D1F:002E" (type: TABLET, id 13)
[    33.589] (II) event9  - WCOM0032:00 2D1F:002E: is tagged by udev as: Tablet
[    33.608] (II) event9  - WCOM0032:00 2D1F:002E: tablet 'WCOM0032:00 2D1F:002E' unknown to libwacom
[    33.608] (II) event9  - WCOM0032:00 2D1F:002E: device is a tablet
[    33.610] (II) config/udev: Adding input device WCOM0032:00 2D1F:002E (/dev/input/mouse2)
[    33.610] (II) No input driver specified, ignoring this device.
[    33.610] (II) This device may have been added with another device file.
[    33.611] (II) config/udev: Adding input device WCOM0032:00 2D1F:002E Mouse (/dev/input/event8)
[    33.612] (**) WCOM0032:00 2D1F:002E Mouse: Applying InputClass "evdev pointer catchall"
[    33.612] (**) WCOM0032:00 2D1F:002E Mouse: Applying InputClass "libinput pointer catchall"
[    33.612] (II) Using input driver 'libinput' for 'WCOM0032:00 2D1F:002E Mouse'
[    33.641] (II) systemd-logind: got fd for /dev/input/event8 13:72 fd 26 paused 0
[    33.641] (**) WCOM0032:00 2D1F:002E Mouse: always reports core events
[    33.641] (**) Option "Device" "/dev/input/event8"
[    33.642] (**) Option "_source" "server/udev"
[    33.645] (II) event8  - WCOM0032:00 2D1F:002E Mouse: is tagged by udev as: Mouse
[    33.646] (II) event8  - WCOM0032:00 2D1F:002E Mouse: device is a pointer
[    33.646] (II) event8  - WCOM0032:00 2D1F:002E Mouse: device removed
[    33.646] (**) Option "config_info" "udev:/sys/devices/pci0000:00/0000:00:15.2/i2c_designware.1/i2c-2/i2c-WCOM0032:00/0018:2D1F:002E.0002/input/input9/event8"
[    33.646] (II) XINPUT: Adding extended input device "WCOM0032:00 2D1F:002E Mouse" (type: MOUSE, id 14)
[    33.646] (**) Option "AccelerationScheme" "none"
[    33.646] (**) WCOM0032:00 2D1F:002E Mouse: (accel) selected scheme none/0
[    33.647] (**) WCOM0032:00 2D1F:002E Mouse: (accel) acceleration factor: 2.000
[    33.647] (**) WCOM0032:00 2D1F:002E Mouse: (accel) acceleration threshold: 4
[    33.650] (II) event8  - WCOM0032:00 2D1F:002E Mouse: is tagged by udev as: Mouse
[    33.650] (II) event8  - WCOM0032:00 2D1F:002E Mouse: device is a pointer
[    33.652] (II) config/udev: Adding input device WCOM0032:00 2D1F:002E Mouse (/dev/input/mouse1)
[    33.652] (II) No input driver specified, ignoring this device.
[    33.652] (II) This device may have been added with another device file.
[    33.653] (II) config/udev: Adding input device Intel Virtual Button driver (/dev/input/event4)
[    33.653] (**) Intel Virtual Button driver: Applying InputClass "evdev keyboard catchall"
[    33.653] (**) Intel Virtual Button driver: Applying InputClass "libinput keyboard catchall"
[    33.653] (**) Intel Virtual Button driver: Applying InputClass "system-keyboard"
[    33.654] (II) Using input driver 'libinput' for 'Intel Virtual Button driver'
[    33.656] (II) systemd-logind: got fd for /dev/input/event4 13:68 fd 27 paused 0
[    33.656] (**) Intel Virtual Button driver: always reports core events
[    33.656] (**) Option "Device" "/dev/input/event4"
[    33.656] (**) Option "_source" "server/udev"
[    33.658] (II) event4  - Intel Virtual Button driver: is tagged by udev as: Keyboard Switch
[    33.658] (II) event4  - Intel Virtual Button driver: device is a keyboard
[    33.659] (II) event4  - Intel Virtual Button driver: device is a switch device
[    33.659] (II) event4  - Intel Virtual Button driver: device removed
[    33.659] (**) Option "config_info" "udev:/sys/devices/pci0000:00/0000:00:1f.0/PNP0C09:00/INT33D6:00/input/input4/event4"
[    33.659] (II) XINPUT: Adding extended input device "Intel Virtual Button driver" (type: KEYBOARD, id 15)
[    33.659] (**) Option "xkb_model" "pc105"
[    33.659] (**) Option "xkb_layout" "us"
[    33.662] (II) event4  - Intel Virtual Button driver: is tagged by udev as: Keyboard Switch
[    33.662] (II) event4  - Intel Virtual Button driver: device is a keyboard
[    33.662] (II) event4  - Intel Virtual Button driver: device is a switch device
[    33.664] (II) config/udev: Adding input device HDA Intel PCH Mic (/dev/input/event14)
[    33.664] (II) No input driver specified, ignoring this device.
[    33.664] (II) This device may have been added with another device file.
[    33.665] (II) config/udev: Adding input device HDA Intel PCH Headphone (/dev/input/event15)
[    33.665] (II) No input driver specified, ignoring this device.
[    33.665] (II) This device may have been added with another device file.
[    33.666] (II) config/udev: Adding input device HDA Intel PCH HDMI/DP,pcm=3 (/dev/input/event16)
[    33.666] (II) No input driver specified, ignoring this device.
[    33.666] (II) This device may have been added with another device file.
[    33.667] (II) config/udev: Adding input device HDA Intel PCH HDMI/DP,pcm=7 (/dev/input/event17)
[    33.667] (II) No input driver specified, ignoring this device.
[    33.667] (II) This device may have been added with another device file.
[    33.668] (II) config/udev: Adding input device HDA Intel PCH HDMI/DP,pcm=8 (/dev/input/event18)
[    33.668] (II) No input driver specified, ignoring this device.
[    33.668] (II) This device may have been added with another device file.
[    33.669] (II) config/udev: Adding input device HDA Intel PCH HDMI/DP,pcm=9 (/dev/input/event19)
[    33.669] (II) No input driver specified, ignoring this device.
[    33.669] (II) This device may have been added with another device file.
[    33.670] (II) config/udev: Adding input device HDA Intel PCH HDMI/DP,pcm=10 (/dev/input/event20)
[    33.670] (II) No input driver specified, ignoring this device.
[    33.670] (II) This device may have been added with another device file.
[    33.671] (II) config/udev: Adding input device AT Translated Set 2 keyboard (/dev/input/event3)
[    33.671] (**) AT Translated Set 2 keyboard: Applying InputClass "evdev keyboard catchall"
[    33.671] (**) AT Translated Set 2 keyboard: Applying InputClass "libinput keyboard catchall"
[    33.671] (**) AT Translated Set 2 keyboard: Applying InputClass "system-keyboard"
[    33.671] (II) Using input driver 'libinput' for 'AT Translated Set 2 keyboard'
[    33.673] (II) systemd-logind: got fd for /dev/input/event3 13:67 fd 28 paused 0
[    33.673] (**) AT Translated Set 2 keyboard: always reports core events
[    33.673] (**) Option "Device" "/dev/input/event3"
[    33.673] (**) Option "_source" "server/udev"
[    33.676] (II) event3  - AT Translated Set 2 keyboard: is tagged by udev as: Keyboard
[    33.676] (II) event3  - AT Translated Set 2 keyboard: device is a keyboard
[    33.678] (II) event3  - AT Translated Set 2 keyboard: device removed
[    33.678] (**) Option "config_info" "udev:/sys/devices/platform/i8042/serio0/input/input3/event3"
[    33.678] (II) XINPUT: Adding extended input device "AT Translated Set 2 keyboard" (type: KEYBOARD, id 16)
[    33.678] (**) Option "xkb_model" "pc105"
[    33.678] (**) Option "xkb_layout" "us"
[    33.681] (II) event3  - AT Translated Set 2 keyboard: is tagged by udev as: Keyboard
[    33.681] (II) event3  - AT Translated Set 2 keyboard: device is a keyboard
[    33.684] (II) config/udev: Adding input device PC Speaker (/dev/input/event5)
[    33.684] (II) No input driver specified, ignoring this device.
[    33.684] (II) This device may have been added with another device file.
[    34.323] (II) intel(0): EDID vendor "BOE", prod id 1886
[    34.323] (II) intel(0): Printing DDC gathered Modelines:
[    34.323] (II) intel(0): Modeline "1920x1080"x0.0  147.80  1920 1968 2000 2200  1080 1083 1089 1120 +hsync -vsync (67.2 kHz eP)
[    34.323] (II) intel(0): Modeline "1920x1080"x0.0  118.30  1920 1968 2000 2200  1080 1083 1089 1120 +hsync -vsync (53.8 kHz e)
[   907.983] (EE) event6  - SYN2602:00 06CB:78C9 Touchpad: kernel bug: Touch jump detected and discarded.
See https://wayland.freedesktop.org/libinput/doc/1.13.4/touchpad-jumping-cursors.html for details
[   980.898] (EE) event6  - SYN2602:00 06CB:78C9 Touchpad: kernel bug: Touch jump detected and discarded.
See https://wayland.freedesktop.org/libinput/doc/1.13.4/touchpad-jumping-cursors.html for details
[  1124.912] (EE) event6  - SYN2602:00 06CB:78C9 Touchpad: kernel bug: Touch jump detected and discarded.
See https://wayland.freedesktop.org/libinput/doc/1.13.4/touchpad-jumping-cursors.html for details
[  1194.559] (EE) event6  - SYN2602:00 06CB:78C9 Touchpad: kernel bug: Touch jump detected and discarded.
See https://wayland.freedesktop.org/libinput/doc/1.13.4/touchpad-jumping-cursors.html for details
[  1614.222] (EE) event6  - SYN2602:00 06CB:78C9 Touchpad: kernel bug: Touch jump detected and discarded.
See https://wayland.freedesktop.org/libinput/doc/1.13.4/touchpad-jumping-cursors.html for details
[  1980.496] (EE) event6  - SYN2602:00 06CB:78C9 Touchpad: kernel bug: Touch jump detected and discarded.
See https://wayland.freedesktop.org/libinput/doc/1.13.4/touchpad-jumping-cursors.html for details
[  2019.425] (EE) event6  - SYN2602:00 06CB:78C9 Touchpad: kernel bug: Touch jump detected and discarded.
See https://wayland.freedesktop.org/libinput/doc/1.13.4/touchpad-jumping-cursors.html for details
[  2635.232] (EE) event6  - SYN2602:00 06CB:78C9 Touchpad: kernel bug: Touch jump detected and discarded.
See https://wayland.freedesktop.org/libinput/doc/1.13.4/touchpad-jumping-cursors.html for details
[  2791.553] (EE) event6  - SYN2602:00 06CB:78C9 Touchpad: kernel bug: Touch jump detected and discarded.
See https://wayland.freedesktop.org/libinput/doc/1.13.4/touchpad-jumping-cursors.html for details
[  2896.784] (EE) event6  - SYN2602:00 06CB:78C9 Touchpad: kernel bug: Touch jump detected and discarded.
See https://wayland.freedesktop.org/libinput/doc/1.13.4/touchpad-jumping-cursors.html for details
[  2939.322] (EE) event6  - SYN2602:00 06CB:78C9 Touchpad: kernel bug: Touch jump detected and discarded.
See https://wayland.freedesktop.org/libinput/doc/1.13.4/touchpad-jumping-cursors.html for details
[  3098.721] (EE) event6  - SYN2602:00 06CB:78C9 Touchpad: kernel bug: Touch jump detected and discarded.
See https://wayland.freedesktop.org/libinput/doc/1.13.4/touchpad-jumping-cursors.html for details
[  3168.975] (EE) event6  - SYN2602:00 06CB:78C9 Touchpad: kernel bug: Touch jump detected and discarded.
See https://wayland.freedesktop.org/libinput/doc/1.13.4/touchpad-jumping-cursors.html for details
[  3217.828] (EE) event6  - SYN2602:00 06CB:78C9 Touchpad: kernel bug: Touch jump detected and discarded.
See https://wayland.freedesktop.org/libinput/doc/1.13.4/touchpad-jumping-cursors.html for details
[  3433.910] (EE) event6  - SYN2602:00 06CB:78C9 Touchpad: kernel bug: Touch jump detected and discarded.
See https://wayland.freedesktop.org/libinput/doc/1.13.4/touchpad-jumping-cursors.html for details
[  4176.818] (EE) event6  - SYN2602:00 06CB:78C9 Touchpad: kernel bug: Touch jump detected and discarded.
See https://wayland.freedesktop.org/libinput/doc/1.13.4/touchpad-jumping-cursors.html for details
[  4176.878] (EE) event6  - SYN2602:00 06CB:78C9 Touchpad: kernel bug: Touch jump detected and discarded.
See https://wayland.freedesktop.org/libinput/doc/1.13.4/touchpad-jumping-cursors.html for details
[  4177.816] (EE) event6  - SYN2602:00 06CB:78C9 Touchpad: kernel bug: Touch jump detected and discarded.
See https://wayland.freedesktop.org/libinput/doc/1.13.4/touchpad-jumping-cursors.html for details
[  4177.816] (EE) event6  - SYN2602:00 06CB:78C9 Touchpad: kernel bug: Touch jump detected and discarded.
See https://wayland.freedesktop.org/libinput/doc/1.13.4/touchpad-jumping-cursors.html for details
[  4177.816] (EE) event6  - SYN2602:00 06CB:78C9 Touchpad: kernel bug: Touch jump detected and discarded.
See https://wayland.freedesktop.org/libinput/doc/1.13.4/touchpad-jumping-cursors.html for details
[  4177.816] (EE) event6  - SYN2602:00 06CB:78C9 Touchpad: kernel bug: Touch jump detected and discarded.
See https://wayland.freedesktop.org/libinput/doc/1.13.4/touchpad-jumping-cursors.html for details
[  4177.816] (EE) event6  - SYN2602:00 06CB:78C9 Touchpad: kernel bug: Touch jump detected and discarded.
See https://wayland.freedesktop.org/libinput/doc/1.13.4/touchpad-jumping-cursors.html for details
[  4177.816] (EE) event6  - SYN2602:00 06CB:78C9 Touchpad: kernel bug: Touch jump detected and discarded.
See https://wayland.freedesktop.org/libinput/doc/1.13.4/touchpad-jumping-cursors.html for details
[  4177.816] (EE) event6  - SYN2602:00 06CB:78C9 Touchpad: kernel bug: Touch jump detected and discarded.
See https://wayland.freedesktop.org/libinput/doc/1.13.4/touchpad-jumping-cursors.html for details
[  4177.816] (EE) event6  - SYN2602:00 06CB:78C9 Touchpad: kernel bug: Touch jump detected and discarded.
See https://wayland.freedesktop.org/libinput/doc/1.13.4/touchpad-jumping-cursors.html for details
[  4177.816] (EE) event6  - SYN2602:00 06CB:78C9 Touchpad: kernel bug: Touch jump detected and discarded.
See https://wayland.freedesktop.org/libinput/doc/1.13.4/touchpad-jumping-cursors.html for details
[  4177.816] (EE) event6  - SYN2602:00 06CB:78C9 Touchpad: kernel bug: Touch jump detected and discarded.
See https://wayland.freedesktop.org/libinput/doc/1.13.4/touchpad-jumping-cursors.html for details
[  4177.816] (EE) event6  - SYN2602:00 06CB:78C9 Touchpad: kernel bug: Touch jump detected and discarded.
See https://wayland.freedesktop.org/libinput/doc/1.13.4/touchpad-jumping-cursors.html for details
[  4177.816] (EE) event6  - SYN2602:00 06CB:78C9 Touchpad: kernel bug: Touch jump detected and discarded.
See https://wayland.freedesktop.org/libinput/doc/1.13.4/touchpad-jumping-cursors.html for details
[  4177.816] (EE) event6  - SYN2602:00 06CB:78C9 Touchpad: kernel bug: Touch jump detected and discarded.
See https://wayland.freedesktop.org/libinput/doc/1.13.4/touchpad-jumping-cursors.html for details
[  4177.816] (EE) event6  - SYN2602:00 06CB:78C9 Touchpad: kernel bug: Touch jump detected and discarded.
See https://wayland.freedesktop.org/libinput/doc/1.13.4/touchpad-jumping-cursors.html for details
[  4177.817] (EE) event6  - SYN2602:00 06CB:78C9 Touchpad: kernel bug: Touch jump detected and discarded.
See https://wayland.freedesktop.org/libinput/doc/1.13.4/touchpad-jumping-cursors.html for details
[  4177.817] (EE) event6  - SYN2602:00 06CB:78C9 Touchpad: kernel bug: Touch jump detected and discarded.
See https://wayland.freedesktop.org/libinput/doc/1.13.4/touchpad-jumping-cursors.html for details
[  4177.817] (EE) event6  - SYN2602:00 06CB:78C9 Touchpad: kernel bug: Touch jump detected and discarded.
See https://wayland.freedesktop.org/libinput/doc/1.13.4/touchpad-jumping-cursors.html for details
[  4177.817] (EE) event6  - SYN2602:00 06CB:78C9 Touchpad: kernel bug: Touch jump detected and discarded.
See https://wayland.freedesktop.org/libinput/doc/1.13.4/touchpad-jumping-cursors.html for details
[  4177.817] (EE) event6  - SYN2602:00 06CB:78C9 Touchpad: kernel bug: Touch jump detected and discarded.
See https://wayland.freedesktop.org/libinput/doc/1.13.4/touchpad-jumping-cursors.html for details
[  4177.859] (EE) event6  - SYN2602:00 06CB:78C9 Touchpad: kernel bug: Touch jump detected and discarded.
See https://wayland.freedesktop.org/libinput/doc/1.13.4/touchpad-jumping-cursors.html for details
[  4177.870] (EE) event6  - SYN2602:00 06CB:78C9 Touchpad: kernel bug: Touch jump detected and discarded.
See https://wayland.freedesktop.org/libinput/doc/1.13.4/touchpad-jumping-cursors.html for details
[  4177.938] (EE) event6  - SYN2602:00 06CB:78C9 Touchpad: kernel bug: Touch jump detected and discarded.
See https://wayland.freedesktop.org/libinput/doc/1.13.4/touchpad-jumping-cursors.html for details
[  4177.948] (EE) event6  - SYN2602:00 06CB:78C9 Touchpad: kernel bug: Touch jump detected and discarded.
See https://wayland.freedesktop.org/libinput/doc/1.13.4/touchpad-jumping-cursors.html for details
[  4177.969] (EE) event6  - SYN2602:00 06CB:78C9 Touchpad: kernel bug: Touch jump detected and discarded.
See https://wayland.freedesktop.org/libinput/doc/1.13.4/touchpad-jumping-cursors.html for details
[  4178.029] (EE) event6  - SYN2602:00 06CB:78C9 Touchpad: kernel bug: Touch jump detected and discarded.
See https://wayland.freedesktop.org/libinput/doc/1.13.4/touchpad-jumping-cursors.html for details
[  4178.071] (EE) event6  - SYN2602:00 06CB:78C9 Touchpad: kernel bug: Touch jump detected and discarded.
See https://wayland.freedesktop.org/libinput/doc/1.13.4/touchpad-jumping-cursors.html for details
[  4178.139] (EE) event6  - SYN2602:00 06CB:78C9 Touchpad: kernel bug: Touch jump detected and discarded.
See https://wayland.freedesktop.org/libinput/doc/1.13.4/touchpad-jumping-cursors.html for details
[  4178.217] (EE) event6  - SYN2602:00 06CB:78C9 Touchpad: kernel bug: Touch jump detected and discarded.
See https://wayland.freedesktop.org/libinput/doc/1.13.4/touchpad-jumping-cursors.html for details
[  4178.238] (EE) event6  - SYN2602:00 06CB:78C9 Touchpad: kernel bug: Touch jump detected and discarded.
See https://wayland.freedesktop.org/libinput/doc/1.13.4/touchpad-jumping-cursors.html for details
[  4178.277] (EE) event6  - SYN2602:00 06CB:78C9 Touchpad: kernel bug: Touch jump detected and discarded.
See https://wayland.freedesktop.org/libinput/doc/1.13.4/touchpad-jumping-cursors.html for details
[  4178.308] (EE) event6  - SYN2602:00 06CB:78C9 Touchpad: kernel bug: Touch jump detected and discarded.
See https://wayland.freedesktop.org/libinput/doc/1.13.4/touchpad-jumping-cursors.html for details
[  4178.319] (EE) event6  - SYN2602:00 06CB:78C9 Touchpad: kernel bug: Touch jump detected and discarded.
See https://wayland.freedesktop.org/libinput/doc/1.13.4/touchpad-jumping-cursors.html for details
[  4178.373] (EE) event6  - SYN2602:00 06CB:78C9 Touchpad: kernel bug: Touch jump detected and discarded.
See https://wayland.freedesktop.org/libinput/doc/1.13.4/touchpad-jumping-cursors.html for details
[  4178.394] (EE) event6  - SYN2602:00 06CB:78C9 Touchpad: kernel bug: Touch jump detected and discarded.
See https://wayland.freedesktop.org/libinput/doc/1.13.4/touchpad-jumping-cursors.html for details
[  4178.421] (EE) event6  - SYN2602:00 06CB:78C9 Touchpad: kernel bug: Touch jump detected and discarded.
See https://wayland.freedesktop.org/libinput/doc/1.13.4/touchpad-jumping-cursors.html for details
[  4178.475] (EE) event6  - SYN2602:00 06CB:78C9 Touchpad: kernel bug: Touch jump detected and discarded.
See https://wayland.freedesktop.org/libinput/doc/1.13.4/touchpad-jumping-cursors.html for details
[  4178.485] (EE) event6  - SYN2602:00 06CB:78C9 Touchpad: kernel bug: Touch jump detected and discarded.
See https://wayland.freedesktop.org/libinput/doc/1.13.4/touchpad-jumping-cursors.html for details
[  4178.520] (EE) event6  - SYN2602:00 06CB:78C9 Touchpad: kernel bug: Touch jump detected and discarded.
See https://wayland.freedesktop.org/libinput/doc/1.13.4/touchpad-jumping-cursors.html for details
[  4178.560] (EE) event6  - SYN2602:00 06CB:78C9 Touchpad: kernel bug: Touch jump detected and discarded.
See https://wayland.freedesktop.org/libinput/doc/1.13.4/touchpad-jumping-cursors.html for details
[  4178.570] (EE) event6  - SYN2602:00 06CB:78C9 Touchpad: kernel bug: Touch jump detected and discarded.
See https://wayland.freedesktop.org/libinput/doc/1.13.4/touchpad-jumping-cursors.html for details
[  4178.638] (EE) event6  - SYN2602:00 06CB:78C9 Touchpad: kernel bug: Touch jump detected and discarded.
See https://wayland.freedesktop.org/libinput/doc/1.13.4/touchpad-jumping-cursors.html for details
[  4178.648] (EE) event6  - SYN2602:00 06CB:78C9 Touchpad: kernel bug: Touch jump detected and discarded.
See https://wayland.freedesktop.org/libinput/doc/1.13.4/touchpad-jumping-cursors.html for details
[  4178.684] (EE) event6  - SYN2602:00 06CB:78C9 Touchpad: kernel bug: Touch jump detected and discarded.
See https://wayland.freedesktop.org/libinput/doc/1.13.4/touchpad-jumping-cursors.html for details
[  4178.747] (EE) event6  - SYN2602:00 06CB:78C9 Touchpad: kernel bug: Touch jump detected and discarded.
See https://wayland.freedesktop.org/libinput/doc/1.13.4/touchpad-jumping-cursors.html for details
[  4178.768] (EE) event6  - SYN2602:00 06CB:78C9 Touchpad: kernel bug: Touch jump detected and discarded.
See https://wayland.freedesktop.org/libinput/doc/1.13.4/touchpad-jumping-cursors.html for details
[  4178.778] (EE) event6  - SYN2602:00 06CB:78C9 Touchpad: kernel bug: Touch jump detected and discarded.
See https://wayland.freedesktop.org/libinput/doc/1.13.4/touchpad-jumping-cursors.html for details
[  4178.870] (EE) event6  - SYN2602:00 06CB:78C9 Touchpad: kernel bug: Touch jump detected and discarded.
See https://wayland.freedesktop.org/libinput/doc/1.13.4/touchpad-jumping-cursors.html for details
[  4179.024] (EE) event6  - SYN2602:00 06CB:78C9 Touchpad: kernel bug: Touch jump detected and discarded.
See https://wayland.freedesktop.org/libinput/doc/1.13.4/touchpad-jumping-cursors.html for details
[  4179.034] (EE) event6  - SYN2602:00 06CB:78C9 Touchpad: kernel bug: Touch jump detected and discarded.
See https://wayland.freedesktop.org/libinput/doc/1.13.4/touchpad-jumping-cursors.html for details
[  4179.049] (EE) event6  - SYN2602:00 06CB:78C9 Touchpad: kernel bug: Touch jump detected and discarded.
See https://wayland.freedesktop.org/libinput/doc/1.13.4/touchpad-jumping-cursors.html for details
[  4179.152] (EE) event6  - SYN2602:00 06CB:78C9 Touchpad: kernel bug: Touch jump detected and discarded.
See https://wayland.freedesktop.org/libinput/doc/1.13.4/touchpad-jumping-cursors.html for details
[  4179.243] (EE) event6  - SYN2602:00 06CB:78C9 Touchpad: kernel bug: Touch jump detected and discarded.
See https://wayland.freedesktop.org/libinput/doc/1.13.4/touchpad-jumping-cursors.html for details
[  4179.268] (EE) event6  - SYN2602:00 06CB:78C9 Touchpad: kernel bug: Touch jump detected and discarded.
See https://wayland.freedesktop.org/libinput/doc/1.13.4/touchpad-jumping-cursors.html for details
[  4179.294] (EE) event6  - SYN2602:00 06CB:78C9 Touchpad: kernel bug: Touch jump detected and discarded.
See https://wayland.freedesktop.org/libinput/doc/1.13.4/touchpad-jumping-cursors.html for details
[  4179.378] (EE) event6  - SYN2602:00 06CB:78C9 Touchpad: kernel bug: Touch jump detected and discarded.
See https://wayland.freedesktop.org/libinput/doc/1.13.4/touchpad-jumping-cursors.html for details
[  4179.387] (EE) event6  - SYN2602:00 06CB:78C9 Touchpad: kernel bug: Touch jump detected and discarded.
See https://wayland.freedesktop.org/libinput/doc/1.13.4/touchpad-jumping-cursors.html for details
[  4179.413] (EE) event6  - SYN2602:00 06CB:78C9 Touchpad: kernel bug: Touch jump detected and discarded.
See https://wayland.freedesktop.org/libinput/doc/1.13.4/touchpad-jumping-cursors.html for details
[  4179.422] (EE) event6  - SYN2602:00 06CB:78C9 Touchpad: kernel bug: Touch jump detected and discarded.
See https://wayland.freedesktop.org/libinput/doc/1.13.4/touchpad-jumping-cursors.html for details
[  4179.454] (EE) event6  - SYN2602:00 06CB:78C9 Touchpad: kernel bug: Touch jump detected and discarded.
See https://wayland.freedesktop.org/libinput/doc/1.13.4/touchpad-jumping-cursors.html for details
[  4179.468] (EE) event6  - SYN2602:00 06CB:78C9 Touchpad: kernel bug: Touch jump detected and discarded.
See https://wayland.freedesktop.org/libinput/doc/1.13.4/touchpad-jumping-cursors.html for details
[  4179.500] (EE) event6  - SYN2602:00 06CB:78C9 Touchpad: kernel bug: Touch jump detected and discarded.
See https://wayland.freedesktop.org/libinput/doc/1.13.4/touchpad-jumping-cursors.html for details
[  4179.544] (EE) event6  - SYN2602:00 06CB:78C9 Touchpad: kernel bug: Touch jump detected and discarded.
See https://wayland.freedesktop.org/libinput/doc/1.13.4/touchpad-jumping-cursors.html for details
[  4179.591] (EE) event6  - SYN2602:00 06CB:78C9 Touchpad: kernel bug: Touch jump detected and discarded.
See https://wayland.freedesktop.org/libinput/doc/1.13.4/touchpad-jumping-cursors.html for details
[  4179.616] (EE) event6  - SYN2602:00 06CB:78C9 Touchpad: kernel bug: Touch jump detected and discarded.
See https://wayland.freedesktop.org/libinput/doc/1.13.4/touchpad-jumping-cursors.html for details
[  4179.662] (EE) event6  - SYN2602:00 06CB:78C9 Touchpad: kernel bug: Touch jump detected and discarded.
See https://wayland.freedesktop.org/libinput/doc/1.13.4/touchpad-jumping-cursors.html for details
[  4179.690] (EE) event6  - SYN2602:00 06CB:78C9 Touchpad: kernel bug: Touch jump detected and discarded.
See https://wayland.freedesktop.org/libinput/doc/1.13.4/touchpad-jumping-cursors.html for details
[  4179.731] (EE) event6  - SYN2602:00 06CB:78C9 Touchpad: kernel bug: Touch jump detected and discarded.
See https://wayland.freedesktop.org/libinput/doc/1.13.4/touchpad-jumping-cursors.html for details
[  4210.633] (EE) event6  - SYN2602:00 06CB:78C9 Touchpad: kernel bug: Touch jump detected and discarded.
See https://wayland.freedesktop.org/libinput/doc/1.13.4/touchpad-jumping-cursors.html for details
[  4440.799] (EE) event6  - SYN2602:00 06CB:78C9 Touchpad: kernel bug: Touch jump detected and discarded.
See https://wayland.freedesktop.org/libinput/doc/1.13.4/touchpad-jumping-cursors.html for details
[  4510.333] (EE) event6  - SYN2602:00 06CB:78C9 Touchpad: kernel bug: Touch jump detected and discarded.
See https://wayland.freedesktop.org/libinput/doc/1.13.4/touchpad-jumping-cursors.html for details
[  4727.994] (EE) event6  - SYN2602:00 06CB:78C9 Touchpad: kernel bug: Touch jump detected and discarded.
See https://wayland.freedesktop.org/libinput/doc/1.13.4/touchpad-jumping-cursors.html for details
[  5047.486] (EE) event6  - SYN2602:00 06CB:78C9 Touchpad: kernel bug: Touch jump detected and discarded.
See https://wayland.freedesktop.org/libinput/doc/1.13.4/touchpad-jumping-cursors.html for details
[  5273.024] (EE) event6  - SYN2602:00 06CB:78C9 Touchpad: kernel bug: Touch jump detected and discarded.
See https://wayland.freedesktop.org/libinput/doc/1.13.4/touchpad-jumping-cursors.html for details
[  5287.511] (EE) event6  - SYN2602:00 06CB:78C9 Touchpad: kernel bug: Touch jump detected and discarded.
See https://wayland.freedesktop.org/libinput/doc/1.13.4/touchpad-jumping-cursors.html for details
[  5425.540] (EE) event6  - SYN2602:00 06CB:78C9 Touchpad: kernel bug: Touch jump detected and discarded.
See https://wayland.freedesktop.org/libinput/doc/1.13.4/touchpad-jumping-cursors.html for details
[  5563.025] (EE) event6  - SYN2602:00 06CB:78C9 Touchpad: kernel bug: Touch jump detected and discarded.
See https://wayland.freedesktop.org/libinput/doc/1.13.4/touchpad-jumping-cursors.html for details
[  5563.034] (EE) event6  - SYN2602:00 06CB:78C9 Touchpad: kernel bug: Touch jump detected and discarded.
See https://wayland.freedesktop.org/libinput/doc/1.13.4/touchpad-jumping-cursors.html for details
[  5563.048] (EE) event6  - SYN2602:00 06CB:78C9 Touchpad: kernel bug: Touch jump detected and discarded.
See https://wayland.freedesktop.org/libinput/doc/1.13.4/touchpad-jumping-cursors.html for details
[  5563.057] (EE) event6  - SYN2602:00 06CB:78C9 Touchpad: kernel bug: Touch jump detected and discarded.
See https://wayland.freedesktop.org/libinput/doc/1.13.4/touchpad-jumping-cursors.html for details
[  5563.071] (EE) event6  - SYN2602:00 06CB:78C9 Touchpad: kernel bug: Touch jump detected and discarded.
See https://wayland.freedesktop.org/libinput/doc/1.13.4/touchpad-jumping-cursors.html for details
[  5563.085] (EE) event6  - SYN2602:00 06CB:78C9 Touchpad: kernel bug: Touch jump detected and discarded.
See https://wayland.freedesktop.org/libinput/doc/1.13.4/touchpad-jumping-cursors.html for details
[  5563.116] (EE) event6  - SYN2602:00 06CB:78C9 Touchpad: kernel bug: Touch jump detected and discarded.
See https://wayland.freedesktop.org/libinput/doc/1.13.4/touchpad-jumping-cursors.html for details
[  5563.126] (EE) event6  - SYN2602:00 06CB:78C9 Touchpad: kernel bug: Touch jump detected and discarded.
See https://wayland.freedesktop.org/libinput/doc/1.13.4/touchpad-jumping-cursors.html for details
[  5563.232] (EE) event6  - SYN2602:00 06CB:78C9 Touchpad: kernel bug: Touch jump detected and discarded.
See https://wayland.freedesktop.org/libinput/doc/1.13.4/touchpad-jumping-cursors.html for details
[  5563.280] (EE) event6  - SYN2602:00 06CB:78C9 Touchpad: kernel bug: Touch jump detected and discarded.
See https://wayland.freedesktop.org/libinput/doc/1.13.4/touchpad-jumping-cursors.html for details
[  5563.290] (EE) event6  - SYN2602:00 06CB:78C9 Touchpad: kernel bug: Touch jump detected and discarded.
See https://wayland.freedesktop.org/libinput/doc/1.13.4/touchpad-jumping-cursors.html for details
[  5563.365] (EE) event6  - SYN2602:00 06CB:78C9 Touchpad: kernel bug: Touch jump detected and discarded.
See https://wayland.freedesktop.org/libinput/doc/1.13.4/touchpad-jumping-cursors.html for details
[  5563.406] (EE) event6  - SYN2602:00 06CB:78C9 Touchpad: kernel bug: Touch jump detected and discarded.
See https://wayland.freedesktop.org/libinput/doc/1.13.4/touchpad-jumping-cursors.html for details
[  5563.420] (EE) event6  - SYN2602:00 06CB:78C9 Touchpad: kernel bug: Touch jump detected and discarded.
See https://wayland.freedesktop.org/libinput/doc/1.13.4/touchpad-jumping-cursors.html for details
[  5563.441] (EE) event6  - SYN2602:00 06CB:78C9 Touchpad: kernel bug: Touch jump detected and discarded.
See https://wayland.freedesktop.org/libinput/doc/1.13.4/touchpad-jumping-cursors.html for details
[  5563.483] (EE) event6  - SYN2602:00 06CB:78C9 Touchpad: kernel bug: Touch jump detected and discarded.
See https://wayland.freedesktop.org/libinput/doc/1.13.4/touchpad-jumping-cursors.html for details
[  5563.561] (EE) event6  - SYN2602:00 06CB:78C9 Touchpad: kernel bug: Touch jump detected and discarded.
See https://wayland.freedesktop.org/libinput/doc/1.13.4/touchpad-jumping-cursors.html for details
[  5563.589] (EE) event6  - SYN2602:00 06CB:78C9 Touchpad: kernel bug: Touch jump detected and discarded.
See https://wayland.freedesktop.org/libinput/doc/1.13.4/touchpad-jumping-cursors.html for details
[  5563.701] (EE) event6  - SYN2602:00 06CB:78C9 Touchpad: kernel bug: Touch jump detected and discarded.
See https://wayland.freedesktop.org/libinput/doc/1.13.4/touchpad-jumping-cursors.html for details
[  5649.355] (II) libinput: WCOM0032:00 2D1F:002E: needs a virtual subdevice
[  5649.355] (**) WCOM0032:00 2D1F:002E Pen (0): Applying InputClass "evdev tablet catchall"
[  5649.355] (**) WCOM0032:00 2D1F:002E Pen (0): Applying InputClass "libinput tablet catchall"
[  5649.355] (II) Using input driver 'libinput' for 'WCOM0032:00 2D1F:002E Pen (0)'
[  5649.356] (II) systemd-logind: returning pre-existing fd for /dev/input/event9 13:73
[  5649.356] (**) WCOM0032:00 2D1F:002E Pen (0): always reports core events
[  5649.356] (**) Option "Device" "/dev/input/event9"
[  5649.356] (**) Option "_source" "_driver/libinput"
[  5649.356] (II) libinput: WCOM0032:00 2D1F:002E Pen (0): is a virtual subdevice
[  5649.356] (**) Option "config_info" "udev:/sys/devices/pci0000:00/0000:00:15.2/i2c_designware.1/i2c-2/i2c-WCOM0032:00/0018:2D1F:002E.0002/input/input10/event9"
[  5649.356] (II) XINPUT: Adding extended input device "WCOM0032:00 2D1F:002E Pen (0)" (type: STYLUS, id 17)
[  5649.357] (**) Option "AccelerationScheme" "none"
[  5649.360] (**) WCOM0032:00 2D1F:002E Pen (0): (accel) selected scheme none/0
[  5649.360] (**) WCOM0032:00 2D1F:002E Pen (0): (accel) acceleration factor: 2.000
[  5649.360] (**) WCOM0032:00 2D1F:002E Pen (0): (accel) acceleration threshold: 4
[  5691.334] (EE) event6  - SYN2602:00 06CB:78C9 Touchpad: kernel bug: Touch jump detected and discarded.
See https://wayland.freedesktop.org/libinput/doc/1.13.4/touchpad-jumping-cursors.html for details
[  5906.572] (EE) event6  - SYN2602:00 06CB:78C9 Touchpad: kernel bug: Touch jump detected and discarded.
See https://wayland.freedesktop.org/libinput/doc/1.13.4/touchpad-jumping-cursors.html for details
[  6686.269] (EE) event6  - SYN2602:00 06CB:78C9 Touchpad: kernel bug: Touch jump detected and discarded.
See https://wayland.freedesktop.org/libinput/doc/1.13.4/touchpad-jumping-cursors.html for details
[  6772.870] (EE) event6  - SYN2602:00 06CB:78C9 Touchpad: kernel bug: Touch jump detected and discarded.
See https://wayland.freedesktop.org/libinput/doc/1.13.4/touchpad-jumping-cursors.html for details
[  6828.211] (EE) event6  - SYN2602:00 06CB:78C9 Touchpad: kernel bug: Touch jump detected and discarded.
See https://wayland.freedesktop.org/libinput/doc/1.13.4/touchpad-jumping-cursors.html for details
[  6858.568] (EE) event6  - SYN2602:00 06CB:78C9 Touchpad: kernel bug: Touch jump detected and discarded.
See https://wayland.freedesktop.org/libinput/doc/1.13.4/touchpad-jumping-cursors.html for details
[  6862.002] (EE) event6  - SYN2602:00 06CB:78C9 Touchpad: kernel bug: Touch jump detected and discarded.
See https://wayland.freedesktop.org/libinput/doc/1.13.4/touchpad-jumping-cursors.html for details
[  7072.631] (EE) event6  - SYN2602:00 06CB:78C9 Touchpad: kernel bug: Touch jump detected and discarded.
See https://wayland.freedesktop.org/libinput/doc/1.13.4/touchpad-jumping-cursors.html for details
[  7134.674] (EE) event6  - SYN2602:00 06CB:78C9 Touchpad: kernel bug: Touch jump detected and discarded.
See https://wayland.freedesktop.org/libinput/doc/1.13.4/touchpad-jumping-cursors.html for details
[  7190.694] (EE) event6  - SYN2602:00 06CB:78C9 Touchpad: kernel bug: Touch jump detected and discarded.
See https://wayland.freedesktop.org/libinput/doc/1.13.4/touchpad-jumping-cursors.html for details
[  7379.914] (EE) event6  - SYN2602:00 06CB:78C9 Touchpad: kernel bug: Touch jump detected and discarded.
See https://wayland.freedesktop.org/libinput/doc/1.13.4/touchpad-jumping-cursors.html for details
[  7489.206] (EE) event6  - SYN2602:00 06CB:78C9 Touchpad: kernel bug: Touch jump detected and discarded.
See https://wayland.freedesktop.org/libinput/doc/1.13.4/touchpad-jumping-cursors.html for details
[  7505.487] (EE) event6  - SYN2602:00 06CB:78C9 Touchpad: kernel bug: Touch jump detected and discarded.
See https://wayland.freedesktop.org/libinput/doc/1.13.4/touchpad-jumping-cursors.html for details
[  7599.696] (EE) event6  - SYN2602:00 06CB:78C9 Touchpad: kernel bug: Touch jump detected and discarded.
See https://wayland.freedesktop.org/libinput/doc/1.13.4/touchpad-jumping-cursors.html for details
[  7615.077] (EE) event6  - SYN2602:00 06CB:78C9 Touchpad: kernel bug: Touch jump detected and discarded.
See https://wayland.freedesktop.org/libinput/doc/1.13.4/touchpad-jumping-cursors.html for details
[  7700.175] (EE) event6  - SYN2602:00 06CB:78C9 Touchpad: kernel bug: Touch jump detected and discarded.
See https://wayland.freedesktop.org/libinput/doc/1.13.4/touchpad-jumping-cursors.html for details
[  7839.741] (EE) event6  - SYN2602:00 06CB:78C9 Touchpad: kernel bug: Touch jump detected and discarded.
See https://wayland.freedesktop.org/libinput/doc/1.13.4/touchpad-jumping-cursors.html for details
[ 10623.930] (EE) event6  - SYN2602:00 06CB:78C9 Touchpad: kernel bug: Touch jump detected and discarded.
See https://wayland.freedesktop.org/libinput/doc/1.13.4/touchpad-jumping-cursors.html for details
[ 10624.019] (EE) event6  - SYN2602:00 06CB:78C9 Touchpad: kernel bug: Touch jump detected and discarded.
See https://wayland.freedesktop.org/libinput/doc/1.13.4/touchpad-jumping-cursors.html for details
[ 10624.295] (EE) event6  - SYN2602:00 06CB:78C9 Touchpad: kernel bug: Touch jump detected and discarded.
See https://wayland.freedesktop.org/libinput/doc/1.13.4/touchpad-jumping-cursors.html for details
[ 10624.295] (EE) event6  - SYN2602:00 06CB:78C9 Touchpad: kernel bug: Touch jump detected and discarded.
See https://wayland.freedesktop.org/libinput/doc/1.13.4/touchpad-jumping-cursors.html for details
[ 10624.295] (EE) event6  - SYN2602:00 06CB:78C9 Touchpad: kernel bug: Touch jump detected and discarded.
See https://wayland.freedesktop.org/libinput/doc/1.13.4/touchpad-jumping-cursors.html for details
[ 10624.295] (EE) event6  - SYN2602:00 06CB:78C9 Touchpad: kernel bug: Touch jump detected and discarded.
See https://wayland.freedesktop.org/libinput/doc/1.13.4/touchpad-jumping-cursors.html for details
[ 10624.295] (EE) event6  - SYN2602:00 06CB:78C9 Touchpad: kernel bug: Touch jump detected and discarded.
See https://wayland.freedesktop.org/libinput/doc/1.13.4/touchpad-jumping-cursors.html for details
[ 10624.300] (EE) event6  - SYN2602:00 06CB:78C9 Touchpad: kernel bug: Touch jump detected and discarded.
See https://wayland.freedesktop.org/libinput/doc/1.13.4/touchpad-jumping-cursors.html for details
[ 10843.307] (EE) event6  - SYN2602:00 06CB:78C9 Touchpad: kernel bug: Touch jump detected and discarded.
See https://wayland.freedesktop.org/libinput/doc/1.13.4/touchpad-jumping-cursors.html for details
[ 11412.254] (EE) event6  - SYN2602:00 06CB:78C9 Touchpad: kernel bug: Touch jump detected and discarded.
See https://wayland.freedesktop.org/libinput/doc/1.13.4/touchpad-jumping-cursors.html for details
[ 11450.922] (EE) event6  - SYN2602:00 06CB:78C9 Touchpad: kernel bug: Touch jump detected and discarded.
See https://wayland.freedesktop.org/libinput/doc/1.13.4/touchpad-jumping-cursors.html for details
[ 11847.607] (EE) event6  - SYN2602:00 06CB:78C9 Touchpad: kernel bug: Touch jump detected and discarded.
See https://wayland.freedesktop.org/libinput/doc/1.13.4/touchpad-jumping-cursors.html for details
[ 11940.002] (EE) event6  - SYN2602:00 06CB:78C9 Touchpad: kernel bug: Touch jump detected and discarded.
See https://wayland.freedesktop.org/libinput/doc/1.13.4/touchpad-jumping-cursors.html for details
[ 11982.334] (EE) event6  - SYN2602:00 06CB:78C9 Touchpad: kernel bug: Touch jump detected and discarded.
See https://wayland.freedesktop.org/libinput/doc/1.13.4/touchpad-jumping-cursors.html for details
[ 12034.843] (EE) event6  - SYN2602:00 06CB:78C9 Touchpad: kernel bug: Touch jump detected and discarded.
See https://wayland.freedesktop.org/libinput/doc/1.13.4/touchpad-jumping-cursors.html for details
[ 12235.337] (EE) event6  - SYN2602:00 06CB:78C9 Touchpad: kernel bug: Touch jump detected and discarded.
See https://wayland.freedesktop.org/libinput/doc/1.13.4/touchpad-jumping-cursors.html for details
[ 12291.429] (EE) event6  - SYN2602:00 06CB:78C9 Touchpad: kernel bug: Touch jump detected and discarded.
See https://wayland.freedesktop.org/libinput/doc/1.13.4/touchpad-jumping-cursors.html for details
[ 12552.455] (EE) event6  - SYN2602:00 06CB:78C9 Touchpad: kernel bug: Touch jump detected and discarded.
See https://wayland.freedesktop.org/libinput/doc/1.13.4/touchpad-jumping-cursors.html for details
[ 12679.300] (EE) event6  - SYN2602:00 06CB:78C9 Touchpad: kernel bug: Touch jump detected and discarded.
See https://wayland.freedesktop.org/libinput/doc/1.13.4/touchpad-jumping-cursors.html for details
[ 12731.760] (EE) event6  - SYN2602:00 06CB:78C9 Touchpad: kernel bug: Touch jump detected and discarded.
See https://wayland.freedesktop.org/libinput/doc/1.13.4/touchpad-jumping-cursors.html for details
[ 12842.591] (EE) event6  - SYN2602:00 06CB:78C9 Touchpad: kernel bug: Touch jump detected and discarded.
See https://wayland.freedesktop.org/libinput/doc/1.13.4/touchpad-jumping-cursors.html for details
[ 12948.946] (EE) event6  - SYN2602:00 06CB:78C9 Touchpad: kernel bug: Touch jump detected and discarded.
See https://wayland.freedesktop.org/libinput/doc/1.13.4/touchpad-jumping-cursors.html for details
[ 13009.891] (EE) event6  - SYN2602:00 06CB:78C9 Touchpad: kernel bug: Touch jump detected and discarded.
See https://wayland.freedesktop.org/libinput/doc/1.13.4/touchpad-jumping-cursors.html for details
[ 13251.890] (EE) event6  - SYN2602:00 06CB:78C9 Touchpad: kernel bug: Touch jump detected and discarded.
See https://wayland.freedesktop.org/libinput/doc/1.13.4/touchpad-jumping-cursors.html for details
[ 13344.241] (EE) event6  - SYN2602:00 06CB:78C9 Touchpad: kernel bug: Touch jump detected and discarded.
See https://wayland.freedesktop.org/libinput/doc/1.13.4/touchpad-jumping-cursors.html for details
[ 13986.807] (EE) event6  - SYN2602:00 06CB:78C9 Touchpad: kernel bug: Touch jump detected and discarded.
See https://wayland.freedesktop.org/libinput/doc/1.13.4/touchpad-jumping-cursors.html for details
[ 14145.012] (EE) event6  - SYN2602:00 06CB:78C9 Touchpad: kernel bug: Touch jump detected and discarded.
See https://wayland.freedesktop.org/libinput/doc/1.13.4/touchpad-jumping-cursors.html for details
[ 14163.958] (EE) event6  - SYN2602:00 06CB:78C9 Touchpad: kernel bug: Touch jump detected and discarded.
See https://wayland.freedesktop.org/libinput/doc/1.13.4/touchpad-jumping-cursors.html for details
[ 14363.017] (EE) event6  - SYN2602:00 06CB:78C9 Touchpad: kernel bug: Touch jump detected and discarded.
See https://wayland.freedesktop.org/libinput/doc/1.13.4/touchpad-jumping-cursors.html for details
[ 14404.698] (EE) event6  - SYN2602:00 06CB:78C9 Touchpad: kernel bug: Touch jump detected and discarded.
See https://wayland.freedesktop.org/libinput/doc/1.13.4/touchpad-jumping-cursors.html for details
[ 14808.013] (EE) event6  - SYN2602:00 06CB:78C9 Touchpad: kernel bug: Touch jump detected and discarded.
See https://wayland.freedesktop.org/libinput/doc/1.13.4/touchpad-jumping-cursors.html for details
[ 14880.954] (EE) event6  - SYN2602:00 06CB:78C9 Touchpad: kernel bug: Touch jump detected and discarded.
See https://wayland.freedesktop.org/libinput/doc/1.13.4/touchpad-jumping-cursors.html for details
[ 15093.264] (EE) event6  - SYN2602:00 06CB:78C9 Touchpad: kernel bug: Touch jump detected and discarded.
See https://wayland.freedesktop.org/libinput/doc/1.13.4/touchpad-jumping-cursors.html for details
[ 15402.435] (EE) event6  - SYN2602:00 06CB:78C9 Touchpad: kernel bug: Touch jump detected and discarded.
See https://wayland.freedesktop.org/libinput/doc/1.13.4/touchpad-jumping-cursors.html for details
[ 15642.990] (EE) event6  - SYN2602:00 06CB:78C9 Touchpad: kernel bug: Touch jump detected and discarded.
See https://wayland.freedesktop.org/libinput/doc/1.13.4/touchpad-jumping-cursors.html for details
[ 15766.647] (EE) event6  - SYN2602:00 06CB:78C9 Touchpad: kernel bug: Touch jump detected and discarded.
See https://wayland.freedesktop.org/libinput/doc/1.13.4/touchpad-jumping-cursors.html for details
[ 15925.909] (EE) event6  - SYN2602:00 06CB:78C9 Touchpad: kernel bug: Touch jump detected and discarded.
See https://wayland.freedesktop.org/libinput/doc/1.13.4/touchpad-jumping-cursors.html for details
