[  1973.966] 
X.Org X Server 1.20.4
X Protocol Version 11, Revision 0
[  1973.966] Build Operating System: Linux Arch Linux
[  1973.966] Current Operating System: Linux surface-go-arch 5.0.0-arch1-1-ARCH #1 SMP PREEMPT Mon Mar 4 14:11:43 UTC 2019 x86_64
[  1973.966] Kernel command line: BOOT_IMAGE=/vmlinuz-linux root=/dev/mmcblk1p1 rw quiet resume=UUID=2db7b908-4615-4adf-861b-13037b175047
[  1973.966] Build Date: 27 February 2019  04:04:00PM
[  1973.966]  
[  1973.966] Current version of pixman: 0.38.0
[  1973.966] 	Before reporting problems, check http://wiki.x.org
	to make sure that you have the latest version.
[  1973.966] Markers: (--) probed, (**) from config file, (==) default setting,
	(++) from command line, (!!) notice, (II) informational,
	(WW) warning, (EE) error, (NI) not implemented, (??) unknown.
[  1973.967] (==) Log file: "/var/log/Xorg.1.log", Time: Wed Mar 13 06:00:25 2019
[  1973.967] (==) Using config directory: "/etc/X11/xorg.conf.d"
[  1973.967] (==) Using system config directory "/usr/share/X11/xorg.conf.d"
[  1973.967] (==) No Layout section.  Using the first Screen section.
[  1973.967] (==) No screen section available. Using defaults.
[  1973.967] (**) |-->Screen "Default Screen Section" (0)
[  1973.967] (**) |   |-->Monitor "<default monitor>"
[  1973.968] (==) No monitor specified for screen "Default Screen Section".
	Using a default monitor configuration.
[  1973.968] (**) Option "DontZap" "false"
[  1973.968] (==) Automatically adding devices
[  1973.968] (==) Automatically enabling devices
[  1973.968] (==) Automatically adding GPU devices
[  1973.968] (==) Automatically binding GPU devices
[  1973.968] (==) Max clients allowed: 256, resource mask: 0x1fffff
[  1973.968] (==) FontPath set to:
	/usr/share/fonts/misc,
	/usr/share/fonts/TTF,
	/usr/share/fonts/OTF,
	/usr/share/fonts/Type1,
	/usr/share/fonts/100dpi,
	/usr/share/fonts/75dpi
[  1973.968] (==) ModulePath set to "/usr/lib/xorg/modules"
[  1973.968] (II) The server relies on udev to provide the list of input devices.
	If no devices become available, reconfigure udev or disable AutoAddDevices.
[  1973.968] (II) Module ABI versions:
[  1973.968] 	X.Org ANSI C Emulation: 0.4
[  1973.968] 	X.Org Video Driver: 24.0
[  1973.968] 	X.Org XInput driver : 24.1
[  1973.968] 	X.Org Server Extension : 10.0
[  1973.971] (++) using VT number 8

[  1973.971] (II) systemd-logind: logind integration requires -keeptty and -keeptty was not provided, disabling logind integration
[  1973.973] (II) xfree86: Adding drm device (/dev/dri/card0)
[  1973.973] (EE) /dev/dri/card0: failed to set DRM interface version 1.4: Permission denied
[  1973.979] (--) PCI:*(0@0:2:0) 8086:591e:152d:1182 rev 2, Mem @ 0xb0000000/16777216, 0xa0000000/268435456, I/O @ 0x00003000/64, BIOS @ 0x????????/131072
[  1973.979] (WW) Open ACPI failed (/var/run/acpid.socket) (No such file or directory)
[  1973.979] (II) LoadModule: "glx"
[  1973.980] (II) Loading /usr/lib/xorg/modules/extensions/libglx.so
[  1973.984] (II) Module glx: vendor="X.Org Foundation"
[  1973.984] 	compiled for 1.20.4, module version = 1.0.0
[  1973.984] 	ABI class: X.Org Server Extension, version 10.0
[  1973.984] (==) Matched intel as autoconfigured driver 0
[  1973.984] (==) Matched modesetting as autoconfigured driver 1
[  1973.984] (==) Matched fbdev as autoconfigured driver 2
[  1973.984] (==) Matched vesa as autoconfigured driver 3
[  1973.984] (==) Assigned the driver to the xf86ConfigLayout
[  1973.984] (II) LoadModule: "intel"
[  1973.988] (II) Loading /usr/lib/xorg/modules/drivers/intel_drv.so
[  1973.989] (II) Module intel: vendor="X.Org Foundation"
[  1973.989] 	compiled for 1.20.3, module version = 2.99.917
[  1973.989] 	Module class: X.Org Video Driver
[  1973.989] 	ABI class: X.Org Video Driver, version 24.0
[  1973.989] (II) LoadModule: "modesetting"
[  1973.989] (II) Loading /usr/lib/xorg/modules/drivers/modesetting_drv.so
[  1973.990] (II) Module modesetting: vendor="X.Org Foundation"
[  1973.990] 	compiled for 1.20.4, module version = 1.20.4
[  1973.990] 	Module class: X.Org Video Driver
[  1973.990] 	ABI class: X.Org Video Driver, version 24.0
[  1973.990] (II) LoadModule: "fbdev"
[  1973.991] (II) Loading /usr/lib/xorg/modules/drivers/fbdev_drv.so
[  1973.991] (II) Module fbdev: vendor="X.Org Foundation"
[  1973.991] 	compiled for 1.20.0, module version = 0.5.0
[  1973.991] 	Module class: X.Org Video Driver
[  1973.991] 	ABI class: X.Org Video Driver, version 24.0
[  1973.991] (II) LoadModule: "vesa"
[  1973.991] (II) Loading /usr/lib/xorg/modules/drivers/vesa_drv.so
[  1973.991] (II) Module vesa: vendor="X.Org Foundation"
[  1973.991] 	compiled for 1.20.0, module version = 2.4.0
[  1973.991] 	Module class: X.Org Video Driver
[  1973.991] 	ABI class: X.Org Video Driver, version 24.0
[  1973.991] (II) intel: Driver for Intel(R) Integrated Graphics Chipsets:
	i810, i810-dc100, i810e, i815, i830M, 845G, 854, 852GM/855GM, 865G,
	915G, E7221 (i915), 915GM, 945G, 945GM, 945GME, Pineview GM,
	Pineview G, 965G, G35, 965Q, 946GZ, 965GM, 965GME/GLE, G33, Q35, Q33,
	GM45, 4 Series, G45/G43, Q45/Q43, G41, B43
[  1973.991] (II) intel: Driver for Intel(R) HD Graphics
[  1973.991] (II) intel: Driver for Intel(R) Iris(TM) Graphics
[  1973.991] (II) intel: Driver for Intel(R) Iris(TM) Pro Graphics
[  1973.992] (II) modesetting: Driver for Modesetting Kernel Drivers: kms
[  1973.992] (II) FBDEV: driver for framebuffer: fbdev
[  1973.992] (II) VESA: driver for VESA chipsets: vesa
[  1974.455] (II) intel(0): Using Kernel Mode Setting driver: i915, version 1.6.0 20181204
[  1974.455] (II) intel(0): SNA compiled from 2.99.917-860-g3a2dec17
[  1974.471] (WW) Falling back to old probe method for modesetting
[  1974.471] (WW) Falling back to old probe method for fbdev
[  1974.471] (II) Loading sub module "fbdevhw"
[  1974.471] (II) LoadModule: "fbdevhw"
[  1974.471] (II) Loading /usr/lib/xorg/modules/libfbdevhw.so
[  1974.471] (II) Module fbdevhw: vendor="X.Org Foundation"
[  1974.471] 	compiled for 1.20.4, module version = 0.0.2
[  1974.471] 	ABI class: X.Org Video Driver, version 24.0
[  1974.472] (--) intel(0): Integrated Graphics Chipset: Intel(R) HD Graphics 615
[  1974.472] (--) intel(0): CPU: x86-64, sse2, sse3, ssse3, sse4.1, sse4.2; using a maximum of 2 threads
[  1974.472] (II) intel(0): Creating default Display subsection in Screen section
	"Default Screen Section" for depth/fbbpp 24/32
[  1974.472] (==) intel(0): Depth 24, (--) framebuffer bpp 32
[  1974.472] (==) intel(0): RGB weight 888
[  1974.472] (==) intel(0): Default visual is TrueColor
[  1974.473] (II) intel(0): Output eDP1 has no monitor section
[  1974.473] (**) intel(0): Found backlight control interface intel_backlight (type 'raw') for output eDP1
[  1974.473] (II) intel(0): Enabled output eDP1
[  1974.473] (II) intel(0): Output DP1 has no monitor section
[  1974.474] (II) intel(0): Enabled output DP1
[  1974.474] (II) intel(0): Output HDMI1 has no monitor section
[  1974.474] (II) intel(0): Enabled output HDMI1
[  1974.474] (II) intel(0): Output DP2 has no monitor section
[  1974.474] (II) intel(0): Enabled output DP2
[  1974.474] (II) intel(0): Output HDMI2 has no monitor section
[  1974.474] (II) intel(0): Enabled output HDMI2
[  1974.474] (--) intel(0): Using a maximum size of 256x256 for hardware cursors
[  1974.475] (II) intel(0): Output VIRTUAL1 has no monitor section
[  1974.475] (II) intel(0): Enabled output VIRTUAL1
[  1974.475] (--) intel(0): Output eDP1 using initial mode 1800x1200 on pipe 0
[  1974.475] (==) intel(0): TearFree enabled
[  1974.475] (==) intel(0): Using gamma correction (1.0, 1.0, 1.0)
[  1974.475] (==) intel(0): DPI set to (96, 96)
[  1974.475] (II) Loading sub module "dri3"
[  1974.475] (II) LoadModule: "dri3"
[  1974.475] (II) Module "dri3" already built-in
[  1974.475] (II) Loading sub module "dri2"
[  1974.475] (II) LoadModule: "dri2"
[  1974.475] (II) Module "dri2" already built-in
[  1974.475] (II) Loading sub module "present"
[  1974.475] (II) LoadModule: "present"
[  1974.475] (II) Module "present" already built-in
[  1974.475] (II) UnloadModule: "modesetting"
[  1974.475] (II) Unloading modesetting
[  1974.475] (II) UnloadModule: "fbdev"
[  1974.475] (II) Unloading fbdev
[  1974.475] (II) UnloadSubModule: "fbdevhw"
[  1974.475] (II) Unloading fbdevhw
[  1974.475] (II) UnloadModule: "vesa"
[  1974.475] (II) Unloading vesa
[  1974.476] (II) intel(0): SNA initialized with Kabylake (gen9) backend
[  1974.476] (==) intel(0): Backing store enabled
[  1974.476] (==) intel(0): Silken mouse disabled
[  1974.476] (II) intel(0): HW Cursor enabled
[  1974.477] (==) intel(0): DPMS enabled
[  1974.477] (==) intel(0): Display hotplug detection enabled
[  1974.477] (II) intel(0): [DRI2] Setup complete
[  1974.477] (II) intel(0): [DRI2]   DRI driver: i965
[  1974.477] (II) intel(0): [DRI2]   VDPAU driver: va_gl
[  1974.477] (II) intel(0): direct rendering: DRI2 DRI3 enabled
[  1974.477] (II) intel(0): hardware support for Present enabled
[  1974.477] (II) Initializing extension Generic Event Extension
[  1974.477] (II) Initializing extension SHAPE
[  1974.478] (II) Initializing extension MIT-SHM
[  1974.478] (II) Initializing extension XInputExtension
[  1974.478] (II) Initializing extension XTEST
[  1974.479] (II) Initializing extension BIG-REQUESTS
[  1974.479] (II) Initializing extension SYNC
[  1974.479] (II) Initializing extension XKEYBOARD
[  1974.480] (II) Initializing extension XC-MISC
[  1974.480] (II) Initializing extension SECURITY
[  1974.480] (II) Initializing extension XFIXES
[  1974.481] (II) Initializing extension RENDER
[  1974.481] (II) Initializing extension RANDR
[  1974.482] (II) Initializing extension COMPOSITE
[  1974.482] (II) Initializing extension DAMAGE
[  1974.482] (II) Initializing extension MIT-SCREEN-SAVER
[  1974.483] (II) Initializing extension DOUBLE-BUFFER
[  1974.483] (II) Initializing extension RECORD
[  1974.483] (II) Initializing extension DPMS
[  1974.484] (II) Initializing extension Present
[  1974.484] (II) Initializing extension DRI3
[  1974.484] (II) Initializing extension X-Resource
[  1974.485] (II) Initializing extension XVideo
[  1974.485] (II) Initializing extension XVideo-MotionCompensation
[  1974.485] (II) Initializing extension GLX
[  1974.513] (II) AIGLX: Loaded and initialized i965
[  1974.513] (II) GLX: Initialized DRI2 GL provider for screen 0
[  1974.513] (II) Initializing extension XFree86-VidModeExtension
[  1974.513] (II) Initializing extension XFree86-DGA
[  1974.513] (II) Initializing extension XFree86-DRI
[  1974.514] (II) Initializing extension DRI2
[  1974.521] (II) intel(0): switch to mode 1800x1200@60.0 on eDP1 using pipe 0, position (0, 0), rotation normal, reflection none
[  1974.527] (II) intel(0): Setting screen physical size to 476 x 317
[  1974.676] (II) config/udev: Adding input device Video Bus (/dev/input/event6)
[  1974.676] (**) Video Bus: Applying InputClass "libinput keyboard catchall"
[  1974.676] (**) Video Bus: Applying InputClass "system-keyboard"
[  1974.676] (**) Video Bus: Applying InputClass "Keyboard Defaults"
[  1974.676] (II) LoadModule: "libinput"
[  1974.676] (II) Loading /usr/lib/xorg/modules/input/libinput_drv.so
[  1974.678] (II) Module libinput: vendor="X.Org Foundation"
[  1974.678] 	compiled for 1.20.3, module version = 0.28.2
[  1974.678] 	Module class: X.Org XInput Driver
[  1974.678] 	ABI class: X.Org XInput driver, version 24.1
[  1974.678] (II) Using input driver 'libinput' for 'Video Bus'
[  1974.678] (**) Video Bus: always reports core events
[  1974.678] (**) Option "Device" "/dev/input/event6"
[  1974.678] (**) Option "_source" "server/udev"
[  1974.680] (II) event6  - Video Bus: is tagged by udev as: Keyboard
[  1974.680] (II) event6  - Video Bus: device is a keyboard
[  1974.680] (II) event6  - Video Bus: device removed
[  1974.734] (**) Option "config_info" "udev:/sys/devices/LNXSYSTM:00/LNXSYBUS:00/PNP0A08:00/LNXVIDEO:00/input/input15/event6"
[  1974.734] (II) XINPUT: Adding extended input device "Video Bus" (type: KEYBOARD, id 6)
[  1974.734] (**) Option "xkb_layout" "us"
[  1974.734] (**) Option "xkb_options" "terminate:ctrl_alt_bksp"
[  1974.774] (II) event6  - Video Bus: is tagged by udev as: Keyboard
[  1974.774] (II) event6  - Video Bus: device is a keyboard
[  1974.775] (II) config/udev: Adding input device Power Button (/dev/input/event0)
[  1974.775] (**) Power Button: Applying InputClass "libinput keyboard catchall"
[  1974.775] (**) Power Button: Applying InputClass "system-keyboard"
[  1974.775] (**) Power Button: Applying InputClass "Keyboard Defaults"
[  1974.775] (II) Using input driver 'libinput' for 'Power Button'
[  1974.775] (**) Power Button: always reports core events
[  1974.775] (**) Option "Device" "/dev/input/event0"
[  1974.775] (**) Option "_source" "server/udev"
[  1974.776] (II) event0  - Power Button: is tagged by udev as: Keyboard
[  1974.776] (II) event0  - Power Button: device is a keyboard
[  1974.776] (II) event0  - Power Button: device removed
[  1974.810] (**) Option "config_info" "udev:/sys/devices/LNXSYSTM:00/LNXSYBUS:00/PNP0C0C:00/input/input0/event0"
[  1974.810] (II) XINPUT: Adding extended input device "Power Button" (type: KEYBOARD, id 7)
[  1974.810] (**) Option "xkb_layout" "us"
[  1974.811] (**) Option "xkb_options" "terminate:ctrl_alt_bksp"
[  1974.812] (II) event0  - Power Button: is tagged by udev as: Keyboard
[  1974.812] (II) event0  - Power Button: device is a keyboard
[  1974.813] (II) config/udev: Adding input device Lid Switch (/dev/input/event1)
[  1974.813] (II) No input driver specified, ignoring this device.
[  1974.813] (II) This device may have been added with another device file.
[  1974.814] (II) config/udev: Adding drm device (/dev/dri/card0)
[  1974.814] (II) xfree86: Adding drm device (/dev/dri/card0)
[  1974.814] (EE) /dev/dri/card0: failed to set DRM interface version 1.4: Permission denied
[  1974.816] (II) config/udev: Adding input device Silitek Gateway Generic USB Hub (/dev/input/event16)
[  1974.816] (**) Silitek Gateway Generic USB Hub: Applying InputClass "libinput keyboard catchall"
[  1974.816] (**) Silitek Gateway Generic USB Hub: Applying InputClass "system-keyboard"
[  1974.816] (**) Silitek Gateway Generic USB Hub: Applying InputClass "Keyboard Defaults"
[  1974.816] (II) Using input driver 'libinput' for 'Silitek Gateway Generic USB Hub'
[  1974.816] (**) Silitek Gateway Generic USB Hub: always reports core events
[  1974.816] (**) Option "Device" "/dev/input/event16"
[  1974.816] (**) Option "_source" "server/udev"
[  1974.819] (II) event16 - Silitek Gateway Generic USB Hub: is tagged by udev as: Keyboard
[  1974.819] (II) event16 - Silitek Gateway Generic USB Hub: device is a keyboard
[  1974.819] (II) event16 - Silitek Gateway Generic USB Hub: device removed
[  1974.837] (**) Option "config_info" "udev:/sys/devices/pci0000:00/0000:00:14.0/usb1/1-1/1-1.3/1-1.3.1/1-1.3.1:1.0/0003:0443:002E.0004/input/input32/event16"
[  1974.837] (II) XINPUT: Adding extended input device "Silitek Gateway Generic USB Hub" (type: KEYBOARD, id 8)
[  1974.837] (**) Option "xkb_layout" "us"
[  1974.837] (**) Option "xkb_options" "terminate:ctrl_alt_bksp"
[  1974.841] (II) event16 - Silitek Gateway Generic USB Hub: is tagged by udev as: Keyboard
[  1974.841] (II) event16 - Silitek Gateway Generic USB Hub: device is a keyboard
[  1974.843] (II) config/udev: Adding input device Silitek Gateway Generic USB Hub Consumer Control (/dev/input/event17)
[  1974.843] (**) Silitek Gateway Generic USB Hub Consumer Control: Applying InputClass "libinput keyboard catchall"
[  1974.843] (**) Silitek Gateway Generic USB Hub Consumer Control: Applying InputClass "system-keyboard"
[  1974.843] (**) Silitek Gateway Generic USB Hub Consumer Control: Applying InputClass "Keyboard Defaults"
[  1974.843] (II) Using input driver 'libinput' for 'Silitek Gateway Generic USB Hub Consumer Control'
[  1974.843] (**) Silitek Gateway Generic USB Hub Consumer Control: always reports core events
[  1974.843] (**) Option "Device" "/dev/input/event17"
[  1974.843] (**) Option "_source" "server/udev"
[  1974.846] (II) event17 - Silitek Gateway Generic USB Hub Consumer Control: is tagged by udev as: Keyboard
[  1974.846] (II) event17 - Silitek Gateway Generic USB Hub Consumer Control: device is a keyboard
[  1974.846] (II) event17 - Silitek Gateway Generic USB Hub Consumer Control: device removed
[  1974.900] (**) Option "config_info" "udev:/sys/devices/pci0000:00/0000:00:14.0/usb1/1-1/1-1.3/1-1.3.1/1-1.3.1:1.1/0003:0443:002E.0005/input/input33/event17"
[  1974.900] (II) XINPUT: Adding extended input device "Silitek Gateway Generic USB Hub Consumer Control" (type: KEYBOARD, id 9)
[  1974.900] (**) Option "xkb_layout" "us"
[  1974.901] (**) Option "xkb_options" "terminate:ctrl_alt_bksp"
[  1974.904] (II) event17 - Silitek Gateway Generic USB Hub Consumer Control: is tagged by udev as: Keyboard
[  1974.904] (II) event17 - Silitek Gateway Generic USB Hub Consumer Control: device is a keyboard
[  1974.906] (II) config/udev: Adding input device Silitek Gateway Generic USB Hub System Control (/dev/input/event18)
[  1974.906] (**) Silitek Gateway Generic USB Hub System Control: Applying InputClass "libinput keyboard catchall"
[  1974.906] (**) Silitek Gateway Generic USB Hub System Control: Applying InputClass "system-keyboard"
[  1974.906] (**) Silitek Gateway Generic USB Hub System Control: Applying InputClass "Keyboard Defaults"
[  1974.906] (II) Using input driver 'libinput' for 'Silitek Gateway Generic USB Hub System Control'
[  1974.906] (**) Silitek Gateway Generic USB Hub System Control: always reports core events
[  1974.906] (**) Option "Device" "/dev/input/event18"
[  1974.906] (**) Option "_source" "server/udev"
[  1974.909] (II) event18 - Silitek Gateway Generic USB Hub System Control: is tagged by udev as: Keyboard
[  1974.909] (II) event18 - Silitek Gateway Generic USB Hub System Control: device is a keyboard
[  1974.910] (II) event18 - Silitek Gateway Generic USB Hub System Control: device removed
[  1974.944] (**) Option "config_info" "udev:/sys/devices/pci0000:00/0000:00:14.0/usb1/1-1/1-1.3/1-1.3.1/1-1.3.1:1.1/0003:0443:002E.0005/input/input34/event18"
[  1974.944] (II) XINPUT: Adding extended input device "Silitek Gateway Generic USB Hub System Control" (type: KEYBOARD, id 10)
[  1974.944] (**) Option "xkb_layout" "us"
[  1974.944] (**) Option "xkb_options" "terminate:ctrl_alt_bksp"
[  1974.948] (II) event18 - Silitek Gateway Generic USB Hub System Control: is tagged by udev as: Keyboard
[  1974.948] (II) event18 - Silitek Gateway Generic USB Hub System Control: device is a keyboard
[  1974.949] (II) config/udev: Adding input device ELAN9038:00 04F3:261A (/dev/input/event7)
[  1974.949] (**) ELAN9038:00 04F3:261A: Applying InputClass "libinput touchscreen catchall"
[  1974.949] (**) ELAN9038:00 04F3:261A: Applying InputClass "SurfaceGo Touch"
[  1974.949] (II) LoadModule: "wacom"
[  1974.950] (II) Loading /usr/lib/xorg/modules/input/wacom_drv.so
[  1974.950] (II) Module wacom: vendor="X.Org Foundation"
[  1974.950] 	compiled for 1.19.6, module version = 0.36.1
[  1974.950] 	Module class: X.Org XInput Driver
[  1974.950] 	ABI class: X.Org XInput driver, version 24.1
[  1974.950] (II) Build version: 0.36.1
[  1974.950] (II) wacom: Driver for Wacom graphics tablets: PenPartner, Graphire,
	Graphire2 4x5, Graphire2 5x7, Graphire3 4x5, Graphire3 6x8,
	Graphire4 4x5, Graphire4 6x8, BambooFun 4x5, BambooFun 6x8,
	Bamboo1 Medium, Graphire4 6x8 BlueTooth, CTL-460, CTH-461, CTL-660,
	CTL-461/S, Bamboo Touch, CTH-460/K, CTH-461/S, CTH-661/S1, CTH-461/L,
	CTH-661/L, Intuos 4x5, Intuos 6x8, Intuos 9x12, Intuos 12x12,
	Intuos 12x18, PTU600, PL400, PL500, PL600, PL600SX, PL550, PL800,
	PL700, PL510, PL710, DTI520, DTF720, DTF720a, DTF521, DTU1931,
	DTU2231, DTU1631, DTH1152, DTH1152, DTK2451, DTH2452, DTH2452,
	Intuos2 4x5, Intuos2 6x8, Intuos2 9x12, Intuos2 12x12, Intuos2 12x18,
	Intuos2 6x8 , Volito, PenStation, Volito2 4x5, Volito2 2x3,
	PenPartner2, Bamboo, Bamboo1, Bamboo1 4x6, Bamboo1 5x8, Intuos3 4x5,
	Intuos3 6x8, Intuos3 9x12, Intuos3 12x12, Intuos3 12x19,
	Intuos3 6x11, Intuos3 4x6, Intuos4 4x6, Intuos4 6x9, Intuos4 8x13,
	Intuos4 12x19, Intuos4 WL USB Endpoint,
	Intuos4 WL Bluetooth Endpoint, Intuos5 touch S, Intuos5 touch M,
	Intuos5 touch L, Intuos5 S, Intuos5 M, Intuos Pro S, Intuos Pro M,
	Intuos Pro L, Cintiq 21UX, Cintiq 20WSX, Cintiq 12WX, Cintiq 21UX2,
	Cintiq 24HD, Cintiq 22HD, Cintiq 24HD touch (EMR digitizer),
	Cintiq 13HD, DTK2241, DTH2242, Cintiq 22HDT, Cintiq 27QHDT,
	Cintiq 27QHDT, Mobilestudio Pro 13, MobileStudio Pro 16,
	MobileStudio Pro 13, MobileStudio Pro 16, Cintiq 13 FHD Pro,
	Cintiq 16 UHD Pro, Cintiq Pro 24, Cintiq Pro 32, Cintiq 13 FHD Pro,
	Cintiq 16 UHD Pro, Cintiq Pro 24, Cintiq Pro 32, Cintiq Pro 24,
	TabletPC 0x90, TabletPC 0x93, TabletPC 0x97, TabletPC 0x9A,
	CapPlus  0x9F, TabletPC 0xE2, TabletPC 0xE3, TabletPC 0xE5,
	TabletPC 0xE6, TabletPC 0xEC, TabletPC 0xED, TabletPC 0xEF,
	TabletPC 0x100, TabletPC 0x101, TabletPC 0x10D, TabletPC 0x116,
	TabletPC 0x12C, TabletPC 0x4001, TabletPC 0x4004, TabletPC 0x5000,
	TabletPC 0x5002, usb:172f:0024, usb:172f:0025, usb:172f:0026,
	usb:172f:0027, usb:172f:0028, usb:172f:0030, usb:172f:0031,
	usb:172f:0032, usb:172f:0033, usb:172f:0034, usb:172f:0035,
	usb:172f:0036, usb:172f:0037, usb:172f:0038, usb:172f:0039,
	usb:172f:0051, usb:172f:0052, usb:172f:0053, usb:172f:0054,
	usb:172f:0055, usb:172f:0056, usb:172f:0057, usb:172f:0058,
	usb:172f:0500, usb:172f:0501, usb:172f:0502, usb:172f:0503,
	usb:1b96:0001, usb:17ef:6004
[  1974.952] (II) Using input driver 'wacom' for 'ELAN9038:00 04F3:261A'
[  1974.952] (**) ELAN9038:00 04F3:261A: always reports core events
[  1974.952] (**) Option "Device" "/dev/input/event7"
[  1975.277] (EE) ELAN9038:00 04F3:261A: Invalid type 'stylus' for this device.
[  1975.278] (EE) ELAN9038:00 04F3:261A: Invalid type 'eraser' for this device.
[  1975.278] (EE) ELAN9038:00 04F3:261A: Invalid type 'cursor' for this device.
[  1975.278] (II) ELAN9038:00 04F3:261A: type not specified, assuming 'touch'.
[  1975.278] (II) ELAN9038:00 04F3:261A: other types will be automatically added.
[  1975.278] (**) Option "Gesture" "off"
[  1975.278] (**) ELAN9038:00 04F3:261A touch: panscroll is 0
[  1975.278] (**) ELAN9038:00 04F3:261A touch: panscroll modified to 13
[  1975.278] (--) ELAN9038:00 04F3:261A touch: maxX=2496 maxY=1680 maxZ=0 resX=12000 resY=12000 
[  1975.278] (II) ELAN9038:00 04F3:261A touch: hotplugging dependent devices.
[  1975.278] (EE) ELAN9038:00 04F3:261A touch: Invalid type 'stylus' for this device.
[  1975.278] (EE) ELAN9038:00 04F3:261A touch: Invalid type 'eraser' for this device.
[  1975.278] (EE) ELAN9038:00 04F3:261A touch: Invalid type 'cursor' for this device.
[  1975.278] (EE) ELAN9038:00 04F3:261A touch: Invalid type 'pad' for this device.
[  1975.278] (II) ELAN9038:00 04F3:261A touch: hotplugging completed.
[  1975.330] (**) Option "config_info" "udev:/sys/devices/pci0000:00/0000:00:15.1/i2c_designware.1/i2c-1/i2c-ELAN9038:00/0018:04F3:261A.0001/input/input16/event7"
[  1975.330] (II) XINPUT: Adding extended input device "ELAN9038:00 04F3:261A touch" (type: TOUCH, id 11)
[  1975.331] (**) ELAN9038:00 04F3:261A touch: (accel) keeping acceleration scheme 1
[  1975.331] (**) ELAN9038:00 04F3:261A touch: (accel) acceleration profile 0
[  1975.331] (**) ELAN9038:00 04F3:261A touch: (accel) acceleration factor: 2.000
[  1975.331] (**) ELAN9038:00 04F3:261A touch: (accel) acceleration threshold: 4
[  1975.652] (II) config/udev: Adding input device ELAN9038:00 04F3:261A (/dev/input/mouse0)
[  1975.652] (II) No input driver specified, ignoring this device.
[  1975.652] (II) This device may have been added with another device file.
[  1975.653] (II) config/udev: Adding input device ELAN9038:00 04F3:261A (/dev/input/event8)
[  1975.654] (**) ELAN9038:00 04F3:261A: Applying InputClass "libinput tablet catchall"
[  1975.654] (**) ELAN9038:00 04F3:261A: Applying InputClass "SurfaceGo Touch"
[  1975.654] (II) Using input driver 'wacom' for 'ELAN9038:00 04F3:261A'
[  1975.654] (**) ELAN9038:00 04F3:261A: always reports core events
[  1975.654] (**) Option "Device" "/dev/input/event8"
[  1975.654] (II) ELAN9038:00 04F3:261A: type not specified, assuming 'stylus'.
[  1975.654] (II) ELAN9038:00 04F3:261A: other types will be automatically added.
[  1975.654] (--) ELAN9038:00 04F3:261A stylus: using pressure threshold of 851 for button 1
[  1975.654] (**) ELAN9038:00 04F3:261A stylus: panscroll is 0
[  1975.654] (**) ELAN9038:00 04F3:261A stylus: panscroll modified to 832
[  1975.654] (--) ELAN9038:00 04F3:261A stylus: maxX=13312 maxY=8960 maxZ=4096 resX=63000 resY=64000  tilt=enabled
[  1975.654] (II) ELAN9038:00 04F3:261A stylus: hotplugging dependent devices.
[  1975.654] (EE) ELAN9038:00 04F3:261A stylus: Invalid type 'cursor' for this device.
[  1975.654] (EE) ELAN9038:00 04F3:261A stylus: Invalid type 'touch' for this device.
[  1975.654] (EE) ELAN9038:00 04F3:261A stylus: Invalid type 'pad' for this device.
[  1975.654] (II) ELAN9038:00 04F3:261A stylus: hotplugging completed.
[  1975.744] (**) Option "config_info" "udev:/sys/devices/pci0000:00/0000:00:15.1/i2c_designware.1/i2c-1/i2c-ELAN9038:00/0018:04F3:261A.0001/input/input19/event8"
[  1975.744] (II) XINPUT: Adding extended input device "ELAN9038:00 04F3:261A stylus" (type: STYLUS, id 12)
[  1975.744] (**) ELAN9038:00 04F3:261A stylus: (accel) keeping acceleration scheme 1
[  1975.744] (**) ELAN9038:00 04F3:261A stylus: (accel) acceleration profile 0
[  1975.744] (**) ELAN9038:00 04F3:261A stylus: (accel) acceleration factor: 2.000
[  1975.744] (**) ELAN9038:00 04F3:261A stylus: (accel) acceleration threshold: 4
[  1975.746] (II) config/udev: Adding input device ELAN9038:00 04F3:261A (/dev/input/mouse1)
[  1975.746] (II) No input driver specified, ignoring this device.
[  1975.746] (II) This device may have been added with another device file.
[  1975.747] (II) config/udev: Adding input device HDA Intel PCH Mic (/dev/input/event9)
[  1975.747] (II) No input driver specified, ignoring this device.
[  1975.747] (II) This device may have been added with another device file.
[  1975.748] (II) config/udev: Adding input device HDA Intel PCH Headphone (/dev/input/event10)
[  1975.748] (II) No input driver specified, ignoring this device.
[  1975.748] (II) This device may have been added with another device file.
[  1975.749] (II) config/udev: Adding input device HDA Intel PCH HDMI/DP,pcm=3 (/dev/input/event11)
[  1975.749] (II) No input driver specified, ignoring this device.
[  1975.749] (II) This device may have been added with another device file.
[  1975.749] (II) config/udev: Adding input device HDA Intel PCH HDMI/DP,pcm=7 (/dev/input/event12)
[  1975.749] (II) No input driver specified, ignoring this device.
[  1975.749] (II) This device may have been added with another device file.
[  1975.750] (II) config/udev: Adding input device HDA Intel PCH HDMI/DP,pcm=8 (/dev/input/event13)
[  1975.750] (II) No input driver specified, ignoring this device.
[  1975.750] (II) This device may have been added with another device file.
[  1975.751] (II) config/udev: Adding input device HDA Intel PCH HDMI/DP,pcm=9 (/dev/input/event14)
[  1975.751] (II) No input driver specified, ignoring this device.
[  1975.751] (II) This device may have been added with another device file.
[  1975.752] (II) config/udev: Adding input device HDA Intel PCH HDMI/DP,pcm=10 (/dev/input/event15)
[  1975.752] (II) No input driver specified, ignoring this device.
[  1975.752] (II) This device may have been added with another device file.
[  1975.753] (II) config/udev: Adding input device Intel HID events (/dev/input/event3)
[  1975.753] (**) Intel HID events: Applying InputClass "libinput keyboard catchall"
[  1975.753] (**) Intel HID events: Applying InputClass "system-keyboard"
[  1975.753] (**) Intel HID events: Applying InputClass "Keyboard Defaults"
[  1975.753] (II) Using input driver 'libinput' for 'Intel HID events'
[  1975.753] (**) Intel HID events: always reports core events
[  1975.753] (**) Option "Device" "/dev/input/event3"
[  1975.753] (**) Option "_source" "server/udev"
[  1975.754] (II) event3  - Intel HID events: is tagged by udev as: Keyboard
[  1975.754] (II) event3  - Intel HID events: device is a keyboard
[  1975.754] (II) event3  - Intel HID events: device removed
[  1975.784] (**) Option "config_info" "udev:/sys/devices/platform/INT33D5:00/input/input3/event3"
[  1975.784] (II) XINPUT: Adding extended input device "Intel HID events" (type: KEYBOARD, id 13)
[  1975.784] (**) Option "xkb_layout" "us"
[  1975.784] (**) Option "xkb_options" "terminate:ctrl_alt_bksp"
[  1975.786] (II) event3  - Intel HID events: is tagged by udev as: Keyboard
[  1975.786] (II) event3  - Intel HID events: device is a keyboard
[  1975.787] (II) config/udev: Adding input device Intel HID 5 button array (/dev/input/event4)
[  1975.787] (**) Intel HID 5 button array: Applying InputClass "libinput keyboard catchall"
[  1975.787] (**) Intel HID 5 button array: Applying InputClass "system-keyboard"
[  1975.787] (**) Intel HID 5 button array: Applying InputClass "Keyboard Defaults"
[  1975.787] (II) Using input driver 'libinput' for 'Intel HID 5 button array'
[  1975.787] (**) Intel HID 5 button array: always reports core events
[  1975.787] (**) Option "Device" "/dev/input/event4"
[  1975.787] (**) Option "_source" "server/udev"
[  1975.788] (II) event4  - Intel HID 5 button array: is tagged by udev as: Keyboard
[  1975.788] (II) event4  - Intel HID 5 button array: device is a keyboard
[  1975.789] (II) event4  - Intel HID 5 button array: device removed
[  1975.824] (**) Option "config_info" "udev:/sys/devices/platform/INT33D5:00/input/input4/event4"
[  1975.824] (II) XINPUT: Adding extended input device "Intel HID 5 button array" (type: KEYBOARD, id 14)
[  1975.824] (**) Option "xkb_layout" "us"
[  1975.824] (**) Option "xkb_options" "terminate:ctrl_alt_bksp"
[  1975.826] (II) event4  - Intel HID 5 button array: is tagged by udev as: Keyboard
[  1975.826] (II) event4  - Intel HID 5 button array: device is a keyboard
[  1975.827] (II) config/udev: Adding input device AT Translated Set 2 keyboard (/dev/input/event2)
[  1975.827] (**) AT Translated Set 2 keyboard: Applying InputClass "libinput keyboard catchall"
[  1975.827] (**) AT Translated Set 2 keyboard: Applying InputClass "system-keyboard"
[  1975.827] (**) AT Translated Set 2 keyboard: Applying InputClass "Keyboard Defaults"
[  1975.827] (II) Using input driver 'libinput' for 'AT Translated Set 2 keyboard'
[  1975.827] (**) AT Translated Set 2 keyboard: always reports core events
[  1975.827] (**) Option "Device" "/dev/input/event2"
[  1975.827] (**) Option "_source" "server/udev"
[  1975.829] (II) event2  - AT Translated Set 2 keyboard: is tagged by udev as: Keyboard
[  1975.829] (II) event2  - AT Translated Set 2 keyboard: device is a keyboard
[  1975.831] (II) event2  - AT Translated Set 2 keyboard: device removed
[  1975.864] (**) Option "config_info" "udev:/sys/devices/platform/i8042/serio0/input/input2/event2"
[  1975.864] (II) XINPUT: Adding extended input device "AT Translated Set 2 keyboard" (type: KEYBOARD, id 15)
[  1975.864] (**) Option "xkb_layout" "us"
[  1975.864] (**) Option "xkb_options" "terminate:ctrl_alt_bksp"
[  1975.866] (II) event2  - AT Translated Set 2 keyboard: is tagged by udev as: Keyboard
[  1975.866] (II) event2  - AT Translated Set 2 keyboard: device is a keyboard
[  1975.869] (II) config/udev: Adding input device PC Speaker (/dev/input/event5)
[  1975.869] (II) No input driver specified, ignoring this device.
[  1975.869] (II) This device may have been added with another device file.
[  1975.909] (**) ELAN9038:00 04F3:261A eraser: Applying InputClass "libinput tablet catchall"
[  1975.909] (**) ELAN9038:00 04F3:261A eraser: Applying InputClass "SurfaceGo Touch"
[  1975.909] (II) Using input driver 'wacom' for 'ELAN9038:00 04F3:261A eraser'
[  1975.909] (**) ELAN9038:00 04F3:261A eraser: always reports core events
[  1975.909] (**) Option "Device" "/dev/input/event8"
[  1975.909] (**) Option "Type" "eraser"
[  1975.909] (**) ELAN9038:00 04F3:261A eraser: panscroll is 832
[  1975.909] (**) ELAN9038:00 04F3:261A eraser: panscroll modified to 832
[  1975.909] (--) ELAN9038:00 04F3:261A eraser: maxX=13312 maxY=8960 maxZ=4096 resX=63000 resY=64000  tilt=enabled
[  1975.944] (**) Option "config_info" "udev:/sys/devices/pci0000:00/0000:00:15.1/i2c_designware.1/i2c-1/i2c-ELAN9038:00/0018:04F3:261A.0001/input/input19/event8"
[  1975.944] (II) XINPUT: Adding extended input device "ELAN9038:00 04F3:261A eraser" (type: ERASER, id 16)
[  1975.944] (**) ELAN9038:00 04F3:261A eraser: (accel) keeping acceleration scheme 1
[  1975.944] (**) ELAN9038:00 04F3:261A eraser: (accel) acceleration profile 0
[  1975.944] (**) ELAN9038:00 04F3:261A eraser: (accel) acceleration factor: 2.000
[  1975.944] (**) ELAN9038:00 04F3:261A eraser: (accel) acceleration threshold: 4
[  1976.478] (II) intel(0): EDID vendor "SHP", prod id 5286
[  1976.478] (II) intel(0): Printing DDC gathered Modelines:
[  1976.478] (II) intel(0): Modeline "1800x1200"x0.0  145.00  1800 1848 1880 1960  1200 1203 1213 1235 -hsync -vsync (74.0 kHz eP)
[  1976.478] (II) intel(0): Modeline "1800x1200"x0.0  145.00  1800 1848 1880 1960  1200 1203 1213 1544 -hsync -vsync (74.0 kHz e)
[  2035.119] (II) event6  - Video Bus: device removed
[  2035.161] (II) event0  - Power Button: device removed
[  2035.197] (II) event16 - Silitek Gateway Generic USB Hub: device removed
[  2035.221] (II) event17 - Silitek Gateway Generic USB Hub Consumer Control: device removed
[  2035.260] (II) event18 - Silitek Gateway Generic USB Hub System Control: device removed
[  2035.368] (II) event3  - Intel HID events: device removed
[  2035.397] (II) event4  - Intel HID 5 button array: device removed
[  2035.421] (II) event2  - AT Translated Set 2 keyboard: device removed
[  2035.504] (II) AIGLX: Suspending AIGLX clients for VT switch
[  2035.652] (II) UnloadModule: "wacom"
[  2035.652] (II) UnloadModule: "libinput"
[  2035.653] (II) UnloadModule: "libinput"
[  2035.653] (II) UnloadModule: "libinput"
[  2035.653] (II) UnloadModule: "wacom"
[  2035.653] (II) UnloadModule: "wacom"
[  2035.653] (II) UnloadModule: "libinput"
[  2035.654] (II) UnloadModule: "libinput"
[  2035.654] (II) UnloadModule: "libinput"
[  2035.654] (II) UnloadModule: "libinput"
[  2035.655] (II) UnloadModule: "libinput"
[  2035.715] (II) Server terminated successfully (0). Closing log file.
