[    16.037] _XSERVTransSocketUNIXCreateListener: ...SocketCreateListener() failed
[    16.037] _XSERVTransMakeAllCOTSServerListeners: server already running
[    16.037] (--) Log file renamed from "/home/USERNAME/.local/share/xorg/Xorg.pid-2336.log" to "/home/USERNAME/.local/share/xorg/Xorg.1.log"
[    16.038] 
X.Org X Server 1.21.1.7
X Protocol Version 11, Revision 0
[    16.038] Current OperUSERNAMEng System: Linux HOSTNAME 6.2.0-36-generic #37-Ubuntu SMP PREEMPT_DYNAMIC Wed Oct  4 10:14:28 UTC 2023 x86_64
[    16.038] Kernel command line: BOOT_IMAGE=/boot/vmlinuz-6.2.0-36-generic root=UUID=53d33f81-1dba-4785-a2cf-645c42509aec ro quiet splash vt.handoff=7
[    16.038] xorg-server 2:21.1.7-1ubuntu3.1 (For technical support please see http://www.ubuntu.com/support) 
[    16.038] Current version of pixman: 0.42.2
[    16.038] 	Before reporting problems, check http://wiki.x.org
	to make sure that you have the latest version.
[    16.038] Markers: (--) probed, (**) from config file, (==) default setting,
	(++) from command line, (!!) notice, (II) informUSERNAMEonal,
	(WW) warning, (EE) error, (NI) not implemented, (??) unknown.
[    16.038] (==) Log file: "/home/USERNAME/.local/share/xorg/Xorg.1.log", Time: Tue Nov 21 15:22:40 2023
[    16.038] (==) Using system config directory "/usr/share/X11/xorg.conf.d"
[    16.038] (==) No Layout section.  Using the first Screen section.
[    16.038] (==) No screen section available. Using defaults.
[    16.038] (**) |-->Screen "Default Screen Section" (0)
[    16.038] (**) |   |-->Monitor "<default monitor>"
[    16.039] (==) No monitor specified for screen "Default Screen Section".
	Using a default monitor configurUSERNAMEon.
[    16.039] (==) AutomUSERNAMEcally adding devices
[    16.039] (==) AutomUSERNAMEcally enabling devices
[    16.039] (==) AutomUSERNAMEcally adding GPU devices
[    16.039] (==) AutomUSERNAMEcally binding GPU devices
[    16.039] (==) Max clients allowed: 256, resource mask: 0x1fffff
[    16.039] (WW) The directory "/usr/share/fonts/X11/cyrillic" does not exist.
[    16.039] 	Entry deleted from font path.
[    16.039] (WW) The directory "/usr/share/fonts/X11/100dpi/" does not exist.
[    16.039] 	Entry deleted from font path.
[    16.039] (WW) The directory "/usr/share/fonts/X11/75dpi/" does not exist.
[    16.039] 	Entry deleted from font path.
[    16.039] (WW) The directory "/usr/share/fonts/X11/100dpi" does not exist.
[    16.039] 	Entry deleted from font path.
[    16.039] (WW) The directory "/usr/share/fonts/X11/75dpi" does not exist.
[    16.039] 	Entry deleted from font path.
[    16.039] (==) FontPath set to:
	/usr/share/fonts/X11/misc,
	/usr/share/fonts/X11/Type1,
	built-ins
[    16.039] (==) ModulePath set to "/usr/lib/xorg/modules"
[    16.039] (II) The server relies on udev to provide the list of input devices.
	If no devices become available, reconfigure udev or disable AutoAddDevices.
[    16.039] (II) Loader magic: 0x558c573b5020
[    16.039] (II) Module ABI versions:
[    16.039] 	X.Org ANSI C EmulUSERNAMEon: 0.4
[    16.039] 	X.Org Video Driver: 25.2
[    16.039] 	X.Org XInput driver : 24.4
[    16.039] 	X.Org Server Extension : 10.0
[    16.040] (++) using VT number 2

[    16.053] (II) systemd-logind: took control of session /org/freedesktop/login1/session/_32
[    16.055] (II) xfree86: Adding drm device (/dev/dri/card0)
[    16.055] (II) Platform probe for /sys/devices/pci0000:00/0000:00:02.0/drm/card0
[    16.055] (II) systemd-logind: got fd for /dev/dri/card0 226:0 fd 15 paused 0
[    16.059] (--) PCI:*(0@0:2:0) 8086:5917:103c:8470 rev 7, Mem @ 0x1ffa000000/16777216, 0xb0000000/268435456, I/O @ 0x00003000/64, BIOS @ 0x????????/131072
[    16.059] (II) LoadModule: "glx"
[    16.059] (II) Loading /usr/lib/xorg/modules/extensions/libglx.so
[    16.060] (II) Module glx: vendor="X.Org FoundUSERNAMEon"
[    16.060] 	compiled for 1.21.1.7, module version = 1.0.0
[    16.060] 	ABI class: X.Org Server Extension, version 10.0
[    16.060] (==) Matched modesetting as autoconfigured driver 0
[    16.060] (==) Matched fbdev as autoconfigured driver 1
[    16.060] (==) Matched vesa as autoconfigured driver 2
[    16.060] (==) Assigned the driver to the xf86ConfigLayout
[    16.060] (II) LoadModule: "modesetting"
[    16.060] (II) Loading /usr/lib/xorg/modules/drivers/modesetting_drv.so
[    16.061] (II) Module modesetting: vendor="X.Org FoundUSERNAMEon"
[    16.061] 	compiled for 1.21.1.7, module version = 1.21.1
[    16.061] 	Module class: X.Org Video Driver
[    16.061] 	ABI class: X.Org Video Driver, version 25.2
[    16.061] (II) LoadModule: "fbdev"
[    16.061] (II) Loading /usr/lib/xorg/modules/drivers/fbdev_drv.so
[    16.061] (II) Module fbdev: vendor="X.Org FoundUSERNAMEon"
[    16.061] 	compiled for 1.21.1.3, module version = 0.5.0
[    16.061] 	Module class: X.Org Video Driver
[    16.061] 	ABI class: X.Org Video Driver, version 25.2
[    16.061] (II) LoadModule: "vesa"
[    16.061] (II) Loading /usr/lib/xorg/modules/drivers/vesa_drv.so
[    16.061] (II) Module vesa: vendor="X.Org FoundUSERNAMEon"
[    16.061] 	compiled for 1.21.1.3, module version = 2.5.0
[    16.061] 	Module class: X.Org Video Driver
[    16.061] 	ABI class: X.Org Video Driver, version 25.2
[    16.061] (II) modesetting: Driver for Modesetting Kernel Drivers: kms
[    16.061] (II) FBDEV: driver for framebuffer: fbdev
[    16.061] (II) VESA: driver for VESA chipsets: vesa
[    16.061] xf86EnableIO: failed to enable I/O ports 0000-03ff (OperUSERNAMEon not permitted)
[    16.061] (II) modeset(0): using drv /dev/dri/card0
[    16.061] (WW) Falling back to old probe method for fbdev
[    16.061] (II) Loading sub module "fbdevhw"
[    16.061] (II) LoadModule: "fbdevhw"
[    16.061] (II) Loading /usr/lib/xorg/modules/libfbdevhw.so
[    16.061] (II) Module fbdevhw: vendor="X.Org FoundUSERNAMEon"
[    16.061] 	compiled for 1.21.1.7, module version = 0.0.2
[    16.061] 	ABI class: X.Org Video Driver, version 25.2
[    16.061] (EE) open /dev/fb0: Permission denied
[    16.061] (WW) VGA arbiter: cannot open kernel arbiter, no multi-card support
[    16.062] (II) modeset(0): CreUSERNAMEng default Display subsection in Screen section
	"Default Screen Section" for depth/fbbpp 24/32
[    16.062] (==) modeset(0): Depth 24, (==) framebuffer bpp 32
[    16.062] (==) modeset(0): RGB weight 888
[    16.062] (==) modeset(0): Default visual is TrueColor
[    16.062] (II) Loading sub module "glamoregl"
[    16.062] (II) LoadModule: "glamoregl"
[    16.062] (II) Loading /usr/lib/xorg/modules/libglamoregl.so
[    16.065] (II) Module glamoregl: vendor="X.Org FoundUSERNAMEon"
[    16.065] 	compiled for 1.21.1.7, module version = 1.0.1
[    16.065] 	ABI class: X.Org ANSI C EmulUSERNAMEon, version 0.4
[    16.112] (II) modeset(0): glamor X accelerUSERNAMEon enabled on Mesa Intel(R) UHD Graphics 620 (KBL GT2)
[    16.112] (II) modeset(0): glamor initialized
[    16.112] (==) modeset(0): VariableRefresh: disabled
[    16.112] (==) modeset(0): AsyncFlipSecondaries: disabled
[    16.114] (II) modeset(0): Output eDP-1 has no monitor section
[    16.114] (II) modeset(0): Output DP-1 has no monitor section
[    16.117] (II) modeset(0): Output HDMI-1 has no monitor section
[    16.117] (II) modeset(0): Output DP-2 has no monitor section
[    16.120] (II) modeset(0): Output HDMI-2 has no monitor section
[    16.122] (II) modeset(0): EDID for output eDP-1
[    16.122] (II) modeset(0): Manufacturer: IVO  Model: 57f  Serial#: 0
[    16.122] (II) modeset(0): Year: 2017  Week: 0
[    16.122] (II) modeset(0): EDID Version: 1.4
[    16.123] (II) modeset(0): Digital Display Input
[    16.123] (II) modeset(0): 8 bits per channel
[    16.123] (II) modeset(0): Digital interface is DisplayPort
[    16.123] (II) modeset(0): Max Image Size [cm]: horiz.: 31  vert.: 17
[    16.123] (II) modeset(0): Gamma: 2.20
[    16.123] (II) modeset(0): No DPMS capabilities specified
[    16.123] (II) modeset(0): Supported color encodings: RGB 4:4:4 YCrCb 4:4:4 
[    16.123] (II) modeset(0): First detailed timing is preferred mode
[    16.123] (II) modeset(0): Preferred mode is nUSERNAMEve pixel format and refresh rate
[    16.123] (II) modeset(0): redX: 0.652 redY: 0.313   greenX: 0.280 greenY: 0.591
[    16.123] (II) modeset(0): blueX: 0.152 blueY: 0.077   whiteX: 0.311 whiteY: 0.329
[    16.123] (II) modeset(0): Manufacturer's mask: 0
[    16.123] (II) modeset(0): Supported detailed timing:
[    16.123] (II) modeset(0): clock: 280.0 MHz   Image Size:  309 x 174 mm
[    16.123] (II) modeset(0): h_active: 1920  h_sync: 1944  h_sync_end 1992 h_blank_end 2120 h_border: 0
[    16.123] (II) modeset(0): v_active: 1080  v_sync: 1090  v_sync_end 1095 v_blanking: 1100 v_border: 0
[    16.123] (II) modeset(0):  M140NVF7 R2
[    16.123] (II) modeset(0): Unknown vendor-specific block 3
[    16.123] (II) modeset(0): Unknown vendor-specific block 3
[    16.123] (II) modeset(0): EDID (in hex):
[    16.123] (II) modeset(0): 	00ffffffffffff0026cf7f0500000000
[    16.123] (II) modeset(0): 	001b0104a51f11780a1d39a750479727
[    16.123] (II) modeset(0): 	134f5400000001010101010101010101
[    16.123] (II) modeset(0): 	010101010101606d80c8703814401830
[    16.123] (II) modeset(0): 	a50035ae10000019000000fe004d3134
[    16.123] (II) modeset(0): 	304e564637205232200a000000030004
[    16.123] (II) modeset(0): 	30ff053c9d2b12329d00000000000003
[    16.123] (II) modeset(0): 	000618ff0f3c3b2a0b323b01010000bb
[    16.123] (II) modeset(0): Printing probed modes for output eDP-1
[    16.123] (II) modeset(0): Modeline "1920x1080"x120.1  280.00  1920 1944 1992 2120  1080 1090 1095 1100 -hsync -vsync (132.1 kHz eP)
[    16.123] (II) modeset(0): Modeline "1920x1080"x120.1  277.46  1920 1968 2000 2080  1080 1083 1088 1111 +hsync -vsync (133.4 kHz d)
[    16.123] (II) modeset(0): Modeline "1680x1050"x120.1  238.60  1680 1728 1760 1840  1050 1053 1059 1080 +hsync -vsync (129.7 kHz d)
[    16.123] (II) modeset(0): Modeline "1400x1050"x120.1  244.24  1400 1488 1640 1880  1050 1052 1064 1082 +hsync +vsync (129.9 kHz d)
[    16.123] (II) modeset(0): Modeline "1600x900"x120.1  195.68  1600 1648 1680 1760  900 903 908 926 +hsync -vsync (111.2 kHz d)
[    16.123] (II) modeset(0): Modeline "1280x1024"x120.1  216.05  1280 1328 1440 1688  1024 1025 1028 1066 +hsync +vsync (128.0 kHz d)
[    16.123] (II) modeset(0): Modeline "1400x900"x120.1  173.45  1400 1448 1480 1560  900 903 913 926 +hsync -vsync (111.2 kHz d)
[    16.123] (II) modeset(0): Modeline "1280x960"x120.1  216.12  1280 1376 1488 1800  960 961 964 1000 +hsync +vsync (120.1 kHz d)
[    16.123] (II) modeset(0): Modeline "1440x810"x120.1  304.05  1440 1464 1480 1520  810 811 814 833 doublescan +hsync -vsync (200.0 kHz d)
[    16.123] (II) modeset(0): Modeline "1368x768"x120.1  144.94  1368 1416 1448 1528  768 771 781 790 +hsync -vsync (94.9 kHz d)
[    16.123] (II) modeset(0): Modeline "1280x800"x120.1  142.29  1280 1328 1360 1440  800 803 809 823 +hsync -vsync (98.8 kHz d)
[    16.123] (II) modeset(0): Modeline "1152x864"x120.1  172.90  1152 1216 1344 1600  864 865 868 900 +hsync +vsync (108.1 kHz d)
[    16.123] (II) modeset(0): Modeline "1280x720"x120.1  128.12  1280 1328 1360 1440  720 723 728 741 +hsync -vsync (89.0 kHz d)
[    16.123] (II) modeset(0): Modeline "1024x768"x120.1  130.07  1024 1048 1184 1344  768 771 777 806 -hsync -vsync (96.8 kHz d)
[    16.123] (II) modeset(0): Modeline "1024x768i"x120.1   62.00  1024 1032 1208 1264  768 768 776 817 interlace +hsync +vsync (49.0 kHz d)
[    16.123] (II) modeset(0): Modeline "960x720"x120.1  234.13  960 1024 1128 1300  720 720 722 750 doublescan -hsync +vsync (180.1 kHz d)
[    16.123] (II) modeset(0): Modeline "928x696"x120.1  218.24  928 976 1088 1264  696 696 698 719 doublescan -hsync +vsync (172.7 kHz d)
[    16.123] (II) modeset(0): Modeline "896x672"x120.1  204.87  896 960 1060 1224  672 672 674 697 doublescan -hsync +vsync (167.4 kHz d)
[    16.123] (II) modeset(0): Modeline "1024x576"x120.1   84.30  1024 1072 1104 1184  576 579 584 593 +hsync -vsync (71.2 kHz d)
[    16.123] (II) modeset(0): Modeline "960x600"x120.1  154.09  960 984 1000 1040  600 601 604 617 doublescan +hsync -vsync (148.2 kHz d)
[    16.123] (II) modeset(0): Modeline "832x624"x120.1   92.26  832 864 928 1152  624 625 628 667 -hsync -vsync (80.1 kHz d)
[    16.124] (II) modeset(0): Modeline "960x540"x120.1   74.77  960 1008 1040 1120  540 543 548 556 +hsync -vsync (66.8 kHz d)
[    16.124] (II) modeset(0): Modeline "800x600"x120.1   76.84  800 824 896 1024  600 601 603 625 +hsync +vsync (75.0 kHz d)
[    16.124] (II) modeset(0): Modeline "840x525"x120.1  119.30  840 864 880 920  525 526 529 540 doublescan +hsync -vsync (129.7 kHz d)
[    16.124] (II) modeset(0): Modeline "864x486"x120.1   61.48  864 912 944 1024  486 489 494 500 +hsync -vsync (60.0 kHz d)
[    16.124] (II) modeset(0): Modeline "700x525"x120.1  122.12  700 744 820 940  525 526 532 541 doublescan +hsync +vsync (129.9 kHz d)
[    16.124] (II) modeset(0): Modeline "800x450"x120.1   97.84  800 824 840 880  450 451 454 463 doublescan +hsync -vsync (111.2 kHz d)
[    16.124] (II) modeset(0): Modeline "640x512"x120.1  108.03  640 664 720 844  512 512 514 533 doublescan +hsync +vsync (128.0 kHz d)
[    16.124] (II) modeset(0): Modeline "700x450"x120.1   86.72  700 724 740 780  450 451 456 463 doublescan +hsync -vsync (111.2 kHz d)
[    16.124] (II) modeset(0): Modeline "640x480"x120.1   50.43  640 656 752 800  480 490 492 525 -hsync -vsync (63.0 kHz d)
[    16.124] (II) modeset(0): Modeline "720x405"x120.1   44.27  720 768 800 880  405 408 413 419 +hsync -vsync (50.3 kHz d)
[    16.124] (II) modeset(0): Modeline "720x400"x120.1   50.12  720 756 828 936  400 401 404 446 -hsync +vsync (53.6 kHz d)
[    16.124] (II) modeset(0): Modeline "684x384"x120.1   72.47  684 708 724 764  384 385 390 395 doublescan +hsync -vsync (94.9 kHz d)
[    16.124] (II) modeset(0): Modeline "640x400"x120.1   44.45  640 672 736 832  400 401 404 445 -hsync +vsync (53.4 kHz d)
[    16.124] (II) modeset(0): Modeline "576x432"x120.1   86.45  576 608 672 800  432 432 434 450 doublescan +hsync +vsync (108.1 kHz d)
[    16.124] (II) modeset(0): Modeline "640x360"x120.1   35.92  640 688 720 800  360 363 368 374 +hsync -vsync (44.9 kHz d)
[    16.124] (II) modeset(0): Modeline "640x350"x120.1   44.45  640 672 736 832  350 382 385 445 +hsync -vsync (53.4 kHz d)
[    16.124] (II) modeset(0): Modeline "512x384"x120.1   65.03  512 524 592 672  384 385 388 403 doublescan -hsync -vsync (96.8 kHz d)
[    16.124] (II) modeset(0): Modeline "512x384i"x120.1   30.96  512 516 604 632  384 384 388 408 interlace doublescan +hsync +vsync (49.0 kHz d)
[    16.124] (II) modeset(0): Modeline "512x288"x120.1   42.08  512 536 552 592  288 289 292 296 doublescan +hsync -vsync (71.1 kHz d)
[    16.124] (II) modeset(0): Modeline "416x312"x120.1   46.06  416 432 464 576  312 312 314 333 doublescan -hsync -vsync (80.0 kHz d)
[    16.124] (II) modeset(0): Modeline "480x270"x120.1   37.38  480 504 520 560  270 271 274 278 doublescan +hsync -vsync (66.8 kHz d)
[    16.124] (II) modeset(0): Modeline "400x300"x120.1   38.36  400 412 448 512  300 300 301 312 doublescan +hsync +vsync (74.9 kHz d)
[    16.124] (II) modeset(0): Modeline "432x243"x120.1   30.74  432 456 472 512  243 244 247 250 doublescan +hsync -vsync (60.0 kHz d)
[    16.124] (II) modeset(0): Modeline "320x240"x120.1   25.17  320 328 376 400  240 245 246 262 doublescan -hsync -vsync (62.9 kHz d)
[    16.124] (II) modeset(0): Modeline "360x202"x120.1   22.08  360 384 400 440  202 204 206 209 doublescan +hsync -vsync (50.2 kHz d)
[    16.124] (II) modeset(0): Modeline "360x200"x120.1   25.06  360 378 414 468  200 200 202 223 doublescan -hsync +vsync (53.5 kHz d)
[    16.124] (II) modeset(0): Modeline "320x200"x120.1   22.18  320 336 368 416  200 200 202 222 doublescan -hsync +vsync (53.3 kHz d)
[    16.124] (II) modeset(0): Modeline "320x180"x120.1   17.96  320 344 360 400  180 181 184 187 doublescan +hsync -vsync (44.9 kHz d)
[    16.124] (II) modeset(0): Modeline "320x175"x120.1   22.18  320 336 368 416  175 191 192 222 doublescan +hsync -vsync (53.3 kHz d)
[    16.124] (II) modeset(0): EDID for output DP-1
[    16.127] (II) modeset(0): EDID for output HDMI-1
[    16.127] (II) modeset(0): EDID for output DP-2
[    16.130] (II) modeset(0): EDID for output HDMI-2
[    16.130] (II) modeset(0): Output eDP-1 connected
[    16.130] (II) modeset(0): Output DP-1 disconnected
[    16.130] (II) modeset(0): Output HDMI-1 disconnected
[    16.130] (II) modeset(0): Output DP-2 disconnected
[    16.130] (II) modeset(0): Output HDMI-2 disconnected
[    16.130] (II) modeset(0): Using exact sizes for initial modes
[    16.130] (II) modeset(0): Output eDP-1 using initial mode 1920x1080 +0+0
[    16.130] (==) modeset(0): Using gamma correction (1.0, 1.0, 1.0)
[    16.130] (==) modeset(0): DPI set to (96, 96)
[    16.130] (II) Loading sub module "fb"
[    16.130] (II) LoadModule: "fb"
[    16.130] (II) Module "fb" already built-in
[    16.130] (II) UnloadModule: "fbdev"
[    16.130] (II) Unloading fbdev
[    16.131] (II) UnloadSubModule: "fbdevhw"
[    16.131] (II) Unloading fbdevhw
[    16.131] (II) UnloadModule: "vesa"
[    16.131] (II) Unloading vesa
[    16.149] (==) modeset(0): Backing store enabled
[    16.149] (==) modeset(0): Silken mouse enabled
[    16.184] (II) modeset(0): Initializing kms color map for depth 24, 8 bpc.
[    16.184] (==) modeset(0): DPMS enabled
[    16.184] (II) modeset(0): [DRI2] Setup complete
[    16.184] (II) modeset(0): [DRI2]   DRI driver: iris
[    16.184] (II) modeset(0): [DRI2]   VDPAU driver: va_gl
[    16.184] (II) Initializing extension Generic Event Extension
[    16.184] (II) Initializing extension SHAPE
[    16.185] (II) Initializing extension MIT-SHM
[    16.185] (II) Initializing extension XInputExtension
[    16.185] (II) Initializing extension XTEST
[    16.185] (II) Initializing extension BIG-REQUESTS
[    16.185] (II) Initializing extension SYNC
[    16.185] (II) Initializing extension XKEYBOARD
[    16.185] (II) Initializing extension XC-MISC
[    16.186] (II) Initializing extension SECURITY
[    16.186] (II) Initializing extension XFIXES
[    16.186] (II) Initializing extension RENDER
[    16.186] (II) Initializing extension RANDR
[    16.186] (II) Initializing extension COMPOSITE
[    16.187] (II) Initializing extension DAMAGE
[    16.187] (II) Initializing extension MIT-SCREEN-SAVER
[    16.187] (II) Initializing extension DOUBLE-BUFFER
[    16.187] (II) Initializing extension RECORD
[    16.187] (II) Initializing extension DPMS
[    16.187] (II) Initializing extension Present
[    16.187] (II) Initializing extension DRI3
[    16.187] (II) Initializing extension X-Resource
[    16.188] (II) Initializing extension XVideo
[    16.188] (II) Initializing extension XVideo-MotionCompensUSERNAMEon
[    16.188] (II) Initializing extension SELinux
[    16.188] (II) SELinux: Disabled on system
[    16.188] (II) Initializing extension GLX
[    16.198] (II) AIGLX: Loaded and initialized iris
[    16.198] (II) GLX: Initialized DRI2 GL provider for screen 0
[    16.198] (II) Initializing extension XFree86-VidModeExtension
[    16.198] (II) Initializing extension XFree86-DGA
[    16.199] (II) Initializing extension XFree86-DRI
[    16.199] (II) Initializing extension DRI2
[    16.199] (II) modeset(0): Damage tracking initialized
[    16.199] (II) modeset(0): Setting screen physical size to 508 x 285
[    16.249] (II) config/udev: Adding input device Power Button (/dev/input/event3)
[    16.249] (**) Power Button: Applying InputClass "libinput keyboard catchall"
[    16.249] (II) LoadModule: "libinput"
[    16.249] (II) Loading /usr/lib/xorg/modules/input/libinput_drv.so
[    16.250] (II) Module libinput: vendor="X.Org FoundUSERNAMEon"
[    16.250] 	compiled for 1.20.14, module version = 1.2.1
[    16.250] 	Module class: X.Org XInput Driver
[    16.250] 	ABI class: X.Org XInput driver, version 24.1
[    16.250] (II) Using input driver 'libinput' for 'Power Button'
[    16.251] (II) systemd-logind: got fd for /dev/input/event3 13:67 fd 29 paused 0
[    16.251] (**) Power Button: always reports core events
[    16.251] (**) Option "Device" "/dev/input/event3"
[    16.254] (II) event3  - Power Button: is tagged by udev as: Keyboard
[    16.254] (II) event3  - Power Button: device is a keyboard
[    16.254] (II) event3  - Power Button: device removed
[    16.255] (**) Option "config_info" "udev:/sys/devices/LNXSYSTM:00/LNXPWRBN:00/input/input3/event3"
[    16.255] (II) XINPUT: Adding extended input device "Power Button" (type: KEYBOARD, id 6)
[    16.255] (**) Option "xkb_model" "pc105"
[    16.255] (**) Option "xkb_layout" "de"
[    16.274] (II) event3  - Power Button: is tagged by udev as: Keyboard
[    16.274] (II) event3  - Power Button: device is a keyboard
[    16.275] (II) config/udev: Adding input device Video Bus (/dev/input/event16)
[    16.275] (**) Video Bus: Applying InputClass "libinput keyboard catchall"
[    16.275] (II) Using input driver 'libinput' for 'Video Bus'
[    16.275] (II) systemd-logind: got fd for /dev/input/event16 13:80 fd 32 paused 0
[    16.275] (**) Video Bus: always reports core events
[    16.275] (**) Option "Device" "/dev/input/event16"
[    16.276] (II) event16 - Video Bus: is tagged by udev as: Keyboard
[    16.276] (II) event16 - Video Bus: device is a keyboard
[    16.277] (II) event16 - Video Bus: device removed
[    16.277] (**) Option "config_info" "udev:/sys/devices/LNXSYSTM:00/LNXSYBUS:00/PNP0A08:00/LNXVIDEO:00/input/input33/event16"
[    16.277] (II) XINPUT: Adding extended input device "Video Bus" (type: KEYBOARD, id 7)
[    16.277] (**) Option "xkb_model" "pc105"
[    16.277] (**) Option "xkb_layout" "de"
[    16.278] (II) event16 - Video Bus: is tagged by udev as: Keyboard
[    16.278] (II) event16 - Video Bus: device is a keyboard
[    16.279] (II) config/udev: Adding input device Power Button (/dev/input/event2)
[    16.279] (**) Power Button: Applying InputClass "libinput keyboard catchall"
[    16.279] (II) Using input driver 'libinput' for 'Power Button'
[    16.279] (II) systemd-logind: got fd for /dev/input/event2 13:66 fd 33 paused 0
[    16.279] (**) Power Button: always reports core events
[    16.279] (**) Option "Device" "/dev/input/event2"
[    16.280] (II) event2  - Power Button: is tagged by udev as: Keyboard
[    16.280] (II) event2  - Power Button: device is a keyboard
[    16.280] (II) event2  - Power Button: device removed
[    16.281] (**) Option "config_info" "udev:/sys/devices/LNXSYSTM:00/LNXSYBUS:00/PNP0C0C:00/input/input2/event2"
[    16.281] (II) XINPUT: Adding extended input device "Power Button" (type: KEYBOARD, id 8)
[    16.281] (**) Option "xkb_model" "pc105"
[    16.281] (**) Option "xkb_layout" "de"
[    16.282] (II) event2  - Power Button: is tagged by udev as: Keyboard
[    16.282] (II) event2  - Power Button: device is a keyboard
[    16.283] (II) config/udev: Adding input device Lid Switch (/dev/input/event1)
[    16.283] (II) No input driver specified, ignoring this device.
[    16.283] (II) This device may have been added with another device file.
[    16.283] (II) config/udev: Adding input device Sleep Button (/dev/input/event0)
[    16.283] (**) Sleep Button: Applying InputClass "libinput keyboard catchall"
[    16.283] (II) Using input driver 'libinput' for 'Sleep Button'
[    16.284] (II) systemd-logind: got fd for /dev/input/event0 13:64 fd 34 paused 0
[    16.284] (**) Sleep Button: always reports core events
[    16.284] (**) Option "Device" "/dev/input/event0"
[    16.285] (II) event0  - Sleep Button: is tagged by udev as: Keyboard
[    16.285] (II) event0  - Sleep Button: device is a keyboard
[    16.285] (II) event0  - Sleep Button: device removed
[    16.285] (**) Option "config_info" "udev:/sys/devices/LNXSYSTM:00/LNXSYBUS:00/PNP0C0E:00/input/input0/event0"
[    16.285] (II) XINPUT: Adding extended input device "Sleep Button" (type: KEYBOARD, id 9)
[    16.285] (**) Option "xkb_model" "pc105"
[    16.285] (**) Option "xkb_layout" "de"
[    16.286] (II) event0  - Sleep Button: is tagged by udev as: Keyboard
[    16.286] (II) event0  - Sleep Button: device is a keyboard
[    16.288] (II) config/udev: Adding input device HP Full-HD Camera: HP Full-HD C (/dev/input/event14)
[    16.288] (**) HP Full-HD Camera: HP Full-HD C: Applying InputClass "libinput keyboard catchall"
[    16.288] (II) Using input driver 'libinput' for 'HP Full-HD Camera: HP Full-HD C'
[    16.289] (II) systemd-logind: got fd for /dev/input/event14 13:78 fd 35 paused 0
[    16.289] (**) HP Full-HD Camera: HP Full-HD C: always reports core events
[    16.289] (**) Option "Device" "/dev/input/event14"
[    16.291] (II) event14 - HP Full-HD Camera: HP Full-HD C: is tagged by udev as: Keyboard
[    16.291] (II) event14 - HP Full-HD Camera: HP Full-HD C: device is a keyboard
[    16.291] (II) event14 - HP Full-HD Camera: HP Full-HD C: device removed
[    16.291] (**) Option "config_info" "udev:/sys/devices/pci0000:00/0000:00:14.0/usb1/1-9/1-9:1.0/input/input31/event14"
[    16.291] (II) XINPUT: Adding extended input device "HP Full-HD Camera: HP Full-HD C" (type: KEYBOARD, id 10)
[    16.291] (**) Option "xkb_model" "pc105"
[    16.291] (**) Option "xkb_layout" "de"
[    16.293] (II) event14 - HP Full-HD Camera: HP Full-HD C: is tagged by udev as: Keyboard
[    16.293] (II) event14 - HP Full-HD Camera: HP Full-HD C: device is a keyboard
[    16.294] (II) config/udev: Adding input device HP Full-HD Camera: HP IR Camera (/dev/input/event15)
[    16.294] (**) HP Full-HD Camera: HP IR Camera: Applying InputClass "libinput keyboard catchall"
[    16.294] (II) Using input driver 'libinput' for 'HP Full-HD Camera: HP IR Camera'
[    16.295] (II) systemd-logind: got fd for /dev/input/event15 13:79 fd 36 paused 0
[    16.295] (**) HP Full-HD Camera: HP IR Camera: always reports core events
[    16.295] (**) Option "Device" "/dev/input/event15"
[    16.296] (II) event15 - HP Full-HD Camera: HP IR Camera: is tagged by udev as: Keyboard
[    16.296] (II) event15 - HP Full-HD Camera: HP IR Camera: device is a keyboard
[    16.296] (II) event15 - HP Full-HD Camera: HP IR Camera: device removed
[    16.296] (**) Option "config_info" "udev:/sys/devices/pci0000:00/0000:00:14.0/usb1/1-9/1-9:1.2/input/input32/event15"
[    16.296] (II) XINPUT: Adding extended input device "HP Full-HD Camera: HP IR Camera" (type: KEYBOARD, id 11)
[    16.296] (**) Option "xkb_model" "pc105"
[    16.296] (**) Option "xkb_layout" "de"
[    16.298] (II) event15 - HP Full-HD Camera: HP IR Camera: is tagged by udev as: Keyboard
[    16.298] (II) event15 - HP Full-HD Camera: HP IR Camera: device is a keyboard
[    16.299] (II) config/udev: Adding input device Wacom HID 48B7 Pen (/dev/input/event7)
[    16.299] (**) Wacom HID 48B7 Pen: Applying InputClass "libinput tablet catchall"
[    16.299] (**) Wacom HID 48B7 Pen: Applying InputClass "Wacom USB tablet class"
[    16.299] (**) Wacom HID 48B7 Pen: Applying InputClass "Wacom tablet class"
[    16.299] (II) LoadModule: "wacom"
[    16.300] (II) Loading /usr/lib/xorg/modules/input/wacom_drv.so
[    16.300] (II) Module wacom: vendor="X.Org FoundUSERNAMEon"
[    16.300] 	compiled for 1.21.1.4, module version = 1.1.0
[    16.300] 	Module class: X.Org XInput Driver
[    16.300] 	ABI class: X.Org XInput driver, version 24.4
[    16.300] (II) Build version: 1.1.0
[    16.300] (II) wacom: Driver for Wacom graphics tablets: PenPartner, Graphire,
	Graphire2 4x5, Graphire2 5x7, Graphire3 4x5, Graphire3 6x8,
	Graphire4 4x5, Graphire4 6x8, BambooFun 4x5, BambooFun 6x8,
	Bamboo1 Medium, Graphire4 6x8 BlueTooth, CTL-460, CTH-461, CTL-660,
	CTL-461/S, Bamboo Touch, CTH-460/K, CTH-461/S, CTH-661/S1, CTH-461/L,
	CTH-661/L, Intuos 4x5, Intuos 6x8, Intuos 9x12, Intuos 12x12,
	Intuos 12x18, PTU600, PL400, PL500, PL600, PL600SX, PL550, PL800,
	PL700, PL510, PL710, DTI520, DTF720, DTF720a, DTF521, DTU1931,
	DTU2231, DTU1631, DTH1152, DTH1152, DTK2451, DTH2452, DTH2452,
	Wacom One Pen Display 13, Intuos2 4x5, Intuos2 6x8, Intuos2 9x12,
	Intuos2 12x12, Intuos2 12x18, Intuos2 6x8 , Volito, PenStUSERNAMEon,
	Volito2 4x5, Volito2 2x3, PenPartner2, Bamboo, Bamboo1, Bamboo1 4x6,
	Bamboo1 5x8, Intuos3 4x5, Intuos3 6x8, Intuos3 9x12, Intuos3 12x12,
	Intuos3 12x19, Intuos3 6x11, Intuos3 4x6, Intuos4 4x6, Intuos4 6x9,
	Intuos4 8x13, Intuos4 12x19, Intuos4 WL USB Endpoint,
	Intuos4 WL Bluetooth Endpoint, Intuos5 touch S, Intuos5 touch M,
	Intuos5 touch L, Intuos5 S, Intuos5 M, Intuos Pro S, Intuos Pro M,
	Intuos Pro L, Cintiq 21UX, Cintiq 20WSX, Cintiq 12WX, Cintiq 21UX2,
	Cintiq 24HD, Cintiq 22HD, Cintiq 24HD touch (EMR digitizer),
	Cintiq 13HD, DTK2241, DTH2242, Cintiq 22HDT, Cintiq 27QHDT,
	Cintiq 27QHDT, Mobilestudio Pro 13, MobileStudio Pro 16,
	MobileStudio Pro 13, MobileStudio Pro 16, Cintiq 13 FHD Pro,
	Cintiq 16 UHD Pro, Cintiq Pro 24, Cintiq Pro 32, Cintiq 13 FHD Pro,
	Cintiq 16 UHD Pro, Cintiq Pro 24, Cintiq Pro 32, Cintiq Pro 24,
	Mobilestudio Pro 13, MobileStudio Pro 16, MobileStudio Pro 13,
	MobileStudio Pro 16, MobileStudio Pro 16, MobileStudio Pro 16,
	TabletPC 0x90, TabletPC 0x93, TabletPC 0x97, TabletPC 0x9A,
	CapPlus  0x9F, TabletPC 0xE2, TabletPC 0xE3, TabletPC 0xE5,
	TabletPC 0xE6, TabletPC 0xEC, TabletPC 0xED, TabletPC 0xEF,
	TabletPC 0x100, TabletPC 0x101, TabletPC 0x10D, TabletPC 0x116,
	TabletPC 0x12C, TabletPC 0x4001, TabletPC 0x4004, TabletPC 0x5000,
	TabletPC 0x5002, usb:172f:0024, usb:172f:0025, usb:172f:0026,
	usb:172f:0027, usb:172f:0028, usb:172f:0030, usb:172f:0031,
	usb:172f:0032, usb:172f:0033, usb:172f:0034, usb:172f:0035,
	usb:172f:0036, usb:172f:0037, usb:172f:0038, usb:172f:0039,
	usb:172f:0051, usb:172f:0052, usb:172f:0053, usb:172f:0054,
	usb:172f:0055, usb:172f:0056, usb:172f:0057, usb:172f:0058,
	usb:172f:0500, usb:172f:0501, usb:172f:0502, usb:172f:0503,
	usb:1b96:0001, usb:17ef:6004
[    16.302] (II) Using input driver 'wacom' for 'Wacom HID 48B7 Pen'
[    16.303] (II) systemd-logind: got fd for /dev/input/event7 13:71 fd 37 paused 0
[    16.303] (**) Wacom HID 48B7 Pen: always reports core events
[    16.303] (**) Option "Device" "/dev/input/event7"
[    16.303] (II) wacom: Wacom HID 48B7 Pen: type not specified, assuming 'stylus'.
[    16.303] (II) wacom: Wacom HID 48B7 Pen: other types will be automUSERNAMEcally added.
[    16.303] (--) wacom: Wacom HID 48B7 Pen stylus: using pressure threshold of 851 for button 1
[    16.303] (**) wacom: Wacom HID 48B7 Pen stylus: panscroll is 0
[    16.303] (**) wacom: Wacom HID 48B7 Pen stylus: panscroll modified to 1300
[    16.303] (--) wacom: Wacom HID 48B7 Pen stylus: maxX=30937 maxY=17402 maxZ=4095 resX=100000 resY=100000  tilt=enabled
[    16.303] (II) wacom: Wacom HID 48B7 Pen stylus: hotplugging dependent devices.
[    16.303] (II) wacom: Wacom HID 48B7 Pen stylus: hotplugging completed.
[    16.303] (**) Option "config_info" "udev:/sys/devices/pci0000:00/0000:00:15.0/i2c_designware.0/i2c-0/i2c-WCOM48B5:00/0018:056A:48B7.0002/input/input20/event7"
[    16.303] (II) XINPUT: Adding extended input device "Wacom HID 48B7 Pen stylus" (type: STYLUS, id 12)
[    16.304] (**) Wacom HID 48B7 Pen stylus: (accel) keeping accelerUSERNAMEon scheme 1
[    16.304] (**) Wacom HID 48B7 Pen stylus: (accel) accelerUSERNAMEon profile 0
[    16.304] (**) Wacom HID 48B7 Pen stylus: (accel) accelerUSERNAMEon factor: 2.000
[    16.304] (**) Wacom HID 48B7 Pen stylus: (accel) accelerUSERNAMEon threshold: 4
[    16.304] (II) config/udev: Adding input device Wacom HID 48B7 Pen (/dev/input/mouse2)
[    16.304] (II) No input driver specified, ignoring this device.
[    16.304] (II) This device may have been added with another device file.
[    16.305] (II) config/udev: Adding input device Wacom HID 48B7 Finger (/dev/input/event8)
[    16.305] (**) Wacom HID 48B7 Finger: Applying InputClass "libinput touchscreen catchall"
[    16.305] (**) Wacom HID 48B7 Finger: Applying InputClass "Wacom USB touchscreen class"
[    16.305] (**) Wacom HID 48B7 Finger: Applying InputClass "Wacom touchscreen class"
[    16.305] (II) Using input driver 'wacom' for 'Wacom HID 48B7 Finger'
[    16.306] (II) systemd-logind: got fd for /dev/input/event8 13:72 fd 38 paused 0
[    16.306] (**) Wacom HID 48B7 Finger: always reports core events
[    16.306] (**) Option "Device" "/dev/input/event8"
[    16.306] (II) wacom: Wacom HID 48B7 Finger: type not specified, assuming 'touch'.
[    16.306] (II) wacom: Wacom HID 48B7 Finger: other types will be automUSERNAMEcally added.
[    16.306] (**) wacom: Wacom HID 48B7 Finger touch: panscroll is 0
[    16.306] (**) wacom: Wacom HID 48B7 Finger touch: panscroll modified to 13
[    16.306] (--) wacom: Wacom HID 48B7 Finger touch: maxX=12376 maxY=6960 maxZ=0 resX=40000 resY=40000 
[    16.306] (II) wacom: Wacom HID 48B7 Finger touch: hotplugging dependent devices.
[    16.306] (II) wacom: Wacom HID 48B7 Finger touch: hotplugging completed.
[    16.306] (**) Option "config_info" "udev:/sys/devices/pci0000:00/0000:00:15.0/i2c_designware.0/i2c-0/i2c-WCOM48B5:00/0018:056A:48B7.0002/input/input21/event8"
[    16.306] (II) XINPUT: Adding extended input device "Wacom HID 48B7 Finger touch" (type: TOUCH, id 13)
[    16.307] (**) Wacom HID 48B7 Finger touch: (accel) keeping accelerUSERNAMEon scheme 1
[    16.307] (**) Wacom HID 48B7 Finger touch: (accel) accelerUSERNAMEon profile 0
[    16.307] (**) Wacom HID 48B7 Finger touch: (accel) accelerUSERNAMEon factor: 2.000
[    16.307] (**) Wacom HID 48B7 Finger touch: (accel) accelerUSERNAMEon threshold: 4
[    16.308] (II) config/udev: Adding input device Wacom HID 48B7 Finger (/dev/input/mouse3)
[    16.308] (II) No input driver specified, ignoring this device.
[    16.308] (II) This device may have been added with another device file.
[    16.309] (II) config/udev: Adding input device SYNA307E:00 06CB:CD74 Mouse (/dev/input/event11)
[    16.309] (**) SYNA307E:00 06CB:CD74 Mouse: Applying InputClass "libinput pointer catchall"
[    16.309] (II) Using input driver 'libinput' for 'SYNA307E:00 06CB:CD74 Mouse'
[    16.309] (II) systemd-logind: got fd for /dev/input/event11 13:75 fd 39 paused 0
[    16.309] (**) SYNA307E:00 06CB:CD74 Mouse: always reports core events
[    16.309] (**) Option "Device" "/dev/input/event11"
[    16.311] (II) event11 - SYNA307E:00 06CB:CD74 Mouse: is tagged by udev as: Mouse Pointingstick
[    16.311] (II) event11 - SYNA307E:00 06CB:CD74 Mouse: device is a pointer
[    16.312] (II) event11 - SYNA307E:00 06CB:CD74 Mouse: device removed
[    16.312] (**) Option "config_info" "udev:/sys/devices/pci0000:00/0000:00:15.1/i2c_designware.1/i2c-2/i2c-SYNA307E:00/0018:06CB:CD74.0001/input/input27/event11"
[    16.312] (II) XINPUT: Adding extended input device "SYNA307E:00 06CB:CD74 Mouse" (type: MOUSE, id 14)
[    16.312] (**) Option "AccelerUSERNAMEonScheme" "none"
[    16.312] (**) SYNA307E:00 06CB:CD74 Mouse: (accel) selected scheme none/0
[    16.312] (**) SYNA307E:00 06CB:CD74 Mouse: (accel) accelerUSERNAMEon factor: 2.000
[    16.312] (**) SYNA307E:00 06CB:CD74 Mouse: (accel) accelerUSERNAMEon threshold: 4
[    16.314] (II) event11 - SYNA307E:00 06CB:CD74 Mouse: is tagged by udev as: Mouse Pointingstick
[    16.314] (II) event11 - SYNA307E:00 06CB:CD74 Mouse: device is a pointer
[    16.315] (II) config/udev: Adding input device SYNA307E:00 06CB:CD74 Mouse (/dev/input/mouse0)
[    16.315] (II) No input driver specified, ignoring this device.
[    16.315] (II) This device may have been added with another device file.
[    16.316] (II) config/udev: Adding input device SYNA307E:00 06CB:CD74 Touchpad (/dev/input/event12)
[    16.316] (**) SYNA307E:00 06CB:CD74 Touchpad: Applying InputClass "libinput touchpad catchall"
[    16.316] (II) Using input driver 'libinput' for 'SYNA307E:00 06CB:CD74 Touchpad'
[    16.317] (II) systemd-logind: got fd for /dev/input/event12 13:76 fd 40 paused 0
[    16.317] (**) SYNA307E:00 06CB:CD74 Touchpad: always reports core events
[    16.317] (**) Option "Device" "/dev/input/event12"
[    16.318] (II) event12 - SYNA307E:00 06CB:CD74 Touchpad: is tagged by udev as: Touchpad
[    16.319] (II) event12 - SYNA307E:00 06CB:CD74 Touchpad: device is a touchpad
[    16.319] (II) event12 - SYNA307E:00 06CB:CD74 Touchpad: device removed
[    16.320] (**) Option "config_info" "udev:/sys/devices/pci0000:00/0000:00:15.1/i2c_designware.1/i2c-2/i2c-SYNA307E:00/0018:06CB:CD74.0001/input/input28/event12"
[    16.320] (II) XINPUT: Adding extended input device "SYNA307E:00 06CB:CD74 Touchpad" (type: TOUCHPAD, id 15)
[    16.321] (**) Option "AccelerUSERNAMEonScheme" "none"
[    16.321] (**) SYNA307E:00 06CB:CD74 Touchpad: (accel) selected scheme none/0
[    16.321] (**) SYNA307E:00 06CB:CD74 Touchpad: (accel) accelerUSERNAMEon factor: 2.000
[    16.321] (**) SYNA307E:00 06CB:CD74 Touchpad: (accel) accelerUSERNAMEon threshold: 4
[    16.322] (II) event12 - SYNA307E:00 06CB:CD74 Touchpad: is tagged by udev as: Touchpad
[    16.323] (II) event12 - SYNA307E:00 06CB:CD74 Touchpad: device is a touchpad
[    16.324] (II) config/udev: Adding input device SYNA307E:00 06CB:CD74 Touchpad (/dev/input/mouse1)
[    16.324] (II) No input driver specified, ignoring this device.
[    16.324] (II) This device may have been added with another device file.
[    16.325] (II) config/udev: Adding input device Intel Virtual Buttons (/dev/input/event6)
[    16.325] (**) Intel Virtual Buttons: Applying InputClass "libinput keyboard catchall"
[    16.325] (II) Using input driver 'libinput' for 'Intel Virtual Buttons'
[    16.325] (II) systemd-logind: got fd for /dev/input/event6 13:70 fd 41 paused 0
[    16.325] (**) Intel Virtual Buttons: always reports core events
[    16.325] (**) Option "Device" "/dev/input/event6"
[    16.327] (II) event6  - Intel Virtual Buttons: is tagged by udev as: Keyboard
[    16.327] (II) event6  - Intel Virtual Buttons: device is a keyboard
[    16.327] (II) event6  - Intel Virtual Buttons: device removed
[    16.327] (**) Option "config_info" "udev:/sys/devices/pci0000:00/0000:00:1f.0/PNP0C09:00/INT33D6:00/input/input25/event6"
[    16.327] (II) XINPUT: Adding extended input device "Intel Virtual Buttons" (type: KEYBOARD, id 16)
[    16.327] (**) Option "xkb_model" "pc105"
[    16.327] (**) Option "xkb_layout" "de"
[    16.328] (II) event6  - Intel Virtual Buttons: is tagged by udev as: Keyboard
[    16.329] (II) event6  - Intel Virtual Buttons: device is a keyboard
[    16.330] (II) config/udev: Adding input device Intel Virtual Switches (/dev/input/event10)
[    16.330] (II) No input driver specified, ignoring this device.
[    16.330] (II) This device may have been added with another device file.
[    16.330] (II) config/udev: Adding input device Intel HID events (/dev/input/event9)
[    16.330] (**) Intel HID events: Applying InputClass "libinput keyboard catchall"
[    16.330] (II) Using input driver 'libinput' for 'Intel HID events'
[    16.331] (II) systemd-logind: got fd for /dev/input/event9 13:73 fd 42 paused 0
[    16.331] (**) Intel HID events: always reports core events
[    16.331] (**) Option "Device" "/dev/input/event9"
[    16.331] (II) event9  - Intel HID events: is tagged by udev as: Keyboard
[    16.331] (II) event9  - Intel HID events: device is a keyboard
[    16.332] (II) event9  - Intel HID events: device removed
[    16.332] (**) Option "config_info" "udev:/sys/devices/platform/INT33D5:00/input/input24/event9"
[    16.332] (II) XINPUT: Adding extended input device "Intel HID events" (type: KEYBOARD, id 17)
[    16.332] (**) Option "xkb_model" "pc105"
[    16.332] (**) Option "xkb_layout" "de"
[    16.333] (II) event9  - Intel HID events: is tagged by udev as: Keyboard
[    16.333] (II) event9  - Intel HID events: device is a keyboard
[    16.333] (II) config/udev: Adding input device AT Translated Set 2 keyboard (/dev/input/event4)
[    16.334] (**) AT Translated Set 2 keyboard: Applying InputClass "libinput keyboard catchall"
[    16.334] (II) Using input driver 'libinput' for 'AT Translated Set 2 keyboard'
[    16.334] (II) systemd-logind: got fd for /dev/input/event4 13:68 fd 43 paused 0
[    16.334] (**) AT Translated Set 2 keyboard: always reports core events
[    16.334] (**) Option "Device" "/dev/input/event4"
[    16.335] (II) event4  - AT Translated Set 2 keyboard: is tagged by udev as: Keyboard
[    16.336] (II) event4  - AT Translated Set 2 keyboard: device is a keyboard
[    16.336] (II) event4  - AT Translated Set 2 keyboard: device removed
[    16.336] (**) Option "config_info" "udev:/sys/devices/platform/i8042/serio0/input/input4/event4"
[    16.336] (II) XINPUT: Adding extended input device "AT Translated Set 2 keyboard" (type: KEYBOARD, id 18)
[    16.336] (**) Option "xkb_model" "pc105"
[    16.336] (**) Option "xkb_layout" "de"
[    16.337] (II) event4  - AT Translated Set 2 keyboard: is tagged by udev as: Keyboard
[    16.337] (II) event4  - AT Translated Set 2 keyboard: device is a keyboard
[    16.339] (II) config/udev: Adding input device SynPS/2 Synaptics TouchPad (/dev/input/event22)
[    16.339] (**) SynPS/2 Synaptics TouchPad: Applying InputClass "libinput touchpad catchall"
[    16.339] (II) Using input driver 'libinput' for 'SynPS/2 Synaptics TouchPad'
[    16.340] (II) systemd-logind: got fd for /dev/input/event22 13:86 fd 44 paused 0
[    16.340] (**) SynPS/2 Synaptics TouchPad: always reports core events
[    16.340] (**) Option "Device" "/dev/input/event22"
[    16.341] (II) event22 - SynPS/2 Synaptics TouchPad: is tagged by udev as: Touchpad
[    16.341] (II) event22 - SynPS/2 Synaptics TouchPad: no resolution or size hints, assuming a size of 69x50mm
[    16.342] (II) event22 - SynPS/2 Synaptics TouchPad: device is a touchpad
[    16.343] (II) event22 - SynPS/2 Synaptics TouchPad: device removed
[    16.343] (**) Option "config_info" "udev:/sys/devices/platform/i8042/serio3/input/input11/event22"
[    16.343] (II) XINPUT: Adding extended input device "SynPS/2 Synaptics TouchPad" (type: TOUCHPAD, id 19)
[    16.344] (**) Option "AccelerUSERNAMEonScheme" "none"
[    16.344] (**) SynPS/2 Synaptics TouchPad: (accel) selected scheme none/0
[    16.344] (**) SynPS/2 Synaptics TouchPad: (accel) accelerUSERNAMEon factor: 2.000
[    16.344] (**) SynPS/2 Synaptics TouchPad: (accel) accelerUSERNAMEon threshold: 4
[    16.345] (II) event22 - SynPS/2 Synaptics TouchPad: is tagged by udev as: Touchpad
[    16.345] (II) event22 - SynPS/2 Synaptics TouchPad: no resolution or size hints, assuming a size of 69x50mm
[    16.346] (II) event22 - SynPS/2 Synaptics TouchPad: device is a touchpad
[    16.347] (II) config/udev: Adding input device SynPS/2 Synaptics TouchPad (/dev/input/mouse4)
[    16.347] (II) No input driver specified, ignoring this device.
[    16.347] (II) This device may have been added with another device file.
[    16.350] (II) config/udev: Adding input device hda-dsp Mic (/dev/input/event17)
[    16.350] (II) No input driver specified, ignoring this device.
[    16.350] (II) This device may have been added with another device file.
[    16.350] (II) config/udev: Adding input device hda-dsp Headphone (/dev/input/event18)
[    16.350] (II) No input driver specified, ignoring this device.
[    16.350] (II) This device may have been added with another device file.
[    16.350] (II) config/udev: Adding input device hda-dsp HDMI/DP, pcm=17 Jack (/dev/input/event19)
[    16.350] (II) No input driver specified, ignoring this device.
[    16.350] (II) This device may have been added with another device file.
[    16.351] (II) config/udev: Adding input device hda-dsp HDMI/DP, pcm=18 Jack (/dev/input/event20)
[    16.351] (II) No input driver specified, ignoring this device.
[    16.351] (II) This device may have been added with another device file.
[    16.351] (II) config/udev: Adding input device hda-dsp HDMI/DP, pcm=19 Jack (/dev/input/event21)
[    16.351] (II) No input driver specified, ignoring this device.
[    16.351] (II) This device may have been added with another device file.
[    16.351] (II) config/udev: Adding input device Wireless hotkeys (/dev/input/event5)
[    16.351] (**) Wireless hotkeys: Applying InputClass "libinput keyboard catchall"
[    16.351] (II) Using input driver 'libinput' for 'Wireless hotkeys'
[    16.361] (II) systemd-logind: got fd for /dev/input/event5 13:69 fd 45 paused 0
[    16.361] (**) Wireless hotkeys: always reports core events
[    16.361] (**) Option "Device" "/dev/input/event5"
[    16.362] (II) event5  - Wireless hotkeys: is tagged by udev as: Keyboard
[    16.362] (II) event5  - Wireless hotkeys: device is a keyboard
[    16.362] (II) event5  - Wireless hotkeys: device removed
[    16.362] (**) Option "config_info" "udev:/sys/devices/virtual/input/input23/event5"
[    16.362] (II) XINPUT: Adding extended input device "Wireless hotkeys" (type: KEYBOARD, id 20)
[    16.362] (**) Option "xkb_model" "pc105"
[    16.362] (**) Option "xkb_layout" "de"
[    16.363] (II) event5  - Wireless hotkeys: is tagged by udev as: Keyboard
[    16.363] (II) event5  - Wireless hotkeys: device is a keyboard
[    16.364] (II) config/udev: Adding input device HP WMI hotkeys (/dev/input/event13)
[    16.364] (**) HP WMI hotkeys: Applying InputClass "libinput keyboard catchall"
[    16.364] (II) Using input driver 'libinput' for 'HP WMI hotkeys'
[    16.366] (II) systemd-logind: got fd for /dev/input/event13 13:77 fd 46 paused 0
[    16.366] (**) HP WMI hotkeys: always reports core events
[    16.366] (**) Option "Device" "/dev/input/event13"
[    16.366] (II) event13 - HP WMI hotkeys: is tagged by udev as: Keyboard Switch
[    16.366] (II) event13 - HP WMI hotkeys: device is a keyboard
[    16.366] (II) event13 - HP WMI hotkeys: device is a switch device
[    16.367] (II) event13 - HP WMI hotkeys: device removed
[    16.367] (**) Option "config_info" "udev:/sys/devices/virtual/input/input30/event13"
[    16.367] (II) XINPUT: Adding extended input device "HP WMI hotkeys" (type: KEYBOARD, id 21)
[    16.367] (**) Option "xkb_model" "pc105"
[    16.367] (**) Option "xkb_layout" "de"
[    16.368] (II) event13 - HP WMI hotkeys: is tagged by udev as: Keyboard Switch
[    16.368] (II) event13 - HP WMI hotkeys: device is a keyboard
[    16.368] (II) event13 - HP WMI hotkeys: device is a switch device
[    16.375] (**) Wacom HID 48B7 Pen eraser: Applying InputClass "libinput tablet catchall"
[    16.375] (**) Wacom HID 48B7 Pen eraser: Applying InputClass "Wacom USB tablet class"
[    16.375] (**) Wacom HID 48B7 Pen eraser: Applying InputClass "Wacom tablet class"
[    16.375] (II) Using input driver 'wacom' for 'Wacom HID 48B7 Pen eraser'
[    16.375] (II) systemd-logind: returning pre-existing fd for /dev/input/event7 13:71
[    16.375] (**) Wacom HID 48B7 Pen eraser: always reports core events
[    16.375] (**) Option "Device" "/dev/input/event7"
[    16.375] (**) Option "Type" "eraser"
[    16.375] (**) wacom: Wacom HID 48B7 Pen eraser: panscroll is 1300
[    16.375] (**) wacom: Wacom HID 48B7 Pen eraser: panscroll modified to 1300
[    16.375] (--) wacom: Wacom HID 48B7 Pen eraser: maxX=30937 maxY=17402 maxZ=4095 resX=100000 resY=100000  tilt=enabled
[    16.375] (**) Option "config_info" "udev:/sys/devices/pci0000:00/0000:00:15.0/i2c_designware.0/i2c-0/i2c-WCOM48B5:00/0018:056A:48B7.0002/input/input20/event7"
[    16.375] (II) XINPUT: Adding extended input device "Wacom HID 48B7 Pen eraser" (type: ERASER, id 22)
[    16.376] (**) Wacom HID 48B7 Pen eraser: (accel) keeping accelerUSERNAMEon scheme 1
[    16.376] (**) Wacom HID 48B7 Pen eraser: (accel) accelerUSERNAMEon profile 0
[    16.376] (**) Wacom HID 48B7 Pen eraser: (accel) accelerUSERNAMEon factor: 2.000
[    16.376] (**) Wacom HID 48B7 Pen eraser: (accel) accelerUSERNAMEon threshold: 4
[    16.917] (II) modeset(0): EDID vendor "IVO", prod id 1407
[    16.917] (II) modeset(0): Printing DDC gathered Modelines:
[    16.917] (II) modeset(0): Modeline "1920x1080"x0.0  280.00  1920 1944 1992 2120  1080 1090 1095 1100 -hsync -vsync (132.1 kHz eP)
[    17.932] (II) modeset(0): EDID vendor "IVO", prod id 1407
[    17.932] (II) modeset(0): Printing DDC gathered Modelines:
[    17.932] (II) modeset(0): Modeline "1920x1080"x0.0  280.00  1920 1944 1992 2120  1080 1090 1095 1100 -hsync -vsync (132.1 kHz eP)
[  1967.196] (II) config/udev: Adding input device HP Active Pen G2 (/dev/input/event23)
[  1967.196] (**) HP Active Pen G2: Applying InputClass "libinput keyboard catchall"
[  1967.196] (II) Using input driver 'libinput' for 'HP Active Pen G2'
[  1967.199] (II) systemd-logind: got fd for /dev/input/event23 13:87 fd 73 paused 0
[  1967.199] (**) HP Active Pen G2: always reports core events
[  1967.199] (**) Option "Device" "/dev/input/event23"
[  1967.202] (II) event23 - HP Active Pen G2: is tagged by udev as: Keyboard
[  1967.203] (II) event23 - HP Active Pen G2: device is a keyboard
[  1967.204] (II) event23 - HP Active Pen G2: device removed
[  1967.204] (**) Option "config_info" "udev:/sys/devices/virtual/misc/uhid/0005:04F2:1728.0006/input/input40/event23"
[  1967.204] (II) XINPUT: Adding extended input device "HP Active Pen G2" (type: KEYBOARD, id 23)
[  1967.205] (**) Option "xkb_model" "pc105"
[  1967.205] (**) Option "xkb_layout" "de"
[  1967.205] (WW) Option "xkb_variant" requires a string value
[  1967.205] (WW) Option "xkb_options" requires a string value
[  1967.210] (II) event23 - HP Active Pen G2: is tagged by udev as: Keyboard
[  1967.210] (II) event23 - HP Active Pen G2: device is a keyboard
[  2940.160] (II) event23 - HP Active Pen G2: device removed
[  2940.161] (II) config/udev: removing device HP Active Pen G2
[  2940.161] (**) Option "fd" "73"
[  2940.163] (II) UnloadModule: "libinput"
[  2940.163] (II) systemd-logind: releasing fd for 13:87
[  2997.262] (II) modeset(0): EDID vendor "IVO", prod id 1407
[  2997.262] (II) modeset(0): Printing DDC gathered Modelines:
[  2997.262] (II) modeset(0): Modeline "1920x1080"x0.0  280.00  1920 1944 1992 2120  1080 1090 1095 1100 -hsync -vsync (132.1 kHz eP)
