[    0.001965] last_pfn = 0xbf000 max_arch_pfn = 0x400000000
[    0.004447] Using GB pages for direct mapping
[    0.004573] secureboot: Secure boot disabled
[    0.004574] RAMDISK: [mem 0xb476b000-0xb7b40fff]
[    0.004578] ACPI: Early table checksum verification disabled
[    0.004581] ACPI: RSDP 0x00000000BCDEB014 000024 (v02 ALASKA)
[    0.004583] ACPI: XSDT 0x00000000BCDEA728 0000CC (v01 ALASKA A M I    01072009 AMI  01000013)
[    0.004587] ACPI: FACP 0x00000000BB6F4000 000114 (v06 ALASKA A M I    01072009 AMI  00010013)
[    0.004590] ACPI: DSDT 0x00000000BB6ED000 006F57 (v02 ALASKA A M I    01072009 INTL 20120913)
[    0.004592] ACPI: FACS 0x00000000BCDE5000 000040
[    0.004593] ACPI: SSDT 0x00000000BB6FA000 008CE9 (v02 AMD    AmdTable 00000002 MSFT 04000000)
[    0.004594] ACPI: SSDT 0x00000000BB6F6000 003B7B (v02 AMD    AMD AOD  00000001 INTL 20120913)
[    0.004596] ACPI: SSDT 0x00000000BB6F5000 0000FC (v02 ALASKA CPUSSDT  01072009 AMI  01072009)
[    0.004597] ACPI: FIDT 0x00000000BB6EC000 00009C (v01 ALASKA A M I    01072009 AMI  00010013)
[    0.004598] ACPI: MCFG 0x00000000BB6EB000 00003C (v01 ALASKA A M I    01072009 MSFT 00010013)
[    0.004600] ACPI: HPET 0x00000000BB6EA000 000038 (v01 ALASKA A M I    01072009 AMI  00000005)
[    0.004601] ACPI: IVRS 0x00000000BB6E9000 0000D0 (v02 AMD    AmdTable 00000001 AMD  00000001)
[    0.004602] ACPI: FPDT 0x00000000BB6E8000 000044 (v01 ALASKA A M I    01072009 AMI  01000013)
[    0.004604] ACPI: VFCT 0x00000000BB6D9000 00E284 (v01 ALASKA A M I    00000001 AMD  33504F47)
[    0.004605] ACPI: BGRT 0x00000000BB6D8000 000038 (v01 ALASKA A M I    01072009 AMI  00010013)
--
[    0.042792] PM: hibernation: Registered nosave memory: [mem 0xfedd4000-0xfedd5fff]
[    0.042793] PM: hibernation: Registered nosave memory: [mem 0xfedd6000-0xffffffff]
[    0.042794] [mem 0xc0000000-0xfe9fffff] available for PCI devices
[    0.042795] Booting paravirtualized kernel on bare hardware
[    0.042797] clocksource: refined-jiffies: mask: 0xffffffff max_cycles: 0xffffffff, max_idle_ns: 1910969940391419 ns
[    0.045877] setup_percpu: NR_CPUS:8192 nr_cpumask_bits:32 nr_cpu_ids:32 nr_node_ids:1
[    0.046674] percpu: Embedded 64 pages/cpu s225280 r8192 d28672 u262144
[    0.046678] pcpu-alloc: s225280 r8192 d28672 u262144 alloc=1*2097152
[    0.046679] pcpu-alloc: [0] 00 01 02 03 04 05 06 07 [0] 08 09 10 11 12 13 14 15 
[    0.046684] pcpu-alloc: [0] 16 17 18 19 20 21 22 23 [0] 24 25 26 27 28 29 30 31 
[    0.046700] Kernel command line: BOOT_IMAGE=(hd2,gpt6)/root/boot/vmlinuz-6.5.8-200.fc38.x86_64 root=UUID=2e824c1a-445e-493b-9968-15cdafad91e2 ro rootflags=subvol=root rhgb quiet resume=UUID=4799aec8-d5e9-4624-88dd-ea1b77cba5ee
--
[    0.922940] ACPI: \_PR_.C00F: Found 2 idle states
[    0.923175] Serial: 8250/16550 driver, 32 ports, IRQ sharing enabled
[    0.923267] 00:05: ttyS0 at I/O 0x3f8 (irq = 4, base_baud = 115200) is a 16550A
[    0.925714] Non-volatile memory driver v1.3
[    0.925719] Linux agpgart interface v0.103
[    0.937533] tpm_crb MSFT0101:00: Disabling hwrng
[    0.937714] ACPI: bus type drm_connector registered
[    0.938368] [drm] Initialized simpledrm 1.0.0 20200625 for simple-framebuffer.0 on minor 0
[    0.938689] fbcon: Deferring console take-over
[    0.938691] simple-framebuffer simple-framebuffer.0: [drm] fb0: simpledrmdrmfb frame buffer device
[    0.939653] ahci 0000:03:00.1: version 3.0
--
[    1.163077] pci 0000:2a:00.4: hash matches
[    1.238448] usb 3-1: new full-speed USB device number 2 using xhci_hcd
[    1.249393] ata1: SATA link down (SStatus 0 SControl 300)
[    1.268403] RAS: Correctable Errors collector initialized.
[    1.300446] usb 1-8: new full-speed USB device number 2 using xhci_hcd
[    1.384661] usb 3-1: New USB device found, idVendor=28bd, idProduct=092b, bcdDevice= 0.00
[    1.384664] usb 3-1: New USB device strings: Mfr=1, Product=2, SerialNumber=3
[    1.384666] usb 3-1: Product: 13.3 inch PenDisplay
[    1.384668] usb 3-1: Manufacturer: UGTABLET
[    1.384669] usb 3-1: SerialNumber: 000000
[    1.431813] input: UGTABLET 13.3 inch PenDisplay Mouse as /devices/pci0000:00/0000:00:08.1/0000:2a:00.3/usb3/3-1/3-1:1.0/0003:28BD:092B.0001/input/input2
[    1.431890] input: UGTABLET 13.3 inch PenDisplay Keyboard as /devices/pci0000:00/0000:00:08.1/0000:2a:00.3/usb3/3-1/3-1:1.0/0003:28BD:092B.0001/input/input3
[    1.483693] hid-generic 0003:28BD:092B.0001: input,hidraw0: USB HID v1.00 Mouse [UGTABLET 13.3 inch PenDisplay] on usb-0000:2a:00.3-1/input0
[    1.490911] input: UGTABLET 13.3 inch PenDisplay as /devices/pci0000:00/0000:00:08.1/0000:2a:00.3/usb3/3-1/3-1:1.1/0003:28BD:092B.0002/input/input4
[    1.491015] hid-generic 0003:28BD:092B.0002: input,hidraw1: USB HID v1.00 Device [UGTABLET 13.3 inch PenDisplay] on usb-0000:2a:00.3-1/input1
[    1.498803] hid-generic 0003:28BD:092B.0003: hiddev96,hidraw2: USB HID v1.00 Device [UGTABLET 13.3 inch PenDisplay] on usb-0000:2a:00.3-1/input2
[    1.556327] ata2: SATA link down (SStatus 0 SControl 300)
[    1.674075] usb 1-8: New USB device found, idVendor=046d, idProduct=c08b, bcdDevice=27.01
[    1.674082] usb 1-8: New USB device strings: Mfr=1, Product=2, SerialNumber=3
[    1.674084] usb 1-8: Product: G502 HERO Gaming Mouse
[    1.674086] usb 1-8: Manufacturer: Logitech
[    1.674087] usb 1-8: SerialNumber: 106838693637
[    1.676259] tsc: Refined TSC clocksource calibration: 3799.998 MHz
[    1.676267] clocksource: tsc: mask: 0xffffffffffffffff max_cycles: 0x6d8cab05ec1, max_idle_ns: 881590646801 ns
[    1.676624] clocksource: Switched to clocksource tsc
[    1.693807] input: Logitech G502 HERO Gaming Mouse as /devices/pci0000:00/0000:00:01.3/0000:03:00.0/usb1/1-8/1-8:1.0/0003:046D:C08B.0004/input/input5
[    1.693906] hid-generic 0003:046D:C08B.0004: input,hidraw3: USB HID v1.11 Mouse [Logitech G502 HERO Gaming Mouse] on usb-0000:03:00.0-8/input0
[    1.703880] input: Logitech G502 HERO Gaming Mouse Keyboard as /devices/pci0000:00/0000:00:01.3/0000:03:00.0/usb1/1-8/1-8:1.1/0003:046D:C08B.0005/input/input6
[    1.755722] hid-generic 0003:046D:C08B.0005: input,hiddev97,hidraw4: USB HID v1.11 Keyboard [Logitech G502 HERO Gaming Mouse] on usb-0000:03:00.0-8/input1
[    1.932580] usb 1-9: new full-speed USB device number 3 using xhci_hcd
[    2.028353] ata5: SATA link up 6.0 Gbps (SStatus 133 SControl 300)
[    2.028985] ata5.00: ATA-10: WDC WD10EZEX-22MFCA0, 01.01A01, max UDMA/133
[    2.030214] ata5.00: 1953525168 sectors, multi 16: LBA48 NCQ (depth 32), AA
[    2.030218] ata5.00: Features: NCQ-prio
--
[    2.389867] systemd[1]: systemd 253.12-1.fc38 running in system mode (+PAM +AUDIT +SELINUX -APPARMOR +IMA +SMACK +SECCOMP -GCRYPT +GNUTLS +OPENSSL +ACL +BLKID +CURL +ELFUTILS +FIDO2 +IDN2 -IDN -IPTC +KMOD +LIBCRYPTSETUP +LIBFDISK +PCRE2 +PWQUALITY +P11KIT +QRENCODE +TPM2 +BZIP2 +LZ4 +XZ +ZLIB +ZSTD +BPF_FRAMEWORK +XKBCOMMON +UTMP +SYSVINIT default-hierarchy=unified)
[    2.389871] systemd[1]: Detected architecture x86-64.
[    2.389874] systemd[1]: Running in initrd.
[    2.389973] systemd[1]: Hostname set to <HOSTNAME>.
[    2.390821] input: DZTECH DZ65RGB as /devices/pci0000:00/0000:00:01.3/0000:03:00.0/usb1/1-9/1-9:1.0/0003:445A:1424.0006/input/input9
[    2.442374] hid-generic 0003:445A:1424.0006: input,hidraw5: USB HID v1.11 Keyboard [DZTECH DZ65RGB] on usb-0000:03:00.0-9/input0
[    2.450836] hid-generic 0003:445A:1424.0007: hiddev98,hidraw6: USB HID v1.11 Device [DZTECH DZ65RGB] on usb-0000:03:00.0-9/input1
[    2.465018] systemd[1]: bpf-lsm: LSM BPF program attached
[    2.469881] input: DZTECH DZ65RGB System Control as /devices/pci0000:00/0000:00:01.3/0000:03:00.0/usb1/1-9/1-9:1.2/0003:445A:1424.0008/input/input10
[    2.499450] systemd[1]: Queued start job for default target initrd.target.
[    2.514090] systemd[1]: Created slice system-systemd\x2dhibernate\x2dresume.slice - Slice /system/systemd-hibernate-resume.
[    2.514155] systemd[1]: Reached target initrd-usr-fs.target - Initrd /usr File System.
--
[    2.516925] systemd[1]: Starting systemd-modules-load.service - Load Kernel Modules...
[    2.517496] systemd[1]: Starting systemd-sysusers.service - Create System Users...
[    2.518062] systemd[1]: Starting systemd-vconsole-setup.service - Setup Virtual Console...
[    2.521309] input: DZTECH DZ65RGB Consumer Control as /devices/pci0000:00/0000:00:01.3/0000:03:00.0/usb1/1-9/1-9:1.2/0003:445A:1424.0008/input/input11
[    2.521355] input: DZTECH DZ65RGB Keyboard as /devices/pci0000:00/0000:00:01.3/0000:03:00.0/usb1/1-9/1-9:1.2/0003:445A:1424.0008/input/input12
[    2.521494] hid-generic 0003:445A:1424.0008: input,hidraw7: USB HID v1.11 Keyboard [DZTECH DZ65RGB] on usb-0000:03:00.0-9/input2
[    2.521785] systemd-journald[361]: Collecting audit messages is disabled.
[    2.532346] systemd[1]: Finished kmod-static-nodes.service - Create List of Static Device Nodes.
[    2.532742] fuse: init (API version 7.38)
[    2.552343] systemd[1]: Finished systemd-modules-load.service - Load Kernel Modules.
[    2.564386] systemd[1]: Finished systemd-vconsole-setup.service - Setup Virtual Console.
--
[40872.249751] ata5.00: configured for UDMA/133
[40873.437564] [drm:retrieve_link_cap [amdgpu]] *ERROR* retrieve_link_cap: Read receiver caps dpcd data failed.
[40874.001351] r8169 0000:23:00.0 enp35s0: Link is Up - 1Gbps/Full - flow control rx/tx
[48016.293396] usb 3-1: USB disconnect, device number 2
[48019.417670] usb 3-1: new full-speed USB device number 5 using xhci_hcd
[48019.564588] usb 3-1: New USB device found, idVendor=28bd, idProduct=092b, bcdDevice= 0.00
[48019.564595] usb 3-1: New USB device strings: Mfr=1, Product=2, SerialNumber=3
[48019.564598] usb 3-1: Product: 13.3 inch PenDisplay
[48019.564600] usb 3-1: Manufacturer: UGTABLET
[48019.564602] usb 3-1: SerialNumber: 000000
[48019.610874] input: UGTABLET 13.3 inch PenDisplay Mouse as /devices/pci0000:00/0000:00:08.1/0000:2a:00.3/usb3/3-1/3-1:1.0/0003:28BD:092B.0009/input/input28
[48019.611042] input: UGTABLET 13.3 inch PenDisplay Keyboard as /devices/pci0000:00/0000:00:08.1/0000:2a:00.3/usb3/3-1/3-1:1.0/0003:28BD:092B.0009/input/input29
[48019.662795] hid-generic 0003:28BD:092B.0009: input,hidraw0: USB HID v1.00 Mouse [UGTABLET 13.3 inch PenDisplay] on usb-0000:2a:00.3-1/input0
[48019.669801] input: UGTABLET 13.3 inch PenDisplay as /devices/pci0000:00/0000:00:08.1/0000:2a:00.3/usb3/3-1/3-1:1.1/0003:28BD:092B.000A/input/input30
[48019.669920] hid-generic 0003:28BD:092B.000A: input,hidraw1: USB HID v1.00 Device [UGTABLET 13.3 inch PenDisplay] on usb-0000:2a:00.3-1/input1
[48019.675822] hid-generic 0003:28BD:092B.000B: hiddev96,hidraw2: USB HID v1.00 Device [UGTABLET 13.3 inch PenDisplay] on usb-0000:2a:00.3-1/input2
[51615.151889] WARNING! power/level is deprecated; use power/control instead
