[    2.919152] intel_rapl_common: Found RAPL domain package
[    2.920679] mc: Linux media interface: v0.10
[    2.933167] proc_thermal 0000:00:04.0: Creating sysfs group for PROC_THERMAL_PCI
[    3.032434] input: Ideapad extra buttons as /devices/pci0000:00/0000:00:1f.0/PNP0C09:00/VPC2004:00/input/input5
[    3.067351] idma64 idma64.0: Found Intel integrated DMA 64-bit
[    3.095273] i2c_hid i2c-MSFT0001:00: supply vdd not found, using dummy regulator
[    3.095315] i2c_hid i2c-MSFT0001:00: supply vddl not found, using dummy regulator
[    3.097786] idma64 idma64.1: Found Intel integrated DMA 64-bit
[    3.126929] i2c_hid i2c-WACF2200:00: supply vdd not found, using dummy regulator
[    3.126966] i2c_hid i2c-WACF2200:00: supply vddl not found, using dummy regulator
[    3.131218] i801_smbus 0000:00:1f.4: enabling device (0000 -> 0003)
[    3.131495] i801_smbus 0000:00:1f.4: SPD Write Disable is set
[    3.131558] i801_smbus 0000:00:1f.4: SMBus using PCI interrupt
[    3.186168] i2c i2c-2: 2/2 memory slots populated (from DMI)
[    3.300301] input: Wacom HID 5216 Pen as /devices/pci0000:00/0000:00:15.1/i2c_designware.1/i2c-1/i2c-WACF2200:00/0018:056A:5216.0002/input/input6
[    3.300402] input: Wacom HID 5216 Finger as /devices/pci0000:00/0000:00:15.1/i2c_designware.1/i2c-1/i2c-WACF2200:00/0018:056A:5216.0002/input/input7
[    3.300495] wacom 0018:056A:5216.0002: hidraw0: I2C HID v1.00 Mouse [WACF2200:00 056A:5216] on i2c-WACF2200:00
[    3.336082] mei_me 0000:00:16.0: enabling device (0000 -> 0002)
[    3.336735] input: PC Speaker as /devices/platform/pcspkr/input/input9
[    3.386496] i801_smbus 0000:00:1f.4: Timeout waiting for interrupt!
[    3.386502] i801_smbus 0000:00:1f.4: Transaction timeout
[    3.388602] i801_smbus 0000:00:1f.4: Failed terminating the transaction
--
[    3.988391] intel_rapl_common: Found RAPL domain package
[    3.988396] intel_rapl_common: Found RAPL domain core
[    3.988398] intel_rapl_common: Found RAPL domain uncore
[    3.995758] iTCO_vendor_support: vendor-support=0
[    4.056503] cryptd: max_cpu_qlen set to 1000
[    4.062699] input: MSFT0001:00 06CB:CE2D Mouse as /devices/pci0000:00/0000:00:15.0/i2c_designware.0/i2c-0/i2c-MSFT0001:00/0018:06CB:CE2D.0001/input/input10
[    4.072833] intel-spi 0000:00:1f.5: w25q128 (16384 Kbytes)
[    4.083585] input: MSFT0001:00 06CB:CE2D Touchpad as /devices/pci0000:00/0000:00:15.0/i2c_designware.0/i2c-0/i2c-MSFT0001:00/0018:06CB:CE2D.0001/input/input11
[    4.091314] hid-generic 0018:06CB:CE2D.0001: input,hidraw1: I2C HID v1.00 Mouse [MSFT0001:00 06CB:CE2D] on i2c-MSFT0001:00
[    4.144752] AVX2 version of gcm_enc/dec engaged.
[    4.144755] AES CTR mode by8 optimization enabled
[    4.149843] Creating 1 MTD partitions on "0000:00:1f.5":
[    4.149849] 0x000000000000-0x000001000000 : "BIOS"
[    4.220132] mousedev: PS/2 mouse device common for all mice
[    4.336529] ish-hid {33AECD58-B679-4E54-9BD9-A04D34F0C226}: [hid-ish]: enum_devices_done OK, num_hid_devices=2
[    4.363194] hid-generic 001F:8087:0AC2.0003: hidraw2: <UNKNOWN> HID v2.00 Device [hid-ishtp 8087:0AC2] on 
[    4.379586] hid-generic 001F:8087:0AC2.0004: hidraw3: <UNKNOWN> HID v2.00 Device [hid-ishtp 8087:0AC2] on 
[    4.410145] iTCO_wdt: Intel TCO WatchDog Timer Driver v1.11
[    4.410233] iTCO_wdt: Found a Intel PCH TCO device (Version=6, TCOBASE=0x0400)
[    4.420441] iTCO_wdt: initialized. heartbeat=30 sec (nowayout=0)
[    4.553557] input: MSFT0001:00 06CB:CE2D Mouse as /devices/pci0000:00/0000:00:15.0/i2c_designware.0/i2c-0/i2c-MSFT0001:00/0018:06CB:CE2D.0001/input/input13
[    4.553726] input: MSFT0001:00 06CB:CE2D Touchpad as /devices/pci0000:00/0000:00:15.0/i2c_designware.0/i2c-0/i2c-MSFT0001:00/0018:06CB:CE2D.0001/input/input14
[    4.553872] hid-multitouch 0018:06CB:CE2D.0001: input,hidraw1: I2C HID v1.00 Mouse [MSFT0001:00 06CB:CE2D] on i2c-MSFT0001:00
[    4.933973] cfg80211: Loading compiled-in X.509 certificates for regulatory database
[    4.966828] cfg80211: Loaded X.509 cert 'sforshee: 00b28ddf47aef9cea7'
[    4.997673] uvcvideo: Found UVC 1.10 device Integrated Camera (174f:243f)
[    5.013434] input: Integrated Camera: Integrated C as /devices/pci0000:00/0000:00:14.0/usb3/3-2/3-2:1.0/input/input16
[    5.013668] usbcore: registered new interface driver uvcvideo
--
[    8.682087] iwlwifi 0000:00:14.3: Detected Intel(R) Wireless-AC 9560 160MHz, REV=0x338
[    8.851650] iwlwifi 0000:00:14.3: base HW address: cc:f9:e4:94:87:20
[    8.863898] thermal thermal_zone9: failed to read out thermal zone (-61)
[    8.865588] ------------[ cut here ]------------
[    8.865624] WARNING: CPU: 0 PID: 293 at net/wireless/nl80211.c:7574 nl80211_get_reg_do+0x228/0x290 [cfg80211]
[    8.865626] Modules linked in: iwlmvm mac80211 xt_conntrack snd_soc_dmic snd_sof_pci nft_chain_nat snd_sof_intel_byt snd_sof_intel_ipc xt_MASQUERADE snd_sof_intel_hda_common libarc4 nf_nat iwlwifi x86_pkg_temp_thermal nf_conntrack_netlink intel_powerclamp nf_conntrack coretemp snd_soc_hdac_hda kvm_intel snd_sof_xtensa_dsp snd_sof_intel_hda snd_sof nf_defrag_ipv6 nf_defrag_ipv4 xfrm_user snd_hda_ext_core xfrm_algo nft_counter snd_soc_acpi_intel_match snd_soc_acpi ledtrig_audio snd_soc_core xt_addrtype nft_compat nf_tables kvm bnep btusb libcrc32c br_netfilter bridge btrtl btbcm btintel snd_compress hid_sensor_accel_3d i2c_algo_bit hid_sensor_trigger drm_kms_helper ac97_bus snd_pcm_dmaengine bluetooth industrialio_triggered_buffer kfifo_buf stp snd_hda_intel hid_sensor_iio_common llc snd_intel_dspcfg industrialio snd_hda_codec uvcvideo overlay cfg80211 snd_hda_core hid_sensor_hub nfnetlink intel_ishtp_loader iTCO_wdt irqbypass hid_multitouch intel_ishtp_hid joydev mei_hdcp cros_ec_ishtp
[    8.865692]  mousedev crct10dif_pclmul crc32_pclmul cros_ec ccm ghash_clmulni_intel ofpart aesni_intel algif_aead intel_pmc_bxt cmdlinepart snd_hwdep intel_spi_pci crypto_simd hid_generic cryptd des_generic videobuf2_vmalloc intel_spi libdes snd_pcm iTCO_vendor_support intel_rapl_msr cbc ecb algif_skcipher videobuf2_memops spi_nor intel_wmi_thunderbolt glue_helper videobuf2_v4l2 wmi_bmof cmac rapl videobuf2_common cec md4 algif_hash intel_cstate intel_uncore af_alg videodev snd_timer nls_iso8859_1 nls_cp437 vfat input_leds mei_me rc_core pcspkr fat snd mtd mei i2c_i801 intel_gtt soundcore ucsi_acpi syscopyarea ideapad_laptop i2c_smbus intel_ish_ipc intel_lpss_pci typec_ucsi intel_lpss mc sysfillrect sparse_keymap ecdh_generic processor_thermal_device idma64 intel_rapl_common ecc sysimgblt intel_ishtp rfkill fb_sys_fops intel_soc_dts_iosf typec tpm_crb tpm_tis wmi tpm_tis_core battery tpm int3403_thermal drm int340x_thermal_zone soc_button_array ac evdev int3400_thermal acpi_tad mac_hid
[    8.865769]  acpi_thermal_rel rng_core fuse pkcs8_key_parser sg agpgart crypto_user ip_tables x_tables ext4 crc32c_generic crc16 mbcache jbd2 rtsx_pci_sdmmc mmc_core serio_raw atkbd xhci_pci xhci_pci_renesas libps2 xhci_hcd crc32c_intel rtsx_pci i8042 serio i2c_hid wacom usbhid hid
[    8.865796] CPU: 0 PID: 293 Comm: iwd Not tainted 5.10.2 #2
[    8.865797] Hardware name: LENOVO 81X1/LNVNB161216, BIOS ECCN21WW 04/03/2020
[    8.865819] RIP: 0010:nl80211_get_reg_do+0x228/0x290 [cfg80211]
[    8.865822] Code: 89 ef c7 44 24 0c 01 00 00 00 e8 73 03 c8 e1 85 c0 74 cc e9 ff fe ff ff 48 89 ef 48 89 04 24 e8 4e 9f f9 e1 48 8b 04 24 eb 89 <0f> 0b 48 89 ef e8 3e 9f f9 e1 b8 ea ff ff ff e9 75 ff ff ff b8 97
[    8.865823] RSP: 0018:ffffa0b88122fb48 EFLAGS: 00010202
--
[12853.381072] Bluetooth: hci0: Waiting for device to boot
[12853.397124] Bluetooth: hci0: Device booted in 15698 usecs
[12853.397133] Bluetooth: hci0: Found Intel DDC parameters: intel/ibt-19-32-1.ddc
[12853.399113] Bluetooth: hci0: Applying Intel DDC parameters completed
[12853.402315] Bluetooth: hci0: Firmware revision 0.0 build 127 week 48 2020
[12856.690458] audit: type=1131 audit(1611756550.833:233): pid=1 uid=0 auid=4294967295 ses=4294967295 msg='unit=systemd-rfkill comm="systemd" exe="/usr/lib/systemd/systemd" hostname=? addr=? terminal=? res=success'
[12859.967112] audit: type=1131 audit(1611756554.109:234): pid=1 uid=0 auid=4294967295 ses=4294967295 msg='unit=NetworkManager-dispatcher comm="systemd" exe="/usr/lib/systemd/systemd" hostname=? addr=? terminal=? res=success'
[13121.501077] audit: type=1111 audit(1611756815.633:235): pid=290 uid=0 auid=4294967295 ses=4294967295 msg='op=connection-update uuid=d97a0473-b3b0-4f56-873d-d9bbf4a57dbe name=41797950686F6E65203130 args=connection.timestamp pid=6079 uid=1000 result=success exe="/usr/bin/NetworkManager" hostname=? addr=? terminal=? res=success'
[13121.507910] audit: type=1111 audit(1611756815.639:236): pid=290 uid=0 auid=4294967295 ses=4294967295 msg='op=connection-activate uuid=d97a0473-b3b0-4f56-873d-d9bbf4a57dbe name=41797950686F6E65203130 pid=6079 uid=1000 result=success exe="/usr/bin/NetworkManager" hostname=? addr=? terminal=? res=success'
[13121.516769] audit: type=1130 audit(1611756815.649:237): pid=1 uid=0 auid=4294967295 ses=4294967295 msg='unit=NetworkManager-dispatcher comm="systemd" exe="/usr/lib/systemd/systemd" hostname=? addr=? terminal=? res=success'
[13121.630740] wlan0: authenticate with 46:d4:d8:96:51:9a
--
[21919.987290] usb 3-4: Product: Corsair VOID PRO USB Gaming Headset 
[21919.987292] usb 3-4: Manufacturer: Cosair
[21919.987294] usb 3-4: SerialNumber: 00000000
[21920.166329] input: Cosair Corsair VOID PRO USB Gaming Headset  Consumer Control as /devices/pci0000:00/0000:00:14.0/usb3/3-4/3-4:1.3/0003:1B1C:0A17.0005/input/input18
[21920.221052] input: Cosair Corsair VOID PRO USB Gaming Headset  as /devices/pci0000:00/0000:00:14.0/usb3/3-4/3-4:1.3/0003:1B1C:0A17.0005/input/input19
[21920.221307] hid-generic 0003:1B1C:0A17.0005: input,hiddev0,hidraw2: USB HID v1.11 Device [Cosair Corsair VOID PRO USB Gaming Headset ] on usb-0000:00:14.0-4/input3
[21920.448080] usb 3-4: Warning! Unlikely big volume range (=4096), cval->res is probably wrong.
[21920.448086] usb 3-4: [11] FU [Headset Playback Volume] ch = 1, val = 0/4096/1
[21920.452434] usbcore: registered new interface driver snd-usb-audio
[21959.420610] usb 3-4: 2:1: cannot get freq at ep 0x1
[22069.162448] usb 3-4: 2:1: cannot get freq at ep 0x1
