[    0.985077] usb usb10: Product: xHCI Host Controller
[    0.985078] usb usb10: Manufacturer: Linux 5.15.0-88-generic xhci-hcd
[    0.985079] usb usb10: SerialNumber: 0000:74:00.4
[    0.985149] hub 10-0:1.0: USB hub found
[    0.985158] hub 10-0:1.0: 1 port detected
[    1.004004] hid-generic 0020:1022:0001.0001: hidraw0: <UNKNOWN> HID v0.00 Device [hid-amdsfh 1022:0001] on 
[    1.013664] nvme nvme0: allocated 32 MiB host memory buffer.
[    1.016051] nvme nvme0: 16/0/0 default/read/poll queues
[    1.019639]  nvme0n1: p1 p2 p3 p4 p5
[    1.127020] input: WACF2200:00 056A:5360 Touchscreen as /devices/platform/AMDI0010:02/i2c-2/i2c-WACF2200:00/0018:056A:5360.0002/input/input4
[    1.127123] input: WACF2200:00 056A:5360 as /devices/platform/AMDI0010:02/i2c-2/i2c-WACF2200:00/0018:056A:5360.0002/input/input5
[    1.127187] input: WACF2200:00 056A:5360 as /devices/platform/AMDI0010:02/i2c-2/i2c-WACF2200:00/0018:056A:5360.0002/input/input6
[    1.127328] input: WACF2200:00 056A:5360 as /devices/platform/AMDI0010:02/i2c-2/i2c-WACF2200:00/0018:056A:5360.0002/input/input7
[    1.127436] input: WACF2200:00 056A:5360 Mouse as /devices/platform/AMDI0010:02/i2c-2/i2c-WACF2200:00/0018:056A:5360.0002/input/input8
[    1.127573] hid-generic 0018:056A:5360.0002: input,hidraw1: I2C HID v1.00 Mouse [WACF2200:00 056A:5360] on i2c-WACF2200:00
[    1.129406] usbcore: registered new interface driver usbhid
[    1.129408] usbhid: USB HID core driver
[    1.139014] input: SYNAC780:00 06CB:CEFE Mouse as /devices/platform/AMDI0010:00/i2c-0/i2c-SYNAC780:00/0018:06CB:CEFE.0003/input/input9
[    1.139126] input: SYNAC780:00 06CB:CEFE Touchpad as /devices/platform/AMDI0010:00/i2c-0/i2c-SYNAC780:00/0018:06CB:CEFE.0003/input/input10
[    1.139232] hid-generic 0018:06CB:CEFE.0003: input,hidraw2: I2C HID v1.00 Mouse [SYNAC780:00 06CB:CEFE] on i2c-SYNAC780:00
[    1.149506] AMD-Vi: AMD IOMMUv2 loaded and initialized
[    1.215127] [drm] amdgpu kernel modesetting enabled.
[    1.217243] amdgpu: Virtual CRAT table created for CPU
[    1.217249] amdgpu: Topology: Add CPU node
[    1.217296] checking generic (7f00000000 8ca000) vs hw (7f00000000 10000000)
--
[    1.324833] usb 3-3: new high-speed USB device number 2 using xhci_hcd
[    1.324849] usb 5-1: new high-speed USB device number 2 using xhci_hcd
[    1.396583] tsc: Refined TSC clocksource calibration: 2894.560 MHz
[    1.396620] clocksource: tsc: mask: 0xffffffffffffffff max_cycles: 0x29b92fd203a, max_idle_ns: 440795232918 ns
[    1.396773] clocksource: Switched to clocksource tsc
[    1.410274] input: Wacom HID 5360 Pen as /devices/platform/AMDI0010:02/i2c-2/i2c-WACF2200:00/0018:056A:5360.0002/input/input12
[    1.410592] input: Wacom HID 5360 Finger as /devices/platform/AMDI0010:02/i2c-2/i2c-WACF2200:00/0018:056A:5360.0002/input/input13
[    1.410962] wacom 0018:056A:5360.0002: hidraw0: I2C HID v1.00 Mouse [WACF2200:00 056A:5360] on i2c-WACF2200:00
[    1.436673] amdgpu 0000:73:00.0: amdgpu: RAS: optional ras ta ucode is not available
[    1.446696] amdgpu 0000:73:00.0: amdgpu: RAP: optional rap ta ucode is not available
[    1.446697] amdgpu 0000:73:00.0: amdgpu: SECUREDISPLAY: securedisplay ta ucode is not available
[    1.446735] amdgpu 0000:73:00.0: amdgpu: smu fw reported version = 0x04453900 (1093.57.0)
[    1.449369] amdgpu 0000:73:00.0: amdgpu: SMU is initialized successfully!
--
[    3.747897] intel_rapl_common: Found RAPL domain package
[    3.747903] intel_rapl_common: Found RAPL domain core
[    3.751544] mt7921e 0000:01:00.0: WM Firmware Version: ____000000, Build Time: 20221227123243
[    3.751992] input: SYNAC780:00 06CB:CEFE Mouse as /devices/platform/AMDI0010:00/i2c-0/i2c-SYNAC780:00/0018:06CB:CEFE.0003/input/input21
[    3.752099] input: SYNAC780:00 06CB:CEFE Touchpad as /devices/platform/AMDI0010:00/i2c-0/i2c-SYNAC780:00/0018:06CB:CEFE.0003/input/input22
[    3.752199] hid-multitouch 0018:06CB:CEFE.0003: input,hidraw1: I2C HID v1.00 Mouse [SYNAC780:00 06CB:CEFE] on i2c-SYNAC780:00
[    3.761107] input: Integrated RGB Camera: Integrat as /devices/pci0000:00/0000:00:08.3/0000:74:00.0/usb5/5-1/5-1:1.2/input/input24
[    3.761203] usbcore: registered new interface driver uvcvideo
[    3.763289] Bluetooth: hci0: Device setup in 140579 usecs
[    3.794541] mt7921e 0000:01:00.0: Firmware init done
[    4.846135] mt7921e 0000:01:00.0 wlp1s0: renamed from wlan0
--
[    5.387660] znvpair: module license 'CDDL' taints kernel.
[    5.387661] Disabling lock debugging due to kernel taint
[    5.501418] ZFS: Loaded module v2.1.5-1ubuntu6~22.04.1, ZFS pool version 5000, ZFS filesystem version 5
[    5.521556] audit: type=1400 audit(1699347556.570:2): apparmor="STATUS" operation="profile_load" profile="unconfined" name="libreoffice-xpdfimport" pid=829 comm="apparmor_parser"
[    5.521561] audit: type=1400 audit(1699347556.570:3): apparmor="STATUS" operation="profile_load" profile="unconfined" name="libreoffice-senddoc" pid=827 comm="apparmor_parser"
[    5.521792] audit: type=1400 audit(1699347556.570:4): apparmor="STATUS" operation="profile_load" profile="unconfined" name="lsb_release" pid=820 comm="apparmor_parser"
[    5.522070] audit: type=1400 audit(1699347556.570:5): apparmor="STATUS" operation="profile_load" profile="unconfined" name="libreoffice-oosplash" pid=826 comm="apparmor_parser"
[    5.522141] audit: type=1400 audit(1699347556.570:6): apparmor="STATUS" operation="profile_load" profile="unconfined" name="nvidia_modprobe" pid=821 comm="apparmor_parser"
[    5.522144] audit: type=1400 audit(1699347556.570:7): apparmor="STATUS" operation="profile_load" profile="unconfined" name="nvidia_modprobe//kmod" pid=821 comm="apparmor_parser"
[    5.522182] audit: type=1400 audit(1699347556.570:8): apparmor="STATUS" operation="profile_load" profile="unconfined" name="/usr/bin/man" pid=823 comm="apparmor_parser"
[    5.522186] audit: type=1400 audit(1699347556.570:9): apparmor="STATUS" operation="profile_load" profile="unconfined" name="man_filter" pid=823 comm="apparmor_parser"
--
[    8.716628] wlp1s0: associate with 88:03:55:82:ca:71 (try 1/3)
[    8.719316] wlp1s0: RX AssocResp from 88:03:55:82:ca:71 (capab=0x111 status=0 aid=2)
[    8.755192] wlp1s0: associated
[    8.840191] wlp1s0: Limiting TX power to 22 (22 - 0) dBm as advertised by 88:03:55:82:ca:71
[    8.872648] IPv6: ADDRCONF(NETDEV_CHANGE): wlp1s0: link becomes ready
[   23.603983] input: input-remapper Wacom HID 5360 Pen forwarded as /devices/virtual/input/input28
[ 1529.360693] wacom 0018:056A:5360.0002: wacom_idleprox_timeout: tool appears to be hung in-prox. forcing it out.
[ 1542.480718] wacom 0018:056A:5360.0002: wacom_idleprox_timeout: tool appears to be hung in-prox. forcing it out.
[ 1613.153732] wacom 0018:056A:5360.0002: wacom_idleprox_timeout: tool appears to be hung in-prox. forcing it out.
[ 1656.776604] wacom 0018:056A:5360.0002: wacom_idleprox_timeout: tool appears to be hung in-prox. forcing it out.
[ 1681.447236] wacom 0018:056A:5360.0002: wacom_idleprox_timeout: tool appears to be hung in-prox. forcing it out.
[ 1711.238549] wacom 0018:056A:5360.0002: wacom_idleprox_timeout: tool appears to be hung in-prox. forcing it out.
[ 1770.107788] wacom 0018:056A:5360.0002: wacom_idleprox_timeout: tool appears to be hung in-prox. forcing it out.
[ 3193.712051] wacom 0018:056A:5360.0002: wacom_idleprox_timeout: tool appears to be hung in-prox. forcing it out.
[ 3211.278859] wacom 0018:056A:5360.0002: wacom_idleprox_timeout: tool appears to be hung in-prox. forcing it out.
[ 3216.666995] wacom 0018:056A:5360.0002: wacom_idleprox_timeout: tool appears to be hung in-prox. forcing it out.
[ 3221.142692] wacom 0018:056A:5360.0002: wacom_idleprox_timeout: tool appears to be hung in-prox. forcing it out.
[ 3230.542453] wacom 0018:056A:5360.0002: wacom_idleprox_timeout: tool appears to be hung in-prox. forcing it out.
[ 3233.806264] wacom 0018:056A:5360.0002: wacom_idleprox_timeout: tool appears to be hung in-prox. forcing it out.
[ 3234.094249] wacom 0018:056A:5360.0002: wacom_idleprox_timeout: tool appears to be hung in-prox. forcing it out.
[ 3257.160230] wacom 0018:056A:5360.0002: wacom_idleprox_timeout: tool appears to be hung in-prox. forcing it out.
[ 3264.751910] wacom 0018:056A:5360.0002: wacom_idleprox_timeout: tool appears to be hung in-prox. forcing it out.
[ 3265.227848] wacom 0018:056A:5360.0002: wacom_idleprox_timeout: tool appears to be hung in-prox. forcing it out.
[ 3280.956159] wacom 0018:056A:5360.0002: wacom_idleprox_timeout: tool appears to be hung in-prox. forcing it out.
[ 3281.283006] wacom 0018:056A:5360.0002: wacom_idleprox_timeout: tool appears to be hung in-prox. forcing it out.
[ 3284.974860] wacom 0018:056A:5360.0002: wacom_idleprox_timeout: tool appears to be hung in-prox. forcing it out.
[ 3294.346854] wacom 0018:056A:5360.0002: wacom_idleprox_timeout: tool appears to be hung in-prox. forcing it out.
[ 3296.602272] wacom 0018:056A:5360.0002: wacom_idleprox_timeout: tool appears to be hung in-prox. forcing it out.
[ 3304.001943] wacom 0018:056A:5360.0002: wacom_idleprox_timeout: tool appears to be hung in-prox. forcing it out.
[ 3306.218566] wacom 0018:056A:5360.0002: wacom_idleprox_timeout: tool appears to be hung in-prox. forcing it out.
[ 3322.277620] wacom 0018:056A:5360.0002: wacom_idleprox_timeout: tool appears to be hung in-prox. forcing it out.
[ 3324.377296] wacom 0018:056A:5360.0002: wacom_idleprox_timeout: tool appears to be hung in-prox. forcing it out.
[ 3351.151985] wacom 0018:056A:5360.0002: wacom_idleprox_timeout: tool appears to be hung in-prox. forcing it out.
[ 3352.488425] wacom 0018:056A:5360.0002: wacom_idleprox_timeout: tool appears to be hung in-prox. forcing it out.
[ 3353.159964] wacom 0018:056A:5360.0002: wacom_idleprox_timeout: tool appears to be hung in-prox. forcing it out.
[ 3374.320273] wacom 0018:056A:5360.0002: wacom_idleprox_timeout: tool appears to be hung in-prox. forcing it out.
[ 3374.823151] wacom 0018:056A:5360.0002: wacom_idleprox_timeout: tool appears to be hung in-prox. forcing it out.
[ 3375.479592] wacom 0018:056A:5360.0002: wacom_idleprox_timeout: tool appears to be hung in-prox. forcing it out.
[ 3375.791119] wacom 0018:056A:5360.0002: wacom_idleprox_timeout: tool appears to be hung in-prox. forcing it out.
[ 3377.527242] wacom 0018:056A:5360.0002: wacom_idleprox_timeout: tool appears to be hung in-prox. forcing it out.
[ 3382.939315] wacom 0018:056A:5360.0002: wacom_idleprox_timeout: tool appears to be hung in-prox. forcing it out.
[ 3383.562824] wacom 0018:056A:5360.0002: wacom_idleprox_timeout: tool appears to be hung in-prox. forcing it out.
[ 3385.926761] wacom 0018:056A:5360.0002: wacom_idleprox_timeout: tool appears to be hung in-prox. forcing it out.
[ 3392.870531] wacom 0018:056A:5360.0002: wacom_idleprox_timeout: tool appears to be hung in-prox. forcing it out.
[ 3394.490748] wacom 0018:056A:5360.0002: wacom_idleprox_timeout: tool appears to be hung in-prox. forcing it out.
[ 3398.566433] wacom 0018:056A:5360.0002: wacom_idleprox_timeout: tool appears to be hung in-prox. forcing it out.
[ 3400.394701] wacom 0018:056A:5360.0002: wacom_idleprox_timeout: tool appears to be hung in-prox. forcing it out.
[ 3401.290242] wacom 0018:056A:5360.0002: wacom_idleprox_timeout: tool appears to be hung in-prox. forcing it out.
[ 3403.034198] wacom 0018:056A:5360.0002: wacom_idleprox_timeout: tool appears to be hung in-prox. forcing it out.
[ 3406.114084] wacom 0018:056A:5360.0002: wacom_idleprox_timeout: tool appears to be hung in-prox. forcing it out.
[ 3406.458559] wacom 0018:056A:5360.0002: wacom_idleprox_timeout: tool appears to be hung in-prox. forcing it out.
[ 3407.570322] wacom 0018:056A:5360.0002: wacom_idleprox_timeout: tool appears to be hung in-prox. forcing it out.
[ 3408.702000] wacom 0018:056A:5360.0002: wacom_idleprox_timeout: tool appears to be hung in-prox. forcing it out.
[ 3409.065987] wacom 0018:056A:5360.0002: wacom_idleprox_timeout: tool appears to be hung in-prox. forcing it out.
[ 3409.290025] wacom 0018:056A:5360.0002: wacom_idleprox_timeout: tool appears to be hung in-prox. forcing it out.
[ 3413.429879] wacom 0018:056A:5360.0002: wacom_idleprox_timeout: tool appears to be hung in-prox. forcing it out.
[ 3427.749470] wacom 0018:056A:5360.0002: wacom_idleprox_timeout: tool appears to be hung in-prox. forcing it out.
[ 3428.880831] wacom 0018:056A:5360.0002: wacom_wac_queue_insert: kfifo has filled, starting to drop events
[ 3428.890937] wacom 0018:056A:5360.0002: wacom_wac_queue_insert: kfifo has filled, starting to drop events
[ 3428.895780] wacom 0018:056A:5360.0002: wacom_wac_queue_insert: kfifo has filled, starting to drop events
[ 3428.900970] wacom 0018:056A:5360.0002: wacom_wac_queue_insert: kfifo has filled, starting to drop events
[ 3428.910817] wacom 0018:056A:5360.0002: wacom_wac_queue_insert: kfifo has filled, starting to drop events
[ 3428.915770] wacom 0018:056A:5360.0002: wacom_wac_queue_insert: kfifo has filled, starting to drop events
[ 3428.920804] wacom 0018:056A:5360.0002: wacom_wac_queue_insert: kfifo has filled, starting to drop events
[ 3428.930829] wacom 0018:056A:5360.0002: wacom_wac_queue_insert: kfifo has filled, starting to drop events
[ 3428.935835] wacom 0018:056A:5360.0002: wacom_wac_queue_insert: kfifo has filled, starting to drop events
[ 3428.940701] wacom 0018:056A:5360.0002: wacom_wac_queue_insert: kfifo has filled, starting to drop events
[ 3428.950819] wacom 0018:056A:5360.0002: wacom_wac_queue_insert: kfifo has filled, starting to drop events
[ 3428.955799] wacom 0018:056A:5360.0002: wacom_wac_queue_insert: kfifo has filled, starting to drop events
[ 3428.960870] wacom 0018:056A:5360.0002: wacom_wac_queue_insert: kfifo has filled, starting to drop events
[ 3429.249406] wacom 0018:056A:5360.0002: wacom_idleprox_timeout: tool appears to be hung in-prox. forcing it out.
[ 3432.949283] wacom 0018:056A:5360.0002: wacom_idleprox_timeout: tool appears to be hung in-prox. forcing it out.
[ 3434.385295] wacom 0018:056A:5360.0002: wacom_idleprox_timeout: tool appears to be hung in-prox. forcing it out.
[ 3436.149184] wacom 0018:056A:5360.0002: wacom_idleprox_timeout: tool appears to be hung in-prox. forcing it out.
[ 3442.785018] wacom 0018:056A:5360.0002: wacom_idleprox_timeout: tool appears to be hung in-prox. forcing it out.
[ 3443.816979] wacom 0018:056A:5360.0002: wacom_idleprox_timeout: tool appears to be hung in-prox. forcing it out.
[ 3445.592929] wacom 0018:056A:5360.0002: wacom_idleprox_timeout: tool appears to be hung in-prox. forcing it out.
[ 3448.832845] wacom 0018:056A:5360.0002: wacom_idleprox_timeout: tool appears to be hung in-prox. forcing it out.
[ 3457.220659] wacom 0018:056A:5360.0002: wacom_idleprox_timeout: tool appears to be hung in-prox. forcing it out.
[ 3460.836556] wacom 0018:056A:5360.0002: wacom_idleprox_timeout: tool appears to be hung in-prox. forcing it out.
[ 3470.724743] wacom 0018:056A:5360.0002: wacom_idleprox_timeout: tool appears to be hung in-prox. forcing it out.
[ 3473.092685] wacom 0018:056A:5360.0002: wacom_idleprox_timeout: tool appears to be hung in-prox. forcing it out.
[ 3475.236648] wacom 0018:056A:5360.0002: wacom_idleprox_timeout: tool appears to be hung in-prox. forcing it out.
[ 3480.056032] wacom 0018:056A:5360.0002: wacom_idleprox_timeout: tool appears to be hung in-prox. forcing it out.
[ 3484.300026] wacom 0018:056A:5360.0002: wacom_idleprox_timeout: tool appears to be hung in-prox. forcing it out.
[ 3518.075163] wacom 0018:056A:5360.0002: wacom_idleprox_timeout: tool appears to be hung in-prox. forcing it out.
[ 3525.431446] wacom 0018:056A:5360.0002: wacom_idleprox_timeout: tool appears to be hung in-prox. forcing it out.
[ 3529.458910] wacom 0018:056A:5360.0002: wacom_idleprox_timeout: tool appears to be hung in-prox. forcing it out.
[ 3530.458976] wacom 0018:056A:5360.0002: wacom_idleprox_timeout: tool appears to be hung in-prox. forcing it out.
[ 3532.727118] wacom 0018:056A:5360.0002: wacom_idleprox_timeout: tool appears to be hung in-prox. forcing it out.
[ 3536.707233] wacom 0018:056A:5360.0002: wacom_idleprox_timeout: tool appears to be hung in-prox. forcing it out.
[ 3548.574721] wacom 0018:056A:5360.0002: wacom_idleprox_timeout: tool appears to be hung in-prox. forcing it out.
[ 3548.742531] wacom 0018:056A:5360.0002: wacom_idleprox_timeout: tool appears to be hung in-prox. forcing it out.
[ 3553.218492] wacom 0018:056A:5360.0002: wacom_idleprox_timeout: tool appears to be hung in-prox. forcing it out.
[ 3556.858373] wacom 0018:056A:5360.0002: wacom_idleprox_timeout: tool appears to be hung in-prox. forcing it out.
[ 3561.046740] wacom 0018:056A:5360.0002: wacom_idleprox_timeout: tool appears to be hung in-prox. forcing it out.
[ 3563.902274] wacom 0018:056A:5360.0002: wacom_idleprox_timeout: tool appears to be hung in-prox. forcing it out.
[ 3566.718176] wacom 0018:056A:5360.0002: wacom_idleprox_timeout: tool appears to be hung in-prox. forcing it out.
[ 3567.654179] wacom 0018:056A:5360.0002: wacom_idleprox_timeout: tool appears to be hung in-prox. forcing it out.
[ 3578.530153] wacom 0018:056A:5360.0002: wacom_idleprox_timeout: tool appears to be hung in-prox. forcing it out.
[ 3584.381825] wacom 0018:056A:5360.0002: wacom_idleprox_timeout: tool appears to be hung in-prox. forcing it out.
[ 3591.041702] wacom 0018:056A:5360.0002: wacom_idleprox_timeout: tool appears to be hung in-prox. forcing it out.
[ 3591.774180] wacom 0018:056A:5360.0002: wacom_idleprox_timeout: tool appears to be hung in-prox. forcing it out.
[ 3598.165604] wacom 0018:056A:5360.0002: wacom_idleprox_timeout: tool appears to be hung in-prox. forcing it out.
[ 3611.897357] wacom 0018:056A:5360.0002: wacom_idleprox_timeout: tool appears to be hung in-prox. forcing it out.
[ 3615.329332] wacom 0018:056A:5360.0002: wacom_idleprox_timeout: tool appears to be hung in-prox. forcing it out.
[ 3637.217003] wacom 0018:056A:5360.0002: wacom_idleprox_timeout: tool appears to be hung in-prox. forcing it out.
[ 3672.552454] wacom 0018:056A:5360.0002: wacom_idleprox_timeout: tool appears to be hung in-prox. forcing it out.
[ 3678.880815] wacom 0018:056A:5360.0002: wacom_idleprox_timeout: tool appears to be hung in-prox. forcing it out.
[ 3704.864491] wacom 0018:056A:5360.0002: wacom_idleprox_timeout: tool appears to be hung in-prox. forcing it out.
[ 3706.667990] wacom 0018:056A:5360.0002: wacom_idleprox_timeout: tool appears to be hung in-prox. forcing it out.
[ 3711.532373] wacom 0018:056A:5360.0002: wacom_idleprox_timeout: tool appears to be hung in-prox. forcing it out.
[ 3712.660131] wacom 0018:056A:5360.0002: wacom_idleprox_timeout: tool appears to be hung in-prox. forcing it out.
[ 3713.575918] wacom 0018:056A:5360.0002: wacom_idleprox_timeout: tool appears to be hung in-prox. forcing it out.
[ 3714.183909] wacom 0018:056A:5360.0002: wacom_idleprox_timeout: tool appears to be hung in-prox. forcing it out.
[ 3738.911948] wacom 0018:056A:5360.0002: wacom_idleprox_timeout: tool appears to be hung in-prox. forcing it out.
[ 3741.575568] wacom 0018:056A:5360.0002: wacom_idleprox_timeout: tool appears to be hung in-prox. forcing it out.
[ 3742.071565] wacom 0018:056A:5360.0002: wacom_idleprox_timeout: tool appears to be hung in-prox. forcing it out.
[ 3744.767747] wacom 0018:056A:5360.0002: wacom_idleprox_timeout: tool appears to be hung in-prox. forcing it out.
[ 3746.232098] wacom 0018:056A:5360.0002: wacom_idleprox_timeout: tool appears to be hung in-prox. forcing it out.
[ 3748.711500] wacom 0018:056A:5360.0002: wacom_idleprox_timeout: tool appears to be hung in-prox. forcing it out.
[ 3750.693430] wacom 0018:056A:5360.0002: wacom_wac_queue_insert: kfifo has filled, starting to drop events
[ 3750.703919] wacom 0018:056A:5360.0002: wacom_wac_queue_insert: kfifo has filled, starting to drop events
[ 3750.708498] wacom 0018:056A:5360.0002: wacom_wac_queue_insert: kfifo has filled, starting to drop events
[ 3750.713825] wacom 0018:056A:5360.0002: wacom_wac_queue_insert: kfifo has filled, starting to drop events
[ 3752.011447] wacom 0018:056A:5360.0002: wacom_idleprox_timeout: tool appears to be hung in-prox. forcing it out.
[ 3753.363414] wacom 0018:056A:5360.0002: wacom_idleprox_timeout: tool appears to be hung in-prox. forcing it out.
[ 3758.839673] wacom 0018:056A:5360.0002: wacom_idleprox_timeout: tool appears to be hung in-prox. forcing it out.
[ 3761.087785] wacom 0018:056A:5360.0002: wacom_idleprox_timeout: tool appears to be hung in-prox. forcing it out.
[ 3770.423239] wacom 0018:056A:5360.0002: wacom_idleprox_timeout: tool appears to be hung in-prox. forcing it out.
[ 3772.867442] wacom 0018:056A:5360.0002: wacom_idleprox_timeout: tool appears to be hung in-prox. forcing it out.
[ 3772.999451] wacom 0018:056A:5360.0002: wacom_idleprox_timeout: tool appears to be hung in-prox. forcing it out.
[ 3773.119220] wacom 0018:056A:5360.0002: wacom_idleprox_timeout: tool appears to be hung in-prox. forcing it out.
[ 3775.647221] wacom 0018:056A:5360.0002: wacom_idleprox_timeout: tool appears to be hung in-prox. forcing it out.
[ 3777.151200] wacom 0018:056A:5360.0002: wacom_idleprox_timeout: tool appears to be hung in-prox. forcing it out.
[ 3778.107152] wacom 0018:056A:5360.0002: wacom_idleprox_timeout: tool appears to be hung in-prox. forcing it out.
[ 3780.767267] wacom 0018:056A:5360.0002: wacom_idleprox_timeout: tool appears to be hung in-prox. forcing it out.
[ 3785.867279] wacom 0018:056A:5360.0002: wacom_idleprox_timeout: tool appears to be hung in-prox. forcing it out.
[ 3788.327072] wacom 0018:056A:5360.0002: wacom_idleprox_timeout: tool appears to be hung in-prox. forcing it out.
[ 3791.339441] wacom 0018:056A:5360.0002: wacom_idleprox_timeout: tool appears to be hung in-prox. forcing it out.
[ 3811.262873] wacom 0018:056A:5360.0002: wacom_idleprox_timeout: tool appears to be hung in-prox. forcing it out.
[ 3841.214986] wacom 0018:056A:5360.0002: wacom_idleprox_timeout: tool appears to be hung in-prox. forcing it out.
[ 3852.126464] wacom 0018:056A:5360.0002: wacom_idleprox_timeout: tool appears to be hung in-prox. forcing it out.
[ 4313.262193] Lockdown: systemd-logind: hibernation is restricted; see man kernel_lockdown.7
[ 4313.268654] Lockdown: systemd-logind: hibernation is restricted; see man kernel_lockdown.7
[ 4328.554344] Lockdown: systemd-logind: hibernation is restricted; see man kernel_lockdown.7
[ 4328.557683] Lockdown: systemd-logind: hibernation is restricted; see man kernel_lockdown.7
[ 4328.568573] wlp1s0: deauthenticating from 88:03:55:82:ca:71 by local choice (Reason: 3=DEAUTH_LEAVING)
[ 4329.170198] PM: suspend entry (s2idle)
[ 4329.171539] Filesystems sync: 0.001 seconds
[ 4329.438301] Freezing user space processes ... (elapsed 0.002 seconds) done.
--
[ 4342.605937] wlp1s0: associate with 88:03:55:82:ca:71 (try 1/3)
[ 4342.608589] wlp1s0: RX AssocResp from 88:03:55:82:ca:71 (capab=0x111 status=0 aid=2)
[ 4342.639821] wlp1s0: associated
[ 4342.706158] IPv6: ADDRCONF(NETDEV_CHANGE): wlp1s0: link becomes ready
[ 4342.721019] wlp1s0: Limiting TX power to 22 (22 - 0) dBm as advertised by 88:03:55:82:ca:71
[ 4622.852029] wacom 0018:056A:5360.0002: wacom_idleprox_timeout: tool appears to be hung in-prox. forcing it out.
[ 4726.529952] wacom 0018:056A:5360.0002: wacom_idleprox_timeout: tool appears to be hung in-prox. forcing it out.
[ 4740.545724] wacom 0018:056A:5360.0002: wacom_idleprox_timeout: tool appears to be hung in-prox. forcing it out.
[ 5186.139217] wacom 0018:056A:5360.0002: wacom_idleprox_timeout: tool appears to be hung in-prox. forcing it out.
[ 5535.531234] wacom 0018:056A:5360.0002: wacom_idleprox_timeout: tool appears to be hung in-prox. forcing it out.
[ 5580.155106] wacom 0018:056A:5360.0002: wacom_idleprox_timeout: tool appears to be hung in-prox. forcing it out.
[ 5604.534957] wacom 0018:056A:5360.0002: wacom_idleprox_timeout: tool appears to be hung in-prox. forcing it out.
[ 5634.135540] wacom 0018:056A:5360.0002: wacom_wac_queue_insert: kfifo has filled, starting to drop events
[ 5634.140037] wacom 0018:056A:5360.0002: wacom_wac_queue_insert: kfifo has filled, starting to drop events
[ 5685.101747] wacom 0018:056A:5360.0002: wacom_idleprox_timeout: tool appears to be hung in-prox. forcing it out.
[ 5703.478084] wacom 0018:056A:5360.0002: wacom_idleprox_timeout: tool appears to be hung in-prox. forcing it out.
[ 5727.125760] wacom 0018:056A:5360.0002: wacom_idleprox_timeout: tool appears to be hung in-prox. forcing it out.
[ 5728.838858] wacom 0018:056A:5360.0002: wacom_wac_queue_insert: kfifo has filled, starting to drop events
[ 5728.848950] wacom 0018:056A:5360.0002: wacom_wac_queue_insert: kfifo has filled, starting to drop events
[ 5728.853708] wacom 0018:056A:5360.0002: wacom_wac_queue_insert: kfifo has filled, starting to drop events
[ 5728.858665] wacom 0018:056A:5360.0002: wacom_wac_queue_insert: kfifo has filled, starting to drop events
[ 5732.509309] wacom 0018:056A:5360.0002: wacom_idleprox_timeout: tool appears to be hung in-prox. forcing it out.
[ 5743.061351] wacom 0018:056A:5360.0002: wacom_idleprox_timeout: tool appears to be hung in-prox. forcing it out.
[ 5920.274919] wacom 0018:056A:5360.0002: wacom_wac_queue_insert: kfifo has filled, starting to drop events
[ 5920.279725] wacom 0018:056A:5360.0002: wacom_wac_queue_insert: kfifo has filled, starting to drop events
[ 5920.282955] wacom 0018:056A:5360.0002: wacom_wac_queue_insert: kfifo has filled, starting to drop events
[ 5920.300101] wacom 0018:056A:5360.0002: wacom_wac_queue_insert: kfifo has filled, starting to drop events
[ 5920.330164] wacom 0018:056A:5360.0002: wacom_wac_queue_insert: kfifo has filled, starting to drop events
[ 5920.334711] wacom 0018:056A:5360.0002: wacom_wac_queue_insert: kfifo has filled, starting to drop events
[ 5920.344746] wacom 0018:056A:5360.0002: wacom_wac_queue_insert: kfifo has filled, starting to drop events
[ 5920.349486] wacom 0018:056A:5360.0002: wacom_wac_queue_insert: kfifo has filled, starting to drop events
[ 5920.354476] wacom 0018:056A:5360.0002: wacom_wac_queue_insert: kfifo has filled, starting to drop events
[ 5920.364632] wacom 0018:056A:5360.0002: wacom_wac_queue_insert: kfifo has filled, starting to drop events
[ 5955.015794] wacom 0018:056A:5360.0002: wacom_wac_queue_insert: kfifo has filled, starting to drop events
[ 5955.026207] wacom 0018:056A:5360.0002: wacom_wac_queue_insert: kfifo has filled, starting to drop events
[ 5955.030748] wacom 0018:056A:5360.0002: wacom_wac_queue_insert: kfifo has filled, starting to drop events
[ 5955.035912] wacom 0018:056A:5360.0002: wacom_wac_queue_insert: kfifo has filled, starting to drop events
[ 5955.046379] wacom 0018:056A:5360.0002: wacom_wac_queue_insert: kfifo has filled, starting to drop events
[ 5955.050741] wacom 0018:056A:5360.0002: wacom_wac_queue_insert: kfifo has filled, starting to drop events
[ 5955.055955] wacom 0018:056A:5360.0002: wacom_wac_queue_insert: kfifo has filled, starting to drop events
[ 5955.065951] wacom 0018:056A:5360.0002: wacom_wac_queue_insert: kfifo has filled, starting to drop events
[ 5955.070662] wacom 0018:056A:5360.0002: wacom_wac_queue_insert: kfifo has filled, starting to drop events
[ 5955.075671] wacom 0018:056A:5360.0002: wacom_wac_queue_insert: kfifo has filled, starting to drop events
[ 5955.086257] wacom 0018:056A:5360.0002: wacom_wac_queue_insert: kfifo has filled, starting to drop events
[ 5955.090804] wacom 0018:056A:5360.0002: wacom_wac_queue_insert: kfifo has filled, starting to drop events
[ 5955.095951] wacom 0018:056A:5360.0002: wacom_wac_queue_insert: kfifo has filled, starting to drop events
[ 5955.106401] wacom 0018:056A:5360.0002: wacom_wac_queue_insert: kfifo has filled, starting to drop events
[ 5955.110657] wacom 0018:056A:5360.0002: wacom_wac_queue_insert: kfifo has filled, starting to drop events
[ 5955.115741] wacom 0018:056A:5360.0002: wacom_wac_queue_insert: kfifo has filled, starting to drop events
[ 5955.126097] wacom 0018:056A:5360.0002: wacom_wac_queue_insert: kfifo has filled, starting to drop events
[ 5955.130710] wacom 0018:056A:5360.0002: wacom_wac_queue_insert: kfifo has filled, starting to drop events
[ 5955.135714] wacom 0018:056A:5360.0002: wacom_wac_queue_insert: kfifo has filled, starting to drop events
[ 5955.146143] wacom 0018:056A:5360.0002: wacom_wac_queue_insert: kfifo has filled, starting to drop events
[ 5955.150718] wacom 0018:056A:5360.0002: wacom_wac_queue_insert: kfifo has filled, starting to drop events
[ 5955.155850] wacom 0018:056A:5360.0002: wacom_wac_queue_insert: kfifo has filled, starting to drop events
[ 5955.166008] wacom 0018:056A:5360.0002: wacom_wac_queue_insert: kfifo has filled, starting to drop events
[ 5955.170740] wacom 0018:056A:5360.0002: wacom_wac_queue_insert: kfifo has filled, starting to drop events
[ 5955.175917] wacom 0018:056A:5360.0002: wacom_wac_queue_insert: kfifo has filled, starting to drop events
[ 5955.186011] wacom 0018:056A:5360.0002: wacom_wac_queue_insert: kfifo has filled, starting to drop events
[ 5955.190622] wacom 0018:056A:5360.0002: wacom_wac_queue_insert: kfifo has filled, starting to drop events
[ 5955.195675] wacom 0018:056A:5360.0002: wacom_wac_queue_insert: kfifo has filled, starting to drop events
[ 5955.205956] wacom 0018:056A:5360.0002: wacom_wac_queue_insert: kfifo has filled, starting to drop events
[ 5955.210649] wacom 0018:056A:5360.0002: wacom_wac_queue_insert: kfifo has filled, starting to drop events
[ 5955.215898] wacom 0018:056A:5360.0002: wacom_wac_queue_insert: kfifo has filled, starting to drop events
[ 5955.226042] wacom 0018:056A:5360.0002: wacom_wac_queue_insert: kfifo has filled, starting to drop events
[ 5955.230635] wacom 0018:056A:5360.0002: wacom_wac_queue_insert: kfifo has filled, starting to drop events
[ 5955.235690] wacom 0018:056A:5360.0002: wacom_wac_queue_insert: kfifo has filled, starting to drop events
[ 5955.245980] wacom 0018:056A:5360.0002: wacom_wac_queue_insert: kfifo has filled, starting to drop events
[ 5955.250605] wacom 0018:056A:5360.0002: wacom_wac_queue_insert: kfifo has filled, starting to drop events
[ 5955.255574] wacom 0018:056A:5360.0002: wacom_wac_queue_insert: kfifo has filled, starting to drop events
[ 5955.266041] wacom 0018:056A:5360.0002: wacom_wac_queue_insert: kfifo has filled, starting to drop events
[ 5955.270625] wacom 0018:056A:5360.0002: wacom_wac_queue_insert: kfifo has filled, starting to drop events
[ 5955.275718] wacom 0018:056A:5360.0002: wacom_wac_queue_insert: kfifo has filled, starting to drop events
[ 5955.286222] wacom 0018:056A:5360.0002: wacom_wac_queue_insert: kfifo has filled, starting to drop events
[ 5955.290498] wacom 0018:056A:5360.0002: wacom_wac_queue_insert: kfifo has filled, starting to drop events
[ 5955.295553] wacom 0018:056A:5360.0002: wacom_wac_queue_insert: kfifo has filled, starting to drop events
[ 5955.306002] wacom 0018:056A:5360.0002: wacom_wac_queue_insert: kfifo has filled, starting to drop events
[ 5955.310516] wacom 0018:056A:5360.0002: wacom_wac_queue_insert: kfifo has filled, starting to drop events
[ 5955.315645] wacom 0018:056A:5360.0002: wacom_wac_queue_insert: kfifo has filled, starting to drop events
[ 5955.325990] wacom 0018:056A:5360.0002: wacom_wac_queue_insert: kfifo has filled, starting to drop events
[ 5996.370916] wacom 0018:056A:5360.0002: wacom_idleprox_timeout: tool appears to be hung in-prox. forcing it out.
[ 7888.182489] wacom 0018:056A:5360.0002: wacom_idleprox_timeout: tool appears to be hung in-prox. forcing it out.
[ 7888.594504] wacom 0018:056A:5360.0002: wacom_idleprox_timeout: tool appears to be hung in-prox. forcing it out.
[ 7897.422383] wacom 0018:056A:5360.0002: wacom_idleprox_timeout: tool appears to be hung in-prox. forcing it out.
[ 7917.338675] wacom 0018:056A:5360.0002: wacom_idleprox_timeout: tool appears to be hung in-prox. forcing it out.
[ 7918.374150] wacom 0018:056A:5360.0002: wacom_idleprox_timeout: tool appears to be hung in-prox. forcing it out.
[ 7919.774116] wacom 0018:056A:5360.0002: wacom_idleprox_timeout: tool appears to be hung in-prox. forcing it out.
[ 7921.310311] wacom 0018:056A:5360.0002: wacom_idleprox_timeout: tool appears to be hung in-prox. forcing it out.
[ 7941.805887] wacom 0018:056A:5360.0002: wacom_idleprox_timeout: tool appears to be hung in-prox. forcing it out.
[ 7983.309790] wacom 0018:056A:5360.0002: wacom_idleprox_timeout: tool appears to be hung in-prox. forcing it out.
[ 7983.565643] wacom 0018:056A:5360.0002: wacom_idleprox_timeout: tool appears to be hung in-prox. forcing it out.
[ 8430.552839] wacom 0018:056A:5360.0002: wacom_idleprox_timeout: tool appears to be hung in-prox. forcing it out.
[ 8485.607560] wacom 0018:056A:5360.0002: wacom_idleprox_timeout: tool appears to be hung in-prox. forcing it out.
[ 8736.154298] wacom 0018:056A:5360.0002: wacom_idleprox_timeout: tool appears to be hung in-prox. forcing it out.
[ 8749.569980] wacom 0018:056A:5360.0002: wacom_idleprox_timeout: tool appears to be hung in-prox. forcing it out.
[ 8922.099523] wacom 0018:056A:5360.0002: wacom_wac_queue_insert: kfifo has filled, starting to drop events
[ 8922.104423] wacom 0018:056A:5360.0002: wacom_wac_queue_insert: kfifo has filled, starting to drop events
[ 8922.119360] wacom 0018:056A:5360.0002: wacom_wac_queue_insert: kfifo has filled, starting to drop events
[ 8922.124433] wacom 0018:056A:5360.0002: wacom_wac_queue_insert: kfifo has filled, starting to drop events
[ 8922.149670] wacom 0018:056A:5360.0002: wacom_wac_queue_insert: kfifo has filled, starting to drop events
[ 8922.159670] wacom 0018:056A:5360.0002: wacom_wac_queue_insert: kfifo has filled, starting to drop events
[ 8922.164372] wacom 0018:056A:5360.0002: wacom_wac_queue_insert: kfifo has filled, starting to drop events
[ 8922.169306] wacom 0018:056A:5360.0002: wacom_wac_queue_insert: kfifo has filled, starting to drop events
[ 8922.219403] wacom 0018:056A:5360.0002: wacom_wac_queue_insert: kfifo has filled, starting to drop events
[ 8922.229433] wacom 0018:056A:5360.0002: wacom_wac_queue_insert: kfifo has filled, starting to drop events
[ 8922.234506] wacom 0018:056A:5360.0002: wacom_wac_queue_insert: kfifo has filled, starting to drop events
[ 8922.239314] wacom 0018:056A:5360.0002: wacom_wac_queue_insert: kfifo has filled, starting to drop events
[ 8922.249697] wacom 0018:056A:5360.0002: wacom_wac_queue_insert: kfifo has filled, starting to drop events
[ 8922.254333] wacom 0018:056A:5360.0002: wacom_wac_queue_insert: kfifo has filled, starting to drop events
[ 8922.259381] wacom 0018:056A:5360.0002: wacom_wac_queue_insert: kfifo has filled, starting to drop events
[ 8922.269347] wacom 0018:056A:5360.0002: wacom_wac_queue_insert: kfifo has filled, starting to drop events
[ 8922.275167] wacom 0018:056A:5360.0002: wacom_wac_queue_insert: kfifo has filled, starting to drop events
[ 8922.279597] wacom 0018:056A:5360.0002: wacom_wac_queue_insert: kfifo has filled, starting to drop events
[ 8922.299595] wacom 0018:056A:5360.0002: wacom_wac_queue_insert: kfifo has filled, starting to drop events
[ 8922.309343] wacom 0018:056A:5360.0002: wacom_wac_queue_insert: kfifo has filled, starting to drop events
[ 8922.314375] wacom 0018:056A:5360.0002: wacom_wac_queue_insert: kfifo has filled, starting to drop events
[ 8922.319277] wacom 0018:056A:5360.0002: wacom_wac_queue_insert: kfifo has filled, starting to drop events
[ 8922.329754] wacom 0018:056A:5360.0002: wacom_wac_queue_insert: kfifo has filled, starting to drop events
[ 8922.334411] wacom 0018:056A:5360.0002: wacom_wac_queue_insert: kfifo has filled, starting to drop events
[ 8923.138770] wacom 0018:056A:5360.0002: wacom_idleprox_timeout: tool appears to be hung in-prox. forcing it out.
[ 8935.770564] wacom 0018:056A:5360.0002: wacom_idleprox_timeout: tool appears to be hung in-prox. forcing it out.
[ 8947.010774] wacom 0018:056A:5360.0002: wacom_idleprox_timeout: tool appears to be hung in-prox. forcing it out.
