-- Logs begin at Tue 2021-01-12 16:39:33 CET, end at Thu 2021-01-14 18:56:06 CET. --
Jan 14 17:56:46 HOSTNAME /usr/lib/gdm3/gdm-x-session[1803]: (--) Log file renamed from "/home/fkrull/.local/share/xorg/Xorg.pid-1803.log" to "/home/fkrull/.local/share/xorg/Xorg.0.log"
Jan 14 17:56:46 HOSTNAME /usr/lib/gdm3/gdm-x-session[1803]: X.Org X Server 1.20.9
Jan 14 17:56:46 HOSTNAME /usr/lib/gdm3/gdm-x-session[1803]: X Protocol Version 11, Revision 0
Jan 14 17:56:46 HOSTNAME /usr/lib/gdm3/gdm-x-session[1803]: Build Operating System: Linux 4.15.0-128-generic x86_64 Ubuntu
Jan 14 17:56:46 HOSTNAME /usr/lib/gdm3/gdm-x-session[1803]: Current Operating System: Linux HOSTNAME 5.11.0-051100rc3-generic #202101102331 SMP Sun Jan 10 23:34:29 UTC 2021 x86_64
Jan 14 17:56:46 HOSTNAME /usr/lib/gdm3/gdm-x-session[1803]: Kernel command line: BOOT_IMAGE=/vmlinuz-5.11.0-051100rc3-generic.signed USERNAME=/dev/mapper/vgubuntu-USERNAME ro quiet splash vt.handoff=7
Jan 14 17:56:46 HOSTNAME /usr/lib/gdm3/gdm-x-session[1803]: Build Date: 18 December 2020  01:08:03PM
Jan 14 17:56:46 HOSTNAME /usr/lib/gdm3/gdm-x-session[1803]: xorg-server 2:1.20.9-2ubuntu1.1~20.04.1 (For technical support please see http://www.ubuntu.com/support)
Jan 14 17:56:46 HOSTNAME /usr/lib/gdm3/gdm-x-session[1803]: Current version of pixman: 0.38.4
Jan 14 17:56:46 HOSTNAME /usr/lib/gdm3/gdm-x-session[1803]:         Before reporting problems, check http://wiki.x.org
Jan 14 17:56:46 HOSTNAME /usr/lib/gdm3/gdm-x-session[1803]:         to make sure that you have the latest version.
Jan 14 17:56:46 HOSTNAME /usr/lib/gdm3/gdm-x-session[1803]: Markers: (--) probed, (**) from config file, (==) default setting,
Jan 14 17:56:46 HOSTNAME /usr/lib/gdm3/gdm-x-session[1803]:         (++) from command line, (!!) notice, (II) informational,
Jan 14 17:56:46 HOSTNAME /usr/lib/gdm3/gdm-x-session[1803]:         (WW) warning, (EE) error, (NI) not implemented, (??) unknown.
Jan 14 17:56:46 HOSTNAME /usr/lib/gdm3/gdm-x-session[1803]: (==) Log file: "/home/fkrull/.local/share/xorg/Xorg.0.log", Time: Thu Jan 14 17:56:46 2021
Jan 14 17:56:46 HOSTNAME /usr/lib/gdm3/gdm-x-session[1803]: (==) Using system config directory "/usr/share/X11/xorg.conf.d"
Jan 14 17:56:46 HOSTNAME /usr/lib/gdm3/gdm-x-session[1803]: (==) No Layout section.  Using the first Screen section.
Jan 14 17:56:46 HOSTNAME /usr/lib/gdm3/gdm-x-session[1803]: (==) No screen section available. Using defaults.
Jan 14 17:56:46 HOSTNAME /usr/lib/gdm3/gdm-x-session[1803]: (**) |-->Screen "Default Screen Section" (0)
Jan 14 17:56:46 HOSTNAME /usr/lib/gdm3/gdm-x-session[1803]: (**) |   |-->Monitor "<default monitor>"
Jan 14 17:56:46 HOSTNAME /usr/lib/gdm3/gdm-x-session[1803]: (==) No monitor specified for screen "Default Screen Section".
Jan 14 17:56:46 HOSTNAME /usr/lib/gdm3/gdm-x-session[1803]:         Using a default monitor configuration.
Jan 14 17:56:46 HOSTNAME /usr/lib/gdm3/gdm-x-session[1803]: (==) Automatically adding devices
Jan 14 17:56:46 HOSTNAME /usr/lib/gdm3/gdm-x-session[1803]: (==) Automatically enabling devices
Jan 14 17:56:46 HOSTNAME /usr/lib/gdm3/gdm-x-session[1803]: (==) Automatically adding GPU devices
Jan 14 17:56:46 HOSTNAME /usr/lib/gdm3/gdm-x-session[1803]: (==) Automatically binding GPU devices
Jan 14 17:56:46 HOSTNAME /usr/lib/gdm3/gdm-x-session[1803]: (==) Max clients allowed: 256, resource mask: 0x1fffff
Jan 14 17:56:46 HOSTNAME /usr/lib/gdm3/gdm-x-session[1803]: (WW) The directory "/usr/share/fonts/X11/cyrillic" does not exist.
Jan 14 17:56:46 HOSTNAME /usr/lib/gdm3/gdm-x-session[1803]:         Entry deleted from font path.
Jan 14 17:56:46 HOSTNAME /usr/lib/gdm3/gdm-x-session[1803]: (WW) The directory "/usr/share/fonts/X11/100dpi/" does not exist.
Jan 14 17:56:46 HOSTNAME /usr/lib/gdm3/gdm-x-session[1803]:         Entry deleted from font path.
Jan 14 17:56:46 HOSTNAME /usr/lib/gdm3/gdm-x-session[1803]: (WW) The directory "/usr/share/fonts/X11/75dpi/" does not exist.
Jan 14 17:56:46 HOSTNAME /usr/lib/gdm3/gdm-x-session[1803]:         Entry deleted from font path.
Jan 14 17:56:46 HOSTNAME /usr/lib/gdm3/gdm-x-session[1803]: (WW) The directory "/usr/share/fonts/X11/100dpi" does not exist.
Jan 14 17:56:46 HOSTNAME /usr/lib/gdm3/gdm-x-session[1803]:         Entry deleted from font path.
Jan 14 17:56:46 HOSTNAME /usr/lib/gdm3/gdm-x-session[1803]: (WW) The directory "/usr/share/fonts/X11/75dpi" does not exist.
Jan 14 17:56:46 HOSTNAME /usr/lib/gdm3/gdm-x-session[1803]:         Entry deleted from font path.
Jan 14 17:56:46 HOSTNAME /usr/lib/gdm3/gdm-x-session[1803]: (==) FontPath set to:
Jan 14 17:56:46 HOSTNAME /usr/lib/gdm3/gdm-x-session[1803]:         /usr/share/fonts/X11/misc,
Jan 14 17:56:46 HOSTNAME /usr/lib/gdm3/gdm-x-session[1803]:         /usr/share/fonts/X11/Type1,
Jan 14 17:56:46 HOSTNAME /usr/lib/gdm3/gdm-x-session[1803]:         built-ins
Jan 14 17:56:46 HOSTNAME /usr/lib/gdm3/gdm-x-session[1803]: (==) ModulePath set to "/usr/lib/xorg/modules"
Jan 14 17:56:46 HOSTNAME /usr/lib/gdm3/gdm-x-session[1803]: (II) The server relies on udev to provide the list of input devices.
Jan 14 17:56:46 HOSTNAME /usr/lib/gdm3/gdm-x-session[1803]:         If no devices become available, reconfigure udev or disable AutoAddDevices.
Jan 14 17:56:46 HOSTNAME /usr/lib/gdm3/gdm-x-session[1803]: (II) Loader magic: 0x558852067020
Jan 14 17:56:46 HOSTNAME /usr/lib/gdm3/gdm-x-session[1803]: (II) Module ABI versions:
Jan 14 17:56:46 HOSTNAME /usr/lib/gdm3/gdm-x-session[1803]:         X.Org ANSI C Emulation: 0.4
Jan 14 17:56:46 HOSTNAME /usr/lib/gdm3/gdm-x-session[1803]:         X.Org Video Driver: 24.1
Jan 14 17:56:46 HOSTNAME /usr/lib/gdm3/gdm-x-session[1803]:         X.Org XInput driver : 24.1
Jan 14 17:56:46 HOSTNAME /usr/lib/gdm3/gdm-x-session[1803]:         X.Org Server Extension : 10.0
Jan 14 17:56:46 HOSTNAME /usr/lib/gdm3/gdm-x-session[1803]: (++) using VT number 2
Jan 14 17:56:46 HOSTNAME /usr/lib/gdm3/gdm-x-session[1803]: (II) systemd-logind: took control of session /org/freedesktop/login1/session/_32
Jan 14 17:56:46 HOSTNAME /usr/lib/gdm3/gdm-x-session[1803]: (II) xfree86: Adding drm device (/dev/dri/card0)
Jan 14 17:56:46 HOSTNAME /usr/lib/gdm3/gdm-x-session[1803]: (II) systemd-logind: got fd for /dev/dri/card0 226:0 fd 12 paused 0
Jan 14 17:56:46 HOSTNAME /usr/lib/gdm3/gdm-x-session[1803]: (--) PCI:*(0@0:2:0) 8086:9bcc:103c:876d rev 5, Mem @ 0xdf000000/16777216, 0xa0000000/268435456, I/O @ 0x00003000/64, BIOS @ 0x????????/131072
Jan 14 17:56:46 HOSTNAME /usr/lib/gdm3/gdm-x-session[1803]: (II) LoadModule: "glx"
Jan 14 17:56:46 HOSTNAME /usr/lib/gdm3/gdm-x-session[1803]: (II) Loading /usr/lib/xorg/modules/extensions/libglx.so
Jan 14 17:56:46 HOSTNAME /usr/lib/gdm3/gdm-x-session[1803]: (II) Module glx: vendor="X.Org Foundation"
Jan 14 17:56:46 HOSTNAME /usr/lib/gdm3/gdm-x-session[1803]:         compiled for 1.20.9, module version = 1.0.0
Jan 14 17:56:46 HOSTNAME /usr/lib/gdm3/gdm-x-session[1803]:         ABI class: X.Org Server Extension, version 10.0
Jan 14 17:56:46 HOSTNAME /usr/lib/gdm3/gdm-x-session[1803]: (==) Matched modesetting as autoconfigured driver 0
Jan 14 17:56:46 HOSTNAME /usr/lib/gdm3/gdm-x-session[1803]: (==) Matched fbdev as autoconfigured driver 1
Jan 14 17:56:46 HOSTNAME /usr/lib/gdm3/gdm-x-session[1803]: (==) Matched vesa as autoconfigured driver 2
Jan 14 17:56:46 HOSTNAME /usr/lib/gdm3/gdm-x-session[1803]: (==) Assigned the driver to the xf86ConfigLayout
Jan 14 17:56:46 HOSTNAME /usr/lib/gdm3/gdm-x-session[1803]: (II) LoadModule: "modesetting"
Jan 14 17:56:46 HOSTNAME /usr/lib/gdm3/gdm-x-session[1803]: (II) Loading /usr/lib/xorg/modules/drivers/modesetting_drv.so
Jan 14 17:56:46 HOSTNAME /usr/lib/gdm3/gdm-x-session[1803]: (II) Module modesetting: vendor="X.Org Foundation"
Jan 14 17:56:46 HOSTNAME /usr/lib/gdm3/gdm-x-session[1803]:         compiled for 1.20.9, module version = 1.20.9
Jan 14 17:56:46 HOSTNAME /usr/lib/gdm3/gdm-x-session[1803]:         Module class: X.Org Video Driver
Jan 14 17:56:46 HOSTNAME /usr/lib/gdm3/gdm-x-session[1803]:         ABI class: X.Org Video Driver, version 24.1
Jan 14 17:56:46 HOSTNAME /usr/lib/gdm3/gdm-x-session[1803]: (II) LoadModule: "fbdev"
Jan 14 17:56:46 HOSTNAME /usr/lib/gdm3/gdm-x-session[1803]: (II) Loading /usr/lib/xorg/modules/drivers/fbdev_drv.so
Jan 14 17:56:46 HOSTNAME /usr/lib/gdm3/gdm-x-session[1803]: (II) Module fbdev: vendor="X.Org Foundation"
Jan 14 17:56:46 HOSTNAME /usr/lib/gdm3/gdm-x-session[1803]:         compiled for 1.20.1, module version = 0.5.0
Jan 14 17:56:46 HOSTNAME /usr/lib/gdm3/gdm-x-session[1803]:         Module class: X.Org Video Driver
Jan 14 17:56:46 HOSTNAME /usr/lib/gdm3/gdm-x-session[1803]:         ABI class: X.Org Video Driver, version 24.0
Jan 14 17:56:46 HOSTNAME /usr/lib/gdm3/gdm-x-session[1803]: (II) LoadModule: "vesa"
Jan 14 17:56:46 HOSTNAME /usr/lib/gdm3/gdm-x-session[1803]: (II) Loading /usr/lib/xorg/modules/drivers/vesa_drv.so
Jan 14 17:56:46 HOSTNAME /usr/lib/gdm3/gdm-x-session[1803]: (II) Module vesa: vendor="X.Org Foundation"
Jan 14 17:56:46 HOSTNAME /usr/lib/gdm3/gdm-x-session[1803]:         compiled for 1.20.4, module version = 2.4.0
Jan 14 17:56:46 HOSTNAME /usr/lib/gdm3/gdm-x-session[1803]:         Module class: X.Org Video Driver
Jan 14 17:56:46 HOSTNAME /usr/lib/gdm3/gdm-x-session[1803]:         ABI class: X.Org Video Driver, version 24.0
Jan 14 17:56:46 HOSTNAME /usr/lib/gdm3/gdm-x-session[1803]: (II) modesetting: Driver for Modesetting Kernel Drivers: kms
Jan 14 17:56:46 HOSTNAME /usr/lib/gdm3/gdm-x-session[1803]: (II) FBDEV: driver for framebuffer: fbdev
Jan 14 17:56:46 HOSTNAME /usr/lib/gdm3/gdm-x-session[1803]: (II) VESA: driver for VESA chipsets: vesa
Jan 14 17:56:46 HOSTNAME /usr/lib/gdm3/gdm-x-session[1803]: xf86EnableIOPorts: failed to set IOPL for I/O (Operation not permitted)
Jan 14 17:56:46 HOSTNAME /usr/lib/gdm3/gdm-x-session[1803]: (II) modeset(0): using drv /dev/dri/card0
Jan 14 17:56:46 HOSTNAME /usr/lib/gdm3/gdm-x-session[1803]: (WW) Falling back to old probe method for fbdev
Jan 14 17:56:46 HOSTNAME /usr/lib/gdm3/gdm-x-session[1803]: (II) Loading sub module "fbdevhw"
Jan 14 17:56:46 HOSTNAME /usr/lib/gdm3/gdm-x-session[1803]: (II) LoadModule: "fbdevhw"
Jan 14 17:56:46 HOSTNAME /usr/lib/gdm3/gdm-x-session[1803]: (II) Loading /usr/lib/xorg/modules/libfbdevhw.so
Jan 14 17:56:46 HOSTNAME /usr/lib/gdm3/gdm-x-session[1803]: (II) Module fbdevhw: vendor="X.Org Foundation"
Jan 14 17:56:46 HOSTNAME /usr/lib/gdm3/gdm-x-session[1803]:         compiled for 1.20.9, module version = 0.0.2
Jan 14 17:56:46 HOSTNAME /usr/lib/gdm3/gdm-x-session[1803]:         ABI class: X.Org Video Driver, version 24.1
Jan 14 17:56:46 HOSTNAME /usr/lib/gdm3/gdm-x-session[1803]: (EE) open /dev/fb0: Permission denied
Jan 14 17:56:46 HOSTNAME /usr/lib/gdm3/gdm-x-session[1803]: (WW) VGA arbiter: cannot open kernel arbiter, no multi-card support
Jan 14 17:56:46 HOSTNAME /usr/lib/gdm3/gdm-x-session[1803]: (II) modeset(0): Creating default Display subsection in Screen section
Jan 14 17:56:46 HOSTNAME /usr/lib/gdm3/gdm-x-session[1803]:         "Default Screen Section" for depth/fbbpp 24/32
Jan 14 17:56:46 HOSTNAME /usr/lib/gdm3/gdm-x-session[1803]: (==) modeset(0): Depth 24, (==) framebuffer bpp 32
Jan 14 17:56:46 HOSTNAME /usr/lib/gdm3/gdm-x-session[1803]: (==) modeset(0): RGB weight 888
Jan 14 17:56:46 HOSTNAME /usr/lib/gdm3/gdm-x-session[1803]: (==) modeset(0): Default visual is TrueColor
Jan 14 17:56:46 HOSTNAME /usr/lib/gdm3/gdm-x-session[1803]: (II) Loading sub module "glamoregl"
Jan 14 17:56:46 HOSTNAME /usr/lib/gdm3/gdm-x-session[1803]: (II) LoadModule: "glamoregl"
Jan 14 17:56:46 HOSTNAME /usr/lib/gdm3/gdm-x-session[1803]: (II) Loading /usr/lib/xorg/modules/libglamoregl.so
Jan 14 17:56:46 HOSTNAME /usr/lib/gdm3/gdm-x-session[1803]: (II) Module glamoregl: vendor="X.Org Foundation"
Jan 14 17:56:46 HOSTNAME /usr/lib/gdm3/gdm-x-session[1803]:         compiled for 1.20.9, module version = 1.0.1
Jan 14 17:56:46 HOSTNAME /usr/lib/gdm3/gdm-x-session[1803]:         ABI class: X.Org ANSI C Emulation, version 0.4
Jan 14 17:56:46 HOSTNAME /usr/lib/gdm3/gdm-x-session[1803]: (II) modeset(0): glamor X acceleration enabled on Mesa Intel(R) UHD Graphics (CML GT2)
Jan 14 17:56:46 HOSTNAME /usr/lib/gdm3/gdm-x-session[1803]: (II) modeset(0): glamor initialized
Jan 14 17:56:46 HOSTNAME /usr/lib/gdm3/gdm-x-session[1803]: (II) modeset(0): Output eDP-1 has no monitor section
Jan 14 17:56:46 HOSTNAME /usr/lib/gdm3/gdm-x-session[1803]: (II) modeset(0): Output DP-1 has no monitor section
Jan 14 17:56:46 HOSTNAME /usr/lib/gdm3/gdm-x-session[1803]: (II) modeset(0): Output HDMI-1 has no monitor section
Jan 14 17:56:46 HOSTNAME /usr/lib/gdm3/gdm-x-session[1803]: (II) modeset(0): Output DP-2 has no monitor section
Jan 14 17:56:46 HOSTNAME /usr/lib/gdm3/gdm-x-session[1803]: (II) modeset(0): Output HDMI-2 has no monitor section
Jan 14 17:56:46 HOSTNAME /usr/lib/gdm3/gdm-x-session[1803]: (II) modeset(0): EDID for output eDP-1
Jan 14 17:56:46 HOSTNAME /usr/lib/gdm3/gdm-x-session[1803]: (II) modeset(0): Manufacturer: IVO  Model: 8596  Serial#: 4
Jan 14 17:56:46 HOSTNAME /usr/lib/gdm3/gdm-x-session[1803]: (II) modeset(0): Year: 2019  Week: 0
Jan 14 17:56:46 HOSTNAME /usr/lib/gdm3/gdm-x-session[1803]: (II) modeset(0): EDID Version: 1.4
Jan 14 17:56:46 HOSTNAME /usr/lib/gdm3/gdm-x-session[1803]: (II) modeset(0): Digital Display Input
Jan 14 17:56:46 HOSTNAME /usr/lib/gdm3/gdm-x-session[1803]: (II) modeset(0): 8 bits per channel
Jan 14 17:56:46 HOSTNAME /usr/lib/gdm3/gdm-x-session[1803]: (II) modeset(0): Digital interface is DisplayPort
Jan 14 17:56:46 HOSTNAME /usr/lib/gdm3/gdm-x-session[1803]: (II) modeset(0): Max Image Size [cm]: horiz.: 29  vert.: 17
Jan 14 17:56:46 HOSTNAME /usr/lib/gdm3/gdm-x-session[1803]: (II) modeset(0): Gamma: 2.20
Jan 14 17:56:46 HOSTNAME /usr/lib/gdm3/gdm-x-session[1803]: (II) modeset(0): No DPMS capabilities specified
Jan 14 17:56:46 HOSTNAME /usr/lib/gdm3/gdm-x-session[1803]: (II) modeset(0): Supported color encodings: RGB 4:4:4 YCrCb 4:4:4
Jan 14 17:56:46 HOSTNAME /usr/lib/gdm3/gdm-x-session[1803]: (II) modeset(0): First detailed timing is preferred mode
Jan 14 17:56:46 HOSTNAME /usr/lib/gdm3/gdm-x-session[1803]: (II) modeset(0): Preferred mode is native pixel format and refresh rate
Jan 14 17:56:46 HOSTNAME /usr/lib/gdm3/gdm-x-session[1803]: (II) modeset(0): redX: 0.640 redY: 0.329   greenX: 0.300 greenY: 0.600
Jan 14 17:56:46 HOSTNAME /usr/lib/gdm3/gdm-x-session[1803]: (II) modeset(0): blueX: 0.149 blueY: 0.060   whiteX: 0.312 whiteY: 0.328
Jan 14 17:56:46 HOSTNAME /usr/lib/gdm3/gdm-x-session[1803]: (II) modeset(0): Manufacturer's mask: 0
Jan 14 17:56:46 HOSTNAME /usr/lib/gdm3/gdm-x-session[1803]: (II) modeset(0): Supported detailed timing:
Jan 14 17:56:46 HOSTNAME /usr/lib/gdm3/gdm-x-session[1803]: (II) modeset(0): clock: 138.8 MHz   Image Size:  294 x 165 mm
Jan 14 17:56:46 HOSTNAME /usr/lib/gdm3/gdm-x-session[1803]: (II) modeset(0): h_active: 1920  h_sync: 1944  h_sync_end 1992 h_blank_end 2080 h_border: 0
Jan 14 17:56:46 HOSTNAME /usr/lib/gdm3/gdm-x-session[1803]: (II) modeset(0): v_active: 1080  v_sync: 1083  v_sync_end 1095 v_blanking: 1112 v_border: 0
Jan 14 17:56:46 HOSTNAME /usr/lib/gdm3/gdm-x-session[1803]: (II) modeset(0):  X133NVFF R0
Jan 14 17:56:46 HOSTNAME /usr/lib/gdm3/gdm-x-session[1803]: (II) modeset(0): Unknown vendor-specific block 3
Jan 14 17:56:46 HOSTNAME /usr/lib/gdm3/gdm-x-session[1803]: (II) modeset(0): Unknown vendor-specific block 3
Jan 14 17:56:46 HOSTNAME /usr/lib/gdm3/gdm-x-session[1803]: (II) modeset(0): EDID (in hex):
Jan 14 17:56:46 HOSTNAME /usr/lib/gdm3/gdm-x-session[1803]: (II) modeset(0):         00ffffffffffff0026cf968504000000
Jan 14 17:56:46 HOSTNAME /usr/lib/gdm3/gdm-x-session[1803]: (II) modeset(0):         001d0104a51d11780ade50a3544c9926
Jan 14 17:56:46 HOSTNAME /usr/lib/gdm3/gdm-x-session[1803]: (II) modeset(0):         0f505400000001010101010101010101
Jan 14 17:56:46 HOSTNAME /usr/lib/gdm3/gdm-x-session[1803]: (II) modeset(0):         010101010101383680a0703820401830
Jan 14 17:56:46 HOSTNAME /usr/lib/gdm3/gdm-x-session[1803]: (II) modeset(0):         3c0026a510000019000000fe00583133
Jan 14 17:56:46 HOSTNAME /usr/lib/gdm3/gdm-x-session[1803]: (II) modeset(0):         334e564646205230200a000000030003
Jan 14 17:56:46 HOSTNAME /usr/lib/gdm3/gdm-x-session[1803]: (II) modeset(0):         54d804647d120b0faf00000000000003
Jan 14 17:56:46 HOSTNAME /usr/lib/gdm3/gdm-x-session[1803]: (II) modeset(0):         001951ff64a0f4140b37f401010000ef
Jan 14 17:56:46 HOSTNAME /usr/lib/gdm3/gdm-x-session[1803]: (II) modeset(0): Printing probed modes for output eDP-1
Jan 14 17:56:46 HOSTNAME /usr/lib/gdm3/gdm-x-session[1803]: (II) modeset(0): Modeline "1920x1080"x60.0  138.80  1920 1944 1992 2080  1080 1083 1095 1112 -hsync -vsync (66.7 kHz eP)
Jan 14 17:56:46 HOSTNAME /usr/lib/gdm3/gdm-x-session[1803]: (II) modeset(0): Modeline "1920x1080"x120.0  356.38  1920 2080 2288 2656  1080 1081 1084 1118 doublescan -hsync +vsync (134.2 kHz d)
Jan 14 17:56:46 HOSTNAME /usr/lib/gdm3/gdm-x-session[1803]: (II) modeset(0): Modeline "1920x1080"x119.9  266.50  1920 1944 1960 2000  1080 1081 1084 1111 doublescan +hsync -vsync (133.2 kHz d)
Jan 14 17:56:46 HOSTNAME /usr/lib/gdm3/gdm-x-session[1803]: (II) modeset(0): Modeline "1920x1080"x60.0  173.00  1920 2048 2248 2576  1080 1083 1088 1120 -hsync +vsync (67.2 kHz d)
Jan 14 17:56:46 HOSTNAME /usr/lib/gdm3/gdm-x-session[1803]: (II) modeset(0): Modeline "1920x1080"x59.9  138.50  1920 1968 2000 2080  1080 1083 1088 1111 +hsync -vsync (66.6 kHz d)
Jan 14 17:56:46 HOSTNAME /usr/lib/gdm3/gdm-x-session[1803]: (II) modeset(0): Modeline "1680x1050"x60.0  146.25  1680 1784 1960 2240  1050 1053 1059 1089 -hsync +vsync (65.3 kHz d)
Jan 14 17:56:46 HOSTNAME /usr/lib/gdm3/gdm-x-session[1803]: (II) modeset(0): Modeline "1680x1050"x59.9  119.00  1680 1728 1760 1840  1050 1053 1059 1080 +hsync -vsync (64.7 kHz d)
Jan 14 17:56:46 HOSTNAME /usr/lib/gdm3/gdm-x-session[1803]: (II) modeset(0): Modeline "1600x1024"x60.2  103.12  1600 1600 1656 1664  1024 1024 1029 1030 +hsync +vsync (62.0 kHz d)
Jan 14 17:56:46 HOSTNAME /usr/lib/gdm3/gdm-x-session[1803]: (II) modeset(0): Modeline "1400x1050"x60.0  122.00  1400 1488 1640 1880  1050 1052 1064 1082 +hsync +vsync (64.9 kHz d)
Jan 14 17:56:46 HOSTNAME /usr/lib/gdm3/gdm-x-session[1803]: (II) modeset(0): Modeline "1600x900"x120.0  246.00  1600 1728 1900 2200  900 901 904 932 doublescan -hsync +vsync (111.8 kHz d)
Jan 14 17:56:46 HOSTNAME /usr/lib/gdm3/gdm-x-session[1803]: (II) modeset(0): Modeline "1600x900"x119.9  186.50  1600 1624 1640 1680  900 901 904 926 doublescan +hsync -vsync (111.0 kHz d)
Jan 14 17:56:46 HOSTNAME /usr/lib/gdm3/gdm-x-session[1803]: (II) modeset(0): Modeline "1600x900"x59.9  118.25  1600 1696 1856 2112  900 903 908 934 -hsync +vsync (56.0 kHz d)
Jan 14 17:56:46 HOSTNAME /usr/lib/gdm3/gdm-x-session[1803]: (II) modeset(0): Modeline "1600x900"x59.8   97.50  1600 1648 1680 1760  900 903 908 926 +hsync -vsync (55.4 kHz d)
Jan 14 17:56:46 HOSTNAME /usr/lib/gdm3/gdm-x-session[1803]: (II) modeset(0): Modeline "1280x1024"x60.0  108.00  1280 1328 1440 1688  1024 1025 1028 1066 +hsync +vsync (64.0 kHz d)
Jan 14 17:56:46 HOSTNAME /usr/lib/gdm3/gdm-x-session[1803]: (II) modeset(0): Modeline "1440x900"x59.9  106.50  1440 1520 1672 1904  900 903 909 934 -hsync +vsync (55.9 kHz d)
Jan 14 17:56:46 HOSTNAME /usr/lib/gdm3/gdm-x-session[1803]: (II) modeset(0): Modeline "1400x900"x60.0  103.50  1400 1480 1624 1848  900 903 913 934 -hsync +vsync (56.0 kHz d)
Jan 14 17:56:46 HOSTNAME /usr/lib/gdm3/gdm-x-session[1803]: (II) modeset(0): Modeline "1400x900"x59.9   86.50  1400 1448 1480 1560  900 903 913 926 +hsync -vsync (55.4 kHz d)
Jan 14 17:56:46 HOSTNAME /usr/lib/gdm3/gdm-x-session[1803]: (II) modeset(0): Modeline "1280x960"x60.0  108.00  1280 1376 1488 1800  960 961 964 1000 +hsync +vsync (60.0 kHz d)
Jan 14 17:56:46 HOSTNAME /usr/lib/gdm3/gdm-x-session[1803]: (II) modeset(0): Modeline "1440x810"x120.0  198.12  1440 1548 1704 1968  810 811 814 839 doublescan -hsync +vsync (100.7 kHz d)
Jan 14 17:56:46 HOSTNAME /usr/lib/gdm3/gdm-x-session[1803]: (II) modeset(0): Modeline "1440x810"x119.9  151.88  1440 1464 1480 1520  810 811 814 833 doublescan +hsync -vsync (99.9 kHz d)
Jan 14 17:56:46 HOSTNAME /usr/lib/gdm3/gdm-x-session[1803]: (II) modeset(0): Modeline "1368x768"x59.9   85.25  1368 1440 1576 1784  768 771 781 798 -hsync +vsync (47.8 kHz d)
Jan 14 17:56:46 HOSTNAME /usr/lib/gdm3/gdm-x-session[1803]: (II) modeset(0): Modeline "1368x768"x59.9   72.25  1368 1416 1448 1528  768 771 781 790 +hsync -vsync (47.3 kHz d)
Jan 14 17:56:46 HOSTNAME /usr/lib/gdm3/gdm-x-session[1803]: (II) modeset(0): Modeline "1360x768"x59.8   84.75  1360 1432 1568 1776  768 771 781 798 -hsync +vsync (47.7 kHz d)
Jan 14 17:56:46 HOSTNAME /usr/lib/gdm3/gdm-x-session[1803]: (II) modeset(0): Modeline "1360x768"x60.0   72.00  1360 1408 1440 1520  768 771 781 790 +hsync -vsync (47.4 kHz d)
Jan 14 17:56:46 HOSTNAME /usr/lib/gdm3/gdm-x-session[1803]: (II) modeset(0): Modeline "1280x800"x120.0  174.25  1280 1380 1516 1752  800 801 804 829 doublescan -hsync +vsync (99.5 kHz d)
Jan 14 17:56:46 HOSTNAME /usr/lib/gdm3/gdm-x-session[1803]: (II) modeset(0): Modeline "1280x800"x119.9  134.25  1280 1304 1320 1360  800 801 804 823 doublescan +hsync -vsync (98.7 kHz d)
Jan 14 17:56:46 HOSTNAME /usr/lib/gdm3/gdm-x-session[1803]: (II) modeset(0): Modeline "1280x800"x59.8   83.50  1280 1352 1480 1680  800 803 809 831 -hsync +vsync (49.7 kHz d)
Jan 14 17:56:46 HOSTNAME /usr/lib/gdm3/gdm-x-session[1803]: (II) modeset(0): Modeline "1280x800"x59.9   71.00  1280 1328 1360 1440  800 803 809 823 +hsync -vsync (49.3 kHz d)
Jan 14 17:56:46 HOSTNAME /usr/lib/gdm3/gdm-x-session[1803]: (II) modeset(0): Modeline "1152x864"x60.0   81.62  1152 1216 1336 1520  864 865 868 895 -hsync +vsync (53.7 kHz d)
Jan 14 17:56:46 HOSTNAME /usr/lib/gdm3/gdm-x-session[1803]: (II) modeset(0): Modeline "1280x720"x120.0  156.12  1280 1376 1512 1744  720 721 724 746 doublescan -hsync +vsync (89.5 kHz d)
Jan 14 17:56:46 HOSTNAME /usr/lib/gdm3/gdm-x-session[1803]: (II) modeset(0): Modeline "1280x720"x120.0  120.75  1280 1304 1320 1360  720 721 724 740 doublescan +hsync -vsync (88.8 kHz d)
Jan 14 17:56:46 HOSTNAME /usr/lib/gdm3/gdm-x-session[1803]: (II) modeset(0): Modeline "1280x720"x59.9   74.50  1280 1344 1472 1664  720 723 728 748 -hsync +vsync (44.8 kHz d)
Jan 14 17:56:46 HOSTNAME /usr/lib/gdm3/gdm-x-session[1803]: (II) modeset(0): Modeline "1280x720"x59.7   63.75  1280 1328 1360 1440  720 723 728 741 +hsync -vsync (44.3 kHz d)
Jan 14 17:56:46 HOSTNAME /usr/lib/gdm3/gdm-x-session[1803]: (II) modeset(0): Modeline "1024x768"x120.1  133.47  1024 1100 1212 1400  768 768 770 794 doublescan -hsync +vsync (95.3 kHz d)
Jan 14 17:56:46 HOSTNAME /usr/lib/gdm3/gdm-x-session[1803]: (II) modeset(0): Modeline "1024x768"x60.0   65.00  1024 1048 1184 1344  768 771 777 806 -hsync -vsync (48.4 kHz d)
Jan 14 17:56:46 HOSTNAME /usr/lib/gdm3/gdm-x-session[1803]: (II) modeset(0): Modeline "960x720"x120.0  117.00  960 1024 1128 1300  720 720 722 750 doublescan -hsync +vsync (90.0 kHz d)
Jan 14 17:56:46 HOSTNAME /usr/lib/gdm3/gdm-x-session[1803]: (II) modeset(0): Modeline "928x696"x120.1  109.15  928 976 1088 1264  696 696 698 719 doublescan -hsync +vsync (86.4 kHz d)
Jan 14 17:56:46 HOSTNAME /usr/lib/gdm3/gdm-x-session[1803]: (II) modeset(0): Modeline "896x672"x120.0  102.40  896 960 1060 1224  672 672 674 697 doublescan -hsync +vsync (83.7 kHz d)
Jan 14 17:56:46 HOSTNAME /usr/lib/gdm3/gdm-x-session[1803]: (II) modeset(0): Modeline "1024x576"x119.9   98.50  1024 1092 1200 1376  576 577 580 597 doublescan -hsync +vsync (71.6 kHz d)
Jan 14 17:56:46 HOSTNAME /usr/lib/gdm3/gdm-x-session[1803]: (II) modeset(0): Modeline "1024x576"x119.9   78.38  1024 1048 1064 1104  576 577 580 592 doublescan +hsync -vsync (71.0 kHz d)
Jan 14 17:56:46 HOSTNAME /usr/lib/gdm3/gdm-x-session[1803]: (II) modeset(0): Modeline "1024x576"x59.9   46.50  1024 1064 1160 1296  576 579 584 599 -hsync +vsync (35.9 kHz d)
Jan 14 17:56:46 HOSTNAME /usr/lib/gdm3/gdm-x-session[1803]: (II) modeset(0): Modeline "1024x576"x59.8   42.00  1024 1072 1104 1184  576 579 584 593 +hsync -vsync (35.5 kHz d)
Jan 14 17:56:46 HOSTNAME /usr/lib/gdm3/gdm-x-session[1803]: (II) modeset(0): Modeline "960x600"x119.9   96.62  960 1028 1128 1296  600 601 604 622 doublescan -hsync +vsync (74.6 kHz d)
Jan 14 17:56:46 HOSTNAME /usr/lib/gdm3/gdm-x-session[1803]: (II) modeset(0): Modeline "960x600"x120.0   77.00  960 984 1000 1040  600 601 604 617 doublescan +hsync -vsync (74.0 kHz d)
Jan 14 17:56:46 HOSTNAME /usr/lib/gdm3/gdm-x-session[1803]: (II) modeset(0): Modeline "960x540"x119.9   86.50  960 1024 1124 1288  540 541 544 560 doublescan -hsync +vsync (67.2 kHz d)
Jan 14 17:56:46 HOSTNAME /usr/lib/gdm3/gdm-x-session[1803]: (II) modeset(0): Modeline "960x540"x120.0   69.25  960 984 1000 1040  540 541 544 555 doublescan +hsync -vsync (66.6 kHz d)
Jan 14 17:56:46 HOSTNAME /usr/lib/gdm3/gdm-x-session[1803]: (II) modeset(0): Modeline "960x540"x59.6   40.75  960 992 1088 1216  540 543 548 562 -hsync +vsync (33.5 kHz d)
Jan 14 17:56:46 HOSTNAME /usr/lib/gdm3/gdm-x-session[1803]: (II) modeset(0): Modeline "960x540"x59.8   37.25  960 1008 1040 1120  540 543 548 556 +hsync -vsync (33.3 kHz d)
Jan 14 17:56:46 HOSTNAME /usr/lib/gdm3/gdm-x-session[1803]: (II) modeset(0): Modeline "800x600"x120.0   81.00  800 832 928 1080  600 600 602 625 doublescan +hsync +vsync (75.0 kHz d)
Jan 14 17:56:46 HOSTNAME /usr/lib/gdm3/gdm-x-session[1803]: (II) modeset(0): Modeline "800x600"x60.3   40.00  800 840 968 1056  600 601 605 628 +hsync +vsync (37.9 kHz d)
Jan 14 17:56:46 HOSTNAME /usr/lib/gdm3/gdm-x-session[1803]: (II) modeset(0): Modeline "800x600"x56.2   36.00  800 824 896 1024  600 601 603 625 +hsync +vsync (35.2 kHz d)
Jan 14 17:56:46 HOSTNAME /usr/lib/gdm3/gdm-x-session[1803]: (II) modeset(0): Modeline "840x525"x120.0   73.12  840 892 980 1120  525 526 529 544 doublescan -hsync +vsync (65.3 kHz d)
Jan 14 17:56:46 HOSTNAME /usr/lib/gdm3/gdm-x-session[1803]: (II) modeset(0): Modeline "840x525"x119.8   59.50  840 864 880 920  525 526 529 540 doublescan +hsync -vsync (64.7 kHz d)
Jan 14 17:56:46 HOSTNAME /usr/lib/gdm3/gdm-x-session[1803]: (II) modeset(0): Modeline "864x486"x59.9   32.50  864 888 968 1072  486 489 494 506 -hsync +vsync (30.3 kHz d)
Jan 14 17:56:46 HOSTNAME /usr/lib/gdm3/gdm-x-session[1803]: (II) modeset(0): Modeline "864x486"x59.6   30.50  864 912 944 1024  486 489 494 500 +hsync -vsync (29.8 kHz d)
Jan 14 17:56:46 HOSTNAME /usr/lib/gdm3/gdm-x-session[1803]: (II) modeset(0): Modeline "800x512"x120.3   51.56  800 800 828 832  512 512 514 515 doublescan +hsync +vsync (62.0 kHz d)
Jan 14 17:56:46 HOSTNAME /usr/lib/gdm3/gdm-x-session[1803]: (II) modeset(0): Modeline "700x525"x120.0   61.00  700 744 820 940  525 526 532 541 doublescan +hsync +vsync (64.9 kHz d)
Jan 14 17:56:46 HOSTNAME /usr/lib/gdm3/gdm-x-session[1803]: (II) modeset(0): Modeline "800x450"x119.9   59.12  800 848 928 1056  450 451 454 467 doublescan -hsync +vsync (56.0 kHz d)
Jan 14 17:56:46 HOSTNAME /usr/lib/gdm3/gdm-x-session[1803]: (II) modeset(0): Modeline "800x450"x119.6   48.75  800 824 840 880  450 451 454 463 doublescan +hsync -vsync (55.4 kHz d)
Jan 14 17:56:46 HOSTNAME /usr/lib/gdm3/gdm-x-session[1803]: (II) modeset(0): Modeline "640x512"x120.0   54.00  640 664 720 844  512 512 514 533 doublescan +hsync +vsync (64.0 kHz d)
Jan 14 17:56:46 HOSTNAME /usr/lib/gdm3/gdm-x-session[1803]: (II) modeset(0): Modeline "720x450"x119.8   53.25  720 760 836 952  450 451 454 467 doublescan -hsync +vsync (55.9 kHz d)
Jan 14 17:56:46 HOSTNAME /usr/lib/gdm3/gdm-x-session[1803]: (II) modeset(0): Modeline "700x450"x119.9   51.75  700 740 812 924  450 451 456 467 doublescan -hsync +vsync (56.0 kHz d)
Jan 14 17:56:46 HOSTNAME /usr/lib/gdm3/gdm-x-session[1803]: (II) modeset(0): Modeline "700x450"x119.8   43.25  700 724 740 780  450 451 456 463 doublescan +hsync -vsync (55.4 kHz d)
Jan 14 17:56:46 HOSTNAME /usr/lib/gdm3/gdm-x-session[1803]: (II) modeset(0): Modeline "640x480"x120.0   54.00  640 688 744 900  480 480 482 500 doublescan +hsync +vsync (60.0 kHz d)
Jan 14 17:56:46 HOSTNAME /usr/lib/gdm3/gdm-x-session[1803]: (II) modeset(0): Modeline "640x480"x59.9   25.18  640 656 752 800  480 490 492 525 -hsync -vsync (31.5 kHz d)
Jan 14 17:56:46 HOSTNAME /usr/lib/gdm3/gdm-x-session[1803]: (II) modeset(0): Modeline "720x405"x59.5   22.50  720 744 808 896  405 408 413 422 -hsync +vsync (25.1 kHz d)
Jan 14 17:56:46 HOSTNAME /usr/lib/gdm3/gdm-x-session[1803]: (II) modeset(0): Modeline "720x405"x59.0   21.75  720 768 800 880  405 408 413 419 +hsync -vsync (24.7 kHz d)
Jan 14 17:56:46 HOSTNAME /usr/lib/gdm3/gdm-x-session[1803]: (II) modeset(0): Modeline "684x384"x119.8   42.62  684 720 788 892  384 385 390 399 doublescan -hsync +vsync (47.8 kHz d)
Jan 14 17:56:46 HOSTNAME /usr/lib/gdm3/gdm-x-session[1803]: (II) modeset(0): Modeline "684x384"x119.7   36.12  684 708 724 764  384 385 390 395 doublescan +hsync -vsync (47.3 kHz d)
Jan 14 17:56:46 HOSTNAME /usr/lib/gdm3/gdm-x-session[1803]: (II) modeset(0): Modeline "680x384"x119.6   42.38  680 716 784 888  384 385 390 399 doublescan -hsync +vsync (47.7 kHz d)
Jan 14 17:56:46 HOSTNAME /usr/lib/gdm3/gdm-x-session[1803]: (II) modeset(0): Modeline "680x384"x119.9   36.00  680 704 720 760  384 385 390 395 doublescan +hsync -vsync (47.4 kHz d)
Jan 14 17:56:46 HOSTNAME /usr/lib/gdm3/gdm-x-session[1803]: (II) modeset(0): Modeline "640x400"x119.8   41.75  640 676 740 840  400 401 404 415 doublescan -hsync +vsync (49.7 kHz d)
Jan 14 17:56:46 HOSTNAME /usr/lib/gdm3/gdm-x-session[1803]: (II) modeset(0): Modeline "640x400"x120.0   35.50  640 664 680 720  400 401 404 411 doublescan +hsync -vsync (49.3 kHz d)
Jan 14 17:56:46 HOSTNAME /usr/lib/gdm3/gdm-x-session[1803]: (II) modeset(0): Modeline "576x432"x120.1   40.81  576 608 668 760  432 432 434 447 doublescan -hsync +vsync (53.7 kHz d)
Jan 14 17:56:46 HOSTNAME /usr/lib/gdm3/gdm-x-session[1803]: (II) modeset(0): Modeline "640x360"x119.7   37.25  640 672 736 832  360 361 364 374 doublescan -hsync +vsync (44.8 kHz d)
Jan 14 17:56:46 HOSTNAME /usr/lib/gdm3/gdm-x-session[1803]: (II) modeset(0): Modeline "640x360"x119.7   31.88  640 664 680 720  360 361 364 370 doublescan +hsync -vsync (44.3 kHz d)
Jan 14 17:56:46 HOSTNAME /usr/lib/gdm3/gdm-x-session[1803]: (II) modeset(0): Modeline "640x360"x59.8   18.00  640 664 720 800  360 363 368 376 -hsync +vsync (22.5 kHz d)
Jan 14 17:56:46 HOSTNAME /usr/lib/gdm3/gdm-x-session[1803]: (II) modeset(0): Modeline "640x360"x59.3   17.75  640 688 720 800  360 363 368 374 +hsync -vsync (22.2 kHz d)
Jan 14 17:56:46 HOSTNAME /usr/lib/gdm3/gdm-x-session[1803]: (II) modeset(0): Modeline "512x384"x120.0   32.50  512 524 592 672  384 385 388 403 doublescan -hsync -vsync (48.4 kHz d)
Jan 14 17:56:46 HOSTNAME /usr/lib/gdm3/gdm-x-session[1803]: (II) modeset(0): Modeline "512x288"x120.0   23.25  512 532 580 648  288 289 292 299 doublescan -hsync +vsync (35.9 kHz d)
Jan 14 17:56:46 HOSTNAME /usr/lib/gdm3/gdm-x-session[1803]: (II) modeset(0): Modeline "512x288"x119.8   21.00  512 536 552 592  288 289 292 296 doublescan +hsync -vsync (35.5 kHz d)
Jan 14 17:56:46 HOSTNAME /usr/lib/gdm3/gdm-x-session[1803]: (II) modeset(0): Modeline "480x270"x119.3   20.38  480 496 544 608  270 271 274 281 doublescan -hsync +vsync (33.5 kHz d)
Jan 14 17:56:46 HOSTNAME /usr/lib/gdm3/gdm-x-session[1803]: (II) modeset(0): Modeline "480x270"x119.6   18.62  480 504 520 560  270 271 274 278 doublescan +hsync -vsync (33.3 kHz d)
Jan 14 17:56:46 HOSTNAME /usr/lib/gdm3/gdm-x-session[1803]: (II) modeset(0): Modeline "400x300"x120.6   20.00  400 420 484 528  300 300 302 314 doublescan +hsync +vsync (37.9 kHz d)
Jan 14 17:56:46 HOSTNAME /usr/lib/gdm3/gdm-x-session[1803]: (II) modeset(0): Modeline "400x300"x112.7   18.00  400 412 448 512  300 300 301 312 doublescan +hsync +vsync (35.2 kHz d)
Jan 14 17:56:46 HOSTNAME /usr/lib/gdm3/gdm-x-session[1803]: (II) modeset(0): Modeline "432x243"x119.8   16.25  432 444 484 536  243 244 247 253 doublescan -hsync +vsync (30.3 kHz d)
Jan 14 17:56:46 HOSTNAME /usr/lib/gdm3/gdm-x-session[1803]: (II) modeset(0): Modeline "432x243"x119.1   15.25  432 456 472 512  243 244 247 250 doublescan +hsync -vsync (29.8 kHz d)
Jan 14 17:56:46 HOSTNAME /usr/lib/gdm3/gdm-x-session[1803]: (II) modeset(0): Modeline "320x240"x120.1   12.59  320 328 376 400  240 245 246 262 doublescan -hsync -vsync (31.5 kHz d)
Jan 14 17:56:46 HOSTNAME /usr/lib/gdm3/gdm-x-session[1803]: (II) modeset(0): Modeline "360x202"x119.0   11.25  360 372 404 448  202 204 206 211 doublescan -hsync +vsync (25.1 kHz d)
Jan 14 17:56:46 HOSTNAME /usr/lib/gdm3/gdm-x-session[1803]: (II) modeset(0): Modeline "360x202"x118.3   10.88  360 384 400 440  202 204 206 209 doublescan +hsync -vsync (24.7 kHz d)
Jan 14 17:56:46 HOSTNAME /usr/lib/gdm3/gdm-x-session[1803]: (II) modeset(0): Modeline "320x180"x119.7    9.00  320 332 360 400  180 181 184 188 doublescan -hsync +vsync (22.5 kHz d)
Jan 14 17:56:46 HOSTNAME /usr/lib/gdm3/gdm-x-session[1803]: (II) modeset(0): Modeline "320x180"x118.6    8.88  320 344 360 400  180 181 184 187 doublescan +hsync -vsync (22.2 kHz d)
Jan 14 17:56:46 HOSTNAME /usr/lib/gdm3/gdm-x-session[1803]: (II) modeset(0): EDID for output DP-1
Jan 14 17:56:46 HOSTNAME /usr/lib/gdm3/gdm-x-session[1803]: (II) modeset(0): EDID for output HDMI-1
Jan 14 17:56:46 HOSTNAME /usr/lib/gdm3/gdm-x-session[1803]: (II) modeset(0): EDID for output DP-2
Jan 14 17:56:46 HOSTNAME /usr/lib/gdm3/gdm-x-session[1803]: (II) modeset(0): EDID for output HDMI-2
Jan 14 17:56:46 HOSTNAME /usr/lib/gdm3/gdm-x-session[1803]: (II) modeset(0): Output eDP-1 connected
Jan 14 17:56:46 HOSTNAME /usr/lib/gdm3/gdm-x-session[1803]: (II) modeset(0): Output DP-1 disconnected
Jan 14 17:56:46 HOSTNAME /usr/lib/gdm3/gdm-x-session[1803]: (II) modeset(0): Output HDMI-1 disconnected
Jan 14 17:56:46 HOSTNAME /usr/lib/gdm3/gdm-x-session[1803]: (II) modeset(0): Output DP-2 disconnected
Jan 14 17:56:46 HOSTNAME /usr/lib/gdm3/gdm-x-session[1803]: (II) modeset(0): Output HDMI-2 disconnected
Jan 14 17:56:46 HOSTNAME /usr/lib/gdm3/gdm-x-session[1803]: (II) modeset(0): Using exact sizes for initial modes
Jan 14 17:56:46 HOSTNAME /usr/lib/gdm3/gdm-x-session[1803]: (II) modeset(0): Output eDP-1 using initial mode 1920x1080 +0+0
Jan 14 17:56:46 HOSTNAME /usr/lib/gdm3/gdm-x-session[1803]: (==) modeset(0): Using gamma correction (1.0, 1.0, 1.0)
Jan 14 17:56:46 HOSTNAME /usr/lib/gdm3/gdm-x-session[1803]: (==) modeset(0): DPI set to (96, 96)
Jan 14 17:56:46 HOSTNAME /usr/lib/gdm3/gdm-x-session[1803]: (II) Loading sub module "fb"
Jan 14 17:56:46 HOSTNAME /usr/lib/gdm3/gdm-x-session[1803]: (II) LoadModule: "fb"
Jan 14 17:56:46 HOSTNAME /usr/lib/gdm3/gdm-x-session[1803]: (II) Loading /usr/lib/xorg/modules/libfb.so
Jan 14 17:56:46 HOSTNAME /usr/lib/gdm3/gdm-x-session[1803]: (II) Module fb: vendor="X.Org Foundation"
Jan 14 17:56:46 HOSTNAME /usr/lib/gdm3/gdm-x-session[1803]:         compiled for 1.20.9, module version = 1.0.0
Jan 14 17:56:46 HOSTNAME /usr/lib/gdm3/gdm-x-session[1803]:         ABI class: X.Org ANSI C Emulation, version 0.4
Jan 14 17:56:46 HOSTNAME /usr/lib/gdm3/gdm-x-session[1803]: (II) UnloadModule: "fbdev"
Jan 14 17:56:46 HOSTNAME /usr/lib/gdm3/gdm-x-session[1803]: (II) Unloading fbdev
Jan 14 17:56:46 HOSTNAME /usr/lib/gdm3/gdm-x-session[1803]: (II) UnloadSubModule: "fbdevhw"
Jan 14 17:56:46 HOSTNAME /usr/lib/gdm3/gdm-x-session[1803]: (II) Unloading fbdevhw
Jan 14 17:56:46 HOSTNAME /usr/lib/gdm3/gdm-x-session[1803]: (II) UnloadModule: "vesa"
Jan 14 17:56:46 HOSTNAME /usr/lib/gdm3/gdm-x-session[1803]: (II) Unloading vesa
Jan 14 17:56:46 HOSTNAME /usr/lib/gdm3/gdm-x-session[1803]: (==) modeset(0): Backing store enabled
Jan 14 17:56:46 HOSTNAME /usr/lib/gdm3/gdm-x-session[1803]: (==) modeset(0): Silken mouse enabled
Jan 14 17:56:46 HOSTNAME /usr/lib/gdm3/gdm-x-session[1803]: (II) modeset(0): Initializing kms color map for depth 24, 8 bpc.
Jan 14 17:56:46 HOSTNAME /usr/lib/gdm3/gdm-x-session[1803]: (==) modeset(0): DPMS enabled
Jan 14 17:56:46 HOSTNAME /usr/lib/gdm3/gdm-x-session[1803]: (II) modeset(0): [DRI2] Setup complete
Jan 14 17:56:46 HOSTNAME /usr/lib/gdm3/gdm-x-session[1803]: (II) modeset(0): [DRI2]   DRI driver: iris
Jan 14 17:56:46 HOSTNAME /usr/lib/gdm3/gdm-x-session[1803]: (II) modeset(0): [DRI2]   VDPAU driver: va_gl
Jan 14 17:56:46 HOSTNAME /usr/lib/gdm3/gdm-x-session[1803]: (II) Initializing extension Generic Event Extension
Jan 14 17:56:46 HOSTNAME /usr/lib/gdm3/gdm-x-session[1803]: (II) Initializing extension SHAPE
Jan 14 17:56:46 HOSTNAME /usr/lib/gdm3/gdm-x-session[1803]: (II) Initializing extension MIT-SHM
Jan 14 17:56:46 HOSTNAME /usr/lib/gdm3/gdm-x-session[1803]: (II) Initializing extension XInputExtension
Jan 14 17:56:46 HOSTNAME /usr/lib/gdm3/gdm-x-session[1803]: (II) Initializing extension XTEST
Jan 14 17:56:46 HOSTNAME /usr/lib/gdm3/gdm-x-session[1803]: (II) Initializing extension BIG-REQUESTS
Jan 14 17:56:46 HOSTNAME /usr/lib/gdm3/gdm-x-session[1803]: (II) Initializing extension SYNC
Jan 14 17:56:46 HOSTNAME /usr/lib/gdm3/gdm-x-session[1803]: (II) Initializing extension XKEYBOARD
Jan 14 17:56:46 HOSTNAME /usr/lib/gdm3/gdm-x-session[1803]: (II) Initializing extension XC-MISC
Jan 14 17:56:46 HOSTNAME /usr/lib/gdm3/gdm-x-session[1803]: (II) Initializing extension SECURITY
Jan 14 17:56:46 HOSTNAME /usr/lib/gdm3/gdm-x-session[1803]: (II) Initializing extension XFIXES
Jan 14 17:56:46 HOSTNAME /usr/lib/gdm3/gdm-x-session[1803]: (II) Initializing extension RENDER
Jan 14 17:56:46 HOSTNAME /usr/lib/gdm3/gdm-x-session[1803]: (II) Initializing extension RANDR
Jan 14 17:56:46 HOSTNAME /usr/lib/gdm3/gdm-x-session[1803]: (II) Initializing extension COMPOSITE
Jan 14 17:56:46 HOSTNAME /usr/lib/gdm3/gdm-x-session[1803]: (II) Initializing extension DAMAGE
Jan 14 17:56:46 HOSTNAME /usr/lib/gdm3/gdm-x-session[1803]: (II) Initializing extension MIT-SCREEN-SAVER
Jan 14 17:56:46 HOSTNAME /usr/lib/gdm3/gdm-x-session[1803]: (II) Initializing extension DOUBLE-BUFFER
Jan 14 17:56:46 HOSTNAME /usr/lib/gdm3/gdm-x-session[1803]: (II) Initializing extension RECORD
Jan 14 17:56:46 HOSTNAME /usr/lib/gdm3/gdm-x-session[1803]: (II) Initializing extension DPMS
Jan 14 17:56:46 HOSTNAME /usr/lib/gdm3/gdm-x-session[1803]: (II) Initializing extension Present
Jan 14 17:56:46 HOSTNAME /usr/lib/gdm3/gdm-x-session[1803]: (II) Initializing extension DRI3
Jan 14 17:56:46 HOSTNAME /usr/lib/gdm3/gdm-x-session[1803]: (II) Initializing extension X-Resource
Jan 14 17:56:46 HOSTNAME /usr/lib/gdm3/gdm-x-session[1803]: (II) Initializing extension XVideo
Jan 14 17:56:46 HOSTNAME /usr/lib/gdm3/gdm-x-session[1803]: (II) Initializing extension XVideo-MotionCompensation
Jan 14 17:56:46 HOSTNAME /usr/lib/gdm3/gdm-x-session[1803]: (II) Initializing extension SELinux
Jan 14 17:56:46 HOSTNAME /usr/lib/gdm3/gdm-x-session[1803]: (II) SELinux: Disabled on system
Jan 14 17:56:46 HOSTNAME /usr/lib/gdm3/gdm-x-session[1803]: (II) Initializing extension GLX
Jan 14 17:56:46 HOSTNAME /usr/lib/gdm3/gdm-x-session[1803]: (II) AIGLX: Loaded and initialized iris
Jan 14 17:56:46 HOSTNAME /usr/lib/gdm3/gdm-x-session[1803]: (II) GLX: Initialized DRI2 GL provider for screen 0
Jan 14 17:56:46 HOSTNAME /usr/lib/gdm3/gdm-x-session[1803]: (II) Initializing extension XFree86-VidModeExtension
Jan 14 17:56:46 HOSTNAME /usr/lib/gdm3/gdm-x-session[1803]: (II) Initializing extension XFree86-DGA
Jan 14 17:56:46 HOSTNAME /usr/lib/gdm3/gdm-x-session[1803]: (II) Initializing extension XFree86-DRI
Jan 14 17:56:46 HOSTNAME /usr/lib/gdm3/gdm-x-session[1803]: (II) Initializing extension DRI2
Jan 14 17:56:46 HOSTNAME /usr/lib/gdm3/gdm-x-session[1803]: (II) modeset(0): Damage tracking initialized
Jan 14 17:56:46 HOSTNAME /usr/lib/gdm3/gdm-x-session[1803]: (II) modeset(0): Setting screen physical size to 508 x 285
Jan 14 17:56:46 HOSTNAME /usr/lib/gdm3/gdm-x-session[1803]: (II) config/udev: Adding input device Power Button (/dev/input/event3)
Jan 14 17:56:46 HOSTNAME /usr/lib/gdm3/gdm-x-session[1803]: (**) Power Button: Applying InputClass "libinput keyboard catchall"
Jan 14 17:56:46 HOSTNAME /usr/lib/gdm3/gdm-x-session[1803]: (II) LoadModule: "libinput"
Jan 14 17:56:46 HOSTNAME /usr/lib/gdm3/gdm-x-session[1803]: (II) Loading /usr/lib/xorg/modules/input/libinput_drv.so
Jan 14 17:56:46 HOSTNAME /usr/lib/gdm3/gdm-x-session[1803]: (II) Module libinput: vendor="X.Org Foundation"
Jan 14 17:56:46 HOSTNAME /usr/lib/gdm3/gdm-x-session[1803]:         compiled for 1.20.4, module version = 0.29.0
Jan 14 17:56:46 HOSTNAME /usr/lib/gdm3/gdm-x-session[1803]:         Module class: X.Org XInput Driver
Jan 14 17:56:46 HOSTNAME /usr/lib/gdm3/gdm-x-session[1803]:         ABI class: X.Org XInput driver, version 24.1
Jan 14 17:56:46 HOSTNAME /usr/lib/gdm3/gdm-x-session[1803]: (II) Using input driver 'libinput' for 'Power Button'
Jan 14 17:56:46 HOSTNAME /usr/lib/gdm3/gdm-x-session[1803]: (II) systemd-logind: got fd for /dev/input/event3 13:67 fd 26 paused 0
Jan 14 17:56:46 HOSTNAME /usr/lib/gdm3/gdm-x-session[1803]: (**) Power Button: always reports core events
Jan 14 17:56:46 HOSTNAME /usr/lib/gdm3/gdm-x-session[1803]: (**) Option "Device" "/dev/input/event3"
Jan 14 17:56:46 HOSTNAME /usr/lib/gdm3/gdm-x-session[1803]: (**) Option "_source" "server/udev"
Jan 14 17:56:46 HOSTNAME /usr/lib/gdm3/gdm-x-session[1803]: (II) event3  - Power Button: is tagged by udev as: Keyboard
Jan 14 17:56:46 HOSTNAME /usr/lib/gdm3/gdm-x-session[1803]: (II) event3  - Power Button: device is a keyboard
Jan 14 17:56:46 HOSTNAME /usr/lib/gdm3/gdm-x-session[1803]: (II) event3  - Power Button: device removed
Jan 14 17:56:46 HOSTNAME /usr/lib/gdm3/gdm-x-session[1803]: (**) Option "config_info" "udev:/sys/devices/LNXSYSTM:00/LNXPWRBN:00/input/input3/event3"
Jan 14 17:56:46 HOSTNAME /usr/lib/gdm3/gdm-x-session[1803]: (II) XINPUT: Adding extended input device "Power Button" (type: KEYBOARD, id 6)
Jan 14 17:56:46 HOSTNAME /usr/lib/gdm3/gdm-x-session[1803]: (**) Option "xkb_model" "pc105"
Jan 14 17:56:46 HOSTNAME /usr/lib/gdm3/gdm-x-session[1803]: (**) Option "xkb_layout" "de"
Jan 14 17:56:46 HOSTNAME /usr/lib/gdm3/gdm-x-session[1803]: (**) Option "xkb_variant" "nodeadkeys"
Jan 14 17:56:46 HOSTNAME /usr/lib/gdm3/gdm-x-session[1803]: (II) event3  - Power Button: is tagged by udev as: Keyboard
Jan 14 17:56:46 HOSTNAME /usr/lib/gdm3/gdm-x-session[1803]: (II) event3  - Power Button: device is a keyboard
Jan 14 17:56:46 HOSTNAME /usr/lib/gdm3/gdm-x-session[1803]: (II) config/udev: Adding input device Video Bus (/dev/input/event9)
Jan 14 17:56:46 HOSTNAME /usr/lib/gdm3/gdm-x-session[1803]: (**) Video Bus: Applying InputClass "libinput keyboard catchall"
Jan 14 17:56:46 HOSTNAME /usr/lib/gdm3/gdm-x-session[1803]: (II) Using input driver 'libinput' for 'Video Bus'
Jan 14 17:56:46 HOSTNAME /usr/lib/gdm3/gdm-x-session[1803]: (II) systemd-logind: got fd for /dev/input/event9 13:73 fd 29 paused 0
Jan 14 17:56:46 HOSTNAME /usr/lib/gdm3/gdm-x-session[1803]: (**) Video Bus: always reports core events
Jan 14 17:56:46 HOSTNAME /usr/lib/gdm3/gdm-x-session[1803]: (**) Option "Device" "/dev/input/event9"
Jan 14 17:56:46 HOSTNAME /usr/lib/gdm3/gdm-x-session[1803]: (**) Option "_source" "server/udev"
Jan 14 17:56:46 HOSTNAME /usr/lib/gdm3/gdm-x-session[1803]: (II) event9  - Video Bus: is tagged by udev as: Keyboard
Jan 14 17:56:46 HOSTNAME /usr/lib/gdm3/gdm-x-session[1803]: (II) event9  - Video Bus: device is a keyboard
Jan 14 17:56:46 HOSTNAME /usr/lib/gdm3/gdm-x-session[1803]: (II) event9  - Video Bus: device removed
Jan 14 17:56:46 HOSTNAME /usr/lib/gdm3/gdm-x-session[1803]: (**) Option "config_info" "udev:/sys/devices/LNXSYSTM:00/LNXSYBUS:00/PNP0A08:00/LNXVIDEO:00/input/input16/event9"
Jan 14 17:56:46 HOSTNAME /usr/lib/gdm3/gdm-x-session[1803]: (II) XINPUT: Adding extended input device "Video Bus" (type: KEYBOARD, id 7)
Jan 14 17:56:46 HOSTNAME /usr/lib/gdm3/gdm-x-session[1803]: (**) Option "xkb_model" "pc105"
Jan 14 17:56:46 HOSTNAME /usr/lib/gdm3/gdm-x-session[1803]: (**) Option "xkb_layout" "de"
Jan 14 17:56:46 HOSTNAME /usr/lib/gdm3/gdm-x-session[1803]: (**) Option "xkb_variant" "nodeadkeys"
Jan 14 17:56:46 HOSTNAME /usr/lib/gdm3/gdm-x-session[1803]: (II) event9  - Video Bus: is tagged by udev as: Keyboard
Jan 14 17:56:46 HOSTNAME /usr/lib/gdm3/gdm-x-session[1803]: (II) event9  - Video Bus: device is a keyboard
Jan 14 17:56:46 HOSTNAME /usr/lib/gdm3/gdm-x-session[1803]: (II) config/udev: Adding input device Power Button (/dev/input/event2)
Jan 14 17:56:46 HOSTNAME /usr/lib/gdm3/gdm-x-session[1803]: (**) Power Button: Applying InputClass "libinput keyboard catchall"
Jan 14 17:56:46 HOSTNAME /usr/lib/gdm3/gdm-x-session[1803]: (II) Using input driver 'libinput' for 'Power Button'
Jan 14 17:56:46 HOSTNAME /usr/lib/gdm3/gdm-x-session[1803]: (II) systemd-logind: got fd for /dev/input/event2 13:66 fd 30 paused 0
Jan 14 17:56:46 HOSTNAME /usr/lib/gdm3/gdm-x-session[1803]: (**) Power Button: always reports core events
Jan 14 17:56:46 HOSTNAME /usr/lib/gdm3/gdm-x-session[1803]: (**) Option "Device" "/dev/input/event2"
Jan 14 17:56:46 HOSTNAME /usr/lib/gdm3/gdm-x-session[1803]: (**) Option "_source" "server/udev"
Jan 14 17:56:46 HOSTNAME /usr/lib/gdm3/gdm-x-session[1803]: (II) event2  - Power Button: is tagged by udev as: Keyboard
Jan 14 17:56:46 HOSTNAME /usr/lib/gdm3/gdm-x-session[1803]: (II) event2  - Power Button: device is a keyboard
Jan 14 17:56:46 HOSTNAME /usr/lib/gdm3/gdm-x-session[1803]: (II) event2  - Power Button: device removed
Jan 14 17:56:46 HOSTNAME /usr/lib/gdm3/gdm-x-session[1803]: (**) Option "config_info" "udev:/sys/devices/LNXSYSTM:00/LNXSYBUS:00/PNP0C0C:00/input/input2/event2"
Jan 14 17:56:46 HOSTNAME /usr/lib/gdm3/gdm-x-session[1803]: (II) XINPUT: Adding extended input device "Power Button" (type: KEYBOARD, id 8)
Jan 14 17:56:46 HOSTNAME /usr/lib/gdm3/gdm-x-session[1803]: (**) Option "xkb_model" "pc105"
Jan 14 17:56:46 HOSTNAME /usr/lib/gdm3/gdm-x-session[1803]: (**) Option "xkb_layout" "de"
Jan 14 17:56:46 HOSTNAME /usr/lib/gdm3/gdm-x-session[1803]: (**) Option "xkb_variant" "nodeadkeys"
Jan 14 17:56:46 HOSTNAME /usr/lib/gdm3/gdm-x-session[1803]: (II) event2  - Power Button: is tagged by udev as: Keyboard
Jan 14 17:56:46 HOSTNAME /usr/lib/gdm3/gdm-x-session[1803]: (II) event2  - Power Button: device is a keyboard
Jan 14 17:56:46 HOSTNAME /usr/lib/gdm3/gdm-x-session[1803]: (II) config/udev: Adding input device Lid Switch (/dev/input/event1)
Jan 14 17:56:46 HOSTNAME /usr/lib/gdm3/gdm-x-session[1803]: (II) No input driver specified, ignoring this device.
Jan 14 17:56:46 HOSTNAME /usr/lib/gdm3/gdm-x-session[1803]: (II) This device may have been added with another device file.
Jan 14 17:56:46 HOSTNAME /usr/lib/gdm3/gdm-x-session[1803]: (II) config/udev: Adding input device Sleep Button (/dev/input/event0)
Jan 14 17:56:46 HOSTNAME /usr/lib/gdm3/gdm-x-session[1803]: (**) Sleep Button: Applying InputClass "libinput keyboard catchall"
Jan 14 17:56:46 HOSTNAME /usr/lib/gdm3/gdm-x-session[1803]: (II) Using input driver 'libinput' for 'Sleep Button'
Jan 14 17:56:46 HOSTNAME /usr/lib/gdm3/gdm-x-session[1803]: (II) systemd-logind: got fd for /dev/input/event0 13:64 fd 31 paused 0
Jan 14 17:56:46 HOSTNAME /usr/lib/gdm3/gdm-x-session[1803]: (**) Sleep Button: always reports core events
Jan 14 17:56:46 HOSTNAME /usr/lib/gdm3/gdm-x-session[1803]: (**) Option "Device" "/dev/input/event0"
Jan 14 17:56:46 HOSTNAME /usr/lib/gdm3/gdm-x-session[1803]: (**) Option "_source" "server/udev"
Jan 14 17:56:46 HOSTNAME /usr/lib/gdm3/gdm-x-session[1803]: (II) event0  - Sleep Button: is tagged by udev as: Keyboard
Jan 14 17:56:46 HOSTNAME /usr/lib/gdm3/gdm-x-session[1803]: (II) event0  - Sleep Button: device is a keyboard
Jan 14 17:56:46 HOSTNAME /usr/lib/gdm3/gdm-x-session[1803]: (II) event0  - Sleep Button: device removed
Jan 14 17:56:46 HOSTNAME /usr/lib/gdm3/gdm-x-session[1803]: (**) Option "config_info" "udev:/sys/devices/LNXSYSTM:00/LNXSYBUS:00/PNP0C0E:00/input/input0/event0"
Jan 14 17:56:46 HOSTNAME /usr/lib/gdm3/gdm-x-session[1803]: (II) XINPUT: Adding extended input device "Sleep Button" (type: KEYBOARD, id 9)
Jan 14 17:56:46 HOSTNAME /usr/lib/gdm3/gdm-x-session[1803]: (**) Option "xkb_model" "pc105"
Jan 14 17:56:46 HOSTNAME /usr/lib/gdm3/gdm-x-session[1803]: (**) Option "xkb_layout" "de"
Jan 14 17:56:46 HOSTNAME /usr/lib/gdm3/gdm-x-session[1803]: (**) Option "xkb_variant" "nodeadkeys"
Jan 14 17:56:46 HOSTNAME /usr/lib/gdm3/gdm-x-session[1803]: (II) event0  - Sleep Button: is tagged by udev as: Keyboard
Jan 14 17:56:46 HOSTNAME /usr/lib/gdm3/gdm-x-session[1803]: (II) event0  - Sleep Button: device is a keyboard
Jan 14 17:56:46 HOSTNAME /usr/lib/gdm3/gdm-x-session[1803]: (II) config/udev: Adding input device HP HD Camera: HP HD Camera (/dev/input/event6)
Jan 14 17:56:46 HOSTNAME /usr/lib/gdm3/gdm-x-session[1803]: (**) HP HD Camera: HP HD Camera: Applying InputClass "libinput keyboard catchall"
Jan 14 17:56:46 HOSTNAME /usr/lib/gdm3/gdm-x-session[1803]: (II) Using input driver 'libinput' for 'HP HD Camera: HP HD Camera'
Jan 14 17:56:46 HOSTNAME /usr/lib/gdm3/gdm-x-session[1803]: (II) systemd-logind: got fd for /dev/input/event6 13:70 fd 32 paused 0
Jan 14 17:56:46 HOSTNAME /usr/lib/gdm3/gdm-x-session[1803]: (**) HP HD Camera: HP HD Camera: always reports core events
Jan 14 17:56:46 HOSTNAME /usr/lib/gdm3/gdm-x-session[1803]: (**) Option "Device" "/dev/input/event6"
Jan 14 17:56:46 HOSTNAME /usr/lib/gdm3/gdm-x-session[1803]: (**) Option "_source" "server/udev"
Jan 14 17:56:46 HOSTNAME /usr/lib/gdm3/gdm-x-session[1803]: (II) event6  - HP HD Camera: HP HD Camera: is tagged by udev as: Keyboard
Jan 14 17:56:46 HOSTNAME /usr/lib/gdm3/gdm-x-session[1803]: (II) event6  - HP HD Camera: HP HD Camera: device is a keyboard
Jan 14 17:56:46 HOSTNAME /usr/lib/gdm3/gdm-x-session[1803]: (II) event6  - HP HD Camera: HP HD Camera: device removed
Jan 14 17:56:46 HOSTNAME /usr/lib/gdm3/gdm-x-session[1803]: (**) Option "config_info" "udev:/sys/devices/pci0000:00/0000:00:14.0/usb1/1-2/1-2:1.0/input/input21/event6"
Jan 14 17:56:46 HOSTNAME /usr/lib/gdm3/gdm-x-session[1803]: (II) XINPUT: Adding extended input device "HP HD Camera: HP HD Camera" (type: KEYBOARD, id 10)
Jan 14 17:56:46 HOSTNAME /usr/lib/gdm3/gdm-x-session[1803]: (**) Option "xkb_model" "pc105"
Jan 14 17:56:46 HOSTNAME /usr/lib/gdm3/gdm-x-session[1803]: (**) Option "xkb_layout" "de"
Jan 14 17:56:46 HOSTNAME /usr/lib/gdm3/gdm-x-session[1803]: (**) Option "xkb_variant" "nodeadkeys"
Jan 14 17:56:46 HOSTNAME /usr/lib/gdm3/gdm-x-session[1803]: (II) event6  - HP HD Camera: HP HD Camera: is tagged by udev as: Keyboard
Jan 14 17:56:46 HOSTNAME /usr/lib/gdm3/gdm-x-session[1803]: (II) event6  - HP HD Camera: HP HD Camera: device is a keyboard
Jan 14 17:56:46 HOSTNAME /usr/lib/gdm3/gdm-x-session[1803]: (II) config/udev: Adding input device HP HD Camera: HP IR Camera (/dev/input/event13)
Jan 14 17:56:46 HOSTNAME /usr/lib/gdm3/gdm-x-session[1803]: (**) HP HD Camera: HP IR Camera: Applying InputClass "libinput keyboard catchall"
Jan 14 17:56:46 HOSTNAME /usr/lib/gdm3/gdm-x-session[1803]: (II) Using input driver 'libinput' for 'HP HD Camera: HP IR Camera'
Jan 14 17:56:46 HOSTNAME /usr/lib/gdm3/gdm-x-session[1803]: (II) systemd-logind: got fd for /dev/input/event13 13:77 fd 33 paused 0
Jan 14 17:56:46 HOSTNAME /usr/lib/gdm3/gdm-x-session[1803]: (**) HP HD Camera: HP IR Camera: always reports core events
Jan 14 17:56:46 HOSTNAME /usr/lib/gdm3/gdm-x-session[1803]: (**) Option "Device" "/dev/input/event13"
Jan 14 17:56:46 HOSTNAME /usr/lib/gdm3/gdm-x-session[1803]: (**) Option "_source" "server/udev"
Jan 14 17:56:46 HOSTNAME /usr/lib/gdm3/gdm-x-session[1803]: (II) event13 - HP HD Camera: HP IR Camera: is tagged by udev as: Keyboard
Jan 14 17:56:46 HOSTNAME /usr/lib/gdm3/gdm-x-session[1803]: (II) event13 - HP HD Camera: HP IR Camera: device is a keyboard
Jan 14 17:56:46 HOSTNAME /usr/lib/gdm3/gdm-x-session[1803]: (II) event13 - HP HD Camera: HP IR Camera: device removed
Jan 14 17:56:46 HOSTNAME /usr/lib/gdm3/gdm-x-session[1803]: (**) Option "config_info" "udev:/sys/devices/pci0000:00/0000:00:14.0/usb1/1-2/1-2:1.2/input/input22/event13"
Jan 14 17:56:46 HOSTNAME /usr/lib/gdm3/gdm-x-session[1803]: (II) XINPUT: Adding extended input device "HP HD Camera: HP IR Camera" (type: KEYBOARD, id 11)
Jan 14 17:56:46 HOSTNAME /usr/lib/gdm3/gdm-x-session[1803]: (**) Option "xkb_model" "pc105"
Jan 14 17:56:46 HOSTNAME /usr/lib/gdm3/gdm-x-session[1803]: (**) Option "xkb_layout" "de"
Jan 14 17:56:46 HOSTNAME /usr/lib/gdm3/gdm-x-session[1803]: (**) Option "xkb_variant" "nodeadkeys"
Jan 14 17:56:46 HOSTNAME /usr/lib/gdm3/gdm-x-session[1803]: (II) event13 - HP HD Camera: HP IR Camera: is tagged by udev as: Keyboard
Jan 14 17:56:46 HOSTNAME /usr/lib/gdm3/gdm-x-session[1803]: (II) event13 - HP HD Camera: HP IR Camera: device is a keyboard
Jan 14 17:56:46 HOSTNAME /usr/lib/gdm3/gdm-x-session[1803]: (II) config/udev: Adding input device SYNA30B7:00 06CB:CE19 Mouse (/dev/input/event14)
Jan 14 17:56:46 HOSTNAME /usr/lib/gdm3/gdm-x-session[1803]: (**) SYNA30B7:00 06CB:CE19 Mouse: Applying InputClass "libinput pointer catchall"
Jan 14 17:56:46 HOSTNAME /usr/lib/gdm3/gdm-x-session[1803]: (II) Using input driver 'libinput' for 'SYNA30B7:00 06CB:CE19 Mouse'
Jan 14 17:56:46 HOSTNAME /usr/lib/gdm3/gdm-x-session[1803]: (II) systemd-logind: got fd for /dev/input/event14 13:78 fd 34 paused 0
Jan 14 17:56:46 HOSTNAME /usr/lib/gdm3/gdm-x-session[1803]: (**) SYNA30B7:00 06CB:CE19 Mouse: always reports core events
Jan 14 17:56:46 HOSTNAME /usr/lib/gdm3/gdm-x-session[1803]: (**) Option "Device" "/dev/input/event14"
Jan 14 17:56:46 HOSTNAME /usr/lib/gdm3/gdm-x-session[1803]: (**) Option "_source" "server/udev"
Jan 14 17:56:46 HOSTNAME /usr/lib/gdm3/gdm-x-session[1803]: (II) event14 - SYNA30B7:00 06CB:CE19 Mouse: is tagged by udev as: Mouse Pointingstick
Jan 14 17:56:46 HOSTNAME /usr/lib/gdm3/gdm-x-session[1803]: (II) event14 - SYNA30B7:00 06CB:CE19 Mouse: device is a pointer
Jan 14 17:56:46 HOSTNAME /usr/lib/gdm3/gdm-x-session[1803]: (II) event14 - SYNA30B7:00 06CB:CE19 Mouse: device removed
Jan 14 17:56:46 HOSTNAME /usr/lib/gdm3/gdm-x-session[1803]: (**) Option "config_info" "udev:/sys/devices/pci0000:00/0000:00:15.0/i2c_designware.0/i2c-1/i2c-SYNA30B7:00/0018:06CB:CE19.0001/input/input23/event14"
Jan 14 17:56:46 HOSTNAME /usr/lib/gdm3/gdm-x-session[1803]: (II) XINPUT: Adding extended input device "SYNA30B7:00 06CB:CE19 Mouse" (type: MOUSE, id 12)
Jan 14 17:56:46 HOSTNAME /usr/lib/gdm3/gdm-x-session[1803]: (**) Option "AccelerationScheme" "none"
Jan 14 17:56:46 HOSTNAME /usr/lib/gdm3/gdm-x-session[1803]: (**) SYNA30B7:00 06CB:CE19 Mouse: (accel) selected scheme none/0
Jan 14 17:56:46 HOSTNAME /usr/lib/gdm3/gdm-x-session[1803]: (**) SYNA30B7:00 06CB:CE19 Mouse: (accel) acceleration factor: 2.000
Jan 14 17:56:46 HOSTNAME /usr/lib/gdm3/gdm-x-session[1803]: (**) SYNA30B7:00 06CB:CE19 Mouse: (accel) acceleration threshold: 4
Jan 14 17:56:46 HOSTNAME /usr/lib/gdm3/gdm-x-session[1803]: (II) event14 - SYNA30B7:00 06CB:CE19 Mouse: is tagged by udev as: Mouse Pointingstick
Jan 14 17:56:46 HOSTNAME /usr/lib/gdm3/gdm-x-session[1803]: (II) event14 - SYNA30B7:00 06CB:CE19 Mouse: device is a pointer
Jan 14 17:56:46 HOSTNAME /usr/lib/gdm3/gdm-x-session[1803]: (II) config/udev: Adding input device SYNA30B7:00 06CB:CE19 Mouse (/dev/input/mouse0)
Jan 14 17:56:46 HOSTNAME /usr/lib/gdm3/gdm-x-session[1803]: (II) No input driver specified, ignoring this device.
Jan 14 17:56:46 HOSTNAME /usr/lib/gdm3/gdm-x-session[1803]: (II) This device may have been added with another device file.
Jan 14 17:56:46 HOSTNAME /usr/lib/gdm3/gdm-x-session[1803]: (II) config/udev: Adding input device SYNA30B7:00 06CB:CE19 Touchpad (/dev/input/event15)
Jan 14 17:56:46 HOSTNAME /usr/lib/gdm3/gdm-x-session[1803]: (**) SYNA30B7:00 06CB:CE19 Touchpad: Applying InputClass "libinput touchpad catchall"
Jan 14 17:56:46 HOSTNAME /usr/lib/gdm3/gdm-x-session[1803]: (II) Using input driver 'libinput' for 'SYNA30B7:00 06CB:CE19 Touchpad'
Jan 14 17:56:46 HOSTNAME /usr/lib/gdm3/gdm-x-session[1803]: (II) systemd-logind: got fd for /dev/input/event15 13:79 fd 35 paused 0
Jan 14 17:56:46 HOSTNAME /usr/lib/gdm3/gdm-x-session[1803]: (**) SYNA30B7:00 06CB:CE19 Touchpad: always reports core events
Jan 14 17:56:46 HOSTNAME /usr/lib/gdm3/gdm-x-session[1803]: (**) Option "Device" "/dev/input/event15"
Jan 14 17:56:46 HOSTNAME /usr/lib/gdm3/gdm-x-session[1803]: (**) Option "_source" "server/udev"
Jan 14 17:56:46 HOSTNAME /usr/lib/gdm3/gdm-x-session[1803]: (II) event15 - SYNA30B7:00 06CB:CE19 Touchpad: is tagged by udev as: Touchpad
Jan 14 17:56:46 HOSTNAME /usr/lib/gdm3/gdm-x-session[1803]: (II) event15 - SYNA30B7:00 06CB:CE19 Touchpad: device is a touchpad
Jan 14 17:56:46 HOSTNAME /usr/lib/gdm3/gdm-x-session[1803]: (II) event15 - SYNA30B7:00 06CB:CE19 Touchpad: device removed
Jan 14 17:56:46 HOSTNAME /usr/lib/gdm3/gdm-x-session[1803]: (**) Option "config_info" "udev:/sys/devices/pci0000:00/0000:00:15.0/i2c_designware.0/i2c-1/i2c-SYNA30B7:00/0018:06CB:CE19.0001/input/input24/event15"
Jan 14 17:56:46 HOSTNAME /usr/lib/gdm3/gdm-x-session[1803]: (II) XINPUT: Adding extended input device "SYNA30B7:00 06CB:CE19 Touchpad" (type: TOUCHPAD, id 13)
Jan 14 17:56:46 HOSTNAME /usr/lib/gdm3/gdm-x-session[1803]: (**) Option "AccelerationScheme" "none"
Jan 14 17:56:46 HOSTNAME /usr/lib/gdm3/gdm-x-session[1803]: (**) SYNA30B7:00 06CB:CE19 Touchpad: (accel) selected scheme none/0
Jan 14 17:56:46 HOSTNAME /usr/lib/gdm3/gdm-x-session[1803]: (**) SYNA30B7:00 06CB:CE19 Touchpad: (accel) acceleration factor: 2.000
Jan 14 17:56:46 HOSTNAME /usr/lib/gdm3/gdm-x-session[1803]: (**) SYNA30B7:00 06CB:CE19 Touchpad: (accel) acceleration threshold: 4
Jan 14 17:56:46 HOSTNAME /usr/lib/gdm3/gdm-x-session[1803]: (II) event15 - SYNA30B7:00 06CB:CE19 Touchpad: is tagged by udev as: Touchpad
Jan 14 17:56:46 HOSTNAME /usr/lib/gdm3/gdm-x-session[1803]: (II) event15 - SYNA30B7:00 06CB:CE19 Touchpad: device is a touchpad
Jan 14 17:56:46 HOSTNAME /usr/lib/gdm3/gdm-x-session[1803]: (II) config/udev: Adding input device SYNA30B7:00 06CB:CE19 Touchpad (/dev/input/mouse1)
Jan 14 17:56:46 HOSTNAME /usr/lib/gdm3/gdm-x-session[1803]: (II) No input driver specified, ignoring this device.
Jan 14 17:56:46 HOSTNAME /usr/lib/gdm3/gdm-x-session[1803]: (II) This device may have been added with another device file.
Jan 14 17:56:46 HOSTNAME /usr/lib/gdm3/gdm-x-session[1803]: (II) config/udev: Adding input device Wacom HID 4988 Pen (/dev/input/event7)
Jan 14 17:56:46 HOSTNAME /usr/lib/gdm3/gdm-x-session[1803]: (**) Wacom HID 4988 Pen: Applying InputClass "libinput tablet catchall"
Jan 14 17:56:46 HOSTNAME /usr/lib/gdm3/gdm-x-session[1803]: (**) Wacom HID 4988 Pen: Applying InputClass "Wacom USB tablet class"
Jan 14 17:56:46 HOSTNAME /usr/lib/gdm3/gdm-x-session[1803]: (**) Wacom HID 4988 Pen: Applying InputClass "Wacom tablet class"
Jan 14 17:56:46 HOSTNAME /usr/lib/gdm3/gdm-x-session[1803]: (II) LoadModule: "wacom"
Jan 14 17:56:46 HOSTNAME /usr/lib/gdm3/gdm-x-session[1803]: (II) Loading /usr/lib/xorg/modules/input/wacom_drv.so
Jan 14 17:56:46 HOSTNAME /usr/lib/gdm3/gdm-x-session[1803]: (II) Module wacom: vendor="X.Org Foundation"
Jan 14 17:56:46 HOSTNAME /usr/lib/gdm3/gdm-x-session[1803]:         compiled for 1.20.7, module version = 0.39.0
Jan 14 17:56:46 HOSTNAME /usr/lib/gdm3/gdm-x-session[1803]:         Module class: X.Org XInput Driver
Jan 14 17:56:46 HOSTNAME /usr/lib/gdm3/gdm-x-session[1803]:         ABI class: X.Org XInput driver, version 24.1
Jan 14 17:56:46 HOSTNAME /usr/lib/gdm3/gdm-x-session[1803]: (II) Build version: 0.39.0
Jan 14 17:56:46 HOSTNAME /usr/lib/gdm3/gdm-x-session[1803]: (II) wacom: Driver for Wacom graphics tablets: PenPartner, Graphire,
Jan 14 17:56:46 HOSTNAME /usr/lib/gdm3/gdm-x-session[1803]:         Graphire2 4x5, Graphire2 5x7, Graphire3 4x5, Graphire3 6x8,
Jan 14 17:56:46 HOSTNAME /usr/lib/gdm3/gdm-x-session[1803]:         Graphire4 4x5, Graphire4 6x8, BambooFun 4x5, BambooFun 6x8,
Jan 14 17:56:46 HOSTNAME /usr/lib/gdm3/gdm-x-session[1803]:         Bamboo1 Medium, Graphire4 6x8 BlueTooth, CTL-460, CTH-461, CTL-660,
Jan 14 17:56:46 HOSTNAME /usr/lib/gdm3/gdm-x-session[1803]:         CTL-461/S, Bamboo Touch, CTH-460/K, CTH-461/S, CTH-661/S1, CTH-461/L,
Jan 14 17:56:46 HOSTNAME /usr/lib/gdm3/gdm-x-session[1803]:         CTH-661/L, Intuos 4x5, Intuos 6x8, Intuos 9x12, Intuos 12x12,
Jan 14 17:56:46 HOSTNAME /usr/lib/gdm3/gdm-x-session[1803]:         Intuos 12x18, PTU600, PL400, PL500, PL600, PL600SX, PL550, PL800,
Jan 14 17:56:46 HOSTNAME /usr/lib/gdm3/gdm-x-session[1803]:         PL700, PL510, PL710, DTI520, DTF720, DTF720a, DTF521, DTU1931,
Jan 14 17:56:46 HOSTNAME /usr/lib/gdm3/gdm-x-session[1803]:         DTU2231, DTU1631, DTH1152, DTH1152, DTK2451, DTH2452, DTH2452,
Jan 14 17:56:46 HOSTNAME /usr/lib/gdm3/gdm-x-session[1803]:         Intuos2 4x5, Intuos2 6x8, Intuos2 9x12, Intuos2 12x12, Intuos2 12x18,
Jan 14 17:56:46 HOSTNAME /usr/lib/gdm3/gdm-x-session[1803]:         Intuos2 6x8 , Volito, PenStation, Volito2 4x5, Volito2 2x3,
Jan 14 17:56:46 HOSTNAME /usr/lib/gdm3/gdm-x-session[1803]:         PenPartner2, Bamboo, Bamboo1, Bamboo1 4x6, Bamboo1 5x8, Intuos3 4x5,
Jan 14 17:56:46 HOSTNAME /usr/lib/gdm3/gdm-x-session[1803]:         Intuos3 6x8, Intuos3 9x12, Intuos3 12x12, Intuos3 12x19,
Jan 14 17:56:46 HOSTNAME /usr/lib/gdm3/gdm-x-session[1803]:         Intuos3 6x11, Intuos3 4x6, Intuos4 4x6, Intuos4 6x9, Intuos4 8x13,
Jan 14 17:56:46 HOSTNAME /usr/lib/gdm3/gdm-x-session[1803]:         Intuos4 12x19, Intuos4 WL USB Endpoint,
Jan 14 17:56:46 HOSTNAME /usr/lib/gdm3/gdm-x-session[1803]:         Intuos4 WL Bluetooth Endpoint, Intuos5 touch S, Intuos5 touch M,
Jan 14 17:56:46 HOSTNAME /usr/lib/gdm3/gdm-x-session[1803]:         Intuos5 touch L, Intuos5 S, Intuos5 M, Intuos Pro S, Intuos Pro M,
Jan 14 17:56:46 HOSTNAME /usr/lib/gdm3/gdm-x-session[1803]:         Intuos Pro L, Cintiq 21UX, Cintiq 20WSX, Cintiq 12WX, Cintiq 21UX2,
Jan 14 17:56:46 HOSTNAME /usr/lib/gdm3/gdm-x-session[1803]:         Cintiq 24HD, Cintiq 22HD, Cintiq 24HD touch (EMR digitizer),
Jan 14 17:56:46 HOSTNAME /usr/lib/gdm3/gdm-x-session[1803]:         Cintiq 13HD, DTK2241, DTH2242, Cintiq 22HDT, Cintiq 27QHDT,
Jan 14 17:56:46 HOSTNAME /usr/lib/gdm3/gdm-x-session[1803]:         Cintiq 27QHDT, Mobilestudio Pro 13, MobileStudio Pro 16,
Jan 14 17:56:46 HOSTNAME /usr/lib/gdm3/gdm-x-session[1803]:         MobileStudio Pro 13, MobileStudio Pro 16, Cintiq 13 FHD Pro,
Jan 14 17:56:46 HOSTNAME /usr/lib/gdm3/gdm-x-session[1803]:         Cintiq 16 UHD Pro, Cintiq Pro 24, Cintiq Pro 32, Cintiq 13 FHD Pro,
Jan 14 17:56:46 HOSTNAME /usr/lib/gdm3/gdm-x-session[1803]:         Cintiq 16 UHD Pro, Cintiq Pro 24, Cintiq Pro 32, Cintiq Pro 24,
Jan 14 17:56:46 HOSTNAME /usr/lib/gdm3/gdm-x-session[1803]:         Mobilestudio Pro 13, MobileStudio Pro 16, MobileStudio Pro 13,
Jan 14 17:56:46 HOSTNAME /usr/lib/gdm3/gdm-x-session[1803]:         MobileStudio Pro 16, MobileStudio Pro 16, MobileStudio Pro 16,
Jan 14 17:56:46 HOSTNAME /usr/lib/gdm3/gdm-x-session[1803]:         TabletPC 0x90, TabletPC 0x93, TabletPC 0x97, TabletPC 0x9A,
Jan 14 17:56:46 HOSTNAME /usr/lib/gdm3/gdm-x-session[1803]:         CapPlus  0x9F, TabletPC 0xE2, TabletPC 0xE3, TabletPC 0xE5,
Jan 14 17:56:46 HOSTNAME /usr/lib/gdm3/gdm-x-session[1803]:         TabletPC 0xE6, TabletPC 0xEC, TabletPC 0xED, TabletPC 0xEF,
Jan 14 17:56:46 HOSTNAME /usr/lib/gdm3/gdm-x-session[1803]:         TabletPC 0x100, TabletPC 0x101, TabletPC 0x10D, TabletPC 0x116,
Jan 14 17:56:46 HOSTNAME /usr/lib/gdm3/gdm-x-session[1803]:         TabletPC 0x12C, TabletPC 0x4001, TabletPC 0x4004, TabletPC 0x5000,
Jan 14 17:56:46 HOSTNAME /usr/lib/gdm3/gdm-x-session[1803]:         TabletPC 0x5002, usb:172f:0024, usb:172f:0025, usb:172f:0026,
Jan 14 17:56:46 HOSTNAME /usr/lib/gdm3/gdm-x-session[1803]:         usb:172f:0027, usb:172f:0028, usb:172f:0030, usb:172f:0031,
Jan 14 17:56:46 HOSTNAME /usr/lib/gdm3/gdm-x-session[1803]:         usb:172f:0032, usb:172f:0033, usb:172f:0034, usb:172f:0035,
Jan 14 17:56:46 HOSTNAME /usr/lib/gdm3/gdm-x-session[1803]:         usb:172f:0036, usb:172f:0037, usb:172f:0038, usb:172f:0039,
Jan 14 17:56:46 HOSTNAME /usr/lib/gdm3/gdm-x-session[1803]:         usb:172f:0051, usb:172f:0052, usb:172f:0053, usb:172f:0054,
Jan 14 17:56:46 HOSTNAME /usr/lib/gdm3/gdm-x-session[1803]:         usb:172f:0055, usb:172f:0056, usb:172f:0057, usb:172f:0058,
Jan 14 17:56:46 HOSTNAME /usr/lib/gdm3/gdm-x-session[1803]:         usb:172f:0500, usb:172f:0501, usb:172f:0502, usb:172f:0503,
Jan 14 17:56:46 HOSTNAME /usr/lib/gdm3/gdm-x-session[1803]:         usb:1b96:0001, usb:17ef:6004
Jan 14 17:56:46 HOSTNAME /usr/lib/gdm3/gdm-x-session[1803]: (II) Using input driver 'wacom' for 'Wacom HID 4988 Pen'
Jan 14 17:56:46 HOSTNAME /usr/lib/gdm3/gdm-x-session[1803]: (II) systemd-logind: got fd for /dev/input/event7 13:71 fd 36 paused 0
Jan 14 17:56:46 HOSTNAME /usr/lib/gdm3/gdm-x-session[1803]: (**) Wacom HID 4988 Pen: always reports core events
Jan 14 17:56:46 HOSTNAME /usr/lib/gdm3/gdm-x-session[1803]: (**) Option "Device" "/dev/input/event7"
Jan 14 17:56:46 HOSTNAME /usr/lib/gdm3/gdm-x-session[1803]: (II) Wacom HID 4988 Pen: type not specified, assuming 'stylus'.
Jan 14 17:56:46 HOSTNAME /usr/lib/gdm3/gdm-x-session[1803]: (II) Wacom HID 4988 Pen: other types will be automatically added.
Jan 14 17:56:46 HOSTNAME /usr/lib/gdm3/gdm-x-session[1803]: (--) Wacom HID 4988 Pen stylus: using pressure threshold of 851 for button 1
Jan 14 17:56:46 HOSTNAME /usr/lib/gdm3/gdm-x-session[1803]: (**) Wacom HID 4988 Pen stylus: panscroll is 0
Jan 14 17:56:46 HOSTNAME /usr/lib/gdm3/gdm-x-session[1803]: (**) Wacom HID 4988 Pen stylus: panscroll modified to 1300
Jan 14 17:56:46 HOSTNAME /usr/lib/gdm3/gdm-x-session[1803]: (--) Wacom HID 4988 Pen stylus: maxX=29376 maxY=16524 maxZ=4095 resX=100000 resY=100000  tilt=enabled
Jan 14 17:56:46 HOSTNAME /usr/lib/gdm3/gdm-x-session[1803]: (II) Wacom HID 4988 Pen stylus: hotplugging dependent devices.
Jan 14 17:56:46 HOSTNAME /usr/lib/gdm3/gdm-x-session[1803]: (EE) Wacom HID 4988 Pen stylus: Invalid type 'cursor' for this device.
Jan 14 17:56:46 HOSTNAME /usr/lib/gdm3/gdm-x-session[1803]: (EE) Wacom HID 4988 Pen stylus: Invalid type 'touch' for this device.
Jan 14 17:56:46 HOSTNAME /usr/lib/gdm3/gdm-x-session[1803]: (EE) Wacom HID 4988 Pen stylus: Invalid type 'pad' for this device.
Jan 14 17:56:46 HOSTNAME /usr/lib/gdm3/gdm-x-session[1803]: (II) Wacom HID 4988 Pen stylus: hotplugging completed.
Jan 14 17:56:46 HOSTNAME /usr/lib/gdm3/gdm-x-session[1803]: (**) Option "config_info" "udev:/sys/devices/pci0000:00/0000:00:15.1/i2c_designware.1/i2c-2/i2c-WACF4233:00/0018:056A:4988.0002/input/input13/event7"
Jan 14 17:56:46 HOSTNAME /usr/lib/gdm3/gdm-x-session[1803]: (II) XINPUT: Adding extended input device "Wacom HID 4988 Pen stylus" (type: STYLUS, id 14)
Jan 14 17:56:46 HOSTNAME /usr/lib/gdm3/gdm-x-session[1803]: (**) Wacom HID 4988 Pen stylus: (accel) keeping acceleration scheme 1
Jan 14 17:56:46 HOSTNAME /usr/lib/gdm3/gdm-x-session[1803]: (**) Wacom HID 4988 Pen stylus: (accel) acceleration profile 0
Jan 14 17:56:46 HOSTNAME /usr/lib/gdm3/gdm-x-session[1803]: (**) Wacom HID 4988 Pen stylus: (accel) acceleration factor: 2.000
Jan 14 17:56:46 HOSTNAME /usr/lib/gdm3/gdm-x-session[1803]: (**) Wacom HID 4988 Pen stylus: (accel) acceleration threshold: 4
Jan 14 17:56:46 HOSTNAME /usr/lib/gdm3/gdm-x-session[1803]: (II) config/udev: Adding input device Wacom HID 4988 Pen (/dev/input/mouse2)
Jan 14 17:56:46 HOSTNAME /usr/lib/gdm3/gdm-x-session[1803]: (II) No input driver specified, ignoring this device.
Jan 14 17:56:46 HOSTNAME /usr/lib/gdm3/gdm-x-session[1803]: (II) This device may have been added with another device file.
Jan 14 17:56:46 HOSTNAME /usr/lib/gdm3/gdm-x-session[1803]: (II) config/udev: Adding input device Wacom HID 4988 Finger (/dev/input/event8)
Jan 14 17:56:46 HOSTNAME /usr/lib/gdm3/gdm-x-session[1803]: (**) Wacom HID 4988 Finger: Applying InputClass "libinput touchscreen catchall"
Jan 14 17:56:46 HOSTNAME /usr/lib/gdm3/gdm-x-session[1803]: (**) Wacom HID 4988 Finger: Applying InputClass "Wacom USB touchscreen class"
Jan 14 17:56:46 HOSTNAME /usr/lib/gdm3/gdm-x-session[1803]: (**) Wacom HID 4988 Finger: Applying InputClass "Wacom touchscreen class"
Jan 14 17:56:46 HOSTNAME /usr/lib/gdm3/gdm-x-session[1803]: (II) Using input driver 'wacom' for 'Wacom HID 4988 Finger'
Jan 14 17:56:46 HOSTNAME /usr/lib/gdm3/gdm-x-session[1803]: (II) systemd-logind: got fd for /dev/input/event8 13:72 fd 37 paused 0
Jan 14 17:56:46 HOSTNAME /usr/lib/gdm3/gdm-x-session[1803]: (**) Wacom HID 4988 Finger: always reports core events
Jan 14 17:56:46 HOSTNAME /usr/lib/gdm3/gdm-x-session[1803]: (**) Option "Device" "/dev/input/event8"
Jan 14 17:56:46 HOSTNAME /usr/lib/gdm3/gdm-x-session[1803]: (EE) Wacom HID 4988 Finger: Invalid type 'stylus' for this device.
Jan 14 17:56:46 HOSTNAME /usr/lib/gdm3/gdm-x-session[1803]: (EE) Wacom HID 4988 Finger: Invalid type 'eraser' for this device.
Jan 14 17:56:46 HOSTNAME /usr/lib/gdm3/gdm-x-session[1803]: (EE) Wacom HID 4988 Finger: Invalid type 'cursor' for this device.
Jan 14 17:56:46 HOSTNAME /usr/lib/gdm3/gdm-x-session[1803]: (II) Wacom HID 4988 Finger: type not specified, assuming 'touch'.
Jan 14 17:56:46 HOSTNAME /usr/lib/gdm3/gdm-x-session[1803]: (II) Wacom HID 4988 Finger: other types will be automatically added.
Jan 14 17:56:46 HOSTNAME /usr/lib/gdm3/gdm-x-session[1803]: (**) Wacom HID 4988 Finger touch: panscroll is 0
Jan 14 17:56:46 HOSTNAME /usr/lib/gdm3/gdm-x-session[1803]: (**) Wacom HID 4988 Finger touch: panscroll modified to 13
Jan 14 17:56:46 HOSTNAME /usr/lib/gdm3/gdm-x-session[1803]: (--) Wacom HID 4988 Finger touch: maxX=11752 maxY=6608 maxZ=0 resX=40000 resY=40000
Jan 14 17:56:46 HOSTNAME /usr/lib/gdm3/gdm-x-session[1803]: (II) Wacom HID 4988 Finger touch: hotplugging dependent devices.
Jan 14 17:56:46 HOSTNAME /usr/lib/gdm3/gdm-x-session[1803]: (EE) Wacom HID 4988 Finger touch: Invalid type 'stylus' for this device.
Jan 14 17:56:46 HOSTNAME /usr/lib/gdm3/gdm-x-session[1803]: (EE) Wacom HID 4988 Finger touch: Invalid type 'eraser' for this device.
Jan 14 17:56:46 HOSTNAME /usr/lib/gdm3/gdm-x-session[1803]: (EE) Wacom HID 4988 Finger touch: Invalid type 'cursor' for this device.
Jan 14 17:56:46 HOSTNAME /usr/lib/gdm3/gdm-x-session[1803]: (EE) Wacom HID 4988 Finger touch: Invalid type 'pad' for this device.
Jan 14 17:56:46 HOSTNAME /usr/lib/gdm3/gdm-x-session[1803]: (II) Wacom HID 4988 Finger touch: hotplugging completed.
Jan 14 17:56:46 HOSTNAME /usr/lib/gdm3/gdm-x-session[1803]: (**) Option "config_info" "udev:/sys/devices/pci0000:00/0000:00:15.1/i2c_designware.1/i2c-2/i2c-WACF4233:00/0018:056A:4988.0002/input/input14/event8"
Jan 14 17:56:46 HOSTNAME /usr/lib/gdm3/gdm-x-session[1803]: (II) XINPUT: Adding extended input device "Wacom HID 4988 Finger touch" (type: TOUCH, id 15)
Jan 14 17:56:46 HOSTNAME /usr/lib/gdm3/gdm-x-session[1803]: (**) Wacom HID 4988 Finger touch: (accel) keeping acceleration scheme 1
Jan 14 17:56:46 HOSTNAME /usr/lib/gdm3/gdm-x-session[1803]: (**) Wacom HID 4988 Finger touch: (accel) acceleration profile 0
Jan 14 17:56:46 HOSTNAME /usr/lib/gdm3/gdm-x-session[1803]: (**) Wacom HID 4988 Finger touch: (accel) acceleration factor: 2.000
Jan 14 17:56:46 HOSTNAME /usr/lib/gdm3/gdm-x-session[1803]: (**) Wacom HID 4988 Finger touch: (accel) acceleration threshold: 4
Jan 14 17:56:46 HOSTNAME /usr/lib/gdm3/gdm-x-session[1803]: (II) config/udev: Adding input device Wacom HID 4988 Finger (/dev/input/mouse3)
Jan 14 17:56:46 HOSTNAME /usr/lib/gdm3/gdm-x-session[1803]: (II) No input driver specified, ignoring this device.
Jan 14 17:56:46 HOSTNAME /usr/lib/gdm3/gdm-x-session[1803]: (II) This device may have been added with another device file.
Jan 14 17:56:46 HOSTNAME /usr/lib/gdm3/gdm-x-session[1803]: (II) config/udev: Adding input device sof-hda-dsp Mic (/dev/input/event17)
Jan 14 17:56:46 HOSTNAME /usr/lib/gdm3/gdm-x-session[1803]: (II) No input driver specified, ignoring this device.
Jan 14 17:56:46 HOSTNAME /usr/lib/gdm3/gdm-x-session[1803]: (II) This device may have been added with another device file.
Jan 14 17:56:46 HOSTNAME /usr/lib/gdm3/gdm-x-session[1803]: (II) config/udev: Adding input device sof-hda-dsp Headphone (/dev/input/event18)
Jan 14 17:56:46 HOSTNAME /usr/lib/gdm3/gdm-x-session[1803]: (II) No input driver specified, ignoring this device.
Jan 14 17:56:46 HOSTNAME /usr/lib/gdm3/gdm-x-session[1803]: (II) This device may have been added with another device file.
Jan 14 17:56:46 HOSTNAME /usr/lib/gdm3/gdm-x-session[1803]: (II) config/udev: Adding input device sof-hda-dsp HDMI/DP,pcm=3 (/dev/input/event19)
Jan 14 17:56:46 HOSTNAME /usr/lib/gdm3/gdm-x-session[1803]: (II) No input driver specified, ignoring this device.
Jan 14 17:56:46 HOSTNAME /usr/lib/gdm3/gdm-x-session[1803]: (II) This device may have been added with another device file.
Jan 14 17:56:46 HOSTNAME /usr/lib/gdm3/gdm-x-session[1803]: (II) config/udev: Adding input device sof-hda-dsp HDMI/DP,pcm=4 (/dev/input/event20)
Jan 14 17:56:46 HOSTNAME /usr/lib/gdm3/gdm-x-session[1803]: (II) No input driver specified, ignoring this device.
Jan 14 17:56:46 HOSTNAME /usr/lib/gdm3/gdm-x-session[1803]: (II) This device may have been added with another device file.
Jan 14 17:56:46 HOSTNAME /usr/lib/gdm3/gdm-x-session[1803]: (II) config/udev: Adding input device sof-hda-dsp HDMI/DP,pcm=5 (/dev/input/event21)
Jan 14 17:56:46 HOSTNAME /usr/lib/gdm3/gdm-x-session[1803]: (II) No input driver specified, ignoring this device.
Jan 14 17:56:46 HOSTNAME /usr/lib/gdm3/gdm-x-session[1803]: (II) This device may have been added with another device file.
Jan 14 17:56:46 HOSTNAME /usr/lib/gdm3/gdm-x-session[1803]: (II) config/udev: Adding input device Intel HID events (/dev/input/event11)
Jan 14 17:56:46 HOSTNAME /usr/lib/gdm3/gdm-x-session[1803]: (**) Intel HID events: Applying InputClass "libinput keyboard catchall"
Jan 14 17:56:46 HOSTNAME /usr/lib/gdm3/gdm-x-session[1803]: (II) Using input driver 'libinput' for 'Intel HID events'
Jan 14 17:56:46 HOSTNAME /usr/lib/gdm3/gdm-x-session[1803]: (II) systemd-logind: got fd for /dev/input/event11 13:75 fd 38 paused 0
Jan 14 17:56:46 HOSTNAME /usr/lib/gdm3/gdm-x-session[1803]: (**) Intel HID events: always reports core events
Jan 14 17:56:46 HOSTNAME /usr/lib/gdm3/gdm-x-session[1803]: (**) Option "Device" "/dev/input/event11"
Jan 14 17:56:46 HOSTNAME /usr/lib/gdm3/gdm-x-session[1803]: (**) Option "_source" "server/udev"
Jan 14 17:56:46 HOSTNAME /usr/lib/gdm3/gdm-x-session[1803]: (II) event11 - Intel HID events: is tagged by udev as: Keyboard
Jan 14 17:56:46 HOSTNAME /usr/lib/gdm3/gdm-x-session[1803]: (II) event11 - Intel HID events: device is a keyboard
Jan 14 17:56:46 HOSTNAME /usr/lib/gdm3/gdm-x-session[1803]: (II) event11 - Intel HID events: device removed
Jan 14 17:56:46 HOSTNAME /usr/lib/gdm3/gdm-x-session[1803]: (**) Option "config_info" "udev:/sys/devices/platform/INT33D5:00/input/input18/event11"
Jan 14 17:56:46 HOSTNAME /usr/lib/gdm3/gdm-x-session[1803]: (II) XINPUT: Adding extended input device "Intel HID events" (type: KEYBOARD, id 16)
Jan 14 17:56:46 HOSTNAME /usr/lib/gdm3/gdm-x-session[1803]: (**) Option "xkb_model" "pc105"
Jan 14 17:56:46 HOSTNAME /usr/lib/gdm3/gdm-x-session[1803]: (**) Option "xkb_layout" "de"
Jan 14 17:56:46 HOSTNAME /usr/lib/gdm3/gdm-x-session[1803]: (**) Option "xkb_variant" "nodeadkeys"
Jan 14 17:56:46 HOSTNAME /usr/lib/gdm3/gdm-x-session[1803]: (II) event11 - Intel HID events: is tagged by udev as: Keyboard
Jan 14 17:56:46 HOSTNAME /usr/lib/gdm3/gdm-x-session[1803]: (II) event11 - Intel HID events: device is a keyboard
Jan 14 17:56:46 HOSTNAME /usr/lib/gdm3/gdm-x-session[1803]: (II) config/udev: Adding input device Intel HID 5 button array (/dev/input/event12)
Jan 14 17:56:46 HOSTNAME /usr/lib/gdm3/gdm-x-session[1803]: (**) Intel HID 5 button array: Applying InputClass "libinput keyboard catchall"
Jan 14 17:56:46 HOSTNAME /usr/lib/gdm3/gdm-x-session[1803]: (II) Using input driver 'libinput' for 'Intel HID 5 button array'
Jan 14 17:56:46 HOSTNAME /usr/lib/gdm3/gdm-x-session[1803]: (II) systemd-logind: got fd for /dev/input/event12 13:76 fd 39 paused 0
Jan 14 17:56:46 HOSTNAME /usr/lib/gdm3/gdm-x-session[1803]: (**) Intel HID 5 button array: always reports core events
Jan 14 17:56:46 HOSTNAME /usr/lib/gdm3/gdm-x-session[1803]: (**) Option "Device" "/dev/input/event12"
Jan 14 17:56:46 HOSTNAME /usr/lib/gdm3/gdm-x-session[1803]: (**) Option "_source" "server/udev"
Jan 14 17:56:46 HOSTNAME /usr/lib/gdm3/gdm-x-session[1803]: (II) event12 - Intel HID 5 button array: is tagged by udev as: Keyboard
Jan 14 17:56:46 HOSTNAME /usr/lib/gdm3/gdm-x-session[1803]: (II) event12 - Intel HID 5 button array: device is a keyboard
Jan 14 17:56:46 HOSTNAME /usr/lib/gdm3/gdm-x-session[1803]: (II) event12 - Intel HID 5 button array: device removed
Jan 14 17:56:46 HOSTNAME /usr/lib/gdm3/gdm-x-session[1803]: (**) Option "config_info" "udev:/sys/devices/platform/INT33D5:00/input/input19/event12"
Jan 14 17:56:46 HOSTNAME /usr/lib/gdm3/gdm-x-session[1803]: (II) XINPUT: Adding extended input device "Intel HID 5 button array" (type: KEYBOARD, id 17)
Jan 14 17:56:46 HOSTNAME /usr/lib/gdm3/gdm-x-session[1803]: (**) Option "xkb_model" "pc105"
Jan 14 17:56:46 HOSTNAME /usr/lib/gdm3/gdm-x-session[1803]: (**) Option "xkb_layout" "de"
Jan 14 17:56:46 HOSTNAME /usr/lib/gdm3/gdm-x-session[1803]: (**) Option "xkb_variant" "nodeadkeys"
Jan 14 17:56:46 HOSTNAME /usr/lib/gdm3/gdm-x-session[1803]: (II) event12 - Intel HID 5 button array: is tagged by udev as: Keyboard
Jan 14 17:56:46 HOSTNAME /usr/lib/gdm3/gdm-x-session[1803]: (II) event12 - Intel HID 5 button array: device is a keyboard
Jan 14 17:56:46 HOSTNAME /usr/lib/gdm3/gdm-x-session[1803]: (II) config/udev: Adding input device Intel HID switches (/dev/input/event16)
Jan 14 17:56:46 HOSTNAME /usr/lib/gdm3/gdm-x-session[1803]: (II) No input driver specified, ignoring this device.
Jan 14 17:56:46 HOSTNAME /usr/lib/gdm3/gdm-x-session[1803]: (II) This device may have been added with another device file.
Jan 14 17:56:46 HOSTNAME /usr/lib/gdm3/gdm-x-session[1803]: (II) config/udev: Adding input device AT Translated Set 2 keyboard (/dev/input/event4)
Jan 14 17:56:46 HOSTNAME /usr/lib/gdm3/gdm-x-session[1803]: (**) AT Translated Set 2 keyboard: Applying InputClass "libinput keyboard catchall"
Jan 14 17:56:46 HOSTNAME /usr/lib/gdm3/gdm-x-session[1803]: (II) Using input driver 'libinput' for 'AT Translated Set 2 keyboard'
Jan 14 17:56:46 HOSTNAME /usr/lib/gdm3/gdm-x-session[1803]: (II) systemd-logind: got fd for /dev/input/event4 13:68 fd 40 paused 0
Jan 14 17:56:46 HOSTNAME /usr/lib/gdm3/gdm-x-session[1803]: (**) AT Translated Set 2 keyboard: always reports core events
Jan 14 17:56:46 HOSTNAME /usr/lib/gdm3/gdm-x-session[1803]: (**) Option "Device" "/dev/input/event4"
Jan 14 17:56:46 HOSTNAME /usr/lib/gdm3/gdm-x-session[1803]: (**) Option "_source" "server/udev"
Jan 14 17:56:46 HOSTNAME /usr/lib/gdm3/gdm-x-session[1803]: (II) event4  - AT Translated Set 2 keyboard: is tagged by udev as: Keyboard
Jan 14 17:56:46 HOSTNAME /usr/lib/gdm3/gdm-x-session[1803]: (II) event4  - AT Translated Set 2 keyboard: device is a keyboard
Jan 14 17:56:46 HOSTNAME /usr/lib/gdm3/gdm-x-session[1803]: (II) event4  - AT Translated Set 2 keyboard: device removed
Jan 14 17:56:46 HOSTNAME /usr/lib/gdm3/gdm-x-session[1803]: (**) Option "config_info" "udev:/sys/devices/platform/i8042/serio0/input/input4/event4"
Jan 14 17:56:46 HOSTNAME /usr/lib/gdm3/gdm-x-session[1803]: (II) XINPUT: Adding extended input device "AT Translated Set 2 keyboard" (type: KEYBOARD, id 18)
Jan 14 17:56:46 HOSTNAME /usr/lib/gdm3/gdm-x-session[1803]: (**) Option "xkb_model" "pc105"
Jan 14 17:56:46 HOSTNAME /usr/lib/gdm3/gdm-x-session[1803]: (**) Option "xkb_layout" "de"
Jan 14 17:56:46 HOSTNAME /usr/lib/gdm3/gdm-x-session[1803]: (**) Option "xkb_variant" "nodeadkeys"
Jan 14 17:56:46 HOSTNAME /usr/lib/gdm3/gdm-x-session[1803]: (II) event4  - AT Translated Set 2 keyboard: is tagged by udev as: Keyboard
Jan 14 17:56:46 HOSTNAME /usr/lib/gdm3/gdm-x-session[1803]: (II) event4  - AT Translated Set 2 keyboard: device is a keyboard
Jan 14 17:56:46 HOSTNAME /usr/lib/gdm3/gdm-x-session[1803]: (II) config/udev: Adding input device HP Wireless hotkeys (/dev/input/event10)
Jan 14 17:56:46 HOSTNAME /usr/lib/gdm3/gdm-x-session[1803]: (**) HP Wireless hotkeys: Applying InputClass "libinput keyboard catchall"
Jan 14 17:56:46 HOSTNAME /usr/lib/gdm3/gdm-x-session[1803]: (II) Using input driver 'libinput' for 'HP Wireless hotkeys'
Jan 14 17:56:46 HOSTNAME /usr/lib/gdm3/gdm-x-session[1803]: (II) systemd-logind: got fd for /dev/input/event10 13:74 fd 41 paused 0
Jan 14 17:56:46 HOSTNAME /usr/lib/gdm3/gdm-x-session[1803]: (**) HP Wireless hotkeys: always reports core events
Jan 14 17:56:46 HOSTNAME /usr/lib/gdm3/gdm-x-session[1803]: (**) Option "Device" "/dev/input/event10"
Jan 14 17:56:46 HOSTNAME /usr/lib/gdm3/gdm-x-session[1803]: (**) Option "_source" "server/udev"
Jan 14 17:56:46 HOSTNAME /usr/lib/gdm3/gdm-x-session[1803]: (II) event10 - HP Wireless hotkeys: is tagged by udev as: Keyboard
Jan 14 17:56:46 HOSTNAME /usr/lib/gdm3/gdm-x-session[1803]: (II) event10 - HP Wireless hotkeys: device is a keyboard
Jan 14 17:56:46 HOSTNAME /usr/lib/gdm3/gdm-x-session[1803]: (II) event10 - HP Wireless hotkeys: device removed
Jan 14 17:56:46 HOSTNAME /usr/lib/gdm3/gdm-x-session[1803]: (**) Option "config_info" "udev:/sys/devices/virtual/input/input17/event10"
Jan 14 17:56:46 HOSTNAME /usr/lib/gdm3/gdm-x-session[1803]: (II) XINPUT: Adding extended input device "HP Wireless hotkeys" (type: KEYBOARD, id 19)
Jan 14 17:56:46 HOSTNAME /usr/lib/gdm3/gdm-x-session[1803]: (**) Option "xkb_model" "pc105"
Jan 14 17:56:46 HOSTNAME /usr/lib/gdm3/gdm-x-session[1803]: (**) Option "xkb_layout" "de"
Jan 14 17:56:46 HOSTNAME /usr/lib/gdm3/gdm-x-session[1803]: (**) Option "xkb_variant" "nodeadkeys"
Jan 14 17:56:46 HOSTNAME /usr/lib/gdm3/gdm-x-session[1803]: (II) event10 - HP Wireless hotkeys: is tagged by udev as: Keyboard
Jan 14 17:56:46 HOSTNAME /usr/lib/gdm3/gdm-x-session[1803]: (II) event10 - HP Wireless hotkeys: device is a keyboard
Jan 14 17:56:46 HOSTNAME /usr/lib/gdm3/gdm-x-session[1803]: (II) config/udev: Adding input device HP WMI hotkeys (/dev/input/event5)
Jan 14 17:56:46 HOSTNAME /usr/lib/gdm3/gdm-x-session[1803]: (**) HP WMI hotkeys: Applying InputClass "libinput keyboard catchall"
Jan 14 17:56:46 HOSTNAME /usr/lib/gdm3/gdm-x-session[1803]: (II) Using input driver 'libinput' for 'HP WMI hotkeys'
Jan 14 17:56:46 HOSTNAME /usr/lib/gdm3/gdm-x-session[1803]: (II) systemd-logind: got fd for /dev/input/event5 13:69 fd 42 paused 0
Jan 14 17:56:46 HOSTNAME /usr/lib/gdm3/gdm-x-session[1803]: (**) HP WMI hotkeys: always reports core events
Jan 14 17:56:46 HOSTNAME /usr/lib/gdm3/gdm-x-session[1803]: (**) Option "Device" "/dev/input/event5"
Jan 14 17:56:46 HOSTNAME /usr/lib/gdm3/gdm-x-session[1803]: (**) Option "_source" "server/udev"
Jan 14 17:56:46 HOSTNAME /usr/lib/gdm3/gdm-x-session[1803]: (II) event5  - HP WMI hotkeys: is tagged by udev as: Keyboard Switch
Jan 14 17:56:46 HOSTNAME /usr/lib/gdm3/gdm-x-session[1803]: (II) event5  - HP WMI hotkeys: device is a keyboard
Jan 14 17:56:46 HOSTNAME /usr/lib/gdm3/gdm-x-session[1803]: (II) event5  - HP WMI hotkeys: device removed
Jan 14 17:56:46 HOSTNAME /usr/lib/gdm3/gdm-x-session[1803]: (**) Option "config_info" "udev:/sys/devices/virtual/input/input20/event5"
Jan 14 17:56:46 HOSTNAME /usr/lib/gdm3/gdm-x-session[1803]: (II) XINPUT: Adding extended input device "HP WMI hotkeys" (type: KEYBOARD, id 20)
Jan 14 17:56:46 HOSTNAME /usr/lib/gdm3/gdm-x-session[1803]: (**) Option "xkb_model" "pc105"
Jan 14 17:56:46 HOSTNAME /usr/lib/gdm3/gdm-x-session[1803]: (**) Option "xkb_layout" "de"
Jan 14 17:56:46 HOSTNAME /usr/lib/gdm3/gdm-x-session[1803]: (**) Option "xkb_variant" "nodeadkeys"
Jan 14 17:56:46 HOSTNAME /usr/lib/gdm3/gdm-x-session[1803]: (II) event5  - HP WMI hotkeys: is tagged by udev as: Keyboard Switch
Jan 14 17:56:46 HOSTNAME /usr/lib/gdm3/gdm-x-session[1803]: (II) event5  - HP WMI hotkeys: device is a keyboard
Jan 14 17:56:46 HOSTNAME /usr/lib/gdm3/gdm-x-session[1803]: (**) Wacom HID 4988 Pen eraser: Applying InputClass "libinput tablet catchall"
Jan 14 17:56:46 HOSTNAME /usr/lib/gdm3/gdm-x-session[1803]: (**) Wacom HID 4988 Pen eraser: Applying InputClass "Wacom USB tablet class"
Jan 14 17:56:46 HOSTNAME /usr/lib/gdm3/gdm-x-session[1803]: (**) Wacom HID 4988 Pen eraser: Applying InputClass "Wacom tablet class"
Jan 14 17:56:46 HOSTNAME /usr/lib/gdm3/gdm-x-session[1803]: (II) Using input driver 'wacom' for 'Wacom HID 4988 Pen eraser'
Jan 14 17:56:46 HOSTNAME /usr/lib/gdm3/gdm-x-session[1803]: (II) systemd-logind: returning pre-existing fd for /dev/input/event7 13:71
Jan 14 17:56:46 HOSTNAME /usr/lib/gdm3/gdm-x-session[1803]: (**) Wacom HID 4988 Pen eraser: always reports core events
Jan 14 17:56:46 HOSTNAME /usr/lib/gdm3/gdm-x-session[1803]: (**) Option "Device" "/dev/input/event7"
Jan 14 17:56:46 HOSTNAME /usr/lib/gdm3/gdm-x-session[1803]: (**) Option "Type" "eraser"
Jan 14 17:56:46 HOSTNAME /usr/lib/gdm3/gdm-x-session[1803]: (**) Wacom HID 4988 Pen eraser: panscroll is 1300
Jan 14 17:56:46 HOSTNAME /usr/lib/gdm3/gdm-x-session[1803]: (**) Wacom HID 4988 Pen eraser: panscroll modified to 1300
Jan 14 17:56:46 HOSTNAME /usr/lib/gdm3/gdm-x-session[1803]: (--) Wacom HID 4988 Pen eraser: maxX=29376 maxY=16524 maxZ=4095 resX=100000 resY=100000  tilt=enabled
Jan 14 17:56:46 HOSTNAME /usr/lib/gdm3/gdm-x-session[1803]: (**) Option "config_info" "udev:/sys/devices/pci0000:00/0000:00:15.1/i2c_designware.1/i2c-2/i2c-WACF4233:00/0018:056A:4988.0002/input/input13/event7"
Jan 14 17:56:46 HOSTNAME /usr/lib/gdm3/gdm-x-session[1803]: (II) XINPUT: Adding extended input device "Wacom HID 4988 Pen eraser" (type: ERASER, id 21)
Jan 14 17:56:46 HOSTNAME /usr/lib/gdm3/gdm-x-session[1803]: (**) Wacom HID 4988 Pen eraser: (accel) keeping acceleration scheme 1
Jan 14 17:56:46 HOSTNAME /usr/lib/gdm3/gdm-x-session[1803]: (**) Wacom HID 4988 Pen eraser: (accel) acceleration profile 0
Jan 14 17:56:46 HOSTNAME /usr/lib/gdm3/gdm-x-session[1803]: (**) Wacom HID 4988 Pen eraser: (accel) acceleration factor: 2.000
Jan 14 17:56:46 HOSTNAME /usr/lib/gdm3/gdm-x-session[1803]: (**) Wacom HID 4988 Pen eraser: (accel) acceleration threshold: 4
Jan 14 17:56:47 HOSTNAME /usr/lib/gdm3/gdm-x-session[1803]: (II) modeset(0): EDID vendor "IVO", prod id 34198
Jan 14 17:56:47 HOSTNAME /usr/lib/gdm3/gdm-x-session[1803]: (II) modeset(0): Printing DDC gathered Modelines:
Jan 14 17:56:47 HOSTNAME /usr/lib/gdm3/gdm-x-session[1803]: (II) modeset(0): Modeline "1920x1080"x0.0  138.80  1920 1944 1992 2080  1080 1083 1095 1112 -hsync -vsync (66.7 kHz eP)
Jan 14 17:57:13 HOSTNAME /usr/lib/gdm3/gdm-x-session[1803]: (II) modeset(0): EDID vendor "IVO", prod id 34198
Jan 14 17:57:13 HOSTNAME /usr/lib/gdm3/gdm-x-session[1803]: (II) modeset(0): Printing DDC gathered Modelines:
Jan 14 17:57:13 HOSTNAME /usr/lib/gdm3/gdm-x-session[1803]: (II) modeset(0): Modeline "1920x1080"x0.0  138.80  1920 1944 1992 2080  1080 1083 1095 1112 -hsync -vsync (66.7 kHz eP)
Jan 14 18:01:51 HOSTNAME /usr/lib/gdm3/gdm-x-session[1803]: (II) modeset(0): EDID vendor "IVO", prod id 34198
Jan 14 18:01:51 HOSTNAME /usr/lib/gdm3/gdm-x-session[1803]: (II) modeset(0): Printing DDC gathered Modelines:
Jan 14 18:01:51 HOSTNAME /usr/lib/gdm3/gdm-x-session[1803]: (II) modeset(0): Modeline "1920x1080"x0.0  138.80  1920 1944 1992 2080  1080 1083 1095 1112 -hsync -vsync (66.7 kHz eP)
Jan 14 18:01:51 HOSTNAME /usr/lib/gdm3/gdm-x-session[1803]: (II) modeset(0): EDID vendor "IVO", prod id 34198
Jan 14 18:01:51 HOSTNAME /usr/lib/gdm3/gdm-x-session[1803]: (II) modeset(0): Printing DDC gathered Modelines:
Jan 14 18:01:51 HOSTNAME /usr/lib/gdm3/gdm-x-session[1803]: (II) modeset(0): Modeline "1920x1080"x0.0  138.80  1920 1944 1992 2080  1080 1083 1095 1112 -hsync -vsync (66.7 kHz eP)
Jan 14 18:01:56 HOSTNAME /usr/lib/gdm3/gdm-x-session[1803]: (II) modeset(0): EDID vendor "IVO", prod id 34198
Jan 14 18:01:56 HOSTNAME /usr/lib/gdm3/gdm-x-session[1803]: (II) modeset(0): Printing DDC gathered Modelines:
Jan 14 18:01:56 HOSTNAME /usr/lib/gdm3/gdm-x-session[1803]: (II) modeset(0): Modeline "1920x1080"x0.0  138.80  1920 1944 1992 2080  1080 1083 1095 1112 -hsync -vsync (66.7 kHz eP)
Jan 14 18:01:56 HOSTNAME /usr/lib/gdm3/gdm-x-session[1803]: (II) modeset(0): EDID vendor "IVO", prod id 34198
Jan 14 18:01:56 HOSTNAME /usr/lib/gdm3/gdm-x-session[1803]: (II) modeset(0): Printing DDC gathered Modelines:
Jan 14 18:01:56 HOSTNAME /usr/lib/gdm3/gdm-x-session[1803]: (II) modeset(0): Modeline "1920x1080"x0.0  138.80  1920 1944 1992 2080  1080 1083 1095 1112 -hsync -vsync (66.7 kHz eP)
Jan 14 18:16:42 HOSTNAME /usr/lib/gdm3/gdm-x-session[1803]: (II) modeset(0): EDID vendor "IVO", prod id 34198
Jan 14 18:16:42 HOSTNAME /usr/lib/gdm3/gdm-x-session[1803]: (II) modeset(0): Printing DDC gathered Modelines:
Jan 14 18:16:42 HOSTNAME /usr/lib/gdm3/gdm-x-session[1803]: (II) modeset(0): Modeline "1920x1080"x0.0  138.80  1920 1944 1992 2080  1080 1083 1095 1112 -hsync -vsync (66.7 kHz eP)
Jan 14 18:16:42 HOSTNAME /usr/lib/gdm3/gdm-x-session[1803]: (II) modeset(0): EDID vendor "IVO", prod id 34198
Jan 14 18:16:42 HOSTNAME /usr/lib/gdm3/gdm-x-session[1803]: (II) modeset(0): Printing DDC gathered Modelines:
Jan 14 18:16:42 HOSTNAME /usr/lib/gdm3/gdm-x-session[1803]: (II) modeset(0): Modeline "1920x1080"x0.0  138.80  1920 1944 1992 2080  1080 1083 1095 1112 -hsync -vsync (66.7 kHz eP)
Jan 14 18:29:08 HOSTNAME /usr/lib/gdm3/gdm-x-session[1803]: (II) modeset(0): EDID vendor "IVO", prod id 34198
Jan 14 18:29:08 HOSTNAME /usr/lib/gdm3/gdm-x-session[1803]: (II) modeset(0): Printing DDC gathered Modelines:
Jan 14 18:29:08 HOSTNAME /usr/lib/gdm3/gdm-x-session[1803]: (II) modeset(0): Modeline "1920x1080"x0.0  138.80  1920 1944 1992 2080  1080 1083 1095 1112 -hsync -vsync (66.7 kHz eP)
Jan 14 18:38:49 HOSTNAME /usr/lib/gdm3/gdm-x-session[1803]: (II) modeset(0): EDID vendor "IVO", prod id 34198
Jan 14 18:38:49 HOSTNAME /usr/lib/gdm3/gdm-x-session[1803]: (II) modeset(0): Printing DDC gathered Modelines:
Jan 14 18:38:49 HOSTNAME /usr/lib/gdm3/gdm-x-session[1803]: (II) modeset(0): Modeline "1920x1080"x0.0  138.80  1920 1944 1992 2080  1080 1083 1095 1112 -hsync -vsync (66.7 kHz eP)
Jan 14 18:38:58 HOSTNAME /usr/lib/gdm3/gdm-x-session[1803]: (II) modeset(0): Allocate new frame buffer 1080x1920 stride
Jan 14 18:38:59 HOSTNAME /usr/lib/gdm3/gdm-x-session[1803]: (II) modeset(0): EDID vendor "IVO", prod id 34198
Jan 14 18:38:59 HOSTNAME /usr/lib/gdm3/gdm-x-session[1803]: (II) modeset(0): Printing DDC gathered Modelines:
Jan 14 18:38:59 HOSTNAME /usr/lib/gdm3/gdm-x-session[1803]: (II) modeset(0): Modeline "1920x1080"x0.0  138.80  1920 1944 1992 2080  1080 1083 1095 1112 -hsync -vsync (66.7 kHz eP)
Jan 14 18:39:20 HOSTNAME /usr/lib/gdm3/gdm-x-session[1803]: (II) modeset(0): Allocate new frame buffer 1920x1080 stride
Jan 14 18:39:21 HOSTNAME /usr/lib/gdm3/gdm-x-session[1803]: (II) modeset(0): EDID vendor "IVO", prod id 34198
Jan 14 18:39:21 HOSTNAME /usr/lib/gdm3/gdm-x-session[1803]: (II) modeset(0): Printing DDC gathered Modelines:
Jan 14 18:39:21 HOSTNAME /usr/lib/gdm3/gdm-x-session[1803]: (II) modeset(0): Modeline "1920x1080"x0.0  138.80  1920 1944 1992 2080  1080 1083 1095 1112 -hsync -vsync (66.7 kHz eP)
Jan 14 18:41:33 HOSTNAME /usr/lib/gdm3/gdm-x-session[1803]: (II) modeset(0): Allocate new frame buffer 1080x1920 stride
Jan 14 18:41:34 HOSTNAME /usr/lib/gdm3/gdm-x-session[1803]: (II) modeset(0): EDID vendor "IVO", prod id 34198
Jan 14 18:41:34 HOSTNAME /usr/lib/gdm3/gdm-x-session[1803]: (II) modeset(0): Printing DDC gathered Modelines:
Jan 14 18:41:34 HOSTNAME /usr/lib/gdm3/gdm-x-session[1803]: (II) modeset(0): Modeline "1920x1080"x0.0  138.80  1920 1944 1992 2080  1080 1083 1095 1112 -hsync -vsync (66.7 kHz eP)
Jan 14 18:41:42 HOSTNAME /usr/lib/gdm3/gdm-x-session[1803]: (II) modeset(0): Allocate new frame buffer 1920x1080 stride
Jan 14 18:41:43 HOSTNAME /usr/lib/gdm3/gdm-x-session[1803]: (II) modeset(0): EDID vendor "IVO", prod id 34198
Jan 14 18:41:43 HOSTNAME /usr/lib/gdm3/gdm-x-session[1803]: (II) modeset(0): Printing DDC gathered Modelines:
Jan 14 18:41:43 HOSTNAME /usr/lib/gdm3/gdm-x-session[1803]: (II) modeset(0): Modeline "1920x1080"x0.0  138.80  1920 1944 1992 2080  1080 1083 1095 1112 -hsync -vsync (66.7 kHz eP)
Jan 14 18:47:58 HOSTNAME /usr/lib/gdm3/gdm-x-session[1803]: (II) modeset(0): EDID vendor "IVO", prod id 34198
Jan 14 18:47:58 HOSTNAME /usr/lib/gdm3/gdm-x-session[1803]: (II) modeset(0): Printing DDC gathered Modelines:
Jan 14 18:47:58 HOSTNAME /usr/lib/gdm3/gdm-x-session[1803]: (II) modeset(0): Modeline "1920x1080"x0.0  138.80  1920 1944 1992 2080  1080 1083 1095 1112 -hsync -vsync (66.7 kHz eP)
Jan 14 18:52:20 HOSTNAME /usr/lib/gdm3/gdm-x-session[1803]: (II) modeset(0): EDID vendor "IVO", prod id 34198
Jan 14 18:52:20 HOSTNAME /usr/lib/gdm3/gdm-x-session[1803]: (II) modeset(0): Printing DDC gathered Modelines:
Jan 14 18:52:20 HOSTNAME /usr/lib/gdm3/gdm-x-session[1803]: (II) modeset(0): Modeline "1920x1080"x0.0  138.80  1920 1944 1992 2080  1080 1083 1095 1112 -hsync -vsync (66.7 kHz eP)
Jan 14 18:54:51 HOSTNAME /usr/lib/gdm3/gdm-x-session[1803]: (II) modeset(0): Allocate new frame buffer 1080x1920 stride
Jan 14 18:54:52 HOSTNAME /usr/lib/gdm3/gdm-x-session[1803]: (II) modeset(0): EDID vendor "IVO", prod id 34198
Jan 14 18:54:52 HOSTNAME /usr/lib/gdm3/gdm-x-session[1803]: (II) modeset(0): Printing DDC gathered Modelines:
Jan 14 18:54:52 HOSTNAME /usr/lib/gdm3/gdm-x-session[1803]: (II) modeset(0): Modeline "1920x1080"x0.0  138.80  1920 1944 1992 2080  1080 1083 1095 1112 -hsync -vsync (66.7 kHz eP)
Jan 14 18:54:52 HOSTNAME /usr/lib/gdm3/gdm-x-session[1803]: (II) modeset(0): Allocate new frame buffer 1920x1080 stride
Jan 14 18:54:53 HOSTNAME /usr/lib/gdm3/gdm-x-session[1803]: (II) modeset(0): EDID vendor "IVO", prod id 34198
Jan 14 18:54:53 HOSTNAME /usr/lib/gdm3/gdm-x-session[1803]: (II) modeset(0): Printing DDC gathered Modelines:
Jan 14 18:54:53 HOSTNAME /usr/lib/gdm3/gdm-x-session[1803]: (II) modeset(0): Modeline "1920x1080"x0.0  138.80  1920 1944 1992 2080  1080 1083 1095 1112 -hsync -vsync (66.7 kHz eP)
Jan 14 18:56:06 HOSTNAME /usr/lib/gdm3/gdm-x-session[1803]: (II) modeset(0): EDID vendor "IVO", prod id 34198
Jan 14 18:56:06 HOSTNAME /usr/lib/gdm3/gdm-x-session[1803]: (II) modeset(0): Printing DDC gathered Modelines:
Jan 14 18:56:06 HOSTNAME /usr/lib/gdm3/gdm-x-session[1803]: (II) modeset(0): Modeline "1920x1080"x0.0  138.80  1920 1944 1992 2080  1080 1083 1095 1112 -hsync -vsync (66.7 kHz eP)
