[    16.142] (--) Log file renamed from "/var/log/Xorg.pid-992.log" to "/var/log/Xorg.0.log"
[    16.144] 
X.Org X Server 1.20.8
X Protocol Version 11, Revision 0
[    16.144] Build Operating System: Linux 4.15.0-115-generic x86_64 Ubuntu
[    16.144] Current Operating System: Linux HOSTNAME 5.4.0-47-generic #51-Ubuntu SMP Fri Sep 4 19:50:52 UTC 2020 x86_64
[    16.144] Kernel command line: BOOT_IMAGE=/boot/vmlinuz-5.4.0-47-generic root=UUID=802d07a2-979f-4b4b-8950-deaf7ef54a06 ro quiet splash vt.handoff=7
[    16.145] Build Date: 04 September 2020  01:34:27PM
[    16.145] xorg-server 2:1.20.8-2ubuntu2.4 (For technical support please see http://www.ubuntu.com/support) 
[    16.145] Current version of pixman: 0.38.4
[    16.145] 	Before reporting problems, check http://wiki.x.org
	to make sure that you have the latest version.
[    16.145] Markers: (--) probed, (**) from config file, (==) default setting,
	(++) from command line, (!!) notice, (II) informational,
	(WW) warning, (EE) error, (NI) not implemented, (??) unknown.
[    16.145] (==) Log file: "/var/log/Xorg.0.log", Time: Sun Oct 11 17:18:25 2020
[    16.145] (==) Using config directory: "/etc/X11/xorg.conf.d"
[    16.145] (==) Using system config directory "/usr/share/X11/xorg.conf.d"
[    16.147] (==) No Layout section.  Using the first Screen section.
[    16.147] (==) No screen section available. Using defaults.
[    16.147] (**) |-->Screen "Default Screen Section" (0)
[    16.147] (**) |   |-->Monitor "<default monitor>"
[    16.148] (==) No monitor specified for screen "Default Screen Section".
	Using a default monitor configuration.
[    16.148] (==) Automatically adding devices
[    16.148] (==) Automatically enabling devices
[    16.148] (==) Automatically adding GPU devices
[    16.148] (==) Automatically binding GPU devices
[    16.148] (==) Max clients allowed: 256, resource mask: 0x1fffff
[    16.150] (WW) The directory "/usr/share/fonts/X11/cyrillic" does not exist.
[    16.150] 	Entry deleted from font path.
[    16.150] (WW) The directory "/usr/share/fonts/X11/100dpi/" does not exist.
[    16.150] 	Entry deleted from font path.
[    16.150] (WW) The directory "/usr/share/fonts/X11/75dpi/" does not exist.
[    16.150] 	Entry deleted from font path.
[    16.150] (WW) The directory "/usr/share/fonts/X11/100dpi" does not exist.
[    16.150] 	Entry deleted from font path.
[    16.150] (WW) The directory "/usr/share/fonts/X11/75dpi" does not exist.
[    16.150] 	Entry deleted from font path.
[    16.150] (==) FontPath set to:
	/usr/share/fonts/X11/misc,
	/usr/share/fonts/X11/Type1,
	built-ins
[    16.150] (==) ModulePath set to "/usr/lib/xorg/modules"
[    16.150] (II) The server relies on udev to provide the list of input devices.
	If no devices become available, reconfigure udev or disable AutoAddDevices.
[    16.150] (II) Loader magic: 0x559b58e31020
[    16.150] (II) Module ABI versions:
[    16.150] 	X.Org ANSI C Emulation: 0.4
[    16.150] 	X.Org Video Driver: 24.1
[    16.150] 	X.Org XInput driver : 24.1
[    16.150] 	X.Org Server Extension : 10.0
[    16.151] (++) using VT number 1

[    16.151] (II) systemd-logind: logind integration requires -keeptty and -keeptty was not provided, disabling logind integration
[    16.152] (II) xfree86: Adding drm device (/dev/dri/card0)
[    16.167] (--) PCI:*(0@0:2:0) 8086:5916:1043:14f0 rev 2, Mem @ 0xee000000/16777216, 0xd0000000/268435456, I/O @ 0x0000f000/64, BIOS @ 0x????????/131072
[    16.167] (II) LoadModule: "glx"
[    16.168] (II) Loading /usr/lib/xorg/modules/extensions/libglx.so
[    16.179] (II) Module glx: vendor="X.Org Foundation"
[    16.179] 	compiled for 1.20.8, module version = 1.0.0
[    16.179] 	ABI class: X.Org Server Extension, version 10.0
[    16.179] (==) Matched modesetting as autoconfigured driver 0
[    16.179] (==) Matched fbdev as autoconfigured driver 1
[    16.179] (==) Matched vesa as autoconfigured driver 2
[    16.179] (==) Assigned the driver to the xf86ConfigLayout
[    16.180] (II) LoadModule: "modesetting"
[    16.180] (II) Loading /usr/lib/xorg/modules/drivers/modesetting_drv.so
[    16.181] (II) Module modesetting: vendor="X.Org Foundation"
[    16.181] 	compiled for 1.20.8, module version = 1.20.8
[    16.181] 	Module class: X.Org Video Driver
[    16.181] 	ABI class: X.Org Video Driver, version 24.1
[    16.181] (II) LoadModule: "fbdev"
[    16.181] (II) Loading /usr/lib/xorg/modules/drivers/fbdev_drv.so
[    16.182] (II) Module fbdev: vendor="X.Org Foundation"
[    16.182] 	compiled for 1.20.1, module version = 0.5.0
[    16.182] 	Module class: X.Org Video Driver
[    16.182] 	ABI class: X.Org Video Driver, version 24.0
[    16.182] (II) LoadModule: "vesa"
[    16.182] (II) Loading /usr/lib/xorg/modules/drivers/vesa_drv.so
[    16.183] (II) Module vesa: vendor="X.Org Foundation"
[    16.183] 	compiled for 1.20.4, module version = 2.4.0
[    16.183] 	Module class: X.Org Video Driver
[    16.183] 	ABI class: X.Org Video Driver, version 24.0
[    16.183] (II) modesetting: Driver for Modesetting Kernel Drivers: kms
[    16.183] (II) FBDEV: driver for framebuffer: fbdev
[    16.183] (II) VESA: driver for VESA chipsets: vesa
[    16.198] (II) modeset(0): using drv /dev/dri/card0
[    16.198] (WW) Falling back to old probe method for fbdev
[    16.198] (II) Loading sub module "fbdevhw"
[    16.198] (II) LoadModule: "fbdevhw"
[    16.198] (II) Loading /usr/lib/xorg/modules/libfbdevhw.so
[    16.199] (II) Module fbdevhw: vendor="X.Org Foundation"
[    16.199] 	compiled for 1.20.8, module version = 0.0.2
[    16.199] 	ABI class: X.Org Video Driver, version 24.1
[    16.199] (II) modeset(0): Creating default Display subsection in Screen section
	"Default Screen Section" for depth/fbbpp 24/32
[    16.199] (==) modeset(0): Depth 24, (==) framebuffer bpp 32
[    16.199] (==) modeset(0): RGB weight 888
[    16.199] (==) modeset(0): Default visual is TrueColor
[    16.199] (II) Loading sub module "glamoregl"
[    16.199] (II) LoadModule: "glamoregl"
[    16.199] (II) Loading /usr/lib/xorg/modules/libglamoregl.so
[    16.211] (II) Module glamoregl: vendor="X.Org Foundation"
[    16.211] 	compiled for 1.20.8, module version = 1.0.1
[    16.211] 	ABI class: X.Org ANSI C Emulation, version 0.4
[    16.449] (II) modeset(0): glamor X acceleration enabled on Mesa Intel(R) HD Graphics 620 (KBL GT2)
[    16.449] (II) modeset(0): glamor initialized
[    16.450] (II) modeset(0): Output eDP-1 has no monitor section
[    16.458] (II) modeset(0): Output HDMI-1 has no monitor section
[    16.459] (II) modeset(0): EDID for output eDP-1
[    16.459] (II) modeset(0): Manufacturer: AUO  Model: 272d  Serial#: 0
[    16.459] (II) modeset(0): Year: 2015  Week: 16
[    16.459] (II) modeset(0): EDID Version: 1.4
[    16.459] (II) modeset(0): Digital Display Input
[    16.459] (II) modeset(0): 6 bits per channel
[    16.459] (II) modeset(0): Digital interface is DisplayPort
[    16.459] (II) modeset(0): Max Image Size [cm]: horiz.: 29  vert.: 17
[    16.459] (II) modeset(0): Gamma: 2.20
[    16.459] (II) modeset(0): No DPMS capabilities specified
[    16.459] (II) modeset(0): Supported color encodings: RGB 4:4:4 
[    16.459] (II) modeset(0): First detailed timing is preferred mode
[    16.459] (II) modeset(0): Preferred mode is native pixel format and refresh rate
[    16.459] (II) modeset(0): redX: 0.635 redY: 0.335   greenX: 0.300 greenY: 0.602
[    16.459] (II) modeset(0): blueX: 0.145 blueY: 0.055   whiteX: 0.313 whiteY: 0.329
[    16.459] (II) modeset(0): Manufacturer's mask: 0
[    16.459] (II) modeset(0): Supported detailed timing:
[    16.459] (II) modeset(0): clock: 141.0 MHz   Image Size:  293 x 165 mm
[    16.460] (II) modeset(0): h_active: 1920  h_sync: 1936  h_sync_end 1952 h_blank_end 2104 h_border: 0
[    16.460] (II) modeset(0): v_active: 1080  v_sync: 1083  v_sync_end 1097 v_blanking: 1116 v_border: 0
[    16.460] (II) modeset(0):  AUO
[    16.460] (II) modeset(0):  B133HAN02.7
[    16.460] (II) modeset(0): EDID (in hex):
[    16.460] (II) modeset(0): 	00ffffffffffff0006af2d2700000000
[    16.460] (II) modeset(0): 	10190104951d117802bc05a2554c9a25
[    16.460] (II) modeset(0): 	0e505400000001010101010101010101
[    16.460] (II) modeset(0): 	010101010101143780b8703824401010
[    16.460] (II) modeset(0): 	3e0025a5100000180000000000000000
[    16.460] (II) modeset(0): 	00000000000000000000000000fe0041
[    16.460] (II) modeset(0): 	554f0a202020202020202020000000fe
[    16.460] (II) modeset(0): 	004231333348414e30322e37200a0082
[    16.460] (II) modeset(0): Printing probed modes for output eDP-1
[    16.460] (II) modeset(0): Modeline "1920x1080"x60.0  141.00  1920 1936 1952 2104  1080 1083 1097 1116 -hsync -vsync (67.0 kHz eP)
[    16.460] (II) modeset(0): Modeline "1920x1080"x120.0  356.38  1920 2080 2288 2656  1080 1081 1084 1118 doublescan -hsync +vsync (134.2 kHz d)
[    16.460] (II) modeset(0): Modeline "1920x1080"x119.9  266.50  1920 1944 1960 2000  1080 1081 1084 1111 doublescan +hsync -vsync (133.2 kHz d)
[    16.460] (II) modeset(0): Modeline "1920x1080"x60.0  173.00  1920 2048 2248 2576  1080 1083 1088 1120 -hsync +vsync (67.2 kHz d)
[    16.460] (II) modeset(0): Modeline "1920x1080"x59.9  138.50  1920 1968 2000 2080  1080 1083 1088 1111 +hsync -vsync (66.6 kHz d)
[    16.460] (II) modeset(0): Modeline "1680x1050"x60.0  146.25  1680 1784 1960 2240  1050 1053 1059 1089 -hsync +vsync (65.3 kHz d)
[    16.460] (II) modeset(0): Modeline "1680x1050"x59.9  119.00  1680 1728 1760 1840  1050 1053 1059 1080 +hsync -vsync (64.7 kHz d)
[    16.460] (II) modeset(0): Modeline "1600x1024"x60.2  103.12  1600 1600 1656 1664  1024 1024 1029 1030 +hsync +vsync (62.0 kHz d)
[    16.460] (II) modeset(0): Modeline "1400x1050"x60.0  122.00  1400 1488 1640 1880  1050 1052 1064 1082 +hsync +vsync (64.9 kHz d)
[    16.460] (II) modeset(0): Modeline "1600x900"x120.0  246.00  1600 1728 1900 2200  900 901 904 932 doublescan -hsync +vsync (111.8 kHz d)
[    16.460] (II) modeset(0): Modeline "1600x900"x119.9  186.50  1600 1624 1640 1680  900 901 904 926 doublescan +hsync -vsync (111.0 kHz d)
[    16.460] (II) modeset(0): Modeline "1600x900"x59.9  118.25  1600 1696 1856 2112  900 903 908 934 -hsync +vsync (56.0 kHz d)
[    16.460] (II) modeset(0): Modeline "1600x900"x59.8   97.50  1600 1648 1680 1760  900 903 908 926 +hsync -vsync (55.4 kHz d)
[    16.460] (II) modeset(0): Modeline "1280x1024"x60.0  108.00  1280 1328 1440 1688  1024 1025 1028 1066 +hsync +vsync (64.0 kHz d)
[    16.460] (II) modeset(0): Modeline "1440x900"x59.9  106.50  1440 1520 1672 1904  900 903 909 934 -hsync +vsync (55.9 kHz d)
[    16.460] (II) modeset(0): Modeline "1400x900"x60.0  103.50  1400 1480 1624 1848  900 903 913 934 -hsync +vsync (56.0 kHz d)
[    16.460] (II) modeset(0): Modeline "1400x900"x59.9   86.50  1400 1448 1480 1560  900 903 913 926 +hsync -vsync (55.4 kHz d)
[    16.460] (II) modeset(0): Modeline "1280x960"x60.0  108.00  1280 1376 1488 1800  960 961 964 1000 +hsync +vsync (60.0 kHz d)
[    16.460] (II) modeset(0): Modeline "1440x810"x120.0  198.12  1440 1548 1704 1968  810 811 814 839 doublescan -hsync +vsync (100.7 kHz d)
[    16.460] (II) modeset(0): Modeline "1440x810"x119.9  151.88  1440 1464 1480 1520  810 811 814 833 doublescan +hsync -vsync (99.9 kHz d)
[    16.460] (II) modeset(0): Modeline "1368x768"x59.9   85.25  1368 1440 1576 1784  768 771 781 798 -hsync +vsync (47.8 kHz d)
[    16.460] (II) modeset(0): Modeline "1368x768"x59.9   72.25  1368 1416 1448 1528  768 771 781 790 +hsync -vsync (47.3 kHz d)
[    16.460] (II) modeset(0): Modeline "1360x768"x59.8   84.75  1360 1432 1568 1776  768 771 781 798 -hsync +vsync (47.7 kHz d)
[    16.460] (II) modeset(0): Modeline "1360x768"x60.0   72.00  1360 1408 1440 1520  768 771 781 790 +hsync -vsync (47.4 kHz d)
[    16.460] (II) modeset(0): Modeline "1280x800"x120.0  174.25  1280 1380 1516 1752  800 801 804 829 doublescan -hsync +vsync (99.5 kHz d)
[    16.460] (II) modeset(0): Modeline "1280x800"x119.9  134.25  1280 1304 1320 1360  800 801 804 823 doublescan +hsync -vsync (98.7 kHz d)
[    16.460] (II) modeset(0): Modeline "1280x800"x59.8   83.50  1280 1352 1480 1680  800 803 809 831 -hsync +vsync (49.7 kHz d)
[    16.460] (II) modeset(0): Modeline "1280x800"x59.9   71.00  1280 1328 1360 1440  800 803 809 823 +hsync -vsync (49.3 kHz d)
[    16.460] (II) modeset(0): Modeline "1152x864"x60.0   81.62  1152 1216 1336 1520  864 865 868 895 -hsync +vsync (53.7 kHz d)
[    16.460] (II) modeset(0): Modeline "1280x720"x120.0  156.12  1280 1376 1512 1744  720 721 724 746 doublescan -hsync +vsync (89.5 kHz d)
[    16.460] (II) modeset(0): Modeline "1280x720"x120.0  120.75  1280 1304 1320 1360  720 721 724 740 doublescan +hsync -vsync (88.8 kHz d)
[    16.460] (II) modeset(0): Modeline "1280x720"x59.9   74.50  1280 1344 1472 1664  720 723 728 748 -hsync +vsync (44.8 kHz d)
[    16.460] (II) modeset(0): Modeline "1280x720"x59.7   63.75  1280 1328 1360 1440  720 723 728 741 +hsync -vsync (44.3 kHz d)
[    16.460] (II) modeset(0): Modeline "1024x768"x120.1  133.47  1024 1100 1212 1400  768 768 770 794 doublescan -hsync +vsync (95.3 kHz d)
[    16.460] (II) modeset(0): Modeline "1024x768"x60.0   65.00  1024 1048 1184 1344  768 771 777 806 -hsync -vsync (48.4 kHz d)
[    16.460] (II) modeset(0): Modeline "960x720"x120.0  117.00  960 1024 1128 1300  720 720 722 750 doublescan -hsync +vsync (90.0 kHz d)
[    16.460] (II) modeset(0): Modeline "928x696"x120.1  109.15  928 976 1088 1264  696 696 698 719 doublescan -hsync +vsync (86.4 kHz d)
[    16.460] (II) modeset(0): Modeline "896x672"x120.0  102.40  896 960 1060 1224  672 672 674 697 doublescan -hsync +vsync (83.7 kHz d)
[    16.460] (II) modeset(0): Modeline "1024x576"x119.9   98.50  1024 1092 1200 1376  576 577 580 597 doublescan -hsync +vsync (71.6 kHz d)
[    16.460] (II) modeset(0): Modeline "1024x576"x119.9   78.38  1024 1048 1064 1104  576 577 580 592 doublescan +hsync -vsync (71.0 kHz d)
[    16.460] (II) modeset(0): Modeline "1024x576"x59.9   46.50  1024 1064 1160 1296  576 579 584 599 -hsync +vsync (35.9 kHz d)
[    16.460] (II) modeset(0): Modeline "1024x576"x59.8   42.00  1024 1072 1104 1184  576 579 584 593 +hsync -vsync (35.5 kHz d)
[    16.461] (II) modeset(0): Modeline "960x600"x119.9   96.62  960 1028 1128 1296  600 601 604 622 doublescan -hsync +vsync (74.6 kHz d)
[    16.461] (II) modeset(0): Modeline "960x600"x120.0   77.00  960 984 1000 1040  600 601 604 617 doublescan +hsync -vsync (74.0 kHz d)
[    16.461] (II) modeset(0): Modeline "960x540"x119.9   86.50  960 1024 1124 1288  540 541 544 560 doublescan -hsync +vsync (67.2 kHz d)
[    16.461] (II) modeset(0): Modeline "960x540"x120.0   69.25  960 984 1000 1040  540 541 544 555 doublescan +hsync -vsync (66.6 kHz d)
[    16.461] (II) modeset(0): Modeline "960x540"x59.6   40.75  960 992 1088 1216  540 543 548 562 -hsync +vsync (33.5 kHz d)
[    16.461] (II) modeset(0): Modeline "960x540"x59.8   37.25  960 1008 1040 1120  540 543 548 556 +hsync -vsync (33.3 kHz d)
[    16.461] (II) modeset(0): Modeline "800x600"x120.0   81.00  800 832 928 1080  600 600 602 625 doublescan +hsync +vsync (75.0 kHz d)
[    16.461] (II) modeset(0): Modeline "800x600"x60.3   40.00  800 840 968 1056  600 601 605 628 +hsync +vsync (37.9 kHz d)
[    16.461] (II) modeset(0): Modeline "800x600"x56.2   36.00  800 824 896 1024  600 601 603 625 +hsync +vsync (35.2 kHz d)
[    16.461] (II) modeset(0): Modeline "840x525"x120.0   73.12  840 892 980 1120  525 526 529 544 doublescan -hsync +vsync (65.3 kHz d)
[    16.461] (II) modeset(0): Modeline "840x525"x119.8   59.50  840 864 880 920  525 526 529 540 doublescan +hsync -vsync (64.7 kHz d)
[    16.461] (II) modeset(0): Modeline "864x486"x59.9   32.50  864 888 968 1072  486 489 494 506 -hsync +vsync (30.3 kHz d)
[    16.461] (II) modeset(0): Modeline "864x486"x59.6   30.50  864 912 944 1024  486 489 494 500 +hsync -vsync (29.8 kHz d)
[    16.461] (II) modeset(0): Modeline "800x512"x120.3   51.56  800 800 828 832  512 512 514 515 doublescan +hsync +vsync (62.0 kHz d)
[    16.461] (II) modeset(0): Modeline "700x525"x120.0   61.00  700 744 820 940  525 526 532 541 doublescan +hsync +vsync (64.9 kHz d)
[    16.461] (II) modeset(0): Modeline "800x450"x119.9   59.12  800 848 928 1056  450 451 454 467 doublescan -hsync +vsync (56.0 kHz d)
[    16.461] (II) modeset(0): Modeline "800x450"x119.6   48.75  800 824 840 880  450 451 454 463 doublescan +hsync -vsync (55.4 kHz d)
[    16.461] (II) modeset(0): Modeline "640x512"x120.0   54.00  640 664 720 844  512 512 514 533 doublescan +hsync +vsync (64.0 kHz d)
[    16.461] (II) modeset(0): Modeline "720x450"x119.8   53.25  720 760 836 952  450 451 454 467 doublescan -hsync +vsync (55.9 kHz d)
[    16.461] (II) modeset(0): Modeline "700x450"x119.9   51.75  700 740 812 924  450 451 456 467 doublescan -hsync +vsync (56.0 kHz d)
[    16.461] (II) modeset(0): Modeline "700x450"x119.8   43.25  700 724 740 780  450 451 456 463 doublescan +hsync -vsync (55.4 kHz d)
[    16.461] (II) modeset(0): Modeline "640x480"x120.0   54.00  640 688 744 900  480 480 482 500 doublescan +hsync +vsync (60.0 kHz d)
[    16.461] (II) modeset(0): Modeline "640x480"x59.9   25.18  640 656 752 800  480 490 492 525 -hsync -vsync (31.5 kHz d)
[    16.461] (II) modeset(0): Modeline "720x405"x59.5   22.50  720 744 808 896  405 408 413 422 -hsync +vsync (25.1 kHz d)
[    16.461] (II) modeset(0): Modeline "720x405"x59.0   21.75  720 768 800 880  405 408 413 419 +hsync -vsync (24.7 kHz d)
[    16.461] (II) modeset(0): Modeline "684x384"x119.8   42.62  684 720 788 892  384 385 390 399 doublescan -hsync +vsync (47.8 kHz d)
[    16.461] (II) modeset(0): Modeline "684x384"x119.7   36.12  684 708 724 764  384 385 390 395 doublescan +hsync -vsync (47.3 kHz d)
[    16.461] (II) modeset(0): Modeline "680x384"x119.6   42.38  680 716 784 888  384 385 390 399 doublescan -hsync +vsync (47.7 kHz d)
[    16.461] (II) modeset(0): Modeline "680x384"x119.9   36.00  680 704 720 760  384 385 390 395 doublescan +hsync -vsync (47.4 kHz d)
[    16.461] (II) modeset(0): Modeline "640x400"x119.8   41.75  640 676 740 840  400 401 404 415 doublescan -hsync +vsync (49.7 kHz d)
[    16.461] (II) modeset(0): Modeline "640x400"x120.0   35.50  640 664 680 720  400 401 404 411 doublescan +hsync -vsync (49.3 kHz d)
[    16.461] (II) modeset(0): Modeline "576x432"x120.1   40.81  576 608 668 760  432 432 434 447 doublescan -hsync +vsync (53.7 kHz d)
[    16.461] (II) modeset(0): Modeline "640x360"x119.7   37.25  640 672 736 832  360 361 364 374 doublescan -hsync +vsync (44.8 kHz d)
[    16.461] (II) modeset(0): Modeline "640x360"x119.7   31.88  640 664 680 720  360 361 364 370 doublescan +hsync -vsync (44.3 kHz d)
[    16.461] (II) modeset(0): Modeline "640x360"x59.8   18.00  640 664 720 800  360 363 368 376 -hsync +vsync (22.5 kHz d)
[    16.461] (II) modeset(0): Modeline "640x360"x59.3   17.75  640 688 720 800  360 363 368 374 +hsync -vsync (22.2 kHz d)
[    16.461] (II) modeset(0): Modeline "512x384"x120.0   32.50  512 524 592 672  384 385 388 403 doublescan -hsync -vsync (48.4 kHz d)
[    16.461] (II) modeset(0): Modeline "512x288"x120.0   23.25  512 532 580 648  288 289 292 299 doublescan -hsync +vsync (35.9 kHz d)
[    16.461] (II) modeset(0): Modeline "512x288"x119.8   21.00  512 536 552 592  288 289 292 296 doublescan +hsync -vsync (35.5 kHz d)
[    16.461] (II) modeset(0): Modeline "480x270"x119.3   20.38  480 496 544 608  270 271 274 281 doublescan -hsync +vsync (33.5 kHz d)
[    16.461] (II) modeset(0): Modeline "480x270"x119.6   18.62  480 504 520 560  270 271 274 278 doublescan +hsync -vsync (33.3 kHz d)
[    16.461] (II) modeset(0): Modeline "400x300"x120.6   20.00  400 420 484 528  300 300 302 314 doublescan +hsync +vsync (37.9 kHz d)
[    16.461] (II) modeset(0): Modeline "400x300"x112.7   18.00  400 412 448 512  300 300 301 312 doublescan +hsync +vsync (35.2 kHz d)
[    16.461] (II) modeset(0): Modeline "432x243"x119.8   16.25  432 444 484 536  243 244 247 253 doublescan -hsync +vsync (30.3 kHz d)
[    16.461] (II) modeset(0): Modeline "432x243"x119.1   15.25  432 456 472 512  243 244 247 250 doublescan +hsync -vsync (29.8 kHz d)
[    16.461] (II) modeset(0): Modeline "320x240"x120.1   12.59  320 328 376 400  240 245 246 262 doublescan -hsync -vsync (31.5 kHz d)
[    16.461] (II) modeset(0): Modeline "360x202"x119.0   11.25  360 372 404 448  202 204 206 211 doublescan -hsync +vsync (25.1 kHz d)
[    16.461] (II) modeset(0): Modeline "360x202"x118.3   10.88  360 384 400 440  202 204 206 209 doublescan +hsync -vsync (24.7 kHz d)
[    16.461] (II) modeset(0): Modeline "320x180"x119.7    9.00  320 332 360 400  180 181 184 188 doublescan -hsync +vsync (22.5 kHz d)
[    16.461] (II) modeset(0): Modeline "320x180"x118.6    8.88  320 344 360 400  180 181 184 187 doublescan +hsync -vsync (22.2 kHz d)
[    16.468] (II) modeset(0): EDID for output HDMI-1
[    16.468] (II) modeset(0): Output eDP-1 connected
[    16.468] (II) modeset(0): Output HDMI-1 disconnected
[    16.468] (II) modeset(0): Using exact sizes for initial modes
[    16.468] (II) modeset(0): Output eDP-1 using initial mode 1920x1080 +0+0
[    16.468] (==) modeset(0): Using gamma correction (1.0, 1.0, 1.0)
[    16.468] (==) modeset(0): DPI set to (96, 96)
[    16.468] (II) Loading sub module "fb"
[    16.468] (II) LoadModule: "fb"
[    16.468] (II) Loading /usr/lib/xorg/modules/libfb.so
[    16.469] (II) Module fb: vendor="X.Org Foundation"
[    16.469] 	compiled for 1.20.8, module version = 1.0.0
[    16.469] 	ABI class: X.Org ANSI C Emulation, version 0.4
[    16.469] (II) UnloadModule: "fbdev"
[    16.469] (II) Unloading fbdev
[    16.469] (II) UnloadSubModule: "fbdevhw"
[    16.469] (II) Unloading fbdevhw
[    16.469] (II) UnloadModule: "vesa"
[    16.469] (II) Unloading vesa
[    16.521] (==) modeset(0): Backing store enabled
[    16.521] (==) modeset(0): Silken mouse enabled
[    16.581] (II) modeset(0): Initializing kms color map for depth 24, 8 bpc.
[    16.581] (==) modeset(0): DPMS enabled
[    16.581] (II) modeset(0): [DRI2] Setup complete
[    16.581] (II) modeset(0): [DRI2]   DRI driver: iris
[    16.581] (II) modeset(0): [DRI2]   VDPAU driver: va_gl
[    16.581] (II) Initializing extension Generic Event Extension
[    16.581] (II) Initializing extension SHAPE
[    16.581] (II) Initializing extension MIT-SHM
[    16.581] (II) Initializing extension XInputExtension
[    16.585] (II) Initializing extension XTEST
[    16.585] (II) Initializing extension BIG-REQUESTS
[    16.586] (II) Initializing extension SYNC
[    16.586] (II) Initializing extension XKEYBOARD
[    16.586] (II) Initializing extension XC-MISC
[    16.586] (II) Initializing extension SECURITY
[    16.586] (II) Initializing extension XFIXES
[    16.586] (II) Initializing extension RENDER
[    16.586] (II) Initializing extension RANDR
[    16.586] (II) Initializing extension COMPOSITE
[    16.586] (II) Initializing extension DAMAGE
[    16.586] (II) Initializing extension MIT-SCREEN-SAVER
[    16.586] (II) Initializing extension DOUBLE-BUFFER
[    16.587] (II) Initializing extension RECORD
[    16.587] (II) Initializing extension DPMS
[    16.587] (II) Initializing extension Present
[    16.587] (II) Initializing extension DRI3
[    16.587] (II) Initializing extension X-Resource
[    16.587] (II) Initializing extension XVideo
[    16.587] (II) Initializing extension XVideo-MotionCompensation
[    16.587] (II) Initializing extension SELinux
[    16.587] (II) SELinux: Disabled on system
[    16.587] (II) Initializing extension GLX
[    16.594] (II) AIGLX: Loaded and initialized iris
[    16.594] (II) GLX: Initialized DRI2 GL provider for screen 0
[    16.594] (II) Initializing extension XFree86-VidModeExtension
[    16.594] (II) Initializing extension XFree86-DGA
[    16.594] (II) Initializing extension XFree86-DRI
[    16.594] (II) Initializing extension DRI2
[    16.595] (II) modeset(0): Damage tracking initialized
[    16.595] (II) modeset(0): Setting screen physical size to 508 x 285
[    16.647] (II) config/udev: Adding input device Power Button (/dev/input/event3)
[    16.647] (**) Power Button: Applying InputClass "libinput keyboard catchall"
[    16.647] (**) Power Button: Applying InputClass "system-keyboard"
[    16.647] (II) LoadModule: "libinput"
[    16.647] (II) Loading /usr/lib/xorg/modules/input/libinput_drv.so
[    16.651] (II) Module libinput: vendor="X.Org Foundation"
[    16.651] 	compiled for 1.20.4, module version = 0.29.0
[    16.651] 	Module class: X.Org XInput Driver
[    16.651] 	ABI class: X.Org XInput driver, version 24.1
[    16.651] (II) Using input driver 'libinput' for 'Power Button'
[    16.651] (**) Power Button: always reports core events
[    16.651] (**) Option "Device" "/dev/input/event3"
[    16.651] (**) Option "_source" "server/udev"
[    16.655] (II) event3  - Power Button: is tagged by udev as: Keyboard
[    16.655] (II) event3  - Power Button: device is a keyboard
[    16.655] (II) event3  - Power Button: device removed
[    16.668] (**) Option "config_info" "udev:/sys/devices/LNXSYSTM:00/LNXPWRBN:00/input/input3/event3"
[    16.668] (II) XINPUT: Adding extended input device "Power Button" (type: KEYBOARD, id 6)
[    16.668] (**) Option "xkb_model" "pc105"
[    16.668] (**) Option "xkb_layout" "es"
[    16.684] (II) event3  - Power Button: is tagged by udev as: Keyboard
[    16.684] (II) event3  - Power Button: device is a keyboard
[    16.685] (II) config/udev: Adding input device Asus Wireless Radio Control (/dev/input/event9)
[    16.685] (**) Asus Wireless Radio Control: Applying InputClass "libinput keyboard catchall"
[    16.685] (**) Asus Wireless Radio Control: Applying InputClass "system-keyboard"
[    16.685] (II) Using input driver 'libinput' for 'Asus Wireless Radio Control'
[    16.685] (**) Asus Wireless Radio Control: always reports core events
[    16.685] (**) Option "Device" "/dev/input/event9"
[    16.685] (**) Option "_source" "server/udev"
[    16.685] (II) event9  - Asus Wireless Radio Control: is tagged by udev as: Keyboard
[    16.686] (II) event9  - Asus Wireless Radio Control: device is a keyboard
[    16.686] (II) event9  - Asus Wireless Radio Control: device removed
[    16.720] (**) Option "config_info" "udev:/sys/devices/LNXSYSTM:00/LNXSYBUS:00/ATK4002:00/input/input10/event9"
[    16.720] (II) XINPUT: Adding extended input device "Asus Wireless Radio Control" (type: KEYBOARD, id 7)
[    16.720] (**) Option "xkb_model" "pc105"
[    16.720] (**) Option "xkb_layout" "es"
[    16.721] (II) event9  - Asus Wireless Radio Control: is tagged by udev as: Keyboard
[    16.721] (II) event9  - Asus Wireless Radio Control: device is a keyboard
[    16.721] (II) config/udev: Adding input device Video Bus (/dev/input/event8)
[    16.721] (**) Video Bus: Applying InputClass "libinput keyboard catchall"
[    16.721] (**) Video Bus: Applying InputClass "system-keyboard"
[    16.721] (II) Using input driver 'libinput' for 'Video Bus'
[    16.722] (**) Video Bus: always reports core events
[    16.722] (**) Option "Device" "/dev/input/event8"
[    16.722] (**) Option "_source" "server/udev"
[    16.722] (II) event8  - Video Bus: is tagged by udev as: Keyboard
[    16.722] (II) event8  - Video Bus: device is a keyboard
[    16.722] (II) event8  - Video Bus: device removed
[    16.736] (**) Option "config_info" "udev:/sys/devices/LNXSYSTM:00/LNXSYBUS:00/PNP0A08:00/LNXVIDEO:00/input/input9/event8"
[    16.736] (II) XINPUT: Adding extended input device "Video Bus" (type: KEYBOARD, id 8)
[    16.736] (**) Option "xkb_model" "pc105"
[    16.736] (**) Option "xkb_layout" "es"
[    16.737] (II) event8  - Video Bus: is tagged by udev as: Keyboard
[    16.737] (II) event8  - Video Bus: device is a keyboard
[    16.738] (II) config/udev: Adding input device Lid Switch (/dev/input/event0)
[    16.738] (II) No input driver specified, ignoring this device.
[    16.738] (II) This device may have been added with another device file.
[    16.738] (II) config/udev: Adding input device Power Button (/dev/input/event2)
[    16.738] (**) Power Button: Applying InputClass "libinput keyboard catchall"
[    16.738] (**) Power Button: Applying InputClass "system-keyboard"
[    16.738] (II) Using input driver 'libinput' for 'Power Button'
[    16.738] (**) Power Button: always reports core events
[    16.738] (**) Option "Device" "/dev/input/event2"
[    16.738] (**) Option "_source" "server/udev"
[    16.739] (II) event2  - Power Button: is tagged by udev as: Keyboard
[    16.739] (II) event2  - Power Button: device is a keyboard
[    16.739] (II) event2  - Power Button: device removed
[    16.756] (**) Option "config_info" "udev:/sys/devices/LNXSYSTM:00/LNXSYBUS:00/PNP0C0C:00/input/input2/event2"
[    16.756] (II) XINPUT: Adding extended input device "Power Button" (type: KEYBOARD, id 9)
[    16.756] (**) Option "xkb_model" "pc105"
[    16.756] (**) Option "xkb_layout" "es"
[    16.757] (II) event2  - Power Button: is tagged by udev as: Keyboard
[    16.757] (II) event2  - Power Button: device is a keyboard
[    16.757] (II) config/udev: Adding input device Sleep Button (/dev/input/event1)
[    16.757] (**) Sleep Button: Applying InputClass "libinput keyboard catchall"
[    16.757] (**) Sleep Button: Applying InputClass "system-keyboard"
[    16.757] (II) Using input driver 'libinput' for 'Sleep Button'
[    16.757] (**) Sleep Button: always reports core events
[    16.757] (**) Option "Device" "/dev/input/event1"
[    16.757] (**) Option "_source" "server/udev"
[    16.758] (II) event1  - Sleep Button: is tagged by udev as: Keyboard
[    16.758] (II) event1  - Sleep Button: device is a keyboard
[    16.758] (II) event1  - Sleep Button: device removed
[    16.772] (**) Option "config_info" "udev:/sys/devices/LNXSYSTM:00/LNXSYBUS:00/PNP0C0E:00/input/input1/event1"
[    16.772] (II) XINPUT: Adding extended input device "Sleep Button" (type: KEYBOARD, id 10)
[    16.772] (**) Option "xkb_model" "pc105"
[    16.772] (**) Option "xkb_layout" "es"
[    16.773] (II) event1  - Sleep Button: is tagged by udev as: Keyboard
[    16.773] (II) event1  - Sleep Button: device is a keyboard
[    16.774] (II) config/udev: Adding input device USB2.0 HD UVC WebCam: USB2.0 HD (/dev/input/event11)
[    16.774] (**) USB2.0 HD UVC WebCam: USB2.0 HD: Applying InputClass "libinput keyboard catchall"
[    16.774] (**) USB2.0 HD UVC WebCam: USB2.0 HD: Applying InputClass "system-keyboard"
[    16.774] (II) Using input driver 'libinput' for 'USB2.0 HD UVC WebCam: USB2.0 HD'
[    16.774] (**) USB2.0 HD UVC WebCam: USB2.0 HD: always reports core events
[    16.774] (**) Option "Device" "/dev/input/event11"
[    16.774] (**) Option "_source" "server/udev"
[    16.775] (II) event11 - USB2.0 HD UVC WebCam: USB2.0 HD: is tagged by udev as: Keyboard
[    16.775] (II) event11 - USB2.0 HD UVC WebCam: USB2.0 HD: device is a keyboard
[    16.775] (II) event11 - USB2.0 HD UVC WebCam: USB2.0 HD: device removed
[    16.808] (**) Option "config_info" "udev:/sys/devices/pci0000:00/0000:00:14.0/usb1/1-5/1-5:1.0/input/input16/event11"
[    16.808] (II) XINPUT: Adding extended input device "USB2.0 HD UVC WebCam: USB2.0 HD" (type: KEYBOARD, id 11)
[    16.808] (**) Option "xkb_model" "pc105"
[    16.808] (**) Option "xkb_layout" "es"
[    16.809] (II) event11 - USB2.0 HD UVC WebCam: USB2.0 HD: is tagged by udev as: Keyboard
[    16.809] (II) event11 - USB2.0 HD UVC WebCam: USB2.0 HD: device is a keyboard
[    16.810] (II) config/udev: Adding input device ELAN1200:00 04F3:3044 Mouse (/dev/input/event6)
[    16.810] (**) ELAN1200:00 04F3:3044 Mouse: Applying InputClass "libinput pointer catchall"
[    16.810] (II) Using input driver 'libinput' for 'ELAN1200:00 04F3:3044 Mouse'
[    16.810] (**) ELAN1200:00 04F3:3044 Mouse: always reports core events
[    16.810] (**) Option "Device" "/dev/input/event6"
[    16.810] (**) Option "_source" "server/udev"
[    16.811] (II) event6  - ELAN1200:00 04F3:3044 Mouse: is tagged by udev as: Mouse Pointingstick
[    16.811] (II) event6  - ELAN1200:00 04F3:3044 Mouse: device is a pointer
[    16.812] (II) event6  - ELAN1200:00 04F3:3044 Mouse: device removed
[    16.848] (**) Option "config_info" "udev:/sys/devices/pci0000:00/0000:00:15.1/i2c_designware.1/i2c-1/i2c-ELAN1200:00/0018:04F3:3044.0001/input/input12/event6"
[    16.848] (II) XINPUT: Adding extended input device "ELAN1200:00 04F3:3044 Mouse" (type: MOUSE, id 12)
[    16.848] (**) Option "AccelerationScheme" "none"
[    16.848] (**) ELAN1200:00 04F3:3044 Mouse: (accel) selected scheme none/0
[    16.848] (**) ELAN1200:00 04F3:3044 Mouse: (accel) acceleration factor: 2.000
[    16.848] (**) ELAN1200:00 04F3:3044 Mouse: (accel) acceleration threshold: 4
[    16.849] (II) event6  - ELAN1200:00 04F3:3044 Mouse: is tagged by udev as: Mouse Pointingstick
[    16.850] (II) event6  - ELAN1200:00 04F3:3044 Mouse: device is a pointer
[    16.851] (II) config/udev: Adding input device ELAN1200:00 04F3:3044 Mouse (/dev/input/mouse0)
[    16.851] (II) No input driver specified, ignoring this device.
[    16.851] (II) This device may have been added with another device file.
[    16.851] (II) config/udev: Adding input device ELAN1200:00 04F3:3044 Touchpad (/dev/input/event10)
[    16.851] (**) ELAN1200:00 04F3:3044 Touchpad: Applying InputClass "libinput touchpad catchall"
[    16.851] (II) Using input driver 'libinput' for 'ELAN1200:00 04F3:3044 Touchpad'
[    16.851] (**) ELAN1200:00 04F3:3044 Touchpad: always reports core events
[    16.851] (**) Option "Device" "/dev/input/event10"
[    16.851] (**) Option "_source" "server/udev"
[    16.852] (II) event10 - ELAN1200:00 04F3:3044 Touchpad: is tagged by udev as: Touchpad
[    16.853] (II) event10 - ELAN1200:00 04F3:3044 Touchpad: device is a touchpad
[    16.854] (II) event10 - ELAN1200:00 04F3:3044 Touchpad: device removed
[    16.896] (**) Option "config_info" "udev:/sys/devices/pci0000:00/0000:00:15.1/i2c_designware.1/i2c-1/i2c-ELAN1200:00/0018:04F3:3044.0001/input/input13/event10"
[    16.896] (II) XINPUT: Adding extended input device "ELAN1200:00 04F3:3044 Touchpad" (type: TOUCHPAD, id 13)
[    16.897] (**) Option "AccelerationScheme" "none"
[    16.897] (**) ELAN1200:00 04F3:3044 Touchpad: (accel) selected scheme none/0
[    16.897] (**) ELAN1200:00 04F3:3044 Touchpad: (accel) acceleration factor: 2.000
[    16.897] (**) ELAN1200:00 04F3:3044 Touchpad: (accel) acceleration threshold: 4
[    16.898] (II) event10 - ELAN1200:00 04F3:3044 Touchpad: is tagged by udev as: Touchpad
[    16.899] (II) event10 - ELAN1200:00 04F3:3044 Touchpad: device is a touchpad
[    16.900] (II) config/udev: Adding input device ELAN1200:00 04F3:3044 Touchpad (/dev/input/mouse1)
[    16.900] (II) No input driver specified, ignoring this device.
[    16.900] (II) This device may have been added with another device file.
[    16.901] (II) config/udev: Adding input device FTSC1000:00 2808:5120 (/dev/input/event7)
[    16.901] (**) FTSC1000:00 2808:5120: Applying InputClass "libinput touchscreen catchall"
[    16.901] (II) Using input driver 'libinput' for 'FTSC1000:00 2808:5120'
[    16.901] (**) FTSC1000:00 2808:5120: always reports core events
[    16.901] (**) Option "Device" "/dev/input/event7"
[    16.901] (**) Option "_source" "server/udev"
[    16.902] (II) event7  - FTSC1000:00 2808:5120: is tagged by udev as: Touchscreen
[    16.902] (II) event7  - FTSC1000:00 2808:5120: device is a touch device
[    16.902] (II) event7  - FTSC1000:00 2808:5120: device removed
[    16.944] (**) Option "config_info" "udev:/sys/devices/pci0000:00/0000:00:15.1/i2c_designware.1/i2c-1/i2c-FTSC1000:00/0018:2808:5120.0002/input/input14/event7"
[    16.944] (II) XINPUT: Adding extended input device "FTSC1000:00 2808:5120" (type: TOUCHSCREEN, id 14)
[    16.944] (**) Option "AccelerationScheme" "none"
[    16.944] (**) FTSC1000:00 2808:5120: (accel) selected scheme none/0
[    16.944] (**) FTSC1000:00 2808:5120: (accel) acceleration factor: 2.000
[    16.944] (**) FTSC1000:00 2808:5120: (accel) acceleration threshold: 4
[    16.945] (II) event7  - FTSC1000:00 2808:5120: is tagged by udev as: Touchscreen
[    16.945] (II) event7  - FTSC1000:00 2808:5120: device is a touch device
[    16.946] (II) config/udev: Adding input device FTSC1000:00 2808:5120 (/dev/input/mouse2)
[    16.946] (II) No input driver specified, ignoring this device.
[    16.946] (II) This device may have been added with another device file.
[    16.946] (II) config/udev: Adding input device HDA Intel PCH Headphone (/dev/input/event13)
[    16.946] (II) No input driver specified, ignoring this device.
[    16.946] (II) This device may have been added with another device file.
[    16.947] (II) config/udev: Adding input device HDA Intel PCH HDMI/DP,pcm=3 (/dev/input/event14)
[    16.947] (II) No input driver specified, ignoring this device.
[    16.947] (II) This device may have been added with another device file.
[    16.947] (II) config/udev: Adding input device HDA Intel PCH HDMI/DP,pcm=7 (/dev/input/event15)
[    16.947] (II) No input driver specified, ignoring this device.
[    16.947] (II) This device may have been added with another device file.
[    16.948] (II) config/udev: Adding input device HDA Intel PCH HDMI/DP,pcm=8 (/dev/input/event16)
[    16.948] (II) No input driver specified, ignoring this device.
[    16.948] (II) This device may have been added with another device file.
[    16.948] (II) config/udev: Adding input device HDA Intel PCH HDMI/DP,pcm=9 (/dev/input/event17)
[    16.948] (II) No input driver specified, ignoring this device.
[    16.948] (II) This device may have been added with another device file.
[    16.948] (II) config/udev: Adding input device HDA Intel PCH HDMI/DP,pcm=10 (/dev/input/event18)
[    16.948] (II) No input driver specified, ignoring this device.
[    16.948] (II) This device may have been added with another device file.
[    16.949] (II) config/udev: Adding input device gpio-keys (/dev/input/event12)
[    16.949] (**) gpio-keys: Applying InputClass "libinput keyboard catchall"
[    16.949] (**) gpio-keys: Applying InputClass "system-keyboard"
[    16.949] (II) Using input driver 'libinput' for 'gpio-keys'
[    16.949] (**) gpio-keys: always reports core events
[    16.949] (**) Option "Device" "/dev/input/event12"
[    16.949] (**) Option "_source" "server/udev"
[    16.949] (II) event12 - gpio-keys: is tagged by udev as: Keyboard
[    16.950] (II) event12 - gpio-keys: device is a keyboard
[    16.950] (II) event12 - gpio-keys: device removed
[    16.976] (**) Option "config_info" "udev:/sys/devices/platform/ACPI0011:00/gpio-keys.12.auto/input/input17/event12"
[    16.976] (II) XINPUT: Adding extended input device "gpio-keys" (type: KEYBOARD, id 15)
[    16.976] (**) Option "xkb_model" "pc105"
[    16.976] (**) Option "xkb_layout" "es"
[    16.977] (II) event12 - gpio-keys: is tagged by udev as: Keyboard
[    16.977] (II) event12 - gpio-keys: device is a keyboard
[    16.977] (II) config/udev: Adding input device Asus WMI hotkeys (/dev/input/event5)
[    16.977] (**) Asus WMI hotkeys: Applying InputClass "libinput keyboard catchall"
[    16.977] (**) Asus WMI hotkeys: Applying InputClass "system-keyboard"
[    16.977] (II) Using input driver 'libinput' for 'Asus WMI hotkeys'
[    16.977] (**) Asus WMI hotkeys: always reports core events
[    16.977] (**) Option "Device" "/dev/input/event5"
[    16.977] (**) Option "_source" "server/udev"
[    16.978] (II) event5  - Asus WMI hotkeys: is tagged by udev as: Keyboard
[    16.978] (II) event5  - Asus WMI hotkeys: device is a keyboard
[    16.978] (II) event5  - Asus WMI hotkeys: device removed
[    16.996] (**) Option "config_info" "udev:/sys/devices/platform/asus-nb-wmi/input/input11/event5"
[    16.996] (II) XINPUT: Adding extended input device "Asus WMI hotkeys" (type: KEYBOARD, id 16)
[    16.996] (**) Option "xkb_model" "pc105"
[    16.996] (**) Option "xkb_layout" "es"
[    16.997] (II) event5  - Asus WMI hotkeys: is tagged by udev as: Keyboard
[    16.997] (II) event5  - Asus WMI hotkeys: device is a keyboard
[    16.997] (II) config/udev: Adding input device AT Translated Set 2 keyboard (/dev/input/event4)
[    16.997] (**) AT Translated Set 2 keyboard: Applying InputClass "libinput keyboard catchall"
[    16.997] (**) AT Translated Set 2 keyboard: Applying InputClass "system-keyboard"
[    16.997] (II) Using input driver 'libinput' for 'AT Translated Set 2 keyboard'
[    16.997] (**) AT Translated Set 2 keyboard: always reports core events
[    16.997] (**) Option "Device" "/dev/input/event4"
[    16.997] (**) Option "_source" "server/udev"
[    16.998] (II) event4  - AT Translated Set 2 keyboard: is tagged by udev as: Keyboard
[    16.998] (II) event4  - AT Translated Set 2 keyboard: device is a keyboard
[    16.999] (II) event4  - AT Translated Set 2 keyboard: device removed
[    17.012] (**) Option "config_info" "udev:/sys/devices/platform/i8042/serio0/input/input4/event4"
[    17.012] (II) XINPUT: Adding extended input device "AT Translated Set 2 keyboard" (type: KEYBOARD, id 17)
[    17.012] (**) Option "xkb_model" "pc105"
[    17.012] (**) Option "xkb_layout" "es"
[    17.013] (II) event4  - AT Translated Set 2 keyboard: is tagged by udev as: Keyboard
[    17.013] (II) event4  - AT Translated Set 2 keyboard: device is a keyboard
[    17.081] (EE) Failed to open authorization file "/var/run/sddm/{812af3ae-6040-4d74-8c73-2ae0a5b5bc9c}": No such file or directory
[    26.203] (II) modeset(0): EDID vendor "AUO", prod id 10029
[    26.203] (II) modeset(0): Printing DDC gathered Modelines:
[    26.203] (II) modeset(0): Modeline "1920x1080"x0.0  141.00  1920 1936 1952 2104  1080 1083 1097 1116 -hsync -vsync (67.0 kHz eP)
[    27.067] (II) modeset(0): EDID vendor "AUO", prod id 10029
[    27.067] (II) modeset(0): Printing DDC gathered Modelines:
[    27.067] (II) modeset(0): Modeline "1920x1080"x0.0  141.00  1920 1936 1952 2104  1080 1083 1097 1116 -hsync -vsync (67.0 kHz eP)
[  1364.796] (II) config/udev: Adding input device Redmi AirDots_R (AVRCP) (/dev/input/event19)
[  1364.796] (**) Redmi AirDots_R (AVRCP): Applying InputClass "libinput keyboard catchall"
[  1364.796] (**) Redmi AirDots_R (AVRCP): Applying InputClass "system-keyboard"
[  1364.796] (II) Using input driver 'libinput' for 'Redmi AirDots_R (AVRCP)'
[  1364.796] (**) Redmi AirDots_R (AVRCP): always reports core events
[  1364.796] (**) Option "Device" "/dev/input/event19"
[  1364.796] (**) Option "_source" "server/udev"
[  1364.796] (II) event19 - Redmi AirDots_R (AVRCP): is tagged by udev as: Keyboard
[  1364.796] (II) event19 - Redmi AirDots_R (AVRCP): device is a keyboard
[  1364.797] (II) event19 - Redmi AirDots_R (AVRCP): device removed
[  1364.816] (**) Option "config_info" "udev:/sys/devices/virtual/input/input24/event19"
[  1364.816] (II) XINPUT: Adding extended input device "Redmi AirDots_R (AVRCP)" (type: KEYBOARD, id 18)
[  1364.816] (**) Option "xkb_model" "pc105"
[  1364.816] (**) Option "xkb_layout" "es"
[  1364.816] (WW) Option "xkb_variant" requires a string value
[  1364.816] (WW) Option "xkb_options" requires a string value
[  1364.817] (II) event19 - Redmi AirDots_R (AVRCP): is tagged by udev as: Keyboard
[  1364.817] (II) event19 - Redmi AirDots_R (AVRCP): device is a keyboard
[  1514.601] (EE) event10 - ELAN1200:00 04F3:3044 Touchpad: kernel bug: Touch jump detected and discarded.
See https://wayland.freedesktop.org/libinput/doc/1.15.5/touchpad-jumping-cursors.html for details
[  5133.898] (II) config/udev: removing device Redmi AirDots_R (AVRCP)
[  5133.898] (II) event19 - Redmi AirDots_R (AVRCP): device removed
[  5133.940] (II) UnloadModule: "libinput"
[  5623.301] (EE) event10 - ELAN1200:00 04F3:3044 Touchpad: kernel bug: Touch jump detected and discarded.
See https://wayland.freedesktop.org/libinput/doc/1.15.5/touchpad-jumping-cursors.html for details
[  5623.301] (EE) event10 - ELAN1200:00 04F3:3044 Touchpad: kernel bug: Touch jump detected and discarded.
See https://wayland.freedesktop.org/libinput/doc/1.15.5/touchpad-jumping-cursors.html for details
[  5623.329] (EE) event10 - ELAN1200:00 04F3:3044 Touchpad: kernel bug: Touch jump detected and discarded.
See https://wayland.freedesktop.org/libinput/doc/1.15.5/touchpad-jumping-cursors.html for details
[  5623.329] (EE) event10 - ELAN1200:00 04F3:3044 Touchpad: kernel bug: Touch jump detected and discarded.
See https://wayland.freedesktop.org/libinput/doc/1.15.5/touchpad-jumping-cursors.html for details
[  5623.329] (EE) event10 - ELAN1200:00 04F3:3044 Touchpad: WARNING: log rate limit exceeded (5 msgs per 7200000ms). Discarding future messages.
[  7867.288] (II) event7  - FTSC1000:00 2808:5120: device removed
[  7869.122] (II) event7  - FTSC1000:00 2808:5120: is tagged by udev as: Touchscreen
[  7869.122] (II) event7  - FTSC1000:00 2808:5120: device is a touch device
[  7883.798] (II) event7  - FTSC1000:00 2808:5120: device removed
[  7885.625] (II) event7  - FTSC1000:00 2808:5120: is tagged by udev as: Touchscreen
[  7885.625] (II) event7  - FTSC1000:00 2808:5120: device is a touch device
[  7955.256] (II) config/udev: Adding input device Redmi AirDots_R (AVRCP) (/dev/input/event19)
[  7955.259] (**) Redmi AirDots_R (AVRCP): Applying InputClass "libinput keyboard catchall"
[  7955.259] (**) Redmi AirDots_R (AVRCP): Applying InputClass "system-keyboard"
[  7955.259] (II) Using input driver 'libinput' for 'Redmi AirDots_R (AVRCP)'
[  7955.259] (**) Redmi AirDots_R (AVRCP): always reports core events
[  7955.259] (**) Option "Device" "/dev/input/event19"
[  7955.259] (**) Option "_source" "server/udev"
[  7955.262] (II) event19 - Redmi AirDots_R (AVRCP): is tagged by udev as: Keyboard
[  7955.263] (II) event19 - Redmi AirDots_R (AVRCP): device is a keyboard
[  7955.263] (II) event19 - Redmi AirDots_R (AVRCP): device removed
[  7955.284] (**) Option "config_info" "udev:/sys/devices/virtual/input/input25/event19"
[  7955.285] (II) XINPUT: Adding extended input device "Redmi AirDots_R (AVRCP)" (type: KEYBOARD, id 18)
[  7955.285] (**) Option "xkb_model" "pc105"
[  7955.285] (**) Option "xkb_layout" "es"
[  7955.285] (WW) Option "xkb_variant" requires a string value
[  7955.285] (WW) Option "xkb_options" requires a string value
[  7955.291] (II) event19 - Redmi AirDots_R (AVRCP): is tagged by udev as: Keyboard
[  7955.291] (II) event19 - Redmi AirDots_R (AVRCP): device is a keyboard
[  7988.878] (II) config/udev: removing device Redmi AirDots_R (AVRCP)
[  7988.878] (II) event19 - Redmi AirDots_R (AVRCP): device removed
[  7988.908] (II) UnloadModule: "libinput"
[  8014.454] (II) config/udev: Adding input device Redmi AirDots_R (AVRCP) (/dev/input/event19)
[  8014.454] (**) Redmi AirDots_R (AVRCP): Applying InputClass "libinput keyboard catchall"
[  8014.454] (**) Redmi AirDots_R (AVRCP): Applying InputClass "system-keyboard"
[  8014.454] (II) Using input driver 'libinput' for 'Redmi AirDots_R (AVRCP)'
[  8014.454] (**) Redmi AirDots_R (AVRCP): always reports core events
[  8014.454] (**) Option "Device" "/dev/input/event19"
[  8014.454] (**) Option "_source" "server/udev"
[  8014.457] (II) event19 - Redmi AirDots_R (AVRCP): is tagged by udev as: Keyboard
[  8014.457] (II) event19 - Redmi AirDots_R (AVRCP): device is a keyboard
[  8014.458] (II) event19 - Redmi AirDots_R (AVRCP): device removed
[  8014.476] (**) Option "config_info" "udev:/sys/devices/virtual/input/input26/event19"
[  8014.476] (II) XINPUT: Adding extended input device "Redmi AirDots_R (AVRCP)" (type: KEYBOARD, id 18)
[  8014.476] (**) Option "xkb_model" "pc105"
[  8014.476] (**) Option "xkb_layout" "es"
[  8014.477] (WW) Option "xkb_variant" requires a string value
[  8014.477] (WW) Option "xkb_options" requires a string value
[  8014.483] (II) event19 - Redmi AirDots_R (AVRCP): is tagged by udev as: Keyboard
[  8014.483] (II) event19 - Redmi AirDots_R (AVRCP): device is a keyboard
[ 10192.819] (II) config/udev: removing device Redmi AirDots_R (AVRCP)
[ 10192.819] (II) event19 - Redmi AirDots_R (AVRCP): device removed
[ 10192.849] (II) UnloadModule: "libinput"
[ 10649.809] (II) config/udev: Adding input device Redmi AirDots_R (AVRCP) (/dev/input/event19)
[ 10649.809] (**) Redmi AirDots_R (AVRCP): Applying InputClass "libinput keyboard catchall"
[ 10649.809] (**) Redmi AirDots_R (AVRCP): Applying InputClass "system-keyboard"
[ 10649.809] (II) Using input driver 'libinput' for 'Redmi AirDots_R (AVRCP)'
[ 10649.809] (**) Redmi AirDots_R (AVRCP): always reports core events
[ 10649.809] (**) Option "Device" "/dev/input/event19"
[ 10649.809] (**) Option "_source" "server/udev"
[ 10649.812] (II) event19 - Redmi AirDots_R (AVRCP): is tagged by udev as: Keyboard
[ 10649.813] (II) event19 - Redmi AirDots_R (AVRCP): device is a keyboard
[ 10649.814] (II) event19 - Redmi AirDots_R (AVRCP): device removed
[ 10649.828] (**) Option "config_info" "udev:/sys/devices/virtual/input/input27/event19"
[ 10649.828] (II) XINPUT: Adding extended input device "Redmi AirDots_R (AVRCP)" (type: KEYBOARD, id 18)
[ 10649.828] (**) Option "xkb_model" "pc105"
[ 10649.828] (**) Option "xkb_layout" "es"
[ 10649.829] (WW) Option "xkb_variant" requires a string value
[ 10649.829] (WW) Option "xkb_options" requires a string value
[ 10649.834] (II) event19 - Redmi AirDots_R (AVRCP): is tagged by udev as: Keyboard
[ 10649.834] (II) event19 - Redmi AirDots_R (AVRCP): device is a keyboard
[ 11906.027] (II) config/udev: removing device Redmi AirDots_R (AVRCP)
[ 11906.027] (II) event19 - Redmi AirDots_R (AVRCP): device removed
[ 11906.064] (II) UnloadModule: "libinput"
[ 11955.162] (EE) event10 - ELAN1200:00 04F3:3044 Touchpad: kernel bug: Touch jump detected and discarded.
See https://wayland.freedesktop.org/libinput/doc/1.15.5/touchpad-jumping-cursors.html for details
[ 12795.350] (II) config/udev: Adding input device Redmi AirDots_R (AVRCP) (/dev/input/event19)
[ 12795.350] (**) Redmi AirDots_R (AVRCP): Applying InputClass "libinput keyboard catchall"
[ 12795.351] (**) Redmi AirDots_R (AVRCP): Applying InputClass "system-keyboard"
[ 12795.351] (II) Using input driver 'libinput' for 'Redmi AirDots_R (AVRCP)'
[ 12795.351] (**) Redmi AirDots_R (AVRCP): always reports core events
[ 12795.351] (**) Option "Device" "/dev/input/event19"
[ 12795.351] (**) Option "_source" "server/udev"
[ 12795.355] (II) event19 - Redmi AirDots_R (AVRCP): is tagged by udev as: Keyboard
[ 12795.355] (II) event19 - Redmi AirDots_R (AVRCP): device is a keyboard
[ 12795.356] (II) event19 - Redmi AirDots_R (AVRCP): device removed
[ 12795.380] (**) Option "config_info" "udev:/sys/devices/virtual/input/input28/event19"
[ 12795.380] (II) XINPUT: Adding extended input device "Redmi AirDots_R (AVRCP)" (type: KEYBOARD, id 18)
[ 12795.380] (**) Option "xkb_model" "pc105"
[ 12795.380] (**) Option "xkb_layout" "es"
[ 12795.380] (WW) Option "xkb_variant" requires a string value
[ 12795.380] (WW) Option "xkb_options" requires a string value
[ 12795.387] (II) event19 - Redmi AirDots_R (AVRCP): is tagged by udev as: Keyboard
[ 12795.387] (II) event19 - Redmi AirDots_R (AVRCP): device is a keyboard
[ 15064.542] (II) config/udev: removing device Redmi AirDots_R (AVRCP)
[ 15064.542] (II) event19 - Redmi AirDots_R (AVRCP): device removed
[ 15064.566] (II) UnloadModule: "libinput"
[ 15102.065] (II) config/udev: Adding input device Redmi AirDots_R (AVRCP) (/dev/input/event19)
[ 15102.065] (**) Redmi AirDots_R (AVRCP): Applying InputClass "libinput keyboard catchall"
[ 15102.065] (**) Redmi AirDots_R (AVRCP): Applying InputClass "system-keyboard"
[ 15102.065] (II) Using input driver 'libinput' for 'Redmi AirDots_R (AVRCP)'
[ 15102.065] (**) Redmi AirDots_R (AVRCP): always reports core events
[ 15102.065] (**) Option "Device" "/dev/input/event19"
[ 15102.065] (**) Option "_source" "server/udev"
[ 15102.068] (II) event19 - Redmi AirDots_R (AVRCP): is tagged by udev as: Keyboard
[ 15102.068] (II) event19 - Redmi AirDots_R (AVRCP): device is a keyboard
[ 15102.069] (II) event19 - Redmi AirDots_R (AVRCP): device removed
[ 15102.084] (**) Option "config_info" "udev:/sys/devices/virtual/input/input29/event19"
[ 15102.085] (II) XINPUT: Adding extended input device "Redmi AirDots_R (AVRCP)" (type: KEYBOARD, id 18)
[ 15102.085] (**) Option "xkb_model" "pc105"
[ 15102.085] (**) Option "xkb_layout" "es"
[ 15102.085] (WW) Option "xkb_variant" requires a string value
[ 15102.085] (WW) Option "xkb_options" requires a string value
[ 15102.091] (II) event19 - Redmi AirDots_R (AVRCP): is tagged by udev as: Keyboard
[ 15102.091] (II) event19 - Redmi AirDots_R (AVRCP): device is a keyboard
[ 16018.289] (II) config/udev: removing device Redmi AirDots_R (AVRCP)
[ 16018.290] (II) event19 - Redmi AirDots_R (AVRCP): device removed
[ 16018.310] (II) UnloadModule: "libinput"
[ 16788.632] (EE) client bug: timer event10 tap: scheduled expiry is in the past (-461ms), your system is too slow
[ 16788.682] (II) event7  - FTSC1000:00 2808:5120: device removed
[ 17391.088] (II) event7  - FTSC1000:00 2808:5120: is tagged by udev as: Touchscreen
[ 17391.089] (II) event7  - FTSC1000:00 2808:5120: device is a touch device
[ 17455.485] (EE) event10 - ELAN1200:00 04F3:3044 Touchpad: kernel bug: Touch jump detected and discarded.
See https://wayland.freedesktop.org/libinput/doc/1.15.5/touchpad-jumping-cursors.html for details
[ 17489.637] (II) modeset(0): EDID vendor "AUO", prod id 10029
[ 17489.637] (II) modeset(0): Printing DDC gathered Modelines:
[ 17489.637] (II) modeset(0): Modeline "1920x1080"x0.0  141.00  1920 1936 1952 2104  1080 1083 1097 1116 -hsync -vsync (67.0 kHz eP)
