[    0.859812] ACPI: Thermal Zone [TZ01] (41 C)
[    0.859922] Serial: 8250/16550 driver, 32 ports, IRQ sharing enabled
[    0.863892] serial 0000:00:13.0: enabling device (0000 -> 0002)
[    0.864210] Non-volatile memory driver v1.3
[    0.864224] Linux agpgart interface v0.103
[    0.868612] tpm_tis MSFT0101:00: 2.0 TPM (device-id 0x1B, rev-id 16)
[    0.896522] intel-lpss 0000:00:15.0: enabling device (0000 -> 0002)
[    0.900770] intel-lpss 0000:00:15.1: enabling device (0000 -> 0002)
[    0.905262] libphy: Fixed MDIO Bus: probed
[    0.905347] ehci_hcd: USB 2.0 'Enhanced' Host Controller (EHCI) Driver
[    0.905348] ehci-pci: EHCI PCI platform driver
--
[    1.305688] systemd[1]: Started Journal Service.
[    1.305772] audit: type=1130 audit(1610880685.895:7): pid=1 uid=0 auid=4294967295 ses=4294967295 subj=kernel msg='unit=systemd-journald comm="systemd" exe="/usr/lib/systemd/systemd" hostname=? addr=? terminal=? res=success'
[    1.314250] audit: type=1130 audit(1610880685.903:8): pid=1 uid=0 auid=4294967295 ses=4294967295 subj=kernel msg='unit=dracut-cmdline-ask comm="systemd" exe="/usr/lib/systemd/systemd" hostname=? addr=? terminal=? res=success'
[    1.318211] audit: type=1130 audit(1610880685.907:9): pid=1 uid=0 auid=4294967295 ses=4294967295 subj=kernel msg='unit=systemd-tmpfiles-setup comm="systemd" exe="/usr/lib/systemd/systemd" hostname=? addr=? terminal=? res=success'
[    1.412034] audit: type=1130 audit(1610880686.001:10): pid=1 uid=0 auid=4294967295 ses=4294967295 subj=kernel msg='unit=dracut-cmdline comm="systemd" exe="/usr/lib/systemd/systemd" hostname=? addr=? terminal=? res=success'
[    1.700397] i2c_hid i2c-ELAN2514:00: supply vdd not found, using dummy regulator
[    1.700434] i2c_hid i2c-ELAN2514:00: supply vddl not found, using dummy regulator
[    1.700810] i2c_hid i2c-SYNA329A:00: supply vdd not found, using dummy regulator
[    1.700835] i2c_hid i2c-SYNA329A:00: supply vddl not found, using dummy regulator
[    1.701102] acpi PNP0C14:02: duplicate WMI GUID 05901221-D566-11D1-B2F0-00A0C9062910 (first instance was on PNP0C14:01)
[    1.701238] acpi PNP0C14:03: duplicate WMI GUID 05901221-D566-11D1-B2F0-00A0C9062910 (first instance was on PNP0C14:01)
[    1.779521] rtsx_pci 0000:01:00.0: enabling device (0000 -> 0002)
--
[    1.815770] nvme nvme0: 8/0/0 default/read/poll queues
[    1.821518]  nvme0n1: p1 p2 p3 p4 p8 p9
[    1.843510] tsc: Refined TSC clocksource calibration: 1992.020 MHz
[    1.843515] clocksource: tsc: mask: 0xffffffffffffffff max_cycles: 0x396d783df1f, max_idle_ns: 881590683977 ns
[    1.845251] clocksource: Switched to clocksource tsc
[    1.845969] input: ELAN2514:00 04F3:2813 Touchscreen as /devices/pci0000:00/0000:00:15.0/i2c_designware.0/i2c-0/i2c-ELAN2514:00/0018:04F3:2813.0001/input/input3
[    1.846058] input: ELAN2514:00 04F3:2813 as /devices/pci0000:00/0000:00:15.0/i2c_designware.0/i2c-0/i2c-ELAN2514:00/0018:04F3:2813.0001/input/input4
[    1.846105] input: ELAN2514:00 04F3:2813 as /devices/pci0000:00/0000:00:15.0/i2c_designware.0/i2c-0/i2c-ELAN2514:00/0018:04F3:2813.0001/input/input5
[    1.847058] input: SYNA329A:00 06CB:CD4F Mouse as /devices/pci0000:00/0000:00:15.1/i2c_designware.1/i2c-1/i2c-SYNA329A:00/0018:06CB:CD4F.0002/input/input9
[    1.847111] input: ELAN2514:00 04F3:2813 as /devices/pci0000:00/0000:00:15.0/i2c_designware.0/i2c-0/i2c-ELAN2514:00/0018:04F3:2813.0001/input/input6
[    1.847724] input: SYNA329A:00 06CB:CD4F Touchpad as /devices/pci0000:00/0000:00:15.1/i2c_designware.1/i2c-1/i2c-SYNA329A:00/0018:06CB:CD4F.0002/input/input11
[    1.847816] hid-generic 0018:04F3:2813.0001: input,hidraw0: I2C HID v1.00 Device [ELAN2514:00 04F3:2813] on i2c-ELAN2514:00
[    1.847890] hid-generic 0018:06CB:CD4F.0002: input,hidraw1: I2C HID v1.00 Mouse [SYNA329A:00 06CB:CD4F] on i2c-SYNA329A:00
[    1.926248] input: ELAN2514:00 04F3:2813 as /devices/pci0000:00/0000:00:15.0/i2c_designware.0/i2c-0/i2c-ELAN2514:00/0018:04F3:2813.0001/input/input12
[    1.926357] input: ELAN2514:00 04F3:2813 UNKNOWN as /devices/pci0000:00/0000:00:15.0/i2c_designware.0/i2c-0/i2c-ELAN2514:00/0018:04F3:2813.0001/input/input13
[    1.926405] input: ELAN2514:00 04F3:2813 UNKNOWN as /devices/pci0000:00/0000:00:15.0/i2c_designware.0/i2c-0/i2c-ELAN2514:00/0018:04F3:2813.0001/input/input14
[    1.926457] input: ELAN2514:00 04F3:2813 as /devices/pci0000:00/0000:00:15.0/i2c_designware.0/i2c-0/i2c-ELAN2514:00/0018:04F3:2813.0001/input/input15
[    1.926528] hid-multitouch 0018:04F3:2813.0001: input,hidraw0: I2C HID v1.00 Device [ELAN2514:00 04F3:2813] on i2c-ELAN2514:00
[    1.964122] input: SYNA329A:00 06CB:CD4F Mouse as /devices/pci0000:00/0000:00:15.1/i2c_designware.1/i2c-1/i2c-SYNA329A:00/0018:06CB:CD4F.0002/input/input18
[    1.964225] input: SYNA329A:00 06CB:CD4F Touchpad as /devices/pci0000:00/0000:00:15.1/i2c_designware.1/i2c-1/i2c-SYNA329A:00/0018:06CB:CD4F.0002/input/input20
[    1.964388] hid-multitouch 0018:06CB:CD4F.0002: input,hidraw1: I2C HID v1.00 Mouse [SYNA329A:00 06CB:CD4F] on i2c-SYNA329A:00
[    2.105267] i915 0000:00:02.0: [drm] VT-d active for gfx access
[    2.105277] checking generic (4000000000 1fa4000) vs hw (604a000000 1000000)
[    2.105278] checking generic (4000000000 1fa4000) vs hw (4000000000 10000000)
[    2.105279] fb0: switching to inteldrmfb from EFI VGA
[    2.105342] i915 0000:00:02.0: vgaarb: deactivate vga console
[    2.107495] i915 0000:00:02.0: vgaarb: changed VGA decodes: olddecodes=io+mem,decodes=io+mem:owns=io+mem
[    2.107966] i915 0000:00:02.0: [drm] Finished loading DMC firmware i915/kbl_dmc_ver1_04.bin (v1.4)
[    2.112272] usb 1-5: new high-speed USB device number 2 using xhci_hcd
[    2.377358] ish-hid {33AECD58-B679-4E54-9BD9-A04D34F0C226}: [hid-ish]: enum_devices_done OK, num_hid_devices=4
[    2.386694] hid-generic 001F:8087:0AC2.0003: hidraw2: <UNKNOWN> HID v2.00 Device [hid-ishtp 8087:0AC2] on 
[    2.395969] hid-generic 001F:8087:0AC2.0004: hidraw3: <UNKNOWN> HID v2.00 Device [hid-ishtp 8087:0AC2] on 
[    2.401294] hid-generic 001F:8087:0AC2.0005: hidraw4: <UNKNOWN> HID v2.00 Device [hid-ishtp 8087:0AC2] on 
[    2.403380] hid-generic 001F:8087:0AC3.0006: hidraw5: <UNKNOWN> HID v2.00 Device [hid-ishtp 8087:0AC3] on 
[    2.545108] usb 1-5: New USB device found, idVendor=04f2, idProduct=b634, bcdDevice= 0.12
[    2.545111] usb 1-5: New USB device strings: Mfr=3, Product=1, SerialNumber=2
[    2.545113] usb 1-5: Product: HP Wide Vision FHD Camera
[    2.545114] usb 1-5: Manufacturer: Chicony Electronics Co.,Ltd.
[    2.545115] usb 1-5: SerialNumber: 1
--
[   18.100181] systemd-sysv-generator[959]: SysV service '/etc/rc.d/init.d/livesys' lacks a native systemd unit file. Automatically generating a unit file for compatibility. Please update package to include a native systemd unit file, in order to make it more safe and robust.
[   18.100241] systemd-sysv-generator[959]: SysV service '/etc/rc.d/init.d/livesys-late' lacks a native systemd unit file. Automatically generating a unit file for compatibility. Please update package to include a native systemd unit file, in order to make it more safe and robust.
[   18.102586] zram_generator::generator[961]: Creating dev-zram0.swap for /dev/zram0 (4096MB)
[   18.108768] zram: Added device: zram0
[   18.156840] systemd[1]: /usr/lib/systemd/system/alsa-restore.service:15: Standard output type syslog is obsolete, automatically updating to journal. Please update your unit file, and consider removing the setting altogether.
[   18.164112] systemd[1]: /usr/lib/systemd/system/mcelog.service:8: Standard output type syslog is obsolete, automatically updating to journal. Please update your unit file, and consider removing the setting altogether.
[   18.172941] systemd[1]: /usr/lib/systemd/system/plymouth-start.service:15: Unit configured to use KillMode=none. This is unsafe, as it disables systemd's process lifecycle management for the service. Please update your service to use a safer KillMode=, such as 'mixed' or 'control-group'. Support for KillMode=none is deprecated and will eventually be removed.
[   18.211779] systemd[1]: initrd-switch-USERNAME.service: Succeeded.
[   18.211881] systemd[1]: Stopped Switch Root.
[   18.212195] systemd[1]: systemd-journald.service: Scheduled restart job, restart counter is at 1.
[   18.212355] systemd[1]: Created slice Virtual Machine and Container Slice.
--
[   18.215479] systemd[1]: Listening on initctl Compatibility Named Pipe.
[   18.216083] systemd[1]: Listening on udev Control Socket.
[   18.216313] systemd[1]: Listening on udev Kernel Socket.
[   18.216700] systemd[1]: Listening on User Database Manager Socket.
[   18.217340] systemd[1]: Mounting Huge Pages File System...
[   18.217988] systemd[1]: Mounting POSIX Message Queue File System...
[   18.218676] systemd[1]: Mounting Kernel Debug File System...
[   18.218785] systemd[1]: Condition check resulted in Kernel Module supporting RPCSEC_GSS being skipped.
[   18.219365] systemd[1]: Starting Create list of static device nodes for the current kernel...
[   18.220476] systemd[1]: Starting Monitoring of LVM2 mirrors, snapshots etc. using dmeventd or progress polling...
[   18.221754] systemd[1]: Starting Load Kernel Module configfs...
--
[  481.821528] Lockdown: systemd-logind: hibernation is restricted; see man kernel_lockdown.7
[  486.548799] PM: suspend entry (s2idle)
[  486.601599] Filesystems sync: 0.052 seconds
[  486.603149] Freezing user space processes ... (elapsed 0.002 seconds) done.
[  486.605542] OOM killer disabled.
[  486.605543] Freezing remaining freezable tasks ... (elapsed 0.000 seconds) done.
[  486.606501] printk: Suspending console(s) (use no_console_suspend to debug)
[  486.868766] PM: suspend devices took 0.262 seconds
[  486.902922] ACPI: EC: interrupt blocked
[  584.271602] ACPI: EC: interrupt unblocked
[  587.484257] PM: resume devices took 0.366 seconds
