[   429.480] 
X.Org X Server 1.20.8
X Protocol Version 11, Revision 0
[   429.485] Build Operating System: Linux 4.19.0-8-amd64 x86_64 Debian
[   429.487] Current Operating System: Linux HOSTNAME 5.5.0-1-amd64 #1 SMP Debian 5.5.13-2 (2020-03-30) x86_64
[   429.487] Kernel command line: BOOT_IMAGE=/boot/vmlinuz-5.5.0-1-amd64 USERNAME=UUID=c39107fe-aeac-4559-8086-3f49bac8e86a ro quiet
[   429.491] Build Date: 31 March 2020  10:14:40AM
[   429.492] xorg-server 2:1.20.8-2 (https://www.debian.org/support) 
[   429.494] Current version of pixman: 0.36.0
[   429.498] 	Before reporting problems, check http://wiki.x.org
	to make sure that you have the latest version.
[   429.498] Markers: (--) probed, (**) from config file, (==) default setting,
	(++) from command line, (!!) notice, (II) informational,
	(WW) warning, (EE) error, (NI) not implemented, (??) unknown.
[   429.503] (==) Log file: "/var/log/Xorg.1.log", Time: Thu Apr 30 15:11:06 2020
[   429.505] (==) Using system config directory "/usr/share/X11/xorg.conf.d"
[   429.505] (==) No Layout section.  Using the first Screen section.
[   429.505] (==) No screen section available. Using defaults.
[   429.505] (**) |-->Screen "Default Screen Section" (0)
[   429.505] (**) |   |-->Monitor "<default monitor>"
[   429.505] (==) No monitor specified for screen "Default Screen Section".
	Using a default monitor configuration.
[   429.505] (==) Automatically adding devices
[   429.505] (==) Automatically enabling devices
[   429.505] (==) Automatically adding GPU devices
[   429.505] (==) Max clients allowed: 256, resource mask: 0x1fffff
[   429.505] (WW) The directory "/usr/share/fonts/X11/cyrillic" does not exist.
[   429.505] 	Entry deleted from font path.
[   429.505] (==) FontPath set to:
	/usr/share/fonts/X11/misc,
	/usr/share/fonts/X11/100dpi/:unscaled,
	/usr/share/fonts/X11/75dpi/:unscaled,
	/usr/share/fonts/X11/Type1,
	/usr/share/fonts/X11/100dpi,
	/usr/share/fonts/X11/75dpi,
	built-ins
[   429.505] (==) ModulePath set to "/usr/lib/xorg/modules"
[   429.505] (II) The server relies on udev to provide the list of input devices.
	If no devices become available, reconfigure udev or disable AutoAddDevices.
[   429.505] (II) Loader magic: 0x5598d79f1e20
[   429.505] (II) Module ABI versions:
[   429.505] 	X.Org ANSI C Emulation: 0.4
[   429.506] 	X.Org Video Driver: 24.1
[   429.506] 	X.Org XInput driver : 24.1
[   429.506] 	X.Org Server Extension : 10.0
[   429.506] (++) using VT number 4

[   429.509] (II) systemd-logind: took control of session /org/freedesktop/login1/session/_32
[   429.510] (II) xfree86: Adding drm device (/dev/dri/card0)
[   429.512] (II) systemd-logind: got fd for /dev/dri/card0 226:0 fd 11 paused 0
[   429.514] (--) PCI:*(0@0:2:0) 8086:1916:17aa:2238 rev 7, Mem @ 0xf0000000/16777216, 0xe0000000/268435456, I/O @ 0x0000e000/64, BIOS @ 0x????????/131072
[   429.514] (II) LoadModule: "glx"
[   429.514] (II) Loading /usr/lib/xorg/modules/extensions/libglx.so
[   429.515] (II) Module glx: vendor="X.Org Foundation"
[   429.515] 	compiled for 1.20.8, module version = 1.0.0
[   429.515] 	ABI class: X.Org Server Extension, version 10.0
[   429.515] (==) Matched modesetting as autoconfigured driver 0
[   429.515] (==) Matched fbdev as autoconfigured driver 1
[   429.515] (==) Matched vesa as autoconfigured driver 2
[   429.515] (==) Assigned the driver to the xf86ConfigLayout
[   429.515] (II) LoadModule: "modesetting"
[   429.515] (II) Loading /usr/lib/xorg/modules/drivers/modesetting_drv.so
[   429.516] (II) Module modesetting: vendor="X.Org Foundation"
[   429.516] 	compiled for 1.20.8, module version = 1.20.8
[   429.516] 	Module class: X.Org Video Driver
[   429.516] 	ABI class: X.Org Video Driver, version 24.1
[   429.516] (II) LoadModule: "fbdev"
[   429.516] (II) Loading /usr/lib/xorg/modules/drivers/fbdev_drv.so
[   429.516] (II) Module fbdev: vendor="X.Org Foundation"
[   429.516] 	compiled for 1.20.0, module version = 0.5.0
[   429.516] 	Module class: X.Org Video Driver
[   429.516] 	ABI class: X.Org Video Driver, version 24.0
[   429.516] (II) LoadModule: "vesa"
[   429.516] (II) Loading /usr/lib/xorg/modules/drivers/vesa_drv.so
[   429.516] (II) Module vesa: vendor="X.Org Foundation"
[   429.516] 	compiled for 1.20.4, module version = 2.4.0
[   429.516] 	Module class: X.Org Video Driver
[   429.516] 	ABI class: X.Org Video Driver, version 24.0
[   429.516] (II) modesetting: Driver for Modesetting Kernel Drivers: kms
[   429.516] (II) FBDEV: driver for framebuffer: fbdev
[   429.516] (II) VESA: driver for VESA chipsets: vesa
[   429.516] (II) modeset(0): using drv /dev/dri/card0
[   429.516] (WW) Falling back to old probe method for fbdev
[   429.516] (II) Loading sub module "fbdevhw"
[   429.516] (II) LoadModule: "fbdevhw"
[   429.516] (II) Loading /usr/lib/xorg/modules/libfbdevhw.so
[   429.516] (II) Module fbdevhw: vendor="X.Org Foundation"
[   429.516] 	compiled for 1.20.8, module version = 0.0.2
[   429.516] 	ABI class: X.Org Video Driver, version 24.1
[   429.516] (II) modeset(0): Creating default Display subsection in Screen section
	"Default Screen Section" for depth/fbbpp 24/32
[   429.516] (==) modeset(0): Depth 24, (==) framebuffer bpp 32
[   429.516] (==) modeset(0): RGB weight 888
[   429.516] (==) modeset(0): Default visual is TrueColor
[   429.516] (II) Loading sub module "glamoregl"
[   429.516] (II) LoadModule: "glamoregl"
[   429.516] (II) Loading /usr/lib/xorg/modules/libglamoregl.so
[   429.519] (II) Module glamoregl: vendor="X.Org Foundation"
[   429.519] 	compiled for 1.20.8, module version = 1.0.1
[   429.519] 	ABI class: X.Org ANSI C Emulation, version 0.4
[   429.535] (II) modeset(0): glamor X acceleration enabled on Mesa DRI Intel(R) HD Graphics 520 (Skylake GT2) 
[   429.535] (II) modeset(0): glamor initialized
[   429.536] (II) modeset(0): Output eDP-1 has no monitor section
[   429.536] (II) modeset(0): Output DP-1 has no monitor section
[   429.541] (II) modeset(0): Output HDMI-1 has no monitor section
[   429.541] (II) modeset(0): Output DP-2 has no monitor section
[   429.545] (II) modeset(0): Output HDMI-2 has no monitor section
[   429.547] (II) modeset(0): EDID for output eDP-1
[   429.547] (II) modeset(0): Manufacturer: LGD  Model: 4aa  Serial#: 0
[   429.547] (II) modeset(0): Year: 2015  Week: 0
[   429.547] (II) modeset(0): EDID Version: 1.4
[   429.547] (II) modeset(0): Digital Display Input
[   429.547] (II) modeset(0): 6 bits per channel
[   429.547] (II) modeset(0): Digital interface is DisplayPort
[   429.547] (II) modeset(0): Max Image Size [cm]: horiz.: 31  vert.: 17
[   429.547] (II) modeset(0): Gamma: 2.20
[   429.547] (II) modeset(0): DPMS capabilities: StandBy Suspend Off
[   429.547] (II) modeset(0): Supported color encodings: RGB 4:4:4 YCrCb 4:4:4 
[   429.547] (II) modeset(0): First detailed timing is preferred mode
[   429.547] (II) modeset(0): Preferred mode is native pixel format and refresh rate
[   429.547] (II) modeset(0): redX: 0.636 redY: 0.350   greenX: 0.332 greenY: 0.629
[   429.547] (II) modeset(0): blueX: 0.154 blueY: 0.043   whiteX: 0.313 whiteY: 0.329
[   429.547] (II) modeset(0): Manufacturer's mask: 0
[   429.547] (II) modeset(0): Supported detailed timing:
[   429.547] (II) modeset(0): clock: 138.7 MHz   Image Size:  309 x 174 mm
[   429.547] (II) modeset(0): h_active: 1920  h_sync: 1968  h_sync_end 2000 h_blank_end 2080 h_border: 0
[   429.547] (II) modeset(0): v_active: 1080  v_sync: 1083  v_sync_end 1088 v_blanking: 1111 v_border: 0
[   429.547] (II) modeset(0):  LG Display
[   429.547] (II) modeset(0):  LP140WF6-SPG1
[   429.547] (II) modeset(0): EDID (in hex):
[   429.547] (II) modeset(0): 	00ffffffffffff0030e4aa0400000000
[   429.547] (II) modeset(0): 	00190104951f1178eae085a25955a127
[   429.547] (II) modeset(0): 	0b505400000001010101010101010101
[   429.547] (II) modeset(0): 	0101010101012e3680a070381f403020
[   429.547] (II) modeset(0): 	350035ae1000001a0000000000000000
[   429.547] (II) modeset(0): 	00000000000000000000000000fe004c
[   429.547] (II) modeset(0): 	4720446973706c61790a2020000000fe
[   429.547] (II) modeset(0): 	004c503134305746362d53504731008b
[   429.547] (II) modeset(0): Printing probed modes for output eDP-1
[   429.547] (II) modeset(0): Modeline "1920x1080"x60.0  138.70  1920 1968 2000 2080  1080 1083 1088 1111 +hsync -vsync (66.7 kHz eP)
[   429.547] (II) modeset(0): Modeline "1920x1080"x120.0  356.38  1920 2080 2288 2656  1080 1081 1084 1118 doublescan -hsync +vsync (134.2 kHz d)
[   429.547] (II) modeset(0): Modeline "1920x1080"x119.9  266.50  1920 1944 1960 2000  1080 1081 1084 1111 doublescan +hsync -vsync (133.2 kHz d)
[   429.547] (II) modeset(0): Modeline "1920x1080"x60.0  173.00  1920 2048 2248 2576  1080 1083 1088 1120 -hsync +vsync (67.2 kHz d)
[   429.547] (II) modeset(0): Modeline "1920x1080"x59.9  138.50  1920 1968 2000 2080  1080 1083 1088 1111 +hsync -vsync (66.6 kHz d)
[   429.547] (II) modeset(0): Modeline "1680x1050"x60.0  146.25  1680 1784 1960 2240  1050 1053 1059 1089 -hsync +vsync (65.3 kHz d)
[   429.547] (II) modeset(0): Modeline "1680x1050"x59.9  119.00  1680 1728 1760 1840  1050 1053 1059 1080 +hsync -vsync (64.7 kHz d)
[   429.547] (II) modeset(0): Modeline "1600x1024"x60.2  103.12  1600 1600 1656 1664  1024 1024 1029 1030 +hsync +vsync (62.0 kHz d)
[   429.547] (II) modeset(0): Modeline "1400x1050"x60.0  122.00  1400 1488 1640 1880  1050 1052 1064 1082 +hsync +vsync (64.9 kHz d)
[   429.547] (II) modeset(0): Modeline "1600x900"x120.0  246.00  1600 1728 1900 2200  900 901 904 932 doublescan -hsync +vsync (111.8 kHz d)
[   429.547] (II) modeset(0): Modeline "1600x900"x119.9  186.50  1600 1624 1640 1680  900 901 904 926 doublescan +hsync -vsync (111.0 kHz d)
[   429.547] (II) modeset(0): Modeline "1600x900"x59.9  118.25  1600 1696 1856 2112  900 903 908 934 -hsync +vsync (56.0 kHz d)
[   429.547] (II) modeset(0): Modeline "1600x900"x59.8   97.50  1600 1648 1680 1760  900 903 908 926 +hsync -vsync (55.4 kHz d)
[   429.547] (II) modeset(0): Modeline "1280x1024"x60.0  108.00  1280 1328 1440 1688  1024 1025 1028 1066 +hsync +vsync (64.0 kHz d)
[   429.547] (II) modeset(0): Modeline "1440x900"x59.9  106.50  1440 1520 1672 1904  900 903 909 934 -hsync +vsync (55.9 kHz d)
[   429.547] (II) modeset(0): Modeline "1400x900"x60.0  103.50  1400 1480 1624 1848  900 903 913 934 -hsync +vsync (56.0 kHz d)
[   429.547] (II) modeset(0): Modeline "1400x900"x59.9   86.50  1400 1448 1480 1560  900 903 913 926 +hsync -vsync (55.4 kHz d)
[   429.547] (II) modeset(0): Modeline "1280x960"x60.0  108.00  1280 1376 1488 1800  960 961 964 1000 +hsync +vsync (60.0 kHz d)
[   429.547] (II) modeset(0): Modeline "1440x810"x120.0  198.12  1440 1548 1704 1968  810 811 814 839 doublescan -hsync +vsync (100.7 kHz d)
[   429.547] (II) modeset(0): Modeline "1440x810"x119.9  151.88  1440 1464 1480 1520  810 811 814 833 doublescan +hsync -vsync (99.9 kHz d)
[   429.547] (II) modeset(0): Modeline "1368x768"x59.9   85.25  1368 1440 1576 1784  768 771 781 798 -hsync +vsync (47.8 kHz d)
[   429.547] (II) modeset(0): Modeline "1368x768"x59.9   72.25  1368 1416 1448 1528  768 771 781 790 +hsync -vsync (47.3 kHz d)
[   429.547] (II) modeset(0): Modeline "1360x768"x59.8   84.75  1360 1432 1568 1776  768 771 781 798 -hsync +vsync (47.7 kHz d)
[   429.547] (II) modeset(0): Modeline "1360x768"x60.0   72.00  1360 1408 1440 1520  768 771 781 790 +hsync -vsync (47.4 kHz d)
[   429.547] (II) modeset(0): Modeline "1280x800"x120.0  174.25  1280 1380 1516 1752  800 801 804 829 doublescan -hsync +vsync (99.5 kHz d)
[   429.547] (II) modeset(0): Modeline "1280x800"x119.9  134.25  1280 1304 1320 1360  800 801 804 823 doublescan +hsync -vsync (98.7 kHz d)
[   429.547] (II) modeset(0): Modeline "1280x800"x59.8   83.50  1280 1352 1480 1680  800 803 809 831 -hsync +vsync (49.7 kHz d)
[   429.547] (II) modeset(0): Modeline "1280x800"x59.9   71.00  1280 1328 1360 1440  800 803 809 823 +hsync -vsync (49.3 kHz d)
[   429.547] (II) modeset(0): Modeline "1152x864"x60.0   81.62  1152 1216 1336 1520  864 865 868 895 -hsync +vsync (53.7 kHz d)
[   429.547] (II) modeset(0): Modeline "1280x720"x120.0  156.12  1280 1376 1512 1744  720 721 724 746 doublescan -hsync +vsync (89.5 kHz d)
[   429.547] (II) modeset(0): Modeline "1280x720"x120.0  120.75  1280 1304 1320 1360  720 721 724 740 doublescan +hsync -vsync (88.8 kHz d)
[   429.547] (II) modeset(0): Modeline "1280x720"x59.9   74.50  1280 1344 1472 1664  720 723 728 748 -hsync +vsync (44.8 kHz d)
[   429.547] (II) modeset(0): Modeline "1280x720"x59.7   63.75  1280 1328 1360 1440  720 723 728 741 +hsync -vsync (44.3 kHz d)
[   429.547] (II) modeset(0): Modeline "1024x768"x120.1  133.47  1024 1100 1212 1400  768 768 770 794 doublescan -hsync +vsync (95.3 kHz d)
[   429.547] (II) modeset(0): Modeline "1024x768"x60.0   65.00  1024 1048 1184 1344  768 771 777 806 -hsync -vsync (48.4 kHz d)
[   429.547] (II) modeset(0): Modeline "960x720"x120.0  117.00  960 1024 1128 1300  720 720 722 750 doublescan -hsync +vsync (90.0 kHz d)
[   429.547] (II) modeset(0): Modeline "928x696"x120.1  109.15  928 976 1088 1264  696 696 698 719 doublescan -hsync +vsync (86.4 kHz d)
[   429.547] (II) modeset(0): Modeline "896x672"x120.0  102.40  896 960 1060 1224  672 672 674 697 doublescan -hsync +vsync (83.7 kHz d)
[   429.547] (II) modeset(0): Modeline "1024x576"x119.9   98.50  1024 1092 1200 1376  576 577 580 597 doublescan -hsync +vsync (71.6 kHz d)
[   429.547] (II) modeset(0): Modeline "1024x576"x119.9   78.38  1024 1048 1064 1104  576 577 580 592 doublescan +hsync -vsync (71.0 kHz d)
[   429.547] (II) modeset(0): Modeline "1024x576"x59.9   46.50  1024 1064 1160 1296  576 579 584 599 -hsync +vsync (35.9 kHz d)
[   429.547] (II) modeset(0): Modeline "1024x576"x59.8   42.00  1024 1072 1104 1184  576 579 584 593 +hsync -vsync (35.5 kHz d)
[   429.547] (II) modeset(0): Modeline "960x600"x119.9   96.62  960 1028 1128 1296  600 601 604 622 doublescan -hsync +vsync (74.6 kHz d)
[   429.547] (II) modeset(0): Modeline "960x600"x120.0   77.00  960 984 1000 1040  600 601 604 617 doublescan +hsync -vsync (74.0 kHz d)
[   429.547] (II) modeset(0): Modeline "960x540"x119.9   86.50  960 1024 1124 1288  540 541 544 560 doublescan -hsync +vsync (67.2 kHz d)
[   429.547] (II) modeset(0): Modeline "960x540"x120.0   69.25  960 984 1000 1040  540 541 544 555 doublescan +hsync -vsync (66.6 kHz d)
[   429.547] (II) modeset(0): Modeline "960x540"x59.6   40.75  960 992 1088 1216  540 543 548 562 -hsync +vsync (33.5 kHz d)
[   429.547] (II) modeset(0): Modeline "960x540"x59.8   37.25  960 1008 1040 1120  540 543 548 556 +hsync -vsync (33.3 kHz d)
[   429.547] (II) modeset(0): Modeline "800x600"x120.0   81.00  800 832 928 1080  600 600 602 625 doublescan +hsync +vsync (75.0 kHz d)
[   429.547] (II) modeset(0): Modeline "800x600"x60.3   40.00  800 840 968 1056  600 601 605 628 +hsync +vsync (37.9 kHz d)
[   429.548] (II) modeset(0): Modeline "800x600"x56.2   36.00  800 824 896 1024  600 601 603 625 +hsync +vsync (35.2 kHz d)
[   429.548] (II) modeset(0): Modeline "840x525"x120.0   73.12  840 892 980 1120  525 526 529 544 doublescan -hsync +vsync (65.3 kHz d)
[   429.548] (II) modeset(0): Modeline "840x525"x119.8   59.50  840 864 880 920  525 526 529 540 doublescan +hsync -vsync (64.7 kHz d)
[   429.548] (II) modeset(0): Modeline "864x486"x59.9   32.50  864 888 968 1072  486 489 494 506 -hsync +vsync (30.3 kHz d)
[   429.548] (II) modeset(0): Modeline "864x486"x59.6   30.50  864 912 944 1024  486 489 494 500 +hsync -vsync (29.8 kHz d)
[   429.548] (II) modeset(0): Modeline "800x512"x120.3   51.56  800 800 828 832  512 512 514 515 doublescan +hsync +vsync (62.0 kHz d)
[   429.548] (II) modeset(0): Modeline "700x525"x120.0   61.00  700 744 820 940  525 526 532 541 doublescan +hsync +vsync (64.9 kHz d)
[   429.548] (II) modeset(0): Modeline "800x450"x119.9   59.12  800 848 928 1056  450 451 454 467 doublescan -hsync +vsync (56.0 kHz d)
[   429.548] (II) modeset(0): Modeline "800x450"x119.6   48.75  800 824 840 880  450 451 454 463 doublescan +hsync -vsync (55.4 kHz d)
[   429.548] (II) modeset(0): Modeline "640x512"x120.0   54.00  640 664 720 844  512 512 514 533 doublescan +hsync +vsync (64.0 kHz d)
[   429.548] (II) modeset(0): Modeline "720x450"x119.8   53.25  720 760 836 952  450 451 454 467 doublescan -hsync +vsync (55.9 kHz d)
[   429.548] (II) modeset(0): Modeline "700x450"x119.9   51.75  700 740 812 924  450 451 456 467 doublescan -hsync +vsync (56.0 kHz d)
[   429.548] (II) modeset(0): Modeline "700x450"x119.8   43.25  700 724 740 780  450 451 456 463 doublescan +hsync -vsync (55.4 kHz d)
[   429.548] (II) modeset(0): Modeline "640x480"x120.0   54.00  640 688 744 900  480 480 482 500 doublescan +hsync +vsync (60.0 kHz d)
[   429.548] (II) modeset(0): Modeline "640x480"x59.9   25.18  640 656 752 800  480 490 492 525 -hsync -vsync (31.5 kHz d)
[   429.548] (II) modeset(0): Modeline "720x405"x59.5   22.50  720 744 808 896  405 408 413 422 -hsync +vsync (25.1 kHz d)
[   429.548] (II) modeset(0): Modeline "720x405"x59.0   21.75  720 768 800 880  405 408 413 419 +hsync -vsync (24.7 kHz d)
[   429.548] (II) modeset(0): Modeline "684x384"x119.8   42.62  684 720 788 892  384 385 390 399 doublescan -hsync +vsync (47.8 kHz d)
[   429.548] (II) modeset(0): Modeline "684x384"x119.7   36.12  684 708 724 764  384 385 390 395 doublescan +hsync -vsync (47.3 kHz d)
[   429.548] (II) modeset(0): Modeline "680x384"x119.6   42.38  680 716 784 888  384 385 390 399 doublescan -hsync +vsync (47.7 kHz d)
[   429.548] (II) modeset(0): Modeline "680x384"x119.9   36.00  680 704 720 760  384 385 390 395 doublescan +hsync -vsync (47.4 kHz d)
[   429.548] (II) modeset(0): Modeline "640x400"x119.8   41.75  640 676 740 840  400 401 404 415 doublescan -hsync +vsync (49.7 kHz d)
[   429.548] (II) modeset(0): Modeline "640x400"x120.0   35.50  640 664 680 720  400 401 404 411 doublescan +hsync -vsync (49.3 kHz d)
[   429.548] (II) modeset(0): Modeline "576x432"x120.1   40.81  576 608 668 760  432 432 434 447 doublescan -hsync +vsync (53.7 kHz d)
[   429.548] (II) modeset(0): Modeline "640x360"x119.7   37.25  640 672 736 832  360 361 364 374 doublescan -hsync +vsync (44.8 kHz d)
[   429.548] (II) modeset(0): Modeline "640x360"x119.7   31.88  640 664 680 720  360 361 364 370 doublescan +hsync -vsync (44.3 kHz d)
[   429.548] (II) modeset(0): Modeline "640x360"x59.8   18.00  640 664 720 800  360 363 368 376 -hsync +vsync (22.5 kHz d)
[   429.548] (II) modeset(0): Modeline "640x360"x59.3   17.75  640 688 720 800  360 363 368 374 +hsync -vsync (22.2 kHz d)
[   429.548] (II) modeset(0): Modeline "512x384"x120.0   32.50  512 524 592 672  384 385 388 403 doublescan -hsync -vsync (48.4 kHz d)
[   429.548] (II) modeset(0): Modeline "512x288"x120.0   23.25  512 532 580 648  288 289 292 299 doublescan -hsync +vsync (35.9 kHz d)
[   429.548] (II) modeset(0): Modeline "512x288"x119.8   21.00  512 536 552 592  288 289 292 296 doublescan +hsync -vsync (35.5 kHz d)
[   429.548] (II) modeset(0): Modeline "480x270"x119.3   20.38  480 496 544 608  270 271 274 281 doublescan -hsync +vsync (33.5 kHz d)
[   429.548] (II) modeset(0): Modeline "480x270"x119.6   18.62  480 504 520 560  270 271 274 278 doublescan +hsync -vsync (33.3 kHz d)
[   429.548] (II) modeset(0): Modeline "400x300"x120.6   20.00  400 420 484 528  300 300 302 314 doublescan +hsync +vsync (37.9 kHz d)
[   429.548] (II) modeset(0): Modeline "400x300"x112.7   18.00  400 412 448 512  300 300 301 312 doublescan +hsync +vsync (35.2 kHz d)
[   429.548] (II) modeset(0): Modeline "432x243"x119.8   16.25  432 444 484 536  243 244 247 253 doublescan -hsync +vsync (30.3 kHz d)
[   429.548] (II) modeset(0): Modeline "432x243"x119.1   15.25  432 456 472 512  243 244 247 250 doublescan +hsync -vsync (29.8 kHz d)
[   429.548] (II) modeset(0): Modeline "320x240"x120.1   12.59  320 328 376 400  240 245 246 262 doublescan -hsync -vsync (31.5 kHz d)
[   429.548] (II) modeset(0): Modeline "360x202"x119.0   11.25  360 372 404 448  202 204 206 211 doublescan -hsync +vsync (25.1 kHz d)
[   429.548] (II) modeset(0): Modeline "360x202"x118.3   10.88  360 384 400 440  202 204 206 209 doublescan +hsync -vsync (24.7 kHz d)
[   429.548] (II) modeset(0): Modeline "320x180"x119.7    9.00  320 332 360 400  180 181 184 188 doublescan -hsync +vsync (22.5 kHz d)
[   429.548] (II) modeset(0): Modeline "320x180"x118.6    8.88  320 344 360 400  180 181 184 187 doublescan +hsync -vsync (22.2 kHz d)
[   429.548] (II) modeset(0): EDID for output DP-1
[   429.552] (II) modeset(0): EDID for output HDMI-1
[   429.552] (II) modeset(0): EDID for output DP-2
[   429.557] (II) modeset(0): EDID for output HDMI-2
[   429.557] (II) modeset(0): Output eDP-1 connected
[   429.557] (II) modeset(0): Output DP-1 disconnected
[   429.557] (II) modeset(0): Output HDMI-1 disconnected
[   429.557] (II) modeset(0): Output DP-2 disconnected
[   429.557] (II) modeset(0): Output HDMI-2 disconnected
[   429.557] (II) modeset(0): Using exact sizes for initial modes
[   429.557] (II) modeset(0): Output eDP-1 using initial mode 1920x1080 +0+0
[   429.557] (==) modeset(0): Using gamma correction (1.0, 1.0, 1.0)
[   429.557] (==) modeset(0): DPI set to (96, 96)
[   429.557] (II) Loading sub module "fb"
[   429.557] (II) LoadModule: "fb"
[   429.557] (II) Loading /usr/lib/xorg/modules/libfb.so
[   429.557] (II) Module fb: vendor="X.Org Foundation"
[   429.557] 	compiled for 1.20.8, module version = 1.0.0
[   429.557] 	ABI class: X.Org ANSI C Emulation, version 0.4
[   429.557] (II) UnloadModule: "fbdev"
[   429.557] (II) Unloading fbdev
[   429.557] (II) UnloadSubModule: "fbdevhw"
[   429.557] (II) Unloading fbdevhw
[   429.557] (II) UnloadModule: "vesa"
[   429.557] (II) Unloading vesa
[   429.611] (==) modeset(0): Backing store enabled
[   429.611] (==) modeset(0): Silken mouse enabled
[   429.718] (II) modeset(0): Initializing kms color map for depth 24, 8 bpc.
[   429.719] (==) modeset(0): DPMS enabled
[   429.719] (II) modeset(0): [DRI2] Setup complete
[   429.719] (II) modeset(0): [DRI2]   DRI driver: i965
[   429.719] (II) modeset(0): [DRI2]   VDPAU driver: va_gl
[   429.719] (II) Initializing extension Generic Event Extension
[   429.719] (II) Initializing extension SHAPE
[   429.720] (II) Initializing extension MIT-SHM
[   429.720] (II) Initializing extension XInputExtension
[   429.720] (II) Initializing extension XTEST
[   429.721] (II) Initializing extension BIG-REQUESTS
[   429.721] (II) Initializing extension SYNC
[   429.721] (II) Initializing extension XKEYBOARD
[   429.722] (II) Initializing extension XC-MISC
[   429.722] (II) Initializing extension SECURITY
[   429.722] (II) Initializing extension XFIXES
[   429.723] (II) Initializing extension RENDER
[   429.723] (II) Initializing extension RANDR
[   429.724] (II) Initializing extension COMPOSITE
[   429.724] (II) Initializing extension DAMAGE
[   429.724] (II) Initializing extension MIT-SCREEN-SAVER
[   429.725] (II) Initializing extension DOUBLE-BUFFER
[   429.725] (II) Initializing extension RECORD
[   429.725] (II) Initializing extension DPMS
[   429.725] (II) Initializing extension Present
[   429.726] (II) Initializing extension DRI3
[   429.726] (II) Initializing extension X-Resource
[   429.726] (II) Initializing extension XVideo
[   429.727] (II) Initializing extension XVideo-MotionCompensation
[   429.727] (II) Initializing extension SELinux
[   429.727] (II) SELinux: Disabled on system
[   429.727] (II) Initializing extension GLX
[   429.740] (II) AIGLX: Loaded and initialized i965
[   429.740] (II) GLX: Initialized DRI2 GL provider for screen 0
[   429.741] (II) Initializing extension XFree86-VidModeExtension
[   429.741] (II) Initializing extension XFree86-DGA
[   429.741] (II) Initializing extension XFree86-DRI
[   429.741] (II) Initializing extension DRI2
[   429.746] (II) modeset(0): Damage tracking initialized
[   429.746] (II) modeset(0): Setting screen physical size to 508 x 285
[   429.803] (II) config/udev: Adding input device Power Button (/dev/input/event9)
[   429.803] (**) Power Button: Applying InputClass "libinput keyboard catchall"
[   429.803] (II) LoadModule: "libinput"
[   429.803] (II) Loading /usr/lib/xorg/modules/input/libinput_drv.so
[   429.804] (II) Module libinput: vendor="X.Org Foundation"
[   429.804] 	compiled for 1.20.4, module version = 0.29.0
[   429.804] 	Module class: X.Org XInput Driver
[   429.804] 	ABI class: X.Org XInput driver, version 24.1
[   429.804] (II) Using input driver 'libinput' for 'Power Button'
[   429.806] (II) systemd-logind: got fd for /dev/input/event9 13:73 fd 23 paused 0
[   429.806] (**) Power Button: always reports core events
[   429.806] (**) Option "Device" "/dev/input/event9"
[   429.806] (**) Option "_source" "server/udev"
[   429.808] (II) event9  - Power Button: is tagged by udev as: Keyboard
[   429.808] (II) event9  - Power Button: device is a keyboard
[   429.808] (II) event9  - Power Button: device removed
[   429.808] (**) Option "config_info" "udev:/sys/devices/LNXSYSTM:00/LNXPWRBN:00/input/input11/event9"
[   429.808] (II) XINPUT: Adding extended input device "Power Button" (type: KEYBOARD, id 6)
[   429.808] (**) Option "xkb_model" "pc105"
[   429.808] (**) Option "xkb_layout" "us"
[   429.809] (II) event9  - Power Button: is tagged by udev as: Keyboard
[   429.810] (II) event9  - Power Button: device is a keyboard
[   429.810] (II) config/udev: Adding input device Video Bus (/dev/input/event14)
[   429.810] (**) Video Bus: Applying InputClass "libinput keyboard catchall"
[   429.810] (II) Using input driver 'libinput' for 'Video Bus'
[   429.811] (II) systemd-logind: got fd for /dev/input/event14 13:78 fd 26 paused 0
[   429.811] (**) Video Bus: always reports core events
[   429.811] (**) Option "Device" "/dev/input/event14"
[   429.811] (**) Option "_source" "server/udev"
[   429.812] (II) event14 - Video Bus: is tagged by udev as: Keyboard
[   429.812] (II) event14 - Video Bus: device is a keyboard
[   429.812] (II) event14 - Video Bus: device removed
[   429.812] (**) Option "config_info" "udev:/sys/devices/LNXSYSTM:00/LNXSYBUS:00/PNP0A08:00/LNXVIDEO:00/input/input15/event14"
[   429.813] (II) XINPUT: Adding extended input device "Video Bus" (type: KEYBOARD, id 7)
[   429.813] (**) Option "xkb_model" "pc105"
[   429.813] (**) Option "xkb_layout" "us"
[   429.814] (II) event14 - Video Bus: is tagged by udev as: Keyboard
[   429.814] (II) event14 - Video Bus: device is a keyboard
[   429.815] (II) config/udev: Adding input device Lid Switch (/dev/input/event7)
[   429.815] (II) No input driver specified, ignoring this device.
[   429.815] (II) This device may have been added with another device file.
[   429.815] (II) config/udev: Adding input device Sleep Button (/dev/input/event8)
[   429.815] (**) Sleep Button: Applying InputClass "libinput keyboard catchall"
[   429.815] (II) Using input driver 'libinput' for 'Sleep Button'
[   429.816] (II) systemd-logind: got fd for /dev/input/event8 13:72 fd 27 paused 0
[   429.816] (**) Sleep Button: always reports core events
[   429.816] (**) Option "Device" "/dev/input/event8"
[   429.816] (**) Option "_source" "server/udev"
[   429.817] (II) event8  - Sleep Button: is tagged by udev as: Keyboard
[   429.818] (II) event8  - Sleep Button: device is a keyboard
[   429.818] (II) event8  - Sleep Button: device removed
[   429.818] (**) Option "config_info" "udev:/sys/devices/LNXSYSTM:00/LNXSYBUS:00/PNP0C0E:00/input/input10/event8"
[   429.818] (II) XINPUT: Adding extended input device "Sleep Button" (type: KEYBOARD, id 8)
[   429.818] (**) Option "xkb_model" "pc105"
[   429.818] (**) Option "xkb_layout" "us"
[   429.819] (II) event8  - Sleep Button: is tagged by udev as: Keyboard
[   429.819] (II) event8  - Sleep Button: device is a keyboard
[   429.820] (II) config/udev: Adding input device Wacom Pen and multitouch sensor Finger (/dev/input/event2)
[   429.820] (**) Wacom Pen and multitouch sensor Finger: Applying InputClass "libinput touchscreen catchall"
[   429.820] (**) Wacom Pen and multitouch sensor Finger: Applying InputClass "Wacom USB touchscreen class"
[   429.820] (**) Wacom Pen and multitouch sensor Finger: Applying InputClass "Wacom touchscreen class"
[   429.820] (II) LoadModule: "wacom"
[   429.820] (II) Loading /usr/lib/xorg/modules/input/wacom_drv.so
[   429.820] (II) Module wacom: vendor="X.Org Foundation"
[   429.820] 	compiled for 1.20.4, module version = 0.34.99
[   429.820] 	Module class: X.Org XInput Driver
[   429.820] 	ABI class: X.Org XInput driver, version 24.1
[   429.820] (II) wacom: Driver for Wacom graphics tablets: PenPartner, Graphire,
	Graphire2 4x5, Graphire2 5x7, Graphire3 4x5, Graphire3 6x8,
	Graphire4 4x5, Graphire4 6x8, BambooFun 4x5, BambooFun 6x8,
	Bamboo1 Medium, Graphire4 6x8 BlueTooth, CTL-460, CTH-461, CTL-660,
	CTL-461/S, Bamboo Touch, CTH-460/K, CTH-461/S, CTH-661/S1, CTH-461/L,
	CTH-661/L, Intuos 4x5, Intuos 6x8, Intuos 9x12, Intuos 12x12,
	Intuos 12x18, PTU600, PL400, PL500, PL600, PL600SX, PL550, PL800,
	PL700, PL510, PL710, DTI520, DTF720, DTF720a, DTF521, DTU1931,
	DTU2231, DTU1631, Intuos2 4x5, Intuos2 6x8, Intuos2 9x12,
	Intuos2 12x12, Intuos2 12x18, Intuos2 6x8 , Volito, PenStation,
	Volito2 4x5, Volito2 2x3, PenPartner2, Bamboo, Bamboo1, Bamboo1 4x6,
	Bamboo1 5x8, Intuos3 4x5, Intuos3 6x8, Intuos3 9x12, Intuos3 12x12,
	Intuos3 12x19, Intuos3 6x11, Intuos3 4x6, Intuos4 4x6, Intuos4 6x9,
	Intuos4 8x13, Intuos4 12x19, Intuos4 WL USB Endpoint,
	Intuos4 WL Bluetooth Endpoint, Intuos5 touch S, Intuos5 touch M,
	Intuos5 touch L, Intuos5 S, Intuos5 M, Intuos Pro S, Intuos Pro M,
	Intuos Pro L, Cintiq 21UX, Cintiq 20WSX, Cintiq 12WX, Cintiq 21UX2,
	Cintiq 24HD, Cintiq 22HD, Cintiq 24HD touch (EMR digitizer),
	Cintiq 13HD, DTK2241, DTH2242, Cintiq 22HDT, Mobilestudio Pro 13,
	MobileStudio Pro 16, MobileStudio Pro 13, MobileStudio Pro 16,
	Cintiq 13 FHD Pro, Cintiq 16 UHD Pro, Cintiq 13 FHD Pro,
	Cintiq 16 UHD Pro, TabletPC 0x90, TabletPC 0x93, TabletPC 0x97,
	TabletPC 0x9A, CapPlus  0x9F, TabletPC 0xE2, TabletPC 0xE3,
	TabletPC 0xE5, TabletPC 0xE6, TabletPC 0xEC, TabletPC 0xED,
	TabletPC 0xEF, TabletPC 0x100, TabletPC 0x101, TabletPC 0x10D,
	TabletPC 0x116, TabletPC 0x12C, TabletPC 0x4001, TabletPC 0x4004,
	TabletPC 0x5000, TabletPC 0x5002, usb:172f:0024, usb:172f:0025,
	usb:172f:0026, usb:172f:0027, usb:172f:0028, usb:172f:0030,
	usb:172f:0031, usb:172f:0032, usb:172f:0033, usb:172f:0034,
	usb:172f:0035, usb:172f:0036, usb:172f:0037, usb:172f:0038,
	usb:172f:0039, usb:172f:0051, usb:172f:0052, usb:172f:0053,
	usb:172f:0054, usb:172f:0055, usb:172f:0056, usb:172f:0057,
	usb:172f:0058, usb:172f:0500, usb:172f:0501, usb:172f:0502,
	usb:172f:0503, usb:1b96:0001, usb:17ef:6004
[   429.821] (II) Using input driver 'wacom' for 'Wacom Pen and multitouch sensor Finger'
[   429.822] (II) systemd-logind: got fd for /dev/input/event2 13:66 fd 28 paused 0
[   429.822] (**) Wacom Pen and multitouch sensor Finger: always reports core events
[   429.822] (**) Option "Device" "/dev/input/event2"
[   429.823] (EE) Wacom Pen and multitouch sensor Finger: Invalid type 'stylus' for this device.
[   429.823] (EE) Wacom Pen and multitouch sensor Finger: Invalid type 'eraser' for this device.
[   429.823] (EE) Wacom Pen and multitouch sensor Finger: Invalid type 'cursor' for this device.
[   429.823] (II) Wacom Pen and multitouch sensor Finger: type not specified, assuming 'touch'.
[   429.823] (II) Wacom Pen and multitouch sensor Finger: other types will be automatically added.
[   429.823] (--) Wacom Pen and multitouch sensor Finger touch: maxX=12364 maxY=6956 maxZ=0 resX=40000 resY=40000 
[   429.823] (II) Wacom Pen and multitouch sensor Finger touch: hotplugging dependent devices.
[   429.823] (EE) Wacom Pen and multitouch sensor Finger touch: Invalid type 'stylus' for this device.
[   429.823] (EE) Wacom Pen and multitouch sensor Finger touch: Invalid type 'eraser' for this device.
[   429.823] (EE) Wacom Pen and multitouch sensor Finger touch: Invalid type 'cursor' for this device.
[   429.823] (EE) Wacom Pen and multitouch sensor Finger touch: Invalid type 'pad' for this device.
[   429.823] (II) Wacom Pen and multitouch sensor Finger touch: hotplugging completed.
[   429.823] (**) Option "config_info" "udev:/sys/devices/pci0000:00/0000:00:14.0/usb1/1-10/1-10:1.0/0003:056A:5093.0003/input/input17/event2"
[   429.823] (II) XINPUT: Adding extended input device "Wacom Pen and multitouch sensor Finger touch" (type: TOUCH, id 9)
[   429.823] (**) Wacom Pen and multitouch sensor Finger touch: (accel) keeping acceleration scheme 1
[   429.823] (**) Wacom Pen and multitouch sensor Finger touch: (accel) acceleration profile 0
[   429.823] (**) Wacom Pen and multitouch sensor Finger touch: (accel) acceleration factor: 2.000
[   429.823] (**) Wacom Pen and multitouch sensor Finger touch: (accel) acceleration threshold: 4
[   429.824] (II) config/udev: Adding input device Wacom Pen and multitouch sensor Finger (/dev/input/mouse1)
[   429.824] (II) No input driver specified, ignoring this device.
[   429.824] (II) This device may have been added with another device file.
[   429.824] (II) config/udev: Adding input device Wacom Pen and multitouch sensor Pen (/dev/input/event18)
[   429.824] (**) Wacom Pen and multitouch sensor Pen: Applying InputClass "libinput tablet catchall"
[   429.824] (**) Wacom Pen and multitouch sensor Pen: Applying InputClass "Wacom USB tablet class"
[   429.824] (**) Wacom Pen and multitouch sensor Pen: Applying InputClass "Wacom tablet class"
[   429.824] (II) Using input driver 'wacom' for 'Wacom Pen and multitouch sensor Pen'
[   429.825] (II) systemd-logind: got fd for /dev/input/event18 13:82 fd 29 paused 0
[   429.826] (**) Wacom Pen and multitouch sensor Pen: always reports core events
[   429.826] (**) Option "Device" "/dev/input/event18"
[   429.826] (II) Wacom Pen and multitouch sensor Pen: type not specified, assuming 'stylus'.
[   429.826] (II) Wacom Pen and multitouch sensor Pen: other types will be automatically added.
[   429.826] (--) Wacom Pen and multitouch sensor Pen stylus: using pressure threshold of 851 for button 1
[   429.826] (--) Wacom Pen and multitouch sensor Pen stylus: maxX=30914 maxY=17389 maxZ=2047 resX=100000 resY=100000  tilt=enabled
[   429.826] (II) Wacom Pen and multitouch sensor Pen stylus: hotplugging dependent devices.
[   429.826] (EE) Wacom Pen and multitouch sensor Pen stylus: Invalid type 'cursor' for this device.
[   429.826] (EE) Wacom Pen and multitouch sensor Pen stylus: Invalid type 'touch' for this device.
[   429.826] (EE) Wacom Pen and multitouch sensor Pen stylus: Invalid type 'pad' for this device.
[   429.826] (II) Wacom Pen and multitouch sensor Pen stylus: hotplugging completed.
[   429.826] (**) Option "config_info" "udev:/sys/devices/pci0000:00/0000:00:14.0/usb1/1-10/1-10:1.1/0003:056A:5093.0004/input/input26/event18"
[   429.826] (II) XINPUT: Adding extended input device "Wacom Pen and multitouch sensor Pen stylus" (type: STYLUS, id 10)
[   429.826] (**) Wacom Pen and multitouch sensor Pen stylus: (accel) keeping acceleration scheme 1
[   429.826] (**) Wacom Pen and multitouch sensor Pen stylus: (accel) acceleration profile 0
[   429.826] (**) Wacom Pen and multitouch sensor Pen stylus: (accel) acceleration factor: 2.000
[   429.826] (**) Wacom Pen and multitouch sensor Pen stylus: (accel) acceleration threshold: 4
[   429.827] (II) config/udev: Adding input device Wacom Pen and multitouch sensor Pen (/dev/input/mouse2)
[   429.827] (II) No input driver specified, ignoring this device.
[   429.827] (II) This device may have been added with another device file.
[   429.827] (II) config/udev: Adding input device Integrated Camera: Integrated C (/dev/input/event13)
[   429.827] (**) Integrated Camera: Integrated C: Applying InputClass "libinput keyboard catchall"
[   429.827] (II) Using input driver 'libinput' for 'Integrated Camera: Integrated C'
[   429.828] (II) systemd-logind: got fd for /dev/input/event13 13:77 fd 30 paused 0
[   429.828] (**) Integrated Camera: Integrated C: always reports core events
[   429.828] (**) Option "Device" "/dev/input/event13"
[   429.828] (**) Option "_source" "server/udev"
[   429.829] (II) event13 - Integrated Camera: Integrated C: is tagged by udev as: Keyboard
[   429.829] (II) event13 - Integrated Camera: Integrated C: device is a keyboard
[   429.830] (II) event13 - Integrated Camera: Integrated C: device removed
[   429.830] (**) Option "config_info" "udev:/sys/devices/pci0000:00/0000:00:14.0/usb1/1-8/1-8:1.0/input/input14/event13"
[   429.830] (II) XINPUT: Adding extended input device "Integrated Camera: Integrated C" (type: KEYBOARD, id 11)
[   429.830] (**) Option "xkb_model" "pc105"
[   429.830] (**) Option "xkb_layout" "us"
[   429.831] (II) event13 - Integrated Camera: Integrated C: is tagged by udev as: Keyboard
[   429.831] (II) event13 - Integrated Camera: Integrated C: device is a keyboard
[   429.832] (II) config/udev: Adding input device HDA Intel PCH Mic (/dev/input/event3)
[   429.832] (II) No input driver specified, ignoring this device.
[   429.832] (II) This device may have been added with another device file.
[   429.832] (II) config/udev: Adding input device HDA Intel PCH Headphone (/dev/input/event4)
[   429.832] (II) No input driver specified, ignoring this device.
[   429.832] (II) This device may have been added with another device file.
[   429.832] (II) config/udev: Adding input device HDA Intel PCH HDMI/DP,pcm=3 (/dev/input/event5)
[   429.832] (II) No input driver specified, ignoring this device.
[   429.832] (II) This device may have been added with another device file.
[   429.833] (II) config/udev: Adding input device HDA Intel PCH HDMI/DP,pcm=7 (/dev/input/event6)
[   429.833] (II) No input driver specified, ignoring this device.
[   429.833] (II) This device may have been added with another device file.
[   429.833] (II) config/udev: Adding input device HDA Intel PCH HDMI/DP,pcm=8 (/dev/input/event15)
[   429.833] (II) No input driver specified, ignoring this device.
[   429.833] (II) This device may have been added with another device file.
[   429.834] (II) config/udev: Adding input device HDA Intel PCH HDMI/DP,pcm=9 (/dev/input/event16)
[   429.834] (II) No input driver specified, ignoring this device.
[   429.834] (II) This device may have been added with another device file.
[   429.834] (II) config/udev: Adding input device HDA Intel PCH HDMI/DP,pcm=10 (/dev/input/event17)
[   429.834] (II) No input driver specified, ignoring this device.
[   429.834] (II) This device may have been added with another device file.
[   429.835] (II) config/udev: Adding input device AT Translated Set 2 keyboard (/dev/input/event0)
[   429.835] (**) AT Translated Set 2 keyboard: Applying InputClass "libinput keyboard catchall"
[   429.835] (II) Using input driver 'libinput' for 'AT Translated Set 2 keyboard'
[   429.836] (II) systemd-logind: got fd for /dev/input/event0 13:64 fd 31 paused 0
[   429.836] (**) AT Translated Set 2 keyboard: always reports core events
[   429.836] (**) Option "Device" "/dev/input/event0"
[   429.836] (**) Option "_source" "server/udev"
[   429.837] (II) event0  - AT Translated Set 2 keyboard: is tagged by udev as: Keyboard
[   429.837] (II) event0  - AT Translated Set 2 keyboard: device is a keyboard
[   429.837] (II) event0  - AT Translated Set 2 keyboard: device removed
[   429.837] (**) Option "config_info" "udev:/sys/devices/platform/i8042/serio0/input/input0/event0"
[   429.837] (II) XINPUT: Adding extended input device "AT Translated Set 2 keyboard" (type: KEYBOARD, id 12)
[   429.837] (**) Option "xkb_model" "pc105"
[   429.837] (**) Option "xkb_layout" "us"
[   429.838] (II) event0  - AT Translated Set 2 keyboard: is tagged by udev as: Keyboard
[   429.838] (II) event0  - AT Translated Set 2 keyboard: device is a keyboard
[   429.839] (II) config/udev: Adding input device SynPS/2 Synaptics TouchPad (/dev/input/event1)
[   429.839] (**) SynPS/2 Synaptics TouchPad: Applying InputClass "libinput touchpad catchall"
[   429.839] (II) Using input driver 'libinput' for 'SynPS/2 Synaptics TouchPad'
[   429.840] (II) systemd-logind: got fd for /dev/input/event1 13:65 fd 32 paused 0
[   429.841] (**) SynPS/2 Synaptics TouchPad: always reports core events
[   429.841] (**) Option "Device" "/dev/input/event1"
[   429.841] (**) Option "_source" "server/udev"
[   429.842] (II) event1  - SynPS/2 Synaptics TouchPad: is tagged by udev as: Touchpad
[   429.843] (II) event1  - SynPS/2 Synaptics TouchPad: device is a touchpad
[   429.843] (II) event1  - SynPS/2 Synaptics TouchPad: device removed
[   429.844] (**) Option "config_info" "udev:/sys/devices/platform/i8042/serio1/input/input2/event1"
[   429.844] (II) XINPUT: Adding extended input device "SynPS/2 Synaptics TouchPad" (type: TOUCHPAD, id 13)
[   429.845] (**) Option "AccelerationScheme" "none"
[   429.845] (**) SynPS/2 Synaptics TouchPad: (accel) selected scheme none/0
[   429.845] (**) SynPS/2 Synaptics TouchPad: (accel) acceleration factor: 2.000
[   429.845] (**) SynPS/2 Synaptics TouchPad: (accel) acceleration threshold: 4
[   429.846] (II) event1  - SynPS/2 Synaptics TouchPad: is tagged by udev as: Touchpad
[   429.848] (II) event1  - SynPS/2 Synaptics TouchPad: device is a touchpad
[   429.849] (II) config/udev: Adding input device SynPS/2 Synaptics TouchPad (/dev/input/mouse0)
[   429.849] (II) No input driver specified, ignoring this device.
[   429.849] (II) This device may have been added with another device file.
[   429.849] (II) config/udev: Adding input device TPPS/2 IBM TrackPoint (/dev/input/event12)
[   429.849] (**) TPPS/2 IBM TrackPoint: Applying InputClass "libinput pointer catchall"
[   429.849] (II) Using input driver 'libinput' for 'TPPS/2 IBM TrackPoint'
[   429.850] (II) systemd-logind: got fd for /dev/input/event12 13:76 fd 33 paused 0
[   429.850] (**) TPPS/2 IBM TrackPoint: always reports core events
[   429.850] (**) Option "Device" "/dev/input/event12"
[   429.850] (**) Option "_source" "server/udev"
[   429.851] (II) event12 - TPPS/2 IBM TrackPoint: is tagged by udev as: Mouse Pointingstick
[   429.852] (II) event12 - TPPS/2 IBM TrackPoint: trackpoint multiplier is 1.25
[   429.852] (II) event12 - TPPS/2 IBM TrackPoint: device is a pointer
[   429.852] (II) event12 - TPPS/2 IBM TrackPoint: device removed
[   429.852] (**) Option "config_info" "udev:/sys/devices/platform/i8042/serio1/serio2/input/input3/event12"
[   429.852] (II) XINPUT: Adding extended input device "TPPS/2 IBM TrackPoint" (type: MOUSE, id 14)
[   429.853] (**) Option "AccelerationScheme" "none"
[   429.853] (**) TPPS/2 IBM TrackPoint: (accel) selected scheme none/0
[   429.853] (**) TPPS/2 IBM TrackPoint: (accel) acceleration factor: 2.000
[   429.853] (**) TPPS/2 IBM TrackPoint: (accel) acceleration threshold: 4
[   429.854] (II) event12 - TPPS/2 IBM TrackPoint: is tagged by udev as: Mouse Pointingstick
[   429.854] (II) event12 - TPPS/2 IBM TrackPoint: trackpoint multiplier is 1.25
[   429.854] (II) event12 - TPPS/2 IBM TrackPoint: device is a pointer
[   429.855] (II) config/udev: Adding input device TPPS/2 IBM TrackPoint (/dev/input/mouse5)
[   429.855] (II) No input driver specified, ignoring this device.
[   429.855] (II) This device may have been added with another device file.
[   429.856] (II) config/udev: Adding input device PC Speaker (/dev/input/event11)
[   429.856] (II) No input driver specified, ignoring this device.
[   429.856] (II) This device may have been added with another device file.
[   429.856] (II) config/udev: Adding input device ThinkPad Extra Buttons (/dev/input/event10)
[   429.856] (**) ThinkPad Extra Buttons: Applying InputClass "libinput keyboard catchall"
[   429.856] (II) Using input driver 'libinput' for 'ThinkPad Extra Buttons'
[   429.858] (II) systemd-logind: got fd for /dev/input/event10 13:74 fd 34 paused 0
[   429.858] (**) ThinkPad Extra Buttons: always reports core events
[   429.858] (**) Option "Device" "/dev/input/event10"
[   429.858] (**) Option "_source" "server/udev"
[   429.859] (II) event10 - ThinkPad Extra Buttons: is tagged by udev as: Keyboard Switch
[   429.859] (II) event10 - ThinkPad Extra Buttons: device is a keyboard
[   429.859] (II) event10 - ThinkPad Extra Buttons: device is a switch device
[   429.859] (II) event10 - ThinkPad Extra Buttons: device removed
[   429.859] (**) Option "config_info" "udev:/sys/devices/platform/thinkpad_acpi/input/input12/event10"
[   429.859] (II) XINPUT: Adding extended input device "ThinkPad Extra Buttons" (type: KEYBOARD, id 15)
[   429.859] (**) Option "xkb_model" "pc105"
[   429.859] (**) Option "xkb_layout" "us"
[   429.860] (II) event10 - ThinkPad Extra Buttons: is tagged by udev as: Keyboard Switch
[   429.860] (II) event10 - ThinkPad Extra Buttons: device is a keyboard
[   429.860] (II) event10 - ThinkPad Extra Buttons: device is a switch device
[   429.889] (**) Wacom Pen and multitouch sensor Pen eraser: Applying InputClass "libinput tablet catchall"
[   429.889] (**) Wacom Pen and multitouch sensor Pen eraser: Applying InputClass "Wacom USB tablet class"
[   429.889] (**) Wacom Pen and multitouch sensor Pen eraser: Applying InputClass "Wacom tablet class"
[   429.889] (II) Using input driver 'wacom' for 'Wacom Pen and multitouch sensor Pen eraser'
[   429.889] (II) systemd-logind: returning pre-existing fd for /dev/input/event18 13:82
[   429.889] (**) Wacom Pen and multitouch sensor Pen eraser: always reports core events
[   429.889] (**) Option "Device" "/dev/input/event18"
[   429.889] (**) Option "Type" "eraser"
[   429.889] (--) Wacom Pen and multitouch sensor Pen eraser: maxX=30914 maxY=17389 maxZ=2047 resX=100000 resY=100000  tilt=enabled
[   429.889] (**) Option "config_info" "udev:/sys/devices/pci0000:00/0000:00:14.0/usb1/1-10/1-10:1.1/0003:056A:5093.0004/input/input26/event18"
[   429.889] (II) XINPUT: Adding extended input device "Wacom Pen and multitouch sensor Pen eraser" (type: ERASER, id 16)
[   429.889] (**) Wacom Pen and multitouch sensor Pen eraser: (accel) keeping acceleration scheme 1
[   429.889] (**) Wacom Pen and multitouch sensor Pen eraser: (accel) acceleration profile 0
[   429.889] (**) Wacom Pen and multitouch sensor Pen eraser: (accel) acceleration factor: 2.000
[   429.889] (**) Wacom Pen and multitouch sensor Pen eraser: (accel) acceleration threshold: 4
[   430.439] (II) modeset(0): EDID vendor "LGD", prod id 1194
[   430.439] (II) modeset(0): Printing DDC gathered Modelines:
[   430.439] (II) modeset(0): Modeline "1920x1080"x0.0  138.70  1920 1968 2000 2080  1080 1083 1088 1111 +hsync -vsync (66.7 kHz eP)
[   430.882] (II) modeset(0): EDID vendor "LGD", prod id 1194
[   430.882] (II) modeset(0): Printing DDC gathered Modelines:
[   430.882] (II) modeset(0): Modeline "1920x1080"x0.0  138.70  1920 1968 2000 2080  1080 1083 1088 1111 +hsync -vsync (66.7 kHz eP)
[   436.142] (**) Option "fd" "23"
[   436.142] (II) event9  - Power Button: device removed
[   436.142] (**) Option "fd" "26"
[   436.142] (II) event14 - Video Bus: device removed
[   436.142] (**) Option "fd" "27"
[   436.142] (II) event8  - Sleep Button: device removed
[   436.142] (**) Option "fd" "30"
[   436.142] (II) event13 - Integrated Camera: Integrated C: device removed
[   436.142] (**) Option "fd" "31"
[   436.142] (II) event0  - AT Translated Set 2 keyboard: device removed
[   436.142] (**) Option "fd" "32"
[   436.142] (II) event1  - SynPS/2 Synaptics TouchPad: device removed
[   436.142] (**) Option "fd" "33"
[   436.142] (II) event12 - TPPS/2 IBM TrackPoint: device removed
[   436.142] (**) Option "fd" "34"
[   436.142] (II) event10 - ThinkPad Extra Buttons: device removed
[   436.152] (II) UnloadModule: "wacom"
[   436.152] (II) systemd-logind: not releasing fd for 13:82, still in use
[   436.152] (II) UnloadModule: "libinput"
[   436.152] (II) systemd-logind: releasing fd for 13:74
[   436.166] (II) UnloadModule: "libinput"
[   436.166] (II) systemd-logind: releasing fd for 13:76
[   436.178] (II) UnloadModule: "libinput"
[   436.178] (II) systemd-logind: releasing fd for 13:65
[   436.194] (II) UnloadModule: "libinput"
[   436.194] (II) systemd-logind: releasing fd for 13:64
[   436.210] (II) UnloadModule: "libinput"
[   436.210] (II) systemd-logind: releasing fd for 13:77
[   436.226] (II) UnloadModule: "wacom"
[   436.226] (II) systemd-logind: releasing fd for 13:82
[   436.246] (II) UnloadModule: "wacom"
[   436.246] (II) systemd-logind: releasing fd for 13:66
[   436.266] (II) UnloadModule: "libinput"
[   436.266] (II) systemd-logind: releasing fd for 13:72
[   436.282] (II) UnloadModule: "libinput"
[   436.282] (II) systemd-logind: releasing fd for 13:78
[   436.310] (II) UnloadModule: "libinput"
[   436.310] (II) systemd-logind: releasing fd for 13:73
[   436.378] (II) Server terminated successfully (0). Closing log file.
