[    3.496910] systemd[1]: Stopped Switch Root.
[    3.521752] EXT4-fs (dm-1): re-mounted. Opts: (null)
[    3.729172] systemd-journald[665]: Received request to flush runtime journal from PID 1
[    3.998870] intel-lpss 0000:00:15.0: enabling device (0000 -> 0002)
[    4.010645] idma64 idma64.0: Found Intel integrated DMA 64-bit
[    4.016110] i2c_hid i2c-ELAN0650:01: i2c-ELAN0650:01 supply vdd not found, using dummy regulator
[    4.016126] i2c_hid i2c-ELAN0650:01: i2c-ELAN0650:01 supply vddl not found, using dummy regulator
[    4.017226] mei_me 0000:00:16.0: enabling device (0000 -> 0002)
[    4.030797] i801_smbus 0000:00:1f.4: SPD Write Disable is set
[    4.030867] i801_smbus 0000:00:1f.4: SMBus using PCI interrupt
[    4.032465] input: Ideapad extra buttons as /devices/pci0000:00/0000:00:1f.0/PNP0C09:00/VPC2004:00/input/input6
[    4.039015] input: ELAN0650:01 04F3:304B Mouse as /devices/pci0000:00/0000:00:15.0/i2c_designware.0/i2c-4/i2c-ELAN0650:01/0018:04F3:304B.0001/input/input7
[    4.039269] input: ELAN0650:01 04F3:304B Touchpad as /devices/pci0000:00/0000:00:15.0/i2c_designware.0/i2c-4/i2c-ELAN0650:01/0018:04F3:304B.0001/input/input8
[    4.039553] hid-generic 0018:04F3:304B.0001: input,hidraw0: I2C HID v1.00 Mouse [ELAN0650:01 04F3:304B] on i2c-ELAN0650:01
[    4.069177] media: Linux media interface: v0.10
[    4.070867] RAPL PMU: API unit is 2^-32 Joules, 5 fixed counters, 655360 ms ovfl timer
[    4.070868] RAPL PMU: hw unit of domain pp0-core 2^-14 Joules
[    4.070869] RAPL PMU: hw unit of domain package 2^-14 Joules
[    4.070870] RAPL PMU: hw unit of domain dram 2^-14 Joules
--
[    4.108269] intel-lpss 0000:00:15.1: enabling device (0000 -> 0002)
[    4.108698] idma64 idma64.1: Found Intel integrated DMA 64-bit
[    4.109673] videodev: Linux video capture interface: v2.00
[    4.124127] cfg80211: Loading compiled-in X.509 certificates for regulatory database
[    4.124989] cfg80211: Loaded X.509 cert 'sforshee: 00b28ddf47aef9cea7'
[    4.134721] i2c_hid i2c-WCOM50E9:00: i2c-WCOM50E9:00 supply vdd not found, using dummy regulator
[    4.134765] i2c_hid i2c-WCOM50E9:00: i2c-WCOM50E9:00 supply vddl not found, using dummy regulator
[    4.141453] Bluetooth: Core ver 2.22
[    4.141469] NET: Registered protocol family 31
[    4.141469] Bluetooth: HCI device and connection manager initialized
[    4.141472] Bluetooth: HCI socket layer initialized
[    4.141474] Bluetooth: L2CAP socket layer initialized
--
[    4.162514] Bluetooth: hci0: Debug lock is disabled
[    4.162516] Bluetooth: hci0: Minimum firmware build 1 week 10 2014
[    4.163155] Intel(R) Wireless WiFi driver for Linux
[    4.163157] Copyright(c) 2003- 2015 Intel Corporation
[    4.166992] Bluetooth: hci0: Found device firmware: intel/ibt-18-16-1.sfi
[    4.180691] input: WCOM50E9:00 056A:50E9 Touchscreen as /devices/pci0000:00/0000:00:15.1/i2c_designware.1/i2c-6/i2c-WCOM50E9:00/0018:056A:50E9.0002/input/input9
[    4.180875] input: WCOM50E9:00 056A:50E9 as /devices/pci0000:00/0000:00:15.1/i2c_designware.1/i2c-6/i2c-WCOM50E9:00/0018:056A:50E9.0002/input/input10
[    4.180951] input: WCOM50E9:00 056A:50E9 as /devices/pci0000:00/0000:00:15.1/i2c_designware.1/i2c-6/i2c-WCOM50E9:00/0018:056A:50E9.0002/input/input11
[    4.181044] input: WCOM50E9:00 056A:50E9 as /devices/pci0000:00/0000:00:15.1/i2c_designware.1/i2c-6/i2c-WCOM50E9:00/0018:056A:50E9.0002/input/input12
[    4.181148] input: WCOM50E9:00 056A:50E9 Mouse as /devices/pci0000:00/0000:00:15.1/i2c_designware.1/i2c-6/i2c-WCOM50E9:00/0018:056A:50E9.0002/input/input13
[    4.181252] hid-generic 0018:056A:50E9.0002: input,hidraw1: I2C HID v1.00 Mouse [WCOM50E9:00 056A:50E9] on i2c-WCOM50E9:00
[    4.186515] intel-lpss 0000:00:15.2: enabling device (0000 -> 0002)
[    4.186878] idma64 idma64.2: Found Intel integrated DMA 64-bit
[    4.190386] i2c_hid i2c-NPCE0388:00: i2c-NPCE0388:00 supply vdd not found, using dummy regulator
[    4.190406] i2c_hid i2c-NPCE0388:00: i2c-NPCE0388:00 supply vddl not found, using dummy regulator
[    4.198400] iwlwifi 0000:03:00.0: loaded firmware version 46.3cfab8da.0 op_mode iwlmvm
--
[    4.258589] snd_hda_codec_realtek hdaudioC0D0:    hp_outs=1 (0x21/0x0/0x0/0x0/0x0)
[    4.258590] snd_hda_codec_realtek hdaudioC0D0:    mono: mono_out=0x0
[    4.258591] snd_hda_codec_realtek hdaudioC0D0:    inputs:
[    4.258593] snd_hda_codec_realtek hdaudioC0D0:      Mic=0x19
[    4.258594] snd_hda_codec_realtek hdaudioC0D0:      Internal Mic=0x12
[    4.263091] hid-generic 0018:0416:C300.0003: hidraw2: I2C HID v1.00 Device [NPCE0388:00 0416:C300] on i2c-NPCE0388:00
[    4.336083] input: HDA Intel PCH Mic as /devices/pci0000:00/0000:00:1f.3/sound/card0/input15
[    4.336171] input: HDA Intel PCH Headphone as /devices/pci0000:00/0000:00:1f.3/sound/card0/input16
[    4.336233] input: HDA Intel PCH HDMI/DP,pcm=3 as /devices/pci0000:00/0000:00:1f.3/sound/card0/input17
[    4.336286] input: HDA Intel PCH HDMI/DP,pcm=7 as /devices/pci0000:00/0000:00:1f.3/sound/card0/input18
[    4.336364] input: HDA Intel PCH HDMI/DP,pcm=8 as /devices/pci0000:00/0000:00:1f.3/sound/card0/input19
--
[    4.382770] intel_rapl: Found RAPL domain dram
[    4.410214] iwlwifi 0000:03:00.0: base HW address: 74:e5:f9:5e:8a:8f
[    4.488481] ieee80211 phy0: Selected rate control algorithm 'iwl-mvm-rs'
[    4.488709] thermal thermal_zone2: failed to read out thermal zone (-61)
[    4.503562] iwlwifi 0000:03:00.0 wlp3s0: renamed from wlan0
[    4.505560] input: ELAN0650:01 04F3:304B Touchpad as /devices/pci0000:00/0000:00:15.0/i2c_designware.0/i2c-4/i2c-ELAN0650:01/0018:04F3:304B.0001/input/input23
[    4.526549] hid-multitouch 0018:04F3:304B.0001: input,hidraw0: I2C HID v1.00 Mouse [ELAN0650:01 04F3:304B] on i2c-ELAN0650:01
[    4.556928] input: Wacom HID 50E9 Pen as /devices/pci0000:00/0000:00:15.1/i2c_designware.1/i2c-6/i2c-WCOM50E9:00/0018:056A:50E9.0002/input/input24
[    4.557145] input: Wacom HID 50E9 Finger as /devices/pci0000:00/0000:00:15.1/i2c_designware.1/i2c-6/i2c-WCOM50E9:00/0018:056A:50E9.0002/input/input25
[    4.557242] wacom 0018:056A:50E9.0002: hidraw1: I2C HID v1.00 Mouse [WCOM50E9:00 056A:50E9] on i2c-WCOM50E9:00
[    4.836998] EXT4-fs (sda5): mounted filesystem with ordered data mode. Opts: (null)
[    4.867825] EXT4-fs (dm-0): mounted filesystem with ordered data mode. Opts: (null)
[    5.142062] RPC: Registered named UNIX socket transport module.
[    5.142063] RPC: Registered udp transport module.
[    5.142064] RPC: Registered tcp transport module.
