[    0.452831] thermal LNXTHERM:00: registered as thermal_zone0
[    0.452833] ACPI: thermal: Thermal Zone [TZ01] (61 C)
[    0.452998] Serial: 8250/16550 driver, 32 ports, IRQ sharing enabled
[    0.455316] Non-volatile memory driver v1.3
[    0.455317] Linux agpgart interface v0.103
[    0.468745] tpm_crb MSFT0101:00: Disabling hwrng
[    0.469499] ACPI: bus type drm_connector registered
[    0.471814] usbcore: registered new interface driver usbserial_generic
[    0.471819] usbserial: USB Serial support registered for generic
[    0.471896] rtc_cmos 00:01: RTC can wake from S4
[    0.472169] rtc_cmos 00:01: registered as rtc0
--
[    1.043091] systemd[1]: Starting Apply Kernel Variables...
[    1.048288] systemd[1]: Finished Create Static Device Nodes in /dev gracefully.
[    1.048907] systemd[1]: Starting Create System Users...
[    1.049632] systemd[1]: Finished Apply Kernel Variables.
[    1.052631] systemd[1]: Finished dracut ask for additional cmdline parameters.
[    1.053186] systemd[1]: Starting dracut cmdline hook...
[    1.056090] systemd[1]: Finished Create System Users.
[    1.056676] systemd[1]: Starting Create Static Device Nodes in /dev...
[    1.061903] systemd[1]: Started Journal Service.
[    1.158984] raid6: skipped pq benchmark and selected avx2x4
[    1.158988] raid6: using avx2x2 recovery algorithm
--
[    1.468523] ccp 0000:04:00.2: enabling device (0000 -> 0002)
[    1.468524] pcie_mp2_amd 0000:04:00.7: enabling device (0000 -> 0002)
[    1.470046] ccp 0000:04:00.2: tee enabled
[    1.470316] ccp 0000:04:00.2: psp enabled
[    1.471162] cryptd: max_cpu_qlen set to 1000
[    1.478774] hid-generic 0020:1022:0001.0001: hidraw0: SENSOR HUB HID v0.00 Device [hid-amdsfh 1022:0001] on pcie_mp2_amd
[    1.552329] input: ELAN06FA:00 04F3:3293 Mouse as /devices/platform/AMDI0010:00/i2c-0/i2c-ELAN06FA:00/0018:04F3:3293.0002/input/input3
[    1.552502] input: ELAN06FA:00 04F3:3293 Touchpad as /devices/platform/AMDI0010:00/i2c-0/i2c-ELAN06FA:00/0018:04F3:3293.0002/input/input5
[    1.552696] hid-generic 0018:04F3:3293.0002: input,hidraw1: I2C HID v1.00 Mouse [ELAN06FA:00 04F3:3293] on i2c-ELAN06FA:00
[    1.609035] input: WACF2200:00 056A:5365 Touchscreen as /devices/platform/AMDI0010:02/i2c-2/i2c-WACF2200:00/0018:056A:5365.0003/input/input6
[    1.637740] input: WACF2200:00 056A:5365 as /devices/platform/AMDI0010:02/i2c-2/i2c-WACF2200:00/0018:056A:5365.0003/input/input7
[    1.637992] input: WACF2200:00 056A:5365 Stylus as /devices/platform/AMDI0010:02/i2c-2/i2c-WACF2200:00/0018:056A:5365.0003/input/input8
[    1.638250] input: WACF2200:00 056A:5365 as /devices/platform/AMDI0010:02/i2c-2/i2c-WACF2200:00/0018:056A:5365.0003/input/input9
[    1.638503] input: WACF2200:00 056A:5365 Mouse as /devices/platform/AMDI0010:02/i2c-2/i2c-WACF2200:00/0018:056A:5365.0003/input/input10
[    1.638860] hid-generic 0018:056A:5365.0003: input,hidraw1: I2C HID v1.00 Mouse [WACF2200:00 056A:5365] on i2c-WACF2200:00
[    1.642391] hid-sensor-hub 0020:1022:0001.0001: hidraw0: SENSOR HUB HID v0.00 Device [hid-amdsfh 1022:0001] on pcie_mp2_amd
[    1.643620] i8042: PNP: PS/2 Controller [PNP0303:KBC0] at 0x60,0x64 irq 1
[    1.643624] i8042: PNP: PS/2 appears to have AUX port disabled, if this is incorrect please boot with i8042.nopnp
[    1.646369] serio: i8042 KBD port at 0x60,0x64 irq 1
[    1.646803] usbcore: registered new interface driver usbhid
[    1.646805] usbhid: USB HID core driver
[    1.647849] input: ELAN06FA:00 04F3:3293 Mouse as /devices/platform/AMDI0010:00/i2c-0/i2c-ELAN06FA:00/0018:04F3:3293.0002/input/input11
[    1.647932] input: ELAN06FA:00 04F3:3293 Touchpad as /devices/platform/AMDI0010:00/i2c-0/i2c-ELAN06FA:00/0018:04F3:3293.0002/input/input13
[    1.647955] AVX2 version of gcm_enc/dec engaged.
[    1.648004] hid-multitouch 0018:04F3:3293.0002: input,hidraw2: I2C HID v1.00 Mouse [ELAN06FA:00 04F3:3293] on i2c-ELAN06FA:00
[    1.648014] AES CTR mode by8 optimization enabled
[    1.648148] xhci_hcd 0000:04:00.3: xHCI Host Controller
[    1.648162] xhci_hcd 0000:04:00.3: new USB bus registered, assigned bus number 1
[    1.648560] xhci_hcd 0000:04:00.3: hcc params 0x0120ffc5 hci version 0x120 quirks 0x0000000200000010
[    1.648948] xhci_hcd 0000:04:00.3: xHCI Host Controller
--
[    1.666609] hub 10-0:1.0: 1 port detected
[    1.688841] nvme nvme0: allocated 32 MiB host memory buffer.
[    1.691262] nvme nvme0: 16/0/0 default/read/poll queues
[    1.696615]  nvme0n1: p1 p2 p3
[    1.710309] input: AT Translated Set 2 keyboard as /devices/platform/i8042/serio0/input/input14
[    1.838773] wacom 0018:056A:5365.0003: hidraw1: I2C HID v1.00 Mouse [WACF2200:00 056A:5365] on i2c-WACF2200:00
[    1.838808] input: Wacom HID 5365 Pen as /devices/platform/AMDI0010:02/i2c-2/i2c-WACF2200:00/0018:056A:5365.0003/input/input15
[    1.838918] input: Wacom HID 5365 Finger as /devices/platform/AMDI0010:02/i2c-2/i2c-WACF2200:00/0018:056A:5365.0003/input/input16
[    1.910817] usb 3-2: new high-speed USB device number 2 using xhci_hcd
[    1.917683] usb 5-1: new high-speed USB device number 2 using xhci_hcd
[    1.999370] PM: Image not found (code -22)
[    2.041640] BTRFS: device label endeavouros devid 1 transid 28 /dev/nvme0n1p2 (259:2) scanned by mount (432)
[    2.041887] BTRFS info (device nvme0n1p2): first mount of filesystem c0d6fade-251e-46aa-a1a4-53f8f24d76f4
--
[    3.104552] systemd[1]: Starting Load Kernel Module drm...
[    3.105079] systemd[1]: Starting Load Kernel Module fuse...
[    3.105714] systemd[1]: Starting Load Kernel Module loop...
[    3.105822] systemd[1]: systemd-fsck-USERNAME.service: Deactivated successfully.
[    3.105889] systemd[1]: Stopped File System Check on Root Device.
[    3.106058] systemd[1]: Clear Stale Hibernate Storage Info was skipped because of an unmet condition check (ConditionPathExists=/sys/firmware/efi/efivars/HibernateLocation-8cf2644b-4b0b-428f-9387-6d876050dc67).
[    3.107784] systemd[1]: Starting Journal Service...
[    3.108958] systemd[1]: Starting Load Kernel Modules...
[    3.109009] systemd[1]: TPM PCR Machine ID Measurement was skipped because of an unmet condition check (ConditionSecurity=measured-uki).
[    3.109870] systemd[1]: Starting Remount Root and Kernel File Systems...
[    3.110001] systemd[1]: Early TPM SRK Setup was skipped because of an unmet condition check (ConditionSecurity=measured-uki).
