[    0.553671] ACPI: EC: event unblocked
[    0.553682] ACPI: EC: EC_CMD/EC_SC=0x66, EC_DATA=0x62
[    0.553684] ACPI: EC: GPE=0x16
[    0.553687] ACPI: \_SB_.PCI0.LPCB.EC__: Boot ECDT EC initialization complete
[    0.553690] ACPI: \_SB_.PCI0.LPCB.EC__: EC: Used to handle transactions and events
[    0.554368] iommu: Default domain type: Translated
[    0.554368] iommu: DMA domain TLB invalidation policy: lazy mode
[    0.554508] SCSI subsystem initialized
[    0.554517] libata version 3.00 loaded.
[    0.554517] ACPI: bus type USB registered
[    0.554517] usbcore: registered new interface driver usbfs
[    0.554517] usbcore: registered new interface driver hub
--
[    2.316047] evm: security.SMACK64MMAP (disabled)
[    2.316049] evm: security.apparmor (disabled)
[    2.316050] evm: security.ima
[    2.316052] evm: security.capability
[    2.316053] evm: HMAC attrs: 0x1
[    2.359799] psmouse serio1: elantech: assuming hardware version 4 (with firmware version 0x7f3001)
[    2.371428] psmouse serio1: elantech: Synaptics capabilities query result 0x90, 0x18, 0x0f.
[    2.387370] psmouse serio1: elantech: Elan sample query result 00, 80, c9
[    2.389049] usb 1-6: New USB device found, idVendor=04f3, idProduct=2d4a, bcdDevice=57.11
[    2.389059] usb 1-6: New USB device strings: Mfr=4, Product=14, SerialNumber=0
[    2.389064] usb 1-6: Product: Touchscreen
[    2.389068] usb 1-6: Manufacturer: ELAN
[    2.396505] input: ELAN Touchscreen as /devices/pci0000:00/0000:00:14.0/usb1/1-6/1-6:1.0/0003:04F3:2D4A.0001/input/input6
[    2.396554] input: ELAN Touchscreen as /devices/pci0000:00/0000:00:14.0/usb1/1-6/1-6:1.0/0003:04F3:2D4A.0001/input/input7
[    2.396575] input: ELAN Touchscreen as /devices/pci0000:00/0000:00:14.0/usb1/1-6/1-6:1.0/0003:04F3:2D4A.0001/input/input8
[    2.396624] hid-generic 0003:04F3:2D4A.0001: input,hiddev96,hidraw0: USB HID v1.10 Device [ELAN Touchscreen] on usb-0000:00:14.0-6/input0
[    2.397603] psmouse serio1: elantech: Elan ic body: 0x10, current fw version: 0x3
[    2.400135] alg: No test for 842 (842-scomp)
[    2.400148] alg: No test for 842 (842-generic)
[    2.419299] psmouse serio1: elantech: Trying to set up SMBus access
[    2.419312] psmouse serio1: elantech: SMbus companion is not ready yet
[    2.444268] input: ETPS/2 Elantech TrackPoint as /devices/platform/i8042/serio1/input/input10
[    2.456094] input: ETPS/2 Elantech Touchpad as /devices/platform/i8042/serio1/input/input5
[    2.486563] PM:   Magic number: 12:874:689
[    2.489428] RAS: Correctable Errors collector initialized.
[    2.497013] clk: Disabling unused clocks
[    2.497014] PM: genpd: Disabling unused power domains
[    2.497944] Freeing unused decrypted memory: 2028K
--
[    2.877975] systemd[1]: Finished systemd-sysusers.service - Create System Users.
[    2.878638] systemd[1]: Starting systemd-tmpfiles-setup-dev.service - Create Static Device Nodes in /dev...
[    2.881055] systemd[1]: Started systemd-journald.service - Journal Service.
[    2.883780] usb 1-10: New USB device found, idVendor=8087, idProduct=0026, bcdDevice= 0.02
[    2.883784] usb 1-10: New USB device strings: Mfr=0, Product=0, SerialNumber=0
[    3.264262] input: ELAN Touchscreen as /devices/pci0000:00/0000:00:14.0/usb1/1-6/1-6:1.0/0003:04F3:2D4A.0001/input/input11
[    3.264357] e1000e: Intel(R) PRO/1000 Network Driver
[    3.264359] e1000e: Copyright(c) 1999 - 2015 Intel Corporation.
[    3.264847] e1000e 0000:00:1f.6: Interrupt Throttling Rate (ints/sec) set to dynamic conservative mode
[    3.273107] input: ELAN Touchscreen UNKNOWN as /devices/pci0000:00/0000:00:14.0/usb1/1-6/1-6:1.0/0003:04F3:2D4A.0001/input/input12
[    3.277301] input: ELAN Touchscreen UNKNOWN as /devices/pci0000:00/0000:00:14.0/usb1/1-6/1-6:1.0/0003:04F3:2D4A.0001/input/input13
[    3.278854] sdhci: Secure Digital Host Controller Interface driver
[    3.278857] sdhci: Copyright(c) Pierre Ossman
[    3.290239] sdhci-pci 0000:02:00.0: SDHCI controller found [17a0:9750] (rev 1)
[    3.291809] nvme nvme0: pci function 0000:2e:00.0
[    3.295665] hid-multitouch 0003:04F3:2D4A.0001: input,hiddev96,hidraw0: USB HID v1.10 Device [ELAN Touchscreen] on usb-0000:00:14.0-6/input0
[    3.329591] mmc0: SDHCI controller on PCI [0000:02:00.0] using ADMA
[    3.346511] nvme nvme0: 8/0/0 default/read/poll queues
[    3.349345]  nvme0n1: p1 p2 p3 p4 p5
[    3.369153] e1000e 0000:00:1f.6 0000:00:1f.6 (uninitialized): registered PHC clock
[    3.446034] e1000e 0000:00:1f.6 eth0: (PCI Express:2.5GT/s:Width x1) 90:2e:16:55:9f:d6
--
[   16.704380] systemd[1]: Listening on systemd-creds.socket - Credential Encryption/Decryption.
[   16.704502] systemd[1]: Listening on systemd-initctl.socket - initctl Compatibility Named Pipe.
[   16.704952] systemd[1]: Listening on systemd-journald-audit.socket - Journal Audit Socket.
[   16.705251] systemd[1]: Listening on systemd-oomd.socket - Userspace Out-Of-Memory (OOM) Killer Socket.
[   16.705304] systemd[1]: systemd-pcrextend.socket - TPM PCR Measurements was skipped because of an unmet condition check (ConditionSecurity=measured-uki).
[   16.705319] systemd[1]: systemd-pcrlock.socket - Make TPM PCR Policy was skipped because of an unmet condition check (ConditionSecurity=measured-uki).
[   16.705973] systemd[1]: Listening on systemd-udevd-control.socket - udev Control Socket.
[   16.706165] systemd[1]: Listening on systemd-udevd-kernel.socket - udev Kernel Socket.
[   16.706600] systemd[1]: Listening on systemd-userdbd.socket - User Database Manager Socket.
[   16.708421] systemd[1]: Mounting dev-hugepages.mount - Huge Pages File System...
[   16.709575] systemd[1]: Mounting dev-mqueue.mount - POSIX Message Queue File System...
--
[   16.733885] systemd[1]: Starting modprobe@loop.service - Load Kernel Module loop...
[   16.733944] systemd[1]: plymouth-switch-USERNAME.service: Deactivated successfully.
[   16.733997] systemd[1]: Stopped plymouth-switch-USERNAME.service - Plymouth switch USERNAME service.
[   16.734172] systemd[1]: systemd-fsck-USERNAME.service: Deactivated successfully.
[   16.734217] systemd[1]: Stopped systemd-fsck-USERNAME.service - File System Check on Root Device.
[   16.734300] systemd[1]: systemd-hibernate-clear.service - Clear Stale Hibernate Storage Info was skipped because of an unmet condition check (ConditionPathExists=/sys/firmware/efi/efivars/HibernateLocation-8cf2644b-4b0b-428f-9387-6d876050dc67).
[   16.735886] systemd[1]: Starting systemd-journald.service - Journal Service...
[   16.737189] systemd[1]: Starting systemd-modules-load.service - Load Kernel Modules...
[   16.737239] systemd[1]: systemd-pcrmachine.service - TPM PCR Machine ID Measurement was skipped because of an unmet condition check (ConditionSecurity=measured-uki).
[   16.738228] systemd[1]: Starting systemd-remount-fs.service - Remount Root and Kernel File Systems...
[   16.738305] systemd[1]: systemd-tpm2-setup-early.service - Early TPM SRK Setup was skipped because of an unmet condition check (ConditionSecurity=measured-uki).
--
[   18.145269] Bluetooth: hci0: Minimum firmware build 1 week 10 2014
[   18.189784] Bluetooth: hci0: Found device firmware: intel/ibt-19-0-4.sfi
[   18.189900] Bluetooth: hci0: Boot Address: 0x24800
[   18.189902] Bluetooth: hci0: Firmware Version: 132-3.24
[   18.263434] mei_hdcp 0000:00:16.0-b638ab7e-94e2-4ea2-a552-d1c54b627f04: bound 0000:00:02.0 (ops i915_hdcp_ops [i915])
[   18.265204] psmouse serio1: elantech: assuming hardware version 4 (with firmware version 0x7f3001)
[   18.266112] iTCO_vendor_support: vendor-support=0
[   18.276048] psmouse serio1: elantech: Synaptics capabilities query result 0x90, 0x18, 0x0f.
[   18.277236] iTCO_wdt iTCO_wdt: Found a Intel PCH TCO device (Version=6, TCOBASE=0x0400)
[   18.286333] psmouse serio1: elantech: Elan sample query result 00, 80, c9
[   18.289013] iTCO_wdt iTCO_wdt: initialized. heartbeat=30 sec (nowayout=0)
[   18.291426] intel_rapl_common: Found RAPL domain package
[   18.291428] intel_rapl_common: Found RAPL domain core
[   18.291430] intel_rapl_common: Found RAPL domain uncore
[   18.291431] intel_rapl_common: Found RAPL domain dram
[   18.291432] intel_rapl_common: Found RAPL domain psys
[   18.295986] psmouse serio1: elantech: Elan ic body: 0x10, current fw version: 0x3
[   18.302005] Creating 1 MTD partitions on "0000:00:1f.5":
[   18.302010] 0x000000000000-0x000002000000 : "BIOS"
[   18.314894] psmouse serio1: elantech: Trying to set up SMBus access
[   18.381146] elan_i2c 7-0015: supply vcc not found, using dummy regulator
[   18.389715] elan_i2c 7-0015: unexpected iap version 0x00 (ic type: 0x80), firmware update will not work
[   18.389722] elan_i2c 7-0015: Elan Touchpad: Module ID: 0x0080, Firmware: 0x00eb, Sample: 0x0000, IAP: 0x0000
[   18.389856] input: Elan Touchpad as /devices/pci0000:00/0000:00:1f.4/i2c-7/7-0015/input/input21
[   18.389969] input: Elan TrackPoint as /devices/pci0000:00/0000:00:1f.4/i2c-7/7-0015/input/input22
[   18.392070] intel_tcc_cooling: Programmable TCC Offset detected
[   18.416220] usb usb1-port10: disabled by hub (EMI?), re-enabling...
[   18.416227] usb 1-10: USB disconnect, device number 4
[   18.416382] Bluetooth: hci0: Failed to send firmware data (-19)
[   18.416391] Bluetooth: hci0: sending frame failed (-19)
--
[   18.416418] Bluetooth: hci0: sending frame failed (-19)
[   18.416421] Bluetooth: hci0: Reading supported features failed (-19)
[   18.416422] Bluetooth: hci0: Error reading debug features
[   18.416426] Bluetooth: hci0: HCI LE Coded PHY feature bit is set, but its usage is not supported.
[   18.416430] Bluetooth: hci0: sending frame failed (-19)
[   18.416433] Bluetooth: hci0: Failed to read MSFT supported features (-19)
[   18.481902] sof-audio-pci-intel-cnl 0000:00:1f.3: enabling device (0004 -> 0006)
[   18.482022] sof-audio-pci-intel-cnl 0000:00:1f.3: DSP detected with PCI class/subclass/prog-if 0x040380
[   18.482069] sof-audio-pci-intel-cnl 0000:00:1f.3: bound 0000:00:02.0 (ops i915_audio_component_bind_ops [i915])
[   18.482478] iwlwifi 0000:00:14.3: Detected RF HR B5, rfid=0x10a100
[   18.488784] sof-audio-pci-intel-cnl 0000:00:1f.3: use msi interrupt mode
--
[   24.911031] wlp0s20f3: associated
[   25.280949] Bluetooth: hci0: Waiting for firmware download to complete
[   25.281236] Bluetooth: hci0: Firmware loaded in 1820978 usecs
[   25.281259] Bluetooth: hci0: Waiting for device to boot
[   25.296228] Bluetooth: hci0: Device booted in 14627 usecs
[   25.296993] Bluetooth: hci0: Malformed MSFT vendor event: 0x02
[   25.297599] Bluetooth: hci0: Found Intel DDC parameters: intel/ibt-19-0-4.ddc
[   25.299243] Bluetooth: hci0: Applying Intel DDC parameters completed
[   25.300217] Bluetooth: hci0: Firmware revision 0.4 build 132 week 3 2024
[   25.302230] Bluetooth: hci0: HCI LE Coded PHY feature bit is set, but its usage is not supported.
[   25.368467] Bluetooth: MGMT ver 1.23
--
[ 1439.449894] wlp0s20f3: RX AssocResp from d8:0d:17:47:34:0f (capab=0x411 status=0 aid=4)
[ 1439.459842] wlp0s20f3: associated
[ 1448.324508] systemd-journald[3694]: /var/log/journal/MACHINEID/user-1000.journal: Journal file uses a different sequence number ID, rotating.
[ 1448.660242] rfkill: input handler enabled
[ 1449.852320] rfkill: input handler disabled
[101429.711606] hid-generic 0005:056A:0360.0002: unknown main item tag 0x0
[101429.712444] hid-generic 0005:056A:0360.0002: hidraw1: BLUETOOTH HID v0.00 Device [BT Paper] on 20:1e:88:99:10:64
[101429.725613] wacom 0005:056A:0360.0002: unknown main item tag 0x0
[101429.725829] wacom 0005:056A:0360.0002: hidraw1: BLUETOOTH HID v0.00 Device [BT Paper] on 20:1e:88:99:10:64
[101429.725864] input: Wacom Intuos Pro M Pen as /devices/virtual/misc/uhid/0005:056A:0360.0002/input/input28
[101429.725998] input: Wacom Intuos Pro M Finger as /devices/virtual/misc/uhid/0005:056A:0360.0002/input/input29
[101429.726061] input: Wacom Intuos Pro M Pad as /devices/virtual/misc/uhid/0005:056A:0360.0002/input/input30
[101444.713156] usb 1-3: new full-speed USB device number 6 using xhci_hcd
[101444.842019] usb 1-3: New USB device found, idVendor=056a, idProduct=0357, bcdDevice= 1.32
[101444.842035] usb 1-3: New USB device strings: Mfr=1, Product=2, SerialNumber=3
[101444.842042] usb 1-3: Product: Wacom Intuos Pro M
[101444.842047] usb 1-3: Manufacturer: Wacom Co.,Ltd.
[101444.842051] usb 1-3: SerialNumber: 7FQ00A1000455
[101444.852770] wacom 0003:056A:0357.0003: hidraw1: USB HID v1.10 Mouse [Wacom Co.,Ltd. Wacom Intuos Pro M] on usb-0000:00:14.0-3/input0
[101444.852966] input: Wacom Intuos Pro M Pen as /devices/pci0000:00/0000:00:14.0/usb1/1-3/1-3:1.0/0003:056A:0357.0003/input/input31
[101444.854470] input: Wacom Intuos Pro M Pad as /devices/pci0000:00/0000:00:14.0/usb1/1-3/1-3:1.0/0003:056A:0357.0003/input/input33
[101444.896333] wacom 0003:056A:0357.0004: hidraw2: USB HID v1.10 Device [Wacom Co.,Ltd. Wacom Intuos Pro M] on usb-0000:00:14.0-3/input2
[101444.896475] input: Wacom Intuos Pro M Finger as /devices/pci0000:00/0000:00:14.0/usb1/1-3/1-3:1.2/0003:056A:0357.0004/input/input35
[101445.050006] wacom 0003:056A:0357.0005: hidraw1: USB HID v1.10 Mouse [Wacom Co.,Ltd. Wacom Intuos Pro M] on usb-0000:00:14.0-3/input0
[101445.050063] input: Wacom Intuos Pro M Pen as /devices/pci0000:00/0000:00:14.0/usb1/1-3/1-3:1.0/0003:056A:0357.0005/input/input37
[101445.050219] input: Wacom Intuos Pro M Pad as /devices/pci0000:00/0000:00:14.0/usb1/1-3/1-3:1.0/0003:056A:0357.0005/input/input39
[149343.345712] iwlwifi 0000:00:14.3: Unhandled alg: 0x703
[165679.588630] usb 1-3: USB disconnect, device number 6
[174734.945073] perf: interrupt took too long (2507 > 2500), lowering kernel.perf_event_max_sample_rate to 79000
[239401.346830] wacom 0005:056A:0360.0006: unknown main item tag 0x0
[239401.347841] wacom 0005:056A:0360.0006: hidraw1: BLUETOOTH HID v0.00 Device [BT Paper] on 20:1e:88:99:10:64
[239401.347969] input: Wacom Intuos Pro M Pen as /devices/virtual/misc/uhid/0005:056A:0360.0006/input/input40
[239401.348528] input: Wacom Intuos Pro M Finger as /devices/virtual/misc/uhid/0005:056A:0360.0006/input/input41
[239401.349059] input: Wacom Intuos Pro M Pad as /devices/virtual/misc/uhid/0005:056A:0360.0006/input/input42
[249253.069855] wlp0s20f3: deauthenticating from d8:0d:17:47:34:0f by local choice (Reason: 3=DEAUTH_LEAVING)
[249253.199090] PM: suspend entry (s2idle)
[249253.220431] Filesystems sync: 0.021 seconds
[249253.359009] Freezing user space processes
[249253.360533] Freezing user space processes completed (elapsed 0.001 seconds)
--
[496045.871725] wlp0s20f3: associate with d8:0d:17:47:34:0f (try 1/3)
[496045.875696] wlp0s20f3: RX AssocResp from d8:0d:17:47:34:0f (capab=0x411 status=0 aid=5)
[496045.884356] wlp0s20f3: associated
[507977.226528] perf: interrupt took too long (3171 > 3133), lowering kernel.perf_event_max_sample_rate to 63000
[582674.327069] usb 1-3: new full-speed USB device number 7 using xhci_hcd
[582674.456824] usb 1-3: New USB device found, idVendor=256c, idProduct=0066, bcdDevice= 1.12
[582674.456840] usb 1-3: New USB device strings: Mfr=1, Product=2, SerialNumber=3
[582674.456846] usb 1-3: Product: Huion Tablet_H641P
[582674.456850] usb 1-3: Manufacturer: HUION
[582674.463071] hid-generic 0003:256C:0066.0007: hiddev97,hidraw1: USB HID v1.10 Device [HUION Huion Tablet_H641P] on usb-0000:00:14.0-3/input0
[582674.464731] input: HUION Huion Tablet_H641P Pen as /devices/pci0000:00/0000:00:14.0/usb1/1-3/1-3:1.1/0003:256C:0066.0008/input/input43
[582674.465088] hid-generic 0003:256C:0066.0008: input,hiddev98,hidraw2: USB HID v1.10 Device [HUION Huion Tablet_H641P] on usb-0000:00:14.0-3/input1
[582674.466793] input: HUION Huion Tablet_H641P Keyboard as /devices/pci0000:00/0000:00:14.0/usb1/1-3/1-3:1.2/0003:256C:0066.0009/input/input44
[582674.519244] hid-generic 0003:256C:0066.0009: input,hidraw3: USB HID v1.10 Keyboard [HUION Huion Tablet_H641P] on usb-0000:00:14.0-3/input2
[582970.359690] hid-generic 0003:256C:0066.0007: hid_field_extract() called with n (88) > 32! (swapper/0)
[583003.043998] usb 1-3: USB disconnect, device number 7
[583004.772581] usb 1-3: new full-speed USB device number 8 using xhci_hcd
[583004.900758] usb 1-3: New USB device found, idVendor=256c, idProduct=0066, bcdDevice= 1.12
[583004.900773] usb 1-3: New USB device strings: Mfr=1, Product=2, SerialNumber=3
[583004.900779] usb 1-3: Product: Huion Tablet_H641P
[583004.900783] usb 1-3: Manufacturer: HUION
[583004.905029] hid-generic 0003:256C:0066.000A: hiddev97,hidraw1: USB HID v1.10 Device [HUION Huion Tablet_H641P] on usb-0000:00:14.0-3/input0
[583004.906689] input: HUION Huion Tablet_H641P Pen as /devices/pci0000:00/0000:00:14.0/usb1/1-3/1-3:1.1/0003:256C:0066.000B/input/input45
[583004.907147] hid-generic 0003:256C:0066.000B: input,hiddev98,hidraw2: USB HID v1.10 Device [HUION Huion Tablet_H641P] on usb-0000:00:14.0-3/input1
[583004.908966] input: HUION Huion Tablet_H641P Keyboard as /devices/pci0000:00/0000:00:14.0/usb1/1-3/1-3:1.2/0003:256C:0066.000C/input/input46
[583004.961137] hid-generic 0003:256C:0066.000C: input,hidraw3: USB HID v1.10 Keyboard [HUION Huion Tablet_H641P] on usb-0000:00:14.0-3/input2
[583105.318031] usb 1-3: USB disconnect, device number 8
[583107.170043] usb 1-3: new full-speed USB device number 9 using xhci_hcd
[583107.297878] usb 1-3: New USB device found, idVendor=256c, idProduct=0066, bcdDevice= 1.12
[583107.297881] usb 1-3: New USB device strings: Mfr=1, Product=2, SerialNumber=3
[583107.297882] usb 1-3: Product: Huion Tablet_H641P
[583107.297883] usb 1-3: Manufacturer: HUION
[583107.300446] hid-generic 0003:256C:0066.000D: hiddev97,hidraw2: USB HID v1.10 Device [HUION Huion Tablet_H641P] on usb-0000:00:14.0-3/input0
[583107.301154] input: HUION Huion Tablet_H641P Pen as /devices/pci0000:00/0000:00:14.0/usb1/1-3/1-3:1.1/0003:256C:0066.000E/input/input47
[583107.301493] hid-generic 0003:256C:0066.000E: input,hiddev98,hidraw3: USB HID v1.10 Device [HUION Huion Tablet_H641P] on usb-0000:00:14.0-3/input1
[583107.302272] input: HUION Huion Tablet_H641P Keyboard as /devices/pci0000:00/0000:00:14.0/usb1/1-3/1-3:1.2/0003:256C:0066.000F/input/input48
[583107.354493] hid-generic 0003:256C:0066.000F: input,hidraw4: USB HID v1.10 Keyboard [HUION Huion Tablet_H641P] on usb-0000:00:14.0-3/input2
[583131.203602] wlp0s20f3: deauthenticating from d8:0d:17:47:34:0f by local choice (Reason: 3=DEAUTH_LEAVING)
[583132.614445] PM: suspend entry (s2idle)
[583132.666632] Filesystems sync: 0.052 seconds
[583132.806377] Freezing user space processes
[583132.807967] Freezing user space processes completed (elapsed 0.001 seconds)
--
[583167.554860] wlp0s20f3: RX AssocResp from d8:0d:17:47:34:0f (capab=0x411 status=0 aid=5)
[583167.568549] wlp0s20f3: associated
[585766.612265] usb 1-3: USB disconnect, device number 9
[586992.819019] evm: overlay not supported
[587819.305582] rfkill: input handler enabled
[587831.995161] wacom 0005:056A:0360.0010: unknown main item tag 0x0
[587831.996082] wacom 0005:056A:0360.0010: hidraw1: BLUETOOTH HID v0.00 Device [BT Paper] on 20:1e:88:99:10:64
[587831.996232] input: Wacom Intuos Pro M Pen as /devices/virtual/misc/uhid/0005:056A:0360.0010/input/input49
[587831.996589] input: Wacom Intuos Pro M Finger as /devices/virtual/misc/uhid/0005:056A:0360.0010/input/input50
[587831.996956] input: Wacom Intuos Pro M Pad as /devices/virtual/misc/uhid/0005:056A:0360.0010/input/input51
[587842.710842] fbcon: Taking over console
[587842.725512] Console: switching to colour frame buffer device 240x67
[587982.962205] usb 1-3: new full-speed USB device number 10 using xhci_hcd
[587983.090415] usb 1-3: New USB device found, idVendor=056a, idProduct=0357, bcdDevice= 1.32
[587983.090428] usb 1-3: New USB device strings: Mfr=1, Product=2, SerialNumber=3
[587983.090433] usb 1-3: Product: Wacom Intuos Pro M
[587983.090436] usb 1-3: Manufacturer: Wacom Co.,Ltd.
[587983.090440] usb 1-3: SerialNumber: 7FQ00A1000455
[587983.097999] wacom 0003:056A:0357.0011: hidraw1: USB HID v1.10 Mouse [Wacom Co.,Ltd. Wacom Intuos Pro M] on usb-0000:00:14.0-3/input0
[587983.098029] input: Wacom Intuos Pro M Pen as /devices/pci0000:00/0000:00:14.0/usb1/1-3/1-3:1.0/0003:056A:0357.0011/input/input52
[587983.098217] input: Wacom Intuos Pro M Pad as /devices/pci0000:00/0000:00:14.0/usb1/1-3/1-3:1.0/0003:056A:0357.0011/input/input54
[587983.147473] wacom 0003:056A:0357.0012: hidraw2: USB HID v1.10 Device [Wacom Co.,Ltd. Wacom Intuos Pro M] on usb-0000:00:14.0-3/input2
[587983.147573] input: Wacom Intuos Pro M Finger as /devices/pci0000:00/0000:00:14.0/usb1/1-3/1-3:1.2/0003:056A:0357.0012/input/input56
[587983.314762] wacom 0003:056A:0357.0013: hidraw1: USB HID v1.10 Mouse [Wacom Co.,Ltd. Wacom Intuos Pro M] on usb-0000:00:14.0-3/input0
[587983.314819] input: Wacom Intuos Pro M Pen as /devices/pci0000:00/0000:00:14.0/usb1/1-3/1-3:1.0/0003:056A:0357.0013/input/input58
[587983.315030] input: Wacom Intuos Pro M Pad as /devices/pci0000:00/0000:00:14.0/usb1/1-3/1-3:1.0/0003:056A:0357.0013/input/input60
[591606.188837] usb 1-3: USB disconnect, device number 10
[591609.475893] wacom 0005:056A:0360.0014: unknown main item tag 0x0
[591609.477496] wacom 0005:056A:0360.0014: hidraw1: BLUETOOTH HID v0.00 Device [BT Paper] on 20:1e:88:99:10:64
[591609.477622] input: Wacom Intuos Pro M Pen as /devices/virtual/misc/uhid/0005:056A:0360.0014/input/input61
[591609.477954] input: Wacom Intuos Pro M Finger as /devices/virtual/misc/uhid/0005:056A:0360.0014/input/input62
[591609.478235] input: Wacom Intuos Pro M Pad as /devices/virtual/misc/uhid/0005:056A:0360.0014/input/input63
[591612.328739] usb 1-3: new full-speed USB device number 11 using xhci_hcd
[591612.456537] usb 1-3: New USB device found, idVendor=056a, idProduct=0357, bcdDevice= 1.32
[591612.456552] usb 1-3: New USB device strings: Mfr=1, Product=2, SerialNumber=3
[591612.456558] usb 1-3: Product: Wacom Intuos Pro M
[591612.456562] usb 1-3: Manufacturer: Wacom Co.,Ltd.
[591612.456566] usb 1-3: SerialNumber: 7FQ00A1000455
[591612.466404] wacom 0003:056A:0357.0015: hidraw1: USB HID v1.10 Mouse [Wacom Co.,Ltd. Wacom Intuos Pro M] on usb-0000:00:14.0-3/input0
[591612.466514] input: Wacom Intuos Pro M Pen as /devices/pci0000:00/0000:00:14.0/usb1/1-3/1-3:1.0/0003:056A:0357.0015/input/input64
[591612.467044] input: Wacom Intuos Pro M Pad as /devices/pci0000:00/0000:00:14.0/usb1/1-3/1-3:1.0/0003:056A:0357.0015/input/input66
[591612.506523] wacom 0003:056A:0357.0016: hidraw2: USB HID v1.10 Device [Wacom Co.,Ltd. Wacom Intuos Pro M] on usb-0000:00:14.0-3/input2
[591612.506566] input: Wacom Intuos Pro M Finger as /devices/pci0000:00/0000:00:14.0/usb1/1-3/1-3:1.2/0003:056A:0357.0016/input/input68
[591612.662651] wacom 0003:056A:0357.0017: hidraw1: USB HID v1.10 Mouse [Wacom Co.,Ltd. Wacom Intuos Pro M] on usb-0000:00:14.0-3/input0
[591612.662741] input: Wacom Intuos Pro M Pen as /devices/pci0000:00/0000:00:14.0/usb1/1-3/1-3:1.0/0003:056A:0357.0017/input/input70
[591612.663152] input: Wacom Intuos Pro M Pad as /devices/pci0000:00/0000:00:14.0/usb1/1-3/1-3:1.0/0003:056A:0357.0017/input/input72
[592318.323625] usb 1-3: USB disconnect, device number 11
[592319.634263] usb 1-3: new full-speed USB device number 12 using xhci_hcd
[592323.576936] usb 1-3: new full-speed USB device number 13 using xhci_hcd
[592323.704868] usb 1-3: New USB device found, idVendor=056a, idProduct=0357, bcdDevice= 1.32
[592323.704874] usb 1-3: New USB device strings: Mfr=1, Product=2, SerialNumber=3
[592323.704876] usb 1-3: Product: Wacom Intuos Pro M
[592323.704878] usb 1-3: Manufacturer: Wacom Co.,Ltd.
[592323.704880] usb 1-3: SerialNumber: 7FQ00A1000455
[592323.711276] wacom 0003:056A:0357.0018: hidraw1: USB HID v1.10 Mouse [Wacom Co.,Ltd. Wacom Intuos Pro M] on usb-0000:00:14.0-3/input0
[592323.711320] input: Wacom Intuos Pro M Pen as /devices/pci0000:00/0000:00:14.0/usb1/1-3/1-3:1.0/0003:056A:0357.0018/input/input73
[592323.711545] input: Wacom Intuos Pro M Pad as /devices/pci0000:00/0000:00:14.0/usb1/1-3/1-3:1.0/0003:056A:0357.0018/input/input75
[592323.760415] wacom 0003:056A:0357.0019: hidraw2: USB HID v1.10 Device [Wacom Co.,Ltd. Wacom Intuos Pro M] on usb-0000:00:14.0-3/input2
[592323.760516] input: Wacom Intuos Pro M Finger as /devices/pci0000:00/0000:00:14.0/usb1/1-3/1-3:1.2/0003:056A:0357.0019/input/input77
[592323.915296] wacom 0003:056A:0357.001A: hidraw1: USB HID v1.10 Mouse [Wacom Co.,Ltd. Wacom Intuos Pro M] on usb-0000:00:14.0-3/input0
[592323.915413] input: Wacom Intuos Pro M Pen as /devices/pci0000:00/0000:00:14.0/usb1/1-3/1-3:1.0/0003:056A:0357.001A/input/input79
[592323.915807] input: Wacom Intuos Pro M Pad as /devices/pci0000:00/0000:00:14.0/usb1/1-3/1-3:1.0/0003:056A:0357.001A/input/input81
[597694.053666] usb 1-3: USB disconnect, device number 13
[597699.865142] usb 1-3: new full-speed USB device number 14 using xhci_hcd
[597699.993064] usb 1-3: New USB device found, idVendor=056a, idProduct=0357, bcdDevice= 1.32
[597699.993079] usb 1-3: New USB device strings: Mfr=1, Product=2, SerialNumber=3
[597699.993085] usb 1-3: Product: Wacom Intuos Pro M
[597699.993089] usb 1-3: Manufacturer: Wacom Co.,Ltd.
[597699.993093] usb 1-3: SerialNumber: 7FQ00A1000455
[597700.003261] wacom 0003:056A:0357.001B: hidraw1: USB HID v1.10 Mouse [Wacom Co.,Ltd. Wacom Intuos Pro M] on usb-0000:00:14.0-3/input0
[597700.003375] input: Wacom Intuos Pro M Pen as /devices/pci0000:00/0000:00:14.0/usb1/1-3/1-3:1.0/0003:056A:0357.001B/input/input82
[597700.003741] input: Wacom Intuos Pro M Pad as /devices/pci0000:00/0000:00:14.0/usb1/1-3/1-3:1.0/0003:056A:0357.001B/input/input84
[597700.048266] wacom 0003:056A:0357.001C: hidraw2: USB HID v1.10 Device [Wacom Co.,Ltd. Wacom Intuos Pro M] on usb-0000:00:14.0-3/input2
[597700.048359] input: Wacom Intuos Pro M Finger as /devices/pci0000:00/0000:00:14.0/usb1/1-3/1-3:1.2/0003:056A:0357.001C/input/input86
[597700.228097] wacom 0003:056A:0357.001D: hidraw1: USB HID v1.10 Mouse [Wacom Co.,Ltd. Wacom Intuos Pro M] on usb-0000:00:14.0-3/input0
[597700.228211] input: Wacom Intuos Pro M Pen as /devices/pci0000:00/0000:00:14.0/usb1/1-3/1-3:1.0/0003:056A:0357.001D/input/input88
[597700.228769] input: Wacom Intuos Pro M Pad as /devices/pci0000:00/0000:00:14.0/usb1/1-3/1-3:1.0/0003:056A:0357.001D/input/input90
[597948.817703] usb 1-3: USB disconnect, device number 14
[597954.068802] usb 1-3: new full-speed USB device number 16 using xhci_hcd
[597954.196898] usb 1-3: New USB device found, idVendor=056a, idProduct=0357, bcdDevice= 1.32
[597954.196913] usb 1-3: New USB device strings: Mfr=1, Product=2, SerialNumber=3
[597954.196919] usb 1-3: Product: Wacom Intuos Pro M
[597954.196923] usb 1-3: Manufacturer: Wacom Co.,Ltd.
[597954.196927] usb 1-3: SerialNumber: 7FQ00A1000455
[597954.204613] wacom 0003:056A:0357.001E: hidraw1: USB HID v1.10 Mouse [Wacom Co.,Ltd. Wacom Intuos Pro M] on usb-0000:00:14.0-3/input0
[597954.204649] input: Wacom Intuos Pro M Pen as /devices/pci0000:00/0000:00:14.0/usb1/1-3/1-3:1.0/0003:056A:0357.001E/input/input91
[597954.204790] input: Wacom Intuos Pro M Pad as /devices/pci0000:00/0000:00:14.0/usb1/1-3/1-3:1.0/0003:056A:0357.001E/input/input93
[597954.252783] wacom 0003:056A:0357.001F: hidraw2: USB HID v1.10 Device [Wacom Co.,Ltd. Wacom Intuos Pro M] on usb-0000:00:14.0-3/input2
[597954.252891] input: Wacom Intuos Pro M Finger as /devices/pci0000:00/0000:00:14.0/usb1/1-3/1-3:1.2/0003:056A:0357.001F/input/input95
[597954.456976] wacom 0003:056A:0357.0020: hidraw1: USB HID v1.10 Mouse [Wacom Co.,Ltd. Wacom Intuos Pro M] on usb-0000:00:14.0-3/input0
[597954.457050] input: Wacom Intuos Pro M Pen as /devices/pci0000:00/0000:00:14.0/usb1/1-3/1-3:1.0/0003:056A:0357.0020/input/input97
[597954.457371] input: Wacom Intuos Pro M Pad as /devices/pci0000:00/0000:00:14.0/usb1/1-3/1-3:1.0/0003:056A:0357.0020/input/input99
[600293.276934] usb 1-3: USB disconnect, device number 16
[600296.834541] wacom 0005:056A:0360.0021: unknown main item tag 0x0
[600296.835481] wacom 0005:056A:0360.0021: hidraw1: BLUETOOTH HID v0.00 Device [BT Paper] on 20:1e:88:99:10:64
[600296.835610] input: Wacom Intuos Pro M Pen as /devices/virtual/misc/uhid/0005:056A:0360.0021/input/input100
[600296.836163] input: Wacom Intuos Pro M Finger as /devices/virtual/misc/uhid/0005:056A:0360.0021/input/input101
[600296.836793] input: Wacom Intuos Pro M Pad as /devices/virtual/misc/uhid/0005:056A:0360.0021/input/input102
[600299.236157] usb 1-3: new full-speed USB device number 17 using xhci_hcd
[600299.364076] usb 1-3: New USB device found, idVendor=056a, idProduct=0357, bcdDevice= 1.32
[600299.364090] usb 1-3: New USB device strings: Mfr=1, Product=2, SerialNumber=3
[600299.364097] usb 1-3: Product: Wacom Intuos Pro M
[600299.364101] usb 1-3: Manufacturer: Wacom Co.,Ltd.
[600299.364105] usb 1-3: SerialNumber: 7FQ00A1000455
[600299.373284] wacom 0003:056A:0357.0022: hidraw1: USB HID v1.10 Mouse [Wacom Co.,Ltd. Wacom Intuos Pro M] on usb-0000:00:14.0-3/input0
[600299.373395] input: Wacom Intuos Pro M Pen as /devices/pci0000:00/0000:00:14.0/usb1/1-3/1-3:1.0/0003:056A:0357.0022/input/input103
[600299.373792] input: Wacom Intuos Pro M Pad as /devices/pci0000:00/0000:00:14.0/usb1/1-3/1-3:1.0/0003:056A:0357.0022/input/input105
[600299.421016] wacom 0003:056A:0357.0023: hidraw2: USB HID v1.10 Device [Wacom Co.,Ltd. Wacom Intuos Pro M] on usb-0000:00:14.0-3/input2
[600299.421155] input: Wacom Intuos Pro M Finger as /devices/pci0000:00/0000:00:14.0/usb1/1-3/1-3:1.2/0003:056A:0357.0023/input/input107
[600299.562823] wacom 0003:056A:0357.0024: hidraw1: USB HID v1.10 Mouse [Wacom Co.,Ltd. Wacom Intuos Pro M] on usb-0000:00:14.0-3/input0
[600299.562937] input: Wacom Intuos Pro M Pen as /devices/pci0000:00/0000:00:14.0/usb1/1-3/1-3:1.0/0003:056A:0357.0024/input/input109
[600299.563489] input: Wacom Intuos Pro M Pad as /devices/pci0000:00/0000:00:14.0/usb1/1-3/1-3:1.0/0003:056A:0357.0024/input/input111
[602102.082967] usb 1-3: USB disconnect, device number 17
[602105.274037] wacom 0005:056A:0360.0025: unknown main item tag 0x0
[602105.275090] wacom 0005:056A:0360.0025: hidraw1: BLUETOOTH HID v0.00 Device [BT Paper] on 20:1e:88:99:10:64
[602105.275161] input: Wacom Intuos Pro M Pen as /devices/virtual/misc/uhid/0005:056A:0360.0025/input/input112
[602105.275406] input: Wacom Intuos Pro M Finger as /devices/virtual/misc/uhid/0005:056A:0360.0025/input/input113
[602105.275609] input: Wacom Intuos Pro M Pad as /devices/virtual/misc/uhid/0005:056A:0360.0025/input/input114
[602107.646447] usb 1-3: new full-speed USB device number 18 using xhci_hcd
[602107.774397] usb 1-3: New USB device found, idVendor=056a, idProduct=0357, bcdDevice= 1.32
[602107.774411] usb 1-3: New USB device strings: Mfr=1, Product=2, SerialNumber=3
[602107.774417] usb 1-3: Product: Wacom Intuos Pro M
[602107.774421] usb 1-3: Manufacturer: Wacom Co.,Ltd.
[602107.774425] usb 1-3: SerialNumber: 7FQ00A1000455
[602107.783983] wacom 0003:056A:0357.0026: hidraw1: USB HID v1.10 Mouse [Wacom Co.,Ltd. Wacom Intuos Pro M] on usb-0000:00:14.0-3/input0
[602107.784093] input: Wacom Intuos Pro M Pen as /devices/pci0000:00/0000:00:14.0/usb1/1-3/1-3:1.0/0003:056A:0357.0026/input/input115
[602107.784653] input: Wacom Intuos Pro M Pad as /devices/pci0000:00/0000:00:14.0/usb1/1-3/1-3:1.0/0003:056A:0357.0026/input/input117
[602107.836039] wacom 0003:056A:0357.0027: hidraw2: USB HID v1.10 Device [Wacom Co.,Ltd. Wacom Intuos Pro M] on usb-0000:00:14.0-3/input2
[602107.836154] input: Wacom Intuos Pro M Finger as /devices/pci0000:00/0000:00:14.0/usb1/1-3/1-3:1.2/0003:056A:0357.0027/input/input119
[602107.993095] wacom 0003:056A:0357.0028: hidraw1: USB HID v1.10 Mouse [Wacom Co.,Ltd. Wacom Intuos Pro M] on usb-0000:00:14.0-3/input0
[602107.993170] input: Wacom Intuos Pro M Pen as /devices/pci0000:00/0000:00:14.0/usb1/1-3/1-3:1.0/0003:056A:0357.0028/input/input121
[602107.993643] input: Wacom Intuos Pro M Pad as /devices/pci0000:00/0000:00:14.0/usb1/1-3/1-3:1.0/0003:056A:0357.0028/input/input123
[602285.368272] usb 1-3: USB disconnect, device number 18
[602290.472348] wacom 0005:056A:0360.0029: unknown main item tag 0x0
[602290.473032] wacom 0005:056A:0360.0029: hidraw1: BLUETOOTH HID v0.00 Device [BT Paper] on 20:1e:88:99:10:64
[602290.473142] input: Wacom Intuos Pro M Pen as /devices/virtual/misc/uhid/0005:056A:0360.0029/input/input124
[602290.473706] input: Wacom Intuos Pro M Finger as /devices/virtual/misc/uhid/0005:056A:0360.0029/input/input125
[602290.474228] input: Wacom Intuos Pro M Pad as /devices/virtual/misc/uhid/0005:056A:0360.0029/input/input126
[602292.185106] usb 1-3: new full-speed USB device number 19 using xhci_hcd
[602292.312989] usb 1-3: New USB device found, idVendor=056a, idProduct=0357, bcdDevice= 1.32
[602292.313003] usb 1-3: New USB device strings: Mfr=1, Product=2, SerialNumber=3
[602292.313010] usb 1-3: Product: Wacom Intuos Pro M
[602292.313014] usb 1-3: Manufacturer: Wacom Co.,Ltd.
[602292.313018] usb 1-3: SerialNumber: 7FQ00A1000455
[602292.323255] wacom 0003:056A:0357.002A: hidraw1: USB HID v1.10 Mouse [Wacom Co.,Ltd. Wacom Intuos Pro M] on usb-0000:00:14.0-3/input0
[602292.323393] input: Wacom Intuos Pro M Pen as /devices/pci0000:00/0000:00:14.0/usb1/1-3/1-3:1.0/0003:056A:0357.002A/input/input127
[602292.323907] input: Wacom Intuos Pro M Pad as /devices/pci0000:00/0000:00:14.0/usb1/1-3/1-3:1.0/0003:056A:0357.002A/input/input129
[602292.374887] wacom 0003:056A:0357.002B: hidraw2: USB HID v1.10 Device [Wacom Co.,Ltd. Wacom Intuos Pro M] on usb-0000:00:14.0-3/input2
[602292.375028] input: Wacom Intuos Pro M Finger as /devices/pci0000:00/0000:00:14.0/usb1/1-3/1-3:1.2/0003:056A:0357.002B/input/input131
[602292.537524] wacom 0003:056A:0357.002C: hidraw1: USB HID v1.10 Mouse [Wacom Co.,Ltd. Wacom Intuos Pro M] on usb-0000:00:14.0-3/input0
[602292.537638] input: Wacom Intuos Pro M Pen as /devices/pci0000:00/0000:00:14.0/usb1/1-3/1-3:1.0/0003:056A:0357.002C/input/input133
[602292.538079] input: Wacom Intuos Pro M Pad as /devices/pci0000:00/0000:00:14.0/usb1/1-3/1-3:1.0/0003:056A:0357.002C/input/input135
[602457.138022] usb 1-3: USB disconnect, device number 19
[602461.068923] wacom 0005:056A:0360.002D: unknown main item tag 0x0
[602461.069783] wacom 0005:056A:0360.002D: hidraw1: BLUETOOTH HID v0.00 Device [BT Paper] on 20:1e:88:99:10:64
[602461.069911] input: Wacom Intuos Pro M Pen as /devices/virtual/misc/uhid/0005:056A:0360.002D/input/input136
[602461.070539] input: Wacom Intuos Pro M Finger as /devices/virtual/misc/uhid/0005:056A:0360.002D/input/input137
[602461.071154] input: Wacom Intuos Pro M Pad as /devices/virtual/misc/uhid/0005:056A:0360.002D/input/input138
[602463.424145] usb 1-3: new full-speed USB device number 20 using xhci_hcd
[602463.552696] usb 1-3: New USB device found, idVendor=056a, idProduct=0357, bcdDevice= 1.32
[602463.552711] usb 1-3: New USB device strings: Mfr=1, Product=2, SerialNumber=3
[602463.552717] usb 1-3: Product: Wacom Intuos Pro M
[602463.552721] usb 1-3: Manufacturer: Wacom Co.,Ltd.
[602463.552725] usb 1-3: SerialNumber: 7FQ00A1000455
[602463.559886] wacom 0003:056A:0357.002E: hidraw1: USB HID v1.10 Mouse [Wacom Co.,Ltd. Wacom Intuos Pro M] on usb-0000:00:14.0-3/input0
[602463.559918] input: Wacom Intuos Pro M Pen as /devices/pci0000:00/0000:00:14.0/usb1/1-3/1-3:1.0/0003:056A:0357.002E/input/input139
[602463.560118] input: Wacom Intuos Pro M Pad as /devices/pci0000:00/0000:00:14.0/usb1/1-3/1-3:1.0/0003:056A:0357.002E/input/input141
[602463.613591] wacom 0003:056A:0357.002F: hidraw2: USB HID v1.10 Device [Wacom Co.,Ltd. Wacom Intuos Pro M] on usb-0000:00:14.0-3/input2
[602463.613726] input: Wacom Intuos Pro M Finger as /devices/pci0000:00/0000:00:14.0/usb1/1-3/1-3:1.2/0003:056A:0357.002F/input/input143
[602463.768779] wacom 0003:056A:0357.0030: hidraw1: USB HID v1.10 Mouse [Wacom Co.,Ltd. Wacom Intuos Pro M] on usb-0000:00:14.0-3/input0
[602463.768890] input: Wacom Intuos Pro M Pen as /devices/pci0000:00/0000:00:14.0/usb1/1-3/1-3:1.0/0003:056A:0357.0030/input/input145
[602463.769204] input: Wacom Intuos Pro M Pad as /devices/pci0000:00/0000:00:14.0/usb1/1-3/1-3:1.0/0003:056A:0357.0030/input/input147
[604269.543481] input: hid-replay Hanvon Ugee Shortcut Remote as /devices/virtual/misc/uhid/0003:28BD:0202.0031/input/input148
[604269.543674] input: hid-replay Hanvon Ugee Shortcut Remote Keypad as /devices/virtual/misc/uhid/0003:28BD:0202.0031/input/input149
[604269.543992] hid-generic 0003:28BD:0202.0031: input,hidraw3: USB HID v0.00 Keypad [hid-replay Hanvon Ugee Shortcut Remote] on 
[604284.304522] usb 1-3: USB disconnect, device number 20
[604289.903795] wacom 0005:056A:0360.0032: unknown main item tag 0x0
[604289.904725] wacom 0005:056A:0360.0032: hidraw1: BLUETOOTH HID v0.00 Device [BT Paper] on 20:1e:88:99:10:64
[604289.904858] input: Wacom Intuos Pro M Pen as /devices/virtual/misc/uhid/0005:056A:0360.0032/input/input150
[604289.905472] input: Wacom Intuos Pro M Finger as /devices/virtual/misc/uhid/0005:056A:0360.0032/input/input151
[604289.905784] input: Wacom Intuos Pro M Pad as /devices/virtual/misc/uhid/0005:056A:0360.0032/input/input152
[604326.900039] wacom 0005:056A:0360.0033: unknown main item tag 0x0
[604326.900371] wacom 0005:056A:0360.0033: hidraw1: BLUETOOTH HID v0.00 Device [BT Paper] on 20:1e:88:99:10:64
[604326.900422] input: Wacom Intuos Pro M Pen as /devices/virtual/misc/uhid/0005:056A:0360.0033/input/input153
[604326.900643] input: Wacom Intuos Pro M Finger as /devices/virtual/misc/uhid/0005:056A:0360.0033/input/input154
[604326.900874] input: Wacom Intuos Pro M Pad as /devices/virtual/misc/uhid/0005:056A:0360.0033/input/input155
[604711.725890] rfkill: input handler disabled
[604711.732848] rfkill: input handler enabled
[611625.315407] usb 1-3: new full-speed USB device number 21 using xhci_hcd
[611625.443624] usb 1-3: New USB device found, idVendor=056a, idProduct=0357, bcdDevice= 1.32
[611625.443639] usb 1-3: New USB device strings: Mfr=1, Product=2, SerialNumber=3
[611625.443645] usb 1-3: Product: Wacom Intuos Pro M
[611625.443650] usb 1-3: Manufacturer: Wacom Co.,Ltd.
[611625.443653] usb 1-3: SerialNumber: 7FQ00A1000455
[611625.451039] wacom 0003:056A:0357.0034: hidraw1: USB HID v1.10 Mouse [Wacom Co.,Ltd. Wacom Intuos Pro M] on usb-0000:00:14.0-3/input0
[611625.451071] input: Wacom Intuos Pro M Pen as /devices/pci0000:00/0000:00:14.0/usb1/1-3/1-3:1.0/0003:056A:0357.0034/input/input156
[611625.451253] input: Wacom Intuos Pro M Pad as /devices/pci0000:00/0000:00:14.0/usb1/1-3/1-3:1.0/0003:056A:0357.0034/input/input158
[611625.490131] wacom 0003:056A:0357.0035: hidraw2: USB HID v1.10 Device [Wacom Co.,Ltd. Wacom Intuos Pro M] on usb-0000:00:14.0-3/input2
[611625.490216] input: Wacom Intuos Pro M Finger as /devices/pci0000:00/0000:00:14.0/usb1/1-3/1-3:1.2/0003:056A:0357.0035/input/input160
[611625.640680] wacom 0003:056A:0357.0036: hidraw1: USB HID v1.10 Mouse [Wacom Co.,Ltd. Wacom Intuos Pro M] on usb-0000:00:14.0-3/input0
[611625.640741] input: Wacom Intuos Pro M Pen as /devices/pci0000:00/0000:00:14.0/usb1/1-3/1-3:1.0/0003:056A:0357.0036/input/input162
[611625.640913] input: Wacom Intuos Pro M Pad as /devices/pci0000:00/0000:00:14.0/usb1/1-3/1-3:1.0/0003:056A:0357.0036/input/input164
[645266.144968] perf: interrupt took too long (3987 > 3963), lowering kernel.perf_event_max_sample_rate to 50000
[772250.860262] usb 1-3: USB disconnect, device number 21
[772254.316645] wacom 0005:056A:0360.0037: unknown main item tag 0x0
[772254.317607] wacom 0005:056A:0360.0037: hidraw1: BLUETOOTH HID v0.00 Device [BT Paper] on 20:1e:88:99:10:64
[772254.317794] input: Wacom Intuos Pro M Pen as /devices/virtual/misc/uhid/0005:056A:0360.0037/input/input165
[772254.318331] input: Wacom Intuos Pro M Finger as /devices/virtual/misc/uhid/0005:056A:0360.0037/input/input166
[772254.318877] input: Wacom Intuos Pro M Pad as /devices/virtual/misc/uhid/0005:056A:0360.0037/input/input167
[872327.074142] rfkill: input handler disabled
[873226.206864] wlp0s20f3: deauthenticating from d8:0d:17:47:34:0f by local choice (Reason: 3=DEAUTH_LEAVING)
[873226.346217] PM: suspend entry (s2idle)
[873226.397018] Filesystems sync: 0.050 seconds
[873226.549291] Freezing user space processes
--
[1804247.703073] wlp0s20f3: RX AssocResp from d8:0d:17:47:34:0f (capab=0x411 status=0 aid=5)
[1804247.712321] wlp0s20f3: associated
[1804249.358347] rfkill: input handler enabled
[1804250.637406] rfkill: input handler disabled
[1805976.705217] rfkill: input handler enabled
[1806125.607489] input: Wacom Intuos3 6x8 Pen as /devices/virtual/input/input168
[1806361.351418] input: Wacom Intuos3 6x8 Pen as /devices/virtual/input/input169
[1807382.287126] show_signal: 49 callbacks suppressed
[1807382.287130] traps: gnome-control-c[187426] general protection fault ip:7fa38cf57de0 sp:7fffe7acf810 error:0 in libgobject-2.0.so.0.8200.2[2fde0,7fa38cf28000+39000]
[1808321.417176] i915 0000:00:02.0: [drm] *ERROR* Atomic update failure on pipe A (start=244655 end=244656) time 113 us, min 1073, max 1079, scanline start 1072, end 1079
[1809176.122250] input: Wacom Intuos3 6x8 Pen as /devices/virtual/input/input170
[1809675.495570] gnome-shell[195001]: segfault at 38 ip 00007fcb367b1923 sp 00007fff2f9f86d0 error 4 in libmutter-16.so.0.0.0[1b1923,7fcb36600000+22e000] likely on CPU 1 (core 1, socket 0)
[1809675.495606] Code: 89 55 cc 48 8b 45 d0 be 00 00 00 00 48 89 c7 e8 53 29 e5 ff 48 89 45 f0 8b 45 cc 48 8d 14 c5 00 00 00 00 48 8b 45 f0 48 01 d0 <f2> 0f 10 00 f2 0f 11 45 e8 f2 0f 10 4d e8 f2 0f 10 05 1f 07 11 00
[1809696.160385] gnome-shell[195376]: segfault at 38 ip 00007f7ac9db1923 sp 00007ffc120ca1f0 error 4 in libmutter-16.so.0.0.0[1b1923,7f7ac9c00000+22e000] likely on CPU 6 (core 2, socket 0)
[1809696.160421] Code: 89 55 cc 48 8b 45 d0 be 00 00 00 00 48 89 c7 e8 53 29 e5 ff 48 89 45 f0 8b 45 cc 48 8d 14 c5 00 00 00 00 48 8b 45 f0 48 01 d0 <f2> 0f 10 00 f2 0f 11 45 e8 f2 0f 10 4d e8 f2 0f 10 05 1f 07 11 00
[1809744.652552] gnome-shell[195714]: segfault at 38 ip 00007f6fad3b1923 sp 00007ffe39a36150 error 4 in libmutter-16.so.0.0.0[1b1923,7f6fad200000+22e000] likely on CPU 4 (core 0, socket 0)
--
[1882056.062509] done.
[1882056.062539] random: crng reseeded on system resumption
[1882056.109964] PM: suspend exit
[1882056.178879] usb 1-4: new full-speed USB device number 22 using xhci_hcd
[1882056.261131] e1000e 0000:00:1f.6 enp0s31f6: NIC Link is Down
[1882056.310434] usb 1-4: New USB device found, idVendor=256c, idProduct=0069, bcdDevice= 1.12
[1882056.310440] usb 1-4: New USB device strings: Mfr=1, Product=2, SerialNumber=3
[1882056.310441] usb 1-4: Product: Huion Keydial_K20
[1882056.310442] usb 1-4: Manufacturer: HUION
[1882056.313179] hid-generic 0003:256C:0069.0038: hiddev97,hidraw1: USB HID v1.10 Device [HUION Huion Keydial_K20] on usb-0000:00:14.0-4/input0
[1882056.314956] input: HUION Huion Keydial_K20 Keyboard as /devices/pci0000:00/0000:00:14.0/usb1/1-4/1-4:1.1/0003:256C:0069.0039/input/input171
[1882056.367276] input: HUION Huion Keydial_K20 Mouse as /devices/pci0000:00/0000:00:14.0/usb1/1-4/1-4:1.1/0003:256C:0069.0039/input/input172
[1882056.367631] hid-generic 0003:256C:0069.0039: input,hidraw2: USB HID v1.10 Keyboard [HUION Huion Keydial_K20] on usb-0000:00:14.0-4/input1
[1882056.369529] hid-generic 0003:256C:0069.003A: unsupported Resolution Multiplier 0
[1882056.369747] hid-generic 0003:256C:0069.003A: hiddev98,hidraw3: USB HID v1.10 Device [HUION Huion Keydial_K20] on usb-0000:00:14.0-4/input2
[1882059.232610] e1000e 0000:00:1f.6 enp0s31f6: NIC Link is Up 1000 Mbps Full Duplex, Flow Control: Rx/Tx
[1882059.678363] wlp0s20f3: authenticate with d8:0d:17:47:34:0f (local address=3a:f0:17:1f:91:8a)
[1882059.679442] wlp0s20f3: send auth to d8:0d:17:47:34:0f (try 1/3)
[1882059.706094] wlp0s20f3: authenticated
[1882059.707019] wlp0s20f3: associate with d8:0d:17:47:34:0f (try 1/3)
--
[1882062.033320] rfkill: input handler disabled
[1882178.735294] systemd-ssh-generator[223821]: Binding SSH to AF_UNIX socket /run/ssh-unix-local/socket.
[1882178.735299] systemd-ssh-generator[223821]: \xe2\x86\x92 connect via 'ssh .host' locally
[1882181.379079] usb 1-4: USB disconnect, device number 22
[1882182.530813] usb 1-4: new full-speed USB device number 23 using xhci_hcd
[1882182.660604] usb 1-4: New USB device found, idVendor=256c, idProduct=0069, bcdDevice= 1.12
[1882182.660608] usb 1-4: New USB device strings: Mfr=1, Product=2, SerialNumber=3
[1882182.660610] usb 1-4: Product: Huion Keydial_K20
[1882182.660611] usb 1-4: Manufacturer: HUION
[1882182.663510] hid-generic 0003:256C:0069.003B: hiddev97,hidraw1: USB HID v1.10 Device [HUION Huion Keydial_K20] on usb-0000:00:14.0-4/input0
[1882182.665093] input: HUION Huion Keydial_K20 Keyboard as /devices/pci0000:00/0000:00:14.0/usb1/1-4/1-4:1.1/0003:256C:0069.003C/input/input173
[1882182.716967] input: HUION Huion Keydial_K20 Mouse as /devices/pci0000:00/0000:00:14.0/usb1/1-4/1-4:1.1/0003:256C:0069.003C/input/input174
[1882182.717325] hid-generic 0003:256C:0069.003C: input,hidraw2: USB HID v1.10 Keyboard [HUION Huion Keydial_K20] on usb-0000:00:14.0-4/input1
[1882182.718781] hid-generic 0003:256C:0069.003D: unsupported Resolution Multiplier 0
[1882182.719003] hid-generic 0003:256C:0069.003D: hiddev98,hidraw3: USB HID v1.10 Device [HUION Huion Keydial_K20] on usb-0000:00:14.0-4/input2
[1883178.713411] wacom 0005:056A:0360.003E: unknown main item tag 0x0
[1883178.714415] wacom 0005:056A:0360.003E: hidraw4: BLUETOOTH HID v0.00 Device [BT Paper] on 20:1e:88:99:10:64
[1883178.714549] input: Wacom Intuos Pro M Pen as /devices/virtual/misc/uhid/0005:056A:0360.003E/input/input175
[1883178.715079] input: Wacom Intuos Pro M Finger as /devices/virtual/misc/uhid/0005:056A:0360.003E/input/input176
[1883178.715573] input: Wacom Intuos Pro M Pad as /devices/virtual/misc/uhid/0005:056A:0360.003E/input/input177
[1897062.920311] usb 1-4: USB disconnect, device number 23
[1897065.662252] usb 1-4: new full-speed USB device number 24 using xhci_hcd
[1897065.792706] usb 1-4: New USB device found, idVendor=256c, idProduct=0069, bcdDevice= 1.12
[1897065.792721] usb 1-4: New USB device strings: Mfr=1, Product=2, SerialNumber=3
[1897065.792727] usb 1-4: Product: Huion Keydial_K20
[1897065.792732] usb 1-4: Manufacturer: HUION
[1897065.798529] hid-generic 0003:256C:0069.003F: hiddev97,hidraw1: USB HID v1.10 Device [HUION Huion Keydial_K20] on usb-0000:00:14.0-4/input0
[1897065.801882] input: HUION Huion Keydial_K20 Keyboard as /devices/pci0000:00/0000:00:14.0/usb1/1-4/1-4:1.1/0003:256C:0069.0040/input/input178
[1897065.854380] input: HUION Huion Keydial_K20 Mouse as /devices/pci0000:00/0000:00:14.0/usb1/1-4/1-4:1.1/0003:256C:0069.0040/input/input179
[1897065.854922] hid-generic 0003:256C:0069.0040: input,hidraw2: USB HID v1.10 Keyboard [HUION Huion Keydial_K20] on usb-0000:00:14.0-4/input1
[1897065.857740] hid-generic 0003:256C:0069.0041: unsupported Resolution Multiplier 0
[1897065.858230] hid-generic 0003:256C:0069.0041: hiddev98,hidraw3: USB HID v1.10 Device [HUION Huion Keydial_K20] on usb-0000:00:14.0-4/input2
[1913319.093635] input: HUION Huion Keydial_K20 Keyboard as /devices/pci0000:00/0000:00:14.0/usb1/1-4/1-4:1.1/0003:256C:0069.0040/input/input180
[1913319.145649] input: HUION Huion Keydial_K20 Mouse as /devices/pci0000:00/0000:00:14.0/usb1/1-4/1-4:1.1/0003:256C:0069.0040/input/input181
[1913319.146138] hid-generic 0003:256C:0069.0040: input,hidraw2: USB HID v1.10 Keyboard [HUION Huion Keydial_K20] on usb-0000:00:14.0-4/input1
[1913531.779166] input: HUION Huion Keydial_K20 Keyboard as /devices/pci0000:00/0000:00:14.0/usb1/1-4/1-4:1.1/0003:256C:0069.0040/input/input182
[1913531.831436] input: HUION Huion Keydial_K20 Mouse as /devices/pci0000:00/0000:00:14.0/usb1/1-4/1-4:1.1/0003:256C:0069.0040/input/input183
[1913531.831839] hid-generic 0003:256C:0069.0040: input,hidraw2: USB HID v1.10 Keyboard [HUION Huion Keydial_K20] on usb-0000:00:14.0-4/input1
[1913548.520938] input: HUION Huion Keydial_K20 Keyboard as /devices/pci0000:00/0000:00:14.0/usb1/1-4/1-4:1.1/0003:256C:0069.0040/input/input184
[1913548.573237] input: HUION Huion Keydial_K20 Mouse as /devices/pci0000:00/0000:00:14.0/usb1/1-4/1-4:1.1/0003:256C:0069.0040/input/input185
[1913548.573899] hid-generic 0003:256C:0069.0040: input,hidraw2: USB HID v1.10 Keyboard [HUION Huion Keydial_K20] on usb-0000:00:14.0-4/input1
[1913615.621059] input: HUION Huion Keydial_K20 Keyboard as /devices/pci0000:00/0000:00:14.0/usb1/1-4/1-4:1.1/0003:256C:0069.0040/input/input186
[1913615.673236] input: HUION Huion Keydial_K20 Mouse as /devices/pci0000:00/0000:00:14.0/usb1/1-4/1-4:1.1/0003:256C:0069.0040/input/input187
[1913615.674211] hid-generic 0003:256C:0069.0040: input,hidraw2: USB HID v1.10 Keyboard [HUION Huion Keydial_K20] on usb-0000:00:14.0-4/input1
[1913627.559078] input: HUION Huion Keydial_K20 Keyboard as /devices/pci0000:00/0000:00:14.0/usb1/1-4/1-4:1.1/0003:256C:0069.0040/input/input188
[1913627.610948] input: HUION Huion Keydial_K20 Mouse as /devices/pci0000:00/0000:00:14.0/usb1/1-4/1-4:1.1/0003:256C:0069.0040/input/input189
[1913627.611556] hid-generic 0003:256C:0069.0040: input,hidraw2: USB HID v1.10 Keyboard [HUION Huion Keydial_K20] on usb-0000:00:14.0-4/input1
[1913632.472173] input: HUION Huion Keydial_K20 Keyboard as /devices/pci0000:00/0000:00:14.0/usb1/1-4/1-4:1.1/0003:256C:0069.0040/input/input190
[1913632.524139] input: HUION Huion Keydial_K20 Mouse as /devices/pci0000:00/0000:00:14.0/usb1/1-4/1-4:1.1/0003:256C:0069.0040/input/input191
[1913632.524482] hid-generic 0003:256C:0069.0040: input,hidraw2: USB HID v1.10 Keyboard [HUION Huion Keydial_K20] on usb-0000:00:14.0-4/input1
[1913701.832976] input: HUION Huion Keydial_K20 Keyboard as /devices/pci0000:00/0000:00:14.0/usb1/1-4/1-4:1.1/0003:256C:0069.0040/input/input192
[1913701.884861] input: HUION Huion Keydial_K20 Mouse as /devices/pci0000:00/0000:00:14.0/usb1/1-4/1-4:1.1/0003:256C:0069.0040/input/input193
[1913701.887377] hid-generic 0003:256C:0069.0040: input,hidraw2: USB HID v1.10 Keyboard [HUION Huion Keydial_K20] on usb-0000:00:14.0-4/input1
[1913735.717120] input: HUION Huion Keydial_K20 Keyboard as /devices/pci0000:00/0000:00:14.0/usb1/1-4/1-4:1.1/0003:256C:0069.0040/input/input194
[1913735.769068] input: HUION Huion Keydial_K20 Mouse as /devices/pci0000:00/0000:00:14.0/usb1/1-4/1-4:1.1/0003:256C:0069.0040/input/input195
[1913735.769627] hid-generic 0003:256C:0069.0040: input,hidraw2: USB HID v1.10 Keyboard [HUION Huion Keydial_K20] on usb-0000:00:14.0-4/input1
[1913754.881786] input: HUION Huion Keydial_K20 Keyboard as /devices/pci0000:00/0000:00:14.0/usb1/1-4/1-4:1.1/0003:256C:0069.0040/input/input196
[1913754.933787] input: HUION Huion Keydial_K20 Mouse as /devices/pci0000:00/0000:00:14.0/usb1/1-4/1-4:1.1/0003:256C:0069.0040/input/input197
[1913754.934160] hid-generic 0003:256C:0069.0040: input,hidraw2: USB HID v1.10 Keyboard [HUION Huion Keydial_K20] on usb-0000:00:14.0-4/input1
[1913759.458876] input: HUION Huion Keydial_K20 Keyboard as /devices/pci0000:00/0000:00:14.0/usb1/1-4/1-4:1.1/0003:256C:0069.0040/input/input198
[1913759.510709] input: HUION Huion Keydial_K20 Mouse as /devices/pci0000:00/0000:00:14.0/usb1/1-4/1-4:1.1/0003:256C:0069.0040/input/input199
[1913759.511251] hid-generic 0003:256C:0069.0040: input,hidraw2: USB HID v1.10 Keyboard [HUION Huion Keydial_K20] on usb-0000:00:14.0-4/input1
[1913778.190402] input: HUION Huion Keydial_K20 Keyboard as /devices/pci0000:00/0000:00:14.0/usb1/1-4/1-4:1.1/0003:256C:0069.0040/input/input200
[1913778.243821] input: HUION Huion Keydial_K20 Mouse as /devices/pci0000:00/0000:00:14.0/usb1/1-4/1-4:1.1/0003:256C:0069.0040/input/input201
[1913778.244803] hid-generic 0003:256C:0069.0040: input,hidraw2: USB HID v1.10 Keyboard [HUION Huion Keydial_K20] on usb-0000:00:14.0-4/input1
[1913778.761261] input: HUION Huion Keydial_K20 Keyboard as /devices/pci0000:00/0000:00:14.0/usb1/1-4/1-4:1.1/0003:256C:0069.0040/input/input202
[1913778.813212] input: HUION Huion Keydial_K20 Mouse as /devices/pci0000:00/0000:00:14.0/usb1/1-4/1-4:1.1/0003:256C:0069.0040/input/input203
[1913778.814053] hid-generic 0003:256C:0069.0040: input,hidraw2: USB HID v1.10 Keyboard [HUION Huion Keydial_K20] on usb-0000:00:14.0-4/input1
[1913825.476104] input: HUION Huion Keydial_K20 Keyboard as /devices/pci0000:00/0000:00:14.0/usb1/1-4/1-4:1.1/0003:256C:0069.0040/input/input204
[1913825.527731] input: HUION Huion Keydial_K20 Mouse as /devices/pci0000:00/0000:00:14.0/usb1/1-4/1-4:1.1/0003:256C:0069.0040/input/input205
[1913825.528488] hid-generic 0003:256C:0069.0040: input,hidraw2: USB HID v1.10 Keyboard [HUION Huion Keydial_K20] on usb-0000:00:14.0-4/input1
[1913826.020376] input: HUION Huion Keydial_K20 Keyboard as /devices/pci0000:00/0000:00:14.0/usb1/1-4/1-4:1.1/0003:256C:0069.0040/input/input206
[1913826.072979] input: HUION Huion Keydial_K20 Mouse as /devices/pci0000:00/0000:00:14.0/usb1/1-4/1-4:1.1/0003:256C:0069.0040/input/input207
[1913826.073723] hid-generic 0003:256C:0069.0040: input,hidraw2: USB HID v1.10 Keyboard [HUION Huion Keydial_K20] on usb-0000:00:14.0-4/input1
[1913833.580200] input: HUION Huion Keydial_K20 Keyboard as /devices/pci0000:00/0000:00:14.0/usb1/1-4/1-4:1.1/0003:256C:0069.0040/input/input208
[1913833.632705] input: HUION Huion Keydial_K20 Mouse as /devices/pci0000:00/0000:00:14.0/usb1/1-4/1-4:1.1/0003:256C:0069.0040/input/input209
[1913833.636318] hid-generic 0003:256C:0069.0040: input,hidraw2: USB HID v1.10 Keyboard [HUION Huion Keydial_K20] on usb-0000:00:14.0-4/input1
[1913834.126144] input: HUION Huion Keydial_K20 Keyboard as /devices/pci0000:00/0000:00:14.0/usb1/1-4/1-4:1.1/0003:256C:0069.0040/input/input210
[1913834.177646] input: HUION Huion Keydial_K20 Mouse as /devices/pci0000:00/0000:00:14.0/usb1/1-4/1-4:1.1/0003:256C:0069.0040/input/input211
[1913834.178120] hid-generic 0003:256C:0069.0040: input,hidraw2: USB HID v1.10 Keyboard [HUION Huion Keydial_K20] on usb-0000:00:14.0-4/input1
[1913869.931596] input: HUION Huion Keydial_K20 Keyboard as /devices/pci0000:00/0000:00:14.0/usb1/1-4/1-4:1.1/0003:256C:0069.0040/input/input212
[1913869.983630] input: HUION Huion Keydial_K20 Mouse as /devices/pci0000:00/0000:00:14.0/usb1/1-4/1-4:1.1/0003:256C:0069.0040/input/input213
[1913869.984012] hid-generic 0003:256C:0069.0040: input,hidraw2: USB HID v1.10 Keyboard [HUION Huion Keydial_K20] on usb-0000:00:14.0-4/input1
[1913870.464978] input: HUION Huion Keydial_K20 Keyboard as /devices/pci0000:00/0000:00:14.0/usb1/1-4/1-4:1.1/0003:256C:0069.0040/input/input214
[1913870.516773] input: HUION Huion Keydial_K20 Mouse as /devices/pci0000:00/0000:00:14.0/usb1/1-4/1-4:1.1/0003:256C:0069.0040/input/input215
[1913870.517242] hid-generic 0003:256C:0069.0040: input,hidraw2: USB HID v1.10 Keyboard [HUION Huion Keydial_K20] on usb-0000:00:14.0-4/input1
[1913919.706529] input: HUION Huion Keydial_K20 Keyboard as /devices/pci0000:00/0000:00:14.0/usb1/1-4/1-4:1.1/0003:256C:0069.0040/input/input216
[1913919.758590] input: HUION Huion Keydial_K20 Mouse as /devices/pci0000:00/0000:00:14.0/usb1/1-4/1-4:1.1/0003:256C:0069.0040/input/input217
[1913919.759601] hid-generic 0003:256C:0069.0040: input,hidraw2: USB HID v1.10 Keyboard [HUION Huion Keydial_K20] on usb-0000:00:14.0-4/input1
[1913956.191894] input: HUION Huion Keydial_K20 as /devices/pci0000:00/0000:00:14.0/usb1/1-4/1-4:1.0/0003:256C:0069.003F/input/input218
[1913956.192205] hid-generic 0003:256C:0069.003F: input,hidraw4: USB HID v1.10 Keypad [HUION Huion Keydial_K20] on usb-0000:00:14.0-4/input0
[1914028.185154] hid-generic 0003:256C:0069.003F: hiddev97,hidraw4: USB HID v1.10 Device [HUION Huion Keydial_K20] on usb-0000:00:14.0-4/input0
[1914028.674384] input: HUION Huion Keydial_K20 as /devices/pci0000:00/0000:00:14.0/usb1/1-4/1-4:1.0/0003:256C:0069.003F/input/input219
[1914028.674531] hid-generic 0003:256C:0069.003F: input,hidraw4: USB HID v1.10 Keypad [HUION Huion Keydial_K20] on usb-0000:00:14.0-4/input0
[1914483.901042] usb 1-4: USB disconnect, device number 24
[1914484.996292] usb 1-4: new full-speed USB device number 25 using xhci_hcd
[1914485.127107] usb 1-4: New USB device found, idVendor=256c, idProduct=0069, bcdDevice= 1.12
[1914485.127122] usb 1-4: New USB device strings: Mfr=1, Product=2, SerialNumber=3
[1914485.127128] usb 1-4: Product: Huion Keydial_K20
[1914485.127133] usb 1-4: Manufacturer: HUION
[1914485.131784] hid-generic 0003:256C:0069.0042: hiddev97,hidraw1: USB HID v1.10 Device [HUION Huion Keydial_K20] on usb-0000:00:14.0-4/input0
[1914485.135054] input: HUION Huion Keydial_K20 Keyboard as /devices/pci0000:00/0000:00:14.0/usb1/1-4/1-4:1.1/0003:256C:0069.0043/input/input220
[1914485.186882] input: HUION Huion Keydial_K20 Mouse as /devices/pci0000:00/0000:00:14.0/usb1/1-4/1-4:1.1/0003:256C:0069.0043/input/input221
[1914485.187711] hid-generic 0003:256C:0069.0043: input,hidraw2: USB HID v1.10 Keyboard [HUION Huion Keydial_K20] on usb-0000:00:14.0-4/input1
[1914485.190830] hid-generic 0003:256C:0069.0044: unsupported Resolution Multiplier 0
[1914485.191224] hid-generic 0003:256C:0069.0044: hiddev98,hidraw3: USB HID v1.10 Device [HUION Huion Keydial_K20] on usb-0000:00:14.0-4/input2
[1914926.010970] input: HUION Huion Keydial_K20 as /devices/pci0000:00/0000:00:14.0/usb1/1-4/1-4:1.0/0003:256C:0069.0042/input/input222
[1914926.011165] hid-generic 0003:256C:0069.0042: input,hidraw4: USB HID v1.10 Keypad [HUION Huion Keydial_K20] on usb-0000:00:14.0-4/input0
[1915173.904204] hid-generic 0003:256C:0069.0042: hiddev97,hidraw5: USB HID v1.10 Device [HUION Huion Keydial_K20] on usb-0000:00:14.0-4/input0
[1915210.334802] input: HUION Huion Keydial_K20 as /devices/pci0000:00/0000:00:14.0/usb1/1-4/1-4:1.0/0003:256C:0069.0042/input/input223
[1915210.334948] hid-generic 0003:256C:0069.0042: input,hidraw4: USB HID v1.10 Keypad [HUION Huion Keydial_K20] on usb-0000:00:14.0-4/input0
[1915354.642116] hid-generic 0003:256C:0069.0042: hiddev97,hidraw5: USB HID v1.10 Device [HUION Huion Keydial_K20] on usb-0000:00:14.0-4/input0
[1915355.121851] input: HUION Huion Keydial_K20 as /devices/pci0000:00/0000:00:14.0/usb1/1-4/1-4:1.0/0003:256C:0069.0042/input/input224
[1915355.122011] hid-generic 0003:256C:0069.0042: input,hidraw5: USB HID v1.10 Keypad [HUION Huion Keydial_K20] on usb-0000:00:14.0-4/input0
[1915385.207117] hid-generic 0003:256C:0069.0042: hiddev97,hidraw4: USB HID v1.10 Device [HUION Huion Keydial_K20] on usb-0000:00:14.0-4/input0
[1915385.701863] input: HUION Huion Keydial_K20 as /devices/pci0000:00/0000:00:14.0/usb1/1-4/1-4:1.0/0003:256C:0069.0042/input/input225
[1915385.702023] hid-generic 0003:256C:0069.0042: input,hidraw4: USB HID v1.10 Keypad [HUION Huion Keydial_K20] on usb-0000:00:14.0-4/input0
[1915504.048834] hid-generic 0003:256C:0069.0042: hiddev97,hidraw4: USB HID v1.10 Device [HUION Huion Keydial_K20] on usb-0000:00:14.0-4/input0
[1915504.523207] input: HUION Huion Keydial_K20 as /devices/pci0000:00/0000:00:14.0/usb1/1-4/1-4:1.0/0003:256C:0069.0042/input/input226
[1915504.523329] hid-generic 0003:256C:0069.0042: input,hidraw4: USB HID v1.10 Keypad [HUION Huion Keydial_K20] on usb-0000:00:14.0-4/input0
[1915613.445810] hid-generic 0003:256C:0069.0042: hiddev97,hidraw5: USB HID v1.10 Device [HUION Huion Keydial_K20] on usb-0000:00:14.0-4/input0
[1915613.935920] input: HUION Huion Keydial_K20 as /devices/pci0000:00/0000:00:14.0/usb1/1-4/1-4:1.0/0003:256C:0069.0042/input/input227
[1915613.936108] hid-generic 0003:256C:0069.0042: input,hidraw5: USB HID v1.10 Keypad [HUION Huion Keydial_K20] on usb-0000:00:14.0-4/input0
[1917087.096628] hid-generic 0003:256C:0069.0042: hiddev97,hidraw4: USB HID v1.10 Device [HUION Huion Keydial_K20] on usb-0000:00:14.0-4/input0
[1917087.586916] input: HUION Huion Keydial_K20 as /devices/pci0000:00/0000:00:14.0/usb1/1-4/1-4:1.0/0003:256C:0069.0042/input/input228
[1917087.587075] hid-generic 0003:256C:0069.0042: input,hidraw4: USB HID v1.10 Keypad [HUION Huion Keydial_K20] on usb-0000:00:14.0-4/input0
[1971526.368634] usb 1-4: USB disconnect, device number 25
[1971559.291680] usb 1-4: new full-speed USB device number 26 using xhci_hcd
[1971559.423900] usb 1-4: New USB device found, idVendor=256c, idProduct=0069, bcdDevice= 1.12
[1971559.423917] usb 1-4: New USB device strings: Mfr=1, Product=2, SerialNumber=3
[1971559.423924] usb 1-4: Product: Huion Keydial_K20
[1971559.423929] usb 1-4: Manufacturer: HUION
[1971559.431207] hid-generic 0003:256C:0069.0045: hiddev97,hidraw1: USB HID v1.10 Device [HUION Huion Keydial_K20] on usb-0000:00:14.0-4/input0
[1971559.432986] input: HUION Huion Keydial_K20 Keyboard as /devices/pci0000:00/0000:00:14.0/usb1/1-4/1-4:1.1/0003:256C:0069.0046/input/input229
[1971559.485116] input: HUION Huion Keydial_K20 Mouse as /devices/pci0000:00/0000:00:14.0/usb1/1-4/1-4:1.1/0003:256C:0069.0046/input/input230
[1971559.485775] hid-generic 0003:256C:0069.0046: input,hidraw2: USB HID v1.10 Keyboard [HUION Huion Keydial_K20] on usb-0000:00:14.0-4/input1
[1971559.488125] hid-generic 0003:256C:0069.0047: unsupported Resolution Multiplier 0
[1971559.488340] hid-generic 0003:256C:0069.0047: hiddev98,hidraw3: USB HID v1.10 Device [HUION Huion Keydial_K20] on usb-0000:00:14.0-4/input2
[1972251.092771] wacom 0005:056A:0360.0048: unknown main item tag 0x0
[1972251.093745] wacom 0005:056A:0360.0048: hidraw4: BLUETOOTH HID v0.00 Device [BT Paper] on 20:1e:88:99:10:64
[1972251.093874] input: Wacom Intuos Pro M Pen as /devices/virtual/misc/uhid/0005:056A:0360.0048/input/input231
[1972251.094410] input: Wacom Intuos Pro M Finger as /devices/virtual/misc/uhid/0005:056A:0360.0048/input/input232
[1972251.094802] input: Wacom Intuos Pro M Pad as /devices/virtual/misc/uhid/0005:056A:0360.0048/input/input233
[1982329.931599] input: HUION Huion Keydial_K20 as /devices/pci0000:00/0000:00:14.0/usb1/1-4/1-4:1.0/0003:256C:0069.0045/input/input234
[1982329.931946] hid-generic 0003:256C:0069.0045: input,hidraw1: USB HID v1.10 Keypad [HUION Huion Keydial_K20] on usb-0000:00:14.0-4/input0
[1982428.054603] systemd-ssh-generator[258767]: Binding SSH to AF_UNIX socket /run/ssh-unix-local/socket.
[1982428.054608] systemd-ssh-generator[258767]: \xe2\x86\x92 connect via 'ssh .host' locally
[1982430.670801] usb 1-4: USB disconnect, device number 26
[1982432.342574] usb 1-4: new full-speed USB device number 27 using xhci_hcd
[1982432.475528] usb 1-4: New USB device found, idVendor=256c, idProduct=0069, bcdDevice= 1.12
[1982432.475545] usb 1-4: New USB device strings: Mfr=1, Product=2, SerialNumber=3
[1982432.475552] usb 1-4: Product: Huion Keydial_K20
[1982432.475558] usb 1-4: Manufacturer: HUION
[1982432.481431] hid-generic 0003:256C:0069.0049: hiddev97,hidraw1: USB HID v1.10 Device [HUION Huion Keydial_K20] on usb-0000:00:14.0-4/input0
[1982432.484877] input: HUION Huion Keydial_K20 Keyboard as /devices/pci0000:00/0000:00:14.0/usb1/1-4/1-4:1.1/0003:256C:0069.004A/input/input235
[1982432.537221] input: HUION Huion Keydial_K20 Mouse as /devices/pci0000:00/0000:00:14.0/usb1/1-4/1-4:1.1/0003:256C:0069.004A/input/input236
[1982432.538058] hid-generic 0003:256C:0069.004A: input,hidraw2: USB HID v1.10 Keyboard [HUION Huion Keydial_K20] on usb-0000:00:14.0-4/input1
[1982432.541074] hid-generic 0003:256C:0069.004B: unsupported Resolution Multiplier 0
[1982432.541575] hid-generic 0003:256C:0069.004B: hiddev98,hidraw3: USB HID v1.10 Device [HUION Huion Keydial_K20] on usb-0000:00:14.0-4/input2
[1982488.727567] input: HUION Huion Keydial_K20 as /devices/pci0000:00/0000:00:14.0/usb1/1-4/1-4:1.0/0003:256C:0069.0049/input/input237
[1982488.727849] hid-generic 0003:256C:0069.0049: input,hidraw1: USB HID v1.10 Keypad [HUION Huion Keydial_K20] on usb-0000:00:14.0-4/input0
[1982528.847118] hid-generic 0003:256C:0069.0049: hiddev97,hidraw4: USB HID v1.10 Device [HUION Huion Keydial_K20] on usb-0000:00:14.0-4/input0
[1982529.304678] input: HUION Huion Keydial_K20 as /devices/pci0000:00/0000:00:14.0/usb1/1-4/1-4:1.0/0003:256C:0069.0049/input/input238
[1982529.304788] hid-generic 0003:256C:0069.0049: input,hidraw4: USB HID v1.10 Keypad [HUION Huion Keydial_K20] on usb-0000:00:14.0-4/input0
[1982605.558791] hid-generic 0003:256C:0069.0049: hiddev97,hidraw1: USB HID v1.10 Device [HUION Huion Keydial_K20] on usb-0000:00:14.0-4/input0
[1982629.856468] input: HUION Huion Keydial_K20 as /devices/pci0000:00/0000:00:14.0/usb1/1-4/1-4:1.0/0003:256C:0069.0049/input/input239
[1982629.856582] hid-generic 0003:256C:0069.0049: input,hidraw1: USB HID v1.10 Keypad [HUION Huion Keydial_K20] on usb-0000:00:14.0-4/input0
[1982629.936110] hid-generic 0003:256C:0069.004A: hidraw2: USB HID v1.10 Device [HUION Huion Keydial_K20] on usb-0000:00:14.0-4/input1
[1982629.964101] hid-generic 0003:256C:0069.004B: hidraw3: USB HID v1.10 Device [HUION Huion Keydial_K20] on usb-0000:00:14.0-4/input2
[1982673.475103] WARNING! power/level is deprecated; use power/control instead
[1982963.027219] hid-generic 0003:256C:0069.004B: unsupported Resolution Multiplier 0
[1982963.027633] input: HUION Huion Keydial_K20 Keyboard as /devices/pci0000:00/0000:00:14.0/usb1/1-4/1-4:1.1/0003:256C:0069.004A/input/input240
[1982963.027718] hid-generic 0003:256C:0069.004B: hiddev97,hidraw2: USB HID v1.10 Device [HUION Huion Keydial_K20] on usb-0000:00:14.0-4/input2
[1982963.064035] hid-generic 0003:256C:0069.0049: hiddev98,hidraw1: USB HID v1.10 Device [HUION Huion Keydial_K20] on usb-0000:00:14.0-4/input0
[1982963.115837] input: HUION Huion Keydial_K20 Mouse as /devices/pci0000:00/0000:00:14.0/usb1/1-4/1-4:1.1/0003:256C:0069.004A/input/input241
[1982963.116114] hid-generic 0003:256C:0069.004A: input,hidraw3: USB HID v1.10 Keyboard [HUION Huion Keydial_K20] on usb-0000:00:14.0-4/input1
[1982963.577525] input: HUION Huion Keydial_K20 as /devices/pci0000:00/0000:00:14.0/usb1/1-4/1-4:1.0/0003:256C:0069.0049/input/input242
[1982963.577693] hid-generic 0003:256C:0069.0049: input,hidraw1: USB HID v1.10 Keypad [HUION Huion Keydial_K20] on usb-0000:00:14.0-4/input0
[1982963.660151] hid-generic 0003:256C:0069.004A: hidraw3: USB HID v1.10 Device [HUION Huion Keydial_K20] on usb-0000:00:14.0-4/input1
[1982963.684927] hid-generic 0003:256C:0069.004B: hidraw2: USB HID v1.10 Device [HUION Huion Keydial_K20] on usb-0000:00:14.0-4/input2
