[    0.007529] ACPI: SSDT 0x0000000023B6A000 000115 (v01 HP     HPSANIMD 00001000 INTL 20160527)
[    0.007531] ACPI: SSDT 0x0000000023B69000 000069 (v01 HP     HPCAHWID 00001000 INTL 20160527)
[    0.007533] ACPI: UEFI 0x0000000023A9F000 00063A (v01 INTEL  RstVmdE  00000000 ??   00000000)
[    0.007535] ACPI: UEFI 0x0000000023A9E000 00005C (v01 INTEL  RstVmdV  00000000 ??   00000000)
[    0.007536] ACPI: BGRT 0x0000000023B68000 000038 (v01 HPQOEM TGL-ULT  00000002      01000013)
[    0.007538] ACPI: PTDT 0x0000000023B67000 000024 (v00 HPQOEM SLIC-BPC 00000005 MSFT 0100000D)
[    0.007540] ACPI: SSDT 0x0000000023BE0000 0002F9 (v02 HP     PwrCtlEv 00000001 INTL 20160527)
[    0.007542] ACPI: FPDT 0x0000000023B66000 000044 (v01 HPQOEM TGL-ULT  00000002      01000013)
[    0.007543] ACPI: Reserving FACP table memory at [mem 0x23bc9000-0x23bc9113]
[    0.007544] ACPI: Reserving DSDT table memory at [mem 0x23b85000-0x23bc563e]
[    0.007545] ACPI: Reserving FACS table memory at [mem 0x23aa4000-0x23aa403f]
--
[    1.853256] input: SYNA30B8:00 06CB:CE1A Mouse as /devices/pci0000:00/0000:00:15.0/i2c_designware.0/i2c-1/i2c-SYNA30B8:00/0018:06CB:CE1A.0001/input/input5
[    1.853352] input: SYNA30B8:00 06CB:CE1A Touchpad as /devices/pci0000:00/0000:00:15.0/i2c_designware.0/i2c-1/i2c-SYNA30B8:00/0018:06CB:CE1A.0001/input/input6
[    1.853394] hid-generic 0018:06CB:CE1A.0001: input,hidraw0: I2C HID v1.00 Mouse [SYNA30B8:00 06CB:CE1A] on i2c-SYNA30B8:00
[    1.865118] usb 3-2: new high-speed USB device number 2 using xhci_hcd
[    1.948513] input: WACF4233:00 056A:4995 Touchscreen as /devices/pci0000:00/0000:00:15.1/i2c_designware.1/i2c-2/i2c-WACF4233:00/0018:056A:4995.0002/input/input8
[    1.948604] input: WACF4233:00 056A:4995 as /devices/pci0000:00/0000:00:15.1/i2c_designware.1/i2c-2/i2c-WACF4233:00/0018:056A:4995.0002/input/input9
[    1.948631] input: WACF4233:00 056A:4995 as /devices/pci0000:00/0000:00:15.1/i2c_designware.1/i2c-2/i2c-WACF4233:00/0018:056A:4995.0002/input/input10
[    1.948675] input: WACF4233:00 056A:4995 as /devices/pci0000:00/0000:00:15.1/i2c_designware.1/i2c-2/i2c-WACF4233:00/0018:056A:4995.0002/input/input11
[    1.948716] input: WACF4233:00 056A:4995 Mouse as /devices/pci0000:00/0000:00:15.1/i2c_designware.1/i2c-2/i2c-WACF4233:00/0018:056A:4995.0002/input/input12
[    1.948761] hid-generic 0018:056A:4995.0002: input,hidraw1: I2C HID v1.00 Mouse [WACF4233:00 056A:4995] on i2c-WACF4233:00
[    1.951310] usbcore: registered new interface driver usbhid
[    1.951311] usbhid: USB HID core driver
[    1.951682] wacom: loading out-of-tree module taints kernel.
[    1.951732] wacom: module verification failed: signature and/or required key missing - tainting kernel
[    2.049813] usb 3-2: New USB device found, idVendor=0408, idProduct=5349, bcdDevice= 0.06
[    2.049822] usb 3-2: New USB device strings: Mfr=1, Product=2, SerialNumber=3
[    2.049825] usb 3-2: Product: HP HD Camera
[    2.049828] usb 3-2: Manufacturer: Quanta
[    2.049830] usb 3-2: SerialNumber: 01.00.00
[    2.166896] input: Wacom HID 4995 Pen as /devices/pci0000:00/0000:00:15.1/i2c_designware.1/i2c-2/i2c-WACF4233:00/0018:056A:4995.0002/input/input13
[    2.167309] input: Wacom HID 4995 Finger as /devices/pci0000:00/0000:00:15.1/i2c_designware.1/i2c-2/i2c-WACF4233:00/0018:056A:4995.0002/input/input14
[    2.167437] wacom 0018:056A:4995.0002: hidraw1: I2C HID v1.00 Mouse [WACF4233:00 056A:4995] on i2c-WACF4233:00
[    2.189044] usb 3-4: new full-speed USB device number 3 using xhci_hcd
[    2.340237] usb 3-4: New USB device found, idVendor=046d, idProduct=c534, bcdDevice=29.01
[    2.340246] usb 3-4: New USB device strings: Mfr=1, Product=2, SerialNumber=0
[    2.340249] usb 3-4: Product: USB Receiver
[    2.340252] usb 3-4: Manufacturer: Logitech
[    2.343568] input: Logitech USB Receiver as /devices/pci0000:00/0000:00:14.0/usb3/3-4/3-4:1.0/0003:046D:C534.0003/input/input16
[    2.401211] hid-generic 0003:046D:C534.0003: input,hidraw2: USB HID v1.11 Keyboard [Logitech USB Receiver] on usb-0000:00:14.0-4/input0
[    2.404032] input: Logitech USB Receiver Mouse as /devices/pci0000:00/0000:00:14.0/usb3/3-4/3-4:1.1/0003:046D:C534.0004/input/input17
[    2.404245] input: Logitech USB Receiver Consumer Control as /devices/pci0000:00/0000:00:14.0/usb3/3-4/3-4:1.1/0003:046D:C534.0004/input/input18
[    2.461191] input: Logitech USB Receiver System Control as /devices/pci0000:00/0000:00:14.0/usb3/3-4/3-4:1.1/0003:046D:C534.0004/input/input19
[    2.461375] hid-generic 0003:046D:C534.0004: input,hiddev0,hidraw3: USB HID v1.11 Mouse [Logitech USB Receiver] on usb-0000:00:14.0-4/input1
[    2.525747] logitech-djreceiver 0003:046D:C534.0003: hidraw2: USB HID v1.11 Keyboard [Logitech USB Receiver] on usb-0000:00:14.0-4/input0
[    2.589010] usb 3-7: new full-speed USB device number 4 using xhci_hcd
[    2.681853] logitech-djreceiver 0003:046D:C534.0004: hiddev0,hidraw3: USB HID v1.11 Mouse [Logitech USB Receiver] on usb-0000:00:14.0-4/input1
[    2.738798] usb 3-7: New USB device found, idVendor=06cb, idProduct=00e9, bcdDevice= 0.00
[    2.738807] usb 3-7: New USB device strings: Mfr=0, Product=0, SerialNumber=1
[    2.738811] usb 3-7: SerialNumber: 31cfc15d8720
[    2.742772] logitech-djreceiver 0003:046D:C534.0004: device of type eQUAD nano Lite (0x0a) connected on slot 2
[    2.743422] input: Logitech Wireless Mouse PID:4054 Mouse as /devices/pci0000:00/0000:00:14.0/usb3/3-4/3-4:1.1/0003:046D:C534.0004/0003:046D:4054.0005/input/input22
[    2.743791] hid-generic 0003:046D:4054.0005: input,hidraw4: USB HID v1.11 Mouse [Logitech Wireless Mouse PID:4054] on usb-0000:00:14.0-4/input1:2
[    2.803045] input: Logitech Wireless Mouse as /devices/pci0000:00/0000:00:14.0/usb3/3-4/3-4:1.1/0003:046D:C534.0004/0003:046D:4054.0005/input/input26
[    2.803225] logitech-hidpp-device 0003:046D:4054.0005: input,hidraw4: USB HID v1.11 Mouse [Logitech Wireless Mouse] on usb-0000:00:14.0-4/input1:2
[    2.868936] usb 3-10: new full-speed USB device number 5 using xhci_hcd
[    3.019554] usb 3-10: New USB device found, idVendor=8087, idProduct=0026, bcdDevice= 0.02
[    3.019563] usb 3-10: New USB device strings: Mfr=0, Product=0, SerialNumber=0
--
[    3.028266] input: Video Bus as /devices/LNXSYSTM:00/LNXSYBUS:00/PNP0A08:00/LNXVIDEO:00/input/input27
[    3.031680] fbcon: i915 (fb0) is primary device
[    3.031682] fbcon: Deferring console take-over
[    3.031685] i915 0000:00:02.0: [drm] fb0: i915 frame buffer device
[    4.804625] ish-hid {33AECD58-B679-4E54-9BD9-A04D34F0C226}: [hid-ish]: enum_devices_done OK, num_hid_devices=6
[    4.815138] hid-generic 001F:8087:0AC2.0006: hidraw5: <UNKNOWN> HID v2.00 Device [hid-ishtp 8087:0AC2] on 
[    4.823810] hid-generic 001F:8087:0AC2.0007: hidraw6: <UNKNOWN> HID v2.00 Device [hid-ishtp 8087:0AC2] on 
[    4.831067] hid-generic 001F:8087:0AC2.0008: hidraw7: <UNKNOWN> HID v2.00 Device [hid-ishtp 8087:0AC2] on 
[    4.837290] hid-generic 001F:8087:0AC2.0009: hidraw8: <UNKNOWN> HID v2.00 Device [hid-ishtp 8087:0AC2] on 
[    4.844364] hid-generic 001F:8087:0AC2.000A: hidraw9: <UNKNOWN> HID v2.00 Device [hid-ishtp 8087:0AC2] on 
[    4.847526] hid-generic 001F:8087:0AC2.000B: hidraw10: <UNKNOWN> HID v2.00 Device [hid-ishtp 8087:0AC2] on 
[    4.850757] system76: Model does not utilize this driver
[    4.916334] usbcore: registered new interface driver system76-io
[    4.992884] raid6: avx512x4 gen() 64449 MB/s
[    5.060884] raid6: avx512x4 xor() 17461 MB/s
[    5.128884] raid6: avx512x2 gen() 72154 MB/s
--
[   11.876109] mc: Linux media interface: v0.10
[   11.888142] videodev: Linux video capture interface: v2.00
[   11.897967] Bluetooth: Core ver 2.22
[   11.898094] NET: Registered PF_BLUETOOTH protocol family
[   11.898096] Bluetooth: HCI device and connection manager initialized
--
[   12.049989] hp_wmi: query 0x1b returned error 0x5
[   12.060118] input: HP HD Camera: HP IR Camera as /devices/pci0000:00/0000:00:14.0/usb3/3-2/3-2:1.2/input/input33
[   12.060184] usbcore: registered new interface driver uvcvideo
[   12.068814] input: SYNA30B8:00 06CB:CE1A Mouse as /devices/pci0000:00/0000:00:15.0/i2c_designware.0/i2c-1/i2c-SYNA30B8:00/0018:06CB:CE1A.0001/input/input34
[   12.068977] input: SYNA30B8:00 06CB:CE1A Touchpad as /devices/pci0000:00/0000:00:15.0/i2c_designware.0/i2c-1/i2c-SYNA30B8:00/0018:06CB:CE1A.0001/input/input35
[   12.069100] hid-multitouch 0018:06CB:CE1A.0001: input,hidraw0: I2C HID v1.00 Mouse [SYNA30B8:00 06CB:CE1A] on i2c-SYNA30B8:00
[   12.087031] mei_hdcp 0000:00:16.0-b638ab7e-94e2-4ea2-a552-d1c54b627f04: bound 0000:00:02.0 (ops i915_hdcp_component_ops [i915])
[   12.087114] intel_rapl_msr: PL4 support detected.
[   12.088378] intel_rapl_common: Found RAPL domain package
[   12.088381] intel_rapl_common: Found RAPL domain core
[   12.088383] intel_rapl_common: Found RAPL domain uncore
--
[   13.748751] Bluetooth: hci0: Waiting for device to boot
[   13.763738] Bluetooth: hci0: Device booted in 14658 usecs
[   13.763928] Bluetooth: hci0: Found Intel DDC parameters: intel/ibt-19-0-4.ddc
[   13.765750] Bluetooth: hci0: Applying Intel DDC parameters completed
[   13.768731] Bluetooth: hci0: Firmware revision 0.4 build 164 week 35 2021
[   13.828765] Bluetooth: hci0: MSFT filter_enable is already on
[   13.831121] NET: Registered PF_ALG protocol family
--
[  113.895404] input: HP Active Pen G3 Keyboard as /devices/virtual/misc/uhid/0005:04F2:1850.000C/input/input43
[  113.895779] hid-generic 0005:04F2:1850.000C: input,hidraw5: BLUETOOTH HID v0.16 Keyboard [HP Active Pen G3] on xx:xx:xx:xx:xx:xx
