-- Logs begin at Mon 2018-04-23 22:25:04 MSK, end at Tue 2018-04-24 14:50:48 MSK. --
апр 24 09:18:02 x2 /usr/lib/gdm3/gdm-x-session[1554]: (--) Log file renamed from "/home/yuu/.local/share/xorg/Xorg.pid-1556.log" to "/home/yuu/.local/share/xorg/Xorg.0.log"
апр 24 09:18:02 x2 /usr/lib/gdm3/gdm-x-session[1554]: X.Org X Server 1.19.6
апр 24 09:18:02 x2 /usr/lib/gdm3/gdm-x-session[1554]: Release Date: 2017-12-20
апр 24 09:18:02 x2 /usr/lib/gdm3/gdm-x-session[1554]: X Protocol Version 11, Revision 0
апр 24 09:18:02 x2 /usr/lib/gdm3/gdm-x-session[1554]: Build Operating System: Linux 4.4.0-119-generic x86_64 Ubuntu
апр 24 09:18:02 x2 /usr/lib/gdm3/gdm-x-session[1554]: Current Operating System: Linux x2 4.15.0-15-generic #16-Ubuntu SMP Wed Apr 4 13:58:14 UTC 2018 x86_64
апр 24 09:18:02 x2 /usr/lib/gdm3/gdm-x-session[1554]: Kernel command line: BOOT_IMAGE=/boot/vmlinuz-4.15.0-15-generic.efi.signed root=UUID=bc7ab5f4-4ff1-44f8-93bb-d92c503f3989 ro quiet splash vt.handoff=1
апр 24 09:18:02 x2 /usr/lib/gdm3/gdm-x-session[1554]: Build Date: 13 April 2018  08:07:36PM
апр 24 09:18:02 x2 /usr/lib/gdm3/gdm-x-session[1554]: xorg-server 2:1.19.6-1ubuntu4 (For technical support please see http://www.ubuntu.com/support)
апр 24 09:18:02 x2 /usr/lib/gdm3/gdm-x-session[1554]: Current version of pixman: 0.34.0
апр 24 09:18:02 x2 /usr/lib/gdm3/gdm-x-session[1554]:         Before reporting problems, check http://wiki.x.org
апр 24 09:18:02 x2 /usr/lib/gdm3/gdm-x-session[1554]:         to make sure that you have the latest version.
апр 24 09:18:02 x2 /usr/lib/gdm3/gdm-x-session[1554]: Markers: (--) probed, (**) from config file, (==) default setting,
апр 24 09:18:02 x2 /usr/lib/gdm3/gdm-x-session[1554]:         (++) from command line, (!!) notice, (II) informational,
апр 24 09:18:02 x2 /usr/lib/gdm3/gdm-x-session[1554]:         (WW) warning, (EE) error, (NI) not implemented, (??) unknown.
апр 24 09:18:02 x2 /usr/lib/gdm3/gdm-x-session[1554]: (==) Log file: "/home/yuu/.local/share/xorg/Xorg.0.log", Time: Tue Apr 24 09:18:02 2018
апр 24 09:18:02 x2 /usr/lib/gdm3/gdm-x-session[1554]: (==) Using system config directory "/usr/share/X11/xorg.conf.d"
апр 24 09:18:02 x2 /usr/lib/gdm3/gdm-x-session[1554]: (==) No Layout section.  Using the first Screen section.
апр 24 09:18:02 x2 /usr/lib/gdm3/gdm-x-session[1554]: (==) No screen section available. Using defaults.
апр 24 09:18:02 x2 /usr/lib/gdm3/gdm-x-session[1554]: (**) |-->Screen "Default Screen Section" (0)
апр 24 09:18:02 x2 /usr/lib/gdm3/gdm-x-session[1554]: (**) |   |-->Monitor "<default monitor>"
апр 24 09:18:02 x2 /usr/lib/gdm3/gdm-x-session[1554]: (==) No monitor specified for screen "Default Screen Section".
апр 24 09:18:02 x2 /usr/lib/gdm3/gdm-x-session[1554]:         Using a default monitor configuration.
апр 24 09:18:02 x2 /usr/lib/gdm3/gdm-x-session[1554]: (==) Automatically adding devices
апр 24 09:18:02 x2 /usr/lib/gdm3/gdm-x-session[1554]: (==) Automatically enabling devices
апр 24 09:18:02 x2 /usr/lib/gdm3/gdm-x-session[1554]: (==) Automatically adding GPU devices
апр 24 09:18:02 x2 /usr/lib/gdm3/gdm-x-session[1554]: (==) Automatically binding GPU devices
апр 24 09:18:02 x2 /usr/lib/gdm3/gdm-x-session[1554]: (==) Max clients allowed: 256, resource mask: 0x1fffff
апр 24 09:18:02 x2 /usr/lib/gdm3/gdm-x-session[1554]: (WW) The directory "/usr/share/fonts/X11/cyrillic" does not exist.
апр 24 09:18:02 x2 /usr/lib/gdm3/gdm-x-session[1554]:         Entry deleted from font path.
апр 24 09:18:02 x2 /usr/lib/gdm3/gdm-x-session[1554]: (WW) The directory "/usr/share/fonts/X11/100dpi/" does not exist.
апр 24 09:18:02 x2 /usr/lib/gdm3/gdm-x-session[1554]:         Entry deleted from font path.
апр 24 09:18:02 x2 /usr/lib/gdm3/gdm-x-session[1554]: (WW) The directory "/usr/share/fonts/X11/75dpi/" does not exist.
апр 24 09:18:02 x2 /usr/lib/gdm3/gdm-x-session[1554]:         Entry deleted from font path.
апр 24 09:18:02 x2 /usr/lib/gdm3/gdm-x-session[1554]: (WW) The directory "/usr/share/fonts/X11/100dpi" does not exist.
апр 24 09:18:02 x2 /usr/lib/gdm3/gdm-x-session[1554]:         Entry deleted from font path.
апр 24 09:18:02 x2 /usr/lib/gdm3/gdm-x-session[1554]: (WW) The directory "/usr/share/fonts/X11/75dpi" does not exist.
апр 24 09:18:02 x2 /usr/lib/gdm3/gdm-x-session[1554]:         Entry deleted from font path.
апр 24 09:18:02 x2 /usr/lib/gdm3/gdm-x-session[1554]: (==) FontPath set to:
апр 24 09:18:02 x2 /usr/lib/gdm3/gdm-x-session[1554]:         /usr/share/fonts/X11/misc,
апр 24 09:18:02 x2 /usr/lib/gdm3/gdm-x-session[1554]:         /usr/share/fonts/X11/Type1,
апр 24 09:18:02 x2 /usr/lib/gdm3/gdm-x-session[1554]:         built-ins
апр 24 09:18:02 x2 /usr/lib/gdm3/gdm-x-session[1554]: (==) ModulePath set to "/usr/lib/xorg/modules"
апр 24 09:18:02 x2 /usr/lib/gdm3/gdm-x-session[1554]: (II) The server relies on udev to provide the list of input devices.
апр 24 09:18:02 x2 /usr/lib/gdm3/gdm-x-session[1554]:         If no devices become available, reconfigure udev or disable AutoAddDevices.
апр 24 09:18:02 x2 /usr/lib/gdm3/gdm-x-session[1554]: (II) Loader magic: 0x56007f243020
апр 24 09:18:02 x2 /usr/lib/gdm3/gdm-x-session[1554]: (II) Module ABI versions:
апр 24 09:18:02 x2 /usr/lib/gdm3/gdm-x-session[1554]:         X.Org ANSI C Emulation: 0.4
апр 24 09:18:02 x2 /usr/lib/gdm3/gdm-x-session[1554]:         X.Org Video Driver: 23.0
апр 24 09:18:02 x2 /usr/lib/gdm3/gdm-x-session[1554]:         X.Org XInput driver : 24.1
апр 24 09:18:02 x2 /usr/lib/gdm3/gdm-x-session[1554]:         X.Org Server Extension : 10.0
апр 24 09:18:02 x2 /usr/lib/gdm3/gdm-x-session[1554]: (++) using VT number 2
апр 24 09:18:02 x2 /usr/lib/gdm3/gdm-x-session[1554]: (II) systemd-logind: took control of session /org/freedesktop/login1/session/_32
апр 24 09:18:02 x2 /usr/lib/gdm3/gdm-x-session[1554]: (II) xfree86: Adding drm device (/dev/dri/card0)
апр 24 09:18:02 x2 /usr/lib/gdm3/gdm-x-session[1554]: (II) systemd-logind: got fd for /dev/dri/card0 226:0 fd 12 paused 0
апр 24 09:18:02 x2 /usr/lib/gdm3/gdm-x-session[1554]: (--) PCI:*(0:0:2:0) 8086:5916:103c:82ca rev 2, Mem @ 0x1ff2000000/16777216, 0x1fc0000000/268435456, I/O @ 0x00003000/64, BIOS @ 0x????????/131072
апр 24 09:18:02 x2 /usr/lib/gdm3/gdm-x-session[1554]: (II) LoadModule: "glx"
апр 24 09:18:02 x2 /usr/lib/gdm3/gdm-x-session[1554]: (II) Loading /usr/lib/xorg/modules/extensions/libglx.so
апр 24 09:18:02 x2 /usr/lib/gdm3/gdm-x-session[1554]: (II) Module glx: vendor="X.Org Foundation"
апр 24 09:18:02 x2 /usr/lib/gdm3/gdm-x-session[1554]:         compiled for 1.19.6, module version = 1.0.0
апр 24 09:18:02 x2 /usr/lib/gdm3/gdm-x-session[1554]:         ABI class: X.Org Server Extension, version 10.0
апр 24 09:18:02 x2 /usr/lib/gdm3/gdm-x-session[1554]: (==) Matched modesetting as autoconfigured driver 0
апр 24 09:18:02 x2 /usr/lib/gdm3/gdm-x-session[1554]: (==) Matched fbdev as autoconfigured driver 1
апр 24 09:18:02 x2 /usr/lib/gdm3/gdm-x-session[1554]: (==) Matched vesa as autoconfigured driver 2
апр 24 09:18:02 x2 /usr/lib/gdm3/gdm-x-session[1554]: (==) Assigned the driver to the xf86ConfigLayout
апр 24 09:18:02 x2 /usr/lib/gdm3/gdm-x-session[1554]: (II) LoadModule: "modesetting"
апр 24 09:18:02 x2 /usr/lib/gdm3/gdm-x-session[1554]: (II) Loading /usr/lib/xorg/modules/drivers/modesetting_drv.so
апр 24 09:18:02 x2 /usr/lib/gdm3/gdm-x-session[1554]: (II) Module modesetting: vendor="X.Org Foundation"
апр 24 09:18:02 x2 /usr/lib/gdm3/gdm-x-session[1554]:         compiled for 1.19.6, module version = 1.19.6
апр 24 09:18:02 x2 /usr/lib/gdm3/gdm-x-session[1554]:         Module class: X.Org Video Driver
апр 24 09:18:02 x2 /usr/lib/gdm3/gdm-x-session[1554]:         ABI class: X.Org Video Driver, version 23.0
апр 24 09:18:02 x2 /usr/lib/gdm3/gdm-x-session[1554]: (II) LoadModule: "fbdev"
апр 24 09:18:02 x2 /usr/lib/gdm3/gdm-x-session[1554]: (II) Loading /usr/lib/xorg/modules/drivers/fbdev_drv.so
апр 24 09:18:02 x2 /usr/lib/gdm3/gdm-x-session[1554]: (II) Module fbdev: vendor="X.Org Foundation"
апр 24 09:18:02 x2 /usr/lib/gdm3/gdm-x-session[1554]:         compiled for 1.19.3, module version = 0.4.4
апр 24 09:18:02 x2 /usr/lib/gdm3/gdm-x-session[1554]:         Module class: X.Org Video Driver
апр 24 09:18:02 x2 /usr/lib/gdm3/gdm-x-session[1554]:         ABI class: X.Org Video Driver, version 23.0
апр 24 09:18:02 x2 /usr/lib/gdm3/gdm-x-session[1554]: (II) LoadModule: "vesa"
апр 24 09:18:02 x2 /usr/lib/gdm3/gdm-x-session[1554]: (II) Loading /usr/lib/xorg/modules/drivers/vesa_drv.so
апр 24 09:18:02 x2 /usr/lib/gdm3/gdm-x-session[1554]: (II) Module vesa: vendor="X.Org Foundation"
апр 24 09:18:02 x2 /usr/lib/gdm3/gdm-x-session[1554]:         compiled for 1.19.3, module version = 2.3.4
апр 24 09:18:02 x2 /usr/lib/gdm3/gdm-x-session[1554]:         Module class: X.Org Video Driver
апр 24 09:18:02 x2 /usr/lib/gdm3/gdm-x-session[1554]:         ABI class: X.Org Video Driver, version 23.0
апр 24 09:18:02 x2 /usr/lib/gdm3/gdm-x-session[1554]: (II) modesetting: Driver for Modesetting Kernel Drivers: kms
апр 24 09:18:02 x2 /usr/lib/gdm3/gdm-x-session[1554]: (II) FBDEV: driver for framebuffer: fbdev
апр 24 09:18:02 x2 /usr/lib/gdm3/gdm-x-session[1554]: (II) VESA: driver for VESA chipsets: vesa
апр 24 09:18:02 x2 /usr/lib/gdm3/gdm-x-session[1554]: xf86EnableIOPorts: failed to set IOPL for I/O (Operation not permitted)
апр 24 09:18:02 x2 /usr/lib/gdm3/gdm-x-session[1554]: (II) modeset(0): using drv /dev/dri/card0
апр 24 09:18:02 x2 /usr/lib/gdm3/gdm-x-session[1554]: (WW) Falling back to old probe method for fbdev
апр 24 09:18:02 x2 /usr/lib/gdm3/gdm-x-session[1554]: (II) Loading sub module "fbdevhw"
апр 24 09:18:02 x2 /usr/lib/gdm3/gdm-x-session[1554]: (II) LoadModule: "fbdevhw"
апр 24 09:18:02 x2 /usr/lib/gdm3/gdm-x-session[1554]: (II) Loading /usr/lib/xorg/modules/libfbdevhw.so
апр 24 09:18:02 x2 /usr/lib/gdm3/gdm-x-session[1554]: (II) Module fbdevhw: vendor="X.Org Foundation"
апр 24 09:18:02 x2 /usr/lib/gdm3/gdm-x-session[1554]:         compiled for 1.19.6, module version = 0.0.2
апр 24 09:18:02 x2 /usr/lib/gdm3/gdm-x-session[1554]:         ABI class: X.Org Video Driver, version 23.0
апр 24 09:18:02 x2 /usr/lib/gdm3/gdm-x-session[1554]: (EE) open /dev/fb0: Permission denied
апр 24 09:18:02 x2 /usr/lib/gdm3/gdm-x-session[1554]: (WW) Falling back to old probe method for vesa
апр 24 09:18:02 x2 /usr/lib/gdm3/gdm-x-session[1554]: (WW) VGA arbiter: cannot open kernel arbiter, no multi-card support
апр 24 09:18:02 x2 /usr/lib/gdm3/gdm-x-session[1554]: (II) modeset(0): Creating default Display subsection in Screen section
апр 24 09:18:02 x2 /usr/lib/gdm3/gdm-x-session[1554]:         "Default Screen Section" for depth/fbbpp 24/32
апр 24 09:18:02 x2 /usr/lib/gdm3/gdm-x-session[1554]: (==) modeset(0): Depth 24, (==) framebuffer bpp 32
апр 24 09:18:02 x2 /usr/lib/gdm3/gdm-x-session[1554]: (==) modeset(0): RGB weight 888
апр 24 09:18:02 x2 /usr/lib/gdm3/gdm-x-session[1554]: (==) modeset(0): Default visual is TrueColor
апр 24 09:18:02 x2 /usr/lib/gdm3/gdm-x-session[1554]: (II) Loading sub module "glamoregl"
апр 24 09:18:02 x2 /usr/lib/gdm3/gdm-x-session[1554]: (II) LoadModule: "glamoregl"
апр 24 09:18:02 x2 /usr/lib/gdm3/gdm-x-session[1554]: (II) Loading /usr/lib/xorg/modules/libglamoregl.so
апр 24 09:18:02 x2 /usr/lib/gdm3/gdm-x-session[1554]: (II) Module glamoregl: vendor="X.Org Foundation"
апр 24 09:18:02 x2 /usr/lib/gdm3/gdm-x-session[1554]:         compiled for 1.19.6, module version = 1.0.0
апр 24 09:18:02 x2 /usr/lib/gdm3/gdm-x-session[1554]:         ABI class: X.Org ANSI C Emulation, version 0.4
апр 24 09:18:02 x2 /usr/lib/gdm3/gdm-x-session[1554]: (II) glamor: OpenGL accelerated X.org driver based.
апр 24 09:18:02 x2 /usr/lib/gdm3/gdm-x-session[1554]: (II) glamor: EGL version 1.4 (DRI2):
апр 24 09:18:02 x2 /usr/lib/gdm3/gdm-x-session[1554]: (II) modeset(0): glamor initialized
апр 24 09:18:02 x2 /usr/lib/gdm3/gdm-x-session[1554]: (II) modeset(0): Output eDP-1 has no monitor section
апр 24 09:18:02 x2 /usr/lib/gdm3/gdm-x-session[1554]: (II) modeset(0): Output DP-1 has no monitor section
апр 24 09:18:02 x2 /usr/lib/gdm3/gdm-x-session[1554]: (II) modeset(0): Output HDMI-1 has no monitor section
апр 24 09:18:02 x2 /usr/lib/gdm3/gdm-x-session[1554]: (II) modeset(0): Output DP-2 has no monitor section
апр 24 09:18:02 x2 /usr/lib/gdm3/gdm-x-session[1554]: (II) modeset(0): Output HDMI-2 has no monitor section
апр 24 09:18:02 x2 /usr/lib/gdm3/gdm-x-session[1554]: (II) modeset(0): EDID for output eDP-1
апр 24 09:18:02 x2 /usr/lib/gdm3/gdm-x-session[1554]: (II) modeset(0): Manufacturer: LGD  Model: 56f  Serial#: 0
апр 24 09:18:02 x2 /usr/lib/gdm3/gdm-x-session[1554]: (II) modeset(0): Year: 2016  Week: 0
апр 24 09:18:02 x2 /usr/lib/gdm3/gdm-x-session[1554]: (II) modeset(0): EDID Version: 1.4
апр 24 09:18:02 x2 /usr/lib/gdm3/gdm-x-session[1554]: (II) modeset(0): Digital Display Input
апр 24 09:18:02 x2 /usr/lib/gdm3/gdm-x-session[1554]: (II) modeset(0): 8 bits per channel
апр 24 09:18:02 x2 /usr/lib/gdm3/gdm-x-session[1554]: (II) modeset(0): Digital interface is DisplayPort
апр 24 09:18:02 x2 /usr/lib/gdm3/gdm-x-session[1554]: (II) modeset(0): Max Image Size [cm]: horiz.: 26  vert.: 17
апр 24 09:18:02 x2 /usr/lib/gdm3/gdm-x-session[1554]: (II) modeset(0): Gamma: 2.20
апр 24 09:18:02 x2 /usr/lib/gdm3/gdm-x-session[1554]: (II) modeset(0): No DPMS capabilities specified
апр 24 09:18:02 x2 /usr/lib/gdm3/gdm-x-session[1554]: (II) modeset(0): Supported color encodings: RGB 4:4:4
апр 24 09:18:02 x2 /usr/lib/gdm3/gdm-x-session[1554]: (II) modeset(0): First detailed timing is preferred mode
апр 24 09:18:02 x2 /usr/lib/gdm3/gdm-x-session[1554]: (II) modeset(0): Preferred mode is native pixel format and refresh rate
апр 24 09:18:02 x2 /usr/lib/gdm3/gdm-x-session[1554]: (II) modeset(0): Display is continuous-frequency
апр 24 09:18:02 x2 /usr/lib/gdm3/gdm-x-session[1554]: (II) modeset(0): redX: 0.643 redY: 0.338   greenX: 0.302 greenY: 0.613
апр 24 09:18:02 x2 /usr/lib/gdm3/gdm-x-session[1554]: (II) modeset(0): blueX: 0.158 blueY: 0.053   whiteX: 0.313 whiteY: 0.329
апр 24 09:18:02 x2 /usr/lib/gdm3/gdm-x-session[1554]: (II) modeset(0): Manufacturer's mask: 0
апр 24 09:18:02 x2 /usr/lib/gdm3/gdm-x-session[1554]: (II) modeset(0): Supported detailed timing:
апр 24 09:18:02 x2 /usr/lib/gdm3/gdm-x-session[1554]: (II) modeset(0): clock: 325.8 MHz   Image Size:  260 x 173 mm
апр 24 09:18:02 x2 /usr/lib/gdm3/gdm-x-session[1554]: (II) modeset(0): h_active: 2736  h_sync: 2784  h_sync_end 2816 h_blank_end 2896 h_border: 0
апр 24 09:18:02 x2 /usr/lib/gdm3/gdm-x-session[1554]: (II) modeset(0): v_active: 1824  v_sync: 1827  v_sync_end 1837 v_blanking: 1876 v_border: 0
апр 24 09:18:02 x2 /usr/lib/gdm3/gdm-x-session[1554]: (II) modeset(0): Supported detailed timing:
апр 24 09:18:02 x2 /usr/lib/gdm3/gdm-x-session[1554]: (II) modeset(0): clock: 217.3 MHz   Image Size:  260 x 173 mm
апр 24 09:18:02 x2 /usr/lib/gdm3/gdm-x-session[1554]: (II) modeset(0): h_active: 2736  h_sync: 2784  h_sync_end 2816 h_blank_end 2896 h_border: 0
апр 24 09:18:02 x2 /usr/lib/gdm3/gdm-x-session[1554]: (II) modeset(0): v_active: 1824  v_sync: 1827  v_sync_end 1837 v_blanking: 1876 v_border: 0
апр 24 09:18:02 x2 /usr/lib/gdm3/gdm-x-session[1554]: (II) modeset(0): Unknown vendor-specific block 2
апр 24 09:18:02 x2 /usr/lib/gdm3/gdm-x-session[1554]: (II) modeset(0): EDID (in hex):
апр 24 09:18:02 x2 /usr/lib/gdm3/gdm-x-session[1554]: (II) modeset(0):         00ffffffffffff0030e46f0500000000
апр 24 09:18:02 x2 /usr/lib/gdm3/gdm-x-session[1554]: (II) modeset(0):         001a0104a51a117803a4a5a4564d9d28
апр 24 09:18:02 x2 /usr/lib/gdm3/gdm-x-session[1554]: (II) modeset(0):         0d505400000001010101010101010101
апр 24 09:18:02 x2 /usr/lib/gdm3/gdm-x-session[1554]: (II) modeset(0):         0101010101013f7fb0a0a02034703020
апр 24 09:18:02 x2 /usr/lib/gdm3/gdm-x-session[1554]: (II) modeset(0):         3a0004ad1000001be254b0a0a0203470
апр 24 09:18:02 x2 /usr/lib/gdm3/gdm-x-session[1554]: (II) modeset(0):         30203a0004ad1000001b000000000000
апр 24 09:18:02 x2 /usr/lib/gdm3/gdm-x-session[1554]: (II) modeset(0):         00000000000000000000000000000002
апр 24 09:18:02 x2 /usr/lib/gdm3/gdm-x-session[1554]: (II) modeset(0):         000c26ff0a3ce1233132e10000000015
апр 24 09:18:02 x2 /usr/lib/gdm3/gdm-x-session[1554]: (II) modeset(0): Printing probed modes for output eDP-1
апр 24 09:18:02 x2 /usr/lib/gdm3/gdm-x-session[1554]: (II) modeset(0): Modeline "2736x1824"x60.0  325.75  2736 2784 2816 2896  1824 1827 1837 1876 +hsync -vsync (112.5 kHz eP)
апр 24 09:18:02 x2 /usr/lib/gdm3/gdm-x-session[1554]: (II) modeset(0): Modeline "2736x1824"x40.0  217.30  2736 2784 2816 2896  1824 1827 1837 1876 +hsync -vsync (75.0 kHz e)
апр 24 09:18:02 x2 /usr/lib/gdm3/gdm-x-session[1554]: (II) modeset(0): EDID for output DP-1
апр 24 09:18:02 x2 /usr/lib/gdm3/gdm-x-session[1554]: (II) modeset(0): EDID for output HDMI-1
апр 24 09:18:02 x2 /usr/lib/gdm3/gdm-x-session[1554]: (II) modeset(0): EDID for output DP-2
апр 24 09:18:02 x2 /usr/lib/gdm3/gdm-x-session[1554]: (II) modeset(0): EDID for output HDMI-2
апр 24 09:18:02 x2 /usr/lib/gdm3/gdm-x-session[1554]: (II) modeset(0): Output eDP-1 connected
апр 24 09:18:02 x2 /usr/lib/gdm3/gdm-x-session[1554]: (II) modeset(0): Output DP-1 disconnected
апр 24 09:18:02 x2 /usr/lib/gdm3/gdm-x-session[1554]: (II) modeset(0): Output HDMI-1 disconnected
апр 24 09:18:02 x2 /usr/lib/gdm3/gdm-x-session[1554]: (II) modeset(0): Output DP-2 disconnected
апр 24 09:18:02 x2 /usr/lib/gdm3/gdm-x-session[1554]: (II) modeset(0): Output HDMI-2 disconnected
апр 24 09:18:02 x2 /usr/lib/gdm3/gdm-x-session[1554]: (II) modeset(0): Using exact sizes for initial modes
апр 24 09:18:02 x2 /usr/lib/gdm3/gdm-x-session[1554]: (II) modeset(0): Output eDP-1 using initial mode 2736x1824 +0+0
апр 24 09:18:02 x2 /usr/lib/gdm3/gdm-x-session[1554]: (==) modeset(0): Using gamma correction (1.0, 1.0, 1.0)
апр 24 09:18:02 x2 /usr/lib/gdm3/gdm-x-session[1554]: (==) modeset(0): DPI set to (96, 96)
апр 24 09:18:02 x2 /usr/lib/gdm3/gdm-x-session[1554]: (II) Loading sub module "fb"
апр 24 09:18:02 x2 /usr/lib/gdm3/gdm-x-session[1554]: (II) LoadModule: "fb"
апр 24 09:18:02 x2 /usr/lib/gdm3/gdm-x-session[1554]: (II) Loading /usr/lib/xorg/modules/libfb.so
апр 24 09:18:02 x2 /usr/lib/gdm3/gdm-x-session[1554]: (II) Module fb: vendor="X.Org Foundation"
апр 24 09:18:02 x2 /usr/lib/gdm3/gdm-x-session[1554]:         compiled for 1.19.6, module version = 1.0.0
апр 24 09:18:02 x2 /usr/lib/gdm3/gdm-x-session[1554]:         ABI class: X.Org ANSI C Emulation, version 0.4
апр 24 09:18:02 x2 /usr/lib/gdm3/gdm-x-session[1554]: (II) UnloadModule: "fbdev"
апр 24 09:18:02 x2 /usr/lib/gdm3/gdm-x-session[1554]: (II) Unloading fbdev
апр 24 09:18:02 x2 /usr/lib/gdm3/gdm-x-session[1554]: (II) UnloadSubModule: "fbdevhw"
апр 24 09:18:02 x2 /usr/lib/gdm3/gdm-x-session[1554]: (II) Unloading fbdevhw
апр 24 09:18:02 x2 /usr/lib/gdm3/gdm-x-session[1554]: (II) UnloadModule: "vesa"
апр 24 09:18:02 x2 /usr/lib/gdm3/gdm-x-session[1554]: (II) Unloading vesa
апр 24 09:18:02 x2 /usr/lib/gdm3/gdm-x-session[1554]: (==) Depth 24 pixmap format is 32 bpp
апр 24 09:18:02 x2 /usr/lib/gdm3/gdm-x-session[1554]: (==) modeset(0): Backing store enabled
апр 24 09:18:02 x2 /usr/lib/gdm3/gdm-x-session[1554]: (==) modeset(0): Silken mouse enabled
апр 24 09:18:02 x2 /usr/lib/gdm3/gdm-x-session[1554]: (II) modeset(0): RandR 1.2 enabled, ignore the following RandR disabled message.
апр 24 09:18:03 x2 /usr/lib/gdm3/gdm-x-session[1554]: (==) modeset(0): DPMS enabled
апр 24 09:18:03 x2 /usr/lib/gdm3/gdm-x-session[1554]: (II) modeset(0): [DRI2] Setup complete
апр 24 09:18:03 x2 /usr/lib/gdm3/gdm-x-session[1554]: (II) modeset(0): [DRI2]   DRI driver: i965
апр 24 09:18:03 x2 /usr/lib/gdm3/gdm-x-session[1554]: (II) modeset(0): [DRI2]   VDPAU driver: i965
апр 24 09:18:03 x2 /usr/lib/gdm3/gdm-x-session[1554]: (--) RandR disabled
апр 24 09:18:03 x2 /usr/lib/gdm3/gdm-x-session[1554]: (II) SELinux: Disabled on system
апр 24 09:18:03 x2 /usr/lib/gdm3/gdm-x-session[1554]: (II) AIGLX: enabled GLX_MESA_copy_sub_buffer
апр 24 09:18:03 x2 /usr/lib/gdm3/gdm-x-session[1554]: (II) AIGLX: enabled GLX_ARB_create_context
апр 24 09:18:03 x2 /usr/lib/gdm3/gdm-x-session[1554]: (II) AIGLX: enabled GLX_ARB_create_context_profile
апр 24 09:18:03 x2 /usr/lib/gdm3/gdm-x-session[1554]: (II) AIGLX: enabled GLX_EXT_create_context_es{,2}_profile
апр 24 09:18:03 x2 /usr/lib/gdm3/gdm-x-session[1554]: (II) AIGLX: enabled GLX_INTEL_swap_event
апр 24 09:18:03 x2 /usr/lib/gdm3/gdm-x-session[1554]: (II) AIGLX: enabled GLX_SGI_swap_control
апр 24 09:18:03 x2 /usr/lib/gdm3/gdm-x-session[1554]: (II) AIGLX: enabled GLX_EXT_framebuffer_sRGB
апр 24 09:18:03 x2 /usr/lib/gdm3/gdm-x-session[1554]: (II) AIGLX: enabled GLX_ARB_fbconfig_float
апр 24 09:18:03 x2 /usr/lib/gdm3/gdm-x-session[1554]: (II) AIGLX: enabled GLX_EXT_fbconfig_packed_float
апр 24 09:18:03 x2 /usr/lib/gdm3/gdm-x-session[1554]: (II) AIGLX: GLX_EXT_texture_from_pixmap backed by buffer objects
апр 24 09:18:03 x2 /usr/lib/gdm3/gdm-x-session[1554]: (II) AIGLX: enabled GLX_ARB_create_context_robustness
апр 24 09:18:03 x2 /usr/lib/gdm3/gdm-x-session[1554]: (II) AIGLX: Loaded and initialized i965
апр 24 09:18:03 x2 /usr/lib/gdm3/gdm-x-session[1554]: (II) GLX: Initialized DRI2 GL provider for screen 0
апр 24 09:18:03 x2 /usr/lib/gdm3/gdm-x-session[1554]: (II) modeset(0): Damage tracking initialized
апр 24 09:18:03 x2 /usr/lib/gdm3/gdm-x-session[1554]: (II) modeset(0): Setting screen physical size to 723 x 482
апр 24 09:18:03 x2 /usr/lib/gdm3/gdm-x-session[1554]: (II) config/udev: Adding input device Power Button (/dev/input/event2)
апр 24 09:18:03 x2 /usr/lib/gdm3/gdm-x-session[1554]: (**) Power Button: Applying InputClass "libinput keyboard catchall"
апр 24 09:18:03 x2 /usr/lib/gdm3/gdm-x-session[1554]: (II) LoadModule: "libinput"
апр 24 09:18:03 x2 /usr/lib/gdm3/gdm-x-session[1554]: (II) Loading /usr/lib/xorg/modules/input/libinput_drv.so
апр 24 09:18:03 x2 /usr/lib/gdm3/gdm-x-session[1554]: (II) Module libinput: vendor="X.Org Foundation"
апр 24 09:18:03 x2 /usr/lib/gdm3/gdm-x-session[1554]:         compiled for 1.19.6, module version = 0.27.1
апр 24 09:18:03 x2 /usr/lib/gdm3/gdm-x-session[1554]:         Module class: X.Org XInput Driver
апр 24 09:18:03 x2 /usr/lib/gdm3/gdm-x-session[1554]:         ABI class: X.Org XInput driver, version 24.1
апр 24 09:18:03 x2 /usr/lib/gdm3/gdm-x-session[1554]: (II) Using input driver 'libinput' for 'Power Button'
апр 24 09:18:03 x2 /usr/lib/gdm3/gdm-x-session[1554]: (II) systemd-logind: got fd for /dev/input/event2 13:66 fd 21 paused 0
апр 24 09:18:03 x2 /usr/lib/gdm3/gdm-x-session[1554]: (**) Power Button: always reports core events
апр 24 09:18:03 x2 /usr/lib/gdm3/gdm-x-session[1554]: (**) Option "Device" "/dev/input/event2"
апр 24 09:18:03 x2 /usr/lib/gdm3/gdm-x-session[1554]: (**) Option "_source" "server/udev"
апр 24 09:18:03 x2 /usr/lib/gdm3/gdm-x-session[1554]: (II) event2  - Power Button: is tagged by udev as: Keyboard
апр 24 09:18:03 x2 /usr/lib/gdm3/gdm-x-session[1554]: (II) event2  - Power Button: device is a keyboard
апр 24 09:18:03 x2 /usr/lib/gdm3/gdm-x-session[1554]: (II) event2  - Power Button: device removed
апр 24 09:18:03 x2 /usr/lib/gdm3/gdm-x-session[1554]: (**) Option "config_info" "udev:/sys/devices/LNXSYSTM:00/LNXPWRBN:00/input/input2/event2"
апр 24 09:18:03 x2 /usr/lib/gdm3/gdm-x-session[1554]: (II) XINPUT: Adding extended input device "Power Button" (type: KEYBOARD, id 6)
апр 24 09:18:03 x2 /usr/lib/gdm3/gdm-x-session[1554]: (**) Option "xkb_model" "pc105"
апр 24 09:18:03 x2 /usr/lib/gdm3/gdm-x-session[1554]: (**) Option "xkb_layout" "us"
апр 24 09:18:03 x2 /usr/lib/gdm3/gdm-x-session[1554]: (II) event2  - Power Button: is tagged by udev as: Keyboard
апр 24 09:18:03 x2 /usr/lib/gdm3/gdm-x-session[1554]: (II) event2  - Power Button: device is a keyboard
апр 24 09:18:03 x2 /usr/lib/gdm3/gdm-x-session[1554]: (II) config/udev: Adding input device Video Bus (/dev/input/event5)
апр 24 09:18:03 x2 /usr/lib/gdm3/gdm-x-session[1554]: (**) Video Bus: Applying InputClass "libinput keyboard catchall"
апр 24 09:18:03 x2 /usr/lib/gdm3/gdm-x-session[1554]: (II) Using input driver 'libinput' for 'Video Bus'
апр 24 09:18:03 x2 /usr/lib/gdm3/gdm-x-session[1554]: (II) systemd-logind: got fd for /dev/input/event5 13:69 fd 24 paused 0
апр 24 09:18:03 x2 /usr/lib/gdm3/gdm-x-session[1554]: (**) Video Bus: always reports core events
апр 24 09:18:03 x2 /usr/lib/gdm3/gdm-x-session[1554]: (**) Option "Device" "/dev/input/event5"
апр 24 09:18:03 x2 /usr/lib/gdm3/gdm-x-session[1554]: (**) Option "_source" "server/udev"
апр 24 09:18:03 x2 /usr/lib/gdm3/gdm-x-session[1554]: (II) event5  - Video Bus: is tagged by udev as: Keyboard
апр 24 09:18:03 x2 /usr/lib/gdm3/gdm-x-session[1554]: (II) event5  - Video Bus: device is a keyboard
апр 24 09:18:03 x2 /usr/lib/gdm3/gdm-x-session[1554]: (II) event5  - Video Bus: device removed
апр 24 09:18:03 x2 /usr/lib/gdm3/gdm-x-session[1554]: (**) Option "config_info" "udev:/sys/devices/LNXSYSTM:00/LNXSYBUS:00/PNP0A08:00/LNXVIDEO:00/input/input13/event5"
апр 24 09:18:03 x2 /usr/lib/gdm3/gdm-x-session[1554]: (II) XINPUT: Adding extended input device "Video Bus" (type: KEYBOARD, id 7)
апр 24 09:18:03 x2 /usr/lib/gdm3/gdm-x-session[1554]: (**) Option "xkb_model" "pc105"
апр 24 09:18:03 x2 /usr/lib/gdm3/gdm-x-session[1554]: (**) Option "xkb_layout" "us"
апр 24 09:18:03 x2 /usr/lib/gdm3/gdm-x-session[1554]: (II) event5  - Video Bus: is tagged by udev as: Keyboard
апр 24 09:18:03 x2 /usr/lib/gdm3/gdm-x-session[1554]: (II) event5  - Video Bus: device is a keyboard
апр 24 09:18:03 x2 /usr/lib/gdm3/gdm-x-session[1554]: (II) config/udev: Adding input device Lid Switch (/dev/input/event1)
апр 24 09:18:03 x2 /usr/lib/gdm3/gdm-x-session[1554]: (II) No input driver specified, ignoring this device.
апр 24 09:18:03 x2 /usr/lib/gdm3/gdm-x-session[1554]: (II) This device may have been added with another device file.
апр 24 09:18:03 x2 /usr/lib/gdm3/gdm-x-session[1554]: (II) config/udev: Adding input device Sleep Button (/dev/input/event0)
апр 24 09:18:03 x2 /usr/lib/gdm3/gdm-x-session[1554]: (**) Sleep Button: Applying InputClass "libinput keyboard catchall"
апр 24 09:18:03 x2 /usr/lib/gdm3/gdm-x-session[1554]: (II) Using input driver 'libinput' for 'Sleep Button'
апр 24 09:18:03 x2 /usr/lib/gdm3/gdm-x-session[1554]: (II) systemd-logind: got fd for /dev/input/event0 13:64 fd 25 paused 0
апр 24 09:18:03 x2 /usr/lib/gdm3/gdm-x-session[1554]: (**) Sleep Button: always reports core events
апр 24 09:18:03 x2 /usr/lib/gdm3/gdm-x-session[1554]: (**) Option "Device" "/dev/input/event0"
апр 24 09:18:03 x2 /usr/lib/gdm3/gdm-x-session[1554]: (**) Option "_source" "server/udev"
апр 24 09:18:03 x2 /usr/lib/gdm3/gdm-x-session[1554]: (II) event0  - Sleep Button: is tagged by udev as: Keyboard
апр 24 09:18:03 x2 /usr/lib/gdm3/gdm-x-session[1554]: (II) event0  - Sleep Button: device is a keyboard
апр 24 09:18:03 x2 /usr/lib/gdm3/gdm-x-session[1554]: (II) event0  - Sleep Button: device removed
апр 24 09:18:03 x2 /usr/lib/gdm3/gdm-x-session[1554]: (**) Option "config_info" "udev:/sys/devices/LNXSYSTM:00/LNXSYBUS:00/PNP0C0E:00/input/input0/event0"
апр 24 09:18:03 x2 /usr/lib/gdm3/gdm-x-session[1554]: (II) XINPUT: Adding extended input device "Sleep Button" (type: KEYBOARD, id 8)
апр 24 09:18:03 x2 /usr/lib/gdm3/gdm-x-session[1554]: (**) Option "xkb_model" "pc105"
апр 24 09:18:03 x2 /usr/lib/gdm3/gdm-x-session[1554]: (**) Option "xkb_layout" "us"
апр 24 09:18:03 x2 /usr/lib/gdm3/gdm-x-session[1554]: (II) event0  - Sleep Button: is tagged by udev as: Keyboard
апр 24 09:18:03 x2 /usr/lib/gdm3/gdm-x-session[1554]: (II) event0  - Sleep Button: device is a keyboard
апр 24 09:18:03 x2 /usr/lib/gdm3/gdm-x-session[1554]: (II) config/udev: Adding input device Alps Alps Touchpad (/dev/input/event4)
апр 24 09:18:03 x2 /usr/lib/gdm3/gdm-x-session[1554]: (**) Alps Alps Touchpad: Applying InputClass "libinput pointer catchall"
апр 24 09:18:03 x2 /usr/lib/gdm3/gdm-x-session[1554]: (II) Using input driver 'libinput' for 'Alps Alps Touchpad'
апр 24 09:18:03 x2 /usr/lib/gdm3/gdm-x-session[1554]: (II) systemd-logind: got fd for /dev/input/event4 13:68 fd 26 paused 0
апр 24 09:18:03 x2 /usr/lib/gdm3/gdm-x-session[1554]: (**) Alps Alps Touchpad: always reports core events
апр 24 09:18:03 x2 /usr/lib/gdm3/gdm-x-session[1554]: (**) Option "Device" "/dev/input/event4"
апр 24 09:18:03 x2 /usr/lib/gdm3/gdm-x-session[1554]: (**) Option "_source" "server/udev"
апр 24 09:18:03 x2 /usr/lib/gdm3/gdm-x-session[1554]: (II) event4  - Alps Alps Touchpad: is tagged by udev as: Mouse
апр 24 09:18:03 x2 /usr/lib/gdm3/gdm-x-session[1554]: (II) event4  - Alps Alps Touchpad: device is a pointer
апр 24 09:18:03 x2 /usr/lib/gdm3/gdm-x-session[1554]: (II) event4  - Alps Alps Touchpad: device removed
апр 24 09:18:03 x2 /usr/lib/gdm3/gdm-x-session[1554]: (**) Option "config_info" "udev:/sys/devices/pci0000:00/0000:00:14.0/usb1/1-3/1-3.1/1-3.1:1.0/0003:044E:1216.0002/input/input12/event4"
апр 24 09:18:03 x2 /usr/lib/gdm3/gdm-x-session[1554]: (II) XINPUT: Adding extended input device "Alps Alps Touchpad" (type: MOUSE, id 9)
апр 24 09:18:03 x2 /usr/lib/gdm3/gdm-x-session[1554]: (**) Option "AccelerationScheme" "none"
апр 24 09:18:03 x2 /usr/lib/gdm3/gdm-x-session[1554]: (**) Alps Alps Touchpad: (accel) selected scheme none/0
апр 24 09:18:03 x2 /usr/lib/gdm3/gdm-x-session[1554]: (**) Alps Alps Touchpad: (accel) acceleration factor: 2.000
апр 24 09:18:03 x2 /usr/lib/gdm3/gdm-x-session[1554]: (**) Alps Alps Touchpad: (accel) acceleration threshold: 4
апр 24 09:18:03 x2 /usr/lib/gdm3/gdm-x-session[1554]: (II) event4  - Alps Alps Touchpad: is tagged by udev as: Mouse
апр 24 09:18:03 x2 /usr/lib/gdm3/gdm-x-session[1554]: (II) event4  - Alps Alps Touchpad: device is a pointer
апр 24 09:18:03 x2 /usr/lib/gdm3/gdm-x-session[1554]: (II) config/udev: Adding input device Alps Alps Touchpad (/dev/input/mouse0)
апр 24 09:18:03 x2 /usr/lib/gdm3/gdm-x-session[1554]: (II) No input driver specified, ignoring this device.
апр 24 09:18:03 x2 /usr/lib/gdm3/gdm-x-session[1554]: (II) This device may have been added with another device file.
апр 24 09:18:03 x2 /usr/lib/gdm3/gdm-x-session[1554]: (II) config/udev: Adding input device Wacom HID 485E Pen (/dev/input/event17)
апр 24 09:18:03 x2 /usr/lib/gdm3/gdm-x-session[1554]: (**) Wacom HID 485E Pen: Applying InputClass "libinput tablet catchall"
апр 24 09:18:03 x2 /usr/lib/gdm3/gdm-x-session[1554]: (**) Wacom HID 485E Pen: Applying InputClass "Wacom USB tablet class"
апр 24 09:18:03 x2 /usr/lib/gdm3/gdm-x-session[1554]: (**) Wacom HID 485E Pen: Applying InputClass "Wacom tablet class"
апр 24 09:18:03 x2 /usr/lib/gdm3/gdm-x-session[1554]: (II) LoadModule: "wacom"
апр 24 09:18:03 x2 /usr/lib/gdm3/gdm-x-session[1554]: (II) Loading /usr/lib/xorg/modules/input/wacom_drv.so
апр 24 09:18:03 x2 /usr/lib/gdm3/gdm-x-session[1554]: (II) Module wacom: vendor="X.Org Foundation"
апр 24 09:18:03 x2 /usr/lib/gdm3/gdm-x-session[1554]:         compiled for 1.19.6, module version = 0.36.1
апр 24 09:18:03 x2 /usr/lib/gdm3/gdm-x-session[1554]:         Module class: X.Org XInput Driver
апр 24 09:18:03 x2 /usr/lib/gdm3/gdm-x-session[1554]:         ABI class: X.Org XInput driver, version 24.1
апр 24 09:18:03 x2 /usr/lib/gdm3/gdm-x-session[1554]: (II) Build version: 0.36.1
апр 24 09:18:03 x2 /usr/lib/gdm3/gdm-x-session[1554]: (II) wacom: Driver for Wacom graphics tablets: PenPartner, Graphire,
апр 24 09:18:03 x2 /usr/lib/gdm3/gdm-x-session[1554]:         Graphire2 4x5, Graphire2 5x7, Graphire3 4x5, Graphire3 6x8,
апр 24 09:18:03 x2 /usr/lib/gdm3/gdm-x-session[1554]:         Graphire4 4x5, Graphire4 6x8, BambooFun 4x5, BambooFun 6x8,
апр 24 09:18:03 x2 /usr/lib/gdm3/gdm-x-session[1554]:         Bamboo1 Medium, Graphire4 6x8 BlueTooth, CTL-460, CTH-461, CTL-660,
апр 24 09:18:03 x2 /usr/lib/gdm3/gdm-x-session[1554]:         CTL-461/S, Bamboo Touch, CTH-460/K, CTH-461/S, CTH-661/S1, CTH-461/L,
апр 24 09:18:03 x2 /usr/lib/gdm3/gdm-x-session[1554]:         CTH-661/L, Intuos 4x5, Intuos 6x8, Intuos 9x12, Intuos 12x12,
апр 24 09:18:03 x2 /usr/lib/gdm3/gdm-x-session[1554]:         Intuos 12x18, PTU600, PL400, PL500, PL600, PL600SX, PL550, PL800,
апр 24 09:18:03 x2 /usr/lib/gdm3/gdm-x-session[1554]:         PL700, PL510, PL710, DTI520, DTF720, DTF720a, DTF521, DTU1931,
апр 24 09:18:03 x2 /usr/lib/gdm3/gdm-x-session[1554]:         DTU2231, DTU1631, DTH1152, DTH1152, DTK2451, DTH2452, DTH2452,
апр 24 09:18:03 x2 /usr/lib/gdm3/gdm-x-session[1554]:         Intuos2 4x5, Intuos2 6x8, Intuos2 9x12, Intuos2 12x12, Intuos2 12x18,
апр 24 09:18:03 x2 /usr/lib/gdm3/gdm-x-session[1554]:         Intuos2 6x8 , Volito, PenStation, Volito2 4x5, Volito2 2x3,
апр 24 09:18:03 x2 /usr/lib/gdm3/gdm-x-session[1554]:         PenPartner2, Bamboo, Bamboo1, Bamboo1 4x6, Bamboo1 5x8, Intuos3 4x5,
апр 24 09:18:03 x2 /usr/lib/gdm3/gdm-x-session[1554]:         Intuos3 6x8, Intuos3 9x12, Intuos3 12x12, Intuos3 12x19,
апр 24 09:18:03 x2 /usr/lib/gdm3/gdm-x-session[1554]:         Intuos3 6x11, Intuos3 4x6, Intuos4 4x6, Intuos4 6x9, Intuos4 8x13,
апр 24 09:18:03 x2 /usr/lib/gdm3/gdm-x-session[1554]:         Intuos4 12x19, Intuos4 WL USB Endpoint,
апр 24 09:18:03 x2 /usr/lib/gdm3/gdm-x-session[1554]:         Intuos4 WL Bluetooth Endpoint, Intuos5 touch S, Intuos5 touch M,
апр 24 09:18:03 x2 /usr/lib/gdm3/gdm-x-session[1554]:         Intuos5 touch L, Intuos5 S, Intuos5 M, Intuos Pro S, Intuos Pro M,
апр 24 09:18:03 x2 /usr/lib/gdm3/gdm-x-session[1554]:         Intuos Pro L, Cintiq 21UX, Cintiq 20WSX, Cintiq 12WX, Cintiq 21UX2,
апр 24 09:18:03 x2 /usr/lib/gdm3/gdm-x-session[1554]:         Cintiq 24HD, Cintiq 22HD, Cintiq 24HD touch (EMR digitizer),
апр 24 09:18:03 x2 /usr/lib/gdm3/gdm-x-session[1554]:         Cintiq 13HD, DTK2241, DTH2242, Cintiq 22HDT, Cintiq 27QHDT,
апр 24 09:18:03 x2 /usr/lib/gdm3/gdm-x-session[1554]:         Cintiq 27QHDT, Mobilestudio Pro 13, MobileStudio Pro 16,
апр 24 09:18:03 x2 /usr/lib/gdm3/gdm-x-session[1554]:         MobileStudio Pro 13, MobileStudio Pro 16, Cintiq 13 FHD Pro,
апр 24 09:18:03 x2 /usr/lib/gdm3/gdm-x-session[1554]:         Cintiq 16 UHD Pro, Cintiq Pro 24, Cintiq Pro 32, Cintiq 13 FHD Pro,
апр 24 09:18:03 x2 /usr/lib/gdm3/gdm-x-session[1554]:         Cintiq 16 UHD Pro, Cintiq Pro 24, Cintiq Pro 32, Cintiq Pro 24,
апр 24 09:18:03 x2 /usr/lib/gdm3/gdm-x-session[1554]:         TabletPC 0x90, TabletPC 0x93, TabletPC 0x97, TabletPC 0x9A,
апр 24 09:18:03 x2 /usr/lib/gdm3/gdm-x-session[1554]:         CapPlus  0x9F, TabletPC 0xE2, TabletPC 0xE3, TabletPC 0xE5,
апр 24 09:18:03 x2 /usr/lib/gdm3/gdm-x-session[1554]:         TabletPC 0xE6, TabletPC 0xEC, TabletPC 0xED, TabletPC 0xEF,
апр 24 09:18:03 x2 /usr/lib/gdm3/gdm-x-session[1554]:         TabletPC 0x100, TabletPC 0x101, TabletPC 0x10D, TabletPC 0x116,
апр 24 09:18:03 x2 /usr/lib/gdm3/gdm-x-session[1554]:         TabletPC 0x12C, TabletPC 0x4001, TabletPC 0x4004, TabletPC 0x5000,
апр 24 09:18:03 x2 /usr/lib/gdm3/gdm-x-session[1554]:         TabletPC 0x5002, usb:172f:0024, usb:172f:0025, usb:172f:0026,
апр 24 09:18:03 x2 /usr/lib/gdm3/gdm-x-session[1554]:         usb:172f:0027, usb:172f:0028, usb:172f:0030, usb:172f:0031,
апр 24 09:18:03 x2 /usr/lib/gdm3/gdm-x-session[1554]:         usb:172f:0032, usb:172f:0033, usb:172f:0034, usb:172f:0035,
апр 24 09:18:03 x2 /usr/lib/gdm3/gdm-x-session[1554]:         usb:172f:0036, usb:172f:0037, usb:172f:0038, usb:172f:0039,
апр 24 09:18:03 x2 /usr/lib/gdm3/gdm-x-session[1554]:         usb:172f:0051, usb:172f:0052, usb:172f:0053, usb:172f:0054,
апр 24 09:18:03 x2 /usr/lib/gdm3/gdm-x-session[1554]:         usb:172f:0055, usb:172f:0056, usb:172f:0057, usb:172f:0058,
апр 24 09:18:03 x2 /usr/lib/gdm3/gdm-x-session[1554]:         usb:172f:0500, usb:172f:0501, usb:172f:0502, usb:172f:0503,
апр 24 09:18:03 x2 /usr/lib/gdm3/gdm-x-session[1554]:         usb:1b96:0001, usb:17ef:6004
апр 24 09:18:03 x2 /usr/lib/gdm3/gdm-x-session[1554]: (II) Using input driver 'wacom' for 'Wacom HID 485E Pen'
апр 24 09:18:03 x2 /usr/lib/gdm3/gdm-x-session[1554]: (II) systemd-logind: got fd for /dev/input/event17 13:81 fd 27 paused 0
апр 24 09:18:03 x2 /usr/lib/gdm3/gdm-x-session[1554]: (**) Wacom HID 485E Pen: always reports core events
апр 24 09:18:03 x2 /usr/lib/gdm3/gdm-x-session[1554]: (**) Option "Device" "/dev/input/event17"
апр 24 09:18:03 x2 /usr/lib/gdm3/gdm-x-session[1554]: (II) Wacom HID 485E Pen: type not specified, assuming 'stylus'.
апр 24 09:18:03 x2 /usr/lib/gdm3/gdm-x-session[1554]: (II) Wacom HID 485E Pen: other types will be automatically added.
апр 24 09:18:03 x2 /usr/lib/gdm3/gdm-x-session[1554]: (--) Wacom HID 485E Pen stylus: using pressure threshold of 851 for button 1
апр 24 09:18:03 x2 /usr/lib/gdm3/gdm-x-session[1554]: (**) Wacom HID 485E Pen stylus: panscroll is 0
апр 24 09:18:03 x2 /usr/lib/gdm3/gdm-x-session[1554]: (**) Wacom HID 485E Pen stylus: panscroll modified to 1300
апр 24 09:18:03 x2 /usr/lib/gdm3/gdm-x-session[1554]: (--) Wacom HID 485E Pen stylus: maxX=25978 maxY=17319 maxZ=2047 resX=100000 resY=100000  tilt=enabled
апр 24 09:18:03 x2 /usr/lib/gdm3/gdm-x-session[1554]: (II) Wacom HID 485E Pen stylus: hotplugging dependent devices.
апр 24 09:18:03 x2 /usr/lib/gdm3/gdm-x-session[1554]: (EE) Wacom HID 485E Pen stylus: Invalid type 'cursor' for this device.
апр 24 09:18:03 x2 /usr/lib/gdm3/gdm-x-session[1554]: (EE) Wacom HID 485E Pen stylus: Invalid type 'touch' for this device.
апр 24 09:18:03 x2 /usr/lib/gdm3/gdm-x-session[1554]: (EE) Wacom HID 485E Pen stylus: Invalid type 'pad' for this device.
апр 24 09:18:03 x2 /usr/lib/gdm3/gdm-x-session[1554]: (II) Wacom HID 485E Pen stylus: hotplugging completed.
апр 24 09:18:03 x2 /usr/lib/gdm3/gdm-x-session[1554]: (**) Option "config_info" "udev:/sys/devices/pci0000:00/0000:00:15.0/i2c_designware.0/i2c-6/i2c-WCOM483E:00/0018:056A:485E.0005/input/input25/event17"
апр 24 09:18:03 x2 /usr/lib/gdm3/gdm-x-session[1554]: (II) XINPUT: Adding extended input device "Wacom HID 485E Pen stylus" (type: STYLUS, id 10)
апр 24 09:18:03 x2 /usr/lib/gdm3/gdm-x-session[1554]: (**) Wacom HID 485E Pen stylus: (accel) keeping acceleration scheme 1
апр 24 09:18:03 x2 /usr/lib/gdm3/gdm-x-session[1554]: (**) Wacom HID 485E Pen stylus: (accel) acceleration profile 0
апр 24 09:18:03 x2 /usr/lib/gdm3/gdm-x-session[1554]: (**) Wacom HID 485E Pen stylus: (accel) acceleration factor: 2.000
апр 24 09:18:03 x2 /usr/lib/gdm3/gdm-x-session[1554]: (**) Wacom HID 485E Pen stylus: (accel) acceleration threshold: 4
апр 24 09:18:03 x2 /usr/lib/gdm3/gdm-x-session[1554]: (II) config/udev: Adding input device Wacom HID 485E Pen (/dev/input/mouse1)
апр 24 09:18:03 x2 /usr/lib/gdm3/gdm-x-session[1554]: (II) No input driver specified, ignoring this device.
апр 24 09:18:03 x2 /usr/lib/gdm3/gdm-x-session[1554]: (II) This device may have been added with another device file.
апр 24 09:18:03 x2 /usr/lib/gdm3/gdm-x-session[1554]: (II) config/udev: Adding input device Wacom HID 485E Finger (/dev/input/event18)
апр 24 09:18:03 x2 /usr/lib/gdm3/gdm-x-session[1554]: (**) Wacom HID 485E Finger: Applying InputClass "libinput touchscreen catchall"
апр 24 09:18:03 x2 /usr/lib/gdm3/gdm-x-session[1554]: (**) Wacom HID 485E Finger: Applying InputClass "Wacom USB touchscreen class"
апр 24 09:18:03 x2 /usr/lib/gdm3/gdm-x-session[1554]: (**) Wacom HID 485E Finger: Applying InputClass "Wacom touchscreen class"
апр 24 09:18:03 x2 /usr/lib/gdm3/gdm-x-session[1554]: (II) Using input driver 'wacom' for 'Wacom HID 485E Finger'
апр 24 09:18:03 x2 /usr/lib/gdm3/gdm-x-session[1554]: (II) systemd-logind: got fd for /dev/input/event18 13:82 fd 28 paused 0
апр 24 09:18:03 x2 /usr/lib/gdm3/gdm-x-session[1554]: (**) Wacom HID 485E Finger: always reports core events
апр 24 09:18:03 x2 /usr/lib/gdm3/gdm-x-session[1554]: (**) Option "Device" "/dev/input/event18"
апр 24 09:18:03 x2 /usr/lib/gdm3/gdm-x-session[1554]: (EE) Wacom HID 485E Finger: Invalid type 'stylus' for this device.
апр 24 09:18:03 x2 /usr/lib/gdm3/gdm-x-session[1554]: (EE) Wacom HID 485E Finger: Invalid type 'eraser' for this device.
апр 24 09:18:03 x2 /usr/lib/gdm3/gdm-x-session[1554]: (EE) Wacom HID 485E Finger: Invalid type 'cursor' for this device.
апр 24 09:18:03 x2 /usr/lib/gdm3/gdm-x-session[1554]: (II) Wacom HID 485E Finger: type not specified, assuming 'touch'.
апр 24 09:18:03 x2 /usr/lib/gdm3/gdm-x-session[1554]: (II) Wacom HID 485E Finger: other types will be automatically added.
апр 24 09:18:03 x2 /usr/lib/gdm3/gdm-x-session[1554]: (**) Wacom HID 485E Finger touch: panscroll is 0
апр 24 09:18:03 x2 /usr/lib/gdm3/gdm-x-session[1554]: (**) Wacom HID 485E Finger touch: panscroll modified to 13
апр 24 09:18:03 x2 /usr/lib/gdm3/gdm-x-session[1554]: (--) Wacom HID 485E Finger touch: maxX=10392 maxY=6928 maxZ=0 resX=40000 resY=40000
апр 24 09:18:03 x2 /usr/lib/gdm3/gdm-x-session[1554]: (II) Wacom HID 485E Finger touch: hotplugging dependent devices.
апр 24 09:18:03 x2 /usr/lib/gdm3/gdm-x-session[1554]: (EE) Wacom HID 485E Finger touch: Invalid type 'stylus' for this device.
апр 24 09:18:03 x2 /usr/lib/gdm3/gdm-x-session[1554]: (EE) Wacom HID 485E Finger touch: Invalid type 'eraser' for this device.
апр 24 09:18:03 x2 /usr/lib/gdm3/gdm-x-session[1554]: (EE) Wacom HID 485E Finger touch: Invalid type 'cursor' for this device.
апр 24 09:18:03 x2 /usr/lib/gdm3/gdm-x-session[1554]: (EE) Wacom HID 485E Finger touch: Invalid type 'pad' for this device.
апр 24 09:18:03 x2 /usr/lib/gdm3/gdm-x-session[1554]: (II) Wacom HID 485E Finger touch: hotplugging completed.
апр 24 09:18:03 x2 /usr/lib/gdm3/gdm-x-session[1554]: (**) Option "config_info" "udev:/sys/devices/pci0000:00/0000:00:15.0/i2c_designware.0/i2c-6/i2c-WCOM483E:00/0018:056A:485E.0005/input/input26/event18"
апр 24 09:18:03 x2 /usr/lib/gdm3/gdm-x-session[1554]: (II) XINPUT: Adding extended input device "Wacom HID 485E Finger touch" (type: TOUCH, id 11)
апр 24 09:18:03 x2 /usr/lib/gdm3/gdm-x-session[1554]: (**) Wacom HID 485E Finger touch: (accel) keeping acceleration scheme 1
апр 24 09:18:03 x2 /usr/lib/gdm3/gdm-x-session[1554]: (**) Wacom HID 485E Finger touch: (accel) acceleration profile 0
апр 24 09:18:03 x2 /usr/lib/gdm3/gdm-x-session[1554]: (**) Wacom HID 485E Finger touch: (accel) acceleration factor: 2.000
апр 24 09:18:03 x2 /usr/lib/gdm3/gdm-x-session[1554]: (**) Wacom HID 485E Finger touch: (accel) acceleration threshold: 4
апр 24 09:18:03 x2 /usr/lib/gdm3/gdm-x-session[1554]: (II) config/udev: Adding input device Wacom HID 485E Finger (/dev/input/mouse2)
апр 24 09:18:03 x2 /usr/lib/gdm3/gdm-x-session[1554]: (II) No input driver specified, ignoring this device.
апр 24 09:18:03 x2 /usr/lib/gdm3/gdm-x-session[1554]: (II) This device may have been added with another device file.
апр 24 09:18:03 x2 /usr/lib/gdm3/gdm-x-session[1554]: (II) config/udev: Adding input device Intel Virtual Button driver (/dev/input/event8)
апр 24 09:18:03 x2 /usr/lib/gdm3/gdm-x-session[1554]: (**) Intel Virtual Button driver: Applying InputClass "libinput keyboard catchall"
апр 24 09:18:03 x2 /usr/lib/gdm3/gdm-x-session[1554]: (II) Using input driver 'libinput' for 'Intel Virtual Button driver'
апр 24 09:18:03 x2 /usr/lib/gdm3/gdm-x-session[1554]: (II) systemd-logind: got fd for /dev/input/event8 13:72 fd 29 paused 0
апр 24 09:18:03 x2 /usr/lib/gdm3/gdm-x-session[1554]: (**) Intel Virtual Button driver: always reports core events
апр 24 09:18:03 x2 /usr/lib/gdm3/gdm-x-session[1554]: (**) Option "Device" "/dev/input/event8"
апр 24 09:18:03 x2 /usr/lib/gdm3/gdm-x-session[1554]: (**) Option "_source" "server/udev"
апр 24 09:18:03 x2 /usr/lib/gdm3/gdm-x-session[1554]: (II) event8  - Intel Virtual Button driver: is tagged by udev as: Keyboard
апр 24 09:18:03 x2 /usr/lib/gdm3/gdm-x-session[1554]: (II) event8  - Intel Virtual Button driver: device is a keyboard
апр 24 09:18:03 x2 /usr/lib/gdm3/gdm-x-session[1554]: (II) event8  - Intel Virtual Button driver: device removed
апр 24 09:18:03 x2 /usr/lib/gdm3/gdm-x-session[1554]: (**) Option "config_info" "udev:/sys/devices/pci0000:00/0000:00:1f.0/PNP0C09:00/INT33D6:00/input/input16/event8"
апр 24 09:18:03 x2 /usr/lib/gdm3/gdm-x-session[1554]: (II) XINPUT: Adding extended input device "Intel Virtual Button driver" (type: KEYBOARD, id 12)
апр 24 09:18:03 x2 /usr/lib/gdm3/gdm-x-session[1554]: (**) Option "xkb_model" "pc105"
апр 24 09:18:03 x2 /usr/lib/gdm3/gdm-x-session[1554]: (**) Option "xkb_layout" "us"
апр 24 09:18:03 x2 /usr/lib/gdm3/gdm-x-session[1554]: (II) event8  - Intel Virtual Button driver: is tagged by udev as: Keyboard
апр 24 09:18:03 x2 /usr/lib/gdm3/gdm-x-session[1554]: (II) event8  - Intel Virtual Button driver: device is a keyboard
апр 24 09:18:03 x2 /usr/lib/gdm3/gdm-x-session[1554]: (II) config/udev: Adding input device HDA Intel PCH Mic (/dev/input/event10)
апр 24 09:18:03 x2 /usr/lib/gdm3/gdm-x-session[1554]: (II) No input driver specified, ignoring this device.
апр 24 09:18:03 x2 /usr/lib/gdm3/gdm-x-session[1554]: (II) This device may have been added with another device file.
апр 24 09:18:03 x2 /usr/lib/gdm3/gdm-x-session[1554]: (II) config/udev: Adding input device HDA Intel PCH Headphone (/dev/input/event11)
апр 24 09:18:03 x2 /usr/lib/gdm3/gdm-x-session[1554]: (II) No input driver specified, ignoring this device.
апр 24 09:18:03 x2 /usr/lib/gdm3/gdm-x-session[1554]: (II) This device may have been added with another device file.
апр 24 09:18:03 x2 /usr/lib/gdm3/gdm-x-session[1554]: (II) config/udev: Adding input device HDA Intel PCH HDMI/DP,pcm=3 (/dev/input/event12)
апр 24 09:18:03 x2 /usr/lib/gdm3/gdm-x-session[1554]: (II) No input driver specified, ignoring this device.
апр 24 09:18:03 x2 /usr/lib/gdm3/gdm-x-session[1554]: (II) This device may have been added with another device file.
апр 24 09:18:03 x2 /usr/lib/gdm3/gdm-x-session[1554]: (II) config/udev: Adding input device HDA Intel PCH HDMI/DP,pcm=7 (/dev/input/event13)
апр 24 09:18:03 x2 /usr/lib/gdm3/gdm-x-session[1554]: (II) No input driver specified, ignoring this device.
апр 24 09:18:03 x2 /usr/lib/gdm3/gdm-x-session[1554]: (II) This device may have been added with another device file.
апр 24 09:18:03 x2 /usr/lib/gdm3/gdm-x-session[1554]: (II) config/udev: Adding input device HDA Intel PCH HDMI/DP,pcm=8 (/dev/input/event14)
апр 24 09:18:03 x2 /usr/lib/gdm3/gdm-x-session[1554]: (II) No input driver specified, ignoring this device.
апр 24 09:18:03 x2 /usr/lib/gdm3/gdm-x-session[1554]: (II) This device may have been added with another device file.
апр 24 09:18:03 x2 /usr/lib/gdm3/gdm-x-session[1554]: (II) config/udev: Adding input device HDA Intel PCH HDMI/DP,pcm=9 (/dev/input/event15)
апр 24 09:18:03 x2 /usr/lib/gdm3/gdm-x-session[1554]: (II) No input driver specified, ignoring this device.
апр 24 09:18:03 x2 /usr/lib/gdm3/gdm-x-session[1554]: (II) This device may have been added with another device file.
апр 24 09:18:03 x2 /usr/lib/gdm3/gdm-x-session[1554]: (II) config/udev: Adding input device HDA Intel PCH HDMI/DP,pcm=10 (/dev/input/event16)
апр 24 09:18:03 x2 /usr/lib/gdm3/gdm-x-session[1554]: (II) No input driver specified, ignoring this device.
апр 24 09:18:03 x2 /usr/lib/gdm3/gdm-x-session[1554]: (II) This device may have been added with another device file.
апр 24 09:18:03 x2 /usr/lib/gdm3/gdm-x-session[1554]: (II) config/udev: Adding input device Intel HID events (/dev/input/event6)
апр 24 09:18:03 x2 /usr/lib/gdm3/gdm-x-session[1554]: (**) Intel HID events: Applying InputClass "libinput keyboard catchall"
апр 24 09:18:03 x2 /usr/lib/gdm3/gdm-x-session[1554]: (II) Using input driver 'libinput' for 'Intel HID events'
апр 24 09:18:03 x2 /usr/lib/gdm3/gdm-x-session[1554]: (II) systemd-logind: got fd for /dev/input/event6 13:70 fd 30 paused 0
апр 24 09:18:03 x2 /usr/lib/gdm3/gdm-x-session[1554]: (**) Intel HID events: always reports core events
апр 24 09:18:03 x2 /usr/lib/gdm3/gdm-x-session[1554]: (**) Option "Device" "/dev/input/event6"
апр 24 09:18:03 x2 /usr/lib/gdm3/gdm-x-session[1554]: (**) Option "_source" "server/udev"
апр 24 09:18:03 x2 /usr/lib/gdm3/gdm-x-session[1554]: (II) event6  - Intel HID events: is tagged by udev as: Keyboard
апр 24 09:18:03 x2 /usr/lib/gdm3/gdm-x-session[1554]: (II) event6  - Intel HID events: device is a keyboard
апр 24 09:18:03 x2 /usr/lib/gdm3/gdm-x-session[1554]: (II) event6  - Intel HID events: device removed
апр 24 09:18:03 x2 /usr/lib/gdm3/gdm-x-session[1554]: (**) Option "config_info" "udev:/sys/devices/platform/INT33D5:00/input/input14/event6"
апр 24 09:18:03 x2 /usr/lib/gdm3/gdm-x-session[1554]: (II) XINPUT: Adding extended input device "Intel HID events" (type: KEYBOARD, id 13)
апр 24 09:18:03 x2 /usr/lib/gdm3/gdm-x-session[1554]: (**) Option "xkb_model" "pc105"
апр 24 09:18:03 x2 /usr/lib/gdm3/gdm-x-session[1554]: (**) Option "xkb_layout" "us"
апр 24 09:18:03 x2 /usr/lib/gdm3/gdm-x-session[1554]: (II) event6  - Intel HID events: is tagged by udev as: Keyboard
апр 24 09:18:03 x2 /usr/lib/gdm3/gdm-x-session[1554]: (II) event6  - Intel HID events: device is a keyboard
апр 24 09:18:03 x2 /usr/lib/gdm3/gdm-x-session[1554]: (II) config/udev: Adding input device AT Translated Set 2 keyboard (/dev/input/event3)
апр 24 09:18:03 x2 /usr/lib/gdm3/gdm-x-session[1554]: (**) AT Translated Set 2 keyboard: Applying InputClass "libinput keyboard catchall"
апр 24 09:18:03 x2 /usr/lib/gdm3/gdm-x-session[1554]: (II) Using input driver 'libinput' for 'AT Translated Set 2 keyboard'
апр 24 09:18:03 x2 /usr/lib/gdm3/gdm-x-session[1554]: (II) systemd-logind: got fd for /dev/input/event3 13:67 fd 31 paused 0
апр 24 09:18:03 x2 /usr/lib/gdm3/gdm-x-session[1554]: (**) AT Translated Set 2 keyboard: always reports core events
апр 24 09:18:03 x2 /usr/lib/gdm3/gdm-x-session[1554]: (**) Option "Device" "/dev/input/event3"
апр 24 09:18:03 x2 /usr/lib/gdm3/gdm-x-session[1554]: (**) Option "_source" "server/udev"
апр 24 09:18:03 x2 /usr/lib/gdm3/gdm-x-session[1554]: (II) event3  - AT Translated Set 2 keyboard: is tagged by udev as: Keyboard
апр 24 09:18:03 x2 /usr/lib/gdm3/gdm-x-session[1554]: (II) event3  - AT Translated Set 2 keyboard: device is a keyboard
апр 24 09:18:03 x2 /usr/lib/gdm3/gdm-x-session[1554]: (II) event3  - AT Translated Set 2 keyboard: device removed
апр 24 09:18:03 x2 /usr/lib/gdm3/gdm-x-session[1554]: (**) Option "config_info" "udev:/sys/devices/platform/i8042/serio0/input/input3/event3"
апр 24 09:18:03 x2 /usr/lib/gdm3/gdm-x-session[1554]: (II) XINPUT: Adding extended input device "AT Translated Set 2 keyboard" (type: KEYBOARD, id 14)
апр 24 09:18:03 x2 /usr/lib/gdm3/gdm-x-session[1554]: (**) Option "xkb_model" "pc105"
апр 24 09:18:03 x2 /usr/lib/gdm3/gdm-x-session[1554]: (**) Option "xkb_layout" "us"
апр 24 09:18:03 x2 /usr/lib/gdm3/gdm-x-session[1554]: (II) event3  - AT Translated Set 2 keyboard: is tagged by udev as: Keyboard
апр 24 09:18:03 x2 /usr/lib/gdm3/gdm-x-session[1554]: (II) event3  - AT Translated Set 2 keyboard: device is a keyboard
апр 24 09:18:03 x2 /usr/lib/gdm3/gdm-x-session[1554]: (II) config/udev: Adding input device HP Wireless hotkeys (/dev/input/event7)
апр 24 09:18:03 x2 /usr/lib/gdm3/gdm-x-session[1554]: (**) HP Wireless hotkeys: Applying InputClass "libinput keyboard catchall"
апр 24 09:18:03 x2 /usr/lib/gdm3/gdm-x-session[1554]: (II) Using input driver 'libinput' for 'HP Wireless hotkeys'
апр 24 09:18:03 x2 /usr/lib/gdm3/gdm-x-session[1554]: (II) systemd-logind: got fd for /dev/input/event7 13:71 fd 32 paused 0
апр 24 09:18:03 x2 /usr/lib/gdm3/gdm-x-session[1554]: (**) HP Wireless hotkeys: always reports core events
апр 24 09:18:03 x2 /usr/lib/gdm3/gdm-x-session[1554]: (**) Option "Device" "/dev/input/event7"
апр 24 09:18:03 x2 /usr/lib/gdm3/gdm-x-session[1554]: (**) Option "_source" "server/udev"
апр 24 09:18:03 x2 /usr/lib/gdm3/gdm-x-session[1554]: (II) event7  - HP Wireless hotkeys: is tagged by udev as: Keyboard
апр 24 09:18:03 x2 /usr/lib/gdm3/gdm-x-session[1554]: (II) event7  - HP Wireless hotkeys: device is a keyboard
апр 24 09:18:03 x2 /usr/lib/gdm3/gdm-x-session[1554]: (II) event7  - HP Wireless hotkeys: device removed
апр 24 09:18:03 x2 /usr/lib/gdm3/gdm-x-session[1554]: (**) Option "config_info" "udev:/sys/devices/virtual/input/input15/event7"
апр 24 09:18:03 x2 /usr/lib/gdm3/gdm-x-session[1554]: (II) XINPUT: Adding extended input device "HP Wireless hotkeys" (type: KEYBOARD, id 15)
апр 24 09:18:03 x2 /usr/lib/gdm3/gdm-x-session[1554]: (**) Option "xkb_model" "pc105"
апр 24 09:18:03 x2 /usr/lib/gdm3/gdm-x-session[1554]: (**) Option "xkb_layout" "us"
апр 24 09:18:03 x2 /usr/lib/gdm3/gdm-x-session[1554]: (II) event7  - HP Wireless hotkeys: is tagged by udev as: Keyboard
апр 24 09:18:03 x2 /usr/lib/gdm3/gdm-x-session[1554]: (II) event7  - HP Wireless hotkeys: device is a keyboard
апр 24 09:18:03 x2 /usr/lib/gdm3/gdm-x-session[1554]: (II) config/udev: Adding input device HP WMI hotkeys (/dev/input/event9)
апр 24 09:18:03 x2 /usr/lib/gdm3/gdm-x-session[1554]: (**) HP WMI hotkeys: Applying InputClass "libinput keyboard catchall"
апр 24 09:18:03 x2 /usr/lib/gdm3/gdm-x-session[1554]: (II) Using input driver 'libinput' for 'HP WMI hotkeys'
апр 24 09:18:03 x2 /usr/lib/gdm3/gdm-x-session[1554]: (II) systemd-logind: got fd for /dev/input/event9 13:73 fd 33 paused 0
апр 24 09:18:03 x2 /usr/lib/gdm3/gdm-x-session[1554]: (**) HP WMI hotkeys: always reports core events
апр 24 09:18:03 x2 /usr/lib/gdm3/gdm-x-session[1554]: (**) Option "Device" "/dev/input/event9"
апр 24 09:18:03 x2 /usr/lib/gdm3/gdm-x-session[1554]: (**) Option "_source" "server/udev"
апр 24 09:18:03 x2 /usr/lib/gdm3/gdm-x-session[1554]: (II) event9  - HP WMI hotkeys: is tagged by udev as: Keyboard Switch
апр 24 09:18:03 x2 /usr/lib/gdm3/gdm-x-session[1554]: (II) event9  - HP WMI hotkeys: device is a keyboard
апр 24 09:18:03 x2 /usr/lib/gdm3/gdm-x-session[1554]: (II) event9  - HP WMI hotkeys: device removed
апр 24 09:18:03 x2 /usr/lib/gdm3/gdm-x-session[1554]: (**) Option "config_info" "udev:/sys/devices/virtual/input/input17/event9"
апр 24 09:18:03 x2 /usr/lib/gdm3/gdm-x-session[1554]: (II) XINPUT: Adding extended input device "HP WMI hotkeys" (type: KEYBOARD, id 16)
апр 24 09:18:03 x2 /usr/lib/gdm3/gdm-x-session[1554]: (**) Option "xkb_model" "pc105"
апр 24 09:18:03 x2 /usr/lib/gdm3/gdm-x-session[1554]: (**) Option "xkb_layout" "us"
апр 24 09:18:03 x2 /usr/lib/gdm3/gdm-x-session[1554]: (II) event9  - HP WMI hotkeys: is tagged by udev as: Keyboard Switch
апр 24 09:18:03 x2 /usr/lib/gdm3/gdm-x-session[1554]: (II) event9  - HP WMI hotkeys: device is a keyboard
апр 24 09:18:03 x2 /usr/lib/gdm3/gdm-x-session[1554]: (**) Wacom HID 485E Pen eraser: Applying InputClass "libinput tablet catchall"
апр 24 09:18:03 x2 /usr/lib/gdm3/gdm-x-session[1554]: (**) Wacom HID 485E Pen eraser: Applying InputClass "Wacom USB tablet class"
апр 24 09:18:03 x2 /usr/lib/gdm3/gdm-x-session[1554]: (**) Wacom HID 485E Pen eraser: Applying InputClass "Wacom tablet class"
апр 24 09:18:03 x2 /usr/lib/gdm3/gdm-x-session[1554]: (II) Using input driver 'wacom' for 'Wacom HID 485E Pen eraser'
апр 24 09:18:03 x2 /usr/lib/gdm3/gdm-x-session[1554]: (II) systemd-logind: returning pre-existing fd for /dev/input/event17 13:81
апр 24 09:18:03 x2 /usr/lib/gdm3/gdm-x-session[1554]: (**) Wacom HID 485E Pen eraser: always reports core events
апр 24 09:18:03 x2 /usr/lib/gdm3/gdm-x-session[1554]: (**) Option "Device" "/dev/input/event17"
апр 24 09:18:03 x2 /usr/lib/gdm3/gdm-x-session[1554]: (**) Option "Type" "eraser"
апр 24 09:18:03 x2 /usr/lib/gdm3/gdm-x-session[1554]: (**) Wacom HID 485E Pen eraser: panscroll is 1300
апр 24 09:18:03 x2 /usr/lib/gdm3/gdm-x-session[1554]: (**) Wacom HID 485E Pen eraser: panscroll modified to 1300
апр 24 09:18:03 x2 /usr/lib/gdm3/gdm-x-session[1554]: (--) Wacom HID 485E Pen eraser: maxX=25978 maxY=17319 maxZ=2047 resX=100000 resY=100000  tilt=enabled
апр 24 09:18:03 x2 /usr/lib/gdm3/gdm-x-session[1554]: (**) Option "config_info" "udev:/sys/devices/pci0000:00/0000:00:15.0/i2c_designware.0/i2c-6/i2c-WCOM483E:00/0018:056A:485E.0005/input/input25/event17"
апр 24 09:18:03 x2 /usr/lib/gdm3/gdm-x-session[1554]: (II) XINPUT: Adding extended input device "Wacom HID 485E Pen eraser" (type: ERASER, id 17)
апр 24 09:18:03 x2 /usr/lib/gdm3/gdm-x-session[1554]: (**) Wacom HID 485E Pen eraser: (accel) keeping acceleration scheme 1
апр 24 09:18:03 x2 /usr/lib/gdm3/gdm-x-session[1554]: (**) Wacom HID 485E Pen eraser: (accel) acceleration profile 0
апр 24 09:18:03 x2 /usr/lib/gdm3/gdm-x-session[1554]: (**) Wacom HID 485E Pen eraser: (accel) acceleration factor: 2.000
апр 24 09:18:03 x2 /usr/lib/gdm3/gdm-x-session[1554]: (**) Wacom HID 485E Pen eraser: (accel) acceleration threshold: 4
апр 24 09:18:03 x2 /usr/lib/gdm3/gdm-x-session[1554]: /etc/gdm3/Xsession: Beginning session setup...
апр 24 09:18:03 x2 /usr/lib/gdm3/gdm-x-session[1554]: localuser:yuu being added to access control list
апр 24 09:18:03 x2 /usr/lib/gdm3/gdm-x-session[1554]: dbus-update-activation-environment: setting DBUS_SESSION_BUS_ADDRESS=unix:path=/run/user/1000/bus
апр 24 09:18:03 x2 /usr/lib/gdm3/gdm-x-session[1554]: dbus-update-activation-environment: setting DISPLAY=:0
апр 24 09:18:03 x2 /usr/lib/gdm3/gdm-x-session[1554]: dbus-update-activation-environment: setting XAUTHORITY=/run/user/1000/gdm/Xauthority
апр 24 09:18:03 x2 /usr/lib/gdm3/gdm-x-session[1554]: localuser:yuu being added to access control list
апр 24 09:18:03 x2 /usr/lib/gdm3/gdm-x-session[1554]: dbus-update-activation-environment: setting GTK_MODULES=gail:atk-bridge
апр 24 09:18:03 x2 /usr/lib/gdm3/gdm-x-session[1554]: dbus-update-activation-environment: setting QT_ACCESSIBILITY=1
апр 24 09:18:03 x2 /usr/lib/gdm3/gdm-x-session[1554]: dbus-update-activation-environment: setting CLUTTER_IM_MODULE=xim
апр 24 09:18:03 x2 /usr/lib/gdm3/gdm-x-session[1554]: dbus-update-activation-environment: setting LC_MEASUREMENT=ru_RU.UTF-8
апр 24 09:18:03 x2 /usr/lib/gdm3/gdm-x-session[1554]: dbus-update-activation-environment: setting LC_PAPER=ru_RU.UTF-8
апр 24 09:18:03 x2 /usr/lib/gdm3/gdm-x-session[1554]: dbus-update-activation-environment: setting LC_MONETARY=ru_RU.UTF-8
апр 24 09:18:03 x2 /usr/lib/gdm3/gdm-x-session[1554]: dbus-update-activation-environment: setting LANG=en_US.UTF-8
апр 24 09:18:03 x2 /usr/lib/gdm3/gdm-x-session[1554]: dbus-update-activation-environment: setting DISPLAY=:0
апр 24 09:18:03 x2 /usr/lib/gdm3/gdm-x-session[1554]: dbus-update-activation-environment: setting USERNAME=yuu
апр 24 09:18:03 x2 /usr/lib/gdm3/gdm-x-session[1554]: dbus-update-activation-environment: setting LC_NAME=ru_RU.UTF-8
апр 24 09:18:03 x2 /usr/lib/gdm3/gdm-x-session[1554]: dbus-update-activation-environment: setting USER=yuu
апр 24 09:18:03 x2 /usr/lib/gdm3/gdm-x-session[1554]: dbus-update-activation-environment: setting DESKTOP_SESSION=ubuntu
апр 24 09:18:03 x2 /usr/lib/gdm3/gdm-x-session[1554]: dbus-update-activation-environment: setting QT4_IM_MODULE=xim
апр 24 09:18:03 x2 /usr/lib/gdm3/gdm-x-session[1554]: dbus-update-activation-environment: setting TEXTDOMAINDIR=/usr/share/locale/
апр 24 09:18:03 x2 /usr/lib/gdm3/gdm-x-session[1554]: dbus-update-activation-environment: setting PWD=/home/yuu
апр 24 09:18:03 x2 /usr/lib/gdm3/gdm-x-session[1554]: dbus-update-activation-environment: setting HOME=/home/yuu
апр 24 09:18:03 x2 /usr/lib/gdm3/gdm-x-session[1554]: dbus-update-activation-environment: setting TEXTDOMAIN=im-config
апр 24 09:18:03 x2 /usr/lib/gdm3/gdm-x-session[1554]: dbus-update-activation-environment: setting QT_ACCESSIBILITY=1
апр 24 09:18:03 x2 /usr/lib/gdm3/gdm-x-session[1554]: dbus-update-activation-environment: setting XDG_SESSION_TYPE=x11
апр 24 09:18:03 x2 /usr/lib/gdm3/gdm-x-session[1554]: dbus-update-activation-environment: setting XDG_DATA_DIRS=/usr/share/ubuntu:/usr/local/share:/usr/share:/var/lib/snapd/desktop
апр 24 09:18:03 x2 /usr/lib/gdm3/gdm-x-session[1554]: dbus-update-activation-environment: setting XDG_SESSION_DESKTOP=ubuntu
апр 24 09:18:03 x2 /usr/lib/gdm3/gdm-x-session[1554]: dbus-update-activation-environment: setting LC_ADDRESS=ru_RU.UTF-8
апр 24 09:18:03 x2 /usr/lib/gdm3/gdm-x-session[1554]: dbus-update-activation-environment: setting LC_NUMERIC=ru_RU.UTF-8
апр 24 09:18:03 x2 /usr/lib/gdm3/gdm-x-session[1554]: dbus-update-activation-environment: setting GTK_MODULES=gail:atk-bridge
апр 24 09:18:03 x2 /usr/lib/gdm3/gdm-x-session[1554]: dbus-update-activation-environment: setting WINDOWPATH=2
апр 24 09:18:03 x2 /usr/lib/gdm3/gdm-x-session[1554]: dbus-update-activation-environment: setting SHELL=/bin/bash
апр 24 09:18:03 x2 /usr/lib/gdm3/gdm-x-session[1554]: dbus-update-activation-environment: setting QT_IM_MODULE=xim
апр 24 09:18:03 x2 /usr/lib/gdm3/gdm-x-session[1554]: dbus-update-activation-environment: setting XMODIFIERS=@im=ibus
апр 24 09:18:03 x2 /usr/lib/gdm3/gdm-x-session[1554]: dbus-update-activation-environment: setting IM_CONFIG_PHASE=2
апр 24 09:18:03 x2 /usr/lib/gdm3/gdm-x-session[1554]: dbus-update-activation-environment: setting XDG_CURRENT_DESKTOP=ubuntu:GNOME
апр 24 09:18:03 x2 /usr/lib/gdm3/gdm-x-session[1554]: dbus-update-activation-environment: setting GPG_AGENT_INFO=/run/user/1000/gnupg/S.gpg-agent:0:1
апр 24 09:18:03 x2 /usr/lib/gdm3/gdm-x-session[1554]: dbus-update-activation-environment: setting SHLVL=1
апр 24 09:18:03 x2 /usr/lib/gdm3/gdm-x-session[1554]: dbus-update-activation-environment: setting LC_TELEPHONE=ru_RU.UTF-8
апр 24 09:18:03 x2 /usr/lib/gdm3/gdm-x-session[1554]: dbus-update-activation-environment: setting GDMSESSION=ubuntu
апр 24 09:18:03 x2 /usr/lib/gdm3/gdm-x-session[1554]: dbus-update-activation-environment: setting LOGNAME=yuu
апр 24 09:18:03 x2 /usr/lib/gdm3/gdm-x-session[1554]: dbus-update-activation-environment: setting DBUS_SESSION_BUS_ADDRESS=unix:path=/run/user/1000/bus
апр 24 09:18:03 x2 /usr/lib/gdm3/gdm-x-session[1554]: dbus-update-activation-environment: setting XDG_RUNTIME_DIR=/run/user/1000
апр 24 09:18:03 x2 /usr/lib/gdm3/gdm-x-session[1554]: dbus-update-activation-environment: setting XAUTHORITY=/run/user/1000/gdm/Xauthority
апр 24 09:18:03 x2 /usr/lib/gdm3/gdm-x-session[1554]: dbus-update-activation-environment: setting XDG_CONFIG_DIRS=/etc/xdg/xdg-ubuntu:/etc/xdg
апр 24 09:18:03 x2 /usr/lib/gdm3/gdm-x-session[1554]: dbus-update-activation-environment: setting PATH=/usr/local/sbin:/usr/local/bin:/usr/sbin:/usr/bin:/sbin:/bin:/usr/games:/usr/local/games:/snap/bin
апр 24 09:18:03 x2 /usr/lib/gdm3/gdm-x-session[1554]: dbus-update-activation-environment: setting LC_IDENTIFICATION=ru_RU.UTF-8
апр 24 09:18:03 x2 /usr/lib/gdm3/gdm-x-session[1554]: dbus-update-activation-environment: setting GTK_IM_MODULE=ibus
апр 24 09:18:03 x2 /usr/lib/gdm3/gdm-x-session[1554]: dbus-update-activation-environment: setting LC_TIME=ru_RU.UTF-8
апр 24 09:18:03 x2 /usr/lib/gdm3/gdm-x-session[1554]: dbus-update-activation-environment: setting _=/usr/bin/dbus-update-activation-environment
апр 24 09:18:03 x2 /usr/lib/gdm3/gdm-x-session[1554]: (II) modeset(0): EDID vendor "LGD", prod id 1391
апр 24 09:18:03 x2 /usr/lib/gdm3/gdm-x-session[1554]: (II) modeset(0): Printing DDC gathered Modelines:
апр 24 09:18:03 x2 /usr/lib/gdm3/gdm-x-session[1554]: (II) modeset(0): Modeline "2736x1824"x0.0  325.75  2736 2784 2816 2896  1824 1827 1837 1876 +hsync -vsync (112.5 kHz eP)
апр 24 09:18:03 x2 /usr/lib/gdm3/gdm-x-session[1554]: (II) modeset(0): Modeline "2736x1824"x0.0  217.30  2736 2784 2816 2896  1824 1827 1837 1876 +hsync -vsync (75.0 kHz e)
апр 24 09:38:52 x2 /usr/lib/gdm3/gdm-x-session[1554]: (WW) On Wacom HID 485E Pen stylus(0) a base pressure of 0 persists while the pen is in proximity.
апр 24 09:38:52 x2 /usr/lib/gdm3/gdm-x-session[1554]:         This is > 20 percent of the maximum value (2047).
апр 24 09:38:52 x2 /usr/lib/gdm3/gdm-x-session[1554]:         This indicates a worn out pen, it is time to change your tool. Also see:
апр 24 09:38:52 x2 /usr/lib/gdm3/gdm-x-session[1554]:         http://sourceforge.net/apps/mediawiki/linuxwacom/index.php?title=Pen_Wear.
апр 24 09:39:03 x2 /usr/lib/gdm3/gdm-x-session[1554]: (II) modeset(0): EDID vendor "LGD", prod id 1391
апр 24 09:39:03 x2 /usr/lib/gdm3/gdm-x-session[1554]: (II) modeset(0): Printing DDC gathered Modelines:
апр 24 09:39:03 x2 /usr/lib/gdm3/gdm-x-session[1554]: (II) modeset(0): Modeline "2736x1824"x0.0  325.75  2736 2784 2816 2896  1824 1827 1837 1876 +hsync -vsync (112.5 kHz eP)
апр 24 09:39:03 x2 /usr/lib/gdm3/gdm-x-session[1554]: (II) modeset(0): Modeline "2736x1824"x0.0  217.30  2736 2784 2816 2896  1824 1827 1837 1876 +hsync -vsync (75.0 kHz e)
апр 24 10:18:12 x2 /usr/lib/gdm3/gdm-x-session[1554]: (II) modeset(0): EDID vendor "LGD", prod id 1391
апр 24 10:18:12 x2 /usr/lib/gdm3/gdm-x-session[1554]: (II) modeset(0): Printing DDC gathered Modelines:
апр 24 10:18:12 x2 /usr/lib/gdm3/gdm-x-session[1554]: (II) modeset(0): Modeline "2736x1824"x0.0  325.75  2736 2784 2816 2896  1824 1827 1837 1876 +hsync -vsync (112.5 kHz eP)
апр 24 10:18:12 x2 /usr/lib/gdm3/gdm-x-session[1554]: (II) modeset(0): Modeline "2736x1824"x0.0  217.30  2736 2784 2816 2896  1824 1827 1837 1876 +hsync -vsync (75.0 kHz e)
апр 24 10:24:12 x2 /usr/lib/gdm3/gdm-x-session[1554]: (II) modeset(0): EDID vendor "LGD", prod id 1391
апр 24 10:24:12 x2 /usr/lib/gdm3/gdm-x-session[1554]: (II) modeset(0): Printing DDC gathered Modelines:
апр 24 10:24:12 x2 /usr/lib/gdm3/gdm-x-session[1554]: (II) modeset(0): Modeline "2736x1824"x0.0  325.75  2736 2784 2816 2896  1824 1827 1837 1876 +hsync -vsync (112.5 kHz eP)
апр 24 10:24:12 x2 /usr/lib/gdm3/gdm-x-session[1554]: (II) modeset(0): Modeline "2736x1824"x0.0  217.30  2736 2784 2816 2896  1824 1827 1837 1876 +hsync -vsync (75.0 kHz e)
апр 24 10:28:14 x2 /usr/lib/gdm3/gdm-x-session[1554]: (II) config/udev: Adding input device HP Active Pen (/dev/input/event19)
апр 24 10:28:14 x2 /usr/lib/gdm3/gdm-x-session[1554]: (**) HP Active Pen: Applying InputClass "libinput keyboard catchall"
апр 24 10:28:14 x2 /usr/lib/gdm3/gdm-x-session[1554]: (II) Using input driver 'libinput' for 'HP Active Pen'
апр 24 10:28:14 x2 /usr/lib/gdm3/gdm-x-session[1554]: (II) systemd-logind: got fd for /dev/input/event19 13:83 fd 71 paused 0
апр 24 10:28:14 x2 /usr/lib/gdm3/gdm-x-session[1554]: (**) HP Active Pen: always reports core events
апр 24 10:28:14 x2 /usr/lib/gdm3/gdm-x-session[1554]: (**) Option "Device" "/dev/input/event19"
апр 24 10:28:14 x2 /usr/lib/gdm3/gdm-x-session[1554]: (**) Option "_source" "server/udev"
апр 24 10:28:14 x2 /usr/lib/gdm3/gdm-x-session[1554]: (II) event19 - HP Active Pen: is tagged by udev as: Keyboard
апр 24 10:28:14 x2 /usr/lib/gdm3/gdm-x-session[1554]: (II) event19 - HP Active Pen: device is a keyboard
апр 24 10:28:14 x2 /usr/lib/gdm3/gdm-x-session[1554]: (II) event19 - HP Active Pen: device removed
апр 24 10:28:14 x2 /usr/lib/gdm3/gdm-x-session[1554]: (**) Option "config_info" "udev:/sys/devices/virtual/misc/uhid/0005:04F2:B4A3.0006/input/input44/event19"
апр 24 10:28:14 x2 /usr/lib/gdm3/gdm-x-session[1554]: (II) XINPUT: Adding extended input device "HP Active Pen" (type: KEYBOARD, id 18)
апр 24 10:28:14 x2 /usr/lib/gdm3/gdm-x-session[1554]: (**) Option "xkb_layout" "us,ru"
апр 24 10:28:14 x2 /usr/lib/gdm3/gdm-x-session[1554]: (**) Option "xkb_variant" ","
апр 24 10:28:14 x2 /usr/lib/gdm3/gdm-x-session[1554]: (II) event19 - HP Active Pen: is tagged by udev as: Keyboard
апр 24 10:28:14 x2 /usr/lib/gdm3/gdm-x-session[1554]: (II) event19 - HP Active Pen: device is a keyboard
апр 24 10:28:14 x2 /usr/lib/gdm3/gdm-x-session[1554]: (EE) client bug: timer event4 debounce: offset negative (-27ms)
апр 24 10:28:14 x2 /usr/lib/gdm3/gdm-x-session[1554]: (EE) client bug: timer event4 debounce short: offset negative (-40ms)
апр 24 11:08:40 x2 /usr/lib/gdm3/gdm-x-session[1554]: (EE) client bug: timer event4 debounce: offset negative (-959ms)
апр 24 11:08:40 x2 /usr/lib/gdm3/gdm-x-session[1554]: (EE) client bug: timer event4 debounce short: offset negative (-1024ms)
