[    32.939] (--) Log file renamed from "/home/yuu/.local/share/xorg/Xorg.pid-1556.log" to "/home/yuu/.local/share/xorg/Xorg.0.log"
[    32.940] 
X.Org X Server 1.19.6
Release Date: 2017-12-20
[    32.940] X Protocol Version 11, Revision 0
[    32.940] Build Operating System: Linux 4.4.0-119-generic x86_64 Ubuntu
[    32.940] Current Operating System: Linux x2 4.15.0-15-generic #16-Ubuntu SMP Wed Apr 4 13:58:14 UTC 2018 x86_64
[    32.940] Kernel command line: BOOT_IMAGE=/boot/vmlinuz-4.15.0-15-generic.efi.signed root=UUID=bc7ab5f4-4ff1-44f8-93bb-d92c503f3989 ro quiet splash vt.handoff=1
[    32.940] Build Date: 13 April 2018  08:07:36PM
[    32.940] xorg-server 2:1.19.6-1ubuntu4 (For technical support please see http://www.ubuntu.com/support) 
[    32.940] Current version of pixman: 0.34.0
[    32.940] 	Before reporting problems, check http://wiki.x.org
	to make sure that you have the latest version.
[    32.940] Markers: (--) probed, (**) from config file, (==) default setting,
	(++) from command line, (!!) notice, (II) informational,
	(WW) warning, (EE) error, (NI) not implemented, (??) unknown.
[    32.940] (==) Log file: "/home/yuu/.local/share/xorg/Xorg.0.log", Time: Tue Apr 24 09:18:02 2018
[    32.941] (==) Using system config directory "/usr/share/X11/xorg.conf.d"
[    32.943] (==) No Layout section.  Using the first Screen section.
[    32.943] (==) No screen section available. Using defaults.
[    32.943] (**) |-->Screen "Default Screen Section" (0)
[    32.943] (**) |   |-->Monitor "<default monitor>"
[    32.944] (==) No monitor specified for screen "Default Screen Section".
	Using a default monitor configuration.
[    32.944] (==) Automatically adding devices
[    32.944] (==) Automatically enabling devices
[    32.944] (==) Automatically adding GPU devices
[    32.944] (==) Automatically binding GPU devices
[    32.944] (==) Max clients allowed: 256, resource mask: 0x1fffff
[    32.944] (WW) The directory "/usr/share/fonts/X11/cyrillic" does not exist.
[    32.944] 	Entry deleted from font path.
[    32.944] (WW) The directory "/usr/share/fonts/X11/100dpi/" does not exist.
[    32.944] 	Entry deleted from font path.
[    32.944] (WW) The directory "/usr/share/fonts/X11/75dpi/" does not exist.
[    32.944] 	Entry deleted from font path.
[    32.944] (WW) The directory "/usr/share/fonts/X11/100dpi" does not exist.
[    32.944] 	Entry deleted from font path.
[    32.944] (WW) The directory "/usr/share/fonts/X11/75dpi" does not exist.
[    32.944] 	Entry deleted from font path.
[    32.944] (==) FontPath set to:
	/usr/share/fonts/X11/misc,
	/usr/share/fonts/X11/Type1,
	built-ins
[    32.944] (==) ModulePath set to "/usr/lib/xorg/modules"
[    32.944] (II) The server relies on udev to provide the list of input devices.
	If no devices become available, reconfigure udev or disable AutoAddDevices.
[    32.945] (II) Loader magic: 0x56007f243020
[    32.945] (II) Module ABI versions:
[    32.945] 	X.Org ANSI C Emulation: 0.4
[    32.945] 	X.Org Video Driver: 23.0
[    32.945] 	X.Org XInput driver : 24.1
[    32.945] 	X.Org Server Extension : 10.0
[    32.946] (++) using VT number 2

[    32.953] (II) systemd-logind: took control of session /org/freedesktop/login1/session/_32
[    32.954] (II) xfree86: Adding drm device (/dev/dri/card0)
[    32.955] (II) systemd-logind: got fd for /dev/dri/card0 226:0 fd 12 paused 0
[    32.962] (--) PCI:*(0:0:2:0) 8086:5916:103c:82ca rev 2, Mem @ 0x1ff2000000/16777216, 0x1fc0000000/268435456, I/O @ 0x00003000/64, BIOS @ 0x????????/131072
[    32.962] (II) LoadModule: "glx"
[    32.963] (II) Loading /usr/lib/xorg/modules/extensions/libglx.so
[    32.966] (II) Module glx: vendor="X.Org Foundation"
[    32.966] 	compiled for 1.19.6, module version = 1.0.0
[    32.966] 	ABI class: X.Org Server Extension, version 10.0
[    32.966] (==) Matched modesetting as autoconfigured driver 0
[    32.966] (==) Matched fbdev as autoconfigured driver 1
[    32.966] (==) Matched vesa as autoconfigured driver 2
[    32.966] (==) Assigned the driver to the xf86ConfigLayout
[    32.966] (II) LoadModule: "modesetting"
[    32.966] (II) Loading /usr/lib/xorg/modules/drivers/modesetting_drv.so
[    32.967] (II) Module modesetting: vendor="X.Org Foundation"
[    32.967] 	compiled for 1.19.6, module version = 1.19.6
[    32.967] 	Module class: X.Org Video Driver
[    32.967] 	ABI class: X.Org Video Driver, version 23.0
[    32.967] (II) LoadModule: "fbdev"
[    32.967] (II) Loading /usr/lib/xorg/modules/drivers/fbdev_drv.so
[    32.968] (II) Module fbdev: vendor="X.Org Foundation"
[    32.968] 	compiled for 1.19.3, module version = 0.4.4
[    32.968] 	Module class: X.Org Video Driver
[    32.968] 	ABI class: X.Org Video Driver, version 23.0
[    32.968] (II) LoadModule: "vesa"
[    32.968] (II) Loading /usr/lib/xorg/modules/drivers/vesa_drv.so
[    32.969] (II) Module vesa: vendor="X.Org Foundation"
[    32.969] 	compiled for 1.19.3, module version = 2.3.4
[    32.969] 	Module class: X.Org Video Driver
[    32.969] 	ABI class: X.Org Video Driver, version 23.0
[    32.969] (II) modesetting: Driver for Modesetting Kernel Drivers: kms
[    32.969] (II) FBDEV: driver for framebuffer: fbdev
[    32.969] (II) VESA: driver for VESA chipsets: vesa
[    32.969] xf86EnableIOPorts: failed to set IOPL for I/O (Operation not permitted)
[    32.969] (II) modeset(0): using drv /dev/dri/card0
[    32.969] (WW) Falling back to old probe method for fbdev
[    32.969] (II) Loading sub module "fbdevhw"
[    32.969] (II) LoadModule: "fbdevhw"
[    32.969] (II) Loading /usr/lib/xorg/modules/libfbdevhw.so
[    32.970] (II) Module fbdevhw: vendor="X.Org Foundation"
[    32.970] 	compiled for 1.19.6, module version = 0.0.2
[    32.970] 	ABI class: X.Org Video Driver, version 23.0
[    32.970] (EE) open /dev/fb0: Permission denied
[    32.970] (WW) Falling back to old probe method for vesa
[    32.970] (WW) VGA arbiter: cannot open kernel arbiter, no multi-card support
[    32.970] (II) modeset(0): Creating default Display subsection in Screen section
	"Default Screen Section" for depth/fbbpp 24/32
[    32.970] (==) modeset(0): Depth 24, (==) framebuffer bpp 32
[    32.970] (==) modeset(0): RGB weight 888
[    32.970] (==) modeset(0): Default visual is TrueColor
[    32.970] (II) Loading sub module "glamoregl"
[    32.970] (II) LoadModule: "glamoregl"
[    32.971] (II) Loading /usr/lib/xorg/modules/libglamoregl.so
[    32.980] (II) Module glamoregl: vendor="X.Org Foundation"
[    32.980] 	compiled for 1.19.6, module version = 1.0.0
[    32.980] 	ABI class: X.Org ANSI C Emulation, version 0.4
[    32.980] (II) glamor: OpenGL accelerated X.org driver based.
[    33.000] (II) glamor: EGL version 1.4 (DRI2):
[    33.007] (II) modeset(0): glamor initialized
[    33.009] (II) modeset(0): Output eDP-1 has no monitor section
[    33.009] (II) modeset(0): Output DP-1 has no monitor section
[    33.021] (II) modeset(0): Output HDMI-1 has no monitor section
[    33.021] (II) modeset(0): Output DP-2 has no monitor section
[    33.033] (II) modeset(0): Output HDMI-2 has no monitor section
[    33.035] (II) modeset(0): EDID for output eDP-1
[    33.035] (II) modeset(0): Manufacturer: LGD  Model: 56f  Serial#: 0
[    33.035] (II) modeset(0): Year: 2016  Week: 0
[    33.035] (II) modeset(0): EDID Version: 1.4
[    33.035] (II) modeset(0): Digital Display Input
[    33.035] (II) modeset(0): 8 bits per channel
[    33.035] (II) modeset(0): Digital interface is DisplayPort
[    33.035] (II) modeset(0): Max Image Size [cm]: horiz.: 26  vert.: 17
[    33.035] (II) modeset(0): Gamma: 2.20
[    33.035] (II) modeset(0): No DPMS capabilities specified
[    33.035] (II) modeset(0): Supported color encodings: RGB 4:4:4 
[    33.035] (II) modeset(0): First detailed timing is preferred mode
[    33.035] (II) modeset(0): Preferred mode is native pixel format and refresh rate
[    33.035] (II) modeset(0): Display is continuous-frequency
[    33.035] (II) modeset(0): redX: 0.643 redY: 0.338   greenX: 0.302 greenY: 0.613
[    33.035] (II) modeset(0): blueX: 0.158 blueY: 0.053   whiteX: 0.313 whiteY: 0.329
[    33.035] (II) modeset(0): Manufacturer's mask: 0
[    33.035] (II) modeset(0): Supported detailed timing:
[    33.035] (II) modeset(0): clock: 325.8 MHz   Image Size:  260 x 173 mm
[    33.035] (II) modeset(0): h_active: 2736  h_sync: 2784  h_sync_end 2816 h_blank_end 2896 h_border: 0
[    33.035] (II) modeset(0): v_active: 1824  v_sync: 1827  v_sync_end 1837 v_blanking: 1876 v_border: 0
[    33.035] (II) modeset(0): Supported detailed timing:
[    33.035] (II) modeset(0): clock: 217.3 MHz   Image Size:  260 x 173 mm
[    33.035] (II) modeset(0): h_active: 2736  h_sync: 2784  h_sync_end 2816 h_blank_end 2896 h_border: 0
[    33.035] (II) modeset(0): v_active: 1824  v_sync: 1827  v_sync_end 1837 v_blanking: 1876 v_border: 0
[    33.035] (II) modeset(0): Unknown vendor-specific block 2
[    33.035] (II) modeset(0): EDID (in hex):
[    33.035] (II) modeset(0): 	00ffffffffffff0030e46f0500000000
[    33.035] (II) modeset(0): 	001a0104a51a117803a4a5a4564d9d28
[    33.035] (II) modeset(0): 	0d505400000001010101010101010101
[    33.035] (II) modeset(0): 	0101010101013f7fb0a0a02034703020
[    33.036] (II) modeset(0): 	3a0004ad1000001be254b0a0a0203470
[    33.036] (II) modeset(0): 	30203a0004ad1000001b000000000000
[    33.036] (II) modeset(0): 	00000000000000000000000000000002
[    33.036] (II) modeset(0): 	000c26ff0a3ce1233132e10000000015
[    33.036] (II) modeset(0): Printing probed modes for output eDP-1
[    33.036] (II) modeset(0): Modeline "2736x1824"x60.0  325.75  2736 2784 2816 2896  1824 1827 1837 1876 +hsync -vsync (112.5 kHz eP)
[    33.036] (II) modeset(0): Modeline "2736x1824"x40.0  217.30  2736 2784 2816 2896  1824 1827 1837 1876 +hsync -vsync (75.0 kHz e)
[    33.036] (II) modeset(0): EDID for output DP-1
[    33.047] (II) modeset(0): EDID for output HDMI-1
[    33.047] (II) modeset(0): EDID for output DP-2
[    33.060] (II) modeset(0): EDID for output HDMI-2
[    33.060] (II) modeset(0): Output eDP-1 connected
[    33.060] (II) modeset(0): Output DP-1 disconnected
[    33.060] (II) modeset(0): Output HDMI-1 disconnected
[    33.060] (II) modeset(0): Output DP-2 disconnected
[    33.060] (II) modeset(0): Output HDMI-2 disconnected
[    33.060] (II) modeset(0): Using exact sizes for initial modes
[    33.060] (II) modeset(0): Output eDP-1 using initial mode 2736x1824 +0+0
[    33.060] (==) modeset(0): Using gamma correction (1.0, 1.0, 1.0)
[    33.060] (==) modeset(0): DPI set to (96, 96)
[    33.060] (II) Loading sub module "fb"
[    33.060] (II) LoadModule: "fb"
[    33.060] (II) Loading /usr/lib/xorg/modules/libfb.so
[    33.061] (II) Module fb: vendor="X.Org Foundation"
[    33.061] 	compiled for 1.19.6, module version = 1.0.0
[    33.061] 	ABI class: X.Org ANSI C Emulation, version 0.4
[    33.061] (II) UnloadModule: "fbdev"
[    33.061] (II) Unloading fbdev
[    33.062] (II) UnloadSubModule: "fbdevhw"
[    33.062] (II) Unloading fbdevhw
[    33.062] (II) UnloadModule: "vesa"
[    33.062] (II) Unloading vesa
[    33.062] (==) Depth 24 pixmap format is 32 bpp
[    33.198] (==) modeset(0): Backing store enabled
[    33.198] (==) modeset(0): Silken mouse enabled
[    33.202] (II) modeset(0): RandR 1.2 enabled, ignore the following RandR disabled message.
[    33.279] (==) modeset(0): DPMS enabled
[    33.279] (II) modeset(0): [DRI2] Setup complete
[    33.279] (II) modeset(0): [DRI2]   DRI driver: i965
[    33.279] (II) modeset(0): [DRI2]   VDPAU driver: i965
[    33.279] (--) RandR disabled
[    33.288] (II) SELinux: Disabled on system
[    33.299] (II) AIGLX: enabled GLX_MESA_copy_sub_buffer
[    33.299] (II) AIGLX: enabled GLX_ARB_create_context
[    33.299] (II) AIGLX: enabled GLX_ARB_create_context_profile
[    33.299] (II) AIGLX: enabled GLX_EXT_create_context_es{,2}_profile
[    33.299] (II) AIGLX: enabled GLX_INTEL_swap_event
[    33.299] (II) AIGLX: enabled GLX_SGI_swap_control
[    33.299] (II) AIGLX: enabled GLX_EXT_framebuffer_sRGB
[    33.299] (II) AIGLX: enabled GLX_ARB_fbconfig_float
[    33.299] (II) AIGLX: enabled GLX_EXT_fbconfig_packed_float
[    33.299] (II) AIGLX: GLX_EXT_texture_from_pixmap backed by buffer objects
[    33.299] (II) AIGLX: enabled GLX_ARB_create_context_robustness
[    33.300] (II) AIGLX: Loaded and initialized i965
[    33.300] (II) GLX: Initialized DRI2 GL provider for screen 0
[    33.305] (II) modeset(0): Damage tracking initialized
[    33.305] (II) modeset(0): Setting screen physical size to 723 x 482
[    33.401] (II) config/udev: Adding input device Power Button (/dev/input/event2)
[    33.402] (**) Power Button: Applying InputClass "libinput keyboard catchall"
[    33.402] (II) LoadModule: "libinput"
[    33.402] (II) Loading /usr/lib/xorg/modules/input/libinput_drv.so
[    33.408] (II) Module libinput: vendor="X.Org Foundation"
[    33.408] 	compiled for 1.19.6, module version = 0.27.1
[    33.408] 	Module class: X.Org XInput Driver
[    33.408] 	ABI class: X.Org XInput driver, version 24.1
[    33.408] (II) Using input driver 'libinput' for 'Power Button'
[    33.410] (II) systemd-logind: got fd for /dev/input/event2 13:66 fd 21 paused 0
[    33.410] (**) Power Button: always reports core events
[    33.410] (**) Option "Device" "/dev/input/event2"
[    33.410] (**) Option "_source" "server/udev"
[    33.411] (II) event2  - Power Button: is tagged by udev as: Keyboard
[    33.411] (II) event2  - Power Button: device is a keyboard
[    33.412] (II) event2  - Power Button: device removed
[    33.412] (**) Option "config_info" "udev:/sys/devices/LNXSYSTM:00/LNXPWRBN:00/input/input2/event2"
[    33.412] (II) XINPUT: Adding extended input device "Power Button" (type: KEYBOARD, id 6)
[    33.412] (**) Option "xkb_model" "pc105"
[    33.412] (**) Option "xkb_layout" "us"
[    33.413] (II) event2  - Power Button: is tagged by udev as: Keyboard
[    33.413] (II) event2  - Power Button: device is a keyboard
[    33.415] (II) config/udev: Adding input device Video Bus (/dev/input/event5)
[    33.415] (**) Video Bus: Applying InputClass "libinput keyboard catchall"
[    33.415] (II) Using input driver 'libinput' for 'Video Bus'
[    33.416] (II) systemd-logind: got fd for /dev/input/event5 13:69 fd 24 paused 0
[    33.416] (**) Video Bus: always reports core events
[    33.416] (**) Option "Device" "/dev/input/event5"
[    33.416] (**) Option "_source" "server/udev"
[    33.417] (II) event5  - Video Bus: is tagged by udev as: Keyboard
[    33.417] (II) event5  - Video Bus: device is a keyboard
[    33.417] (II) event5  - Video Bus: device removed
[    33.418] (**) Option "config_info" "udev:/sys/devices/LNXSYSTM:00/LNXSYBUS:00/PNP0A08:00/LNXVIDEO:00/input/input13/event5"
[    33.418] (II) XINPUT: Adding extended input device "Video Bus" (type: KEYBOARD, id 7)
[    33.418] (**) Option "xkb_model" "pc105"
[    33.418] (**) Option "xkb_layout" "us"
[    33.419] (II) event5  - Video Bus: is tagged by udev as: Keyboard
[    33.419] (II) event5  - Video Bus: device is a keyboard
[    33.420] (II) config/udev: Adding input device Lid Switch (/dev/input/event1)
[    33.420] (II) No input driver specified, ignoring this device.
[    33.420] (II) This device may have been added with another device file.
[    33.421] (II) config/udev: Adding input device Sleep Button (/dev/input/event0)
[    33.421] (**) Sleep Button: Applying InputClass "libinput keyboard catchall"
[    33.421] (II) Using input driver 'libinput' for 'Sleep Button'
[    33.423] (II) systemd-logind: got fd for /dev/input/event0 13:64 fd 25 paused 0
[    33.423] (**) Sleep Button: always reports core events
[    33.423] (**) Option "Device" "/dev/input/event0"
[    33.423] (**) Option "_source" "server/udev"
[    33.424] (II) event0  - Sleep Button: is tagged by udev as: Keyboard
[    33.424] (II) event0  - Sleep Button: device is a keyboard
[    33.424] (II) event0  - Sleep Button: device removed
[    33.424] (**) Option "config_info" "udev:/sys/devices/LNXSYSTM:00/LNXSYBUS:00/PNP0C0E:00/input/input0/event0"
[    33.424] (II) XINPUT: Adding extended input device "Sleep Button" (type: KEYBOARD, id 8)
[    33.424] (**) Option "xkb_model" "pc105"
[    33.424] (**) Option "xkb_layout" "us"
[    33.425] (II) event0  - Sleep Button: is tagged by udev as: Keyboard
[    33.425] (II) event0  - Sleep Button: device is a keyboard
[    33.428] (II) config/udev: Adding input device Alps Alps Touchpad (/dev/input/event4)
[    33.428] (**) Alps Alps Touchpad: Applying InputClass "libinput pointer catchall"
[    33.429] (II) Using input driver 'libinput' for 'Alps Alps Touchpad'
[    33.489] (II) systemd-logind: got fd for /dev/input/event4 13:68 fd 26 paused 0
[    33.489] (**) Alps Alps Touchpad: always reports core events
[    33.489] (**) Option "Device" "/dev/input/event4"
[    33.489] (**) Option "_source" "server/udev"
[    33.491] (II) event4  - Alps Alps Touchpad: is tagged by udev as: Mouse
[    33.491] (II) event4  - Alps Alps Touchpad: device is a pointer
[    33.491] (II) event4  - Alps Alps Touchpad: device removed
[    33.491] (**) Option "config_info" "udev:/sys/devices/pci0000:00/0000:00:14.0/usb1/1-3/1-3.1/1-3.1:1.0/0003:044E:1216.0002/input/input12/event4"
[    33.491] (II) XINPUT: Adding extended input device "Alps Alps Touchpad" (type: MOUSE, id 9)
[    33.492] (**) Option "AccelerationScheme" "none"
[    33.492] (**) Alps Alps Touchpad: (accel) selected scheme none/0
[    33.492] (**) Alps Alps Touchpad: (accel) acceleration factor: 2.000
[    33.492] (**) Alps Alps Touchpad: (accel) acceleration threshold: 4
[    33.494] (II) event4  - Alps Alps Touchpad: is tagged by udev as: Mouse
[    33.494] (II) event4  - Alps Alps Touchpad: device is a pointer
[    33.495] (II) config/udev: Adding input device Alps Alps Touchpad (/dev/input/mouse0)
[    33.495] (II) No input driver specified, ignoring this device.
[    33.495] (II) This device may have been added with another device file.
[    33.497] (II) config/udev: Adding input device Wacom HID 485E Pen (/dev/input/event17)
[    33.497] (**) Wacom HID 485E Pen: Applying InputClass "libinput tablet catchall"
[    33.497] (**) Wacom HID 485E Pen: Applying InputClass "Wacom USB tablet class"
[    33.497] (**) Wacom HID 485E Pen: Applying InputClass "Wacom tablet class"
[    33.497] (II) LoadModule: "wacom"
[    33.498] (II) Loading /usr/lib/xorg/modules/input/wacom_drv.so
[    33.502] (II) Module wacom: vendor="X.Org Foundation"
[    33.502] 	compiled for 1.19.6, module version = 0.36.1
[    33.502] 	Module class: X.Org XInput Driver
[    33.502] 	ABI class: X.Org XInput driver, version 24.1
[    33.502] (II) Build version: 0.36.1
[    33.502] (II) wacom: Driver for Wacom graphics tablets: PenPartner, Graphire,
	Graphire2 4x5, Graphire2 5x7, Graphire3 4x5, Graphire3 6x8,
	Graphire4 4x5, Graphire4 6x8, BambooFun 4x5, BambooFun 6x8,
	Bamboo1 Medium, Graphire4 6x8 BlueTooth, CTL-460, CTH-461, CTL-660,
	CTL-461/S, Bamboo Touch, CTH-460/K, CTH-461/S, CTH-661/S1, CTH-461/L,
	CTH-661/L, Intuos 4x5, Intuos 6x8, Intuos 9x12, Intuos 12x12,
	Intuos 12x18, PTU600, PL400, PL500, PL600, PL600SX, PL550, PL800,
	PL700, PL510, PL710, DTI520, DTF720, DTF720a, DTF521, DTU1931,
	DTU2231, DTU1631, DTH1152, DTH1152, DTK2451, DTH2452, DTH2452,
	Intuos2 4x5, Intuos2 6x8, Intuos2 9x12, Intuos2 12x12, Intuos2 12x18,
	Intuos2 6x8 , Volito, PenStation, Volito2 4x5, Volito2 2x3,
	PenPartner2, Bamboo, Bamboo1, Bamboo1 4x6, Bamboo1 5x8, Intuos3 4x5,
	Intuos3 6x8, Intuos3 9x12, Intuos3 12x12, Intuos3 12x19,
	Intuos3 6x11, Intuos3 4x6, Intuos4 4x6, Intuos4 6x9, Intuos4 8x13,
	Intuos4 12x19, Intuos4 WL USB Endpoint,
	Intuos4 WL Bluetooth Endpoint, Intuos5 touch S, Intuos5 touch M,
	Intuos5 touch L, Intuos5 S, Intuos5 M, Intuos Pro S, Intuos Pro M,
	Intuos Pro L, Cintiq 21UX, Cintiq 20WSX, Cintiq 12WX, Cintiq 21UX2,
	Cintiq 24HD, Cintiq 22HD, Cintiq 24HD touch (EMR digitizer),
	Cintiq 13HD, DTK2241, DTH2242, Cintiq 22HDT, Cintiq 27QHDT,
	Cintiq 27QHDT, Mobilestudio Pro 13, MobileStudio Pro 16,
	MobileStudio Pro 13, MobileStudio Pro 16, Cintiq 13 FHD Pro,
	Cintiq 16 UHD Pro, Cintiq Pro 24, Cintiq Pro 32, Cintiq 13 FHD Pro,
	Cintiq 16 UHD Pro, Cintiq Pro 24, Cintiq Pro 32, Cintiq Pro 24,
	TabletPC 0x90, TabletPC 0x93, TabletPC 0x97, TabletPC 0x9A,
	CapPlus  0x9F, TabletPC 0xE2, TabletPC 0xE3, TabletPC 0xE5,
	TabletPC 0xE6, TabletPC 0xEC, TabletPC 0xED, TabletPC 0xEF,
	TabletPC 0x100, TabletPC 0x101, TabletPC 0x10D, TabletPC 0x116,
	TabletPC 0x12C, TabletPC 0x4001, TabletPC 0x4004, TabletPC 0x5000,
	TabletPC 0x5002, usb:172f:0024, usb:172f:0025, usb:172f:0026,
	usb:172f:0027, usb:172f:0028, usb:172f:0030, usb:172f:0031,
	usb:172f:0032, usb:172f:0033, usb:172f:0034, usb:172f:0035,
	usb:172f:0036, usb:172f:0037, usb:172f:0038, usb:172f:0039,
	usb:172f:0051, usb:172f:0052, usb:172f:0053, usb:172f:0054,
	usb:172f:0055, usb:172f:0056, usb:172f:0057, usb:172f:0058,
	usb:172f:0500, usb:172f:0501, usb:172f:0502, usb:172f:0503,
	usb:1b96:0001, usb:17ef:6004
[    33.506] (II) Using input driver 'wacom' for 'Wacom HID 485E Pen'
[    33.645] (II) systemd-logind: got fd for /dev/input/event17 13:81 fd 27 paused 0
[    33.645] (**) Wacom HID 485E Pen: always reports core events
[    33.645] (**) Option "Device" "/dev/input/event17"
[    33.646] (II) Wacom HID 485E Pen: type not specified, assuming 'stylus'.
[    33.646] (II) Wacom HID 485E Pen: other types will be automatically added.
[    33.646] (--) Wacom HID 485E Pen stylus: using pressure threshold of 851 for button 1
[    33.646] (**) Wacom HID 485E Pen stylus: panscroll is 0
[    33.646] (**) Wacom HID 485E Pen stylus: panscroll modified to 1300
[    33.646] (--) Wacom HID 485E Pen stylus: maxX=25978 maxY=17319 maxZ=2047 resX=100000 resY=100000  tilt=enabled
[    33.646] (II) Wacom HID 485E Pen stylus: hotplugging dependent devices.
[    33.646] (EE) Wacom HID 485E Pen stylus: Invalid type 'cursor' for this device.
[    33.646] (EE) Wacom HID 485E Pen stylus: Invalid type 'touch' for this device.
[    33.646] (EE) Wacom HID 485E Pen stylus: Invalid type 'pad' for this device.
[    33.646] (II) Wacom HID 485E Pen stylus: hotplugging completed.
[    33.646] (**) Option "config_info" "udev:/sys/devices/pci0000:00/0000:00:15.0/i2c_designware.0/i2c-6/i2c-WCOM483E:00/0018:056A:485E.0005/input/input25/event17"
[    33.646] (II) XINPUT: Adding extended input device "Wacom HID 485E Pen stylus" (type: STYLUS, id 10)
[    33.647] (**) Wacom HID 485E Pen stylus: (accel) keeping acceleration scheme 1
[    33.647] (**) Wacom HID 485E Pen stylus: (accel) acceleration profile 0
[    33.648] (**) Wacom HID 485E Pen stylus: (accel) acceleration factor: 2.000
[    33.648] (**) Wacom HID 485E Pen stylus: (accel) acceleration threshold: 4
[    33.650] (II) config/udev: Adding input device Wacom HID 485E Pen (/dev/input/mouse1)
[    33.650] (II) No input driver specified, ignoring this device.
[    33.650] (II) This device may have been added with another device file.
[    33.652] (II) config/udev: Adding input device Wacom HID 485E Finger (/dev/input/event18)
[    33.652] (**) Wacom HID 485E Finger: Applying InputClass "libinput touchscreen catchall"
[    33.652] (**) Wacom HID 485E Finger: Applying InputClass "Wacom USB touchscreen class"
[    33.652] (**) Wacom HID 485E Finger: Applying InputClass "Wacom touchscreen class"
[    33.653] (II) Using input driver 'wacom' for 'Wacom HID 485E Finger'
[    33.655] (II) systemd-logind: got fd for /dev/input/event18 13:82 fd 28 paused 0
[    33.656] (**) Wacom HID 485E Finger: always reports core events
[    33.656] (**) Option "Device" "/dev/input/event18"
[    33.656] (EE) Wacom HID 485E Finger: Invalid type 'stylus' for this device.
[    33.656] (EE) Wacom HID 485E Finger: Invalid type 'eraser' for this device.
[    33.656] (EE) Wacom HID 485E Finger: Invalid type 'cursor' for this device.
[    33.656] (II) Wacom HID 485E Finger: type not specified, assuming 'touch'.
[    33.656] (II) Wacom HID 485E Finger: other types will be automatically added.
[    33.656] (**) Wacom HID 485E Finger touch: panscroll is 0
[    33.656] (**) Wacom HID 485E Finger touch: panscroll modified to 13
[    33.656] (--) Wacom HID 485E Finger touch: maxX=10392 maxY=6928 maxZ=0 resX=40000 resY=40000 
[    33.656] (II) Wacom HID 485E Finger touch: hotplugging dependent devices.
[    33.656] (EE) Wacom HID 485E Finger touch: Invalid type 'stylus' for this device.
[    33.656] (EE) Wacom HID 485E Finger touch: Invalid type 'eraser' for this device.
[    33.656] (EE) Wacom HID 485E Finger touch: Invalid type 'cursor' for this device.
[    33.656] (EE) Wacom HID 485E Finger touch: Invalid type 'pad' for this device.
[    33.656] (II) Wacom HID 485E Finger touch: hotplugging completed.
[    33.657] (**) Option "config_info" "udev:/sys/devices/pci0000:00/0000:00:15.0/i2c_designware.0/i2c-6/i2c-WCOM483E:00/0018:056A:485E.0005/input/input26/event18"
[    33.657] (II) XINPUT: Adding extended input device "Wacom HID 485E Finger touch" (type: TOUCH, id 11)
[    33.657] (**) Wacom HID 485E Finger touch: (accel) keeping acceleration scheme 1
[    33.657] (**) Wacom HID 485E Finger touch: (accel) acceleration profile 0
[    33.657] (**) Wacom HID 485E Finger touch: (accel) acceleration factor: 2.000
[    33.658] (**) Wacom HID 485E Finger touch: (accel) acceleration threshold: 4
[    33.659] (II) config/udev: Adding input device Wacom HID 485E Finger (/dev/input/mouse2)
[    33.659] (II) No input driver specified, ignoring this device.
[    33.659] (II) This device may have been added with another device file.
[    33.662] (II) config/udev: Adding input device Intel Virtual Button driver (/dev/input/event8)
[    33.662] (**) Intel Virtual Button driver: Applying InputClass "libinput keyboard catchall"
[    33.662] (II) Using input driver 'libinput' for 'Intel Virtual Button driver'
[    33.665] (II) systemd-logind: got fd for /dev/input/event8 13:72 fd 29 paused 0
[    33.665] (**) Intel Virtual Button driver: always reports core events
[    33.665] (**) Option "Device" "/dev/input/event8"
[    33.665] (**) Option "_source" "server/udev"
[    33.667] (II) event8  - Intel Virtual Button driver: is tagged by udev as: Keyboard
[    33.667] (II) event8  - Intel Virtual Button driver: device is a keyboard
[    33.667] (II) event8  - Intel Virtual Button driver: device removed
[    33.667] (**) Option "config_info" "udev:/sys/devices/pci0000:00/0000:00:1f.0/PNP0C09:00/INT33D6:00/input/input16/event8"
[    33.667] (II) XINPUT: Adding extended input device "Intel Virtual Button driver" (type: KEYBOARD, id 12)
[    33.667] (**) Option "xkb_model" "pc105"
[    33.667] (**) Option "xkb_layout" "us"
[    33.669] (II) event8  - Intel Virtual Button driver: is tagged by udev as: Keyboard
[    33.669] (II) event8  - Intel Virtual Button driver: device is a keyboard
[    33.670] (II) config/udev: Adding input device HDA Intel PCH Mic (/dev/input/event10)
[    33.670] (II) No input driver specified, ignoring this device.
[    33.670] (II) This device may have been added with another device file.
[    33.672] (II) config/udev: Adding input device HDA Intel PCH Headphone (/dev/input/event11)
[    33.672] (II) No input driver specified, ignoring this device.
[    33.672] (II) This device may have been added with another device file.
[    33.674] (II) config/udev: Adding input device HDA Intel PCH HDMI/DP,pcm=3 (/dev/input/event12)
[    33.674] (II) No input driver specified, ignoring this device.
[    33.674] (II) This device may have been added with another device file.
[    33.675] (II) config/udev: Adding input device HDA Intel PCH HDMI/DP,pcm=7 (/dev/input/event13)
[    33.675] (II) No input driver specified, ignoring this device.
[    33.675] (II) This device may have been added with another device file.
[    33.677] (II) config/udev: Adding input device HDA Intel PCH HDMI/DP,pcm=8 (/dev/input/event14)
[    33.677] (II) No input driver specified, ignoring this device.
[    33.677] (II) This device may have been added with another device file.
[    33.678] (II) config/udev: Adding input device HDA Intel PCH HDMI/DP,pcm=9 (/dev/input/event15)
[    33.678] (II) No input driver specified, ignoring this device.
[    33.678] (II) This device may have been added with another device file.
[    33.679] (II) config/udev: Adding input device HDA Intel PCH HDMI/DP,pcm=10 (/dev/input/event16)
[    33.679] (II) No input driver specified, ignoring this device.
[    33.679] (II) This device may have been added with another device file.
[    33.680] (II) config/udev: Adding input device Intel HID events (/dev/input/event6)
[    33.681] (**) Intel HID events: Applying InputClass "libinput keyboard catchall"
[    33.681] (II) Using input driver 'libinput' for 'Intel HID events'
[    33.683] (II) systemd-logind: got fd for /dev/input/event6 13:70 fd 30 paused 0
[    33.683] (**) Intel HID events: always reports core events
[    33.683] (**) Option "Device" "/dev/input/event6"
[    33.683] (**) Option "_source" "server/udev"
[    33.684] (II) event6  - Intel HID events: is tagged by udev as: Keyboard
[    33.684] (II) event6  - Intel HID events: device is a keyboard
[    33.684] (II) event6  - Intel HID events: device removed
[    33.684] (**) Option "config_info" "udev:/sys/devices/platform/INT33D5:00/input/input14/event6"
[    33.685] (II) XINPUT: Adding extended input device "Intel HID events" (type: KEYBOARD, id 13)
[    33.685] (**) Option "xkb_model" "pc105"
[    33.685] (**) Option "xkb_layout" "us"
[    33.686] (II) event6  - Intel HID events: is tagged by udev as: Keyboard
[    33.686] (II) event6  - Intel HID events: device is a keyboard
[    33.688] (II) config/udev: Adding input device AT Translated Set 2 keyboard (/dev/input/event3)
[    33.688] (**) AT Translated Set 2 keyboard: Applying InputClass "libinput keyboard catchall"
[    33.688] (II) Using input driver 'libinput' for 'AT Translated Set 2 keyboard'
[    33.690] (II) systemd-logind: got fd for /dev/input/event3 13:67 fd 31 paused 0
[    33.690] (**) AT Translated Set 2 keyboard: always reports core events
[    33.690] (**) Option "Device" "/dev/input/event3"
[    33.690] (**) Option "_source" "server/udev"
[    33.692] (II) event3  - AT Translated Set 2 keyboard: is tagged by udev as: Keyboard
[    33.692] (II) event3  - AT Translated Set 2 keyboard: device is a keyboard
[    33.692] (II) event3  - AT Translated Set 2 keyboard: device removed
[    33.692] (**) Option "config_info" "udev:/sys/devices/platform/i8042/serio0/input/input3/event3"
[    33.692] (II) XINPUT: Adding extended input device "AT Translated Set 2 keyboard" (type: KEYBOARD, id 14)
[    33.692] (**) Option "xkb_model" "pc105"
[    33.692] (**) Option "xkb_layout" "us"
[    33.694] (II) event3  - AT Translated Set 2 keyboard: is tagged by udev as: Keyboard
[    33.694] (II) event3  - AT Translated Set 2 keyboard: device is a keyboard
[    33.700] (II) config/udev: Adding input device HP Wireless hotkeys (/dev/input/event7)
[    33.700] (**) HP Wireless hotkeys: Applying InputClass "libinput keyboard catchall"
[    33.700] (II) Using input driver 'libinput' for 'HP Wireless hotkeys'
[    33.702] (II) systemd-logind: got fd for /dev/input/event7 13:71 fd 32 paused 0
[    33.702] (**) HP Wireless hotkeys: always reports core events
[    33.702] (**) Option "Device" "/dev/input/event7"
[    33.702] (**) Option "_source" "server/udev"
[    33.703] (II) event7  - HP Wireless hotkeys: is tagged by udev as: Keyboard
[    33.703] (II) event7  - HP Wireless hotkeys: device is a keyboard
[    33.703] (II) event7  - HP Wireless hotkeys: device removed
[    33.703] (**) Option "config_info" "udev:/sys/devices/virtual/input/input15/event7"
[    33.703] (II) XINPUT: Adding extended input device "HP Wireless hotkeys" (type: KEYBOARD, id 15)
[    33.703] (**) Option "xkb_model" "pc105"
[    33.703] (**) Option "xkb_layout" "us"
[    33.705] (II) event7  - HP Wireless hotkeys: is tagged by udev as: Keyboard
[    33.705] (II) event7  - HP Wireless hotkeys: device is a keyboard
[    33.706] (II) config/udev: Adding input device HP WMI hotkeys (/dev/input/event9)
[    33.706] (**) HP WMI hotkeys: Applying InputClass "libinput keyboard catchall"
[    33.706] (II) Using input driver 'libinput' for 'HP WMI hotkeys'
[    33.708] (II) systemd-logind: got fd for /dev/input/event9 13:73 fd 33 paused 0
[    33.708] (**) HP WMI hotkeys: always reports core events
[    33.708] (**) Option "Device" "/dev/input/event9"
[    33.708] (**) Option "_source" "server/udev"
[    33.709] (II) event9  - HP WMI hotkeys: is tagged by udev as: Keyboard Switch
[    33.709] (II) event9  - HP WMI hotkeys: device is a keyboard
[    33.709] (II) event9  - HP WMI hotkeys: device removed
[    33.709] (**) Option "config_info" "udev:/sys/devices/virtual/input/input17/event9"
[    33.709] (II) XINPUT: Adding extended input device "HP WMI hotkeys" (type: KEYBOARD, id 16)
[    33.709] (**) Option "xkb_model" "pc105"
[    33.709] (**) Option "xkb_layout" "us"
[    33.711] (II) event9  - HP WMI hotkeys: is tagged by udev as: Keyboard Switch
[    33.711] (II) event9  - HP WMI hotkeys: device is a keyboard
[    33.730] (**) Wacom HID 485E Pen eraser: Applying InputClass "libinput tablet catchall"
[    33.730] (**) Wacom HID 485E Pen eraser: Applying InputClass "Wacom USB tablet class"
[    33.730] (**) Wacom HID 485E Pen eraser: Applying InputClass "Wacom tablet class"
[    33.730] (II) Using input driver 'wacom' for 'Wacom HID 485E Pen eraser'
[    33.731] (II) systemd-logind: returning pre-existing fd for /dev/input/event17 13:81
[    33.731] (**) Wacom HID 485E Pen eraser: always reports core events
[    33.731] (**) Option "Device" "/dev/input/event17"
[    33.731] (**) Option "Type" "eraser"
[    33.731] (**) Wacom HID 485E Pen eraser: panscroll is 1300
[    33.731] (**) Wacom HID 485E Pen eraser: panscroll modified to 1300
[    33.731] (--) Wacom HID 485E Pen eraser: maxX=25978 maxY=17319 maxZ=2047 resX=100000 resY=100000  tilt=enabled
[    33.731] (**) Option "config_info" "udev:/sys/devices/pci0000:00/0000:00:15.0/i2c_designware.0/i2c-6/i2c-WCOM483E:00/0018:056A:485E.0005/input/input25/event17"
[    33.731] (II) XINPUT: Adding extended input device "Wacom HID 485E Pen eraser" (type: ERASER, id 17)
[    33.732] (**) Wacom HID 485E Pen eraser: (accel) keeping acceleration scheme 1
[    33.732] (**) Wacom HID 485E Pen eraser: (accel) acceleration profile 0
[    33.732] (**) Wacom HID 485E Pen eraser: (accel) acceleration factor: 2.000
[    33.732] (**) Wacom HID 485E Pen eraser: (accel) acceleration threshold: 4
[    34.343] (II) modeset(0): EDID vendor "LGD", prod id 1391
[    34.343] (II) modeset(0): Printing DDC gathered Modelines:
[    34.343] (II) modeset(0): Modeline "2736x1824"x0.0  325.75  2736 2784 2816 2896  1824 1827 1837 1876 +hsync -vsync (112.5 kHz eP)
[    34.343] (II) modeset(0): Modeline "2736x1824"x0.0  217.30  2736 2784 2816 2896  1824 1827 1837 1876 +hsync -vsync (75.0 kHz e)
[   668.985] (WW) On Wacom HID 485E Pen stylus(0) a base pressure of 0 persists while the pen is in proximity.
	This is > 20 percent of the maximum value (2047).
	This indicates a worn out pen, it is time to change your tool. Also see:
	http://sourceforge.net/apps/mediawiki/linuxwacom/index.php?title=Pen_Wear.
[   679.786] (II) modeset(0): EDID vendor "LGD", prod id 1391
[   679.786] (II) modeset(0): Printing DDC gathered Modelines:
[   679.786] (II) modeset(0): Modeline "2736x1824"x0.0  325.75  2736 2784 2816 2896  1824 1827 1837 1876 +hsync -vsync (112.5 kHz eP)
[   679.786] (II) modeset(0): Modeline "2736x1824"x0.0  217.30  2736 2784 2816 2896  1824 1827 1837 1876 +hsync -vsync (75.0 kHz e)
[  3028.744] (II) modeset(0): EDID vendor "LGD", prod id 1391
[  3028.744] (II) modeset(0): Printing DDC gathered Modelines:
[  3028.744] (II) modeset(0): Modeline "2736x1824"x0.0  325.75  2736 2784 2816 2896  1824 1827 1837 1876 +hsync -vsync (112.5 kHz eP)
[  3028.744] (II) modeset(0): Modeline "2736x1824"x0.0  217.30  2736 2784 2816 2896  1824 1827 1837 1876 +hsync -vsync (75.0 kHz e)
[  3388.082] (II) modeset(0): EDID vendor "LGD", prod id 1391
[  3388.082] (II) modeset(0): Printing DDC gathered Modelines:
[  3388.082] (II) modeset(0): Modeline "2736x1824"x0.0  325.75  2736 2784 2816 2896  1824 1827 1837 1876 +hsync -vsync (112.5 kHz eP)
[  3388.082] (II) modeset(0): Modeline "2736x1824"x0.0  217.30  2736 2784 2816 2896  1824 1827 1837 1876 +hsync -vsync (75.0 kHz e)
[  3630.600] (II) config/udev: Adding input device HP Active Pen (/dev/input/event19)
[  3630.600] (**) HP Active Pen: Applying InputClass "libinput keyboard catchall"
[  3630.600] (II) Using input driver 'libinput' for 'HP Active Pen'
[  3630.603] (II) systemd-logind: got fd for /dev/input/event19 13:83 fd 71 paused 0
[  3630.604] (**) HP Active Pen: always reports core events
[  3630.604] (**) Option "Device" "/dev/input/event19"
[  3630.604] (**) Option "_source" "server/udev"
[  3630.605] (II) event19 - HP Active Pen: is tagged by udev as: Keyboard
[  3630.606] (II) event19 - HP Active Pen: device is a keyboard
[  3630.606] (II) event19 - HP Active Pen: device removed
[  3630.606] (**) Option "config_info" "udev:/sys/devices/virtual/misc/uhid/0005:04F2:B4A3.0006/input/input44/event19"
[  3630.606] (II) XINPUT: Adding extended input device "HP Active Pen" (type: KEYBOARD, id 18)
[  3630.606] (**) Option "xkb_layout" "us,ru"
[  3630.606] (**) Option "xkb_variant" ","
[  3630.700] (II) event19 - HP Active Pen: is tagged by udev as: Keyboard
[  3630.700] (II) event19 - HP Active Pen: device is a keyboard
[  3630.704] (EE) client bug: timer event4 debounce: offset negative (-27ms)
[  3630.704] (EE) client bug: timer event4 debounce short: offset negative (-40ms)
[  6051.653] (EE) client bug: timer event4 debounce: offset negative (-959ms)
[  6051.706] (EE) client bug: timer event4 debounce short: offset negative (-1024ms)
