[    1.178048] integrity: Loading X.509 certificate: UEFI:db
[    1.178076] integrity: Loaded X.509 cert 'Lenovo Ltd.: ThinkPad Product CA 2012: 838b1f54c1550463f45f98700640f11069265949'
[    1.178077] integrity: Loading X.509 certificate: UEFI:db
[    1.178105] integrity: Loaded X.509 cert 'Lenovo UEFI CA 2014: 4b91a68732eaefdd2c8ffffc6b027ec3449e9c8f'
[    1.178107] integrity: Loading X.509 certificate: UEFI:db
[    1.178126] integrity: Loaded X.509 cert 'Lenovo(BeiJing) Ltd.: PSD_CDC-DB: 0256cbfa1a8a33b2b39ecc439f8de0c111991b12'
[    1.178127] integrity: Loading X.509 certificate: UEFI:db
[    1.178151] integrity: Loaded X.509 cert 'Microsoft Corporation UEFI CA 2011: 13adbf4309bd82709c8cd54f316ed522988a1bd4'
[    1.178152] integrity: Loading X.509 certificate: UEFI:db
[    1.178185] integrity: Loaded X.509 cert 'Microsoft Windows Production PCA 2011: a92902398e16c49778cd90f99e4f9ae17c55af53'
[    1.180427] Loading compiled-in module X.509 certificates
--
[    1.523571]  nvme0n1: p1 p2 p3 p4
[    1.587142] checking generic (e0000000 408000) vs hw (f0000000 1000000)
[    1.587147] checking generic (e0000000 408000) vs hw (e0000000 10000000)
[    1.587149] fb0: switching to inteldrmfb from EFI VGA
[    1.587218] i915 0000:00:02.0: vgaarb: deactivate vga console
[    1.587602] input: ELAN901C:00 04F3:2A40 Touchscreen as /devices/pci0000:00/0000:00:15.0/i2c_designware.0/i2c-0/i2c-ELAN901C:00/0018:04F3:2A40.0001/input/input7
[    1.587672] input: ELAN901C:00 04F3:2A40 as /devices/pci0000:00/0000:00:15.0/i2c_designware.0/i2c-0/i2c-ELAN901C:00/0018:04F3:2A40.0001/input/input8
[    1.587706] input: ELAN901C:00 04F3:2A40 as /devices/pci0000:00/0000:00:15.0/i2c_designware.0/i2c-0/i2c-ELAN901C:00/0018:04F3:2A40.0001/input/input9
[    1.587753] input: ELAN901C:00 04F3:2A40 as /devices/pci0000:00/0000:00:15.0/i2c_designware.0/i2c-0/i2c-ELAN901C:00/0018:04F3:2A40.0001/input/input10
[    1.587875] hid-generic 0018:04F3:2A40.0001: input,hidraw0: I2C HID v1.00 Device [ELAN901C:00 04F3:2A40] on i2c-ELAN901C:00
[    1.589405] i915 0000:00:02.0: vgaarb: changed VGA decodes: olddecodes=io+mem,decodes=io+mem:owns=io+mem
[    1.590168] i915 0000:00:02.0: [drm] Finished loading DMC firmware i915/kbl_dmc_ver1_04.bin (v1.4)
[    1.597236] i915 0000:00:02.0: [drm] [ENCODER:102:DDI B/PHY B] is disabled/in DSI mode with an ungated DDI clock, gate it
[    1.597245] i915 0000:00:02.0: [drm] [ENCODER:111:DDI C/PHY C] is disabled/in DSI mode with an ungated DDI clock, gate it
[    1.612680] [drm] Initialized i915 1.6.0 20201103 for 0000:00:02.0 on minor 0
--
[    1.731928] fbcon: Deferring console take-over
[    1.731937] i915 0000:00:02.0: [drm] fb0: i915drmfb frame buffer device
[    1.822298] usb 1-5: new full-speed USB device number 2 using xhci_hcd
[    1.971998] usb 1-5: New USB device found, idVendor=8087, idProduct=0025, bcdDevice= 0.02
[    1.972011] usb 1-5: New USB device strings: Mfr=0, Product=0, SerialNumber=0
[    2.024003] psmouse serio1: elantech: assuming hardware version 4 (with firmware version 0x4f3001)
[    2.034814] psmouse serio1: elantech: Synaptics capabilities query result 0x10, 0x18, 0x0d.
[    2.044844] psmouse serio1: elantech: Elan sample query result 00, 1f, 86
[    2.055545] psmouse serio1: elantech: Elan ic body: 0x10, current fw version: 0x3
[    2.077190] psmouse serio1: elantech: Trying to set up SMBus access
[    2.094874] ish-hid {33AECD58-B679-4E54-9BD9-A04D34F0C226}: [hid-ish]: enum_devices_done OK, num_hid_devices=3
[    2.102126] usb 1-7: new high-speed USB device number 3 using xhci_hcd
[    2.105778] hid-generic 001F:8087:0AC2.0002: hidraw1: <UNKNOWN> HID v2.00 Device [hid-ishtp 8087:0AC2] on 
[    2.110568] hid-generic 001F:8087:0AC2.0003: hidraw2: <UNKNOWN> HID v2.00 Device [hid-ishtp 8087:0AC2] on 
[    2.117003] hid-generic 001F:8087:0AC3.0004: hidraw3: <UNKNOWN> HID v2.00 Device [hid-ishtp 8087:0AC3] on 
[    2.123366] mmc0: cannot verify signal voltage switch
[    2.213108] system76_acpi: loading out-of-tree module taints kernel.
[    2.213130] system76_acpi: module verification failed: signature and/or required key missing - tainting kernel
[    2.215357] system76: Model does not utilize this driver
[    2.253228] mmc0: new ultra high speed SDR104 SDXC card at address e624
--
[    5.042783] Bluetooth: SCO socket layer initialized
[    5.060389] proc_thermal 0000:00:04.0: enabling device (0000 -> 0002)
[    5.070716] proc_thermal 0000:00:04.0: Creating sysfs group for PROC_THERMAL_PCI
[    5.071399] intel_rapl_common: Found RAPL domain package
[    5.071402] intel_rapl_common: Found RAPL domain dram
[    5.114784] elan_i2c 2-0015: supply vcc not found, using dummy regulator
[    5.115381] videodev: Linux video capture interface: v2.00
[    5.123084] elan_i2c 2-0015: unexpected iap version 0x00 (ic type: 0x1f), firmware update will not work
[    5.123095] elan_i2c 2-0015: Elan Touchpad: Module ID: 0x001f, Firmware: 0x0001, Sample: 0x0000, IAP: 0x0000
[    5.126209] input: Elan Touchpad as /devices/pci0000:00/0000:00:1f.4/i2c-2/2-0015/input/input14
[    5.172427] cfg80211: Loading compiled-in X.509 certificates for regulatory database
[    5.178608] cfg80211: Loaded X.509 cert 'sforshee: 00b28ddf47aef9cea7'
[    5.238218] Non-volatile memory driver v1.3
[    5.249957] pstore: Using crash dump compression: deflate
[    5.249980] pstore: Registered efi as persistent store backend
--
[    5.281685] usb 1-7: Found UVC 1.10 device Integrated Camera (04f2:b6d9)
[    5.281690] ACPI Error: Aborting method \_SB.PCI0.LPCB.EC.ECRD due to previous error (AE_TYPE) (20210331/psparse-529)
[    5.281759] thinkpad_acpi: acpi_evalf((null), dd, ...) failed: AE_TYPE
[    5.281762] thinkpad_acpi: ThinkPad ACPI EC access misbehaving, disabling thermal sensors access
[    5.281882] thinkpad_acpi: Console audio control enabled, mode: monitor (read only)
[    5.282365] input: ELAN901C:00 04F3:2A40 as /devices/pci0000:00/0000:00:15.0/i2c_designware.0/i2c-0/i2c-ELAN901C:00/0018:04F3:2A40.0001/input/input16
[    5.282490] input: ELAN901C:00 04F3:2A40 UNKNOWN as /devices/pci0000:00/0000:00:15.0/i2c_designware.0/i2c-0/i2c-ELAN901C:00/0018:04F3:2A40.0001/input/input17
[    5.282559] input: ELAN901C:00 04F3:2A40 UNKNOWN as /devices/pci0000:00/0000:00:15.0/i2c_designware.0/i2c-0/i2c-ELAN901C:00/0018:04F3:2A40.0001/input/input18
[    5.282620] input: ELAN901C:00 04F3:2A40 Stylus as /devices/pci0000:00/0000:00:15.0/i2c_designware.0/i2c-0/i2c-ELAN901C:00/0018:04F3:2A40.0001/input/input19
[    5.282707] hid-multitouch 0018:04F3:2A40.0001: input,hidraw0: I2C HID v1.00 Device [ELAN901C:00 04F3:2A40] on i2c-ELAN901C:00
[    5.286219] ACPI Error: Unknown class in reference(000000008f8d6aed) - 0x00 (20210331/exoparg1-1029)

[    5.286238] 
               Initialized Local Variables for Method [ECRD]:
[    5.286240]   Local0: 00000000e7eed057 <Obj>           Integer 0000000000000000
--
[    6.808178] Bluetooth: hci0: Waiting for device to boot
[    6.822110] Bluetooth: hci0: Device booted in 13625 usecs
[    6.822289] Bluetooth: hci0: Found Intel DDC parameters: intel/ibt-18-16-1.ddc
[    6.824156] Bluetooth: hci0: Applying Intel DDC parameters completed
[    6.827121] Bluetooth: hci0: Firmware revision 0.1 build 166 week 30 2021
[    6.886140] Bluetooth: hci0: MSFT filter_enable is already on
[    6.993687] FAT-fs (nvme0n1p2): Volume was not properly unmounted. Some data may be corrupt. Please run fsck.
[    6.996503] FAT-fs (nvme0n1p1): Volume was not properly unmounted. Some data may be corrupt. Please run fsck.
[    7.027671] FAT-fs (mmcblk0p1): Volume was not properly unmounted. Some data may be corrupt. Please run fsck.
[    7.057952] audit: type=1400 audit(1637752435.560:2): apparmor="STATUS" operation="profile_load" profile="unconfined" name="libreoffice-oosplash" pid=706 comm="apparmor_parser"
[    7.066903] audit: type=1400 audit(1637752435.572:3): apparmor="STATUS" operation="profile_load" profile="unconfined" name="/usr/sbin/cups-browsed" pid=709 comm="apparmor_parser"
