[67513.020379] call i2c_designware.3+ returned 0 after 0 usecs
[67513.020389] calling  idma64.4+ @ 1216, parent: 0000:00:17.0, cb: platform_pm_resume
[67513.020393] call idma64.4+ returned 0 after 1 usecs
[67513.020400] calling  i2c_designware.4+ @ 1216, parent: 0000:00:17.0, cb: platform_pm_resume
[67513.020403] call i2c_designware.4+ returned 0 after 0 usecs
[67513.020424] calling  i2c-ELAN0000:00+ @ 1267, parent: i2c-10, cb: elan_resume
[67513.020429] call i2c-ELAN0000:00+ returned 0 after 1 usecs
[67513.020455] calling  idma64.5+ @ 1216, parent: 0000:00:17.1, cb: platform_pm_resume
[67513.020459] call idma64.5+ returned 0 after 1 usecs
[67513.020466] calling  i2c_designware.5+ @ 1216, parent: 0000:00:17.1, cb: platform_pm_resume
[67513.020470] call i2c_designware.5+ returned 0 after 0 usecs
[67513.020481] calling  idma64.6+ @ 1216, parent: 0000:00:18.0, cb: platform_pm_resume
[67513.020484] call idma64.6+ returned 0 after 0 usecs
[67513.020506] calling  i2c-ELAN0001:00+ @ 1230, parent: i2c-9, cb: elants_i2c_resume
[67513.020511] calling  dw-apb-uart.6+ @ 1216, parent: 0000:00:18.0, cb: platform_pm_resume
[67513.020514] call dw-apb-uart.6+ returned 0 after 0 usecs
[67513.020520] calling  idma64.7+ @ 1216, parent: 0000:00:18.1, cb: platform_pm_resume
[67513.020524] call idma64.7+ returned 0 after 0 usecs
[67513.020531] calling  dw-apb-uart.7+ @ 1216, parent: 0000:00:18.1, cb: platform_pm_resume
[67513.020534] call dw-apb-uart.7+ returned 0 after 0 usecs
[67513.020540] calling  dw-apb-uart.8+ @ 1216, parent: 0000:00:18.2, cb: platform_pm_resume
[67513.020543] call dw-apb-uart.8+ returned 0 after 0 usecs
[67513.020549] calling  idma64.9+ @ 1216, parent: 0000:00:19.0, cb: platform_pm_resume
[67513.020553] call idma64.9+ returned 0 after 0 usecs
--
[67513.021124] i2c_designware i2c_designware.2: i2c_dw_handle_tx_abort: slave address not acknowledged (7bit mode)
[67513.034065] call phy0+ returned 0 after 97155 usecs
[67513.036331] tpm tpm0: A TPM error (1407) occurred disabling deep-sleep
[67513.036336] call i2c-GOOG0005:00+ returned 0 after 14966 usecs
[67513.057066] call i2c-WCOM50C1:00+ returned 0 after 35359 usecs
[67513.057183] calling  input5+ @ 1216, parent: 0018:2D1F:0012.0001, cb: input_dev_resume
[67513.057188] call input5+ returned 0 after 1 usecs
[67513.057205] calling  ramoops.0+ @ 1216, parent: platform, cb: platform_pm_resume
[67513.057209] call ramoops.0+ returned 0 after 0 usecs
[67513.057215] calling  input6+ @ 1216, parent: GOOG0006:00, cb: input_dev_resume
[67513.057219] call input6+ returned 0 after 0 usecs
--
[67513.058274] call snd-soc-dummy+ returned 0 after 0 usecs
[67513.058284] calling  microcode+ @ 1216, parent: platform, cb: platform_pm_resume
[67513.058287] call microcode+ returned 0 after 0 usecs
[67513.058297] calling  tpm-rng+ @ 1216, parent: platform, cb: platform_pm_resume
[67513.058301] call tpm-rng+ returned 0 after 1 usecs
[67513.058309] calling  input7+ @ 1216, parent: i2c-ELAN0000:00, cb: input_dev_resume
[67513.058312] call input7+ returned 0 after 0 usecs
[67513.078157] call 1-6+ returned 0 after 90411 usecs
[67513.157027] call i2c-ELAN0001:00+ returned 0 after 133314 usecs
[67513.157186] calling  input8+ @ 1216, parent: i2c-ELAN0001:00, cb: input_dev_resume
[67513.157193] call input8+ returned 0 after 1 usecs
[67513.157210] calling  GOOG0003:00+ @ 1216, parent: PNP0C09:00, cb: cros_ec_pd_resume
[67513.157217] call GOOG0003:00+ returned 0 after 4 usecs
[67513.157226] calling  wakeup_source.0+ @ 1216, parent: platform, cb: platform_pm_resume
[67513.157229] call wakeup_source.0+ returned 0 after 0 usecs
--
[67513.157606] calling  input13+ @ 1216, parent: card0, cb: input_dev_resume
[67513.157609] call input13+ returned 0 after 0 usecs
[67513.157615] calling  input14+ @ 1216, parent: card0, cb: input_dev_resume
[67513.157618] call input14+ returned 0 after 0 usecs
[67513.157641] PM: resume of devices complete after 227.509 msecs
[67513.160961] elants_i2c i2c-ELAN0001:00: unknown packet ff ff ff ff
[67513.163609] PM: Finishing wakeup.
[67513.163616] Restarting tasks ... done.
[67513.226786] PM: suspend exit 2018-05-30 19:43:40.359306215 UTC
[67513.586950] elan_i2c i2c-ELAN0000:00: invalid report id data (ff)
[67513.823415] [drm] RC6 on
[67516.944757] wlan0: authenticate with 00:0c:e6:00:17:04
[67516.948606] wlan0: send auth to 00:0c:e6:00:17:04 (try 1/3)
[67516.954008] wlan0: authenticated
[67516.954626] wlan0: associate with 00:0c:e6:00:17:04 (try 1/3)
--
[67558.398315] call input9+ returned 0 after 0 usecs
[67558.398337] calling  wakeup_source.0+ @ 2085, parent: platform, cb: platform_pm_suspend
[67558.398340] call wakeup_source.0+ returned 0 after 0 usecs
[67558.398351] calling  GOOG0003:00+ @ 2085, parent: PNP0C09:00, cb: cros_ec_pd_suspend
[67558.398357] call GOOG0003:00+ returned 0 after 2 usecs
[67558.398367] calling  input8+ @ 2085, parent: i2c-ELAN0001:00, cb: input_dev_suspend
[67558.398370] call input8+ returned 0 after 0 usecs
[67558.398478] calling  1-6+ @ 1260, parent: usb1, cb: usb_dev_suspend
[67558.398487] calling  1-5+ @ 1255, parent: usb1, cb: usb_dev_suspend
[67558.398503] call 1-5+ returned 0 after 12 usecs
[67558.398541] calling  1-3+ @ 1255, parent: usb1, cb: usb_dev_suspend
[67558.398551] calling  mmc0:aaaa+ @ 1230, parent: mmc0, cb: mmc_bus_suspend
[67558.398557] call 1-3+ returned 0 after 11 usecs
[67558.398568] call mmc0:aaaa+ returned 0 after 11 usecs
[67558.398591] call 1-6+ returned 0 after 2 usecs
[67558.398649] calling  input7+ @ 2085, parent: i2c-ELAN0000:00, cb: input_dev_suspend
[67558.398653] call input7+ returned 0 after 1 usecs
[67558.398662] calling  tpm-rng+ @ 2085, parent: platform, cb: platform_pm_suspend
[67558.398666] call tpm-rng+ returned 0 after 1 usecs
[67558.398681] calling  microcode+ @ 2085, parent: platform, cb: platform_pm_suspend
[67558.398683] call microcode+ returned 0 after 0 usecs
--
[67558.399180] call cros-ec-ctl.0.auto+ returned 0 after 6 usecs
[67558.399194] calling  input6+ @ 2085, parent: GOOG0006:00, cb: input_dev_suspend
[67558.399198] call input6+ returned 0 after 1 usecs
[67558.399207] calling  ramoops.0+ @ 2085, parent: platform, cb: platform_pm_suspend
[67558.399210] call ramoops.0+ returned 0 after 0 usecs
[67558.399225] calling  input5+ @ 2085, parent: 0018:2D1F:0012.0001, cb: input_dev_suspend
[67558.399230] call input5+ returned 0 after 1 usecs
[67558.399251] calling  vpd+ @ 2085, parent: platform, cb: platform_pm_suspend
[67558.399255] call vpd+ returned 0 after 0 usecs
[67558.399262] calling  memconsole+ @ 2085, parent: platform, cb: platform_pm_suspend
[67558.399265] call memconsole+ returned 0 after 0 usecs
--
[67558.401889] call i2c-WCOM50C1:00+ returned 0 after 960 usecs
[67558.402093] calling  i2c_designware.5+ @ 2085, parent: 0000:00:17.1, cb: platform_pm_suspend
[67558.402100] call i2c_designware.5+ returned 0 after 1 usecs
[67558.402112] calling  idma64.5+ @ 2085, parent: 0000:00:17.1, cb: platform_pm_suspend
[67558.402120] call idma64.5+ returned 0 after 4 usecs
[67558.402240] calling  i2c-ELAN0000:00+ @ 1250, parent: i2c-10, cb: acpi_subsys_suspend
[67558.402248] call i2c-ELAN0000:00+ returned 0 after 4 usecs
[67558.402354] calling  i2c_designware.4+ @ 2085, parent: 0000:00:17.0, cb: platform_pm_suspend
[67558.402359] call i2c_designware.4+ returned 0 after 0 usecs
[67558.402371] calling  idma64.4+ @ 2085, parent: 0000:00:17.0, cb: platform_pm_suspend
[67558.402378] call idma64.4+ returned 0 after 3 usecs
[67558.402581] calling  i2c-ELAN0001:00+ @ 1250, parent: i2c-9, cb: acpi_subsys_suspend
[67558.402603] call i2c-ELAN0001:00+ returned 0 after 17 usecs
[67558.402672] calling  i2c_designware.3+ @ 2085, parent: 0000:00:16.3, cb: platform_pm_suspend
[67558.402677] call i2c_designware.3+ returned 0 after 0 usecs
[67558.402727] calling  idma64.3+ @ 2085, parent: 0000:00:16.3, cb: platform_pm_suspend
[67558.402734] call idma64.3+ returned 0 after 3 usecs
[67558.402910] calling  i2c-GOOG0005:00+ @ 1250, parent: i2c-8, cb: acpi_subsys_suspend
--
[67558.704430] PM: suspend of devices complete after 310.228 msecs
[67558.705441] calling  i2c-WCOM50C1:00+ @ 1260, parent: i2c-11, cb: acpi_subsys_suspend_late
[67558.705448] call i2c-WCOM50C1:00+ returned 0 after 3 usecs
[67558.705470] calling  i2c_designware.5+ @ 2085, parent: 0000:00:17.1, cb: dw_i2c_plat_suspend
[67558.705485] call i2c_designware.5+ returned 0 after 11 usecs
[67558.705509] calling  i2c-ELAN0000:00+ @ 1260, parent: i2c-10, cb: acpi_subsys_suspend_late
[67558.705539] call i2c-ELAN0000:00+ returned 0 after 26 usecs
[67558.705558] calling  i2c_designware.4+ @ 2085, parent: 0000:00:17.0, cb: dw_i2c_plat_suspend
[67558.705566] call i2c_designware.4+ returned 0 after 5 usecs
[67558.705590] calling  i2c-ELAN0001:00+ @ 1260, parent: i2c-9, cb: acpi_subsys_suspend_late
[67558.706205] call i2c-ELAN0001:00+ returned 0 after 594 usecs
[67558.706229] calling  i2c_designware.3+ @ 2085, parent: 0000:00:16.3, cb: dw_i2c_plat_suspend
[67558.706238] call i2c_designware.3+ returned 0 after 5 usecs
[67558.706268] calling  i2c-GOOG0005:00+ @ 1260, parent: i2c-8, cb: acpi_subsys_suspend_late
[67558.706273] call i2c-GOOG0005:00+ returned 0 after 1 usecs
[67558.706290] calling  i2c_designware.2+ @ 2085, parent: 0000:00:16.2, cb: dw_i2c_plat_suspend
--
[68082.650392] call i2c_designware.2+ returned 0 after 6 usecs
[68082.650408] calling  i2c-GOOG0005:00+ @ 831, parent: i2c-8, cb: acpi_subsys_resume_early
[68082.650412] call i2c-GOOG0005:00+ returned 0 after 1 usecs
[68082.650430] calling  i2c_designware.3+ @ 2085, parent: 0000:00:16.3, cb: dw_i2c_plat_resume
[68082.650440] call i2c_designware.3+ returned 0 after 6 usecs
[68082.650454] calling  i2c-ELAN0001:00+ @ 1224, parent: i2c-9, cb: acpi_subsys_resume_early
[68082.651048] calling  i2c_designware.4+ @ 2085, parent: 0000:00:17.0, cb: dw_i2c_plat_resume
[68082.651061] call i2c_designware.4+ returned 0 after 7 usecs
[68082.651077] calling  i2c_designware.5+ @ 2085, parent: 0000:00:17.1, cb: dw_i2c_plat_resume
[68082.651087] call i2c_designware.5+ returned 0 after 6 usecs
[68082.651209] calling  i2c-WCOM50C1:00+ @ 1225, parent: i2c-11, cb: acpi_subsys_resume_early
[68082.651218] call i2c-WCOM50C1:00+ returned 0 after 3 usecs
[68082.651259] calling  i2c-ELAN0000:00+ @ 1256, parent: i2c-10, cb: acpi_subsys_resume_early
[68082.651293] call i2c-ELAN0000:00+ returned 0 after 29 usecs
[68082.673857] call i2c-ELAN0001:00+ returned 0 after 22845 usecs
[68082.673918] calling  wakeup_source.0+ @ 2085, parent: platform, cb: wakeup_find_source
[68082.673923] call wakeup_source.0+ returned 0 after 1 usecs
[68082.674040] PM: early resume of devices complete after 33.393 msecs
[68082.674096] calling  0000:00:00.0+ @ 1224, parent: pci0000:00, cb: pci_pm_resume
[68082.674102] call 0000:00:00.0+ returned 0 after 3 usecs
--
[68082.773269] calling  dw-apb-uart.8+ @ 2085, parent: 0000:00:18.2, cb: platform_pm_resume
[68082.773272] call dw-apb-uart.8+ returned 0 after 0 usecs
[68082.773277] calling  idma64.9+ @ 2085, parent: 0000:00:19.0, cb: platform_pm_resume
[68082.773281] call idma64.9+ returned 0 after 0 usecs
[68082.773288] calling  pxa2xx-spi.9+ @ 2085, parent: 0000:00:19.0, cb: platform_pm_resume
[68082.773325] calling  i2c-ELAN0000:00+ @ 1244, parent: i2c-10, cb: elan_resume
[68082.773331] i2c_designware i2c_designware.2: i2c_dw_handle_tx_abort: slave address not acknowledged (7bit mode)
[68082.773334] call i2c-ELAN0000:00+ returned 0 after 1 usecs
[68082.773360] call pxa2xx-spi.9+ returned 0 after 65 usecs
[68082.773368] calling  i2c-ELAN0001:00+ @ 1225, parent: i2c-9, cb: elants_i2c_resume
[68082.773378] calling  i8042+ @ 2085, parent: platform, cb: platform_pm_resume
[68082.773382] call i8042+ returned 0 after 1 usecs
[68082.773389] calling  serio0+ @ 2085, parent: i8042, cb: serio_resume
[68082.773448] call serio0+ returned 0 after 54 usecs
[68082.773470] calling  coretemp.0+ @ 2085, parent: platform, cb: platform_pm_resume
--
[68082.773678] calling  i2c-WCOM50C1:00+ @ 1263, parent: i2c-11, cb: i2c_hid_resume
[68082.787397] call phy0+ returned 0 after 102884 usecs
[68082.790426] tpm tpm0: A TPM error (1407) occurred disabling deep-sleep
[68082.790434] call i2c-GOOG0005:00+ returned 0 after 16912 usecs
[68082.809696] call i2c-WCOM50C1:00+ returned 0 after 35164 usecs
[68082.809804] calling  input5+ @ 2085, parent: 0018:2D1F:0012.0001, cb: input_dev_resume
[68082.809809] call input5+ returned 0 after 1 usecs
[68082.809826] calling  ramoops.0+ @ 2085, parent: platform, cb: platform_pm_resume
[68082.809830] call ramoops.0+ returned 0 after 0 usecs
[68082.809837] calling  input6+ @ 2085, parent: GOOG0006:00, cb: input_dev_resume
[68082.809840] call input6+ returned 0 after 0 usecs
--
[68082.810890] call snd-soc-dummy+ returned 0 after 0 usecs
[68082.810900] calling  microcode+ @ 2085, parent: platform, cb: platform_pm_resume
[68082.810903] call microcode+ returned 0 after 0 usecs
[68082.810913] calling  tpm-rng+ @ 2085, parent: platform, cb: platform_pm_resume
[68082.810917] call tpm-rng+ returned 0 after 1 usecs
[68082.810925] calling  input7+ @ 2085, parent: i2c-ELAN0000:00, cb: input_dev_resume
[68082.810929] call input7+ returned 0 after 0 usecs
[68082.826210] call 1-6+ returned 0 after 90695 usecs
[68082.909966] call i2c-ELAN0001:00+ returned 0 after 133390 usecs
[68082.910124] calling  input8+ @ 2085, parent: i2c-ELAN0001:00, cb: input_dev_resume
[68082.910131] call input8+ returned 0 after 1 usecs
[68082.910148] calling  GOOG0003:00+ @ 2085, parent: PNP0C09:00, cb: cros_ec_pd_resume
[68082.910155] call GOOG0003:00+ returned 0 after 4 usecs
[68082.910164] calling  wakeup_source.0+ @ 2085, parent: platform, cb: platform_pm_resume
[68082.910167] call wakeup_source.0+ returned 0 after 0 usecs
--
[68082.910542] calling  input13+ @ 2085, parent: card0, cb: input_dev_resume
[68082.910545] call input13+ returned 0 after 0 usecs
[68082.910551] calling  input14+ @ 2085, parent: card0, cb: input_dev_resume
[68082.910554] call input14+ returned 0 after 0 usecs
[68082.910577] PM: resume of devices complete after 236.541 msecs
[68082.913898] elants_i2c i2c-ELAN0001:00: unknown packet ff ff ff ff
[68082.916672] PM: Finishing wakeup.
[68082.916678] Restarting tasks ... done.
[68082.955150] PM: suspend exit 2018-05-30 19:53:10.344758487 UTC
[68083.270201] [drm] RC6 on
[68083.291729] elan_i2c i2c-ELAN0000:00: invalid report id data (ff)
[68086.234088] audit: type=1400 audit(1527709993.622:933): avc:  denied  { dac_read_search } for  pid=2804 comm="main" capability=2  scontext=u:r:zygote:s0 tcontext=u:r:zygote:s0 tclass=capability permissive=0
[68086.625650] wlan0: authenticate with 00:0c:e6:00:17:04
[68086.628278] wlan0: send auth to 00:0c:e6:00:17:04 (try 1/3)
[68086.730539] wlan0: send auth to 00:0c:e6:00:17:04 (try 2/3)
[68086.733750] wlan0: authenticated
--
[68172.294541] calling  mmc0:aaaa+ @ 1263, parent: mmc0, cb: mmc_bus_suspend
[68172.294589] calling  wakeup_source.0+ @ 2697, parent: platform, cb: platform_pm_suspend
[68172.294592] call wakeup_source.0+ returned 0 after 0 usecs
[68172.294603] calling  GOOG0003:00+ @ 2697, parent: PNP0C09:00, cb: cros_ec_pd_suspend
[68172.294608] call GOOG0003:00+ returned 0 after 1 usecs
[68172.294618] calling  input8+ @ 2697, parent: i2c-ELAN0001:00, cb: input_dev_suspend
[68172.294622] call input8+ returned 0 after 0 usecs
[68172.294739] calling  mmc1:0001+ @ 1258, parent: mmc1, cb: mmc_bus_suspend
[68172.294776] calling  input7+ @ 2697, parent: i2c-ELAN0000:00, cb: input_dev_suspend
[68172.294781] call input7+ returned 0 after 1 usecs
[68172.294788] calling  tpm-rng+ @ 2697, parent: platform, cb: platform_pm_suspend
[68172.294793] call tpm-rng+ returned 0 after 1 usecs
[68172.294807] calling  microcode+ @ 2697, parent: platform, cb: platform_pm_suspend
[68172.294810] call microcode+ returned 0 after 0 usecs
--
[68172.294942] call cros-ec-ctl.0.auto+ returned 0 after 4 usecs
[68172.294951] calling  input6+ @ 2697, parent: GOOG0006:00, cb: input_dev_suspend
[68172.294955] call input6+ returned 0 after 0 usecs
[68172.294962] calling  ramoops.0+ @ 2697, parent: platform, cb: platform_pm_suspend
[68172.294966] call ramoops.0+ returned 0 after 0 usecs
[68172.294980] calling  input5+ @ 2697, parent: 0018:2D1F:0012.0001, cb: input_dev_suspend
[68172.294984] call input5+ returned 0 after 0 usecs
[68172.295009] calling  vpd+ @ 2697, parent: platform, cb: platform_pm_suspend
[68172.295013] call vpd+ returned 0 after 0 usecs
[68172.295020] calling  memconsole+ @ 2697, parent: platform, cb: platform_pm_suspend
[68172.295023] call memconsole+ returned 0 after 0 usecs
--
[68172.297526] call i2c-WCOM50C1:00+ returned 0 after 581 usecs
[68172.297840] calling  i2c_designware.5+ @ 2697, parent: 0000:00:17.1, cb: platform_pm_suspend
[68172.297847] call i2c_designware.5+ returned 0 after 1 usecs
[68172.297859] calling  idma64.5+ @ 2697, parent: 0000:00:17.1, cb: platform_pm_suspend
[68172.297867] call idma64.5+ returned 0 after 4 usecs
[68172.297967] calling  i2c-ELAN0000:00+ @ 1235, parent: i2c-10, cb: acpi_subsys_suspend
[68172.297975] call i2c-ELAN0000:00+ returned 0 after 3 usecs
[68172.298039] calling  i2c_designware.4+ @ 2697, parent: 0000:00:17.0, cb: platform_pm_suspend
[68172.298042] call i2c_designware.4+ returned 0 after 0 usecs
[68172.298085] calling  idma64.4+ @ 2697, parent: 0000:00:17.0, cb: platform_pm_suspend
[68172.298092] call idma64.4+ returned 0 after 3 usecs
[68172.298185] calling  i2c-ELAN0001:00+ @ 1235, parent: i2c-9, cb: acpi_subsys_suspend
[68172.298203] call i2c-ELAN0001:00+ returned 0 after 13 usecs
[68172.298294] calling  i2c_designware.3+ @ 2697, parent: 0000:00:16.3, cb: platform_pm_suspend
[68172.298299] call i2c_designware.3+ returned 0 after 0 usecs
[68172.298312] calling  idma64.3+ @ 2697, parent: 0000:00:16.3, cb: platform_pm_suspend
[68172.298318] call idma64.3+ returned 0 after 3 usecs
[68172.298438] calling  i2c-GOOG0005:00+ @ 1235, parent: i2c-8, cb: acpi_subsys_suspend
--
[68172.747383] PM: suspend of devices complete after 457.380 msecs
[68172.748069] calling  i2c-WCOM50C1:00+ @ 831, parent: i2c-11, cb: acpi_subsys_suspend_late
[68172.748075] call i2c-WCOM50C1:00+ returned 0 after 3 usecs
[68172.748109] calling  i2c_designware.5+ @ 2697, parent: 0000:00:17.1, cb: dw_i2c_plat_suspend
[68172.748124] call i2c_designware.5+ returned 0 after 11 usecs
[68172.748149] calling  i2c-ELAN0000:00+ @ 1241, parent: i2c-10, cb: acpi_subsys_suspend_late
[68172.748179] call i2c-ELAN0000:00+ returned 0 after 25 usecs
[68172.748198] calling  i2c_designware.4+ @ 2697, parent: 0000:00:17.0, cb: dw_i2c_plat_suspend
[68172.748208] call i2c_designware.4+ returned 0 after 6 usecs
[68172.748232] calling  i2c-ELAN0001:00+ @ 1241, parent: i2c-9, cb: acpi_subsys_suspend_late
[68172.748833] call i2c-ELAN0001:00+ returned 0 after 582 usecs
[68172.748857] calling  i2c_designware.3+ @ 2697, parent: 0000:00:16.3, cb: dw_i2c_plat_suspend
[68172.748867] call i2c_designware.3+ returned 0 after 6 usecs
[68172.748897] calling  i2c-GOOG0005:00+ @ 1241, parent: i2c-8, cb: acpi_subsys_suspend_late
[68172.748902] call i2c-GOOG0005:00+ returned 0 after 1 usecs
[68172.748922] calling  i2c_designware.2+ @ 2697, parent: 0000:00:16.2, cb: dw_i2c_plat_suspend
--
[73933.030924] call i2c_designware.4+ returned 0 after 5 usecs
[73933.030937] calling  i2c_designware.5+ @ 2697, parent: 0000:00:17.1, cb: dw_i2c_plat_resume
[73933.030946] call i2c_designware.5+ returned 0 after 5 usecs
[73933.030962] calling  i2c-WCOM50C1:00+ @ 1258, parent: i2c-11, cb: acpi_subsys_resume_early
[73933.030966] call i2c-WCOM50C1:00+ returned 0 after 1 usecs
[73933.031028] calling  i2c-ELAN0000:00+ @ 1233, parent: i2c-10, cb: acpi_subsys_resume_early
[73933.031068] call i2c-ELAN0000:00+ returned 0 after 33 usecs
[73933.031098] calling  i2c-ELAN0001:00+ @ 32541, parent: i2c-9, cb: acpi_subsys_resume_early
[73933.031128] calling  i2c-GOOG0005:00+ @ 1243, parent: i2c-8, cb: acpi_subsys_resume_early
[73933.031133] call i2c-GOOG0005:00+ returned 0 after 1 usecs
[73933.054007] call i2c-ELAN0001:00+ returned 0 after 22361 usecs
[73933.054223] calling  wakeup_source.0+ @ 2697, parent: platform, cb: wakeup_find_source
[73933.054229] call wakeup_source.0+ returned 0 after 1 usecs
[73933.054349] PM: early resume of devices complete after 33.581 msecs
[73933.054537] calling  0000:00:00.0+ @ 32541, parent: pci0000:00, cb: pci_pm_resume
[73933.054546] calling  0000:00:00.1+ @ 1243, parent: pci0000:00, cb: pci_pm_resume
--
[73933.142493] calling  i2c-GOOG0005:00+ @ 1233, parent: i2c-8, cb: cr50_resume
[73933.142527] calling  idma64.3+ @ 2697, parent: 0000:00:16.3, cb: platform_pm_resume
[73933.142531] call idma64.3+ returned 0 after 0 usecs
[73933.142538] calling  i2c_designware.3+ @ 2697, parent: 0000:00:16.3, cb: platform_pm_resume
[73933.142541] call i2c_designware.3+ returned 0 after 0 usecs
[73933.142558] calling  i2c-ELAN0001:00+ @ 1239, parent: i2c-9, cb: elants_i2c_resume
[73933.143097] i2c_designware i2c_designware.2: i2c_dw_handle_tx_abort: slave address not acknowledged (7bit mode)
[73933.143115] calling  idma64.4+ @ 2697, parent: 0000:00:17.0, cb: platform_pm_resume
[73933.143120] call idma64.4+ returned 0 after 1 usecs
[73933.143127] calling  i2c_designware.4+ @ 2697, parent: 0000:00:17.0, cb: platform_pm_resume
[73933.143130] call i2c_designware.4+ returned 0 after 0 usecs
[73933.143150] calling  i2c-ELAN0000:00+ @ 1258, parent: i2c-10, cb: elan_resume
[73933.143154] call i2c-ELAN0000:00+ returned 0 after 1 usecs
[73933.143170] calling  idma64.5+ @ 2697, parent: 0000:00:17.1, cb: platform_pm_resume
[73933.143194] call idma64.5+ returned 0 after 1 usecs
[73933.143203] calling  i2c_designware.5+ @ 2697, parent: 0000:00:17.1, cb: platform_pm_resume
[73933.143206] call i2c_designware.5+ returned 0 after 0 usecs
[73933.143224] calling  i2c-WCOM50C1:00+ @ 1244, parent: i2c-11, cb: i2c_hid_resume
--
[73933.143609] call vpd+ returned 0 after 0 usecs
[73933.157357] call phy0+ returned 0 after 98233 usecs
[73933.161472] tpm tpm0: A TPM error (1407) occurred disabling deep-sleep
[73933.161481] call i2c-GOOG0005:00+ returned 0 after 18538 usecs
[73933.179256] call i2c-WCOM50C1:00+ returned 0 after 35178 usecs
[73933.179376] calling  input5+ @ 2697, parent: 0018:2D1F:0012.0001, cb: input_dev_resume
[73933.179381] call input5+ returned 0 after 1 usecs
[73933.179398] calling  ramoops.0+ @ 2697, parent: platform, cb: platform_pm_resume
[73933.179401] call ramoops.0+ returned 0 after 0 usecs
[73933.179408] calling  input6+ @ 2697, parent: GOOG0006:00, cb: input_dev_resume
[73933.179411] call input6+ returned 0 after 0 usecs
--
[73933.180431] call snd-soc-dummy+ returned 0 after 0 usecs
[73933.180441] calling  microcode+ @ 2697, parent: platform, cb: platform_pm_resume
[73933.180444] call microcode+ returned 0 after 0 usecs
[73933.180454] calling  tpm-rng+ @ 2697, parent: platform, cb: platform_pm_resume
[73933.180458] call tpm-rng+ returned 0 after 1 usecs
[73933.180467] calling  input7+ @ 2697, parent: i2c-ELAN0000:00, cb: input_dev_resume
[73933.180470] call input7+ returned 0 after 0 usecs
[73933.200229] call 1-6+ returned 0 after 90433 usecs
[73933.280184] call i2c-ELAN0001:00+ returned 0 after 134395 usecs
[73933.280241] calling  input8+ @ 2697, parent: i2c-ELAN0001:00, cb: input_dev_resume
[73933.280245] call input8+ returned 0 after 1 usecs
[73933.280261] calling  GOOG0003:00+ @ 2697, parent: PNP0C09:00, cb: cros_ec_pd_resume
[73933.280268] call GOOG0003:00+ returned 0 after 4 usecs
[73933.280277] calling  wakeup_source.0+ @ 2697, parent: platform, cb: platform_pm_resume
[73933.280281] call wakeup_source.0+ returned 0 after 0 usecs
--
[73933.280641] calling  input13+ @ 2697, parent: card0, cb: input_dev_resume
[73933.280644] call input13+ returned 0 after 0 usecs
[73933.280650] calling  input14+ @ 2697, parent: card0, cb: input_dev_resume
[73933.280653] call input14+ returned 0 after 0 usecs
[73933.280676] PM: resume of devices complete after 226.330 msecs
[73933.284205] elants_i2c i2c-ELAN0001:00: unknown packet ff ff ff ff
[73933.286597] PM: Finishing wakeup.
[73933.286603] Restarting tasks ... done.
[73933.308119] PM: suspend exit 2018-05-30 21:30:41.317583412 UTC
[73933.629976] elan_i2c i2c-ELAN0000:00: invalid report id data (ff)
[73933.793824] [drm] RC6 on
[73935.594073] elants_i2c i2c-ELAN0001:00: unknown packet ff ff ff ff
[73936.836045] elants_i2c i2c-ELAN0001:00: unknown packet ff ff ff ff
[73936.963237] wlan0: authenticate with cc:35:40:9f:bf:b7
[73936.974539] wlan0: send auth to cc:35:40:9f:bf:b7 (try 1/3)
[73936.976906] wlan0: authenticated
[73936.977690] wlan0: associate with cc:35:40:9f:bf:b7 (try 1/3)
[73936.983240] wlan0: RX AssocResp from cc:35:40:9f:bf:b7 (capab=0x411 status=0 aid=12)
[73936.986448] wlan0: associated
[73937.177594] audit: type=1400 audit(1527715845.185:934): avc:  denied  { dac_read_search } for  pid=2804 comm="main" capability=2  scontext=u:r:zygote:s0 tcontext=u:r:zygote:s0 tclass=capability permissive=0
[73940.033971] audit: type=1400 audit(1527715848.042:935): avc:  denied  { dac_read_search } for  pid=2804 comm="main" capability=2  scontext=u:r:zygote:s0 tcontext=u:r:zygote:s0 tclass=capability permissive=0
[73940.652706] audit: type=1400 audit(1527715848.661:936): avc:  denied  { dac_read_search } for  pid=2804 comm="main" capability=2  scontext=u:r:zygote:s0 tcontext=u:r:zygote:s0 tclass=capability permissive=0
[73943.328814] elants_i2c i2c-ELAN0001:00: unknown packet ff ff ff ff
[73943.619403] mmc0: Timeout waiting for hardware interrupt.
[73943.619416] sdhci: =========== REGISTER DUMP (mmc0)===========
[73943.619422] sdhci: Sys addr: 0x00000100 | Version:  0x00001002
[73943.619426] sdhci: Blk size: 0x00007200 | Blk cnt:  0x00000100
[73943.619430] sdhci: Argument: 0x00000200 | Trn mode: 0x0000003b
--
[73943.619634] sdhci: Cmd:      0x00000c1a | Max curr: 0x00000000
[73943.619637] sdhci: Host ctl2: 0x0000008b
[73943.619642] sdhci: ADMA Err: 0x00000000 | ADMA Ptr: 0x000000017a355200
[73943.619644] sdhci: ===========================================
[73943.619830] mmcblk0: response CRC error sending r/w cmd command, card status 0x900
[73947.076607] elants_i2c i2c-ELAN0001:00: unknown packet ff ff ff ff
[73950.023253] binder: 3103:3119 refcount change on invalid ref 46
[73953.233358] elants_i2c i2c-ELAN0001:00: unknown packet ff ff ff ff
[73953.698999] mmc0: Timeout waiting for hardware interrupt.
[73953.699011] sdhci: =========== REGISTER DUMP (mmc0)===========
[73953.699017] sdhci: Sys addr: 0x00000010 | Version:  0x00001002
[73953.699021] sdhci: Blk size: 0x00007200 | Blk cnt:  0x00000010
[73953.699026] sdhci: Argument: 0x03b72038 | Trn mode: 0x0000003b
--
[73953.699413] sdhci: Host ctl2: 0x0000008b
[73953.699418] sdhci: ADMA Err: 0x00000000 | ADMA Ptr: 0x000000017a355200
[73953.699420] sdhci: ===========================================
[73953.699532] mmcblk0: error -110 sending stop command, original cmd response 0x0, card status 0x400900
[73953.699537] mmcblk0: error -110 transferring data, sector 62332984, nr 16, cmd response 0x0, card status 0x0
[73958.220230] elants_i2c i2c-ELAN0001:00: unknown packet ff ff ff ff
[73961.018029] elants_i2c i2c-ELAN0001:00: unknown packet ff ff ff ff
[73962.920090] elants_i2c i2c-ELAN0001:00: unknown packet ff ff ff ff
[73978.614513] elants_i2c i2c-ELAN0001:00: unknown packet ff ff ff ff
[73995.759987] elants_i2c i2c-ELAN0001:00: unknown packet ff ff ff ff
[73998.042827] elants_i2c i2c-ELAN0001:00: unknown packet ff ff ff ff
[74000.197706] elants_i2c i2c-ELAN0001:00: unknown packet ff ff ff ff
[74003.503537] elants_i2c i2c-ELAN0001:00: unknown packet ff ff ff ff
[74005.470619] elants_i2c i2c-ELAN0001:00: unknown packet ff ff ff ff
[74015.879869] elants_i2c i2c-ELAN0001:00: unknown packet ff ff ff ff
[74017.914800] elants_i2c i2c-ELAN0001:00: unknown packet ff ff ff ff
[74022.128532] PM: suspend entry 2018-05-30 21:32:10.141566479 UTC
[74022.128543] PM: Syncing filesystems ... done.
[74022.309083] PM: Preparing system for sleep (freeze)
[74022.329283] Freezing user space processes ... (elapsed 0.015 seconds) done.
[74022.344904] Freezing remaining freezable tasks ... (elapsed 0.003 seconds) done.
--
[74022.426760] call 1-3+ returned 0 after 16 usecs
[74022.426780] calling  wakeup_source.0+ @ 4240, parent: platform, cb: platform_pm_suspend
[74022.426784] call wakeup_source.0+ returned 0 after 0 usecs
[74022.426794] calling  GOOG0003:00+ @ 4240, parent: PNP0C09:00, cb: cros_ec_pd_suspend
[74022.426799] call GOOG0003:00+ returned 0 after 1 usecs
[74022.426810] calling  input8+ @ 4240, parent: i2c-ELAN0001:00, cb: input_dev_suspend
[74022.426813] call input8+ returned 0 after 1 usecs
[74022.426869] calling  mmc1:0001+ @ 1227, parent: mmc1, cb: mmc_bus_suspend
[74022.426913] calling  input7+ @ 4240, parent: i2c-ELAN0000:00, cb: input_dev_suspend
[74022.426917] call input7+ returned 0 after 1 usecs
[74022.426925] calling  tpm-rng+ @ 4240, parent: platform, cb: platform_pm_suspend
[74022.426929] call tpm-rng+ returned 0 after 1 usecs
[74022.426944] calling  microcode+ @ 4240, parent: platform, cb: platform_pm_suspend
[74022.426947] call microcode+ returned 0 after 0 usecs
--
[74022.427086] call cros-ec-ctl.0.auto+ returned 0 after 4 usecs
[74022.427096] calling  input6+ @ 4240, parent: GOOG0006:00, cb: input_dev_suspend
[74022.427099] call input6+ returned 0 after 0 usecs
[74022.427106] calling  ramoops.0+ @ 4240, parent: platform, cb: platform_pm_suspend
[74022.427110] call ramoops.0+ returned 0 after 0 usecs
[74022.427125] calling  input5+ @ 4240, parent: 0018:2D1F:0012.0001, cb: input_dev_suspend
[74022.427128] call input5+ returned 0 after 1 usecs
[74022.427154] calling  vpd+ @ 4240, parent: platform, cb: platform_pm_suspend
[74022.427157] call vpd+ returned 0 after 0 usecs
[74022.427164] calling  memconsole+ @ 4240, parent: platform, cb: platform_pm_suspend
[74022.427167] call memconsole+ returned 0 after 0 usecs
--
[74022.429673] call i2c-WCOM50C1:00+ returned 0 after 783 usecs
[74022.429885] calling  i2c_designware.5+ @ 4240, parent: 0000:00:17.1, cb: platform_pm_suspend
[74022.429892] call i2c_designware.5+ returned 0 after 1 usecs
[74022.429917] calling  idma64.5+ @ 4240, parent: 0000:00:17.1, cb: platform_pm_suspend
[74022.429924] call idma64.5+ returned 0 after 3 usecs
[74022.430048] calling  i2c-ELAN0000:00+ @ 1244, parent: i2c-10, cb: acpi_subsys_suspend
[74022.430056] call i2c-ELAN0000:00+ returned 0 after 3 usecs
[74022.430149] calling  i2c_designware.4+ @ 4240, parent: 0000:00:17.0, cb: platform_pm_suspend
[74022.430155] call i2c_designware.4+ returned 0 after 0 usecs
[74022.430167] calling  idma64.4+ @ 4240, parent: 0000:00:17.0, cb: platform_pm_suspend
[74022.430185] call idma64.4+ returned 0 after 3 usecs
[74022.430302] calling  i2c-ELAN0001:00+ @ 1244, parent: i2c-9, cb: acpi_subsys_suspend
[74022.430319] call i2c-ELAN0001:00+ returned 0 after 13 usecs
[74022.430374] calling  i2c_designware.3+ @ 4240, parent: 0000:00:16.3, cb: platform_pm_suspend
[74022.430378] call i2c_designware.3+ returned 0 after 0 usecs
[74022.430389] calling  idma64.3+ @ 4240, parent: 0000:00:16.3, cb: platform_pm_suspend
[74022.430396] call idma64.3+ returned 0 after 3 usecs
[74022.430535] calling  i2c-GOOG0005:00+ @ 1244, parent: i2c-8, cb: acpi_subsys_suspend
--
[74022.462938] PM: suspend of devices complete after 41.019 msecs
[74022.463928] calling  i2c-WCOM50C1:00+ @ 1233, parent: i2c-11, cb: acpi_subsys_suspend_late
[74022.463935] call i2c-WCOM50C1:00+ returned 0 after 3 usecs
[74022.463955] calling  i2c_designware.5+ @ 4240, parent: 0000:00:17.1, cb: dw_i2c_plat_suspend
[74022.463971] call i2c_designware.5+ returned 0 after 11 usecs
[74022.463995] calling  i2c-ELAN0000:00+ @ 1233, parent: i2c-10, cb: acpi_subsys_suspend_late
[74022.464025] call i2c-ELAN0000:00+ returned 0 after 26 usecs
[74022.464044] calling  i2c_designware.4+ @ 4240, parent: 0000:00:17.0, cb: dw_i2c_plat_suspend
[74022.464052] call i2c_designware.4+ returned 0 after 5 usecs
[74022.464076] calling  i2c-ELAN0001:00+ @ 1233, parent: i2c-9, cb: acpi_subsys_suspend_late
[74022.464714] call i2c-ELAN0001:00+ returned 0 after 617 usecs
[74022.464740] calling  i2c_designware.3+ @ 4240, parent: 0000:00:16.3, cb: dw_i2c_plat_suspend
[74022.464749] call i2c_designware.3+ returned 0 after 6 usecs
[74022.464779] calling  i2c-GOOG0005:00+ @ 1233, parent: i2c-8, cb: acpi_subsys_suspend_late
[74022.464784] call i2c-GOOG0005:00+ returned 0 after 1 usecs
[74022.464801] calling  i2c_designware.2+ @ 4240, parent: 0000:00:16.2, cb: dw_i2c_plat_suspend
--
[74605.481173] call i2c_designware.3+ returned 0 after 6 usecs
[74605.481192] calling  i2c-GOOG0005:00+ @ 1248, parent: i2c-8, cb: acpi_subsys_resume_early
[74605.481198] calling  i2c_designware.4+ @ 4240, parent: 0000:00:17.0, cb: dw_i2c_plat_resume
[74605.481207] call i2c_designware.4+ returned 0 after 5 usecs
[74605.481212] call i2c-GOOG0005:00+ returned 0 after 3 usecs
[74605.481224] calling  i2c-ELAN0000:00+ @ 1217, parent: i2c-10, cb: acpi_subsys_resume_early
[74605.481234] calling  i2c-ELAN0001:00+ @ 1236, parent: i2c-9, cb: acpi_subsys_resume_early
[74605.481246] call i2c-ELAN0000:00+ returned 0 after 17 usecs
[74605.481265] calling  i2c_designware.5+ @ 4240, parent: 0000:00:17.1, cb: dw_i2c_plat_resume
[74605.481275] call i2c_designware.5+ returned 0 after 6 usecs
[74605.481291] calling  i2c-WCOM50C1:00+ @ 1233, parent: i2c-11, cb: acpi_subsys_resume_early
[74605.481295] call i2c-WCOM50C1:00+ returned 0 after 1 usecs
[74605.504061] call i2c-ELAN0001:00+ returned 0 after 22281 usecs
[74605.504215] calling  wakeup_source.0+ @ 4240, parent: platform, cb: wakeup_find_source
[74605.504221] call wakeup_source.0+ returned 0 after 1 usecs
[74605.504339] PM: early resume of devices complete after 36.214 msecs
[74605.504530] calling  0000:00:00.0+ @ 1236, parent: pci0000:00, cb: pci_pm_resume
[74605.504539] call 0000:00:00.0+ returned 0 after 3 usecs
--
[74605.591840] calling  idma64.3+ @ 4240, parent: 0000:00:16.3, cb: platform_pm_resume
[74605.591844] call idma64.3+ returned 0 after 0 usecs
[74605.591891] i2c_designware i2c_designware.2: i2c_dw_handle_tx_abort: slave address not acknowledged (7bit mode)
[74605.591912] calling  i2c_designware.3+ @ 4240, parent: 0000:00:16.3, cb: platform_pm_resume
[74605.591916] call i2c_designware.3+ returned 0 after 0 usecs
[74605.591934] calling  i2c-ELAN0001:00+ @ 1248, parent: i2c-9, cb: elants_i2c_resume
[74605.592475] calling  idma64.4+ @ 4240, parent: 0000:00:17.0, cb: platform_pm_resume
[74605.592488] call idma64.4+ returned 0 after 1 usecs
[74605.592495] calling  i2c_designware.4+ @ 4240, parent: 0000:00:17.0, cb: platform_pm_resume
[74605.592498] call i2c_designware.4+ returned 0 after 0 usecs
[74605.592517] calling  i2c-ELAN0000:00+ @ 1231, parent: i2c-10, cb: elan_resume
[74605.592522] call i2c-ELAN0000:00+ returned 0 after 1 usecs
[74605.592535] calling  idma64.5+ @ 4240, parent: 0000:00:17.1, cb: platform_pm_resume
[74605.592559] call idma64.5+ returned 0 after 1 usecs
[74605.592568] calling  i2c_designware.5+ @ 4240, parent: 0000:00:17.1, cb: platform_pm_resume
[74605.592571] call i2c_designware.5+ returned 0 after 0 usecs
[74605.592617] calling  i2c-WCOM50C1:00+ @ 1126, parent: i2c-11, cb: i2c_hid_resume
--
[74605.593397] call vpd+ returned 0 after 0 usecs
[74605.608626] tpm tpm0: A TPM error (1407) occurred disabling deep-sleep
[74605.608633] call i2c-GOOG0005:00+ returned 0 after 16443 usecs
[74605.612204] call phy0+ returned 0 after 103062 usecs
[74605.628812] call i2c-WCOM50C1:00+ returned 0 after 35337 usecs
[74605.628922] calling  input5+ @ 4240, parent: 0018:2D1F:0012.0001, cb: input_dev_resume
[74605.628927] call input5+ returned 0 after 1 usecs
[74605.628944] calling  ramoops.0+ @ 4240, parent: platform, cb: platform_pm_resume
[74605.628947] call ramoops.0+ returned 0 after 0 usecs
[74605.628954] calling  input6+ @ 4240, parent: GOOG0006:00, cb: input_dev_resume
[74605.628957] call input6+ returned 0 after 0 usecs
--
[74605.629949] call snd-soc-dummy+ returned 0 after 0 usecs
[74605.629959] calling  microcode+ @ 4240, parent: platform, cb: platform_pm_resume
[74605.629962] call microcode+ returned 0 after 0 usecs
[74605.629972] calling  tpm-rng+ @ 4240, parent: platform, cb: platform_pm_resume
[74605.629976] call tpm-rng+ returned 0 after 1 usecs
[74605.629984] calling  input7+ @ 4240, parent: i2c-ELAN0000:00, cb: input_dev_resume
[74605.629987] call input7+ returned 0 after 0 usecs
[74605.651411] call 1-6+ returned 0 after 91492 usecs
[74605.728092] call i2c-ELAN0001:00+ returned 0 after 132961 usecs
[74605.728138] calling  input8+ @ 4240, parent: i2c-ELAN0001:00, cb: input_dev_resume
[74605.728143] call input8+ returned 0 after 1 usecs
[74605.728158] calling  GOOG0003:00+ @ 4240, parent: PNP0C09:00, cb: cros_ec_pd_resume
[74605.728162] call GOOG0003:00+ returned 0 after 1 usecs
[74605.728171] calling  wakeup_source.0+ @ 4240, parent: platform, cb: platform_pm_resume
[74605.728174] call wakeup_source.0+ returned 0 after 0 usecs
--
[74605.728774] calling  input13+ @ 4240, parent: card0, cb: input_dev_resume
[74605.728784] call input13+ returned 0 after 7 usecs
[74605.728791] calling  input14+ @ 4240, parent: card0, cb: input_dev_resume
[74605.728794] call input14+ returned 0 after 0 usecs
[74605.728833] PM: resume of devices complete after 224.497 msecs
[74605.732290] elants_i2c i2c-ELAN0001:00: unknown packet ff ff ff ff
[74605.735757] PM: Finishing wakeup.
[74605.735763] Restarting tasks ... done.
[74605.783758] PM: suspend exit 2018-05-30 21:41:53.346163038 UTC
[74605.925686] iio iio:device2: Sensor 1: lost: 28290 out of 33832
[74606.114006] elan_i2c i2c-ELAN0000:00: invalid report id data (ff)
[74606.864662] [drm] RC6 on
[74609.499954] wlan0: authenticate with cc:35:40:9f:bf:b7
[74609.504876] wlan0: send auth to cc:35:40:9f:bf:b7 (try 1/3)
[74609.509655] wlan0: authenticated
[74609.510721] wlan0: associate with cc:35:40:9f:bf:b7 (try 1/3)
--
[74665.823635] PDLOG 2018/05/30 21:33:05.1527715984 P1 SNK Charger ??? 5149mV max 15000mV / 3000mA
[74665.824176] PDLOG 2018/05/30 21:33:05.1527715984 P1 SNK Charger ??? 5149mV max 5000mV / 3000mA
[74665.824626] PDLOG 2018/05/30 21:33:05.1527715984 P1 SNK Charger ??? 14923mV max 15000mV / 3000mA
[74665.825126] PDLOG 2018/05/30 21:33:08.1527715987 P1 SNK Charger PD 14716mV max 15000mV / 3000mA
[74721.236564] i2c_designware i2c_designware.2: i2c_dw_handle_tx_abort: slave address not acknowledged (7bit mode)
[74790.218143] elants_i2c i2c-ELAN0001:00: unknown packet ff ff ff ff
[74793.492022] elants_i2c i2c-ELAN0001:00: unknown packet ff ff ff ff
[74857.656894] i2c_designware i2c_designware.2: i2c_dw_handle_tx_abort: slave address not acknowledged (7bit mode)
[74878.382104] EXT4-fs (mmcblk1p1): re-mounted. Opts: commit=600,data=ordered
[74879.065177] EXT4-fs (mmcblk1p1): re-mounted. Opts: commit=600,data=ordered
[74879.837941] systemd-logind[6149]: Failed to enable subscription: Launch helper exited with unknown return code 1
[74879.837982] systemd-logind[6149]: Failed to fully start up daemon: Input/output error
--
[74889.233811] systemd-logind[6799]: Failed to fully start up daemon: Input/output error
[74892.677581] systemd-logind[6970]: Failed to enable subscription: Launch helper exited with unknown return code 1
[74892.677602] systemd-logind[6970]: Failed to fully start up daemon: Input/output error
[74892.858934] systemd-logind[6977]: Failed to enable subscription: Launch helper exited with unknown return code 1
[74892.858958] systemd-logind[6977]: Failed to fully start up daemon: Input/output error
[74895.448870] elants_i2c i2c-ELAN0001:00: unknown packet ff ff ff ff
[74896.353906] systemd-logind[6998]: Failed to enable subscription: Launch helper exited with unknown return code 1
[74896.353928] systemd-logind[6998]: Failed to fully start up daemon: Input/output error
[74899.358573] systemd-logind[7038]: Failed to enable subscription: Launch helper exited with unknown return code 1
[74899.358610] systemd-logind[7038]: Failed to fully start up daemon: Input/output error
[74901.140713] elants_i2c i2c-ELAN0001:00: unknown packet ff ff ff ff
[74902.365812] systemd-logind[7062]: Failed to enable subscription: Launch helper exited with unknown return code 1
[74902.365854] systemd-logind[7062]: Failed to fully start up daemon: Input/output error
[74905.359472] systemd-logind[7077]: Failed to enable subscription: Launch helper exited with unknown return code 1
[74905.359514] systemd-logind[7077]: Failed to fully start up daemon: Input/output error
[74908.364980] systemd-logind[7104]: Failed to enable subscription: Launch helper exited with unknown return code 1
[74908.365023] systemd-logind[7104]: Failed to fully start up daemon: Input/output error
[74914.224814] elants_i2c i2c-ELAN0001:00: unknown packet ff ff ff ff
[74954.482591] elants_i2c i2c-ELAN0001:00: unknown packet ff ff ff ff
[74966.434097] elants_i2c i2c-ELAN0001:00: unknown packet ff ff ff ff
[74973.985824] elants_i2c i2c-ELAN0001:00: unknown packet ff ff ff ff
[74981.831518] elants_i2c i2c-ELAN0001:00: unknown packet ff ff ff ff
[75022.929769] i2c_designware i2c_designware.2: i2c_dw_handle_tx_abort: slave address not acknowledged (7bit mode)
[75145.417490] i2c_designware i2c_designware.2: i2c_dw_handle_tx_abort: slave address not acknowledged (7bit mode)
[75199.903733] elants_i2c i2c-ELAN0001:00: unknown packet ff ff ff ff
[75206.640173] elants_i2c i2c-ELAN0001:00: unknown packet ff ff ff ff
[75209.563237] elants_i2c i2c-ELAN0001:00: unknown packet ff ff ff ff
[75213.940169] elants_i2c i2c-ELAN0001:00: unknown packet ff ff ff ff
[75321.786578] i2c_designware i2c_designware.2: i2c_dw_handle_tx_abort: slave address not acknowledged (7bit mode)
