Feb 20 11:48:35 HOSTNAME /usr/libexec/gdm-x-session[2300]: (--) Log file renamed from "/home/aas/.local/share/xorg/Xorg.pid-2300.log" to "/home/aas/.local/share/xorg/Xorg.0.log"
Feb 20 11:48:35 HOSTNAME /usr/libexec/gdm-x-session[2300]: X.Org X Server 1.21.1.4
Feb 20 11:48:35 HOSTNAME /usr/libexec/gdm-x-session[2300]: X Protocol Version 11, Revision 0
Feb 20 11:48:35 HOSTNAME /usr/libexec/gdm-x-session[2300]: Current Operating System: Linux HOSTNAME 6.8.0-52-generic #53~22.04.1-Ubuntu SMP PREEMPT_DYNAMIC Wed Jan 15 19:18:46 UTC 2 x86_64
Feb 20 11:48:35 HOSTNAME /usr/libexec/gdm-x-session[2300]: Kernel command line: BOOT_IMAGE=/boot/vmlinuz-6.8.0-52-generic USERNAME=UUID=fe6b03fb-8e31-4a85-8da8-bc4891d4df69 ro quiet splash vt.handoff=7
Feb 20 11:48:35 HOSTNAME /usr/libexec/gdm-x-session[2300]: xorg-server 2:21.1.4-2ubuntu1.7~22.04.12 (For technical support please see http://www.ubuntu.com/support)
Feb 20 11:48:35 HOSTNAME /usr/libexec/gdm-x-session[2300]: Current version of pixman: 0.40.0
Feb 20 11:48:35 HOSTNAME /usr/libexec/gdm-x-session[2300]:         Before reporting problems, check http://wiki.x.org
Feb 20 11:48:35 HOSTNAME /usr/libexec/gdm-x-session[2300]:         to make sure that you have the latest version.
Feb 20 11:48:35 HOSTNAME /usr/libexec/gdm-x-session[2300]: Markers: (--) probed, (**) from config file, (==) default setting,
Feb 20 11:48:35 HOSTNAME /usr/libexec/gdm-x-session[2300]:         (++) from command line, (!!) notice, (II) informational,
Feb 20 11:48:35 HOSTNAME /usr/libexec/gdm-x-session[2300]:         (WW) warning, (EE) error, (NI) not implemented, (??) unknown.
Feb 20 11:48:35 HOSTNAME /usr/libexec/gdm-x-session[2300]: (==) Log file: "/home/aas/.local/share/xorg/Xorg.0.log", Time: Thu Feb 20 11:48:35 2025
Feb 20 11:48:35 HOSTNAME /usr/libexec/gdm-x-session[2300]: (==) Using config file: "/etc/X11/xorg.conf"
Feb 20 11:48:35 HOSTNAME /usr/libexec/gdm-x-session[2300]: (==) Using system config directory "/usr/share/X11/xorg.conf.d"
Feb 20 11:48:35 HOSTNAME /usr/libexec/gdm-x-session[2300]: (==) ServerLayout "Layout0"
Feb 20 11:48:35 HOSTNAME /usr/libexec/gdm-x-session[2300]: (**) |-->Screen "Screen0" (0)
Feb 20 11:48:35 HOSTNAME /usr/libexec/gdm-x-session[2300]: (**) |   |-->Monitor "Monitor0"
Feb 20 11:48:35 HOSTNAME /usr/libexec/gdm-x-session[2300]: (**) |   |-->Device "Device0"
Feb 20 11:48:35 HOSTNAME /usr/libexec/gdm-x-session[2300]: (**) |-->Input Device "Keyboard0"
Feb 20 11:48:35 HOSTNAME /usr/libexec/gdm-x-session[2300]: (**) |-->Input Device "Mouse0"
Feb 20 11:48:35 HOSTNAME /usr/libexec/gdm-x-session[2300]: (==) Automatically adding devices
Feb 20 11:48:35 HOSTNAME /usr/libexec/gdm-x-session[2300]: (==) Automatically enabling devices
Feb 20 11:48:35 HOSTNAME /usr/libexec/gdm-x-session[2300]: (==) Automatically adding GPU devices
Feb 20 11:48:35 HOSTNAME /usr/libexec/gdm-x-session[2300]: (==) Automatically binding GPU devices
Feb 20 11:48:35 HOSTNAME /usr/libexec/gdm-x-session[2300]: (==) Max clients allowed: 256, resource mask: 0x1fffff
Feb 20 11:48:35 HOSTNAME /usr/libexec/gdm-x-session[2300]: (WW) The directory "/usr/share/fonts/X11/cyrillic" does not exist.
Feb 20 11:48:35 HOSTNAME /usr/libexec/gdm-x-session[2300]:         Entry deleted from font path.
Feb 20 11:48:35 HOSTNAME /usr/libexec/gdm-x-session[2300]: (WW) The directory "/usr/share/fonts/X11/100dpi/" does not exist.
Feb 20 11:48:35 HOSTNAME /usr/libexec/gdm-x-session[2300]:         Entry deleted from font path.
Feb 20 11:48:35 HOSTNAME /usr/libexec/gdm-x-session[2300]: (WW) The directory "/usr/share/fonts/X11/75dpi/" does not exist.
Feb 20 11:48:35 HOSTNAME /usr/libexec/gdm-x-session[2300]:         Entry deleted from font path.
Feb 20 11:48:35 HOSTNAME /usr/libexec/gdm-x-session[2300]: (WW) The directory "/usr/share/fonts/X11/100dpi" does not exist.
Feb 20 11:48:35 HOSTNAME /usr/libexec/gdm-x-session[2300]:         Entry deleted from font path.
Feb 20 11:48:35 HOSTNAME /usr/libexec/gdm-x-session[2300]: (WW) The directory "/usr/share/fonts/X11/75dpi" does not exist.
Feb 20 11:48:35 HOSTNAME /usr/libexec/gdm-x-session[2300]:         Entry deleted from font path.
Feb 20 11:48:35 HOSTNAME /usr/libexec/gdm-x-session[2300]: (==) FontPath set to:
Feb 20 11:48:35 HOSTNAME /usr/libexec/gdm-x-session[2300]:         /usr/share/fonts/X11/misc,
Feb 20 11:48:35 HOSTNAME /usr/libexec/gdm-x-session[2300]:         /usr/share/fonts/X11/Type1,
Feb 20 11:48:35 HOSTNAME /usr/libexec/gdm-x-session[2300]:         built-ins
Feb 20 11:48:35 HOSTNAME /usr/libexec/gdm-x-session[2300]: (==) ModulePath set to "/usr/lib/xorg/modules"
Feb 20 11:48:35 HOSTNAME /usr/libexec/gdm-x-session[2300]: (WW) Hotplugging is on, devices using drivers 'kbd', 'mouse' or 'vmmouse' will be disabled.
Feb 20 11:48:35 HOSTNAME /usr/libexec/gdm-x-session[2300]: (WW) Disabling Keyboard0
Feb 20 11:48:35 HOSTNAME /usr/libexec/gdm-x-session[2300]: (WW) Disabling Mouse0
Feb 20 11:48:35 HOSTNAME /usr/libexec/gdm-x-session[2300]: (II) Loader magic: 0x64cc66f9d020
Feb 20 11:48:35 HOSTNAME /usr/libexec/gdm-x-session[2300]: (II) Module ABI versions:
Feb 20 11:48:35 HOSTNAME /usr/libexec/gdm-x-session[2300]:         X.Org ANSI C Emulation: 0.4
Feb 20 11:48:35 HOSTNAME /usr/libexec/gdm-x-session[2300]:         X.Org Video Driver: 25.2
Feb 20 11:48:35 HOSTNAME /usr/libexec/gdm-x-session[2300]:         X.Org XInput driver : 24.4
Feb 20 11:48:35 HOSTNAME /usr/libexec/gdm-x-session[2300]:         X.Org Server Extension : 10.0
Feb 20 11:48:35 HOSTNAME /usr/libexec/gdm-x-session[2300]: (++) using VT number 2
Feb 20 11:48:35 HOSTNAME /usr/libexec/gdm-x-session[2300]: (II) systemd-logind: took control of session /org/freedesktop/login1/session/_31
Feb 20 11:48:35 HOSTNAME /usr/libexec/gdm-x-session[2300]: (II) xfree86: Adding drm device (/dev/dri/card1)
Feb 20 11:48:35 HOSTNAME /usr/libexec/gdm-x-session[2300]: (II) Platform probe for /sys/devices/pci0000:00/0000:00:03.1/0000:0a:00.0/drm/card1
Feb 20 11:48:35 HOSTNAME /usr/libexec/gdm-x-session[2300]: (II) systemd-logind: got fd for /dev/dri/card1 226:1 fd 14 paused 0
Feb 20 11:48:35 HOSTNAME /usr/libexec/gdm-x-session[2300]: (II) xfree86: Adding drm device (/dev/dri/card0)
Feb 20 11:48:35 HOSTNAME /usr/libexec/gdm-x-session[2300]: (II) Platform probe for /sys/devices/pci0000:00/0000:00:03.1/0000:0a:00.0/simple-framebuffer.0/drm/card0
Feb 20 11:48:35 HOSTNAME /usr/libexec/gdm-x-session[2300]: (II) systemd-logind: got fd for /dev/dri/card0 226:0 fd 15 paused 0
Feb 20 11:48:35 HOSTNAME /usr/libexec/gdm-x-session[2300]: (**) OutputClass "nvidia" ModulePath extended to "/usr/lib/x86_64-linux-gnu/nvidia/xorg,/usr/lib/xorg/modules"
Feb 20 11:48:35 HOSTNAME /usr/libexec/gdm-x-session[2300]: (--) PCI:*(10@0:0:0) 10de:2203:1043:8874 rev 161, Mem @ 0xfb000000/16777216, 0xd0000000/268435456, 0xe0000000/33554432, I/O @ 0x0000f000/128, BIOS @ 0x????????/131072
Feb 20 11:48:35 HOSTNAME /usr/libexec/gdm-x-session[2300]: (II) LoadModule: "glx"
Feb 20 11:48:35 HOSTNAME /usr/libexec/gdm-x-session[2300]: (II) Loading /usr/lib/xorg/modules/extensions/libglx.so
Feb 20 11:48:35 HOSTNAME /usr/libexec/gdm-x-session[2300]: (II) Module glx: vendor="X.Org Foundation"
Feb 20 11:48:35 HOSTNAME /usr/libexec/gdm-x-session[2300]:         compiled for 1.21.1.4, module version = 1.0.0
Feb 20 11:48:35 HOSTNAME /usr/libexec/gdm-x-session[2300]:         ABI class: X.Org Server Extension, version 10.0
Feb 20 11:48:35 HOSTNAME /usr/libexec/gdm-x-session[2300]: (II) LoadModule: "nvidia"
Feb 20 11:48:35 HOSTNAME /usr/libexec/gdm-x-session[2300]: (II) Loading /usr/lib/x86_64-linux-gnu/nvidia/xorg/nvidia_drv.so
Feb 20 11:48:35 HOSTNAME /usr/libexec/gdm-x-session[2300]: (II) Module nvidia: vendor="NVIDIA Corporation"
Feb 20 11:48:35 HOSTNAME /usr/libexec/gdm-x-session[2300]:         compiled for 1.6.99.901, module version = 1.0.0
Feb 20 11:48:35 HOSTNAME /usr/libexec/gdm-x-session[2300]:         Module class: X.Org Video Driver
Feb 20 11:48:35 HOSTNAME /usr/libexec/gdm-x-session[2300]: (II) NVIDIA dlloader X Driver  535.183.01  Sun May 12 19:35:37 UTC 2024
Feb 20 11:48:35 HOSTNAME /usr/libexec/gdm-x-session[2300]: (II) NVIDIA Unified Driver for all Supported NVIDIA GPUs
Feb 20 11:48:35 HOSTNAME /usr/libexec/gdm-x-session[2300]: (II) systemd-logind: releasing fd for 226:0
Feb 20 11:48:35 HOSTNAME /usr/libexec/gdm-x-session[2300]: (II) Loading sub module "fb"
Feb 20 11:48:35 HOSTNAME /usr/libexec/gdm-x-session[2300]: (II) LoadModule: "fb"
Feb 20 11:48:35 HOSTNAME /usr/libexec/gdm-x-session[2300]: (II) Module "fb" already built-in
Feb 20 11:48:35 HOSTNAME /usr/libexec/gdm-x-session[2300]: (II) Loading sub module "wfb"
Feb 20 11:48:35 HOSTNAME /usr/libexec/gdm-x-session[2300]: (II) LoadModule: "wfb"
Feb 20 11:48:35 HOSTNAME /usr/libexec/gdm-x-session[2300]: (II) Loading /usr/lib/xorg/modules/libwfb.so
Feb 20 11:48:35 HOSTNAME /usr/libexec/gdm-x-session[2300]: (II) Module wfb: vendor="X.Org Foundation"
Feb 20 11:48:35 HOSTNAME /usr/libexec/gdm-x-session[2300]:         compiled for 1.21.1.4, module version = 1.0.0
Feb 20 11:48:35 HOSTNAME /usr/libexec/gdm-x-session[2300]:         ABI class: X.Org ANSI C Emulation, version 0.4
Feb 20 11:48:35 HOSTNAME /usr/libexec/gdm-x-session[2300]: (II) systemd-logind: releasing fd for 226:1
Feb 20 11:48:35 HOSTNAME /usr/libexec/gdm-x-session[2300]: (WW) VGA arbiter: cannot open kernel arbiter, no multi-card support
Feb 20 11:48:35 HOSTNAME /usr/libexec/gdm-x-session[2300]: (**) NVIDIA(0): Depth 24, (--) framebuffer bpp 32
Feb 20 11:48:35 HOSTNAME /usr/libexec/gdm-x-session[2300]: (==) NVIDIA(0): RGB weight 888
Feb 20 11:48:35 HOSTNAME /usr/libexec/gdm-x-session[2300]: (==) NVIDIA(0): Default visual is TrueColor
Feb 20 11:48:35 HOSTNAME /usr/libexec/gdm-x-session[2300]: (==) NVIDIA(0): Using gamma correction (1.0, 1.0, 1.0)
Feb 20 11:48:35 HOSTNAME /usr/libexec/gdm-x-session[2300]: (**) NVIDIA(0): Enabling 2D acceleration
Feb 20 11:48:35 HOSTNAME /usr/libexec/gdm-x-session[2300]: (II) Loading sub module "glxserver_nvidia"
Feb 20 11:48:35 HOSTNAME /usr/libexec/gdm-x-session[2300]: (II) LoadModule: "glxserver_nvidia"
Feb 20 11:48:35 HOSTNAME /usr/libexec/gdm-x-session[2300]: (II) Loading /usr/lib/x86_64-linux-gnu/nvidia/xorg/libglxserver_nvidia.so
Feb 20 11:48:35 HOSTNAME /usr/libexec/gdm-x-session[2300]: (II) Module glxserver_nvidia: vendor="NVIDIA Corporation"
Feb 20 11:48:35 HOSTNAME /usr/libexec/gdm-x-session[2300]:         compiled for 1.6.99.901, module version = 1.0.0
Feb 20 11:48:35 HOSTNAME /usr/libexec/gdm-x-session[2300]:         Module class: X.Org Server Extension
Feb 20 11:48:35 HOSTNAME /usr/libexec/gdm-x-session[2300]: (II) NVIDIA GLX Module  535.183.01  Sun May 12 19:37:53 UTC 2024
Feb 20 11:48:35 HOSTNAME /usr/libexec/gdm-x-session[2300]: (II) NVIDIA: The X server supports PRIME Render Offload.
Feb 20 11:48:35 HOSTNAME /usr/libexec/gdm-x-session[2300]: (--) NVIDIA(0): Valid display device(s) on GPU-0 at PCI:10:0:0
Feb 20 11:48:35 HOSTNAME /usr/libexec/gdm-x-session[2300]: (--) NVIDIA(0):     DFP-0
Feb 20 11:48:35 HOSTNAME /usr/libexec/gdm-x-session[2300]: (--) NVIDIA(0):     DFP-1
Feb 20 11:48:35 HOSTNAME /usr/libexec/gdm-x-session[2300]: (--) NVIDIA(0):     DFP-2
Feb 20 11:48:35 HOSTNAME /usr/libexec/gdm-x-session[2300]: (--) NVIDIA(0):     DFP-3
Feb 20 11:48:35 HOSTNAME /usr/libexec/gdm-x-session[2300]: (--) NVIDIA(0):     DFP-4
Feb 20 11:48:35 HOSTNAME /usr/libexec/gdm-x-session[2300]: (--) NVIDIA(0):     DFP-5 (boot)
Feb 20 11:48:35 HOSTNAME /usr/libexec/gdm-x-session[2300]: (--) NVIDIA(0):     DFP-6
Feb 20 11:48:35 HOSTNAME /usr/libexec/gdm-x-session[2300]: (--) NVIDIA(0):     DFP-7
Feb 20 11:48:35 HOSTNAME /usr/libexec/gdm-x-session[2300]: (II) NVIDIA(0): NVIDIA GPU NVIDIA GeForce RTX 3090 Ti (GA102-A) at PCI:10:0:0
Feb 20 11:48:35 HOSTNAME /usr/libexec/gdm-x-session[2300]: (II) NVIDIA(0):     (GPU-0)
Feb 20 11:48:35 HOSTNAME /usr/libexec/gdm-x-session[2300]: (--) NVIDIA(0): Memory: 25153536 kBytes
Feb 20 11:48:35 HOSTNAME /usr/libexec/gdm-x-session[2300]: (--) NVIDIA(0): VideoBIOS: 94.02.a0.00.36
Feb 20 11:48:35 HOSTNAME /usr/libexec/gdm-x-session[2300]: (II) NVIDIA(0): Detected PCI Express Link width: 16X
Feb 20 11:48:35 HOSTNAME /usr/libexec/gdm-x-session[2300]: (--) NVIDIA(GPU-0): DFP-0: disconnected
Feb 20 11:48:35 HOSTNAME /usr/libexec/gdm-x-session[2300]: (--) NVIDIA(GPU-0): DFP-0: Internal DisplayPort
Feb 20 11:48:35 HOSTNAME /usr/libexec/gdm-x-session[2300]: (--) NVIDIA(GPU-0): DFP-0: 2670.0 MHz maximum pixel clock
Feb 20 11:48:35 HOSTNAME /usr/libexec/gdm-x-session[2300]: (--) NVIDIA(GPU-0):
Feb 20 11:48:35 HOSTNAME /usr/libexec/gdm-x-session[2300]: (--) NVIDIA(GPU-0): DFP-1: disconnected
Feb 20 11:48:35 HOSTNAME /usr/libexec/gdm-x-session[2300]: (--) NVIDIA(GPU-0): DFP-1: Internal TMDS
Feb 20 11:48:35 HOSTNAME /usr/libexec/gdm-x-session[2300]: (--) NVIDIA(GPU-0): DFP-1: 165.0 MHz maximum pixel clock
Feb 20 11:48:35 HOSTNAME /usr/libexec/gdm-x-session[2300]: (--) NVIDIA(GPU-0):
Feb 20 11:48:35 HOSTNAME /usr/libexec/gdm-x-session[2300]: (--) NVIDIA(GPU-0): Acer EB321HQU C (DFP-2): connected
Feb 20 11:48:35 HOSTNAME /usr/libexec/gdm-x-session[2300]: (--) NVIDIA(GPU-0): Acer EB321HQU C (DFP-2): Internal TMDS
Feb 20 11:48:35 HOSTNAME /usr/libexec/gdm-x-session[2300]: (--) NVIDIA(GPU-0): Acer EB321HQU C (DFP-2): 600.0 MHz maximum pixel clock
Feb 20 11:48:35 HOSTNAME /usr/libexec/gdm-x-session[2300]: (--) NVIDIA(GPU-0):
Feb 20 11:48:35 HOSTNAME /usr/libexec/gdm-x-session[2300]: (--) NVIDIA(GPU-0): DFP-3: disconnected
Feb 20 11:48:35 HOSTNAME /usr/libexec/gdm-x-session[2300]: (--) NVIDIA(GPU-0): DFP-3: Internal DisplayPort
Feb 20 11:48:35 HOSTNAME /usr/libexec/gdm-x-session[2300]: (--) NVIDIA(GPU-0): DFP-3: 2670.0 MHz maximum pixel clock
Feb 20 11:48:35 HOSTNAME /usr/libexec/gdm-x-session[2300]: (--) NVIDIA(GPU-0):
Feb 20 11:48:35 HOSTNAME /usr/libexec/gdm-x-session[2300]: (--) NVIDIA(GPU-0): DFP-4: disconnected
Feb 20 11:48:35 HOSTNAME /usr/libexec/gdm-x-session[2300]: (--) NVIDIA(GPU-0): DFP-4: Internal TMDS
Feb 20 11:48:35 HOSTNAME /usr/libexec/gdm-x-session[2300]: (--) NVIDIA(GPU-0): DFP-4: 165.0 MHz maximum pixel clock
Feb 20 11:48:35 HOSTNAME /usr/libexec/gdm-x-session[2300]: (--) NVIDIA(GPU-0):
Feb 20 11:48:35 HOSTNAME /usr/libexec/gdm-x-session[2300]: (--) NVIDIA(GPU-0): Wacom Tech Cintiq 16 (DFP-5): connected
Feb 20 11:48:35 HOSTNAME /usr/libexec/gdm-x-session[2300]: (--) NVIDIA(GPU-0): Wacom Tech Cintiq 16 (DFP-5): Internal TMDS
Feb 20 11:48:35 HOSTNAME /usr/libexec/gdm-x-session[2300]: (--) NVIDIA(GPU-0): Wacom Tech Cintiq 16 (DFP-5): 600.0 MHz maximum pixel clock
Feb 20 11:48:35 HOSTNAME /usr/libexec/gdm-x-session[2300]: (--) NVIDIA(GPU-0):
Feb 20 11:48:35 HOSTNAME /usr/libexec/gdm-x-session[2300]: (--) NVIDIA(GPU-0): DFP-6: disconnected
Feb 20 11:48:35 HOSTNAME /usr/libexec/gdm-x-session[2300]: (--) NVIDIA(GPU-0): DFP-6: Internal DisplayPort
Feb 20 11:48:35 HOSTNAME /usr/libexec/gdm-x-session[2300]: (--) NVIDIA(GPU-0): DFP-6: 2670.0 MHz maximum pixel clock
Feb 20 11:48:35 HOSTNAME /usr/libexec/gdm-x-session[2300]: (--) NVIDIA(GPU-0):
Feb 20 11:48:35 HOSTNAME /usr/libexec/gdm-x-session[2300]: (--) NVIDIA(GPU-0): DFP-7: disconnected
Feb 20 11:48:35 HOSTNAME /usr/libexec/gdm-x-session[2300]: (--) NVIDIA(GPU-0): DFP-7: Internal TMDS
Feb 20 11:48:35 HOSTNAME /usr/libexec/gdm-x-session[2300]: (--) NVIDIA(GPU-0): DFP-7: 165.0 MHz maximum pixel clock
Feb 20 11:48:35 HOSTNAME /usr/libexec/gdm-x-session[2300]: (--) NVIDIA(GPU-0):
Feb 20 11:48:35 HOSTNAME /usr/libexec/gdm-x-session[2300]: (==) NVIDIA(0):
Feb 20 11:48:35 HOSTNAME /usr/libexec/gdm-x-session[2300]: (==) NVIDIA(0): No modes were requested; the default mode "nvidia-auto-select"
Feb 20 11:48:35 HOSTNAME /usr/libexec/gdm-x-session[2300]: (==) NVIDIA(0):     will be used as the requested mode.
Feb 20 11:48:35 HOSTNAME /usr/libexec/gdm-x-session[2300]: (==) NVIDIA(0):
Feb 20 11:48:35 HOSTNAME /usr/libexec/gdm-x-session[2300]: (II) NVIDIA(0): Validated MetaModes:
Feb 20 11:48:35 HOSTNAME /usr/libexec/gdm-x-session[2300]: (II) NVIDIA(0):     "DFP-5:nvidia-auto-select,DFP-2:nvidia-auto-select"
Feb 20 11:48:35 HOSTNAME /usr/libexec/gdm-x-session[2300]: (II) NVIDIA(0): Virtual screen size determined to be 4480 x 1440
Feb 20 11:48:35 HOSTNAME /usr/libexec/gdm-x-session[2300]: (--) NVIDIA(0): DPI set to (143, 144); computed from "UseEdidDpi" X config
Feb 20 11:48:35 HOSTNAME /usr/libexec/gdm-x-session[2300]: (--) NVIDIA(0):     option
Feb 20 11:48:35 HOSTNAME /usr/libexec/gdm-x-session[2300]: (**) NVIDIA(G0): Depth 24, (--) framebuffer bpp 32
Feb 20 11:48:35 HOSTNAME /usr/libexec/gdm-x-session[2300]: (==) NVIDIA(G0): RGB weight 888
Feb 20 11:48:35 HOSTNAME /usr/libexec/gdm-x-session[2300]: (==) NVIDIA(G0): Default visual is TrueColor
Feb 20 11:48:35 HOSTNAME /usr/libexec/gdm-x-session[2300]: (==) NVIDIA(G0): Using gamma correction (1.0, 1.0, 1.0)
Feb 20 11:48:35 HOSTNAME /usr/libexec/gdm-x-session[2300]: (II) Applying OutputClass "nvidia" options to /dev/dri/card1
Feb 20 11:48:35 HOSTNAME /usr/libexec/gdm-x-session[2300]: (**) NVIDIA(G0): Option "AllowEmptyInitialConfiguration"
Feb 20 11:48:35 HOSTNAME /usr/libexec/gdm-x-session[2300]: (**) NVIDIA(G0): Enabling 2D acceleration
Feb 20 11:48:35 HOSTNAME /usr/libexec/gdm-x-session[2300]: (II) NVIDIA: The X server supports PRIME Render Offload.
Feb 20 11:48:35 HOSTNAME /usr/libexec/gdm-x-session[2300]: (EE) NVIDIA(GPU-1): Failed to initialize the NVIDIA graphics device!
Feb 20 11:48:35 HOSTNAME /usr/libexec/gdm-x-session[2300]: (EE) NVIDIA(G0): Failing initialization of X screen
Feb 20 11:48:35 HOSTNAME /usr/libexec/gdm-x-session[2300]: (II) UnloadModule: "nvidia"
Feb 20 11:48:35 HOSTNAME /usr/libexec/gdm-x-session[2300]: (II) UnloadSubModule: "wfb"
Feb 20 11:48:35 HOSTNAME /usr/libexec/gdm-x-session[2300]: (WW) NVIDIA: Failed to bind sideband socket to
Feb 20 11:48:35 HOSTNAME /usr/libexec/gdm-x-session[2300]: (WW) NVIDIA:     '/var/run/nvidia-xdriver-40bf478e' Permission denied
Feb 20 11:48:35 HOSTNAME /usr/libexec/gdm-x-session[2300]: (EE) NVIDIA(GPU-1): Failed to initialize the NVIDIA graphics device!
Feb 20 11:48:35 HOSTNAME /usr/libexec/gdm-x-session[2300]: (II) NVIDIA(GPU-1): Deleting GPU-1
Feb 20 11:48:35 HOSTNAME /usr/libexec/gdm-x-session[2300]: (II) NVIDIA: Reserving 24576.00 MB of virtual memory for indirect memory
Feb 20 11:48:35 HOSTNAME /usr/libexec/gdm-x-session[2300]: (II) NVIDIA:     access.
Feb 20 11:48:35 HOSTNAME /usr/libexec/gdm-x-session[2300]: (II) NVIDIA(0): Setting mode "DFP-5:nvidia-auto-select,DFP-2:nvidia-auto-select"
Feb 20 11:48:35 HOSTNAME /usr/libexec/gdm-x-session[2300]: (==) NVIDIA(0): Disabling shared memory pixmaps
Feb 20 11:48:35 HOSTNAME /usr/libexec/gdm-x-session[2300]: (==) NVIDIA(0): Backing store enabled
Feb 20 11:48:35 HOSTNAME /usr/libexec/gdm-x-session[2300]: (==) NVIDIA(0): Silken mouse enabled
Feb 20 11:48:35 HOSTNAME /usr/libexec/gdm-x-session[2300]: (**) NVIDIA(0): DPMS enabled
Feb 20 11:48:35 HOSTNAME /usr/libexec/gdm-x-session[2300]: (II) Loading sub module "dri2"
Feb 20 11:48:35 HOSTNAME /usr/libexec/gdm-x-session[2300]: (II) LoadModule: "dri2"
Feb 20 11:48:35 HOSTNAME /usr/libexec/gdm-x-session[2300]: (II) Module "dri2" already built-in
Feb 20 11:48:35 HOSTNAME /usr/libexec/gdm-x-session[2300]: (II) NVIDIA(0): [DRI2] Setup complete
Feb 20 11:48:35 HOSTNAME /usr/libexec/gdm-x-session[2300]: (II) NVIDIA(0): [DRI2]   VDPAU driver: nvidia
Feb 20 11:48:35 HOSTNAME /usr/libexec/gdm-x-session[2300]: (II) Initializing extension Generic Event Extension
Feb 20 11:48:35 HOSTNAME /usr/libexec/gdm-x-session[2300]: (II) Initializing extension SHAPE
Feb 20 11:48:35 HOSTNAME /usr/libexec/gdm-x-session[2300]: (II) Initializing extension MIT-SHM
Feb 20 11:48:35 HOSTNAME /usr/libexec/gdm-x-session[2300]: (II) Initializing extension XInputExtension
Feb 20 11:48:35 HOSTNAME /usr/libexec/gdm-x-session[2300]: (II) Initializing extension XTEST
Feb 20 11:48:35 HOSTNAME /usr/libexec/gdm-x-session[2300]: (II) Initializing extension BIG-REQUESTS
Feb 20 11:48:35 HOSTNAME /usr/libexec/gdm-x-session[2300]: (II) Initializing extension SYNC
Feb 20 11:48:35 HOSTNAME /usr/libexec/gdm-x-session[2300]: (II) Initializing extension XKEYBOARD
Feb 20 11:48:35 HOSTNAME /usr/libexec/gdm-x-session[2300]: (II) Initializing extension XC-MISC
Feb 20 11:48:35 HOSTNAME /usr/libexec/gdm-x-session[2300]: (II) Initializing extension SECURITY
Feb 20 11:48:35 HOSTNAME /usr/libexec/gdm-x-session[2300]: (II) Initializing extension XFIXES
Feb 20 11:48:35 HOSTNAME /usr/libexec/gdm-x-session[2300]: (II) Initializing extension RENDER
Feb 20 11:48:35 HOSTNAME /usr/libexec/gdm-x-session[2300]: (II) Initializing extension RANDR
Feb 20 11:48:35 HOSTNAME /usr/libexec/gdm-x-session[2300]: (II) Initializing extension COMPOSITE
Feb 20 11:48:35 HOSTNAME /usr/libexec/gdm-x-session[2300]: (II) Initializing extension DAMAGE
Feb 20 11:48:35 HOSTNAME /usr/libexec/gdm-x-session[2300]: (II) Initializing extension MIT-SCREEN-SAVER
Feb 20 11:48:35 HOSTNAME /usr/libexec/gdm-x-session[2300]: (II) Initializing extension DOUBLE-BUFFER
Feb 20 11:48:35 HOSTNAME /usr/libexec/gdm-x-session[2300]: (II) Initializing extension RECORD
Feb 20 11:48:35 HOSTNAME /usr/libexec/gdm-x-session[2300]: (II) Initializing extension DPMS
Feb 20 11:48:35 HOSTNAME /usr/libexec/gdm-x-session[2300]: (II) Initializing extension Present
Feb 20 11:48:35 HOSTNAME /usr/libexec/gdm-x-session[2300]: (II) Initializing extension DRI3
Feb 20 11:48:35 HOSTNAME /usr/libexec/gdm-x-session[2300]: (II) Initializing extension X-Resource
Feb 20 11:48:35 HOSTNAME /usr/libexec/gdm-x-session[2300]: (II) Initializing extension XVideo
Feb 20 11:48:35 HOSTNAME /usr/libexec/gdm-x-session[2300]: (II) Initializing extension XVideo-MotionCompensation
Feb 20 11:48:35 HOSTNAME /usr/libexec/gdm-x-session[2300]: (II) Initializing extension SELinux
Feb 20 11:48:35 HOSTNAME /usr/libexec/gdm-x-session[2300]: (II) SELinux: Disabled on system
Feb 20 11:48:35 HOSTNAME /usr/libexec/gdm-x-session[2300]: (II) Initializing extension GLX
Feb 20 11:48:35 HOSTNAME /usr/libexec/gdm-x-session[2300]: (II) Initializing extension GLX
Feb 20 11:48:35 HOSTNAME /usr/libexec/gdm-x-session[2300]: (II) Indirect GLX disabled.
Feb 20 11:48:35 HOSTNAME /usr/libexec/gdm-x-session[2300]: (II) GLX: Another vendor is already registered for screen 0
Feb 20 11:48:35 HOSTNAME /usr/libexec/gdm-x-session[2300]: (II) Initializing extension XFree86-VidModeExtension
Feb 20 11:48:35 HOSTNAME /usr/libexec/gdm-x-session[2300]: (II) Initializing extension XFree86-DGA
Feb 20 11:48:35 HOSTNAME /usr/libexec/gdm-x-session[2300]: (II) Initializing extension XFree86-DRI
Feb 20 11:48:35 HOSTNAME /usr/libexec/gdm-x-session[2300]: (II) Initializing extension DRI2
Feb 20 11:48:35 HOSTNAME /usr/libexec/gdm-x-session[2300]: (II) Initializing extension NV-GLX
Feb 20 11:48:35 HOSTNAME /usr/libexec/gdm-x-session[2300]: (II) Initializing extension NV-CONTROL
Feb 20 11:48:35 HOSTNAME /usr/libexec/gdm-x-session[2300]: (II) Initializing extension XINERAMA
Feb 20 11:48:35 HOSTNAME /usr/libexec/gdm-x-session[2300]: (II) config/udev: Adding input device Power Button (/dev/input/event1)
Feb 20 11:48:35 HOSTNAME /usr/libexec/gdm-x-session[2300]: (**) Power Button: Applying InputClass "libinput keyboard catchall"
Feb 20 11:48:35 HOSTNAME /usr/libexec/gdm-x-session[2300]: (II) LoadModule: "libinput"
Feb 20 11:48:35 HOSTNAME /usr/libexec/gdm-x-session[2300]: (II) Loading /usr/lib/xorg/modules/input/libinput_drv.so
Feb 20 11:48:35 HOSTNAME /usr/libexec/gdm-x-session[2300]: (II) Module libinput: vendor="X.Org Foundation"
Feb 20 11:48:35 HOSTNAME /usr/libexec/gdm-x-session[2300]:         compiled for 1.20.14, module version = 1.2.1
Feb 20 11:48:35 HOSTNAME /usr/libexec/gdm-x-session[2300]:         Module class: X.Org XInput Driver
Feb 20 11:48:35 HOSTNAME /usr/libexec/gdm-x-session[2300]:         ABI class: X.Org XInput driver, version 24.1
Feb 20 11:48:35 HOSTNAME /usr/libexec/gdm-x-session[2300]: (II) Using input driver 'libinput' for 'Power Button'
Feb 20 11:48:35 HOSTNAME /usr/libexec/gdm-x-session[2300]: (II) systemd-logind: got fd for /dev/input/event1 13:65 fd 39 paused 0
Feb 20 11:48:35 HOSTNAME /usr/libexec/gdm-x-session[2300]: (**) Power Button: always reports core events
Feb 20 11:48:35 HOSTNAME /usr/libexec/gdm-x-session[2300]: (**) Option "Device" "/dev/input/event1"
Feb 20 11:48:35 HOSTNAME /usr/libexec/gdm-x-session[2300]: (II) event1  - Power Button: is tagged by udev as: Keyboard
Feb 20 11:48:35 HOSTNAME /usr/libexec/gdm-x-session[2300]: (II) event1  - Power Button: device is a keyboard
Feb 20 11:48:35 HOSTNAME /usr/libexec/gdm-x-session[2300]: (II) event1  - Power Button: device removed
Feb 20 11:48:35 HOSTNAME /usr/libexec/gdm-x-session[2300]: (**) Option "config_info" "udev:/sys/devices/LNXSYSTM:00/LNXPWRBN:00/input/input1/event1"
Feb 20 11:48:35 HOSTNAME /usr/libexec/gdm-x-session[2300]: (II) XINPUT: Adding extended input device "Power Button" (type: KEYBOARD, id 6)
Feb 20 11:48:35 HOSTNAME /usr/libexec/gdm-x-session[2300]: (**) Option "xkb_model" "pc105"
Feb 20 11:48:35 HOSTNAME /usr/libexec/gdm-x-session[2300]: (**) Option "xkb_layout" "us"
Feb 20 11:48:35 HOSTNAME /usr/libexec/gdm-x-session[2300]: (II) event1  - Power Button: is tagged by udev as: Keyboard
Feb 20 11:48:35 HOSTNAME /usr/libexec/gdm-x-session[2300]: (II) event1  - Power Button: device is a keyboard
Feb 20 11:48:35 HOSTNAME /usr/libexec/gdm-x-session[2300]: (II) config/udev: Adding input device Power Button (/dev/input/event0)
Feb 20 11:48:35 HOSTNAME /usr/libexec/gdm-x-session[2300]: (**) Power Button: Applying InputClass "libinput keyboard catchall"
Feb 20 11:48:35 HOSTNAME /usr/libexec/gdm-x-session[2300]: (II) Using input driver 'libinput' for 'Power Button'
Feb 20 11:48:35 HOSTNAME /usr/libexec/gdm-x-session[2300]: (II) systemd-logind: got fd for /dev/input/event0 13:64 fd 42 paused 0
Feb 20 11:48:35 HOSTNAME /usr/libexec/gdm-x-session[2300]: (**) Power Button: always reports core events
Feb 20 11:48:35 HOSTNAME /usr/libexec/gdm-x-session[2300]: (**) Option "Device" "/dev/input/event0"
Feb 20 11:48:35 HOSTNAME /usr/libexec/gdm-x-session[2300]: (II) event0  - Power Button: is tagged by udev as: Keyboard
Feb 20 11:48:35 HOSTNAME /usr/libexec/gdm-x-session[2300]: (II) event0  - Power Button: device is a keyboard
Feb 20 11:48:35 HOSTNAME /usr/libexec/gdm-x-session[2300]: (II) event0  - Power Button: device removed
Feb 20 11:48:35 HOSTNAME /usr/libexec/gdm-x-session[2300]: (**) Option "config_info" "udev:/sys/devices/LNXSYSTM:00/LNXSYBUS:00/PNP0C0C:00/input/input0/event0"
Feb 20 11:48:35 HOSTNAME /usr/libexec/gdm-x-session[2300]: (II) XINPUT: Adding extended input device "Power Button" (type: KEYBOARD, id 7)
Feb 20 11:48:35 HOSTNAME /usr/libexec/gdm-x-session[2300]: (**) Option "xkb_model" "pc105"
Feb 20 11:48:35 HOSTNAME /usr/libexec/gdm-x-session[2300]: (**) Option "xkb_layout" "us"
Feb 20 11:48:35 HOSTNAME /usr/libexec/gdm-x-session[2300]: (II) event0  - Power Button: is tagged by udev as: Keyboard
Feb 20 11:48:35 HOSTNAME /usr/libexec/gdm-x-session[2300]: (II) event0  - Power Button: device is a keyboard
Feb 20 11:48:35 HOSTNAME /usr/libexec/gdm-x-session[2300]: (II) config/udev: Adding input device Wacom Intuos Pro L Pen (/dev/input/event16)
Feb 20 11:48:35 HOSTNAME /usr/libexec/gdm-x-session[2300]: (**) Wacom Intuos Pro L Pen: Applying InputClass "libinput tablet catchall"
Feb 20 11:48:35 HOSTNAME /usr/libexec/gdm-x-session[2300]: (**) Wacom Intuos Pro L Pen: Applying InputClass "Wacom USB tablet class"
Feb 20 11:48:35 HOSTNAME /usr/libexec/gdm-x-session[2300]: (**) Wacom Intuos Pro L Pen: Applying InputClass "Wacom tablet class"
Feb 20 11:48:35 HOSTNAME /usr/libexec/gdm-x-session[2300]: (II) LoadModule: "wacom"
Feb 20 11:48:35 HOSTNAME /usr/libexec/gdm-x-session[2300]: (II) Loading /usr/lib/xorg/modules/input/wacom_drv.so
Feb 20 11:48:35 HOSTNAME /usr/libexec/gdm-x-session[2300]: (II) Module wacom: vendor="X.Org Foundation"
Feb 20 11:48:35 HOSTNAME /usr/libexec/gdm-x-session[2300]:         compiled for 1.21.1.3, module version = 1.0.0
Feb 20 11:48:35 HOSTNAME /usr/libexec/gdm-x-session[2300]:         Module class: X.Org XInput Driver
Feb 20 11:48:35 HOSTNAME /usr/libexec/gdm-x-session[2300]:         ABI class: X.Org XInput driver, version 24.4
Feb 20 11:48:35 HOSTNAME /usr/libexec/gdm-x-session[2300]: (II) Build version: 1.0.0
Feb 20 11:48:35 HOSTNAME /usr/libexec/gdm-x-session[2300]: (II) wacom: Driver for Wacom graphics tablets: PenPartner, Graphire,
Feb 20 11:48:35 HOSTNAME /usr/libexec/gdm-x-session[2300]:         Graphire2 4x5, Graphire2 5x7, Graphire3 4x5, Graphire3 6x8,
Feb 20 11:48:35 HOSTNAME /usr/libexec/gdm-x-session[2300]:         Graphire4 4x5, Graphire4 6x8, BambooFun 4x5, BambooFun 6x8,
Feb 20 11:48:35 HOSTNAME /usr/libexec/gdm-x-session[2300]:         Bamboo1 Medium, Graphire4 6x8 BlueTooth, CTL-460, CTH-461, CTL-660,
Feb 20 11:48:35 HOSTNAME /usr/libexec/gdm-x-session[2300]:         CTL-461/S, Bamboo Touch, CTH-460/K, CTH-461/S, CTH-661/S1, CTH-461/L,
Feb 20 11:48:35 HOSTNAME /usr/libexec/gdm-x-session[2300]:         CTH-661/L, Intuos 4x5, Intuos 6x8, Intuos 9x12, Intuos 12x12,
Feb 20 11:48:35 HOSTNAME /usr/libexec/gdm-x-session[2300]:         Intuos 12x18, PTU600, PL400, PL500, PL600, PL600SX, PL550, PL800,
Feb 20 11:48:35 HOSTNAME /usr/libexec/gdm-x-session[2300]:         PL700, PL510, PL710, DTI520, DTF720, DTF720a, DTF521, DTU1931,
Feb 20 11:48:35 HOSTNAME /usr/libexec/gdm-x-session[2300]:         DTU2231, DTU1631, DTH1152, DTH1152, DTK2451, DTH2452, DTH2452,
Feb 20 11:48:35 HOSTNAME /usr/libexec/gdm-x-session[2300]:         Wacom One Pen Display 13, Intuos2 4x5, Intuos2 6x8, Intuos2 9x12,
Feb 20 11:48:35 HOSTNAME /usr/libexec/gdm-x-session[2300]:         Intuos2 12x12, Intuos2 12x18, Intuos2 6x8 , Volito, PenStation,
Feb 20 11:48:35 HOSTNAME /usr/libexec/gdm-x-session[2300]:         Volito2 4x5, Volito2 2x3, PenPartner2, Bamboo, Bamboo1, Bamboo1 4x6,
Feb 20 11:48:35 HOSTNAME /usr/libexec/gdm-x-session[2300]:         Bamboo1 5x8, Intuos3 4x5, Intuos3 6x8, Intuos3 9x12, Intuos3 12x12,
Feb 20 11:48:35 HOSTNAME /usr/libexec/gdm-x-session[2300]:         Intuos3 12x19, Intuos3 6x11, Intuos3 4x6, Intuos4 4x6, Intuos4 6x9,
Feb 20 11:48:35 HOSTNAME /usr/libexec/gdm-x-session[2300]:         Intuos4 8x13, Intuos4 12x19, Intuos4 WL USB Endpoint,
Feb 20 11:48:35 HOSTNAME /usr/libexec/gdm-x-session[2300]:         Intuos4 WL Bluetooth Endpoint, Intuos5 touch S, Intuos5 touch M,
Feb 20 11:48:35 HOSTNAME /usr/libexec/gdm-x-session[2300]:         Intuos5 touch L, Intuos5 S, Intuos5 M, Intuos Pro S, Intuos Pro M,
Feb 20 11:48:35 HOSTNAME /usr/libexec/gdm-x-session[2300]:         Intuos Pro L, Cintiq 21UX, Cintiq 20WSX, Cintiq 12WX, Cintiq 21UX2,
Feb 20 11:48:35 HOSTNAME /usr/libexec/gdm-x-session[2300]:         Cintiq 24HD, Cintiq 22HD, Cintiq 24HD touch (EMR digitizer),
Feb 20 11:48:35 HOSTNAME /usr/libexec/gdm-x-session[2300]:         Cintiq 13HD, DTK2241, DTH2242, Cintiq 22HDT, Cintiq 27QHDT,
Feb 20 11:48:35 HOSTNAME /usr/libexec/gdm-x-session[2300]:         Cintiq 27QHDT, Mobilestudio Pro 13, MobileStudio Pro 16,
Feb 20 11:48:35 HOSTNAME /usr/libexec/gdm-x-session[2300]:         MobileStudio Pro 13, MobileStudio Pro 16, Cintiq 13 FHD Pro,
Feb 20 11:48:35 HOSTNAME /usr/libexec/gdm-x-session[2300]:         Cintiq 16 UHD Pro, Cintiq Pro 24, Cintiq Pro 32, Cintiq 13 FHD Pro,
Feb 20 11:48:35 HOSTNAME /usr/libexec/gdm-x-session[2300]:         Cintiq 16 UHD Pro, Cintiq Pro 24, Cintiq Pro 32, Cintiq Pro 24,
Feb 20 11:48:35 HOSTNAME /usr/libexec/gdm-x-session[2300]:         Mobilestudio Pro 13, MobileStudio Pro 16, MobileStudio Pro 13,
Feb 20 11:48:35 HOSTNAME /usr/libexec/gdm-x-session[2300]:         MobileStudio Pro 16, MobileStudio Pro 16, MobileStudio Pro 16,
Feb 20 11:48:35 HOSTNAME /usr/libexec/gdm-x-session[2300]:         TabletPC 0x90, TabletPC 0x93, TabletPC 0x97, TabletPC 0x9A,
Feb 20 11:48:35 HOSTNAME /usr/libexec/gdm-x-session[2300]:         CapPlus  0x9F, TabletPC 0xE2, TabletPC 0xE3, TabletPC 0xE5,
Feb 20 11:48:35 HOSTNAME /usr/libexec/gdm-x-session[2300]:         TabletPC 0xE6, TabletPC 0xEC, TabletPC 0xED, TabletPC 0xEF,
Feb 20 11:48:35 HOSTNAME /usr/libexec/gdm-x-session[2300]:         TabletPC 0x100, TabletPC 0x101, TabletPC 0x10D, TabletPC 0x116,
Feb 20 11:48:35 HOSTNAME /usr/libexec/gdm-x-session[2300]:         TabletPC 0x12C, TabletPC 0x4001, TabletPC 0x4004, TabletPC 0x5000,
Feb 20 11:48:35 HOSTNAME /usr/libexec/gdm-x-session[2300]:         TabletPC 0x5002, usb:172f:0024, usb:172f:0025, usb:172f:0026,
Feb 20 11:48:35 HOSTNAME /usr/libexec/gdm-x-session[2300]:         usb:172f:0027, usb:172f:0028, usb:172f:0030, usb:172f:0031,
Feb 20 11:48:35 HOSTNAME /usr/libexec/gdm-x-session[2300]:         usb:172f:0032, usb:172f:0033, usb:172f:0034, usb:172f:0035,
Feb 20 11:48:35 HOSTNAME /usr/libexec/gdm-x-session[2300]:         usb:172f:0036, usb:172f:0037, usb:172f:0038, usb:172f:0039,
Feb 20 11:48:35 HOSTNAME /usr/libexec/gdm-x-session[2300]:         usb:172f:0051, usb:172f:0052, usb:172f:0053, usb:172f:0054,
Feb 20 11:48:35 HOSTNAME /usr/libexec/gdm-x-session[2300]:         usb:172f:0055, usb:172f:0056, usb:172f:0057, usb:172f:0058,
Feb 20 11:48:35 HOSTNAME /usr/libexec/gdm-x-session[2300]:         usb:172f:0500, usb:172f:0501, usb:172f:0502, usb:172f:0503,
Feb 20 11:48:35 HOSTNAME /usr/libexec/gdm-x-session[2300]:         usb:1b96:0001, usb:17ef:6004
Feb 20 11:48:35 HOSTNAME /usr/libexec/gdm-x-session[2300]: (II) Using input driver 'wacom' for 'Wacom Intuos Pro L Pen'
Feb 20 11:48:35 HOSTNAME /usr/libexec/gdm-x-session[2300]: (II) systemd-logind: got fd for /dev/input/event16 13:80 fd 43 paused 0
Feb 20 11:48:35 HOSTNAME /usr/libexec/gdm-x-session[2300]: (**) Wacom Intuos Pro L Pen: always reports core events
Feb 20 11:48:35 HOSTNAME /usr/libexec/gdm-x-session[2300]: (**) Option "Device" "/dev/input/event16"
Feb 20 11:48:35 HOSTNAME /usr/libexec/gdm-x-session[2300]: (II) wacom: Wacom Intuos Pro L Pen: type not specified, assuming 'stylus'.
Feb 20 11:48:35 HOSTNAME /usr/libexec/gdm-x-session[2300]: (II) wacom: Wacom Intuos Pro L Pen: other types will be automatically added.
Feb 20 11:48:35 HOSTNAME /usr/libexec/gdm-x-session[2300]: (--) wacom: Wacom Intuos Pro L Pen stylus: using pressure threshold of 851 for button 1
Feb 20 11:48:35 HOSTNAME /usr/libexec/gdm-x-session[2300]: (**) wacom: Wacom Intuos Pro L Pen stylus: panscroll is 0
Feb 20 11:48:35 HOSTNAME /usr/libexec/gdm-x-session[2300]: (**) wacom: Wacom Intuos Pro L Pen stylus: panscroll modified to 2600
Feb 20 11:48:35 HOSTNAME /usr/libexec/gdm-x-session[2300]: (--) wacom: Wacom Intuos Pro L Pen stylus: maxX=69800 maxY=39000 maxZ=8191 resX=200000 resY=200000  tilt=enabled
Feb 20 11:48:35 HOSTNAME /usr/libexec/gdm-x-session[2300]: (II) wacom: Wacom Intuos Pro L Pen stylus: hotplugging dependent devices.
Feb 20 11:48:35 HOSTNAME /usr/libexec/gdm-x-session[2300]: (II) wacom: Wacom Intuos Pro L Pen stylus: hotplugging completed.
Feb 20 11:48:35 HOSTNAME /usr/libexec/gdm-x-session[2300]: (**) Option "config_info" "udev:/sys/devices/pci0000:00/0000:00:01.2/0000:02:00.0/0000:03:08.0/0000:07:00.3/usb3/3-2/3-2.2/3-2.2.2/3-2.2.2.2/3-2.2.2.2:1.0/0003:056A:03F9.0005/input/input29/event16"
Feb 20 11:48:35 HOSTNAME /usr/libexec/gdm-x-session[2300]: (II) XINPUT: Adding extended input device "Wacom Intuos Pro L Pen stylus" (type: STYLUS, id 8)
Feb 20 11:48:35 HOSTNAME /usr/libexec/gdm-x-session[2300]: (**) Wacom Intuos Pro L Pen stylus: (accel) keeping acceleration scheme 1
Feb 20 11:48:35 HOSTNAME /usr/libexec/gdm-x-session[2300]: (**) Wacom Intuos Pro L Pen stylus: (accel) acceleration profile 0
Feb 20 11:48:35 HOSTNAME /usr/libexec/gdm-x-session[2300]: (**) Wacom Intuos Pro L Pen stylus: (accel) acceleration factor: 2.000
Feb 20 11:48:35 HOSTNAME /usr/libexec/gdm-x-session[2300]: (**) Wacom Intuos Pro L Pen stylus: (accel) acceleration threshold: 4
Feb 20 11:48:35 HOSTNAME /usr/libexec/gdm-x-session[2300]: (II) config/udev: Adding input device Wacom Intuos Pro L Pen (/dev/input/mouse0)
Feb 20 11:48:35 HOSTNAME /usr/libexec/gdm-x-session[2300]: (II) No input driver specified, ignoring this device.
Feb 20 11:48:35 HOSTNAME /usr/libexec/gdm-x-session[2300]: (II) This device may have been added with another device file.
Feb 20 11:48:35 HOSTNAME /usr/libexec/gdm-x-session[2300]: (II) config/udev: Adding input device Wacom Intuos Pro L Pad (/dev/input/event17)
Feb 20 11:48:35 HOSTNAME /usr/libexec/gdm-x-session[2300]: (**) Wacom Intuos Pro L Pad: Applying InputClass "libinput tablet catchall"
Feb 20 11:48:35 HOSTNAME /usr/libexec/gdm-x-session[2300]: (**) Wacom Intuos Pro L Pad: Applying InputClass "Wacom USB tablet class"
Feb 20 11:48:35 HOSTNAME /usr/libexec/gdm-x-session[2300]: (**) Wacom Intuos Pro L Pad: Applying InputClass "Wacom tablet class"
Feb 20 11:48:35 HOSTNAME /usr/libexec/gdm-x-session[2300]: (II) Using input driver 'wacom' for 'Wacom Intuos Pro L Pad'
Feb 20 11:48:35 HOSTNAME /usr/libexec/gdm-x-session[2300]: (II) systemd-logind: got fd for /dev/input/event17 13:81 fd 44 paused 0
Feb 20 11:48:35 HOSTNAME /usr/libexec/gdm-x-session[2300]: (**) Wacom Intuos Pro L Pad: always reports core events
Feb 20 11:48:35 HOSTNAME /usr/libexec/gdm-x-session[2300]: (**) Option "Device" "/dev/input/event17"
Feb 20 11:48:35 HOSTNAME /usr/libexec/gdm-x-session[2300]: (II) wacom: Wacom Intuos Pro L Pad: type not specified, assuming 'pad'.
Feb 20 11:48:35 HOSTNAME /usr/libexec/gdm-x-session[2300]: (II) wacom: Wacom Intuos Pro L Pad: other types will be automatically added.
Feb 20 11:48:35 HOSTNAME /usr/libexec/gdm-x-session[2300]: (**) wacom: Wacom Intuos Pro L Pad pad: panscroll is 0
Feb 20 11:48:35 HOSTNAME /usr/libexec/gdm-x-session[2300]: (**) wacom: Wacom Intuos Pro L Pad pad: panscroll modified to 1000
Feb 20 11:48:35 HOSTNAME /usr/libexec/gdm-x-session[2300]: (II) wacom: Wacom Intuos Pro L Pad pad: hotplugging dependent devices.
Feb 20 11:48:35 HOSTNAME /usr/libexec/gdm-x-session[2300]: (II) wacom: Wacom Intuos Pro L Pad pad: hotplugging completed.
Feb 20 11:48:35 HOSTNAME /usr/libexec/gdm-x-session[2300]: (**) Option "config_info" "udev:/sys/devices/pci0000:00/0000:00:01.2/0000:02:00.0/0000:03:08.0/0000:07:00.3/usb3/3-2/3-2.2/3-2.2.2/3-2.2.2.2/3-2.2.2.2:1.0/0003:056A:03F9.0005/input/input31/event17"
Feb 20 11:48:35 HOSTNAME /usr/libexec/gdm-x-session[2300]: (II) XINPUT: Adding extended input device "Wacom Intuos Pro L Pad pad" (type: PAD, id 9)
Feb 20 11:48:35 HOSTNAME /usr/libexec/gdm-x-session[2300]: (**) Wacom Intuos Pro L Pad pad: (accel) keeping acceleration scheme 1
Feb 20 11:48:35 HOSTNAME /usr/libexec/gdm-x-session[2300]: (**) Wacom Intuos Pro L Pad pad: (accel) acceleration profile 0
Feb 20 11:48:35 HOSTNAME /usr/libexec/gdm-x-session[2300]: (**) Wacom Intuos Pro L Pad pad: (accel) acceleration factor: 2.000
Feb 20 11:48:35 HOSTNAME /usr/libexec/gdm-x-session[2300]: (**) Wacom Intuos Pro L Pad pad: (accel) acceleration threshold: 4
Feb 20 11:48:35 HOSTNAME /usr/libexec/gdm-x-session[2300]: (II) config/udev: Adding input device Wacom Intuos Pro L Pad (/dev/input/js0)
Feb 20 11:48:35 HOSTNAME /usr/libexec/gdm-x-session[2300]: (II) No input driver specified, ignoring this device.
Feb 20 11:48:35 HOSTNAME /usr/libexec/gdm-x-session[2300]: (II) This device may have been added with another device file.
Feb 20 11:48:35 HOSTNAME /usr/libexec/gdm-x-session[2300]: (II) config/udev: Adding input device Dell Dell USB Keyboard (/dev/input/event14)
Feb 20 11:48:35 HOSTNAME /usr/libexec/gdm-x-session[2300]: (**) Dell Dell USB Keyboard: Applying InputClass "libinput keyboard catchall"
Feb 20 11:48:35 HOSTNAME /usr/libexec/gdm-x-session[2300]: (II) Using input driver 'libinput' for 'Dell Dell USB Keyboard'
Feb 20 11:48:35 HOSTNAME /usr/libexec/gdm-x-session[2300]: (II) systemd-logind: got fd for /dev/input/event14 13:78 fd 45 paused 0
Feb 20 11:48:35 HOSTNAME /usr/libexec/gdm-x-session[2300]: (**) Dell Dell USB Keyboard: always reports core events
Feb 20 11:48:35 HOSTNAME /usr/libexec/gdm-x-session[2300]: (**) Option "Device" "/dev/input/event14"
Feb 20 11:48:35 HOSTNAME /usr/libexec/gdm-x-session[2300]: (II) event14 - Dell Dell USB Keyboard: is tagged by udev as: Keyboard
Feb 20 11:48:35 HOSTNAME /usr/libexec/gdm-x-session[2300]: (II) event14 - Dell Dell USB Keyboard: device is a keyboard
Feb 20 11:48:35 HOSTNAME /usr/libexec/gdm-x-session[2300]: (II) event14 - Dell Dell USB Keyboard: device removed
Feb 20 11:48:35 HOSTNAME /usr/libexec/gdm-x-session[2300]: (**) Option "config_info" "udev:/sys/devices/pci0000:00/0000:00:01.2/0000:02:00.0/0000:03:08.0/0000:07:00.3/usb3/3-2/3-2.2/3-2.2.3/3-2.2.3:1.0/0003:413C:2003.0004/input/input14/event14"
Feb 20 11:48:35 HOSTNAME /usr/libexec/gdm-x-session[2300]: (II) XINPUT: Adding extended input device "Dell Dell USB Keyboard" (type: KEYBOARD, id 10)
Feb 20 11:48:35 HOSTNAME /usr/libexec/gdm-x-session[2300]: (**) Option "xkb_model" "pc105"
Feb 20 11:48:35 HOSTNAME /usr/libexec/gdm-x-session[2300]: (**) Option "xkb_layout" "us"
Feb 20 11:48:35 HOSTNAME /usr/libexec/gdm-x-session[2300]: (II) event14 - Dell Dell USB Keyboard: is tagged by udev as: Keyboard
Feb 20 11:48:35 HOSTNAME /usr/libexec/gdm-x-session[2300]: (II) event14 - Dell Dell USB Keyboard: device is a keyboard
Feb 20 11:48:35 HOSTNAME /usr/libexec/gdm-x-session[2300]: (II) config/udev: Adding input device Logitech G604  (/dev/input/event15)
Feb 20 11:48:35 HOSTNAME /usr/libexec/gdm-x-session[2300]: (**) Logitech G604 : Applying InputClass "libinput pointer catchall"
Feb 20 11:48:35 HOSTNAME /usr/libexec/gdm-x-session[2300]: (**) Logitech G604 : Applying InputClass "libinput keyboard catchall"
Feb 20 11:48:35 HOSTNAME /usr/libexec/gdm-x-session[2300]: (II) Using input driver 'libinput' for 'Logitech G604 '
Feb 20 11:48:35 HOSTNAME /usr/libexec/gdm-x-session[2300]: (II) systemd-logind: got fd for /dev/input/event15 13:79 fd 46 paused 0
Feb 20 11:48:35 HOSTNAME /usr/libexec/gdm-x-session[2300]: (**) Logitech G604 : always reports core events
Feb 20 11:48:35 HOSTNAME /usr/libexec/gdm-x-session[2300]: (**) Option "Device" "/dev/input/event15"
Feb 20 11:48:35 HOSTNAME /usr/libexec/gdm-x-session[2300]: (II) event15 - Logitech G604 : is tagged by udev as: Keyboard Mouse
Feb 20 11:48:35 HOSTNAME /usr/libexec/gdm-x-session[2300]: (II) event15 - Logitech G604 : device is a pointer
Feb 20 11:48:35 HOSTNAME /usr/libexec/gdm-x-session[2300]: (II) event15 - Logitech G604 : device is a keyboard
Feb 20 11:48:35 HOSTNAME /usr/libexec/gdm-x-session[2300]: (II) event15 - Logitech G604 : device removed
Feb 20 11:48:35 HOSTNAME /usr/libexec/gdm-x-session[2300]: (II) libinput: Logitech G604 : needs a virtual subdevice
Feb 20 11:48:35 HOSTNAME /usr/libexec/gdm-x-session[2300]: (**) Option "config_info" "udev:/sys/devices/pci0000:00/0000:00:01.2/0000:02:00.0/0000:03:08.0/0000:07:00.3/usb3/3-2/3-2.2/3-2.2.4/3-2.2.4:1.2/0003:046D:C539.0009/0003:046D:4085.000A/input/input28/event15"
Feb 20 11:48:35 HOSTNAME /usr/libexec/gdm-x-session[2300]: (II) XINPUT: Adding extended input device "Logitech G604 " (type: MOUSE, id 11)
Feb 20 11:48:35 HOSTNAME /usr/libexec/gdm-x-session[2300]: (**) Option "AccelerationScheme" "none"
Feb 20 11:48:35 HOSTNAME /usr/libexec/gdm-x-session[2300]: (**) Logitech G604 : (accel) selected scheme none/0
Feb 20 11:48:35 HOSTNAME /usr/libexec/gdm-x-session[2300]: (**) Logitech G604 : (accel) acceleration factor: 2.000
Feb 20 11:48:35 HOSTNAME /usr/libexec/gdm-x-session[2300]: (**) Logitech G604 : (accel) acceleration threshold: 4
Feb 20 11:48:35 HOSTNAME /usr/libexec/gdm-x-session[2300]: (II) event15 - Logitech G604 : is tagged by udev as: Keyboard Mouse
Feb 20 11:48:35 HOSTNAME /usr/libexec/gdm-x-session[2300]: (II) event15 - Logitech G604 : device is a pointer
Feb 20 11:48:35 HOSTNAME /usr/libexec/gdm-x-session[2300]: (II) event15 - Logitech G604 : device is a keyboard
Feb 20 11:48:35 HOSTNAME /usr/libexec/gdm-x-session[2300]: (II) config/udev: Adding input device Logitech G604  (/dev/input/mouse1)
Feb 20 11:48:35 HOSTNAME /usr/libexec/gdm-x-session[2300]: (II) No input driver specified, ignoring this device.
Feb 20 11:48:35 HOSTNAME /usr/libexec/gdm-x-session[2300]: (II) This device may have been added with another device file.
Feb 20 11:48:35 HOSTNAME /usr/libexec/gdm-x-session[2300]: (II) config/udev: Adding input device HDA NVidia HDMI/DP,pcm=3 (/dev/input/event3)
Feb 20 11:48:35 HOSTNAME /usr/libexec/gdm-x-session[2300]: (II) No input driver specified, ignoring this device.
Feb 20 11:48:35 HOSTNAME /usr/libexec/gdm-x-session[2300]: (II) This device may have been added with another device file.
Feb 20 11:48:35 HOSTNAME /usr/libexec/gdm-x-session[2300]: (II) config/udev: Adding input device HDA NVidia HDMI/DP,pcm=7 (/dev/input/event4)
Feb 20 11:48:35 HOSTNAME /usr/libexec/gdm-x-session[2300]: (II) No input driver specified, ignoring this device.
Feb 20 11:48:35 HOSTNAME /usr/libexec/gdm-x-session[2300]: (II) This device may have been added with another device file.
Feb 20 11:48:35 HOSTNAME /usr/libexec/gdm-x-session[2300]: (II) config/udev: Adding input device HDA NVidia HDMI/DP,pcm=8 (/dev/input/event5)
Feb 20 11:48:35 HOSTNAME /usr/libexec/gdm-x-session[2300]: (II) No input driver specified, ignoring this device.
Feb 20 11:48:35 HOSTNAME /usr/libexec/gdm-x-session[2300]: (II) This device may have been added with another device file.
Feb 20 11:48:35 HOSTNAME /usr/libexec/gdm-x-session[2300]: (II) config/udev: Adding input device HDA NVidia HDMI/DP,pcm=9 (/dev/input/event6)
Feb 20 11:48:35 HOSTNAME /usr/libexec/gdm-x-session[2300]: (II) No input driver specified, ignoring this device.
Feb 20 11:48:35 HOSTNAME /usr/libexec/gdm-x-session[2300]: (II) This device may have been added with another device file.
Feb 20 11:48:35 HOSTNAME /usr/libexec/gdm-x-session[2300]: (II) config/udev: Adding input device HD-Audio Generic Line Out Front (/dev/input/event10)
Feb 20 11:48:35 HOSTNAME /usr/libexec/gdm-x-session[2300]: (II) No input driver specified, ignoring this device.
Feb 20 11:48:35 HOSTNAME /usr/libexec/gdm-x-session[2300]: (II) This device may have been added with another device file.
Feb 20 11:48:35 HOSTNAME /usr/libexec/gdm-x-session[2300]: (II) config/udev: Adding input device HD-Audio Generic Line Out Surround (/dev/input/event11)
Feb 20 11:48:35 HOSTNAME /usr/libexec/gdm-x-session[2300]: (II) No input driver specified, ignoring this device.
Feb 20 11:48:35 HOSTNAME /usr/libexec/gdm-x-session[2300]: (II) This device may have been added with another device file.
Feb 20 11:48:35 HOSTNAME /usr/libexec/gdm-x-session[2300]: (II) config/udev: Adding input device HD-Audio Generic Line Out CLFE (/dev/input/event12)
Feb 20 11:48:35 HOSTNAME /usr/libexec/gdm-x-session[2300]: (II) No input driver specified, ignoring this device.
Feb 20 11:48:35 HOSTNAME /usr/libexec/gdm-x-session[2300]: (II) This device may have been added with another device file.
Feb 20 11:48:35 HOSTNAME /usr/libexec/gdm-x-session[2300]: (II) config/udev: Adding input device HD-Audio Generic Front Headphone (/dev/input/event13)
Feb 20 11:48:35 HOSTNAME /usr/libexec/gdm-x-session[2300]: (II) No input driver specified, ignoring this device.
Feb 20 11:48:35 HOSTNAME /usr/libexec/gdm-x-session[2300]: (II) This device may have been added with another device file.
Feb 20 11:48:35 HOSTNAME /usr/libexec/gdm-x-session[2300]: (II) config/udev: Adding input device HD-Audio Generic Front Mic (/dev/input/event7)
Feb 20 11:48:35 HOSTNAME /usr/libexec/gdm-x-session[2300]: (II) No input driver specified, ignoring this device.
Feb 20 11:48:35 HOSTNAME /usr/libexec/gdm-x-session[2300]: (II) This device may have been added with another device file.
Feb 20 11:48:35 HOSTNAME /usr/libexec/gdm-x-session[2300]: (II) config/udev: Adding input device HD-Audio Generic Rear Mic (/dev/input/event8)
Feb 20 11:48:35 HOSTNAME /usr/libexec/gdm-x-session[2300]: (II) No input driver specified, ignoring this device.
Feb 20 11:48:35 HOSTNAME /usr/libexec/gdm-x-session[2300]: (II) This device may have been added with another device file.
Feb 20 11:48:35 HOSTNAME /usr/libexec/gdm-x-session[2300]: (II) config/udev: Adding input device HD-Audio Generic Line (/dev/input/event9)
Feb 20 11:48:35 HOSTNAME /usr/libexec/gdm-x-session[2300]: (II) No input driver specified, ignoring this device.
Feb 20 11:48:35 HOSTNAME /usr/libexec/gdm-x-session[2300]: (II) This device may have been added with another device file.
Feb 20 11:48:35 HOSTNAME /usr/libexec/gdm-x-session[2300]: (II) config/udev: Adding input device Eee PC WMI hotkeys (/dev/input/event2)
Feb 20 11:48:35 HOSTNAME /usr/libexec/gdm-x-session[2300]: (**) Eee PC WMI hotkeys: Applying InputClass "libinput keyboard catchall"
Feb 20 11:48:35 HOSTNAME /usr/libexec/gdm-x-session[2300]: (II) Using input driver 'libinput' for 'Eee PC WMI hotkeys'
Feb 20 11:48:35 HOSTNAME /usr/libexec/gdm-x-session[2300]: (II) systemd-logind: got fd for /dev/input/event2 13:66 fd 47 paused 0
Feb 20 11:48:35 HOSTNAME /usr/libexec/gdm-x-session[2300]: (**) Eee PC WMI hotkeys: always reports core events
Feb 20 11:48:35 HOSTNAME /usr/libexec/gdm-x-session[2300]: (**) Option "Device" "/dev/input/event2"
Feb 20 11:48:35 HOSTNAME /usr/libexec/gdm-x-session[2300]: (II) event2  - Eee PC WMI hotkeys: is tagged by udev as: Keyboard
Feb 20 11:48:35 HOSTNAME /usr/libexec/gdm-x-session[2300]: (II) event2  - Eee PC WMI hotkeys: device is a keyboard
Feb 20 11:48:35 HOSTNAME /usr/libexec/gdm-x-session[2300]: (II) event2  - Eee PC WMI hotkeys: device removed
Feb 20 11:48:35 HOSTNAME /usr/libexec/gdm-x-session[2300]: (**) Option "config_info" "udev:/sys/devices/platform/eeepc-wmi/input/input2/event2"
Feb 20 11:48:35 HOSTNAME /usr/libexec/gdm-x-session[2300]: (II) XINPUT: Adding extended input device "Eee PC WMI hotkeys" (type: KEYBOARD, id 12)
Feb 20 11:48:35 HOSTNAME /usr/libexec/gdm-x-session[2300]: (**) Option "xkb_model" "pc105"
Feb 20 11:48:35 HOSTNAME /usr/libexec/gdm-x-session[2300]: (**) Option "xkb_layout" "us"
Feb 20 11:48:35 HOSTNAME /usr/libexec/gdm-x-session[2300]: (II) event2  - Eee PC WMI hotkeys: is tagged by udev as: Keyboard
Feb 20 11:48:35 HOSTNAME /usr/libexec/gdm-x-session[2300]: (II) event2  - Eee PC WMI hotkeys: device is a keyboard
Feb 20 11:48:35 HOSTNAME /usr/libexec/gdm-x-session[2300]: (**) Wacom Intuos Pro L Pen eraser: Applying InputClass "libinput tablet catchall"
Feb 20 11:48:35 HOSTNAME /usr/libexec/gdm-x-session[2300]: (**) Wacom Intuos Pro L Pen eraser: Applying InputClass "Wacom USB tablet class"
Feb 20 11:48:35 HOSTNAME /usr/libexec/gdm-x-session[2300]: (**) Wacom Intuos Pro L Pen eraser: Applying InputClass "Wacom tablet class"
Feb 20 11:48:35 HOSTNAME /usr/libexec/gdm-x-session[2300]: (II) Using input driver 'wacom' for 'Wacom Intuos Pro L Pen eraser'
Feb 20 11:48:35 HOSTNAME /usr/libexec/gdm-x-session[2300]: (II) systemd-logind: returning pre-existing fd for /dev/input/event16 13:80
Feb 20 11:48:35 HOSTNAME /usr/libexec/gdm-x-session[2300]: (**) Wacom Intuos Pro L Pen eraser: always reports core events
Feb 20 11:48:35 HOSTNAME /usr/libexec/gdm-x-session[2300]: (**) Option "Device" "/dev/input/event16"
Feb 20 11:48:35 HOSTNAME /usr/libexec/gdm-x-session[2300]: (**) Option "Type" "eraser"
Feb 20 11:48:35 HOSTNAME /usr/libexec/gdm-x-session[2300]: (**) wacom: Wacom Intuos Pro L Pen eraser: panscroll is 2600
Feb 20 11:48:35 HOSTNAME /usr/libexec/gdm-x-session[2300]: (**) wacom: Wacom Intuos Pro L Pen eraser: panscroll modified to 2600
Feb 20 11:48:35 HOSTNAME /usr/libexec/gdm-x-session[2300]: (--) wacom: Wacom Intuos Pro L Pen eraser: maxX=69800 maxY=39000 maxZ=8191 resX=200000 resY=200000  tilt=enabled
Feb 20 11:48:35 HOSTNAME /usr/libexec/gdm-x-session[2300]: (**) Option "config_info" "udev:/sys/devices/pci0000:00/0000:00:01.2/0000:02:00.0/0000:03:08.0/0000:07:00.3/usb3/3-2/3-2.2/3-2.2.2/3-2.2.2.2/3-2.2.2.2:1.0/0003:056A:03F9.0005/input/input29/event16"
Feb 20 11:48:35 HOSTNAME /usr/libexec/gdm-x-session[2300]: (II) XINPUT: Adding extended input device "Wacom Intuos Pro L Pen eraser" (type: ERASER, id 13)
Feb 20 11:48:35 HOSTNAME /usr/libexec/gdm-x-session[2300]: (**) Wacom Intuos Pro L Pen eraser: (accel) keeping acceleration scheme 1
Feb 20 11:48:35 HOSTNAME /usr/libexec/gdm-x-session[2300]: (**) Wacom Intuos Pro L Pen eraser: (accel) acceleration profile 0
Feb 20 11:48:35 HOSTNAME /usr/libexec/gdm-x-session[2300]: (**) Wacom Intuos Pro L Pen eraser: (accel) acceleration factor: 2.000
Feb 20 11:48:35 HOSTNAME /usr/libexec/gdm-x-session[2300]: (**) Wacom Intuos Pro L Pen eraser: (accel) acceleration threshold: 4
Feb 20 11:48:35 HOSTNAME /usr/libexec/gdm-x-session[2300]: (**) Logitech G604 : Applying InputClass "libinput pointer catchall"
Feb 20 11:48:35 HOSTNAME /usr/libexec/gdm-x-session[2300]: (**) Logitech G604 : Applying InputClass "libinput keyboard catchall"
Feb 20 11:48:35 HOSTNAME /usr/libexec/gdm-x-session[2300]: (II) Using input driver 'libinput' for 'Logitech G604 '
Feb 20 11:48:35 HOSTNAME /usr/libexec/gdm-x-session[2300]: (II) systemd-logind: returning pre-existing fd for /dev/input/event15 13:79
Feb 20 11:48:35 HOSTNAME /usr/libexec/gdm-x-session[2300]: (**) Logitech G604 : always reports core events
Feb 20 11:48:35 HOSTNAME /usr/libexec/gdm-x-session[2300]: (**) Option "Device" "/dev/input/event15"
Feb 20 11:48:35 HOSTNAME /usr/libexec/gdm-x-session[2300]: (II) libinput: Logitech G604 : is a virtual subdevice
Feb 20 11:48:35 HOSTNAME /usr/libexec/gdm-x-session[2300]: (**) Option "config_info" "udev:/sys/devices/pci0000:00/0000:00:01.2/0000:02:00.0/0000:03:08.0/0000:07:00.3/usb3/3-2/3-2.2/3-2.2.4/3-2.2.4:1.2/0003:046D:C539.0009/0003:046D:4085.000A/input/input28/event15"
Feb 20 11:48:35 HOSTNAME /usr/libexec/gdm-x-session[2300]: (II) XINPUT: Adding extended input device "Logitech G604 " (type: KEYBOARD, id 14)
Feb 20 11:48:35 HOSTNAME /usr/libexec/gdm-x-session[2300]: (**) Option "xkb_model" "pc105"
Feb 20 11:48:35 HOSTNAME /usr/libexec/gdm-x-session[2300]: (**) Option "xkb_layout" "us"
Feb 20 11:48:36 HOSTNAME /usr/libexec/gdm-x-session[2300]: (--) NVIDIA(GPU-0): DFP-0: disconnected
Feb 20 11:48:36 HOSTNAME /usr/libexec/gdm-x-session[2300]: (--) NVIDIA(GPU-0): DFP-0: Internal DisplayPort
Feb 20 11:48:36 HOSTNAME /usr/libexec/gdm-x-session[2300]: (--) NVIDIA(GPU-0): DFP-0: 2670.0 MHz maximum pixel clock
Feb 20 11:48:36 HOSTNAME /usr/libexec/gdm-x-session[2300]: (--) NVIDIA(GPU-0):
Feb 20 11:48:36 HOSTNAME /usr/libexec/gdm-x-session[2300]: (--) NVIDIA(GPU-0): DFP-1: disconnected
Feb 20 11:48:36 HOSTNAME /usr/libexec/gdm-x-session[2300]: (--) NVIDIA(GPU-0): DFP-1: Internal TMDS
Feb 20 11:48:36 HOSTNAME /usr/libexec/gdm-x-session[2300]: (--) NVIDIA(GPU-0): DFP-1: 165.0 MHz maximum pixel clock
Feb 20 11:48:36 HOSTNAME /usr/libexec/gdm-x-session[2300]: (--) NVIDIA(GPU-0):
Feb 20 11:48:36 HOSTNAME /usr/libexec/gdm-x-session[2300]: (--) NVIDIA(GPU-0): Acer EB321HQU C (DFP-2): connected
Feb 20 11:48:36 HOSTNAME /usr/libexec/gdm-x-session[2300]: (--) NVIDIA(GPU-0): Acer EB321HQU C (DFP-2): Internal TMDS
Feb 20 11:48:36 HOSTNAME /usr/libexec/gdm-x-session[2300]: (--) NVIDIA(GPU-0): Acer EB321HQU C (DFP-2): 600.0 MHz maximum pixel clock
Feb 20 11:48:36 HOSTNAME /usr/libexec/gdm-x-session[2300]: (--) NVIDIA(GPU-0):
Feb 20 11:48:36 HOSTNAME /usr/libexec/gdm-x-session[2300]: (--) NVIDIA(GPU-0): DFP-3: disconnected
Feb 20 11:48:36 HOSTNAME /usr/libexec/gdm-x-session[2300]: (--) NVIDIA(GPU-0): DFP-3: Internal DisplayPort
Feb 20 11:48:36 HOSTNAME /usr/libexec/gdm-x-session[2300]: (--) NVIDIA(GPU-0): DFP-3: 2670.0 MHz maximum pixel clock
Feb 20 11:48:36 HOSTNAME /usr/libexec/gdm-x-session[2300]: (--) NVIDIA(GPU-0):
Feb 20 11:48:36 HOSTNAME /usr/libexec/gdm-x-session[2300]: (--) NVIDIA(GPU-0): DFP-4: disconnected
Feb 20 11:48:36 HOSTNAME /usr/libexec/gdm-x-session[2300]: (--) NVIDIA(GPU-0): DFP-4: Internal TMDS
Feb 20 11:48:36 HOSTNAME /usr/libexec/gdm-x-session[2300]: (--) NVIDIA(GPU-0): DFP-4: 165.0 MHz maximum pixel clock
Feb 20 11:48:36 HOSTNAME /usr/libexec/gdm-x-session[2300]: (--) NVIDIA(GPU-0):
Feb 20 11:48:36 HOSTNAME /usr/libexec/gdm-x-session[2300]: (--) NVIDIA(GPU-0): Wacom Tech Cintiq 16 (DFP-5): connected
Feb 20 11:48:36 HOSTNAME /usr/libexec/gdm-x-session[2300]: (--) NVIDIA(GPU-0): Wacom Tech Cintiq 16 (DFP-5): Internal TMDS
Feb 20 11:48:36 HOSTNAME /usr/libexec/gdm-x-session[2300]: (--) NVIDIA(GPU-0): Wacom Tech Cintiq 16 (DFP-5): 600.0 MHz maximum pixel clock
Feb 20 11:48:36 HOSTNAME /usr/libexec/gdm-x-session[2300]: (--) NVIDIA(GPU-0):
Feb 20 11:48:36 HOSTNAME /usr/libexec/gdm-x-session[2300]: (--) NVIDIA(GPU-0): DFP-6: disconnected
Feb 20 11:48:36 HOSTNAME /usr/libexec/gdm-x-session[2300]: (--) NVIDIA(GPU-0): DFP-6: Internal DisplayPort
Feb 20 11:48:36 HOSTNAME /usr/libexec/gdm-x-session[2300]: (--) NVIDIA(GPU-0): DFP-6: 2670.0 MHz maximum pixel clock
Feb 20 11:48:36 HOSTNAME /usr/libexec/gdm-x-session[2300]: (--) NVIDIA(GPU-0):
Feb 20 11:48:36 HOSTNAME /usr/libexec/gdm-x-session[2300]: (--) NVIDIA(GPU-0): DFP-7: disconnected
Feb 20 11:48:36 HOSTNAME /usr/libexec/gdm-x-session[2300]: (--) NVIDIA(GPU-0): DFP-7: Internal TMDS
Feb 20 11:48:36 HOSTNAME /usr/libexec/gdm-x-session[2300]: (--) NVIDIA(GPU-0): DFP-7: 165.0 MHz maximum pixel clock
Feb 20 11:48:36 HOSTNAME /usr/libexec/gdm-x-session[2300]: (--) NVIDIA(GPU-0):
Feb 20 11:48:36 HOSTNAME /usr/libexec/gdm-x-session[2300]: (II) NVIDIA(0): Setting mode "HDMI-1: nvidia-auto-select @1920x1080 +0+0 {ViewPortIn=1920x1080, ViewPortOut=1920x1080+0+0}"
Feb 20 11:48:36 HOSTNAME /usr/libexec/gdm-x-session[2300]: (II) NVIDIA(0): Setting mode "HDMI-1: nvidia-auto-select @1080x1920 +0+0 {ViewPortIn=1080x1920, ViewPortOut=1920x1080+0+0, Rotation=270}"
Feb 20 11:48:36 HOSTNAME /usr/libexec/gdm-x-session[2300]: (II) NVIDIA(0): Setting mode "HDMI-1: nvidia-auto-select @1080x1920 +0+0 {ViewPortIn=1080x1920, ViewPortOut=1920x1080+0+0, Rotation=270}, HDMI-0: nvidia-auto-select @2560x1440 +1080+0 {ViewPortIn=2560x1440, ViewPortOut=2560x1440+0+0}"
Feb 20 11:48:37 HOSTNAME /usr/libexec/gdm-x-session[2300]: (--) NVIDIA(GPU-0): DFP-0: disconnected
Feb 20 11:48:37 HOSTNAME /usr/libexec/gdm-x-session[2300]: (--) NVIDIA(GPU-0): DFP-0: Internal DisplayPort
Feb 20 11:48:37 HOSTNAME /usr/libexec/gdm-x-session[2300]: (--) NVIDIA(GPU-0): DFP-0: 2670.0 MHz maximum pixel clock
Feb 20 11:48:37 HOSTNAME /usr/libexec/gdm-x-session[2300]: (--) NVIDIA(GPU-0):
Feb 20 11:48:37 HOSTNAME /usr/libexec/gdm-x-session[2300]: (--) NVIDIA(GPU-0): DFP-1: disconnected
Feb 20 11:48:37 HOSTNAME /usr/libexec/gdm-x-session[2300]: (--) NVIDIA(GPU-0): DFP-1: Internal TMDS
Feb 20 11:48:37 HOSTNAME /usr/libexec/gdm-x-session[2300]: (--) NVIDIA(GPU-0): DFP-1: 165.0 MHz maximum pixel clock
Feb 20 11:48:37 HOSTNAME /usr/libexec/gdm-x-session[2300]: (--) NVIDIA(GPU-0):
Feb 20 11:48:37 HOSTNAME /usr/libexec/gdm-x-session[2300]: (--) NVIDIA(GPU-0): Acer EB321HQU C (DFP-2): connected
Feb 20 11:48:37 HOSTNAME /usr/libexec/gdm-x-session[2300]: (--) NVIDIA(GPU-0): Acer EB321HQU C (DFP-2): Internal TMDS
Feb 20 11:48:37 HOSTNAME /usr/libexec/gdm-x-session[2300]: (--) NVIDIA(GPU-0): Acer EB321HQU C (DFP-2): 600.0 MHz maximum pixel clock
Feb 20 11:48:37 HOSTNAME /usr/libexec/gdm-x-session[2300]: (--) NVIDIA(GPU-0):
Feb 20 11:48:37 HOSTNAME /usr/libexec/gdm-x-session[2300]: (--) NVIDIA(GPU-0): DFP-3: disconnected
Feb 20 11:48:37 HOSTNAME /usr/libexec/gdm-x-session[2300]: (--) NVIDIA(GPU-0): DFP-3: Internal DisplayPort
Feb 20 11:48:37 HOSTNAME /usr/libexec/gdm-x-session[2300]: (--) NVIDIA(GPU-0): DFP-3: 2670.0 MHz maximum pixel clock
Feb 20 11:48:37 HOSTNAME /usr/libexec/gdm-x-session[2300]: (--) NVIDIA(GPU-0):
Feb 20 11:48:37 HOSTNAME /usr/libexec/gdm-x-session[2300]: (--) NVIDIA(GPU-0): DFP-4: disconnected
Feb 20 11:48:37 HOSTNAME /usr/libexec/gdm-x-session[2300]: (--) NVIDIA(GPU-0): DFP-4: Internal TMDS
Feb 20 11:48:37 HOSTNAME /usr/libexec/gdm-x-session[2300]: (--) NVIDIA(GPU-0): DFP-4: 165.0 MHz maximum pixel clock
Feb 20 11:48:37 HOSTNAME /usr/libexec/gdm-x-session[2300]: (--) NVIDIA(GPU-0):
Feb 20 11:48:37 HOSTNAME /usr/libexec/gdm-x-session[2300]: (--) NVIDIA(GPU-0): Wacom Tech Cintiq 16 (DFP-5): connected
Feb 20 11:48:37 HOSTNAME /usr/libexec/gdm-x-session[2300]: (--) NVIDIA(GPU-0): Wacom Tech Cintiq 16 (DFP-5): Internal TMDS
Feb 20 11:48:37 HOSTNAME /usr/libexec/gdm-x-session[2300]: (--) NVIDIA(GPU-0): Wacom Tech Cintiq 16 (DFP-5): 600.0 MHz maximum pixel clock
Feb 20 11:48:37 HOSTNAME /usr/libexec/gdm-x-session[2300]: (--) NVIDIA(GPU-0):
Feb 20 11:48:37 HOSTNAME /usr/libexec/gdm-x-session[2300]: (--) NVIDIA(GPU-0): DFP-6: disconnected
Feb 20 11:48:37 HOSTNAME /usr/libexec/gdm-x-session[2300]: (--) NVIDIA(GPU-0): DFP-6: Internal DisplayPort
Feb 20 11:48:37 HOSTNAME /usr/libexec/gdm-x-session[2300]: (--) NVIDIA(GPU-0): DFP-6: 2670.0 MHz maximum pixel clock
Feb 20 11:48:37 HOSTNAME /usr/libexec/gdm-x-session[2300]: (--) NVIDIA(GPU-0):
Feb 20 11:48:37 HOSTNAME /usr/libexec/gdm-x-session[2300]: (--) NVIDIA(GPU-0): DFP-7: disconnected
Feb 20 11:48:37 HOSTNAME /usr/libexec/gdm-x-session[2300]: (--) NVIDIA(GPU-0): DFP-7: Internal TMDS
Feb 20 11:48:37 HOSTNAME /usr/libexec/gdm-x-session[2300]: (--) NVIDIA(GPU-0): DFP-7: 165.0 MHz maximum pixel clock
Feb 20 11:48:37 HOSTNAME /usr/libexec/gdm-x-session[2300]: (--) NVIDIA(GPU-0):
Feb 20 11:48:37 HOSTNAME /usr/libexec/gdm-x-session[2300]: (--) NVIDIA(GPU-0): DFP-0: disconnected
Feb 20 11:48:37 HOSTNAME /usr/libexec/gdm-x-session[2300]: (--) NVIDIA(GPU-0): DFP-0: Internal DisplayPort
Feb 20 11:48:37 HOSTNAME /usr/libexec/gdm-x-session[2300]: (--) NVIDIA(GPU-0): DFP-0: 2670.0 MHz maximum pixel clock
Feb 20 11:48:37 HOSTNAME /usr/libexec/gdm-x-session[2300]: (--) NVIDIA(GPU-0):
Feb 20 11:48:37 HOSTNAME /usr/libexec/gdm-x-session[2300]: (--) NVIDIA(GPU-0): DFP-1: disconnected
Feb 20 11:48:37 HOSTNAME /usr/libexec/gdm-x-session[2300]: (--) NVIDIA(GPU-0): DFP-1: Internal TMDS
Feb 20 11:48:37 HOSTNAME /usr/libexec/gdm-x-session[2300]: (--) NVIDIA(GPU-0): DFP-1: 165.0 MHz maximum pixel clock
Feb 20 11:48:37 HOSTNAME /usr/libexec/gdm-x-session[2300]: (--) NVIDIA(GPU-0):
Feb 20 11:48:37 HOSTNAME /usr/libexec/gdm-x-session[2300]: (--) NVIDIA(GPU-0): Acer EB321HQU C (DFP-2): connected
Feb 20 11:48:37 HOSTNAME /usr/libexec/gdm-x-session[2300]: (--) NVIDIA(GPU-0): Acer EB321HQU C (DFP-2): Internal TMDS
Feb 20 11:48:37 HOSTNAME /usr/libexec/gdm-x-session[2300]: (--) NVIDIA(GPU-0): Acer EB321HQU C (DFP-2): 600.0 MHz maximum pixel clock
Feb 20 11:48:37 HOSTNAME /usr/libexec/gdm-x-session[2300]: (--) NVIDIA(GPU-0):
Feb 20 11:48:37 HOSTNAME /usr/libexec/gdm-x-session[2300]: (--) NVIDIA(GPU-0): DFP-3: disconnected
Feb 20 11:48:37 HOSTNAME /usr/libexec/gdm-x-session[2300]: (--) NVIDIA(GPU-0): DFP-3: Internal DisplayPort
Feb 20 11:48:37 HOSTNAME /usr/libexec/gdm-x-session[2300]: (--) NVIDIA(GPU-0): DFP-3: 2670.0 MHz maximum pixel clock
Feb 20 11:48:37 HOSTNAME /usr/libexec/gdm-x-session[2300]: (--) NVIDIA(GPU-0):
Feb 20 11:48:37 HOSTNAME /usr/libexec/gdm-x-session[2300]: (--) NVIDIA(GPU-0): DFP-4: disconnected
Feb 20 11:48:37 HOSTNAME /usr/libexec/gdm-x-session[2300]: (--) NVIDIA(GPU-0): DFP-4: Internal TMDS
Feb 20 11:48:37 HOSTNAME /usr/libexec/gdm-x-session[2300]: (--) NVIDIA(GPU-0): DFP-4: 165.0 MHz maximum pixel clock
Feb 20 11:48:37 HOSTNAME /usr/libexec/gdm-x-session[2300]: (--) NVIDIA(GPU-0):
Feb 20 11:48:37 HOSTNAME /usr/libexec/gdm-x-session[2300]: (--) NVIDIA(GPU-0): Wacom Tech Cintiq 16 (DFP-5): connected
Feb 20 11:48:37 HOSTNAME /usr/libexec/gdm-x-session[2300]: (--) NVIDIA(GPU-0): Wacom Tech Cintiq 16 (DFP-5): Internal TMDS
Feb 20 11:48:37 HOSTNAME /usr/libexec/gdm-x-session[2300]: (--) NVIDIA(GPU-0): Wacom Tech Cintiq 16 (DFP-5): 600.0 MHz maximum pixel clock
Feb 20 11:48:37 HOSTNAME /usr/libexec/gdm-x-session[2300]: (--) NVIDIA(GPU-0):
Feb 20 11:48:37 HOSTNAME /usr/libexec/gdm-x-session[2300]: (--) NVIDIA(GPU-0): DFP-6: disconnected
Feb 20 11:48:37 HOSTNAME /usr/libexec/gdm-x-session[2300]: (--) NVIDIA(GPU-0): DFP-6: Internal DisplayPort
Feb 20 11:48:37 HOSTNAME /usr/libexec/gdm-x-session[2300]: (--) NVIDIA(GPU-0): DFP-6: 2670.0 MHz maximum pixel clock
Feb 20 11:48:37 HOSTNAME /usr/libexec/gdm-x-session[2300]: (--) NVIDIA(GPU-0):
Feb 20 11:48:37 HOSTNAME /usr/libexec/gdm-x-session[2300]: (--) NVIDIA(GPU-0): DFP-7: disconnected
Feb 20 11:48:37 HOSTNAME /usr/libexec/gdm-x-session[2300]: (--) NVIDIA(GPU-0): DFP-7: Internal TMDS
Feb 20 11:48:37 HOSTNAME /usr/libexec/gdm-x-session[2300]: (--) NVIDIA(GPU-0): DFP-7: 165.0 MHz maximum pixel clock
Feb 20 11:48:37 HOSTNAME /usr/libexec/gdm-x-session[2300]: (--) NVIDIA(GPU-0):
Feb 20 11:48:37 HOSTNAME /usr/libexec/gdm-x-session[2300]: (--) NVIDIA(GPU-0): DFP-0: disconnected
Feb 20 11:48:37 HOSTNAME /usr/libexec/gdm-x-session[2300]: (--) NVIDIA(GPU-0): DFP-0: Internal DisplayPort
Feb 20 11:48:37 HOSTNAME /usr/libexec/gdm-x-session[2300]: (--) NVIDIA(GPU-0): DFP-0: 2670.0 MHz maximum pixel clock
Feb 20 11:48:37 HOSTNAME /usr/libexec/gdm-x-session[2300]: (--) NVIDIA(GPU-0):
Feb 20 11:48:37 HOSTNAME /usr/libexec/gdm-x-session[2300]: (--) NVIDIA(GPU-0): DFP-1: disconnected
Feb 20 11:48:37 HOSTNAME /usr/libexec/gdm-x-session[2300]: (--) NVIDIA(GPU-0): DFP-1: Internal TMDS
Feb 20 11:48:37 HOSTNAME /usr/libexec/gdm-x-session[2300]: (--) NVIDIA(GPU-0): DFP-1: 165.0 MHz maximum pixel clock
Feb 20 11:48:37 HOSTNAME /usr/libexec/gdm-x-session[2300]: (--) NVIDIA(GPU-0):
Feb 20 11:48:37 HOSTNAME /usr/libexec/gdm-x-session[2300]: (--) NVIDIA(GPU-0): Acer EB321HQU C (DFP-2): connected
Feb 20 11:48:37 HOSTNAME /usr/libexec/gdm-x-session[2300]: (--) NVIDIA(GPU-0): Acer EB321HQU C (DFP-2): Internal TMDS
Feb 20 11:48:37 HOSTNAME /usr/libexec/gdm-x-session[2300]: (--) NVIDIA(GPU-0): Acer EB321HQU C (DFP-2): 600.0 MHz maximum pixel clock
Feb 20 11:48:37 HOSTNAME /usr/libexec/gdm-x-session[2300]: (--) NVIDIA(GPU-0):
Feb 20 11:48:37 HOSTNAME /usr/libexec/gdm-x-session[2300]: (--) NVIDIA(GPU-0): DFP-3: disconnected
Feb 20 11:48:37 HOSTNAME /usr/libexec/gdm-x-session[2300]: (--) NVIDIA(GPU-0): DFP-3: Internal DisplayPort
Feb 20 11:48:37 HOSTNAME /usr/libexec/gdm-x-session[2300]: (--) NVIDIA(GPU-0): DFP-3: 2670.0 MHz maximum pixel clock
Feb 20 11:48:37 HOSTNAME /usr/libexec/gdm-x-session[2300]: (--) NVIDIA(GPU-0):
Feb 20 11:48:37 HOSTNAME /usr/libexec/gdm-x-session[2300]: (--) NVIDIA(GPU-0): DFP-4: disconnected
Feb 20 11:48:37 HOSTNAME /usr/libexec/gdm-x-session[2300]: (--) NVIDIA(GPU-0): DFP-4: Internal TMDS
Feb 20 11:48:37 HOSTNAME /usr/libexec/gdm-x-session[2300]: (--) NVIDIA(GPU-0): DFP-4: 165.0 MHz maximum pixel clock
Feb 20 11:48:37 HOSTNAME /usr/libexec/gdm-x-session[2300]: (--) NVIDIA(GPU-0):
Feb 20 11:48:37 HOSTNAME /usr/libexec/gdm-x-session[2300]: (--) NVIDIA(GPU-0): Wacom Tech Cintiq 16 (DFP-5): connected
Feb 20 11:48:37 HOSTNAME /usr/libexec/gdm-x-session[2300]: (--) NVIDIA(GPU-0): Wacom Tech Cintiq 16 (DFP-5): Internal TMDS
Feb 20 11:48:37 HOSTNAME /usr/libexec/gdm-x-session[2300]: (--) NVIDIA(GPU-0): Wacom Tech Cintiq 16 (DFP-5): 600.0 MHz maximum pixel clock
Feb 20 11:48:37 HOSTNAME /usr/libexec/gdm-x-session[2300]: (--) NVIDIA(GPU-0):
Feb 20 11:48:37 HOSTNAME /usr/libexec/gdm-x-session[2300]: (--) NVIDIA(GPU-0): DFP-6: disconnected
Feb 20 11:48:37 HOSTNAME /usr/libexec/gdm-x-session[2300]: (--) NVIDIA(GPU-0): DFP-6: Internal DisplayPort
Feb 20 11:48:37 HOSTNAME /usr/libexec/gdm-x-session[2300]: (--) NVIDIA(GPU-0): DFP-6: 2670.0 MHz maximum pixel clock
Feb 20 11:48:37 HOSTNAME /usr/libexec/gdm-x-session[2300]: (--) NVIDIA(GPU-0):
Feb 20 11:48:37 HOSTNAME /usr/libexec/gdm-x-session[2300]: (--) NVIDIA(GPU-0): DFP-7: disconnected
Feb 20 11:48:37 HOSTNAME /usr/libexec/gdm-x-session[2300]: (--) NVIDIA(GPU-0): DFP-7: Internal TMDS
Feb 20 11:48:37 HOSTNAME /usr/libexec/gdm-x-session[2300]: (--) NVIDIA(GPU-0): DFP-7: 165.0 MHz maximum pixel clock
Feb 20 11:48:37 HOSTNAME /usr/libexec/gdm-x-session[2300]: (--) NVIDIA(GPU-0):
Feb 20 11:52:36 HOSTNAME /usr/libexec/gdm-x-session[2300]: (--) NVIDIA(GPU-0): DFP-0: disconnected
Feb 20 11:52:36 HOSTNAME /usr/libexec/gdm-x-session[2300]: (--) NVIDIA(GPU-0): DFP-0: Internal DisplayPort
Feb 20 11:52:36 HOSTNAME /usr/libexec/gdm-x-session[2300]: (--) NVIDIA(GPU-0): DFP-0: 2670.0 MHz maximum pixel clock
Feb 20 11:52:36 HOSTNAME /usr/libexec/gdm-x-session[2300]: (--) NVIDIA(GPU-0):
Feb 20 11:52:36 HOSTNAME /usr/libexec/gdm-x-session[2300]: (--) NVIDIA(GPU-0): DFP-1: disconnected
Feb 20 11:52:36 HOSTNAME /usr/libexec/gdm-x-session[2300]: (--) NVIDIA(GPU-0): DFP-1: Internal TMDS
Feb 20 11:52:36 HOSTNAME /usr/libexec/gdm-x-session[2300]: (--) NVIDIA(GPU-0): DFP-1: 165.0 MHz maximum pixel clock
Feb 20 11:52:36 HOSTNAME /usr/libexec/gdm-x-session[2300]: (--) NVIDIA(GPU-0):
Feb 20 11:52:36 HOSTNAME /usr/libexec/gdm-x-session[2300]: (--) NVIDIA(GPU-0): Acer EB321HQU C (DFP-2): connected
Feb 20 11:52:36 HOSTNAME /usr/libexec/gdm-x-session[2300]: (--) NVIDIA(GPU-0): Acer EB321HQU C (DFP-2): Internal TMDS
Feb 20 11:52:36 HOSTNAME /usr/libexec/gdm-x-session[2300]: (--) NVIDIA(GPU-0): Acer EB321HQU C (DFP-2): 600.0 MHz maximum pixel clock
Feb 20 11:52:36 HOSTNAME /usr/libexec/gdm-x-session[2300]: (--) NVIDIA(GPU-0):
Feb 20 11:52:36 HOSTNAME /usr/libexec/gdm-x-session[2300]: (--) NVIDIA(GPU-0): DFP-3: disconnected
Feb 20 11:52:36 HOSTNAME /usr/libexec/gdm-x-session[2300]: (--) NVIDIA(GPU-0): DFP-3: Internal DisplayPort
Feb 20 11:52:36 HOSTNAME /usr/libexec/gdm-x-session[2300]: (--) NVIDIA(GPU-0): DFP-3: 2670.0 MHz maximum pixel clock
Feb 20 11:52:36 HOSTNAME /usr/libexec/gdm-x-session[2300]: (--) NVIDIA(GPU-0):
Feb 20 11:52:36 HOSTNAME /usr/libexec/gdm-x-session[2300]: (--) NVIDIA(GPU-0): DFP-4: disconnected
Feb 20 11:52:36 HOSTNAME /usr/libexec/gdm-x-session[2300]: (--) NVIDIA(GPU-0): DFP-4: Internal TMDS
Feb 20 11:52:36 HOSTNAME /usr/libexec/gdm-x-session[2300]: (--) NVIDIA(GPU-0): DFP-4: 165.0 MHz maximum pixel clock
Feb 20 11:52:36 HOSTNAME /usr/libexec/gdm-x-session[2300]: (--) NVIDIA(GPU-0):
Feb 20 11:52:36 HOSTNAME /usr/libexec/gdm-x-session[2300]: (--) NVIDIA(GPU-0): Wacom Tech Cintiq 16 (DFP-5): connected
Feb 20 11:52:36 HOSTNAME /usr/libexec/gdm-x-session[2300]: (--) NVIDIA(GPU-0): Wacom Tech Cintiq 16 (DFP-5): Internal TMDS
Feb 20 11:52:36 HOSTNAME /usr/libexec/gdm-x-session[2300]: (--) NVIDIA(GPU-0): Wacom Tech Cintiq 16 (DFP-5): 600.0 MHz maximum pixel clock
Feb 20 11:52:36 HOSTNAME /usr/libexec/gdm-x-session[2300]: (--) NVIDIA(GPU-0):
Feb 20 11:52:36 HOSTNAME /usr/libexec/gdm-x-session[2300]: (--) NVIDIA(GPU-0): DFP-6: disconnected
Feb 20 11:52:36 HOSTNAME /usr/libexec/gdm-x-session[2300]: (--) NVIDIA(GPU-0): DFP-6: Internal DisplayPort
Feb 20 11:52:36 HOSTNAME /usr/libexec/gdm-x-session[2300]: (--) NVIDIA(GPU-0): DFP-6: 2670.0 MHz maximum pixel clock
Feb 20 11:52:36 HOSTNAME /usr/libexec/gdm-x-session[2300]: (--) NVIDIA(GPU-0):
Feb 20 11:52:36 HOSTNAME /usr/libexec/gdm-x-session[2300]: (--) NVIDIA(GPU-0): DFP-7: disconnected
Feb 20 11:52:36 HOSTNAME /usr/libexec/gdm-x-session[2300]: (--) NVIDIA(GPU-0): DFP-7: Internal TMDS
Feb 20 11:52:36 HOSTNAME /usr/libexec/gdm-x-session[2300]: (--) NVIDIA(GPU-0): DFP-7: 165.0 MHz maximum pixel clock
Feb 20 11:52:36 HOSTNAME /usr/libexec/gdm-x-session[2300]: (--) NVIDIA(GPU-0):
Feb 20 11:52:36 HOSTNAME /usr/libexec/gdm-x-session[2300]: (II) event15 - Logitech G604 : SYN_DROPPED event - some input events have been lost.
