[262890.378260] usb 1-2.1: New USB device found, idVendor=2109, idProduct=d101, bcdDevice= 3.01
[262890.378265] usb 1-2.1: New USB device strings: Mfr=1, Product=2, SerialNumber=3
[262890.378269] usb 1-2.1: Product: USB Keyboard           
[262890.378273] usb 1-2.1: Manufacturer: VIA Labs, Inc.         
[262890.378276] usb 1-2.1: SerialNumber: 0000000000000001
[262890.386355] hid-generic 0003:2109:D101.000F: hiddev0,hidraw2: USB HID v1.10 Device [VIA Labs, Inc.          USB Keyboard           ] on usb-0000:00:14.0-2.1/input0
[262890.405585] r8152 4-2.2.1:1.0 eth0: v1.09.9
[262890.467036] r8152 4-2.2.1:1.0 enx4865ee17d131: renamed from eth0
[262890.480407] usb 1-2.2: new high-speed USB device number 75 using xhci_hcd
[262890.498607] IPv6: ADDRCONF(NETDEV_UP): enx4865ee17d131: link is not ready
[262890.509615] IPv6: ADDRCONF(NETDEV_UP): enx4865ee17d131: link is not ready
--
[262891.812736] usb 1-2.2.3: New USB device found, idVendor=046a, idProduct=b091, bcdDevice= 1.00
[262891.812739] usb 1-2.2.3: New USB device strings: Mfr=1, Product=2, SerialNumber=0
[262891.812740] usb 1-2.2.3: Product: Cherry USB Optical Mouse
[262891.812741] usb 1-2.2.3: Manufacturer: PixArt
[262891.817353] input: PixArt Cherry USB Optical Mouse as /devices/pci0000:00/0000:00:14.0/usb1/1-2/1-2.2/1-2.2.3/1-2.2.3:1.0/0003:046A:B091.0010/input/input69
[262891.817427] hid-generic 0003:046A:B091.0010: input,hidraw3: USB HID v1.11 Mouse [PixArt Cherry USB Optical Mouse] on usb-0000:00:14.0-2.2.3/input0
[262896.944596] usb 4-2.2.4: new SuperSpeed Gen 1 USB device number 15 using xhci_hcd
[262896.965410] usb 4-2.2.4: New USB device found, idVendor=1058, idProduct=25a1, bcdDevice=10.14
[262896.965419] usb 4-2.2.4: New USB device strings: Mfr=2, Product=3, SerialNumber=1
[262896.965425] usb 4-2.2.4: Product: Elements 25A1
[262896.965430] usb 4-2.2.4: Manufacturer: Western Digital
--
[435751.323850] usb 1-2.1: New USB device found, idVendor=2109, idProduct=d101, bcdDevice= 3.01
[435751.323852] usb 1-2.1: New USB device strings: Mfr=1, Product=2, SerialNumber=3
[435751.323854] usb 1-2.1: Product: USB Keyboard           
[435751.323855] usb 1-2.1: Manufacturer: VIA Labs, Inc.         
[435751.323856] usb 1-2.1: SerialNumber: 0000000000000001
[435751.331130] hid-generic 0003:2109:D101.0011: hiddev0,hidraw2: USB HID v1.10 Device [VIA Labs, Inc.          USB Keyboard           ] on usb-0000:00:14.0-2.1/input0
[435751.358216] usb 4-2.4: new SuperSpeed Gen 1 USB device number 18 using xhci_hcd
[435751.379739] usb 4-2.4: New USB device found, idVendor=058f, idProduct=8468, bcdDevice= 1.00
[435751.379741] usb 4-2.4: New USB device strings: Mfr=1, Product=2, SerialNumber=3
[435751.379742] usb 4-2.4: Product: Mass Storage Device
[435751.379743] usb 4-2.4: Manufacturer: Generic
--
[436298.290373] usb 1-2.1: New USB device found, idVendor=2109, idProduct=d101, bcdDevice= 3.01
[436298.290379] usb 1-2.1: New USB device strings: Mfr=1, Product=2, SerialNumber=3
[436298.290384] usb 1-2.1: Product: USB Keyboard           
[436298.290388] usb 1-2.1: Manufacturer: VIA Labs, Inc.         
[436298.290391] usb 1-2.1: SerialNumber: 0000000000000001
[436298.298216] hid-generic 0003:2109:D101.0012: hiddev0,hidraw2: USB HID v1.10 Device [VIA Labs, Inc.          USB Keyboard           ] on usb-0000:00:14.0-2.1/input0
[436298.341033] usb 4-2.2.1: reset SuperSpeed Gen 1 USB device number 23 using xhci_hcd
[436298.392419] usb 1-2.2: new high-speed USB device number 92 using xhci_hcd
[436298.413734] r8152 4-2.2.1:1.0 eth0: v1.09.9
[436298.466101] r8152 4-2.2.1:1.0 enx4865ee17d131: renamed from eth0
[436298.499413] IPv6: ADDRCONF(NETDEV_UP): enx4865ee17d131: link is not ready
--
[484183.723897] usb 1-2.1: New USB device found, idVendor=2109, idProduct=d101, bcdDevice= 3.01
[484183.723899] usb 1-2.1: New USB device strings: Mfr=1, Product=2, SerialNumber=3
[484183.723901] usb 1-2.1: Product: USB Keyboard           
[484183.723902] usb 1-2.1: Manufacturer: VIA Labs, Inc.         
[484183.723903] usb 1-2.1: SerialNumber: 0000000000000001
[484183.730565] hid-generic 0003:2109:D101.0013: hiddev0,hidraw2: USB HID v1.10 Device [VIA Labs, Inc.          USB Keyboard           ] on usb-0000:00:14.0-2.1/input0
[484183.778392] usb 4-2.4: new SuperSpeed Gen 1 USB device number 31 using xhci_hcd
[484183.803857] usb 4-2.4: New USB device found, idVendor=058f, idProduct=8468, bcdDevice= 1.00
[484183.803858] usb 4-2.4: New USB device strings: Mfr=1, Product=2, SerialNumber=3
[484183.803859] usb 4-2.4: Product: Mass Storage Device
[484183.803860] usb 4-2.4: Manufacturer: Generic
--
[498073.044860] usb 1-2.2.2: New USB device found, idVendor=046a, idProduct=b091, bcdDevice= 1.00
[498073.044874] usb 1-2.2.2: New USB device strings: Mfr=1, Product=2, SerialNumber=0
[498073.044875] usb 1-2.2.2: Product: Cherry USB Optical Mouse
[498073.044876] usb 1-2.2.2: Manufacturer: PixArt
[498073.049671] input: PixArt Cherry USB Optical Mouse as /devices/pci0000:00/0000:00:14.0/usb1/1-2/1-2.2/1-2.2.2/1-2.2.2:1.0/0003:046A:B091.0014/input/input106
[498073.049766] hid-generic 0003:046A:B091.0014: input,hidraw3: USB HID v1.11 Mouse [PixArt Cherry USB Optical Mouse] on usb-0000:00:14.0-2.2.2/input0
[500597.705077] usb 1-2: USB disconnect, device number 93
[500597.705085] usb 1-2.1: USB disconnect, device number 94
[500597.707934] r8152 4-2.2.1:1.0 enx4865ee17d131: Stop submitting intr, status -71
[500597.714123] usb 1-2.2: USB disconnect, device number 95
[500597.714131] usb 1-2.2.2: USB disconnect, device number 96
--
[501533.433483] usb 1-2.2.2: New USB device found, idVendor=046a, idProduct=b091, bcdDevice= 1.00
[501533.433486] usb 1-2.2.2: New USB device strings: Mfr=1, Product=2, SerialNumber=0
[501533.433488] usb 1-2.2.2: Product: Cherry USB Optical Mouse
[501533.433490] usb 1-2.2.2: Manufacturer: PixArt
[501533.438367] input: PixArt Cherry USB Optical Mouse as /devices/pci0000:00/0000:00:14.0/usb1/1-2/1-2.2/1-2.2.2/1-2.2.2:1.0/0003:046A:B091.0015/input/input107
[501533.438583] hid-generic 0003:046A:B091.0015: input,hidraw2: USB HID v1.11 Mouse [PixArt Cherry USB Optical Mouse] on usb-0000:00:14.0-2.2.2/input0
[501533.717167] usb 4-2.2: new SuperSpeed Gen 1 USB device number 35 using xhci_hcd
[501533.749935] usb 4-2.2: New USB device found, idVendor=0bda, idProduct=0411, bcdDevice= 1.21
[501533.749941] usb 4-2.2: New USB device strings: Mfr=1, Product=2, SerialNumber=0
[501533.749946] usb 4-2.2: Product: 4-Port USB 3.0 Hub
[501533.749950] usb 4-2.2: Manufacturer: Generic
--
[501536.778294] usb 1-2.1: New USB device found, idVendor=2109, idProduct=d101, bcdDevice= 3.01
[501536.778312] usb 1-2.1: New USB device strings: Mfr=1, Product=2, SerialNumber=3
[501536.778318] usb 1-2.1: Product: USB Keyboard           
[501536.778323] usb 1-2.1: Manufacturer: VIA Labs, Inc.         
[501536.778328] usb 1-2.1: SerialNumber: 0000000000000001
[501536.786087] hid-generic 0003:2109:D101.0016: hiddev0,hidraw3: USB HID v1.10 Device [VIA Labs, Inc.          USB Keyboard           ] on usb-0000:00:14.0-2.1/input0
[501743.071764] usb 1-2: USB disconnect, device number 97
[501743.071765] usb 1-2.1: USB disconnect, device number 100
[501743.072312] usb 1-2.2: USB disconnect, device number 98
[501743.072314] usb 1-2.2.2: USB disconnect, device number 99
[501743.077902] r8152 4-2.2.1:1.0 enx4865ee17d131: Stop submitting intr, status -71
--
[502084.722113] usb 1-2.2.2: New USB device found, idVendor=046a, idProduct=b091, bcdDevice= 1.00
[502084.722129] usb 1-2.2.2: New USB device strings: Mfr=1, Product=2, SerialNumber=0
[502084.722134] usb 1-2.2.2: Product: Cherry USB Optical Mouse
[502084.722138] usb 1-2.2.2: Manufacturer: PixArt
[502084.727815] input: PixArt Cherry USB Optical Mouse as /devices/pci0000:00/0000:00:14.0/usb1/1-2/1-2.2/1-2.2.2/1-2.2.2:1.0/0003:046A:B091.0017/input/input108
[502084.728173] hid-generic 0003:046A:B091.0017: input,hidraw2: USB HID v1.11 Mouse [PixArt Cherry USB Optical Mouse] on usb-0000:00:14.0-2.2.2/input0
[502084.826262] usb 4-2.2: new SuperSpeed Gen 1 USB device number 40 using xhci_hcd
[502084.862112] usb 4-2.2: New USB device found, idVendor=0bda, idProduct=0411, bcdDevice= 1.21
[502084.862118] usb 4-2.2: New USB device strings: Mfr=1, Product=2, SerialNumber=0
[502084.862122] usb 4-2.2: Product: 4-Port USB 3.0 Hub
[502084.862126] usb 4-2.2: Manufacturer: Generic
--
[502087.943372] usb 1-2.1: New USB device found, idVendor=2109, idProduct=d101, bcdDevice= 3.01
[502087.943375] usb 1-2.1: New USB device strings: Mfr=1, Product=2, SerialNumber=3
[502087.943378] usb 1-2.1: Product: USB Keyboard           
[502087.943380] usb 1-2.1: Manufacturer: VIA Labs, Inc.         
[502087.943382] usb 1-2.1: SerialNumber: 0000000000000001
[502087.955344] hid-generic 0003:2109:D101.0018: hiddev0,hidraw3: USB HID v1.10 Device [VIA Labs, Inc.          USB Keyboard           ] on usb-0000:00:14.0-2.1/input0
[503487.071463] usb 1-2: USB disconnect, device number 101
[503487.071471] usb 1-2.1: USB disconnect, device number 104
[503487.077258] r8152 4-2.2.1:1.0 enx4865ee17d131: Stop submitting intr, status -71
[503487.078665] usb 1-2.2: USB disconnect, device number 102
[503487.078674] usb 1-2.2.2: USB disconnect, device number 103
--
[503945.128597] usb 1-2.2.2: New USB device found, idVendor=046a, idProduct=b091, bcdDevice= 1.00
[503945.128602] usb 1-2.2.2: New USB device strings: Mfr=1, Product=2, SerialNumber=0
[503945.128605] usb 1-2.2.2: Product: Cherry USB Optical Mouse
[503945.128608] usb 1-2.2.2: Manufacturer: PixArt
[503945.134399] input: PixArt Cherry USB Optical Mouse as /devices/pci0000:00/0000:00:14.0/usb1/1-2/1-2.2/1-2.2.2/1-2.2.2:1.0/0003:046A:B091.0019/input/input109
[503945.134539] hid-generic 0003:046A:B091.0019: input,hidraw2: USB HID v1.11 Mouse [PixArt Cherry USB Optical Mouse] on usb-0000:00:14.0-2.2.2/input0
[503945.412861] usb 4-2.2: new SuperSpeed Gen 1 USB device number 45 using xhci_hcd
[503945.446413] usb 4-2.2: New USB device found, idVendor=0bda, idProduct=0411, bcdDevice= 1.21
[503945.446420] usb 4-2.2: New USB device strings: Mfr=1, Product=2, SerialNumber=0
[503945.446424] usb 4-2.2: Product: 4-Port USB 3.0 Hub
[503945.446428] usb 4-2.2: Manufacturer: Generic
--
[503948.554766] usb 1-2.1: New USB device found, idVendor=2109, idProduct=d101, bcdDevice= 3.01
[503948.554774] usb 1-2.1: New USB device strings: Mfr=1, Product=2, SerialNumber=3
[503948.554787] usb 1-2.1: Product: USB Keyboard           
[503948.554791] usb 1-2.1: Manufacturer: VIA Labs, Inc.         
[503948.554795] usb 1-2.1: SerialNumber: 0000000000000001
[503948.562942] hid-generic 0003:2109:D101.001A: hiddev0,hidraw3: USB HID v1.10 Device [VIA Labs, Inc.          USB Keyboard           ] on usb-0000:00:14.0-2.1/input0
[510126.446305] hp_wmi: Unknown event_id - 20 - 0x14fe
[510127.650213] hp_wmi: Unknown event_id - 20 - 0x14ff
[521432.416765] r8152 4-2.2.1:1.0 enx4865ee17d131: Stop submitting intr, status -71
[521432.419910] usb 1-2: USB disconnect, device number 105
[521432.419917] usb 1-2.1: USB disconnect, device number 108
--
[569618.970420] usb 1-2.1: New USB device found, idVendor=2109, idProduct=d101, bcdDevice= 3.01
[569618.970423] usb 1-2.1: New USB device strings: Mfr=1, Product=2, SerialNumber=3
[569618.970426] usb 1-2.1: Product: USB Keyboard           
[569618.970428] usb 1-2.1: Manufacturer: VIA Labs, Inc.         
[569618.970430] usb 1-2.1: SerialNumber: 0000000000000001
[569618.981640] hid-generic 0003:2109:D101.001B: hiddev0,hidraw2: USB HID v1.10 Device [VIA Labs, Inc.          USB Keyboard           ] on usb-0000:00:14.0-2.1/input0
[569619.000179] usb 4-2.2: New USB device found, idVendor=0bda, idProduct=0411, bcdDevice= 1.21
[569619.000182] usb 4-2.2: New USB device strings: Mfr=1, Product=2, SerialNumber=0
[569619.000184] usb 4-2.2: Product: 4-Port USB 3.0 Hub
[569619.000185] usb 4-2.2: Manufacturer: Generic
[569619.008936] hub 4-2.2:1.0: USB hub found
--
[569619.596687] usb 1-2.2.2: New USB device found, idVendor=046a, idProduct=b091, bcdDevice= 1.00
[569619.596689] usb 1-2.2.2: New USB device strings: Mfr=1, Product=2, SerialNumber=0
[569619.596691] usb 1-2.2.2: Product: Cherry USB Optical Mouse
[569619.596693] usb 1-2.2.2: Manufacturer: PixArt
[569619.602405] input: PixArt Cherry USB Optical Mouse as /devices/pci0000:00/0000:00:14.0/usb1/1-2/1-2.2/1-2.2.2/1-2.2.2:1.0/0003:046A:B091.001C/input/input116
[569619.602515] hid-generic 0003:046A:B091.001C: input,hidraw3: USB HID v1.11 Mouse [PixArt Cherry USB Optical Mouse] on usb-0000:00:14.0-2.2.2/input0
[569620.144664] scsi 0:0:0:0: Direct-Access     Generic- SD/MMC           1.00 PQ: 0 ANSI: 6
[569620.145045] scsi 0:0:0:1: Direct-Access     Generic- Micro SD/M2      1.08 PQ: 0 ANSI: 6
[569620.172567] sd 0:0:0:0: Attached scsi generic sg0 type 0
[569620.172739] sd 0:0:0:1: Attached scsi generic sg1 type 0
[569620.173859] sd 0:0:0:0: [sda] Attached SCSI removable disk
