[    52.828] (--) Log file renamed from "/home/USERNAME/.local/share/xorg/Xorg.pid-1992.log" to "/home/USERNAME/.local/share/xorg/Xorg.0.log"
[    52.829] 
X.Org X Server 1.20.13
X Protocol Version 11, Revision 0
[    52.829] Build Operating System: linux Ubuntu
[    52.829] Current Operating System: Linux HOSTNAME 5.13.0-27-generic #29~20.04.1-Ubuntu SMP Fri Jan 14 00:32:30 UTC 2022 x86_64
[    52.829] Kernel command line: BOOT_IMAGE=/boot/vmlinuz-5.13.0-27-generic root=UUID=1ab101a6-4e8e-4dac-b6a2-c8b5cc183425 ro quiet splash vt.handoff=7
[    52.829] Build Date: 14 December 2021  02:14:13PM
[    52.829] xorg-server 2:1.20.13-1ubuntu1~20.04.2 (For technical support please see http://www.ubuntu.com/support) 
[    52.829] Current version of pixman: 0.38.4
[    52.829] 	Before reporting problems, check http://wiki.x.org
	to make sure that you have the latest version.
[    52.829] Markers: (--) probed, (**) from config file, (==) default setting,
	(++) from command line, (!!) notice, (II) informational,
	(WW) warning, (EE) error, (NI) not implemented, (??) unknown.
[    52.829] (==) Log file: "/home/USERNAME/.local/share/xorg/Xorg.0.log", Time: Thu Feb  3 11:54:01 2022
[    52.829] (==) Using system config directory "/usr/share/X11/xorg.conf.d"
[    52.830] (==) No Layout section.  Using the first Screen section.
[    52.830] (==) No screen section available. Using defaults.
[    52.830] (**) |-->Screen "Default Screen Section" (0)
[    52.830] (**) |   |-->Monitor "<default monitor>"
[    52.831] (==) No monitor specified for screen "Default Screen Section".
	Using a default monitor configuration.
[    52.831] (==) Automatically adding devices
[    52.831] (==) Automatically enabling devices
[    52.831] (==) Automatically adding GPU devices
[    52.831] (==) Automatically binding GPU devices
[    52.831] (==) Max clients allowed: 256, resource mask: 0x1fffff
[    52.831] (WW) The directory "/usr/share/fonts/X11/cyrillic" does not exist.
[    52.831] 	Entry deleted from font path.
[    52.831] (WW) The directory "/usr/share/fonts/X11/100dpi/" does not exist.
[    52.831] 	Entry deleted from font path.
[    52.831] (WW) The directory "/usr/share/fonts/X11/75dpi/" does not exist.
[    52.831] 	Entry deleted from font path.
[    52.831] (WW) The directory "/usr/share/fonts/X11/100dpi" does not exist.
[    52.831] 	Entry deleted from font path.
[    52.831] (WW) The directory "/usr/share/fonts/X11/75dpi" does not exist.
[    52.831] 	Entry deleted from font path.
[    52.831] (==) FontPath set to:
	/usr/share/fonts/X11/misc,
	/usr/share/fonts/X11/Type1,
	built-ins
[    52.831] (==) ModulePath set to "/usr/lib/xorg/modules"
[    52.831] (II) The server relies on udev to provide the list of input devices.
	If no devices become available, reconfigure udev or disable AutoAddDevices.
[    52.831] (II) Loader magic: 0x55a422121020
[    52.831] (II) Module ABI versions:
[    52.831] 	X.Org ANSI C Emulation: 0.4
[    52.831] 	X.Org Video Driver: 24.1
[    52.831] 	X.Org XInput driver : 24.1
[    52.831] 	X.Org Server Extension : 10.0
[    52.832] (++) using VT number 2

[    52.833] (II) systemd-logind: took control of session /org/freedesktop/login1/session/_32
[    52.834] (II) xfree86: Adding drm device (/dev/dri/card0)
[    52.834] (II) systemd-logind: got fd for /dev/dri/card0 226:0 fd 12 paused 0
[    52.836] (--) PCI:*(0@0:2:0) 8086:9b41:1071:d301 rev 2, Mem @ 0xb0000000/16777216, 0xa0000000/268435456, I/O @ 0x00003000/64, BIOS @ 0x????????/131072
[    52.836] (II) LoadModule: "glx"
[    52.837] (II) Loading /usr/lib/xorg/modules/extensions/libglx.so
[    52.838] (II) Module glx: vendor="X.Org Foundation"
[    52.838] 	compiled for 1.20.13, module version = 1.0.0
[    52.838] 	ABI class: X.Org Server Extension, version 10.0
[    52.838] (==) Matched modesetting as autoconfigured driver 0
[    52.838] (==) Matched fbdev as autoconfigured driver 1
[    52.838] (==) Matched vesa as autoconfigured driver 2
[    52.838] (==) Assigned the driver to the xf86ConfigLayout
[    52.838] (II) LoadModule: "modesetting"
[    52.838] (II) Loading /usr/lib/xorg/modules/drivers/modesetting_drv.so
[    52.838] (II) Module modesetting: vendor="X.Org Foundation"
[    52.838] 	compiled for 1.20.13, module version = 1.20.13
[    52.838] 	Module class: X.Org Video Driver
[    52.838] 	ABI class: X.Org Video Driver, version 24.1
[    52.838] (II) LoadModule: "fbdev"
[    52.838] (II) Loading /usr/lib/xorg/modules/drivers/fbdev_drv.so
[    52.839] (II) Module fbdev: vendor="X.Org Foundation"
[    52.839] 	compiled for 1.20.1, module version = 0.5.0
[    52.839] 	Module class: X.Org Video Driver
[    52.839] 	ABI class: X.Org Video Driver, version 24.0
[    52.839] (II) LoadModule: "vesa"
[    52.839] (II) Loading /usr/lib/xorg/modules/drivers/vesa_drv.so
[    52.839] (II) Module vesa: vendor="X.Org Foundation"
[    52.839] 	compiled for 1.20.4, module version = 2.4.0
[    52.839] 	Module class: X.Org Video Driver
[    52.839] 	ABI class: X.Org Video Driver, version 24.0
[    52.839] (II) modesetting: Driver for Modesetting Kernel Drivers: kms
[    52.839] (II) FBDEV: driver for framebuffer: fbdev
[    52.839] (II) VESA: driver for VESA chipsets: vesa
[    52.839] xf86EnableIOPorts: failed to set IOPL for I/O (Operation not permitted)
[    52.839] (II) modeset(0): using drv /dev/dri/card0
[    52.839] (WW) Falling back to old probe method for fbdev
[    52.839] (II) Loading sub module "fbdevhw"
[    52.839] (II) LoadModule: "fbdevhw"
[    52.839] (II) Loading /usr/lib/xorg/modules/libfbdevhw.so
[    52.840] (II) Module fbdevhw: vendor="X.Org Foundation"
[    52.840] 	compiled for 1.20.13, module version = 0.0.2
[    52.840] 	ABI class: X.Org Video Driver, version 24.1
[    52.840] (EE) open /dev/fb0: Permission denied
[    52.840] (WW) VGA arbiter: cannot open kernel arbiter, no multi-card support
[    52.840] (II) modeset(0): Creating default Display subsection in Screen section
	"Default Screen Section" for depth/fbbpp 24/32
[    52.840] (==) modeset(0): Depth 24, (==) framebuffer bpp 32
[    52.840] (==) modeset(0): RGB weight 888
[    52.840] (==) modeset(0): Default visual is TrueColor
[    52.840] (II) Loading sub module "glamoregl"
[    52.840] (II) LoadModule: "glamoregl"
[    52.840] (II) Loading /usr/lib/xorg/modules/libglamoregl.so
[    52.843] (II) Module glamoregl: vendor="X.Org Foundation"
[    52.843] 	compiled for 1.20.13, module version = 1.0.1
[    52.843] 	ABI class: X.Org ANSI C Emulation, version 0.4
[    52.875] (II) modeset(0): glamor X acceleration enabled on Mesa Intel(R) UHD Graphics (CML GT2)
[    52.875] (II) modeset(0): glamor initialized
[    52.878] (II) modeset(0): Output eDP-1 has no monitor section
[    52.878] (II) modeset(0): Output DP-1 has no monitor section
[    52.896] (II) modeset(0): Output HDMI-1 has no monitor section
[    52.899] (II) modeset(0): EDID for output eDP-1
[    52.899] (II) modeset(0): Manufacturer: KDC  Model: 0  Serial#: 0
[    52.899] (II) modeset(0): Year: 2016  Week: 46
[    52.899] (II) modeset(0): EDID Version: 1.4
[    52.899] (II) modeset(0): Digital Display Input
[    52.899] (II) modeset(0): 8 bits per channel
[    52.899] (II) modeset(0): Digital interface is DisplayPort
[    52.899] (II) modeset(0): Max Image Size [cm]: horiz.: 22  vert.: 14
[    52.899] (II) modeset(0): Gamma: 2.20
[    52.899] (II) modeset(0): No DPMS capabilities specified
[    52.899] (II) modeset(0): Supported color encodings: RGB 4:4:4 
[    52.899] (II) modeset(0): First detailed timing is preferred mode
[    52.899] (II) modeset(0): Preferred mode is native pixel format and refresh rate
[    52.899] (II) modeset(0): redX: 0.000 redY: 0.000   greenX: 0.000 greenY: 0.000
[    52.899] (II) modeset(0): blueX: 0.000 blueY: 0.000   whiteX: 0.000 whiteY: 0.000
[    52.899] (II) modeset(0): Manufacturer's mask: 0
[    52.899] (II) modeset(0): Supported detailed timing:
[    52.899] (II) modeset(0): clock: 150.1 MHz   Image Size:  216 x 135 mm
[    52.899] (II) modeset(0): h_active: 1920  h_sync: 1957  h_sync_end 1982 h_blank_end 2044 h_border: 0
[    52.899] (II) modeset(0): v_active: 1200  v_sync: 1202  v_sync_end 1206 v_blanking: 1224 v_border: 0
[    52.899] (II) modeset(0): Supported detailed timing:
[    52.899] (II) modeset(0): clock: 150.1 MHz   Image Size:  216 x 135 mm
[    52.899] (II) modeset(0): h_active: 1920  h_sync: 1957  h_sync_end 1982 h_blank_end 2044 h_border: 0
[    52.899] (II) modeset(0): v_active: 1200  v_sync: 1202  v_sync_end 1206 v_blanking: 1836 v_border: 0
[    52.899] (II) modeset(0):  KD101N6930PA1
[    52.899] (II) modeset(0): EDID (in hex):
[    52.899] (II) modeset(0): 	00ffffffffffff002c83000000000000
[    52.899] (II) modeset(0): 	2e1a0104a5160e780200000000000000
[    52.899] (II) modeset(0): 	00000000000001010101010101010101
[    52.899] (II) modeset(0): 	010101010101a33a807c70b018402519
[    52.899] (II) modeset(0): 	2400d88700000018a33a807c70b07c42
[    52.899] (II) modeset(0): 	25192400d88700000018000000000000
[    52.899] (II) modeset(0): 	000000000000000000000000000000fe
[    52.899] (II) modeset(0): 	004b443130314e3639333050413100fc
[    52.900] (II) modeset(0): Printing probed modes for output eDP-1
[    52.900] (II) modeset(0): Modeline "1920x1200"x60.0  150.11  1920 1957 1982 2044  1200 1202 1206 1224 -hsync -vsync (73.4 kHz eP)
[    52.900] (II) modeset(0): Modeline "1920x1200"x59.9  193.25  1920 2056 2256 2592  1200 1203 1209 1245 -hsync +vsync (74.6 kHz d)
[    52.900] (II) modeset(0): Modeline "1920x1200"x60.0  154.00  1920 1968 2000 2080  1200 1203 1209 1235 +hsync -vsync (74.0 kHz d)
[    52.900] (II) modeset(0): Modeline "1920x1200"x40.0  150.11  1920 1957 1982 2044  1200 1202 1206 1836 -hsync -vsync (73.4 kHz e)
[    52.900] (II) modeset(0): Modeline "1920x1080"x120.0  356.38  1920 2080 2288 2656  1080 1081 1084 1118 doublescan -hsync +vsync (134.2 kHz d)
[    52.900] (II) modeset(0): Modeline "1920x1080"x119.9  266.50  1920 1944 1960 2000  1080 1081 1084 1111 doublescan +hsync -vsync (133.2 kHz d)
[    52.900] (II) modeset(0): Modeline "1920x1080"x60.0  173.00  1920 2048 2248 2576  1080 1083 1088 1120 -hsync +vsync (67.2 kHz d)
[    52.900] (II) modeset(0): Modeline "1920x1080"x59.9  138.50  1920 1968 2000 2080  1080 1083 1088 1111 +hsync -vsync (66.6 kHz d)
[    52.900] (II) modeset(0): Modeline "1600x1200"x60.0  162.00  1600 1664 1856 2160  1200 1201 1204 1250 +hsync +vsync (75.0 kHz d)
[    52.900] (II) modeset(0): Modeline "1680x1050"x60.0  146.25  1680 1784 1960 2240  1050 1053 1059 1089 -hsync +vsync (65.3 kHz d)
[    52.900] (II) modeset(0): Modeline "1680x1050"x59.9  119.00  1680 1728 1760 1840  1050 1053 1059 1080 +hsync -vsync (64.7 kHz d)
[    52.900] (II) modeset(0): Modeline "1600x1024"x60.2  103.12  1600 1600 1656 1664  1024 1024 1029 1030 +hsync +vsync (62.0 kHz d)
[    52.900] (II) modeset(0): Modeline "1400x1050"x60.0  122.00  1400 1488 1640 1880  1050 1052 1064 1082 +hsync +vsync (64.9 kHz d)
[    52.900] (II) modeset(0): Modeline "1600x900"x120.0  246.00  1600 1728 1900 2200  900 901 904 932 doublescan -hsync +vsync (111.8 kHz d)
[    52.900] (II) modeset(0): Modeline "1600x900"x119.9  186.50  1600 1624 1640 1680  900 901 904 926 doublescan +hsync -vsync (111.0 kHz d)
[    52.900] (II) modeset(0): Modeline "1600x900"x59.9  118.25  1600 1696 1856 2112  900 903 908 934 -hsync +vsync (56.0 kHz d)
[    52.900] (II) modeset(0): Modeline "1600x900"x59.8   97.50  1600 1648 1680 1760  900 903 908 926 +hsync -vsync (55.4 kHz d)
[    52.900] (II) modeset(0): Modeline "1280x1024"x60.0  108.00  1280 1328 1440 1688  1024 1025 1028 1066 +hsync +vsync (64.0 kHz d)
[    52.900] (II) modeset(0): Modeline "1440x900"x59.9  106.50  1440 1520 1672 1904  900 903 909 934 -hsync +vsync (55.9 kHz d)
[    52.900] (II) modeset(0): Modeline "1400x900"x60.0  103.50  1400 1480 1624 1848  900 903 913 934 -hsync +vsync (56.0 kHz d)
[    52.900] (II) modeset(0): Modeline "1400x900"x59.9   86.50  1400 1448 1480 1560  900 903 913 926 +hsync -vsync (55.4 kHz d)
[    52.900] (II) modeset(0): Modeline "1280x960"x60.0  108.00  1280 1376 1488 1800  960 961 964 1000 +hsync +vsync (60.0 kHz d)
[    52.900] (II) modeset(0): Modeline "1440x810"x120.0  198.12  1440 1548 1704 1968  810 811 814 839 doublescan -hsync +vsync (100.7 kHz d)
[    52.900] (II) modeset(0): Modeline "1440x810"x119.9  151.88  1440 1464 1480 1520  810 811 814 833 doublescan +hsync -vsync (99.9 kHz d)
[    52.900] (II) modeset(0): Modeline "1368x768"x59.9   85.25  1368 1440 1576 1784  768 771 781 798 -hsync +vsync (47.8 kHz d)
[    52.900] (II) modeset(0): Modeline "1368x768"x59.9   72.25  1368 1416 1448 1528  768 771 781 790 +hsync -vsync (47.3 kHz d)
[    52.900] (II) modeset(0): Modeline "1360x768"x59.8   84.75  1360 1432 1568 1776  768 771 781 798 -hsync +vsync (47.7 kHz d)
[    52.900] (II) modeset(0): Modeline "1360x768"x60.0   72.00  1360 1408 1440 1520  768 771 781 790 +hsync -vsync (47.4 kHz d)
[    52.900] (II) modeset(0): Modeline "1280x800"x120.0  174.25  1280 1380 1516 1752  800 801 804 829 doublescan -hsync +vsync (99.5 kHz d)
[    52.900] (II) modeset(0): Modeline "1280x800"x119.9  134.25  1280 1304 1320 1360  800 801 804 823 doublescan +hsync -vsync (98.7 kHz d)
[    52.900] (II) modeset(0): Modeline "1280x800"x59.8   83.50  1280 1352 1480 1680  800 803 809 831 -hsync +vsync (49.7 kHz d)
[    52.900] (II) modeset(0): Modeline "1280x800"x59.9   71.00  1280 1328 1360 1440  800 803 809 823 +hsync -vsync (49.3 kHz d)
[    52.900] (II) modeset(0): Modeline "1152x864"x60.0   81.62  1152 1216 1336 1520  864 865 868 895 -hsync +vsync (53.7 kHz d)
[    52.900] (II) modeset(0): Modeline "1280x720"x120.0  156.12  1280 1376 1512 1744  720 721 724 746 doublescan -hsync +vsync (89.5 kHz d)
[    52.900] (II) modeset(0): Modeline "1280x720"x120.0  120.75  1280 1304 1320 1360  720 721 724 740 doublescan +hsync -vsync (88.8 kHz d)
[    52.900] (II) modeset(0): Modeline "1280x720"x59.9   74.50  1280 1344 1472 1664  720 723 728 748 -hsync +vsync (44.8 kHz d)
[    52.900] (II) modeset(0): Modeline "1280x720"x59.7   63.75  1280 1328 1360 1440  720 723 728 741 +hsync -vsync (44.3 kHz d)
[    52.900] (II) modeset(0): Modeline "1024x768"x120.1  133.47  1024 1100 1212 1400  768 768 770 794 doublescan -hsync +vsync (95.3 kHz d)
[    52.900] (II) modeset(0): Modeline "1024x768"x60.0   65.00  1024 1048 1184 1344  768 771 777 806 -hsync -vsync (48.4 kHz d)
[    52.900] (II) modeset(0): Modeline "960x720"x120.0  117.00  960 1024 1128 1300  720 720 722 750 doublescan -hsync +vsync (90.0 kHz d)
[    52.900] (II) modeset(0): Modeline "928x696"x120.1  109.15  928 976 1088 1264  696 696 698 719 doublescan -hsync +vsync (86.4 kHz d)
[    52.900] (II) modeset(0): Modeline "896x672"x120.0  102.40  896 960 1060 1224  672 672 674 697 doublescan -hsync +vsync (83.7 kHz d)
[    52.900] (II) modeset(0): Modeline "1024x576"x119.9   98.50  1024 1092 1200 1376  576 577 580 597 doublescan -hsync +vsync (71.6 kHz d)
[    52.900] (II) modeset(0): Modeline "1024x576"x119.9   78.38  1024 1048 1064 1104  576 577 580 592 doublescan +hsync -vsync (71.0 kHz d)
[    52.900] (II) modeset(0): Modeline "1024x576"x59.9   46.50  1024 1064 1160 1296  576 579 584 599 -hsync +vsync (35.9 kHz d)
[    52.900] (II) modeset(0): Modeline "1024x576"x59.8   42.00  1024 1072 1104 1184  576 579 584 593 +hsync -vsync (35.5 kHz d)
[    52.900] (II) modeset(0): Modeline "960x600"x119.9   96.62  960 1028 1128 1296  600 601 604 622 doublescan -hsync +vsync (74.6 kHz d)
[    52.900] (II) modeset(0): Modeline "960x600"x120.0   77.00  960 984 1000 1040  600 601 604 617 doublescan +hsync -vsync (74.0 kHz d)
[    52.900] (II) modeset(0): Modeline "960x540"x119.9   86.50  960 1024 1124 1288  540 541 544 560 doublescan -hsync +vsync (67.2 kHz d)
[    52.900] (II) modeset(0): Modeline "960x540"x120.0   69.25  960 984 1000 1040  540 541 544 555 doublescan +hsync -vsync (66.6 kHz d)
[    52.900] (II) modeset(0): Modeline "960x540"x59.6   40.75  960 992 1088 1216  540 543 548 562 -hsync +vsync (33.5 kHz d)
[    52.900] (II) modeset(0): Modeline "960x540"x59.8   37.25  960 1008 1040 1120  540 543 548 556 +hsync -vsync (33.3 kHz d)
[    52.900] (II) modeset(0): Modeline "800x600"x120.0   81.00  800 832 928 1080  600 600 602 625 doublescan +hsync +vsync (75.0 kHz d)
[    52.900] (II) modeset(0): Modeline "800x600"x60.3   40.00  800 840 968 1056  600 601 605 628 +hsync +vsync (37.9 kHz d)
[    52.900] (II) modeset(0): Modeline "800x600"x56.2   36.00  800 824 896 1024  600 601 603 625 +hsync +vsync (35.2 kHz d)
[    52.900] (II) modeset(0): Modeline "840x525"x120.0   73.12  840 892 980 1120  525 526 529 544 doublescan -hsync +vsync (65.3 kHz d)
[    52.900] (II) modeset(0): Modeline "840x525"x119.8   59.50  840 864 880 920  525 526 529 540 doublescan +hsync -vsync (64.7 kHz d)
[    52.900] (II) modeset(0): Modeline "864x486"x59.9   32.50  864 888 968 1072  486 489 494 506 -hsync +vsync (30.3 kHz d)
[    52.900] (II) modeset(0): Modeline "864x486"x59.6   30.50  864 912 944 1024  486 489 494 500 +hsync -vsync (29.8 kHz d)
[    52.900] (II) modeset(0): Modeline "800x512"x120.3   51.56  800 800 828 832  512 512 514 515 doublescan +hsync +vsync (62.0 kHz d)
[    52.900] (II) modeset(0): Modeline "700x525"x120.0   61.00  700 744 820 940  525 526 532 541 doublescan +hsync +vsync (64.9 kHz d)
[    52.900] (II) modeset(0): Modeline "800x450"x119.9   59.12  800 848 928 1056  450 451 454 467 doublescan -hsync +vsync (56.0 kHz d)
[    52.900] (II) modeset(0): Modeline "800x450"x119.6   48.75  800 824 840 880  450 451 454 463 doublescan +hsync -vsync (55.4 kHz d)
[    52.900] (II) modeset(0): Modeline "640x512"x120.0   54.00  640 664 720 844  512 512 514 533 doublescan +hsync +vsync (64.0 kHz d)
[    52.900] (II) modeset(0): Modeline "720x450"x119.8   53.25  720 760 836 952  450 451 454 467 doublescan -hsync +vsync (55.9 kHz d)
[    52.900] (II) modeset(0): Modeline "700x450"x119.9   51.75  700 740 812 924  450 451 456 467 doublescan -hsync +vsync (56.0 kHz d)
[    52.900] (II) modeset(0): Modeline "700x450"x119.8   43.25  700 724 740 780  450 451 456 463 doublescan +hsync -vsync (55.4 kHz d)
[    52.900] (II) modeset(0): Modeline "640x480"x120.0   54.00  640 688 744 900  480 480 482 500 doublescan +hsync +vsync (60.0 kHz d)
[    52.900] (II) modeset(0): Modeline "640x480"x59.9   25.18  640 656 752 800  480 490 492 525 -hsync -vsync (31.5 kHz d)
[    52.900] (II) modeset(0): Modeline "720x405"x59.5   22.50  720 744 808 896  405 408 413 422 -hsync +vsync (25.1 kHz d)
[    52.900] (II) modeset(0): Modeline "720x405"x59.0   21.75  720 768 800 880  405 408 413 419 +hsync -vsync (24.7 kHz d)
[    52.900] (II) modeset(0): Modeline "684x384"x119.8   42.62  684 720 788 892  384 385 390 399 doublescan -hsync +vsync (47.8 kHz d)
[    52.900] (II) modeset(0): Modeline "684x384"x119.7   36.12  684 708 724 764  384 385 390 395 doublescan +hsync -vsync (47.3 kHz d)
[    52.900] (II) modeset(0): Modeline "680x384"x119.6   42.38  680 716 784 888  384 385 390 399 doublescan -hsync +vsync (47.7 kHz d)
[    52.900] (II) modeset(0): Modeline "680x384"x119.9   36.00  680 704 720 760  384 385 390 395 doublescan +hsync -vsync (47.4 kHz d)
[    52.900] (II) modeset(0): Modeline "640x400"x119.8   41.75  640 676 740 840  400 401 404 415 doublescan -hsync +vsync (49.7 kHz d)
[    52.900] (II) modeset(0): Modeline "640x400"x120.0   35.50  640 664 680 720  400 401 404 411 doublescan +hsync -vsync (49.3 kHz d)
[    52.900] (II) modeset(0): Modeline "576x432"x120.1   40.81  576 608 668 760  432 432 434 447 doublescan -hsync +vsync (53.7 kHz d)
[    52.900] (II) modeset(0): Modeline "640x360"x119.7   37.25  640 672 736 832  360 361 364 374 doublescan -hsync +vsync (44.8 kHz d)
[    52.900] (II) modeset(0): Modeline "640x360"x119.7   31.88  640 664 680 720  360 361 364 370 doublescan +hsync -vsync (44.3 kHz d)
[    52.900] (II) modeset(0): Modeline "640x360"x59.8   18.00  640 664 720 800  360 363 368 376 -hsync +vsync (22.5 kHz d)
[    52.900] (II) modeset(0): Modeline "640x360"x59.3   17.75  640 688 720 800  360 363 368 374 +hsync -vsync (22.2 kHz d)
[    52.900] (II) modeset(0): Modeline "512x384"x120.0   32.50  512 524 592 672  384 385 388 403 doublescan -hsync -vsync (48.4 kHz d)
[    52.900] (II) modeset(0): Modeline "512x288"x120.0   23.25  512 532 580 648  288 289 292 299 doublescan -hsync +vsync (35.9 kHz d)
[    52.900] (II) modeset(0): Modeline "512x288"x119.8   21.00  512 536 552 592  288 289 292 296 doublescan +hsync -vsync (35.5 kHz d)
[    52.900] (II) modeset(0): Modeline "480x270"x119.3   20.38  480 496 544 608  270 271 274 281 doublescan -hsync +vsync (33.5 kHz d)
[    52.900] (II) modeset(0): Modeline "480x270"x119.6   18.62  480 504 520 560  270 271 274 278 doublescan +hsync -vsync (33.3 kHz d)
[    52.900] (II) modeset(0): Modeline "400x300"x120.6   20.00  400 420 484 528  300 300 302 314 doublescan +hsync +vsync (37.9 kHz d)
[    52.900] (II) modeset(0): Modeline "400x300"x112.7   18.00  400 412 448 512  300 300 301 312 doublescan +hsync +vsync (35.2 kHz d)
[    52.900] (II) modeset(0): Modeline "432x243"x119.8   16.25  432 444 484 536  243 244 247 253 doublescan -hsync +vsync (30.3 kHz d)
[    52.900] (II) modeset(0): Modeline "432x243"x119.1   15.25  432 456 472 512  243 244 247 250 doublescan +hsync -vsync (29.8 kHz d)
[    52.900] (II) modeset(0): Modeline "320x240"x120.1   12.59  320 328 376 400  240 245 246 262 doublescan -hsync -vsync (31.5 kHz d)
[    52.900] (II) modeset(0): Modeline "360x202"x119.0   11.25  360 372 404 448  202 204 206 211 doublescan -hsync +vsync (25.1 kHz d)
[    52.900] (II) modeset(0): Modeline "360x202"x118.3   10.88  360 384 400 440  202 204 206 209 doublescan +hsync -vsync (24.7 kHz d)
[    52.900] (II) modeset(0): Modeline "320x180"x119.7    9.00  320 332 360 400  180 181 184 188 doublescan -hsync +vsync (22.5 kHz d)
[    52.900] (II) modeset(0): Modeline "320x180"x118.6    8.88  320 344 360 400  180 181 184 187 doublescan +hsync -vsync (22.2 kHz d)
[    52.900] (II) modeset(0): EDID for output DP-1
[    52.918] (II) modeset(0): EDID for output HDMI-1
[    52.918] (II) modeset(0): Manufacturer: DEL  Model: a098  Serial#: 826757196
[    52.918] (II) modeset(0): Year: 2013  Week: 51
[    52.918] (II) modeset(0): EDID Version: 1.3
[    52.918] (II) modeset(0): Digital Display Input
[    52.918] (II) modeset(0): Max Image Size [cm]: horiz.: 48  vert.: 27
[    52.918] (II) modeset(0): Gamma: 2.20
[    52.918] (II) modeset(0): DPMS capabilities: StandBy Suspend Off
[    52.918] (II) modeset(0): Supported color encodings: RGB 4:4:4 YCrCb 4:4:4 
[    52.918] (II) modeset(0): First detailed timing is preferred mode
[    52.918] (II) modeset(0): redX: 0.651 redY: 0.338   greenX: 0.318 greenY: 0.612
[    52.918] (II) modeset(0): blueX: 0.151 blueY: 0.065   whiteX: 0.313 whiteY: 0.329
[    52.918] (II) modeset(0): Supported established timings:
[    52.918] (II) modeset(0): 720x400@70Hz
[    52.918] (II) modeset(0): 640x480@60Hz
[    52.918] (II) modeset(0): 640x480@75Hz
[    52.918] (II) modeset(0): 800x600@60Hz
[    52.918] (II) modeset(0): 800x600@75Hz
[    52.918] (II) modeset(0): 1024x768@60Hz
[    52.918] (II) modeset(0): 1024x768@75Hz
[    52.918] (II) modeset(0): 1280x1024@75Hz
[    52.918] (II) modeset(0): Manufacturer's mask: 0
[    52.918] (II) modeset(0): Supported standard timings:
[    52.918] (II) modeset(0): #0: hsize: 1152  vsize 864  refresh: 75  vid: 20337
[    52.918] (II) modeset(0): #1: hsize: 1280  vsize 1024  refresh: 60  vid: 32897
[    52.918] (II) modeset(0): #2: hsize: 1600  vsize 900  refresh: 60  vid: 49321
[    52.918] (II) modeset(0): #3: hsize: 1920  vsize 1080  refresh: 60  vid: 49361
[    52.918] (II) modeset(0): Supported detailed timing:
[    52.918] (II) modeset(0): clock: 148.5 MHz   Image Size:  477 x 268 mm
[    52.918] (II) modeset(0): h_active: 1920  h_sync: 2008  h_sync_end 2052 h_blank_end 2200 h_border: 0
[    52.918] (II) modeset(0): v_active: 1080  v_sync: 1084  v_sync_end 1089 v_blanking: 1125 v_border: 0
[    52.918] (II) modeset(0): Serial No: 29C293CJ1GPL
[    52.918] (II) modeset(0): Monitor name: DELL P2214H
[    52.918] (II) modeset(0): Ranges: V min: 56 V max: 76 Hz, H min: 30 H max: 83 kHz, PixClock max 175 MHz
[    52.918] (II) modeset(0): EDID (in hex):
[    52.918] (II) modeset(0): 	00ffffffffffff0010ac98a04c504731
[    52.918] (II) modeset(0): 	3317010380301b78eaebf5a656519c26
[    52.918] (II) modeset(0): 	105054a54b00714f8180a9c0d1c00101
[    52.918] (II) modeset(0): 	010101010101023a801871382d40582c
[    52.918] (II) modeset(0): 	4500dd0c1100001e000000ff00323943
[    52.918] (II) modeset(0): 	323933434a3147504c0a000000fc0044
[    52.918] (II) modeset(0): 	454c4c205032323134480a20000000fd
[    52.918] (II) modeset(0): 	00384c1e5311000a20202020202000d7
[    52.918] (II) modeset(0): Printing probed modes for output HDMI-1
[    52.918] (II) modeset(0): Modeline "1920x1080"x60.0  148.50  1920 2008 2052 2200  1080 1084 1089 1125 +hsync +vsync (67.5 kHz eP)
[    52.918] (II) modeset(0): Modeline "1600x900"x60.0  108.00  1600 1624 1704 1800  900 901 904 1000 +hsync +vsync (60.0 kHz e)
[    52.918] (II) modeset(0): Modeline "1280x1024"x75.0  135.00  1280 1296 1440 1688  1024 1025 1028 1066 +hsync +vsync (80.0 kHz e)
[    52.918] (II) modeset(0): Modeline "1280x1024"x60.0  108.00  1280 1328 1440 1688  1024 1025 1028 1066 +hsync +vsync (64.0 kHz e)
[    52.918] (II) modeset(0): Modeline "1152x864"x75.0  108.00  1152 1216 1344 1600  864 865 868 900 +hsync +vsync (67.5 kHz e)
[    52.918] (II) modeset(0): Modeline "1024x768"x75.0   78.75  1024 1040 1136 1312  768 769 772 800 +hsync +vsync (60.0 kHz e)
[    52.918] (II) modeset(0): Modeline "1024x768"x60.0   65.00  1024 1048 1184 1344  768 771 777 806 -hsync -vsync (48.4 kHz e)
[    52.918] (II) modeset(0): Modeline "800x600"x75.0   49.50  800 816 896 1056  600 601 604 625 +hsync +vsync (46.9 kHz e)
[    52.918] (II) modeset(0): Modeline "800x600"x60.3   40.00  800 840 968 1056  600 601 605 628 +hsync +vsync (37.9 kHz e)
[    52.918] (II) modeset(0): Modeline "640x480"x75.0   31.50  640 656 720 840  480 481 484 500 -hsync -vsync (37.5 kHz e)
[    52.919] (II) modeset(0): Modeline "640x480"x59.9   25.18  640 656 752 800  480 490 492 525 -hsync -vsync (31.5 kHz e)
[    52.919] (II) modeset(0): Modeline "720x400"x70.1   28.32  720 738 846 900  400 412 414 449 -hsync +vsync (31.5 kHz e)
[    52.919] (II) modeset(0): Output eDP-1 connected
[    52.919] (II) modeset(0): Output DP-1 disconnected
[    52.919] (II) modeset(0): Output HDMI-1 connected
[    52.919] (II) modeset(0): Using spanning desktop for initial modes
[    52.919] (II) modeset(0): Output eDP-1 using initial mode 1920x1200 +0+0
[    52.919] (II) modeset(0): Output HDMI-1 using initial mode 1920x1080 +1920+0
[    52.919] (==) modeset(0): Using gamma correction (1.0, 1.0, 1.0)
[    52.919] (==) modeset(0): DPI set to (96, 96)
[    52.919] (II) Loading sub module "fb"
[    52.919] (II) LoadModule: "fb"
[    52.919] (II) Loading /usr/lib/xorg/modules/libfb.so
[    52.919] (II) Module fb: vendor="X.Org Foundation"
[    52.919] 	compiled for 1.20.13, module version = 1.0.0
[    52.919] 	ABI class: X.Org ANSI C Emulation, version 0.4
[    52.919] (II) UnloadModule: "fbdev"
[    52.919] (II) Unloading fbdev
[    52.919] (II) UnloadSubModule: "fbdevhw"
[    52.919] (II) Unloading fbdevhw
[    52.919] (II) UnloadModule: "vesa"
[    52.919] (II) Unloading vesa
[    52.928] (==) modeset(0): Backing store enabled
[    52.928] (==) modeset(0): Silken mouse enabled
[    53.153] (II) modeset(0): Initializing kms color map for depth 24, 8 bpc.
[    53.153] (==) modeset(0): DPMS enabled
[    53.153] (II) modeset(0): [DRI2] Setup complete
[    53.153] (II) modeset(0): [DRI2]   DRI driver: iris
[    53.153] (II) modeset(0): [DRI2]   VDPAU driver: va_gl
[    53.153] (II) Initializing extension Generic Event Extension
[    53.153] (II) Initializing extension SHAPE
[    53.153] (II) Initializing extension MIT-SHM
[    53.153] (II) Initializing extension XInputExtension
[    53.153] (II) Initializing extension XTEST
[    53.154] (II) Initializing extension BIG-REQUESTS
[    53.154] (II) Initializing extension SYNC
[    53.154] (II) Initializing extension XKEYBOARD
[    53.154] (II) Initializing extension XC-MISC
[    53.154] (II) Initializing extension SECURITY
[    53.154] (II) Initializing extension XFIXES
[    53.154] (II) Initializing extension RENDER
[    53.154] (II) Initializing extension RANDR
[    53.154] (II) Initializing extension COMPOSITE
[    53.154] (II) Initializing extension DAMAGE
[    53.154] (II) Initializing extension MIT-SCREEN-SAVER
[    53.154] (II) Initializing extension DOUBLE-BUFFER
[    53.154] (II) Initializing extension RECORD
[    53.155] (II) Initializing extension DPMS
[    53.155] (II) Initializing extension Present
[    53.155] (II) Initializing extension DRI3
[    53.155] (II) Initializing extension X-Resource
[    53.155] (II) Initializing extension XVideo
[    53.155] (II) Initializing extension XVideo-MotionCompensation
[    53.155] (II) Initializing extension SELinux
[    53.155] (II) SELinux: Disabled on system
[    53.155] (II) Initializing extension GLX
[    53.161] (II) AIGLX: Loaded and initialized iris
[    53.161] (II) GLX: Initialized DRI2 GL provider for screen 0
[    53.161] (II) Initializing extension XFree86-VidModeExtension
[    53.161] (II) Initializing extension XFree86-DGA
[    53.161] (II) Initializing extension XFree86-DRI
[    53.161] (II) Initializing extension DRI2
[    53.162] (II) modeset(0): Damage tracking initialized
[    53.162] (II) modeset(0): Setting screen physical size to 1016 x 317
[    53.187] (II) config/udev: Adding input device Power Button (/dev/input/event2)
[    53.187] (**) Power Button: Applying InputClass "libinput keyboard catchall"
[    53.187] (II) LoadModule: "libinput"
[    53.187] (II) Loading /usr/lib/xorg/modules/input/libinput_drv.so
[    53.188] (II) Module libinput: vendor="X.Org Foundation"
[    53.188] 	compiled for 1.20.4, module version = 0.29.0
[    53.188] 	Module class: X.Org XInput Driver
[    53.188] 	ABI class: X.Org XInput driver, version 24.1
[    53.188] (II) Using input driver 'libinput' for 'Power Button'
[    53.188] (II) systemd-logind: got fd for /dev/input/event2 13:66 fd 26 paused 0
[    53.188] (**) Power Button: always reports core events
[    53.188] (**) Option "Device" "/dev/input/event2"
[    53.188] (**) Option "_source" "server/udev"
[    53.189] (II) event2  - Power Button: is tagged by udev as: Keyboard
[    53.189] (II) event2  - Power Button: device is a keyboard
[    53.189] (II) event2  - Power Button: device removed
[    53.189] (**) Option "config_info" "udev:/sys/devices/LNXSYSTM:00/LNXPWRBN:00/input/input2/event2"
[    53.189] (II) XINPUT: Adding extended input device "Power Button" (type: KEYBOARD, id 6)
[    53.189] (**) Option "xkb_model" "pc105"
[    53.189] (**) Option "xkb_layout" "fr"
[    53.189] (**) Option "xkb_variant" "latin9"
[    53.200] (II) event2  - Power Button: is tagged by udev as: Keyboard
[    53.201] (II) event2  - Power Button: device is a keyboard
[    53.201] (II) config/udev: Adding input device Video Bus (/dev/input/event11)
[    53.201] (**) Video Bus: Applying InputClass "libinput keyboard catchall"
[    53.201] (II) Using input driver 'libinput' for 'Video Bus'
[    53.201] (II) systemd-logind: got fd for /dev/input/event11 13:75 fd 29 paused 0
[    53.201] (**) Video Bus: always reports core events
[    53.201] (**) Option "Device" "/dev/input/event11"
[    53.201] (**) Option "_source" "server/udev"
[    53.202] (II) event11 - Video Bus: is tagged by udev as: Keyboard
[    53.202] (II) event11 - Video Bus: device is a keyboard
[    53.202] (II) event11 - Video Bus: device removed
[    53.202] (**) Option "config_info" "udev:/sys/devices/LNXSYSTM:00/LNXSYBUS:00/PNP0A08:00/LNXVIDEO:00/input/input15/event11"
[    53.202] (II) XINPUT: Adding extended input device "Video Bus" (type: KEYBOARD, id 7)
[    53.202] (**) Option "xkb_model" "pc105"
[    53.202] (**) Option "xkb_layout" "fr"
[    53.202] (**) Option "xkb_variant" "latin9"
[    53.203] (II) event11 - Video Bus: is tagged by udev as: Keyboard
[    53.203] (II) event11 - Video Bus: device is a keyboard
[    53.203] (II) config/udev: Adding input device Lid Switch (/dev/input/event0)
[    53.203] (II) No input driver specified, ignoring this device.
[    53.203] (II) This device may have been added with another device file.
[    53.203] (II) config/udev: Adding input device Sleep Button (/dev/input/event1)
[    53.203] (**) Sleep Button: Applying InputClass "libinput keyboard catchall"
[    53.203] (II) Using input driver 'libinput' for 'Sleep Button'
[    53.204] (II) systemd-logind: got fd for /dev/input/event1 13:65 fd 30 paused 0
[    53.204] (**) Sleep Button: always reports core events
[    53.204] (**) Option "Device" "/dev/input/event1"
[    53.204] (**) Option "_source" "server/udev"
[    53.204] (II) event1  - Sleep Button: is tagged by udev as: Keyboard
[    53.204] (II) event1  - Sleep Button: device is a keyboard
[    53.204] (II) event1  - Sleep Button: device removed
[    53.205] (**) Option "config_info" "udev:/sys/devices/LNXSYSTM:00/LNXSYBUS:00/PNP0C0E:00/input/input1/event1"
[    53.205] (II) XINPUT: Adding extended input device "Sleep Button" (type: KEYBOARD, id 8)
[    53.205] (**) Option "xkb_model" "pc105"
[    53.205] (**) Option "xkb_layout" "fr"
[    53.205] (**) Option "xkb_variant" "latin9"
[    53.205] (II) event1  - Sleep Button: is tagged by udev as: Keyboard
[    53.205] (II) event1  - Sleep Button: device is a keyboard
[    53.206] (II) config/udev: Adding input device SEM USB Keyboard (/dev/input/event6)
[    53.206] (**) SEM USB Keyboard: Applying InputClass "libinput keyboard catchall"
[    53.206] (II) Using input driver 'libinput' for 'SEM USB Keyboard'
[    53.206] (II) systemd-logind: got fd for /dev/input/event6 13:70 fd 31 paused 0
[    53.206] (**) SEM USB Keyboard: always reports core events
[    53.206] (**) Option "Device" "/dev/input/event6"
[    53.206] (**) Option "_source" "server/udev"
[    53.207] (II) event6  - SEM USB Keyboard: is tagged by udev as: Keyboard
[    53.207] (II) event6  - SEM USB Keyboard: device is a keyboard
[    53.207] (II) event6  - SEM USB Keyboard: device removed
[    53.207] (**) Option "config_info" "udev:/sys/devices/pci0000:00/0000:00:14.0/usb1/1-4/1-4.3/1-4.3:1.0/0003:1A2C:0E24.0005/input/input7/event6"
[    53.207] (II) XINPUT: Adding extended input device "SEM USB Keyboard" (type: KEYBOARD, id 9)
[    53.207] (**) Option "xkb_model" "pc105"
[    53.207] (**) Option "xkb_layout" "fr"
[    53.207] (**) Option "xkb_variant" "latin9"
[    53.208] (II) event6  - SEM USB Keyboard: is tagged by udev as: Keyboard
[    53.208] (II) event6  - SEM USB Keyboard: device is a keyboard
[    53.208] (II) config/udev: Adding input device SEM USB Keyboard Consumer Control (/dev/input/event7)
[    53.208] (**) SEM USB Keyboard Consumer Control: Applying InputClass "libinput keyboard catchall"
[    53.208] (II) Using input driver 'libinput' for 'SEM USB Keyboard Consumer Control'
[    53.209] (II) systemd-logind: got fd for /dev/input/event7 13:71 fd 32 paused 0
[    53.209] (**) SEM USB Keyboard Consumer Control: always reports core events
[    53.209] (**) Option "Device" "/dev/input/event7"
[    53.209] (**) Option "_source" "server/udev"
[    53.210] (II) event7  - SEM USB Keyboard Consumer Control: is tagged by udev as: Keyboard
[    53.210] (II) event7  - SEM USB Keyboard Consumer Control: device is a keyboard
[    53.210] (II) event7  - SEM USB Keyboard Consumer Control: device removed
[    53.210] (II) libinput: SEM USB Keyboard Consumer Control: needs a virtual subdevice
[    53.210] (**) Option "config_info" "udev:/sys/devices/pci0000:00/0000:00:14.0/usb1/1-4/1-4.3/1-4.3:1.1/0003:1A2C:0E24.0006/input/input8/event7"
[    53.210] (II) XINPUT: Adding extended input device "SEM USB Keyboard Consumer Control" (type: MOUSE, id 10)
[    53.210] (**) Option "AccelerationScheme" "none"
[    53.210] (**) SEM USB Keyboard Consumer Control: (accel) selected scheme none/0
[    53.210] (**) SEM USB Keyboard Consumer Control: (accel) acceleration factor: 2.000
[    53.210] (**) SEM USB Keyboard Consumer Control: (accel) acceleration threshold: 4
[    53.211] (II) event7  - SEM USB Keyboard Consumer Control: is tagged by udev as: Keyboard
[    53.211] (II) event7  - SEM USB Keyboard Consumer Control: device is a keyboard
[    53.211] (II) config/udev: Adding input device SEM USB Keyboard System Control (/dev/input/event8)
[    53.211] (**) SEM USB Keyboard System Control: Applying InputClass "libinput keyboard catchall"
[    53.211] (II) Using input driver 'libinput' for 'SEM USB Keyboard System Control'
[    53.211] (II) systemd-logind: got fd for /dev/input/event8 13:72 fd 33 paused 0
[    53.212] (**) SEM USB Keyboard System Control: always reports core events
[    53.212] (**) Option "Device" "/dev/input/event8"
[    53.212] (**) Option "_source" "server/udev"
[    53.212] (II) event8  - SEM USB Keyboard System Control: is tagged by udev as: Keyboard
[    53.212] (II) event8  - SEM USB Keyboard System Control: device is a keyboard
[    53.212] (II) event8  - SEM USB Keyboard System Control: device removed
[    53.212] (**) Option "config_info" "udev:/sys/devices/pci0000:00/0000:00:14.0/usb1/1-4/1-4.3/1-4.3:1.1/0003:1A2C:0E24.0006/input/input9/event8"
[    53.213] (II) XINPUT: Adding extended input device "SEM USB Keyboard System Control" (type: KEYBOARD, id 11)
[    53.213] (**) Option "xkb_model" "pc105"
[    53.213] (**) Option "xkb_layout" "fr"
[    53.213] (**) Option "xkb_variant" "latin9"
[    53.214] (II) event8  - SEM USB Keyboard System Control: is tagged by udev as: Keyboard
[    53.214] (II) event8  - SEM USB Keyboard System Control: device is a keyboard
[    53.214] (II) config/udev: Adding input device Logitech USB Optical Mouse (/dev/input/event9)
[    53.214] (**) Logitech USB Optical Mouse: Applying InputClass "libinput pointer catchall"
[    53.214] (II) Using input driver 'libinput' for 'Logitech USB Optical Mouse'
[    53.214] (II) systemd-logind: got fd for /dev/input/event9 13:73 fd 34 paused 0
[    53.214] (**) Logitech USB Optical Mouse: always reports core events
[    53.214] (**) Option "Device" "/dev/input/event9"
[    53.214] (**) Option "_source" "server/udev"
[    53.215] (II) event9  - Logitech USB Optical Mouse: is tagged by udev as: Mouse
[    53.215] (II) event9  - Logitech USB Optical Mouse: device is a pointer
[    53.215] (II) event9  - Logitech USB Optical Mouse: device removed
[    53.215] (**) Option "config_info" "udev:/sys/devices/pci0000:00/0000:00:14.0/usb1/1-4/1-4.4/1-4.4:1.0/0003:046D:C077.0008/input/input24/event9"
[    53.215] (II) XINPUT: Adding extended input device "Logitech USB Optical Mouse" (type: MOUSE, id 12)
[    53.215] (**) Option "AccelerationScheme" "none"
[    53.215] (**) Logitech USB Optical Mouse: (accel) selected scheme none/0
[    53.215] (**) Logitech USB Optical Mouse: (accel) acceleration factor: 2.000
[    53.215] (**) Logitech USB Optical Mouse: (accel) acceleration threshold: 4
[    53.216] (II) event9  - Logitech USB Optical Mouse: is tagged by udev as: Mouse
[    53.216] (II) event9  - Logitech USB Optical Mouse: device is a pointer
[    53.217] (II) config/udev: Adding input device Logitech USB Optical Mouse (/dev/input/mouse2)
[    53.217] (II) No input driver specified, ignoring this device.
[    53.217] (II) This device may have been added with another device file.
[    53.217] (II) config/udev: Adding input device FN80AF-704H : FN80AF-704H  (/dev/input/event18)
[    53.217] (**) FN80AF-704H : FN80AF-704H : Applying InputClass "libinput keyboard catchall"
[    53.217] (II) Using input driver 'libinput' for 'FN80AF-704H : FN80AF-704H '
[    53.217] (II) systemd-logind: got fd for /dev/input/event18 13:82 fd 35 paused 0
[    53.217] (**) FN80AF-704H : FN80AF-704H : always reports core events
[    53.217] (**) Option "Device" "/dev/input/event18"
[    53.217] (**) Option "_source" "server/udev"
[    53.218] (II) event18 - FN80AF-704H : FN80AF-704H : is tagged by udev as: Keyboard
[    53.218] (II) event18 - FN80AF-704H : FN80AF-704H : device is a keyboard
[    53.218] (II) event18 - FN80AF-704H : FN80AF-704H : device removed
[    53.218] (**) Option "config_info" "udev:/sys/devices/pci0000:00/0000:00:14.0/usb1/1-7/1-7:1.0/input/input22/event18"
[    53.218] (II) XINPUT: Adding extended input device "FN80AF-704H : FN80AF-704H " (type: KEYBOARD, id 13)
[    53.218] (**) Option "xkb_model" "pc105"
[    53.218] (**) Option "xkb_layout" "fr"
[    53.218] (**) Option "xkb_variant" "latin9"
[    53.218] (II) event18 - FN80AF-704H : FN80AF-704H : is tagged by udev as: Keyboard
[    53.218] (II) event18 - FN80AF-704H : FN80AF-704H : device is a keyboard
[    53.219] (II) config/udev: Adding input device Full HD Camera: Full HD Camera (/dev/input/event19)
[    53.219] (**) Full HD Camera: Full HD Camera: Applying InputClass "libinput keyboard catchall"
[    53.219] (II) Using input driver 'libinput' for 'Full HD Camera: Full HD Camera'
[    53.219] (II) systemd-logind: got fd for /dev/input/event19 13:83 fd 36 paused 0
[    53.219] (**) Full HD Camera: Full HD Camera: always reports core events
[    53.219] (**) Option "Device" "/dev/input/event19"
[    53.219] (**) Option "_source" "server/udev"
[    53.220] (II) event19 - Full HD Camera: Full HD Camera: is tagged by udev as: Keyboard
[    53.220] (II) event19 - Full HD Camera: Full HD Camera: device is a keyboard
[    53.220] (II) event19 - Full HD Camera: Full HD Camera: device removed
[    53.220] (**) Option "config_info" "udev:/sys/devices/pci0000:00/0000:00:14.0/usb1/1-9/1-9:1.0/input/input23/event19"
[    53.220] (II) XINPUT: Adding extended input device "Full HD Camera: Full HD Camera" (type: KEYBOARD, id 14)
[    53.220] (**) Option "xkb_model" "pc105"
[    53.220] (**) Option "xkb_layout" "fr"
[    53.220] (**) Option "xkb_variant" "latin9"
[    53.220] (II) event19 - Full HD Camera: Full HD Camera: is tagged by udev as: Keyboard
[    53.221] (II) event19 - Full HD Camera: Full HD Camera: device is a keyboard
[    53.221] (II) config/udev: Adding input device CUST0000:00 0EEF:C002 (/dev/input/event5)
[    53.221] (**) CUST0000:00 0EEF:C002: Applying InputClass "libinput touchscreen catchall"
[    53.221] (II) Using input driver 'libinput' for 'CUST0000:00 0EEF:C002'
[    53.221] (II) systemd-logind: got fd for /dev/input/event5 13:69 fd 37 paused 0
[    53.221] (**) CUST0000:00 0EEF:C002: always reports core events
[    53.221] (**) Option "Device" "/dev/input/event5"
[    53.221] (**) Option "_source" "server/udev"
[    53.222] (II) event5  - CUST0000:00 0EEF:C002: is tagged by udev as: Touchscreen
[    53.222] (II) event5  - CUST0000:00 0EEF:C002: device is a touch device
[    53.222] (II) event5  - CUST0000:00 0EEF:C002: device removed
[    53.222] (**) Option "config_info" "udev:/sys/devices/pci0000:00/0000:00:15.1/i2c_designware.1/i2c-2/i2c-CUST0000:00/0018:0EEF:C002.0001/input/input12/event5"
[    53.222] (II) XINPUT: Adding extended input device "CUST0000:00 0EEF:C002" (type: TOUCHSCREEN, id 15)
[    53.222] (**) Option "AccelerationScheme" "none"
[    53.222] (**) CUST0000:00 0EEF:C002: (accel) selected scheme none/0
[    53.222] (**) CUST0000:00 0EEF:C002: (accel) acceleration factor: 2.000
[    53.222] (**) CUST0000:00 0EEF:C002: (accel) acceleration threshold: 4
[    53.223] (II) event5  - CUST0000:00 0EEF:C002: is tagged by udev as: Touchscreen
[    53.223] (II) event5  - CUST0000:00 0EEF:C002: device is a touch device
[    53.224] (II) config/udev: Adding input device CUST0000:00 0EEF:C002 (/dev/input/mouse0)
[    53.224] (II) No input driver specified, ignoring this device.
[    53.224] (II) This device may have been added with another device file.
[    53.224] (II) config/udev: Adding input device CUST0000:00 0EEF:C002 Mouse (/dev/input/event10)
[    53.224] (**) CUST0000:00 0EEF:C002 Mouse: Applying InputClass "libinput pointer catchall"
[    53.224] (II) Using input driver 'libinput' for 'CUST0000:00 0EEF:C002 Mouse'
[    53.230] (II) systemd-logind: got fd for /dev/input/event10 13:74 fd 38 paused 0
[    53.230] (**) CUST0000:00 0EEF:C002 Mouse: always reports core events
[    53.230] (**) Option "Device" "/dev/input/event10"
[    53.230] (**) Option "_source" "server/udev"
[    53.232] (II) event10 - CUST0000:00 0EEF:C002 Mouse: is tagged by udev as: Mouse Pointingstick
[    53.232] (II) event10 - CUST0000:00 0EEF:C002 Mouse: device is a pointer
[    53.232] (II) event10 - CUST0000:00 0EEF:C002 Mouse: device removed
[    53.232] (**) Option "config_info" "udev:/sys/devices/pci0000:00/0000:00:15.1/i2c_designware.1/i2c-2/i2c-CUST0000:00/0018:0EEF:C002.0001/input/input14/event10"
[    53.232] (II) XINPUT: Adding extended input device "CUST0000:00 0EEF:C002 Mouse" (type: MOUSE, id 16)
[    53.232] (**) Option "AccelerationScheme" "none"
[    53.232] (**) CUST0000:00 0EEF:C002 Mouse: (accel) selected scheme none/0
[    53.232] (**) CUST0000:00 0EEF:C002 Mouse: (accel) acceleration factor: 2.000
[    53.233] (**) CUST0000:00 0EEF:C002 Mouse: (accel) acceleration threshold: 4
[    53.233] (II) event10 - CUST0000:00 0EEF:C002 Mouse: is tagged by udev as: Mouse Pointingstick
[    53.233] (II) event10 - CUST0000:00 0EEF:C002 Mouse: device is a pointer
[    53.234] (II) config/udev: Adding input device CUST0000:00 0EEF:C002 Mouse (/dev/input/js0)
[    53.234] (II) No input driver specified, ignoring this device.
[    53.234] (II) This device may have been added with another device file.
[    53.234] (II) config/udev: Adding input device CUST0000:00 0EEF:C002 Mouse (/dev/input/mouse1)
[    53.235] (II) No input driver specified, ignoring this device.
[    53.235] (II) This device may have been added with another device file.
[    53.235] (II) config/udev: Adding input device HDA Intel PCH Front Headphone (/dev/input/event12)
[    53.235] (II) No input driver specified, ignoring this device.
[    53.235] (II) This device may have been added with another device file.
[    53.235] (II) config/udev: Adding input device HDA Intel PCH HDMI/DP,pcm=3 (/dev/input/event13)
[    53.235] (II) No input driver specified, ignoring this device.
[    53.235] (II) This device may have been added with another device file.
[    53.235] (II) config/udev: Adding input device HDA Intel PCH HDMI/DP,pcm=7 (/dev/input/event14)
[    53.235] (II) No input driver specified, ignoring this device.
[    53.235] (II) This device may have been added with another device file.
[    53.235] (II) config/udev: Adding input device HDA Intel PCH HDMI/DP,pcm=8 (/dev/input/event15)
[    53.235] (II) No input driver specified, ignoring this device.
[    53.235] (II) This device may have been added with another device file.
[    53.235] (II) config/udev: Adding input device HDA Intel PCH HDMI/DP,pcm=9 (/dev/input/event16)
[    53.235] (II) No input driver specified, ignoring this device.
[    53.235] (II) This device may have been added with another device file.
[    53.236] (II) config/udev: Adding input device HDA Intel PCH HDMI/DP,pcm=10 (/dev/input/event17)
[    53.236] (II) No input driver specified, ignoring this device.
[    53.236] (II) This device may have been added with another device file.
[    53.236] (II) config/udev: Adding input device Intel HID events (/dev/input/event4)
[    53.236] (**) Intel HID events: Applying InputClass "libinput keyboard catchall"
[    53.236] (II) Using input driver 'libinput' for 'Intel HID events'
[    53.236] (II) systemd-logind: got fd for /dev/input/event4 13:68 fd 39 paused 0
[    53.236] (**) Intel HID events: always reports core events
[    53.236] (**) Option "Device" "/dev/input/event4"
[    53.236] (**) Option "_source" "server/udev"
[    53.237] (II) event4  - Intel HID events: is tagged by udev as: Keyboard
[    53.237] (II) event4  - Intel HID events: device is a keyboard
[    53.237] (II) event4  - Intel HID events: device removed
[    53.237] (**) Option "config_info" "udev:/sys/devices/platform/INT33D5:00/input/input11/event4"
[    53.237] (II) XINPUT: Adding extended input device "Intel HID events" (type: KEYBOARD, id 17)
[    53.237] (**) Option "xkb_model" "pc105"
[    53.237] (**) Option "xkb_layout" "fr"
[    53.237] (**) Option "xkb_variant" "latin9"
[    53.237] (II) event4  - Intel HID events: is tagged by udev as: Keyboard
[    53.237] (II) event4  - Intel HID events: device is a keyboard
[    53.237] (II) config/udev: Adding input device AT Translated Set 2 keyboard (/dev/input/event3)
[    53.237] (**) AT Translated Set 2 keyboard: Applying InputClass "libinput keyboard catchall"
[    53.237] (II) Using input driver 'libinput' for 'AT Translated Set 2 keyboard'
[    53.238] (II) systemd-logind: got fd for /dev/input/event3 13:67 fd 40 paused 0
[    53.238] (**) AT Translated Set 2 keyboard: always reports core events
[    53.238] (**) Option "Device" "/dev/input/event3"
[    53.238] (**) Option "_source" "server/udev"
[    53.238] (II) event3  - AT Translated Set 2 keyboard: is tagged by udev as: Keyboard
[    53.238] (II) event3  - AT Translated Set 2 keyboard: device is a keyboard
[    53.239] (II) event3  - AT Translated Set 2 keyboard: device removed
[    53.239] (**) Option "config_info" "udev:/sys/devices/platform/i8042/serio0/input/input3/event3"
[    53.239] (II) XINPUT: Adding extended input device "AT Translated Set 2 keyboard" (type: KEYBOARD, id 18)
[    53.239] (**) Option "xkb_model" "pc105"
[    53.239] (**) Option "xkb_layout" "fr"
[    53.239] (**) Option "xkb_variant" "latin9"
[    53.239] (II) event3  - AT Translated Set 2 keyboard: is tagged by udev as: Keyboard
[    53.239] (II) event3  - AT Translated Set 2 keyboard: device is a keyboard
[    53.269] (**) SEM USB Keyboard Consumer Control: Applying InputClass "libinput keyboard catchall"
[    53.269] (II) Using input driver 'libinput' for 'SEM USB Keyboard Consumer Control'
[    53.269] (II) systemd-logind: returning pre-existing fd for /dev/input/event7 13:71
[    53.269] (**) SEM USB Keyboard Consumer Control: always reports core events
[    53.269] (**) Option "Device" "/dev/input/event7"
[    53.269] (**) Option "_source" "_driver/libinput"
[    53.269] (II) libinput: SEM USB Keyboard Consumer Control: is a virtual subdevice
[    53.269] (**) Option "config_info" "udev:/sys/devices/pci0000:00/0000:00:14.0/usb1/1-4/1-4.3/1-4.3:1.1/0003:1A2C:0E24.0006/input/input8/event7"
[    53.269] (II) XINPUT: Adding extended input device "SEM USB Keyboard Consumer Control" (type: KEYBOARD, id 19)
[    53.269] (**) Option "xkb_model" "pc105"
[    53.269] (**) Option "xkb_layout" "fr"
[    53.269] (**) Option "xkb_variant" "latin9"
[    53.667] (II) modeset(0): EDID vendor "DEL", prod id 41112
[    53.667] (II) modeset(0): Using EDID range info for horizontal sync
[    53.667] (II) modeset(0): Using EDID range info for vertical refresh
[    53.667] (II) modeset(0): Printing DDC gathered Modelines:
[    53.667] (II) modeset(0): Modeline "1920x1080"x0.0  148.50  1920 2008 2052 2200  1080 1084 1089 1125 +hsync +vsync (67.5 kHz eP)
[    53.667] (II) modeset(0): Modeline "800x600"x0.0   40.00  800 840 968 1056  600 601 605 628 +hsync +vsync (37.9 kHz e)
[    53.667] (II) modeset(0): Modeline "640x480"x0.0   31.50  640 656 720 840  480 481 484 500 -hsync -vsync (37.5 kHz e)
[    53.667] (II) modeset(0): Modeline "640x480"x0.0   25.18  640 656 752 800  480 490 492 525 -hsync -vsync (31.5 kHz e)
[    53.667] (II) modeset(0): Modeline "720x400"x0.0   28.32  720 738 846 900  400 412 414 449 -hsync +vsync (31.5 kHz e)
[    53.667] (II) modeset(0): Modeline "1280x1024"x0.0  135.00  1280 1296 1440 1688  1024 1025 1028 1066 +hsync +vsync (80.0 kHz e)
[    53.667] (II) modeset(0): Modeline "1024x768"x0.0   78.75  1024 1040 1136 1312  768 769 772 800 +hsync +vsync (60.0 kHz e)
[    53.668] (II) modeset(0): Modeline "1024x768"x0.0   65.00  1024 1048 1184 1344  768 771 777 806 -hsync -vsync (48.4 kHz e)
[    53.668] (II) modeset(0): Modeline "800x600"x0.0   49.50  800 816 896 1056  600 601 604 625 +hsync +vsync (46.9 kHz e)
[    53.668] (II) modeset(0): Modeline "1152x864"x0.0  108.00  1152 1216 1344 1600  864 865 868 900 +hsync +vsync (67.5 kHz e)
[    53.668] (II) modeset(0): Modeline "1280x1024"x0.0  108.00  1280 1328 1440 1688  1024 1025 1028 1066 +hsync +vsync (64.0 kHz e)
[    53.668] (II) modeset(0): Modeline "1600x900"x60.0  119.00  1600 1696 1864 2128  900 901 904 932 -hsync +vsync (55.9 kHz e)
[   423.258] (II) config/udev: removing device Logitech USB Optical Mouse
[   423.258] (**) Option "fd" "34"
[   423.258] (II) event9  - Logitech USB Optical Mouse: device removed
[   423.261] (II) UnloadModule: "libinput"
[   423.261] (II) systemd-logind: releasing fd for 13:73
[   424.219] (II) config/udev: Adding input device Logitech USB Optical Mouse (/dev/input/mouse2)
[   424.219] (II) No input driver specified, ignoring this device.
[   424.219] (II) This device may have been added with another device file.
[   424.294] (II) config/udev: Adding input device Logitech USB Optical Mouse (/dev/input/event9)
[   424.294] (**) Logitech USB Optical Mouse: Applying InputClass "libinput pointer catchall"
[   424.294] (II) Using input driver 'libinput' for 'Logitech USB Optical Mouse'
[   424.295] (II) systemd-logind: got fd for /dev/input/event9 13:73 fd 63 paused 0
[   424.295] (**) Logitech USB Optical Mouse: always reports core events
[   424.295] (**) Option "Device" "/dev/input/event9"
[   424.296] (**) Option "_source" "server/udev"
[   424.327] (II) event9  - Logitech USB Optical Mouse: is tagged by udev as: Mouse
[   424.327] (II) event9  - Logitech USB Optical Mouse: device is a pointer
[   424.327] (II) event9  - Logitech USB Optical Mouse: device removed
[   424.327] (**) Option "config_info" "udev:/sys/devices/pci0000:00/0000:00:14.0/usb1/1-4/1-4.4/1-4.4:1.0/0003:046D:C077.0009/input/input25/event9"
[   424.327] (II) XINPUT: Adding extended input device "Logitech USB Optical Mouse" (type: MOUSE, id 12)
[   424.328] (**) Option "AccelerationScheme" "none"
[   424.328] (**) Logitech USB Optical Mouse: (accel) selected scheme none/0
[   424.328] (**) Logitech USB Optical Mouse: (accel) acceleration factor: 2.000
[   424.328] (**) Logitech USB Optical Mouse: (accel) acceleration threshold: 4
[   424.329] (II) event9  - Logitech USB Optical Mouse: is tagged by udev as: Mouse
[   424.329] (II) event9  - Logitech USB Optical Mouse: device is a pointer
[  1414.490] (II) config/udev: removing device Logitech USB Optical Mouse
[  1414.490] (**) Option "fd" "63"
[  1414.490] (II) event9  - Logitech USB Optical Mouse: device removed
[  1414.498] (II) UnloadModule: "libinput"
[  1414.498] (II) systemd-logind: releasing fd for 13:73
[  1415.445] (II) config/udev: Adding input device Logitech USB Optical Mouse (/dev/input/mouse2)
[  1415.445] (II) No input driver specified, ignoring this device.
[  1415.445] (II) This device may have been added with another device file.
[  1415.548] (II) config/udev: Adding input device Logitech USB Optical Mouse (/dev/input/event9)
[  1415.548] (**) Logitech USB Optical Mouse: Applying InputClass "libinput pointer catchall"
[  1415.548] (II) Using input driver 'libinput' for 'Logitech USB Optical Mouse'
[  1415.550] (II) systemd-logind: got fd for /dev/input/event9 13:73 fd 67 paused 0
[  1415.550] (**) Logitech USB Optical Mouse: always reports core events
[  1415.550] (**) Option "Device" "/dev/input/event9"
[  1415.550] (**) Option "_source" "server/udev"
[  1415.554] (II) event9  - Logitech USB Optical Mouse: is tagged by udev as: Mouse
[  1415.554] (II) event9  - Logitech USB Optical Mouse: device is a pointer
[  1415.554] (II) event9  - Logitech USB Optical Mouse: device removed
[  1415.554] (**) Option "config_info" "udev:/sys/devices/pci0000:00/0000:00:14.0/usb1/1-4/1-4.4/1-4.4:1.0/0003:046D:C077.000A/input/input26/event9"
[  1415.554] (II) XINPUT: Adding extended input device "Logitech USB Optical Mouse" (type: MOUSE, id 12)
[  1415.555] (**) Option "AccelerationScheme" "none"
[  1415.556] (**) Logitech USB Optical Mouse: (accel) selected scheme none/0
[  1415.556] (**) Logitech USB Optical Mouse: (accel) acceleration factor: 2.000
[  1415.556] (**) Logitech USB Optical Mouse: (accel) acceleration threshold: 4
[  1415.557] (II) event9  - Logitech USB Optical Mouse: is tagged by udev as: Mouse
[  1415.557] (II) event9  - Logitech USB Optical Mouse: device is a pointer
[  2572.378] (II) config/udev: removing device Logitech USB Optical Mouse
[  2572.378] (**) Option "fd" "67"
[  2572.378] (II) event9  - Logitech USB Optical Mouse: device removed
[  2572.382] (II) UnloadModule: "libinput"
[  2572.382] (II) systemd-logind: releasing fd for 13:73
[  2573.862] (II) config/udev: Adding input device Logitech USB Optical Mouse (/dev/input/mouse2)
[  2573.862] (II) No input driver specified, ignoring this device.
[  2573.862] (II) This device may have been added with another device file.
[  2573.941] (II) config/udev: Adding input device Logitech USB Optical Mouse (/dev/input/event9)
[  2573.941] (**) Logitech USB Optical Mouse: Applying InputClass "libinput pointer catchall"
[  2573.941] (II) Using input driver 'libinput' for 'Logitech USB Optical Mouse'
[  2573.942] (II) systemd-logind: got fd for /dev/input/event9 13:73 fd 67 paused 0
[  2573.942] (**) Logitech USB Optical Mouse: always reports core events
[  2573.942] (**) Option "Device" "/dev/input/event9"
[  2573.942] (**) Option "_source" "server/udev"
[  2573.943] (II) event9  - Logitech USB Optical Mouse: is tagged by udev as: Mouse
[  2573.944] (II) event9  - Logitech USB Optical Mouse: device is a pointer
[  2573.944] (II) event9  - Logitech USB Optical Mouse: device removed
[  2573.944] (**) Option "config_info" "udev:/sys/devices/pci0000:00/0000:00:14.0/usb1/1-4/1-4.4/1-4.4:1.0/0003:046D:C077.000B/input/input27/event9"
[  2573.944] (II) XINPUT: Adding extended input device "Logitech USB Optical Mouse" (type: MOUSE, id 12)
[  2573.945] (**) Option "AccelerationScheme" "none"
[  2573.945] (**) Logitech USB Optical Mouse: (accel) selected scheme none/0
[  2573.945] (**) Logitech USB Optical Mouse: (accel) acceleration factor: 2.000
[  2573.945] (**) Logitech USB Optical Mouse: (accel) acceleration threshold: 4
[  2573.947] (II) event9  - Logitech USB Optical Mouse: is tagged by udev as: Mouse
[  2573.947] (II) event9  - Logitech USB Optical Mouse: device is a pointer
[  2606.946] (II) config/udev: removing device Logitech USB Optical Mouse
[  2606.946] (**) Option "fd" "67"
[  2606.947] (II) event9  - Logitech USB Optical Mouse: device removed
[  2606.952] (II) UnloadModule: "libinput"
[  2606.952] (II) systemd-logind: releasing fd for 13:73
[  2607.911] (II) config/udev: Adding input device Logitech USB Optical Mouse (/dev/input/mouse2)
[  2607.911] (II) No input driver specified, ignoring this device.
[  2607.911] (II) This device may have been added with another device file.
[  2607.968] (II) config/udev: Adding input device Logitech USB Optical Mouse (/dev/input/event9)
[  2607.968] (**) Logitech USB Optical Mouse: Applying InputClass "libinput pointer catchall"
[  2607.968] (II) Using input driver 'libinput' for 'Logitech USB Optical Mouse'
[  2607.969] (II) systemd-logind: got fd for /dev/input/event9 13:73 fd 67 paused 0
[  2607.969] (**) Logitech USB Optical Mouse: always reports core events
[  2607.970] (**) Option "Device" "/dev/input/event9"
[  2607.970] (**) Option "_source" "server/udev"
[  2607.972] (II) event9  - Logitech USB Optical Mouse: is tagged by udev as: Mouse
[  2607.972] (II) event9  - Logitech USB Optical Mouse: device is a pointer
[  2607.972] (II) event9  - Logitech USB Optical Mouse: device removed
[  2607.973] (**) Option "config_info" "udev:/sys/devices/pci0000:00/0000:00:14.0/usb1/1-4/1-4.4/1-4.4:1.0/0003:046D:C077.000C/input/input28/event9"
[  2607.973] (II) XINPUT: Adding extended input device "Logitech USB Optical Mouse" (type: MOUSE, id 12)
[  2607.973] (**) Option "AccelerationScheme" "none"
[  2607.974] (**) Logitech USB Optical Mouse: (accel) selected scheme none/0
[  2607.974] (**) Logitech USB Optical Mouse: (accel) acceleration factor: 2.000
[  2607.974] (**) Logitech USB Optical Mouse: (accel) acceleration threshold: 4
[  2607.976] (II) event9  - Logitech USB Optical Mouse: is tagged by udev as: Mouse
[  2607.976] (II) event9  - Logitech USB Optical Mouse: device is a pointer
[  2655.318] (II) config/udev: removing device Logitech USB Optical Mouse
[  2655.318] (**) Option "fd" "67"
[  2655.318] (II) event9  - Logitech USB Optical Mouse: device removed
[  2655.321] (II) UnloadModule: "libinput"
[  2655.321] (II) systemd-logind: releasing fd for 13:73
[  2656.284] (II) config/udev: Adding input device Logitech USB Optical Mouse (/dev/input/mouse2)
[  2656.284] (II) No input driver specified, ignoring this device.
[  2656.284] (II) This device may have been added with another device file.
[  2656.351] (II) config/udev: Adding input device Logitech USB Optical Mouse (/dev/input/event9)
[  2656.351] (**) Logitech USB Optical Mouse: Applying InputClass "libinput pointer catchall"
[  2656.351] (II) Using input driver 'libinput' for 'Logitech USB Optical Mouse'
[  2656.352] (II) systemd-logind: got fd for /dev/input/event9 13:73 fd 67 paused 0
[  2656.352] (**) Logitech USB Optical Mouse: always reports core events
[  2656.352] (**) Option "Device" "/dev/input/event9"
[  2656.352] (**) Option "_source" "server/udev"
[  2656.357] (II) event9  - Logitech USB Optical Mouse: is tagged by udev as: Mouse
[  2656.358] (II) event9  - Logitech USB Optical Mouse: device is a pointer
[  2656.358] (II) event9  - Logitech USB Optical Mouse: device removed
[  2656.359] (**) Option "config_info" "udev:/sys/devices/pci0000:00/0000:00:14.0/usb1/1-4/1-4.4/1-4.4:1.0/0003:046D:C077.000D/input/input29/event9"
[  2656.359] (II) XINPUT: Adding extended input device "Logitech USB Optical Mouse" (type: MOUSE, id 12)
[  2656.361] (**) Option "AccelerationScheme" "none"
[  2656.364] (**) Logitech USB Optical Mouse: (accel) selected scheme none/0
[  2656.364] (**) Logitech USB Optical Mouse: (accel) acceleration factor: 2.000
[  2656.364] (**) Logitech USB Optical Mouse: (accel) acceleration threshold: 4
[  2656.368] (II) event9  - Logitech USB Optical Mouse: is tagged by udev as: Mouse
[  2656.368] (II) event9  - Logitech USB Optical Mouse: device is a pointer
[  2688.703] (II) modeset(0): EDID vendor "DEL", prod id 41112
[  2688.703] (II) modeset(0): Using hsync ranges from config file
[  2688.703] (II) modeset(0): Using vrefresh ranges from config file
[  2688.703] (II) modeset(0): Printing DDC gathered Modelines:
[  2688.703] (II) modeset(0): Modeline "1920x1080"x0.0  148.50  1920 2008 2052 2200  1080 1084 1089 1125 +hsync +vsync (67.5 kHz eP)
[  2688.703] (II) modeset(0): Modeline "800x600"x0.0   40.00  800 840 968 1056  600 601 605 628 +hsync +vsync (37.9 kHz e)
[  2688.703] (II) modeset(0): Modeline "640x480"x0.0   31.50  640 656 720 840  480 481 484 500 -hsync -vsync (37.5 kHz e)
[  2688.703] (II) modeset(0): Modeline "640x480"x0.0   25.18  640 656 752 800  480 490 492 525 -hsync -vsync (31.5 kHz e)
[  2688.703] (II) modeset(0): Modeline "720x400"x0.0   28.32  720 738 846 900  400 412 414 449 -hsync +vsync (31.5 kHz e)
[  2688.703] (II) modeset(0): Modeline "1280x1024"x0.0  135.00  1280 1296 1440 1688  1024 1025 1028 1066 +hsync +vsync (80.0 kHz e)
[  2688.703] (II) modeset(0): Modeline "1024x768"x0.0   78.75  1024 1040 1136 1312  768 769 772 800 +hsync +vsync (60.0 kHz e)
[  2688.703] (II) modeset(0): Modeline "1024x768"x0.0   65.00  1024 1048 1184 1344  768 771 777 806 -hsync -vsync (48.4 kHz e)
[  2688.703] (II) modeset(0): Modeline "800x600"x0.0   49.50  800 816 896 1056  600 601 604 625 +hsync +vsync (46.9 kHz e)
[  2688.703] (II) modeset(0): Modeline "1152x864"x0.0  108.00  1152 1216 1344 1600  864 865 868 900 +hsync +vsync (67.5 kHz e)
[  2688.703] (II) modeset(0): Modeline "1280x1024"x0.0  108.00  1280 1328 1440 1688  1024 1025 1028 1066 +hsync +vsync (64.0 kHz e)
[  2688.703] (II) modeset(0): Modeline "1600x900"x60.0  119.00  1600 1696 1864 2128  900 901 904 932 -hsync +vsync (55.9 kHz e)
