[    0.455242] pci 0000:00:18.3: [1022:166d] type 00 class 0x060000
[    0.455269] pci 0000:00:18.4: [1022:166e] type 00 class 0x060000
[    0.455296] pci 0000:00:18.5: [1022:166f] type 00 class 0x060000
[    0.455324] pci 0000:00:18.6: [1022:1670] type 00 class 0x060000
[    0.455351] pci 0000:00:18.7: [1022:1671] type 00 class 0x060000
[    0.455436] pci 0000:00:01.1: PCI bridge to [bus 01]
[    0.455748] pci 0000:02:00.0: [144d:a808] type 00 class 0x010802
[    0.455764] pci 0000:02:00.0: reg 0x10: [mem 0xd0600000-0xd0603fff 64bit]
[    0.455957] pci 0000:00:01.2: PCI bridge to [bus 02]
[    0.455961] pci 0000:00:01.2:   bridge window [mem 0xd0600000-0xd06fffff]
[    0.460951] pci 0000:03:00.0: [14c3:7961] type 00 class 0x028000
--
[    1.754072] systemd[1]: Detected architecture x86-64.
[    1.754074] systemd[1]: Running in initial RAM disk.
[    1.754105] systemd[1]: Hostname set to <HOSTNAME>.
[    1.754457] Lockdown: systemd: /dev/mem,kmem,port is restricted; see man kernel_lockdown.7
[    1.859158] usb 3-4: new full-speed USB device number 3 using xhci_hcd
[    2.017439] usb 3-4: New USB device found, idVendor=27c6, idProduct=639c, bcdDevice= 1.00
[    2.017450] usb 3-4: New USB device strings: Mfr=1, Product=2, SerialNumber=3
[    2.017453] usb 3-4: Product: Goodix USB2.0 MISC
[    2.017455] usb 3-4: Manufacturer: Goodix Technology Co., Ltd.
[    2.017457] usb 3-4: SerialNumber: UIDC6143A9F_XXXX_MOC_B0
[    2.159227] systemd[1]: LSM BPF program attached
--
[    2.584810] sp5100-tco sp5100-tco: Using 0xfeb00000 for watchdog MMIO address
[    2.584978] sp5100-tco sp5100-tco: initialized. heartbeat=60 sec (nowayout=0)
[    2.585083] pcie_mp2_amd 0000:04:00.7: enabling device (0000 -> 0002)
[    2.587062] ccp 0000:04:00.2: enabling device (0000 -> 0002)
[    2.587232] ccp 0000:04:00.2: ccp: unable to access the device: you might be running a broken BIOS.
[    2.592771] hid-generic 0020:1022:0001.0001: hidraw0: SENSOR HUB HID v0.00 Device [hid-amdsfh 1022:0001] on pcie_mp2_amd
[    2.593532] hid-generic 0020:1022:0001.0002: hidraw1: SENSOR HUB HID v0.00 Device [hid-amdsfh 1022:0001] on pcie_mp2_amd
[    2.594705] hid-generic 0020:1022:0001.0003: hidraw2: SENSOR HUB HID v0.00 Device [hid-amdsfh 1022:0001] on pcie_mp2_amd
[    2.597384] ccp 0000:04:00.2: tee enabled
[    2.597389] ccp 0000:04:00.2: psp enabled
[    2.641320] input: DLL0B38:01 04F3:320F Mouse as /devices/platform/AMDI0010:03/i2c-1/i2c-DLL0B38:01/0018:04F3:320F.0004/input/input7
[    2.641453] input: DLL0B38:01 04F3:320F Touchpad as /devices/platform/AMDI0010:03/i2c-1/i2c-DLL0B38:01/0018:04F3:320F.0004/input/input8
[    2.641591] hid-generic 0018:04F3:320F.0004: input,hidraw0: I2C HID v1.00 Mouse [DLL0B38:01 04F3:320F] on i2c-DLL0B38:01
[    2.710632] input: DLL0B38:01 04F3:320F Mouse as /devices/platform/AMDI0010:03/i2c-1/i2c-DLL0B38:01/0018:04F3:320F.0004/input/input10
[    2.710767] input: DLL0B38:01 04F3:320F Touchpad as /devices/platform/AMDI0010:03/i2c-1/i2c-DLL0B38:01/0018:04F3:320F.0004/input/input11
[    2.710924] hid-multitouch 0018:04F3:320F.0004: input,hidraw0: I2C HID v1.00 Mouse [DLL0B38:01 04F3:320F] on i2c-DLL0B38:01
[    2.720378] input: WACF3233:00 056A:49C8 Touchscreen as /devices/platform/AMDI0010:00/i2c-0/i2c-WACF3233:00/0018:056A:49C8.0005/input/input13
[    2.720502] input: WACF3233:00 056A:49C8 as /devices/platform/AMDI0010:00/i2c-0/i2c-WACF3233:00/0018:056A:49C8.0005/input/input14
[    2.720554] input: WACF3233:00 056A:49C8 Stylus as /devices/platform/AMDI0010:00/i2c-0/i2c-WACF3233:00/0018:056A:49C8.0005/input/input15
[    2.720630] input: WACF3233:00 056A:49C8 as /devices/platform/AMDI0010:00/i2c-0/i2c-WACF3233:00/0018:056A:49C8.0005/input/input16
[    2.720704] input: WACF3233:00 056A:49C8 Mouse as /devices/platform/AMDI0010:00/i2c-0/i2c-WACF3233:00/0018:056A:49C8.0005/input/input17
[    2.720768] hid-generic 0018:056A:49C8.0005: input,hidraw1: I2C HID v1.00 Mouse [WACF3233:00 056A:49C8] on i2c-WACF3233:00
[    2.732686] nvme nvme0: pci function 0000:02:00.0
[    2.739412] nvme nvme0: missing or invalid SUBNQN field.
[    2.739447] nvme nvme0: Shutdown timeout set to 8 seconds
[    2.757180] nvme nvme0: 16/0/0 default/read/poll queues
[    2.761370]  nvme0n1: p1 p2 p3 p4 p5 p6 p7
[    2.769594] AMD-Vi: AMD IOMMUv2 loaded and initialized
[    2.805318] BTRFS: device label fedora_localhost-live devid 1 transid 6518 /dev/nvme0n1p7 scanned by systemd-udevd (507)
[    2.858026] input: Wacom HID 49C8 Pen as /devices/platform/AMDI0010:00/i2c-0/i2c-WACF3233:00/0018:056A:49C8.0005/input/input18
[    2.858141] input: Wacom HID 49C8 Finger as /devices/platform/AMDI0010:00/i2c-0/i2c-WACF3233:00/0018:056A:49C8.0005/input/input19
[    2.858221] wacom 0018:056A:49C8.0005: hidraw1: I2C HID v1.00 Mouse [WACF3233:00 056A:49C8] on i2c-WACF3233:00
[    3.083928] acpi PNP0C14:01: duplicate WMI GUID 05901221-D566-11D1-B2F0-00A0C9062910 (first instance was on PNP0C14:00)
[    3.084194] acpi PNP0C14:02: duplicate WMI GUID 05901221-D566-11D1-B2F0-00A0C9062910 (first instance was on PNP0C14:00)
[    3.163894] clocksource: timekeeping watchdog on CPU5: Marking clocksource 'tsc' as unstable because the skew is too large:
[    3.163904] clocksource:                       'hpet' wd_nsec: 496829764 wd_now: 294f786 wd_last: 2286ba4 mask: ffffffff
[    3.163908] clocksource:                       'tsc' cs_nsec: 496000351 cs_now: 493aef834 cs_last: 458915b84 mask: ffffffffffffffff
--
[    4.004629] [drm] add ip block number 6 <gfx_v9_0>
[    4.004630] [drm] add ip block number 7 <sdma_v4_0>
[    4.004631] [drm] add ip block number 8 <vcn_v2_0>
[    4.004632] [drm] add ip block number 9 <jpeg_v2_0>
[    4.004640] amdgpu 0000:04:00.0: amdgpu: Fetched VBIOS from VFCT
[    4.004642] amdgpu: ATOM BIOS: 113-BARCELO-003
[    4.005636] [drm] VCN decode is enabled in VM mode
[    4.005637] [drm] VCN encode is enabled in VM mode
[    4.005638] [drm] JPEG decode is enabled in VM mode
[    4.005639] amdgpu 0000:04:00.0: amdgpu: Trusted Memory Zone (TMZ) feature enabled
[    4.005641] amdgpu 0000:04:00.0: amdgpu: PCIE atomic ops is not supported
--
[    4.966533] amdgpu 0000:04:00.0: amdgpu: RAP: optional rap ta ucode is not available
[    4.966536] amdgpu 0000:04:00.0: amdgpu: SECUREDISPLAY: securedisplay ta ucode is not available
[    4.967716] amdgpu 0000:04:00.0: amdgpu: SMU is initialized successfully!
[    4.967904] ------------[ cut here ]------------
[    4.967905] WARNING: CPU: 7 PID: 471 at drivers/gpu/drm/amd/amdgpu/../display/dc/clk_mgr/dcn21/rn_clk_mgr_vbios_smu.c:98 rn_vbios_smu_send_msg_with_param+0xf1/0x100 [amdgpu]
[    4.968126] Modules linked in: amdgpu(+) drm_ttm_helper ttm iommu_v2 gpu_sched drm_display_helper nvme wacom ucsi_acpi crct10dif_pclmul crc32_pclmul crc32c_intel hid_multitouch hid_sensor_hub ghash_clmulni_intel typec_ucsi nvme_core serio_raw ccp amd_sfh sp5100_tco cec typec wmi video i2c_hid_acpi i2c_hid ip6_tables ip_tables fuse
[    4.968143] Unloaded tainted modules: fjes():1 fjes():1 fjes():1 fjes():1 fjes():1 fjes():1 fjes():1 fjes():1 fjes():1 fjes():1 fjes():1 fjes():1 fjes():1
[    4.968154] CPU: 7 PID: 471 Comm: systemd-udevd Not tainted 5.19.4-200.fc36.x86_64 #1
[    4.968156] Hardware name: Dell Inc. Inspiron 14 7425 2-in-1/063KWG, BIOS 1.4.0 06/27/2022
[    4.968157] RIP: 0010:rn_vbios_smu_send_msg_with_param+0xf1/0x100 [amdgpu]
[    4.968374] Code: f8 01 75 1b 48 8b 7d 00 5b be 93 62 01 00 48 c7 c2 20 eb 90 c0 5d 41 5c 41 5d e9 2a 19 f5 ff 3d fe 00 00 00 74 de 0f 0b eb da <0f> 0b e9 58 ff ff ff 0f 1f 84 00 00 00 00 00 0f 1f 44 00 00 31 d2
--
[    6.552844] systemd[1]: Created slice system-systemd\x2dfsck.slice - Slice /system/systemd-fsck.
[    6.553211] systemd[1]: Created slice system-systemd\x2dzram\x2dsetup.slice - Slice /system/systemd-zram-setup.
[    6.553610] systemd[1]: Created slice user.slice - User and Session Slice.
[    6.553652] systemd[1]: systemd-ask-password-console.path - Dispatch Password Requests to Console Directory Watch was skipped because of a failed condition check (ConditionPathExists=!/run/plymouth/pid).
[    6.553798] systemd[1]: Started systemd-ask-password-wall.path - Forward Password Requests to Wall Directory Watch.
[    6.554382] systemd[1]: Set up automount proc-sys-fs-binfmt_misc.automount - Arbitrary Executable File Formats File System Automount Point.
[    6.554441] systemd[1]: Reached target cryptsetup.target - Local Encrypted Volumes.
[    6.554474] systemd[1]: Reached target getty.target - Login Prompts.
[    6.554508] systemd[1]: Stopped target initrd-switch-USERNAME.target - Switch Root.
[    6.554536] systemd[1]: Stopped target initrd-fs.target - Initrd File Systems.
[    6.554558] systemd[1]: Stopped target initrd-USERNAME-fs.target - Initrd Root File System.
