[    3.750108] usb usb2: Product: xHCI Host Controller
[    3.750110] usb usb2: Manufacturer: Linux 5.11.0-051100rc7-generic xhci-hcd
[    3.750111] usb usb2: SerialNumber: 0000:00:14.0
[    3.750241] hub 2-0:1.0: USB hub found
[    3.750254] hub 2-0:1.0: 6 ports detected
[    3.754760] i2c_hid i2c-WACF2200:00: supply vdd not found, using dummy regulator
[    3.754780] i2c_hid i2c-WACF2200:00: supply vddl not found, using dummy regulator
[    3.755194] intel-lpss 0000:00:15.1: enabling device (0000 -> 0002)
[    3.755480] idma64 idma64.1: Found Intel integrated DMA 64-bit
[    3.758306] i2c_hid i2c-MSFT0021:00: supply vdd not found, using dummy regulator
[    3.758323] i2c_hid i2c-MSFT0021:00: supply vddl not found, using dummy regulator
[    3.831693] checking generic (a0000000 7e9000) vs hw (b0000000 1000000)
[    3.831696] checking generic (a0000000 7e9000) vs hw (a0000000 10000000)
[    3.831698] fb0: switching to inteldrmfb from EFI VGA
[    3.831801] i915 0000:00:02.0: vgaarb: deactivate vga console
[    3.833286] i915 0000:00:02.0: vgaarb: changed VGA decodes: olddecodes=io+mem,decodes=io+mem:owns=io+mem
[    3.833808] i915 0000:00:02.0: [drm] Finished loading DMC firmware i915/kbl_dmc_ver1_04.bin (v1.4)
[    3.933829] input: MSFT0021:00 06CB:CDB0 Mouse as /devices/pci0000:00/0000:00:15.1/i2c_designware.1/i2c-2/i2c-MSFT0021:00/0018:06CB:CDB0.0001/input/input4
[    3.933887] input: MSFT0021:00 06CB:CDB0 Touchpad as /devices/pci0000:00/0000:00:15.1/i2c_designware.1/i2c-2/i2c-MSFT0021:00/0018:06CB:CDB0.0001/input/input5
[    3.933931] hid-generic 0018:06CB:CDB0.0001: input,hidraw0: I2C HID v1.00 Mouse [MSFT0021:00 06CB:CDB0] on i2c-MSFT0021:00
[    3.934340] input: WACF2200:00 056A:5204 Touchscreen as /devices/pci0000:00/0000:00:15.0/i2c_designware.0/i2c-1/i2c-WACF2200:00/0018:056A:5204.0002/input/input7
[    3.934377] input: WACF2200:00 056A:5204 as /devices/pci0000:00/0000:00:15.0/i2c_designware.0/i2c-1/i2c-WACF2200:00/0018:056A:5204.0002/input/input8
[    3.934401] input: WACF2200:00 056A:5204 as /devices/pci0000:00/0000:00:15.0/i2c_designware.0/i2c-1/i2c-WACF2200:00/0018:056A:5204.0002/input/input9
[    3.934434] input: WACF2200:00 056A:5204 as /devices/pci0000:00/0000:00:15.0/i2c_designware.0/i2c-1/i2c-WACF2200:00/0018:056A:5204.0002/input/input10
[    3.934468] input: WACF2200:00 056A:5204 Mouse as /devices/pci0000:00/0000:00:15.0/i2c_designware.0/i2c-1/i2c-WACF2200:00/0018:056A:5204.0002/input/input11
[    3.934502] hid-generic 0018:056A:5204.0002: input,hidraw1: I2C HID v1.00 Mouse [WACF2200:00 056A:5204] on i2c-WACF2200:00
[    3.935811] usbcore: registered new interface driver usbhid
[    3.935813] usbhid: USB HID core driver
[    4.088580] usb 1-6: new high-speed USB device number 2 using xhci_hcd
[    4.183214] input: Wacom HID 5204 Pen as /devices/pci0000:00/0000:00:15.0/i2c_designware.0/i2c-1/i2c-WACF2200:00/0018:056A:5204.0002/input/input12
[    4.183689] input: Wacom HID 5204 Finger as /devices/pci0000:00/0000:00:15.0/i2c_designware.0/i2c-1/i2c-WACF2200:00/0018:056A:5204.0002/input/input13
[    4.184223] wacom 0018:056A:5204.0002: hidraw1: I2C HID v1.00 Mouse [WACF2200:00 056A:5204] on i2c-WACF2200:00
[    4.273382] usb 1-6: New USB device found, idVendor=04f2, idProduct=b6a8, bcdDevice=26.83
[    4.273396] usb 1-6: New USB device strings: Mfr=3, Product=1, SerialNumber=2
[    4.273403] usb 1-6: Product: Integrated Camera
[    4.273408] usb 1-6: Manufacturer: Chicony Electronics Co.,Ltd.
[    4.273412] usb 1-6: SerialNumber: 0001
[    4.404869] usb 1-10: new full-speed USB device number 3 using xhci_hcd
[    4.555419] usb 1-10: New USB device found, idVendor=8087, idProduct=0aaa, bcdDevice= 0.02
[    4.555433] usb 1-10: New USB device strings: Mfr=0, Product=0, SerialNumber=0
[    4.963617] [drm] Initialized i915 1.6.0 20201103 for 0000:00:02.0 on minor 0
[    4.970226] ACPI: Video Device [GFX0] (multi-head: yes  rom: no  post: no)
[    4.970622] input: Video Bus as /devices/LNXSYSTM:00/LNXSYBUS:00/PNP0A08:00/LNXVIDEO:00/input/input15
[    4.993820] fbcon: i915drmfb (fb0) is primary device
[    4.993823] fbcon: Deferring console take-over
[    4.993825] i915 0000:00:02.0: [drm] fb0: i915drmfb frame buffer device
[    5.183542] ish-hid {33AECD58-B679-4E54-9BD9-A04D34F0C226}: [hid-ish]: enum_devices_done OK, num_hid_devices=2
[    5.197118] hid-generic 001F:8087:0AC2.0003: hidraw2: <UNKNOWN> HID v2.00 Device [hid-ishtp 8087:0AC2] on 
[    5.202617] hid-generic 001F:8087:0AC2.0004: hidraw3: <UNKNOWN> HID v2.00 Device [hid-ishtp 8087:0AC2] on 
[    5.353053] EXT4-fs (nvme0n1p6): mounted filesystem with ordered data mode. Opts: (null). Quota mode: none.
[    5.560277] systemd[1]: Inserted module 'autofs4'
[    5.608657] systemd[1]: systemd 245.4-4ubuntu3.4 running in system mode. (+PAM +AUDIT +SELINUX +IMA +APPARMOR +SMACK +SYSVINIT +UTMP +LIBCRYPTSETUP +GCRYPT +GNUTLS +ACL +XZ +LZ4 +SECCOMP +BLKID +ELFUTILS +KMOD +IDN2 -IDN +PCRE2 default-hierarchy=hybrid)
[    5.628730] systemd[1]: Detected architecture x86-64.
[    5.645364] systemd[1]: Set hostname to <HOSTNAME>.
[    5.732852] systemd[1]: /lib/systemd/system/dbus.socket:5: ListenStream= references a path below legacy directory /var/run/, updating /var/run/dbus/system_bus_socket \xe2\x86\x92 /run/dbus/system_bus_socket; please update the unit file accordingly.
[    5.772156] systemd[1]: Created slice system-modprobe.slice.
[    5.772299] systemd[1]: Created slice system-systemd\x2dfsck.slice.
[    5.772430] systemd[1]: Created slice User and Session Slice.
[    5.772475] systemd[1]: Started Forward Password Requests to Wall Directory Watch.
[    5.772581] systemd[1]: Set up automount Arbitrary Executable File Formats File System Automount Point.
--
[    6.128356] intel_rapl_common: Found RAPL domain package
[    6.128359] intel_rapl_common: Found RAPL domain core
[    6.128361] intel_rapl_common: Found RAPL domain uncore
[    6.128361] intel_rapl_common: Found RAPL domain dram
[    6.128362] intel_rapl_common: Found RAPL domain psys
[    6.131633] input: MSFT0021:00 06CB:CDB0 Mouse as /devices/pci0000:00/0000:00:15.1/i2c_designware.1/i2c-2/i2c-MSFT0021:00/0018:06CB:CDB0.0001/input/input18
[    6.131714] input: MSFT0021:00 06CB:CDB0 Touchpad as /devices/pci0000:00/0000:00:15.1/i2c_designware.1/i2c-2/i2c-MSFT0021:00/0018:06CB:CDB0.0001/input/input19
[    6.131772] hid-multitouch 0018:06CB:CDB0.0001: input,hidraw0: I2C HID v1.00 Mouse [MSFT0021:00 06CB:CDB0] on i2c-MSFT0021:00
[    6.161309] mei_hdcp 0000:00:16.0-b638ab7e-94e2-4ea2-a552-d1c54b627f04: bound 0000:00:02.0 (ops i915_hdcp_component_ops [i915])
[    6.186208] audit: type=1400 audit(1613312042.691:2): apparmor="STATUS" operation="profile_load" profile="unconfined" name="/usr/sbin/haveged" pid=537 comm="apparmor_parser"
[    6.187238] audit: type=1400 audit(1613312042.691:3): apparmor="STATUS" operation="profile_load" profile="unconfined" name="ippusbxd" pid=540 comm="apparmor_parser"
[    6.187846] audit: type=1400 audit(1613312042.691:4): apparmor="STATUS" operation="profile_load" profile="unconfined" name="lsb_release" pid=541 comm="apparmor_parser"
[    6.188404] audit: type=1400 audit(1613312042.691:5): apparmor="STATUS" operation="profile_load" profile="unconfined" name="nvidia_modprobe" pid=538 comm="apparmor_parser"
