[    0.011826] ACPI: DSDT 0x00000000DF4ED1B8 013A86 (v02 ALASKA A M I    01072009 INTL 20120913)
[    0.011829] ACPI: FACS 0x00000000DF525F80 000040
[    0.011831] ACPI: APIC 0x00000000DF500D50 000084 (v03 ALASKA A M I    01072009 AMI  00010013)
[    0.011834] ACPI: FPDT 0x00000000DF500DD8 000044 (v01 ALASKA A M I    01072009 AMI  00010013)
[    0.011836] ACPI: FIDT 0x00000000DF500E20 00009C (v01 ALASKA A M I    01072009 AMI  00010013)
[    0.011839] ACPI: MCFG 0x00000000DF500EC0 00003C (v01 ALASKA A M I    01072009 MSFT 00000097)
[    0.011841] ACPI: HPET 0x00000000DF500F00 000038 (v01 ALASKA A M I    01072009 AMI. 00000005)
[    0.011844] ACPI: SSDT 0x00000000DF500F38 000315 (v01 SataRe SataTabl 00001000 INTL 20120913)
[    0.011846] ACPI: UEFI 0x00000000DF501250 000042 (v01                 00000000      00000000)
[    0.011849] ACPI: SSDT 0x00000000DF501298 000C7D (v01 Ther_R Ther_Rvp 00001000 INTL 20120913)
[    0.011851] ACPI: ASF! 0x00000000DF501F18 0000A0 (v32 INTEL   HCG     00000001 TFSM 000F4240)
--
[   15.594651] usb 2-2.1: New USB device found, idVendor=0b0e, idProduct=24c8, bcdDevice= 1.04
[   15.594653] usb 2-2.1: New USB device strings: Mfr=1, Product=2, SerialNumber=3
[   15.594654] usb 2-2.1: Product: Jabra Link 380
[   15.594656] usb 2-2.1: SerialNumber: 3050750982CD
[   15.716456] usb 2-4: new full-speed USB device number 6 using xhci_hcd
[   15.871247] usb 2-4: New USB device found, idVendor=056a, idProduct=0043, bcdDevice= 1.15
[   15.871249] usb 2-4: New USB device strings: Mfr=1, Product=2, SerialNumber=0
[   15.871251] usb 2-4: Product: XD-0912-U
[   15.871252] usb 2-4: Manufacturer: Tablet
[   15.944464] usb 2-3.2: new low-speed USB device number 7 using xhci_hcd
[   16.048708] usb 2-3.2: New USB device found, idVendor=046d, idProduct=c077, bcdDevice=72.00
--
[   16.792210] scsi host2: usb-storage 2-1:1.0
[   16.792511] usbcore: registered new interface driver usb-storage
[   16.794363] usbcore: registered new interface driver uas
[   16.831352] usbcore: registered new interface driver usbhid
[   16.831354] usbhid: USB HID core driver
[   16.834189] input: Tablet XD-0912-U Mouse as /devices/pci0000:00/0000:00:14.0/usb2/2-4/2-4:1.0/0003:056A:0043.0002/input/input4
[   16.834495] hid-generic 0003:056A:0043.0002: input,hiddev0,hidraw0: USB HID v1.00 Mouse [Tablet XD-0912-U] on usb-0000:00:14.0-4/input0
[   16.834642] input: Logitech USB Optical Mouse as /devices/pci0000:00/0000:00:14.0/usb2/2-3/2-3.2/2-3.2:1.0/0003:046D:C077.0003/input/input6
[   16.834842] hid-generic 0003:046D:C077.0003: input,hidraw1: USB HID v1.11 Mouse [Logitech USB Optical Mouse] on usb-0000:00:14.0-3.2/input0
[   16.834972] input: unspecified ErgoDox ergonomic keyboard as /devices/pci0000:00/0000:00:14.0/usb2/2-3/2-3.3/2-3.3:1.0/0003:1D50:6028.0004/input/input7
[   16.892692] hid-generic 0003:1D50:6028.0004: input,hidraw2: USB HID v1.11 Keyboard [unspecified ErgoDox ergonomic keyboard] on usb-0000:00:14.0-3.3/input0
[   16.894655] input: Jabra Link 380 as /devices/pci0000:00/0000:00:14.0/usb2/2-2/2-2.1/2-2.1:1.3/0003:0B0E:24C8.0001/input/input8
[   16.952727] jabra 0003:0B0E:24C8.0001: input,hiddev1,hidraw3: USB HID v1.11 Device [Jabra Link 380] on usb-0000:00:14.0-2.1/input3
[   16.988807] input: Wacom Intuos2 9x12 Pen as /devices/pci0000:00/0000:00:14.0/usb2/2-4/2-4:1.0/0003:056A:0043.0002/input/input9
[   16.988902] wacom 0003:056A:0043.0002: hidraw0: USB HID v1.00 Mouse [Tablet XD-0912-U] on usb-0000:00:14.0-4/input0
[   17.205410] EXT4-fs (dm-0): mounted filesystem with ordered data mode. Opts: (null)
[   17.327297] systemd[1]: Inserted module 'autofs4'
[   17.339636] systemd[1]: systemd 245.4-4ubuntu3.13 running in system mode. (+PAM +AUDIT +SELINUX +IMA +APPARMOR +SMACK +SYSVINIT +UTMP +LIBCRYPTSETUP +GCRYPT +GNUTLS +ACL +XZ +LZ4 +SECCOMP +BLKID +ELFUTILS +KMOD +IDN2 -IDN +PCRE2 default-hierarchy=hybrid)
[   17.356578] systemd[1]: Detected architecture x86-64.
[   17.390091] systemd[1]: Set hostname to <HOSTNAME>.
