[    47.229] (--) Log file renamed from "/home/dainius/.local/share/xorg/Xorg.pid-1525.log" to "/home/dainius/.local/share/xorg/Xorg.0.log"
[    47.231] 
X.Org X Server 1.19.6
Release Date: 2017-12-20
[    47.231] X Protocol Version 11, Revision 0
[    47.231] Build Operating System:  4.15.3-300.fc27.x86_64 
[    47.231] Current Operating System: Linux localhost.localdomain 4.18.11-200.fc28.x86_64 #1 SMP Sun Sep 30 15:31:40 UTC 2018 x86_64
[    47.232] Kernel command line: BOOT_IMAGE=/boot/vmlinuz-4.18.11-200.fc28.x86_64 root=UUID=b211ef41-78c4-4d6a-a30a-982275a6be05 ro resume=UUID=8548a25d-9b16-4de1-8818-cae1888f82d4 rhgb quiet LANG=en_GB.UTF-8
[    47.232] Build Date: 23 April 2018  06:16:50PM
[    47.232] Build ID: xorg-x11-server 1.19.6-8.fc28 
[    47.232] Current version of pixman: 0.34.0
[    47.232] 	Before reporting problems, check http://wiki.x.org
	to make sure that you have the latest version.
[    47.232] Markers: (--) probed, (**) from config file, (==) default setting,
	(++) from command line, (!!) notice, (II) informational,
	(WW) warning, (EE) error, (NI) not implemented, (??) unknown.
[    47.232] (==) Log file: "/home/dainius/.local/share/xorg/Xorg.0.log", Time: Tue Oct  9 07:39:13 2018
[    47.235] (==) Using config directory: "/etc/X11/xorg.conf.d"
[    47.235] (==) Using system config directory "/usr/share/X11/xorg.conf.d"
[    47.244] (==) No Layout section.  Using the first Screen section.
[    47.244] (==) No screen section available. Using defaults.
[    47.244] (**) |-->Screen "Default Screen Section" (0)
[    47.244] (**) |   |-->Monitor "<default monitor>"
[    47.245] (==) No monitor specified for screen "Default Screen Section".
	Using a default monitor configuration.
[    47.246] (==) Automatically adding devices
[    47.246] (==) Automatically enabling devices
[    47.246] (==) Automatically adding GPU devices
[    47.246] (==) Automatically binding GPU devices
[    47.246] (==) Max clients allowed: 256, resource mask: 0x1fffff
[    47.246] (==) FontPath set to:
	catalogue:/etc/X11/fontpath.d,
	built-ins
[    47.246] (==) ModulePath set to "/usr/lib64/xorg/modules"
[    47.246] (II) The server relies on udev to provide the list of input devices.
	If no devices become available, reconfigure udev or disable AutoAddDevices.
[    47.246] (II) Loader magic: 0x825e00
[    47.246] (II) Module ABI versions:
[    47.246] 	X.Org ANSI C Emulation: 0.4
[    47.246] 	X.Org Video Driver: 23.0
[    47.247] 	X.Org XInput driver : 24.1
[    47.247] 	X.Org Server Extension : 10.0
[    47.252] (++) using VT number 2

[    47.259] (II) systemd-logind: took control of session /org/freedesktop/login1/session/_32
[    47.261] (II) xfree86: Adding drm device (/dev/dri/card0)
[    47.264] (II) systemd-logind: got fd for /dev/dri/card0 226:0 fd 12 paused 0
[    47.267] (--) PCI:*(0:0:2:0) 8086:5a85:17aa:39fb rev 11, Mem @ 0x90000000/16777216, 0x80000000/268435456, I/O @ 0x00001000/64, BIOS @ 0x????????/65536
[    47.267] (II) LoadModule: "glx"
[    47.270] (II) Loading /usr/lib64/xorg/modules/extensions/libglx.so
[    47.279] (II) Module glx: vendor="X.Org Foundation"
[    47.279] 	compiled for 1.19.6, module version = 1.0.0
[    47.279] 	ABI class: X.Org Server Extension, version 10.0
[    47.279] (==) Matched modesetting as autoconfigured driver 0
[    47.279] (==) Matched fbdev as autoconfigured driver 1
[    47.279] (==) Matched vesa as autoconfigured driver 2
[    47.279] (==) Assigned the driver to the xf86ConfigLayout
[    47.279] (II) LoadModule: "modesetting"
[    47.279] (II) Loading /usr/lib64/xorg/modules/drivers/modesetting_drv.so
[    47.282] (II) Module modesetting: vendor="X.Org Foundation"
[    47.282] 	compiled for 1.19.6, module version = 1.19.6
[    47.282] 	Module class: X.Org Video Driver
[    47.282] 	ABI class: X.Org Video Driver, version 23.0
[    47.282] (II) LoadModule: "fbdev"
[    47.282] (II) Loading /usr/lib64/xorg/modules/drivers/fbdev_drv.so
[    47.284] (II) Module fbdev: vendor="X.Org Foundation"
[    47.284] 	compiled for 1.19.6, module version = 0.4.3
[    47.284] 	Module class: X.Org Video Driver
[    47.284] 	ABI class: X.Org Video Driver, version 23.0
[    47.284] (II) LoadModule: "vesa"
[    47.284] (II) Loading /usr/lib64/xorg/modules/drivers/vesa_drv.so
[    47.286] (II) Module vesa: vendor="X.Org Foundation"
[    47.286] 	compiled for 1.19.6, module version = 2.4.0
[    47.286] 	Module class: X.Org Video Driver
[    47.286] 	ABI class: X.Org Video Driver, version 23.0
[    47.286] (II) modesetting: Driver for Modesetting Kernel Drivers: kms
[    47.286] (II) FBDEV: driver for framebuffer: fbdev
[    47.286] (II) VESA: driver for VESA chipsets: vesa
[    47.286] xf86EnableIOPorts: failed to set IOPL for I/O (Operation not permitted)
[    47.286] (II) modeset(0): using drv /dev/dri/card0
[    47.286] (WW) Falling back to old probe method for fbdev
[    47.286] (II) Loading sub module "fbdevhw"
[    47.286] (II) LoadModule: "fbdevhw"
[    47.288] (II) Loading /usr/lib64/xorg/modules/libfbdevhw.so
[    47.289] (II) Module fbdevhw: vendor="X.Org Foundation"
[    47.289] 	compiled for 1.19.6, module version = 0.0.2
[    47.289] 	ABI class: X.Org Video Driver, version 23.0
[    47.289] (EE) open /dev/fb0: Permission denied
[    47.289] (WW) VGA arbiter: cannot open kernel arbiter, no multi-card support
[    47.290] (II) modeset(0): Creating default Display subsection in Screen section
	"Default Screen Section" for depth/fbbpp 24/32
[    47.290] (==) modeset(0): Depth 24, (==) framebuffer bpp 32
[    47.290] (==) modeset(0): RGB weight 888
[    47.290] (==) modeset(0): Default visual is TrueColor
[    47.290] (II) Loading sub module "glamoregl"
[    47.290] (II) LoadModule: "glamoregl"
[    47.290] (II) Loading /usr/lib64/xorg/modules/libglamoregl.so
[    47.301] (II) Module glamoregl: vendor="X.Org Foundation"
[    47.301] 	compiled for 1.19.6, module version = 1.0.0
[    47.301] 	ABI class: X.Org ANSI C Emulation, version 0.4
[    47.301] (II) glamor: OpenGL accelerated X.org driver based.
[    47.323] (II) glamor: EGL version 1.4 (DRI2):
[    47.353] (II) modeset(0): glamor initialized
[    47.381] (II) modeset(0): Output eDP-1 has no monitor section
[    47.382] (II) modeset(0): Output HDMI-1 has no monitor section
[    47.411] (II) modeset(0): EDID for output eDP-1
[    47.411] (II) modeset(0): Manufacturer: CMN  Model: 1138  Serial#: 0
[    47.411] (II) modeset(0): Year: 2016  Week: 1
[    47.411] (II) modeset(0): EDID Version: 1.4
[    47.411] (II) modeset(0): Digital Display Input
[    47.411] (II) modeset(0): 6 bits per channel
[    47.411] (II) modeset(0): Digital interface is DisplayPort
[    47.411] (II) modeset(0): Max Image Size [cm]: horiz.: 26  vert.: 14
[    47.411] (II) modeset(0): Gamma: 2.20
[    47.411] (II) modeset(0): No DPMS capabilities specified
[    47.411] (II) modeset(0): Supported color encodings: RGB 4:4:4 
[    47.411] (II) modeset(0): First detailed timing is preferred mode
[    47.411] (II) modeset(0): Preferred mode is native pixel format and refresh rate
[    47.411] (II) modeset(0): redX: 0.595 redY: 0.350   greenX: 0.325 greenY: 0.565
[    47.411] (II) modeset(0): blueX: 0.153 blueY: 0.112   whiteX: 0.313 whiteY: 0.329
[    47.411] (II) modeset(0): Manufacturer's mask: 0
[    47.411] (II) modeset(0): Supported detailed timing:
[    47.411] (II) modeset(0): clock: 76.4 MHz   Image Size:  256 x 144 mm
[    47.411] (II) modeset(0): h_active: 1366  h_sync: 1502  h_sync_end 1532 h_blank_end 1592 h_border: 0
[    47.411] (II) modeset(0): v_active: 768  v_sync: 776  v_sync_end 788 v_blanking: 800 v_border: 0
[    47.411] (II) modeset(0):  N116BCA-EA1
[    47.411] (II) modeset(0):  CMN
[    47.411] (II) modeset(0):  N116BCA-EA1
[    47.411] (II) modeset(0): EDID (in hex):
[    47.411] (II) modeset(0): 	00ffffffffffff000dae381100000000
[    47.411] (II) modeset(0): 	011a0104951a0e780267759859539027
[    47.411] (II) modeset(0): 	1c505400000001010101010101010101
[    47.411] (II) modeset(0): 	010101010101da1d56e250002030881e
[    47.411] (II) modeset(0): 	8c00009010000018000000fe004e3131
[    47.411] (II) modeset(0): 	364243412d4541310a20000000fe0043
[    47.411] (II) modeset(0): 	4d4e0a202020202020202020000000fe
[    47.411] (II) modeset(0): 	004e3131364243412d4541310a2000d5
[    47.412] (II) modeset(0): Printing probed modes for output eDP-1
[    47.412] (II) modeset(0): Modeline "1366x768"x60.0   76.42  1366 1502 1532 1592  768 776 788 800 -hsync -vsync (48.0 kHz eP)
[    47.412] (II) modeset(0): Modeline "1280x720"x120.0  156.12  1280 1376 1512 1744  720 721 724 746 doublescan -hsync +vsync (89.5 kHz d)
[    47.412] (II) modeset(0): Modeline "1280x720"x120.0  120.75  1280 1304 1320 1360  720 721 724 740 doublescan +hsync -vsync (88.8 kHz d)
[    47.412] (II) modeset(0): Modeline "1280x720"x59.9   74.50  1280 1344 1472 1664  720 723 728 748 -hsync +vsync (44.8 kHz d)
[    47.412] (II) modeset(0): Modeline "1280x720"x59.7   63.75  1280 1328 1360 1440  720 723 728 741 +hsync -vsync (44.3 kHz d)
[    47.412] (II) modeset(0): Modeline "1024x768"x120.1  133.47  1024 1100 1212 1400  768 768 770 794 doublescan -hsync +vsync (95.3 kHz d)
[    47.412] (II) modeset(0): Modeline "1024x768"x60.0   65.00  1024 1048 1184 1344  768 771 777 806 -hsync -vsync (48.4 kHz d)
[    47.412] (II) modeset(0): Modeline "960x720"x120.0  117.00  960 1024 1128 1300  720 720 722 750 doublescan -hsync +vsync (90.0 kHz d)
[    47.412] (II) modeset(0): Modeline "928x696"x120.1  109.15  928 976 1088 1264  696 696 698 719 doublescan -hsync +vsync (86.4 kHz d)
[    47.412] (II) modeset(0): Modeline "896x672"x120.0  102.40  896 960 1060 1224  672 672 674 697 doublescan -hsync +vsync (83.7 kHz d)
[    47.412] (II) modeset(0): Modeline "1024x576"x119.9   98.50  1024 1092 1200 1376  576 577 580 597 doublescan -hsync +vsync (71.6 kHz d)
[    47.412] (II) modeset(0): Modeline "1024x576"x119.9   78.38  1024 1048 1064 1104  576 577 580 592 doublescan +hsync -vsync (71.0 kHz d)
[    47.412] (II) modeset(0): Modeline "1024x576"x59.9   46.50  1024 1064 1160 1296  576 579 584 599 -hsync +vsync (35.9 kHz d)
[    47.412] (II) modeset(0): Modeline "1024x576"x59.8   42.00  1024 1072 1104 1184  576 579 584 593 +hsync -vsync (35.5 kHz d)
[    47.412] (II) modeset(0): Modeline "960x600"x119.9   96.62  960 1028 1128 1296  600 601 604 622 doublescan -hsync +vsync (74.6 kHz d)
[    47.412] (II) modeset(0): Modeline "960x600"x120.0   77.00  960 984 1000 1040  600 601 604 617 doublescan +hsync -vsync (74.0 kHz d)
[    47.412] (II) modeset(0): Modeline "960x540"x119.9   86.50  960 1024 1124 1288  540 541 544 560 doublescan -hsync +vsync (67.2 kHz d)
[    47.412] (II) modeset(0): Modeline "960x540"x120.0   69.25  960 984 1000 1040  540 541 544 555 doublescan +hsync -vsync (66.6 kHz d)
[    47.412] (II) modeset(0): Modeline "960x540"x59.6   40.75  960 992 1088 1216  540 543 548 562 -hsync +vsync (33.5 kHz d)
[    47.412] (II) modeset(0): Modeline "960x540"x59.8   37.25  960 1008 1040 1120  540 543 548 556 +hsync -vsync (33.3 kHz d)
[    47.412] (II) modeset(0): Modeline "800x600"x120.0   81.00  800 832 928 1080  600 600 602 625 doublescan +hsync +vsync (75.0 kHz d)
[    47.412] (II) modeset(0): Modeline "800x600"x60.3   40.00  800 840 968 1056  600 601 605 628 +hsync +vsync (37.9 kHz d)
[    47.412] (II) modeset(0): Modeline "800x600"x56.2   36.00  800 824 896 1024  600 601 603 625 +hsync +vsync (35.2 kHz d)
[    47.412] (II) modeset(0): Modeline "840x525"x120.0   73.12  840 892 980 1120  525 526 529 544 doublescan -hsync +vsync (65.3 kHz d)
[    47.412] (II) modeset(0): Modeline "840x525"x119.8   59.50  840 864 880 920  525 526 529 540 doublescan +hsync -vsync (64.7 kHz d)
[    47.412] (II) modeset(0): Modeline "864x486"x59.9   32.50  864 888 968 1072  486 489 494 506 -hsync +vsync (30.3 kHz d)
[    47.412] (II) modeset(0): Modeline "864x486"x59.6   30.50  864 912 944 1024  486 489 494 500 +hsync -vsync (29.8 kHz d)
[    47.412] (II) modeset(0): Modeline "700x525"x120.0   61.00  700 744 820 940  525 526 532 541 doublescan +hsync +vsync (64.9 kHz d)
[    47.412] (II) modeset(0): Modeline "800x450"x119.9   59.12  800 848 928 1056  450 451 454 467 doublescan -hsync +vsync (56.0 kHz d)
[    47.412] (II) modeset(0): Modeline "800x450"x119.6   48.75  800 824 840 880  450 451 454 463 doublescan +hsync -vsync (55.4 kHz d)
[    47.412] (II) modeset(0): Modeline "640x512"x120.0   54.00  640 664 720 844  512 512 514 533 doublescan +hsync +vsync (64.0 kHz d)
[    47.412] (II) modeset(0): Modeline "700x450"x119.9   51.75  700 740 812 924  450 451 456 467 doublescan -hsync +vsync (56.0 kHz d)
[    47.412] (II) modeset(0): Modeline "700x450"x119.8   43.25  700 724 740 780  450 451 456 463 doublescan +hsync -vsync (55.4 kHz d)
[    47.412] (II) modeset(0): Modeline "640x480"x120.0   54.00  640 688 744 900  480 480 482 500 doublescan +hsync +vsync (60.0 kHz d)
[    47.412] (II) modeset(0): Modeline "640x480"x59.9   25.18  640 656 752 800  480 490 492 525 -hsync -vsync (31.5 kHz d)
[    47.412] (II) modeset(0): Modeline "720x405"x59.5   22.50  720 744 808 896  405 408 413 422 -hsync +vsync (25.1 kHz d)
[    47.412] (II) modeset(0): Modeline "720x405"x59.0   21.75  720 768 800 880  405 408 413 419 +hsync -vsync (24.7 kHz d)
[    47.412] (II) modeset(0): Modeline "684x384"x119.8   42.62  684 720 788 892  384 385 390 399 doublescan -hsync +vsync (47.8 kHz d)
[    47.413] (II) modeset(0): Modeline "684x384"x119.7   36.12  684 708 724 764  384 385 390 395 doublescan +hsync -vsync (47.3 kHz d)
[    47.413] (II) modeset(0): Modeline "640x400"x119.8   41.75  640 676 740 840  400 401 404 415 doublescan -hsync +vsync (49.7 kHz d)
[    47.413] (II) modeset(0): Modeline "640x400"x120.0   35.50  640 664 680 720  400 401 404 411 doublescan +hsync -vsync (49.3 kHz d)
[    47.413] (II) modeset(0): Modeline "640x360"x119.7   37.25  640 672 736 832  360 361 364 374 doublescan -hsync +vsync (44.8 kHz d)
[    47.413] (II) modeset(0): Modeline "640x360"x119.7   31.88  640 664 680 720  360 361 364 370 doublescan +hsync -vsync (44.3 kHz d)
[    47.413] (II) modeset(0): Modeline "640x360"x59.8   18.00  640 664 720 800  360 363 368 376 -hsync +vsync (22.5 kHz d)
[    47.413] (II) modeset(0): Modeline "640x360"x59.3   17.75  640 688 720 800  360 363 368 374 +hsync -vsync (22.2 kHz d)
[    47.413] (II) modeset(0): Modeline "512x384"x120.0   32.50  512 524 592 672  384 385 388 403 doublescan -hsync -vsync (48.4 kHz d)
[    47.413] (II) modeset(0): Modeline "512x288"x120.0   23.25  512 532 580 648  288 289 292 299 doublescan -hsync +vsync (35.9 kHz d)
[    47.413] (II) modeset(0): Modeline "512x288"x119.8   21.00  512 536 552 592  288 289 292 296 doublescan +hsync -vsync (35.5 kHz d)
[    47.413] (II) modeset(0): Modeline "480x270"x119.3   20.38  480 496 544 608  270 271 274 281 doublescan -hsync +vsync (33.5 kHz d)
[    47.413] (II) modeset(0): Modeline "480x270"x119.6   18.62  480 504 520 560  270 271 274 278 doublescan +hsync -vsync (33.3 kHz d)
[    47.413] (II) modeset(0): Modeline "400x300"x120.6   20.00  400 420 484 528  300 300 302 314 doublescan +hsync +vsync (37.9 kHz d)
[    47.413] (II) modeset(0): Modeline "400x300"x112.7   18.00  400 412 448 512  300 300 301 312 doublescan +hsync +vsync (35.2 kHz d)
[    47.413] (II) modeset(0): Modeline "432x243"x119.8   16.25  432 444 484 536  243 244 247 253 doublescan -hsync +vsync (30.3 kHz d)
[    47.413] (II) modeset(0): Modeline "432x243"x119.1   15.25  432 456 472 512  243 244 247 250 doublescan +hsync -vsync (29.8 kHz d)
[    47.413] (II) modeset(0): Modeline "320x240"x120.1   12.59  320 328 376 400  240 245 246 262 doublescan -hsync -vsync (31.5 kHz d)
[    47.413] (II) modeset(0): Modeline "360x202"x119.0   11.25  360 372 404 448  202 204 206 211 doublescan -hsync +vsync (25.1 kHz d)
[    47.413] (II) modeset(0): Modeline "360x202"x118.3   10.88  360 384 400 440  202 204 206 209 doublescan +hsync -vsync (24.7 kHz d)
[    47.413] (II) modeset(0): Modeline "320x180"x119.7    9.00  320 332 360 400  180 181 184 188 doublescan -hsync +vsync (22.5 kHz d)
[    47.413] (II) modeset(0): Modeline "320x180"x118.6    8.88  320 344 360 400  180 181 184 187 doublescan +hsync -vsync (22.2 kHz d)
[    47.414] (II) modeset(0): EDID for output HDMI-1
[    47.414] (II) modeset(0): Output eDP-1 connected
[    47.414] (II) modeset(0): Output HDMI-1 disconnected
[    47.414] (II) modeset(0): Using exact sizes for initial modes
[    47.414] (II) modeset(0): Output eDP-1 using initial mode 1366x768 +0+0
[    47.414] (==) modeset(0): Using gamma correction (1.0, 1.0, 1.0)
[    47.414] (==) modeset(0): DPI set to (96, 96)
[    47.414] (II) Loading sub module "fb"
[    47.414] (II) LoadModule: "fb"
[    47.415] (II) Loading /usr/lib64/xorg/modules/libfb.so
[    47.521] (II) Module fb: vendor="X.Org Foundation"
[    47.521] 	compiled for 1.19.6, module version = 1.0.0
[    47.521] 	ABI class: X.Org ANSI C Emulation, version 0.4
[    47.521] (II) UnloadModule: "fbdev"
[    47.521] (II) Unloading fbdev
[    47.521] (II) UnloadSubModule: "fbdevhw"
[    47.521] (II) Unloading fbdevhw
[    47.521] (II) UnloadModule: "vesa"
[    47.521] (II) Unloading vesa
[    47.521] (==) Depth 24 pixmap format is 32 bpp
[    47.646] (==) modeset(0): Backing store enabled
[    47.646] (==) modeset(0): Silken mouse enabled
[    47.722] (II) modeset(0): RandR 1.2 enabled, ignore the following RandR disabled message.
[    47.775] (==) modeset(0): DPMS enabled
[    47.775] (II) modeset(0): [DRI2] Setup complete
[    47.775] (II) modeset(0): [DRI2]   DRI driver: i965
[    47.775] (II) modeset(0): [DRI2]   VDPAU driver: va_gl
[    47.775] (--) RandR disabled
[    47.784] (II) SELinux: Disabled by boolean
[    47.794] (II) AIGLX: enabled GLX_MESA_copy_sub_buffer
[    47.794] (II) AIGLX: enabled GLX_ARB_create_context
[    47.794] (II) AIGLX: enabled GLX_ARB_create_context_profile
[    47.794] (II) AIGLX: enabled GLX_EXT_create_context_es{,2}_profile
[    47.794] (II) AIGLX: enabled GLX_INTEL_swap_event
[    47.794] (II) AIGLX: enabled GLX_SGI_swap_control
[    47.794] (II) AIGLX: enabled GLX_EXT_framebuffer_sRGB
[    47.794] (II) AIGLX: enabled GLX_ARB_fbconfig_float
[    47.794] (II) AIGLX: enabled GLX_EXT_fbconfig_packed_float
[    47.794] (II) AIGLX: GLX_EXT_texture_from_pixmap backed by buffer objects
[    47.794] (II) AIGLX: enabled GLX_ARB_create_context_robustness
[    47.795] (II) AIGLX: Loaded and initialized i965
[    47.795] (II) GLX: Initialized DRI2 GL provider for screen 0
[    47.800] (II) modeset(0): Damage tracking initialized
[    47.800] (II) modeset(0): Setting screen physical size to 361 x 203
[    47.876] (II) config/udev: Adding input device Power Button (/dev/input/event2)
[    47.876] (**) Power Button: Applying InputClass "evdev keyboard catchall"
[    47.876] (**) Power Button: Applying InputClass "libinput keyboard catchall"
[    47.876] (**) Power Button: Applying InputClass "system-keyboard"
[    47.876] (II) LoadModule: "libinput"
[    47.877] (II) Loading /usr/lib64/xorg/modules/input/libinput_drv.so
[    48.012] (II) Module libinput: vendor="X.Org Foundation"
[    48.012] 	compiled for 1.19.6, module version = 0.27.1
[    48.012] 	Module class: X.Org XInput Driver
[    48.012] 	ABI class: X.Org XInput driver, version 24.1
[    48.012] (II) Using input driver 'libinput' for 'Power Button'
[    48.015] (II) systemd-logind: got fd for /dev/input/event2 13:66 fd 21 paused 0
[    48.015] (**) Power Button: always reports core events
[    48.015] (**) Option "Device" "/dev/input/event2"
[    48.015] (**) Option "_source" "server/udev"
[    48.016] (II) event2  - Power Button: is tagged by udev as: Keyboard
[    48.016] (II) event2  - Power Button: device is a keyboard
[    48.016] (II) event2  - Power Button: device removed
[    48.016] (**) Option "config_info" "udev:/sys/devices/LNXSYSTM:00/LNXPWRBN:00/input/input2/event2"
[    48.016] (II) XINPUT: Adding extended input device "Power Button" (type: KEYBOARD, id 6)
[    48.016] (**) Option "xkb_layout" "us,lt"
[    48.016] (**) Option "xkb_variant" ","
[    48.057] (II) event2  - Power Button: is tagged by udev as: Keyboard
[    48.057] (II) event2  - Power Button: device is a keyboard
[    48.058] (II) config/udev: Adding input device Video Bus (/dev/input/event5)
[    48.058] (**) Video Bus: Applying InputClass "evdev keyboard catchall"
[    48.058] (**) Video Bus: Applying InputClass "libinput keyboard catchall"
[    48.058] (**) Video Bus: Applying InputClass "system-keyboard"
[    48.058] (II) Using input driver 'libinput' for 'Video Bus'
[    48.061] (II) systemd-logind: got fd for /dev/input/event5 13:69 fd 24 paused 0
[    48.061] (**) Video Bus: always reports core events
[    48.061] (**) Option "Device" "/dev/input/event5"
[    48.061] (**) Option "_source" "server/udev"
[    48.062] (II) event5  - Video Bus: is tagged by udev as: Keyboard
[    48.063] (II) event5  - Video Bus: device is a keyboard
[    48.063] (II) event5  - Video Bus: device removed
[    48.063] (**) Option "config_info" "udev:/sys/devices/LNXSYSTM:00/LNXSYBUS:00/PNP0A08:00/LNXVIDEO:00/input/input6/event5"
[    48.063] (II) XINPUT: Adding extended input device "Video Bus" (type: KEYBOARD, id 7)
[    48.063] (**) Option "xkb_layout" "us,lt"
[    48.063] (**) Option "xkb_variant" ","
[    48.064] (II) event5  - Video Bus: is tagged by udev as: Keyboard
[    48.064] (II) event5  - Video Bus: device is a keyboard
[    48.065] (II) config/udev: Adding input device Lid Switch (/dev/input/event0)
[    48.065] (II) No input driver specified, ignoring this device.
[    48.065] (II) This device may have been added with another device file.
[    48.066] (II) config/udev: Adding input device Power Button (/dev/input/event1)
[    48.066] (**) Power Button: Applying InputClass "evdev keyboard catchall"
[    48.066] (**) Power Button: Applying InputClass "libinput keyboard catchall"
[    48.066] (**) Power Button: Applying InputClass "system-keyboard"
[    48.066] (II) Using input driver 'libinput' for 'Power Button'
[    48.068] (II) systemd-logind: got fd for /dev/input/event1 13:65 fd 25 paused 0
[    48.068] (**) Power Button: always reports core events
[    48.068] (**) Option "Device" "/dev/input/event1"
[    48.069] (**) Option "_source" "server/udev"
[    48.069] (II) event1  - Power Button: is tagged by udev as: Keyboard
[    48.070] (II) event1  - Power Button: device is a keyboard
[    48.070] (II) event1  - Power Button: device removed
[    48.070] (**) Option "config_info" "udev:/sys/devices/LNXSYSTM:00/LNXSYBUS:00/PNP0C0C:00/input/input1/event1"
[    48.070] (II) XINPUT: Adding extended input device "Power Button" (type: KEYBOARD, id 8)
[    48.070] (**) Option "xkb_layout" "us,lt"
[    48.070] (**) Option "xkb_variant" ","
[    48.071] (II) event1  - Power Button: is tagged by udev as: Keyboard
[    48.071] (II) event1  - Power Button: device is a keyboard
[    48.072] (II) config/udev: Adding input device HDA Intel PCH Mic (/dev/input/event12)
[    48.072] (II) No input driver specified, ignoring this device.
[    48.072] (II) This device may have been added with another device file.
[    48.073] (II) config/udev: Adding input device HDA Intel PCH Headphone (/dev/input/event13)
[    48.073] (II) No input driver specified, ignoring this device.
[    48.073] (II) This device may have been added with another device file.
[    48.073] (II) config/udev: Adding input device HDA Intel PCH HDMI/DP,pcm=3 (/dev/input/event14)
[    48.073] (II) No input driver specified, ignoring this device.
[    48.073] (II) This device may have been added with another device file.
[    48.074] (II) config/udev: Adding input device HDA Intel PCH HDMI/DP,pcm=7 (/dev/input/event15)
[    48.074] (II) No input driver specified, ignoring this device.
[    48.074] (II) This device may have been added with another device file.
[    48.075] (II) config/udev: Adding input device HDA Intel PCH HDMI/DP,pcm=8 (/dev/input/event16)
[    48.075] (II) No input driver specified, ignoring this device.
[    48.075] (II) This device may have been added with another device file.
[    48.075] (II) config/udev: Adding input device HDA Intel PCH HDMI/DP,pcm=9 (/dev/input/event17)
[    48.075] (II) No input driver specified, ignoring this device.
[    48.075] (II) This device may have been added with another device file.
[    48.076] (II) config/udev: Adding input device HDA Intel PCH HDMI/DP,pcm=10 (/dev/input/event18)
[    48.076] (II) No input driver specified, ignoring this device.
[    48.076] (II) This device may have been added with another device file.
[    48.077] (II) config/udev: Adding input device Lenovo EasyCamera: EasyCamera (/dev/input/event19)
[    48.077] (**) Lenovo EasyCamera: EasyCamera: Applying InputClass "evdev keyboard catchall"
[    48.077] (**) Lenovo EasyCamera: EasyCamera: Applying InputClass "libinput keyboard catchall"
[    48.077] (**) Lenovo EasyCamera: EasyCamera: Applying InputClass "system-keyboard"
[    48.077] (II) Using input driver 'libinput' for 'Lenovo EasyCamera: EasyCamera'
[    48.079] (II) systemd-logind: got fd for /dev/input/event19 13:83 fd 26 paused 0
[    48.079] (**) Lenovo EasyCamera: EasyCamera: always reports core events
[    48.079] (**) Option "Device" "/dev/input/event19"
[    48.079] (**) Option "_source" "server/udev"
[    48.080] (II) event19 - Lenovo EasyCamera: EasyCamera: is tagged by udev as: Keyboard
[    48.080] (II) event19 - Lenovo EasyCamera: EasyCamera: device is a keyboard
[    48.080] (II) event19 - Lenovo EasyCamera: EasyCamera: device removed
[    48.081] (**) Option "config_info" "udev:/sys/devices/pci0000:00/0000:00:15.0/usb1/1-8/1-8:1.0/input/input20/event19"
[    48.081] (II) XINPUT: Adding extended input device "Lenovo EasyCamera: EasyCamera" (type: KEYBOARD, id 9)
[    48.081] (**) Option "xkb_layout" "us,lt"
[    48.081] (**) Option "xkb_variant" ","
[    48.082] (II) event19 - Lenovo EasyCamera: EasyCamera: is tagged by udev as: Keyboard
[    48.082] (II) event19 - Lenovo EasyCamera: EasyCamera: device is a keyboard
[    48.083] (II) config/udev: Adding input device Wacom HID 5122 Pen (/dev/input/event7)
[    48.083] (**) Wacom HID 5122 Pen: Applying InputClass "evdev tablet catchall"
[    48.083] (**) Wacom HID 5122 Pen: Applying InputClass "libinput tablet catchall"
[    48.083] (**) Wacom HID 5122 Pen: Applying InputClass "Wacom USB tablet class"
[    48.083] (**) Wacom HID 5122 Pen: Applying InputClass "Wacom tablet class"
[    48.083] (II) LoadModule: "wacom"
[    48.084] (II) Loading /usr/lib64/xorg/modules/input/wacom_drv.so
[    48.088] (II) Module wacom: vendor="X.Org Foundation"
[    48.089] 	compiled for 1.19.6, module version = 0.36.1
[    48.089] 	Module class: X.Org XInput Driver
[    48.089] 	ABI class: X.Org XInput driver, version 24.1
[    48.089] (II) Build version: 0.36.1
[    48.089] (II) wacom: Driver for Wacom graphics tablets: PenPartner, Graphire,
	Graphire2 4x5, Graphire2 5x7, Graphire3 4x5, Graphire3 6x8,
	Graphire4 4x5, Graphire4 6x8, BambooFun 4x5, BambooFun 6x8,
	Bamboo1 Medium, Graphire4 6x8 BlueTooth, CTL-460, CTH-461, CTL-660,
	CTL-461/S, Bamboo Touch, CTH-460/K, CTH-461/S, CTH-661/S1, CTH-461/L,
	CTH-661/L, Intuos 4x5, Intuos 6x8, Intuos 9x12, Intuos 12x12,
	Intuos 12x18, PTU600, PL400, PL500, PL600, PL600SX, PL550, PL800,
	PL700, PL510, PL710, DTI520, DTF720, DTF720a, DTF521, DTU1931,
	DTU2231, DTU1631, DTH1152, DTH1152, DTK2451, DTH2452, DTH2452,
	Intuos2 4x5, Intuos2 6x8, Intuos2 9x12, Intuos2 12x12, Intuos2 12x18,
	Intuos2 6x8 , Volito, PenStation, Volito2 4x5, Volito2 2x3,
	PenPartner2, Bamboo, Bamboo1, Bamboo1 4x6, Bamboo1 5x8, Intuos3 4x5,
	Intuos3 6x8, Intuos3 9x12, Intuos3 12x12, Intuos3 12x19,
	Intuos3 6x11, Intuos3 4x6, Intuos4 4x6, Intuos4 6x9, Intuos4 8x13,
	Intuos4 12x19, Intuos4 WL USB Endpoint,
	Intuos4 WL Bluetooth Endpoint, Intuos5 touch S, Intuos5 touch M,
	Intuos5 touch L, Intuos5 S, Intuos5 M, Intuos Pro S, Intuos Pro M,
	Intuos Pro L, Cintiq 21UX, Cintiq 20WSX, Cintiq 12WX, Cintiq 21UX2,
	Cintiq 24HD, Cintiq 22HD, Cintiq 24HD touch (EMR digitizer),
	Cintiq 13HD, DTK2241, DTH2242, Cintiq 22HDT, Cintiq 27QHDT,
	Cintiq 27QHDT, Mobilestudio Pro 13, MobileStudio Pro 16,
	MobileStudio Pro 13, MobileStudio Pro 16, Cintiq 13 FHD Pro,
	Cintiq 16 UHD Pro, Cintiq Pro 24, Cintiq Pro 32, Cintiq 13 FHD Pro,
	Cintiq 16 UHD Pro, Cintiq Pro 24, Cintiq Pro 32, Cintiq Pro 24,
	TabletPC 0x90, TabletPC 0x93, TabletPC 0x97, TabletPC 0x9A,
	CapPlus  0x9F, TabletPC 0xE2, TabletPC 0xE3, TabletPC 0xE5,
	TabletPC 0xE6, TabletPC 0xEC, TabletPC 0xED, TabletPC 0xEF,
	TabletPC 0x100, TabletPC 0x101, TabletPC 0x10D, TabletPC 0x116,
	TabletPC 0x12C, TabletPC 0x4001, TabletPC 0x4004, TabletPC 0x5000,
	TabletPC 0x5002, usb:172f:0024, usb:172f:0025, usb:172f:0026,
	usb:172f:0027, usb:172f:0028, usb:172f:0030, usb:172f:0031,
	usb:172f:0032, usb:172f:0033, usb:172f:0034, usb:172f:0035,
	usb:172f:0036, usb:172f:0037, usb:172f:0038, usb:172f:0039,
	usb:172f:0051, usb:172f:0052, usb:172f:0053, usb:172f:0054,
	usb:172f:0055, usb:172f:0056, usb:172f:0057, usb:172f:0058,
	usb:172f:0500, usb:172f:0501, usb:172f:0502, usb:172f:0503,
	usb:1b96:0001, usb:17ef:6004
[    48.092] (II) Using input driver 'wacom' for 'Wacom HID 5122 Pen'
[    48.095] (II) systemd-logind: got fd for /dev/input/event7 13:71 fd 27 paused 0
[    48.095] (**) Wacom HID 5122 Pen: always reports core events
[    48.095] (**) Option "Device" "/dev/input/event7"
[    48.095] (II) Wacom HID 5122 Pen: type not specified, assuming 'stylus'.
[    48.095] (II) Wacom HID 5122 Pen: other types will be automatically added.
[    48.095] (--) Wacom HID 5122 Pen stylus: using pressure threshold of 851 for button 1
[    48.095] (**) Wacom HID 5122 Pen stylus: panscroll is 0
[    48.095] (**) Wacom HID 5122 Pen stylus: panscroll modified to 1300
[    48.095] (--) Wacom HID 5122 Pen stylus: maxX=25613 maxY=14400 maxZ=4095 resX=100000 resY=100000  tilt=enabled
[    48.095] (II) Wacom HID 5122 Pen stylus: hotplugging dependent devices.
[    48.095] (EE) Wacom HID 5122 Pen stylus: Invalid type 'cursor' for this device.
[    48.095] (EE) Wacom HID 5122 Pen stylus: Invalid type 'touch' for this device.
[    48.095] (EE) Wacom HID 5122 Pen stylus: Invalid type 'pad' for this device.
[    48.095] (II) Wacom HID 5122 Pen stylus: hotplugging completed.
[    48.096] (**) Option "config_info" "udev:/sys/devices/pci0000:00/0000:00:16.3/i2c_designware.1/i2c-5/i2c-WCOM5122:00/0018:056A:5122.0001/input/input21/event7"
[    48.096] (II) XINPUT: Adding extended input device "Wacom HID 5122 Pen stylus" (type: STYLUS, id 10)
[    48.096] (**) Wacom HID 5122 Pen stylus: (accel) keeping acceleration scheme 1
[    48.096] (**) Wacom HID 5122 Pen stylus: (accel) acceleration profile 0
[    48.096] (**) Wacom HID 5122 Pen stylus: (accel) acceleration factor: 2.000
[    48.096] (**) Wacom HID 5122 Pen stylus: (accel) acceleration threshold: 4
[    48.097] (II) config/udev: Adding input device Wacom HID 5122 Pen (/dev/input/mouse1)
[    48.097] (II) No input driver specified, ignoring this device.
[    48.097] (II) This device may have been added with another device file.
[    48.099] (II) config/udev: Adding input device Wacom HID 5122 Finger (/dev/input/event8)
[    48.099] (**) Wacom HID 5122 Finger: Applying InputClass "evdev touchscreen catchall"
[    48.099] (**) Wacom HID 5122 Finger: Applying InputClass "libinput touchscreen catchall"
[    48.099] (**) Wacom HID 5122 Finger: Applying InputClass "Wacom USB touchscreen class"
[    48.099] (**) Wacom HID 5122 Finger: Applying InputClass "Wacom touchscreen class"
[    48.099] (II) Using input driver 'wacom' for 'Wacom HID 5122 Finger'
[    48.101] (II) systemd-logind: got fd for /dev/input/event8 13:72 fd 28 paused 0
[    48.101] (**) Wacom HID 5122 Finger: always reports core events
[    48.101] (**) Option "Device" "/dev/input/event8"
[    48.101] (EE) Wacom HID 5122 Finger: Invalid type 'stylus' for this device.
[    48.101] (EE) Wacom HID 5122 Finger: Invalid type 'eraser' for this device.
[    48.101] (EE) Wacom HID 5122 Finger: Invalid type 'cursor' for this device.
[    48.101] (II) Wacom HID 5122 Finger: type not specified, assuming 'touch'.
[    48.101] (II) Wacom HID 5122 Finger: other types will be automatically added.
[    48.101] (**) Wacom HID 5122 Finger touch: panscroll is 0
[    48.101] (**) Wacom HID 5122 Finger touch: panscroll modified to 13
[    48.101] (--) Wacom HID 5122 Finger touch: maxX=10244 maxY=5760 maxZ=0 resX=40000 resY=40000 
[    48.101] (II) Wacom HID 5122 Finger touch: hotplugging dependent devices.
[    48.101] (EE) Wacom HID 5122 Finger touch: Invalid type 'stylus' for this device.
[    48.101] (EE) Wacom HID 5122 Finger touch: Invalid type 'eraser' for this device.
[    48.101] (EE) Wacom HID 5122 Finger touch: Invalid type 'cursor' for this device.
[    48.101] (EE) Wacom HID 5122 Finger touch: Invalid type 'pad' for this device.
[    48.101] (II) Wacom HID 5122 Finger touch: hotplugging completed.
[    48.101] (**) Option "config_info" "udev:/sys/devices/pci0000:00/0000:00:16.3/i2c_designware.1/i2c-5/i2c-WCOM5122:00/0018:056A:5122.0001/input/input22/event8"
[    48.101] (II) XINPUT: Adding extended input device "Wacom HID 5122 Finger touch" (type: TOUCH, id 11)
[    48.102] (**) Wacom HID 5122 Finger touch: (accel) keeping acceleration scheme 1
[    48.102] (**) Wacom HID 5122 Finger touch: (accel) acceleration profile 0
[    48.102] (**) Wacom HID 5122 Finger touch: (accel) acceleration factor: 2.000
[    48.102] (**) Wacom HID 5122 Finger touch: (accel) acceleration threshold: 4
[    48.103] (II) config/udev: Adding input device Wacom HID 5122 Finger (/dev/input/mouse2)
[    48.103] (II) No input driver specified, ignoring this device.
[    48.103] (II) This device may have been added with another device file.
[    48.104] (II) config/udev: Adding input device Ideapad extra buttons (/dev/input/event6)
[    48.104] (**) Ideapad extra buttons: Applying InputClass "evdev keyboard catchall"
[    48.104] (**) Ideapad extra buttons: Applying InputClass "libinput keyboard catchall"
[    48.104] (**) Ideapad extra buttons: Applying InputClass "system-keyboard"
[    48.104] (II) Using input driver 'libinput' for 'Ideapad extra buttons'
[    48.106] (II) systemd-logind: got fd for /dev/input/event6 13:70 fd 29 paused 0
[    48.106] (**) Ideapad extra buttons: always reports core events
[    48.106] (**) Option "Device" "/dev/input/event6"
[    48.106] (**) Option "_source" "server/udev"
[    48.107] (II) event6  - Ideapad extra buttons: is tagged by udev as: Keyboard
[    48.107] (II) event6  - Ideapad extra buttons: device is a keyboard
[    48.107] (II) event6  - Ideapad extra buttons: device removed
[    48.108] (**) Option "config_info" "udev:/sys/devices/pci0000:00/0000:00:1f.0/PNP0C09:00/VPC2004:01/input/input7/event6"
[    48.108] (II) XINPUT: Adding extended input device "Ideapad extra buttons" (type: KEYBOARD, id 12)
[    48.108] (**) Option "xkb_layout" "us,lt"
[    48.108] (**) Option "xkb_variant" ","
[    48.109] (II) event6  - Ideapad extra buttons: is tagged by udev as: Keyboard
[    48.109] (II) event6  - Ideapad extra buttons: device is a keyboard
[    48.110] (II) config/udev: Adding input device AT Translated Set 2 keyboard (/dev/input/event3)
[    48.110] (**) AT Translated Set 2 keyboard: Applying InputClass "evdev keyboard catchall"
[    48.110] (**) AT Translated Set 2 keyboard: Applying InputClass "libinput keyboard catchall"
[    48.110] (**) AT Translated Set 2 keyboard: Applying InputClass "system-keyboard"
[    48.110] (II) Using input driver 'libinput' for 'AT Translated Set 2 keyboard'
[    48.113] (II) systemd-logind: got fd for /dev/input/event3 13:67 fd 30 paused 0
[    48.113] (**) AT Translated Set 2 keyboard: always reports core events
[    48.113] (**) Option "Device" "/dev/input/event3"
[    48.113] (**) Option "_source" "server/udev"
[    48.115] (II) event3  - AT Translated Set 2 keyboard: is tagged by udev as: Keyboard
[    48.115] (II) event3  - AT Translated Set 2 keyboard: device is a keyboard
[    48.115] (II) event3  - AT Translated Set 2 keyboard: device removed
[    48.115] (**) Option "config_info" "udev:/sys/devices/platform/i8042/serio0/input/input3/event3"
[    48.115] (II) XINPUT: Adding extended input device "AT Translated Set 2 keyboard" (type: KEYBOARD, id 13)
[    48.115] (**) Option "xkb_layout" "us,lt"
[    48.115] (**) Option "xkb_variant" ","
[    48.116] (II) event3  - AT Translated Set 2 keyboard: is tagged by udev as: Keyboard
[    48.117] (II) event3  - AT Translated Set 2 keyboard: device is a keyboard
[    48.118] (II) config/udev: Adding input device SynPS/2 Synaptics TouchPad (/dev/input/event4)
[    48.118] (**) SynPS/2 Synaptics TouchPad: Applying InputClass "evdev touchpad catchall"
[    48.118] (**) SynPS/2 Synaptics TouchPad: Applying InputClass "libinput touchpad catchall"
[    48.118] (II) Using input driver 'libinput' for 'SynPS/2 Synaptics TouchPad'
[    48.120] (II) systemd-logind: got fd for /dev/input/event4 13:68 fd 31 paused 0
[    48.120] (**) SynPS/2 Synaptics TouchPad: always reports core events
[    48.120] (**) Option "Device" "/dev/input/event4"
[    48.120] (**) Option "_source" "server/udev"
[    48.121] (II) event4  - SynPS/2 Synaptics TouchPad: is tagged by udev as: Touchpad
[    48.121] (II) event4  - SynPS/2 Synaptics TouchPad: device is a touchpad
[    48.121] (II) event4  - SynPS/2 Synaptics TouchPad: device removed
[    48.122] (**) Option "config_info" "udev:/sys/devices/platform/i8042/serio1/input/input5/event4"
[    48.122] (II) XINPUT: Adding extended input device "SynPS/2 Synaptics TouchPad" (type: TOUCHPAD, id 14)
[    48.122] (**) Option "AccelerationScheme" "none"
[    48.122] (**) SynPS/2 Synaptics TouchPad: (accel) selected scheme none/0
[    48.122] (**) SynPS/2 Synaptics TouchPad: (accel) acceleration factor: 2.000
[    48.122] (**) SynPS/2 Synaptics TouchPad: (accel) acceleration threshold: 4
[    48.123] (II) event4  - SynPS/2 Synaptics TouchPad: is tagged by udev as: Touchpad
[    48.123] (II) event4  - SynPS/2 Synaptics TouchPad: device is a touchpad
[    48.124] (II) config/udev: Adding input device SynPS/2 Synaptics TouchPad (/dev/input/mouse0)
[    48.124] (II) No input driver specified, ignoring this device.
[    48.124] (II) This device may have been added with another device file.
[    48.155] (**) Wacom HID 5122 Pen eraser: Applying InputClass "evdev tablet catchall"
[    48.155] (**) Wacom HID 5122 Pen eraser: Applying InputClass "libinput tablet catchall"
[    48.155] (**) Wacom HID 5122 Pen eraser: Applying InputClass "Wacom USB tablet class"
[    48.155] (**) Wacom HID 5122 Pen eraser: Applying InputClass "Wacom tablet class"
[    48.155] (II) Using input driver 'wacom' for 'Wacom HID 5122 Pen eraser'
[    48.155] (II) systemd-logind: returning pre-existing fd for /dev/input/event7 13:71
[    48.155] (**) Wacom HID 5122 Pen eraser: always reports core events
[    48.155] (**) Option "Device" "/dev/input/event7"
[    48.155] (**) Option "Type" "eraser"
[    48.155] (**) Wacom HID 5122 Pen eraser: panscroll is 1300
[    48.155] (**) Wacom HID 5122 Pen eraser: panscroll modified to 1300
[    48.155] (--) Wacom HID 5122 Pen eraser: maxX=25613 maxY=14400 maxZ=4095 resX=100000 resY=100000  tilt=enabled
[    48.155] (**) Option "config_info" "udev:/sys/devices/pci0000:00/0000:00:16.3/i2c_designware.1/i2c-5/i2c-WCOM5122:00/0018:056A:5122.0001/input/input21/event7"
[    48.155] (II) XINPUT: Adding extended input device "Wacom HID 5122 Pen eraser" (type: ERASER, id 15)
[    48.156] (**) Wacom HID 5122 Pen eraser: (accel) keeping acceleration scheme 1
[    48.156] (**) Wacom HID 5122 Pen eraser: (accel) acceleration profile 0
[    48.156] (**) Wacom HID 5122 Pen eraser: (accel) acceleration factor: 2.000
[    48.156] (**) Wacom HID 5122 Pen eraser: (accel) acceleration threshold: 4
[    49.780] (II) modeset(0): EDID vendor "CMN", prod id 4408
[    49.780] (II) modeset(0): Printing DDC gathered Modelines:
[    49.780] (II) modeset(0): Modeline "1366x768"x0.0   76.42  1366 1502 1532 1592  768 776 788 800 -hsync -vsync (48.0 kHz eP)
[    59.813] Using O_TMPFILE
[   575.973] (II) modeset(0): EDID vendor "CMN", prod id 4408
[   575.976] (II) modeset(0): Printing DDC gathered Modelines:
[   575.976] (II) modeset(0): Modeline "1366x768"x0.0   76.42  1366 1502 1532 1592  768 776 788 800 -hsync -vsync (48.0 kHz eP)
[ 12401.434] (II) modeset(0): EDID vendor "CMN", prod id 4408
[ 12401.434] (II) modeset(0): Printing DDC gathered Modelines:
[ 12401.434] (II) modeset(0): Modeline "1366x768"x0.0   76.42  1366 1502 1532 1592  768 776 788 800 -hsync -vsync (48.0 kHz eP)
[ 12436.158] (II) modeset(0): EDID vendor "CMN", prod id 4408
[ 12436.158] (II) modeset(0): Printing DDC gathered Modelines:
[ 12436.159] (II) modeset(0): Modeline "1366x768"x0.0   76.42  1366 1502 1532 1592  768 776 788 800 -hsync -vsync (48.0 kHz eP)
[ 15806.259] (II) Axis 0x35 value 0 is outside expected range [999, 5942]
See https://wayland.freedesktop.org/libinput/doc/1.11.3/absolute_coordinate_ranges.html for details
[ 16035.524] (II) modeset(0): Allocate new frame buffer 768x1366 stride
[ 16036.247] (II) modeset(0): EDID vendor "CMN", prod id 4408
[ 16036.247] (II) modeset(0): Printing DDC gathered Modelines:
[ 16036.247] (II) modeset(0): Modeline "1366x768"x0.0   76.42  1366 1502 1532 1592  768 776 788 800 -hsync -vsync (48.0 kHz eP)
[ 16036.290] (II) modeset(0): EDID vendor "CMN", prod id 4408
[ 16036.290] (II) modeset(0): Printing DDC gathered Modelines:
[ 16036.290] (II) modeset(0): Modeline "1366x768"x0.0   76.42  1366 1502 1532 1592  768 776 788 800 -hsync -vsync (48.0 kHz eP)
[ 16036.580] (II) modeset(0): EDID vendor "CMN", prod id 4408
[ 16036.580] (II) modeset(0): Printing DDC gathered Modelines:
[ 16036.581] (II) modeset(0): Modeline "1366x768"x0.0   76.42  1366 1502 1532 1592  768 776 788 800 -hsync -vsync (48.0 kHz eP)
[ 16043.523] (II) modeset(0): Allocate new frame buffer 1366x768 stride
[ 16044.660] (II) modeset(0): EDID vendor "CMN", prod id 4408
[ 16044.660] (II) modeset(0): Printing DDC gathered Modelines:
[ 16044.660] (II) modeset(0): Modeline "1366x768"x0.0   76.42  1366 1502 1532 1592  768 776 788 800 -hsync -vsync (48.0 kHz eP)
[ 16044.703] (II) modeset(0): EDID vendor "CMN", prod id 4408
[ 16044.703] (II) modeset(0): Printing DDC gathered Modelines:
[ 16044.703] (II) modeset(0): Modeline "1366x768"x0.0   76.42  1366 1502 1532 1592  768 776 788 800 -hsync -vsync (48.0 kHz eP)
[ 16044.856] (II) modeset(0): EDID vendor "CMN", prod id 4408
[ 16044.856] (II) modeset(0): Printing DDC gathered Modelines:
[ 16044.856] (II) modeset(0): Modeline "1366x768"x0.0   76.42  1366 1502 1532 1592  768 776 788 800 -hsync -vsync (48.0 kHz eP)
[ 16194.669] (II) modeset(0): Allocate new frame buffer 768x1366 stride
[ 16195.043] (II) modeset(0): EDID vendor "CMN", prod id 4408
[ 16195.043] (II) modeset(0): Printing DDC gathered Modelines:
[ 16195.043] (II) modeset(0): Modeline "1366x768"x0.0   76.42  1366 1502 1532 1592  768 776 788 800 -hsync -vsync (48.0 kHz eP)
[ 16195.086] (II) modeset(0): EDID vendor "CMN", prod id 4408
[ 16195.086] (II) modeset(0): Printing DDC gathered Modelines:
[ 16195.086] (II) modeset(0): Modeline "1366x768"x0.0   76.42  1366 1502 1532 1592  768 776 788 800 -hsync -vsync (48.0 kHz eP)
[ 16195.259] (II) modeset(0): EDID vendor "CMN", prod id 4408
[ 16195.259] (II) modeset(0): Printing DDC gathered Modelines:
[ 16195.259] (II) modeset(0): Modeline "1366x768"x0.0   76.42  1366 1502 1532 1592  768 776 788 800 -hsync -vsync (48.0 kHz eP)
[ 16252.154] (II) modeset(0): Allocate new frame buffer 1366x768 stride
[ 16252.697] (II) modeset(0): EDID vendor "CMN", prod id 4408
[ 16252.697] (II) modeset(0): Printing DDC gathered Modelines:
[ 16252.697] (II) modeset(0): Modeline "1366x768"x0.0   76.42  1366 1502 1532 1592  768 776 788 800 -hsync -vsync (48.0 kHz eP)
[ 16252.733] (II) modeset(0): EDID vendor "CMN", prod id 4408
[ 16252.733] (II) modeset(0): Printing DDC gathered Modelines:
[ 16252.733] (II) modeset(0): Modeline "1366x768"x0.0   76.42  1366 1502 1532 1592  768 776 788 800 -hsync -vsync (48.0 kHz eP)
[ 16252.992] (II) modeset(0): EDID vendor "CMN", prod id 4408
[ 16252.992] (II) modeset(0): Printing DDC gathered Modelines:
[ 16252.992] (II) modeset(0): Modeline "1366x768"x0.0   76.42  1366 1502 1532 1592  768 776 788 800 -hsync -vsync (48.0 kHz eP)
[ 18355.976] (**) Option "fd" "21"
[ 18355.985] (II) event2  - Power Button: device removed
[ 18355.986] (**) Option "fd" "24"
[ 18355.986] (II) event5  - Video Bus: device removed
[ 18355.986] (**) Option "fd" "25"
[ 18355.986] (II) event1  - Power Button: device removed
[ 18355.986] (**) Option "fd" "26"
[ 18355.986] (II) event19 - Lenovo EasyCamera: EasyCamera: device removed
[ 18355.990] (**) Option "fd" "29"
[ 18355.990] (II) event6  - Ideapad extra buttons: device removed
[ 18355.990] (**) Option "fd" "30"
[ 18355.990] (II) event3  - AT Translated Set 2 keyboard: device removed
[ 18355.990] (**) Option "fd" "31"
[ 18355.990] (II) event4  - SynPS/2 Synaptics TouchPad: device removed
[ 18356.174] (II) UnloadModule: "wacom"
[ 18356.174] (II) systemd-logind: not releasing fd for 13:71, still in use
[ 18356.197] (II) UnloadModule: "wacom"
[ 18356.197] (II) systemd-logind: releasing fd for 13:71
[ 18356.222] (II) UnloadModule: "wacom"
[ 18356.222] (II) systemd-logind: releasing fd for 13:72
[ 18356.236] (II) UnloadModule: "libinput"
[ 18356.236] (II) systemd-logind: releasing fd for 13:68
[ 18356.248] (II) UnloadModule: "libinput"
[ 18356.248] (II) systemd-logind: releasing fd for 13:67
[ 18356.257] (II) UnloadModule: "libinput"
[ 18356.257] (II) systemd-logind: releasing fd for 13:70
[ 18356.271] (II) UnloadModule: "libinput"
[ 18356.271] (II) systemd-logind: releasing fd for 13:83
[ 18356.286] (II) UnloadModule: "libinput"
[ 18356.286] (II) systemd-logind: releasing fd for 13:65
[ 18356.307] (II) UnloadModule: "libinput"
[ 18356.307] (II) systemd-logind: releasing fd for 13:69
[ 18356.330] (II) UnloadModule: "libinput"
[ 18356.330] (II) systemd-logind: releasing fd for 13:66
[ 18357.082] (WW) xf86CloseConsole: KDSETMODE failed: Input/output error
[ 18357.082] (WW) xf86CloseConsole: VT_GETMODE failed: Input/output error
[ 18357.083] (WW) xf86CloseConsole: VT_ACTIVATE failed: Input/output error
[ 18357.134] (II) Server terminated successfully (0). Closing log file.
