[    0.003060] ACPI: RSDP 0x00000000B45ED014 000024 (v02 ALASKA)
[    0.003062] ACPI: XSDT 0x00000000B45EC728 000104 (v01 ALASKA A M I    01072009 AMI  01000013)
[    0.003065] ACPI: FACP 0x00000000B25FC000 000114 (v06 ALASKA A M I    01072009 AMI  00010013)
[    0.003069] ACPI: DSDT 0x00000000B2583000 06DB30 (v02 ALASKA A M I    01072009 INTL 20221020)
[    0.003070] ACPI: FACS 0x00000000B45EA000 000040
[    0.003072] ACPI: SSDT 0x00000000B25FE000 007F64 (v02 AMD    Splinter 00000002 MSFT 04000000)
[    0.003073] ACPI: SSDT 0x00000000B25FD000 0003F1 (v02 ALASKA CPUSSDT  01072009 AMI  01072009)
[    0.003074] ACPI: FIDT 0x00000000B25F5000 00009C (v01 ALASKA A M I    01072009 AMI  00010013)
[    0.003076] ACPI: MCFG 0x00000000B25F4000 00003C (v01 ALASKA A M I    01072009 MSFT 00010013)
[    0.003077] ACPI: HPET 0x00000000B25F3000 000038 (v01 ALASKA A M I    01072009 AMI  00000005)
[    0.003078] ACPI: WDRT 0x00000000B25F2000 000047 (v01 ALASKA A M I    01072009 AMI  00000005)
[    0.003079] ACPI: UEFI 0x00000000B3FC7000 000048 (v01 ALASKA A M I    01072009 AMI  01000013)
[    0.003081] ACPI: FPDT 0x00000000B25F1000 000044 (v01 ALASKA A M I    01072009 AMI  01000013)
[    0.003082] ACPI: VFCT 0x00000000B2578000 00AE84 (v01 ALASKA A M I    00000001 AMD  33504F47)
--
[    0.620389] ACPI: button: Power Button [PWRB]
[    0.620411] input: Power Button as /devices/LNXSYSTM:00/LNXPWRBN:00/input/input1
[    0.620452] ACPI: button: Power Button [PWRF]
[    0.620513] Estimated ratio of average max frequency by base frequency (times 1024): 1214
[    0.620525] Monitor-Mwait will be used to enter C-1 state
[    0.620531] ACPI: \_SB_.PLTF.C000: Found 3 idle states
[    0.620642] ACPI: \_SB_.PLTF.C002: Found 3 idle states
[    0.620742] ACPI: \_SB_.PLTF.C004: Found 3 idle states
[    0.620841] ACPI: \_SB_.PLTF.C006: Found 3 idle states
[    0.620941] ACPI: \_SB_.PLTF.C008: Found 3 idle states
[    0.621041] ACPI: \_SB_.PLTF.C00A: Found 3 idle states
--
[    3.308160] hub 10-0:1.0: USB hub found
[    3.308164] hub 10-0:1.0: config failed, hub doesn't have any ports! (err -19)
[    3.550739] usb 1-5: new full-speed USB device number 2 using xhci_hcd
[    3.553967] usb 7-2: new full-speed USB device number 2 using xhci_hcd
[    3.613979] usb 3-4: new full-speed USB device number 2 using xhci_hcd
[    3.729785] usb 7-2: New USB device found, idVendor=256c, idProduct=006b, bcdDevice= 1.12
[    3.729793] usb 7-2: New USB device strings: Mfr=1, Product=2, SerialNumber=3
[    3.729795] usb 7-2: Product: Huion Tablet_GT1902
[    3.729797] usb 7-2: Manufacturer: HUION
[    3.778858] usbcore: registered new interface driver usbhid
[    3.778860] usbhid: USB HID core driver
[    3.781394] hid-generic 0003:256C:006B.0001: hiddev96,hidraw0: USB HID v1.10 Device [HUION Huion Tablet_GT1902] on usb-0000:16:00.4-2/input0
[    3.781463] input: HUION Huion Tablet_GT1902 Pen as /devices/pci0000:00/0000:00:08.1/0000:16:00.4/usb7/7-2/7-2:1.1/0003:256C:006B.0002/input/input3
[    3.781494] input: HUION Huion Tablet_GT1902 Touchscreen as /devices/pci0000:00/0000:00:08.1/0000:16:00.4/usb7/7-2/7-2:1.1/0003:256C:006B.0002/input/input4
[    3.781539] hid-generic 0003:256C:006B.0002: input,hiddev97,hidraw1: USB HID v1.10 Device [HUION Huion Tablet_GT1902] on usb-0000:16:00.4-2/input1
[    3.781627] input: HUION Huion Tablet_GT1902 as /devices/pci0000:00/0000:00:08.1/0000:16:00.4/usb7/7-2/7-2:1.2/0003:256C:006B.0003/input/input5
[    3.781656] hid-generic 0003:256C:006B.0003: input,hidraw2: USB HID v1.10 Device [HUION Huion Tablet_GT1902] on usb-0000:16:00.4-2/input2
[    3.853864] input: HUION Huion Tablet_GT1902 Pen as /devices/pci0000:00/0000:00:08.1/0000:16:00.4/usb7/7-2/7-2:1.1/0003:256C:006B.0002/input/input6
[    3.853956] input: HUION Huion Tablet_GT1902 as /devices/pci0000:00/0000:00:08.1/0000:16:00.4/usb7/7-2/7-2:1.1/0003:256C:006B.0002/input/input7
[    3.854039] hid-multitouch 0003:256C:006B.0002: input,hiddev97,hidraw1: USB HID v1.10 Device [HUION Huion Tablet_GT1902] on usb-0000:16:00.4-2/input1
[    3.889887] input: HUION Huion Tablet_GT1902 as /devices/pci0000:00/0000:00:08.1/0000:16:00.4/usb7/7-2/7-2:1.2/0003:256C:006B.0003/input/input8
[    3.889986] hid-multitouch 0003:256C:006B.0003: input,hidraw2: USB HID v1.10 Device [HUION Huion Tablet_GT1902] on usb-0000:16:00.4-2/input2
[    3.941758] usb 1-5: New USB device found, idVendor=050d, idProduct=065a, bcdDevice= 1.12
[    3.941765] usb 1-5: New USB device strings: Mfr=1, Product=2, SerialNumber=3
[    3.941767] usb 1-5: Product: BCM20702A0
[    3.941769] usb 1-5: Manufacturer: Broadcom Corp
[    3.941770] usb 1-5: SerialNumber: 5CF370926320
--
[    4.002553] usb 3-4: New USB device strings: Mfr=1, Product=2, SerialNumber=3
[    4.002555] usb 3-4: Product: G Pro Wireless Gaming Mouse
[    4.002556] usb 3-4: Manufacturer: Logitech
[    4.002557] usb 3-4: SerialNumber: D8CD5C58C54C39D3
[    4.028386] input: Logitech G Pro Wireless Gaming Mouse as /devices/pci0000:00/0000:00:02.1/0000:03:00.0/0000:04:0c.0/0000:14:00.0/usb3/3-4/3-4:1.0/0003:046D:C088.0004/input/input9
[    4.028454] hid-generic 0003:046D:C088.0004: input,hidraw3: USB HID v1.11 Mouse [Logitech G Pro Wireless Gaming Mouse] on usb-0000:14:00.0-4/input0
[    4.037585] input: Logitech G Pro Wireless Gaming Mouse Keyboard as /devices/pci0000:00/0000:00:02.1/0000:03:00.0/0000:04:0c.0/0000:14:00.0/usb3/3-4/3-4:1.1/0003:046D:C088.0005/input/input10
[    4.094162] hid-generic 0003:046D:C088.0005: input,hidraw4: USB HID v1.11 Keyboard [Logitech G Pro Wireless Gaming Mouse] on usb-0000:14:00.0-4/input1
[    4.101406] hid-generic 0003:046D:C088.0006: hiddev98,hidraw5: USB HID v1.11 Device [Logitech G Pro Wireless Gaming Mouse] on usb-0000:14:00.0-4/input2
[    4.127529] input: Logitech G Pro Wireless Gaming Mouse as /devices/pci0000:00/0000:00:02.1/0000:03:00.0/0000:04:0c.0/0000:14:00.0/usb3/3-4/3-4:1.0/0003:046D:C088.0004/input/input11
[    4.127611] logitech-hidpp-device 0003:046D:C088.0004: input,hidraw3: USB HID v1.11 Mouse [Logitech G Pro Wireless Gaming Mouse] on usb-0000:14:00.0-4/input0
[    4.150736] usb 1-6: new full-speed USB device number 3 using xhci_hcd
[    4.290434] usb 3-5: new full-speed USB device number 3 using xhci_hcd
[    4.294206] input: Logitech G Pro Wireless Gaming Mouse as /devices/pci0000:00/0000:00:02.1/0000:03:00.0/0000:04:0c.0/0000:14:00.0/usb3/3-4/3-4:1.1/0003:046D:C088.0005/input/input12
--
[    4.677289] usb 3-5: New USB device strings: Mfr=1, Product=2, SerialNumber=0
[    4.677290] usb 3-5: Product: USB Receiver
[    4.677292] usb 3-5: Manufacturer: Logitech
[    4.701742] input: Logitech USB Receiver as /devices/pci0000:00/0000:00:02.1/0000:03:00.0/0000:04:0c.0/0000:14:00.0/usb3/3-5/3-5:1.0/0003:046D:C52B.0009/input/input15
[    4.747301] usb 1-7: new full-speed USB device number 4 using xhci_hcd
[    4.757509] hid-generic 0003:046D:C52B.0009: input,hidraw8: USB HID v1.11 Keyboard [Logitech USB Receiver] on usb-0000:14:00.0-5/input0
[    4.766783] input: Logitech USB Receiver Mouse as /devices/pci0000:00/0000:00:02.1/0000:03:00.0/0000:04:0c.0/0000:14:00.0/usb3/3-5/3-5:1.1/0003:046D:C52B.000A/input/input16
[    4.766876] input: Logitech USB Receiver Consumer Control as /devices/pci0000:00/0000:00:02.1/0000:03:00.0/0000:04:0c.0/0000:14:00.0/usb3/3-5/3-5:1.1/0003:046D:C52B.000A/input/input17
[    4.820543] input: Logitech USB Receiver System Control as /devices/pci0000:00/0000:00:02.1/0000:03:00.0/0000:04:0c.0/0000:14:00.0/usb3/3-5/3-5:1.1/0003:046D:C52B.000A/input/input18
[    4.820637] hid-generic 0003:046D:C52B.000A: input,hiddev99,hidraw9: USB HID v1.11 Mouse [Logitech USB Receiver] on usb-0000:14:00.0-5/input1
[    4.828525] hid-generic 0003:046D:C52B.000B: hiddev100,hidraw10: USB HID v1.11 Device [Logitech USB Receiver] on usb-0000:14:00.0-5/input2
[    5.017299] usb 3-7: new high-speed USB device number 4 using xhci_hcd
[    5.053390] usb 1-7: New USB device found, idVendor=0db0, idProduct=0076, bcdDevice= 0.01
[    5.053397] usb 1-7: New USB device strings: Mfr=1, Product=2, SerialNumber=3
[    5.053399] usb 1-7: Product: MYSTIC LIGHT 
[    5.053401] usb 1-7: Manufacturer: MSI
[    5.053403] usb 1-7: SerialNumber: 7E1222120101
[    5.064423] logitech-djreceiver 0003:046D:C52B.000B: hiddev99,hidraw8: USB HID v1.11 Device [Logitech USB Receiver] on usb-0000:14:00.0-5/input2
[    5.077273] input: MSI MYSTIC LIGHT  as /devices/pci0000:00/0000:00:02.1/0000:03:00.0/0000:04:08.0/0000:0a:00.0/0000:0b:0c.0/0000:12:00.0/usb1/1-7/1-7:1.0/0003:0DB0:0076.000C/input/input20
[    5.077349] hid-generic 0003:0DB0:0076.000C: input,hiddev100,hidraw9: USB HID v1.10 Device [MSI MYSTIC LIGHT ] on usb-0000:12:00.0-7/input0
[    5.188317] input: Logitech MX Master 3 as /devices/pci0000:00/0000:00:02.1/0000:03:00.0/0000:04:0c.0/0000:14:00.0/usb3/3-5/3-5:1.2/0003:046D:C52B.000B/0003:046D:4082.000D/input/input21
[    5.188426] logitech-hidpp-device 0003:046D:4082.000D: input,hidraw10: USB HID v1.11 Keyboard [Logitech MX Master 3] on usb-0000:14:00.0-5/input2:1
[    5.256777] usb 3-7: New USB device found, idVendor=0e8d, idProduct=0616, bcdDevice= 1.00
[    5.256782] usb 3-7: New USB device strings: Mfr=5, Product=6, SerialNumber=7
[    5.256784] usb 3-7: Product: Wireless_Device
