-- Logs begin at Fri 2021-02-05 23:10:39 CET, end at Wed 2021-02-10 20:11:03 CET. --
Feb 10 19:45:51 HOSTNAME /usr/lib/gdm3/gdm-x-session[1632]: (--) Log file renamed from "/home/USERNAME/.local/share/xorg/Xorg.pid-1632.log" to "/home/USERNAME/.local/share/xorg/Xorg.0.log"
Feb 10 19:45:51 HOSTNAME /usr/lib/gdm3/gdm-x-session[1632]: X.Org X Server 1.20.9
Feb 10 19:45:51 HOSTNAME /usr/lib/gdm3/gdm-x-session[1632]: X Protocol Version 11, Revision 0
Feb 10 19:45:51 HOSTNAME /usr/lib/gdm3/gdm-x-session[1632]: Build Operating System: Linux 4.15.0-130-generic x86_64 Ubuntu
Feb 10 19:45:51 HOSTNAME /usr/lib/gdm3/gdm-x-session[1632]: Current Operating System: Linux HOSTNAME 5.10.14-051014-generic #202102071532 SMP Sun Feb 7 15:52:46 UTC 2021 x86_64
Feb 10 19:45:51 HOSTNAME /usr/lib/gdm3/gdm-x-session[1632]: Kernel command line: BOOT_IMAGE=/boot/vmlinuz-5.10.14-051014-generic root=UUID=76287006-7f4d-4954-b7fb-c399d9324636 ro quiet splash vt.handoff=7
Feb 10 19:45:51 HOSTNAME /usr/lib/gdm3/gdm-x-session[1632]: Build Date: 17 January 2021  09:13:31AM
Feb 10 19:45:51 HOSTNAME /usr/lib/gdm3/gdm-x-session[1632]: xorg-server 2:1.20.9-2ubuntu1.2~20.04.1 (For technical support please see http://www.ubuntu.com/support)
Feb 10 19:45:51 HOSTNAME /usr/lib/gdm3/gdm-x-session[1632]: Current version of pixman: 0.38.4
Feb 10 19:45:51 HOSTNAME /usr/lib/gdm3/gdm-x-session[1632]:         Before reporting problems, check http://wiki.x.org
Feb 10 19:45:51 HOSTNAME /usr/lib/gdm3/gdm-x-session[1632]:         to make sure that you have the latest version.
Feb 10 19:45:51 HOSTNAME /usr/lib/gdm3/gdm-x-session[1632]: Markers: (--) probed, (**) from config file, (==) default setting,
Feb 10 19:45:51 HOSTNAME /usr/lib/gdm3/gdm-x-session[1632]:         (++) from command line, (!!) notice, (II) informational,
Feb 10 19:45:51 HOSTNAME /usr/lib/gdm3/gdm-x-session[1632]:         (WW) warning, (EE) error, (NI) not implemented, (??) unknown.
Feb 10 19:45:51 HOSTNAME /usr/lib/gdm3/gdm-x-session[1632]: (==) Log file: "/home/USERNAME/.local/share/xorg/Xorg.0.log", Time: Wed Feb 10 19:45:51 2021
Feb 10 19:45:51 HOSTNAME /usr/lib/gdm3/gdm-x-session[1632]: (==) Using system config directory "/usr/share/X11/xorg.conf.d"
Feb 10 19:45:51 HOSTNAME /usr/lib/gdm3/gdm-x-session[1632]: (==) No Layout section.  Using the first Screen section.
Feb 10 19:45:51 HOSTNAME /usr/lib/gdm3/gdm-x-session[1632]: (==) No screen section available. Using defaults.
Feb 10 19:45:51 HOSTNAME /usr/lib/gdm3/gdm-x-session[1632]: (**) |-->Screen "Default Screen Section" (0)
Feb 10 19:45:51 HOSTNAME /usr/lib/gdm3/gdm-x-session[1632]: (**) |   |-->Monitor "<default monitor>"
Feb 10 19:45:51 HOSTNAME /usr/lib/gdm3/gdm-x-session[1632]: (==) No monitor specified for screen "Default Screen Section".
Feb 10 19:45:51 HOSTNAME /usr/lib/gdm3/gdm-x-session[1632]:         Using a default monitor configuration.
Feb 10 19:45:51 HOSTNAME /usr/lib/gdm3/gdm-x-session[1632]: (==) Automatically adding devices
Feb 10 19:45:51 HOSTNAME /usr/lib/gdm3/gdm-x-session[1632]: (==) Automatically enabling devices
Feb 10 19:45:51 HOSTNAME /usr/lib/gdm3/gdm-x-session[1632]: (==) Automatically adding GPU devices
Feb 10 19:45:51 HOSTNAME /usr/lib/gdm3/gdm-x-session[1632]: (==) Automatically binding GPU devices
Feb 10 19:45:51 HOSTNAME /usr/lib/gdm3/gdm-x-session[1632]: (==) Max clients allowed: 256, resource mask: 0x1fffff
Feb 10 19:45:51 HOSTNAME /usr/lib/gdm3/gdm-x-session[1632]: (WW) The directory "/usr/share/fonts/X11/cyrillic" does not exist.
Feb 10 19:45:51 HOSTNAME /usr/lib/gdm3/gdm-x-session[1632]:         Entry deleted from font path.
Feb 10 19:45:51 HOSTNAME /usr/lib/gdm3/gdm-x-session[1632]: (WW) The directory "/usr/share/fonts/X11/100dpi/" does not exist.
Feb 10 19:45:51 HOSTNAME /usr/lib/gdm3/gdm-x-session[1632]:         Entry deleted from font path.
Feb 10 19:45:51 HOSTNAME /usr/lib/gdm3/gdm-x-session[1632]: (WW) The directory "/usr/share/fonts/X11/75dpi/" does not exist.
Feb 10 19:45:51 HOSTNAME /usr/lib/gdm3/gdm-x-session[1632]:         Entry deleted from font path.
Feb 10 19:45:51 HOSTNAME /usr/lib/gdm3/gdm-x-session[1632]: (WW) The directory "/usr/share/fonts/X11/100dpi" does not exist.
Feb 10 19:45:51 HOSTNAME /usr/lib/gdm3/gdm-x-session[1632]:         Entry deleted from font path.
Feb 10 19:45:51 HOSTNAME /usr/lib/gdm3/gdm-x-session[1632]: (WW) The directory "/usr/share/fonts/X11/75dpi" does not exist.
Feb 10 19:45:51 HOSTNAME /usr/lib/gdm3/gdm-x-session[1632]:         Entry deleted from font path.
Feb 10 19:45:51 HOSTNAME /usr/lib/gdm3/gdm-x-session[1632]: (==) FontPath set to:
Feb 10 19:45:51 HOSTNAME /usr/lib/gdm3/gdm-x-session[1632]:         /usr/share/fonts/X11/misc,
Feb 10 19:45:51 HOSTNAME /usr/lib/gdm3/gdm-x-session[1632]:         /usr/share/fonts/X11/Type1,
Feb 10 19:45:51 HOSTNAME /usr/lib/gdm3/gdm-x-session[1632]:         built-ins
Feb 10 19:45:51 HOSTNAME /usr/lib/gdm3/gdm-x-session[1632]: (==) ModulePath set to "/usr/lib/xorg/modules"
Feb 10 19:45:51 HOSTNAME /usr/lib/gdm3/gdm-x-session[1632]: (II) The server relies on udev to provide the list of input devices.
Feb 10 19:45:51 HOSTNAME /usr/lib/gdm3/gdm-x-session[1632]:         If no devices become available, reconfigure udev or disable AutoAddDevices.
Feb 10 19:45:51 HOSTNAME /usr/lib/gdm3/gdm-x-session[1632]: (II) Loader magic: 0x55c89a2c5020
Feb 10 19:45:51 HOSTNAME /usr/lib/gdm3/gdm-x-session[1632]: (II) Module ABI versions:
Feb 10 19:45:51 HOSTNAME /usr/lib/gdm3/gdm-x-session[1632]:         X.Org ANSI C Emulation: 0.4
Feb 10 19:45:51 HOSTNAME /usr/lib/gdm3/gdm-x-session[1632]:         X.Org Video Driver: 24.1
Feb 10 19:45:51 HOSTNAME /usr/lib/gdm3/gdm-x-session[1632]:         X.Org XInput driver : 24.1
Feb 10 19:45:51 HOSTNAME /usr/lib/gdm3/gdm-x-session[1632]:         X.Org Server Extension : 10.0
Feb 10 19:45:51 HOSTNAME /usr/lib/gdm3/gdm-x-session[1632]: (++) using VT number 2
Feb 10 19:45:51 HOSTNAME /usr/lib/gdm3/gdm-x-session[1632]: (II) systemd-logind: took control of session /org/freedesktop/login1/session/_32
Feb 10 19:45:51 HOSTNAME /usr/lib/gdm3/gdm-x-session[1632]: (II) xfree86: Adding drm device (/dev/dri/card0)
Feb 10 19:45:51 HOSTNAME /usr/lib/gdm3/gdm-x-session[1632]: (II) systemd-logind: got fd for /dev/dri/card0 226:0 fd 12 paused 0
Feb 10 19:45:51 HOSTNAME /usr/lib/gdm3/gdm-x-session[1632]: (--) PCI:*(0@0:2:0) 8086:9a49:17aa:3f1a rev 1, Mem @ 0x605e000000/16777216, 0x4000000000/268435456, I/O @ 0x00003000/64, BIOS @ 0x????????/131072
Feb 10 19:45:51 HOSTNAME /usr/lib/gdm3/gdm-x-session[1632]: (II) LoadModule: "glx"
Feb 10 19:45:51 HOSTNAME /usr/lib/gdm3/gdm-x-session[1632]: (II) Loading /usr/lib/xorg/modules/extensions/libglx.so
Feb 10 19:45:51 HOSTNAME /usr/lib/gdm3/gdm-x-session[1632]: (II) Module glx: vendor="X.Org Foundation"
Feb 10 19:45:51 HOSTNAME /usr/lib/gdm3/gdm-x-session[1632]:         compiled for 1.20.9, module version = 1.0.0
Feb 10 19:45:51 HOSTNAME /usr/lib/gdm3/gdm-x-session[1632]:         ABI class: X.Org Server Extension, version 10.0
Feb 10 19:45:51 HOSTNAME /usr/lib/gdm3/gdm-x-session[1632]: (==) Matched modesetting as autoconfigured driver 0
Feb 10 19:45:51 HOSTNAME /usr/lib/gdm3/gdm-x-session[1632]: (==) Matched fbdev as autoconfigured driver 1
Feb 10 19:45:51 HOSTNAME /usr/lib/gdm3/gdm-x-session[1632]: (==) Matched vesa as autoconfigured driver 2
Feb 10 19:45:51 HOSTNAME /usr/lib/gdm3/gdm-x-session[1632]: (==) Assigned the driver to the xf86ConfigLayout
Feb 10 19:45:51 HOSTNAME /usr/lib/gdm3/gdm-x-session[1632]: (II) LoadModule: "modesetting"
Feb 10 19:45:51 HOSTNAME /usr/lib/gdm3/gdm-x-session[1632]: (II) Loading /usr/lib/xorg/modules/drivers/modesetting_drv.so
Feb 10 19:45:51 HOSTNAME /usr/lib/gdm3/gdm-x-session[1632]: (II) Module modesetting: vendor="X.Org Foundation"
Feb 10 19:45:51 HOSTNAME /usr/lib/gdm3/gdm-x-session[1632]:         compiled for 1.20.9, module version = 1.20.9
Feb 10 19:45:51 HOSTNAME /usr/lib/gdm3/gdm-x-session[1632]:         Module class: X.Org Video Driver
Feb 10 19:45:51 HOSTNAME /usr/lib/gdm3/gdm-x-session[1632]:         ABI class: X.Org Video Driver, version 24.1
Feb 10 19:45:51 HOSTNAME /usr/lib/gdm3/gdm-x-session[1632]: (II) LoadModule: "fbdev"
Feb 10 19:45:51 HOSTNAME /usr/lib/gdm3/gdm-x-session[1632]: (II) Loading /usr/lib/xorg/modules/drivers/fbdev_drv.so
Feb 10 19:45:51 HOSTNAME /usr/lib/gdm3/gdm-x-session[1632]: (II) Module fbdev: vendor="X.Org Foundation"
Feb 10 19:45:51 HOSTNAME /usr/lib/gdm3/gdm-x-session[1632]:         compiled for 1.20.1, module version = 0.5.0
Feb 10 19:45:51 HOSTNAME /usr/lib/gdm3/gdm-x-session[1632]:         Module class: X.Org Video Driver
Feb 10 19:45:51 HOSTNAME /usr/lib/gdm3/gdm-x-session[1632]:         ABI class: X.Org Video Driver, version 24.0
Feb 10 19:45:51 HOSTNAME /usr/lib/gdm3/gdm-x-session[1632]: (II) LoadModule: "vesa"
Feb 10 19:45:51 HOSTNAME /usr/lib/gdm3/gdm-x-session[1632]: (II) Loading /usr/lib/xorg/modules/drivers/vesa_drv.so
Feb 10 19:45:51 HOSTNAME /usr/lib/gdm3/gdm-x-session[1632]: (II) Module vesa: vendor="X.Org Foundation"
Feb 10 19:45:51 HOSTNAME /usr/lib/gdm3/gdm-x-session[1632]:         compiled for 1.20.4, module version = 2.4.0
Feb 10 19:45:51 HOSTNAME /usr/lib/gdm3/gdm-x-session[1632]:         Module class: X.Org Video Driver
Feb 10 19:45:51 HOSTNAME /usr/lib/gdm3/gdm-x-session[1632]:         ABI class: X.Org Video Driver, version 24.0
Feb 10 19:45:51 HOSTNAME /usr/lib/gdm3/gdm-x-session[1632]: (II) modesetting: Driver for Modesetting Kernel Drivers: kms
Feb 10 19:45:51 HOSTNAME /usr/lib/gdm3/gdm-x-session[1632]: (II) FBDEV: driver for framebuffer: fbdev
Feb 10 19:45:51 HOSTNAME /usr/lib/gdm3/gdm-x-session[1632]: (II) VESA: driver for VESA chipsets: vesa
Feb 10 19:45:51 HOSTNAME /usr/lib/gdm3/gdm-x-session[1632]: xf86EnableIOPorts: failed to set IOPL for I/O (Operation not permitted)
Feb 10 19:45:51 HOSTNAME /usr/lib/gdm3/gdm-x-session[1632]: (II) modeset(0): using drv /dev/dri/card0
Feb 10 19:45:51 HOSTNAME /usr/lib/gdm3/gdm-x-session[1632]: (WW) Falling back to old probe method for fbdev
Feb 10 19:45:51 HOSTNAME /usr/lib/gdm3/gdm-x-session[1632]: (II) Loading sub module "fbdevhw"
Feb 10 19:45:51 HOSTNAME /usr/lib/gdm3/gdm-x-session[1632]: (II) LoadModule: "fbdevhw"
Feb 10 19:45:51 HOSTNAME /usr/lib/gdm3/gdm-x-session[1632]: (II) Loading /usr/lib/xorg/modules/libfbdevhw.so
Feb 10 19:45:51 HOSTNAME /usr/lib/gdm3/gdm-x-session[1632]: (II) Module fbdevhw: vendor="X.Org Foundation"
Feb 10 19:45:51 HOSTNAME /usr/lib/gdm3/gdm-x-session[1632]:         compiled for 1.20.9, module version = 0.0.2
Feb 10 19:45:51 HOSTNAME /usr/lib/gdm3/gdm-x-session[1632]:         ABI class: X.Org Video Driver, version 24.1
Feb 10 19:45:51 HOSTNAME /usr/lib/gdm3/gdm-x-session[1632]: (EE) open /dev/fb0: Permission denied
Feb 10 19:45:51 HOSTNAME /usr/lib/gdm3/gdm-x-session[1632]: (WW) VGA arbiter: cannot open kernel arbiter, no multi-card support
Feb 10 19:45:51 HOSTNAME /usr/lib/gdm3/gdm-x-session[1632]: (II) modeset(0): Creating default Display subsection in Screen section
Feb 10 19:45:51 HOSTNAME /usr/lib/gdm3/gdm-x-session[1632]:         "Default Screen Section" for depth/fbbpp 24/32
Feb 10 19:45:51 HOSTNAME /usr/lib/gdm3/gdm-x-session[1632]: (==) modeset(0): Depth 24, (==) framebuffer bpp 32
Feb 10 19:45:51 HOSTNAME /usr/lib/gdm3/gdm-x-session[1632]: (==) modeset(0): RGB weight 888
Feb 10 19:45:51 HOSTNAME /usr/lib/gdm3/gdm-x-session[1632]: (==) modeset(0): Default visual is TrueColor
Feb 10 19:45:51 HOSTNAME /usr/lib/gdm3/gdm-x-session[1632]: (II) Loading sub module "glamoregl"
Feb 10 19:45:51 HOSTNAME /usr/lib/gdm3/gdm-x-session[1632]: (II) LoadModule: "glamoregl"
Feb 10 19:45:51 HOSTNAME /usr/lib/gdm3/gdm-x-session[1632]: (II) Loading /usr/lib/xorg/modules/libglamoregl.so
Feb 10 19:45:51 HOSTNAME /usr/lib/gdm3/gdm-x-session[1632]: (II) Module glamoregl: vendor="X.Org Foundation"
Feb 10 19:45:51 HOSTNAME /usr/lib/gdm3/gdm-x-session[1632]:         compiled for 1.20.9, module version = 1.0.1
Feb 10 19:45:51 HOSTNAME /usr/lib/gdm3/gdm-x-session[1632]:         ABI class: X.Org ANSI C Emulation, version 0.4
Feb 10 19:45:51 HOSTNAME /usr/lib/gdm3/gdm-x-session[1632]: (II) modeset(0): glamor X acceleration enabled on Mesa Intel(R) Xe Graphics (TGL GT2)
Feb 10 19:45:51 HOSTNAME /usr/lib/gdm3/gdm-x-session[1632]: (II) modeset(0): glamor initialized
Feb 10 19:45:51 HOSTNAME /usr/lib/gdm3/gdm-x-session[1632]: (II) modeset(0): Output eDP-1 has no monitor section
Feb 10 19:45:51 HOSTNAME /usr/lib/gdm3/gdm-x-session[1632]: (II) modeset(0): Output DP-1 has no monitor section
Feb 10 19:45:51 HOSTNAME /usr/lib/gdm3/gdm-x-session[1632]: (II) modeset(0): Output HDMI-1 has no monitor section
Feb 10 19:45:51 HOSTNAME /usr/lib/gdm3/gdm-x-session[1632]: (II) modeset(0): Output DP-2 has no monitor section
Feb 10 19:45:51 HOSTNAME /usr/lib/gdm3/gdm-x-session[1632]: (II) modeset(0): Output HDMI-2 has no monitor section
Feb 10 19:45:51 HOSTNAME /usr/lib/gdm3/gdm-x-session[1632]: (II) modeset(0): Output DP-3 has no monitor section
Feb 10 19:45:51 HOSTNAME /usr/lib/gdm3/gdm-x-session[1632]: (II) modeset(0): Output HDMI-3 has no monitor section
Feb 10 19:45:51 HOSTNAME /usr/lib/gdm3/gdm-x-session[1632]: (II) modeset(0): Output DP-4 has no monitor section
Feb 10 19:45:51 HOSTNAME /usr/lib/gdm3/gdm-x-session[1632]: (II) modeset(0): Output HDMI-4 has no monitor section
Feb 10 19:45:51 HOSTNAME /usr/lib/gdm3/gdm-x-session[1632]: (II) modeset(0): EDID for output eDP-1
Feb 10 19:45:51 HOSTNAME /usr/lib/gdm3/gdm-x-session[1632]: (II) modeset(0): Manufacturer: LGD  Model: 672  Serial#: 0
Feb 10 19:45:51 HOSTNAME /usr/lib/gdm3/gdm-x-session[1632]: (II) modeset(0): Year: 2019  Week: 0
Feb 10 19:45:51 HOSTNAME /usr/lib/gdm3/gdm-x-session[1632]: (II) modeset(0): EDID Version: 1.4
Feb 10 19:45:51 HOSTNAME /usr/lib/gdm3/gdm-x-session[1632]: (II) modeset(0): Digital Display Input
Feb 10 19:45:51 HOSTNAME /usr/lib/gdm3/gdm-x-session[1632]: (II) modeset(0): 10 bits per channel
Feb 10 19:45:51 HOSTNAME /usr/lib/gdm3/gdm-x-session[1632]: (II) modeset(0): Digital interface is DisplayPort
Feb 10 19:45:51 HOSTNAME /usr/lib/gdm3/gdm-x-session[1632]: (II) modeset(0): Max Image Size [cm]: horiz.: 34  vert.: 19
Feb 10 19:45:51 HOSTNAME /usr/lib/gdm3/gdm-x-session[1632]: (II) modeset(0): Gamma: 2.20
Feb 10 19:45:51 HOSTNAME /usr/lib/gdm3/gdm-x-session[1632]: (II) modeset(0): No DPMS capabilities specified
Feb 10 19:45:51 HOSTNAME /usr/lib/gdm3/gdm-x-session[1632]: (II) modeset(0): Supported color encodings: RGB 4:4:4
Feb 10 19:45:51 HOSTNAME /usr/lib/gdm3/gdm-x-session[1632]: (II) modeset(0): First detailed timing is preferred mode
Feb 10 19:45:51 HOSTNAME /usr/lib/gdm3/gdm-x-session[1632]: (II) modeset(0): Preferred mode is native pixel format and refresh rate
Feb 10 19:45:51 HOSTNAME /usr/lib/gdm3/gdm-x-session[1632]: (II) modeset(0): redX: 0.640 redY: 0.330   greenX: 0.300 greenY: 0.605
Feb 10 19:45:51 HOSTNAME /usr/lib/gdm3/gdm-x-session[1632]: (II) modeset(0): blueX: 0.150 blueY: 0.055   whiteX: 0.313 whiteY: 0.329
Feb 10 19:45:51 HOSTNAME /usr/lib/gdm3/gdm-x-session[1632]: (II) modeset(0): Manufacturer's mask: 0
Feb 10 19:45:51 HOSTNAME /usr/lib/gdm3/gdm-x-session[1632]: (II) modeset(0): Supported detailed timing:
Feb 10 19:45:51 HOSTNAME /usr/lib/gdm3/gdm-x-session[1632]: (II) modeset(0): clock: 138.6 MHz   Image Size:  344 x 194 mm
Feb 10 19:45:51 HOSTNAME /usr/lib/gdm3/gdm-x-session[1632]: (II) modeset(0): h_active: 1920  h_sync: 1968  h_sync_end 2000 h_blank_end 2080 h_border: 0
Feb 10 19:45:51 HOSTNAME /usr/lib/gdm3/gdm-x-session[1632]: (II) modeset(0): v_active: 1080  v_sync: 1083  v_sync_end 1088 v_blanking: 1111 v_border: 0
Feb 10 19:45:51 HOSTNAME /usr/lib/gdm3/gdm-x-session[1632]: (II) modeset(0):  LG Display
Feb 10 19:45:51 HOSTNAME /usr/lib/gdm3/gdm-x-session[1632]: (II) modeset(0):  LP156WFC-SPU2
Feb 10 19:45:51 HOSTNAME /usr/lib/gdm3/gdm-x-session[1632]: (II) modeset(0): Number of EDID sections to follow: 1
Feb 10 19:45:51 HOSTNAME /usr/lib/gdm3/gdm-x-session[1632]: (II) modeset(0): EDID (in hex):
Feb 10 19:45:51 HOSTNAME /usr/lib/gdm3/gdm-x-session[1632]: (II) modeset(0):         00ffffffffffff0030e4720600000000
Feb 10 19:45:51 HOSTNAME /usr/lib/gdm3/gdm-x-session[1632]: (II) modeset(0):         001d0104b522137802ec85a3544c9b26
Feb 10 19:45:51 HOSTNAME /usr/lib/gdm3/gdm-x-session[1632]: (II) modeset(0):         0e505400000001010101010101010101
Feb 10 19:45:51 HOSTNAME /usr/lib/gdm3/gdm-x-session[1632]: (II) modeset(0):         010101010101243680a070381f403020
Feb 10 19:45:51 HOSTNAME /usr/lib/gdm3/gdm-x-session[1632]: (II) modeset(0):         350058c21000001a0000000000000000
Feb 10 19:45:51 HOSTNAME /usr/lib/gdm3/gdm-x-session[1632]: (II) modeset(0):         00000000000000000000000000fe004c
Feb 10 19:45:51 HOSTNAME /usr/lib/gdm3/gdm-x-session[1632]: (II) modeset(0):         4720446973706c61790a2020000000fe
Feb 10 19:45:51 HOSTNAME /usr/lib/gdm3/gdm-x-session[1632]: (II) modeset(0):         004c503135365746432d535055320134
Feb 10 19:45:51 HOSTNAME /usr/lib/gdm3/gdm-x-session[1632]: (II) modeset(0):         02030f00e3058000e60604016f6f2200
Feb 10 19:45:51 HOSTNAME /usr/lib/gdm3/gdm-x-session[1632]: (II) modeset(0):         00000000000000000000000000000000
Feb 10 19:45:51 HOSTNAME /usr/lib/gdm3/gdm-x-session[1632]: (II) modeset(0):         00000000000000000000000000000000
Feb 10 19:45:51 HOSTNAME /usr/lib/gdm3/gdm-x-session[1632]: (II) modeset(0):         00000000000000000000000000000000
Feb 10 19:45:51 HOSTNAME /usr/lib/gdm3/gdm-x-session[1632]: (II) modeset(0):         00000000000000000000000000000000
Feb 10 19:45:51 HOSTNAME /usr/lib/gdm3/gdm-x-session[1632]: (II) modeset(0):         00000000000000000000000000000000
Feb 10 19:45:51 HOSTNAME /usr/lib/gdm3/gdm-x-session[1632]: (II) modeset(0):         00000000000000000000000000000000
Feb 10 19:45:51 HOSTNAME /usr/lib/gdm3/gdm-x-session[1632]: (II) modeset(0):         00000000000000000000000000000093
Feb 10 19:45:51 HOSTNAME /usr/lib/gdm3/gdm-x-session[1632]: (II) modeset(0): Printing probed modes for output eDP-1
Feb 10 19:45:51 HOSTNAME /usr/lib/gdm3/gdm-x-session[1632]: (II) modeset(0): Modeline "1920x1080"x60.0  138.60  1920 1968 2000 2080  1080 1083 1088 1111 +hsync -vsync (66.6 kHz eP)
Feb 10 19:45:51 HOSTNAME /usr/lib/gdm3/gdm-x-session[1632]: (II) modeset(0): Modeline "1920x1080"x119.9  266.50  1920 1944 1960 2000  1080 1081 1084 1111 doublescan +hsync -vsync (133.2 kHz d)
Feb 10 19:45:51 HOSTNAME /usr/lib/gdm3/gdm-x-session[1632]: (II) modeset(0): Modeline "1920x1080"x60.0  173.00  1920 2048 2248 2576  1080 1083 1088 1120 -hsync +vsync (67.2 kHz d)
Feb 10 19:45:51 HOSTNAME /usr/lib/gdm3/gdm-x-session[1632]: (II) modeset(0): Modeline "1920x1080"x59.9  138.50  1920 1968 2000 2080  1080 1083 1088 1111 +hsync -vsync (66.6 kHz d)
Feb 10 19:45:51 HOSTNAME /usr/lib/gdm3/gdm-x-session[1632]: (II) modeset(0): Modeline "1680x1050"x60.0  146.25  1680 1784 1960 2240  1050 1053 1059 1089 -hsync +vsync (65.3 kHz d)
Feb 10 19:45:51 HOSTNAME /usr/lib/gdm3/gdm-x-session[1632]: (II) modeset(0): Modeline "1680x1050"x59.9  119.00  1680 1728 1760 1840  1050 1053 1059 1080 +hsync -vsync (64.7 kHz d)
Feb 10 19:45:51 HOSTNAME /usr/lib/gdm3/gdm-x-session[1632]: (II) modeset(0): Modeline "1600x1024"x60.2  103.12  1600 1600 1656 1664  1024 1024 1029 1030 +hsync +vsync (62.0 kHz d)
Feb 10 19:45:51 HOSTNAME /usr/lib/gdm3/gdm-x-session[1632]: (II) modeset(0): Modeline "1400x1050"x60.0  122.00  1400 1488 1640 1880  1050 1052 1064 1082 +hsync +vsync (64.9 kHz d)
Feb 10 19:45:51 HOSTNAME /usr/lib/gdm3/gdm-x-session[1632]: (II) modeset(0): Modeline "1600x900"x120.0  246.00  1600 1728 1900 2200  900 901 904 932 doublescan -hsync +vsync (111.8 kHz d)
Feb 10 19:45:51 HOSTNAME /usr/lib/gdm3/gdm-x-session[1632]: (II) modeset(0): Modeline "1600x900"x119.9  186.50  1600 1624 1640 1680  900 901 904 926 doublescan +hsync -vsync (111.0 kHz d)
Feb 10 19:45:51 HOSTNAME /usr/lib/gdm3/gdm-x-session[1632]: (II) modeset(0): Modeline "1600x900"x59.9  118.25  1600 1696 1856 2112  900 903 908 934 -hsync +vsync (56.0 kHz d)
Feb 10 19:45:51 HOSTNAME /usr/lib/gdm3/gdm-x-session[1632]: (II) modeset(0): Modeline "1600x900"x59.8   97.50  1600 1648 1680 1760  900 903 908 926 +hsync -vsync (55.4 kHz d)
Feb 10 19:45:51 HOSTNAME /usr/lib/gdm3/gdm-x-session[1632]: (II) modeset(0): Modeline "1280x1024"x60.0  108.00  1280 1328 1440 1688  1024 1025 1028 1066 +hsync +vsync (64.0 kHz d)
Feb 10 19:45:51 HOSTNAME /usr/lib/gdm3/gdm-x-session[1632]: (II) modeset(0): Modeline "1440x900"x59.9  106.50  1440 1520 1672 1904  900 903 909 934 -hsync +vsync (55.9 kHz d)
Feb 10 19:45:51 HOSTNAME /usr/lib/gdm3/gdm-x-session[1632]: (II) modeset(0): Modeline "1400x900"x60.0  103.50  1400 1480 1624 1848  900 903 913 934 -hsync +vsync (56.0 kHz d)
Feb 10 19:45:51 HOSTNAME /usr/lib/gdm3/gdm-x-session[1632]: (II) modeset(0): Modeline "1400x900"x59.9   86.50  1400 1448 1480 1560  900 903 913 926 +hsync -vsync (55.4 kHz d)
Feb 10 19:45:51 HOSTNAME /usr/lib/gdm3/gdm-x-session[1632]: (II) modeset(0): Modeline "1280x960"x60.0  108.00  1280 1376 1488 1800  960 961 964 1000 +hsync +vsync (60.0 kHz d)
Feb 10 19:45:51 HOSTNAME /usr/lib/gdm3/gdm-x-session[1632]: (II) modeset(0): Modeline "1440x810"x120.0  198.12  1440 1548 1704 1968  810 811 814 839 doublescan -hsync +vsync (100.7 kHz d)
Feb 10 19:45:51 HOSTNAME /usr/lib/gdm3/gdm-x-session[1632]: (II) modeset(0): Modeline "1440x810"x119.9  151.88  1440 1464 1480 1520  810 811 814 833 doublescan +hsync -vsync (99.9 kHz d)
Feb 10 19:45:51 HOSTNAME /usr/lib/gdm3/gdm-x-session[1632]: (II) modeset(0): Modeline "1368x768"x59.9   85.25  1368 1440 1576 1784  768 771 781 798 -hsync +vsync (47.8 kHz d)
Feb 10 19:45:51 HOSTNAME /usr/lib/gdm3/gdm-x-session[1632]: (II) modeset(0): Modeline "1368x768"x59.9   72.25  1368 1416 1448 1528  768 771 781 790 +hsync -vsync (47.3 kHz d)
Feb 10 19:45:51 HOSTNAME /usr/lib/gdm3/gdm-x-session[1632]: (II) modeset(0): Modeline "1360x768"x59.8   84.75  1360 1432 1568 1776  768 771 781 798 -hsync +vsync (47.7 kHz d)
Feb 10 19:45:51 HOSTNAME /usr/lib/gdm3/gdm-x-session[1632]: (II) modeset(0): Modeline "1360x768"x60.0   72.00  1360 1408 1440 1520  768 771 781 790 +hsync -vsync (47.4 kHz d)
Feb 10 19:45:51 HOSTNAME /usr/lib/gdm3/gdm-x-session[1632]: (II) modeset(0): Modeline "1280x800"x120.0  174.25  1280 1380 1516 1752  800 801 804 829 doublescan -hsync +vsync (99.5 kHz d)
Feb 10 19:45:51 HOSTNAME /usr/lib/gdm3/gdm-x-session[1632]: (II) modeset(0): Modeline "1280x800"x119.9  134.25  1280 1304 1320 1360  800 801 804 823 doublescan +hsync -vsync (98.7 kHz d)
Feb 10 19:45:51 HOSTNAME /usr/lib/gdm3/gdm-x-session[1632]: (II) modeset(0): Modeline "1280x800"x59.8   83.50  1280 1352 1480 1680  800 803 809 831 -hsync +vsync (49.7 kHz d)
Feb 10 19:45:51 HOSTNAME /usr/lib/gdm3/gdm-x-session[1632]: (II) modeset(0): Modeline "1280x800"x59.9   71.00  1280 1328 1360 1440  800 803 809 823 +hsync -vsync (49.3 kHz d)
Feb 10 19:45:51 HOSTNAME /usr/lib/gdm3/gdm-x-session[1632]: (II) modeset(0): Modeline "1152x864"x60.0   81.62  1152 1216 1336 1520  864 865 868 895 -hsync +vsync (53.7 kHz d)
Feb 10 19:45:51 HOSTNAME /usr/lib/gdm3/gdm-x-session[1632]: (II) modeset(0): Modeline "1280x720"x120.0  156.12  1280 1376 1512 1744  720 721 724 746 doublescan -hsync +vsync (89.5 kHz d)
Feb 10 19:45:51 HOSTNAME /usr/lib/gdm3/gdm-x-session[1632]: (II) modeset(0): Modeline "1280x720"x120.0  120.75  1280 1304 1320 1360  720 721 724 740 doublescan +hsync -vsync (88.8 kHz d)
Feb 10 19:45:51 HOSTNAME /usr/lib/gdm3/gdm-x-session[1632]: (II) modeset(0): Modeline "1280x720"x59.9   74.50  1280 1344 1472 1664  720 723 728 748 -hsync +vsync (44.8 kHz d)
Feb 10 19:45:51 HOSTNAME /usr/lib/gdm3/gdm-x-session[1632]: (II) modeset(0): Modeline "1280x720"x59.7   63.75  1280 1328 1360 1440  720 723 728 741 +hsync -vsync (44.3 kHz d)
Feb 10 19:45:51 HOSTNAME /usr/lib/gdm3/gdm-x-session[1632]: (II) modeset(0): Modeline "1024x768"x120.1  133.47  1024 1100 1212 1400  768 768 770 794 doublescan -hsync +vsync (95.3 kHz d)
Feb 10 19:45:51 HOSTNAME /usr/lib/gdm3/gdm-x-session[1632]: (II) modeset(0): Modeline "1024x768"x60.0   65.00  1024 1048 1184 1344  768 771 777 806 -hsync -vsync (48.4 kHz d)
Feb 10 19:45:51 HOSTNAME /usr/lib/gdm3/gdm-x-session[1632]: (II) modeset(0): Modeline "960x720"x120.0  117.00  960 1024 1128 1300  720 720 722 750 doublescan -hsync +vsync (90.0 kHz d)
Feb 10 19:45:51 HOSTNAME /usr/lib/gdm3/gdm-x-session[1632]: (II) modeset(0): Modeline "928x696"x120.1  109.15  928 976 1088 1264  696 696 698 719 doublescan -hsync +vsync (86.4 kHz d)
Feb 10 19:45:51 HOSTNAME /usr/lib/gdm3/gdm-x-session[1632]: (II) modeset(0): Modeline "896x672"x120.0  102.40  896 960 1060 1224  672 672 674 697 doublescan -hsync +vsync (83.7 kHz d)
Feb 10 19:45:51 HOSTNAME /usr/lib/gdm3/gdm-x-session[1632]: (II) modeset(0): Modeline "1024x576"x119.9   98.50  1024 1092 1200 1376  576 577 580 597 doublescan -hsync +vsync (71.6 kHz d)
Feb 10 19:45:51 HOSTNAME /usr/lib/gdm3/gdm-x-session[1632]: (II) modeset(0): Modeline "1024x576"x119.9   78.38  1024 1048 1064 1104  576 577 580 592 doublescan +hsync -vsync (71.0 kHz d)
Feb 10 19:45:51 HOSTNAME /usr/lib/gdm3/gdm-x-session[1632]: (II) modeset(0): Modeline "1024x576"x59.9   46.50  1024 1064 1160 1296  576 579 584 599 -hsync +vsync (35.9 kHz d)
Feb 10 19:45:51 HOSTNAME /usr/lib/gdm3/gdm-x-session[1632]: (II) modeset(0): Modeline "1024x576"x59.8   42.00  1024 1072 1104 1184  576 579 584 593 +hsync -vsync (35.5 kHz d)
Feb 10 19:45:51 HOSTNAME /usr/lib/gdm3/gdm-x-session[1632]: (II) modeset(0): Modeline "960x600"x119.9   96.62  960 1028 1128 1296  600 601 604 622 doublescan -hsync +vsync (74.6 kHz d)
Feb 10 19:45:51 HOSTNAME /usr/lib/gdm3/gdm-x-session[1632]: (II) modeset(0): Modeline "960x600"x120.0   77.00  960 984 1000 1040  600 601 604 617 doublescan +hsync -vsync (74.0 kHz d)
Feb 10 19:45:51 HOSTNAME /usr/lib/gdm3/gdm-x-session[1632]: (II) modeset(0): Modeline "960x540"x119.9   86.50  960 1024 1124 1288  540 541 544 560 doublescan -hsync +vsync (67.2 kHz d)
Feb 10 19:45:51 HOSTNAME /usr/lib/gdm3/gdm-x-session[1632]: (II) modeset(0): Modeline "960x540"x120.0   69.25  960 984 1000 1040  540 541 544 555 doublescan +hsync -vsync (66.6 kHz d)
Feb 10 19:45:51 HOSTNAME /usr/lib/gdm3/gdm-x-session[1632]: (II) modeset(0): Modeline "960x540"x59.6   40.75  960 992 1088 1216  540 543 548 562 -hsync +vsync (33.5 kHz d)
Feb 10 19:45:51 HOSTNAME /usr/lib/gdm3/gdm-x-session[1632]: (II) modeset(0): Modeline "960x540"x59.8   37.25  960 1008 1040 1120  540 543 548 556 +hsync -vsync (33.3 kHz d)
Feb 10 19:45:51 HOSTNAME /usr/lib/gdm3/gdm-x-session[1632]: (II) modeset(0): Modeline "800x600"x120.0   81.00  800 832 928 1080  600 600 602 625 doublescan +hsync +vsync (75.0 kHz d)
Feb 10 19:45:51 HOSTNAME /usr/lib/gdm3/gdm-x-session[1632]: (II) modeset(0): Modeline "800x600"x60.3   40.00  800 840 968 1056  600 601 605 628 +hsync +vsync (37.9 kHz d)
Feb 10 19:45:51 HOSTNAME /usr/lib/gdm3/gdm-x-session[1632]: (II) modeset(0): Modeline "800x600"x56.2   36.00  800 824 896 1024  600 601 603 625 +hsync +vsync (35.2 kHz d)
Feb 10 19:45:51 HOSTNAME /usr/lib/gdm3/gdm-x-session[1632]: (II) modeset(0): Modeline "840x525"x120.0   73.12  840 892 980 1120  525 526 529 544 doublescan -hsync +vsync (65.3 kHz d)
Feb 10 19:45:51 HOSTNAME /usr/lib/gdm3/gdm-x-session[1632]: (II) modeset(0): Modeline "840x525"x119.8   59.50  840 864 880 920  525 526 529 540 doublescan +hsync -vsync (64.7 kHz d)
Feb 10 19:45:51 HOSTNAME /usr/lib/gdm3/gdm-x-session[1632]: (II) modeset(0): Modeline "864x486"x59.9   32.50  864 888 968 1072  486 489 494 506 -hsync +vsync (30.3 kHz d)
Feb 10 19:45:51 HOSTNAME /usr/lib/gdm3/gdm-x-session[1632]: (II) modeset(0): Modeline "864x486"x59.6   30.50  864 912 944 1024  486 489 494 500 +hsync -vsync (29.8 kHz d)
Feb 10 19:45:51 HOSTNAME /usr/lib/gdm3/gdm-x-session[1632]: (II) modeset(0): Modeline "800x512"x120.3   51.56  800 800 828 832  512 512 514 515 doublescan +hsync +vsync (62.0 kHz d)
Feb 10 19:45:51 HOSTNAME /usr/lib/gdm3/gdm-x-session[1632]: (II) modeset(0): Modeline "700x525"x120.0   61.00  700 744 820 940  525 526 532 541 doublescan +hsync +vsync (64.9 kHz d)
Feb 10 19:45:51 HOSTNAME /usr/lib/gdm3/gdm-x-session[1632]: (II) modeset(0): Modeline "800x450"x119.9   59.12  800 848 928 1056  450 451 454 467 doublescan -hsync +vsync (56.0 kHz d)
Feb 10 19:45:51 HOSTNAME /usr/lib/gdm3/gdm-x-session[1632]: (II) modeset(0): Modeline "800x450"x119.6   48.75  800 824 840 880  450 451 454 463 doublescan +hsync -vsync (55.4 kHz d)
Feb 10 19:45:51 HOSTNAME /usr/lib/gdm3/gdm-x-session[1632]: (II) modeset(0): Modeline "640x512"x120.0   54.00  640 664 720 844  512 512 514 533 doublescan +hsync +vsync (64.0 kHz d)
Feb 10 19:45:51 HOSTNAME /usr/lib/gdm3/gdm-x-session[1632]: (II) modeset(0): Modeline "720x450"x119.8   53.25  720 760 836 952  450 451 454 467 doublescan -hsync +vsync (55.9 kHz d)
Feb 10 19:45:51 HOSTNAME /usr/lib/gdm3/gdm-x-session[1632]: (II) modeset(0): Modeline "700x450"x119.9   51.75  700 740 812 924  450 451 456 467 doublescan -hsync +vsync (56.0 kHz d)
Feb 10 19:45:51 HOSTNAME /usr/lib/gdm3/gdm-x-session[1632]: (II) modeset(0): Modeline "700x450"x119.8   43.25  700 724 740 780  450 451 456 463 doublescan +hsync -vsync (55.4 kHz d)
Feb 10 19:45:51 HOSTNAME /usr/lib/gdm3/gdm-x-session[1632]: (II) modeset(0): Modeline "640x480"x120.0   54.00  640 688 744 900  480 480 482 500 doublescan +hsync +vsync (60.0 kHz d)
Feb 10 19:45:51 HOSTNAME /usr/lib/gdm3/gdm-x-session[1632]: (II) modeset(0): Modeline "640x480"x59.9   25.18  640 656 752 800  480 490 492 525 -hsync -vsync (31.5 kHz d)
Feb 10 19:45:51 HOSTNAME /usr/lib/gdm3/gdm-x-session[1632]: (II) modeset(0): Modeline "720x405"x59.5   22.50  720 744 808 896  405 408 413 422 -hsync +vsync (25.1 kHz d)
Feb 10 19:45:51 HOSTNAME /usr/lib/gdm3/gdm-x-session[1632]: (II) modeset(0): Modeline "720x405"x59.0   21.75  720 768 800 880  405 408 413 419 +hsync -vsync (24.7 kHz d)
Feb 10 19:45:51 HOSTNAME /usr/lib/gdm3/gdm-x-session[1632]: (II) modeset(0): Modeline "684x384"x119.8   42.62  684 720 788 892  384 385 390 399 doublescan -hsync +vsync (47.8 kHz d)
Feb 10 19:45:51 HOSTNAME /usr/lib/gdm3/gdm-x-session[1632]: (II) modeset(0): Modeline "684x384"x119.7   36.12  684 708 724 764  384 385 390 395 doublescan +hsync -vsync (47.3 kHz d)
Feb 10 19:45:51 HOSTNAME /usr/lib/gdm3/gdm-x-session[1632]: (II) modeset(0): Modeline "680x384"x119.6   42.38  680 716 784 888  384 385 390 399 doublescan -hsync +vsync (47.7 kHz d)
Feb 10 19:45:51 HOSTNAME /usr/lib/gdm3/gdm-x-session[1632]: (II) modeset(0): Modeline "680x384"x119.9   36.00  680 704 720 760  384 385 390 395 doublescan +hsync -vsync (47.4 kHz d)
Feb 10 19:45:51 HOSTNAME /usr/lib/gdm3/gdm-x-session[1632]: (II) modeset(0): Modeline "640x400"x119.8   41.75  640 676 740 840  400 401 404 415 doublescan -hsync +vsync (49.7 kHz d)
Feb 10 19:45:51 HOSTNAME /usr/lib/gdm3/gdm-x-session[1632]: (II) modeset(0): Modeline "640x400"x120.0   35.50  640 664 680 720  400 401 404 411 doublescan +hsync -vsync (49.3 kHz d)
Feb 10 19:45:51 HOSTNAME /usr/lib/gdm3/gdm-x-session[1632]: (II) modeset(0): Modeline "576x432"x120.1   40.81  576 608 668 760  432 432 434 447 doublescan -hsync +vsync (53.7 kHz d)
Feb 10 19:45:51 HOSTNAME /usr/lib/gdm3/gdm-x-session[1632]: (II) modeset(0): Modeline "640x360"x119.7   37.25  640 672 736 832  360 361 364 374 doublescan -hsync +vsync (44.8 kHz d)
Feb 10 19:45:51 HOSTNAME /usr/lib/gdm3/gdm-x-session[1632]: (II) modeset(0): Modeline "640x360"x119.7   31.88  640 664 680 720  360 361 364 370 doublescan +hsync -vsync (44.3 kHz d)
Feb 10 19:45:51 HOSTNAME /usr/lib/gdm3/gdm-x-session[1632]: (II) modeset(0): Modeline "640x360"x59.8   18.00  640 664 720 800  360 363 368 376 -hsync +vsync (22.5 kHz d)
Feb 10 19:45:51 HOSTNAME /usr/lib/gdm3/gdm-x-session[1632]: (II) modeset(0): Modeline "640x360"x59.3   17.75  640 688 720 800  360 363 368 374 +hsync -vsync (22.2 kHz d)
Feb 10 19:45:51 HOSTNAME /usr/lib/gdm3/gdm-x-session[1632]: (II) modeset(0): Modeline "512x384"x120.0   32.50  512 524 592 672  384 385 388 403 doublescan -hsync -vsync (48.4 kHz d)
Feb 10 19:45:51 HOSTNAME /usr/lib/gdm3/gdm-x-session[1632]: (II) modeset(0): Modeline "512x288"x120.0   23.25  512 532 580 648  288 289 292 299 doublescan -hsync +vsync (35.9 kHz d)
Feb 10 19:45:51 HOSTNAME /usr/lib/gdm3/gdm-x-session[1632]: (II) modeset(0): Modeline "512x288"x119.8   21.00  512 536 552 592  288 289 292 296 doublescan +hsync -vsync (35.5 kHz d)
Feb 10 19:45:51 HOSTNAME /usr/lib/gdm3/gdm-x-session[1632]: (II) modeset(0): Modeline "480x270"x119.3   20.38  480 496 544 608  270 271 274 281 doublescan -hsync +vsync (33.5 kHz d)
Feb 10 19:45:51 HOSTNAME /usr/lib/gdm3/gdm-x-session[1632]: (II) modeset(0): Modeline "480x270"x119.6   18.62  480 504 520 560  270 271 274 278 doublescan +hsync -vsync (33.3 kHz d)
Feb 10 19:45:51 HOSTNAME /usr/lib/gdm3/gdm-x-session[1632]: (II) modeset(0): Modeline "400x300"x120.6   20.00  400 420 484 528  300 300 302 314 doublescan +hsync +vsync (37.9 kHz d)
Feb 10 19:45:51 HOSTNAME /usr/lib/gdm3/gdm-x-session[1632]: (II) modeset(0): Modeline "400x300"x112.7   18.00  400 412 448 512  300 300 301 312 doublescan +hsync +vsync (35.2 kHz d)
Feb 10 19:45:51 HOSTNAME /usr/lib/gdm3/gdm-x-session[1632]: (II) modeset(0): Modeline "432x243"x119.8   16.25  432 444 484 536  243 244 247 253 doublescan -hsync +vsync (30.3 kHz d)
Feb 10 19:45:51 HOSTNAME /usr/lib/gdm3/gdm-x-session[1632]: (II) modeset(0): Modeline "432x243"x119.1   15.25  432 456 472 512  243 244 247 250 doublescan +hsync -vsync (29.8 kHz d)
Feb 10 19:45:51 HOSTNAME /usr/lib/gdm3/gdm-x-session[1632]: (II) modeset(0): Modeline "320x240"x120.1   12.59  320 328 376 400  240 245 246 262 doublescan -hsync -vsync (31.5 kHz d)
Feb 10 19:45:51 HOSTNAME /usr/lib/gdm3/gdm-x-session[1632]: (II) modeset(0): Modeline "360x202"x119.0   11.25  360 372 404 448  202 204 206 211 doublescan -hsync +vsync (25.1 kHz d)
Feb 10 19:45:51 HOSTNAME /usr/lib/gdm3/gdm-x-session[1632]: (II) modeset(0): Modeline "360x202"x118.3   10.88  360 384 400 440  202 204 206 209 doublescan +hsync -vsync (24.7 kHz d)
Feb 10 19:45:51 HOSTNAME /usr/lib/gdm3/gdm-x-session[1632]: (II) modeset(0): Modeline "320x180"x119.7    9.00  320 332 360 400  180 181 184 188 doublescan -hsync +vsync (22.5 kHz d)
Feb 10 19:45:51 HOSTNAME /usr/lib/gdm3/gdm-x-session[1632]: (II) modeset(0): Modeline "320x180"x118.6    8.88  320 344 360 400  180 181 184 187 doublescan +hsync -vsync (22.2 kHz d)
Feb 10 19:45:51 HOSTNAME /usr/lib/gdm3/gdm-x-session[1632]: (II) modeset(0): EDID for output DP-1
Feb 10 19:45:51 HOSTNAME /usr/lib/gdm3/gdm-x-session[1632]: (II) modeset(0): EDID for output HDMI-1
Feb 10 19:45:51 HOSTNAME /usr/lib/gdm3/gdm-x-session[1632]: (II) modeset(0): EDID for output DP-2
Feb 10 19:45:51 HOSTNAME /usr/lib/gdm3/gdm-x-session[1632]: (II) modeset(0): EDID for output HDMI-2
Feb 10 19:45:51 HOSTNAME /usr/lib/gdm3/gdm-x-session[1632]: (II) modeset(0): EDID for output DP-3
Feb 10 19:45:51 HOSTNAME /usr/lib/gdm3/gdm-x-session[1632]: (II) modeset(0): EDID for output HDMI-3
Feb 10 19:45:51 HOSTNAME /usr/lib/gdm3/gdm-x-session[1632]: (II) modeset(0): EDID for output DP-4
Feb 10 19:45:51 HOSTNAME /usr/lib/gdm3/gdm-x-session[1632]: (II) modeset(0): EDID for output HDMI-4
Feb 10 19:45:51 HOSTNAME /usr/lib/gdm3/gdm-x-session[1632]: (II) modeset(0): Output eDP-1 connected
Feb 10 19:45:51 HOSTNAME /usr/lib/gdm3/gdm-x-session[1632]: (II) modeset(0): Output DP-1 disconnected
Feb 10 19:45:51 HOSTNAME /usr/lib/gdm3/gdm-x-session[1632]: (II) modeset(0): Output HDMI-1 disconnected
Feb 10 19:45:51 HOSTNAME /usr/lib/gdm3/gdm-x-session[1632]: (II) modeset(0): Output DP-2 disconnected
Feb 10 19:45:51 HOSTNAME /usr/lib/gdm3/gdm-x-session[1632]: (II) modeset(0): Output HDMI-2 disconnected
Feb 10 19:45:51 HOSTNAME /usr/lib/gdm3/gdm-x-session[1632]: (II) modeset(0): Output DP-3 disconnected
Feb 10 19:45:51 HOSTNAME /usr/lib/gdm3/gdm-x-session[1632]: (II) modeset(0): Output HDMI-3 disconnected
Feb 10 19:45:51 HOSTNAME /usr/lib/gdm3/gdm-x-session[1632]: (II) modeset(0): Output DP-4 disconnected
Feb 10 19:45:51 HOSTNAME /usr/lib/gdm3/gdm-x-session[1632]: (II) modeset(0): Output HDMI-4 disconnected
Feb 10 19:45:51 HOSTNAME /usr/lib/gdm3/gdm-x-session[1632]: (II) modeset(0): Using exact sizes for initial modes
Feb 10 19:45:51 HOSTNAME /usr/lib/gdm3/gdm-x-session[1632]: (II) modeset(0): Output eDP-1 using initial mode 1920x1080 +0+0
Feb 10 19:45:51 HOSTNAME /usr/lib/gdm3/gdm-x-session[1632]: (==) modeset(0): Using gamma correction (1.0, 1.0, 1.0)
Feb 10 19:45:51 HOSTNAME /usr/lib/gdm3/gdm-x-session[1632]: (==) modeset(0): DPI set to (96, 96)
Feb 10 19:45:51 HOSTNAME /usr/lib/gdm3/gdm-x-session[1632]: (II) Loading sub module "fb"
Feb 10 19:45:51 HOSTNAME /usr/lib/gdm3/gdm-x-session[1632]: (II) LoadModule: "fb"
Feb 10 19:45:51 HOSTNAME /usr/lib/gdm3/gdm-x-session[1632]: (II) Loading /usr/lib/xorg/modules/libfb.so
Feb 10 19:45:51 HOSTNAME /usr/lib/gdm3/gdm-x-session[1632]: (II) Module fb: vendor="X.Org Foundation"
Feb 10 19:45:51 HOSTNAME /usr/lib/gdm3/gdm-x-session[1632]:         compiled for 1.20.9, module version = 1.0.0
Feb 10 19:45:51 HOSTNAME /usr/lib/gdm3/gdm-x-session[1632]:         ABI class: X.Org ANSI C Emulation, version 0.4
Feb 10 19:45:51 HOSTNAME /usr/lib/gdm3/gdm-x-session[1632]: (II) UnloadModule: "fbdev"
Feb 10 19:45:51 HOSTNAME /usr/lib/gdm3/gdm-x-session[1632]: (II) Unloading fbdev
Feb 10 19:45:51 HOSTNAME /usr/lib/gdm3/gdm-x-session[1632]: (II) UnloadSubModule: "fbdevhw"
Feb 10 19:45:51 HOSTNAME /usr/lib/gdm3/gdm-x-session[1632]: (II) Unloading fbdevhw
Feb 10 19:45:51 HOSTNAME /usr/lib/gdm3/gdm-x-session[1632]: (II) UnloadModule: "vesa"
Feb 10 19:45:51 HOSTNAME /usr/lib/gdm3/gdm-x-session[1632]: (II) Unloading vesa
Feb 10 19:45:51 HOSTNAME /usr/lib/gdm3/gdm-x-session[1632]: (==) modeset(0): Backing store enabled
Feb 10 19:45:51 HOSTNAME /usr/lib/gdm3/gdm-x-session[1632]: (==) modeset(0): Silken mouse enabled
Feb 10 19:45:51 HOSTNAME /usr/lib/gdm3/gdm-x-session[1632]: (II) modeset(0): Initializing kms color map for depth 24, 8 bpc.
Feb 10 19:45:51 HOSTNAME /usr/lib/gdm3/gdm-x-session[1632]: (==) modeset(0): DPMS enabled
Feb 10 19:45:51 HOSTNAME /usr/lib/gdm3/gdm-x-session[1632]: (II) modeset(0): [DRI2] Setup complete
Feb 10 19:45:51 HOSTNAME /usr/lib/gdm3/gdm-x-session[1632]: (II) modeset(0): [DRI2]   DRI driver: iris
Feb 10 19:45:51 HOSTNAME /usr/lib/gdm3/gdm-x-session[1632]: (II) modeset(0): [DRI2]   VDPAU driver: va_gl
Feb 10 19:45:51 HOSTNAME /usr/lib/gdm3/gdm-x-session[1632]: (II) Initializing extension Generic Event Extension
Feb 10 19:45:51 HOSTNAME /usr/lib/gdm3/gdm-x-session[1632]: (II) Initializing extension SHAPE
Feb 10 19:45:51 HOSTNAME /usr/lib/gdm3/gdm-x-session[1632]: (II) Initializing extension MIT-SHM
Feb 10 19:45:51 HOSTNAME /usr/lib/gdm3/gdm-x-session[1632]: (II) Initializing extension XInputExtension
Feb 10 19:45:51 HOSTNAME /usr/lib/gdm3/gdm-x-session[1632]: (II) Initializing extension XTEST
Feb 10 19:45:51 HOSTNAME /usr/lib/gdm3/gdm-x-session[1632]: (II) Initializing extension BIG-REQUESTS
Feb 10 19:45:51 HOSTNAME /usr/lib/gdm3/gdm-x-session[1632]: (II) Initializing extension SYNC
Feb 10 19:45:51 HOSTNAME /usr/lib/gdm3/gdm-x-session[1632]: (II) Initializing extension XKEYBOARD
Feb 10 19:45:51 HOSTNAME /usr/lib/gdm3/gdm-x-session[1632]: (II) Initializing extension XC-MISC
Feb 10 19:45:51 HOSTNAME /usr/lib/gdm3/gdm-x-session[1632]: (II) Initializing extension SECURITY
Feb 10 19:45:51 HOSTNAME /usr/lib/gdm3/gdm-x-session[1632]: (II) Initializing extension XFIXES
Feb 10 19:45:51 HOSTNAME /usr/lib/gdm3/gdm-x-session[1632]: (II) Initializing extension RENDER
Feb 10 19:45:51 HOSTNAME /usr/lib/gdm3/gdm-x-session[1632]: (II) Initializing extension RANDR
Feb 10 19:45:51 HOSTNAME /usr/lib/gdm3/gdm-x-session[1632]: (II) Initializing extension COMPOSITE
Feb 10 19:45:51 HOSTNAME /usr/lib/gdm3/gdm-x-session[1632]: (II) Initializing extension DAMAGE
Feb 10 19:45:51 HOSTNAME /usr/lib/gdm3/gdm-x-session[1632]: (II) Initializing extension MIT-SCREEN-SAVER
Feb 10 19:45:51 HOSTNAME /usr/lib/gdm3/gdm-x-session[1632]: (II) Initializing extension DOUBLE-BUFFER
Feb 10 19:45:51 HOSTNAME /usr/lib/gdm3/gdm-x-session[1632]: (II) Initializing extension RECORD
Feb 10 19:45:51 HOSTNAME /usr/lib/gdm3/gdm-x-session[1632]: (II) Initializing extension DPMS
Feb 10 19:45:51 HOSTNAME /usr/lib/gdm3/gdm-x-session[1632]: (II) Initializing extension Present
Feb 10 19:45:51 HOSTNAME /usr/lib/gdm3/gdm-x-session[1632]: (II) Initializing extension DRI3
Feb 10 19:45:51 HOSTNAME /usr/lib/gdm3/gdm-x-session[1632]: (II) Initializing extension X-Resource
Feb 10 19:45:51 HOSTNAME /usr/lib/gdm3/gdm-x-session[1632]: (II) Initializing extension XVideo
Feb 10 19:45:51 HOSTNAME /usr/lib/gdm3/gdm-x-session[1632]: (II) Initializing extension XVideo-MotionCompensation
Feb 10 19:45:51 HOSTNAME /usr/lib/gdm3/gdm-x-session[1632]: (II) Initializing extension SELinux
Feb 10 19:45:51 HOSTNAME /usr/lib/gdm3/gdm-x-session[1632]: (II) SELinux: Disabled on system
Feb 10 19:45:51 HOSTNAME /usr/lib/gdm3/gdm-x-session[1632]: (II) Initializing extension GLX
Feb 10 19:45:51 HOSTNAME /usr/lib/gdm3/gdm-x-session[1632]: (II) AIGLX: Loaded and initialized iris
Feb 10 19:45:51 HOSTNAME /usr/lib/gdm3/gdm-x-session[1632]: (II) GLX: Initialized DRI2 GL provider for screen 0
Feb 10 19:45:51 HOSTNAME /usr/lib/gdm3/gdm-x-session[1632]: (II) Initializing extension XFree86-VidModeExtension
Feb 10 19:45:51 HOSTNAME /usr/lib/gdm3/gdm-x-session[1632]: (II) Initializing extension XFree86-DGA
Feb 10 19:45:51 HOSTNAME /usr/lib/gdm3/gdm-x-session[1632]: (II) Initializing extension XFree86-DRI
Feb 10 19:45:51 HOSTNAME /usr/lib/gdm3/gdm-x-session[1632]: (II) Initializing extension DRI2
Feb 10 19:45:51 HOSTNAME /usr/lib/gdm3/gdm-x-session[1632]: (II) modeset(0): Damage tracking initialized
Feb 10 19:45:51 HOSTNAME /usr/lib/gdm3/gdm-x-session[1632]: (II) modeset(0): Setting screen physical size to 508 x 285
Feb 10 19:45:51 HOSTNAME /usr/lib/gdm3/gdm-x-session[1632]: (II) config/udev: Adding input device Video Bus (/dev/input/event9)
Feb 10 19:45:51 HOSTNAME /usr/lib/gdm3/gdm-x-session[1632]: (**) Video Bus: Applying InputClass "libinput keyboard catchall"
Feb 10 19:45:51 HOSTNAME /usr/lib/gdm3/gdm-x-session[1632]: (II) LoadModule: "libinput"
Feb 10 19:45:51 HOSTNAME /usr/lib/gdm3/gdm-x-session[1632]: (II) Loading /usr/lib/xorg/modules/input/libinput_drv.so
Feb 10 19:45:51 HOSTNAME /usr/lib/gdm3/gdm-x-session[1632]: (II) Module libinput: vendor="X.Org Foundation"
Feb 10 19:45:51 HOSTNAME /usr/lib/gdm3/gdm-x-session[1632]:         compiled for 1.20.4, module version = 0.29.0
Feb 10 19:45:51 HOSTNAME /usr/lib/gdm3/gdm-x-session[1632]:         Module class: X.Org XInput Driver
Feb 10 19:45:51 HOSTNAME /usr/lib/gdm3/gdm-x-session[1632]:         ABI class: X.Org XInput driver, version 24.1
Feb 10 19:45:51 HOSTNAME /usr/lib/gdm3/gdm-x-session[1632]: (II) Using input driver 'libinput' for 'Video Bus'
Feb 10 19:45:51 HOSTNAME /usr/lib/gdm3/gdm-x-session[1632]: (II) systemd-logind: got fd for /dev/input/event9 13:73 fd 26 paused 0
Feb 10 19:45:51 HOSTNAME /usr/lib/gdm3/gdm-x-session[1632]: (**) Video Bus: always reports core events
Feb 10 19:45:51 HOSTNAME /usr/lib/gdm3/gdm-x-session[1632]: (**) Option "Device" "/dev/input/event9"
Feb 10 19:45:51 HOSTNAME /usr/lib/gdm3/gdm-x-session[1632]: (**) Option "_source" "server/udev"
Feb 10 19:45:51 HOSTNAME /usr/lib/gdm3/gdm-x-session[1632]: (II) event9  - Video Bus: is tagged by udev as: Keyboard
Feb 10 19:45:51 HOSTNAME /usr/lib/gdm3/gdm-x-session[1632]: (II) event9  - Video Bus: device is a keyboard
Feb 10 19:45:51 HOSTNAME /usr/lib/gdm3/gdm-x-session[1632]: (II) event9  - Video Bus: device removed
Feb 10 19:45:51 HOSTNAME /usr/lib/gdm3/gdm-x-session[1632]: (**) Option "config_info" "udev:/sys/devices/LNXSYSTM:00/LNXSYBUS:00/PNP0A08:00/LNXVIDEO:00/input/input19/event9"
Feb 10 19:45:51 HOSTNAME /usr/lib/gdm3/gdm-x-session[1632]: (II) XINPUT: Adding extended input device "Video Bus" (type: KEYBOARD, id 6)
Feb 10 19:45:51 HOSTNAME /usr/lib/gdm3/gdm-x-session[1632]: (**) Option "xkb_model" "pc105"
Feb 10 19:45:51 HOSTNAME /usr/lib/gdm3/gdm-x-session[1632]: (**) Option "xkb_layout" "de"
Feb 10 19:45:51 HOSTNAME /usr/lib/gdm3/gdm-x-session[1632]: (II) event9  - Video Bus: is tagged by udev as: Keyboard
Feb 10 19:45:51 HOSTNAME /usr/lib/gdm3/gdm-x-session[1632]: (II) event9  - Video Bus: device is a keyboard
Feb 10 19:45:51 HOSTNAME /usr/lib/gdm3/gdm-x-session[1632]: (II) config/udev: Adding input device Power Button (/dev/input/event1)
Feb 10 19:45:51 HOSTNAME /usr/lib/gdm3/gdm-x-session[1632]: (**) Power Button: Applying InputClass "libinput keyboard catchall"
Feb 10 19:45:51 HOSTNAME /usr/lib/gdm3/gdm-x-session[1632]: (II) Using input driver 'libinput' for 'Power Button'
Feb 10 19:45:51 HOSTNAME /usr/lib/gdm3/gdm-x-session[1632]: (II) systemd-logind: got fd for /dev/input/event1 13:65 fd 29 paused 0
Feb 10 19:45:51 HOSTNAME /usr/lib/gdm3/gdm-x-session[1632]: (**) Power Button: always reports core events
Feb 10 19:45:51 HOSTNAME /usr/lib/gdm3/gdm-x-session[1632]: (**) Option "Device" "/dev/input/event1"
Feb 10 19:45:51 HOSTNAME /usr/lib/gdm3/gdm-x-session[1632]: (**) Option "_source" "server/udev"
Feb 10 19:45:51 HOSTNAME /usr/lib/gdm3/gdm-x-session[1632]: (II) event1  - Power Button: is tagged by udev as: Keyboard
Feb 10 19:45:51 HOSTNAME /usr/lib/gdm3/gdm-x-session[1632]: (II) event1  - Power Button: device is a keyboard
Feb 10 19:45:51 HOSTNAME /usr/lib/gdm3/gdm-x-session[1632]: (II) event1  - Power Button: device removed
Feb 10 19:45:51 HOSTNAME /usr/lib/gdm3/gdm-x-session[1632]: (**) Option "config_info" "udev:/sys/devices/LNXSYSTM:00/LNXSYBUS:00/PNP0C0C:00/input/input1/event1"
Feb 10 19:45:51 HOSTNAME /usr/lib/gdm3/gdm-x-session[1632]: (II) XINPUT: Adding extended input device "Power Button" (type: KEYBOARD, id 7)
Feb 10 19:45:51 HOSTNAME /usr/lib/gdm3/gdm-x-session[1632]: (**) Option "xkb_model" "pc105"
Feb 10 19:45:51 HOSTNAME /usr/lib/gdm3/gdm-x-session[1632]: (**) Option "xkb_layout" "de"
Feb 10 19:45:51 HOSTNAME /usr/lib/gdm3/gdm-x-session[1632]: (II) event1  - Power Button: is tagged by udev as: Keyboard
Feb 10 19:45:51 HOSTNAME /usr/lib/gdm3/gdm-x-session[1632]: (II) event1  - Power Button: device is a keyboard
Feb 10 19:45:51 HOSTNAME /usr/lib/gdm3/gdm-x-session[1632]: (II) config/udev: Adding input device Lid Switch (/dev/input/event0)
Feb 10 19:45:51 HOSTNAME /usr/lib/gdm3/gdm-x-session[1632]: (II) No input driver specified, ignoring this device.
Feb 10 19:45:51 HOSTNAME /usr/lib/gdm3/gdm-x-session[1632]: (II) This device may have been added with another device file.
Feb 10 19:45:51 HOSTNAME /usr/lib/gdm3/gdm-x-session[1632]: (II) config/udev: Adding input device Integrated Camera: Integrated C (/dev/input/event6)
Feb 10 19:45:51 HOSTNAME /usr/lib/gdm3/gdm-x-session[1632]: (**) Integrated Camera: Integrated C: Applying InputClass "libinput keyboard catchall"
Feb 10 19:45:51 HOSTNAME /usr/lib/gdm3/gdm-x-session[1632]: (II) Using input driver 'libinput' for 'Integrated Camera: Integrated C'
Feb 10 19:45:51 HOSTNAME /usr/lib/gdm3/gdm-x-session[1632]: (II) systemd-logind: got fd for /dev/input/event6 13:70 fd 30 paused 0
Feb 10 19:45:51 HOSTNAME /usr/lib/gdm3/gdm-x-session[1632]: (**) Integrated Camera: Integrated C: always reports core events
Feb 10 19:45:51 HOSTNAME /usr/lib/gdm3/gdm-x-session[1632]: (**) Option "Device" "/dev/input/event6"
Feb 10 19:45:51 HOSTNAME /usr/lib/gdm3/gdm-x-session[1632]: (**) Option "_source" "server/udev"
Feb 10 19:45:51 HOSTNAME /usr/lib/gdm3/gdm-x-session[1632]: (II) event6  - Integrated Camera: Integrated C: is tagged by udev as: Keyboard
Feb 10 19:45:51 HOSTNAME /usr/lib/gdm3/gdm-x-session[1632]: (II) event6  - Integrated Camera: Integrated C: device is a keyboard
Feb 10 19:45:51 HOSTNAME /usr/lib/gdm3/gdm-x-session[1632]: (II) event6  - Integrated Camera: Integrated C: device removed
Feb 10 19:45:51 HOSTNAME /usr/lib/gdm3/gdm-x-session[1632]: (**) Option "config_info" "udev:/sys/devices/pci0000:00/0000:00:14.0/usb3/3-8/3-8:1.0/input/input15/event6"
Feb 10 19:45:51 HOSTNAME /usr/lib/gdm3/gdm-x-session[1632]: (II) XINPUT: Adding extended input device "Integrated Camera: Integrated C" (type: KEYBOARD, id 8)
Feb 10 19:45:51 HOSTNAME /usr/lib/gdm3/gdm-x-session[1632]: (**) Option "xkb_model" "pc105"
Feb 10 19:45:51 HOSTNAME /usr/lib/gdm3/gdm-x-session[1632]: (**) Option "xkb_layout" "de"
Feb 10 19:45:51 HOSTNAME /usr/lib/gdm3/gdm-x-session[1632]: (II) event6  - Integrated Camera: Integrated C: is tagged by udev as: Keyboard
Feb 10 19:45:51 HOSTNAME /usr/lib/gdm3/gdm-x-session[1632]: (II) event6  - Integrated Camera: Integrated C: device is a keyboard
Feb 10 19:45:51 HOSTNAME /usr/lib/gdm3/gdm-x-session[1632]: (II) config/udev: Adding input device Wacom HID 5256 Pen (/dev/input/event3)
Feb 10 19:45:51 HOSTNAME /usr/lib/gdm3/gdm-x-session[1632]: (**) Wacom HID 5256 Pen: Applying InputClass "libinput tablet catchall"
Feb 10 19:45:51 HOSTNAME /usr/lib/gdm3/gdm-x-session[1632]: (**) Wacom HID 5256 Pen: Applying InputClass "Wacom USB tablet class"
Feb 10 19:45:51 HOSTNAME /usr/lib/gdm3/gdm-x-session[1632]: (**) Wacom HID 5256 Pen: Applying InputClass "Wacom tablet class"
Feb 10 19:45:51 HOSTNAME /usr/lib/gdm3/gdm-x-session[1632]: (II) LoadModule: "wacom"
Feb 10 19:45:51 HOSTNAME /usr/lib/gdm3/gdm-x-session[1632]: (II) Loading /usr/lib/xorg/modules/input/wacom_drv.so
Feb 10 19:45:51 HOSTNAME /usr/lib/gdm3/gdm-x-session[1632]: (II) Module wacom: vendor="X.Org Foundation"
Feb 10 19:45:51 HOSTNAME /usr/lib/gdm3/gdm-x-session[1632]:         compiled for 1.20.7, module version = 0.39.0
Feb 10 19:45:51 HOSTNAME /usr/lib/gdm3/gdm-x-session[1632]:         Module class: X.Org XInput Driver
Feb 10 19:45:51 HOSTNAME /usr/lib/gdm3/gdm-x-session[1632]:         ABI class: X.Org XInput driver, version 24.1
Feb 10 19:45:51 HOSTNAME /usr/lib/gdm3/gdm-x-session[1632]: (II) Build version: 0.39.0
Feb 10 19:45:51 HOSTNAME /usr/lib/gdm3/gdm-x-session[1632]: (II) wacom: Driver for Wacom graphics tablets: PenPartner, Graphire,
Feb 10 19:45:51 HOSTNAME /usr/lib/gdm3/gdm-x-session[1632]:         Graphire2 4x5, Graphire2 5x7, Graphire3 4x5, Graphire3 6x8,
Feb 10 19:45:51 HOSTNAME /usr/lib/gdm3/gdm-x-session[1632]:         Graphire4 4x5, Graphire4 6x8, BambooFun 4x5, BambooFun 6x8,
Feb 10 19:45:51 HOSTNAME /usr/lib/gdm3/gdm-x-session[1632]:         Bamboo1 Medium, Graphire4 6x8 BlueTooth, CTL-460, CTH-461, CTL-660,
Feb 10 19:45:51 HOSTNAME /usr/lib/gdm3/gdm-x-session[1632]:         CTL-461/S, Bamboo Touch, CTH-460/K, CTH-461/S, CTH-661/S1, CTH-461/L,
Feb 10 19:45:51 HOSTNAME /usr/lib/gdm3/gdm-x-session[1632]:         CTH-661/L, Intuos 4x5, Intuos 6x8, Intuos 9x12, Intuos 12x12,
Feb 10 19:45:51 HOSTNAME /usr/lib/gdm3/gdm-x-session[1632]:         Intuos 12x18, PTU600, PL400, PL500, PL600, PL600SX, PL550, PL800,
Feb 10 19:45:51 HOSTNAME /usr/lib/gdm3/gdm-x-session[1632]:         PL700, PL510, PL710, DTI520, DTF720, DTF720a, DTF521, DTU1931,
Feb 10 19:45:51 HOSTNAME /usr/lib/gdm3/gdm-x-session[1632]:         DTU2231, DTU1631, DTH1152, DTH1152, DTK2451, DTH2452, DTH2452,
Feb 10 19:45:51 HOSTNAME /usr/lib/gdm3/gdm-x-session[1632]:         Intuos2 4x5, Intuos2 6x8, Intuos2 9x12, Intuos2 12x12, Intuos2 12x18,
Feb 10 19:45:51 HOSTNAME /usr/lib/gdm3/gdm-x-session[1632]:         Intuos2 6x8 , Volito, PenStation, Volito2 4x5, Volito2 2x3,
Feb 10 19:45:51 HOSTNAME /usr/lib/gdm3/gdm-x-session[1632]:         PenPartner2, Bamboo, Bamboo1, Bamboo1 4x6, Bamboo1 5x8, Intuos3 4x5,
Feb 10 19:45:51 HOSTNAME /usr/lib/gdm3/gdm-x-session[1632]:         Intuos3 6x8, Intuos3 9x12, Intuos3 12x12, Intuos3 12x19,
Feb 10 19:45:51 HOSTNAME /usr/lib/gdm3/gdm-x-session[1632]:         Intuos3 6x11, Intuos3 4x6, Intuos4 4x6, Intuos4 6x9, Intuos4 8x13,
Feb 10 19:45:51 HOSTNAME /usr/lib/gdm3/gdm-x-session[1632]:         Intuos4 12x19, Intuos4 WL USB Endpoint,
Feb 10 19:45:51 HOSTNAME /usr/lib/gdm3/gdm-x-session[1632]:         Intuos4 WL Bluetooth Endpoint, Intuos5 touch S, Intuos5 touch M,
Feb 10 19:45:51 HOSTNAME /usr/lib/gdm3/gdm-x-session[1632]:         Intuos5 touch L, Intuos5 S, Intuos5 M, Intuos Pro S, Intuos Pro M,
Feb 10 19:45:51 HOSTNAME /usr/lib/gdm3/gdm-x-session[1632]:         Intuos Pro L, Cintiq 21UX, Cintiq 20WSX, Cintiq 12WX, Cintiq 21UX2,
Feb 10 19:45:51 HOSTNAME /usr/lib/gdm3/gdm-x-session[1632]:         Cintiq 24HD, Cintiq 22HD, Cintiq 24HD touch (EMR digitizer),
Feb 10 19:45:51 HOSTNAME /usr/lib/gdm3/gdm-x-session[1632]:         Cintiq 13HD, DTK2241, DTH2242, Cintiq 22HDT, Cintiq 27QHDT,
Feb 10 19:45:51 HOSTNAME /usr/lib/gdm3/gdm-x-session[1632]:         Cintiq 27QHDT, Mobilestudio Pro 13, MobileStudio Pro 16,
Feb 10 19:45:51 HOSTNAME /usr/lib/gdm3/gdm-x-session[1632]:         MobileStudio Pro 13, MobileStudio Pro 16, Cintiq 13 FHD Pro,
Feb 10 19:45:51 HOSTNAME /usr/lib/gdm3/gdm-x-session[1632]:         Cintiq 16 UHD Pro, Cintiq Pro 24, Cintiq Pro 32, Cintiq 13 FHD Pro,
Feb 10 19:45:51 HOSTNAME /usr/lib/gdm3/gdm-x-session[1632]:         Cintiq 16 UHD Pro, Cintiq Pro 24, Cintiq Pro 32, Cintiq Pro 24,
Feb 10 19:45:51 HOSTNAME /usr/lib/gdm3/gdm-x-session[1632]:         Mobilestudio Pro 13, MobileStudio Pro 16, MobileStudio Pro 13,
Feb 10 19:45:51 HOSTNAME /usr/lib/gdm3/gdm-x-session[1632]:         MobileStudio Pro 16, MobileStudio Pro 16, MobileStudio Pro 16,
Feb 10 19:45:51 HOSTNAME /usr/lib/gdm3/gdm-x-session[1632]:         TabletPC 0x90, TabletPC 0x93, TabletPC 0x97, TabletPC 0x9A,
Feb 10 19:45:51 HOSTNAME /usr/lib/gdm3/gdm-x-session[1632]:         CapPlus  0x9F, TabletPC 0xE2, TabletPC 0xE3, TabletPC 0xE5,
Feb 10 19:45:51 HOSTNAME /usr/lib/gdm3/gdm-x-session[1632]:         TabletPC 0xE6, TabletPC 0xEC, TabletPC 0xED, TabletPC 0xEF,
Feb 10 19:45:51 HOSTNAME /usr/lib/gdm3/gdm-x-session[1632]:         TabletPC 0x100, TabletPC 0x101, TabletPC 0x10D, TabletPC 0x116,
Feb 10 19:45:51 HOSTNAME /usr/lib/gdm3/gdm-x-session[1632]:         TabletPC 0x12C, TabletPC 0x4001, TabletPC 0x4004, TabletPC 0x5000,
Feb 10 19:45:51 HOSTNAME /usr/lib/gdm3/gdm-x-session[1632]:         TabletPC 0x5002, usb:172f:0024, usb:172f:0025, usb:172f:0026,
Feb 10 19:45:51 HOSTNAME /usr/lib/gdm3/gdm-x-session[1632]:         usb:172f:0027, usb:172f:0028, usb:172f:0030, usb:172f:0031,
Feb 10 19:45:51 HOSTNAME /usr/lib/gdm3/gdm-x-session[1632]:         usb:172f:0032, usb:172f:0033, usb:172f:0034, usb:172f:0035,
Feb 10 19:45:51 HOSTNAME /usr/lib/gdm3/gdm-x-session[1632]:         usb:172f:0036, usb:172f:0037, usb:172f:0038, usb:172f:0039,
Feb 10 19:45:51 HOSTNAME /usr/lib/gdm3/gdm-x-session[1632]:         usb:172f:0051, usb:172f:0052, usb:172f:0053, usb:172f:0054,
Feb 10 19:45:51 HOSTNAME /usr/lib/gdm3/gdm-x-session[1632]:         usb:172f:0055, usb:172f:0056, usb:172f:0057, usb:172f:0058,
Feb 10 19:45:51 HOSTNAME /usr/lib/gdm3/gdm-x-session[1632]:         usb:172f:0500, usb:172f:0501, usb:172f:0502, usb:172f:0503,
Feb 10 19:45:51 HOSTNAME /usr/lib/gdm3/gdm-x-session[1632]:         usb:1b96:0001, usb:17ef:6004
Feb 10 19:45:51 HOSTNAME /usr/lib/gdm3/gdm-x-session[1632]: (II) Using input driver 'wacom' for 'Wacom HID 5256 Pen'
Feb 10 19:45:51 HOSTNAME /usr/lib/gdm3/gdm-x-session[1632]: (II) systemd-logind: got fd for /dev/input/event3 13:67 fd 31 paused 0
Feb 10 19:45:51 HOSTNAME /usr/lib/gdm3/gdm-x-session[1632]: (**) Wacom HID 5256 Pen: always reports core events
Feb 10 19:45:51 HOSTNAME /usr/lib/gdm3/gdm-x-session[1632]: (**) Option "Device" "/dev/input/event3"
Feb 10 19:45:51 HOSTNAME /usr/lib/gdm3/gdm-x-session[1632]: (II) Wacom HID 5256 Pen: type not specified, assuming 'stylus'.
Feb 10 19:45:51 HOSTNAME /usr/lib/gdm3/gdm-x-session[1632]: (II) Wacom HID 5256 Pen: other types will be automatically added.
Feb 10 19:45:51 HOSTNAME /usr/lib/gdm3/gdm-x-session[1632]: (--) Wacom HID 5256 Pen stylus: using pressure threshold of 851 for button 1
Feb 10 19:45:51 HOSTNAME /usr/lib/gdm3/gdm-x-session[1632]: (**) Wacom HID 5256 Pen stylus: panscroll is 0
Feb 10 19:45:51 HOSTNAME /usr/lib/gdm3/gdm-x-session[1632]: (**) Wacom HID 5256 Pen stylus: panscroll modified to 1300
Feb 10 19:45:51 HOSTNAME /usr/lib/gdm3/gdm-x-session[1632]: (--) Wacom HID 5256 Pen stylus: maxX=34416 maxY=19359 maxZ=4095 resX=100000 resY=100000  tilt=enabled
Feb 10 19:45:51 HOSTNAME /usr/lib/gdm3/gdm-x-session[1632]: (II) Wacom HID 5256 Pen stylus: hotplugging dependent devices.
Feb 10 19:45:51 HOSTNAME /usr/lib/gdm3/gdm-x-session[1632]: (EE) Wacom HID 5256 Pen stylus: Invalid type 'cursor' for this device.
Feb 10 19:45:51 HOSTNAME /usr/lib/gdm3/gdm-x-session[1632]: (EE) Wacom HID 5256 Pen stylus: Invalid type 'touch' for this device.
Feb 10 19:45:51 HOSTNAME /usr/lib/gdm3/gdm-x-session[1632]: (EE) Wacom HID 5256 Pen stylus: Invalid type 'pad' for this device.
Feb 10 19:45:51 HOSTNAME /usr/lib/gdm3/gdm-x-session[1632]: (II) Wacom HID 5256 Pen stylus: hotplugging completed.
Feb 10 19:45:51 HOSTNAME /usr/lib/gdm3/gdm-x-session[1632]: (**) Option "config_info" "udev:/sys/devices/pci0000:00/0000:00:15.0/i2c_designware.0/i2c-1/i2c-WACF2200:00/0018:056A:5256.0001/input/input11/event3"
Feb 10 19:45:51 HOSTNAME /usr/lib/gdm3/gdm-x-session[1632]: (II) XINPUT: Adding extended input device "Wacom HID 5256 Pen stylus" (type: STYLUS, id 9)
Feb 10 19:45:51 HOSTNAME /usr/lib/gdm3/gdm-x-session[1632]: (**) Wacom HID 5256 Pen stylus: (accel) keeping acceleration scheme 1
Feb 10 19:45:51 HOSTNAME /usr/lib/gdm3/gdm-x-session[1632]: (**) Wacom HID 5256 Pen stylus: (accel) acceleration profile 0
Feb 10 19:45:51 HOSTNAME /usr/lib/gdm3/gdm-x-session[1632]: (**) Wacom HID 5256 Pen stylus: (accel) acceleration factor: 2.000
Feb 10 19:45:51 HOSTNAME /usr/lib/gdm3/gdm-x-session[1632]: (**) Wacom HID 5256 Pen stylus: (accel) acceleration threshold: 4
Feb 10 19:45:51 HOSTNAME /usr/lib/gdm3/gdm-x-session[1632]: (II) config/udev: Adding input device Wacom HID 5256 Pen (/dev/input/mouse2)
Feb 10 19:45:51 HOSTNAME /usr/lib/gdm3/gdm-x-session[1632]: (II) No input driver specified, ignoring this device.
Feb 10 19:45:51 HOSTNAME /usr/lib/gdm3/gdm-x-session[1632]: (II) This device may have been added with another device file.
Feb 10 19:45:51 HOSTNAME /usr/lib/gdm3/gdm-x-session[1632]: (II) config/udev: Adding input device Wacom HID 5256 Finger (/dev/input/event4)
Feb 10 19:45:51 HOSTNAME /usr/lib/gdm3/gdm-x-session[1632]: (**) Wacom HID 5256 Finger: Applying InputClass "libinput touchscreen catchall"
Feb 10 19:45:51 HOSTNAME /usr/lib/gdm3/gdm-x-session[1632]: (**) Wacom HID 5256 Finger: Applying InputClass "Wacom USB touchscreen class"
Feb 10 19:45:51 HOSTNAME /usr/lib/gdm3/gdm-x-session[1632]: (**) Wacom HID 5256 Finger: Applying InputClass "Wacom touchscreen class"
Feb 10 19:45:51 HOSTNAME /usr/lib/gdm3/gdm-x-session[1632]: (II) Using input driver 'wacom' for 'Wacom HID 5256 Finger'
Feb 10 19:45:51 HOSTNAME /usr/lib/gdm3/gdm-x-session[1632]: (II) systemd-logind: got fd for /dev/input/event4 13:68 fd 32 paused 0
Feb 10 19:45:51 HOSTNAME /usr/lib/gdm3/gdm-x-session[1632]: (**) Wacom HID 5256 Finger: always reports core events
Feb 10 19:45:51 HOSTNAME /usr/lib/gdm3/gdm-x-session[1632]: (**) Option "Device" "/dev/input/event4"
Feb 10 19:45:51 HOSTNAME /usr/lib/gdm3/gdm-x-session[1632]: (EE) Wacom HID 5256 Finger: Invalid type 'stylus' for this device.
Feb 10 19:45:51 HOSTNAME /usr/lib/gdm3/gdm-x-session[1632]: (EE) Wacom HID 5256 Finger: Invalid type 'eraser' for this device.
Feb 10 19:45:51 HOSTNAME /usr/lib/gdm3/gdm-x-session[1632]: (EE) Wacom HID 5256 Finger: Invalid type 'cursor' for this device.
Feb 10 19:45:51 HOSTNAME /usr/lib/gdm3/gdm-x-session[1632]: (II) Wacom HID 5256 Finger: type not specified, assuming 'touch'.
Feb 10 19:45:51 HOSTNAME /usr/lib/gdm3/gdm-x-session[1632]: (II) Wacom HID 5256 Finger: other types will be automatically added.
Feb 10 19:45:51 HOSTNAME /usr/lib/gdm3/gdm-x-session[1632]: (**) Wacom HID 5256 Finger touch: panscroll is 0
Feb 10 19:45:51 HOSTNAME /usr/lib/gdm3/gdm-x-session[1632]: (**) Wacom HID 5256 Finger touch: panscroll modified to 13
Feb 10 19:45:51 HOSTNAME /usr/lib/gdm3/gdm-x-session[1632]: (--) Wacom HID 5256 Finger touch: maxX=13768 maxY=7744 maxZ=0 resX=40000 resY=40000
Feb 10 19:45:51 HOSTNAME /usr/lib/gdm3/gdm-x-session[1632]: (II) Wacom HID 5256 Finger touch: hotplugging dependent devices.
Feb 10 19:45:51 HOSTNAME /usr/lib/gdm3/gdm-x-session[1632]: (EE) Wacom HID 5256 Finger touch: Invalid type 'stylus' for this device.
Feb 10 19:45:51 HOSTNAME /usr/lib/gdm3/gdm-x-session[1632]: (EE) Wacom HID 5256 Finger touch: Invalid type 'eraser' for this device.
Feb 10 19:45:51 HOSTNAME /usr/lib/gdm3/gdm-x-session[1632]: (EE) Wacom HID 5256 Finger touch: Invalid type 'cursor' for this device.
Feb 10 19:45:51 HOSTNAME /usr/lib/gdm3/gdm-x-session[1632]: (EE) Wacom HID 5256 Finger touch: Invalid type 'pad' for this device.
Feb 10 19:45:51 HOSTNAME /usr/lib/gdm3/gdm-x-session[1632]: (II) Wacom HID 5256 Finger touch: hotplugging completed.
Feb 10 19:45:51 HOSTNAME /usr/lib/gdm3/gdm-x-session[1632]: (**) Option "config_info" "udev:/sys/devices/pci0000:00/0000:00:15.0/i2c_designware.0/i2c-1/i2c-WACF2200:00/0018:056A:5256.0001/input/input12/event4"
Feb 10 19:45:51 HOSTNAME /usr/lib/gdm3/gdm-x-session[1632]: (II) XINPUT: Adding extended input device "Wacom HID 5256 Finger touch" (type: TOUCH, id 10)
Feb 10 19:45:51 HOSTNAME /usr/lib/gdm3/gdm-x-session[1632]: (**) Wacom HID 5256 Finger touch: (accel) keeping acceleration scheme 1
Feb 10 19:45:51 HOSTNAME /usr/lib/gdm3/gdm-x-session[1632]: (**) Wacom HID 5256 Finger touch: (accel) acceleration profile 0
Feb 10 19:45:51 HOSTNAME /usr/lib/gdm3/gdm-x-session[1632]: (**) Wacom HID 5256 Finger touch: (accel) acceleration factor: 2.000
Feb 10 19:45:51 HOSTNAME /usr/lib/gdm3/gdm-x-session[1632]: (**) Wacom HID 5256 Finger touch: (accel) acceleration threshold: 4
Feb 10 19:45:51 HOSTNAME /usr/lib/gdm3/gdm-x-session[1632]: (II) config/udev: Adding input device Wacom HID 5256 Finger (/dev/input/mouse3)
Feb 10 19:45:51 HOSTNAME /usr/lib/gdm3/gdm-x-session[1632]: (II) No input driver specified, ignoring this device.
Feb 10 19:45:51 HOSTNAME /usr/lib/gdm3/gdm-x-session[1632]: (II) This device may have been added with another device file.
Feb 10 19:45:51 HOSTNAME /usr/lib/gdm3/gdm-x-session[1632]: (II) config/udev: Adding input device MSFT0001:01 06CB:CD3E Mouse (/dev/input/event7)
Feb 10 19:45:51 HOSTNAME /usr/lib/gdm3/gdm-x-session[1632]: (**) MSFT0001:01 06CB:CD3E Mouse: Applying InputClass "libinput pointer catchall"
Feb 10 19:45:51 HOSTNAME /usr/lib/gdm3/gdm-x-session[1632]: (II) Using input driver 'libinput' for 'MSFT0001:01 06CB:CD3E Mouse'
Feb 10 19:45:51 HOSTNAME /usr/lib/gdm3/gdm-x-session[1632]: (II) systemd-logind: got fd for /dev/input/event7 13:71 fd 33 paused 0
Feb 10 19:45:51 HOSTNAME /usr/lib/gdm3/gdm-x-session[1632]: (**) MSFT0001:01 06CB:CD3E Mouse: always reports core events
Feb 10 19:45:51 HOSTNAME /usr/lib/gdm3/gdm-x-session[1632]: (**) Option "Device" "/dev/input/event7"
Feb 10 19:45:51 HOSTNAME /usr/lib/gdm3/gdm-x-session[1632]: (**) Option "_source" "server/udev"
Feb 10 19:45:51 HOSTNAME /usr/lib/gdm3/gdm-x-session[1632]: (II) event7  - MSFT0001:01 06CB:CD3E Mouse: is tagged by udev as: Mouse Pointingstick
Feb 10 19:45:51 HOSTNAME /usr/lib/gdm3/gdm-x-session[1632]: (II) event7  - MSFT0001:01 06CB:CD3E Mouse: device is a pointer
Feb 10 19:45:51 HOSTNAME /usr/lib/gdm3/gdm-x-session[1632]: (II) event7  - MSFT0001:01 06CB:CD3E Mouse: device removed
Feb 10 19:45:51 HOSTNAME /usr/lib/gdm3/gdm-x-session[1632]: (**) Option "config_info" "udev:/sys/devices/pci0000:00/0000:00:15.1/i2c_designware.1/i2c-2/i2c-MSFT0001:01/0018:06CB:CD3E.0002/input/input16/event7"
Feb 10 19:45:51 HOSTNAME /usr/lib/gdm3/gdm-x-session[1632]: (II) XINPUT: Adding extended input device "MSFT0001:01 06CB:CD3E Mouse" (type: MOUSE, id 11)
Feb 10 19:45:51 HOSTNAME /usr/lib/gdm3/gdm-x-session[1632]: (**) Option "AccelerationScheme" "none"
Feb 10 19:45:51 HOSTNAME /usr/lib/gdm3/gdm-x-session[1632]: (**) MSFT0001:01 06CB:CD3E Mouse: (accel) selected scheme none/0
Feb 10 19:45:51 HOSTNAME /usr/lib/gdm3/gdm-x-session[1632]: (**) MSFT0001:01 06CB:CD3E Mouse: (accel) acceleration factor: 2.000
Feb 10 19:45:51 HOSTNAME /usr/lib/gdm3/gdm-x-session[1632]: (**) MSFT0001:01 06CB:CD3E Mouse: (accel) acceleration threshold: 4
Feb 10 19:45:51 HOSTNAME /usr/lib/gdm3/gdm-x-session[1632]: (II) event7  - MSFT0001:01 06CB:CD3E Mouse: is tagged by udev as: Mouse Pointingstick
Feb 10 19:45:51 HOSTNAME /usr/lib/gdm3/gdm-x-session[1632]: (II) event7  - MSFT0001:01 06CB:CD3E Mouse: device is a pointer
Feb 10 19:45:51 HOSTNAME /usr/lib/gdm3/gdm-x-session[1632]: (II) config/udev: Adding input device MSFT0001:01 06CB:CD3E Mouse (/dev/input/mouse0)
Feb 10 19:45:51 HOSTNAME /usr/lib/gdm3/gdm-x-session[1632]: (II) No input driver specified, ignoring this device.
Feb 10 19:45:51 HOSTNAME /usr/lib/gdm3/gdm-x-session[1632]: (II) This device may have been added with another device file.
Feb 10 19:45:51 HOSTNAME /usr/lib/gdm3/gdm-x-session[1632]: (II) config/udev: Adding input device MSFT0001:01 06CB:CD3E Touchpad (/dev/input/event8)
Feb 10 19:45:51 HOSTNAME /usr/lib/gdm3/gdm-x-session[1632]: (**) MSFT0001:01 06CB:CD3E Touchpad: Applying InputClass "libinput touchpad catchall"
Feb 10 19:45:51 HOSTNAME /usr/lib/gdm3/gdm-x-session[1632]: (II) Using input driver 'libinput' for 'MSFT0001:01 06CB:CD3E Touchpad'
Feb 10 19:45:51 HOSTNAME /usr/lib/gdm3/gdm-x-session[1632]: (II) systemd-logind: got fd for /dev/input/event8 13:72 fd 34 paused 0
Feb 10 19:45:51 HOSTNAME /usr/lib/gdm3/gdm-x-session[1632]: (**) MSFT0001:01 06CB:CD3E Touchpad: always reports core events
Feb 10 19:45:51 HOSTNAME /usr/lib/gdm3/gdm-x-session[1632]: (**) Option "Device" "/dev/input/event8"
Feb 10 19:45:51 HOSTNAME /usr/lib/gdm3/gdm-x-session[1632]: (**) Option "_source" "server/udev"
Feb 10 19:45:51 HOSTNAME /usr/lib/gdm3/gdm-x-session[1632]: (II) event8  - MSFT0001:01 06CB:CD3E Touchpad: is tagged by udev as: Touchpad
Feb 10 19:45:51 HOSTNAME /usr/lib/gdm3/gdm-x-session[1632]: (II) event8  - MSFT0001:01 06CB:CD3E Touchpad: device is a touchpad
Feb 10 19:45:51 HOSTNAME /usr/lib/gdm3/gdm-x-session[1632]: (II) event8  - MSFT0001:01 06CB:CD3E Touchpad: device removed
Feb 10 19:45:51 HOSTNAME /usr/lib/gdm3/gdm-x-session[1632]: (**) Option "config_info" "udev:/sys/devices/pci0000:00/0000:00:15.1/i2c_designware.1/i2c-2/i2c-MSFT0001:01/0018:06CB:CD3E.0002/input/input17/event8"
Feb 10 19:45:51 HOSTNAME /usr/lib/gdm3/gdm-x-session[1632]: (II) XINPUT: Adding extended input device "MSFT0001:01 06CB:CD3E Touchpad" (type: TOUCHPAD, id 12)
Feb 10 19:45:51 HOSTNAME /usr/lib/gdm3/gdm-x-session[1632]: (**) Option "AccelerationScheme" "none"
Feb 10 19:45:51 HOSTNAME /usr/lib/gdm3/gdm-x-session[1632]: (**) MSFT0001:01 06CB:CD3E Touchpad: (accel) selected scheme none/0
Feb 10 19:45:51 HOSTNAME /usr/lib/gdm3/gdm-x-session[1632]: (**) MSFT0001:01 06CB:CD3E Touchpad: (accel) acceleration factor: 2.000
Feb 10 19:45:51 HOSTNAME /usr/lib/gdm3/gdm-x-session[1632]: (**) MSFT0001:01 06CB:CD3E Touchpad: (accel) acceleration threshold: 4
Feb 10 19:45:51 HOSTNAME /usr/lib/gdm3/gdm-x-session[1632]: (II) event8  - MSFT0001:01 06CB:CD3E Touchpad: is tagged by udev as: Touchpad
Feb 10 19:45:51 HOSTNAME /usr/lib/gdm3/gdm-x-session[1632]: (II) event8  - MSFT0001:01 06CB:CD3E Touchpad: device is a touchpad
Feb 10 19:45:51 HOSTNAME /usr/lib/gdm3/gdm-x-session[1632]: (II) config/udev: Adding input device MSFT0001:01 06CB:CD3E Touchpad (/dev/input/mouse1)
Feb 10 19:45:51 HOSTNAME /usr/lib/gdm3/gdm-x-session[1632]: (II) No input driver specified, ignoring this device.
Feb 10 19:45:51 HOSTNAME /usr/lib/gdm3/gdm-x-session[1632]: (II) This device may have been added with another device file.
Feb 10 19:45:51 HOSTNAME /usr/lib/gdm3/gdm-x-session[1632]: (II) config/udev: Adding input device Ideapad extra buttons (/dev/input/event5)
Feb 10 19:45:51 HOSTNAME /usr/lib/gdm3/gdm-x-session[1632]: (**) Ideapad extra buttons: Applying InputClass "libinput keyboard catchall"
Feb 10 19:45:51 HOSTNAME /usr/lib/gdm3/gdm-x-session[1632]: (II) Using input driver 'libinput' for 'Ideapad extra buttons'
Feb 10 19:45:51 HOSTNAME /usr/lib/gdm3/gdm-x-session[1632]: (II) systemd-logind: got fd for /dev/input/event5 13:69 fd 35 paused 0
Feb 10 19:45:51 HOSTNAME /usr/lib/gdm3/gdm-x-session[1632]: (**) Ideapad extra buttons: always reports core events
Feb 10 19:45:51 HOSTNAME /usr/lib/gdm3/gdm-x-session[1632]: (**) Option "Device" "/dev/input/event5"
Feb 10 19:45:51 HOSTNAME /usr/lib/gdm3/gdm-x-session[1632]: (**) Option "_source" "server/udev"
Feb 10 19:45:51 HOSTNAME /usr/lib/gdm3/gdm-x-session[1632]: (II) event5  - Ideapad extra buttons: is tagged by udev as: Keyboard
Feb 10 19:45:51 HOSTNAME /usr/lib/gdm3/gdm-x-session[1632]: (II) event5  - Ideapad extra buttons: device is a keyboard
Feb 10 19:45:51 HOSTNAME /usr/lib/gdm3/gdm-x-session[1632]: (II) event5  - Ideapad extra buttons: device removed
Feb 10 19:45:51 HOSTNAME /usr/lib/gdm3/gdm-x-session[1632]: (**) Option "config_info" "udev:/sys/devices/pci0000:00/0000:00:1f.0/PNP0C09:00/VPC2004:00/input/input14/event5"
Feb 10 19:45:51 HOSTNAME /usr/lib/gdm3/gdm-x-session[1632]: (II) XINPUT: Adding extended input device "Ideapad extra buttons" (type: KEYBOARD, id 13)
Feb 10 19:45:51 HOSTNAME /usr/lib/gdm3/gdm-x-session[1632]: (**) Option "xkb_model" "pc105"
Feb 10 19:45:51 HOSTNAME /usr/lib/gdm3/gdm-x-session[1632]: (**) Option "xkb_layout" "de"
Feb 10 19:45:51 HOSTNAME /usr/lib/gdm3/gdm-x-session[1632]: (II) event5  - Ideapad extra buttons: is tagged by udev as: Keyboard
Feb 10 19:45:51 HOSTNAME /usr/lib/gdm3/gdm-x-session[1632]: (II) event5  - Ideapad extra buttons: device is a keyboard
Feb 10 19:45:51 HOSTNAME /usr/lib/gdm3/gdm-x-session[1632]: (II) config/udev: Adding input device sof-hda-dsp Mic (/dev/input/event10)
Feb 10 19:45:51 HOSTNAME /usr/lib/gdm3/gdm-x-session[1632]: (II) No input driver specified, ignoring this device.
Feb 10 19:45:51 HOSTNAME /usr/lib/gdm3/gdm-x-session[1632]: (II) This device may have been added with another device file.
Feb 10 19:45:51 HOSTNAME /usr/lib/gdm3/gdm-x-session[1632]: (II) config/udev: Adding input device sof-hda-dsp Headphone (/dev/input/event11)
Feb 10 19:45:51 HOSTNAME /usr/lib/gdm3/gdm-x-session[1632]: (II) No input driver specified, ignoring this device.
Feb 10 19:45:51 HOSTNAME /usr/lib/gdm3/gdm-x-session[1632]: (II) This device may have been added with another device file.
Feb 10 19:45:51 HOSTNAME /usr/lib/gdm3/gdm-x-session[1632]: (II) config/udev: Adding input device sof-hda-dsp HDMI/DP,pcm=3 (/dev/input/event12)
Feb 10 19:45:51 HOSTNAME /usr/lib/gdm3/gdm-x-session[1632]: (II) No input driver specified, ignoring this device.
Feb 10 19:45:51 HOSTNAME /usr/lib/gdm3/gdm-x-session[1632]: (II) This device may have been added with another device file.
Feb 10 19:45:51 HOSTNAME /usr/lib/gdm3/gdm-x-session[1632]: (II) config/udev: Adding input device sof-hda-dsp HDMI/DP,pcm=4 (/dev/input/event13)
Feb 10 19:45:51 HOSTNAME /usr/lib/gdm3/gdm-x-session[1632]: (II) No input driver specified, ignoring this device.
Feb 10 19:45:51 HOSTNAME /usr/lib/gdm3/gdm-x-session[1632]: (II) This device may have been added with another device file.
Feb 10 19:45:51 HOSTNAME /usr/lib/gdm3/gdm-x-session[1632]: (II) config/udev: Adding input device sof-hda-dsp HDMI/DP,pcm=5 (/dev/input/event14)
Feb 10 19:45:51 HOSTNAME /usr/lib/gdm3/gdm-x-session[1632]: (II) No input driver specified, ignoring this device.
Feb 10 19:45:51 HOSTNAME /usr/lib/gdm3/gdm-x-session[1632]: (II) This device may have been added with another device file.
Feb 10 19:45:51 HOSTNAME /usr/lib/gdm3/gdm-x-session[1632]: (II) config/udev: Adding input device AT Translated Set 2 keyboard (/dev/input/event2)
Feb 10 19:45:51 HOSTNAME /usr/lib/gdm3/gdm-x-session[1632]: (**) AT Translated Set 2 keyboard: Applying InputClass "libinput keyboard catchall"
Feb 10 19:45:51 HOSTNAME /usr/lib/gdm3/gdm-x-session[1632]: (II) Using input driver 'libinput' for 'AT Translated Set 2 keyboard'
Feb 10 19:45:51 HOSTNAME /usr/lib/gdm3/gdm-x-session[1632]: (II) systemd-logind: got fd for /dev/input/event2 13:66 fd 36 paused 0
Feb 10 19:45:51 HOSTNAME /usr/lib/gdm3/gdm-x-session[1632]: (**) AT Translated Set 2 keyboard: always reports core events
Feb 10 19:45:51 HOSTNAME /usr/lib/gdm3/gdm-x-session[1632]: (**) Option "Device" "/dev/input/event2"
Feb 10 19:45:51 HOSTNAME /usr/lib/gdm3/gdm-x-session[1632]: (**) Option "_source" "server/udev"
Feb 10 19:45:51 HOSTNAME /usr/lib/gdm3/gdm-x-session[1632]: (II) event2  - AT Translated Set 2 keyboard: is tagged by udev as: Keyboard
Feb 10 19:45:51 HOSTNAME /usr/lib/gdm3/gdm-x-session[1632]: (II) event2  - AT Translated Set 2 keyboard: device is a keyboard
Feb 10 19:45:51 HOSTNAME /usr/lib/gdm3/gdm-x-session[1632]: (II) event2  - AT Translated Set 2 keyboard: device removed
Feb 10 19:45:51 HOSTNAME /usr/lib/gdm3/gdm-x-session[1632]: (**) Option "config_info" "udev:/sys/devices/platform/i8042/serio0/input/input2/event2"
Feb 10 19:45:51 HOSTNAME /usr/lib/gdm3/gdm-x-session[1632]: (II) XINPUT: Adding extended input device "AT Translated Set 2 keyboard" (type: KEYBOARD, id 14)
Feb 10 19:45:51 HOSTNAME /usr/lib/gdm3/gdm-x-session[1632]: (**) Option "xkb_model" "pc105"
Feb 10 19:45:51 HOSTNAME /usr/lib/gdm3/gdm-x-session[1632]: (**) Option "xkb_layout" "de"
Feb 10 19:45:51 HOSTNAME /usr/lib/gdm3/gdm-x-session[1632]: (II) event2  - AT Translated Set 2 keyboard: is tagged by udev as: Keyboard
Feb 10 19:45:51 HOSTNAME /usr/lib/gdm3/gdm-x-session[1632]: (II) event2  - AT Translated Set 2 keyboard: device is a keyboard
Feb 10 19:45:51 HOSTNAME /usr/lib/gdm3/gdm-x-session[1632]: (**) Wacom HID 5256 Pen eraser: Applying InputClass "libinput tablet catchall"
Feb 10 19:45:51 HOSTNAME /usr/lib/gdm3/gdm-x-session[1632]: (**) Wacom HID 5256 Pen eraser: Applying InputClass "Wacom USB tablet class"
Feb 10 19:45:51 HOSTNAME /usr/lib/gdm3/gdm-x-session[1632]: (**) Wacom HID 5256 Pen eraser: Applying InputClass "Wacom tablet class"
Feb 10 19:45:51 HOSTNAME /usr/lib/gdm3/gdm-x-session[1632]: (II) Using input driver 'wacom' for 'Wacom HID 5256 Pen eraser'
Feb 10 19:45:51 HOSTNAME /usr/lib/gdm3/gdm-x-session[1632]: (II) systemd-logind: returning pre-existing fd for /dev/input/event3 13:67
Feb 10 19:45:51 HOSTNAME /usr/lib/gdm3/gdm-x-session[1632]: (**) Wacom HID 5256 Pen eraser: always reports core events
Feb 10 19:45:51 HOSTNAME /usr/lib/gdm3/gdm-x-session[1632]: (**) Option "Device" "/dev/input/event3"
Feb 10 19:45:51 HOSTNAME /usr/lib/gdm3/gdm-x-session[1632]: (**) Option "Type" "eraser"
Feb 10 19:45:51 HOSTNAME /usr/lib/gdm3/gdm-x-session[1632]: (**) Wacom HID 5256 Pen eraser: panscroll is 1300
Feb 10 19:45:51 HOSTNAME /usr/lib/gdm3/gdm-x-session[1632]: (**) Wacom HID 5256 Pen eraser: panscroll modified to 1300
Feb 10 19:45:51 HOSTNAME /usr/lib/gdm3/gdm-x-session[1632]: (--) Wacom HID 5256 Pen eraser: maxX=34416 maxY=19359 maxZ=4095 resX=100000 resY=100000  tilt=enabled
Feb 10 19:45:51 HOSTNAME /usr/lib/gdm3/gdm-x-session[1632]: (**) Option "config_info" "udev:/sys/devices/pci0000:00/0000:00:15.0/i2c_designware.0/i2c-1/i2c-WACF2200:00/0018:056A:5256.0001/input/input11/event3"
Feb 10 19:45:51 HOSTNAME /usr/lib/gdm3/gdm-x-session[1632]: (II) XINPUT: Adding extended input device "Wacom HID 5256 Pen eraser" (type: ERASER, id 15)
Feb 10 19:45:51 HOSTNAME /usr/lib/gdm3/gdm-x-session[1632]: (**) Wacom HID 5256 Pen eraser: (accel) keeping acceleration scheme 1
Feb 10 19:45:51 HOSTNAME /usr/lib/gdm3/gdm-x-session[1632]: (**) Wacom HID 5256 Pen eraser: (accel) acceleration profile 0
Feb 10 19:45:51 HOSTNAME /usr/lib/gdm3/gdm-x-session[1632]: (**) Wacom HID 5256 Pen eraser: (accel) acceleration factor: 2.000
Feb 10 19:45:51 HOSTNAME /usr/lib/gdm3/gdm-x-session[1632]: (**) Wacom HID 5256 Pen eraser: (accel) acceleration threshold: 4
Feb 10 19:45:52 HOSTNAME /usr/lib/gdm3/gdm-x-session[1632]: (II) modeset(0): EDID vendor "LGD", prod id 1650
Feb 10 19:45:52 HOSTNAME /usr/lib/gdm3/gdm-x-session[1632]: (II) modeset(0): Printing DDC gathered Modelines:
Feb 10 19:45:52 HOSTNAME /usr/lib/gdm3/gdm-x-session[1632]: (II) modeset(0): Modeline "1920x1080"x0.0  138.60  1920 1968 2000 2080  1080 1083 1088 1111 +hsync -vsync (66.6 kHz eP)
Feb 10 19:45:53 HOSTNAME /usr/lib/gdm3/gdm-x-session[1632]: (II) modeset(0): EDID vendor "LGD", prod id 1650
Feb 10 19:45:53 HOSTNAME /usr/lib/gdm3/gdm-x-session[1632]: (II) modeset(0): Printing DDC gathered Modelines:
Feb 10 19:45:53 HOSTNAME /usr/lib/gdm3/gdm-x-session[1632]: (II) modeset(0): Modeline "1920x1080"x0.0  138.60  1920 1968 2000 2080  1080 1083 1088 1111 +hsync -vsync (66.6 kHz eP)
Feb 10 19:46:15 HOSTNAME /usr/lib/gdm3/gdm-x-session[1632]: (II) modeset(0): Allocate new frame buffer 1080x1920 stride
Feb 10 19:46:16 HOSTNAME /usr/lib/gdm3/gdm-x-session[1632]: (II) modeset(0): EDID vendor "LGD", prod id 1650
Feb 10 19:46:16 HOSTNAME /usr/lib/gdm3/gdm-x-session[1632]: (II) modeset(0): Printing DDC gathered Modelines:
Feb 10 19:46:16 HOSTNAME /usr/lib/gdm3/gdm-x-session[1632]: (II) modeset(0): Modeline "1920x1080"x0.0  138.60  1920 1968 2000 2080  1080 1083 1088 1111 +hsync -vsync (66.6 kHz eP)
Feb 10 19:46:23 HOSTNAME /usr/lib/gdm3/gdm-x-session[1632]: (II) modeset(0): Allocate new frame buffer 1920x1080 stride
Feb 10 19:46:24 HOSTNAME /usr/lib/gdm3/gdm-x-session[1632]: (II) modeset(0): EDID vendor "LGD", prod id 1650
Feb 10 19:46:24 HOSTNAME /usr/lib/gdm3/gdm-x-session[1632]: (II) modeset(0): Printing DDC gathered Modelines:
Feb 10 19:46:24 HOSTNAME /usr/lib/gdm3/gdm-x-session[1632]: (II) modeset(0): Modeline "1920x1080"x0.0  138.60  1920 1968 2000 2080  1080 1083 1088 1111 +hsync -vsync (66.6 kHz eP)
Feb 10 19:49:56 HOSTNAME /usr/lib/gdm3/gdm-x-session[1632]: (II) modeset(0): Allocate new frame buffer 1080x1920 stride
Feb 10 19:49:57 HOSTNAME /usr/lib/gdm3/gdm-x-session[1632]: (II) modeset(0): EDID vendor "LGD", prod id 1650
Feb 10 19:49:57 HOSTNAME /usr/lib/gdm3/gdm-x-session[1632]: (II) modeset(0): Printing DDC gathered Modelines:
Feb 10 19:49:57 HOSTNAME /usr/lib/gdm3/gdm-x-session[1632]: (II) modeset(0): Modeline "1920x1080"x0.0  138.60  1920 1968 2000 2080  1080 1083 1088 1111 +hsync -vsync (66.6 kHz eP)
Feb 10 19:50:07 HOSTNAME /usr/lib/gdm3/gdm-x-session[1632]: (II) modeset(0): Allocate new frame buffer 1920x1080 stride
Feb 10 19:50:08 HOSTNAME /usr/lib/gdm3/gdm-x-session[1632]: (II) modeset(0): EDID vendor "LGD", prod id 1650
Feb 10 19:50:08 HOSTNAME /usr/lib/gdm3/gdm-x-session[1632]: (II) modeset(0): Printing DDC gathered Modelines:
Feb 10 19:50:08 HOSTNAME /usr/lib/gdm3/gdm-x-session[1632]: (II) modeset(0): Modeline "1920x1080"x0.0  138.60  1920 1968 2000 2080  1080 1083 1088 1111 +hsync -vsync (66.6 kHz eP)
Feb 10 19:50:09 HOSTNAME /usr/lib/gdm3/gdm-x-session[1632]: (II) modeset(0): Allocate new frame buffer 1080x1920 stride
Feb 10 19:50:10 HOSTNAME /usr/lib/gdm3/gdm-x-session[1632]: (II) modeset(0): EDID vendor "LGD", prod id 1650
Feb 10 19:50:10 HOSTNAME /usr/lib/gdm3/gdm-x-session[1632]: (II) modeset(0): Printing DDC gathered Modelines:
Feb 10 19:50:10 HOSTNAME /usr/lib/gdm3/gdm-x-session[1632]: (II) modeset(0): Modeline "1920x1080"x0.0  138.60  1920 1968 2000 2080  1080 1083 1088 1111 +hsync -vsync (66.6 kHz eP)
Feb 10 19:50:15 HOSTNAME /usr/lib/gdm3/gdm-x-session[1632]: (II) modeset(0): Allocate new frame buffer 1920x1080 stride
Feb 10 19:50:16 HOSTNAME /usr/lib/gdm3/gdm-x-session[1632]: (II) modeset(0): EDID vendor "LGD", prod id 1650
Feb 10 19:50:16 HOSTNAME /usr/lib/gdm3/gdm-x-session[1632]: (II) modeset(0): Printing DDC gathered Modelines:
Feb 10 19:50:16 HOSTNAME /usr/lib/gdm3/gdm-x-session[1632]: (II) modeset(0): Modeline "1920x1080"x0.0  138.60  1920 1968 2000 2080  1080 1083 1088 1111 +hsync -vsync (66.6 kHz eP)
Feb 10 20:07:37 HOSTNAME /usr/lib/gdm3/gdm-x-session[1632]: (II) config/udev: Adding input device HID 04d9:1133 (/dev/input/mouse4)
Feb 10 20:07:37 HOSTNAME /usr/lib/gdm3/gdm-x-session[1632]: (II) No input driver specified, ignoring this device.
Feb 10 20:07:37 HOSTNAME /usr/lib/gdm3/gdm-x-session[1632]: (II) This device may have been added with another device file.
Feb 10 20:07:37 HOSTNAME /usr/lib/gdm3/gdm-x-session[1632]: (II) config/udev: Adding input device HID 04d9:1133 (/dev/input/event15)
Feb 10 20:07:37 HOSTNAME /usr/lib/gdm3/gdm-x-session[1632]: (**) HID 04d9:1133: Applying InputClass "libinput pointer catchall"
Feb 10 20:07:37 HOSTNAME /usr/lib/gdm3/gdm-x-session[1632]: (II) Using input driver 'libinput' for 'HID 04d9:1133'
Feb 10 20:07:37 HOSTNAME /usr/lib/gdm3/gdm-x-session[1632]: (II) systemd-logind: got fd for /dev/input/event15 13:79 fd 70 paused 0
Feb 10 20:07:37 HOSTNAME /usr/lib/gdm3/gdm-x-session[1632]: (**) HID 04d9:1133: always reports core events
Feb 10 20:07:37 HOSTNAME /usr/lib/gdm3/gdm-x-session[1632]: (**) Option "Device" "/dev/input/event15"
Feb 10 20:07:37 HOSTNAME /usr/lib/gdm3/gdm-x-session[1632]: (**) Option "_source" "server/udev"
Feb 10 20:07:37 HOSTNAME /usr/lib/gdm3/gdm-x-session[1632]: (II) event15 - HID 04d9:1133: is tagged by udev as: Mouse
Feb 10 20:07:37 HOSTNAME /usr/lib/gdm3/gdm-x-session[1632]: (II) event15 - HID 04d9:1133: device is a pointer
Feb 10 20:07:37 HOSTNAME /usr/lib/gdm3/gdm-x-session[1632]: (II) event15 - HID 04d9:1133: device removed
Feb 10 20:07:37 HOSTNAME /usr/lib/gdm3/gdm-x-session[1632]: (**) Option "config_info" "udev:/sys/devices/pci0000:00/0000:00:14.0/usb3/3-1/3-1:1.0/0003:04D9:1133.0005/input/input25/event15"
Feb 10 20:07:37 HOSTNAME /usr/lib/gdm3/gdm-x-session[1632]: (II) XINPUT: Adding extended input device "HID 04d9:1133" (type: MOUSE, id 16)
Feb 10 20:07:37 HOSTNAME /usr/lib/gdm3/gdm-x-session[1632]: (**) Option "AccelerationScheme" "none"
Feb 10 20:07:37 HOSTNAME /usr/lib/gdm3/gdm-x-session[1632]: (**) HID 04d9:1133: (accel) selected scheme none/0
Feb 10 20:07:37 HOSTNAME /usr/lib/gdm3/gdm-x-session[1632]: (**) HID 04d9:1133: (accel) acceleration factor: 2.000
Feb 10 20:07:37 HOSTNAME /usr/lib/gdm3/gdm-x-session[1632]: (**) HID 04d9:1133: (accel) acceleration threshold: 4
Feb 10 20:07:37 HOSTNAME /usr/lib/gdm3/gdm-x-session[1632]: (II) event15 - HID 04d9:1133: is tagged by udev as: Mouse
Feb 10 20:07:37 HOSTNAME /usr/lib/gdm3/gdm-x-session[1632]: (II) event15 - HID 04d9:1133: device is a pointer
Feb 10 20:11:03 HOSTNAME /usr/lib/gdm3/gdm-x-session[1632]: (II) modeset(0): EDID vendor "LGD", prod id 1650
Feb 10 20:11:03 HOSTNAME /usr/lib/gdm3/gdm-x-session[1632]: (II) modeset(0): Printing DDC gathered Modelines:
Feb 10 20:11:03 HOSTNAME /usr/lib/gdm3/gdm-x-session[1632]: (II) modeset(0): Modeline "1920x1080"x0.0  138.60  1920 1968 2000 2080  1080 1083 1088 1111 +hsync -vsync (66.6 kHz eP)
