[    51.209] _XSERVTransSocketUNIXCreateListener: ...SocketCreateListener() failed
[    51.209] _XSERVTransMakeAllCOTSServerListeners: server already running
[    51.209] (--) Log file renamed from "/var/log/Xorg.pid-1624.log" to "/var/log/Xorg.1.log"
[    51.210] 
X.Org X Server 1.20.9
X Protocol Version 11, Revision 0
[    51.210] Build Operating System: Linux 4.15.0-130-generic x86_64 Ubuntu
[    51.210] Current Operating System: Linux HOSTNAME 5.4.0-42-generic #46-Ubuntu SMP Fri Jul 10 00:24:02 UTC 2020 x86_64
[    51.210] Kernel command line: BOOT_IMAGE=/boot/vmlinuz-5.4.0-42-generic root=UUID=76287006-7f4d-4954-b7fb-c399d9324636 ro quiet splash vt.handoff=7
[    51.210] Build Date: 17 January 2021  09:13:31AM
[    51.210] xorg-server 2:1.20.9-2ubuntu1.2~20.04.1 (For technical support please see http://www.ubuntu.com/support) 
[    51.210] Current version of pixman: 0.38.4
[    51.210] 	Before reporting problems, check http://wiki.x.org
	to make sure that you have the latest version.
[    51.210] Markers: (--) probed, (**) from config file, (==) default setting,
	(++) from command line, (!!) notice, (II) informational,
	(WW) warning, (EE) error, (NI) not implemented, (??) unknown.
[    51.210] (==) Log file: "/var/log/Xorg.1.log", Time: Tue Feb  9 19:05:54 2021
[    51.210] (==) Using system config directory "/usr/share/X11/xorg.conf.d"
[    51.210] (==) No Layout section.  Using the first Screen section.
[    51.211] (==) No screen section available. Using defaults.
[    51.211] (**) |-->Screen "Default Screen Section" (0)
[    51.211] (**) |   |-->Monitor "<default monitor>"
[    51.211] (==) No monitor specified for screen "Default Screen Section".
	Using a default monitor configuration.
[    51.211] (==) Automatically adding devices
[    51.211] (==) Automatically enabling devices
[    51.211] (==) Automatically adding GPU devices
[    51.211] (==) Automatically binding GPU devices
[    51.211] (==) Max clients allowed: 256, resource mask: 0x1fffff
[    51.211] (WW) The directory "/usr/share/fonts/X11/cyrillic" does not exist.
[    51.211] 	Entry deleted from font path.
[    51.211] (WW) The directory "/usr/share/fonts/X11/100dpi/" does not exist.
[    51.211] 	Entry deleted from font path.
[    51.211] (WW) The directory "/usr/share/fonts/X11/75dpi/" does not exist.
[    51.211] 	Entry deleted from font path.
[    51.211] (WW) The directory "/usr/share/fonts/X11/100dpi" does not exist.
[    51.211] 	Entry deleted from font path.
[    51.211] (WW) The directory "/usr/share/fonts/X11/75dpi" does not exist.
[    51.211] 	Entry deleted from font path.
[    51.211] (==) FontPath set to:
	/usr/share/fonts/X11/misc,
	/usr/share/fonts/X11/Type1,
	built-ins
[    51.211] (==) ModulePath set to "/usr/lib/xorg/modules"
[    51.211] (II) The server relies on udev to provide the list of input devices.
	If no devices become available, reconfigure udev or disable AutoAddDevices.
[    51.211] (II) Loader magic: 0x56129ed6e020
[    51.211] (II) Module ABI versions:
[    51.211] 	X.Org ANSI C Emulation: 0.4
[    51.211] 	X.Org Video Driver: 24.1
[    51.211] 	X.Org XInput driver : 24.1
[    51.211] 	X.Org Server Extension : 10.0
[    51.212] (++) using VT number 2

[    51.214] (II) systemd-logind: took control of session /org/freedesktop/login1/session/_32
[    51.217] (--) PCI:*(0@0:2:0) 8086:9a49:17aa:3f1a rev 1, Mem @ 0x605e000000/16777216, 0x4000000000/268435456, I/O @ 0x00003000/64, BIOS @ 0x????????/131072
[    51.217] (II) LoadModule: "glx"
[    51.217] (II) Loading /usr/lib/xorg/modules/extensions/libglx.so
[    51.218] (II) Module glx: vendor="X.Org Foundation"
[    51.218] 	compiled for 1.20.9, module version = 1.0.0
[    51.218] 	ABI class: X.Org Server Extension, version 10.0
[    51.218] (==) Matched modesetting as autoconfigured driver 0
[    51.218] (==) Matched fbdev as autoconfigured driver 1
[    51.218] (==) Matched vesa as autoconfigured driver 2
[    51.218] (==) Assigned the driver to the xf86ConfigLayout
[    51.218] (II) LoadModule: "modesetting"
[    51.218] (II) Loading /usr/lib/xorg/modules/drivers/modesetting_drv.so
[    51.218] (II) Module modesetting: vendor="X.Org Foundation"
[    51.218] 	compiled for 1.20.9, module version = 1.20.9
[    51.218] 	Module class: X.Org Video Driver
[    51.218] 	ABI class: X.Org Video Driver, version 24.1
[    51.218] (II) LoadModule: "fbdev"
[    51.218] (II) Loading /usr/lib/xorg/modules/drivers/fbdev_drv.so
[    51.218] (II) Module fbdev: vendor="X.Org Foundation"
[    51.218] 	compiled for 1.20.1, module version = 0.5.0
[    51.218] 	Module class: X.Org Video Driver
[    51.218] 	ABI class: X.Org Video Driver, version 24.0
[    51.218] (II) LoadModule: "vesa"
[    51.219] (II) Loading /usr/lib/xorg/modules/drivers/vesa_drv.so
[    51.219] (II) Module vesa: vendor="X.Org Foundation"
[    51.219] 	compiled for 1.20.4, module version = 2.4.0
[    51.219] 	Module class: X.Org Video Driver
[    51.219] 	ABI class: X.Org Video Driver, version 24.0
[    51.219] (II) modesetting: Driver for Modesetting Kernel Drivers: kms
[    51.219] (II) FBDEV: driver for framebuffer: fbdev
[    51.219] (II) VESA: driver for VESA chipsets: vesa
[    51.219] xf86EnableIOPorts: failed to set IOPL for I/O (Operation not permitted)
[    51.219] (EE) open /dev/dri/card0: No such file or directory
[    51.219] (WW) Falling back to old probe method for modesetting
[    51.219] (EE) open /dev/dri/card0: No such file or directory
[    51.219] (II) Loading sub module "fbdevhw"
[    51.219] (II) LoadModule: "fbdevhw"
[    51.219] (II) Loading /usr/lib/xorg/modules/libfbdevhw.so
[    51.219] (II) Module fbdevhw: vendor="X.Org Foundation"
[    51.219] 	compiled for 1.20.9, module version = 0.0.2
[    51.219] 	ABI class: X.Org Video Driver, version 24.1
[    51.219] (**) FBDEV(1): claimed PCI slot 0@0:2:0
[    51.219] (II) FBDEV(1): using default device
[    51.219] (EE) Screen 0 deleted because of no matching config section.
[    51.219] (II) UnloadModule: "modesetting"
[    51.219] (II) FBDEV(0): Creating default Display subsection in Screen section
	"Default Screen Section" for depth/fbbpp 24/32
[    51.219] (==) FBDEV(0): Depth 24, (==) framebuffer bpp 32
[    51.219] (==) FBDEV(0): RGB weight 888
[    51.219] (==) FBDEV(0): Default visual is TrueColor
[    51.219] (==) FBDEV(0): Using gamma correction (1.0, 1.0, 1.0)
[    51.219] (II) FBDEV(0): hardware: EFI VGA (video memory: 8100kB)
[    51.219] (II) FBDEV(0): checking modes against framebuffer device...
[    51.219] (II) FBDEV(0): checking modes against monitor...
[    51.219] (II) FBDEV(0): Virtual size is 1920x1080 (pitch 1920)
[    51.219] (**) FBDEV(0):  Built-in mode "current": 207.4 MHz, 85.3 kHz, 77.2 Hz
[    51.219] (II) FBDEV(0): Modeline "current"x0.0  207.38  1920 1952 2192 2432  1080 1084 1088 1104 -hsync -vsync -csync (85.3 kHz b)
[    51.219] (==) FBDEV(0): DPI set to (96, 96)
[    51.219] (II) Loading sub module "fb"
[    51.219] (II) LoadModule: "fb"
[    51.219] (II) Loading /usr/lib/xorg/modules/libfb.so
[    51.220] (II) Module fb: vendor="X.Org Foundation"
[    51.220] 	compiled for 1.20.9, module version = 1.0.0
[    51.220] 	ABI class: X.Org ANSI C Emulation, version 0.4
[    51.220] (**) FBDEV(0): using shadow framebuffer
[    51.220] (II) Loading sub module "shadow"
[    51.220] (II) LoadModule: "shadow"
[    51.220] (II) Loading /usr/lib/xorg/modules/libshadow.so
[    51.220] (II) Module shadow: vendor="X.Org Foundation"
[    51.220] 	compiled for 1.20.9, module version = 1.1.0
[    51.220] 	ABI class: X.Org ANSI C Emulation, version 0.4
[    51.220] (II) UnloadModule: "vesa"
[    51.220] (II) Unloading vesa
[    51.220] (II) FBDEV(0): FBIOBLANK: Invalid argument (Screen blanking not supported by kernel - disabling)
[    51.220] (==) FBDEV(0): Backing store enabled
[    51.221] (==) FBDEV(0): DPMS enabled
[    51.221] (II) Initializing extension Generic Event Extension
[    51.221] (II) Initializing extension SHAPE
[    51.221] (II) Initializing extension MIT-SHM
[    51.221] (II) Initializing extension XInputExtension
[    51.221] (II) Initializing extension XTEST
[    51.222] (II) Initializing extension BIG-REQUESTS
[    51.222] (II) Initializing extension SYNC
[    51.222] (II) Initializing extension XKEYBOARD
[    51.222] (II) Initializing extension XC-MISC
[    51.222] (II) Initializing extension SECURITY
[    51.222] (II) Initializing extension XFIXES
[    51.222] (II) Initializing extension RENDER
[    51.223] (II) Initializing extension RANDR
[    51.223] (II) Initializing extension COMPOSITE
[    51.223] (II) Initializing extension DAMAGE
[    51.223] (II) Initializing extension MIT-SCREEN-SAVER
[    51.223] (II) Initializing extension DOUBLE-BUFFER
[    51.223] (II) Initializing extension RECORD
[    51.223] (II) Initializing extension DPMS
[    51.223] (II) Initializing extension Present
[    51.223] (II) Initializing extension DRI3
[    51.224] (II) Initializing extension X-Resource
[    51.224] (II) Initializing extension XVideo
[    51.224] (II) Initializing extension XVideo-MotionCompensation
[    51.224] (II) Initializing extension SELinux
[    51.224] (II) SELinux: Disabled on system
[    51.224] (II) Initializing extension GLX
[    51.224] (II) AIGLX: Screen 0 is not DRI2 capable
[    51.234] (II) IGLX: Loaded and initialized swrast
[    51.234] (II) GLX: Initialized DRISWRAST GL provider for screen 0
[    51.234] (II) Initializing extension XFree86-VidModeExtension
[    51.234] (II) Initializing extension XFree86-DGA
[    51.234] (II) Initializing extension XFree86-DRI
[    51.234] (II) Initializing extension DRI2
[    51.252] (II) config/udev: Adding input device Power Button (/dev/input/event1)
[    51.252] (**) Power Button: Applying InputClass "libinput keyboard catchall"
[    51.252] (II) LoadModule: "libinput"
[    51.252] (II) Loading /usr/lib/xorg/modules/input/libinput_drv.so
[    51.253] (II) Module libinput: vendor="X.Org Foundation"
[    51.253] 	compiled for 1.20.4, module version = 0.29.0
[    51.253] 	Module class: X.Org XInput Driver
[    51.253] 	ABI class: X.Org XInput driver, version 24.1
[    51.253] (II) Using input driver 'libinput' for 'Power Button'
[    51.253] (II) systemd-logind: got fd for /dev/input/event1 13:65 fd 23 paused 0
[    51.253] (**) Power Button: always reports core events
[    51.253] (**) Option "Device" "/dev/input/event1"
[    51.253] (**) Option "_source" "server/udev"
[    51.254] (II) event1  - Power Button: is tagged by udev as: Keyboard
[    51.254] (II) event1  - Power Button: device is a keyboard
[    51.254] (II) event1  - Power Button: device removed
[    51.254] (**) Option "config_info" "udev:/sys/devices/LNXSYSTM:00/LNXSYBUS:00/PNP0C0C:00/input/input1/event1"
[    51.254] (II) XINPUT: Adding extended input device "Power Button" (type: KEYBOARD, id 6)
[    51.254] (**) Option "xkb_model" "pc105"
[    51.254] (**) Option "xkb_layout" "de"
[    51.265] (II) event1  - Power Button: is tagged by udev as: Keyboard
[    51.265] (II) event1  - Power Button: device is a keyboard
[    51.265] (II) config/udev: Adding input device Lid Switch (/dev/input/event0)
[    51.265] (II) No input driver specified, ignoring this device.
[    51.265] (II) This device may have been added with another device file.
[    51.265] (II) config/udev: Adding input device HID 04d9:1133 (/dev/input/event3)
[    51.265] (**) HID 04d9:1133: Applying InputClass "libinput pointer catchall"
[    51.265] (II) Using input driver 'libinput' for 'HID 04d9:1133'
[    51.265] (II) systemd-logind: got fd for /dev/input/event3 13:67 fd 26 paused 0
[    51.265] (**) HID 04d9:1133: always reports core events
[    51.265] (**) Option "Device" "/dev/input/event3"
[    51.265] (**) Option "_source" "server/udev"
[    51.266] (II) event3  - HID 04d9:1133: is tagged by udev as: Mouse
[    51.266] (II) event3  - HID 04d9:1133: device is a pointer
[    51.266] (II) event3  - HID 04d9:1133: device removed
[    51.266] (**) Option "config_info" "udev:/sys/devices/pci0000:00/0000:00:14.0/usb3/3-1/3-1:1.0/0003:04D9:1133.0003/input/input3/event3"
[    51.266] (II) XINPUT: Adding extended input device "HID 04d9:1133" (type: MOUSE, id 7)
[    51.266] (**) Option "AccelerationScheme" "none"
[    51.266] (**) HID 04d9:1133: (accel) selected scheme none/0
[    51.266] (**) HID 04d9:1133: (accel) acceleration factor: 2.000
[    51.266] (**) HID 04d9:1133: (accel) acceleration threshold: 4
[    51.267] (II) event3  - HID 04d9:1133: is tagged by udev as: Mouse
[    51.267] (II) event3  - HID 04d9:1133: device is a pointer
[    51.267] (II) config/udev: Adding input device HID 04d9:1133 (/dev/input/mouse0)
[    51.267] (II) No input driver specified, ignoring this device.
[    51.267] (II) This device may have been added with another device file.
[    51.268] (II) config/udev: Adding input device Integrated Camera: Integrated C (/dev/input/event5)
[    51.268] (**) Integrated Camera: Integrated C: Applying InputClass "libinput keyboard catchall"
[    51.268] (II) Using input driver 'libinput' for 'Integrated Camera: Integrated C'
[    51.268] (II) systemd-logind: got fd for /dev/input/event5 13:69 fd 27 paused 0
[    51.268] (**) Integrated Camera: Integrated C: always reports core events
[    51.268] (**) Option "Device" "/dev/input/event5"
[    51.268] (**) Option "_source" "server/udev"
[    51.269] (II) event5  - Integrated Camera: Integrated C: is tagged by udev as: Keyboard
[    51.269] (II) event5  - Integrated Camera: Integrated C: device is a keyboard
[    51.269] (II) event5  - Integrated Camera: Integrated C: device removed
[    51.269] (**) Option "config_info" "udev:/sys/devices/pci0000:00/0000:00:14.0/usb3/3-8/3-8:1.0/input/input5/event5"
[    51.269] (II) XINPUT: Adding extended input device "Integrated Camera: Integrated C" (type: KEYBOARD, id 8)
[    51.269] (**) Option "xkb_model" "pc105"
[    51.269] (**) Option "xkb_layout" "de"
[    51.269] (II) event5  - Integrated Camera: Integrated C: is tagged by udev as: Keyboard
[    51.269] (II) event5  - Integrated Camera: Integrated C: device is a keyboard
[    51.270] (II) config/udev: Adding input device Ideapad extra buttons (/dev/input/event4)
[    51.270] (**) Ideapad extra buttons: Applying InputClass "libinput keyboard catchall"
[    51.270] (II) Using input driver 'libinput' for 'Ideapad extra buttons'
[    51.270] (II) systemd-logind: got fd for /dev/input/event4 13:68 fd 28 paused 0
[    51.270] (**) Ideapad extra buttons: always reports core events
[    51.270] (**) Option "Device" "/dev/input/event4"
[    51.270] (**) Option "_source" "server/udev"
[    51.270] (II) event4  - Ideapad extra buttons: is tagged by udev as: Keyboard
[    51.270] (II) event4  - Ideapad extra buttons: device is a keyboard
[    51.270] (II) event4  - Ideapad extra buttons: device removed
[    51.270] (**) Option "config_info" "udev:/sys/devices/pci0000:00/0000:00:1f.0/PNP0C09:00/VPC2004:00/input/input4/event4"
[    51.270] (II) XINPUT: Adding extended input device "Ideapad extra buttons" (type: KEYBOARD, id 9)
[    51.270] (**) Option "xkb_model" "pc105"
[    51.270] (**) Option "xkb_layout" "de"
[    51.271] (II) event4  - Ideapad extra buttons: is tagged by udev as: Keyboard
[    51.271] (II) event4  - Ideapad extra buttons: device is a keyboard
[    51.271] (II) config/udev: Adding input device AT Translated Set 2 keyboard (/dev/input/event2)
[    51.271] (**) AT Translated Set 2 keyboard: Applying InputClass "libinput keyboard catchall"
[    51.271] (II) Using input driver 'libinput' for 'AT Translated Set 2 keyboard'
[    51.271] (II) systemd-logind: got fd for /dev/input/event2 13:66 fd 29 paused 0
[    51.271] (**) AT Translated Set 2 keyboard: always reports core events
[    51.271] (**) Option "Device" "/dev/input/event2"
[    51.271] (**) Option "_source" "server/udev"
[    51.272] (II) event2  - AT Translated Set 2 keyboard: is tagged by udev as: Keyboard
[    51.272] (II) event2  - AT Translated Set 2 keyboard: device is a keyboard
[    51.272] (II) event2  - AT Translated Set 2 keyboard: device removed
[    51.272] (**) Option "config_info" "udev:/sys/devices/platform/i8042/serio0/input/input2/event2"
[    51.272] (II) XINPUT: Adding extended input device "AT Translated Set 2 keyboard" (type: KEYBOARD, id 10)
[    51.272] (**) Option "xkb_model" "pc105"
[    51.272] (**) Option "xkb_layout" "de"
[    51.272] (II) event2  - AT Translated Set 2 keyboard: is tagged by udev as: Keyboard
[    51.273] (II) event2  - AT Translated Set 2 keyboard: device is a keyboard
[   107.976] (**) Option "fd" "23"
[   107.976] (II) event1  - Power Button: device removed
[   107.976] (**) Option "fd" "26"
[   107.976] (II) event3  - HID 04d9:1133: device removed
[   107.976] (**) Option "fd" "27"
[   107.976] (II) event5  - Integrated Camera: Integrated C: device removed
[   107.976] (**) Option "fd" "28"
[   107.976] (II) event4  - Ideapad extra buttons: device removed
[   107.976] (**) Option "fd" "29"
[   107.976] (II) event2  - AT Translated Set 2 keyboard: device removed
[   107.976] (II) UnloadModule: "libinput"
[   107.976] (II) systemd-logind: releasing fd for 13:66
[   108.049] (II) UnloadModule: "libinput"
[   108.049] (II) systemd-logind: releasing fd for 13:68
[   108.129] (II) UnloadModule: "libinput"
[   108.129] (II) systemd-logind: releasing fd for 13:69
[   108.213] (II) UnloadModule: "libinput"
[   108.213] (II) systemd-logind: releasing fd for 13:67
[   108.273] (II) UnloadModule: "libinput"
[   108.274] (II) systemd-logind: releasing fd for 13:65
[   108.296] (WW) xf86CloseConsole: KDSETMODE failed: Input/output error
[   108.296] (WW) xf86CloseConsole: VT_GETMODE failed: Input/output error
[   108.296] (WW) xf86CloseConsole: VT_ACTIVATE failed: Input/output error
[   108.305] (II) Server terminated successfully (0). Closing log file.
