Nov 16 23:47:59 HOSTNAME /usr/libexec/gdm-x-session[1768]: (--) Log file renamed from "/var/lib/gdm3/.local/share/xorg/Xorg.pid-1768.log" to "/var/lib/gdm3/.local/share/xorg/Xorg.0.log"
Nov 16 23:47:59 HOSTNAME /usr/libexec/gdm-x-session[1768]: X.Org X Server 1.21.1.7
Nov 16 23:47:59 HOSTNAME /usr/libexec/gdm-x-session[1768]: X Protocol Version 11, Revision 0
Nov 16 23:47:59 HOSTNAME /usr/libexec/gdm-x-session[1768]: Current Operating System: Linux HOSTNAME 6.5.0-10-generic #10-Ubuntu SMP PREEMPT_DYNAMIC Fri Oct 13 13:49:38 UTC 2023 x86_64
Nov 16 23:47:59 HOSTNAME /usr/libexec/gdm-x-session[1768]: Kernel command line: BOOT_IMAGE=/boot/vmlinuz-6.5.0-10-generic USERNAME=UUID=feee9100-ba4d-481e-9ad3-60fcc44737e6 ro
Nov 16 23:47:59 HOSTNAME /usr/libexec/gdm-x-session[1768]: xorg-server 2:21.1.7-3ubuntu2.1 (For technical support please see http://www.ubuntu.com/support)
Nov 16 23:47:59 HOSTNAME /usr/libexec/gdm-x-session[1768]: Current version of pixman: 0.42.2
Nov 16 23:47:59 HOSTNAME /usr/libexec/gdm-x-session[1768]:         Before reporting problems, check http://wiki.x.org
Nov 16 23:47:59 HOSTNAME /usr/libexec/gdm-x-session[1768]:         to make sure that you have the latest version.
Nov 16 23:47:59 HOSTNAME /usr/libexec/gdm-x-session[1768]: Markers: (--) probed, (**) from config file, (==) default setting,
Nov 16 23:47:59 HOSTNAME /usr/libexec/gdm-x-session[1768]:         (++) from command line, (!!) notice, (II) informational,
Nov 16 23:47:59 HOSTNAME /usr/libexec/gdm-x-session[1768]:         (WW) warning, (EE) error, (NI) not implemented, (??) unknown.
Nov 16 23:47:59 HOSTNAME /usr/libexec/gdm-x-session[1768]: (==) Log file: "/var/lib/gdm3/.local/share/xorg/Xorg.0.log", Time: Thu Nov 16 23:47:59 2023
Nov 16 23:47:59 HOSTNAME /usr/libexec/gdm-x-session[1768]: (==) Using config file: "/etc/X11/xorg.conf"
Nov 16 23:47:59 HOSTNAME /usr/libexec/gdm-x-session[1768]: (==) Using config directory: "/etc/X11/xorg.conf.d"
Nov 16 23:47:59 HOSTNAME /usr/libexec/gdm-x-session[1768]: (==) Using system config directory "/usr/share/X11/xorg.conf.d"
Nov 16 23:47:59 HOSTNAME /usr/libexec/gdm-x-session[1768]: (==) ServerLayout "Layout0"
Nov 16 23:47:59 HOSTNAME /usr/libexec/gdm-x-session[1768]: (**) |-->Screen "Screen0" (0)
Nov 16 23:47:59 HOSTNAME /usr/libexec/gdm-x-session[1768]: (**) |   |-->Monitor "<default monitor>"
Nov 16 23:47:59 HOSTNAME /usr/libexec/gdm-x-session[1768]: (==) No device specified for screen "Screen0".
Nov 16 23:47:59 HOSTNAME /usr/libexec/gdm-x-session[1768]:         Using the first device section listed.
Nov 16 23:47:59 HOSTNAME /usr/libexec/gdm-x-session[1768]: (**) |   |-->Device "Device0"
Nov 16 23:47:59 HOSTNAME /usr/libexec/gdm-x-session[1768]: (==) No monitor specified for screen "Screen0".
Nov 16 23:47:59 HOSTNAME /usr/libexec/gdm-x-session[1768]:         Using a default monitor configuration.
Nov 16 23:47:59 HOSTNAME /usr/libexec/gdm-x-session[1768]: (**) Option "Xinerama" "0"
Nov 16 23:47:59 HOSTNAME /usr/libexec/gdm-x-session[1768]: (==) Automatically adding devices
Nov 16 23:47:59 HOSTNAME /usr/libexec/gdm-x-session[1768]: (==) Automatically enabling devices
Nov 16 23:47:59 HOSTNAME /usr/libexec/gdm-x-session[1768]: (==) Automatically adding GPU devices
Nov 16 23:47:59 HOSTNAME /usr/libexec/gdm-x-session[1768]: (==) Automatically binding GPU devices
Nov 16 23:47:59 HOSTNAME /usr/libexec/gdm-x-session[1768]: (==) Max clients allowed: 256, resource mask: 0x1fffff
Nov 16 23:47:59 HOSTNAME /usr/libexec/gdm-x-session[1768]: (WW) The directory "/usr/share/fonts/X11/cyrillic" does not exist.
Nov 16 23:47:59 HOSTNAME /usr/libexec/gdm-x-session[1768]:         Entry deleted from font path.
Nov 16 23:47:59 HOSTNAME /usr/libexec/gdm-x-session[1768]: (WW) The directory "/usr/share/fonts/X11/100dpi/" does not exist.
Nov 16 23:47:59 HOSTNAME /usr/libexec/gdm-x-session[1768]:         Entry deleted from font path.
Nov 16 23:47:59 HOSTNAME /usr/libexec/gdm-x-session[1768]: (WW) The directory "/usr/share/fonts/X11/75dpi/" does not exist.
Nov 16 23:47:59 HOSTNAME /usr/libexec/gdm-x-session[1768]:         Entry deleted from font path.
Nov 16 23:47:59 HOSTNAME /usr/libexec/gdm-x-session[1768]: (WW) The directory "/usr/share/fonts/X11/100dpi" does not exist.
Nov 16 23:47:59 HOSTNAME /usr/libexec/gdm-x-session[1768]:         Entry deleted from font path.
Nov 16 23:47:59 HOSTNAME /usr/libexec/gdm-x-session[1768]: (WW) The directory "/usr/share/fonts/X11/75dpi" does not exist.
Nov 16 23:47:59 HOSTNAME /usr/libexec/gdm-x-session[1768]:         Entry deleted from font path.
Nov 16 23:47:59 HOSTNAME /usr/libexec/gdm-x-session[1768]: (==) FontPath set to:
Nov 16 23:47:59 HOSTNAME /usr/libexec/gdm-x-session[1768]:         /usr/share/fonts/X11/misc,
Nov 16 23:47:59 HOSTNAME /usr/libexec/gdm-x-session[1768]:         /usr/share/fonts/X11/Type1,
Nov 16 23:47:59 HOSTNAME /usr/libexec/gdm-x-session[1768]:         built-ins
Nov 16 23:47:59 HOSTNAME /usr/libexec/gdm-x-session[1768]: (==) ModulePath set to "/usr/lib/xorg/modules"
Nov 16 23:47:59 HOSTNAME /usr/libexec/gdm-x-session[1768]: (II) The server relies on udev to provide the list of input devices.
Nov 16 23:47:59 HOSTNAME /usr/libexec/gdm-x-session[1768]:         If no devices become available, reconfigure udev or disable AutoAddDevices.
Nov 16 23:47:59 HOSTNAME /usr/libexec/gdm-x-session[1768]: (II) Loader magic: 0x563ee9241020
Nov 16 23:47:59 HOSTNAME /usr/libexec/gdm-x-session[1768]: (II) Module ABI versions:
Nov 16 23:47:59 HOSTNAME /usr/libexec/gdm-x-session[1768]:         X.Org ANSI C Emulation: 0.4
Nov 16 23:47:59 HOSTNAME /usr/libexec/gdm-x-session[1768]:         X.Org Video Driver: 25.2
Nov 16 23:47:59 HOSTNAME /usr/libexec/gdm-x-session[1768]:         X.Org XInput driver : 24.4
Nov 16 23:47:59 HOSTNAME /usr/libexec/gdm-x-session[1768]:         X.Org Server Extension : 10.0
Nov 16 23:47:59 HOSTNAME /usr/libexec/gdm-x-session[1768]: (++) using VT number 1
Nov 16 23:47:59 HOSTNAME /usr/libexec/gdm-x-session[1768]: (II) systemd-logind: took control of session /org/freedesktop/login1/session/c1
Nov 16 23:47:59 HOSTNAME /usr/libexec/gdm-x-session[1768]: (II) xfree86: Adding drm device (/dev/dri/card0)
Nov 16 23:47:59 HOSTNAME /usr/libexec/gdm-x-session[1768]: (II) Platform probe for /sys/devices/pci0000:00/0000:00:03.1/0000:2d:00.0/drm/card0
Nov 16 23:47:59 HOSTNAME /usr/libexec/gdm-x-session[1768]: (II) systemd-logind: got fd for /dev/dri/card0 226:0 fd 14 paused 0
Nov 16 23:47:59 HOSTNAME /usr/libexec/gdm-x-session[1768]: (**) OutputClass "nvidia" ModulePath extended to "/usr/lib/x86_64-linux-gnu/nvidia/xorg,/usr/lib/xorg/modules"
Nov 16 23:47:59 HOSTNAME /usr/libexec/gdm-x-session[1768]: (--) PCI:*(45@0:0:0) 10de:1e84:1462:3860 rev 161, Mem @ 0xfb000000/16777216, 0xd0000000/268435456, 0xe0000000/33554432, I/O @ 0x0000f000/128, BIOS @ 0x????????/524288
Nov 16 23:47:59 HOSTNAME /usr/libexec/gdm-x-session[1768]: (II) "glx" will be loaded by default.
Nov 16 23:47:59 HOSTNAME /usr/libexec/gdm-x-session[1768]: (II) LoadModule: "vnc"
Nov 16 23:47:59 HOSTNAME /usr/libexec/gdm-x-session[1768]: (WW) Warning, couldn't open module vnc
Nov 16 23:47:59 HOSTNAME /usr/libexec/gdm-x-session[1768]: (EE) Failed to load module "vnc" (module does not exist, 0)
Nov 16 23:47:59 HOSTNAME /usr/libexec/gdm-x-session[1768]: (II) LoadModule: "glx"
Nov 16 23:47:59 HOSTNAME /usr/libexec/gdm-x-session[1768]: (II) Loading /usr/lib/xorg/modules/extensions/libglx.so
Nov 16 23:47:59 HOSTNAME /usr/libexec/gdm-x-session[1768]: (II) Module glx: vendor="X.Org Foundation"
Nov 16 23:47:59 HOSTNAME /usr/libexec/gdm-x-session[1768]:         compiled for 1.21.1.7, module version = 1.0.0
Nov 16 23:47:59 HOSTNAME /usr/libexec/gdm-x-session[1768]:         ABI class: X.Org Server Extension, version 10.0
Nov 16 23:47:59 HOSTNAME /usr/libexec/gdm-x-session[1768]: (II) LoadModule: "nvidia"
Nov 16 23:47:59 HOSTNAME /usr/libexec/gdm-x-session[1768]: (II) Loading /usr/lib/x86_64-linux-gnu/nvidia/xorg/nvidia_drv.so
Nov 16 23:47:59 HOSTNAME /usr/libexec/gdm-x-session[1768]: (II) Module nvidia: vendor="NVIDIA Corporation"
Nov 16 23:47:59 HOSTNAME /usr/libexec/gdm-x-session[1768]:         compiled for 1.6.99.901, module version = 1.0.0
Nov 16 23:47:59 HOSTNAME /usr/libexec/gdm-x-session[1768]:         Module class: X.Org Video Driver
Nov 16 23:47:59 HOSTNAME /usr/libexec/gdm-x-session[1768]: (II) NVIDIA dlloader X Driver  545.29.02  Thu Oct 26 20:56:09 UTC 2023
Nov 16 23:47:59 HOSTNAME /usr/libexec/gdm-x-session[1768]: (II) NVIDIA Unified Driver for all Supported NVIDIA GPUs
Nov 16 23:47:59 HOSTNAME /usr/libexec/gdm-x-session[1768]: (II) systemd-logind: releasing fd for 226:0
Nov 16 23:47:59 HOSTNAME /usr/libexec/gdm-x-session[1768]: (II) Loading sub module "fb"
Nov 16 23:47:59 HOSTNAME /usr/libexec/gdm-x-session[1768]: (II) LoadModule: "fb"
Nov 16 23:47:59 HOSTNAME /usr/libexec/gdm-x-session[1768]: (II) Module "fb" already built-in
Nov 16 23:47:59 HOSTNAME /usr/libexec/gdm-x-session[1768]: (II) Loading sub module "wfb"
Nov 16 23:47:59 HOSTNAME /usr/libexec/gdm-x-session[1768]: (II) LoadModule: "wfb"
Nov 16 23:47:59 HOSTNAME /usr/libexec/gdm-x-session[1768]: (II) Loading /usr/lib/xorg/modules/libwfb.so
Nov 16 23:47:59 HOSTNAME /usr/libexec/gdm-x-session[1768]: (II) Module wfb: vendor="X.Org Foundation"
Nov 16 23:47:59 HOSTNAME /usr/libexec/gdm-x-session[1768]:         compiled for 1.21.1.7, module version = 1.0.0
Nov 16 23:47:59 HOSTNAME /usr/libexec/gdm-x-session[1768]:         ABI class: X.Org ANSI C Emulation, version 0.4
Nov 16 23:47:59 HOSTNAME /usr/libexec/gdm-x-session[1768]: (WW) VGA arbiter: cannot open kernel arbiter, no multi-card support
Nov 16 23:47:59 HOSTNAME /usr/libexec/gdm-x-session[1768]: (II) NVIDIA(0): Creating default Display subsection in Screen section
Nov 16 23:47:59 HOSTNAME /usr/libexec/gdm-x-session[1768]:         "Screen0" for depth/fbbpp 24/32
Nov 16 23:47:59 HOSTNAME /usr/libexec/gdm-x-session[1768]: (==) NVIDIA(0): Depth 24, (==) framebuffer bpp 32
Nov 16 23:47:59 HOSTNAME /usr/libexec/gdm-x-session[1768]: (==) NVIDIA(0): RGB weight 888
Nov 16 23:47:59 HOSTNAME /usr/libexec/gdm-x-session[1768]: (==) NVIDIA(0): Default visual is TrueColor
Nov 16 23:47:59 HOSTNAME /usr/libexec/gdm-x-session[1768]: (==) NVIDIA(0): Using gamma correction (1.0, 1.0, 1.0)
Nov 16 23:47:59 HOSTNAME /usr/libexec/gdm-x-session[1768]: (II) Applying OutputClass "nvidia" options to /dev/dri/card0
Nov 16 23:47:59 HOSTNAME /usr/libexec/gdm-x-session[1768]: (**) NVIDIA(0): Option "AllowEmptyInitialConfiguration"
Nov 16 23:47:59 HOSTNAME /usr/libexec/gdm-x-session[1768]: (**) NVIDIA(0): Enabling 2D acceleration
Nov 16 23:47:59 HOSTNAME /usr/libexec/gdm-x-session[1768]: (II) Loading sub module "glxserver_nvidia"
Nov 16 23:47:59 HOSTNAME /usr/libexec/gdm-x-session[1768]: (II) LoadModule: "glxserver_nvidia"
Nov 16 23:47:59 HOSTNAME /usr/libexec/gdm-x-session[1768]: (II) Loading /usr/lib/x86_64-linux-gnu/nvidia/xorg/libglxserver_nvidia.so
Nov 16 23:47:59 HOSTNAME /usr/libexec/gdm-x-session[1768]: (II) Module glxserver_nvidia: vendor="NVIDIA Corporation"
Nov 16 23:47:59 HOSTNAME /usr/libexec/gdm-x-session[1768]:         compiled for 1.6.99.901, module version = 1.0.0
Nov 16 23:47:59 HOSTNAME /usr/libexec/gdm-x-session[1768]:         Module class: X.Org Server Extension
Nov 16 23:47:59 HOSTNAME /usr/libexec/gdm-x-session[1768]: (II) NVIDIA GLX Module  545.29.02  Thu Oct 26 20:59:27 UTC 2023
Nov 16 23:47:59 HOSTNAME /usr/libexec/gdm-x-session[1768]: (II) NVIDIA: The X server supports PRIME Render Offload.
Nov 16 23:47:59 HOSTNAME /usr/libexec/gdm-x-session[1768]: (--) NVIDIA(0): Valid display device(s) on GPU-0 at PCI:45:0:0
Nov 16 23:47:59 HOSTNAME /usr/libexec/gdm-x-session[1768]: (--) NVIDIA(0):     DFP-0
Nov 16 23:47:59 HOSTNAME /usr/libexec/gdm-x-session[1768]: (--) NVIDIA(0):     DFP-1
Nov 16 23:47:59 HOSTNAME /usr/libexec/gdm-x-session[1768]: (--) NVIDIA(0):     DFP-2
Nov 16 23:47:59 HOSTNAME /usr/libexec/gdm-x-session[1768]: (--) NVIDIA(0):     DFP-3
Nov 16 23:47:59 HOSTNAME /usr/libexec/gdm-x-session[1768]: (--) NVIDIA(0):     DFP-4
Nov 16 23:47:59 HOSTNAME /usr/libexec/gdm-x-session[1768]: (--) NVIDIA(0):     DFP-5 (boot)
Nov 16 23:47:59 HOSTNAME /usr/libexec/gdm-x-session[1768]: (--) NVIDIA(0):     DFP-6
Nov 16 23:47:59 HOSTNAME /usr/libexec/gdm-x-session[1768]: (II) NVIDIA(0): NVIDIA GPU NVIDIA GeForce RTX 2070 SUPER (TU104-A) at
Nov 16 23:47:59 HOSTNAME /usr/libexec/gdm-x-session[1768]: (II) NVIDIA(0):     PCI:45:0:0 (GPU-0)
Nov 16 23:47:59 HOSTNAME /usr/libexec/gdm-x-session[1768]: (--) NVIDIA(0): Memory: 8388608 kBytes
Nov 16 23:47:59 HOSTNAME /usr/libexec/gdm-x-session[1768]: (--) NVIDIA(0): VideoBIOS: 90.04.95.00.58
Nov 16 23:47:59 HOSTNAME /usr/libexec/gdm-x-session[1768]: (II) NVIDIA(0): Detected PCI Express Link width: 16X
Nov 16 23:47:59 HOSTNAME /usr/libexec/gdm-x-session[1768]: (--) NVIDIA(GPU-0): Eizo EV2316W (DFP-0): connected
Nov 16 23:47:59 HOSTNAME /usr/libexec/gdm-x-session[1768]: (--) NVIDIA(GPU-0): Eizo EV2316W (DFP-0): Internal DisplayPort
Nov 16 23:47:59 HOSTNAME /usr/libexec/gdm-x-session[1768]: (--) NVIDIA(GPU-0): Eizo EV2316W (DFP-0): 2660.0 MHz maximum pixel clock
Nov 16 23:47:59 HOSTNAME /usr/libexec/gdm-x-session[1768]: (--) NVIDIA(GPU-0):
Nov 16 23:47:59 HOSTNAME /usr/libexec/gdm-x-session[1768]: (--) NVIDIA(GPU-0): DFP-1: disconnected
Nov 16 23:47:59 HOSTNAME /usr/libexec/gdm-x-session[1768]: (--) NVIDIA(GPU-0): DFP-1: Internal TMDS
Nov 16 23:47:59 HOSTNAME /usr/libexec/gdm-x-session[1768]: (--) NVIDIA(GPU-0): DFP-1: 165.0 MHz maximum pixel clock
Nov 16 23:47:59 HOSTNAME /usr/libexec/gdm-x-session[1768]: (--) NVIDIA(GPU-0):
Nov 16 23:47:59 HOSTNAME /usr/libexec/gdm-x-session[1768]: (--) NVIDIA(GPU-0): DFP-2: disconnected
Nov 16 23:47:59 HOSTNAME /usr/libexec/gdm-x-session[1768]: (--) NVIDIA(GPU-0): DFP-2: Internal TMDS
Nov 16 23:47:59 HOSTNAME /usr/libexec/gdm-x-session[1768]: (--) NVIDIA(GPU-0): DFP-2: 165.0 MHz maximum pixel clock
Nov 16 23:47:59 HOSTNAME /usr/libexec/gdm-x-session[1768]: (--) NVIDIA(GPU-0):
Nov 16 23:47:59 HOSTNAME /usr/libexec/gdm-x-session[1768]: (--) NVIDIA(GPU-0): DFP-3: disconnected
Nov 16 23:47:59 HOSTNAME /usr/libexec/gdm-x-session[1768]: (--) NVIDIA(GPU-0): DFP-3: Internal DisplayPort
Nov 16 23:47:59 HOSTNAME /usr/libexec/gdm-x-session[1768]: (--) NVIDIA(GPU-0): DFP-3: 2660.0 MHz maximum pixel clock
Nov 16 23:47:59 HOSTNAME /usr/libexec/gdm-x-session[1768]: (--) NVIDIA(GPU-0):
Nov 16 23:47:59 HOSTNAME /usr/libexec/gdm-x-session[1768]: (--) NVIDIA(GPU-0): DFP-4: disconnected
Nov 16 23:47:59 HOSTNAME /usr/libexec/gdm-x-session[1768]: (--) NVIDIA(GPU-0): DFP-4: Internal TMDS
Nov 16 23:47:59 HOSTNAME /usr/libexec/gdm-x-session[1768]: (--) NVIDIA(GPU-0): DFP-4: 165.0 MHz maximum pixel clock
Nov 16 23:47:59 HOSTNAME /usr/libexec/gdm-x-session[1768]: (--) NVIDIA(GPU-0):
Nov 16 23:47:59 HOSTNAME /usr/libexec/gdm-x-session[1768]: (--) NVIDIA(GPU-0): Eizo EV2316W (DFP-5): connected
Nov 16 23:47:59 HOSTNAME /usr/libexec/gdm-x-session[1768]: (--) NVIDIA(GPU-0): Eizo EV2316W (DFP-5): Internal DisplayPort
Nov 16 23:47:59 HOSTNAME /usr/libexec/gdm-x-session[1768]: (--) NVIDIA(GPU-0): Eizo EV2316W (DFP-5): 2660.0 MHz maximum pixel clock
Nov 16 23:47:59 HOSTNAME /usr/libexec/gdm-x-session[1768]: (--) NVIDIA(GPU-0):
Nov 16 23:47:59 HOSTNAME /usr/libexec/gdm-x-session[1768]: (--) NVIDIA(GPU-0): DFP-6: disconnected
Nov 16 23:47:59 HOSTNAME /usr/libexec/gdm-x-session[1768]: (--) NVIDIA(GPU-0): DFP-6: Internal TMDS
Nov 16 23:47:59 HOSTNAME /usr/libexec/gdm-x-session[1768]: (--) NVIDIA(GPU-0): DFP-6: 165.0 MHz maximum pixel clock
Nov 16 23:47:59 HOSTNAME /usr/libexec/gdm-x-session[1768]: (--) NVIDIA(GPU-0):
Nov 16 23:47:59 HOSTNAME /usr/libexec/gdm-x-session[1768]: (==) NVIDIA(0):
Nov 16 23:47:59 HOSTNAME /usr/libexec/gdm-x-session[1768]: (==) NVIDIA(0): No modes were requested; the default mode "nvidia-auto-select"
Nov 16 23:47:59 HOSTNAME /usr/libexec/gdm-x-session[1768]: (==) NVIDIA(0):     will be used as the requested mode.
Nov 16 23:47:59 HOSTNAME /usr/libexec/gdm-x-session[1768]: (==) NVIDIA(0):
Nov 16 23:47:59 HOSTNAME /usr/libexec/gdm-x-session[1768]: (II) NVIDIA(0): Validated MetaModes:
Nov 16 23:47:59 HOSTNAME /usr/libexec/gdm-x-session[1768]: (II) NVIDIA(0):     "DFP-5:nvidia-auto-select,DFP-0:nvidia-auto-select"
Nov 16 23:47:59 HOSTNAME /usr/libexec/gdm-x-session[1768]: (II) NVIDIA(0): Virtual screen size determined to be 3840 x 1080
Nov 16 23:47:59 HOSTNAME /usr/libexec/gdm-x-session[1768]: (--) NVIDIA(0): DPI set to (95, 94); computed from "UseEdidDpi" X config
Nov 16 23:47:59 HOSTNAME /usr/libexec/gdm-x-session[1768]: (--) NVIDIA(0):     option
Nov 16 23:47:59 HOSTNAME /usr/libexec/gdm-x-session[1768]: (WW) NVIDIA: Failed to bind sideband socket to
Nov 16 23:47:59 HOSTNAME /usr/libexec/gdm-x-session[1768]: (WW) NVIDIA:     '/var/run/nvidia-xdriver-2e1407a6' Permission denied
Nov 16 23:47:59 HOSTNAME /usr/libexec/gdm-x-session[1768]: (II) NVIDIA: Reserving 24576.00 MB of virtual memory for indirect memory
Nov 16 23:47:59 HOSTNAME /usr/libexec/gdm-x-session[1768]: (II) NVIDIA:     access.
Nov 16 23:47:59 HOSTNAME /usr/libexec/gdm-x-session[1768]: (II) NVIDIA(0): Setting mode "DFP-5:nvidia-auto-select,DFP-0:nvidia-auto-select"
Nov 16 23:47:59 HOSTNAME /usr/libexec/gdm-x-session[1768]: (==) NVIDIA(0): Disabling shared memory pixmaps
Nov 16 23:47:59 HOSTNAME /usr/libexec/gdm-x-session[1768]: (==) NVIDIA(0): Backing store enabled
Nov 16 23:47:59 HOSTNAME /usr/libexec/gdm-x-session[1768]: (==) NVIDIA(0): Silken mouse enabled
Nov 16 23:47:59 HOSTNAME /usr/libexec/gdm-x-session[1768]: (==) NVIDIA(0): DPMS enabled
Nov 16 23:47:59 HOSTNAME /usr/libexec/gdm-x-session[1768]: (WW) NVIDIA(0): Option "UserPasswdVerifier" is not used
Nov 16 23:47:59 HOSTNAME /usr/libexec/gdm-x-session[1768]: (WW) NVIDIA(0): Option "PasswordFile" is not used
Nov 16 23:47:59 HOSTNAME /usr/libexec/gdm-x-session[1768]: (II) Loading sub module "dri2"
Nov 16 23:47:59 HOSTNAME /usr/libexec/gdm-x-session[1768]: (II) LoadModule: "dri2"
Nov 16 23:47:59 HOSTNAME /usr/libexec/gdm-x-session[1768]: (II) Module "dri2" already built-in
Nov 16 23:47:59 HOSTNAME /usr/libexec/gdm-x-session[1768]: (II) NVIDIA(0): [DRI2] Setup complete
Nov 16 23:47:59 HOSTNAME /usr/libexec/gdm-x-session[1768]: (II) NVIDIA(0): [DRI2]   VDPAU driver: nvidia
Nov 16 23:47:59 HOSTNAME /usr/libexec/gdm-x-session[1768]: (II) Initializing extension Generic Event Extension
Nov 16 23:47:59 HOSTNAME /usr/libexec/gdm-x-session[1768]: (II) Initializing extension SHAPE
Nov 16 23:47:59 HOSTNAME /usr/libexec/gdm-x-session[1768]: (II) Initializing extension MIT-SHM
Nov 16 23:47:59 HOSTNAME /usr/libexec/gdm-x-session[1768]: (II) Initializing extension XInputExtension
Nov 16 23:47:59 HOSTNAME /usr/libexec/gdm-x-session[1768]: (II) Initializing extension XTEST
Nov 16 23:47:59 HOSTNAME /usr/libexec/gdm-x-session[1768]: (II) Initializing extension BIG-REQUESTS
Nov 16 23:47:59 HOSTNAME /usr/libexec/gdm-x-session[1768]: (II) Initializing extension SYNC
Nov 16 23:47:59 HOSTNAME /usr/libexec/gdm-x-session[1768]: (II) Initializing extension XKEYBOARD
Nov 16 23:47:59 HOSTNAME /usr/libexec/gdm-x-session[1768]: (II) Initializing extension XC-MISC
Nov 16 23:47:59 HOSTNAME /usr/libexec/gdm-x-session[1768]: (II) Initializing extension SECURITY
Nov 16 23:47:59 HOSTNAME /usr/libexec/gdm-x-session[1768]: (II) Initializing extension XFIXES
Nov 16 23:47:59 HOSTNAME /usr/libexec/gdm-x-session[1768]: (II) Initializing extension RENDER
Nov 16 23:47:59 HOSTNAME /usr/libexec/gdm-x-session[1768]: (II) Initializing extension RANDR
Nov 16 23:47:59 HOSTNAME /usr/libexec/gdm-x-session[1768]: (II) Initializing extension COMPOSITE
Nov 16 23:47:59 HOSTNAME /usr/libexec/gdm-x-session[1768]: (II) Initializing extension DAMAGE
Nov 16 23:47:59 HOSTNAME /usr/libexec/gdm-x-session[1768]: (II) Initializing extension MIT-SCREEN-SAVER
Nov 16 23:47:59 HOSTNAME /usr/libexec/gdm-x-session[1768]: (II) Initializing extension DOUBLE-BUFFER
Nov 16 23:47:59 HOSTNAME /usr/libexec/gdm-x-session[1768]: (II) Initializing extension RECORD
Nov 16 23:47:59 HOSTNAME /usr/libexec/gdm-x-session[1768]: (II) Initializing extension DPMS
Nov 16 23:47:59 HOSTNAME /usr/libexec/gdm-x-session[1768]: (II) Initializing extension Present
Nov 16 23:47:59 HOSTNAME /usr/libexec/gdm-x-session[1768]: (II) Initializing extension DRI3
Nov 16 23:47:59 HOSTNAME /usr/libexec/gdm-x-session[1768]: (II) Initializing extension X-Resource
Nov 16 23:47:59 HOSTNAME /usr/libexec/gdm-x-session[1768]: (II) Initializing extension XVideo
Nov 16 23:47:59 HOSTNAME /usr/libexec/gdm-x-session[1768]: (II) Initializing extension XVideo-MotionCompensation
Nov 16 23:47:59 HOSTNAME /usr/libexec/gdm-x-session[1768]: (II) Initializing extension SELinux
Nov 16 23:47:59 HOSTNAME /usr/libexec/gdm-x-session[1768]: (II) SELinux: Disabled on system
Nov 16 23:47:59 HOSTNAME /usr/libexec/gdm-x-session[1768]: (II) Initializing extension GLX
Nov 16 23:47:59 HOSTNAME /usr/libexec/gdm-x-session[1768]: (II) Initializing extension GLX
Nov 16 23:47:59 HOSTNAME /usr/libexec/gdm-x-session[1768]: (II) Indirect GLX disabled.
Nov 16 23:47:59 HOSTNAME /usr/libexec/gdm-x-session[1768]: (II) GLX: Another vendor is already registered for screen 0
Nov 16 23:47:59 HOSTNAME /usr/libexec/gdm-x-session[1768]: (II) Initializing extension XFree86-VidModeExtension
Nov 16 23:47:59 HOSTNAME /usr/libexec/gdm-x-session[1768]: (II) Initializing extension XFree86-DGA
Nov 16 23:47:59 HOSTNAME /usr/libexec/gdm-x-session[1768]: (II) Initializing extension XFree86-DRI
Nov 16 23:47:59 HOSTNAME /usr/libexec/gdm-x-session[1768]: (II) Initializing extension DRI2
Nov 16 23:47:59 HOSTNAME /usr/libexec/gdm-x-session[1768]: (II) Initializing extension NV-GLX
Nov 16 23:47:59 HOSTNAME /usr/libexec/gdm-x-session[1768]: (II) Initializing extension NV-CONTROL
Nov 16 23:47:59 HOSTNAME /usr/libexec/gdm-x-session[1768]: (II) Initializing extension XINERAMA
Nov 16 23:47:59 HOSTNAME /usr/libexec/gdm-x-session[1768]: (II) config/udev: Adding input device Power Button (/dev/input/event1)
Nov 16 23:47:59 HOSTNAME /usr/libexec/gdm-x-session[1768]: (**) Power Button: Applying InputClass "libinput keyboard catchall"
Nov 16 23:47:59 HOSTNAME /usr/libexec/gdm-x-session[1768]: (**) Power Button: Applying InputClass "system-keyboard"
Nov 16 23:47:59 HOSTNAME /usr/libexec/gdm-x-session[1768]: (II) LoadModule: "libinput"
Nov 16 23:47:59 HOSTNAME /usr/libexec/gdm-x-session[1768]: (II) Loading /usr/lib/xorg/modules/input/libinput_drv.so
Nov 16 23:47:59 HOSTNAME /usr/libexec/gdm-x-session[1768]: (II) Module libinput: vendor="X.Org Foundation"
Nov 16 23:47:59 HOSTNAME /usr/libexec/gdm-x-session[1768]:         compiled for 1.21.1.7, module version = 1.3.0
Nov 16 23:47:59 HOSTNAME /usr/libexec/gdm-x-session[1768]:         Module class: X.Org XInput Driver
Nov 16 23:47:59 HOSTNAME /usr/libexec/gdm-x-session[1768]:         ABI class: X.Org XInput driver, version 24.4
Nov 16 23:47:59 HOSTNAME /usr/libexec/gdm-x-session[1768]: (II) Using input driver 'libinput' for 'Power Button'
Nov 16 23:47:59 HOSTNAME /usr/libexec/gdm-x-session[1768]: (II) systemd-logind: got fd for /dev/input/event1 13:65 fd 39 paused 0
Nov 16 23:47:59 HOSTNAME /usr/libexec/gdm-x-session[1768]: (**) Power Button: always reports core events
Nov 16 23:47:59 HOSTNAME /usr/libexec/gdm-x-session[1768]: (**) Option "Device" "/dev/input/event1"
Nov 16 23:47:59 HOSTNAME /usr/libexec/gdm-x-session[1768]: (II) event1  - Power Button: is tagged by udev as: Keyboard
Nov 16 23:47:59 HOSTNAME /usr/libexec/gdm-x-session[1768]: (II) event1  - Power Button: device is a keyboard
Nov 16 23:47:59 HOSTNAME /usr/libexec/gdm-x-session[1768]: (II) event1  - Power Button: device removed
Nov 16 23:47:59 HOSTNAME /usr/libexec/gdm-x-session[1768]: (**) Option "config_info" "udev:/sys/devices/LNXSYSTM:00/LNXPWRBN:00/input/input1/event1"
Nov 16 23:47:59 HOSTNAME /usr/libexec/gdm-x-session[1768]: (II) XINPUT: Adding extended input device "Power Button" (type: KEYBOARD, id 6)
Nov 16 23:47:59 HOSTNAME /usr/libexec/gdm-x-session[1768]: (**) Option "xkb_model" "pc105"
Nov 16 23:47:59 HOSTNAME /usr/libexec/gdm-x-session[1768]: (**) Option "xkb_layout" "us"
Nov 16 23:47:59 HOSTNAME /usr/libexec/gdm-x-session[1768]: (**) Option "xkb_variant" ","
Nov 16 23:47:59 HOSTNAME /usr/libexec/gdm-x-session[1768]: (**) Option "xkb_options" "grp_led:scroll"
Nov 16 23:47:59 HOSTNAME /usr/libexec/gdm-x-session[1768]: (II) event1  - Power Button: is tagged by udev as: Keyboard
Nov 16 23:47:59 HOSTNAME /usr/libexec/gdm-x-session[1768]: (II) event1  - Power Button: device is a keyboard
Nov 16 23:47:59 HOSTNAME /usr/libexec/gdm-x-session[1768]: (II) config/udev: Adding input device Power Button (/dev/input/event0)
Nov 16 23:47:59 HOSTNAME /usr/libexec/gdm-x-session[1768]: (**) Power Button: Applying InputClass "libinput keyboard catchall"
Nov 16 23:47:59 HOSTNAME /usr/libexec/gdm-x-session[1768]: (**) Power Button: Applying InputClass "system-keyboard"
Nov 16 23:47:59 HOSTNAME /usr/libexec/gdm-x-session[1768]: (II) Using input driver 'libinput' for 'Power Button'
Nov 16 23:47:59 HOSTNAME /usr/libexec/gdm-x-session[1768]: (II) systemd-logind: got fd for /dev/input/event0 13:64 fd 42 paused 0
Nov 16 23:47:59 HOSTNAME /usr/libexec/gdm-x-session[1768]: (**) Power Button: always reports core events
Nov 16 23:47:59 HOSTNAME /usr/libexec/gdm-x-session[1768]: (**) Option "Device" "/dev/input/event0"
Nov 16 23:47:59 HOSTNAME /usr/libexec/gdm-x-session[1768]: (II) event0  - Power Button: is tagged by udev as: Keyboard
Nov 16 23:47:59 HOSTNAME /usr/libexec/gdm-x-session[1768]: (II) event0  - Power Button: device is a keyboard
Nov 16 23:47:59 HOSTNAME /usr/libexec/gdm-x-session[1768]: (II) event0  - Power Button: device removed
Nov 16 23:47:59 HOSTNAME /usr/libexec/gdm-x-session[1768]: (**) Option "config_info" "udev:/sys/devices/LNXSYSTM:00/LNXSYBUS:00/PNP0C0C:00/input/input0/event0"
Nov 16 23:47:59 HOSTNAME /usr/libexec/gdm-x-session[1768]: (II) XINPUT: Adding extended input device "Power Button" (type: KEYBOARD, id 7)
Nov 16 23:47:59 HOSTNAME /usr/libexec/gdm-x-session[1768]: (**) Option "xkb_model" "pc105"
Nov 16 23:47:59 HOSTNAME /usr/libexec/gdm-x-session[1768]: (**) Option "xkb_layout" "us"
Nov 16 23:47:59 HOSTNAME /usr/libexec/gdm-x-session[1768]: (**) Option "xkb_variant" ","
Nov 16 23:47:59 HOSTNAME /usr/libexec/gdm-x-session[1768]: (**) Option "xkb_options" "grp_led:scroll"
Nov 16 23:47:59 HOSTNAME /usr/libexec/gdm-x-session[1768]: (II) event0  - Power Button: is tagged by udev as: Keyboard
Nov 16 23:47:59 HOSTNAME /usr/libexec/gdm-x-session[1768]: (II) event0  - Power Button: device is a keyboard
Nov 16 23:47:59 HOSTNAME /usr/libexec/gdm-x-session[1768]: (II) config/udev: Adding input device UGTABLET 4 inch PenTablet Mouse (/dev/input/event4)
Nov 16 23:47:59 HOSTNAME /usr/libexec/gdm-x-session[1768]: (**) UGTABLET 4 inch PenTablet Mouse: Applying InputClass "libinput pointer catchall"
Nov 16 23:47:59 HOSTNAME /usr/libexec/gdm-x-session[1768]: (**) UGTABLET 4 inch PenTablet Mouse: Applying InputClass "Tablet"
Nov 16 23:47:59 HOSTNAME /usr/libexec/gdm-x-session[1768]: (II) LoadModule: "wacom"
Nov 16 23:47:59 HOSTNAME /usr/libexec/gdm-x-session[1768]: (II) Loading /usr/lib/xorg/modules/input/wacom_drv.so
Nov 16 23:47:59 HOSTNAME /usr/libexec/gdm-x-session[1768]: (II) Module wacom: vendor="X.Org Foundation"
Nov 16 23:47:59 HOSTNAME /usr/libexec/gdm-x-session[1768]:         compiled for 1.21.1.7, module version = 1.2.0
Nov 16 23:47:59 HOSTNAME /usr/libexec/gdm-x-session[1768]:         Module class: X.Org XInput Driver
Nov 16 23:47:59 HOSTNAME /usr/libexec/gdm-x-session[1768]:         ABI class: X.Org XInput driver, version 24.4
Nov 16 23:47:59 HOSTNAME /usr/libexec/gdm-x-session[1768]: (II) Build version: 1.2.0
Nov 16 23:47:59 HOSTNAME /usr/libexec/gdm-x-session[1768]: (II) wacom: Driver for Wacom graphics tablets: PenPartner, Graphire,
Nov 16 23:47:59 HOSTNAME /usr/libexec/gdm-x-session[1768]:         Graphire2 4x5, Graphire2 5x7, Graphire3 4x5, Graphire3 6x8,
Nov 16 23:47:59 HOSTNAME /usr/libexec/gdm-x-session[1768]:         Graphire4 4x5, Graphire4 6x8, BambooFun 4x5, BambooFun 6x8,
Nov 16 23:47:59 HOSTNAME /usr/libexec/gdm-x-session[1768]:         Bamboo1 Medium, Graphire4 6x8 BlueTooth, CTL-460, CTH-461, CTL-660,
Nov 16 23:47:59 HOSTNAME /usr/libexec/gdm-x-session[1768]:         CTL-461/S, Bamboo Touch, CTH-460/K, CTH-461/S, CTH-661/S1, CTH-461/L,
Nov 16 23:47:59 HOSTNAME /usr/libexec/gdm-x-session[1768]:         CTH-661/L, Intuos 4x5, Intuos 6x8, Intuos 9x12, Intuos 12x12,
Nov 16 23:47:59 HOSTNAME /usr/libexec/gdm-x-session[1768]:         Intuos 12x18, PTU600, PL400, PL500, PL600, PL600SX, PL550, PL800,
Nov 16 23:47:59 HOSTNAME /usr/libexec/gdm-x-session[1768]:         PL700, PL510, PL710, DTI520, DTF720, DTF720a, DTF521, DTU1931,
Nov 16 23:47:59 HOSTNAME /usr/libexec/gdm-x-session[1768]:         DTU2231, DTU1631, DTH1152, DTH1152, DTK2451, DTH2452, DTH2452,
Nov 16 23:47:59 HOSTNAME /usr/libexec/gdm-x-session[1768]:         Wacom One Pen Display 13, Intuos2 4x5, Intuos2 6x8, Intuos2 9x12,
Nov 16 23:47:59 HOSTNAME /usr/libexec/gdm-x-session[1768]:         Intuos2 12x12, Intuos2 12x18, Intuos2 6x8 , Volito, PenStation,
Nov 16 23:47:59 HOSTNAME /usr/libexec/gdm-x-session[1768]:         Volito2 4x5, Volito2 2x3, PenPartner2, Bamboo, Bamboo1, Bamboo1 4x6,
Nov 16 23:47:59 HOSTNAME /usr/libexec/gdm-x-session[1768]:         Bamboo1 5x8, Intuos3 4x5, Intuos3 6x8, Intuos3 9x12, Intuos3 12x12,
Nov 16 23:47:59 HOSTNAME /usr/libexec/gdm-x-session[1768]:         Intuos3 12x19, Intuos3 6x11, Intuos3 4x6, Intuos4 4x6, Intuos4 6x9,
Nov 16 23:47:59 HOSTNAME /usr/libexec/gdm-x-session[1768]:         Intuos4 8x13, Intuos4 12x19, Intuos4 WL USB Endpoint,
Nov 16 23:47:59 HOSTNAME /usr/libexec/gdm-x-session[1768]:         Intuos4 WL Bluetooth Endpoint, Intuos5 touch S, Intuos5 touch M,
Nov 16 23:47:59 HOSTNAME /usr/libexec/gdm-x-session[1768]:         Intuos5 touch L, Intuos5 S, Intuos5 M, Intuos Pro S, Intuos Pro M,
Nov 16 23:47:59 HOSTNAME /usr/libexec/gdm-x-session[1768]:         Intuos Pro L, Cintiq 21UX, Cintiq 20WSX, Cintiq 12WX, Cintiq 21UX2,
Nov 16 23:47:59 HOSTNAME /usr/libexec/gdm-x-session[1768]:         Cintiq 24HD, Cintiq 22HD, Cintiq 24HD touch (EMR digitizer),
Nov 16 23:47:59 HOSTNAME /usr/libexec/gdm-x-session[1768]:         Cintiq 13HD, DTK2241, DTH2242, Cintiq 22HDT, Cintiq 27QHDT,
Nov 16 23:47:59 HOSTNAME /usr/libexec/gdm-x-session[1768]:         Cintiq 27QHDT, Mobilestudio Pro 13, MobileStudio Pro 16,
Nov 16 23:47:59 HOSTNAME /usr/libexec/gdm-x-session[1768]:         MobileStudio Pro 13, MobileStudio Pro 16, Cintiq 13 FHD Pro,
Nov 16 23:47:59 HOSTNAME /usr/libexec/gdm-x-session[1768]:         Cintiq 16 UHD Pro, Cintiq Pro 24, Cintiq Pro 32, Cintiq 13 FHD Pro,
Nov 16 23:47:59 HOSTNAME /usr/libexec/gdm-x-session[1768]:         Cintiq 16 UHD Pro, Cintiq Pro 24, Cintiq Pro 32, Cintiq Pro 24,
Nov 16 23:47:59 HOSTNAME /usr/libexec/gdm-x-session[1768]:         Mobilestudio Pro 13, MobileStudio Pro 16, MobileStudio Pro 13,
Nov 16 23:47:59 HOSTNAME /usr/libexec/gdm-x-session[1768]:         MobileStudio Pro 16, MobileStudio Pro 16, MobileStudio Pro 16,
Nov 16 23:47:59 HOSTNAME /usr/libexec/gdm-x-session[1768]:         TabletPC 0x90, TabletPC 0x93, TabletPC 0x97, TabletPC 0x9A,
Nov 16 23:47:59 HOSTNAME /usr/libexec/gdm-x-session[1768]:         CapPlus  0x9F, TabletPC 0xE2, TabletPC 0xE3, TabletPC 0xE5,
Nov 16 23:47:59 HOSTNAME /usr/libexec/gdm-x-session[1768]:         TabletPC 0xE6, TabletPC 0xEC, TabletPC 0xED, TabletPC 0xEF,
Nov 16 23:47:59 HOSTNAME /usr/libexec/gdm-x-session[1768]:         TabletPC 0x100, TabletPC 0x101, TabletPC 0x10D, TabletPC 0x116,
Nov 16 23:47:59 HOSTNAME /usr/libexec/gdm-x-session[1768]:         TabletPC 0x12C, TabletPC 0x4001, TabletPC 0x4004, TabletPC 0x5000,
Nov 16 23:47:59 HOSTNAME /usr/libexec/gdm-x-session[1768]:         TabletPC 0x5002, usb:172f:0024, usb:172f:0025, usb:172f:0026,
Nov 16 23:47:59 HOSTNAME /usr/libexec/gdm-x-session[1768]:         usb:172f:0027, usb:172f:0028, usb:172f:0030, usb:172f:0031,
Nov 16 23:47:59 HOSTNAME /usr/libexec/gdm-x-session[1768]:         usb:172f:0032, usb:172f:0033, usb:172f:0034, usb:172f:0035,
Nov 16 23:47:59 HOSTNAME /usr/libexec/gdm-x-session[1768]:         usb:172f:0036, usb:172f:0037, usb:172f:0038, usb:172f:0039,
Nov 16 23:47:59 HOSTNAME /usr/libexec/gdm-x-session[1768]:         usb:172f:0051, usb:172f:0052, usb:172f:0053, usb:172f:0054,
Nov 16 23:47:59 HOSTNAME /usr/libexec/gdm-x-session[1768]:         usb:172f:0055, usb:172f:0056, usb:172f:0057, usb:172f:0058,
Nov 16 23:47:59 HOSTNAME /usr/libexec/gdm-x-session[1768]:         usb:172f:0500, usb:172f:0501, usb:172f:0502, usb:172f:0503,
Nov 16 23:47:59 HOSTNAME /usr/libexec/gdm-x-session[1768]:         usb:1b96:0001, usb:17ef:6004
Nov 16 23:47:59 HOSTNAME /usr/libexec/gdm-x-session[1768]: (II) Using input driver 'wacom' for 'UGTABLET 4 inch PenTablet Mouse'
Nov 16 23:47:59 HOSTNAME /usr/libexec/gdm-x-session[1768]: (II) systemd-logind: got fd for /dev/input/event4 13:68 fd 43 paused 0
Nov 16 23:47:59 HOSTNAME /usr/libexec/gdm-x-session[1768]: (**) UGTABLET 4 inch PenTablet Mouse: always reports core events
Nov 16 23:47:59 HOSTNAME /usr/libexec/gdm-x-session[1768]: (**) Option "Device" "/dev/input/event4"
Nov 16 23:47:59 HOSTNAME /usr/libexec/gdm-x-session[1768]: (II) wacom: UGTABLET 4 inch PenTablet Mouse: type not specified, assuming 'touch'.
Nov 16 23:47:59 HOSTNAME /usr/libexec/gdm-x-session[1768]: (II) wacom: UGTABLET 4 inch PenTablet Mouse: other types will be automatically added.
Nov 16 23:47:59 HOSTNAME /usr/libexec/gdm-x-session[1768]: (**) Option "Rotate" "cw"
Nov 16 23:47:59 HOSTNAME /usr/libexec/gdm-x-session[1768]: (**) wacom: UGTABLET 4 inch PenTablet Mouse touch: panscroll is 0
Nov 16 23:47:59 HOSTNAME /usr/libexec/gdm-x-session[1768]: (**) wacom: UGTABLET 4 inch PenTablet Mouse touch: panscroll modified to 13
Nov 16 23:47:59 HOSTNAME /usr/libexec/gdm-x-session[1768]: (--) wacom: UGTABLET 4 inch PenTablet Mouse touch: maxX=32767 maxY=32767 maxZ=2047 resX=0 resY=0
Nov 16 23:47:59 HOSTNAME /usr/libexec/gdm-x-session[1768]: (II) wacom: UGTABLET 4 inch PenTablet Mouse touch: hotplugging dependent devices.
Nov 16 23:47:59 HOSTNAME /usr/libexec/gdm-x-session[1768]: (II) wacom: UGTABLET 4 inch PenTablet Mouse touch: hotplugging completed.
Nov 16 23:47:59 HOSTNAME /usr/libexec/gdm-x-session[1768]: (**) Option "config_info" "udev:/sys/devices/pci0000:00/0000:00:01.2/0000:20:00.0/0000:21:08.0/0000:2a:00.1/usb1/1-1/1-1:1.0/0003:28BD:0913.0003/input/input4/event4"
Nov 16 23:47:59 HOSTNAME /usr/libexec/gdm-x-session[1768]: (II) XINPUT: Adding extended input device "UGTABLET 4 inch PenTablet Mouse touch" (type: TOUCH, id 8)
Nov 16 23:47:59 HOSTNAME /usr/libexec/gdm-x-session[1768]: (**) UGTABLET 4 inch PenTablet Mouse touch: (accel) keeping acceleration scheme 1
Nov 16 23:47:59 HOSTNAME /usr/libexec/gdm-x-session[1768]: (**) UGTABLET 4 inch PenTablet Mouse touch: (accel) acceleration profile 0
Nov 16 23:47:59 HOSTNAME /usr/libexec/gdm-x-session[1768]: (**) UGTABLET 4 inch PenTablet Mouse touch: (accel) acceleration factor: 2.000
Nov 16 23:47:59 HOSTNAME /usr/libexec/gdm-x-session[1768]: (**) UGTABLET 4 inch PenTablet Mouse touch: (accel) acceleration threshold: 4
Nov 16 23:47:59 HOSTNAME /usr/libexec/gdm-x-session[1768]: (II) config/udev: Adding input device UGTABLET 4 inch PenTablet Mouse (/dev/input/mouse0)
Nov 16 23:47:59 HOSTNAME /usr/libexec/gdm-x-session[1768]: (II) No input driver specified, ignoring this device.
Nov 16 23:47:59 HOSTNAME /usr/libexec/gdm-x-session[1768]: (II) This device may have been added with another device file.
Nov 16 23:47:59 HOSTNAME /usr/libexec/gdm-x-session[1768]: (II) config/udev: Adding input device UGTABLET 4 inch PenTablet Keyboard (/dev/input/event5)
Nov 16 23:47:59 HOSTNAME /usr/libexec/gdm-x-session[1768]: (**) UGTABLET 4 inch PenTablet Keyboard: Applying InputClass "libinput keyboard catchall"
Nov 16 23:47:59 HOSTNAME /usr/libexec/gdm-x-session[1768]: (**) UGTABLET 4 inch PenTablet Keyboard: Applying InputClass "system-keyboard"
Nov 16 23:47:59 HOSTNAME /usr/libexec/gdm-x-session[1768]: (**) UGTABLET 4 inch PenTablet Keyboard: Applying InputClass "Tablet"
Nov 16 23:47:59 HOSTNAME /usr/libexec/gdm-x-session[1768]: (II) Using input driver 'wacom' for 'UGTABLET 4 inch PenTablet Keyboard'
Nov 16 23:47:59 HOSTNAME /usr/libexec/gdm-x-session[1768]: (II) systemd-logind: got fd for /dev/input/event5 13:69 fd 44 paused 0
Nov 16 23:47:59 HOSTNAME /usr/libexec/gdm-x-session[1768]: (**) UGTABLET 4 inch PenTablet Keyboard: always reports core events
Nov 16 23:47:59 HOSTNAME /usr/libexec/gdm-x-session[1768]: (**) Option "Device" "/dev/input/event5"
Nov 16 23:47:59 HOSTNAME /usr/libexec/gdm-x-session[1768]: (EE) wacom: UGTABLET 4 inch PenTablet Keyboard: No valid type found for this device.
Nov 16 23:47:59 HOSTNAME /usr/libexec/gdm-x-session[1768]: (EE) wacom: UGTABLET 4 inch PenTablet Keyboard: No type specified
Nov 16 23:47:59 HOSTNAME /usr/libexec/gdm-x-session[1768]: (EE) wacom: UGTABLET 4 inch PenTablet Keyboard: Invalid type '(null)' for this device.
Nov 16 23:47:59 HOSTNAME /usr/libexec/gdm-x-session[1768]: (EE) PreInit returned 8 for "UGTABLET 4 inch PenTablet Keyboard"
Nov 16 23:47:59 HOSTNAME /usr/libexec/gdm-x-session[1768]: (II) UnloadModule: "wacom"
Nov 16 23:47:59 HOSTNAME /usr/libexec/gdm-x-session[1768]: (II) systemd-logind: releasing fd for 13:69
Nov 16 23:47:59 HOSTNAME /usr/libexec/gdm-x-session[1768]: (II) config/udev: Adding input device UGTABLET 4 inch PenTablet (/dev/input/event8)
Nov 16 23:47:59 HOSTNAME /usr/libexec/gdm-x-session[1768]: (**) UGTABLET 4 inch PenTablet: Applying InputClass "libinput tablet catchall"
Nov 16 23:47:59 HOSTNAME /usr/libexec/gdm-x-session[1768]: (**) UGTABLET 4 inch PenTablet: Applying InputClass "Tablet"
Nov 16 23:47:59 HOSTNAME /usr/libexec/gdm-x-session[1768]: (II) Using input driver 'wacom' for 'UGTABLET 4 inch PenTablet'
Nov 16 23:47:59 HOSTNAME /usr/libexec/gdm-x-session[1768]: (II) systemd-logind: got fd for /dev/input/event8 13:72 fd 44 paused 0
Nov 16 23:47:59 HOSTNAME /usr/libexec/gdm-x-session[1768]: (**) UGTABLET 4 inch PenTablet: always reports core events
Nov 16 23:47:59 HOSTNAME /usr/libexec/gdm-x-session[1768]: (**) Option "Device" "/dev/input/event8"
Nov 16 23:47:59 HOSTNAME /usr/libexec/gdm-x-session[1768]: (II) wacom: UGTABLET 4 inch PenTablet: type not specified, assuming 'stylus'.
Nov 16 23:47:59 HOSTNAME /usr/libexec/gdm-x-session[1768]: (II) wacom: UGTABLET 4 inch PenTablet: other types will be automatically added.
Nov 16 23:47:59 HOSTNAME /usr/libexec/gdm-x-session[1768]: (**) Option "Rotate" "cw"
Nov 16 23:47:59 HOSTNAME /usr/libexec/gdm-x-session[1768]: (--) wacom: UGTABLET 4 inch PenTablet stylus: using pressure threshold of 851 for button 1
Nov 16 23:47:59 HOSTNAME /usr/libexec/gdm-x-session[1768]: (**) wacom: UGTABLET 4 inch PenTablet stylus: panscroll is 0
Nov 16 23:47:59 HOSTNAME /usr/libexec/gdm-x-session[1768]: (**) wacom: UGTABLET 4 inch PenTablet stylus: panscroll modified to 5590
Nov 16 23:47:59 HOSTNAME /usr/libexec/gdm-x-session[1768]: (--) wacom: UGTABLET 4 inch PenTablet stylus: maxX=32767 maxY=32767 maxZ=8191 resX=323000 resY=430000  tilt=enabled
Nov 16 23:47:59 HOSTNAME /usr/libexec/gdm-x-session[1768]: (II) wacom: UGTABLET 4 inch PenTablet stylus: hotplugging dependent devices.
Nov 16 23:47:59 HOSTNAME /usr/libexec/gdm-x-session[1768]: (II) wacom: UGTABLET 4 inch PenTablet stylus: hotplugging completed.
Nov 16 23:47:59 HOSTNAME /usr/libexec/gdm-x-session[1768]: (**) Option "config_info" "udev:/sys/devices/pci0000:00/0000:00:01.2/0000:20:00.0/0000:21:08.0/0000:2a:00.1/usb1/1-1/1-1:1.1/0003:28BD:0913.0005/input/input8/event8"
Nov 16 23:47:59 HOSTNAME /usr/libexec/gdm-x-session[1768]: (II) XINPUT: Adding extended input device "UGTABLET 4 inch PenTablet stylus" (type: STYLUS, id 9)
Nov 16 23:47:59 HOSTNAME /usr/libexec/gdm-x-session[1768]: (**) UGTABLET 4 inch PenTablet stylus: (accel) keeping acceleration scheme 1
Nov 16 23:47:59 HOSTNAME /usr/libexec/gdm-x-session[1768]: (**) UGTABLET 4 inch PenTablet stylus: (accel) acceleration profile 0
Nov 16 23:47:59 HOSTNAME /usr/libexec/gdm-x-session[1768]: (**) UGTABLET 4 inch PenTablet stylus: (accel) acceleration factor: 2.000
Nov 16 23:47:59 HOSTNAME /usr/libexec/gdm-x-session[1768]: (**) UGTABLET 4 inch PenTablet stylus: (accel) acceleration threshold: 4
Nov 16 23:48:00 HOSTNAME /usr/libexec/gdm-x-session[1768]: (II) config/udev: Adding input device UGTABLET 4 inch PenTablet (/dev/input/mouse1)
Nov 16 23:48:00 HOSTNAME /usr/libexec/gdm-x-session[1768]: (II) No input driver specified, ignoring this device.
Nov 16 23:48:00 HOSTNAME /usr/libexec/gdm-x-session[1768]: (II) This device may have been added with another device file.
Nov 16 23:48:00 HOSTNAME /usr/libexec/gdm-x-session[1768]: (II) config/udev: Adding input device Razer Razer DeathAdder Elite (/dev/input/event10)
Nov 16 23:48:00 HOSTNAME /usr/libexec/gdm-x-session[1768]: (**) Razer Razer DeathAdder Elite: Applying InputClass "libinput pointer catchall"
Nov 16 23:48:00 HOSTNAME /usr/libexec/gdm-x-session[1768]: (II) Using input driver 'libinput' for 'Razer Razer DeathAdder Elite'
Nov 16 23:48:00 HOSTNAME /usr/libexec/gdm-x-session[1768]: (II) systemd-logind: got fd for /dev/input/event10 13:74 fd 45 paused 0
Nov 16 23:48:00 HOSTNAME /usr/libexec/gdm-x-session[1768]: (**) Razer Razer DeathAdder Elite: always reports core events
Nov 16 23:48:00 HOSTNAME /usr/libexec/gdm-x-session[1768]: (**) Option "Device" "/dev/input/event10"
Nov 16 23:48:00 HOSTNAME /usr/libexec/gdm-x-session[1768]: (II) event10 - Razer Razer DeathAdder Elite: is tagged by udev as: Mouse
Nov 16 23:48:00 HOSTNAME /usr/libexec/gdm-x-session[1768]: (II) event10 - Razer Razer DeathAdder Elite: device is a pointer
Nov 16 23:48:00 HOSTNAME /usr/libexec/gdm-x-session[1768]: (II) event10 - Razer Razer DeathAdder Elite: device removed
Nov 16 23:48:00 HOSTNAME /usr/libexec/gdm-x-session[1768]: (II) libinput: Razer Razer DeathAdder Elite: Step value 0 was provided, libinput Fallback acceleration function is used.
Nov 16 23:48:00 HOSTNAME /usr/libexec/gdm-x-session[1768]: (II) libinput: Razer Razer DeathAdder Elite: Step value 0 was provided, libinput Fallback acceleration function is used.
Nov 16 23:48:00 HOSTNAME /usr/libexec/gdm-x-session[1768]: (II) libinput: Razer Razer DeathAdder Elite: Step value 0 was provided, libinput Fallback acceleration function is used.
Nov 16 23:48:00 HOSTNAME /usr/libexec/gdm-x-session[1768]: (**) Option "config_info" "udev:/sys/devices/pci0000:00/0000:00:01.2/0000:20:00.0/0000:21:08.0/0000:2a:00.1/usb1/1-5/1-5:1.0/0003:1532:005C.000A/input/input21/event10"
Nov 16 23:48:00 HOSTNAME /usr/libexec/gdm-x-session[1768]: (II) XINPUT: Adding extended input device "Razer Razer DeathAdder Elite" (type: MOUSE, id 10)
Nov 16 23:48:00 HOSTNAME /usr/libexec/gdm-x-session[1768]: (**) Option "AccelerationScheme" "none"
Nov 16 23:48:00 HOSTNAME /usr/libexec/gdm-x-session[1768]: (**) Razer Razer DeathAdder Elite: (accel) selected scheme none/0
Nov 16 23:48:00 HOSTNAME /usr/libexec/gdm-x-session[1768]: (**) Razer Razer DeathAdder Elite: (accel) acceleration factor: 2.000
Nov 16 23:48:00 HOSTNAME /usr/libexec/gdm-x-session[1768]: (**) Razer Razer DeathAdder Elite: (accel) acceleration threshold: 4
Nov 16 23:48:00 HOSTNAME /usr/libexec/gdm-x-session[1768]: (II) event10 - Razer Razer DeathAdder Elite: is tagged by udev as: Mouse
Nov 16 23:48:00 HOSTNAME /usr/libexec/gdm-x-session[1768]: (II) event10 - Razer Razer DeathAdder Elite: device is a pointer
Nov 16 23:48:00 HOSTNAME /usr/libexec/gdm-x-session[1768]: (II) config/udev: Adding input device Razer Razer DeathAdder Elite (/dev/input/mouse3)
Nov 16 23:48:00 HOSTNAME /usr/libexec/gdm-x-session[1768]: (II) No input driver specified, ignoring this device.
Nov 16 23:48:00 HOSTNAME /usr/libexec/gdm-x-session[1768]: (II) This device may have been added with another device file.
Nov 16 23:48:00 HOSTNAME /usr/libexec/gdm-x-session[1768]: (II) config/udev: Adding input device Razer Razer DeathAdder Elite (/dev/input/event19)
Nov 16 23:48:00 HOSTNAME /usr/libexec/gdm-x-session[1768]: (**) Razer Razer DeathAdder Elite: Applying InputClass "libinput keyboard catchall"
Nov 16 23:48:00 HOSTNAME /usr/libexec/gdm-x-session[1768]: (**) Razer Razer DeathAdder Elite: Applying InputClass "system-keyboard"
Nov 16 23:48:00 HOSTNAME /usr/libexec/gdm-x-session[1768]: (II) Using input driver 'libinput' for 'Razer Razer DeathAdder Elite'
Nov 16 23:48:00 HOSTNAME /usr/libexec/gdm-x-session[1768]: (II) systemd-logind: got fd for /dev/input/event19 13:83 fd 46 paused 0
Nov 16 23:48:00 HOSTNAME /usr/libexec/gdm-x-session[1768]: (**) Razer Razer DeathAdder Elite: always reports core events
Nov 16 23:48:00 HOSTNAME /usr/libexec/gdm-x-session[1768]: (**) Option "Device" "/dev/input/event19"
Nov 16 23:48:00 HOSTNAME /usr/libexec/gdm-x-session[1768]: (II) event19 - Razer Razer DeathAdder Elite: is tagged by udev as: Keyboard
Nov 16 23:48:00 HOSTNAME /usr/libexec/gdm-x-session[1768]: (II) event19 - Razer Razer DeathAdder Elite: device is a keyboard
Nov 16 23:48:00 HOSTNAME /usr/libexec/gdm-x-session[1768]: (II) event19 - Razer Razer DeathAdder Elite: device removed
Nov 16 23:48:00 HOSTNAME /usr/libexec/gdm-x-session[1768]: (II) libinput: Razer Razer DeathAdder Elite: needs a virtual subdevice
Nov 16 23:48:00 HOSTNAME /usr/libexec/gdm-x-session[1768]: (**) Option "config_info" "udev:/sys/devices/pci0000:00/0000:00:01.2/0000:20:00.0/0000:21:08.0/0000:2a:00.1/usb1/1-5/1-5:1.1/0003:1532:005C.000B/input/input34/event19"
Nov 16 23:48:00 HOSTNAME /usr/libexec/gdm-x-session[1768]: (II) XINPUT: Adding extended input device "Razer Razer DeathAdder Elite" (type: MOUSE, id 11)
Nov 16 23:48:00 HOSTNAME /usr/libexec/gdm-x-session[1768]: (**) Option "AccelerationScheme" "none"
Nov 16 23:48:00 HOSTNAME /usr/libexec/gdm-x-session[1768]: (**) Razer Razer DeathAdder Elite: (accel) selected scheme none/0
Nov 16 23:48:00 HOSTNAME /usr/libexec/gdm-x-session[1768]: (**) Razer Razer DeathAdder Elite: (accel) acceleration factor: 2.000
Nov 16 23:48:00 HOSTNAME /usr/libexec/gdm-x-session[1768]: (**) Razer Razer DeathAdder Elite: (accel) acceleration threshold: 4
Nov 16 23:48:00 HOSTNAME /usr/libexec/gdm-x-session[1768]: (II) event19 - Razer Razer DeathAdder Elite: is tagged by udev as: Keyboard
Nov 16 23:48:00 HOSTNAME /usr/libexec/gdm-x-session[1768]: (II) event19 - Razer Razer DeathAdder Elite: device is a keyboard
Nov 16 23:48:00 HOSTNAME /usr/libexec/gdm-x-session[1768]: (II) config/udev: Adding input device Razer Razer DeathAdder Elite (/dev/input/event15)
Nov 16 23:48:00 HOSTNAME /usr/libexec/gdm-x-session[1768]: (**) Razer Razer DeathAdder Elite: Applying InputClass "libinput keyboard catchall"
Nov 16 23:48:00 HOSTNAME /usr/libexec/gdm-x-session[1768]: (**) Razer Razer DeathAdder Elite: Applying InputClass "system-keyboard"
Nov 16 23:48:00 HOSTNAME /usr/libexec/gdm-x-session[1768]: (II) Using input driver 'libinput' for 'Razer Razer DeathAdder Elite'
Nov 16 23:48:00 HOSTNAME /usr/libexec/gdm-x-session[1768]: (II) systemd-logind: got fd for /dev/input/event15 13:79 fd 47 paused 0
Nov 16 23:48:00 HOSTNAME /usr/libexec/gdm-x-session[1768]: (**) Razer Razer DeathAdder Elite: always reports core events
Nov 16 23:48:00 HOSTNAME /usr/libexec/gdm-x-session[1768]: (**) Option "Device" "/dev/input/event15"
Nov 16 23:48:00 HOSTNAME /usr/libexec/gdm-x-session[1768]: (II) event15 - Razer Razer DeathAdder Elite: is tagged by udev as: Keyboard
Nov 16 23:48:00 HOSTNAME /usr/libexec/gdm-x-session[1768]: (II) event15 - Razer Razer DeathAdder Elite: device is a keyboard
Nov 16 23:48:00 HOSTNAME /usr/libexec/gdm-x-session[1768]: (II) event15 - Razer Razer DeathAdder Elite: device removed
Nov 16 23:48:00 HOSTNAME /usr/libexec/gdm-x-session[1768]: (**) Option "config_info" "udev:/sys/devices/pci0000:00/0000:00:01.2/0000:20:00.0/0000:21:08.0/0000:2a:00.1/usb1/1-5/1-5:1.2/0003:1532:005C.000C/input/input33/event15"
Nov 16 23:48:00 HOSTNAME /usr/libexec/gdm-x-session[1768]: (II) XINPUT: Adding extended input device "Razer Razer DeathAdder Elite" (type: KEYBOARD, id 12)
Nov 16 23:48:00 HOSTNAME /usr/libexec/gdm-x-session[1768]: (**) Option "xkb_model" "pc105"
Nov 16 23:48:00 HOSTNAME /usr/libexec/gdm-x-session[1768]: (**) Option "xkb_layout" "us"
Nov 16 23:48:00 HOSTNAME /usr/libexec/gdm-x-session[1768]: (**) Option "xkb_variant" ","
Nov 16 23:48:00 HOSTNAME /usr/libexec/gdm-x-session[1768]: (**) Option "xkb_options" "grp_led:scroll"
Nov 16 23:48:00 HOSTNAME /usr/libexec/gdm-x-session[1768]: (II) event15 - Razer Razer DeathAdder Elite: is tagged by udev as: Keyboard
Nov 16 23:48:00 HOSTNAME /usr/libexec/gdm-x-session[1768]: (II) event15 - Razer Razer DeathAdder Elite: device is a keyboard
Nov 16 23:48:00 HOSTNAME /usr/libexec/gdm-x-session[1768]: (II) config/udev: Adding input device Razer Razer Huntsman Tournament Edition (/dev/input/event3)
Nov 16 23:48:00 HOSTNAME /usr/libexec/gdm-x-session[1768]: (**) Razer Razer Huntsman Tournament Edition: Applying InputClass "libinput keyboard catchall"
Nov 16 23:48:00 HOSTNAME /usr/libexec/gdm-x-session[1768]: (**) Razer Razer Huntsman Tournament Edition: Applying InputClass "system-keyboard"
Nov 16 23:48:00 HOSTNAME /usr/libexec/gdm-x-session[1768]: (II) Using input driver 'libinput' for 'Razer Razer Huntsman Tournament Edition'
Nov 16 23:48:00 HOSTNAME /usr/libexec/gdm-x-session[1768]: (II) systemd-logind: got fd for /dev/input/event3 13:67 fd 48 paused 0
Nov 16 23:48:00 HOSTNAME /usr/libexec/gdm-x-session[1768]: (**) Razer Razer Huntsman Tournament Edition: always reports core events
Nov 16 23:48:00 HOSTNAME /usr/libexec/gdm-x-session[1768]: (**) Option "Device" "/dev/input/event3"
Nov 16 23:48:00 HOSTNAME /usr/libexec/gdm-x-session[1768]: (II) event3  - Razer Razer Huntsman Tournament Edition: is tagged by udev as: Keyboard
Nov 16 23:48:00 HOSTNAME /usr/libexec/gdm-x-session[1768]: (II) event3  - Razer Razer Huntsman Tournament Edition: device is a keyboard
Nov 16 23:48:00 HOSTNAME /usr/libexec/gdm-x-session[1768]: (II) event3  - Razer Razer Huntsman Tournament Edition: device removed
Nov 16 23:48:00 HOSTNAME /usr/libexec/gdm-x-session[1768]: (**) Option "config_info" "udev:/sys/devices/pci0000:00/0000:00:01.2/0000:20:00.0/0000:21:08.0/0000:2a:00.1/usb1/1-6/1-6:1.0/0003:1532:0243.0002/input/input17/event3"
Nov 16 23:48:00 HOSTNAME /usr/libexec/gdm-x-session[1768]: (II) XINPUT: Adding extended input device "Razer Razer Huntsman Tournament Edition" (type: KEYBOARD, id 13)
Nov 16 23:48:00 HOSTNAME /usr/libexec/gdm-x-session[1768]: (**) Option "xkb_model" "pc105"
Nov 16 23:48:00 HOSTNAME /usr/libexec/gdm-x-session[1768]: (**) Option "xkb_layout" "us"
Nov 16 23:48:00 HOSTNAME /usr/libexec/gdm-x-session[1768]: (**) Option "xkb_variant" ","
Nov 16 23:48:00 HOSTNAME /usr/libexec/gdm-x-session[1768]: (**) Option "xkb_options" "grp_led:scroll"
Nov 16 23:48:00 HOSTNAME /usr/libexec/gdm-x-session[1768]: (II) event3  - Razer Razer Huntsman Tournament Edition: is tagged by udev as: Keyboard
Nov 16 23:48:00 HOSTNAME /usr/libexec/gdm-x-session[1768]: (II) event3  - Razer Razer Huntsman Tournament Edition: device is a keyboard
Nov 16 23:48:00 HOSTNAME /usr/libexec/gdm-x-session[1768]: (II) config/udev: Adding input device Razer Razer Huntsman Tournament Edition (/dev/input/event6)
Nov 16 23:48:00 HOSTNAME /usr/libexec/gdm-x-session[1768]: (**) Razer Razer Huntsman Tournament Edition: Applying InputClass "libinput keyboard catchall"
Nov 16 23:48:00 HOSTNAME /usr/libexec/gdm-x-session[1768]: (**) Razer Razer Huntsman Tournament Edition: Applying InputClass "system-keyboard"
Nov 16 23:48:00 HOSTNAME /usr/libexec/gdm-x-session[1768]: (II) Using input driver 'libinput' for 'Razer Razer Huntsman Tournament Edition'
Nov 16 23:48:00 HOSTNAME /usr/libexec/gdm-x-session[1768]: (II) systemd-logind: got fd for /dev/input/event6 13:70 fd 49 paused 0
Nov 16 23:48:00 HOSTNAME /usr/libexec/gdm-x-session[1768]: (**) Razer Razer Huntsman Tournament Edition: always reports core events
Nov 16 23:48:00 HOSTNAME /usr/libexec/gdm-x-session[1768]: (**) Option "Device" "/dev/input/event6"
Nov 16 23:48:00 HOSTNAME /usr/libexec/gdm-x-session[1768]: (II) event6  - Razer Razer Huntsman Tournament Edition: is tagged by udev as: Keyboard
Nov 16 23:48:00 HOSTNAME /usr/libexec/gdm-x-session[1768]: (II) event6  - Razer Razer Huntsman Tournament Edition: device is a keyboard
Nov 16 23:48:00 HOSTNAME /usr/libexec/gdm-x-session[1768]: (II) event6  - Razer Razer Huntsman Tournament Edition: device removed
Nov 16 23:48:00 HOSTNAME /usr/libexec/gdm-x-session[1768]: (II) libinput: Razer Razer Huntsman Tournament Edition: needs a virtual subdevice
Nov 16 23:48:00 HOSTNAME /usr/libexec/gdm-x-session[1768]: (**) Option "config_info" "udev:/sys/devices/pci0000:00/0000:00:01.2/0000:20:00.0/0000:21:08.0/0000:2a:00.1/usb1/1-6/1-6:1.1/0003:1532:0243.0004/input/input18/event6"
Nov 16 23:48:00 HOSTNAME /usr/libexec/gdm-x-session[1768]: (II) XINPUT: Adding extended input device "Razer Razer Huntsman Tournament Edition" (type: MOUSE, id 14)
Nov 16 23:48:00 HOSTNAME /usr/libexec/gdm-x-session[1768]: (**) Option "AccelerationScheme" "none"
Nov 16 23:48:00 HOSTNAME /usr/libexec/gdm-x-session[1768]: (**) Razer Razer Huntsman Tournament Edition: (accel) selected scheme none/0
Nov 16 23:48:00 HOSTNAME /usr/libexec/gdm-x-session[1768]: (**) Razer Razer Huntsman Tournament Edition: (accel) acceleration factor: 2.000
Nov 16 23:48:00 HOSTNAME /usr/libexec/gdm-x-session[1768]: (**) Razer Razer Huntsman Tournament Edition: (accel) acceleration threshold: 4
Nov 16 23:48:00 HOSTNAME /usr/libexec/gdm-x-session[1768]: (II) event6  - Razer Razer Huntsman Tournament Edition: is tagged by udev as: Keyboard
Nov 16 23:48:00 HOSTNAME /usr/libexec/gdm-x-session[1768]: (II) event6  - Razer Razer Huntsman Tournament Edition: device is a keyboard
Nov 16 23:48:00 HOSTNAME /usr/libexec/gdm-x-session[1768]: (II) config/udev: Adding input device Razer Razer Huntsman Tournament Edition (/dev/input/event7)
Nov 16 23:48:00 HOSTNAME /usr/libexec/gdm-x-session[1768]: (**) Razer Razer Huntsman Tournament Edition: Applying InputClass "libinput pointer catchall"
Nov 16 23:48:00 HOSTNAME /usr/libexec/gdm-x-session[1768]: (**) Razer Razer Huntsman Tournament Edition: Applying InputClass "libinput keyboard catchall"
Nov 16 23:48:00 HOSTNAME /usr/libexec/gdm-x-session[1768]: (**) Razer Razer Huntsman Tournament Edition: Applying InputClass "system-keyboard"
Nov 16 23:48:00 HOSTNAME /usr/libexec/gdm-x-session[1768]: (II) Using input driver 'libinput' for 'Razer Razer Huntsman Tournament Edition'
Nov 16 23:48:00 HOSTNAME /usr/libexec/gdm-x-session[1768]: (II) systemd-logind: got fd for /dev/input/event7 13:71 fd 50 paused 0
Nov 16 23:48:00 HOSTNAME /usr/libexec/gdm-x-session[1768]: (**) Razer Razer Huntsman Tournament Edition: always reports core events
Nov 16 23:48:00 HOSTNAME /usr/libexec/gdm-x-session[1768]: (**) Option "Device" "/dev/input/event7"
Nov 16 23:48:00 HOSTNAME /usr/libexec/gdm-x-session[1768]: (II) event7  - Razer Razer Huntsman Tournament Edition: is tagged by udev as: Keyboard Mouse
Nov 16 23:48:00 HOSTNAME /usr/libexec/gdm-x-session[1768]: (II) event7  - Razer Razer Huntsman Tournament Edition: device is a pointer
Nov 16 23:48:00 HOSTNAME /usr/libexec/gdm-x-session[1768]: (II) event7  - Razer Razer Huntsman Tournament Edition: device is a keyboard
Nov 16 23:48:00 HOSTNAME /usr/libexec/gdm-x-session[1768]: (II) event7  - Razer Razer Huntsman Tournament Edition: device removed
Nov 16 23:48:00 HOSTNAME /usr/libexec/gdm-x-session[1768]: (II) libinput: Razer Razer Huntsman Tournament Edition: Step value 0 was provided, libinput Fallback acceleration function is used.
Nov 16 23:48:00 HOSTNAME /usr/libexec/gdm-x-session[1768]: (II) libinput: Razer Razer Huntsman Tournament Edition: Step value 0 was provided, libinput Fallback acceleration function is used.
Nov 16 23:48:00 HOSTNAME /usr/libexec/gdm-x-session[1768]: (II) libinput: Razer Razer Huntsman Tournament Edition: Step value 0 was provided, libinput Fallback acceleration function is used.
Nov 16 23:48:00 HOSTNAME /usr/libexec/gdm-x-session[1768]: (II) libinput: Razer Razer Huntsman Tournament Edition: needs a virtual subdevice
Nov 16 23:48:00 HOSTNAME /usr/libexec/gdm-x-session[1768]: (**) Option "config_info" "udev:/sys/devices/pci0000:00/0000:00:01.2/0000:20:00.0/0000:21:08.0/0000:2a:00.1/usb1/1-6/1-6:1.2/0003:1532:0243.0006/input/input19/event7"
Nov 16 23:48:00 HOSTNAME /usr/libexec/gdm-x-session[1768]: (II) XINPUT: Adding extended input device "Razer Razer Huntsman Tournament Edition" (type: MOUSE, id 15)
Nov 16 23:48:00 HOSTNAME /usr/libexec/gdm-x-session[1768]: (**) Option "AccelerationScheme" "none"
Nov 16 23:48:00 HOSTNAME /usr/libexec/gdm-x-session[1768]: (**) Razer Razer Huntsman Tournament Edition: (accel) selected scheme none/0
Nov 16 23:48:00 HOSTNAME /usr/libexec/gdm-x-session[1768]: (**) Razer Razer Huntsman Tournament Edition: (accel) acceleration factor: 2.000
Nov 16 23:48:00 HOSTNAME /usr/libexec/gdm-x-session[1768]: (**) Razer Razer Huntsman Tournament Edition: (accel) acceleration threshold: 4
Nov 16 23:48:00 HOSTNAME /usr/libexec/gdm-x-session[1768]: (II) event7  - Razer Razer Huntsman Tournament Edition: is tagged by udev as: Keyboard Mouse
Nov 16 23:48:00 HOSTNAME /usr/libexec/gdm-x-session[1768]: (II) event7  - Razer Razer Huntsman Tournament Edition: device is a pointer
Nov 16 23:48:00 HOSTNAME /usr/libexec/gdm-x-session[1768]: (II) event7  - Razer Razer Huntsman Tournament Edition: device is a keyboard
Nov 16 23:48:00 HOSTNAME /usr/libexec/gdm-x-session[1768]: (II) config/udev: Adding input device Razer Razer Huntsman Tournament Edition (/dev/input/mouse2)
Nov 16 23:48:00 HOSTNAME /usr/libexec/gdm-x-session[1768]: (**) Razer Razer Huntsman Tournament Edition: Applying InputClass "system-keyboard"
Nov 16 23:48:00 HOSTNAME /usr/libexec/gdm-x-session[1768]: (II) No input driver specified, ignoring this device.
Nov 16 23:48:00 HOSTNAME /usr/libexec/gdm-x-session[1768]: (II) This device may have been added with another device file.
Nov 16 23:48:00 HOSTNAME /usr/libexec/gdm-x-session[1768]: (II) config/udev: Adding input device Razer Razer Huntsman Tournament Edition (/dev/input/event9)
Nov 16 23:48:00 HOSTNAME /usr/libexec/gdm-x-session[1768]: (**) Razer Razer Huntsman Tournament Edition: Applying InputClass "libinput keyboard catchall"
Nov 16 23:48:00 HOSTNAME /usr/libexec/gdm-x-session[1768]: (**) Razer Razer Huntsman Tournament Edition: Applying InputClass "system-keyboard"
Nov 16 23:48:00 HOSTNAME /usr/libexec/gdm-x-session[1768]: (II) Using input driver 'libinput' for 'Razer Razer Huntsman Tournament Edition'
Nov 16 23:48:00 HOSTNAME /usr/libexec/gdm-x-session[1768]: (II) systemd-logind: got fd for /dev/input/event9 13:73 fd 51 paused 0
Nov 16 23:48:00 HOSTNAME /usr/libexec/gdm-x-session[1768]: (**) Razer Razer Huntsman Tournament Edition: always reports core events
Nov 16 23:48:00 HOSTNAME /usr/libexec/gdm-x-session[1768]: (**) Option "Device" "/dev/input/event9"
Nov 16 23:48:00 HOSTNAME /usr/libexec/gdm-x-session[1768]: (II) event9  - Razer Razer Huntsman Tournament Edition: is tagged by udev as: Keyboard
Nov 16 23:48:00 HOSTNAME /usr/libexec/gdm-x-session[1768]: (II) event9  - Razer Razer Huntsman Tournament Edition: device is a keyboard
Nov 16 23:48:00 HOSTNAME /usr/libexec/gdm-x-session[1768]: (II) event9  - Razer Razer Huntsman Tournament Edition: device removed
Nov 16 23:48:00 HOSTNAME /usr/libexec/gdm-x-session[1768]: (**) Option "config_info" "udev:/sys/devices/pci0000:00/0000:00:01.2/0000:20:00.0/0000:21:08.0/0000:2a:00.1/usb1/1-6/1-6:1.3/0003:1532:0243.0008/input/input20/event9"
Nov 16 23:48:00 HOSTNAME /usr/libexec/gdm-x-session[1768]: (II) XINPUT: Adding extended input device "Razer Razer Huntsman Tournament Edition" (type: KEYBOARD, id 16)
Nov 16 23:48:00 HOSTNAME /usr/libexec/gdm-x-session[1768]: (**) Option "xkb_model" "pc105"
Nov 16 23:48:00 HOSTNAME /usr/libexec/gdm-x-session[1768]: (**) Option "xkb_layout" "us"
Nov 16 23:48:00 HOSTNAME /usr/libexec/gdm-x-session[1768]: (**) Option "xkb_variant" ","
Nov 16 23:48:00 HOSTNAME /usr/libexec/gdm-x-session[1768]: (**) Option "xkb_options" "grp_led:scroll"
Nov 16 23:48:00 HOSTNAME /usr/libexec/gdm-x-session[1768]: (II) event9  - Razer Razer Huntsman Tournament Edition: is tagged by udev as: Keyboard
Nov 16 23:48:00 HOSTNAME /usr/libexec/gdm-x-session[1768]: (II) event9  - Razer Razer Huntsman Tournament Edition: device is a keyboard
Nov 16 23:48:00 HOSTNAME /usr/libexec/gdm-x-session[1768]: (II) config/udev: Adding input device MPOW MPOW HC6 (/dev/input/event2)
Nov 16 23:48:00 HOSTNAME /usr/libexec/gdm-x-session[1768]: (**) MPOW MPOW HC6: Applying InputClass "libinput keyboard catchall"
Nov 16 23:48:00 HOSTNAME /usr/libexec/gdm-x-session[1768]: (**) MPOW MPOW HC6: Applying InputClass "system-keyboard"
Nov 16 23:48:00 HOSTNAME /usr/libexec/gdm-x-session[1768]: (II) Using input driver 'libinput' for 'MPOW MPOW HC6'
Nov 16 23:48:00 HOSTNAME /usr/libexec/gdm-x-session[1768]: (II) systemd-logind: got fd for /dev/input/event2 13:66 fd 52 paused 0
Nov 16 23:48:00 HOSTNAME /usr/libexec/gdm-x-session[1768]: (**) MPOW MPOW HC6: always reports core events
Nov 16 23:48:00 HOSTNAME /usr/libexec/gdm-x-session[1768]: (**) Option "Device" "/dev/input/event2"
Nov 16 23:48:00 HOSTNAME /usr/libexec/gdm-x-session[1768]: (II) event2  - MPOW MPOW HC6: is tagged by udev as: Keyboard
Nov 16 23:48:00 HOSTNAME /usr/libexec/gdm-x-session[1768]: (II) event2  - MPOW MPOW HC6: device is a keyboard
Nov 16 23:48:00 HOSTNAME /usr/libexec/gdm-x-session[1768]: (II) event2  - MPOW MPOW HC6: device removed
Nov 16 23:48:00 HOSTNAME /usr/libexec/gdm-x-session[1768]: (**) Option "config_info" "udev:/sys/devices/pci0000:00/0000:00:01.2/0000:20:00.0/0000:21:08.0/0000:2a:00.3/usb3/3-2/3-2:1.3/0003:0D8C:0014.0001/input/input16/event2"
Nov 16 23:48:00 HOSTNAME /usr/libexec/gdm-x-session[1768]: (II) XINPUT: Adding extended input device "MPOW MPOW HC6" (type: KEYBOARD, id 17)
Nov 16 23:48:00 HOSTNAME /usr/libexec/gdm-x-session[1768]: (**) Option "xkb_model" "pc105"
Nov 16 23:48:00 HOSTNAME /usr/libexec/gdm-x-session[1768]: (**) Option "xkb_layout" "us"
Nov 16 23:48:00 HOSTNAME /usr/libexec/gdm-x-session[1768]: (**) Option "xkb_variant" ","
Nov 16 23:48:00 HOSTNAME /usr/libexec/gdm-x-session[1768]: (**) Option "xkb_options" "grp_led:scroll"
Nov 16 23:48:00 HOSTNAME /usr/libexec/gdm-x-session[1768]: (II) event2  - MPOW MPOW HC6: is tagged by udev as: Keyboard
Nov 16 23:48:00 HOSTNAME /usr/libexec/gdm-x-session[1768]: (II) event2  - MPOW MPOW HC6: device is a keyboard
Nov 16 23:48:00 HOSTNAME /usr/libexec/gdm-x-session[1768]: (II) config/udev: Adding input device MSI MYSTIC LIGHT  (/dev/input/event11)
Nov 16 23:48:00 HOSTNAME /usr/libexec/gdm-x-session[1768]: (II) No input driver specified, ignoring this device.
Nov 16 23:48:00 HOSTNAME /usr/libexec/gdm-x-session[1768]: (II) This device may have been added with another device file.
Nov 16 23:48:00 HOSTNAME /usr/libexec/gdm-x-session[1768]: (II) config/udev: Adding input device HDA NVidia HDMI/DP,pcm=3 (/dev/input/event12)
Nov 16 23:48:00 HOSTNAME /usr/libexec/gdm-x-session[1768]: (II) No input driver specified, ignoring this device.
Nov 16 23:48:00 HOSTNAME /usr/libexec/gdm-x-session[1768]: (II) This device may have been added with another device file.
Nov 16 23:48:00 HOSTNAME /usr/libexec/gdm-x-session[1768]: (II) config/udev: Adding input device HDA NVidia HDMI/DP,pcm=7 (/dev/input/event13)
Nov 16 23:48:00 HOSTNAME /usr/libexec/gdm-x-session[1768]: (II) No input driver specified, ignoring this device.
Nov 16 23:48:00 HOSTNAME /usr/libexec/gdm-x-session[1768]: (II) This device may have been added with another device file.
Nov 16 23:48:00 HOSTNAME /usr/libexec/gdm-x-session[1768]: (II) config/udev: Adding input device HDA NVidia HDMI/DP,pcm=8 (/dev/input/event16)
Nov 16 23:48:00 HOSTNAME /usr/libexec/gdm-x-session[1768]: (II) No input driver specified, ignoring this device.
Nov 16 23:48:00 HOSTNAME /usr/libexec/gdm-x-session[1768]: (II) This device may have been added with another device file.
Nov 16 23:48:00 HOSTNAME /usr/libexec/gdm-x-session[1768]: (II) config/udev: Adding input device HDA NVidia HDMI/DP,pcm=9 (/dev/input/event17)
Nov 16 23:48:00 HOSTNAME /usr/libexec/gdm-x-session[1768]: (II) No input driver specified, ignoring this device.
Nov 16 23:48:00 HOSTNAME /usr/libexec/gdm-x-session[1768]: (II) This device may have been added with another device file.
Nov 16 23:48:00 HOSTNAME /usr/libexec/gdm-x-session[1768]: (II) config/udev: Adding input device HD-Audio Generic Front Mic (/dev/input/event14)
Nov 16 23:48:00 HOSTNAME /usr/libexec/gdm-x-session[1768]: (II) No input driver specified, ignoring this device.
Nov 16 23:48:00 HOSTNAME /usr/libexec/gdm-x-session[1768]: (II) This device may have been added with another device file.
Nov 16 23:48:00 HOSTNAME /usr/libexec/gdm-x-session[1768]: (II) config/udev: Adding input device HD-Audio Generic Rear Mic (/dev/input/event18)
Nov 16 23:48:00 HOSTNAME /usr/libexec/gdm-x-session[1768]: (II) No input driver specified, ignoring this device.
Nov 16 23:48:00 HOSTNAME /usr/libexec/gdm-x-session[1768]: (II) This device may have been added with another device file.
Nov 16 23:48:00 HOSTNAME /usr/libexec/gdm-x-session[1768]: (II) config/udev: Adding input device HD-Audio Generic Line (/dev/input/event20)
Nov 16 23:48:00 HOSTNAME /usr/libexec/gdm-x-session[1768]: (II) No input driver specified, ignoring this device.
Nov 16 23:48:00 HOSTNAME /usr/libexec/gdm-x-session[1768]: (II) This device may have been added with another device file.
Nov 16 23:48:00 HOSTNAME /usr/libexec/gdm-x-session[1768]: (II) config/udev: Adding input device HD-Audio Generic Line Out Front (/dev/input/event21)
Nov 16 23:48:00 HOSTNAME /usr/libexec/gdm-x-session[1768]: (II) No input driver specified, ignoring this device.
Nov 16 23:48:00 HOSTNAME /usr/libexec/gdm-x-session[1768]: (II) This device may have been added with another device file.
Nov 16 23:48:00 HOSTNAME /usr/libexec/gdm-x-session[1768]: (II) config/udev: Adding input device HD-Audio Generic Line Out Surround (/dev/input/event22)
Nov 16 23:48:00 HOSTNAME /usr/libexec/gdm-x-session[1768]: (II) No input driver specified, ignoring this device.
Nov 16 23:48:00 HOSTNAME /usr/libexec/gdm-x-session[1768]: (II) This device may have been added with another device file.
Nov 16 23:48:00 HOSTNAME /usr/libexec/gdm-x-session[1768]: (II) config/udev: Adding input device HD-Audio Generic Line Out CLFE (/dev/input/event23)
Nov 16 23:48:00 HOSTNAME /usr/libexec/gdm-x-session[1768]: (II) No input driver specified, ignoring this device.
Nov 16 23:48:00 HOSTNAME /usr/libexec/gdm-x-session[1768]: (II) This device may have been added with another device file.
Nov 16 23:48:00 HOSTNAME /usr/libexec/gdm-x-session[1768]: (II) config/udev: Adding input device HD-Audio Generic Front Headphone (/dev/input/event24)
Nov 16 23:48:00 HOSTNAME /usr/libexec/gdm-x-session[1768]: (II) No input driver specified, ignoring this device.
Nov 16 23:48:00 HOSTNAME /usr/libexec/gdm-x-session[1768]: (II) This device may have been added with another device file.
Nov 16 23:48:00 HOSTNAME /usr/libexec/gdm-x-session[1768]: (**) UGTABLET 4 inch PenTablet eraser: Applying InputClass "libinput tablet catchall"
Nov 16 23:48:00 HOSTNAME /usr/libexec/gdm-x-session[1768]: (**) UGTABLET 4 inch PenTablet eraser: Applying InputClass "Tablet"
Nov 16 23:48:00 HOSTNAME /usr/libexec/gdm-x-session[1768]: (II) Using input driver 'wacom' for 'UGTABLET 4 inch PenTablet eraser'
Nov 16 23:48:00 HOSTNAME /usr/libexec/gdm-x-session[1768]: (II) systemd-logind: returning pre-existing fd for /dev/input/event8 13:72
Nov 16 23:48:00 HOSTNAME /usr/libexec/gdm-x-session[1768]: (**) UGTABLET 4 inch PenTablet eraser: always reports core events
Nov 16 23:48:00 HOSTNAME /usr/libexec/gdm-x-session[1768]: (**) Option "Device" "/dev/input/event8"
Nov 16 23:48:00 HOSTNAME /usr/libexec/gdm-x-session[1768]: (**) Option "Type" "eraser"
Nov 16 23:48:00 HOSTNAME /usr/libexec/gdm-x-session[1768]: (**) Option "Rotate" "cw"
Nov 16 23:48:00 HOSTNAME /usr/libexec/gdm-x-session[1768]: (**) wacom: UGTABLET 4 inch PenTablet eraser: panscroll is 5590
Nov 16 23:48:00 HOSTNAME /usr/libexec/gdm-x-session[1768]: (**) wacom: UGTABLET 4 inch PenTablet eraser: panscroll modified to 5590
Nov 16 23:48:00 HOSTNAME /usr/libexec/gdm-x-session[1768]: (--) wacom: UGTABLET 4 inch PenTablet eraser: maxX=32767 maxY=32767 maxZ=8191 resX=323000 resY=430000  tilt=enabled
Nov 16 23:48:00 HOSTNAME /usr/libexec/gdm-x-session[1768]: (**) Option "config_info" "udev:/sys/devices/pci0000:00/0000:00:01.2/0000:20:00.0/0000:21:08.0/0000:2a:00.1/usb1/1-1/1-1:1.1/0003:28BD:0913.0005/input/input8/event8"
Nov 16 23:48:00 HOSTNAME /usr/libexec/gdm-x-session[1768]: (II) XINPUT: Adding extended input device "UGTABLET 4 inch PenTablet eraser" (type: ERASER, id 18)
Nov 16 23:48:00 HOSTNAME /usr/libexec/gdm-x-session[1768]: (**) UGTABLET 4 inch PenTablet eraser: (accel) keeping acceleration scheme 1
Nov 16 23:48:00 HOSTNAME /usr/libexec/gdm-x-session[1768]: (**) UGTABLET 4 inch PenTablet eraser: (accel) acceleration profile 0
Nov 16 23:48:00 HOSTNAME /usr/libexec/gdm-x-session[1768]: (**) UGTABLET 4 inch PenTablet eraser: (accel) acceleration factor: 2.000
Nov 16 23:48:00 HOSTNAME /usr/libexec/gdm-x-session[1768]: (**) UGTABLET 4 inch PenTablet eraser: (accel) acceleration threshold: 4
Nov 16 23:48:00 HOSTNAME /usr/libexec/gdm-x-session[1768]: (**) Razer Razer DeathAdder Elite: Applying InputClass "libinput keyboard catchall"
Nov 16 23:48:00 HOSTNAME /usr/libexec/gdm-x-session[1768]: (**) Razer Razer DeathAdder Elite: Applying InputClass "system-keyboard"
Nov 16 23:48:00 HOSTNAME /usr/libexec/gdm-x-session[1768]: (II) Using input driver 'libinput' for 'Razer Razer DeathAdder Elite'
Nov 16 23:48:00 HOSTNAME /usr/libexec/gdm-x-session[1768]: (II) systemd-logind: returning pre-existing fd for /dev/input/event19 13:83
Nov 16 23:48:00 HOSTNAME /usr/libexec/gdm-x-session[1768]: (**) Razer Razer DeathAdder Elite: always reports core events
Nov 16 23:48:00 HOSTNAME /usr/libexec/gdm-x-session[1768]: (**) Option "Device" "/dev/input/event19"
Nov 16 23:48:00 HOSTNAME /usr/libexec/gdm-x-session[1768]: (II) libinput: Razer Razer DeathAdder Elite: is a virtual subdevice
Nov 16 23:48:00 HOSTNAME /usr/libexec/gdm-x-session[1768]: (**) Option "config_info" "udev:/sys/devices/pci0000:00/0000:00:01.2/0000:20:00.0/0000:21:08.0/0000:2a:00.1/usb1/1-5/1-5:1.1/0003:1532:005C.000B/input/input34/event19"
Nov 16 23:48:00 HOSTNAME /usr/libexec/gdm-x-session[1768]: (II) XINPUT: Adding extended input device "Razer Razer DeathAdder Elite" (type: KEYBOARD, id 19)
Nov 16 23:48:00 HOSTNAME /usr/libexec/gdm-x-session[1768]: (**) Option "xkb_model" "pc105"
Nov 16 23:48:00 HOSTNAME /usr/libexec/gdm-x-session[1768]: (**) Option "xkb_layout" "us"
Nov 16 23:48:00 HOSTNAME /usr/libexec/gdm-x-session[1768]: (**) Option "xkb_variant" ","
Nov 16 23:48:00 HOSTNAME /usr/libexec/gdm-x-session[1768]: (**) Option "xkb_options" "grp_led:scroll"
Nov 16 23:48:00 HOSTNAME /usr/libexec/gdm-x-session[1768]: (**) Razer Razer Huntsman Tournament Edition: Applying InputClass "libinput keyboard catchall"
Nov 16 23:48:00 HOSTNAME /usr/libexec/gdm-x-session[1768]: (**) Razer Razer Huntsman Tournament Edition: Applying InputClass "system-keyboard"
Nov 16 23:48:00 HOSTNAME /usr/libexec/gdm-x-session[1768]: (II) Using input driver 'libinput' for 'Razer Razer Huntsman Tournament Edition'
Nov 16 23:48:00 HOSTNAME /usr/libexec/gdm-x-session[1768]: (II) systemd-logind: returning pre-existing fd for /dev/input/event6 13:70
Nov 16 23:48:00 HOSTNAME /usr/libexec/gdm-x-session[1768]: (**) Razer Razer Huntsman Tournament Edition: always reports core events
Nov 16 23:48:00 HOSTNAME /usr/libexec/gdm-x-session[1768]: (**) Option "Device" "/dev/input/event6"
Nov 16 23:48:00 HOSTNAME /usr/libexec/gdm-x-session[1768]: (II) libinput: Razer Razer Huntsman Tournament Edition: is a virtual subdevice
Nov 16 23:48:00 HOSTNAME /usr/libexec/gdm-x-session[1768]: (**) Option "config_info" "udev:/sys/devices/pci0000:00/0000:00:01.2/0000:20:00.0/0000:21:08.0/0000:2a:00.1/usb1/1-6/1-6:1.1/0003:1532:0243.0004/input/input18/event6"
Nov 16 23:48:00 HOSTNAME /usr/libexec/gdm-x-session[1768]: (II) XINPUT: Adding extended input device "Razer Razer Huntsman Tournament Edition" (type: KEYBOARD, id 20)
Nov 16 23:48:00 HOSTNAME /usr/libexec/gdm-x-session[1768]: (**) Option "xkb_model" "pc105"
Nov 16 23:48:00 HOSTNAME /usr/libexec/gdm-x-session[1768]: (**) Option "xkb_layout" "us"
Nov 16 23:48:00 HOSTNAME /usr/libexec/gdm-x-session[1768]: (**) Option "xkb_variant" ","
Nov 16 23:48:00 HOSTNAME /usr/libexec/gdm-x-session[1768]: (**) Option "xkb_options" "grp_led:scroll"
Nov 16 23:48:00 HOSTNAME /usr/libexec/gdm-x-session[1768]: (**) Razer Razer Huntsman Tournament Edition: Applying InputClass "libinput pointer catchall"
Nov 16 23:48:00 HOSTNAME /usr/libexec/gdm-x-session[1768]: (**) Razer Razer Huntsman Tournament Edition: Applying InputClass "libinput keyboard catchall"
Nov 16 23:48:00 HOSTNAME /usr/libexec/gdm-x-session[1768]: (**) Razer Razer Huntsman Tournament Edition: Applying InputClass "system-keyboard"
Nov 16 23:48:00 HOSTNAME /usr/libexec/gdm-x-session[1768]: (II) Using input driver 'libinput' for 'Razer Razer Huntsman Tournament Edition'
Nov 16 23:48:00 HOSTNAME /usr/libexec/gdm-x-session[1768]: (II) systemd-logind: returning pre-existing fd for /dev/input/event7 13:71
Nov 16 23:48:00 HOSTNAME /usr/libexec/gdm-x-session[1768]: (**) Razer Razer Huntsman Tournament Edition: always reports core events
Nov 16 23:48:00 HOSTNAME /usr/libexec/gdm-x-session[1768]: (**) Option "Device" "/dev/input/event7"
Nov 16 23:48:00 HOSTNAME /usr/libexec/gdm-x-session[1768]: (II) libinput: Razer Razer Huntsman Tournament Edition: is a virtual subdevice
Nov 16 23:48:00 HOSTNAME /usr/libexec/gdm-x-session[1768]: (II) libinput: Razer Razer Huntsman Tournament Edition: Step value 0 was provided, libinput Fallback acceleration function is used.
Nov 16 23:48:00 HOSTNAME /usr/libexec/gdm-x-session[1768]: (II) libinput: Razer Razer Huntsman Tournament Edition: Step value 0 was provided, libinput Fallback acceleration function is used.
Nov 16 23:48:00 HOSTNAME /usr/libexec/gdm-x-session[1768]: (II) libinput: Razer Razer Huntsman Tournament Edition: Step value 0 was provided, libinput Fallback acceleration function is used.
Nov 16 23:48:00 HOSTNAME /usr/libexec/gdm-x-session[1768]: (**) Option "config_info" "udev:/sys/devices/pci0000:00/0000:00:01.2/0000:20:00.0/0000:21:08.0/0000:2a:00.1/usb1/1-6/1-6:1.2/0003:1532:0243.0006/input/input19/event7"
Nov 16 23:48:00 HOSTNAME /usr/libexec/gdm-x-session[1768]: (II) XINPUT: Adding extended input device "Razer Razer Huntsman Tournament Edition" (type: KEYBOARD, id 21)
Nov 16 23:48:00 HOSTNAME /usr/libexec/gdm-x-session[1768]: (**) Option "xkb_model" "pc105"
Nov 16 23:48:00 HOSTNAME /usr/libexec/gdm-x-session[1768]: (**) Option "xkb_layout" "us"
Nov 16 23:48:00 HOSTNAME /usr/libexec/gdm-x-session[1768]: (**) Option "xkb_variant" ","
Nov 16 23:48:00 HOSTNAME /usr/libexec/gdm-x-session[1768]: (**) Option "xkb_options" "grp_led:scroll"
Nov 16 23:48:00 HOSTNAME /usr/libexec/gdm-x-session[1768]: (--) NVIDIA(GPU-0): Eizo EV2316W (DFP-0): connected
Nov 16 23:48:00 HOSTNAME /usr/libexec/gdm-x-session[1768]: (--) NVIDIA(GPU-0): Eizo EV2316W (DFP-0): Internal DisplayPort
Nov 16 23:48:00 HOSTNAME /usr/libexec/gdm-x-session[1768]: (--) NVIDIA(GPU-0): Eizo EV2316W (DFP-0): 2660.0 MHz maximum pixel clock
Nov 16 23:48:00 HOSTNAME /usr/libexec/gdm-x-session[1768]: (--) NVIDIA(GPU-0):
Nov 16 23:48:00 HOSTNAME /usr/libexec/gdm-x-session[1768]: (--) NVIDIA(GPU-0): DFP-1: disconnected
Nov 16 23:48:00 HOSTNAME /usr/libexec/gdm-x-session[1768]: (--) NVIDIA(GPU-0): DFP-1: Internal TMDS
Nov 16 23:48:00 HOSTNAME /usr/libexec/gdm-x-session[1768]: (--) NVIDIA(GPU-0): DFP-1: 165.0 MHz maximum pixel clock
Nov 16 23:48:00 HOSTNAME /usr/libexec/gdm-x-session[1768]: (--) NVIDIA(GPU-0):
Nov 16 23:48:00 HOSTNAME /usr/libexec/gdm-x-session[1768]: (--) NVIDIA(GPU-0): DFP-2: disconnected
Nov 16 23:48:00 HOSTNAME /usr/libexec/gdm-x-session[1768]: (--) NVIDIA(GPU-0): DFP-2: Internal TMDS
Nov 16 23:48:00 HOSTNAME /usr/libexec/gdm-x-session[1768]: (--) NVIDIA(GPU-0): DFP-2: 165.0 MHz maximum pixel clock
Nov 16 23:48:00 HOSTNAME /usr/libexec/gdm-x-session[1768]: (--) NVIDIA(GPU-0):
Nov 16 23:48:00 HOSTNAME /usr/libexec/gdm-x-session[1768]: (--) NVIDIA(GPU-0): DFP-3: disconnected
Nov 16 23:48:00 HOSTNAME /usr/libexec/gdm-x-session[1768]: (--) NVIDIA(GPU-0): DFP-3: Internal DisplayPort
Nov 16 23:48:00 HOSTNAME /usr/libexec/gdm-x-session[1768]: (--) NVIDIA(GPU-0): DFP-3: 2660.0 MHz maximum pixel clock
Nov 16 23:48:00 HOSTNAME /usr/libexec/gdm-x-session[1768]: (--) NVIDIA(GPU-0):
Nov 16 23:48:00 HOSTNAME /usr/libexec/gdm-x-session[1768]: (--) NVIDIA(GPU-0): DFP-4: disconnected
Nov 16 23:48:00 HOSTNAME /usr/libexec/gdm-x-session[1768]: (--) NVIDIA(GPU-0): DFP-4: Internal TMDS
Nov 16 23:48:00 HOSTNAME /usr/libexec/gdm-x-session[1768]: (--) NVIDIA(GPU-0): DFP-4: 165.0 MHz maximum pixel clock
Nov 16 23:48:00 HOSTNAME /usr/libexec/gdm-x-session[1768]: (--) NVIDIA(GPU-0):
Nov 16 23:48:00 HOSTNAME /usr/libexec/gdm-x-session[1768]: (--) NVIDIA(GPU-0): Eizo EV2316W (DFP-5): connected
Nov 16 23:48:00 HOSTNAME /usr/libexec/gdm-x-session[1768]: (--) NVIDIA(GPU-0): Eizo EV2316W (DFP-5): Internal DisplayPort
Nov 16 23:48:00 HOSTNAME /usr/libexec/gdm-x-session[1768]: (--) NVIDIA(GPU-0): Eizo EV2316W (DFP-5): 2660.0 MHz maximum pixel clock
Nov 16 23:48:00 HOSTNAME /usr/libexec/gdm-x-session[1768]: (--) NVIDIA(GPU-0):
Nov 16 23:48:00 HOSTNAME /usr/libexec/gdm-x-session[1768]: (--) NVIDIA(GPU-0): DFP-6: disconnected
Nov 16 23:48:00 HOSTNAME /usr/libexec/gdm-x-session[1768]: (--) NVIDIA(GPU-0): DFP-6: Internal TMDS
Nov 16 23:48:00 HOSTNAME /usr/libexec/gdm-x-session[1768]: (--) NVIDIA(GPU-0): DFP-6: 165.0 MHz maximum pixel clock
Nov 16 23:48:00 HOSTNAME /usr/libexec/gdm-x-session[1768]: (--) NVIDIA(GPU-0):
Nov 16 23:48:01 HOSTNAME /usr/libexec/gdm-x-session[1768]: (II) NVIDIA(0): Setting mode "DP-4: 1920x1080_60_0 @1920x1080 +0+0 {ViewPortIn=1920x1080, ViewPortOut=1920x1080+0+0}, DP-0: nvidia-auto-select @1920x1080 +1920+0 {ViewPortIn=1920x1080, ViewPortOut=1920x1080+0+0}"
Nov 16 23:48:01 HOSTNAME /usr/libexec/gdm-x-session[1768]: (--) NVIDIA(GPU-0): Eizo EV2316W (DFP-0): connected
Nov 16 23:48:01 HOSTNAME /usr/libexec/gdm-x-session[1768]: (--) NVIDIA(GPU-0): Eizo EV2316W (DFP-0): Internal DisplayPort
Nov 16 23:48:01 HOSTNAME /usr/libexec/gdm-x-session[1768]: (--) NVIDIA(GPU-0): Eizo EV2316W (DFP-0): 2660.0 MHz maximum pixel clock
Nov 16 23:48:01 HOSTNAME /usr/libexec/gdm-x-session[1768]: (--) NVIDIA(GPU-0):
Nov 16 23:48:01 HOSTNAME /usr/libexec/gdm-x-session[1768]: (--) NVIDIA(GPU-0): DFP-1: disconnected
Nov 16 23:48:01 HOSTNAME /usr/libexec/gdm-x-session[1768]: (--) NVIDIA(GPU-0): DFP-1: Internal TMDS
Nov 16 23:48:01 HOSTNAME /usr/libexec/gdm-x-session[1768]: (--) NVIDIA(GPU-0): DFP-1: 165.0 MHz maximum pixel clock
Nov 16 23:48:01 HOSTNAME /usr/libexec/gdm-x-session[1768]: (--) NVIDIA(GPU-0):
Nov 16 23:48:01 HOSTNAME /usr/libexec/gdm-x-session[1768]: (--) NVIDIA(GPU-0): DFP-2: disconnected
Nov 16 23:48:01 HOSTNAME /usr/libexec/gdm-x-session[1768]: (--) NVIDIA(GPU-0): DFP-2: Internal TMDS
Nov 16 23:48:01 HOSTNAME /usr/libexec/gdm-x-session[1768]: (--) NVIDIA(GPU-0): DFP-2: 165.0 MHz maximum pixel clock
Nov 16 23:48:01 HOSTNAME /usr/libexec/gdm-x-session[1768]: (--) NVIDIA(GPU-0):
Nov 16 23:48:01 HOSTNAME /usr/libexec/gdm-x-session[1768]: (--) NVIDIA(GPU-0): DFP-3: disconnected
Nov 16 23:48:01 HOSTNAME /usr/libexec/gdm-x-session[1768]: (--) NVIDIA(GPU-0): DFP-3: Internal DisplayPort
Nov 16 23:48:01 HOSTNAME /usr/libexec/gdm-x-session[1768]: (--) NVIDIA(GPU-0): DFP-3: 2660.0 MHz maximum pixel clock
Nov 16 23:48:01 HOSTNAME /usr/libexec/gdm-x-session[1768]: (--) NVIDIA(GPU-0):
Nov 16 23:48:01 HOSTNAME /usr/libexec/gdm-x-session[1768]: (--) NVIDIA(GPU-0): DFP-4: disconnected
Nov 16 23:48:01 HOSTNAME /usr/libexec/gdm-x-session[1768]: (--) NVIDIA(GPU-0): DFP-4: Internal TMDS
Nov 16 23:48:01 HOSTNAME /usr/libexec/gdm-x-session[1768]: (--) NVIDIA(GPU-0): DFP-4: 165.0 MHz maximum pixel clock
Nov 16 23:48:01 HOSTNAME /usr/libexec/gdm-x-session[1768]: (--) NVIDIA(GPU-0):
Nov 16 23:48:01 HOSTNAME /usr/libexec/gdm-x-session[1768]: (--) NVIDIA(GPU-0): Eizo EV2316W (DFP-5): connected
Nov 16 23:48:01 HOSTNAME /usr/libexec/gdm-x-session[1768]: (--) NVIDIA(GPU-0): Eizo EV2316W (DFP-5): Internal DisplayPort
Nov 16 23:48:01 HOSTNAME /usr/libexec/gdm-x-session[1768]: (--) NVIDIA(GPU-0): Eizo EV2316W (DFP-5): 2660.0 MHz maximum pixel clock
Nov 16 23:48:01 HOSTNAME /usr/libexec/gdm-x-session[1768]: (--) NVIDIA(GPU-0):
Nov 16 23:48:01 HOSTNAME /usr/libexec/gdm-x-session[1768]: (--) NVIDIA(GPU-0): DFP-6: disconnected
Nov 16 23:48:01 HOSTNAME /usr/libexec/gdm-x-session[1768]: (--) NVIDIA(GPU-0): DFP-6: Internal TMDS
Nov 16 23:48:01 HOSTNAME /usr/libexec/gdm-x-session[1768]: (--) NVIDIA(GPU-0): DFP-6: 165.0 MHz maximum pixel clock
Nov 16 23:48:01 HOSTNAME /usr/libexec/gdm-x-session[1768]: (--) NVIDIA(GPU-0):
Nov 16 23:48:30 HOSTNAME /usr/libexec/gdm-x-session[1768]: (**) Option "fd" "39"
Nov 16 23:48:30 HOSTNAME /usr/libexec/gdm-x-session[1768]: (II) event1  - Power Button: device removed
Nov 16 23:48:30 HOSTNAME /usr/libexec/gdm-x-session[1768]: (**) Option "fd" "42"
Nov 16 23:48:30 HOSTNAME /usr/libexec/gdm-x-session[1768]: (II) event0  - Power Button: device removed
Nov 16 23:48:30 HOSTNAME /usr/libexec/gdm-x-session[1768]: (**) Option "fd" "45"
Nov 16 23:48:30 HOSTNAME /usr/libexec/gdm-x-session[1768]: (II) event10 - Razer Razer DeathAdder Elite: device removed
Nov 16 23:48:30 HOSTNAME /usr/libexec/gdm-x-session[1768]: (**) Option "fd" "46"
Nov 16 23:48:30 HOSTNAME /usr/libexec/gdm-x-session[1768]: (**) Option "fd" "47"
Nov 16 23:48:30 HOSTNAME /usr/libexec/gdm-x-session[1768]: (II) event15 - Razer Razer DeathAdder Elite: device removed
Nov 16 23:48:30 HOSTNAME /usr/libexec/gdm-x-session[1768]: (**) Option "fd" "48"
Nov 16 23:48:30 HOSTNAME /usr/libexec/gdm-x-session[1768]: (II) event3  - Razer Razer Huntsman Tournament Edition: device removed
Nov 16 23:48:30 HOSTNAME /usr/libexec/gdm-x-session[1768]: (**) Option "fd" "49"
Nov 16 23:48:30 HOSTNAME /usr/libexec/gdm-x-session[1768]: (**) Option "fd" "50"
Nov 16 23:48:30 HOSTNAME /usr/libexec/gdm-x-session[1768]: (**) Option "fd" "51"
Nov 16 23:48:30 HOSTNAME /usr/libexec/gdm-x-session[1768]: (II) event9  - Razer Razer Huntsman Tournament Edition: device removed
Nov 16 23:48:30 HOSTNAME /usr/libexec/gdm-x-session[1768]: (**) Option "fd" "52"
Nov 16 23:48:30 HOSTNAME /usr/libexec/gdm-x-session[1768]: (II) event2  - MPOW MPOW HC6: device removed
Nov 16 23:48:30 HOSTNAME /usr/libexec/gdm-x-session[1768]: (**) Option "fd" "46"
Nov 16 23:48:30 HOSTNAME /usr/libexec/gdm-x-session[1768]: (II) event19 - Razer Razer DeathAdder Elite: device removed
Nov 16 23:48:30 HOSTNAME /usr/libexec/gdm-x-session[1768]: (**) Option "fd" "49"
Nov 16 23:48:30 HOSTNAME /usr/libexec/gdm-x-session[1768]: (II) event6  - Razer Razer Huntsman Tournament Edition: device removed
Nov 16 23:48:30 HOSTNAME /usr/libexec/gdm-x-session[1768]: (**) Option "fd" "50"
Nov 16 23:48:30 HOSTNAME /usr/libexec/gdm-x-session[1768]: (II) event7  - Razer Razer Huntsman Tournament Edition: device removed
Nov 16 23:48:30 HOSTNAME /usr/libexec/gdm-x-session[1768]: (II) systemd-logind: got pause for 13:74
Nov 16 23:48:30 HOSTNAME /usr/libexec/gdm-x-session[1768]: (II) systemd-logind: got pause for 13:70
Nov 16 23:48:30 HOSTNAME /usr/libexec/gdm-x-session[1768]: (II) systemd-logind: got pause for 13:83
Nov 16 23:48:30 HOSTNAME /usr/libexec/gdm-x-session[1768]: (II) systemd-logind: got pause for 13:71
Nov 16 23:48:30 HOSTNAME /usr/libexec/gdm-x-session[1768]: (II) systemd-logind: got pause for 13:68
Nov 16 23:48:30 HOSTNAME /usr/libexec/gdm-x-session[1768]: (II) systemd-logind: got pause for 13:72
Nov 16 23:48:30 HOSTNAME /usr/libexec/gdm-x-session[1768]: (II) systemd-logind: got pause for 13:73
Nov 16 23:48:30 HOSTNAME /usr/libexec/gdm-x-session[1768]: (II) systemd-logind: got pause for 13:64
Nov 16 23:48:30 HOSTNAME /usr/libexec/gdm-x-session[1768]: (II) systemd-logind: got pause for 13:65
Nov 16 23:48:30 HOSTNAME /usr/libexec/gdm-x-session[1768]: (II) systemd-logind: got pause for 13:79
Nov 16 23:48:30 HOSTNAME /usr/libexec/gdm-x-session[1768]: (II) systemd-logind: got pause for 13:67
Nov 16 23:48:30 HOSTNAME /usr/libexec/gdm-x-session[1768]: (II) systemd-logind: got pause for 13:66
Nov 16 23:48:33 HOSTNAME /usr/libexec/gdm-x-session[1768]: (II) UnloadModule: "libinput"
Nov 16 23:48:33 HOSTNAME /usr/libexec/gdm-x-session[1768]: (II) systemd-logind: not releasing fd for 13:71, still in use
Nov 16 23:48:33 HOSTNAME /usr/libexec/gdm-x-session[1768]: (II) UnloadModule: "libinput"
Nov 16 23:48:33 HOSTNAME /usr/libexec/gdm-x-session[1768]: (II) systemd-logind: not releasing fd for 13:70, still in use
Nov 16 23:48:33 HOSTNAME /usr/libexec/gdm-x-session[1768]: (II) UnloadModule: "libinput"
Nov 16 23:48:33 HOSTNAME /usr/libexec/gdm-x-session[1768]: (II) systemd-logind: not releasing fd for 13:83, still in use
Nov 16 23:48:33 HOSTNAME /usr/libexec/gdm-x-session[1768]: (II) UnloadModule: "wacom"
Nov 16 23:48:33 HOSTNAME /usr/libexec/gdm-x-session[1768]: (II) systemd-logind: not releasing fd for 13:72, still in use
Nov 16 23:48:33 HOSTNAME /usr/libexec/gdm-x-session[1768]: (II) UnloadModule: "libinput"
Nov 16 23:48:33 HOSTNAME /usr/libexec/gdm-x-session[1768]: (II) systemd-logind: releasing fd for 13:66
Nov 16 23:48:33 HOSTNAME /usr/libexec/gdm-x-session[1768]: (II) UnloadModule: "libinput"
Nov 16 23:48:33 HOSTNAME /usr/libexec/gdm-x-session[1768]: (II) systemd-logind: releasing fd for 13:73
Nov 16 23:48:33 HOSTNAME /usr/libexec/gdm-x-session[1768]: (II) UnloadModule: "libinput"
Nov 16 23:48:33 HOSTNAME /usr/libexec/gdm-x-session[1768]: (II) systemd-logind: releasing fd for 13:71
Nov 16 23:48:33 HOSTNAME /usr/libexec/gdm-x-session[1768]: (II) UnloadModule: "libinput"
Nov 16 23:48:33 HOSTNAME /usr/libexec/gdm-x-session[1768]: (II) systemd-logind: releasing fd for 13:70
Nov 16 23:48:33 HOSTNAME /usr/libexec/gdm-x-session[1768]: (II) UnloadModule: "libinput"
Nov 16 23:48:33 HOSTNAME /usr/libexec/gdm-x-session[1768]: (II) systemd-logind: releasing fd for 13:67
Nov 16 23:48:33 HOSTNAME /usr/libexec/gdm-x-session[1768]: (II) UnloadModule: "libinput"
Nov 16 23:48:33 HOSTNAME /usr/libexec/gdm-x-session[1768]: (II) systemd-logind: releasing fd for 13:79
Nov 16 23:48:33 HOSTNAME /usr/libexec/gdm-x-session[1768]: (II) UnloadModule: "libinput"
Nov 16 23:48:33 HOSTNAME /usr/libexec/gdm-x-session[1768]: (II) systemd-logind: releasing fd for 13:83
Nov 16 23:48:34 HOSTNAME /usr/libexec/gdm-x-session[1768]: (II) UnloadModule: "libinput"
Nov 16 23:48:34 HOSTNAME /usr/libexec/gdm-x-session[1768]: (II) systemd-logind: releasing fd for 13:74
Nov 16 23:48:34 HOSTNAME /usr/libexec/gdm-x-session[1768]: (II) UnloadModule: "wacom"
Nov 16 23:48:34 HOSTNAME /usr/libexec/gdm-x-session[1768]: (II) systemd-logind: releasing fd for 13:72
Nov 16 23:48:34 HOSTNAME /usr/libexec/gdm-x-session[1768]: (II) UnloadModule: "wacom"
Nov 16 23:48:34 HOSTNAME /usr/libexec/gdm-x-session[1768]: (II) systemd-logind: releasing fd for 13:68
Nov 16 23:48:34 HOSTNAME /usr/libexec/gdm-x-session[1768]: (II) UnloadModule: "libinput"
Nov 16 23:48:34 HOSTNAME /usr/libexec/gdm-x-session[1768]: (II) systemd-logind: releasing fd for 13:64
Nov 16 23:48:34 HOSTNAME /usr/libexec/gdm-x-session[1768]: (II) UnloadModule: "libinput"
Nov 16 23:48:34 HOSTNAME /usr/libexec/gdm-x-session[1768]: (II) systemd-logind: releasing fd for 13:65
Nov 16 23:48:34 HOSTNAME /usr/libexec/gdm-x-session[1768]: (II) NVIDIA(GPU-0): Deleting GPU-0
Nov 16 23:48:34 HOSTNAME /usr/libexec/gdm-x-session[1768]: (II) Server terminated successfully (0). Closing log file.
