[    2.512156] psmouse serio3: synaptics: Touchpad model: 1, fw: 10.16, id: 0x1e2a1, caps: 0xf00423/0x840300/0x12e800/0x500000, board id: 3444, fw id: 2884246
[    2.562302] input: SynPS/2 Synaptics TouchPad as /devices/platform/i8042/serio3/input/input11
[    2.757346] wmi_bus wmi_bus-PNP0C14:02: WQZZ data block query control method not found
[    2.945405] input: SYNA3098:00 06CB:CD74 Mouse as /devices/pci0000:00/0000:00:15.1/i2c_designware.1/i2c-1/i2c-SYNA3098:00/0018:06CB:CD74.0001/input/input13
[    2.945560] input: SYNA3098:00 06CB:CD74 Touchpad as /devices/pci0000:00/0000:00:15.1/i2c_designware.1/i2c-1/i2c-SYNA3098:00/0018:06CB:CD74.0001/input/input14
[    2.945697] hid-generic 0018:06CB:CD74.0001: input,hidraw0: I2C HID v1.00 Mouse [SYNA3098:00 06CB:CD74] on i2c-SYNA3098:00
[    2.993668] input: SYNA3098:00 06CB:CD74 Mouse as /devices/pci0000:00/0000:00:15.1/i2c_designware.1/i2c-1/i2c-SYNA3098:00/0018:06CB:CD74.0001/input/input16
[    2.994008] input: SYNA3098:00 06CB:CD74 Touchpad as /devices/pci0000:00/0000:00:15.1/i2c_designware.1/i2c-1/i2c-SYNA3098:00/0018:06CB:CD74.0001/input/input17
[    2.994199] hid-multitouch 0018:06CB:CD74.0001: input,hidraw0: I2C HID v1.00 Mouse [SYNA3098:00 06CB:CD74] on i2c-SYNA3098:00
[    3.069996] input: WCOM4900:00 056A:4900 Touchscreen as /devices/pci0000:00/0000:00:15.0/i2c_designware.0/i2c-0/i2c-WCOM4900:00/0018:056A:4900.0002/input/input19
[    3.070223] input: WCOM4900:00 056A:4900 as /devices/pci0000:00/0000:00:15.0/i2c_designware.0/i2c-0/i2c-WCOM4900:00/0018:056A:4900.0002/input/input20
[    3.070388] input: WCOM4900:00 056A:4900 Stylus as /devices/pci0000:00/0000:00:15.0/i2c_designware.0/i2c-0/i2c-WCOM4900:00/0018:056A:4900.0002/input/input21
[    3.070635] input: WCOM4900:00 056A:4900 as /devices/pci0000:00/0000:00:15.0/i2c_designware.0/i2c-0/i2c-WCOM4900:00/0018:056A:4900.0002/input/input22
[    3.070853] input: WCOM4900:00 056A:4900 Mouse as /devices/pci0000:00/0000:00:15.0/i2c_designware.0/i2c-0/i2c-WCOM4900:00/0018:056A:4900.0002/input/input23
[    3.070959] hid-generic 0018:056A:4900.0002: input,hidraw1: I2C HID v1.00 Mouse [WCOM4900:00 056A:4900] on i2c-WCOM4900:00
[    3.153870] nvme nvme0: pci function 0000:6d:00.0
[    3.161042] nvme nvme0: Shutdown timeout set to 8 seconds
[    3.170495] nvme nvme0: 8/0/0 default/read/poll queues
[    3.175639]  nvme0n1: p1 p2 p3
[    3.225130] input: Wacom HID 4900 Pen as /devices/pci0000:00/0000:00:15.0/i2c_designware.0/i2c-0/i2c-WCOM4900:00/0018:056A:4900.0002/input/input24
[    3.225294] input: Wacom HID 4900 Finger as /devices/pci0000:00/0000:00:15.0/i2c_designware.0/i2c-0/i2c-WCOM4900:00/0018:056A:4900.0002/input/input25
[    3.225688] wacom 0018:056A:4900.0002: hidraw1: I2C HID v1.00 Mouse [WCOM4900:00 056A:4900] on i2c-WCOM4900:00
[    3.251301] BTRFS: device label HOSTNAME_localhost-live devid 1 transid 34477 /dev/nvme0n1p3 scanned by (udev-worker) (412)
[    3.782882] i915 0000:00:02.0: vgaarb: deactivate vga console
[    3.785200] i915 0000:00:02.0: vgaarb: changed VGA decodes: olddecodes=io+mem,decodes=io+mem:owns=io+mem
[    3.787420] i915 0000:00:02.0: [drm] Finished loading DMC firmware i915/kbl_dmc_ver1_04.bin (v1.4)
[    3.823910] i915 0000:00:02.0: [drm] [ENCODER:102:DDI B/PHY B] is disabled/in DSI mode with an ungated DDI clock, gate it
--
[    5.030270] input: Video Bus as /devices/LNXSYSTM:00/LNXSYBUS:00/PNP0A08:00/LNXVIDEO:00/input/input27
[    5.110653] fbcon: i915drmfb (fb0) is primary device
[    5.110660] fbcon: Deferring console take-over
[    5.110666] i915 0000:00:02.0: [drm] fb0: i915drmfb frame buffer device
[    8.706357] ish-hid {33AECD58-B679-4E54-9BD9-A04D34F0C226}: [hid-ish]: enum_devices_done OK, num_hid_devices=4
[    8.719874] hid-generic 001F:8087:0AC2.0003: hidraw2: SENSOR HUB HID v2.00 Device [hid-ishtp 8087:0AC2] on 
[    8.742997] hid-generic 001F:8087:0AC2.0004: hidraw3: SENSOR HUB HID v2.00 Device [hid-ishtp 8087:0AC2] on 
[    8.757267] hid-generic 001F:8087:0AC2.0005: hidraw4: SENSOR HUB HID v2.00 Device [hid-ishtp 8087:0AC2] on 
[    8.780290] hid-generic 001F:8087:0AC3.0006: hidraw5: SENSOR HUB HID v2.00 Device [hid-ishtp 8087:0AC3] on 
[    8.910885] BTRFS info (device nvme0n1p3): using crc32c (crc32c-intel) checksum algorithm
[    8.910909] BTRFS info (device nvme0n1p3): using free space tree
[    8.923005] BTRFS info (device nvme0n1p3): enabling ssd optimizations
[    8.923015] BTRFS info (device nvme0n1p3): auto enabling async discard
[    9.442433] memfd_create() without MFD_EXEC nor MFD_NOEXEC_SEAL, pid=1 'systemd'
--
[   13.568540] input: sof-hda-dsp HDMI/DP,pcm=4 as /devices/pci0000:00/0000:00:1f.3/skl_hda_dsp_generic/sound/card0/input37
[   13.568599] input: sof-hda-dsp HDMI/DP,pcm=5 as /devices/pci0000:00/0000:00:1f.3/skl_hda_dsp_generic/sound/card0/input38
[   13.791322] Bluetooth: hci0: Waiting for firmware download to complete
[   13.792089] Bluetooth: hci0: Firmware loaded in 1712671 usecs
[   13.792154] Bluetooth: hci0: Waiting for device to boot
[   13.807110] Bluetooth: hci0: Malformed MSFT vendor event: 0x02
[   13.807124] Bluetooth: hci0: Device booted in 14646 usecs
[   13.808291] Bluetooth: hci0: Found Intel DDC parameters: intel/ibt-20-1-3.ddc
[   13.810085] Bluetooth: hci0: Applying Intel DDC parameters completed
[   13.811102] Bluetooth: hci0: Firmware revision 0.3 build 206 week 22 2023
[   13.878396] Bluetooth: MGMT ver 1.22
--
[   16.683841] rfkill: input handler disabled
[   17.777624] wlp108s0: authenticate with ac:df:9f:3f:a7:01
[   17.814905] wlp108s0: send auth to ac:df:9f:3f:a7:01 (try 1/3)
[   18.010166] wlp108s0: authenticate with ac:df:9f:3f:a7:01
[   18.010743] wlp108s0: send auth to ac:df:9f:3f:a7:01 (try 1/3)
[   18.053122] wlp108s0: authenticated
[   18.054311] wlp108s0: associate with ac:df:9f:3f:a7:01 (try 1/3)
[   18.056631] wlp108s0: RX AssocResp from ac:df:9f:3f:a7:01 (capab=0x1931 status=0 aid=13)
[   18.092735] wlp108s0: associated
[   18.110099] wlp108s0: Limiting TX power to 30 (30 - 0) dBm as advertised by ac:df:9f:3f:a7:01
[   18.299329] IPv6: ADDRCONF(NETDEV_CHANGE): wlp108s0: link becomes ready
[   40.587010] systemd-journald[587]: /var/log/journal/MACHINEID/user-1000.journal: Monotonic clock jumped backwards relative to last journal entry, rotating.
[   40.925724] rfkill: input handler enabled
[   44.329440] rfkill: input handler disabled
[  162.535239] usb 1-5: new high-speed USB device number 5 using xhci_hcd
[  162.662589] usb 1-5: New USB device found, idVendor=056a, idProduct=03cd, bcdDevice= 1.82
[  162.662595] usb 1-5: New USB device strings: Mfr=1, Product=2, SerialNumber=0
[  162.662597] usb 1-5: Product: DTC121 HUB
[  162.662599] usb 1-5: Manufacturer: Wacom Co.,Ltd.
[  162.663770] hub 1-5:1.0: USB hub found
[  162.663802] hub 1-5:1.0: 3 ports detected
[  162.929655] usb 1-5: USB disconnect, device number 5
[  162.945242] usb 1-5.3: new full-speed USB device number 6 using xhci_hcd
[  162.945769] usb 1-5-port3: attempt power cycle
[  169.399371] usb 1-5: new high-speed USB device number 10 using xhci_hcd
[  169.525688] usb 1-5: New USB device found, idVendor=056a, idProduct=03cd, bcdDevice= 1.82
[  169.525703] usb 1-5: New USB device strings: Mfr=1, Product=2, SerialNumber=0
[  169.525710] usb 1-5: Product: DTC121 HUB
[  169.525714] usb 1-5: Manufacturer: Wacom Co.,Ltd.
[  169.529731] hub 1-5:1.0: USB hub found
[  169.529786] hub 1-5:1.0: 3 ports detected
[  169.817367] usb 1-5.3: new full-speed USB device number 11 using xhci_hcd
[  169.936950] usb 1-5.3: New USB device found, idVendor=056a, idProduct=03cf, bcdDevice= 0.05
[  169.936966] usb 1-5.3: New USB device strings: Mfr=1, Product=2, SerialNumber=0
[  169.936973] usb 1-5.3: Product: Wacom Billboard
[  169.936977] usb 1-5.3: Manufacturer: Wacom Co.,Ltd.
[  169.951394] wacom 0003:056A:03CF.0007: Unknown device_type for 'Wacom Co.,Ltd. Wacom Billboard'. Ignoring.
[  170.139274] usb 1-5.2: new full-speed USB device number 12 using xhci_hcd
[  170.229774] usb 1-5.2: New USB device found, idVendor=056a, idProduct=03ed, bcdDevice= 1.01
[  170.229781] usb 1-5.2: New USB device strings: Mfr=1, Product=2, SerialNumber=3
[  170.229783] usb 1-5.2: Product: DTC121
[  170.229785] usb 1-5.2: Manufacturer: Wacom Co.,Ltd.
[  170.229787] usb 1-5.2: SerialNumber: 3AHS1E2000020
[  170.244708] input: Wacom DTC121 Pen as /devices/pci0000:00/0000:00:14.0/usb1/1-5/1-5.2/1-5.2:1.0/0003:056A:03ED.0008/input/input42
[  170.245201] wacom 0003:056A:03ED.0008: hidraw2: USB HID v1.10 Device [Wacom Co.,Ltd. DTC121] on usb-0000:00:14.0-5.2/input0
[  170.246366] wacom 0003:056A:03ED.0009: Unknown device_type for 'Wacom Co.,Ltd. DTC121'. Ignoring.
[  170.247270] wacom 0003:056A:03ED.000A: Unknown device_type for 'Wacom Co.,Ltd. DTC121'. Ignoring.
[  175.900959] WARNING! power/level is deprecated; use power/control instead
