-- Logs begin at Fri 2020-03-06 17:05:01 UTC, end at Fri 2020-03-06 17:06:21 UTC. --
Mar 06 17:05:22 HOSTNAME /usr/lib/gdm3/gdm-x-session[10793]: (--) Log file renamed from "/home/HOSTNAME/.local/share/xorg/Xorg.pid-10795.log" to "/home/HOSTNAME/.local/share/xorg/Xorg.0.log"
Mar 06 17:05:22 HOSTNAME /usr/lib/gdm3/gdm-x-session[10793]: X.Org X Server 1.19.6
Mar 06 17:05:22 HOSTNAME /usr/lib/gdm3/gdm-x-session[10793]: Release Date: 2017-12-20
Mar 06 17:05:22 HOSTNAME /usr/lib/gdm3/gdm-x-session[10793]: X Protocol Version 11, Revision 0
Mar 06 17:05:22 HOSTNAME /usr/lib/gdm3/gdm-x-session[10793]: Build Operating System: Linux 4.4.0-148-generic x86_64 Ubuntu
Mar 06 17:05:22 HOSTNAME /usr/lib/gdm3/gdm-x-session[10793]: Current Operating System: Linux HOSTNAME 4.15.0-1066-oem #76-Ubuntu SMP Fri Dec 6 12:04:50 UTC 2019 x86_64
Mar 06 17:05:22 HOSTNAME /usr/lib/gdm3/gdm-x-session[10793]: Kernel command line: BOOT_IMAGE=/casper/vmlinuz boot=casper automatic-ubiquity file=/cdrom/install/preseed.cfg quiet splash --
Mar 06 17:05:22 HOSTNAME /usr/lib/gdm3/gdm-x-session[10793]: Build Date: 03 June 2019  08:10:35AM
Mar 06 17:05:22 HOSTNAME /usr/lib/gdm3/gdm-x-session[10793]: xorg-server 2:1.19.6-1HOSTNAME4.3 (For technical support please see http://www.HOSTNAME.com/support)
Mar 06 17:05:22 HOSTNAME /usr/lib/gdm3/gdm-x-session[10793]: Current version of pixman: 0.34.0
Mar 06 17:05:22 HOSTNAME /usr/lib/gdm3/gdm-x-session[10793]:         Before reporting problems, check http://wiki.x.org
Mar 06 17:05:22 HOSTNAME /usr/lib/gdm3/gdm-x-session[10793]:         to make sure that you have the latest version.
Mar 06 17:05:22 HOSTNAME /usr/lib/gdm3/gdm-x-session[10793]: Markers: (--) probed, (**) from config file, (==) default setting,
Mar 06 17:05:22 HOSTNAME /usr/lib/gdm3/gdm-x-session[10793]:         (++) from command line, (!!) notice, (II) informational,
Mar 06 17:05:22 HOSTNAME /usr/lib/gdm3/gdm-x-session[10793]:         (WW) warning, (EE) error, (NI) not implemented, (??) unknown.
Mar 06 17:05:22 HOSTNAME /usr/lib/gdm3/gdm-x-session[10793]: (==) Log file: "/home/HOSTNAME/.local/share/xorg/Xorg.0.log", Time: Fri Mar  6 17:05:22 2020
Mar 06 17:05:22 HOSTNAME /usr/lib/gdm3/gdm-x-session[10793]: (==) Using system config directory "/usr/share/X11/xorg.conf.d"
Mar 06 17:05:22 HOSTNAME /usr/lib/gdm3/gdm-x-session[10793]: (==) No Layout section.  Using the first Screen section.
Mar 06 17:05:22 HOSTNAME /usr/lib/gdm3/gdm-x-session[10793]: (==) No screen section available. Using defaults.
Mar 06 17:05:22 HOSTNAME /usr/lib/gdm3/gdm-x-session[10793]: (**) |-->Screen "Default Screen Section" (0)
Mar 06 17:05:22 HOSTNAME /usr/lib/gdm3/gdm-x-session[10793]: (**) |   |-->Monitor "<default monitor>"
Mar 06 17:05:22 HOSTNAME /usr/lib/gdm3/gdm-x-session[10793]: (==) No monitor specified for screen "Default Screen Section".
Mar 06 17:05:22 HOSTNAME /usr/lib/gdm3/gdm-x-session[10793]:         Using a default monitor configuration.
Mar 06 17:05:22 HOSTNAME /usr/lib/gdm3/gdm-x-session[10793]: (==) Automatically adding devices
Mar 06 17:05:22 HOSTNAME /usr/lib/gdm3/gdm-x-session[10793]: (==) Automatically enabling devices
Mar 06 17:05:22 HOSTNAME /usr/lib/gdm3/gdm-x-session[10793]: (==) Automatically adding GPU devices
Mar 06 17:05:22 HOSTNAME /usr/lib/gdm3/gdm-x-session[10793]: (==) Automatically binding GPU devices
Mar 06 17:05:22 HOSTNAME /usr/lib/gdm3/gdm-x-session[10793]: (==) Max clients allowed: 256, resource mask: 0x1fffff
Mar 06 17:05:22 HOSTNAME /usr/lib/gdm3/gdm-x-session[10793]: (WW) The directory "/usr/share/fonts/X11/cyrillic" does not exist.
Mar 06 17:05:22 HOSTNAME /usr/lib/gdm3/gdm-x-session[10793]:         Entry deleted from font path.
Mar 06 17:05:22 HOSTNAME /usr/lib/gdm3/gdm-x-session[10793]: (WW) The directory "/usr/share/fonts/X11/100dpi/" does not exist.
Mar 06 17:05:22 HOSTNAME /usr/lib/gdm3/gdm-x-session[10793]:         Entry deleted from font path.
Mar 06 17:05:22 HOSTNAME /usr/lib/gdm3/gdm-x-session[10793]: (WW) The directory "/usr/share/fonts/X11/75dpi/" does not exist.
Mar 06 17:05:22 HOSTNAME /usr/lib/gdm3/gdm-x-session[10793]:         Entry deleted from font path.
Mar 06 17:05:22 HOSTNAME /usr/lib/gdm3/gdm-x-session[10793]: (WW) The directory "/usr/share/fonts/X11/100dpi" does not exist.
Mar 06 17:05:22 HOSTNAME /usr/lib/gdm3/gdm-x-session[10793]:         Entry deleted from font path.
Mar 06 17:05:22 HOSTNAME /usr/lib/gdm3/gdm-x-session[10793]: (WW) The directory "/usr/share/fonts/X11/75dpi" does not exist.
Mar 06 17:05:22 HOSTNAME /usr/lib/gdm3/gdm-x-session[10793]:         Entry deleted from font path.
Mar 06 17:05:22 HOSTNAME /usr/lib/gdm3/gdm-x-session[10793]: (==) FontPath set to:
Mar 06 17:05:22 HOSTNAME /usr/lib/gdm3/gdm-x-session[10793]:         /usr/share/fonts/X11/misc,
Mar 06 17:05:22 HOSTNAME /usr/lib/gdm3/gdm-x-session[10793]:         /usr/share/fonts/X11/Type1,
Mar 06 17:05:22 HOSTNAME /usr/lib/gdm3/gdm-x-session[10793]:         built-ins
Mar 06 17:05:22 HOSTNAME /usr/lib/gdm3/gdm-x-session[10793]: (==) ModulePath set to "/usr/lib/xorg/modules"
Mar 06 17:05:22 HOSTNAME /usr/lib/gdm3/gdm-x-session[10793]: (II) The server relies on udev to provide the list of input devices.
Mar 06 17:05:22 HOSTNAME /usr/lib/gdm3/gdm-x-session[10793]:         If no devices become available, reconfigure udev or disable AutoAddDevices.
Mar 06 17:05:22 HOSTNAME /usr/lib/gdm3/gdm-x-session[10793]: (II) Loader magic: 0x56311f295020
Mar 06 17:05:22 HOSTNAME /usr/lib/gdm3/gdm-x-session[10793]: (II) Module ABI versions:
Mar 06 17:05:22 HOSTNAME /usr/lib/gdm3/gdm-x-session[10793]:         X.Org ANSI C Emulation: 0.4
Mar 06 17:05:22 HOSTNAME /usr/lib/gdm3/gdm-x-session[10793]:         X.Org Video Driver: 23.0
Mar 06 17:05:22 HOSTNAME /usr/lib/gdm3/gdm-x-session[10793]:         X.Org XInput driver : 24.1
Mar 06 17:05:22 HOSTNAME /usr/lib/gdm3/gdm-x-session[10793]:         X.Org Server Extension : 10.0
Mar 06 17:05:22 HOSTNAME /usr/lib/gdm3/gdm-x-session[10793]: (++) using VT number 1
Mar 06 17:05:22 HOSTNAME /usr/lib/gdm3/gdm-x-session[10793]: (II) systemd-logind: took control of session /org/freedesktop/login1/session/_37
Mar 06 17:05:22 HOSTNAME /usr/lib/gdm3/gdm-x-session[10793]: (II) xfree86: Adding drm device (/dev/dri/card0)
Mar 06 17:05:22 HOSTNAME /usr/lib/gdm3/gdm-x-session[10793]: (II) systemd-logind: got fd for /dev/dri/card0 226:0 fd 12 paused 0
Mar 06 17:05:22 HOSTNAME /usr/lib/gdm3/gdm-x-session[10793]: (--) PCI:*(0:0:2:0) 8086:9b41:17aa:22ad rev 2, Mem @ 0xe9000000/16777216, 0xb0000000/268435456, I/O @ 0x00003000/64, BIOS @ 0x????????/131072
Mar 06 17:05:22 HOSTNAME /usr/lib/gdm3/gdm-x-session[10793]: (II) LoadModule: "glx"
Mar 06 17:05:22 HOSTNAME /usr/lib/gdm3/gdm-x-session[10793]: (II) Loading /usr/lib/xorg/modules/extensions/libglx.so
Mar 06 17:05:22 HOSTNAME /usr/lib/gdm3/gdm-x-session[10793]: (II) Module glx: vendor="X.Org Foundation"
Mar 06 17:05:22 HOSTNAME /usr/lib/gdm3/gdm-x-session[10793]:         compiled for 1.19.6, module version = 1.0.0
Mar 06 17:05:22 HOSTNAME /usr/lib/gdm3/gdm-x-session[10793]:         ABI class: X.Org Server Extension, version 10.0
Mar 06 17:05:22 HOSTNAME /usr/lib/gdm3/gdm-x-session[10793]: (==) Matched modesetting as autoconfigured driver 0
Mar 06 17:05:22 HOSTNAME /usr/lib/gdm3/gdm-x-session[10793]: (==) Matched fbdev as autoconfigured driver 1
Mar 06 17:05:22 HOSTNAME /usr/lib/gdm3/gdm-x-session[10793]: (==) Matched vesa as autoconfigured driver 2
Mar 06 17:05:22 HOSTNAME /usr/lib/gdm3/gdm-x-session[10793]: (==) Assigned the driver to the xf86ConfigLayout
Mar 06 17:05:22 HOSTNAME /usr/lib/gdm3/gdm-x-session[10793]: (II) LoadModule: "modesetting"
Mar 06 17:05:22 HOSTNAME /usr/lib/gdm3/gdm-x-session[10793]: (II) Loading /usr/lib/xorg/modules/drivers/modesetting_drv.so
Mar 06 17:05:22 HOSTNAME /usr/lib/gdm3/gdm-x-session[10793]: (II) Module modesetting: vendor="X.Org Foundation"
Mar 06 17:05:22 HOSTNAME /usr/lib/gdm3/gdm-x-session[10793]:         compiled for 1.19.6, module version = 1.19.6
Mar 06 17:05:22 HOSTNAME /usr/lib/gdm3/gdm-x-session[10793]:         Module class: X.Org Video Driver
Mar 06 17:05:22 HOSTNAME /usr/lib/gdm3/gdm-x-session[10793]:         ABI class: X.Org Video Driver, version 23.0
Mar 06 17:05:22 HOSTNAME /usr/lib/gdm3/gdm-x-session[10793]: (II) LoadModule: "fbdev"
Mar 06 17:05:22 HOSTNAME /usr/lib/gdm3/gdm-x-session[10793]: (II) Loading /usr/lib/xorg/modules/drivers/fbdev_drv.so
Mar 06 17:05:22 HOSTNAME /usr/lib/gdm3/gdm-x-session[10793]: (II) Module fbdev: vendor="X.Org Foundation"
Mar 06 17:05:22 HOSTNAME /usr/lib/gdm3/gdm-x-session[10793]:         compiled for 1.19.3, module version = 0.4.4
Mar 06 17:05:22 HOSTNAME /usr/lib/gdm3/gdm-x-session[10793]:         Module class: X.Org Video Driver
Mar 06 17:05:22 HOSTNAME /usr/lib/gdm3/gdm-x-session[10793]:         ABI class: X.Org Video Driver, version 23.0
Mar 06 17:05:22 HOSTNAME /usr/lib/gdm3/gdm-x-session[10793]: (II) LoadModule: "vesa"
Mar 06 17:05:22 HOSTNAME /usr/lib/gdm3/gdm-x-session[10793]: (II) Loading /usr/lib/xorg/modules/drivers/vesa_drv.so
Mar 06 17:05:22 HOSTNAME /usr/lib/gdm3/gdm-x-session[10793]: (II) Module vesa: vendor="X.Org Foundation"
Mar 06 17:05:22 HOSTNAME /usr/lib/gdm3/gdm-x-session[10793]:         compiled for 1.19.3, module version = 2.3.4
Mar 06 17:05:22 HOSTNAME /usr/lib/gdm3/gdm-x-session[10793]:         Module class: X.Org Video Driver
Mar 06 17:05:22 HOSTNAME /usr/lib/gdm3/gdm-x-session[10793]:         ABI class: X.Org Video Driver, version 23.0
Mar 06 17:05:22 HOSTNAME /usr/lib/gdm3/gdm-x-session[10793]: (II) modesetting: Driver for Modesetting Kernel Drivers: kms
Mar 06 17:05:22 HOSTNAME /usr/lib/gdm3/gdm-x-session[10793]: (II) FBDEV: driver for framebuffer: fbdev
Mar 06 17:05:22 HOSTNAME /usr/lib/gdm3/gdm-x-session[10793]: (II) VESA: driver for VESA chipsets: vesa
Mar 06 17:05:22 HOSTNAME /usr/lib/gdm3/gdm-x-session[10793]: xf86EnableIOPorts: failed to set IOPL for I/O (Operation not permitted)
Mar 06 17:05:22 HOSTNAME /usr/lib/gdm3/gdm-x-session[10793]: (II) modeset(0): using drv /dev/dri/card0
Mar 06 17:05:22 HOSTNAME /usr/lib/gdm3/gdm-x-session[10793]: (WW) Falling back to old probe method for fbdev
Mar 06 17:05:22 HOSTNAME /usr/lib/gdm3/gdm-x-session[10793]: (II) Loading sub module "fbdevhw"
Mar 06 17:05:22 HOSTNAME /usr/lib/gdm3/gdm-x-session[10793]: (II) LoadModule: "fbdevhw"
Mar 06 17:05:22 HOSTNAME /usr/lib/gdm3/gdm-x-session[10793]: (II) Loading /usr/lib/xorg/modules/libfbdevhw.so
Mar 06 17:05:22 HOSTNAME /usr/lib/gdm3/gdm-x-session[10793]: (II) Module fbdevhw: vendor="X.Org Foundation"
Mar 06 17:05:22 HOSTNAME /usr/lib/gdm3/gdm-x-session[10793]:         compiled for 1.19.6, module version = 0.0.2
Mar 06 17:05:22 HOSTNAME /usr/lib/gdm3/gdm-x-session[10793]:         ABI class: X.Org Video Driver, version 23.0
Mar 06 17:05:22 HOSTNAME /usr/lib/gdm3/gdm-x-session[10793]: (EE) open /dev/fb0: Permission denied
Mar 06 17:05:22 HOSTNAME /usr/lib/gdm3/gdm-x-session[10793]: (WW) Falling back to old probe method for vesa
Mar 06 17:05:22 HOSTNAME /usr/lib/gdm3/gdm-x-session[10793]: (WW) VGA arbiter: cannot open kernel arbiter, no multi-card support
Mar 06 17:05:22 HOSTNAME /usr/lib/gdm3/gdm-x-session[10793]: (II) modeset(0): Creating default Display subsection in Screen section
Mar 06 17:05:22 HOSTNAME /usr/lib/gdm3/gdm-x-session[10793]:         "Default Screen Section" for depth/fbbpp 24/32
Mar 06 17:05:22 HOSTNAME /usr/lib/gdm3/gdm-x-session[10793]: (==) modeset(0): Depth 24, (==) framebuffer bpp 32
Mar 06 17:05:22 HOSTNAME /usr/lib/gdm3/gdm-x-session[10793]: (==) modeset(0): RGB weight 888
Mar 06 17:05:22 HOSTNAME /usr/lib/gdm3/gdm-x-session[10793]: (==) modeset(0): Default visual is TrueColor
Mar 06 17:05:22 HOSTNAME /usr/lib/gdm3/gdm-x-session[10793]: (II) Loading sub module "glamoregl"
Mar 06 17:05:22 HOSTNAME /usr/lib/gdm3/gdm-x-session[10793]: (II) LoadModule: "glamoregl"
Mar 06 17:05:22 HOSTNAME /usr/lib/gdm3/gdm-x-session[10793]: (II) Loading /usr/lib/xorg/modules/libglamoregl.so
Mar 06 17:05:22 HOSTNAME /usr/lib/gdm3/gdm-x-session[10793]: (II) Module glamoregl: vendor="X.Org Foundation"
Mar 06 17:05:22 HOSTNAME /usr/lib/gdm3/gdm-x-session[10793]:         compiled for 1.19.6, module version = 1.0.0
Mar 06 17:05:22 HOSTNAME /usr/lib/gdm3/gdm-x-session[10793]:         ABI class: X.Org ANSI C Emulation, version 0.4
Mar 06 17:05:22 HOSTNAME /usr/lib/gdm3/gdm-x-session[10793]: (II) glamor: OpenGL accelerated X.org driver based.
Mar 06 17:05:22 HOSTNAME /usr/lib/gdm3/gdm-x-session[10793]: (II) glamor: EGL version 1.4:
Mar 06 17:05:22 HOSTNAME /usr/lib/gdm3/gdm-x-session[10793]: (II) modeset(0): glamor initialized
Mar 06 17:05:22 HOSTNAME /usr/lib/gdm3/gdm-x-session[10793]: (II) modeset(0): Output eDP-1 has no monitor section
Mar 06 17:05:22 HOSTNAME /usr/lib/gdm3/gdm-x-session[10793]: (II) modeset(0): Output DP-1 has no monitor section
Mar 06 17:05:22 HOSTNAME /usr/lib/gdm3/gdm-x-session[10793]: (II) modeset(0): Output HDMI-1 has no monitor section
Mar 06 17:05:22 HOSTNAME /usr/lib/gdm3/gdm-x-session[10793]: (II) modeset(0): Output DP-2 has no monitor section
Mar 06 17:05:22 HOSTNAME /usr/lib/gdm3/gdm-x-session[10793]: (II) modeset(0): Output HDMI-2 has no monitor section
Mar 06 17:05:22 HOSTNAME /usr/lib/gdm3/gdm-x-session[10793]: (II) modeset(0): EDID for output eDP-1
Mar 06 17:05:22 HOSTNAME /usr/lib/gdm3/gdm-x-session[10793]: (II) modeset(0): Manufacturer: CTO  Model: 606  Serial#: 0
Mar 06 17:05:22 HOSTNAME /usr/lib/gdm3/gdm-x-session[10793]: (II) modeset(0): Year: 2019  Week: 26
Mar 06 17:05:22 HOSTNAME /usr/lib/gdm3/gdm-x-session[10793]: (II) modeset(0): EDID Version: 1.4
Mar 06 17:05:22 HOSTNAME /usr/lib/gdm3/gdm-x-session[10793]: (II) modeset(0): Digital Display Input
Mar 06 17:05:22 HOSTNAME /usr/lib/gdm3/gdm-x-session[10793]: (II) modeset(0): 8 bits per channel
Mar 06 17:05:22 HOSTNAME /usr/lib/gdm3/gdm-x-session[10793]: (II) modeset(0): Digital interface is DisplayPort
Mar 06 17:05:22 HOSTNAME /usr/lib/gdm3/gdm-x-session[10793]: (II) modeset(0): Max Image Size [cm]: horiz.: 29  vert.: 17
Mar 06 17:05:22 HOSTNAME /usr/lib/gdm3/gdm-x-session[10793]: (II) modeset(0): Gamma: 2.20
Mar 06 17:05:22 HOSTNAME /usr/lib/gdm3/gdm-x-session[10793]: (II) modeset(0): No DPMS capabilities specified
Mar 06 17:05:22 HOSTNAME /usr/lib/gdm3/gdm-x-session[10793]: (II) modeset(0): Supported color encodings: RGB 4:4:4
Mar 06 17:05:22 HOSTNAME /usr/lib/gdm3/gdm-x-session[10793]: (II) modeset(0): First detailed timing is preferred mode
Mar 06 17:05:22 HOSTNAME /usr/lib/gdm3/gdm-x-session[10793]: (II) modeset(0): Preferred mode is native pixel format and refresh rate
Mar 06 17:05:22 HOSTNAME /usr/lib/gdm3/gdm-x-session[10793]: (II) modeset(0): Display is continuous-frequency
Mar 06 17:05:22 HOSTNAME /usr/lib/gdm3/gdm-x-session[10793]: (II) modeset(0): redX: 0.638 redY: 0.324   greenX: 0.301 greenY: 0.612
Mar 06 17:05:22 HOSTNAME /usr/lib/gdm3/gdm-x-session[10793]: (II) modeset(0): blueX: 0.154 blueY: 0.058   whiteX: 0.313 whiteY: 0.329
Mar 06 17:05:22 HOSTNAME /usr/lib/gdm3/gdm-x-session[10793]: (II) modeset(0): Manufacturer's mask: 0
Mar 06 17:05:22 HOSTNAME /usr/lib/gdm3/gdm-x-session[10793]: (II) modeset(0): Supported detailed timing:
Mar 06 17:05:22 HOSTNAME /usr/lib/gdm3/gdm-x-session[10793]: (II) modeset(0): clock: 141.0 MHz   Image Size:  309 x 174 mm
Mar 06 17:05:22 HOSTNAME /usr/lib/gdm3/gdm-x-session[10793]: (II) modeset(0): h_active: 1920  h_sync: 1968  h_sync_end 2000 h_blank_end 2104 h_border: 0
Mar 06 17:05:22 HOSTNAME /usr/lib/gdm3/gdm-x-session[10793]: (II) modeset(0): v_active: 1080  v_sync: 1083  v_sync_end 1097 v_blanking: 1116 v_border: 0
Mar 06 17:05:22 HOSTNAME /usr/lib/gdm3/gdm-x-session[10793]: (II) modeset(0): Unknown vendor-specific block f
Mar 06 17:05:22 HOSTNAME /usr/lib/gdm3/gdm-x-session[10793]: (II) modeset(0):  CTO
Mar 06 17:05:22 HOSTNAME /usr/lib/gdm3/gdm-x-session[10793]: (II) modeset(0):  LEB13192N
Mar 06 17:05:22 HOSTNAME /usr/lib/gdm3/gdm-x-session[10793]: (II) modeset(0): EDID (in hex):
Mar 06 17:05:22 HOSTNAME /usr/lib/gdm3/gdm-x-session[10793]: (II) modeset(0):         00ffffffffffff000e8f060600000000
Mar 06 17:05:22 HOSTNAME /usr/lib/gdm3/gdm-x-session[10793]: (II) modeset(0):         1a1d0104a51d11780343b5a3534d9c27
Mar 06 17:05:22 HOSTNAME /usr/lib/gdm3/gdm-x-session[10793]: (II) modeset(0):         0e505400000001010101010101010101
Mar 06 17:05:22 HOSTNAME /usr/lib/gdm3/gdm-x-session[10793]: (II) modeset(0):         010101010101143780b8703824403020
Mar 06 17:05:22 HOSTNAME /usr/lib/gdm3/gdm-x-session[10793]: (II) modeset(0):         3e0035ae100000180000000f00000000
Mar 06 17:05:22 HOSTNAME /usr/lib/gdm3/gdm-x-session[10793]: (II) modeset(0):         00000000000000000020000000fe0043
Mar 06 17:05:22 HOSTNAME /usr/lib/gdm3/gdm-x-session[10793]: (II) modeset(0):         544f0a202020202020202020000000fe
Mar 06 17:05:22 HOSTNAME /usr/lib/gdm3/gdm-x-session[10793]: (II) modeset(0):         004c454231333139324e0a2020200025
Mar 06 17:05:22 HOSTNAME /usr/lib/gdm3/gdm-x-session[10793]: (II) modeset(0): Printing probed modes for output eDP-1
Mar 06 17:05:22 HOSTNAME /usr/lib/gdm3/gdm-x-session[10793]: (II) modeset(0): Modeline "1920x1080"x60.0  141.00  1920 1968 2000 2104  1080 1083 1097 1116 -hsync -vsync (67.0 kHz eP)
Mar 06 17:05:22 HOSTNAME /usr/lib/gdm3/gdm-x-session[10793]: (II) modeset(0): EDID for output DP-1
Mar 06 17:05:22 HOSTNAME /usr/lib/gdm3/gdm-x-session[10793]: (II) modeset(0): EDID for output HDMI-1
Mar 06 17:05:22 HOSTNAME /usr/lib/gdm3/gdm-x-session[10793]: (II) modeset(0): EDID for output DP-2
Mar 06 17:05:22 HOSTNAME /usr/lib/gdm3/gdm-x-session[10793]: (II) modeset(0): EDID for output HDMI-2
Mar 06 17:05:22 HOSTNAME /usr/lib/gdm3/gdm-x-session[10793]: (II) modeset(0): Output eDP-1 connected
Mar 06 17:05:22 HOSTNAME /usr/lib/gdm3/gdm-x-session[10793]: (II) modeset(0): Output DP-1 disconnected
Mar 06 17:05:22 HOSTNAME /usr/lib/gdm3/gdm-x-session[10793]: (II) modeset(0): Output HDMI-1 disconnected
Mar 06 17:05:22 HOSTNAME /usr/lib/gdm3/gdm-x-session[10793]: (II) modeset(0): Output DP-2 disconnected
Mar 06 17:05:22 HOSTNAME /usr/lib/gdm3/gdm-x-session[10793]: (II) modeset(0): Output HDMI-2 disconnected
Mar 06 17:05:22 HOSTNAME /usr/lib/gdm3/gdm-x-session[10793]: (II) modeset(0): Using exact sizes for initial modes
Mar 06 17:05:22 HOSTNAME /usr/lib/gdm3/gdm-x-session[10793]: (II) modeset(0): Output eDP-1 using initial mode 1920x1080 +0+0
Mar 06 17:05:22 HOSTNAME /usr/lib/gdm3/gdm-x-session[10793]: (==) modeset(0): Using gamma correction (1.0, 1.0, 1.0)
Mar 06 17:05:22 HOSTNAME /usr/lib/gdm3/gdm-x-session[10793]: (==) modeset(0): DPI set to (96, 96)
Mar 06 17:05:22 HOSTNAME /usr/lib/gdm3/gdm-x-session[10793]: (II) Loading sub module "fb"
Mar 06 17:05:22 HOSTNAME /usr/lib/gdm3/gdm-x-session[10793]: (II) LoadModule: "fb"
Mar 06 17:05:22 HOSTNAME /usr/lib/gdm3/gdm-x-session[10793]: (II) Loading /usr/lib/xorg/modules/libfb.so
Mar 06 17:05:22 HOSTNAME /usr/lib/gdm3/gdm-x-session[10793]: (II) Module fb: vendor="X.Org Foundation"
Mar 06 17:05:22 HOSTNAME /usr/lib/gdm3/gdm-x-session[10793]:         compiled for 1.19.6, module version = 1.0.0
Mar 06 17:05:22 HOSTNAME /usr/lib/gdm3/gdm-x-session[10793]:         ABI class: X.Org ANSI C Emulation, version 0.4
Mar 06 17:05:22 HOSTNAME /usr/lib/gdm3/gdm-x-session[10793]: (II) UnloadModule: "fbdev"
Mar 06 17:05:22 HOSTNAME /usr/lib/gdm3/gdm-x-session[10793]: (II) Unloading fbdev
Mar 06 17:05:22 HOSTNAME /usr/lib/gdm3/gdm-x-session[10793]: (II) UnloadSubModule: "fbdevhw"
Mar 06 17:05:22 HOSTNAME /usr/lib/gdm3/gdm-x-session[10793]: (II) Unloading fbdevhw
Mar 06 17:05:22 HOSTNAME /usr/lib/gdm3/gdm-x-session[10793]: (II) UnloadModule: "vesa"
Mar 06 17:05:22 HOSTNAME /usr/lib/gdm3/gdm-x-session[10793]: (II) Unloading vesa
Mar 06 17:05:22 HOSTNAME /usr/lib/gdm3/gdm-x-session[10793]: (==) Depth 24 pixmap format is 32 bpp
Mar 06 17:05:22 HOSTNAME /usr/lib/gdm3/gdm-x-session[10793]: (==) modeset(0): Backing store enabled
Mar 06 17:05:22 HOSTNAME /usr/lib/gdm3/gdm-x-session[10793]: (==) modeset(0): Silken mouse enabled
Mar 06 17:05:22 HOSTNAME /usr/lib/gdm3/gdm-x-session[10793]: (II) modeset(0): RandR 1.2 enabled, ignore the following RandR disabled message.
Mar 06 17:05:22 HOSTNAME /usr/lib/gdm3/gdm-x-session[10793]: (==) modeset(0): DPMS enabled
Mar 06 17:05:22 HOSTNAME /usr/lib/gdm3/gdm-x-session[10793]: (II) modeset(0): [DRI2] Setup complete
Mar 06 17:05:22 HOSTNAME /usr/lib/gdm3/gdm-x-session[10793]: (II) modeset(0): [DRI2]   DRI driver: i965
Mar 06 17:05:22 HOSTNAME /usr/lib/gdm3/gdm-x-session[10793]: (II) modeset(0): [DRI2]   VDPAU driver: i965
Mar 06 17:05:22 HOSTNAME /usr/lib/gdm3/gdm-x-session[10793]: (--) RandR disabled
Mar 06 17:05:22 HOSTNAME /usr/lib/gdm3/gdm-x-session[10793]: (II) SELinux: Disabled on system
Mar 06 17:05:22 HOSTNAME /usr/lib/gdm3/gdm-x-session[10793]: (II) AIGLX: enabled GLX_MESA_copy_sub_buffer
Mar 06 17:05:22 HOSTNAME /usr/lib/gdm3/gdm-x-session[10793]: (II) AIGLX: enabled GLX_ARB_create_context
Mar 06 17:05:22 HOSTNAME /usr/lib/gdm3/gdm-x-session[10793]: (II) AIGLX: enabled GLX_ARB_create_context_profile
Mar 06 17:05:22 HOSTNAME /usr/lib/gdm3/gdm-x-session[10793]: (II) AIGLX: enabled GLX_EXT_create_context_es{,2}_profile
Mar 06 17:05:22 HOSTNAME /usr/lib/gdm3/gdm-x-session[10793]: (II) AIGLX: enabled GLX_INTEL_swap_event
Mar 06 17:05:22 HOSTNAME /usr/lib/gdm3/gdm-x-session[10793]: (II) AIGLX: enabled GLX_SGI_swap_control
Mar 06 17:05:22 HOSTNAME /usr/lib/gdm3/gdm-x-session[10793]: (II) AIGLX: enabled GLX_EXT_framebuffer_sRGB
Mar 06 17:05:22 HOSTNAME /usr/lib/gdm3/gdm-x-session[10793]: (II) AIGLX: enabled GLX_ARB_fbconfig_float
Mar 06 17:05:22 HOSTNAME /usr/lib/gdm3/gdm-x-session[10793]: (II) AIGLX: enabled GLX_EXT_fbconfig_packed_float
Mar 06 17:05:22 HOSTNAME /usr/lib/gdm3/gdm-x-session[10793]: (II) AIGLX: GLX_EXT_texture_from_pixmap backed by buffer objects
Mar 06 17:05:22 HOSTNAME /usr/lib/gdm3/gdm-x-session[10793]: (II) AIGLX: enabled GLX_ARB_create_context_robustness
Mar 06 17:05:22 HOSTNAME /usr/lib/gdm3/gdm-x-session[10793]: (II) AIGLX: Loaded and initialized i965
Mar 06 17:05:22 HOSTNAME /usr/lib/gdm3/gdm-x-session[10793]: (II) GLX: Initialized DRI2 GL provider for screen 0
Mar 06 17:05:22 HOSTNAME /usr/lib/gdm3/gdm-x-session[10793]: (II) modeset(0): Damage tracking initialized
Mar 06 17:05:22 HOSTNAME /usr/lib/gdm3/gdm-x-session[10793]: (II) modeset(0): Setting screen physical size to 508 x 285
Mar 06 17:05:22 HOSTNAME /usr/lib/gdm3/gdm-x-session[10793]: (II) config/udev: Adding input device Power Button (/dev/input/event2)
Mar 06 17:05:22 HOSTNAME /usr/lib/gdm3/gdm-x-session[10793]: (**) Power Button: Applying InputClass "libinput keyboard catchall"
Mar 06 17:05:22 HOSTNAME /usr/lib/gdm3/gdm-x-session[10793]: (II) LoadModule: "libinput"
Mar 06 17:05:22 HOSTNAME /usr/lib/gdm3/gdm-x-session[10793]: (II) Loading /usr/lib/xorg/modules/input/libinput_drv.so
Mar 06 17:05:22 HOSTNAME /usr/lib/gdm3/gdm-x-session[10793]: (II) Module libinput: vendor="X.Org Foundation"
Mar 06 17:05:22 HOSTNAME /usr/lib/gdm3/gdm-x-session[10793]:         compiled for 1.19.6, module version = 0.27.1
Mar 06 17:05:22 HOSTNAME /usr/lib/gdm3/gdm-x-session[10793]:         Module class: X.Org XInput Driver
Mar 06 17:05:22 HOSTNAME /usr/lib/gdm3/gdm-x-session[10793]:         ABI class: X.Org XInput driver, version 24.1
Mar 06 17:05:22 HOSTNAME /usr/lib/gdm3/gdm-x-session[10793]: (II) Using input driver 'libinput' for 'Power Button'
Mar 06 17:05:22 HOSTNAME /usr/lib/gdm3/gdm-x-session[10793]: (II) systemd-logind: got fd for /dev/input/event2 13:66 fd 21 paused 0
Mar 06 17:05:22 HOSTNAME /usr/lib/gdm3/gdm-x-session[10793]: (**) Power Button: always reports core events
Mar 06 17:05:22 HOSTNAME /usr/lib/gdm3/gdm-x-session[10793]: (**) Option "Device" "/dev/input/event2"
Mar 06 17:05:22 HOSTNAME /usr/lib/gdm3/gdm-x-session[10793]: (**) Option "_source" "server/udev"
Mar 06 17:05:22 HOSTNAME /usr/lib/gdm3/gdm-x-session[10793]: (II) event2  - Power Button: is tagged by udev as: Keyboard
Mar 06 17:05:22 HOSTNAME /usr/lib/gdm3/gdm-x-session[10793]: (II) event2  - Power Button: device is a keyboard
Mar 06 17:05:22 HOSTNAME /usr/lib/gdm3/gdm-x-session[10793]: (II) event2  - Power Button: device removed
Mar 06 17:05:22 HOSTNAME /usr/lib/gdm3/gdm-x-session[10793]: (**) Option "config_info" "udev:/sys/devices/LNXSYSTM:00/LNXPWRBN:00/input/input2/event2"
Mar 06 17:05:22 HOSTNAME /usr/lib/gdm3/gdm-x-session[10793]: (II) XINPUT: Adding extended input device "Power Button" (type: KEYBOARD, id 6)
Mar 06 17:05:22 HOSTNAME /usr/lib/gdm3/gdm-x-session[10793]: (**) Option "xkb_model" "pc105"
Mar 06 17:05:22 HOSTNAME /usr/lib/gdm3/gdm-x-session[10793]: (**) Option "xkb_layout" "us"
Mar 06 17:05:22 HOSTNAME /usr/lib/gdm3/gdm-x-session[10793]: (II) event2  - Power Button: is tagged by udev as: Keyboard
Mar 06 17:05:22 HOSTNAME /usr/lib/gdm3/gdm-x-session[10793]: (II) event2  - Power Button: device is a keyboard
Mar 06 17:05:22 HOSTNAME /usr/lib/gdm3/gdm-x-session[10793]: (II) config/udev: Adding input device Video Bus (/dev/input/event5)
Mar 06 17:05:22 HOSTNAME /usr/lib/gdm3/gdm-x-session[10793]: (**) Video Bus: Applying InputClass "libinput keyboard catchall"
Mar 06 17:05:22 HOSTNAME /usr/lib/gdm3/gdm-x-session[10793]: (II) Using input driver 'libinput' for 'Video Bus'
Mar 06 17:05:22 HOSTNAME /usr/lib/gdm3/gdm-x-session[10793]: (II) systemd-logind: got fd for /dev/input/event5 13:69 fd 24 paused 0
Mar 06 17:05:22 HOSTNAME /usr/lib/gdm3/gdm-x-session[10793]: (**) Video Bus: always reports core events
Mar 06 17:05:22 HOSTNAME /usr/lib/gdm3/gdm-x-session[10793]: (**) Option "Device" "/dev/input/event5"
Mar 06 17:05:22 HOSTNAME /usr/lib/gdm3/gdm-x-session[10793]: (**) Option "_source" "server/udev"
Mar 06 17:05:22 HOSTNAME /usr/lib/gdm3/gdm-x-session[10793]: (II) event5  - Video Bus: is tagged by udev as: Keyboard
Mar 06 17:05:22 HOSTNAME /usr/lib/gdm3/gdm-x-session[10793]: (II) event5  - Video Bus: device is a keyboard
Mar 06 17:05:22 HOSTNAME /usr/lib/gdm3/gdm-x-session[10793]: (II) event5  - Video Bus: device removed
Mar 06 17:05:22 HOSTNAME /usr/lib/gdm3/gdm-x-session[10793]: (**) Option "config_info" "udev:/sys/devices/LNXSYSTM:00/LNXSYBUS:00/PNP0A08:00/LNXVIDEO:00/input/input7/event5"
Mar 06 17:05:22 HOSTNAME /usr/lib/gdm3/gdm-x-session[10793]: (II) XINPUT: Adding extended input device "Video Bus" (type: KEYBOARD, id 7)
Mar 06 17:05:22 HOSTNAME /usr/lib/gdm3/gdm-x-session[10793]: (**) Option "xkb_model" "pc105"
Mar 06 17:05:22 HOSTNAME /usr/lib/gdm3/gdm-x-session[10793]: (**) Option "xkb_layout" "us"
Mar 06 17:05:22 HOSTNAME /usr/lib/gdm3/gdm-x-session[10793]: (II) event5  - Video Bus: is tagged by udev as: Keyboard
Mar 06 17:05:22 HOSTNAME /usr/lib/gdm3/gdm-x-session[10793]: (II) event5  - Video Bus: device is a keyboard
Mar 06 17:05:22 HOSTNAME /usr/lib/gdm3/gdm-x-session[10793]: (II) config/udev: Adding input device Lid Switch (/dev/input/event1)
Mar 06 17:05:22 HOSTNAME /usr/lib/gdm3/gdm-x-session[10793]: (II) No input driver specified, ignoring this device.
Mar 06 17:05:22 HOSTNAME /usr/lib/gdm3/gdm-x-session[10793]: (II) This device may have been added with another device file.
Mar 06 17:05:22 HOSTNAME /usr/lib/gdm3/gdm-x-session[10793]: (II) config/udev: Adding input device Sleep Button (/dev/input/event0)
Mar 06 17:05:22 HOSTNAME /usr/lib/gdm3/gdm-x-session[10793]: (**) Sleep Button: Applying InputClass "libinput keyboard catchall"
Mar 06 17:05:22 HOSTNAME /usr/lib/gdm3/gdm-x-session[10793]: (II) Using input driver 'libinput' for 'Sleep Button'
Mar 06 17:05:22 HOSTNAME /usr/lib/gdm3/gdm-x-session[10793]: (II) systemd-logind: got fd for /dev/input/event0 13:64 fd 25 paused 0
Mar 06 17:05:22 HOSTNAME /usr/lib/gdm3/gdm-x-session[10793]: (**) Sleep Button: always reports core events
Mar 06 17:05:22 HOSTNAME /usr/lib/gdm3/gdm-x-session[10793]: (**) Option "Device" "/dev/input/event0"
Mar 06 17:05:22 HOSTNAME /usr/lib/gdm3/gdm-x-session[10793]: (**) Option "_source" "server/udev"
Mar 06 17:05:22 HOSTNAME /usr/lib/gdm3/gdm-x-session[10793]: (II) event0  - Sleep Button: is tagged by udev as: Keyboard
Mar 06 17:05:22 HOSTNAME /usr/lib/gdm3/gdm-x-session[10793]: (II) event0  - Sleep Button: device is a keyboard
Mar 06 17:05:22 HOSTNAME /usr/lib/gdm3/gdm-x-session[10793]: (II) event0  - Sleep Button: device removed
Mar 06 17:05:22 HOSTNAME /usr/lib/gdm3/gdm-x-session[10793]: (**) Option "config_info" "udev:/sys/devices/LNXSYSTM:00/LNXSYBUS:00/PNP0C0E:00/input/input0/event0"
Mar 06 17:05:22 HOSTNAME /usr/lib/gdm3/gdm-x-session[10793]: (II) XINPUT: Adding extended input device "Sleep Button" (type: KEYBOARD, id 8)
Mar 06 17:05:22 HOSTNAME /usr/lib/gdm3/gdm-x-session[10793]: (**) Option "xkb_model" "pc105"
Mar 06 17:05:22 HOSTNAME /usr/lib/gdm3/gdm-x-session[10793]: (**) Option "xkb_layout" "us"
Mar 06 17:05:22 HOSTNAME /usr/lib/gdm3/gdm-x-session[10793]: (II) event0  - Sleep Button: is tagged by udev as: Keyboard
Mar 06 17:05:22 HOSTNAME /usr/lib/gdm3/gdm-x-session[10793]: (II) event0  - Sleep Button: device is a keyboard
Mar 06 17:05:22 HOSTNAME /usr/lib/gdm3/gdm-x-session[10793]: (II) config/udev: Adding input device PixArt Lenovo USB Optical Mouse (/dev/input/event6)
Mar 06 17:05:22 HOSTNAME /usr/lib/gdm3/gdm-x-session[10793]: (**) PixArt Lenovo USB Optical Mouse: Applying InputClass "libinput pointer catchall"
Mar 06 17:05:22 HOSTNAME /usr/lib/gdm3/gdm-x-session[10793]: (II) Using input driver 'libinput' for 'PixArt Lenovo USB Optical Mouse'
Mar 06 17:05:22 HOSTNAME /usr/lib/gdm3/gdm-x-session[10793]: (II) systemd-logind: got fd for /dev/input/event6 13:70 fd 26 paused 0
Mar 06 17:05:22 HOSTNAME /usr/lib/gdm3/gdm-x-session[10793]: (**) PixArt Lenovo USB Optical Mouse: always reports core events
Mar 06 17:05:22 HOSTNAME /usr/lib/gdm3/gdm-x-session[10793]: (**) Option "Device" "/dev/input/event6"
Mar 06 17:05:22 HOSTNAME /usr/lib/gdm3/gdm-x-session[10793]: (**) Option "_source" "server/udev"
Mar 06 17:05:22 HOSTNAME /usr/lib/gdm3/gdm-x-session[10793]: (II) event6  - PixArt Lenovo USB Optical Mouse: is tagged by udev as: Mouse
Mar 06 17:05:22 HOSTNAME /usr/lib/gdm3/gdm-x-session[10793]: (II) event6  - PixArt Lenovo USB Optical Mouse: device is a pointer
Mar 06 17:05:22 HOSTNAME /usr/lib/gdm3/gdm-x-session[10793]: (II) event6  - PixArt Lenovo USB Optical Mouse: device removed
Mar 06 17:05:22 HOSTNAME /usr/lib/gdm3/gdm-x-session[10793]: (**) Option "config_info" "udev:/sys/devices/pci0000:00/0000:00:14.0/usb1/1-3/1-3.2/1-3.2:1.0/0003:17EF:608D.0004/input/input8/event6"
Mar 06 17:05:22 HOSTNAME /usr/lib/gdm3/gdm-x-session[10793]: (II) XINPUT: Adding extended input device "PixArt Lenovo USB Optical Mouse" (type: MOUSE, id 9)
Mar 06 17:05:22 HOSTNAME /usr/lib/gdm3/gdm-x-session[10793]: (**) Option "AccelerationScheme" "none"
Mar 06 17:05:22 HOSTNAME /usr/lib/gdm3/gdm-x-session[10793]: (**) PixArt Lenovo USB Optical Mouse: (accel) selected scheme none/0
Mar 06 17:05:22 HOSTNAME /usr/lib/gdm3/gdm-x-session[10793]: (**) PixArt Lenovo USB Optical Mouse: (accel) acceleration factor: 2.000
Mar 06 17:05:22 HOSTNAME /usr/lib/gdm3/gdm-x-session[10793]: (**) PixArt Lenovo USB Optical Mouse: (accel) acceleration threshold: 4
Mar 06 17:05:22 HOSTNAME /usr/lib/gdm3/gdm-x-session[10793]: (II) event6  - PixArt Lenovo USB Optical Mouse: is tagged by udev as: Mouse
Mar 06 17:05:22 HOSTNAME /usr/lib/gdm3/gdm-x-session[10793]: (II) event6  - PixArt Lenovo USB Optical Mouse: device is a pointer
Mar 06 17:05:22 HOSTNAME /usr/lib/gdm3/gdm-x-session[10793]: (II) config/udev: Adding input device PixArt Lenovo USB Optical Mouse (/dev/input/mouse1)
Mar 06 17:05:22 HOSTNAME /usr/lib/gdm3/gdm-x-session[10793]: (II) No input driver specified, ignoring this device.
Mar 06 17:05:22 HOSTNAME /usr/lib/gdm3/gdm-x-session[10793]: (II) This device may have been added with another device file.
Mar 06 17:05:22 HOSTNAME /usr/lib/gdm3/gdm-x-session[10793]: (II) config/udev: Adding input device Wacom Pen and multitouch sensor Finger (/dev/input/event8)
Mar 06 17:05:22 HOSTNAME /usr/lib/gdm3/gdm-x-session[10793]: (**) Wacom Pen and multitouch sensor Finger: Applying InputClass "libinput touchscreen catchall"
Mar 06 17:05:22 HOSTNAME /usr/lib/gdm3/gdm-x-session[10793]: (**) Wacom Pen and multitouch sensor Finger: Applying InputClass "Wacom USB touchscreen class"
Mar 06 17:05:22 HOSTNAME /usr/lib/gdm3/gdm-x-session[10793]: (**) Wacom Pen and multitouch sensor Finger: Applying InputClass "Wacom touchscreen class"
Mar 06 17:05:22 HOSTNAME /usr/lib/gdm3/gdm-x-session[10793]: (II) LoadModule: "wacom"
Mar 06 17:05:22 HOSTNAME /usr/lib/gdm3/gdm-x-session[10793]: (II) Loading /usr/lib/xorg/modules/input/wacom_drv.so
Mar 06 17:05:22 HOSTNAME /usr/lib/gdm3/gdm-x-session[10793]: (II) Module wacom: vendor="X.Org Foundation"
Mar 06 17:05:22 HOSTNAME /usr/lib/gdm3/gdm-x-session[10793]:         compiled for 1.19.6, module version = 0.36.1
Mar 06 17:05:22 HOSTNAME /usr/lib/gdm3/gdm-x-session[10793]:         Module class: X.Org XInput Driver
Mar 06 17:05:22 HOSTNAME /usr/lib/gdm3/gdm-x-session[10793]:         ABI class: X.Org XInput driver, version 24.1
Mar 06 17:05:22 HOSTNAME /usr/lib/gdm3/gdm-x-session[10793]: (II) Build version: 0.36.1
Mar 06 17:05:22 HOSTNAME /usr/lib/gdm3/gdm-x-session[10793]: (II) wacom: Driver for Wacom graphics tablets: PenPartner, Graphire,
Mar 06 17:05:22 HOSTNAME /usr/lib/gdm3/gdm-x-session[10793]:         Graphire2 4x5, Graphire2 5x7, Graphire3 4x5, Graphire3 6x8,
Mar 06 17:05:22 HOSTNAME /usr/lib/gdm3/gdm-x-session[10793]:         Graphire4 4x5, Graphire4 6x8, BambooFun 4x5, BambooFun 6x8,
Mar 06 17:05:22 HOSTNAME /usr/lib/gdm3/gdm-x-session[10793]:         Bamboo1 Medium, Graphire4 6x8 BlueTooth, CTL-460, CTH-461, CTL-660,
Mar 06 17:05:22 HOSTNAME /usr/lib/gdm3/gdm-x-session[10793]:         CTL-461/S, Bamboo Touch, CTH-460/K, CTH-461/S, CTH-661/S1, CTH-461/L,
Mar 06 17:05:22 HOSTNAME /usr/lib/gdm3/gdm-x-session[10793]:         CTH-661/L, Intuos 4x5, Intuos 6x8, Intuos 9x12, Intuos 12x12,
Mar 06 17:05:22 HOSTNAME /usr/lib/gdm3/gdm-x-session[10793]:         Intuos 12x18, PTU600, PL400, PL500, PL600, PL600SX, PL550, PL800,
Mar 06 17:05:22 HOSTNAME /usr/lib/gdm3/gdm-x-session[10793]:         PL700, PL510, PL710, DTI520, DTF720, DTF720a, DTF521, DTU1931,
Mar 06 17:05:22 HOSTNAME /usr/lib/gdm3/gdm-x-session[10793]:         DTU2231, DTU1631, DTH1152, DTH1152, DTK2451, DTH2452, DTH2452,
Mar 06 17:05:22 HOSTNAME /usr/lib/gdm3/gdm-x-session[10793]:         Intuos2 4x5, Intuos2 6x8, Intuos2 9x12, Intuos2 12x12, Intuos2 12x18,
Mar 06 17:05:22 HOSTNAME /usr/lib/gdm3/gdm-x-session[10793]:         Intuos2 6x8 , Volito, PenStation, Volito2 4x5, Volito2 2x3,
Mar 06 17:05:22 HOSTNAME /usr/lib/gdm3/gdm-x-session[10793]:         PenPartner2, Bamboo, Bamboo1, Bamboo1 4x6, Bamboo1 5x8, Intuos3 4x5,
Mar 06 17:05:22 HOSTNAME /usr/lib/gdm3/gdm-x-session[10793]:         Intuos3 6x8, Intuos3 9x12, Intuos3 12x12, Intuos3 12x19,
Mar 06 17:05:22 HOSTNAME /usr/lib/gdm3/gdm-x-session[10793]:         Intuos3 6x11, Intuos3 4x6, Intuos4 4x6, Intuos4 6x9, Intuos4 8x13,
Mar 06 17:05:22 HOSTNAME /usr/lib/gdm3/gdm-x-session[10793]:         Intuos4 12x19, Intuos4 WL USB Endpoint,
Mar 06 17:05:22 HOSTNAME /usr/lib/gdm3/gdm-x-session[10793]:         Intuos4 WL Bluetooth Endpoint, Intuos5 touch S, Intuos5 touch M,
Mar 06 17:05:22 HOSTNAME /usr/lib/gdm3/gdm-x-session[10793]:         Intuos5 touch L, Intuos5 S, Intuos5 M, Intuos Pro S, Intuos Pro M,
Mar 06 17:05:22 HOSTNAME /usr/lib/gdm3/gdm-x-session[10793]:         Intuos Pro L, Cintiq 21UX, Cintiq 20WSX, Cintiq 12WX, Cintiq 21UX2,
Mar 06 17:05:22 HOSTNAME /usr/lib/gdm3/gdm-x-session[10793]:         Cintiq 24HD, Cintiq 22HD, Cintiq 24HD touch (EMR digitizer),
Mar 06 17:05:22 HOSTNAME /usr/lib/gdm3/gdm-x-session[10793]:         Cintiq 13HD, DTK2241, DTH2242, Cintiq 22HDT, Cintiq 27QHDT,
Mar 06 17:05:22 HOSTNAME /usr/lib/gdm3/gdm-x-session[10793]:         Cintiq 27QHDT, Mobilestudio Pro 13, MobileStudio Pro 16,
Mar 06 17:05:22 HOSTNAME /usr/lib/gdm3/gdm-x-session[10793]:         MobileStudio Pro 13, MobileStudio Pro 16, Cintiq 13 FHD Pro,
Mar 06 17:05:22 HOSTNAME /usr/lib/gdm3/gdm-x-session[10793]:         Cintiq 16 UHD Pro, Cintiq Pro 24, Cintiq Pro 32, Cintiq 13 FHD Pro,
Mar 06 17:05:22 HOSTNAME /usr/lib/gdm3/gdm-x-session[10793]:         Cintiq 16 UHD Pro, Cintiq Pro 24, Cintiq Pro 32, Cintiq Pro 24,
Mar 06 17:05:22 HOSTNAME /usr/lib/gdm3/gdm-x-session[10793]:         TabletPC 0x90, TabletPC 0x93, TabletPC 0x97, TabletPC 0x9A,
Mar 06 17:05:22 HOSTNAME /usr/lib/gdm3/gdm-x-session[10793]:         CapPlus  0x9F, TabletPC 0xE2, TabletPC 0xE3, TabletPC 0xE5,
Mar 06 17:05:22 HOSTNAME /usr/lib/gdm3/gdm-x-session[10793]:         TabletPC 0xE6, TabletPC 0xEC, TabletPC 0xED, TabletPC 0xEF,
Mar 06 17:05:22 HOSTNAME /usr/lib/gdm3/gdm-x-session[10793]:         TabletPC 0x100, TabletPC 0x101, TabletPC 0x10D, TabletPC 0x116,
Mar 06 17:05:22 HOSTNAME /usr/lib/gdm3/gdm-x-session[10793]:         TabletPC 0x12C, TabletPC 0x4001, TabletPC 0x4004, TabletPC 0x5000,
Mar 06 17:05:22 HOSTNAME /usr/lib/gdm3/gdm-x-session[10793]:         TabletPC 0x5002, usb:172f:0024, usb:172f:0025, usb:172f:0026,
Mar 06 17:05:22 HOSTNAME /usr/lib/gdm3/gdm-x-session[10793]:         usb:172f:0027, usb:172f:0028, usb:172f:0030, usb:172f:0031,
Mar 06 17:05:22 HOSTNAME /usr/lib/gdm3/gdm-x-session[10793]:         usb:172f:0032, usb:172f:0033, usb:172f:0034, usb:172f:0035,
Mar 06 17:05:22 HOSTNAME /usr/lib/gdm3/gdm-x-session[10793]:         usb:172f:0036, usb:172f:0037, usb:172f:0038, usb:172f:0039,
Mar 06 17:05:22 HOSTNAME /usr/lib/gdm3/gdm-x-session[10793]:         usb:172f:0051, usb:172f:0052, usb:172f:0053, usb:172f:0054,
Mar 06 17:05:22 HOSTNAME /usr/lib/gdm3/gdm-x-session[10793]:         usb:172f:0055, usb:172f:0056, usb:172f:0057, usb:172f:0058,
Mar 06 17:05:22 HOSTNAME /usr/lib/gdm3/gdm-x-session[10793]:         usb:172f:0500, usb:172f:0501, usb:172f:0502, usb:172f:0503,
Mar 06 17:05:22 HOSTNAME /usr/lib/gdm3/gdm-x-session[10793]:         usb:1b96:0001, usb:17ef:6004
Mar 06 17:05:22 HOSTNAME /usr/lib/gdm3/gdm-x-session[10793]: (II) Using input driver 'wacom' for 'Wacom Pen and multitouch sensor Finger'
Mar 06 17:05:23 HOSTNAME /usr/lib/gdm3/gdm-x-session[10793]: (II) systemd-logind: got fd for /dev/input/event8 13:72 fd 27 paused 0
Mar 06 17:05:23 HOSTNAME /usr/lib/gdm3/gdm-x-session[10793]: (**) Wacom Pen and multitouch sensor Finger: always reports core events
Mar 06 17:05:23 HOSTNAME /usr/lib/gdm3/gdm-x-session[10793]: (**) Option "Device" "/dev/input/event8"
Mar 06 17:05:23 HOSTNAME /usr/lib/gdm3/gdm-x-session[10793]: (EE) Wacom Pen and multitouch sensor Finger: Invalid type 'stylus' for this device.
Mar 06 17:05:23 HOSTNAME /usr/lib/gdm3/gdm-x-session[10793]: (EE) Wacom Pen and multitouch sensor Finger: Invalid type 'eraser' for this device.
Mar 06 17:05:23 HOSTNAME /usr/lib/gdm3/gdm-x-session[10793]: (EE) Wacom Pen and multitouch sensor Finger: Invalid type 'cursor' for this device.
Mar 06 17:05:23 HOSTNAME /usr/lib/gdm3/gdm-x-session[10793]: (II) Wacom Pen and multitouch sensor Finger: type not specified, assuming 'touch'.
Mar 06 17:05:23 HOSTNAME /usr/lib/gdm3/gdm-x-session[10793]: (II) Wacom Pen and multitouch sensor Finger: other types will be automatically added.
Mar 06 17:05:23 HOSTNAME /usr/lib/gdm3/gdm-x-session[10793]: (**) Wacom Pen and multitouch sensor Finger touch: panscroll is 0
Mar 06 17:05:23 HOSTNAME /usr/lib/gdm3/gdm-x-session[10793]: (**) Wacom Pen and multitouch sensor Finger touch: panscroll modified to 13
Mar 06 17:05:23 HOSTNAME /usr/lib/gdm3/gdm-x-session[10793]: (--) Wacom Pen and multitouch sensor Finger touch: maxX=11748 maxY=6604 maxZ=0 resX=40000 resY=40000
Mar 06 17:05:23 HOSTNAME /usr/lib/gdm3/gdm-x-session[10793]: (II) Wacom Pen and multitouch sensor Finger touch: hotplugging dependent devices.
Mar 06 17:05:23 HOSTNAME /usr/lib/gdm3/gdm-x-session[10793]: (EE) Wacom Pen and multitouch sensor Finger touch: Invalid type 'stylus' for this device.
Mar 06 17:05:23 HOSTNAME /usr/lib/gdm3/gdm-x-session[10793]: (EE) Wacom Pen and multitouch sensor Finger touch: Invalid type 'eraser' for this device.
Mar 06 17:05:23 HOSTNAME /usr/lib/gdm3/gdm-x-session[10793]: (EE) Wacom Pen and multitouch sensor Finger touch: Invalid type 'cursor' for this device.
Mar 06 17:05:23 HOSTNAME /usr/lib/gdm3/gdm-x-session[10793]: (EE) Wacom Pen and multitouch sensor Finger touch: Invalid type 'pad' for this device.
Mar 06 17:05:23 HOSTNAME /usr/lib/gdm3/gdm-x-session[10793]: (II) Wacom Pen and multitouch sensor Finger touch: hotplugging completed.
Mar 06 17:05:23 HOSTNAME /usr/lib/gdm3/gdm-x-session[10793]: (**) Option "config_info" "udev:/sys/devices/pci0000:00/0000:00:14.0/usb1/1-6/1-6:1.0/0003:056A:5221.0003/input/input10/event8"
Mar 06 17:05:23 HOSTNAME /usr/lib/gdm3/gdm-x-session[10793]: (II) XINPUT: Adding extended input device "Wacom Pen and multitouch sensor Finger touch" (type: TOUCH, id 10)
Mar 06 17:05:23 HOSTNAME /usr/lib/gdm3/gdm-x-session[10793]: (**) Wacom Pen and multitouch sensor Finger touch: (accel) keeping acceleration scheme 1
Mar 06 17:05:23 HOSTNAME /usr/lib/gdm3/gdm-x-session[10793]: (**) Wacom Pen and multitouch sensor Finger touch: (accel) acceleration profile 0
Mar 06 17:05:23 HOSTNAME /usr/lib/gdm3/gdm-x-session[10793]: (**) Wacom Pen and multitouch sensor Finger touch: (accel) acceleration factor: 2.000
Mar 06 17:05:23 HOSTNAME /usr/lib/gdm3/gdm-x-session[10793]: (**) Wacom Pen and multitouch sensor Finger touch: (accel) acceleration threshold: 4
Mar 06 17:05:23 HOSTNAME /usr/lib/gdm3/gdm-x-session[10793]: (II) config/udev: Adding input device Wacom Pen and multitouch sensor Finger (/dev/input/mouse3)
Mar 06 17:05:23 HOSTNAME /usr/lib/gdm3/gdm-x-session[10793]: (II) No input driver specified, ignoring this device.
Mar 06 17:05:23 HOSTNAME /usr/lib/gdm3/gdm-x-session[10793]: (II) This device may have been added with another device file.
Mar 06 17:05:23 HOSTNAME /usr/lib/gdm3/gdm-x-session[10793]: (II) config/udev: Adding input device Wacom Pen and multitouch sensor Pen (/dev/input/event7)
Mar 06 17:05:23 HOSTNAME /usr/lib/gdm3/gdm-x-session[10793]: (**) Wacom Pen and multitouch sensor Pen: Applying InputClass "libinput tablet catchall"
Mar 06 17:05:23 HOSTNAME /usr/lib/gdm3/gdm-x-session[10793]: (**) Wacom Pen and multitouch sensor Pen: Applying InputClass "Wacom USB tablet class"
Mar 06 17:05:23 HOSTNAME /usr/lib/gdm3/gdm-x-session[10793]: (**) Wacom Pen and multitouch sensor Pen: Applying InputClass "Wacom tablet class"
Mar 06 17:05:23 HOSTNAME /usr/lib/gdm3/gdm-x-session[10793]: (II) Using input driver 'wacom' for 'Wacom Pen and multitouch sensor Pen'
Mar 06 17:05:23 HOSTNAME /usr/lib/gdm3/gdm-x-session[10793]: (II) systemd-logind: got fd for /dev/input/event7 13:71 fd 28 paused 0
Mar 06 17:05:23 HOSTNAME /usr/lib/gdm3/gdm-x-session[10793]: (**) Wacom Pen and multitouch sensor Pen: always reports core events
Mar 06 17:05:23 HOSTNAME /usr/lib/gdm3/gdm-x-session[10793]: (**) Option "Device" "/dev/input/event7"
Mar 06 17:05:23 HOSTNAME /usr/lib/gdm3/gdm-x-session[10793]: (II) Wacom Pen and multitouch sensor Pen: type not specified, assuming 'stylus'.
Mar 06 17:05:23 HOSTNAME /usr/lib/gdm3/gdm-x-session[10793]: (II) Wacom Pen and multitouch sensor Pen: other types will be automatically added.
Mar 06 17:05:23 HOSTNAME /usr/lib/gdm3/gdm-x-session[10793]: (--) Wacom Pen and multitouch sensor Pen stylus: using pressure threshold of 851 for button 1
Mar 06 17:05:23 HOSTNAME /usr/lib/gdm3/gdm-x-session[10793]: (**) Wacom Pen and multitouch sensor Pen stylus: panscroll is 0
Mar 06 17:05:23 HOSTNAME /usr/lib/gdm3/gdm-x-session[10793]: (**) Wacom Pen and multitouch sensor Pen stylus: panscroll modified to 1300
Mar 06 17:05:23 HOSTNAME /usr/lib/gdm3/gdm-x-session[10793]: (--) Wacom Pen and multitouch sensor Pen stylus: maxX=29376 maxY=16524 maxZ=4095 resX=100000 resY=100000  tilt=enabled
Mar 06 17:05:23 HOSTNAME /usr/lib/gdm3/gdm-x-session[10793]: (II) Wacom Pen and multitouch sensor Pen stylus: hotplugging dependent devices.
Mar 06 17:05:23 HOSTNAME /usr/lib/gdm3/gdm-x-session[10793]: (EE) Wacom Pen and multitouch sensor Pen stylus: Invalid type 'cursor' for this device.
Mar 06 17:05:23 HOSTNAME /usr/lib/gdm3/gdm-x-session[10793]: (EE) Wacom Pen and multitouch sensor Pen stylus: Invalid type 'touch' for this device.
Mar 06 17:05:23 HOSTNAME /usr/lib/gdm3/gdm-x-session[10793]: (EE) Wacom Pen and multitouch sensor Pen stylus: Invalid type 'pad' for this device.
Mar 06 17:05:23 HOSTNAME /usr/lib/gdm3/gdm-x-session[10793]: (II) Wacom Pen and multitouch sensor Pen stylus: hotplugging completed.
Mar 06 17:05:23 HOSTNAME /usr/lib/gdm3/gdm-x-session[10793]: (**) Option "config_info" "udev:/sys/devices/pci0000:00/0000:00:14.0/usb1/1-6/1-6:1.0/0003:056A:5221.0003/input/input9/event7"
Mar 06 17:05:23 HOSTNAME /usr/lib/gdm3/gdm-x-session[10793]: (II) XINPUT: Adding extended input device "Wacom Pen and multitouch sensor Pen stylus" (type: STYLUS, id 11)
Mar 06 17:05:23 HOSTNAME /usr/lib/gdm3/gdm-x-session[10793]: (**) Wacom Pen and multitouch sensor Pen stylus: (accel) keeping acceleration scheme 1
Mar 06 17:05:23 HOSTNAME /usr/lib/gdm3/gdm-x-session[10793]: (**) Wacom Pen and multitouch sensor Pen stylus: (accel) acceleration profile 0
Mar 06 17:05:23 HOSTNAME /usr/lib/gdm3/gdm-x-session[10793]: (**) Wacom Pen and multitouch sensor Pen stylus: (accel) acceleration factor: 2.000
Mar 06 17:05:23 HOSTNAME /usr/lib/gdm3/gdm-x-session[10793]: (**) Wacom Pen and multitouch sensor Pen stylus: (accel) acceleration threshold: 4
Mar 06 17:05:23 HOSTNAME /usr/lib/gdm3/gdm-x-session[10793]: (II) config/udev: Adding input device Wacom Pen and multitouch sensor Pen (/dev/input/mouse2)
Mar 06 17:05:23 HOSTNAME /usr/lib/gdm3/gdm-x-session[10793]: (II) No input driver specified, ignoring this device.
Mar 06 17:05:23 HOSTNAME /usr/lib/gdm3/gdm-x-session[10793]: (II) This device may have been added with another device file.
Mar 06 17:05:23 HOSTNAME /usr/lib/gdm3/gdm-x-session[10793]: (II) config/udev: Adding input device Integrated Camera: Integrated C (/dev/input/event11)
Mar 06 17:05:23 HOSTNAME /usr/lib/gdm3/gdm-x-session[10793]: (**) Integrated Camera: Integrated C: Applying InputClass "libinput keyboard catchall"
Mar 06 17:05:23 HOSTNAME /usr/lib/gdm3/gdm-x-session[10793]: (II) Using input driver 'libinput' for 'Integrated Camera: Integrated C'
Mar 06 17:05:23 HOSTNAME /usr/lib/gdm3/gdm-x-session[10793]: (II) systemd-logind: got fd for /dev/input/event11 13:75 fd 29 paused 0
Mar 06 17:05:23 HOSTNAME /usr/lib/gdm3/gdm-x-session[10793]: (**) Integrated Camera: Integrated C: always reports core events
Mar 06 17:05:23 HOSTNAME /usr/lib/gdm3/gdm-x-session[10793]: (**) Option "Device" "/dev/input/event11"
Mar 06 17:05:23 HOSTNAME /usr/lib/gdm3/gdm-x-session[10793]: (**) Option "_source" "server/udev"
Mar 06 17:05:23 HOSTNAME /usr/lib/gdm3/gdm-x-session[10793]: (II) event11 - Integrated Camera: Integrated C: is tagged by udev as: Keyboard
Mar 06 17:05:23 HOSTNAME /usr/lib/gdm3/gdm-x-session[10793]: (II) event11 - Integrated Camera: Integrated C: device is a keyboard
Mar 06 17:05:23 HOSTNAME /usr/lib/gdm3/gdm-x-session[10793]: (II) event11 - Integrated Camera: Integrated C: device removed
Mar 06 17:05:23 HOSTNAME /usr/lib/gdm3/gdm-x-session[10793]: (**) Option "config_info" "udev:/sys/devices/pci0000:00/0000:00:14.0/usb1/1-8/1-8:1.0/input/input13/event11"
Mar 06 17:05:23 HOSTNAME /usr/lib/gdm3/gdm-x-session[10793]: (II) XINPUT: Adding extended input device "Integrated Camera: Integrated C" (type: KEYBOARD, id 12)
Mar 06 17:05:23 HOSTNAME /usr/lib/gdm3/gdm-x-session[10793]: (**) Option "xkb_model" "pc105"
Mar 06 17:05:23 HOSTNAME /usr/lib/gdm3/gdm-x-session[10793]: (**) Option "xkb_layout" "us"
Mar 06 17:05:23 HOSTNAME /usr/lib/gdm3/gdm-x-session[10793]: (II) event11 - Integrated Camera: Integrated C: is tagged by udev as: Keyboard
Mar 06 17:05:23 HOSTNAME /usr/lib/gdm3/gdm-x-session[10793]: (II) event11 - Integrated Camera: Integrated C: device is a keyboard
Mar 06 17:05:23 HOSTNAME /usr/lib/gdm3/gdm-x-session[10793]: (II) config/udev: Adding input device Integrated Camera: Integrated I (/dev/input/event12)
Mar 06 17:05:23 HOSTNAME /usr/lib/gdm3/gdm-x-session[10793]: (**) Integrated Camera: Integrated I: Applying InputClass "libinput keyboard catchall"
Mar 06 17:05:23 HOSTNAME /usr/lib/gdm3/gdm-x-session[10793]: (II) Using input driver 'libinput' for 'Integrated Camera: Integrated I'
Mar 06 17:05:23 HOSTNAME /usr/lib/gdm3/gdm-x-session[10793]: (II) systemd-logind: got fd for /dev/input/event12 13:76 fd 30 paused 0
Mar 06 17:05:23 HOSTNAME /usr/lib/gdm3/gdm-x-session[10793]: (**) Integrated Camera: Integrated I: always reports core events
Mar 06 17:05:23 HOSTNAME /usr/lib/gdm3/gdm-x-session[10793]: (**) Option "Device" "/dev/input/event12"
Mar 06 17:05:23 HOSTNAME /usr/lib/gdm3/gdm-x-session[10793]: (**) Option "_source" "server/udev"
Mar 06 17:05:23 HOSTNAME /usr/lib/gdm3/gdm-x-session[10793]: (II) event12 - Integrated Camera: Integrated I: is tagged by udev as: Keyboard
Mar 06 17:05:23 HOSTNAME /usr/lib/gdm3/gdm-x-session[10793]: (II) event12 - Integrated Camera: Integrated I: device is a keyboard
Mar 06 17:05:23 HOSTNAME /usr/lib/gdm3/gdm-x-session[10793]: (II) event12 - Integrated Camera: Integrated I: device removed
Mar 06 17:05:23 HOSTNAME /usr/lib/gdm3/gdm-x-session[10793]: (**) Option "config_info" "udev:/sys/devices/pci0000:00/0000:00:14.0/usb1/1-8/1-8:1.2/input/input14/event12"
Mar 06 17:05:23 HOSTNAME /usr/lib/gdm3/gdm-x-session[10793]: (II) XINPUT: Adding extended input device "Integrated Camera: Integrated I" (type: KEYBOARD, id 13)
Mar 06 17:05:23 HOSTNAME /usr/lib/gdm3/gdm-x-session[10793]: (**) Option "xkb_model" "pc105"
Mar 06 17:05:23 HOSTNAME /usr/lib/gdm3/gdm-x-session[10793]: (**) Option "xkb_layout" "us"
Mar 06 17:05:23 HOSTNAME /usr/lib/gdm3/gdm-x-session[10793]: (II) event12 - Integrated Camera: Integrated I: is tagged by udev as: Keyboard
Mar 06 17:05:23 HOSTNAME /usr/lib/gdm3/gdm-x-session[10793]: (II) event12 - Integrated Camera: Integrated I: device is a keyboard
Mar 06 17:05:23 HOSTNAME /usr/lib/gdm3/gdm-x-session[10793]: (II) config/udev: Adding input device HDA Intel PCH Mic (/dev/input/event13)
Mar 06 17:05:23 HOSTNAME /usr/lib/gdm3/gdm-x-session[10793]: (II) No input driver specified, ignoring this device.
Mar 06 17:05:23 HOSTNAME /usr/lib/gdm3/gdm-x-session[10793]: (II) This device may have been added with another device file.
Mar 06 17:05:23 HOSTNAME /usr/lib/gdm3/gdm-x-session[10793]: (II) config/udev: Adding input device HDA Intel PCH Headphone (/dev/input/event14)
Mar 06 17:05:23 HOSTNAME /usr/lib/gdm3/gdm-x-session[10793]: (II) No input driver specified, ignoring this device.
Mar 06 17:05:23 HOSTNAME /usr/lib/gdm3/gdm-x-session[10793]: (II) This device may have been added with another device file.
Mar 06 17:05:23 HOSTNAME /usr/lib/gdm3/gdm-x-session[10793]: (II) config/udev: Adding input device HDA Intel PCH HDMI/DP,pcm=3 (/dev/input/event15)
Mar 06 17:05:23 HOSTNAME /usr/lib/gdm3/gdm-x-session[10793]: (II) No input driver specified, ignoring this device.
Mar 06 17:05:23 HOSTNAME /usr/lib/gdm3/gdm-x-session[10793]: (II) This device may have been added with another device file.
Mar 06 17:05:23 HOSTNAME /usr/lib/gdm3/gdm-x-session[10793]: (II) config/udev: Adding input device HDA Intel PCH HDMI/DP,pcm=7 (/dev/input/event16)
Mar 06 17:05:23 HOSTNAME /usr/lib/gdm3/gdm-x-session[10793]: (II) No input driver specified, ignoring this device.
Mar 06 17:05:23 HOSTNAME /usr/lib/gdm3/gdm-x-session[10793]: (II) This device may have been added with another device file.
Mar 06 17:05:23 HOSTNAME /usr/lib/gdm3/gdm-x-session[10793]: (II) config/udev: Adding input device HDA Intel PCH HDMI/DP,pcm=8 (/dev/input/event17)
Mar 06 17:05:23 HOSTNAME /usr/lib/gdm3/gdm-x-session[10793]: (II) No input driver specified, ignoring this device.
Mar 06 17:05:23 HOSTNAME /usr/lib/gdm3/gdm-x-session[10793]: (II) This device may have been added with another device file.
Mar 06 17:05:23 HOSTNAME /usr/lib/gdm3/gdm-x-session[10793]: (II) config/udev: Adding input device HDA Intel PCH HDMI/DP,pcm=9 (/dev/input/event18)
Mar 06 17:05:23 HOSTNAME /usr/lib/gdm3/gdm-x-session[10793]: (II) No input driver specified, ignoring this device.
Mar 06 17:05:23 HOSTNAME /usr/lib/gdm3/gdm-x-session[10793]: (II) This device may have been added with another device file.
Mar 06 17:05:23 HOSTNAME /usr/lib/gdm3/gdm-x-session[10793]: (II) config/udev: Adding input device HDA Intel PCH HDMI/DP,pcm=10 (/dev/input/event19)
Mar 06 17:05:23 HOSTNAME /usr/lib/gdm3/gdm-x-session[10793]: (II) No input driver specified, ignoring this device.
Mar 06 17:05:23 HOSTNAME /usr/lib/gdm3/gdm-x-session[10793]: (II) This device may have been added with another device file.
Mar 06 17:05:23 HOSTNAME /usr/lib/gdm3/gdm-x-session[10793]: (II) config/udev: Adding input device AT Translated Set 2 keyboard (/dev/input/event3)
Mar 06 17:05:23 HOSTNAME /usr/lib/gdm3/gdm-x-session[10793]: (**) AT Translated Set 2 keyboard: Applying InputClass "libinput keyboard catchall"
Mar 06 17:05:23 HOSTNAME /usr/lib/gdm3/gdm-x-session[10793]: (II) Using input driver 'libinput' for 'AT Translated Set 2 keyboard'
Mar 06 17:05:23 HOSTNAME /usr/lib/gdm3/gdm-x-session[10793]: (II) systemd-logind: got fd for /dev/input/event3 13:67 fd 31 paused 0
Mar 06 17:05:23 HOSTNAME /usr/lib/gdm3/gdm-x-session[10793]: (**) AT Translated Set 2 keyboard: always reports core events
Mar 06 17:05:23 HOSTNAME /usr/lib/gdm3/gdm-x-session[10793]: (**) Option "Device" "/dev/input/event3"
Mar 06 17:05:23 HOSTNAME /usr/lib/gdm3/gdm-x-session[10793]: (**) Option "_source" "server/udev"
Mar 06 17:05:23 HOSTNAME /usr/lib/gdm3/gdm-x-session[10793]: (II) event3  - AT Translated Set 2 keyboard: is tagged by udev as: Keyboard
Mar 06 17:05:23 HOSTNAME /usr/lib/gdm3/gdm-x-session[10793]: (II) event3  - AT Translated Set 2 keyboard: device is a keyboard
Mar 06 17:05:23 HOSTNAME /usr/lib/gdm3/gdm-x-session[10793]: (II) event3  - AT Translated Set 2 keyboard: device removed
Mar 06 17:05:23 HOSTNAME /usr/lib/gdm3/gdm-x-session[10793]: (**) Option "config_info" "udev:/sys/devices/platform/i8042/serio0/input/input3/event3"
Mar 06 17:05:23 HOSTNAME /usr/lib/gdm3/gdm-x-session[10793]: (II) XINPUT: Adding extended input device "AT Translated Set 2 keyboard" (type: KEYBOARD, id 14)
Mar 06 17:05:23 HOSTNAME /usr/lib/gdm3/gdm-x-session[10793]: (**) Option "xkb_model" "pc105"
Mar 06 17:05:23 HOSTNAME /usr/lib/gdm3/gdm-x-session[10793]: (**) Option "xkb_layout" "us"
Mar 06 17:05:23 HOSTNAME /usr/lib/gdm3/gdm-x-session[10793]: (II) event3  - AT Translated Set 2 keyboard: is tagged by udev as: Keyboard
Mar 06 17:05:23 HOSTNAME /usr/lib/gdm3/gdm-x-session[10793]: (II) event3  - AT Translated Set 2 keyboard: device is a keyboard
Mar 06 17:05:23 HOSTNAME /usr/lib/gdm3/gdm-x-session[10793]: (II) config/udev: Adding input device SynPS/2 Synaptics TouchPad (/dev/input/event4)
Mar 06 17:05:23 HOSTNAME /usr/lib/gdm3/gdm-x-session[10793]: (**) SynPS/2 Synaptics TouchPad: Applying InputClass "libinput touchpad catchall"
Mar 06 17:05:23 HOSTNAME /usr/lib/gdm3/gdm-x-session[10793]: (II) Using input driver 'libinput' for 'SynPS/2 Synaptics TouchPad'
Mar 06 17:05:23 HOSTNAME /usr/lib/gdm3/gdm-x-session[10793]: (II) systemd-logind: got fd for /dev/input/event4 13:68 fd 32 paused 0
Mar 06 17:05:23 HOSTNAME /usr/lib/gdm3/gdm-x-session[10793]: (**) SynPS/2 Synaptics TouchPad: always reports core events
Mar 06 17:05:23 HOSTNAME /usr/lib/gdm3/gdm-x-session[10793]: (**) Option "Device" "/dev/input/event4"
Mar 06 17:05:23 HOSTNAME /usr/lib/gdm3/gdm-x-session[10793]: (**) Option "_source" "server/udev"
Mar 06 17:05:23 HOSTNAME /usr/lib/gdm3/gdm-x-session[10793]: (II) event4  - SynPS/2 Synaptics TouchPad: is tagged by udev as: Touchpad
Mar 06 17:05:23 HOSTNAME /usr/lib/gdm3/gdm-x-session[10793]: (II) event4  - SynPS/2 Synaptics TouchPad: no resolution or size hints, assuming a size of 69x50mm
Mar 06 17:05:23 HOSTNAME /usr/lib/gdm3/gdm-x-session[10793]: (II) event4  - SynPS/2 Synaptics TouchPad: device is a touchpad
Mar 06 17:05:23 HOSTNAME /usr/lib/gdm3/gdm-x-session[10793]: (II) event4  - SynPS/2 Synaptics TouchPad: device removed
Mar 06 17:05:23 HOSTNAME /usr/lib/gdm3/gdm-x-session[10793]: (**) Option "config_info" "udev:/sys/devices/platform/i8042/serio1/input/input5/event4"
Mar 06 17:05:23 HOSTNAME /usr/lib/gdm3/gdm-x-session[10793]: (II) XINPUT: Adding extended input device "SynPS/2 Synaptics TouchPad" (type: TOUCHPAD, id 15)
Mar 06 17:05:23 HOSTNAME /usr/lib/gdm3/gdm-x-session[10793]: (**) Option "AccelerationScheme" "none"
Mar 06 17:05:23 HOSTNAME /usr/lib/gdm3/gdm-x-session[10793]: (**) SynPS/2 Synaptics TouchPad: (accel) selected scheme none/0
Mar 06 17:05:23 HOSTNAME /usr/lib/gdm3/gdm-x-session[10793]: (**) SynPS/2 Synaptics TouchPad: (accel) acceleration factor: 2.000
Mar 06 17:05:23 HOSTNAME /usr/lib/gdm3/gdm-x-session[10793]: (**) SynPS/2 Synaptics TouchPad: (accel) acceleration threshold: 4
Mar 06 17:05:23 HOSTNAME /usr/lib/gdm3/gdm-x-session[10793]: (II) event4  - SynPS/2 Synaptics TouchPad: is tagged by udev as: Touchpad
Mar 06 17:05:23 HOSTNAME /usr/lib/gdm3/gdm-x-session[10793]: (II) event4  - SynPS/2 Synaptics TouchPad: no resolution or size hints, assuming a size of 69x50mm
Mar 06 17:05:23 HOSTNAME /usr/lib/gdm3/gdm-x-session[10793]: (II) event4  - SynPS/2 Synaptics TouchPad: device is a touchpad
Mar 06 17:05:23 HOSTNAME /usr/lib/gdm3/gdm-x-session[10793]: (II) config/udev: Adding input device SynPS/2 Synaptics TouchPad (/dev/input/mouse0)
Mar 06 17:05:23 HOSTNAME /usr/lib/gdm3/gdm-x-session[10793]: (II) No input driver specified, ignoring this device.
Mar 06 17:05:23 HOSTNAME /usr/lib/gdm3/gdm-x-session[10793]: (II) This device may have been added with another device file.
Mar 06 17:05:23 HOSTNAME /usr/lib/gdm3/gdm-x-session[10793]: (II) config/udev: Adding input device TPPS/2 Elan TrackPoint (/dev/input/event9)
Mar 06 17:05:23 HOSTNAME /usr/lib/gdm3/gdm-x-session[10793]: (**) TPPS/2 Elan TrackPoint: Applying InputClass "libinput pointer catchall"
Mar 06 17:05:23 HOSTNAME /usr/lib/gdm3/gdm-x-session[10793]: (II) Using input driver 'libinput' for 'TPPS/2 Elan TrackPoint'
Mar 06 17:05:23 HOSTNAME /usr/lib/gdm3/gdm-x-session[10793]: (II) systemd-logind: got fd for /dev/input/event9 13:73 fd 33 paused 0
Mar 06 17:05:23 HOSTNAME /usr/lib/gdm3/gdm-x-session[10793]: (**) TPPS/2 Elan TrackPoint: always reports core events
Mar 06 17:05:23 HOSTNAME /usr/lib/gdm3/gdm-x-session[10793]: (**) Option "Device" "/dev/input/event9"
Mar 06 17:05:23 HOSTNAME /usr/lib/gdm3/gdm-x-session[10793]: (**) Option "_source" "server/udev"
Mar 06 17:05:23 HOSTNAME /usr/lib/gdm3/gdm-x-session[10793]: (II) event9  - TPPS/2 Elan TrackPoint: is tagged by udev as: Mouse Pointingstick
Mar 06 17:05:23 HOSTNAME /usr/lib/gdm3/gdm-x-session[10793]: (II) event9  - TPPS/2 Elan TrackPoint: trackpoint device set to range 20
Mar 06 17:05:23 HOSTNAME /usr/lib/gdm3/gdm-x-session[10793]: (II) event9  - TPPS/2 Elan TrackPoint: device is a pointer
Mar 06 17:05:23 HOSTNAME /usr/lib/gdm3/gdm-x-session[10793]: (II) event9  - TPPS/2 Elan TrackPoint: device removed
Mar 06 17:05:23 HOSTNAME /usr/lib/gdm3/gdm-x-session[10793]: (**) Option "config_info" "udev:/sys/devices/platform/i8042/serio1/serio2/input/input6/event9"
Mar 06 17:05:23 HOSTNAME /usr/lib/gdm3/gdm-x-session[10793]: (II) XINPUT: Adding extended input device "TPPS/2 Elan TrackPoint" (type: MOUSE, id 16)
Mar 06 17:05:23 HOSTNAME /usr/lib/gdm3/gdm-x-session[10793]: (**) Option "AccelerationScheme" "none"
Mar 06 17:05:23 HOSTNAME /usr/lib/gdm3/gdm-x-session[10793]: (**) TPPS/2 Elan TrackPoint: (accel) selected scheme none/0
Mar 06 17:05:23 HOSTNAME /usr/lib/gdm3/gdm-x-session[10793]: (**) TPPS/2 Elan TrackPoint: (accel) acceleration factor: 2.000
Mar 06 17:05:23 HOSTNAME /usr/lib/gdm3/gdm-x-session[10793]: (**) TPPS/2 Elan TrackPoint: (accel) acceleration threshold: 4
Mar 06 17:05:23 HOSTNAME /usr/lib/gdm3/gdm-x-session[10793]: (II) event9  - TPPS/2 Elan TrackPoint: is tagged by udev as: Mouse Pointingstick
Mar 06 17:05:23 HOSTNAME /usr/lib/gdm3/gdm-x-session[10793]: (II) event9  - TPPS/2 Elan TrackPoint: trackpoint device set to range 20
Mar 06 17:05:23 HOSTNAME /usr/lib/gdm3/gdm-x-session[10793]: (II) event9  - TPPS/2 Elan TrackPoint: device is a pointer
Mar 06 17:05:23 HOSTNAME /usr/lib/gdm3/gdm-x-session[10793]: (II) config/udev: Adding input device TPPS/2 Elan TrackPoint (/dev/input/mouse4)
Mar 06 17:05:23 HOSTNAME /usr/lib/gdm3/gdm-x-session[10793]: (II) No input driver specified, ignoring this device.
Mar 06 17:05:23 HOSTNAME /usr/lib/gdm3/gdm-x-session[10793]: (II) This device may have been added with another device file.
Mar 06 17:05:23 HOSTNAME /usr/lib/gdm3/gdm-x-session[10793]: (II) config/udev: Adding input device ThinkPad Extra Buttons (/dev/input/event10)
Mar 06 17:05:23 HOSTNAME /usr/lib/gdm3/gdm-x-session[10793]: (**) ThinkPad Extra Buttons: Applying InputClass "libinput keyboard catchall"
Mar 06 17:05:23 HOSTNAME /usr/lib/gdm3/gdm-x-session[10793]: (II) Using input driver 'libinput' for 'ThinkPad Extra Buttons'
Mar 06 17:05:23 HOSTNAME /usr/lib/gdm3/gdm-x-session[10793]: (II) systemd-logind: got fd for /dev/input/event10 13:74 fd 34 paused 0
Mar 06 17:05:23 HOSTNAME /usr/lib/gdm3/gdm-x-session[10793]: (**) ThinkPad Extra Buttons: always reports core events
Mar 06 17:05:23 HOSTNAME /usr/lib/gdm3/gdm-x-session[10793]: (**) Option "Device" "/dev/input/event10"
Mar 06 17:05:23 HOSTNAME /usr/lib/gdm3/gdm-x-session[10793]: (**) Option "_source" "server/udev"
Mar 06 17:05:23 HOSTNAME /usr/lib/gdm3/gdm-x-session[10793]: (II) event10 - ThinkPad Extra Buttons: is tagged by udev as: Keyboard Switch
Mar 06 17:05:23 HOSTNAME /usr/lib/gdm3/gdm-x-session[10793]: (II) event10 - ThinkPad Extra Buttons: device is a keyboard
Mar 06 17:05:23 HOSTNAME /usr/lib/gdm3/gdm-x-session[10793]: (II) event10 - ThinkPad Extra Buttons: device is a switch device
Mar 06 17:05:23 HOSTNAME /usr/lib/gdm3/gdm-x-session[10793]: (II) event10 - ThinkPad Extra Buttons: device removed
Mar 06 17:05:23 HOSTNAME /usr/lib/gdm3/gdm-x-session[10793]: (**) Option "config_info" "udev:/sys/devices/platform/thinkpad_acpi/input/input12/event10"
Mar 06 17:05:23 HOSTNAME /usr/lib/gdm3/gdm-x-session[10793]: (II) XINPUT: Adding extended input device "ThinkPad Extra Buttons" (type: KEYBOARD, id 17)
Mar 06 17:05:23 HOSTNAME /usr/lib/gdm3/gdm-x-session[10793]: (**) Option "xkb_model" "pc105"
Mar 06 17:05:23 HOSTNAME /usr/lib/gdm3/gdm-x-session[10793]: (**) Option "xkb_layout" "us"
Mar 06 17:05:23 HOSTNAME /usr/lib/gdm3/gdm-x-session[10793]: (II) event10 - ThinkPad Extra Buttons: is tagged by udev as: Keyboard Switch
Mar 06 17:05:23 HOSTNAME /usr/lib/gdm3/gdm-x-session[10793]: (II) event10 - ThinkPad Extra Buttons: device is a keyboard
Mar 06 17:05:23 HOSTNAME /usr/lib/gdm3/gdm-x-session[10793]: (II) event10 - ThinkPad Extra Buttons: device is a switch device
Mar 06 17:05:23 HOSTNAME /usr/lib/gdm3/gdm-x-session[10793]: (**) Wacom Pen and multitouch sensor Pen eraser: Applying InputClass "libinput tablet catchall"
Mar 06 17:05:23 HOSTNAME /usr/lib/gdm3/gdm-x-session[10793]: (**) Wacom Pen and multitouch sensor Pen eraser: Applying InputClass "Wacom USB tablet class"
Mar 06 17:05:23 HOSTNAME /usr/lib/gdm3/gdm-x-session[10793]: (**) Wacom Pen and multitouch sensor Pen eraser: Applying InputClass "Wacom tablet class"
Mar 06 17:05:23 HOSTNAME /usr/lib/gdm3/gdm-x-session[10793]: (II) Using input driver 'wacom' for 'Wacom Pen and multitouch sensor Pen eraser'
Mar 06 17:05:23 HOSTNAME /usr/lib/gdm3/gdm-x-session[10793]: (II) systemd-logind: returning pre-existing fd for /dev/input/event7 13:71
Mar 06 17:05:23 HOSTNAME /usr/lib/gdm3/gdm-x-session[10793]: (**) Wacom Pen and multitouch sensor Pen eraser: always reports core events
Mar 06 17:05:23 HOSTNAME /usr/lib/gdm3/gdm-x-session[10793]: (**) Option "Device" "/dev/input/event7"
Mar 06 17:05:23 HOSTNAME /usr/lib/gdm3/gdm-x-session[10793]: (**) Option "Type" "eraser"
Mar 06 17:05:23 HOSTNAME /usr/lib/gdm3/gdm-x-session[10793]: (**) Wacom Pen and multitouch sensor Pen eraser: panscroll is 1300
Mar 06 17:05:23 HOSTNAME /usr/lib/gdm3/gdm-x-session[10793]: (**) Wacom Pen and multitouch sensor Pen eraser: panscroll modified to 1300
Mar 06 17:05:23 HOSTNAME /usr/lib/gdm3/gdm-x-session[10793]: (--) Wacom Pen and multitouch sensor Pen eraser: maxX=29376 maxY=16524 maxZ=4095 resX=100000 resY=100000  tilt=enabled
Mar 06 17:05:23 HOSTNAME /usr/lib/gdm3/gdm-x-session[10793]: (**) Option "config_info" "udev:/sys/devices/pci0000:00/0000:00:14.0/usb1/1-6/1-6:1.0/0003:056A:5221.0003/input/input9/event7"
Mar 06 17:05:23 HOSTNAME /usr/lib/gdm3/gdm-x-session[10793]: (II) XINPUT: Adding extended input device "Wacom Pen and multitouch sensor Pen eraser" (type: ERASER, id 18)
Mar 06 17:05:23 HOSTNAME /usr/lib/gdm3/gdm-x-session[10793]: (**) Wacom Pen and multitouch sensor Pen eraser: (accel) keeping acceleration scheme 1
Mar 06 17:05:23 HOSTNAME /usr/lib/gdm3/gdm-x-session[10793]: (**) Wacom Pen and multitouch sensor Pen eraser: (accel) acceleration profile 0
Mar 06 17:05:23 HOSTNAME /usr/lib/gdm3/gdm-x-session[10793]: (**) Wacom Pen and multitouch sensor Pen eraser: (accel) acceleration factor: 2.000
Mar 06 17:05:23 HOSTNAME /usr/lib/gdm3/gdm-x-session[10793]: (**) Wacom Pen and multitouch sensor Pen eraser: (accel) acceleration threshold: 4
Mar 06 17:05:23 HOSTNAME /usr/lib/gdm3/gdm-x-session[10793]: /etc/gdm3/Xsession: Beginning session setup...
Mar 06 17:05:23 HOSTNAME /usr/lib/gdm3/gdm-x-session[10793]: localuser:HOSTNAME being added to access control list
Mar 06 17:05:23 HOSTNAME /usr/lib/gdm3/gdm-x-session[10793]: dbus-update-activation-environment: setting DBUS_SESSION_BUS_ADDRESS=unix:path=/run/user/999/bus
Mar 06 17:05:23 HOSTNAME /usr/lib/gdm3/gdm-x-session[10793]: dbus-update-activation-environment: setting DISPLAY=:0
Mar 06 17:05:23 HOSTNAME /usr/lib/gdm3/gdm-x-session[10793]: dbus-update-activation-environment: setting XAUTHORITY=/run/user/999/gdm/Xauthority
Mar 06 17:05:23 HOSTNAME /usr/lib/gdm3/gdm-x-session[10793]: localuser:HOSTNAME being added to access control list
Mar 06 17:05:23 HOSTNAME /usr/lib/gdm3/gdm-x-session[10793]: dbus-update-activation-environment: setting GTK_MODULES=gail:atk-bridge
Mar 06 17:05:23 HOSTNAME /usr/lib/gdm3/gdm-x-session[10793]: dbus-update-activation-environment: setting QT_ACCESSIBILITY=1
Mar 06 17:05:23 HOSTNAME /usr/lib/gdm3/gdm-x-session[10793]: dbus-update-activation-environment: setting CLUTTER_IM_MODULE=xim
Mar 06 17:05:23 HOSTNAME /usr/lib/gdm3/gdm-x-session[10793]: dbus-update-activation-environment: setting LANG=en_US.UTF-8
Mar 06 17:05:23 HOSTNAME /usr/lib/gdm3/gdm-x-session[10793]: dbus-update-activation-environment: setting DISPLAY=:0
Mar 06 17:05:23 HOSTNAME /usr/lib/gdm3/gdm-x-session[10793]: dbus-update-activation-environment: setting USERNAME=HOSTNAME
Mar 06 17:05:23 HOSTNAME /usr/lib/gdm3/gdm-x-session[10793]: dbus-update-activation-environment: setting USER=HOSTNAME
Mar 06 17:05:23 HOSTNAME /usr/lib/gdm3/gdm-x-session[10793]: dbus-update-activation-environment: setting DESKTOP_SESSION=HOSTNAME
Mar 06 17:05:23 HOSTNAME /usr/lib/gdm3/gdm-x-session[10793]: dbus-update-activation-environment: setting QT4_IM_MODULE=xim
Mar 06 17:05:23 HOSTNAME /usr/lib/gdm3/gdm-x-session[10793]: dbus-update-activation-environment: setting TEXTDOMAINDIR=/usr/share/locale/
Mar 06 17:05:23 HOSTNAME /usr/lib/gdm3/gdm-x-session[10793]: dbus-update-activation-environment: setting PWD=/home/HOSTNAME
Mar 06 17:05:23 HOSTNAME /usr/lib/gdm3/gdm-x-session[10793]: dbus-update-activation-environment: setting HOME=/home/HOSTNAME
Mar 06 17:05:23 HOSTNAME /usr/lib/gdm3/gdm-x-session[10793]: dbus-update-activation-environment: setting TEXTDOMAIN=im-config
Mar 06 17:05:23 HOSTNAME /usr/lib/gdm3/gdm-x-session[10793]: dbus-update-activation-environment: setting QT_ACCESSIBILITY=1
Mar 06 17:05:23 HOSTNAME /usr/lib/gdm3/gdm-x-session[10793]: dbus-update-activation-environment: setting XDG_SESSION_TYPE=x11
Mar 06 17:05:23 HOSTNAME /usr/lib/gdm3/gdm-x-session[10793]: dbus-update-activation-environment: setting XDG_DATA_DIRS=/usr/share/HOSTNAME:/usr/local/share/:/usr/share/:/var/lib/snapd/desktop
Mar 06 17:05:23 HOSTNAME /usr/lib/gdm3/gdm-x-session[10793]: dbus-update-activation-environment: setting XDG_SESSION_DESKTOP=HOSTNAME
Mar 06 17:05:23 HOSTNAME /usr/lib/gdm3/gdm-x-session[10793]: dbus-update-activation-environment: setting GTK_MODULES=gail:atk-bridge
Mar 06 17:05:23 HOSTNAME /usr/lib/gdm3/gdm-x-session[10793]: dbus-update-activation-environment: setting WINDOWPATH=1
Mar 06 17:05:23 HOSTNAME /usr/lib/gdm3/gdm-x-session[10793]: dbus-update-activation-environment: setting SHELL=/bin/bash
Mar 06 17:05:23 HOSTNAME /usr/lib/gdm3/gdm-x-session[10793]: dbus-update-activation-environment: setting QT_IM_MODULE=xim
Mar 06 17:05:23 HOSTNAME /usr/lib/gdm3/gdm-x-session[10793]: dbus-update-activation-environment: setting XMODIFIERS=@im=ibus
Mar 06 17:05:23 HOSTNAME /usr/lib/gdm3/gdm-x-session[10793]: dbus-update-activation-environment: setting IM_CONFIG_PHASE=2
Mar 06 17:05:23 HOSTNAME /usr/lib/gdm3/gdm-x-session[10793]: dbus-update-activation-environment: setting XDG_CURRENT_DESKTOP=HOSTNAME:GNOME
Mar 06 17:05:23 HOSTNAME /usr/lib/gdm3/gdm-x-session[10793]: dbus-update-activation-environment: setting GPG_AGENT_INFO=/run/user/999/gnupg/S.gpg-agent:0:1
Mar 06 17:05:23 HOSTNAME /usr/lib/gdm3/gdm-x-session[10793]: dbus-update-activation-environment: setting SHLVL=1
Mar 06 17:05:23 HOSTNAME /usr/lib/gdm3/gdm-x-session[10793]: dbus-update-activation-environment: setting GDMSESSION=HOSTNAME
Mar 06 17:05:23 HOSTNAME /usr/lib/gdm3/gdm-x-session[10793]: dbus-update-activation-environment: setting LOGNAME=HOSTNAME
Mar 06 17:05:23 HOSTNAME /usr/lib/gdm3/gdm-x-session[10793]: dbus-update-activation-environment: setting DBUS_SESSION_BUS_ADDRESS=unix:path=/run/user/999/bus
Mar 06 17:05:23 HOSTNAME /usr/lib/gdm3/gdm-x-session[10793]: dbus-update-activation-environment: setting XDG_RUNTIME_DIR=/run/user/999
Mar 06 17:05:23 HOSTNAME /usr/lib/gdm3/gdm-x-session[10793]: dbus-update-activation-environment: setting XAUTHORITY=/run/user/999/gdm/Xauthority
Mar 06 17:05:23 HOSTNAME /usr/lib/gdm3/gdm-x-session[10793]: dbus-update-activation-environment: setting XDG_CONFIG_DIRS=/etc/xdg/xdg-HOSTNAME:/etc/xdg
Mar 06 17:05:23 HOSTNAME /usr/lib/gdm3/gdm-x-session[10793]: dbus-update-activation-environment: setting PATH=/usr/local/sbin:/usr/local/bin:/usr/sbin:/usr/bin:/sbin:/bin:/usr/games:/usr/local/games:/snap/bin
Mar 06 17:05:23 HOSTNAME /usr/lib/gdm3/gdm-x-session[10793]: dbus-update-activation-environment: setting DESKTOP_MODE=1
Mar 06 17:05:23 HOSTNAME /usr/lib/gdm3/gdm-x-session[10793]: dbus-update-activation-environment: setting GTK_IM_MODULE=ibus
Mar 06 17:05:23 HOSTNAME /usr/lib/gdm3/gdm-x-session[10793]: dbus-update-activation-environment: setting _=/usr/bin/dbus-update-activation-environment
Mar 06 17:05:23 HOSTNAME /usr/lib/gdm3/gdm-x-session[10793]: (II) modeset(0): EDID vendor "CTO", prod id 1542
Mar 06 17:05:23 HOSTNAME /usr/lib/gdm3/gdm-x-session[10793]: (II) modeset(0): Printing DDC gathered Modelines:
Mar 06 17:05:23 HOSTNAME /usr/lib/gdm3/gdm-x-session[10793]: (II) modeset(0): Modeline "1920x1080"x0.0  141.00  1920 1968 2000 2104  1080 1083 1097 1116 -hsync -vsync (67.0 kHz eP)
Mar 06 17:06:21 HOSTNAME /usr/lib/gdm3/gdm-x-session[10793]: (II) modeset(0): EDID vendor "CTO", prod id 1542
Mar 06 17:06:21 HOSTNAME /usr/lib/gdm3/gdm-x-session[10793]: (II) modeset(0): Printing DDC gathered Modelines:
Mar 06 17:06:21 HOSTNAME /usr/lib/gdm3/gdm-x-session[10793]: (II) modeset(0): Modeline "1920x1080"x0.0  141.00  1920 1968 2000 2104  1080 1083 1097 1116 -hsync -vsync (67.0 kHz eP)
