[    0.020074] ACPI: FACS 0x000000007B765F80 000040
[    0.020081] ACPI: APIC 0x000000007B18BFC8 000084 (v03 ALASKA A M I    01072009 AMI  00010013)
[    0.020090] ACPI: FPDT 0x000000007B18C050 000044 (v01 ALASKA A M I    01072009 AMI  00010013)
[    0.020099] ACPI: FIDT 0x000000007B18C098 00009C (v01 ALASKA A M I    01072009 AMI  00010013)
[    0.020107] ACPI: MSDM 0x000000007B18C138 000055 (v03 ALASKA A M I    01072009 AMI  00010013)
[    0.020116] ACPI: MCFG 0x000000007B18C190 00003C (v01 ALASKA A M I    01072009 MSFT 00000097)
[    0.020124] ACPI: SSDT 0x000000007B18C1D0 0041B8 (v01 DptfTb DptfTab  00001000 INTL 20120913)
[    0.020133] ACPI: SSDT 0x000000007B190388 000645 (v01 CpuDpf CpuDptf  00001000 INTL 20120913)
[    0.020142] ACPI: SSDT 0x000000007B1909D0 000058 (v01 LowPM  LowPwrM  00001000 INTL 20120913)
[    0.020150] ACPI: UEFI 0x000000007B190A28 000042 (v01 ALASKA A M I    00000000      00000000)
[    0.020159] ACPI: SSDT 0x000000007B190A70 000269 (v01 UsbCTb UsbCTab  00001000 INTL 20120913)
--
[    0.020176] ACPI: SSDT 0x000000007B190D18 000763 (v01 PmRef  CpuPm    00003000 INTL 20120913)
[    0.020184] ACPI: SSDT 0x000000007B191480 000290 (v01 PmRef  Cpu0Tst  00003000 INTL 20120913)
[    0.020193] ACPI: SSDT 0x000000007B191710 00017A (v01 PmRef  ApTst    00003000 INTL 20120913)
[    0.020202] ACPI: SSDT 0x000000007B191890 00043A (v01 Intel_ Tpm2Tabl 00001000 INTL 20120913)
[    0.020210] ACPI: TPM2 0x000000007B191CD0 000034 (v03                 00000000      00000000)
[    0.020218] ACPI: LPIT 0x000000007B191D08 000104 (v01 ALASKA A M I    00000005 MSFT 0100000D)
[    0.020227] ACPI: BCFG 0x000000007B191E10 000139 (v01 INTEL  BATTCONF 00000001 ACPI 00000000)
[    0.020235] ACPI: PRAM 0x000000007B191F50 000030 (v01                 00000001      00000000)
[    0.020243] ACPI: CSRT 0x000000007B191F80 00014C (v00 INTEL  LANFORDC 00000005 MSFT 0100000D)
[    0.020252] ACPI: WDAT 0x000000007B1920D0 000104 (v01                 00000000      00000000)
[    0.020271] ACPI: Local APIC address 0xfee00000
[    0.020539] No NUMA configuration found
[    0.020542] Faking a node at [mem 0x0000000000000000-0x000000007bffffff]
[    0.020551] NODE_DATA(0) allocated [mem 0x7a524000-0x7a527fff]
--
[    4.879602] serial serial0: tty port ttyS1 registered
[    4.890581] 8086228A:01: ttyS2 at MMIO 0x9181f000 (irq = 40, base_baud = 2764800) is a 16550A
[    4.965964] axp20x-i2c i2c-INT33F4:00: AXP20x variant AXP288 found
[    4.990617] hidraw: raw HID events driver (C) Jiri Kosina
[    4.992150] input: Intel HID events as /devices/pci0000:00/INT33D5:00/input/input2
[    5.030544] i2c_hid i2c-04F3200A:00: i2c-04F3200A:00 supply vdd not found, using dummy regulator
[    5.030636] i2c_hid i2c-04F3200A:00: Linked as a consumer to regulator.0
[    5.030642] i2c_hid i2c-04F3200A:00: i2c-04F3200A:00 supply vddl not found, using dummy regulator
[    5.039278] axp20x-i2c i2c-INT33F4:00: AXP20X driver loaded
[    5.146982] proc_thermal 0000:00:0b.0: enabling device (0000 -> 0002)
[    5.156934] cfg80211: Loading compiled-in X.509 certificates for regulatory database
[    5.181195] cfg80211: Loaded X.509 cert 'sforshee: 00b28ddf47aef9cea7'
[    5.221395] Linux agpgart interface v0.103
--
[    6.223874] audit: type=1130 audit(1550011096.796:41): pid=1 uid=0 auid=4294967295 ses=4294967295 msg='unit=systemd-logind comm="systemd" exe="/usr/lib/systemd/systemd" hostname=? addr=? terminal=? res=success'
[    6.303705] audit: type=1130 audit(1550011096.880:42): pid=1 uid=0 auid=4294967295 ses=4294967295 msg='unit=avahi-daemon comm="systemd" exe="/usr/lib/systemd/systemd" hostname=? addr=? terminal=? res=success'
[    6.308749] intel_rapl: Found RAPL domain package
[    6.308755] intel_rapl: Found RAPL domain core
[    6.311473] audit: type=1130 audit(1550011096.886:43): pid=1 uid=0 auid=4294967295 ses=4294967295 msg='unit=NetworkManager comm="systemd" exe="/usr/lib/systemd/systemd" hostname=? addr=? terminal=? res=success'
[    6.340325] input: 04F3200A:00 04F3:22F7 Touchscreen as /devices/pci0000:00/808622C1:01/i2c-1/i2c-04F3200A:00/0018:04F3:22F7.0001/input/input6
[    6.340530] input: 04F3200A:00 04F3:22F7 as /devices/pci0000:00/808622C1:01/i2c-1/i2c-04F3200A:00/0018:04F3:22F7.0001/input/input7
[    6.340679] input: 04F3200A:00 04F3:22F7 as /devices/pci0000:00/808622C1:01/i2c-1/i2c-04F3200A:00/0018:04F3:22F7.0001/input/input8
[    6.340832] input: 04F3200A:00 04F3:22F7 as /devices/pci0000:00/808622C1:01/i2c-1/i2c-04F3200A:00/0018:04F3:22F7.0001/input/input9
[    6.341000] hid-generic 0018:04F3:22F7.0001: input,hidraw0: I2C HID v1.00 Device [04F3200A:00 04F3:22F7] on i2c-04F3200A:00
[    6.351187] audit: type=1130 audit(1550011096.926:44): pid=1 uid=0 auid=4294967295 ses=4294967295 msg='unit=systemd-user-sessions comm="systemd" exe="/usr/lib/systemd/systemd" hostname=? addr=? terminal=? res=success'
[    6.556318] input: 04F3200A:00 04F3:22F7 as /devices/pci0000:00/808622C1:01/i2c-1/i2c-04F3200A:00/0018:04F3:22F7.0001/input/input11
[    6.556723] input: 04F3200A:00 04F3:22F7 as /devices/pci0000:00/808622C1:01/i2c-1/i2c-04F3200A:00/0018:04F3:22F7.0001/input/input14
[    6.560873] hid-multitouch 0018:04F3:22F7.0001: input,hidraw0: I2C HID v1.00 Device [04F3200A:00 04F3:22F7] on i2c-04F3200A:00
[    6.568955] Bluetooth: hci0: RTL: rtl: examining hci_ver=06 hci_rev=000b lmp_ver=06 lmp_subver=8723

[    6.573228] Bluetooth: hci0: RTL: rom_version status=0 version=1

[    6.573235] Bluetooth: hci0: RTL: rtl: loading rtl_bt/rtl8723bs_fw.bin
--
[    6.893136] axp288_fuel_gauge axp288_fuel_gauge: HW IRQ 19 -> VIRQ 139
[    6.916602] axp288_fuel_gauge axp288_fuel_gauge: HW IRQ 24 -> VIRQ 144
[    6.941176] axp288_fuel_gauge axp288_fuel_gauge: HW IRQ 25 -> VIRQ 145
[    6.947739] IPv6: ADDRCONF(NETDEV_UP): wlan0: link is not ready
[    6.960797] rtl8723bs: acquire FW from file:rtlwifi/rtl8723bs_nic.bin
[    7.073105] i2c_hid i2c-04F3200A:00: failed to change power setting.
[    7.089899] i2c_hid i2c-04F3200A:00: failed to change power setting.
[    7.099787] i2c_hid i2c-04F3200A:00: failed to change power setting.
[    7.115303] Bluetooth: BNEP (Ethernet Emulation) ver 1.3
[    7.115308] Bluetooth: BNEP filters: protocol multicast
[    7.115319] Bluetooth: BNEP socket layer initialized
[    7.116928] i2c_hid i2c-04F3200A:00: failed to change power setting.
[    7.181141] i2c_hid i2c-04F3200A:00: failed to change power setting.
[    7.199825] i2c_hid i2c-04F3200A:00: failed to change power setting.
[    7.212977] checking generic (80000000 8ca000) vs hw (80000000 10000000)
[    7.212983] fb0: switching to inteldrmfb from EFI VGA
[    7.213678] Console: switching to colour dummy device 80x25
[    7.214125] [drm] Replacing VGA console driver
[    7.214543] [drm] Supports vblank timestamp caching Rev 2 (21.10.2013).
