[   132.032] (--) Log file renamed from "/var/log/Xorg.pid-2760.log" to "/var/log/Xorg.0.log"
[   132.033] 
X.Org X Server 1.21.1.7
X Protocol Version 11, Revision 0
[   132.033] Current Operating System: Linux HOSTNAME 6.1.0-21-amd64 #1 SMP PREEMPT_DYNAMIC Debian 6.1.90-1 (2024-05-03) x86_64
[   132.033] Kernel command line: BOOT_IMAGE=/vmlinuz-6.1.0-21-amd64 root=/dev/mapper/lvm-root ro acpi_use_timer_override acpi_enforce_resources=lax
[   132.033] xorg-server 2:21.1.7-3+deb12u7 (https://www.debian.org/support) 
[   132.033] Current version of pixman: 0.42.2
[   132.033] 	Before reporting problems, check http://wiki.x.org
	to make sure that you have the latest version.
[   132.033] Markers: (--) probed, (**) from config file, (==) default setting,
	(++) from command line, (!!) notice, (II) informational,
	(WW) warning, (EE) error, (NI) not implemented, (??) unknown.
[   132.033] (==) Log file: "/var/log/Xorg.0.log", Time: Sun May 12 22:40:51 2024
[   132.034] (==) Using config file: "/etc/X11/xorg.conf"
[   132.034] (==) Using system config directory "/usr/share/X11/xorg.conf.d"
[   132.039] (==) ServerLayout "3S"
[   132.039] (**) |-->Screen "TwinView Screen" (0)
[   132.039] (**) |   |-->Monitor "<default monitor>"
[   132.040] (**) |   |-->Device "Main GPU"
[   132.040] (==) No monitor specified for screen "TwinView Screen".
	Using a default monitor configuration.
[   132.040] (**) |-->Input Device "keyb"
[   132.040] (**) |-->Input Device "DesktopMouse"
[   132.040] (**) Option "SuspendTime" "10"
[   132.040] (==) Automatically adding devices
[   132.040] (==) Automatically enabling devices
[   132.040] (==) Automatically adding GPU devices
[   132.040] (==) Automatically binding GPU devices
[   132.040] (==) Max clients allowed: 256, resource mask: 0x1fffff
[   132.042] (WW) The directory "/var/lib/defoma/x-ttcidfont-conf.d/dirs/TrueType" does not exist.
[   132.042] 	Entry deleted from font path.
[   132.042] (WW) The directory "/usr/share/fonts/X11/cyrillic" does not exist.
[   132.042] 	Entry deleted from font path.
[   132.042] (WW) The directory "/usr/share/fonts/X11/100dpi/" does not exist.
[   132.042] 	Entry deleted from font path.
[   132.042] (WW) The directory "/usr/share/fonts/X11/75dpi/" does not exist.
[   132.042] 	Entry deleted from font path.
[   132.042] (WW) The directory "/usr/share/fonts/X11/100dpi" does not exist.
[   132.042] 	Entry deleted from font path.
[   132.042] (WW) The directory "/usr/share/fonts/X11/75dpi" does not exist.
[   132.042] 	Entry deleted from font path.
[   132.042] (**) FontPath set to:
	/usr/share/fonts/X11/misc,
	/usr/share/fonts/X11/Type1,
	/usr/share/fonts/X11/misc,
	/usr/share/fonts/X11/Type1,
	built-ins
[   132.042] (==) ModulePath set to "/usr/lib/xorg/modules"
[   132.042] (**) Extension "Composite" is enabled
[   132.042] (WW) Ignoring unrecognized extension "DamageEvents"
[   132.042] (WW) Hotplugging is on, devices using drivers 'kbd', 'mouse' or 'vmmouse' will be disabled.
[   132.042] (WW) Disabling keyb
[   132.042] (WW) Disabling DesktopMouse
[   132.042] (II) Loader magic: 0x557acd7fef00
[   132.042] (II) Module ABI versions:
[   132.042] 	X.Org ANSI C Emulation: 0.4
[   132.042] 	X.Org Video Driver: 25.2
[   132.042] 	X.Org XInput driver : 24.4
[   132.042] 	X.Org Server Extension : 10.0
[   132.043] (++) using VT number 7

[   132.043] (II) systemd-logind: logind integration requires -keeptty and -keeptty was not provided, disabling logind integration
[   132.043] (II) xfree86: Adding drm device (/dev/dri/card0)
[   132.043] (II) Platform probe for /sys/devices/pci0000:00/0000:00:03.1/0000:0d:00.0/drm/card0
[   132.047] (--) PCI:*(13@0:0:0) 10de:1380:1569:1380 rev 162, Mem @ 0xf6000000/16777216, 0xe0000000/268435456, 0xf0000000/33554432, I/O @ 0x0000f000/128, BIOS @ 0x????????/131072
[   132.047] (II) "glx" will be loaded. This was enabled by default and also specified in the config file.
[   132.047] (II) LoadModule: "i2c"
[   132.047] (II) Module "i2c" already built-in
[   132.047] (II) LoadModule: "ddc"
[   132.047] (II) Module "ddc" already built-in
[   132.047] (II) LoadModule: "dri"
[   132.047] (II) Module "dri" already built-in
[   132.047] (II) LoadModule: "extmod"
[   132.047] (II) Module "extmod" already built-in
[   132.047] (II) LoadModule: "glx"
[   132.049] (II) Loading /usr/lib/xorg/modules/extensions/libglx.so
[   132.059] (II) Module glx: vendor="X.Org Foundation"
[   132.059] 	compiled for 1.21.1.7, module version = 1.0.0
[   132.059] 	ABI class: X.Org Server Extension, version 10.0
[   132.059] (II) LoadModule: "int10"
[   132.059] (II) Loading /usr/lib/xorg/modules/libint10.so
[   132.060] (II) Module int10: vendor="X.Org Foundation"
[   132.060] 	compiled for 1.21.1.7, module version = 1.0.0
[   132.060] 	ABI class: X.Org Video Driver, version 25.2
[   132.060] (II) LoadModule: "vbe"
[   132.060] (II) Loading /usr/lib/xorg/modules/libint10.so
[   132.060] (II) Module int10: vendor="X.Org Foundation"
[   132.060] 	compiled for 1.21.1.7, module version = 1.0.0
[   132.060] 	ABI class: X.Org Video Driver, version 25.2
[   132.060] (II) LoadModule: "nvidia"
[   132.060] (II) Loading /usr/lib/xorg/modules/drivers/nvidia_drv.so
[   132.067] (II) Module nvidia: vendor="NVIDIA Corporation"
[   132.067] 	compiled for 1.6.99.901, module version = 1.0.0
[   132.067] 	Module class: X.Org Video Driver
[   132.067] (II) NVIDIA dlloader X Driver  525.147.05  Wed Oct 25 20:28:33 UTC 2023
[   132.067] (II) NVIDIA Unified Driver for all Supported NVIDIA GPUs
[   132.070] (II) Loading sub module "fb"
[   132.070] (II) LoadModule: "fb"
[   132.070] (II) Module "fb" already built-in
[   132.070] (II) Loading sub module "wfb"
[   132.070] (II) LoadModule: "wfb"
[   132.071] (II) Loading /usr/lib/xorg/modules/libwfb.so
[   132.072] (II) Module wfb: vendor="X.Org Foundation"
[   132.072] 	compiled for 1.21.1.7, module version = 1.0.0
[   132.072] 	ABI class: X.Org ANSI C Emulation, version 0.4
[   132.072] (II) Loading sub module "ramdac"
[   132.072] (II) LoadModule: "ramdac"
[   132.072] (II) Module "ramdac" already built-in
[   132.072] (II) NVIDIA(0): Creating default Display subsection in Screen section
	"TwinView Screen" for depth/fbbpp 24/32
[   132.072] (==) NVIDIA(0): Depth 24, (==) framebuffer bpp 32
[   132.072] (==) NVIDIA(0): RGB weight 888
[   132.072] (==) NVIDIA(0): Default visual is TrueColor
[   132.072] (==) NVIDIA(0): Using gamma correction (1.0, 1.0, 1.0)
[   132.072] (**) NVIDIA(0): Enabling 2D acceleration
[   132.072] (II) Loading sub module "glxserver_nvidia"
[   132.072] (II) LoadModule: "glxserver_nvidia"
[   132.072] (II) Loading /usr/lib/xorg/modules/extensions/libglxserver_nvidia.so
[   132.113] (II) Module glxserver_nvidia: vendor="NVIDIA Corporation"
[   132.113] 	compiled for 1.6.99.901, module version = 1.0.0
[   132.113] 	Module class: X.Org Server Extension
[   132.113] (II) NVIDIA GLX Module  525.147.05  Wed Oct 25 20:26:41 UTC 2023
[   132.114] (II) NVIDIA: The X server supports PRIME Render Offload.
[   132.116] (--) NVIDIA(0): Memory: 2097152 kBytes
[   132.116] (--) NVIDIA(0): VideoBIOS: 82.07.32.40.4d
[   132.116] (II) NVIDIA(0): Detected PCI Express Link width: 16X
[   132.158] (--) NVIDIA(0): DPI set to (85, 86); computed from "UseEdidDpi" X config
[   132.158] (--) NVIDIA(0):     option
[   132.158] (II) NVIDIA: Reserving 6144.00 MB of virtual memory for indirect memory
[   132.158] (II) NVIDIA:     access.
[   132.250] (==) NVIDIA(0): Disabling shared memory pixmaps
[   132.250] (==) NVIDIA(0): Backing store enabled
[   132.250] (==) NVIDIA(0): Silken mouse enabled
[   132.251] (==) NVIDIA(0): DPMS enabled
[   132.251] (WW) NVIDIA(0): Option "NoLogo" is not used
[   132.251] (II) Loading sub module "dri2"
[   132.251] (II) LoadModule: "dri2"
[   132.251] (II) Module "dri2" already built-in
[   132.251] (II) NVIDIA(0): [DRI2] Setup complete
[   132.251] (II) NVIDIA(0): [DRI2]   VDPAU driver: nvidia
[   132.251] (II) Initializing extension Generic Event Extension
[   132.251] (II) Initializing extension SHAPE
[   132.251] (II) Initializing extension MIT-SHM
[   132.252] (II) Initializing extension XInputExtension
[   132.252] (II) Initializing extension XTEST
[   132.252] (II) Initializing extension BIG-REQUESTS
[   132.252] (II) Initializing extension SYNC
[   132.252] (II) Initializing extension XKEYBOARD
[   132.252] (II) Initializing extension XC-MISC
[   132.252] (II) Initializing extension SECURITY
[   132.252] (II) Initializing extension XFIXES
[   132.252] (II) Initializing extension RENDER
[   132.252] (II) Initializing extension RANDR
[   132.252] (II) Initializing extension COMPOSITE
[   132.252] (II) Initializing extension DAMAGE
[   132.253] (II) Initializing extension MIT-SCREEN-SAVER
[   132.253] (II) Initializing extension DOUBLE-BUFFER
[   132.253] (II) Initializing extension RECORD
[   132.253] (II) Initializing extension DPMS
[   132.253] (II) Initializing extension Present
[   132.253] (II) Initializing extension DRI3
[   132.253] (II) Initializing extension X-Resource
[   132.253] (II) Initializing extension XVideo
[   132.253] (II) Initializing extension XVideo-MotionCompensation
[   132.253] (II) Initializing extension SELinux
[   132.253] (II) SELinux: Disabled on system
[   132.253] (II) Initializing extension GLX
[   132.253] (II) Initializing extension GLX
[   132.253] (II) Indirect GLX disabled.
[   132.253] (II) GLX: Another vendor is already registered for screen 0
[   132.253] (II) Initializing extension XFree86-VidModeExtension
[   132.253] (II) Initializing extension XFree86-DGA
[   132.253] (II) Initializing extension XFree86-DRI
[   132.253] (II) Initializing extension DRI2
[   132.253] (II) Initializing extension NV-GLX
[   132.253] (II) Initializing extension NV-CONTROL
[   132.253] (II) Initializing extension XINERAMA
[   132.313] (II) config/udev: Adding input device Power Button (/dev/input/event7)
[   132.313] (**) Power Button: Applying InputClass "evdev keyboard catchall"
[   132.313] (**) Power Button: Applying InputClass "libinput keyboard catchall"
[   132.313] (II) LoadModule: "libinput"
[   132.313] (II) Loading /usr/lib/xorg/modules/input/libinput_drv.so
[   132.317] (II) Module libinput: vendor="X.Org Foundation"
[   132.317] 	compiled for 1.21.1.3, module version = 1.2.1
[   132.317] 	Module class: X.Org XInput Driver
[   132.317] 	ABI class: X.Org XInput driver, version 24.4
[   132.317] (II) Using input driver 'libinput' for 'Power Button'
[   132.317] (**) Power Button: always reports core events
[   132.317] (**) Option "Device" "/dev/input/event7"
[   132.322] (II) event7  - Power Button: is tagged by udev as: Keyboard
[   132.322] (II) event7  - Power Button: device is a keyboard
[   132.322] (II) event7  - Power Button: device removed
[   132.348] (**) Option "config_info" "udev:/sys/devices/LNXSYSTM:00/LNXPWRBN:00/input/input7/event7"
[   132.348] (II) XINPUT: Adding extended input device "Power Button" (type: KEYBOARD, id 6)
[   132.348] (**) Option "xkb_model" "pc104"
[   132.348] (**) Option "xkb_layout" "be"
[   132.348] (**) Option "xkb_options" "lv3:ralt_switch"
[   132.357] (II) event7  - Power Button: is tagged by udev as: Keyboard
[   132.357] (II) event7  - Power Button: device is a keyboard
[   132.358] (II) config/udev: Adding input device Power Button (/dev/input/event6)
[   132.358] (**) Power Button: Applying InputClass "evdev keyboard catchall"
[   132.358] (**) Power Button: Applying InputClass "libinput keyboard catchall"
[   132.358] (II) Using input driver 'libinput' for 'Power Button'
[   132.358] (**) Power Button: always reports core events
[   132.358] (**) Option "Device" "/dev/input/event6"
[   132.358] (II) event6  - Power Button: is tagged by udev as: Keyboard
[   132.358] (II) event6  - Power Button: device is a keyboard
[   132.358] (II) event6  - Power Button: device removed
[   132.380] (**) Option "config_info" "udev:/sys/devices/LNXSYSTM:00/LNXSYBUS:00/PNP0C0C:00/input/input6/event6"
[   132.380] (II) XINPUT: Adding extended input device "Power Button" (type: KEYBOARD, id 7)
[   132.380] (**) Option "xkb_model" "pc104"
[   132.380] (**) Option "xkb_layout" "be"
[   132.380] (**) Option "xkb_options" "lv3:ralt_switch"
[   132.380] (II) event6  - Power Button: is tagged by udev as: Keyboard
[   132.380] (II) event6  - Power Button: device is a keyboard
[   132.381] (II) config/udev: Adding input device DESKTOP_MOUSE (/dev/input/event3)
[   132.381] (**) DESKTOP_MOUSE: Applying InputClass "evdev pointer catchall"
[   132.381] (**) DESKTOP_MOUSE: Applying InputClass "libinput pointer catchall"
[   132.381] (II) Using input driver 'libinput' for 'DESKTOP_MOUSE'
[   132.381] (**) DESKTOP_MOUSE: always reports core events
[   132.381] (**) Option "Device" "/dev/input/event3"
[   132.441] (II) event3  - DESKTOP_MOUSE: is tagged by udev as: Mouse Trackball
[   132.441] (II) event3  - DESKTOP_MOUSE: device set to 400 DPI
[   132.441] (II) event3  - DESKTOP_MOUSE: device is a pointer
[   132.441] (II) event3  - DESKTOP_MOUSE: device removed
[   132.492] (**) Option "config_info" "udev:/sys/devices/pci0000:00/0000:00:01.2/0000:02:00.0/0000:03:08.0/0000:0a:00.3/usb3/3-6/3-6.1/3-6.1.3/3-6.1.3:1.0/0003:mmmm:mmmm.0006/input/input3/event3"
[   132.492] (II) XINPUT: Adding extended input device "DESKTOP_MOUSE" (type: MOUSE, id 8)
[   132.492] (**) Option "AccelerationScheme" "none"
[   132.492] (**) DESKTOP_MOUSE: (accel) selected scheme none/0
[   132.492] (**) DESKTOP_MOUSE: (accel) acceleration factor: 2.000
[   132.492] (**) DESKTOP_MOUSE: (accel) acceleration threshold: 4
[   132.552] (II) event3  - DESKTOP_MOUSE: is tagged by udev as: Mouse Trackball
[   132.553] (II) event3  - DESKTOP_MOUSE: device set to 400 DPI
[   132.553] (II) event3  - DESKTOP_MOUSE: device is a pointer
[   132.553] (II) config/udev: Adding input device DESKTOP_MOUSE (/dev/input/mouse2)
[   132.553] (II) No input driver specified, ignoring this device.
[   132.553] (II) This device may have been added with another device file.
[   132.554] (II) config/udev: Adding input device HID kkkk:kkkk (/dev/input/event4)
[   132.554] (**) HID kkkk:kkkk: Applying InputClass "evdev keyboard catchall"
[   132.554] (**) HID kkkk:kkkk: Applying InputClass "libinput keyboard catchall"
[   132.554] (II) Using input driver 'libinput' for 'HID kkkk:kkkk'
[   132.554] (**) HID kkkk:kkkk: always reports core events
[   132.554] (**) Option "Device" "/dev/input/event4"
[   132.555] (II) event4  - HID kkkk:kkkk: is tagged by udev as: Keyboard
[   132.555] (II) event4  - HID kkkk:kkkk: device is a keyboard
[   132.555] (II) event4  - HID kkkk:kkkk: device removed
[   132.584] (**) Option "config_info" "udev:/sys/devices/pci0000:00/0000:00:01.2/0000:02:00.0/0000:03:08.0/0000:0a:00.3/usb3/3-6/3-6.1/3-6.1.4/3-6.1.4:1.0/0003:kkkk:kkkk.0007/input/input4/event4"
[   132.584] (II) XINPUT: Adding extended input device "HID kkkk:kkkk" (type: KEYBOARD, id 9)
[   132.584] (**) Option "xkb_model" "pc104"
[   132.584] (**) Option "xkb_layout" "be"
[   132.584] (**) Option "xkb_options" "lv3:ralt_switch"
[   132.585] (II) event4  - HID kkkk:kkkk: is tagged by udev as: Keyboard
[   132.585] (II) event4  - HID kkkk:kkkk: device is a keyboard
[   132.586] (II) config/udev: Adding input device HID kkkk:kkkk (/dev/input/event5)
[   132.586] (**) HID kkkk:kkkk: Applying InputClass "evdev keyboard catchall"
[   132.586] (**) HID kkkk:kkkk: Applying InputClass "libinput keyboard catchall"
[   132.586] (II) Using input driver 'libinput' for 'HID kkkk:kkkk'
[   132.586] (**) HID kkkk:kkkk: always reports core events
[   132.586] (**) Option "Device" "/dev/input/event5"
[   132.587] (II) event5  - HID kkkk:kkkk: is tagged by udev as: Keyboard
[   132.587] (II) event5  - HID kkkk:kkkk: device is a keyboard
[   132.587] (II) event5  - HID kkkk:kkkk: device removed
[   132.624] (II) libinput: HID kkkk:kkkk: needs a virtual subdevice
[   132.624] (**) Option "config_info" "udev:/sys/devices/pci0000:00/0000:00:01.2/0000:02:00.0/0000:03:08.0/0000:0a:00.3/usb3/3-6/3-6.1/3-6.1.4/3-6.1.4:1.1/0003:kkkk:kkkk.0008/input/input5/event5"
[   132.624] (II) XINPUT: Adding extended input device "HID kkkk:kkkk" (type: MOUSE, id 10)
[   132.624] (**) Option "AccelerationScheme" "none"
[   132.624] (**) HID kkkk:kkkk: (accel) selected scheme none/0
[   132.624] (**) HID kkkk:kkkk: (accel) acceleration factor: 2.000
[   132.624] (**) HID kkkk:kkkk: (accel) acceleration threshold: 4
[   132.625] (II) event5  - HID kkkk:kkkk: is tagged by udev as: Keyboard
[   132.625] (II) event5  - HID kkkk:kkkk: device is a keyboard
[   132.625] (II) config/udev: Adding input device HDA NVidia HDMI/DP,pcm=7 (/dev/input/event10)
[   132.625] (II) No input driver specified, ignoring this device.
[   132.625] (II) This device may have been added with another device file.
[   132.626] (II) config/udev: Adding input device HDA NVidia HDMI/DP,pcm=8 (/dev/input/event11)
[   132.626] (II) No input driver specified, ignoring this device.
[   132.626] (II) This device may have been added with another device file.
[   132.626] (II) config/udev: Adding input device HDA NVidia HDMI/DP,pcm=9 (/dev/input/event12)
[   132.626] (II) No input driver specified, ignoring this device.
[   132.626] (II) This device may have been added with another device file.
[   132.626] (II) config/udev: Adding input device HDA NVidia HDMI/DP,pcm=3 (/dev/input/event9)
[   132.626] (II) No input driver specified, ignoring this device.
[   132.626] (II) This device may have been added with another device file.
[   132.626] (II) config/udev: Adding input device HUION Huion Tablet_H1061P Pen (/dev/input/event13)
[   132.626] (**) HUION Huion Tablet_H1061P Pen: Applying InputClass "evdev tablet catchall"
[   132.626] (**) HUION Huion Tablet_H1061P Pen: Applying InputClass "libinput tablet catchall"
[   132.626] (**) HUION Huion Tablet_H1061P Pen: Applying InputClass "Huion H1061P"
[   132.626] (II) LoadModule: "wacom"
[   132.626] (II) Loading /usr/lib/xorg/modules/input/wacom_drv.so
[   132.627] (II) Module wacom: vendor="X.Org Foundation"
[   132.627] 	compiled for 1.21.1.3, module version = 1.1.0
[   132.627] 	Module class: X.Org XInput Driver
[   132.627] 	ABI class: X.Org XInput driver, version 24.4
[   132.627] (II) Build version: 1.1.0
[   132.627] (II) wacom: Driver for Wacom graphics tablets: PenPartner, Graphire,
	Graphire2 4x5, Graphire2 5x7, Graphire3 4x5, Graphire3 6x8,
	Graphire4 4x5, Graphire4 6x8, BambooFun 4x5, BambooFun 6x8,
	Bamboo1 Medium, Graphire4 6x8 BlueTooth, CTL-460, CTH-461, CTL-660,
	CTL-461/S, Bamboo Touch, CTH-460/K, CTH-461/S, CTH-661/S1, CTH-461/L,
	CTH-661/L, Intuos 4x5, Intuos 6x8, Intuos 9x12, Intuos 12x12,
	Intuos 12x18, PTU600, PL400, PL500, PL600, PL600SX, PL550, PL800,
	PL700, PL510, PL710, DTI520, DTF720, DTF720a, DTF521, DTU1931,
	DTU2231, DTU1631, DTH1152, DTH1152, DTK2451, DTH2452, DTH2452,
	Wacom One Pen Display 13, Intuos2 4x5, Intuos2 6x8, Intuos2 9x12,
	Intuos2 12x12, Intuos2 12x18, Intuos2 6x8 , Volito, PenStation,
	Volito2 4x5, Volito2 2x3, PenPartner2, Bamboo, Bamboo1, Bamboo1 4x6,
	Bamboo1 5x8, Intuos3 4x5, Intuos3 6x8, Intuos3 9x12, Intuos3 12x12,
	Intuos3 12x19, Intuos3 6x11, Intuos3 4x6, Intuos4 4x6, Intuos4 6x9,
	Intuos4 8x13, Intuos4 12x19, Intuos4 WL USB Endpoint,
	Intuos4 WL Bluetooth Endpoint, Intuos5 touch S, Intuos5 touch M,
	Intuos5 touch L, Intuos5 S, Intuos5 M, Intuos Pro S, Intuos Pro M,
	Intuos Pro L, Cintiq 21UX, Cintiq 20WSX, Cintiq 12WX, Cintiq 21UX2,
	Cintiq 24HD, Cintiq 22HD, Cintiq 24HD touch (EMR digitizer),
	Cintiq 13HD, DTK2241, DTH2242, Cintiq 22HDT, Cintiq 27QHDT,
	Cintiq 27QHDT, Mobilestudio Pro 13, MobileStudio Pro 16,
	MobileStudio Pro 13, MobileStudio Pro 16, Cintiq 13 FHD Pro,
	Cintiq 16 UHD Pro, Cintiq Pro 24, Cintiq Pro 32, Cintiq 13 FHD Pro,
	Cintiq 16 UHD Pro, Cintiq Pro 24, Cintiq Pro 32, Cintiq Pro 24,
	Mobilestudio Pro 13, MobileStudio Pro 16, MobileStudio Pro 13,
	MobileStudio Pro 16, MobileStudio Pro 16, MobileStudio Pro 16,
	TabletPC 0x90, TabletPC 0x93, TabletPC 0x97, TabletPC 0x9A,
	CapPlus  0x9F, TabletPC 0xE2, TabletPC 0xE3, TabletPC 0xE5,
	TabletPC 0xE6, TabletPC 0xEC, TabletPC 0xED, TabletPC 0xEF,
	TabletPC 0x100, TabletPC 0x101, TabletPC 0x10D, TabletPC 0x116,
	TabletPC 0x12C, TabletPC 0x4001, TabletPC 0x4004, TabletPC 0x5000,
	TabletPC 0x5002, usb:172f:0024, usb:172f:0025, usb:172f:0026,
	usb:172f:0027, usb:172f:0028, usb:172f:0030, usb:172f:0031,
	usb:172f:0032, usb:172f:0033, usb:172f:0034, usb:172f:0035,
	usb:172f:0036, usb:172f:0037, usb:172f:0038, usb:172f:0039,
	usb:172f:0051, usb:172f:0052, usb:172f:0053, usb:172f:0054,
	usb:172f:0055, usb:172f:0056, usb:172f:0057, usb:172f:0058,
	usb:172f:0500, usb:172f:0501, usb:172f:0502, usb:172f:0503,
	usb:1b96:0001, usb:17ef:6004
[   132.628] (II) Using input driver 'wacom' for 'HUION Huion Tablet_H1061P Pen'
[   132.628] (**) HUION Huion Tablet_H1061P Pen: always reports core events
[   132.628] (**) Option "Device" "/dev/input/event13"
[   132.688] (II) wacom: HUION Huion Tablet_H1061P Pen: type not specified, assuming 'stylus'.
[   132.688] (II) wacom: HUION Huion Tablet_H1061P Pen: other types will be automatically added.
[   132.688] (--) wacom: HUION Huion Tablet_H1061P Pen stylus: using pressure threshold of 851 for button 1
[   132.688] (**) wacom: HUION Huion Tablet_H1061P Pen stylus: panscroll is 0
[   132.688] (**) wacom: HUION Huion Tablet_H1061P Pen stylus: panscroll modified to 2600
[   132.688] (--) wacom: HUION Huion Tablet_H1061P Pen stylus: maxX=53340 maxY=33340 maxZ=8191 resX=200000 resY=200000  tilt=enabled
[   132.688] (II) wacom: HUION Huion Tablet_H1061P Pen stylus: hotplugging dependent devices.
[   132.688] (II) wacom: HUION Huion Tablet_H1061P Pen stylus: hotplugging completed.
[   132.728] (**) Option "config_info" "udev:/sys/devices/pci0000:00/0000:00:08.1/0000:0f:00.3/usb5/5-1/5-1:1.0/0003:256C:0068.0002/input/input13/event13"
[   132.728] (II) XINPUT: Adding extended input device "HUION Huion Tablet_H1061P Pen stylus" (type: STYLUS, id 11)
[   132.728] (**) HUION Huion Tablet_H1061P Pen stylus: (accel) keeping acceleration scheme 1
[   132.728] (**) HUION Huion Tablet_H1061P Pen stylus: (accel) acceleration profile 0
[   132.728] (**) HUION Huion Tablet_H1061P Pen stylus: (accel) acceleration factor: 2.000
[   132.728] (**) HUION Huion Tablet_H1061P Pen stylus: (accel) acceleration threshold: 4
[   132.788] (II) config/udev: Adding input device HUION Huion Tablet_H1061P Pen (/dev/input/mouse3)
[   132.788] (II) No input driver specified, ignoring this device.
[   132.788] (II) This device may have been added with another device file.
[   132.789] (II) config/udev: Adding input device HUION Huion Tablet_H1061P Pad (/dev/input/event14)
[   132.789] (**) HUION Huion Tablet_H1061P Pad: Applying InputClass "evdev tablet catchall"
[   132.789] (**) HUION Huion Tablet_H1061P Pad: Applying InputClass "libinput tablet catchall"
[   132.789] (**) HUION Huion Tablet_H1061P Pad: Applying InputClass "Huion H1061P"
[   132.789] (II) Using input driver 'wacom' for 'HUION Huion Tablet_H1061P Pad'
[   132.789] (**) HUION Huion Tablet_H1061P Pad: always reports core events
[   132.789] (**) Option "Device" "/dev/input/event14"
[   132.789] (II) wacom: HUION Huion Tablet_H1061P Pad: type not specified, assuming 'pad'.
[   132.789] (II) wacom: HUION Huion Tablet_H1061P Pad: other types will be automatically added.
[   132.789] (**) wacom: HUION Huion Tablet_H1061P Pad pad: panscroll is 0
[   132.789] (**) wacom: HUION Huion Tablet_H1061P Pad pad: panscroll modified to 1000
[   132.789] (II) wacom: HUION Huion Tablet_H1061P Pad pad: hotplugging dependent devices.
[   132.789] (II) wacom: HUION Huion Tablet_H1061P Pad pad: hotplugging completed.
[   132.840] (**) Option "config_info" "udev:/sys/devices/pci0000:00/0000:00:08.1/0000:0f:00.3/usb5/5-1/5-1:1.0/0003:256C:0068.0002/input/input14/event14"
[   132.840] (II) XINPUT: Adding extended input device "HUION Huion Tablet_H1061P Pad pad" (type: PAD, id 12)
[   132.840] (**) HUION Huion Tablet_H1061P Pad pad: (accel) keeping acceleration scheme 1
[   132.840] (**) HUION Huion Tablet_H1061P Pad pad: (accel) acceleration profile 0
[   132.840] (**) HUION Huion Tablet_H1061P Pad pad: (accel) acceleration factor: 2.000
[   132.840] (**) HUION Huion Tablet_H1061P Pad pad: (accel) acceleration threshold: 4
[   132.841] (II) config/udev: Adding input device HUION Huion Tablet_H1061P Pad (/dev/input/js0)
[   132.841] (II) No input driver specified, ignoring this device.
[   132.841] (II) This device may have been added with another device file.
[   132.841] (II) config/udev: Adding input device HUION Huion Tablet_H1061P Touch Strip (/dev/input/event15)
[   132.842] (**) HUION Huion Tablet_H1061P Touch Strip: Applying InputClass "Tablet low-res touch controls with Wacom driver"
[   132.842] (II) Using input driver 'wacom' for 'HUION Huion Tablet_H1061P Touch Strip'
[   132.842] (**) HUION Huion Tablet_H1061P Touch Strip: always reports core events
[   132.842] (**) Option "Device" "/dev/input/event15"
[   132.842] (II) wacom: HUION Huion Tablet_H1061P Touch Strip: type not specified, assuming 'pad'.
[   132.842] (II) wacom: HUION Huion Tablet_H1061P Touch Strip: other types will be automatically added.
[   132.842] (**) Option "Suppress" "0"
[   132.842] (**) wacom: HUION Huion Tablet_H1061P Touch Strip pad: panscroll is 0
[   132.842] (**) wacom: HUION Huion Tablet_H1061P Touch Strip pad: panscroll modified to 1000
[   132.842] (II) wacom: HUION Huion Tablet_H1061P Touch Strip pad: hotplugging dependent devices.
[   132.842] (II) wacom: HUION Huion Tablet_H1061P Touch Strip pad: hotplugging completed.
[   132.892] (**) Option "config_info" "udev:/sys/devices/pci0000:00/0000:00:08.1/0000:0f:00.3/usb5/5-1/5-1:1.0/0003:256C:0068.0002/input/input15/event15"
[   132.892] (II) XINPUT: Adding extended input device "HUION Huion Tablet_H1061P Touch Strip pad" (type: PAD, id 13)
[   132.892] (**) HUION Huion Tablet_H1061P Touch Strip pad: (accel) keeping acceleration scheme 1
[   132.892] (**) HUION Huion Tablet_H1061P Touch Strip pad: (accel) acceleration profile 0
[   132.892] (**) HUION Huion Tablet_H1061P Touch Strip pad: (accel) acceleration factor: 2.000
[   132.892] (**) HUION Huion Tablet_H1061P Touch Strip pad: (accel) acceleration threshold: 4
[   132.892] (II) config/udev: Adding input device HUION Huion Tablet_H1061P Touch Strip (/dev/input/js1)
[   132.892] (II) No input driver specified, ignoring this device.
[   132.892] (II) This device may have been added with another device file.
[   132.893] (II) config/udev: Adding input device HUION Huion Tablet_H1061P Dial (/dev/input/event16)
[   132.893] (**) HUION Huion Tablet_H1061P Dial: Applying InputClass "evdev keyboard catchall"
[   132.893] (**) HUION Huion Tablet_H1061P Dial: Applying InputClass "libinput keyboard catchall"
[   132.893] (II) Using input driver 'libinput' for 'HUION Huion Tablet_H1061P Dial'
[   132.893] (**) HUION Huion Tablet_H1061P Dial: always reports core events
[   132.893] (**) Option "Device" "/dev/input/event16"
[   132.893] (II) event16 - HUION Huion Tablet_H1061P Dial: is tagged by udev as: Keyboard
[   132.893] (II) event16 - HUION Huion Tablet_H1061P Dial: device is a keyboard
[   132.894] (II) event16 - HUION Huion Tablet_H1061P Dial: device removed
[   132.948] (II) libinput: HUION Huion Tablet_H1061P Dial: needs a virtual subdevice
[   132.948] (**) Option "config_info" "udev:/sys/devices/pci0000:00/0000:00:08.1/0000:0f:00.3/usb5/5-1/5-1:1.0/0003:256C:0068.0002/input/input16/event16"
[   132.948] (II) XINPUT: Adding extended input device "HUION Huion Tablet_H1061P Dial" (type: MOUSE, id 14)
[   132.948] (**) Option "AccelerationScheme" "none"
[   132.948] (**) HUION Huion Tablet_H1061P Dial: (accel) selected scheme none/0
[   132.948] (**) HUION Huion Tablet_H1061P Dial: (accel) acceleration factor: 2.000
[   132.948] (**) HUION Huion Tablet_H1061P Dial: (accel) acceleration threshold: 4
[   132.949] (II) event16 - HUION Huion Tablet_H1061P Dial: is tagged by udev as: Keyboard
[   132.949] (II) event16 - HUION Huion Tablet_H1061P Dial: device is a keyboard
[   132.949] (II) config/udev: Adding input device HUION Huion Tablet_H1061P Dial (/dev/input/js2)
[   132.949] (II) No input driver specified, ignoring this device.
[   132.949] (II) This device may have been added with another device file.
[   132.949] (II) config/udev: Adding input device HUION Huion Tablet_H1061P Dial (/dev/input/mouse4)
[   132.949] (II) No input driver specified, ignoring this device.
[   132.949] (II) This device may have been added with another device file.
[   132.950] (II) config/udev: Adding input device HUION Huion Tablet_H1061P Group Buttons (/dev/input/event17)
[   132.950] (**) HUION Huion Tablet_H1061P Group Buttons: Applying InputClass "evdev tablet catchall"
[   132.950] (**) HUION Huion Tablet_H1061P Group Buttons: Applying InputClass "libinput tablet catchall"
[   132.950] (**) HUION Huion Tablet_H1061P Group Buttons: Applying InputClass "Huion H1061P"
[   132.950] (II) Using input driver 'wacom' for 'HUION Huion Tablet_H1061P Group Buttons'
[   132.950] (**) HUION Huion Tablet_H1061P Group Buttons: always reports core events
[   132.950] (**) Option "Device" "/dev/input/event17"
[   132.950] (II) wacom: HUION Huion Tablet_H1061P Group Buttons: type not specified, assuming 'pad'.
[   132.950] (II) wacom: HUION Huion Tablet_H1061P Group Buttons: other types will be automatically added.
[   132.950] (**) wacom: HUION Huion Tablet_H1061P Group Buttons pad: panscroll is 0
[   132.950] (**) wacom: HUION Huion Tablet_H1061P Group Buttons pad: panscroll modified to 1000
[   132.950] (II) wacom: HUION Huion Tablet_H1061P Group Buttons pad: hotplugging dependent devices.
[   132.950] (II) wacom: HUION Huion Tablet_H1061P Group Buttons pad: hotplugging completed.
[   133.000] (**) Option "config_info" "udev:/sys/devices/pci0000:00/0000:00:08.1/0000:0f:00.3/usb5/5-1/5-1:1.0/0003:256C:0068.0002/input/input17/event17"
[   133.000] (II) XINPUT: Adding extended input device "HUION Huion Tablet_H1061P Group Buttons pad" (type: PAD, id 15)
[   133.000] (**) HUION Huion Tablet_H1061P Group Buttons pad: (accel) keeping acceleration scheme 1
[   133.000] (**) HUION Huion Tablet_H1061P Group Buttons pad: (accel) acceleration profile 0
[   133.000] (**) HUION Huion Tablet_H1061P Group Buttons pad: (accel) acceleration factor: 2.000
[   133.000] (**) HUION Huion Tablet_H1061P Group Buttons pad: (accel) acceleration threshold: 4
[   133.000] (II) config/udev: Adding input device HUION Huion Tablet_H1061P Group Buttons (/dev/input/js3)
[   133.000] (II) No input driver specified, ignoring this device.
[   133.000] (II) This device may have been added with another device file.
[   133.001] (II) config/udev: Adding input device PC Speaker (/dev/input/event8)
[   133.001] (II) No input driver specified, ignoring this device.
[   133.001] (II) This device may have been added with another device file.
[   133.003] (**) HID kkkk:kkkk: Applying InputClass "evdev keyboard catchall"
[   133.003] (**) HID kkkk:kkkk: Applying InputClass "libinput keyboard catchall"
[   133.003] (II) Using input driver 'libinput' for 'HID kkkk:kkkk'
[   133.003] (**) HID kkkk:kkkk: always reports core events
[   133.003] (**) Option "Device" "/dev/input/event5"
[   133.003] (II) libinput: HID kkkk:kkkk: is a virtual subdevice
[   133.003] (**) Option "config_info" "udev:/sys/devices/pci0000:00/0000:00:01.2/0000:02:00.0/0000:03:08.0/0000:0a:00.3/usb3/3-6/3-6.1/3-6.1.4/3-6.1.4:1.1/0003:kkkk:kkkk.0008/input/input5/event5"
[   133.003] (II) XINPUT: Adding extended input device "HID kkkk:kkkk" (type: KEYBOARD, id 16)
[   133.003] (**) Option "xkb_model" "pc104"
[   133.003] (**) Option "xkb_layout" "be"
[   133.003] (**) Option "xkb_options" "lv3:ralt_switch"
[   133.003] (**) HUION Huion Tablet_H1061P Dial: Applying InputClass "evdev keyboard catchall"
[   133.003] (**) HUION Huion Tablet_H1061P Dial: Applying InputClass "libinput keyboard catchall"
[   133.003] (II) Using input driver 'libinput' for 'HUION Huion Tablet_H1061P Dial'
[   133.003] (**) HUION Huion Tablet_H1061P Dial: always reports core events
[   133.003] (**) Option "Device" "/dev/input/event16"
[   133.004] (II) libinput: HUION Huion Tablet_H1061P Dial: is a virtual subdevice
[   133.004] (**) Option "config_info" "udev:/sys/devices/pci0000:00/0000:00:08.1/0000:0f:00.3/usb5/5-1/5-1:1.0/0003:256C:0068.0002/input/input16/event16"
[   133.004] (II) XINPUT: Adding extended input device "HUION Huion Tablet_H1061P Dial" (type: KEYBOARD, id 17)
[   133.004] (**) Option "xkb_model" "pc104"
[   133.004] (**) Option "xkb_layout" "be"
[   133.004] (**) Option "xkb_options" "lv3:ralt_switch"
[   136.210] (II) config/udev: removing device HUION Huion Tablet_H1061P Pad pad
[   136.210] (II) UnloadModule: "wacom"
[   136.211] (II) config/udev: Adding input device HUION Huion Tablet_H1061P Pad (/dev/input/event14)
[   136.211] (**) HUION Huion Tablet_H1061P Pad: Applying InputClass "evdev tablet catchall"
[   136.211] (**) HUION Huion Tablet_H1061P Pad: Applying InputClass "libinput tablet catchall"
[   136.211] (**) HUION Huion Tablet_H1061P Pad: Applying InputClass "Huion H1061P"
[   136.211] (II) Using input driver 'wacom' for 'HUION Huion Tablet_H1061P Pad'
[   136.211] (**) HUION Huion Tablet_H1061P Pad: always reports core events
[   136.211] (**) Option "Device" "/dev/input/event14"
[   136.211] (II) wacom: HUION Huion Tablet_H1061P Pad: type not specified, assuming 'pad'.
[   136.211] (II) wacom: HUION Huion Tablet_H1061P Pad: other types will be automatically added.
[   136.211] (**) wacom: HUION Huion Tablet_H1061P Pad pad: panscroll is 0
[   136.211] (**) wacom: HUION Huion Tablet_H1061P Pad pad: panscroll modified to 1000
[   136.211] (II) wacom: HUION Huion Tablet_H1061P Pad pad: hotplugging dependent devices.
[   136.211] (II) wacom: HUION Huion Tablet_H1061P Pad pad: hotplugging completed.
[   136.240] (**) Option "config_info" "udev:/sys/devices/pci0000:00/0000:00:08.1/0000:0f:00.3/usb5/5-1/5-1:1.0/0003:256C:0068.0002/input/input14/event14"
[   136.240] (II) XINPUT: Adding extended input device "HUION Huion Tablet_H1061P Pad pad" (type: PAD, id 12)
[   136.240] (**) HUION Huion Tablet_H1061P Pad pad: (accel) keeping acceleration scheme 1
[   136.240] (**) HUION Huion Tablet_H1061P Pad pad: (accel) acceleration profile 0
[   136.240] (**) HUION Huion Tablet_H1061P Pad pad: (accel) acceleration factor: 2.000
[   136.240] (**) HUION Huion Tablet_H1061P Pad pad: (accel) acceleration threshold: 4
[   136.240] (II) config/udev: removing device HUION Huion Tablet_H1061P Pen stylus
[   136.240] (II) UnloadModule: "wacom"
[   136.241] (II) config/udev: Adding input device HUION Huion Tablet_H1061P Pen (/dev/input/event13)
[   136.241] (**) HUION Huion Tablet_H1061P Pen: Applying InputClass "evdev tablet catchall"
[   136.241] (**) HUION Huion Tablet_H1061P Pen: Applying InputClass "libinput tablet catchall"
[   136.241] (**) HUION Huion Tablet_H1061P Pen: Applying InputClass "Huion H1061P"
[   136.241] (II) Using input driver 'wacom' for 'HUION Huion Tablet_H1061P Pen'
[   136.241] (**) HUION Huion Tablet_H1061P Pen: always reports core events
[   136.241] (**) Option "Device" "/dev/input/event13"
[   136.241] (II) wacom: HUION Huion Tablet_H1061P Pen: type not specified, assuming 'stylus'.
[   136.241] (II) wacom: HUION Huion Tablet_H1061P Pen: other types will be automatically added.
[   136.241] (--) wacom: HUION Huion Tablet_H1061P Pen stylus: using pressure threshold of 851 for button 1
[   136.241] (**) wacom: HUION Huion Tablet_H1061P Pen stylus: panscroll is 0
[   136.241] (**) wacom: HUION Huion Tablet_H1061P Pen stylus: panscroll modified to 2600
[   136.241] (--) wacom: HUION Huion Tablet_H1061P Pen stylus: maxX=53340 maxY=33340 maxZ=8191 resX=200000 resY=200000  tilt=enabled
[   136.241] (II) wacom: HUION Huion Tablet_H1061P Pen stylus: hotplugging dependent devices.
[   136.241] (II) wacom: HUION Huion Tablet_H1061P Pen stylus: hotplugging completed.
[   136.268] (**) Option "config_info" "udev:/sys/devices/pci0000:00/0000:00:08.1/0000:0f:00.3/usb5/5-1/5-1:1.0/0003:256C:0068.0002/input/input13/event13"
[   136.268] (II) XINPUT: Adding extended input device "HUION Huion Tablet_H1061P Pen stylus" (type: STYLUS, id 11)
[   136.268] (**) HUION Huion Tablet_H1061P Pen stylus: (accel) keeping acceleration scheme 1
[   136.268] (**) HUION Huion Tablet_H1061P Pen stylus: (accel) acceleration profile 0
[   136.268] (**) HUION Huion Tablet_H1061P Pen stylus: (accel) acceleration factor: 2.000
[   136.268] (**) HUION Huion Tablet_H1061P Pen stylus: (accel) acceleration threshold: 4
[   136.268] (II) config/udev: removing device HUION Huion Tablet_H1061P Dial
[   136.268] (II) UnloadModule: "libinput"
[   136.268] (II) config/udev: removing device HUION Huion Tablet_H1061P Dial
[   136.268] (II) event16 - HUION Huion Tablet_H1061P Dial: device removed
[   136.344] (II) UnloadModule: "libinput"
[   136.344] (II) config/udev: Adding input device HUION Huion Tablet_H1061P Dial (/dev/input/event16)
[   136.344] (**) HUION Huion Tablet_H1061P Dial: Applying InputClass "evdev keyboard catchall"
[   136.344] (**) HUION Huion Tablet_H1061P Dial: Applying InputClass "libinput keyboard catchall"
[   136.344] (II) Using input driver 'libinput' for 'HUION Huion Tablet_H1061P Dial'
[   136.344] (**) HUION Huion Tablet_H1061P Dial: always reports core events
[   136.344] (**) Option "Device" "/dev/input/event16"
[   136.345] (II) event16 - HUION Huion Tablet_H1061P Dial: is tagged by udev as: Keyboard
[   136.345] (II) event16 - HUION Huion Tablet_H1061P Dial: device is a keyboard
[   136.345] (II) event16 - HUION Huion Tablet_H1061P Dial: device removed
[   136.392] (II) libinput: HUION Huion Tablet_H1061P Dial: needs a virtual subdevice
[   136.392] (**) Option "config_info" "udev:/sys/devices/pci0000:00/0000:00:08.1/0000:0f:00.3/usb5/5-1/5-1:1.0/0003:256C:0068.0002/input/input16/event16"
[   136.392] (II) XINPUT: Adding extended input device "HUION Huion Tablet_H1061P Dial" (type: MOUSE, id 14)
[   136.392] (**) Option "AccelerationScheme" "none"
[   136.392] (**) HUION Huion Tablet_H1061P Dial: (accel) selected scheme none/0
[   136.392] (**) HUION Huion Tablet_H1061P Dial: (accel) acceleration factor: 2.000
[   136.392] (**) HUION Huion Tablet_H1061P Dial: (accel) acceleration threshold: 4
[   136.393] (II) event16 - HUION Huion Tablet_H1061P Dial: is tagged by udev as: Keyboard
[   136.393] (II) event16 - HUION Huion Tablet_H1061P Dial: device is a keyboard
[   136.393] (**) HUION Huion Tablet_H1061P Dial: Applying InputClass "evdev keyboard catchall"
[   136.393] (**) HUION Huion Tablet_H1061P Dial: Applying InputClass "libinput keyboard catchall"
[   136.393] (II) Using input driver 'libinput' for 'HUION Huion Tablet_H1061P Dial'
[   136.393] (**) HUION Huion Tablet_H1061P Dial: always reports core events
[   136.393] (**) Option "Device" "/dev/input/event16"
[   136.393] (II) libinput: HUION Huion Tablet_H1061P Dial: is a virtual subdevice
[   136.393] (**) Option "config_info" "udev:/sys/devices/pci0000:00/0000:00:08.1/0000:0f:00.3/usb5/5-1/5-1:1.0/0003:256C:0068.0002/input/input16/event16"
[   136.393] (II) XINPUT: Adding extended input device "HUION Huion Tablet_H1061P Dial" (type: KEYBOARD, id 17)
[   136.393] (**) Option "xkb_model" "pc104"
[   136.393] (**) Option "xkb_layout" "be"
[   136.393] (WW) Option "xkb_variant" requires a string value
[   136.393] (**) Option "xkb_options" "lv3:ralt_switch"
[   136.393] (II) config/udev: removing device HUION Huion Tablet_H1061P Touch Strip pad
[   136.393] (II) UnloadModule: "wacom"
[   136.393] (II) config/udev: Adding input device HUION Huion Tablet_H1061P Touch Strip (/dev/input/event15)
[   136.393] (**) HUION Huion Tablet_H1061P Touch Strip: Applying InputClass "Tablet low-res touch controls with Wacom driver"
[   136.393] (II) Using input driver 'wacom' for 'HUION Huion Tablet_H1061P Touch Strip'
[   136.393] (**) HUION Huion Tablet_H1061P Touch Strip: always reports core events
[   136.393] (**) Option "Device" "/dev/input/event15"
[   136.393] (II) wacom: HUION Huion Tablet_H1061P Touch Strip: type not specified, assuming 'pad'.
[   136.393] (II) wacom: HUION Huion Tablet_H1061P Touch Strip: other types will be automatically added.
[   136.393] (**) Option "Suppress" "0"
[   136.393] (**) wacom: HUION Huion Tablet_H1061P Touch Strip pad: panscroll is 0
[   136.393] (**) wacom: HUION Huion Tablet_H1061P Touch Strip pad: panscroll modified to 1000
[   136.394] (II) wacom: HUION Huion Tablet_H1061P Touch Strip pad: hotplugging dependent devices.
[   136.394] (II) wacom: HUION Huion Tablet_H1061P Touch Strip pad: hotplugging completed.
[   136.424] (**) Option "config_info" "udev:/sys/devices/pci0000:00/0000:00:08.1/0000:0f:00.3/usb5/5-1/5-1:1.0/0003:256C:0068.0002/input/input15/event15"
[   136.424] (II) XINPUT: Adding extended input device "HUION Huion Tablet_H1061P Touch Strip pad" (type: PAD, id 13)
[   136.424] (**) HUION Huion Tablet_H1061P Touch Strip pad: (accel) keeping acceleration scheme 1
[   136.424] (**) HUION Huion Tablet_H1061P Touch Strip pad: (accel) acceleration profile 0
[   136.424] (**) HUION Huion Tablet_H1061P Touch Strip pad: (accel) acceleration factor: 2.000
[   136.424] (**) HUION Huion Tablet_H1061P Touch Strip pad: (accel) acceleration threshold: 4
[   136.424] (II) config/udev: removing device HUION Huion Tablet_H1061P Group Buttons pad
[   136.424] (II) UnloadModule: "wacom"
[   136.424] (II) config/udev: Adding input device HUION Huion Tablet_H1061P Group Buttons (/dev/input/event17)
[   136.424] (**) HUION Huion Tablet_H1061P Group Buttons: Applying InputClass "evdev tablet catchall"
[   136.424] (**) HUION Huion Tablet_H1061P Group Buttons: Applying InputClass "libinput tablet catchall"
[   136.424] (**) HUION Huion Tablet_H1061P Group Buttons: Applying InputClass "Huion H1061P"
[   136.424] (II) Using input driver 'wacom' for 'HUION Huion Tablet_H1061P Group Buttons'
[   136.424] (**) HUION Huion Tablet_H1061P Group Buttons: always reports core events
[   136.424] (**) Option "Device" "/dev/input/event17"
[   136.424] (II) wacom: HUION Huion Tablet_H1061P Group Buttons: type not specified, assuming 'pad'.
[   136.424] (II) wacom: HUION Huion Tablet_H1061P Group Buttons: other types will be automatically added.
[   136.424] (**) wacom: HUION Huion Tablet_H1061P Group Buttons pad: panscroll is 0
[   136.424] (**) wacom: HUION Huion Tablet_H1061P Group Buttons pad: panscroll modified to 1000
[   136.424] (II) wacom: HUION Huion Tablet_H1061P Group Buttons pad: hotplugging dependent devices.
[   136.424] (II) wacom: HUION Huion Tablet_H1061P Group Buttons pad: hotplugging completed.
[   136.448] (**) Option "config_info" "udev:/sys/devices/pci0000:00/0000:00:08.1/0000:0f:00.3/usb5/5-1/5-1:1.0/0003:256C:0068.0002/input/input17/event17"
[   136.448] (II) XINPUT: Adding extended input device "HUION Huion Tablet_H1061P Group Buttons pad" (type: PAD, id 15)
[   136.448] (**) HUION Huion Tablet_H1061P Group Buttons pad: (accel) keeping acceleration scheme 1
[   136.448] (**) HUION Huion Tablet_H1061P Group Buttons pad: (accel) acceleration profile 0
[   136.448] (**) HUION Huion Tablet_H1061P Group Buttons pad: (accel) acceleration factor: 2.000
[   136.448] (**) HUION Huion Tablet_H1061P Group Buttons pad: (accel) acceleration threshold: 4
[   136.549] (II) config/udev: Adding input device HUION Huion Tablet_H1061P (/dev/input/mouse0)
[   136.549] (II) No input driver specified, ignoring this device.
[   136.549] (II) This device may have been added with another device file.
[   136.745] (II) config/udev: Adding input device HUION Huion Tablet_H1061P (/dev/input/event0)
[   136.745] (**) HUION Huion Tablet_H1061P: Applying InputClass "evdev tablet catchall"
[   136.745] (**) HUION Huion Tablet_H1061P: Applying InputClass "libinput tablet catchall"
[   136.745] (**) HUION Huion Tablet_H1061P: Applying InputClass "Huion H1061P"
[   136.745] (II) Using input driver 'wacom' for 'HUION Huion Tablet_H1061P'
[   136.745] (**) HUION Huion Tablet_H1061P: always reports core events
[   136.745] (**) Option "Device" "/dev/input/event0"
[   136.748] (II) wacom: HUION Huion Tablet_H1061P: type not specified, assuming 'stylus'.
[   136.748] (II) wacom: HUION Huion Tablet_H1061P: other types will be automatically added.
[   136.748] (--) wacom: HUION Huion Tablet_H1061P stylus: using pressure threshold of 851 for button 1
[   136.748] (**) wacom: HUION Huion Tablet_H1061P stylus: panscroll is 0
[   136.748] (**) wacom: HUION Huion Tablet_H1061P stylus: panscroll modified to 1000
[   136.748] (--) wacom: HUION Huion Tablet_H1061P stylus: maxX=32767 maxY=32767 maxZ=8191 resX=0 resY=0  tilt=enabled
[   136.748] (II) wacom: HUION Huion Tablet_H1061P stylus: hotplugging dependent devices.
[   136.748] (II) wacom: HUION Huion Tablet_H1061P stylus: hotplugging completed.
[   136.784] (**) Option "config_info" "udev:/sys/devices/pci0000:00/0000:00:08.1/0000:0f:00.3/usb5/5-1/5-1:1.1/0003:256C:0068.0003/input/input18/event0"
[   136.784] (II) XINPUT: Adding extended input device "HUION Huion Tablet_H1061P stylus" (type: STYLUS, id 18)
[   136.784] (**) HUION Huion Tablet_H1061P stylus: (accel) keeping acceleration scheme 1
[   136.784] (**) HUION Huion Tablet_H1061P stylus: (accel) acceleration profile 0
[   136.784] (**) HUION Huion Tablet_H1061P stylus: (accel) acceleration factor: 2.000
[   136.784] (**) HUION Huion Tablet_H1061P stylus: (accel) acceleration threshold: 4
[   136.888] (**) HUION Huion Tablet_H1061P eraser: Applying InputClass "evdev tablet catchall"
[   136.888] (**) HUION Huion Tablet_H1061P eraser: Applying InputClass "libinput tablet catchall"
[   136.888] (**) HUION Huion Tablet_H1061P eraser: Applying InputClass "Huion H1061P"
[   136.888] (II) Using input driver 'wacom' for 'HUION Huion Tablet_H1061P eraser'
[   136.888] (**) HUION Huion Tablet_H1061P eraser: always reports core events
[   136.888] (**) Option "Device" "/dev/input/event0"
[   136.888] (**) Option "Type" "eraser"
[   136.888] (**) wacom: HUION Huion Tablet_H1061P eraser: panscroll is 1000
[   136.888] (**) wacom: HUION Huion Tablet_H1061P eraser: panscroll modified to 1000
[   136.888] (--) wacom: HUION Huion Tablet_H1061P eraser: maxX=32767 maxY=32767 maxZ=8191 resX=0 resY=0  tilt=enabled
[   136.908] (**) Option "config_info" "udev:/sys/devices/pci0000:00/0000:00:08.1/0000:0f:00.3/usb5/5-1/5-1:1.1/0003:256C:0068.0003/input/input18/event0"
[   136.908] (II) XINPUT: Adding extended input device "HUION Huion Tablet_H1061P eraser" (type: ERASER, id 19)
[   136.908] (**) HUION Huion Tablet_H1061P eraser: (accel) keeping acceleration scheme 1
[   136.908] (**) HUION Huion Tablet_H1061P eraser: (accel) acceleration profile 0
[   136.908] (**) HUION Huion Tablet_H1061P eraser: (accel) acceleration factor: 2.000
[   136.908] (**) HUION Huion Tablet_H1061P eraser: (accel) acceleration threshold: 4
