[     3.798] (--) Log file renamed from "/var/log/Xorg.pid-980.log" to "/var/log/Xorg.0.log"
[     3.800] 
X.Org X Server 1.21.1.3
X Protocol Version 11, Revision 0
[     3.800] Current Operating System: Linux HOSTNAME 5.16.2-zen1-1-zen #1 ZEN SMP PREEMPT Thu, 20 Jan 2022 16:18:31 +0000 x86_64
[     3.800] Kernel command line: USERNAME=LABEL=USERNAME rw initrd=boot/amd-ucode.img initrd=boot/acpi_s3_override initrd=boot/initramfs-linux-zen.img apparmor=1 lsm=lockdown,yama,apparmor audit=0 mem_sleep_default=deep acpi_enforce_resources=lax amd_iommu=on iommu=on
[     3.800]  
[     3.800] Current version of pixman: 0.40.0
[     3.800] 	Before reporting problems, check http://wiki.x.org
	to make sure that you have the latest version.
[     3.800] Markers: (--) probed, (**) from config file, (==) default setting,
	(++) from command line, (!!) notice, (II) informational,
	(WW) warning, (EE) error, (NI) not implemented, (??) unknown.
[     3.800] (==) Log file: "/var/log/Xorg.0.log", Time: Sat Jan 29 11:58:13 2022
[     3.801] (==) Using system config directory "/usr/share/X11/xorg.conf.d"
[     3.801] (==) No Layout section.  Using the first Screen section.
[     3.801] (==) No screen section available. Using defaults.
[     3.801] (**) |-->Screen "Default Screen Section" (0)
[     3.801] (**) |   |-->Monitor "<default monitor>"
[     3.801] (==) No monitor specified for screen "Default Screen Section".
	Using a default monitor configuration.
[     3.801] (==) Automatically adding devices
[     3.801] (==) Automatically enabling devices
[     3.801] (==) Automatically adding GPU devices
[     3.801] (==) Automatically binding GPU devices
[     3.801] (==) Max clients allowed: 256, resource mask: 0x1fffff
[     3.801] (WW) The directory "/usr/share/fonts/misc" does not exist.
[     3.801] 	Entry deleted from font path.
[     3.802] (WW) `fonts.dir' not found (or not valid) in "/usr/share/fonts/TTF".
[     3.802] 	Entry deleted from font path.
[     3.802] 	(Run 'mkfontdir' on "/usr/share/fonts/TTF").
[     3.802] (WW) The directory "/usr/share/fonts/OTF" does not exist.
[     3.802] 	Entry deleted from font path.
[     3.802] (WW) The directory "/usr/share/fonts/Type1" does not exist.
[     3.802] 	Entry deleted from font path.
[     3.802] (WW) The directory "/usr/share/fonts/100dpi" does not exist.
[     3.802] 	Entry deleted from font path.
[     3.802] (WW) The directory "/usr/share/fonts/75dpi" does not exist.
[     3.802] 	Entry deleted from font path.
[     3.802] (==) FontPath set to:
	
[     3.802] (==) ModulePath set to "/usr/lib/xorg/modules"
[     3.802] (II) The server relies on udev to provide the list of input devices.
	If no devices become available, reconfigure udev or disable AutoAddDevices.
[     3.802] (II) Module ABI versions:
[     3.802] 	X.Org ANSI C Emulation: 0.4
[     3.802] 	X.Org Video Driver: 25.2
[     3.802] 	X.Org XInput driver : 24.4
[     3.802] 	X.Org Server Extension : 10.0
[     3.802] (++) using VT number 1

[     3.802] (II) systemd-logind: logind integration requires -keeptty and -keeptty was not provided, disabling logind integration
[     3.803] (II) xfree86: Adding drm device (/dev/dri/card0)
[     3.803] (II) Platform probe for /sys/devices/pci0000:00/0000:00:08.1/0000:03:00.0/drm/card0
[     3.805] (--) PCI:*(3@0:0:0) 1002:1638:17aa:3813 rev 193, Mem @ 0xfce0000000/268435456, 0xfcf0000000/2097152, 0xd0400000/524288, I/O @ 0x00001000/256
[     3.805] (WW) Open ACPI failed (/var/run/acpid.socket) (No such file or directory)
[     3.805] (II) LoadModule: "glx"
[     3.805] (II) Loading /usr/lib/xorg/modules/extensions/libglx.so
[     3.808] (II) Module glx: vendor="X.Org Foundation"
[     3.808] 	compiled for 1.21.1.3, module version = 1.0.0
[     3.808] 	ABI class: X.Org Server Extension, version 10.0
[     3.808] (==) Matched ati as autoconfigured driver 0
[     3.808] (==) Matched modesetting as autoconfigured driver 1
[     3.808] (==) Matched fbdev as autoconfigured driver 2
[     3.808] (==) Matched vesa as autoconfigured driver 3
[     3.808] (==) Assigned the driver to the xf86ConfigLayout
[     3.808] (II) LoadModule: "ati"
[     3.809] (WW) Warning, couldn't open module ati
[     3.809] (EE) Failed to load module "ati" (module does not exist, 0)
[     3.809] (II) LoadModule: "modesetting"
[     3.809] (II) Loading /usr/lib/xorg/modules/drivers/modesetting_drv.so
[     3.811] (II) Module modesetting: vendor="X.Org Foundation"
[     3.811] 	compiled for 1.21.1.3, module version = 1.21.1
[     3.811] 	Module class: X.Org Video Driver
[     3.811] 	ABI class: X.Org Video Driver, version 25.2
[     3.811] (II) LoadModule: "fbdev"
[     3.811] (WW) Warning, couldn't open module fbdev
[     3.811] (EE) Failed to load module "fbdev" (module does not exist, 0)
[     3.811] (II) LoadModule: "vesa"
[     3.811] (WW) Warning, couldn't open module vesa
[     3.811] (EE) Failed to load module "vesa" (module does not exist, 0)
[     3.811] (II) modesetting: Driver for Modesetting Kernel Drivers: kms
[     3.820] (II) modeset(0): using drv /dev/dri/card0
[     3.820] (II) modeset(0): Creating default Display subsection in Screen section
	"Default Screen Section" for depth/fbbpp 24/32
[     3.821] (==) modeset(0): Depth 24, (==) framebuffer bpp 32
[     3.821] (==) modeset(0): RGB weight 888
[     3.821] (==) modeset(0): Default visual is TrueColor
[     3.821] (II) Loading sub module "glamoregl"
[     3.821] (II) LoadModule: "glamoregl"
[     3.821] (II) Loading /usr/lib/xorg/modules/libglamoregl.so
[     3.824] (II) Module glamoregl: vendor="X.Org Foundation"
[     3.824] 	compiled for 1.21.1.3, module version = 1.0.1
[     3.824] 	ABI class: X.Org ANSI C Emulation, version 0.4
[     3.930] (II) modeset(0): glamor X acceleration enabled on AMD RENOIR (DRM 3.44.0, 5.16.2-zen1-1-zen, LLVM 13.0.0)
[     3.930] (II) modeset(0): glamor initialized
[     3.930] (==) modeset(0): VariableRefresh: disabled
[     3.930] (==) modeset(0): AsyncFlipSecondaries: disabled
[     3.932] (II) modeset(0): Output eDP-1 has no monitor section
[     3.932] (II) modeset(0): Output DP-1 has no monitor section
[     3.933] (II) modeset(0): Output DP-2 has no monitor section
[     3.935] (II) modeset(0): EDID for output eDP-1
[     3.935] (II) modeset(0): Manufacturer: BOE  Model: 855  Serial#: 0
[     3.935] (II) modeset(0): Year: 2018  Week: 51
[     3.935] (II) modeset(0): EDID Version: 1.4
[     3.935] (II) modeset(0): Digital Display Input
[     3.935] (II) modeset(0): 8 bits per channel
[     3.935] (II) modeset(0): Digital interface is DisplayPort
[     3.935] (II) modeset(0): Max Image Size [cm]: horiz.: 31  vert.: 17
[     3.935] (II) modeset(0): Gamma: 2.20
[     3.935] (II) modeset(0): No DPMS capabilities specified
[     3.935] (II) modeset(0): Supported color encodings: RGB 4:4:4 
[     3.935] (II) modeset(0): First detailed timing is preferred mode
[     3.935] (II) modeset(0): Preferred mode is native pixel format and refresh rate
[     3.935] (II) modeset(0): redX: 0.655 redY: 0.339   greenX: 0.315 greenY: 0.624
[     3.935] (II) modeset(0): blueX: 0.152 blueY: 0.058   whiteX: 0.313 whiteY: 0.329
[     3.935] (II) modeset(0): Manufacturer's mask: 0
[     3.935] (II) modeset(0): Supported detailed timing:
[     3.935] (II) modeset(0): clock: 147.8 MHz   Image Size:  309 x 174 mm
[     3.935] (II) modeset(0): h_active: 1920  h_sync: 1968  h_sync_end 2000 h_blank_end 2200 h_border: 0
[     3.935] (II) modeset(0): v_active: 1080  v_sync: 1083  v_sync_end 1089 v_blanking: 1120 v_border: 0
[     3.935] (II) modeset(0):  BOE CQ
[     3.935] (II) modeset(0):  NV140FHM-N65
[     3.935] (II) modeset(0): EDID (in hex):
[     3.935] (II) modeset(0): 	00ffffffffffff0009e5550800000000
[     3.935] (II) modeset(0): 	331c0104a51f117802ff35a756509f27
[     3.935] (II) modeset(0): 	0e505400000001010101010101010101
[     3.935] (II) modeset(0): 	010101010101c0398018713828403020
[     3.935] (II) modeset(0): 	360035ae1000001a0000000000000000
[     3.935] (II) modeset(0): 	00000000000000000000000000fe0042
[     3.935] (II) modeset(0): 	4f452043510a202020202020000000fe
[     3.935] (II) modeset(0): 	004e5631343046484d2d4e36350a0086
[     3.935] (II) modeset(0): Printing probed modes for output eDP-1
[     3.935] (II) modeset(0): Modeline "1920x1080"x60.0  147.84  1920 1968 2000 2200  1080 1083 1089 1120 +hsync -vsync (67.2 kHz eP)
[     3.935] (II) modeset(0): Modeline "1920x1080"x119.9  266.50  1920 1944 1960 2000  1080 1081 1084 1111 doublescan +hsync -vsync (133.2 kHz d)
[     3.935] (II) modeset(0): Modeline "1920x1080"x60.0  173.00  1920 2048 2248 2576  1080 1083 1088 1120 -hsync +vsync (67.2 kHz d)
[     3.935] (II) modeset(0): Modeline "1920x1080"x59.9  138.50  1920 1968 2000 2080  1080 1083 1088 1111 +hsync -vsync (66.6 kHz d)
[     3.935] (II) modeset(0): Modeline "1680x1050"x60.0  147.84  1680 1968 2000 2200  1050 1083 1089 1120 +hsync -vsync (67.2 kHz e)
[     3.935] (II) modeset(0): Modeline "1680x1050"x60.0  146.25  1680 1784 1960 2240  1050 1053 1059 1089 -hsync +vsync (65.3 kHz d)
[     3.935] (II) modeset(0): Modeline "1680x1050"x59.9  119.00  1680 1728 1760 1840  1050 1053 1059 1080 +hsync -vsync (64.7 kHz d)
[     3.935] (II) modeset(0): Modeline "1400x1050"x60.0  122.00  1400 1488 1640 1880  1050 1052 1064 1082 +hsync +vsync (64.9 kHz d)
[     3.935] (II) modeset(0): Modeline "1600x900"x120.0  246.00  1600 1728 1900 2200  900 901 904 932 doublescan -hsync +vsync (111.8 kHz d)
[     3.935] (II) modeset(0): Modeline "1600x900"x119.9  186.50  1600 1624 1640 1680  900 901 904 926 doublescan +hsync -vsync (111.0 kHz d)
[     3.935] (II) modeset(0): Modeline "1600x900"x59.9  118.25  1600 1696 1856 2112  900 903 908 934 -hsync +vsync (56.0 kHz d)
[     3.935] (II) modeset(0): Modeline "1600x900"x59.8   97.50  1600 1648 1680 1760  900 903 908 926 +hsync -vsync (55.4 kHz d)
[     3.935] (II) modeset(0): Modeline "1280x1024"x60.0  147.84  1280 1968 2000 2200  1024 1083 1089 1120 +hsync -vsync (67.2 kHz e)
[     3.935] (II) modeset(0): Modeline "1280x1024"x60.0  108.00  1280 1328 1440 1688  1024 1025 1028 1066 +hsync +vsync (64.0 kHz d)
[     3.935] (II) modeset(0): Modeline "1440x900"x60.0  147.84  1440 1968 2000 2200  900 1083 1089 1120 +hsync -vsync (67.2 kHz e)
[     3.935] (II) modeset(0): Modeline "1400x900"x60.0  103.50  1400 1480 1624 1848  900 903 913 934 -hsync +vsync (56.0 kHz d)
[     3.935] (II) modeset(0): Modeline "1400x900"x59.9   86.50  1400 1448 1480 1560  900 903 913 926 +hsync -vsync (55.4 kHz d)
[     3.935] (II) modeset(0): Modeline "1280x960"x60.0  108.00  1280 1376 1488 1800  960 961 964 1000 +hsync +vsync (60.0 kHz d)
[     3.935] (II) modeset(0): Modeline "1440x810"x120.0  198.12  1440 1548 1704 1968  810 811 814 839 doublescan -hsync +vsync (100.7 kHz d)
[     3.935] (II) modeset(0): Modeline "1440x810"x119.9  151.88  1440 1464 1480 1520  810 811 814 833 doublescan +hsync -vsync (99.9 kHz d)
[     3.935] (II) modeset(0): Modeline "1368x768"x59.9   85.25  1368 1440 1576 1784  768 771 781 798 -hsync +vsync (47.8 kHz d)
[     3.935] (II) modeset(0): Modeline "1368x768"x59.9   72.25  1368 1416 1448 1528  768 771 781 790 +hsync -vsync (47.3 kHz d)
[     3.935] (II) modeset(0): Modeline "1280x800"x120.0  174.25  1280 1380 1516 1752  800 801 804 829 doublescan -hsync +vsync (99.5 kHz d)
[     3.935] (II) modeset(0): Modeline "1280x800"x60.0  147.84  1280 1968 2000 2200  800 1083 1089 1120 +hsync -vsync (67.2 kHz e)
[     3.935] (II) modeset(0): Modeline "1280x800"x119.9  134.25  1280 1304 1320 1360  800 801 804 823 doublescan +hsync -vsync (98.7 kHz d)
[     3.935] (II) modeset(0): Modeline "1280x800"x59.8   83.50  1280 1352 1480 1680  800 803 809 831 -hsync +vsync (49.7 kHz d)
[     3.935] (II) modeset(0): Modeline "1280x800"x59.9   71.00  1280 1328 1360 1440  800 803 809 823 +hsync -vsync (49.3 kHz d)
[     3.935] (II) modeset(0): Modeline "1280x720"x120.0  156.12  1280 1376 1512 1744  720 721 724 746 doublescan -hsync +vsync (89.5 kHz d)
[     3.935] (II) modeset(0): Modeline "1280x720"x60.0  147.84  1280 1968 2000 2200  720 1083 1089 1120 +hsync -vsync (67.2 kHz e)
[     3.935] (II) modeset(0): Modeline "1280x720"x120.0  120.75  1280 1304 1320 1360  720 721 724 740 doublescan +hsync -vsync (88.8 kHz d)
[     3.935] (II) modeset(0): Modeline "1280x720"x59.9   74.50  1280 1344 1472 1664  720 723 728 748 -hsync +vsync (44.8 kHz d)
[     3.935] (II) modeset(0): Modeline "1280x720"x59.7   63.75  1280 1328 1360 1440  720 723 728 741 +hsync -vsync (44.3 kHz d)
[     3.935] (II) modeset(0): Modeline "1024x768"x60.0  147.84  1024 1968 2000 2200  768 1083 1089 1120 +hsync -vsync (67.2 kHz e)
[     3.935] (II) modeset(0): Modeline "1024x768"x120.1  133.47  1024 1100 1212 1400  768 768 770 794 doublescan -hsync +vsync (95.3 kHz d)
[     3.935] (II) modeset(0): Modeline "1024x768"x60.0   65.00  1024 1048 1184 1344  768 771 777 806 -hsync -vsync (48.4 kHz d)
[     3.935] (II) modeset(0): Modeline "960x720"x120.0  117.00  960 1024 1128 1300  720 720 722 750 doublescan -hsync +vsync (90.0 kHz d)
[     3.935] (II) modeset(0): Modeline "928x696"x120.1  109.15  928 976 1088 1264  696 696 698 719 doublescan -hsync +vsync (86.4 kHz d)
[     3.935] (II) modeset(0): Modeline "896x672"x120.0  102.40  896 960 1060 1224  672 672 674 697 doublescan -hsync +vsync (83.7 kHz d)
[     3.935] (II) modeset(0): Modeline "1024x576"x119.9   98.50  1024 1092 1200 1376  576 577 580 597 doublescan -hsync +vsync (71.6 kHz d)
[     3.935] (II) modeset(0): Modeline "1024x576"x119.9   78.38  1024 1048 1064 1104  576 577 580 592 doublescan +hsync -vsync (71.0 kHz d)
[     3.935] (II) modeset(0): Modeline "1024x576"x59.9   46.50  1024 1064 1160 1296  576 579 584 599 -hsync +vsync (35.9 kHz d)
[     3.935] (II) modeset(0): Modeline "1024x576"x59.8   42.00  1024 1072 1104 1184  576 579 584 593 +hsync -vsync (35.5 kHz d)
[     3.935] (II) modeset(0): Modeline "960x600"x119.9   96.62  960 1028 1128 1296  600 601 604 622 doublescan -hsync +vsync (74.6 kHz d)
[     3.935] (II) modeset(0): Modeline "960x600"x120.0   77.00  960 984 1000 1040  600 601 604 617 doublescan +hsync -vsync (74.0 kHz d)
[     3.935] (II) modeset(0): Modeline "960x540"x119.9   86.50  960 1024 1124 1288  540 541 544 560 doublescan -hsync +vsync (67.2 kHz d)
[     3.935] (II) modeset(0): Modeline "960x540"x120.0   69.25  960 984 1000 1040  540 541 544 555 doublescan +hsync -vsync (66.6 kHz d)
[     3.935] (II) modeset(0): Modeline "960x540"x59.6   40.75  960 992 1088 1216  540 543 548 562 -hsync +vsync (33.5 kHz d)
[     3.935] (II) modeset(0): Modeline "960x540"x59.8   37.25  960 1008 1040 1120  540 543 548 556 +hsync -vsync (33.3 kHz d)
[     3.935] (II) modeset(0): Modeline "800x600"x60.0  147.84  800 1968 2000 2200  600 1083 1089 1120 +hsync -vsync (67.2 kHz e)
[     3.935] (II) modeset(0): Modeline "800x600"x120.0   81.00  800 832 928 1080  600 600 602 625 doublescan +hsync +vsync (75.0 kHz d)
[     3.935] (II) modeset(0): Modeline "800x600"x60.3   40.00  800 840 968 1056  600 601 605 628 +hsync +vsync (37.9 kHz d)
[     3.935] (II) modeset(0): Modeline "800x600"x56.2   36.00  800 824 896 1024  600 601 603 625 +hsync +vsync (35.2 kHz d)
[     3.935] (II) modeset(0): Modeline "840x525"x120.0   73.12  840 892 980 1120  525 526 529 544 doublescan -hsync +vsync (65.3 kHz d)
[     3.935] (II) modeset(0): Modeline "840x525"x119.8   59.50  840 864 880 920  525 526 529 540 doublescan +hsync -vsync (64.7 kHz d)
[     3.935] (II) modeset(0): Modeline "864x486"x59.9   32.50  864 888 968 1072  486 489 494 506 -hsync +vsync (30.3 kHz d)
[     3.935] (II) modeset(0): Modeline "864x486"x59.6   30.50  864 912 944 1024  486 489 494 500 +hsync -vsync (29.8 kHz d)
[     3.935] (II) modeset(0): Modeline "700x525"x120.0   61.00  700 744 820 940  525 526 532 541 doublescan +hsync +vsync (64.9 kHz d)
[     3.935] (II) modeset(0): Modeline "800x450"x119.9   59.12  800 848 928 1056  450 451 454 467 doublescan -hsync +vsync (56.0 kHz d)
[     3.935] (II) modeset(0): Modeline "800x450"x119.6   48.75  800 824 840 880  450 451 454 463 doublescan +hsync -vsync (55.4 kHz d)
[     3.935] (II) modeset(0): Modeline "640x512"x120.0   54.00  640 664 720 844  512 512 514 533 doublescan +hsync +vsync (64.0 kHz d)
[     3.935] (II) modeset(0): Modeline "700x450"x119.9   51.75  700 740 812 924  450 451 456 467 doublescan -hsync +vsync (56.0 kHz d)
[     3.935] (II) modeset(0): Modeline "700x450"x119.8   43.25  700 724 740 780  450 451 456 463 doublescan +hsync -vsync (55.4 kHz d)
[     3.935] (II) modeset(0): Modeline "640x480"x60.0  147.84  640 1968 2000 2200  480 1083 1089 1120 +hsync -vsync (67.2 kHz e)
[     3.935] (II) modeset(0): Modeline "640x480"x120.0   54.00  640 688 744 900  480 480 482 500 doublescan +hsync +vsync (60.0 kHz d)
[     3.936] (II) modeset(0): Modeline "640x480"x59.9   25.18  640 656 752 800  480 490 492 525 -hsync -vsync (31.5 kHz d)
[     3.936] (II) modeset(0): Modeline "720x405"x59.5   22.50  720 744 808 896  405 408 413 422 -hsync +vsync (25.1 kHz d)
[     3.936] (II) modeset(0): Modeline "720x405"x59.0   21.75  720 768 800 880  405 408 413 419 +hsync -vsync (24.7 kHz d)
[     3.936] (II) modeset(0): Modeline "684x384"x119.8   42.62  684 720 788 892  384 385 390 399 doublescan -hsync +vsync (47.8 kHz d)
[     3.936] (II) modeset(0): Modeline "684x384"x119.7   36.12  684 708 724 764  384 385 390 395 doublescan +hsync -vsync (47.3 kHz d)
[     3.936] (II) modeset(0): Modeline "640x400"x119.8   41.75  640 676 740 840  400 401 404 415 doublescan -hsync +vsync (49.7 kHz d)
[     3.936] (II) modeset(0): Modeline "640x400"x120.0   35.50  640 664 680 720  400 401 404 411 doublescan +hsync -vsync (49.3 kHz d)
[     3.936] (II) modeset(0): Modeline "640x360"x119.7   37.25  640 672 736 832  360 361 364 374 doublescan -hsync +vsync (44.8 kHz d)
[     3.936] (II) modeset(0): Modeline "640x360"x119.7   31.88  640 664 680 720  360 361 364 370 doublescan +hsync -vsync (44.3 kHz d)
[     3.936] (II) modeset(0): Modeline "640x360"x59.8   18.00  640 664 720 800  360 363 368 376 -hsync +vsync (22.5 kHz d)
[     3.936] (II) modeset(0): Modeline "640x360"x59.3   17.75  640 688 720 800  360 363 368 374 +hsync -vsync (22.2 kHz d)
[     3.936] (II) modeset(0): Modeline "512x384"x120.0   32.50  512 524 592 672  384 385 388 403 doublescan -hsync -vsync (48.4 kHz d)
[     3.936] (II) modeset(0): Modeline "512x288"x120.0   23.25  512 532 580 648  288 289 292 299 doublescan -hsync +vsync (35.9 kHz d)
[     3.936] (II) modeset(0): Modeline "512x288"x119.8   21.00  512 536 552 592  288 289 292 296 doublescan +hsync -vsync (35.5 kHz d)
[     3.936] (II) modeset(0): Modeline "480x270"x119.3   20.38  480 496 544 608  270 271 274 281 doublescan -hsync +vsync (33.5 kHz d)
[     3.936] (II) modeset(0): Modeline "480x270"x119.6   18.62  480 504 520 560  270 271 274 278 doublescan +hsync -vsync (33.3 kHz d)
[     3.936] (II) modeset(0): Modeline "400x300"x120.6   20.00  400 420 484 528  300 300 302 314 doublescan +hsync +vsync (37.9 kHz d)
[     3.936] (II) modeset(0): Modeline "400x300"x112.7   18.00  400 412 448 512  300 300 301 312 doublescan +hsync +vsync (35.2 kHz d)
[     3.936] (II) modeset(0): Modeline "432x243"x119.8   16.25  432 444 484 536  243 244 247 253 doublescan -hsync +vsync (30.3 kHz d)
[     3.936] (II) modeset(0): Modeline "432x243"x119.1   15.25  432 456 472 512  243 244 247 250 doublescan +hsync -vsync (29.8 kHz d)
[     3.936] (II) modeset(0): Modeline "320x240"x120.1   12.59  320 328 376 400  240 245 246 262 doublescan -hsync -vsync (31.5 kHz d)
[     3.936] (II) modeset(0): Modeline "360x202"x119.0   11.25  360 372 404 448  202 204 206 211 doublescan -hsync +vsync (25.1 kHz d)
[     3.936] (II) modeset(0): Modeline "360x202"x118.3   10.88  360 384 400 440  202 204 206 209 doublescan +hsync -vsync (24.7 kHz d)
[     3.936] (II) modeset(0): Modeline "320x180"x119.7    9.00  320 332 360 400  180 181 184 188 doublescan -hsync +vsync (22.5 kHz d)
[     3.936] (II) modeset(0): Modeline "320x180"x118.6    8.88  320 344 360 400  180 181 184 187 doublescan +hsync -vsync (22.2 kHz d)
[     3.936] (II) modeset(0): EDID for output DP-1
[     3.936] (II) modeset(0): EDID for output DP-2
[     3.936] (II) modeset(0): Output eDP-1 connected
[     3.936] (II) modeset(0): Output DP-1 disconnected
[     3.936] (II) modeset(0): Output DP-2 disconnected
[     3.936] (II) modeset(0): Using exact sizes for initial modes
[     3.936] (II) modeset(0): Output eDP-1 using initial mode 1920x1080 +0+0
[     3.936] (==) modeset(0): Using gamma correction (1.0, 1.0, 1.0)
[     3.936] (==) modeset(0): DPI set to (96, 96)
[     3.936] (II) Loading sub module "fb"
[     3.936] (II) LoadModule: "fb"
[     3.936] (II) Module "fb" already built-in
[     4.044] (==) modeset(0): Backing store enabled
[     4.044] (==) modeset(0): Silken mouse enabled
[     4.066] (II) modeset(0): Initializing kms color map for depth 24, 8 bpc.
[     4.066] (==) modeset(0): DPMS enabled
[     4.066] (II) modeset(0): [DRI2] Setup complete
[     4.066] (II) modeset(0): [DRI2]   DRI driver: radeonsi
[     4.066] (II) modeset(0): [DRI2]   VDPAU driver: radeonsi
[     4.066] (II) Initializing extension Generic Event Extension
[     4.066] (II) Initializing extension SHAPE
[     4.066] (II) Initializing extension MIT-SHM
[     4.066] (II) Initializing extension XInputExtension
[     4.067] (II) Initializing extension XTEST
[     4.067] (II) Initializing extension BIG-REQUESTS
[     4.067] (II) Initializing extension SYNC
[     4.067] (II) Initializing extension XKEYBOARD
[     4.067] (II) Initializing extension XC-MISC
[     4.067] (II) Initializing extension SECURITY
[     4.068] (II) Initializing extension XFIXES
[     4.068] (II) Initializing extension RENDER
[     4.068] (II) Initializing extension RANDR
[     4.068] (II) Initializing extension COMPOSITE
[     4.068] (II) Initializing extension DAMAGE
[     4.069] (II) Initializing extension MIT-SCREEN-SAVER
[     4.069] (II) Initializing extension DOUBLE-BUFFER
[     4.069] (II) Initializing extension RECORD
[     4.069] (II) Initializing extension DPMS
[     4.069] (II) Initializing extension Present
[     4.069] (II) Initializing extension DRI3
[     4.069] (II) Initializing extension X-Resource
[     4.070] (II) Initializing extension XVideo
[     4.070] (II) Initializing extension XVideo-MotionCompensation
[     4.070] (II) Initializing extension GLX
[     4.074] (II) AIGLX: Loaded and initialized radeonsi
[     4.074] (II) GLX: Initialized DRI2 GL provider for screen 0
[     4.074] (II) Initializing extension XFree86-VidModeExtension
[     4.074] (II) Initializing extension XFree86-DGA
[     4.074] (II) Initializing extension XFree86-DRI
[     4.074] (II) Initializing extension DRI2
[     4.074] (II) modeset(0): Damage tracking initialized
[     4.074] (II) modeset(0): Setting screen physical size to 508 x 285
[     4.121] (EE) modeset(0): Failed to make import prime FD as pixmap: 22
[     4.187] (II) config/udev: Adding input device Video Bus (/dev/input/event3)
[     4.187] (**) Video Bus: Applying InputClass "libinput keyboard catchall"
[     4.187] (II) LoadModule: "libinput"
[     4.187] (II) Loading /usr/lib/xorg/modules/input/libinput_drv.so
[     4.190] (II) Module libinput: vendor="X.Org Foundation"
[     4.190] 	compiled for 1.21.1.3, module version = 1.2.1
[     4.190] 	Module class: X.Org XInput Driver
[     4.190] 	ABI class: X.Org XInput driver, version 24.4
[     4.190] (II) Using input driver 'libinput' for 'Video Bus'
[     4.190] (**) Video Bus: always reports core events
[     4.190] (**) Option "Device" "/dev/input/event3"
[     4.194] (II) event3  - Video Bus: is tagged by udev as: Keyboard
[     4.194] (II) event3  - Video Bus: device is a keyboard
[     4.194] (II) event3  - Video Bus: device removed
[     4.209] (**) Option "config_info" "udev:/sys/devices/LNXSYSTM:00/LNXSYBUS:00/PNP0A08:00/device:0f/LNXVIDEO:00/input/input3/event3"
[     4.209] (II) XINPUT: Adding extended input device "Video Bus" (type: KEYBOARD, id 6)
[     4.210] (II) event3  - Video Bus: is tagged by udev as: Keyboard
[     4.211] (II) event3  - Video Bus: device is a keyboard
[     4.211] (II) config/udev: Adding input device Power Button (/dev/input/event0)
[     4.211] (**) Power Button: Applying InputClass "libinput keyboard catchall"
[     4.211] (II) Using input driver 'libinput' for 'Power Button'
[     4.211] (**) Power Button: always reports core events
[     4.211] (**) Option "Device" "/dev/input/event0"
[     4.212] (II) event0  - Power Button: is tagged by udev as: Keyboard
[     4.212] (II) event0  - Power Button: device is a keyboard
[     4.212] (II) event0  - Power Button: device removed
[     4.212] (**) Option "config_info" "udev:/sys/devices/LNXSYSTM:00/LNXSYBUS:00/PNP0C0C:00/input/input0/event0"
[     4.212] (II) XINPUT: Adding extended input device "Power Button" (type: KEYBOARD, id 7)
[     4.213] (II) event0  - Power Button: is tagged by udev as: Keyboard
[     4.214] (II) event0  - Power Button: device is a keyboard
[     4.214] (II) config/udev: Adding input device Lid Switch (/dev/input/event1)
[     4.214] (II) No input driver specified, ignoring this device.
[     4.214] (II) This device may have been added with another device file.
[     4.214] (II) config/udev: Adding input device HD-Audio Generic HDMI/DP,pcm=3 (/dev/input/event13)
[     4.214] (II) No input driver specified, ignoring this device.
[     4.214] (II) This device may have been added with another device file.
[     4.214] (II) config/udev: Adding input device HD-Audio Generic HDMI/DP,pcm=7 (/dev/input/event14)
[     4.214] (II) No input driver specified, ignoring this device.
[     4.214] (II) This device may have been added with another device file.
[     4.214] (II) config/udev: Adding input device Integrated Camera: Integrated C (/dev/input/event12)
[     4.215] (**) Integrated Camera: Integrated C: Applying InputClass "libinput keyboard catchall"
[     4.215] (II) Using input driver 'libinput' for 'Integrated Camera: Integrated C'
[     4.215] (**) Integrated Camera: Integrated C: always reports core events
[     4.215] (**) Option "Device" "/dev/input/event12"
[     4.215] (II) event12 - Integrated Camera: Integrated C: is tagged by udev as: Keyboard
[     4.215] (II) event12 - Integrated Camera: Integrated C: device is a keyboard
[     4.215] (II) event12 - Integrated Camera: Integrated C: device removed
[     4.225] (**) Option "config_info" "udev:/sys/devices/pci0000:00/0000:00:08.1/0000:03:00.3/usb1/1-3/1-3:1.0/input/input24/event12"
[     4.225] (II) XINPUT: Adding extended input device "Integrated Camera: Integrated C" (type: KEYBOARD, id 8)
[     4.227] (II) event12 - Integrated Camera: Integrated C: is tagged by udev as: Keyboard
[     4.227] (II) event12 - Integrated Camera: Integrated C: device is a keyboard
[     4.227] (II) config/udev: Adding input device HD-Audio Generic Mic (/dev/input/event8)
[     4.227] (II) No input driver specified, ignoring this device.
[     4.227] (II) This device may have been added with another device file.
[     4.227] (II) config/udev: Adding input device HD-Audio Generic Headphone (/dev/input/event9)
[     4.227] (II) No input driver specified, ignoring this device.
[     4.227] (II) This device may have been added with another device file.
[     4.227] (II) config/udev: Adding input device Ideapad extra buttons (/dev/input/event5)
[     4.227] (**) Ideapad extra buttons: Applying InputClass "libinput keyboard catchall"
[     4.227] (II) Using input driver 'libinput' for 'Ideapad extra buttons'
[     4.227] (**) Ideapad extra buttons: always reports core events
[     4.227] (**) Option "Device" "/dev/input/event5"
[     4.228] (II) event5  - Ideapad extra buttons: is tagged by udev as: Keyboard
[     4.228] (II) event5  - Ideapad extra buttons: device is a keyboard
[     4.228] (II) event5  - Ideapad extra buttons: device removed
[     4.238] (**) Option "config_info" "udev:/sys/devices/pci0000:00/0000:00:14.3/PNP0C09:00/VPC2004:00/input/input5/event5"
[     4.238] (II) XINPUT: Adding extended input device "Ideapad extra buttons" (type: KEYBOARD, id 9)
[     4.239] (II) event5  - Ideapad extra buttons: is tagged by udev as: Keyboard
[     4.239] (II) event5  - Ideapad extra buttons: device is a keyboard
[     4.240] (II) config/udev: Adding input device Wacom HID 52B0 Pen (/dev/input/event10)
[     4.240] (**) Wacom HID 52B0 Pen: Applying InputClass "libinput tablet catchall"
[     4.240] (**) Wacom HID 52B0 Pen: Applying InputClass "Wacom USB tablet class"
[     4.240] (**) Wacom HID 52B0 Pen: Applying InputClass "Wacom tablet class"
[     4.240] (II) LoadModule: "wacom"
[     4.240] (II) Loading /usr/lib/xorg/modules/input/wacom_drv.so
[     4.240] (II) Module wacom: vendor="X.Org Foundation"
[     4.240] 	compiled for 1.21.1.1, module version = 0.40.0
[     4.240] 	Module class: X.Org XInput Driver
[     4.240] 	ABI class: X.Org XInput driver, version 24.4
[     4.240] (II) Build version: 0.40.0
[     4.240] (II) wacom: Driver for Wacom graphics tablets: PenPartner, Graphire,
	Graphire2 4x5, Graphire2 5x7, Graphire3 4x5, Graphire3 6x8,
	Graphire4 4x5, Graphire4 6x8, BambooFun 4x5, BambooFun 6x8,
	Bamboo1 Medium, Graphire4 6x8 BlueTooth, CTL-460, CTH-461, CTL-660,
	CTL-461/S, Bamboo Touch, CTH-460/K, CTH-461/S, CTH-661/S1, CTH-461/L,
	CTH-661/L, Intuos 4x5, Intuos 6x8, Intuos 9x12, Intuos 12x12,
	Intuos 12x18, PTU600, PL400, PL500, PL600, PL600SX, PL550, PL800,
	PL700, PL510, PL710, DTI520, DTF720, DTF720a, DTF521, DTU1931,
	DTU2231, DTU1631, DTH1152, DTH1152, DTK2451, DTH2452, DTH2452,
	Wacom One Pen Display 13, Intuos2 4x5, Intuos2 6x8, Intuos2 9x12,
	Intuos2 12x12, Intuos2 12x18, Intuos2 6x8 , Volito, PenStation,
	Volito2 4x5, Volito2 2x3, PenPartner2, Bamboo, Bamboo1, Bamboo1 4x6,
	Bamboo1 5x8, Intuos3 4x5, Intuos3 6x8, Intuos3 9x12, Intuos3 12x12,
	Intuos3 12x19, Intuos3 6x11, Intuos3 4x6, Intuos4 4x6, Intuos4 6x9,
	Intuos4 8x13, Intuos4 12x19, Intuos4 WL USB Endpoint,
	Intuos4 WL Bluetooth Endpoint, Intuos5 touch S, Intuos5 touch M,
	Intuos5 touch L, Intuos5 S, Intuos5 M, Intuos Pro S, Intuos Pro M,
	Intuos Pro L, Cintiq 21UX, Cintiq 20WSX, Cintiq 12WX, Cintiq 21UX2,
	Cintiq 24HD, Cintiq 22HD, Cintiq 24HD touch (EMR digitizer),
	Cintiq 13HD, DTK2241, DTH2242, Cintiq 22HDT, Cintiq 27QHDT,
	Cintiq 27QHDT, Mobilestudio Pro 13, MobileStudio Pro 16,
	MobileStudio Pro 13, MobileStudio Pro 16, Cintiq 13 FHD Pro,
	Cintiq 16 UHD Pro, Cintiq Pro 24, Cintiq Pro 32, Cintiq 13 FHD Pro,
	Cintiq 16 UHD Pro, Cintiq Pro 24, Cintiq Pro 32, Cintiq Pro 24,
	Mobilestudio Pro 13, MobileStudio Pro 16, MobileStudio Pro 13,
	MobileStudio Pro 16, MobileStudio Pro 16, MobileStudio Pro 16,
	TabletPC 0x90, TabletPC 0x93, TabletPC 0x97, TabletPC 0x9A,
	CapPlus  0x9F, TabletPC 0xE2, TabletPC 0xE3, TabletPC 0xE5,
	TabletPC 0xE6, TabletPC 0xEC, TabletPC 0xED, TabletPC 0xEF,
	TabletPC 0x100, TabletPC 0x101, TabletPC 0x10D, TabletPC 0x116,
	TabletPC 0x12C, TabletPC 0x4001, TabletPC 0x4004, TabletPC 0x5000,
	TabletPC 0x5002, usb:172f:0024, usb:172f:0025, usb:172f:0026,
	usb:172f:0027, usb:172f:0028, usb:172f:0030, usb:172f:0031,
	usb:172f:0032, usb:172f:0033, usb:172f:0034, usb:172f:0035,
	usb:172f:0036, usb:172f:0037, usb:172f:0038, usb:172f:0039,
	usb:172f:0051, usb:172f:0052, usb:172f:0053, usb:172f:0054,
	usb:172f:0055, usb:172f:0056, usb:172f:0057, usb:172f:0058,
	usb:172f:0500, usb:172f:0501, usb:172f:0502, usb:172f:0503,
	usb:1b96:0001, usb:17ef:6004
[     4.241] (II) Using input driver 'wacom' for 'Wacom HID 52B0 Pen'
[     4.241] (**) Wacom HID 52B0 Pen: always reports core events
[     4.241] (**) Option "Device" "/dev/input/event10"
[     4.241] (II) Wacom HID 52B0 Pen: type not specified, assuming 'stylus'.
[     4.241] (II) Wacom HID 52B0 Pen: other types will be automatically added.
[     4.241] (--) Wacom HID 52B0 Pen stylus: using pressure threshold of 851 for button 1
[     4.241] (**) Wacom HID 52B0 Pen stylus: panscroll is 0
[     4.241] (**) Wacom HID 52B0 Pen stylus: panscroll modified to 1300
[     4.241] (--) Wacom HID 52B0 Pen stylus: maxX=30931 maxY=17399 maxZ=4095 resX=100000 resY=100000  tilt=enabled
[     4.241] (II) Wacom HID 52B0 Pen stylus: hotplugging dependent devices.
[     4.241] (EE) Wacom HID 52B0 Pen stylus: Invalid type 'cursor' for this device.
[     4.241] (EE) Wacom HID 52B0 Pen stylus: Invalid type 'touch' for this device.
[     4.241] (EE) Wacom HID 52B0 Pen stylus: Invalid type 'pad' for this device.
[     4.241] (II) Wacom HID 52B0 Pen stylus: hotplugging completed.
[     4.251] (**) Option "config_info" "udev:/sys/devices/platform/AMDI0010:02/i2c-2/i2c-WACF2200:00/0018:056A:52B0.0002/input/input21/event10"
[     4.251] (II) XINPUT: Adding extended input device "Wacom HID 52B0 Pen stylus" (type: STYLUS, id 10)
[     4.251] (**) Wacom HID 52B0 Pen stylus: (accel) keeping acceleration scheme 1
[     4.251] (**) Wacom HID 52B0 Pen stylus: (accel) acceleration profile 0
[     4.251] (**) Wacom HID 52B0 Pen stylus: (accel) acceleration factor: 2.000
[     4.251] (**) Wacom HID 52B0 Pen stylus: (accel) acceleration threshold: 4
[     4.252] (II) config/udev: Adding input device Wacom HID 52B0 Pen (/dev/input/mouse0)
[     4.252] (II) No input driver specified, ignoring this device.
[     4.252] (II) This device may have been added with another device file.
[     4.253] (II) config/udev: Adding input device Wacom HID 52B0 Finger (/dev/input/event11)
[     4.253] (**) Wacom HID 52B0 Finger: Applying InputClass "libinput touchscreen catchall"
[     4.253] (**) Wacom HID 52B0 Finger: Applying InputClass "Wacom USB touchscreen class"
[     4.253] (**) Wacom HID 52B0 Finger: Applying InputClass "Wacom touchscreen class"
[     4.253] (II) Using input driver 'wacom' for 'Wacom HID 52B0 Finger'
[     4.253] (**) Wacom HID 52B0 Finger: always reports core events
[     4.253] (**) Option "Device" "/dev/input/event11"
[     4.253] (EE) Wacom HID 52B0 Finger: Invalid type 'stylus' for this device.
[     4.253] (EE) Wacom HID 52B0 Finger: Invalid type 'eraser' for this device.
[     4.253] (EE) Wacom HID 52B0 Finger: Invalid type 'cursor' for this device.
[     4.253] (II) Wacom HID 52B0 Finger: type not specified, assuming 'touch'.
[     4.253] (II) Wacom HID 52B0 Finger: other types will be automatically added.
[     4.253] (**) Wacom HID 52B0 Finger touch: panscroll is 0
[     4.253] (**) Wacom HID 52B0 Finger touch: panscroll modified to 13
[     4.253] (--) Wacom HID 52B0 Finger touch: maxX=12372 maxY=6960 maxZ=0 resX=40000 resY=40000 
[     4.253] (II) Wacom HID 52B0 Finger touch: hotplugging dependent devices.
[     4.253] (EE) Wacom HID 52B0 Finger touch: Invalid type 'stylus' for this device.
[     4.253] (EE) Wacom HID 52B0 Finger touch: Invalid type 'eraser' for this device.
[     4.253] (EE) Wacom HID 52B0 Finger touch: Invalid type 'cursor' for this device.
[     4.253] (EE) Wacom HID 52B0 Finger touch: Invalid type 'pad' for this device.
[     4.253] (II) Wacom HID 52B0 Finger touch: hotplugging completed.
[     4.260] (**) Option "config_info" "udev:/sys/devices/platform/AMDI0010:02/i2c-2/i2c-WACF2200:00/0018:056A:52B0.0002/input/input22/event11"
[     4.260] (II) XINPUT: Adding extended input device "Wacom HID 52B0 Finger touch" (type: TOUCH, id 11)
[     4.260] (**) Wacom HID 52B0 Finger touch: (accel) keeping acceleration scheme 1
[     4.260] (**) Wacom HID 52B0 Finger touch: (accel) acceleration profile 0
[     4.260] (**) Wacom HID 52B0 Finger touch: (accel) acceleration factor: 2.000
[     4.260] (**) Wacom HID 52B0 Finger touch: (accel) acceleration threshold: 4
[     4.261] (II) config/udev: Adding input device Wacom HID 52B0 Finger (/dev/input/mouse3)
[     4.261] (II) No input driver specified, ignoring this device.
[     4.261] (II) This device may have been added with another device file.
[     4.261] (II) config/udev: Adding input device MSFT0001:00 06CB:CD3E Mouse (/dev/input/event6)
[     4.261] (**) MSFT0001:00 06CB:CD3E Mouse: Applying InputClass "libinput pointer catchall"
[     4.261] (II) Using input driver 'libinput' for 'MSFT0001:00 06CB:CD3E Mouse'
[     4.261] (**) MSFT0001:00 06CB:CD3E Mouse: always reports core events
[     4.261] (**) Option "Device" "/dev/input/event6"
[     4.262] (II) event6  - MSFT0001:00 06CB:CD3E Mouse: is tagged by udev as: Mouse Pointingstick
[     4.262] (II) event6  - MSFT0001:00 06CB:CD3E Mouse: device is a pointer
[     4.262] (II) event6  - MSFT0001:00 06CB:CD3E Mouse: device removed
[     4.273] (**) Option "config_info" "udev:/sys/devices/platform/AMDI0010:03/i2c-3/i2c-MSFT0001:00/0018:06CB:CD3E.0001/input/input16/event6"
[     4.273] (II) XINPUT: Adding extended input device "MSFT0001:00 06CB:CD3E Mouse" (type: MOUSE, id 12)
[     4.273] (**) Option "AccelerationScheme" "none"
[     4.273] (**) MSFT0001:00 06CB:CD3E Mouse: (accel) selected scheme none/0
[     4.273] (**) MSFT0001:00 06CB:CD3E Mouse: (accel) acceleration factor: 2.000
[     4.273] (**) MSFT0001:00 06CB:CD3E Mouse: (accel) acceleration threshold: 4
[     4.275] (II) event6  - MSFT0001:00 06CB:CD3E Mouse: is tagged by udev as: Mouse Pointingstick
[     4.275] (II) event6  - MSFT0001:00 06CB:CD3E Mouse: device is a pointer
[     4.275] (II) config/udev: Adding input device MSFT0001:00 06CB:CD3E Mouse (/dev/input/mouse1)
[     4.275] (II) No input driver specified, ignoring this device.
[     4.275] (II) This device may have been added with another device file.
[     4.276] (II) config/udev: Adding input device MSFT0001:00 06CB:CD3E Touchpad (/dev/input/event7)
[     4.276] (**) MSFT0001:00 06CB:CD3E Touchpad: Applying InputClass "libinput touchpad catchall"
[     4.276] (II) Using input driver 'libinput' for 'MSFT0001:00 06CB:CD3E Touchpad'
[     4.276] (**) MSFT0001:00 06CB:CD3E Touchpad: always reports core events
[     4.276] (**) Option "Device" "/dev/input/event7"
[     4.276] (II) event7  - MSFT0001:00 06CB:CD3E Touchpad: is tagged by udev as: Touchpad
[     4.277] (II) event7  - MSFT0001:00 06CB:CD3E Touchpad: device is a touchpad
[     4.277] (II) event7  - MSFT0001:00 06CB:CD3E Touchpad: device removed
[     4.296] (**) Option "config_info" "udev:/sys/devices/platform/AMDI0010:03/i2c-3/i2c-MSFT0001:00/0018:06CB:CD3E.0001/input/input17/event7"
[     4.296] (II) XINPUT: Adding extended input device "MSFT0001:00 06CB:CD3E Touchpad" (type: TOUCHPAD, id 13)
[     4.297] (**) Option "AccelerationScheme" "none"
[     4.297] (**) MSFT0001:00 06CB:CD3E Touchpad: (accel) selected scheme none/0
[     4.297] (**) MSFT0001:00 06CB:CD3E Touchpad: (accel) acceleration factor: 2.000
[     4.297] (**) MSFT0001:00 06CB:CD3E Touchpad: (accel) acceleration threshold: 4
[     4.297] (II) event7  - MSFT0001:00 06CB:CD3E Touchpad: is tagged by udev as: Touchpad
[     4.298] (II) event7  - MSFT0001:00 06CB:CD3E Touchpad: device is a touchpad
[     4.298] (II) config/udev: Adding input device MSFT0001:00 06CB:CD3E Touchpad (/dev/input/mouse2)
[     4.298] (II) No input driver specified, ignoring this device.
[     4.298] (II) This device may have been added with another device file.
[     4.299] (II) config/udev: Adding input device AT Translated Set 2 keyboard (/dev/input/event2)
[     4.299] (**) AT Translated Set 2 keyboard: Applying InputClass "libinput keyboard catchall"
[     4.299] (II) Using input driver 'libinput' for 'AT Translated Set 2 keyboard'
[     4.299] (**) AT Translated Set 2 keyboard: always reports core events
[     4.299] (**) Option "Device" "/dev/input/event2"
[     4.299] (II) event2  - AT Translated Set 2 keyboard: is tagged by udev as: Keyboard
[     4.299] (II) event2  - AT Translated Set 2 keyboard: device is a keyboard
[     4.299] (II) event2  - AT Translated Set 2 keyboard: device removed
[     4.299] (**) Option "config_info" "udev:/sys/devices/platform/i8042/serio0/input/input2/event2"
[     4.299] (II) XINPUT: Adding extended input device "AT Translated Set 2 keyboard" (type: KEYBOARD, id 14)
[     4.300] (II) event2  - AT Translated Set 2 keyboard: is tagged by udev as: Keyboard
[     4.300] (II) event2  - AT Translated Set 2 keyboard: device is a keyboard
[     4.300] (II) config/udev: Adding input device PC Speaker (/dev/input/event4)
[     4.300] (II) No input driver specified, ignoring this device.
[     4.300] (II) This device may have been added with another device file.
[     4.303] (**) Wacom HID 52B0 Pen eraser: Applying InputClass "libinput tablet catchall"
[     4.303] (**) Wacom HID 52B0 Pen eraser: Applying InputClass "Wacom USB tablet class"
[     4.303] (**) Wacom HID 52B0 Pen eraser: Applying InputClass "Wacom tablet class"
[     4.303] (II) Using input driver 'wacom' for 'Wacom HID 52B0 Pen eraser'
[     4.303] (**) Wacom HID 52B0 Pen eraser: always reports core events
[     4.303] (**) Option "Device" "/dev/input/event10"
[     4.303] (**) Option "Type" "eraser"
[     4.303] (**) Wacom HID 52B0 Pen eraser: panscroll is 1300
[     4.303] (**) Wacom HID 52B0 Pen eraser: panscroll modified to 1300
[     4.303] (--) Wacom HID 52B0 Pen eraser: maxX=30931 maxY=17399 maxZ=4095 resX=100000 resY=100000  tilt=enabled
[     4.303] (**) Option "config_info" "udev:/sys/devices/platform/AMDI0010:02/i2c-2/i2c-WACF2200:00/0018:056A:52B0.0002/input/input21/event10"
[     4.303] (II) XINPUT: Adding extended input device "Wacom HID 52B0 Pen eraser" (type: ERASER, id 15)
[     4.303] (**) Wacom HID 52B0 Pen eraser: (accel) keeping acceleration scheme 1
[     4.303] (**) Wacom HID 52B0 Pen eraser: (accel) acceleration profile 0
[     4.303] (**) Wacom HID 52B0 Pen eraser: (accel) acceleration factor: 2.000
[     4.303] (**) Wacom HID 52B0 Pen eraser: (accel) acceleration threshold: 4
[     6.818] (II) modeset(0): Disabling kernel dirty updates, not required.
[     7.498] (II) modeset(0): EDID vendor "BOE", prod id 2133
[     7.498] (II) modeset(0): Printing DDC gathered Modelines:
[     7.498] (II) modeset(0): Modeline "1920x1080"x0.0  147.84  1920 1968 2000 2200  1080 1083 1089 1120 +hsync -vsync (67.2 kHz eP)
[     8.137] (II) modeset(0): EDID vendor "BOE", prod id 2133
[     8.137] (II) modeset(0): Printing DDC gathered Modelines:
[     8.137] (II) modeset(0): Modeline "1920x1080"x0.0  147.84  1920 1968 2000 2200  1080 1083 1089 1120 +hsync -vsync (67.2 kHz eP)
[    13.421] (II) event12 - Integrated Camera: Integrated C: device removed
[    18.487] (II) config/udev: removing device Integrated Camera: Integrated C
[    18.488] (II) UnloadModule: "libinput"
[   984.584] (II) modeset(0): EDID vendor "BOE", prod id 2133
[   984.584] (II) modeset(0): Printing DDC gathered Modelines:
[   984.584] (II) modeset(0): Modeline "1920x1080"x0.0  147.84  1920 1968 2000 2200  1080 1083 1089 1120 +hsync -vsync (67.2 kHz eP)
[  1197.424] (II) modeset(0): EDID vendor "BOE", prod id 2133
[  1197.424] (II) modeset(0): Printing DDC gathered Modelines:
[  1197.424] (II) modeset(0): Modeline "1920x1080"x0.0  147.84  1920 1968 2000 2200  1080 1083 1089 1120 +hsync -vsync (67.2 kHz eP)
