[    0.005546] ACPI: XSDT 0x000000003CE95728 0000C4 (v01 ALASKA A M I    01072009 AMI  01000013)
[    0.005551] ACPI: FACP 0x000000003C826000 000114 (v06 ALASKA A M I    01072009 AMI  00010013)
[    0.005556] ACPI: DSDT 0x000000003C81F000 0063C6 (v02 ALASKA A M I    01072009 INTL 20190509)
[    0.005559] ACPI: FACS 0x000000003CE90000 000040
[    0.005561] ACPI: SSDT 0x000000003C832000 006B5F (v01 GBT    GSWApp   00000001 INTL 20190509)
[    0.005564] ACPI: SSDT 0x000000003C82C000 005419 (v02 AMD    MYRTLE   00000002 MSFT 04000000)
[    0.005567] ACPI: SSDT 0x000000003C828000 003C9A (v01 AMD    AMD AOD  00000001 INTL 20190509)
[    0.005570] ACPI: SSDT 0x000000003C827000 000060 (v02 ALASKA CPUSSDT  01072009 AMI  01072009)
[    0.005572] ACPI: FIDT 0x000000003C81E000 00009C (v01 ALASKA A M I    01072009 AMI  00010013)
[    0.005575] ACPI: MCFG 0x000000003C81D000 00003C (v01 ALASKA A M I    01072009 MSFT 00010013)
[    0.005577] ACPI: HPET 0x000000003C81C000 000038 (v01 ALASKA A M I    01072009 AMI  00000005)
[    0.005580] ACPI: BGRT 0x000000003C81B000 000038 (v01 ALASKA A M I    01072009 AMI  00010013)
[    0.005583] ACPI: IVRS 0x000000003C81A000 0000D0 (v02 AMD    AmdTable 00000001 AMD  00000000)
[    0.005585] ACPI: CRAT 0x000000003C819000 000810 (v01 AMD    AmdTable 00000001 AMD  00000001)
[    0.005588] ACPI: CDIT 0x000000003C818000 000029 (v01 AMD    AmdTable 00000001 AMD  00000001)
--
[    1.206043] ata9.00: ATA-10: CT500MX500SSD1, M3CR032, max UDMA/133
[    1.206086] ata9.00: 976773168 sectors, multi 1: LBA48 NCQ (depth 32), AA
[    1.206985] ata9.00: Features: Trust Dev-Sleep
[    1.207120] ata9.00: supports DRM functions and may not be fully accessible
[    1.208006] ata9.00: configured for UDMA/133
[    1.238220] usb 3-2: New USB device found, idVendor=256c, idProduct=006d, bcdDevice= 1.11
[    1.238230] usb 3-2: New USB device strings: Mfr=1, Product=2, SerialNumber=3
[    1.238233] usb 3-2: Product: Huion Tablet
[    1.238234] usb 3-2: Manufacturer: HUION
[    1.265144] hid-generic 0003:256C:006D.0001: hiddev96,hidraw0: USB HID v1.10 Device [HUION Huion Tablet] on usb-0000:07:00.3-2/input0
[    1.296217] input: HUION Huion Tablet as /devices/pci0000:00/0000:00:08.1/0000:07:00.3/usb3/3-2/3-2:1.1/0003:256C:006D.0002/input/input2
[    1.296607] hid-generic 0003:256C:006D.0002: input,hidraw1: USB HID v1.10 Device [HUION Huion Tablet] on usb-0000:07:00.3-2/input1
[    1.350423] ata2: SATA link down (SStatus 0 SControl 330)
[    1.405563] tsc: Refined TSC clocksource calibration: 3493.421 MHz
[    1.405582] clocksource: tsc: mask: 0xffffffffffffffff max_cycles: 0x325b0a25784, max_idle_ns: 440795384226 ns
[    1.405623] clocksource: Switched to clocksource tsc
[    1.410574] usb 3-3: new high-speed USB device number 3 using xhci_hcd
--
[    1.842953] usb 1-2: New USB device found, idVendor=1b3f, idProduct=2008, bcdDevice= 1.00
[    1.842963] usb 1-2: New USB device strings: Mfr=1, Product=2, SerialNumber=0
[    1.842966] usb 1-2: Product: USB Audio Device
[    1.842969] usb 1-2: Manufacturer: GeneralPlus
[    1.859399] input: GeneralPlus USB Audio Device as /devices/pci0000:00/0000:00:01.2/0000:01:00.0/usb1/1-2/1-2:1.3/0003:1B3F:2008.0003/input/input3
[    1.911790] hid-generic 0003:1B3F:2008.0003: input,hidraw2: USB HID v2.01 Device [GeneralPlus USB Audio Device] on usb-0000:01:00.0-2/input3
[    2.087561] usb 1-5: new full-speed USB device number 3 using xhci_hcd
[    2.389621] ata5: failed to resume link (SControl 0)
[    2.389643] ata5: SATA link down (SStatus 0 SControl 0)
[    2.389998] usb 1-5: New USB device found, idVendor=062a, idProduct=7269, bcdDevice= 1.06
[    2.390004] usb 1-5: New USB device strings: Mfr=1, Product=2, SerialNumber=0
[    2.390007] usb 1-5: Product: Full-Speed Mouse
[    2.390010] usb 1-5: Manufacturer: Full-Speed Mouse
[    2.409394] input: Full-Speed Mouse Full-Speed Mouse as /devices/pci0000:00/0000:00:01.2/0000:01:00.0/usb1/1-5/1-5:1.0/0003:062A:7269.0004/input/input4
[    2.409569] hid-generic 0003:062A:7269.0004: input,hidraw3: USB HID v1.10 Mouse [Full-Speed Mouse Full-Speed Mouse] on usb-0000:01:00.0-5/input0
[    2.585565] usb 1-6: new full-speed USB device number 4 using xhci_hcd
[    2.698773] ata6: SATA link down (SStatus 0 SControl 330)
[    2.699242] scsi 8:0:0:0: Direct-Access     ATA      CT500MX500SSD1   032  PQ: 0 ANSI: 5
[    2.699521] sd 8:0:0:0: Attached scsi generic sg0 type 0
[    2.699637] sd 8:0:0:0: [sda] 976773168 512-byte logical blocks: (500 GB/466 GiB)
--
[    2.983730] usb 1-6: New USB device found, idVendor=3938, idProduct=1168, bcdDevice= 1.12
[    2.983737] usb 1-6: New USB device strings: Mfr=1, Product=2, SerialNumber=0
[    2.983739] usb 1-6: Product: RGB Keyboard
[    2.983740] usb 1-6: Manufacturer: SONiX
[    3.004072] input: SONiX RGB Keyboard as /devices/pci0000:00/0000:00:01.2/0000:01:00.0/usb1/1-6/1-6:1.0/0003:3938:1168.0005/input/input5
[    3.055456] hid-generic 0003:3938:1168.0005: input,hidraw4: USB HID v1.11 Keyboard [SONiX RGB Keyboard] on usb-0000:01:00.0-6/input0
[    3.063181] input: SONiX RGB Keyboard as /devices/pci0000:00/0000:00:01.2/0000:01:00.0/usb1/1-6/1-6:1.1/0003:3938:1168.0006/input/input6
[    3.097308] systemd[1]: LSM BPF program attached
[    3.115322] input: SONiX RGB Keyboard as /devices/pci0000:00/0000:00:01.2/0000:01:00.0/usb1/1-6/1-6:1.1/0003:3938:1168.0006/input/input7
[    3.115354] input: SONiX RGB Keyboard Mouse as /devices/pci0000:00/0000:00:01.2/0000:01:00.0/usb1/1-6/1-6:1.1/0003:3938:1168.0006/input/input8
[    3.115413] hid-generic 0003:3938:1168.0006: input,hiddev97,hidraw5: USB HID v1.11 Keyboard [SONiX RGB Keyboard] on usb-0000:01:00.0-6/input1
[    3.141615] systemd[1]: Queued start job for default target initrd.target.
[    3.141743] systemd[1]: Reached target initrd-usr-fs.target - Initrd /usr File System.
[    3.141787] systemd[1]: Reached target local-fs.target - Local File Systems.
[    3.141804] systemd[1]: Reached target slices.target - Slice Units.
[    3.141816] systemd[1]: Reached target swap.target - Swaps.
--
[    3.458884] AMD-Vi: AMD IOMMUv2 loaded and initialized
[    3.467672] ccp 0000:07:00.2: tee enabled
[    3.467678] ccp 0000:07:00.2: psp enabled
[    3.494976] r8169 0000:03:00.0 eth0: RTL8168h/8111h, 18:c0:4d:0e:0f:fc, XID 541, IRQ 56
[    3.494982] r8169 0000:03:00.0 eth0: jumbo features [frames: 9194 bytes, tx checksumming: ko]
[    3.523541] input: HUION Huion Tablet Pen as /devices/pci0000:00/0000:00:08.1/0000:07:00.3/usb3/3-2/3-2:1.0/0003:256C:006D.0001/input/input10
[    3.524095] input: HUION Huion Tablet Pad as /devices/pci0000:00/0000:00:08.1/0000:07:00.3/usb3/3-2/3-2:1.0/0003:256C:006D.0001/input/input11
[    3.524206] uclogic 0003:256C:006D.0001: input,hidraw0: USB HID v1.10 Keypad [HUION Huion Tablet] on usb-0000:07:00.3-2/input0
[    3.537125] uclogic 0003:256C:006D.0002: No inputs registered, leaving
[    3.537451] uclogic 0003:256C:006D.0002: hidraw1: USB HID v1.10 Device [HUION Huion Tablet] on usb-0000:07:00.3-2/input1
[    3.537852] nvme nvme0: pci function 0000:06:00.0
[    3.561926] nvme nvme0: allocated 32 MiB host memory buffer.
[    3.566189] nvme nvme0: 16/0/0 default/read/poll queues
[    3.570606]  nvme0n1: p1
[    3.577092] r8169 0000:03:00.0 eno1: renamed from eth0
--
[ 5462.662128] Discord[5128]: segfault at 1c04c4f3a000 ip 00007ffb80b76c95 sp 00007ffdef417510 error 4 in libappindicator3.so.1.0.0[7ffb80b72000+6000]
[ 5462.662148] Code: ff 49 89 c5 48 8b 45 18 48 83 78 28 00 74 4d 48 8d 54 24 0c 48 8d 74 24 10 4c 89 ef 31 db e8 62 be ff ff 66 90 48 8b 44 24 10 <48> 8b 3c d8 39 5c 24 0c 7f 09 48 85 ff 0f 85 78 01 00 00 48 8b 45
[ 6944.546405] perf: interrupt took too long (6174 > 6171), lowering kernel.perf_event_max_sample_rate to 32000
[ 9089.214910] TCP: eno1: Driver has suspect GRO implementation, TCP performance may be compromised.
[ 9736.150622] usb 5-1: new full-speed USB device number 2 using xhci_hcd
[ 9736.303071] usb 5-1: New USB device found, idVendor=256c, idProduct=006d, bcdDevice= 1.11
[ 9736.303077] usb 5-1: New USB device strings: Mfr=1, Product=2, SerialNumber=3
[ 9736.303079] usb 5-1: Product: Huion Tablet
[ 9736.303081] usb 5-1: Manufacturer: HUION
[ 9736.343273] input: HUION Huion Tablet Pen as /devices/pci0000:00/0000:00:08.1/0000:07:00.4/usb5/5-1/5-1:1.0/0003:256C:006D.0007/input/input17
[ 9736.344175] input: HUION Huion Tablet Pad as /devices/pci0000:00/0000:00:08.1/0000:07:00.4/usb5/5-1/5-1:1.0/0003:256C:006D.0007/input/input18
[ 9736.344457] uclogic 0003:256C:006D.0007: input,hidraw0: USB HID v1.10 Keypad [HUION Huion Tablet] on usb-0000:07:00.4-1/input0
[ 9736.374319] uclogic 0003:256C:006D.0008: No inputs registered, leaving
[ 9736.374403] uclogic 0003:256C:006D.0008: hidraw1: USB HID v1.10 Device [HUION Huion Tablet] on usb-0000:07:00.4-1/input1
[ 9742.012937] usb 5-1: USB disconnect, device number 2
[ 9746.029495] usb 3-2: new full-speed USB device number 5 using xhci_hcd
[ 9746.183787] usb 3-2: New USB device found, idVendor=256c, idProduct=006d, bcdDevice= 1.11
[ 9746.183794] usb 3-2: New USB device strings: Mfr=1, Product=2, SerialNumber=3
[ 9746.183796] usb 3-2: Product: Huion Tablet
[ 9746.183798] usb 3-2: Manufacturer: HUION
[ 9746.224974] input: HUION Huion Tablet Pen as /devices/pci0000:00/0000:00:08.1/0000:07:00.3/usb3/3-2/3-2:1.0/0003:256C:006D.0009/input/input20
[ 9746.225124] input: HUION Huion Tablet Pad as /devices/pci0000:00/0000:00:08.1/0000:07:00.3/usb3/3-2/3-2:1.0/0003:256C:006D.0009/input/input21
[ 9746.225241] uclogic 0003:256C:006D.0009: input,hidraw0: USB HID v1.10 Keypad [HUION Huion Tablet] on usb-0000:07:00.3-2/input0
[ 9746.255989] uclogic 0003:256C:006D.000A: No inputs registered, leaving
[ 9746.256090] uclogic 0003:256C:006D.000A: hidraw1: USB HID v1.10 Device [HUION Huion Tablet] on usb-0000:07:00.3-2/input1
[11236.371226] hrtimer: interrupt took 9037 ns
[29029.002628] usb 3-2: USB disconnect, device number 5
[30954.896821] usb 3-2: new full-speed USB device number 6 using xhci_hcd
[30955.049947] usb 3-2: New USB device found, idVendor=256c, idProduct=006d, bcdDevice= 1.11
[30955.049953] usb 3-2: New USB device strings: Mfr=1, Product=2, SerialNumber=3
[30955.049955] usb 3-2: Product: Huion Tablet
[30955.049957] usb 3-2: Manufacturer: HUION
[30955.092137] input: HUION Huion Tablet Pen as /devices/pci0000:00/0000:00:08.1/0000:07:00.3/usb3/3-2/3-2:1.0/0003:256C:006D.000B/input/input23
[30955.092322] input: HUION Huion Tablet Pad as /devices/pci0000:00/0000:00:08.1/0000:07:00.3/usb3/3-2/3-2:1.0/0003:256C:006D.000B/input/input24
[30955.092422] uclogic 0003:256C:006D.000B: input,hidraw0: USB HID v1.10 Keypad [HUION Huion Tablet] on usb-0000:07:00.3-2/input0
[30955.123177] uclogic 0003:256C:006D.000C: No inputs registered, leaving
[30955.123251] uclogic 0003:256C:006D.000C: hidraw1: USB HID v1.10 Device [HUION Huion Tablet] on usb-0000:07:00.3-2/input1
[31150.404186] SELinux:  Context system_u:object_r:snappy_var_lib_t:s0 is not valid (left unmapped).
[31263.118448] usb 3-2: USB disconnect, device number 6
[31270.789075] usb 3-2: new full-speed USB device number 7 using xhci_hcd
[31270.944438] usb 3-2: New USB device found, idVendor=256c, idProduct=006d, bcdDevice= 1.11
[31270.944444] usb 3-2: New USB device strings: Mfr=1, Product=2, SerialNumber=3
[31270.944447] usb 3-2: Product: Huion Tablet
[31270.944448] usb 3-2: Manufacturer: HUION
[31270.984668] input: HUION Huion Tablet Pen as /devices/pci0000:00/0000:00:08.1/0000:07:00.3/usb3/3-2/3-2:1.0/0003:256C:006D.000D/input/input26
[31270.984815] input: HUION Huion Tablet Pad as /devices/pci0000:00/0000:00:08.1/0000:07:00.3/usb3/3-2/3-2:1.0/0003:256C:006D.000D/input/input27
[31270.984911] uclogic 0003:256C:006D.000D: input,hidraw0: USB HID v1.10 Keypad [HUION Huion Tablet] on usb-0000:07:00.3-2/input0
[31271.015688] uclogic 0003:256C:006D.000E: No inputs registered, leaving
[31271.015772] uclogic 0003:256C:006D.000E: hidraw1: USB HID v1.10 Device [HUION Huion Tablet] on usb-0000:07:00.3-2/input1
[31295.703350] usb 3-2: USB disconnect, device number 7
[31318.013528] usb 3-2: new full-speed USB device number 8 using xhci_hcd
[31318.165662] usb 3-2: New USB device found, idVendor=256c, idProduct=006d, bcdDevice= 1.11
[31318.165667] usb 3-2: New USB device strings: Mfr=1, Product=2, SerialNumber=3
[31318.165669] usb 3-2: Product: Huion Tablet
[31318.165671] usb 3-2: Manufacturer: HUION
[31318.205872] input: HUION Huion Tablet Pen as /devices/pci0000:00/0000:00:08.1/0000:07:00.3/usb3/3-2/3-2:1.0/0003:256C:006D.000F/input/input29
[31318.206007] input: HUION Huion Tablet Pad as /devices/pci0000:00/0000:00:08.1/0000:07:00.3/usb3/3-2/3-2:1.0/0003:256C:006D.000F/input/input30
[31318.206112] uclogic 0003:256C:006D.000F: input,hidraw0: USB HID v1.10 Keypad [HUION Huion Tablet] on usb-0000:07:00.3-2/input0
[31318.236872] uclogic 0003:256C:006D.0010: No inputs registered, leaving
[31318.236935] uclogic 0003:256C:006D.0010: hidraw1: USB HID v1.10 Device [HUION Huion Tablet] on usb-0000:07:00.3-2/input1
[33052.608759] traps: test-tablet-val[40315] trap int3 ip:7fd2f078bdf1 sp:7ffeb06bccd0 error:0 in libglib-2.0.so.0.7200.1[7fd2f074f000+91000]
[33328.294953] traps: test-load[40748] trap int3 ip:7f3cee519df1 sp:7ffd098cf030 error:0 in libglib-2.0.so.0.7200.1[7f3cee4dd000+91000]
[33328.303121] traps: test-dbverify[40754] trap int3 ip:7f5827579df1 sp:7fff964acd00 error:0 in libglib-2.0.so.0.7200.1[7f582753d000+91000]
[33328.447397] traps: test-tablet-val[40793] trap int3 ip:7f24bad9fdf1 sp:7ffd39865b40 error:0 in libglib-2.0.so.0.7200.1[7f24bad63000+91000]
[33328.488289] traps: test-stylus-val[40808] trap int3 ip:7fef4974edf1 sp:7ffc4a804a30 error:0 in libglib-2.0.so.0.7200.1[7fef49712000+91000]
[33328.604671] traps: test-svg-validi[40849] trap int3 ip:7f8630694df1 sp:7ffda41c7210 error:0 in libglib-2.0.so.0.7200.1[7f8630658000+91000]
[33352.249159] systemd-sysv-generator[41355]: SysV service '/etc/rc.d/init.d/livesys' lacks a native systemd unit file. Automatically generating a unit file for compatibility. Please update package to include a native systemd unit file, in order to make it more safe and robust.
[33352.249292] systemd-sysv-generator[41355]: SysV service '/etc/rc.d/init.d/livesys-late' lacks a native systemd unit file. Automatically generating a unit file for compatibility. Please update package to include a native systemd unit file, in order to make it more safe and robust.
[33352.480059] input: Wacom Bamboo Fun medium as /devices/virtual/input/input32
[33352.608932] SELinux:  Context unconfined_u:object_r:snappy_home_t:s0 is not valid (left unmapped).
[33352.788348] input: Wacom Bamboo Fun small as /devices/virtual/input/input33
[33353.095497] input: Wacom Bamboo Pen as /devices/virtual/input/input34
[33353.402821] input: Wacom Bamboo Create as /devices/virtual/input/input35
[33353.717639] input: Wacom Bamboo Create Finger as /devices/virtual/input/input36
[33354.024578] input: Wacom Bamboo Connect as /devices/virtual/input/input37
[33354.375584] input: Wacom Bamboo Capture as /devices/virtual/input/input38
[33354.681748] input: Wacom Bamboo Capture Finger as /devices/virtual/input/input39
[33355.005790] input: Wacom Bamboo 16FG 4x5 as /devices/virtual/input/input40
[33355.312381] input: Wacom Bamboo 16FG 4x5 Finger as /devices/virtual/input/input41
[33355.619984] input: Wacom Bamboo Fun medium (2FG) as /devices/virtual/input/input42
[33355.945908] input: Wacom Bamboo Fun medium (2FG) Finger as /devices/virtual/input/input43
[33356.252987] input: Wacom Bamboo Fun small (2FG) as /devices/virtual/input/input44
[33356.571090] input: Wacom Bamboo Fun small (2FG) Finger as /devices/virtual/input/input45
[33356.878060] input: Wacom Bamboo Pen medium as /devices/virtual/input/input46
[33357.005685] input: Wacom Bamboo Fun medium as /devices/virtual/input/input47
[33357.198428] input: Wacom Bamboo Pen small as /devices/virtual/input/input48
[33357.312511] input: Wacom Bamboo Fun small as /devices/virtual/input/input49
[33357.505522] input: Wacom Bamboo (2FG) as /devices/virtual/input/input50
[33357.619536] input: Wacom Bamboo Pen as /devices/virtual/input/input51
[33357.823396] input: Wacom Bamboo (2FG) Finger as /devices/virtual/input/input52
[33357.926432] input: Wacom Bamboo Create as /devices/virtual/input/input53
[33358.130609] input: Wacom Bamboo Touch (2FG) as /devices/virtual/input/input54
[33358.243271] input: Wacom Bamboo Create Finger as /devices/virtual/input/input55
[33358.550141] input: Wacom Bamboo Connect as /devices/virtual/input/input56
[33790.851410] WARNING! power/level is deprecated; use power/control instead
