[   179.707] (--) Log file renamed from "/home/USERNAME/.local/share/xorg/Xorg.pid-1367.log" to "/home/USERNAME/.local/share/xorg/Xorg.0.log"
[   179.708] 
X.Org X Server 1.20.4
X Protocol Version 11, Revision 0
[   179.708] Build Operating System: Linux 4.4.0-148-generic x86_64 Ubuntu
[   179.708] Current Operating System: Linux HOSTNAME 5.0.0-37-generic #40~18.04.1-Ubuntu SMP Thu Nov 14 12:06:39 UTC 2019 x86_64
[   179.708] Kernel command line: BOOT_IMAGE=/boot/vmlinuz-5.0.0-37-generic root=UUID=ea533e41-5710-455b-a85b-635d96f4cb47 ro quiet splash vt.handoff=1
[   179.708] Build Date: 02 May 2019  08:06:54AM
[   179.708] xorg-server-hwe-18.04 2:1.20.4-1USERNAME3~18.04.1 (For technical support please see http://www.USERNAME.com/support) 
[   179.708] Current version of pixman: 0.34.0
[   179.708] 	Before reporting problems, check http://wiki.x.org
	to make sure that you have the latest version.
[   179.708] Markers: (--) probed, (**) from config file, (==) default setting,
	(++) from command line, (!!) notice, (II) informational,
	(WW) warning, (EE) error, (NI) not implemented, (??) unknown.
[   179.708] (==) Log file: "/home/USERNAME/.local/share/xorg/Xorg.0.log", Time: Tue Dec 17 18:51:50 2019
[   179.709] (==) Using system config directory "/usr/share/X11/xorg.conf.d"
[   179.711] (==) No Layout section.  Using the first Screen section.
[   179.711] (==) No screen section available. Using defaults.
[   179.711] (**) |-->Screen "Default Screen Section" (0)
[   179.711] (**) |   |-->Monitor "<default monitor>"
[   179.711] (==) No monitor specified for screen "Default Screen Section".
	Using a default monitor configuration.
[   179.711] (==) Automatically adding devices
[   179.711] (==) Automatically enabling devices
[   179.711] (==) Automatically adding GPU devices
[   179.711] (==) Automatically binding GPU devices
[   179.711] (==) Max clients allowed: 256, resource mask: 0x1fffff
[   179.712] (WW) The directory "/usr/share/fonts/X11/cyrillic" does not exist.
[   179.712] 	Entry deleted from font path.
[   179.712] (WW) The directory "/usr/share/fonts/X11/100dpi/" does not exist.
[   179.712] 	Entry deleted from font path.
[   179.712] (WW) The directory "/usr/share/fonts/X11/75dpi/" does not exist.
[   179.712] 	Entry deleted from font path.
[   179.712] (WW) The directory "/usr/share/fonts/X11/100dpi" does not exist.
[   179.712] 	Entry deleted from font path.
[   179.712] (WW) The directory "/usr/share/fonts/X11/75dpi" does not exist.
[   179.712] 	Entry deleted from font path.
[   179.712] (==) FontPath set to:
	/usr/share/fonts/X11/misc,
	/usr/share/fonts/X11/Type1,
	built-ins
[   179.712] (==) ModulePath set to "/usr/lib/xorg/modules"
[   179.712] (II) The server relies on udev to provide the list of input devices.
	If no devices become available, reconfigure udev or disable AutoAddDevices.
[   179.712] (II) Loader magic: 0x559b3fe29020
[   179.712] (II) Module ABI versions:
[   179.712] 	X.Org ANSI C Emulation: 0.4
[   179.712] 	X.Org Video Driver: 24.0
[   179.712] 	X.Org XInput driver : 24.1
[   179.712] 	X.Org Server Extension : 10.0
[   179.712] (++) using VT number 2

[   179.715] (II) systemd-logind: took control of session /org/freedesktop/login1/session/_32
[   179.715] (II) xfree86: Adding drm device (/dev/dri/card0)
[   179.716] (II) systemd-logind: got fd for /dev/dri/card0 226:0 fd 12 paused 0
[   179.719] (--) PCI:*(0@0:2:0) 8086:3ea0:17aa:2292 rev 2, Mem @ 0xe9000000/16777216, 0xc0000000/268435456, I/O @ 0x00002000/64, BIOS @ 0x????????/131072
[   179.719] (II) LoadModule: "glx"
[   179.720] (II) Loading /usr/lib/xorg/modules/extensions/libglx.so
[   179.722] (II) Module glx: vendor="X.Org Foundation"
[   179.722] 	compiled for 1.20.4, module version = 1.0.0
[   179.722] 	ABI class: X.Org Server Extension, version 10.0
[   179.722] (==) Matched modesetting as autoconfigured driver 0
[   179.722] (==) Matched fbdev as autoconfigured driver 1
[   179.722] (==) Matched vesa as autoconfigured driver 2
[   179.722] (==) Assigned the driver to the xf86ConfigLayout
[   179.722] (II) LoadModule: "modesetting"
[   179.722] (II) Loading /usr/lib/xorg/modules/drivers/modesetting_drv.so
[   179.724] (II) Module modesetting: vendor="X.Org Foundation"
[   179.724] 	compiled for 1.20.4, module version = 1.20.4
[   179.724] 	Module class: X.Org Video Driver
[   179.724] 	ABI class: X.Org Video Driver, version 24.0
[   179.724] (II) LoadModule: "fbdev"
[   179.724] (II) Loading /usr/lib/xorg/modules/drivers/fbdev_drv.so
[   179.724] (II) Module fbdev: vendor="X.Org Foundation"
[   179.724] 	compiled for 1.20.1, module version = 0.5.0
[   179.724] 	Module class: X.Org Video Driver
[   179.724] 	ABI class: X.Org Video Driver, version 24.0
[   179.724] (II) LoadModule: "vesa"
[   179.724] (II) Loading /usr/lib/xorg/modules/drivers/vesa_drv.so
[   179.725] (II) Module vesa: vendor="X.Org Foundation"
[   179.725] 	compiled for 1.20.1, module version = 2.4.0
[   179.725] 	Module class: X.Org Video Driver
[   179.725] 	ABI class: X.Org Video Driver, version 24.0
[   179.725] (II) modesetting: Driver for Modesetting Kernel Drivers: kms
[   179.725] (II) FBDEV: driver for framebuffer: fbdev
[   179.725] (II) VESA: driver for VESA chipsets: vesa
[   179.725] xf86EnableIOPorts: failed to set IOPL for I/O (Operation not permitted)
[   179.725] (II) modeset(0): using drv /dev/dri/card0
[   179.725] (WW) Falling back to old probe method for fbdev
[   179.725] (II) Loading sub module "fbdevhw"
[   179.725] (II) LoadModule: "fbdevhw"
[   179.725] (II) Loading /usr/lib/xorg/modules/libfbdevhw.so
[   179.725] (II) Module fbdevhw: vendor="X.Org Foundation"
[   179.725] 	compiled for 1.20.4, module version = 0.0.2
[   179.725] 	ABI class: X.Org Video Driver, version 24.0
[   179.725] (EE) open /dev/fb0: Permission denied
[   179.725] (WW) VGA arbiter: cannot open kernel arbiter, no multi-card support
[   179.725] (II) modeset(0): Creating default Display subsection in Screen section
	"Default Screen Section" for depth/fbbpp 24/32
[   179.725] (==) modeset(0): Depth 24, (==) framebuffer bpp 32
[   179.725] (==) modeset(0): RGB weight 888
[   179.725] (==) modeset(0): Default visual is TrueColor
[   179.725] (II) Loading sub module "glamoregl"
[   179.725] (II) LoadModule: "glamoregl"
[   179.725] (II) Loading /usr/lib/xorg/modules/libglamoregl.so
[   179.730] (II) Module glamoregl: vendor="X.Org Foundation"
[   179.730] 	compiled for 1.20.4, module version = 1.0.1
[   179.730] 	ABI class: X.Org ANSI C Emulation, version 0.4
[   179.750] (II) modeset(0): glamor X acceleration enabled on Mesa DRI Intel(R) UHD Graphics (Whiskey Lake 3x8 GT2) 
[   179.750] (II) modeset(0): glamor initialized
[   179.751] (II) modeset(0): Output eDP-1 has no monitor section
[   179.752] (II) modeset(0): Output DP-1 has no monitor section
[   179.761] (II) modeset(0): Output HDMI-1 has no monitor section
[   179.761] (II) modeset(0): Output DP-2 has no monitor section
[   179.763] (II) modeset(0): EDID for output eDP-1
[   179.763] (II) modeset(0): Manufacturer: AUO  Model: 2236  Serial#: 0
[   179.763] (II) modeset(0): Year: 2017  Week: 0
[   179.763] (II) modeset(0): EDID Version: 1.4
[   179.763] (II) modeset(0): Digital Display Input
[   179.763] (II) modeset(0): 8 bits per channel
[   179.763] (II) modeset(0): Digital interface is DisplayPort
[   179.763] (II) modeset(0): Max Image Size [cm]: horiz.: 31  vert.: 17
[   179.763] (II) modeset(0): Gamma: 2.20
[   179.763] (II) modeset(0): No DPMS capabilities specified
[   179.763] (II) modeset(0): Supported color encodings: RGB 4:4:4 
[   179.763] (II) modeset(0): First detailed timing is preferred mode
[   179.763] (II) modeset(0): Preferred mode is native pixel format and refresh rate
[   179.763] (II) modeset(0): redX: 0.644 redY: 0.331   greenX: 0.302 greenY: 0.609
[   179.763] (II) modeset(0): blueX: 0.155 blueY: 0.062   whiteX: 0.313 whiteY: 0.329
[   179.763] (II) modeset(0): Manufacturer's mask: 0
[   179.763] (II) modeset(0): Supported detailed timing:
[   179.763] (II) modeset(0): clock: 245.5 MHz   Image Size:  309 x 174 mm
[   179.763] (II) modeset(0): h_active: 2560  h_sync: 2608  h_sync_end 2640 h_blank_end 2720 h_border: 0
[   179.763] (II) modeset(0): v_active: 1440  v_sync: 1443  v_sync_end 1448 v_blanking: 1504 v_border: 0
[   179.763] (II) modeset(0): Unknown vendor-specific block f
[   179.763] (II) modeset(0):  AUO
[   179.763] (II) modeset(0):  B140QAN02.2
[   179.763] (II) modeset(0): EDID (in hex):
[   179.763] (II) modeset(0): 	00ffffffffffff0006af362200000000
[   179.763] (II) modeset(0): 	001b0104a51f117802f4f5a4544d9c27
[   179.763] (II) modeset(0): 	0f505400000001010101010101010101
[   179.763] (II) modeset(0): 	010101010101e65f00a0a0a040503020
[   179.763] (II) modeset(0): 	350035ae100000180000000f00000000
[   179.763] (II) modeset(0): 	00000000000000000020000000fe0041
[   179.763] (II) modeset(0): 	554f0a202020202020202020000000fe
[   179.763] (II) modeset(0): 	004231343051414e30322e32200a00b4
[   179.763] (II) modeset(0): Printing probed modes for output eDP-1
[   179.763] (II) modeset(0): Modeline "2560x1440"x60.0  245.50  2560 2608 2640 2720  1440 1443 1448 1504 -hsync -vsync (90.3 kHz eP)
[   179.763] (II) modeset(0): Modeline "2560x1440"x120.0  638.25  2560 2780 3064 3568  1440 1441 1444 1491 doublescan -hsync +vsync (178.9 kHz d)
[   179.763] (II) modeset(0): Modeline "2560x1440"x120.0  469.12  2560 2584 2600 2640  1440 1441 1444 1481 doublescan +hsync -vsync (177.7 kHz d)
[   179.763] (II) modeset(0): Modeline "2560x1440"x60.0  312.25  2560 2752 3024 3488  1440 1443 1448 1493 -hsync +vsync (89.5 kHz d)
[   179.764] (II) modeset(0): Modeline "2560x1440"x60.0  241.50  2560 2608 2640 2720  1440 1443 1448 1481 +hsync -vsync (88.8 kHz d)
[   179.764] (II) modeset(0): Modeline "1920x1440"x60.0  234.00  1920 2048 2256 2600  1440 1441 1444 1500 -hsync +vsync (90.0 kHz d)
[   179.764] (II) modeset(0): Modeline "1856x1392"x60.0  218.30  1856 1952 2176 2528  1392 1393 1396 1439 -hsync +vsync (86.4 kHz d)
[   179.764] (II) modeset(0): Modeline "1792x1344"x60.0  204.80  1792 1920 2120 2448  1344 1345 1348 1394 -hsync +vsync (83.7 kHz d)
[   179.764] (II) modeset(0): Modeline "2048x1152"x120.0  406.50  2048 2220 2444 2840  1152 1153 1156 1193 doublescan -hsync +vsync (143.1 kHz d)
[   179.764] (II) modeset(0): Modeline "2048x1152"x120.0  302.50  2048 2072 2088 2128  1152 1153 1156 1185 doublescan +hsync -vsync (142.2 kHz d)
[   179.764] (II) modeset(0): Modeline "2048x1152"x59.9  197.00  2048 2184 2400 2752  1152 1155 1160 1195 -hsync +vsync (71.6 kHz d)
[   179.764] (II) modeset(0): Modeline "2048x1152"x59.9  156.75  2048 2096 2128 2208  1152 1155 1160 1185 +hsync -vsync (71.0 kHz d)
[   179.764] (II) modeset(0): Modeline "1920x1200"x59.9  193.25  1920 2056 2256 2592  1200 1203 1209 1245 -hsync +vsync (74.6 kHz d)
[   179.764] (II) modeset(0): Modeline "1920x1200"x60.0  154.00  1920 1968 2000 2080  1200 1203 1209 1235 +hsync -vsync (74.0 kHz d)
[   179.764] (II) modeset(0): Modeline "1920x1080"x120.0  356.38  1920 2080 2288 2656  1080 1081 1084 1118 doublescan -hsync +vsync (134.2 kHz d)
[   179.764] (II) modeset(0): Modeline "1920x1080"x119.9  266.50  1920 1944 1960 2000  1080 1081 1084 1111 doublescan +hsync -vsync (133.2 kHz d)
[   179.764] (II) modeset(0): Modeline "1920x1080"x60.0  173.00  1920 2048 2248 2576  1080 1083 1088 1120 -hsync +vsync (67.2 kHz d)
[   179.764] (II) modeset(0): Modeline "1920x1080"x59.9  138.50  1920 1968 2000 2080  1080 1083 1088 1111 +hsync -vsync (66.6 kHz d)
[   179.764] (II) modeset(0): Modeline "1600x1200"x60.0  162.00  1600 1664 1856 2160  1200 1201 1204 1250 +hsync +vsync (75.0 kHz d)
[   179.764] (II) modeset(0): Modeline "1680x1050"x60.0  146.25  1680 1784 1960 2240  1050 1053 1059 1089 -hsync +vsync (65.3 kHz d)
[   179.764] (II) modeset(0): Modeline "1680x1050"x59.9  119.00  1680 1728 1760 1840  1050 1053 1059 1080 +hsync -vsync (64.7 kHz d)
[   179.764] (II) modeset(0): Modeline "1600x1024"x60.2  103.12  1600 1600 1656 1664  1024 1024 1029 1030 +hsync +vsync (62.0 kHz d)
[   179.764] (II) modeset(0): Modeline "1400x1050"x60.0  122.00  1400 1488 1640 1880  1050 1052 1064 1082 +hsync +vsync (64.9 kHz d)
[   179.764] (II) modeset(0): Modeline "1600x900"x120.0  246.00  1600 1728 1900 2200  900 901 904 932 doublescan -hsync +vsync (111.8 kHz d)
[   179.764] (II) modeset(0): Modeline "1600x900"x119.9  186.50  1600 1624 1640 1680  900 901 904 926 doublescan +hsync -vsync (111.0 kHz d)
[   179.764] (II) modeset(0): Modeline "1600x900"x59.9  118.25  1600 1696 1856 2112  900 903 908 934 -hsync +vsync (56.0 kHz d)
[   179.764] (II) modeset(0): Modeline "1600x900"x59.8   97.50  1600 1648 1680 1760  900 903 908 926 +hsync -vsync (55.4 kHz d)
[   179.764] (II) modeset(0): Modeline "1280x1024"x60.0  108.00  1280 1328 1440 1688  1024 1025 1028 1066 +hsync +vsync (64.0 kHz d)
[   179.764] (II) modeset(0): Modeline "1440x900"x59.9  106.50  1440 1520 1672 1904  900 903 909 934 -hsync +vsync (55.9 kHz d)
[   179.764] (II) modeset(0): Modeline "1400x900"x60.0  103.50  1400 1480 1624 1848  900 903 913 934 -hsync +vsync (56.0 kHz d)
[   179.764] (II) modeset(0): Modeline "1400x900"x59.9   86.50  1400 1448 1480 1560  900 903 913 926 +hsync -vsync (55.4 kHz d)
[   179.764] (II) modeset(0): Modeline "1280x960"x60.0  108.00  1280 1376 1488 1800  960 961 964 1000 +hsync +vsync (60.0 kHz d)
[   179.764] (II) modeset(0): Modeline "1440x810"x120.0  198.12  1440 1548 1704 1968  810 811 814 839 doublescan -hsync +vsync (100.7 kHz d)
[   179.764] (II) modeset(0): Modeline "1440x810"x119.9  151.88  1440 1464 1480 1520  810 811 814 833 doublescan +hsync -vsync (99.9 kHz d)
[   179.764] (II) modeset(0): Modeline "1368x768"x59.9   85.25  1368 1440 1576 1784  768 771 781 798 -hsync +vsync (47.8 kHz d)
[   179.764] (II) modeset(0): Modeline "1368x768"x59.9   72.25  1368 1416 1448 1528  768 771 781 790 +hsync -vsync (47.3 kHz d)
[   179.764] (II) modeset(0): Modeline "1360x768"x59.8   84.75  1360 1432 1568 1776  768 771 781 798 -hsync +vsync (47.7 kHz d)
[   179.764] (II) modeset(0): Modeline "1360x768"x60.0   72.00  1360 1408 1440 1520  768 771 781 790 +hsync -vsync (47.4 kHz d)
[   179.764] (II) modeset(0): Modeline "1280x800"x120.0  174.25  1280 1380 1516 1752  800 801 804 829 doublescan -hsync +vsync (99.5 kHz d)
[   179.764] (II) modeset(0): Modeline "1280x800"x119.9  134.25  1280 1304 1320 1360  800 801 804 823 doublescan +hsync -vsync (98.7 kHz d)
[   179.764] (II) modeset(0): Modeline "1280x800"x59.8   83.50  1280 1352 1480 1680  800 803 809 831 -hsync +vsync (49.7 kHz d)
[   179.764] (II) modeset(0): Modeline "1280x800"x59.9   71.00  1280 1328 1360 1440  800 803 809 823 +hsync -vsync (49.3 kHz d)
[   179.764] (II) modeset(0): Modeline "1152x864"x60.0   81.62  1152 1216 1336 1520  864 865 868 895 -hsync +vsync (53.7 kHz d)
[   179.764] (II) modeset(0): Modeline "1280x720"x120.0  156.12  1280 1376 1512 1744  720 721 724 746 doublescan -hsync +vsync (89.5 kHz d)
[   179.764] (II) modeset(0): Modeline "1280x720"x120.0  120.75  1280 1304 1320 1360  720 721 724 740 doublescan +hsync -vsync (88.8 kHz d)
[   179.764] (II) modeset(0): Modeline "1280x720"x59.9   74.50  1280 1344 1472 1664  720 723 728 748 -hsync +vsync (44.8 kHz d)
[   179.764] (II) modeset(0): Modeline "1280x720"x59.7   63.75  1280 1328 1360 1440  720 723 728 741 +hsync -vsync (44.3 kHz d)
[   179.764] (II) modeset(0): Modeline "1024x768"x120.1  133.47  1024 1100 1212 1400  768 768 770 794 doublescan -hsync +vsync (95.3 kHz d)
[   179.764] (II) modeset(0): Modeline "1024x768"x60.0   65.00  1024 1048 1184 1344  768 771 777 806 -hsync -vsync (48.4 kHz d)
[   179.764] (II) modeset(0): Modeline "960x720"x120.0  117.00  960 1024 1128 1300  720 720 722 750 doublescan -hsync +vsync (90.0 kHz d)
[   179.764] (II) modeset(0): Modeline "928x696"x120.1  109.15  928 976 1088 1264  696 696 698 719 doublescan -hsync +vsync (86.4 kHz d)
[   179.764] (II) modeset(0): Modeline "896x672"x120.0  102.40  896 960 1060 1224  672 672 674 697 doublescan -hsync +vsync (83.7 kHz d)
[   179.764] (II) modeset(0): Modeline "1024x576"x119.9   98.50  1024 1092 1200 1376  576 577 580 597 doublescan -hsync +vsync (71.6 kHz d)
[   179.764] (II) modeset(0): Modeline "1024x576"x119.9   78.38  1024 1048 1064 1104  576 577 580 592 doublescan +hsync -vsync (71.0 kHz d)
[   179.764] (II) modeset(0): Modeline "1024x576"x59.9   46.50  1024 1064 1160 1296  576 579 584 599 -hsync +vsync (35.9 kHz d)
[   179.764] (II) modeset(0): Modeline "1024x576"x59.8   42.00  1024 1072 1104 1184  576 579 584 593 +hsync -vsync (35.5 kHz d)
[   179.764] (II) modeset(0): Modeline "960x600"x119.9   96.62  960 1028 1128 1296  600 601 604 622 doublescan -hsync +vsync (74.6 kHz d)
[   179.764] (II) modeset(0): Modeline "960x600"x120.0   77.00  960 984 1000 1040  600 601 604 617 doublescan +hsync -vsync (74.0 kHz d)
[   179.764] (II) modeset(0): Modeline "960x540"x119.9   86.50  960 1024 1124 1288  540 541 544 560 doublescan -hsync +vsync (67.2 kHz d)
[   179.764] (II) modeset(0): Modeline "960x540"x120.0   69.25  960 984 1000 1040  540 541 544 555 doublescan +hsync -vsync (66.6 kHz d)
[   179.764] (II) modeset(0): Modeline "960x540"x59.6   40.75  960 992 1088 1216  540 543 548 562 -hsync +vsync (33.5 kHz d)
[   179.764] (II) modeset(0): Modeline "960x540"x59.8   37.25  960 1008 1040 1120  540 543 548 556 +hsync -vsync (33.3 kHz d)
[   179.764] (II) modeset(0): Modeline "800x600"x120.0   81.00  800 832 928 1080  600 600 602 625 doublescan +hsync +vsync (75.0 kHz d)
[   179.764] (II) modeset(0): Modeline "800x600"x60.3   40.00  800 840 968 1056  600 601 605 628 +hsync +vsync (37.9 kHz d)
[   179.764] (II) modeset(0): Modeline "800x600"x56.2   36.00  800 824 896 1024  600 601 603 625 +hsync +vsync (35.2 kHz d)
[   179.764] (II) modeset(0): Modeline "840x525"x120.0   73.12  840 892 980 1120  525 526 529 544 doublescan -hsync +vsync (65.3 kHz d)
[   179.764] (II) modeset(0): Modeline "840x525"x119.8   59.50  840 864 880 920  525 526 529 540 doublescan +hsync -vsync (64.7 kHz d)
[   179.764] (II) modeset(0): Modeline "864x486"x59.9   32.50  864 888 968 1072  486 489 494 506 -hsync +vsync (30.3 kHz d)
[   179.764] (II) modeset(0): Modeline "864x486"x59.6   30.50  864 912 944 1024  486 489 494 500 +hsync -vsync (29.8 kHz d)
[   179.764] (II) modeset(0): Modeline "800x512"x120.3   51.56  800 800 828 832  512 512 514 515 doublescan +hsync +vsync (62.0 kHz d)
[   179.764] (II) modeset(0): Modeline "700x525"x120.0   61.00  700 744 820 940  525 526 532 541 doublescan +hsync +vsync (64.9 kHz d)
[   179.764] (II) modeset(0): Modeline "800x450"x119.9   59.12  800 848 928 1056  450 451 454 467 doublescan -hsync +vsync (56.0 kHz d)
[   179.764] (II) modeset(0): Modeline "800x450"x119.6   48.75  800 824 840 880  450 451 454 463 doublescan +hsync -vsync (55.4 kHz d)
[   179.764] (II) modeset(0): Modeline "640x512"x120.0   54.00  640 664 720 844  512 512 514 533 doublescan +hsync +vsync (64.0 kHz d)
[   179.764] (II) modeset(0): Modeline "720x450"x119.8   53.25  720 760 836 952  450 451 454 467 doublescan -hsync +vsync (55.9 kHz d)
[   179.764] (II) modeset(0): Modeline "700x450"x119.9   51.75  700 740 812 924  450 451 456 467 doublescan -hsync +vsync (56.0 kHz d)
[   179.764] (II) modeset(0): Modeline "700x450"x119.8   43.25  700 724 740 780  450 451 456 463 doublescan +hsync -vsync (55.4 kHz d)
[   179.764] (II) modeset(0): Modeline "640x480"x120.0   54.00  640 688 744 900  480 480 482 500 doublescan +hsync +vsync (60.0 kHz d)
[   179.764] (II) modeset(0): Modeline "640x480"x59.9   25.18  640 656 752 800  480 490 492 525 -hsync -vsync (31.5 kHz d)
[   179.764] (II) modeset(0): Modeline "720x405"x59.5   22.50  720 744 808 896  405 408 413 422 -hsync +vsync (25.1 kHz d)
[   179.764] (II) modeset(0): Modeline "720x405"x59.0   21.75  720 768 800 880  405 408 413 419 +hsync -vsync (24.7 kHz d)
[   179.764] (II) modeset(0): Modeline "684x384"x119.8   42.62  684 720 788 892  384 385 390 399 doublescan -hsync +vsync (47.8 kHz d)
[   179.764] (II) modeset(0): Modeline "684x384"x119.7   36.12  684 708 724 764  384 385 390 395 doublescan +hsync -vsync (47.3 kHz d)
[   179.764] (II) modeset(0): Modeline "680x384"x119.6   42.38  680 716 784 888  384 385 390 399 doublescan -hsync +vsync (47.7 kHz d)
[   179.764] (II) modeset(0): Modeline "680x384"x119.9   36.00  680 704 720 760  384 385 390 395 doublescan +hsync -vsync (47.4 kHz d)
[   179.764] (II) modeset(0): Modeline "640x400"x119.8   41.75  640 676 740 840  400 401 404 415 doublescan -hsync +vsync (49.7 kHz d)
[   179.764] (II) modeset(0): Modeline "640x400"x120.0   35.50  640 664 680 720  400 401 404 411 doublescan +hsync -vsync (49.3 kHz d)
[   179.764] (II) modeset(0): Modeline "576x432"x120.1   40.81  576 608 668 760  432 432 434 447 doublescan -hsync +vsync (53.7 kHz d)
[   179.764] (II) modeset(0): Modeline "640x360"x119.7   37.25  640 672 736 832  360 361 364 374 doublescan -hsync +vsync (44.8 kHz d)
[   179.764] (II) modeset(0): Modeline "640x360"x119.7   31.88  640 664 680 720  360 361 364 370 doublescan +hsync -vsync (44.3 kHz d)
[   179.764] (II) modeset(0): Modeline "640x360"x59.8   18.00  640 664 720 800  360 363 368 376 -hsync +vsync (22.5 kHz d)
[   179.764] (II) modeset(0): Modeline "640x360"x59.3   17.75  640 688 720 800  360 363 368 374 +hsync -vsync (22.2 kHz d)
[   179.764] (II) modeset(0): Modeline "512x384"x120.0   32.50  512 524 592 672  384 385 388 403 doublescan -hsync -vsync (48.4 kHz d)
[   179.764] (II) modeset(0): Modeline "512x288"x120.0   23.25  512 532 580 648  288 289 292 299 doublescan -hsync +vsync (35.9 kHz d)
[   179.764] (II) modeset(0): Modeline "512x288"x119.8   21.00  512 536 552 592  288 289 292 296 doublescan +hsync -vsync (35.5 kHz d)
[   179.764] (II) modeset(0): Modeline "480x270"x119.3   20.38  480 496 544 608  270 271 274 281 doublescan -hsync +vsync (33.5 kHz d)
[   179.764] (II) modeset(0): Modeline "480x270"x119.6   18.62  480 504 520 560  270 271 274 278 doublescan +hsync -vsync (33.3 kHz d)
[   179.764] (II) modeset(0): Modeline "400x300"x120.6   20.00  400 420 484 528  300 300 302 314 doublescan +hsync +vsync (37.9 kHz d)
[   179.764] (II) modeset(0): Modeline "400x300"x112.7   18.00  400 412 448 512  300 300 301 312 doublescan +hsync +vsync (35.2 kHz d)
[   179.764] (II) modeset(0): Modeline "432x243"x119.8   16.25  432 444 484 536  243 244 247 253 doublescan -hsync +vsync (30.3 kHz d)
[   179.764] (II) modeset(0): Modeline "432x243"x119.1   15.25  432 456 472 512  243 244 247 250 doublescan +hsync -vsync (29.8 kHz d)
[   179.764] (II) modeset(0): Modeline "320x240"x120.1   12.59  320 328 376 400  240 245 246 262 doublescan -hsync -vsync (31.5 kHz d)
[   179.764] (II) modeset(0): Modeline "360x202"x119.0   11.25  360 372 404 448  202 204 206 211 doublescan -hsync +vsync (25.1 kHz d)
[   179.764] (II) modeset(0): Modeline "360x202"x118.3   10.88  360 384 400 440  202 204 206 209 doublescan +hsync -vsync (24.7 kHz d)
[   179.764] (II) modeset(0): Modeline "320x180"x119.7    9.00  320 332 360 400  180 181 184 188 doublescan -hsync +vsync (22.5 kHz d)
[   179.764] (II) modeset(0): Modeline "320x180"x118.6    8.88  320 344 360 400  180 181 184 187 doublescan +hsync -vsync (22.2 kHz d)
[   179.764] (II) modeset(0): EDID for output DP-1
[   179.774] (II) modeset(0): EDID for output HDMI-1
[   179.774] (II) modeset(0): EDID for output DP-2
[   179.774] (II) modeset(0): Output eDP-1 connected
[   179.774] (II) modeset(0): Output DP-1 disconnected
[   179.774] (II) modeset(0): Output HDMI-1 disconnected
[   179.774] (II) modeset(0): Output DP-2 disconnected
[   179.774] (II) modeset(0): Using exact sizes for initial modes
[   179.774] (II) modeset(0): Output eDP-1 using initial mode 2560x1440 +0+0
[   179.774] (==) modeset(0): Using gamma correction (1.0, 1.0, 1.0)
[   179.774] (==) modeset(0): DPI set to (96, 96)
[   179.774] (II) Loading sub module "fb"
[   179.774] (II) LoadModule: "fb"
[   179.774] (II) Loading /usr/lib/xorg/modules/libfb.so
[   179.775] (II) Module fb: vendor="X.Org Foundation"
[   179.775] 	compiled for 1.20.4, module version = 1.0.0
[   179.775] 	ABI class: X.Org ANSI C Emulation, version 0.4
[   179.775] (II) UnloadModule: "fbdev"
[   179.775] (II) Unloading fbdev
[   179.775] (II) UnloadSubModule: "fbdevhw"
[   179.775] (II) Unloading fbdevhw
[   179.775] (II) UnloadModule: "vesa"
[   179.775] (II) Unloading vesa
[   179.818] (==) modeset(0): Backing store enabled
[   179.818] (==) modeset(0): Silken mouse enabled
[   179.873] (II) modeset(0): Initializing kms color map for depth 24, 8 bpc.
[   179.873] (==) modeset(0): DPMS enabled
[   179.873] (II) modeset(0): [DRI2] Setup complete
[   179.873] (II) modeset(0): [DRI2]   DRI driver: i965
[   179.873] (II) modeset(0): [DRI2]   VDPAU driver: i965
[   179.873] (II) Initializing extension Generic Event Extension
[   179.873] (II) Initializing extension SHAPE
[   179.873] (II) Initializing extension MIT-SHM
[   179.873] (II) Initializing extension XInputExtension
[   179.876] (II) Initializing extension XTEST
[   179.876] (II) Initializing extension BIG-REQUESTS
[   179.876] (II) Initializing extension SYNC
[   179.876] (II) Initializing extension XKEYBOARD
[   179.876] (II) Initializing extension XC-MISC
[   179.876] (II) Initializing extension SECURITY
[   179.877] (II) Initializing extension XFIXES
[   179.877] (II) Initializing extension RENDER
[   179.877] (II) Initializing extension RANDR
[   179.877] (II) Initializing extension COMPOSITE
[   179.877] (II) Initializing extension DAMAGE
[   179.877] (II) Initializing extension MIT-SCREEN-SAVER
[   179.877] (II) Initializing extension DOUBLE-BUFFER
[   179.877] (II) Initializing extension RECORD
[   179.877] (II) Initializing extension DPMS
[   179.877] (II) Initializing extension Present
[   179.878] (II) Initializing extension DRI3
[   179.878] (II) Initializing extension X-Resource
[   179.878] (II) Initializing extension XVideo
[   179.878] (II) Initializing extension XVideo-MotionCompensation
[   179.878] (II) Initializing extension SELinux
[   179.878] (II) SELinux: Disabled on system
[   179.878] (II) Initializing extension GLX
[   179.884] (II) AIGLX: Loaded and initialized i965
[   179.884] (II) GLX: Initialized DRI2 GL provider for screen 0
[   179.884] (II) Initializing extension XFree86-VidModeExtension
[   179.884] (II) Initializing extension XFree86-DGA
[   179.884] (II) Initializing extension XFree86-DRI
[   179.884] (II) Initializing extension DRI2
[   179.886] (II) modeset(0): Damage tracking initialized
[   179.886] (II) modeset(0): Setting screen physical size to 677 x 381
[   179.921] (II) config/udev: Adding input device Power Button (/dev/input/event2)
[   179.921] (**) Power Button: Applying InputClass "libinput keyboard catchall"
[   179.921] (II) LoadModule: "libinput"
[   179.921] (II) Loading /usr/lib/xorg/modules/input/libinput_drv.so
[   179.923] (II) Module libinput: vendor="X.Org Foundation"
[   179.923] 	compiled for 1.20.1, module version = 0.28.1
[   179.923] 	Module class: X.Org XInput Driver
[   179.923] 	ABI class: X.Org XInput driver, version 24.1
[   179.923] (II) Using input driver 'libinput' for 'Power Button'
[   179.923] (II) systemd-logind: got fd for /dev/input/event2 13:66 fd 21 paused 0
[   179.923] (**) Power Button: always reports core events
[   179.923] (**) Option "Device" "/dev/input/event2"
[   179.924] (**) Option "_source" "server/udev"
[   179.924] (II) event2  - Power Button: is tagged by udev as: Keyboard
[   179.924] (II) event2  - Power Button: device is a keyboard
[   179.924] (II) event2  - Power Button: device removed
[   179.924] (**) Option "config_info" "udev:/sys/devices/LNXSYSTM:00/LNXPWRBN:00/input/input2/event2"
[   179.924] (II) XINPUT: Adding extended input device "Power Button" (type: KEYBOARD, id 6)
[   179.924] (**) Option "xkb_model" "pc105"
[   179.924] (**) Option "xkb_layout" "us"
[   179.925] (II) event2  - Power Button: is tagged by udev as: Keyboard
[   179.925] (II) event2  - Power Button: device is a keyboard
[   179.925] (II) config/udev: Adding input device Video Bus (/dev/input/event12)
[   179.925] (**) Video Bus: Applying InputClass "libinput keyboard catchall"
[   179.925] (II) Using input driver 'libinput' for 'Video Bus'
[   179.925] (II) systemd-logind: got fd for /dev/input/event12 13:76 fd 24 paused 0
[   179.925] (**) Video Bus: always reports core events
[   179.925] (**) Option "Device" "/dev/input/event12"
[   179.925] (**) Option "_source" "server/udev"
[   179.926] (II) event12 - Video Bus: is tagged by udev as: Keyboard
[   179.926] (II) event12 - Video Bus: device is a keyboard
[   179.926] (II) event12 - Video Bus: device removed
[   179.926] (**) Option "config_info" "udev:/sys/devices/LNXSYSTM:00/LNXSYBUS:00/PNP0A08:00/LNXVIDEO:00/input/input23/event12"
[   179.926] (II) XINPUT: Adding extended input device "Video Bus" (type: KEYBOARD, id 7)
[   179.926] (**) Option "xkb_model" "pc105"
[   179.926] (**) Option "xkb_layout" "us"
[   179.927] (II) event12 - Video Bus: is tagged by udev as: Keyboard
[   179.927] (II) event12 - Video Bus: device is a keyboard
[   179.927] (II) config/udev: Adding input device Lid Switch (/dev/input/event1)
[   179.927] (II) No input driver specified, ignoring this device.
[   179.927] (II) This device may have been added with another device file.
[   179.927] (II) config/udev: Adding input device Sleep Button (/dev/input/event0)
[   179.927] (**) Sleep Button: Applying InputClass "libinput keyboard catchall"
[   179.927] (II) Using input driver 'libinput' for 'Sleep Button'
[   179.928] (II) systemd-logind: got fd for /dev/input/event0 13:64 fd 25 paused 0
[   179.928] (**) Sleep Button: always reports core events
[   179.928] (**) Option "Device" "/dev/input/event0"
[   179.928] (**) Option "_source" "server/udev"
[   179.928] (II) event0  - Sleep Button: is tagged by udev as: Keyboard
[   179.928] (II) event0  - Sleep Button: device is a keyboard
[   179.928] (II) event0  - Sleep Button: device removed
[   179.928] (**) Option "config_info" "udev:/sys/devices/LNXSYSTM:00/LNXSYBUS:00/PNP0C0E:00/input/input0/event0"
[   179.928] (II) XINPUT: Adding extended input device "Sleep Button" (type: KEYBOARD, id 8)
[   179.928] (**) Option "xkb_model" "pc105"
[   179.928] (**) Option "xkb_layout" "us"
[   179.929] (II) event0  - Sleep Button: is tagged by udev as: Keyboard
[   179.929] (II) event0  - Sleep Button: device is a keyboard
[   179.930] (II) config/udev: Adding input device Wacom Pen and multitouch sensor Finger (/dev/input/event5)
[   179.930] (**) Wacom Pen and multitouch sensor Finger: Applying InputClass "libinput touchscreen catchall"
[   179.930] (**) Wacom Pen and multitouch sensor Finger: Applying InputClass "Wacom USB touchscreen class"
[   179.930] (**) Wacom Pen and multitouch sensor Finger: Applying InputClass "Wacom touchscreen class"
[   179.930] (II) LoadModule: "wacom"
[   179.930] (II) Loading /usr/lib/xorg/modules/input/wacom_drv.so
[   179.931] (II) Module wacom: vendor="X.Org Foundation"
[   179.931] 	compiled for 1.20.1, module version = 0.36.1
[   179.931] 	Module class: X.Org XInput Driver
[   179.931] 	ABI class: X.Org XInput driver, version 24.1
[   179.931] (II) Build version: 0.36.1
[   179.931] (II) wacom: Driver for Wacom graphics tablets: PenPartner, Graphire,
	Graphire2 4x5, Graphire2 5x7, Graphire3 4x5, Graphire3 6x8,
	Graphire4 4x5, Graphire4 6x8, BambooFun 4x5, BambooFun 6x8,
	Bamboo1 Medium, Graphire4 6x8 BlueTooth, CTL-460, CTH-461, CTL-660,
	CTL-461/S, Bamboo Touch, CTH-460/K, CTH-461/S, CTH-661/S1, CTH-461/L,
	CTH-661/L, Intuos 4x5, Intuos 6x8, Intuos 9x12, Intuos 12x12,
	Intuos 12x18, PTU600, PL400, PL500, PL600, PL600SX, PL550, PL800,
	PL700, PL510, PL710, DTI520, DTF720, DTF720a, DTF521, DTU1931,
	DTU2231, DTU1631, DTH1152, DTH1152, DTK2451, DTH2452, DTH2452,
	Intuos2 4x5, Intuos2 6x8, Intuos2 9x12, Intuos2 12x12, Intuos2 12x18,
	Intuos2 6x8 , Volito, PenStation, Volito2 4x5, Volito2 2x3,
	PenPartner2, Bamboo, Bamboo1, Bamboo1 4x6, Bamboo1 5x8, Intuos3 4x5,
	Intuos3 6x8, Intuos3 9x12, Intuos3 12x12, Intuos3 12x19,
	Intuos3 6x11, Intuos3 4x6, Intuos4 4x6, Intuos4 6x9, Intuos4 8x13,
	Intuos4 12x19, Intuos4 WL USB Endpoint,
	Intuos4 WL Bluetooth Endpoint, Intuos5 touch S, Intuos5 touch M,
	Intuos5 touch L, Intuos5 S, Intuos5 M, Intuos Pro S, Intuos Pro M,
	Intuos Pro L, Cintiq 21UX, Cintiq 20WSX, Cintiq 12WX, Cintiq 21UX2,
	Cintiq 24HD, Cintiq 22HD, Cintiq 24HD touch (EMR digitizer),
	Cintiq 13HD, DTK2241, DTH2242, Cintiq 22HDT, Cintiq 27QHDT,
	Cintiq 27QHDT, Mobilestudio Pro 13, MobileStudio Pro 16,
	MobileStudio Pro 13, MobileStudio Pro 16, Cintiq 13 FHD Pro,
	Cintiq 16 UHD Pro, Cintiq Pro 24, Cintiq Pro 32, Cintiq 13 FHD Pro,
	Cintiq 16 UHD Pro, Cintiq Pro 24, Cintiq Pro 32, Cintiq Pro 24,
	TabletPC 0x90, TabletPC 0x93, TabletPC 0x97, TabletPC 0x9A,
	CapPlus  0x9F, TabletPC 0xE2, TabletPC 0xE3, TabletPC 0xE5,
	TabletPC 0xE6, TabletPC 0xEC, TabletPC 0xED, TabletPC 0xEF,
	TabletPC 0x100, TabletPC 0x101, TabletPC 0x10D, TabletPC 0x116,
	TabletPC 0x12C, TabletPC 0x4001, TabletPC 0x4004, TabletPC 0x5000,
	TabletPC 0x5002, usb:172f:0024, usb:172f:0025, usb:172f:0026,
	usb:172f:0027, usb:172f:0028, usb:172f:0030, usb:172f:0031,
	usb:172f:0032, usb:172f:0033, usb:172f:0034, usb:172f:0035,
	usb:172f:0036, usb:172f:0037, usb:172f:0038, usb:172f:0039,
	usb:172f:0051, usb:172f:0052, usb:172f:0053, usb:172f:0054,
	usb:172f:0055, usb:172f:0056, usb:172f:0057, usb:172f:0058,
	usb:172f:0500, usb:172f:0501, usb:172f:0502, usb:172f:0503,
	usb:1b96:0001, usb:17ef:6004
[   179.933] (II) Using input driver 'wacom' for 'Wacom Pen and multitouch sensor Finger'
[   179.991] (II) systemd-logind: got fd for /dev/input/event5 13:69 fd 26 paused 0
[   179.991] (**) Wacom Pen and multitouch sensor Finger: always reports core events
[   179.991] (**) Option "Device" "/dev/input/event5"
[   179.991] (EE) Wacom Pen and multitouch sensor Finger: Invalid type 'stylus' for this device.
[   179.991] (EE) Wacom Pen and multitouch sensor Finger: Invalid type 'eraser' for this device.
[   179.991] (EE) Wacom Pen and multitouch sensor Finger: Invalid type 'cursor' for this device.
[   179.991] (II) Wacom Pen and multitouch sensor Finger: type not specified, assuming 'touch'.
[   179.991] (II) Wacom Pen and multitouch sensor Finger: other types will be automatically added.
[   179.991] (**) Wacom Pen and multitouch sensor Finger touch: panscroll is 0
[   179.991] (**) Wacom Pen and multitouch sensor Finger touch: panscroll modified to 13
[   179.991] (--) Wacom Pen and multitouch sensor Finger touch: maxX=12372 maxY=6960 maxZ=0 resX=40000 resY=40000 
[   179.991] (II) Wacom Pen and multitouch sensor Finger touch: hotplugging dependent devices.
[   179.991] (EE) Wacom Pen and multitouch sensor Finger touch: Invalid type 'stylus' for this device.
[   179.991] (EE) Wacom Pen and multitouch sensor Finger touch: Invalid type 'eraser' for this device.
[   179.991] (EE) Wacom Pen and multitouch sensor Finger touch: Invalid type 'cursor' for this device.
[   179.991] (EE) Wacom Pen and multitouch sensor Finger touch: Invalid type 'pad' for this device.
[   179.991] (II) Wacom Pen and multitouch sensor Finger touch: hotplugging completed.
[   179.991] (**) Option "config_info" "udev:/sys/devices/pci0000:00/0000:00:14.0/usb1/1-6/1-6:1.0/0003:056A:51B7.0003/input/input12/event5"
[   179.991] (II) XINPUT: Adding extended input device "Wacom Pen and multitouch sensor Finger touch" (type: TOUCH, id 9)
[   179.992] (**) Wacom Pen and multitouch sensor Finger touch: (accel) keeping acceleration scheme 1
[   179.992] (**) Wacom Pen and multitouch sensor Finger touch: (accel) acceleration profile 0
[   179.992] (**) Wacom Pen and multitouch sensor Finger touch: (accel) acceleration factor: 2.000
[   179.992] (**) Wacom Pen and multitouch sensor Finger touch: (accel) acceleration threshold: 4
[   179.993] (II) config/udev: Adding input device Wacom Pen and multitouch sensor Finger (/dev/input/mouse1)
[   179.993] (II) No input driver specified, ignoring this device.
[   179.993] (II) This device may have been added with another device file.
[   179.993] (II) config/udev: Adding input device Wacom Pen and multitouch sensor Pen (/dev/input/event6)
[   179.993] (**) Wacom Pen and multitouch sensor Pen: Applying InputClass "libinput tablet catchall"
[   179.993] (**) Wacom Pen and multitouch sensor Pen: Applying InputClass "Wacom USB tablet class"
[   179.993] (**) Wacom Pen and multitouch sensor Pen: Applying InputClass "Wacom tablet class"
[   179.993] (II) Using input driver 'wacom' for 'Wacom Pen and multitouch sensor Pen'
[   180.051] (II) systemd-logind: got fd for /dev/input/event6 13:70 fd 27 paused 0
[   180.051] (**) Wacom Pen and multitouch sensor Pen: always reports core events
[   180.051] (**) Option "Device" "/dev/input/event6"
[   180.051] (II) Wacom Pen and multitouch sensor Pen: type not specified, assuming 'stylus'.
[   180.051] (II) Wacom Pen and multitouch sensor Pen: other types will be automatically added.
[   180.051] (--) Wacom Pen and multitouch sensor Pen stylus: using pressure threshold of 851 for button 1
[   180.051] (**) Wacom Pen and multitouch sensor Pen stylus: panscroll is 0
[   180.051] (**) Wacom Pen and multitouch sensor Pen stylus: panscroll modified to 1300
[   180.051] (--) Wacom Pen and multitouch sensor Pen stylus: maxX=30935 maxY=17401 maxZ=4095 resX=100000 resY=100000  tilt=enabled
[   180.051] (II) Wacom Pen and multitouch sensor Pen stylus: hotplugging dependent devices.
[   180.051] (EE) Wacom Pen and multitouch sensor Pen stylus: Invalid type 'cursor' for this device.
[   180.051] (EE) Wacom Pen and multitouch sensor Pen stylus: Invalid type 'touch' for this device.
[   180.051] (EE) Wacom Pen and multitouch sensor Pen stylus: Invalid type 'pad' for this device.
[   180.051] (II) Wacom Pen and multitouch sensor Pen stylus: hotplugging completed.
[   180.051] (**) Option "config_info" "udev:/sys/devices/pci0000:00/0000:00:14.0/usb1/1-6/1-6:1.1/0003:056A:51B7.0004/input/input14/event6"
[   180.051] (II) XINPUT: Adding extended input device "Wacom Pen and multitouch sensor Pen stylus" (type: STYLUS, id 10)
[   180.051] (**) Wacom Pen and multitouch sensor Pen stylus: (accel) keeping acceleration scheme 1
[   180.051] (**) Wacom Pen and multitouch sensor Pen stylus: (accel) acceleration profile 0
[   180.051] (**) Wacom Pen and multitouch sensor Pen stylus: (accel) acceleration factor: 2.000
[   180.051] (**) Wacom Pen and multitouch sensor Pen stylus: (accel) acceleration threshold: 4
[   180.052] (II) config/udev: Adding input device Wacom Pen and multitouch sensor Pen (/dev/input/mouse2)
[   180.052] (II) No input driver specified, ignoring this device.
[   180.052] (II) This device may have been added with another device file.
[   180.053] (II) config/udev: Adding input device Integrated Camera: Integrated C (/dev/input/event10)
[   180.053] (**) Integrated Camera: Integrated C: Applying InputClass "libinput keyboard catchall"
[   180.053] (II) Using input driver 'libinput' for 'Integrated Camera: Integrated C'
[   180.053] (II) systemd-logind: got fd for /dev/input/event10 13:74 fd 28 paused 0
[   180.053] (**) Integrated Camera: Integrated C: always reports core events
[   180.053] (**) Option "Device" "/dev/input/event10"
[   180.053] (**) Option "_source" "server/udev"
[   180.054] (II) event10 - Integrated Camera: Integrated C: is tagged by udev as: Keyboard
[   180.054] (II) event10 - Integrated Camera: Integrated C: device is a keyboard
[   180.054] (II) event10 - Integrated Camera: Integrated C: device removed
[   180.054] (**) Option "config_info" "udev:/sys/devices/pci0000:00/0000:00:14.0/usb1/1-8/1-8:1.0/input/input21/event10"
[   180.054] (II) XINPUT: Adding extended input device "Integrated Camera: Integrated C" (type: KEYBOARD, id 11)
[   180.054] (**) Option "xkb_model" "pc105"
[   180.054] (**) Option "xkb_layout" "us"
[   180.055] (II) event10 - Integrated Camera: Integrated C: is tagged by udev as: Keyboard
[   180.055] (II) event10 - Integrated Camera: Integrated C: device is a keyboard
[   180.055] (II) config/udev: Adding input device Integrated Camera: Integrated I (/dev/input/event11)
[   180.055] (**) Integrated Camera: Integrated I: Applying InputClass "libinput keyboard catchall"
[   180.055] (II) Using input driver 'libinput' for 'Integrated Camera: Integrated I'
[   180.056] (II) systemd-logind: got fd for /dev/input/event11 13:75 fd 29 paused 0
[   180.056] (**) Integrated Camera: Integrated I: always reports core events
[   180.056] (**) Option "Device" "/dev/input/event11"
[   180.056] (**) Option "_source" "server/udev"
[   180.057] (II) event11 - Integrated Camera: Integrated I: is tagged by udev as: Keyboard
[   180.057] (II) event11 - Integrated Camera: Integrated I: device is a keyboard
[   180.057] (II) event11 - Integrated Camera: Integrated I: device removed
[   180.057] (**) Option "config_info" "udev:/sys/devices/pci0000:00/0000:00:14.0/usb1/1-8/1-8:1.2/input/input22/event11"
[   180.057] (II) XINPUT: Adding extended input device "Integrated Camera: Integrated I" (type: KEYBOARD, id 12)
[   180.057] (**) Option "xkb_model" "pc105"
[   180.057] (**) Option "xkb_layout" "us"
[   180.057] (II) event11 - Integrated Camera: Integrated I: is tagged by udev as: Keyboard
[   180.057] (II) event11 - Integrated Camera: Integrated I: device is a keyboard
[   180.058] (II) config/udev: Adding input device SYNA8005:00 06CB:CD8C Touchpad (/dev/input/event18)
[   180.058] (**) SYNA8005:00 06CB:CD8C Touchpad: Applying InputClass "libinput touchpad catchall"
[   180.058] (II) Using input driver 'libinput' for 'SYNA8005:00 06CB:CD8C Touchpad'
[   180.059] (II) systemd-logind: got fd for /dev/input/event18 13:82 fd 30 paused 0
[   180.059] (**) SYNA8005:00 06CB:CD8C Touchpad: always reports core events
[   180.059] (**) Option "Device" "/dev/input/event18"
[   180.059] (**) Option "_source" "server/udev"
[   180.059] (II) event18 - SYNA8005:00 06CB:CD8C Touchpad: is tagged by udev as: Touchpad
[   180.059] (II) event18 - SYNA8005:00 06CB:CD8C Touchpad: device is a touchpad
[   180.060] (II) event18 - SYNA8005:00 06CB:CD8C Touchpad: device removed
[   180.060] (**) Option "config_info" "udev:/sys/devices/pci0000:00/0000:00:15.1/i2c_designware.1/i2c-1/i2c-SYNA8005:00/0018:06CB:CD8C.0005/input/input32/event18"
[   180.060] (II) XINPUT: Adding extended input device "SYNA8005:00 06CB:CD8C Touchpad" (type: TOUCHPAD, id 13)
[   180.060] (**) Option "AccelerationScheme" "none"
[   180.060] (**) SYNA8005:00 06CB:CD8C Touchpad: (accel) selected scheme none/0
[   180.060] (**) SYNA8005:00 06CB:CD8C Touchpad: (accel) acceleration factor: 2.000
[   180.060] (**) SYNA8005:00 06CB:CD8C Touchpad: (accel) acceleration threshold: 4
[   180.061] (II) event18 - SYNA8005:00 06CB:CD8C Touchpad: is tagged by udev as: Touchpad
[   180.061] (II) event18 - SYNA8005:00 06CB:CD8C Touchpad: device is a touchpad
[   180.061] (II) config/udev: Adding input device SYNA8005:00 06CB:CD8C Touchpad (/dev/input/mouse3)
[   180.061] (II) No input driver specified, ignoring this device.
[   180.061] (II) This device may have been added with another device file.
[   180.061] (II) config/udev: Adding input device HDA Intel PCH Mic (/dev/input/event7)
[   180.061] (II) No input driver specified, ignoring this device.
[   180.061] (II) This device may have been added with another device file.
[   180.062] (II) config/udev: Adding input device HDA Intel PCH Headphone (/dev/input/event8)
[   180.062] (II) No input driver specified, ignoring this device.
[   180.062] (II) This device may have been added with another device file.
[   180.062] (II) config/udev: Adding input device HDA Intel PCH HDMI/DP,pcm=3 (/dev/input/event13)
[   180.062] (II) No input driver specified, ignoring this device.
[   180.062] (II) This device may have been added with another device file.
[   180.062] (II) config/udev: Adding input device HDA Intel PCH HDMI/DP,pcm=7 (/dev/input/event14)
[   180.062] (II) No input driver specified, ignoring this device.
[   180.062] (II) This device may have been added with another device file.
[   180.063] (II) config/udev: Adding input device HDA Intel PCH HDMI/DP,pcm=8 (/dev/input/event15)
[   180.063] (II) No input driver specified, ignoring this device.
[   180.063] (II) This device may have been added with another device file.
[   180.063] (II) config/udev: Adding input device HDA Intel PCH HDMI/DP,pcm=9 (/dev/input/event16)
[   180.063] (II) No input driver specified, ignoring this device.
[   180.063] (II) This device may have been added with another device file.
[   180.064] (II) config/udev: Adding input device HDA Intel PCH HDMI/DP,pcm=10 (/dev/input/event17)
[   180.064] (II) No input driver specified, ignoring this device.
[   180.064] (II) This device may have been added with another device file.
[   180.064] (II) config/udev: Adding input device AT Translated Set 2 keyboard (/dev/input/event3)
[   180.064] (**) AT Translated Set 2 keyboard: Applying InputClass "libinput keyboard catchall"
[   180.064] (II) Using input driver 'libinput' for 'AT Translated Set 2 keyboard'
[   180.065] (II) systemd-logind: got fd for /dev/input/event3 13:67 fd 31 paused 0
[   180.065] (**) AT Translated Set 2 keyboard: always reports core events
[   180.065] (**) Option "Device" "/dev/input/event3"
[   180.065] (**) Option "_source" "server/udev"
[   180.065] (II) event3  - AT Translated Set 2 keyboard: is tagged by udev as: Keyboard
[   180.065] (II) event3  - AT Translated Set 2 keyboard: device is a keyboard
[   180.065] (II) event3  - AT Translated Set 2 keyboard: device removed
[   180.065] (**) Option "config_info" "udev:/sys/devices/platform/i8042/serio0/input/input3/event3"
[   180.065] (II) XINPUT: Adding extended input device "AT Translated Set 2 keyboard" (type: KEYBOARD, id 14)
[   180.065] (**) Option "xkb_model" "pc105"
[   180.065] (**) Option "xkb_layout" "us"
[   180.066] (II) event3  - AT Translated Set 2 keyboard: is tagged by udev as: Keyboard
[   180.066] (II) event3  - AT Translated Set 2 keyboard: device is a keyboard
[   180.066] (II) config/udev: Adding input device TPPS/2 ALPS TrackPoint (/dev/input/event4)
[   180.066] (**) TPPS/2 ALPS TrackPoint: Applying InputClass "libinput pointer catchall"
[   180.066] (II) Using input driver 'libinput' for 'TPPS/2 ALPS TrackPoint'
[   180.067] (II) systemd-logind: got fd for /dev/input/event4 13:68 fd 32 paused 0
[   180.067] (**) TPPS/2 ALPS TrackPoint: always reports core events
[   180.067] (**) Option "Device" "/dev/input/event4"
[   180.067] (**) Option "_source" "server/udev"
[   180.067] (II) event4  - TPPS/2 ALPS TrackPoint: is tagged by udev as: Mouse Pointingstick
[   180.067] (II) event4  - TPPS/2 ALPS TrackPoint: trackpoint device set to range 20
[   180.067] (II) event4  - TPPS/2 ALPS TrackPoint: device is a pointer
[   180.068] (II) event4  - TPPS/2 ALPS TrackPoint: device removed
[   180.068] (**) Option "config_info" "udev:/sys/devices/platform/i8042/serio1/input/input5/event4"
[   180.068] (II) XINPUT: Adding extended input device "TPPS/2 ALPS TrackPoint" (type: MOUSE, id 15)
[   180.068] (**) Option "AccelerationScheme" "none"
[   180.068] (**) TPPS/2 ALPS TrackPoint: (accel) selected scheme none/0
[   180.068] (**) TPPS/2 ALPS TrackPoint: (accel) acceleration factor: 2.000
[   180.068] (**) TPPS/2 ALPS TrackPoint: (accel) acceleration threshold: 4
[   180.068] (II) event4  - TPPS/2 ALPS TrackPoint: is tagged by udev as: Mouse Pointingstick
[   180.068] (II) event4  - TPPS/2 ALPS TrackPoint: trackpoint device set to range 20
[   180.068] (II) event4  - TPPS/2 ALPS TrackPoint: device is a pointer
[   180.069] (II) config/udev: Adding input device TPPS/2 ALPS TrackPoint (/dev/input/mouse0)
[   180.069] (II) No input driver specified, ignoring this device.
[   180.069] (II) This device may have been added with another device file.
[   180.071] (II) config/udev: Adding input device ThinkPad Extra Buttons (/dev/input/event9)
[   180.071] (**) ThinkPad Extra Buttons: Applying InputClass "libinput keyboard catchall"
[   180.071] (II) Using input driver 'libinput' for 'ThinkPad Extra Buttons'
[   180.071] (II) systemd-logind: got fd for /dev/input/event9 13:73 fd 33 paused 0
[   180.071] (**) ThinkPad Extra Buttons: always reports core events
[   180.071] (**) Option "Device" "/dev/input/event9"
[   180.071] (**) Option "_source" "server/udev"
[   180.072] (II) event9  - ThinkPad Extra Buttons: is tagged by udev as: Keyboard Switch
[   180.072] (II) event9  - ThinkPad Extra Buttons: device is a keyboard
[   180.072] (II) event9  - ThinkPad Extra Buttons: device is a switch device
[   180.072] (II) event9  - ThinkPad Extra Buttons: device removed
[   180.072] (**) Option "config_info" "udev:/sys/devices/platform/thinkpad_acpi/input/input20/event9"
[   180.072] (II) XINPUT: Adding extended input device "ThinkPad Extra Buttons" (type: KEYBOARD, id 16)
[   180.072] (**) Option "xkb_model" "pc105"
[   180.072] (**) Option "xkb_layout" "us"
[   180.073] (II) event9  - ThinkPad Extra Buttons: is tagged by udev as: Keyboard Switch
[   180.073] (II) event9  - ThinkPad Extra Buttons: device is a keyboard
[   180.073] (II) event9  - ThinkPad Extra Buttons: device is a switch device
[   180.094] (**) Wacom Pen and multitouch sensor Pen eraser: Applying InputClass "libinput tablet catchall"
[   180.094] (**) Wacom Pen and multitouch sensor Pen eraser: Applying InputClass "Wacom USB tablet class"
[   180.094] (**) Wacom Pen and multitouch sensor Pen eraser: Applying InputClass "Wacom tablet class"
[   180.094] (II) Using input driver 'wacom' for 'Wacom Pen and multitouch sensor Pen eraser'
[   180.094] (II) systemd-logind: returning pre-existing fd for /dev/input/event6 13:70
[   180.094] (**) Wacom Pen and multitouch sensor Pen eraser: always reports core events
[   180.094] (**) Option "Device" "/dev/input/event6"
[   180.094] (**) Option "Type" "eraser"
[   180.094] (**) Wacom Pen and multitouch sensor Pen eraser: panscroll is 1300
[   180.094] (**) Wacom Pen and multitouch sensor Pen eraser: panscroll modified to 1300
[   180.094] (--) Wacom Pen and multitouch sensor Pen eraser: maxX=30935 maxY=17401 maxZ=4095 resX=100000 resY=100000  tilt=enabled
[   180.094] (**) Option "config_info" "udev:/sys/devices/pci0000:00/0000:00:14.0/usb1/1-6/1-6:1.1/0003:056A:51B7.0004/input/input14/event6"
[   180.095] (II) XINPUT: Adding extended input device "Wacom Pen and multitouch sensor Pen eraser" (type: ERASER, id 17)
[   180.095] (**) Wacom Pen and multitouch sensor Pen eraser: (accel) keeping acceleration scheme 1
[   180.095] (**) Wacom Pen and multitouch sensor Pen eraser: (accel) acceleration profile 0
[   180.095] (**) Wacom Pen and multitouch sensor Pen eraser: (accel) acceleration factor: 2.000
[   180.095] (**) Wacom Pen and multitouch sensor Pen eraser: (accel) acceleration threshold: 4
[   180.400] (II) modeset(0): EDID vendor "AUO", prod id 8758
[   180.400] (II) modeset(0): Printing DDC gathered Modelines:
[   180.400] (II) modeset(0): Modeline "2560x1440"x0.0  245.50  2560 2608 2640 2720  1440 1443 1448 1504 -hsync -vsync (90.3 kHz eP)
[  3325.638] (EE) client bug: timer event18 keyboard: offset negative (-1526ms)
[  3325.638] (EE) client bug: timer event18 keyboard: offset negative (-967ms)
[  3325.638] (EE) client bug: timer event4 debounce: offset negative (-1602ms)
[  3325.638] (EE) client bug: timer event4 btnscroll: offset negative (-1427ms)
[  3325.638] (EE) client bug: timer event4 debounce: offset negative (-1572ms)
[  3325.638] (EE) client bug: timer event4 debounce short: offset negative (-1585ms)
[  3325.638] (EE) client bug: timer event18 tap: offset negative (-550ms)
[  3325.638] (EE) client bug: timer event18 tap: offset negative (-467ms)
[  3325.638] (EE) client bug: timer event18 tap: offset negative (-52ms)
[  3325.638] (EE) client bug: timer event18 tap: offset negative (-45ms)
[  3325.638] (EE) client bug: timer event18 tap: offset negative (-17ms)
[  3325.638] (EE) client bug: timer event18 tap: offset negative (-2ms)
[  3325.639] (EE) event18 - SYNA8005:00 06CB:CD8C Touchpad: libinput bug: invalid tap event TAP_EVENT_PALM in state TAP_STATE_TAPPED
[  4051.977] (II) modeset(0): EDID vendor "AUO", prod id 8758
[  4051.977] (II) modeset(0): Printing DDC gathered Modelines:
[  4051.977] (II) modeset(0): Modeline "2560x1440"x0.0  245.50  2560 2608 2640 2720  1440 1443 1448 1504 -hsync -vsync (90.3 kHz eP)
[  4879.997] (EE) client bug: timer event18 keyboard: offset negative (-466ms)
[  4879.997] (EE) client bug: timer event18 keyboard: offset negative (-246ms)
[  4879.997] (EE) client bug: timer event18 keyboard: offset negative (-5ms)
[  4915.989] (EE) client bug: timer event18 keyboard: offset negative (-108ms)
[  8102.230] (II) modeset(0): EDID vendor "AUO", prod id 8758
[  8102.230] (II) modeset(0): Printing DDC gathered Modelines:
[  8102.230] (II) modeset(0): Modeline "2560x1440"x0.0  245.50  2560 2608 2640 2720  1440 1443 1448 1504 -hsync -vsync (90.3 kHz eP)
