-- Logs begin at Sat 2022-02-19 21:44:39 CET, end at Tue 2022-02-22 22:01:21 CET. --
Feb 22 20:48:22 HOSTNAME /usr/lib/gdm3/gdm-x-session[1100]: (--) Log file renamed from "/home/USERNAME/.local/share/xorg/Xorg.pid-1100.log" to "/home/USERNAME/.local/share/xorg/Xorg.0.log"
Feb 22 20:48:22 HOSTNAME /usr/lib/gdm3/gdm-x-session[1100]: X.Org X Server 1.20.13
Feb 22 20:48:22 HOSTNAME /usr/lib/gdm3/gdm-x-session[1100]: X Protocol Version 11, Revision 0
Feb 22 20:48:22 HOSTNAME /usr/lib/gdm3/gdm-x-session[1100]: Build Operating System: linux Ubuntu
Feb 22 20:48:22 HOSTNAME /usr/lib/gdm3/gdm-x-session[1100]: Current Operating System: Linux HOSTNAME 5.13.0-30-generic #33~20.04.1-Ubuntu SMP Mon Feb 7 14:25:10 UTC 2022 x86_64
Feb 22 20:48:22 HOSTNAME /usr/lib/gdm3/gdm-x-session[1100]: Kernel command line: BOOT_IMAGE=/boot/vmlinuz-5.13.0-30-generic root=UUID=eebe9930-3b0e-419c-9328-8826811f9846 ro quiet splash vt.handoff=7
Feb 22 20:48:22 HOSTNAME /usr/lib/gdm3/gdm-x-session[1100]: Build Date: 14 December 2021  02:14:13PM
Feb 22 20:48:22 HOSTNAME /usr/lib/gdm3/gdm-x-session[1100]: xorg-server 2:1.20.13-1ubuntu1~20.04.2 (For technical support please see http://www.ubuntu.com/support)
Feb 22 20:48:22 HOSTNAME /usr/lib/gdm3/gdm-x-session[1100]: Current version of pixman: 0.38.4
Feb 22 20:48:22 HOSTNAME /usr/lib/gdm3/gdm-x-session[1100]:         Before reporting problems, check http://wiki.x.org
Feb 22 20:48:22 HOSTNAME /usr/lib/gdm3/gdm-x-session[1100]:         to make sure that you have the latest version.
Feb 22 20:48:22 HOSTNAME /usr/lib/gdm3/gdm-x-session[1100]: Markers: (--) probed, (**) from config file, (==) default setting,
Feb 22 20:48:22 HOSTNAME /usr/lib/gdm3/gdm-x-session[1100]:         (++) from command line, (!!) notice, (II) informational,
Feb 22 20:48:22 HOSTNAME /usr/lib/gdm3/gdm-x-session[1100]:         (WW) warning, (EE) error, (NI) not implemented, (??) unknown.
Feb 22 20:48:22 HOSTNAME /usr/lib/gdm3/gdm-x-session[1100]: (==) Log file: "/home/USERNAME/.local/share/xorg/Xorg.0.log", Time: Tue Feb 22 20:48:22 2022
Feb 22 20:48:22 HOSTNAME /usr/lib/gdm3/gdm-x-session[1100]: (==) Using system config directory "/usr/share/X11/xorg.conf.d"
Feb 22 20:48:22 HOSTNAME /usr/lib/gdm3/gdm-x-session[1100]: (==) No Layout section.  Using the first Screen section.
Feb 22 20:48:22 HOSTNAME /usr/lib/gdm3/gdm-x-session[1100]: (==) No screen section available. Using defaults.
Feb 22 20:48:22 HOSTNAME /usr/lib/gdm3/gdm-x-session[1100]: (**) |-->Screen "Default Screen Section" (0)
Feb 22 20:48:22 HOSTNAME /usr/lib/gdm3/gdm-x-session[1100]: (**) |   |-->Monitor "<default monitor>"
Feb 22 20:48:22 HOSTNAME /usr/lib/gdm3/gdm-x-session[1100]: (==) No monitor specified for screen "Default Screen Section".
Feb 22 20:48:22 HOSTNAME /usr/lib/gdm3/gdm-x-session[1100]:         Using a default monitor configuration.
Feb 22 20:48:22 HOSTNAME /usr/lib/gdm3/gdm-x-session[1100]: (==) Automatically adding devices
Feb 22 20:48:22 HOSTNAME /usr/lib/gdm3/gdm-x-session[1100]: (==) Automatically enabling devices
Feb 22 20:48:22 HOSTNAME /usr/lib/gdm3/gdm-x-session[1100]: (==) Automatically adding GPU devices
Feb 22 20:48:22 HOSTNAME /usr/lib/gdm3/gdm-x-session[1100]: (==) Automatically binding GPU devices
Feb 22 20:48:22 HOSTNAME /usr/lib/gdm3/gdm-x-session[1100]: (==) Max clients allowed: 256, resource mask: 0x1fffff
Feb 22 20:48:22 HOSTNAME /usr/lib/gdm3/gdm-x-session[1100]: (WW) The directory "/usr/share/fonts/X11/cyrillic" does not exist.
Feb 22 20:48:22 HOSTNAME /usr/lib/gdm3/gdm-x-session[1100]:         Entry deleted from font path.
Feb 22 20:48:22 HOSTNAME /usr/lib/gdm3/gdm-x-session[1100]: (WW) The directory "/usr/share/fonts/X11/100dpi/" does not exist.
Feb 22 20:48:22 HOSTNAME /usr/lib/gdm3/gdm-x-session[1100]:         Entry deleted from font path.
Feb 22 20:48:22 HOSTNAME /usr/lib/gdm3/gdm-x-session[1100]: (WW) The directory "/usr/share/fonts/X11/75dpi/" does not exist.
Feb 22 20:48:22 HOSTNAME /usr/lib/gdm3/gdm-x-session[1100]:         Entry deleted from font path.
Feb 22 20:48:22 HOSTNAME /usr/lib/gdm3/gdm-x-session[1100]: (WW) The directory "/usr/share/fonts/X11/100dpi" does not exist.
Feb 22 20:48:22 HOSTNAME /usr/lib/gdm3/gdm-x-session[1100]:         Entry deleted from font path.
Feb 22 20:48:22 HOSTNAME /usr/lib/gdm3/gdm-x-session[1100]: (WW) The directory "/usr/share/fonts/X11/75dpi" does not exist.
Feb 22 20:48:22 HOSTNAME /usr/lib/gdm3/gdm-x-session[1100]:         Entry deleted from font path.
Feb 22 20:48:22 HOSTNAME /usr/lib/gdm3/gdm-x-session[1100]: (==) FontPath set to:
Feb 22 20:48:22 HOSTNAME /usr/lib/gdm3/gdm-x-session[1100]:         /usr/share/fonts/X11/misc,
Feb 22 20:48:22 HOSTNAME /usr/lib/gdm3/gdm-x-session[1100]:         /usr/share/fonts/X11/Type1,
Feb 22 20:48:22 HOSTNAME /usr/lib/gdm3/gdm-x-session[1100]:         built-ins
Feb 22 20:48:22 HOSTNAME /usr/lib/gdm3/gdm-x-session[1100]: (==) ModulePath set to "/usr/lib/xorg/modules"
Feb 22 20:48:22 HOSTNAME /usr/lib/gdm3/gdm-x-session[1100]: (II) The server relies on udev to provide the list of input devices.
Feb 22 20:48:22 HOSTNAME /usr/lib/gdm3/gdm-x-session[1100]:         If no devices become available, reconfigure udev or disable AutoAddDevices.
Feb 22 20:48:22 HOSTNAME /usr/lib/gdm3/gdm-x-session[1100]: (II) Loader magic: 0x560a14365020
Feb 22 20:48:22 HOSTNAME /usr/lib/gdm3/gdm-x-session[1100]: (II) Module ABI versions:
Feb 22 20:48:22 HOSTNAME /usr/lib/gdm3/gdm-x-session[1100]:         X.Org ANSI C Emulation: 0.4
Feb 22 20:48:22 HOSTNAME /usr/lib/gdm3/gdm-x-session[1100]:         X.Org Video Driver: 24.1
Feb 22 20:48:22 HOSTNAME /usr/lib/gdm3/gdm-x-session[1100]:         X.Org XInput driver : 24.1
Feb 22 20:48:22 HOSTNAME /usr/lib/gdm3/gdm-x-session[1100]:         X.Org Server Extension : 10.0
Feb 22 20:48:22 HOSTNAME /usr/lib/gdm3/gdm-x-session[1100]: (++) using VT number 2
Feb 22 20:48:22 HOSTNAME /usr/lib/gdm3/gdm-x-session[1100]: (II) systemd-logind: took control of session /org/freedesktop/login1/session/_31
Feb 22 20:48:22 HOSTNAME /usr/lib/gdm3/gdm-x-session[1100]: (II) xfree86: Adding drm device (/dev/dri/card0)
Feb 22 20:48:22 HOSTNAME /usr/lib/gdm3/gdm-x-session[1100]: (II) systemd-logind: got fd for /dev/dri/card0 226:0 fd 12 paused 0
Feb 22 20:48:22 HOSTNAME /usr/lib/gdm3/gdm-x-session[1100]: (--) PCI:*(3@0:0:0) 1002:1638:17aa:3813 rev 193, Mem @ 0xfce0000000/268435456, 0xfcf0000000/2097152, 0xd0400000/524288, I/O @ 0x00001000/256
Feb 22 20:48:22 HOSTNAME /usr/lib/gdm3/gdm-x-session[1100]: (II) LoadModule: "glx"
Feb 22 20:48:22 HOSTNAME /usr/lib/gdm3/gdm-x-session[1100]: (II) Loading /usr/lib/xorg/modules/extensions/libglx.so
Feb 22 20:48:22 HOSTNAME /usr/lib/gdm3/gdm-x-session[1100]: (II) Module glx: vendor="X.Org Foundation"
Feb 22 20:48:22 HOSTNAME /usr/lib/gdm3/gdm-x-session[1100]:         compiled for 1.20.13, module version = 1.0.0
Feb 22 20:48:22 HOSTNAME /usr/lib/gdm3/gdm-x-session[1100]:         ABI class: X.Org Server Extension, version 10.0
Feb 22 20:48:22 HOSTNAME /usr/lib/gdm3/gdm-x-session[1100]: (II) Applying OutputClass "AMDgpu" to /dev/dri/card0
Feb 22 20:48:22 HOSTNAME /usr/lib/gdm3/gdm-x-session[1100]:         loading driver: amdgpu
Feb 22 20:48:22 HOSTNAME /usr/lib/gdm3/gdm-x-session[1100]: (==) Matched amdgpu as autoconfigured driver 0
Feb 22 20:48:22 HOSTNAME /usr/lib/gdm3/gdm-x-session[1100]: (==) Matched ati as autoconfigured driver 1
Feb 22 20:48:22 HOSTNAME /usr/lib/gdm3/gdm-x-session[1100]: (==) Matched modesetting as autoconfigured driver 2
Feb 22 20:48:22 HOSTNAME /usr/lib/gdm3/gdm-x-session[1100]: (==) Matched fbdev as autoconfigured driver 3
Feb 22 20:48:22 HOSTNAME /usr/lib/gdm3/gdm-x-session[1100]: (==) Matched vesa as autoconfigured driver 4
Feb 22 20:48:22 HOSTNAME /usr/lib/gdm3/gdm-x-session[1100]: (==) Assigned the driver to the xf86ConfigLayout
Feb 22 20:48:22 HOSTNAME /usr/lib/gdm3/gdm-x-session[1100]: (II) LoadModule: "amdgpu"
Feb 22 20:48:22 HOSTNAME /usr/lib/gdm3/gdm-x-session[1100]: (II) Loading /usr/lib/xorg/modules/drivers/amdgpu_drv.so
Feb 22 20:48:22 HOSTNAME /usr/lib/gdm3/gdm-x-session[1100]: (II) Module amdgpu: vendor="X.Org Foundation"
Feb 22 20:48:22 HOSTNAME /usr/lib/gdm3/gdm-x-session[1100]:         compiled for 1.20.5, module version = 19.1.0
Feb 22 20:48:22 HOSTNAME /usr/lib/gdm3/gdm-x-session[1100]:         Module class: X.Org Video Driver
Feb 22 20:48:22 HOSTNAME /usr/lib/gdm3/gdm-x-session[1100]:         ABI class: X.Org Video Driver, version 24.0
Feb 22 20:48:22 HOSTNAME /usr/lib/gdm3/gdm-x-session[1100]: (II) LoadModule: "ati"
Feb 22 20:48:22 HOSTNAME /usr/lib/gdm3/gdm-x-session[1100]: (II) Loading /usr/lib/xorg/modules/drivers/ati_drv.so
Feb 22 20:48:22 HOSTNAME /usr/lib/gdm3/gdm-x-session[1100]: (II) Module ati: vendor="X.Org Foundation"
Feb 22 20:48:22 HOSTNAME /usr/lib/gdm3/gdm-x-session[1100]:         compiled for 1.20.5, module version = 19.1.0
Feb 22 20:48:22 HOSTNAME /usr/lib/gdm3/gdm-x-session[1100]:         Module class: X.Org Video Driver
Feb 22 20:48:22 HOSTNAME /usr/lib/gdm3/gdm-x-session[1100]:         ABI class: X.Org Video Driver, version 24.0
Feb 22 20:48:22 HOSTNAME /usr/lib/gdm3/gdm-x-session[1100]: (II) LoadModule: "modesetting"
Feb 22 20:48:22 HOSTNAME /usr/lib/gdm3/gdm-x-session[1100]: (II) Loading /usr/lib/xorg/modules/drivers/modesetting_drv.so
Feb 22 20:48:22 HOSTNAME /usr/lib/gdm3/gdm-x-session[1100]: (II) Module modesetting: vendor="X.Org Foundation"
Feb 22 20:48:22 HOSTNAME /usr/lib/gdm3/gdm-x-session[1100]:         compiled for 1.20.13, module version = 1.20.13
Feb 22 20:48:22 HOSTNAME /usr/lib/gdm3/gdm-x-session[1100]:         Module class: X.Org Video Driver
Feb 22 20:48:22 HOSTNAME /usr/lib/gdm3/gdm-x-session[1100]:         ABI class: X.Org Video Driver, version 24.1
Feb 22 20:48:22 HOSTNAME /usr/lib/gdm3/gdm-x-session[1100]: (II) LoadModule: "fbdev"
Feb 22 20:48:22 HOSTNAME /usr/lib/gdm3/gdm-x-session[1100]: (II) Loading /usr/lib/xorg/modules/drivers/fbdev_drv.so
Feb 22 20:48:22 HOSTNAME /usr/lib/gdm3/gdm-x-session[1100]: (II) Module fbdev: vendor="X.Org Foundation"
Feb 22 20:48:22 HOSTNAME /usr/lib/gdm3/gdm-x-session[1100]:         compiled for 1.20.1, module version = 0.5.0
Feb 22 20:48:22 HOSTNAME /usr/lib/gdm3/gdm-x-session[1100]:         Module class: X.Org Video Driver
Feb 22 20:48:22 HOSTNAME /usr/lib/gdm3/gdm-x-session[1100]:         ABI class: X.Org Video Driver, version 24.0
Feb 22 20:48:22 HOSTNAME /usr/lib/gdm3/gdm-x-session[1100]: (II) LoadModule: "vesa"
Feb 22 20:48:22 HOSTNAME /usr/lib/gdm3/gdm-x-session[1100]: (II) Loading /usr/lib/xorg/modules/drivers/vesa_drv.so
Feb 22 20:48:22 HOSTNAME /usr/lib/gdm3/gdm-x-session[1100]: (II) Module vesa: vendor="X.Org Foundation"
Feb 22 20:48:22 HOSTNAME /usr/lib/gdm3/gdm-x-session[1100]:         compiled for 1.20.4, module version = 2.4.0
Feb 22 20:48:22 HOSTNAME /usr/lib/gdm3/gdm-x-session[1100]:         Module class: X.Org Video Driver
Feb 22 20:48:22 HOSTNAME /usr/lib/gdm3/gdm-x-session[1100]:         ABI class: X.Org Video Driver, version 24.0
Feb 22 20:48:22 HOSTNAME /usr/lib/gdm3/gdm-x-session[1100]: (II) AMDGPU: Driver for AMD Radeon:
Feb 22 20:48:22 HOSTNAME /usr/lib/gdm3/gdm-x-session[1100]:         All GPUs supported by the amdgpu kernel driver
Feb 22 20:48:22 HOSTNAME /usr/lib/gdm3/gdm-x-session[1100]: (II) modesetting: Driver for Modesetting Kernel Drivers: kms
Feb 22 20:48:22 HOSTNAME /usr/lib/gdm3/gdm-x-session[1100]: (II) FBDEV: driver for framebuffer: fbdev
Feb 22 20:48:22 HOSTNAME /usr/lib/gdm3/gdm-x-session[1100]: (II) VESA: driver for VESA chipsets: vesa
Feb 22 20:48:22 HOSTNAME /usr/lib/gdm3/gdm-x-session[1100]: xf86EnableIOPorts: failed to set IOPL for I/O (Operation not permitted)
Feb 22 20:48:22 HOSTNAME /usr/lib/gdm3/gdm-x-session[1100]: (WW) Falling back to old probe method for modesetting
Feb 22 20:48:22 HOSTNAME /usr/lib/gdm3/gdm-x-session[1100]: (WW) Falling back to old probe method for fbdev
Feb 22 20:48:22 HOSTNAME /usr/lib/gdm3/gdm-x-session[1100]: (II) Loading sub module "fbdevhw"
Feb 22 20:48:22 HOSTNAME /usr/lib/gdm3/gdm-x-session[1100]: (II) LoadModule: "fbdevhw"
Feb 22 20:48:22 HOSTNAME /usr/lib/gdm3/gdm-x-session[1100]: (II) Loading /usr/lib/xorg/modules/libfbdevhw.so
Feb 22 20:48:22 HOSTNAME /usr/lib/gdm3/gdm-x-session[1100]: (II) Module fbdevhw: vendor="X.Org Foundation"
Feb 22 20:48:22 HOSTNAME /usr/lib/gdm3/gdm-x-session[1100]:         compiled for 1.20.13, module version = 0.0.2
Feb 22 20:48:22 HOSTNAME /usr/lib/gdm3/gdm-x-session[1100]:         ABI class: X.Org Video Driver, version 24.1
Feb 22 20:48:22 HOSTNAME /usr/lib/gdm3/gdm-x-session[1100]: (EE) open /dev/fb0: Permission denied
Feb 22 20:48:22 HOSTNAME /usr/lib/gdm3/gdm-x-session[1100]: (WW) VGA arbiter: cannot open kernel arbiter, no multi-card support
Feb 22 20:48:22 HOSTNAME /usr/lib/gdm3/gdm-x-session[1100]: (II) AMDGPU(0): Creating default Display subsection in Screen section
Feb 22 20:48:22 HOSTNAME /usr/lib/gdm3/gdm-x-session[1100]:         "Default Screen Section" for depth/fbbpp 24/32
Feb 22 20:48:22 HOSTNAME /usr/lib/gdm3/gdm-x-session[1100]: (==) AMDGPU(0): Depth 24, (--) framebuffer bpp 32
Feb 22 20:48:22 HOSTNAME /usr/lib/gdm3/gdm-x-session[1100]: (II) AMDGPU(0): Pixel depth = 24 bits stored in 4 bytes (32 bpp pixmaps)
Feb 22 20:48:22 HOSTNAME /usr/lib/gdm3/gdm-x-session[1100]: (==) AMDGPU(0): Default visual is TrueColor
Feb 22 20:48:22 HOSTNAME /usr/lib/gdm3/gdm-x-session[1100]: (==) AMDGPU(0): RGB weight 888
Feb 22 20:48:22 HOSTNAME /usr/lib/gdm3/gdm-x-session[1100]: (II) AMDGPU(0): Using 8 bits per RGB (8 bit DAC)
Feb 22 20:48:22 HOSTNAME /usr/lib/gdm3/gdm-x-session[1100]: (--) AMDGPU(0): Chipset: "Unknown AMD Radeon GPU" (ChipID = 0x1638)
Feb 22 20:48:22 HOSTNAME /usr/lib/gdm3/gdm-x-session[1100]: (II) Loading sub module "fb"
Feb 22 20:48:22 HOSTNAME /usr/lib/gdm3/gdm-x-session[1100]: (II) LoadModule: "fb"
Feb 22 20:48:22 HOSTNAME /usr/lib/gdm3/gdm-x-session[1100]: (II) Loading /usr/lib/xorg/modules/libfb.so
Feb 22 20:48:22 HOSTNAME /usr/lib/gdm3/gdm-x-session[1100]: (II) Module fb: vendor="X.Org Foundation"
Feb 22 20:48:22 HOSTNAME /usr/lib/gdm3/gdm-x-session[1100]:         compiled for 1.20.13, module version = 1.0.0
Feb 22 20:48:22 HOSTNAME /usr/lib/gdm3/gdm-x-session[1100]:         ABI class: X.Org ANSI C Emulation, version 0.4
Feb 22 20:48:22 HOSTNAME /usr/lib/gdm3/gdm-x-session[1100]: (II) Loading sub module "dri2"
Feb 22 20:48:22 HOSTNAME /usr/lib/gdm3/gdm-x-session[1100]: (II) LoadModule: "dri2"
Feb 22 20:48:22 HOSTNAME /usr/lib/gdm3/gdm-x-session[1100]: (II) Module "dri2" already built-in
Feb 22 20:48:23 HOSTNAME /usr/lib/gdm3/gdm-x-session[1100]: (II) Loading sub module "glamoregl"
Feb 22 20:48:23 HOSTNAME /usr/lib/gdm3/gdm-x-session[1100]: (II) LoadModule: "glamoregl"
Feb 22 20:48:23 HOSTNAME /usr/lib/gdm3/gdm-x-session[1100]: (II) Loading /usr/lib/xorg/modules/libglamoregl.so
Feb 22 20:48:23 HOSTNAME /usr/lib/gdm3/gdm-x-session[1100]: (II) Module glamoregl: vendor="X.Org Foundation"
Feb 22 20:48:23 HOSTNAME /usr/lib/gdm3/gdm-x-session[1100]:         compiled for 1.20.13, module version = 1.0.1
Feb 22 20:48:23 HOSTNAME /usr/lib/gdm3/gdm-x-session[1100]:         ABI class: X.Org ANSI C Emulation, version 0.4
Feb 22 20:48:23 HOSTNAME /usr/lib/gdm3/gdm-x-session[1100]: (II) AMDGPU(0): glamor X acceleration enabled on AMD RENOIR (DRM 3.41.0, 5.13.0-30-generic, LLVM 12.0.0)
Feb 22 20:48:23 HOSTNAME /usr/lib/gdm3/gdm-x-session[1100]: (II) AMDGPU(0): glamor detected, initialising EGL layer.
Feb 22 20:48:23 HOSTNAME /usr/lib/gdm3/gdm-x-session[1100]: (==) AMDGPU(0): TearFree property default: auto
Feb 22 20:48:23 HOSTNAME /usr/lib/gdm3/gdm-x-session[1100]: (==) AMDGPU(0): VariableRefresh: disabled
Feb 22 20:48:23 HOSTNAME /usr/lib/gdm3/gdm-x-session[1100]: (II) AMDGPU(0): KMS Pageflipping: enabled
Feb 22 20:48:23 HOSTNAME /usr/lib/gdm3/gdm-x-session[1100]: (II) AMDGPU(0): Output eDP has no monitor section
Feb 22 20:48:23 HOSTNAME /usr/lib/gdm3/gdm-x-session[1100]: (II) AMDGPU(0): Output DisplayPort-0 has no monitor section
Feb 22 20:48:23 HOSTNAME /usr/lib/gdm3/gdm-x-session[1100]: (II) AMDGPU(0): Output DisplayPort-1 has no monitor section
Feb 22 20:48:23 HOSTNAME /usr/lib/gdm3/gdm-x-session[1100]: (II) AMDGPU(0): EDID for output eDP
Feb 22 20:48:23 HOSTNAME /usr/lib/gdm3/gdm-x-session[1100]: (II) AMDGPU(0): Manufacturer: BOE  Model: 855  Serial#: 0
Feb 22 20:48:23 HOSTNAME /usr/lib/gdm3/gdm-x-session[1100]: (II) AMDGPU(0): Year: 2018  Week: 51
Feb 22 20:48:23 HOSTNAME /usr/lib/gdm3/gdm-x-session[1100]: (II) AMDGPU(0): EDID Version: 1.4
Feb 22 20:48:23 HOSTNAME /usr/lib/gdm3/gdm-x-session[1100]: (II) AMDGPU(0): Digital Display Input
Feb 22 20:48:23 HOSTNAME /usr/lib/gdm3/gdm-x-session[1100]: (II) AMDGPU(0): 8 bits per channel
Feb 22 20:48:23 HOSTNAME /usr/lib/gdm3/gdm-x-session[1100]: (II) AMDGPU(0): Digital interface is DisplayPort
Feb 22 20:48:23 HOSTNAME /usr/lib/gdm3/gdm-x-session[1100]: (II) AMDGPU(0): Max Image Size [cm]: horiz.: 31  vert.: 17
Feb 22 20:48:23 HOSTNAME /usr/lib/gdm3/gdm-x-session[1100]: (II) AMDGPU(0): Gamma: 2.20
Feb 22 20:48:23 HOSTNAME /usr/lib/gdm3/gdm-x-session[1100]: (II) AMDGPU(0): No DPMS capabilities specified
Feb 22 20:48:23 HOSTNAME /usr/lib/gdm3/gdm-x-session[1100]: (II) AMDGPU(0): Supported color encodings: RGB 4:4:4
Feb 22 20:48:23 HOSTNAME /usr/lib/gdm3/gdm-x-session[1100]: (II) AMDGPU(0): First detailed timing is preferred mode
Feb 22 20:48:23 HOSTNAME /usr/lib/gdm3/gdm-x-session[1100]: (II) AMDGPU(0): Preferred mode is native pixel format and refresh rate
Feb 22 20:48:23 HOSTNAME /usr/lib/gdm3/gdm-x-session[1100]: (II) AMDGPU(0): redX: 0.655 redY: 0.339   greenX: 0.315 greenY: 0.624
Feb 22 20:48:23 HOSTNAME /usr/lib/gdm3/gdm-x-session[1100]: (II) AMDGPU(0): blueX: 0.152 blueY: 0.058   whiteX: 0.313 whiteY: 0.329
Feb 22 20:48:23 HOSTNAME /usr/lib/gdm3/gdm-x-session[1100]: (II) AMDGPU(0): Manufacturer's mask: 0
Feb 22 20:48:23 HOSTNAME /usr/lib/gdm3/gdm-x-session[1100]: (II) AMDGPU(0): Supported detailed timing:
Feb 22 20:48:23 HOSTNAME /usr/lib/gdm3/gdm-x-session[1100]: (II) AMDGPU(0): clock: 147.8 MHz   Image Size:  309 x 174 mm
Feb 22 20:48:23 HOSTNAME /usr/lib/gdm3/gdm-x-session[1100]: (II) AMDGPU(0): h_active: 1920  h_sync: 1968  h_sync_end 2000 h_blank_end 2200 h_border: 0
Feb 22 20:48:23 HOSTNAME /usr/lib/gdm3/gdm-x-session[1100]: (II) AMDGPU(0): v_active: 1080  v_sync: 1083  v_sync_end 1089 v_blanking: 1120 v_border: 0
Feb 22 20:48:23 HOSTNAME /usr/lib/gdm3/gdm-x-session[1100]: (II) AMDGPU(0):  BOE CQ
Feb 22 20:48:23 HOSTNAME /usr/lib/gdm3/gdm-x-session[1100]: (II) AMDGPU(0):  NV140FHM-N65
Feb 22 20:48:23 HOSTNAME /usr/lib/gdm3/gdm-x-session[1100]: (II) AMDGPU(0): EDID (in hex):
Feb 22 20:48:23 HOSTNAME /usr/lib/gdm3/gdm-x-session[1100]: (II) AMDGPU(0):         00ffffffffffff0009e5550800000000
Feb 22 20:48:23 HOSTNAME /usr/lib/gdm3/gdm-x-session[1100]: (II) AMDGPU(0):         331c0104a51f117802ff35a756509f27
Feb 22 20:48:23 HOSTNAME /usr/lib/gdm3/gdm-x-session[1100]: (II) AMDGPU(0):         0e505400000001010101010101010101
Feb 22 20:48:23 HOSTNAME /usr/lib/gdm3/gdm-x-session[1100]: (II) AMDGPU(0):         010101010101c0398018713828403020
Feb 22 20:48:23 HOSTNAME /usr/lib/gdm3/gdm-x-session[1100]: (II) AMDGPU(0):         360035ae1000001a0000000000000000
Feb 22 20:48:23 HOSTNAME /usr/lib/gdm3/gdm-x-session[1100]: (II) AMDGPU(0):         00000000000000000000000000fe0042
Feb 22 20:48:23 HOSTNAME /usr/lib/gdm3/gdm-x-session[1100]: (II) AMDGPU(0):         4f452043510a202020202020000000fe
Feb 22 20:48:23 HOSTNAME /usr/lib/gdm3/gdm-x-session[1100]: (II) AMDGPU(0):         004e5631343046484d2d4e36350a0086
Feb 22 20:48:23 HOSTNAME /usr/lib/gdm3/gdm-x-session[1100]: (II) AMDGPU(0): Printing probed modes for output eDP
Feb 22 20:48:23 HOSTNAME /usr/lib/gdm3/gdm-x-session[1100]: (II) AMDGPU(0): Modeline "1920x1080"x60.0  147.84  1920 1968 2000 2200  1080 1083 1089 1120 +hsync -vsync (67.2 kHz eP)
Feb 22 20:48:23 HOSTNAME /usr/lib/gdm3/gdm-x-session[1100]: (II) AMDGPU(0): Modeline "1680x1050"x60.0  147.84  1680 1968 2000 2200  1050 1083 1089 1120 +hsync -vsync (67.2 kHz e)
Feb 22 20:48:23 HOSTNAME /usr/lib/gdm3/gdm-x-session[1100]: (II) AMDGPU(0): Modeline "1280x1024"x60.0  147.84  1280 1968 2000 2200  1024 1083 1089 1120 +hsync -vsync (67.2 kHz e)
Feb 22 20:48:23 HOSTNAME /usr/lib/gdm3/gdm-x-session[1100]: (II) AMDGPU(0): Modeline "1440x900"x60.0  147.84  1440 1968 2000 2200  900 1083 1089 1120 +hsync -vsync (67.2 kHz e)
Feb 22 20:48:23 HOSTNAME /usr/lib/gdm3/gdm-x-session[1100]: (II) AMDGPU(0): Modeline "1280x800"x60.0  147.84  1280 1968 2000 2200  800 1083 1089 1120 +hsync -vsync (67.2 kHz e)
Feb 22 20:48:23 HOSTNAME /usr/lib/gdm3/gdm-x-session[1100]: (II) AMDGPU(0): Modeline "1280x720"x60.0  147.84  1280 1968 2000 2200  720 1083 1089 1120 +hsync -vsync (67.2 kHz e)
Feb 22 20:48:23 HOSTNAME /usr/lib/gdm3/gdm-x-session[1100]: (II) AMDGPU(0): Modeline "1024x768"x60.0  147.84  1024 1968 2000 2200  768 1083 1089 1120 +hsync -vsync (67.2 kHz e)
Feb 22 20:48:23 HOSTNAME /usr/lib/gdm3/gdm-x-session[1100]: (II) AMDGPU(0): Modeline "800x600"x60.0  147.84  800 1968 2000 2200  600 1083 1089 1120 +hsync -vsync (67.2 kHz e)
Feb 22 20:48:23 HOSTNAME /usr/lib/gdm3/gdm-x-session[1100]: (II) AMDGPU(0): Modeline "640x480"x60.0  147.84  640 1968 2000 2200  480 1083 1089 1120 +hsync -vsync (67.2 kHz e)
Feb 22 20:48:23 HOSTNAME /usr/lib/gdm3/gdm-x-session[1100]: (II) AMDGPU(0): EDID for output DisplayPort-0
Feb 22 20:48:23 HOSTNAME /usr/lib/gdm3/gdm-x-session[1100]: (II) AMDGPU(0): EDID for output DisplayPort-1
Feb 22 20:48:23 HOSTNAME /usr/lib/gdm3/gdm-x-session[1100]: (II) AMDGPU(0): Output eDP connected
Feb 22 20:48:23 HOSTNAME /usr/lib/gdm3/gdm-x-session[1100]: (II) AMDGPU(0): Output DisplayPort-0 disconnected
Feb 22 20:48:23 HOSTNAME /usr/lib/gdm3/gdm-x-session[1100]: (II) AMDGPU(0): Output DisplayPort-1 disconnected
Feb 22 20:48:23 HOSTNAME /usr/lib/gdm3/gdm-x-session[1100]: (II) AMDGPU(0): Using exact sizes for initial modes
Feb 22 20:48:23 HOSTNAME /usr/lib/gdm3/gdm-x-session[1100]: (II) AMDGPU(0): Output eDP using initial mode 1920x1080 +0+0
Feb 22 20:48:23 HOSTNAME /usr/lib/gdm3/gdm-x-session[1100]: (II) AMDGPU(0): mem size init: gart size :bf6c1000 vram size: s:7d746000 visible:7d746000
Feb 22 20:48:23 HOSTNAME /usr/lib/gdm3/gdm-x-session[1100]: (==) AMDGPU(0): DPI set to (96, 96)
Feb 22 20:48:23 HOSTNAME /usr/lib/gdm3/gdm-x-session[1100]: (==) AMDGPU(0): Using gamma correction (1.0, 1.0, 1.0)
Feb 22 20:48:23 HOSTNAME /usr/lib/gdm3/gdm-x-session[1100]: (II) Loading sub module "ramdac"
Feb 22 20:48:23 HOSTNAME /usr/lib/gdm3/gdm-x-session[1100]: (II) LoadModule: "ramdac"
Feb 22 20:48:23 HOSTNAME /usr/lib/gdm3/gdm-x-session[1100]: (II) Module "ramdac" already built-in
Feb 22 20:48:23 HOSTNAME /usr/lib/gdm3/gdm-x-session[1100]: (II) UnloadModule: "modesetting"
Feb 22 20:48:23 HOSTNAME /usr/lib/gdm3/gdm-x-session[1100]: (II) Unloading modesetting
Feb 22 20:48:23 HOSTNAME /usr/lib/gdm3/gdm-x-session[1100]: (II) UnloadModule: "fbdev"
Feb 22 20:48:23 HOSTNAME /usr/lib/gdm3/gdm-x-session[1100]: (II) Unloading fbdev
Feb 22 20:48:23 HOSTNAME /usr/lib/gdm3/gdm-x-session[1100]: (II) UnloadSubModule: "fbdevhw"
Feb 22 20:48:23 HOSTNAME /usr/lib/gdm3/gdm-x-session[1100]: (II) Unloading fbdevhw
Feb 22 20:48:23 HOSTNAME /usr/lib/gdm3/gdm-x-session[1100]: (II) UnloadModule: "vesa"
Feb 22 20:48:23 HOSTNAME /usr/lib/gdm3/gdm-x-session[1100]: (II) Unloading vesa
Feb 22 20:48:23 HOSTNAME /usr/lib/gdm3/gdm-x-session[1100]: (II) AMDGPU(0): [DRI2] Setup complete
Feb 22 20:48:23 HOSTNAME /usr/lib/gdm3/gdm-x-session[1100]: (II) AMDGPU(0): [DRI2]   DRI driver: radeonsi
Feb 22 20:48:23 HOSTNAME /usr/lib/gdm3/gdm-x-session[1100]: (II) AMDGPU(0): [DRI2]   VDPAU driver: radeonsi
Feb 22 20:48:23 HOSTNAME /usr/lib/gdm3/gdm-x-session[1100]: (II) AMDGPU(0): Front buffer pitch: 7680 bytes
Feb 22 20:48:23 HOSTNAME /usr/lib/gdm3/gdm-x-session[1100]: (II) AMDGPU(0): SYNC extension fences enabled
Feb 22 20:48:23 HOSTNAME /usr/lib/gdm3/gdm-x-session[1100]: (II) AMDGPU(0): Present extension enabled
Feb 22 20:48:23 HOSTNAME /usr/lib/gdm3/gdm-x-session[1100]: (==) AMDGPU(0): DRI3 enabled
Feb 22 20:48:23 HOSTNAME /usr/lib/gdm3/gdm-x-session[1100]: (==) AMDGPU(0): Backing store enabled
Feb 22 20:48:23 HOSTNAME /usr/lib/gdm3/gdm-x-session[1100]: (II) AMDGPU(0): Direct rendering enabled
Feb 22 20:48:23 HOSTNAME /usr/lib/gdm3/gdm-x-session[1100]: (II) AMDGPU(0): Use GLAMOR acceleration.
Feb 22 20:48:23 HOSTNAME /usr/lib/gdm3/gdm-x-session[1100]: (II) AMDGPU(0): Acceleration enabled
Feb 22 20:48:23 HOSTNAME /usr/lib/gdm3/gdm-x-session[1100]: (==) AMDGPU(0): DPMS enabled
Feb 22 20:48:23 HOSTNAME /usr/lib/gdm3/gdm-x-session[1100]: (==) AMDGPU(0): Silken mouse enabled
Feb 22 20:48:23 HOSTNAME /usr/lib/gdm3/gdm-x-session[1100]: (II) AMDGPU(0): Set up textured video (glamor)
Feb 22 20:48:23 HOSTNAME /usr/lib/gdm3/gdm-x-session[1100]: (II) Initializing extension Generic Event Extension
Feb 22 20:48:23 HOSTNAME /usr/lib/gdm3/gdm-x-session[1100]: (II) Initializing extension SHAPE
Feb 22 20:48:23 HOSTNAME /usr/lib/gdm3/gdm-x-session[1100]: (II) Initializing extension MIT-SHM
Feb 22 20:48:23 HOSTNAME /usr/lib/gdm3/gdm-x-session[1100]: (II) Initializing extension XInputExtension
Feb 22 20:48:23 HOSTNAME /usr/lib/gdm3/gdm-x-session[1100]: (II) Initializing extension XTEST
Feb 22 20:48:23 HOSTNAME /usr/lib/gdm3/gdm-x-session[1100]: (II) Initializing extension BIG-REQUESTS
Feb 22 20:48:23 HOSTNAME /usr/lib/gdm3/gdm-x-session[1100]: (II) Initializing extension SYNC
Feb 22 20:48:23 HOSTNAME /usr/lib/gdm3/gdm-x-session[1100]: (II) Initializing extension XKEYBOARD
Feb 22 20:48:23 HOSTNAME /usr/lib/gdm3/gdm-x-session[1100]: (II) Initializing extension XC-MISC
Feb 22 20:48:23 HOSTNAME /usr/lib/gdm3/gdm-x-session[1100]: (II) Initializing extension SECURITY
Feb 22 20:48:23 HOSTNAME /usr/lib/gdm3/gdm-x-session[1100]: (II) Initializing extension XFIXES
Feb 22 20:48:23 HOSTNAME /usr/lib/gdm3/gdm-x-session[1100]: (II) Initializing extension RENDER
Feb 22 20:48:23 HOSTNAME /usr/lib/gdm3/gdm-x-session[1100]: (II) Initializing extension RANDR
Feb 22 20:48:23 HOSTNAME /usr/lib/gdm3/gdm-x-session[1100]: (II) Initializing extension COMPOSITE
Feb 22 20:48:23 HOSTNAME /usr/lib/gdm3/gdm-x-session[1100]: (II) Initializing extension DAMAGE
Feb 22 20:48:23 HOSTNAME /usr/lib/gdm3/gdm-x-session[1100]: (II) Initializing extension MIT-SCREEN-SAVER
Feb 22 20:48:23 HOSTNAME /usr/lib/gdm3/gdm-x-session[1100]: (II) Initializing extension DOUBLE-BUFFER
Feb 22 20:48:23 HOSTNAME /usr/lib/gdm3/gdm-x-session[1100]: (II) Initializing extension RECORD
Feb 22 20:48:23 HOSTNAME /usr/lib/gdm3/gdm-x-session[1100]: (II) Initializing extension DPMS
Feb 22 20:48:23 HOSTNAME /usr/lib/gdm3/gdm-x-session[1100]: (II) Initializing extension Present
Feb 22 20:48:23 HOSTNAME /usr/lib/gdm3/gdm-x-session[1100]: (II) Initializing extension DRI3
Feb 22 20:48:23 HOSTNAME /usr/lib/gdm3/gdm-x-session[1100]: (II) Initializing extension X-Resource
Feb 22 20:48:23 HOSTNAME /usr/lib/gdm3/gdm-x-session[1100]: (II) Initializing extension XVideo
Feb 22 20:48:23 HOSTNAME /usr/lib/gdm3/gdm-x-session[1100]: (II) Initializing extension XVideo-MotionCompensation
Feb 22 20:48:23 HOSTNAME /usr/lib/gdm3/gdm-x-session[1100]: (II) Initializing extension SELinux
Feb 22 20:48:23 HOSTNAME /usr/lib/gdm3/gdm-x-session[1100]: (II) SELinux: Disabled on system
Feb 22 20:48:23 HOSTNAME /usr/lib/gdm3/gdm-x-session[1100]: (II) Initializing extension GLX
Feb 22 20:48:23 HOSTNAME /usr/lib/gdm3/gdm-x-session[1100]: (II) AIGLX: Loaded and initialized radeonsi
Feb 22 20:48:23 HOSTNAME /usr/lib/gdm3/gdm-x-session[1100]: (II) GLX: Initialized DRI2 GL provider for screen 0
Feb 22 20:48:23 HOSTNAME /usr/lib/gdm3/gdm-x-session[1100]: (II) Initializing extension XFree86-VidModeExtension
Feb 22 20:48:23 HOSTNAME /usr/lib/gdm3/gdm-x-session[1100]: (II) Initializing extension XFree86-DGA
Feb 22 20:48:23 HOSTNAME /usr/lib/gdm3/gdm-x-session[1100]: (II) Initializing extension XFree86-DRI
Feb 22 20:48:23 HOSTNAME /usr/lib/gdm3/gdm-x-session[1100]: (II) Initializing extension DRI2
Feb 22 20:48:23 HOSTNAME /usr/lib/gdm3/gdm-x-session[1100]: (II) AMDGPU(0): Setting screen physical size to 508 x 285
Feb 22 20:48:23 HOSTNAME /usr/lib/gdm3/gdm-x-session[1100]: (EE) AMDGPU(0): Failed to make import prime FD as pixmap: 22
Feb 22 20:48:23 HOSTNAME /usr/lib/gdm3/gdm-x-session[1100]: (II) config/udev: Adding input device Video Bus (/dev/input/event3)
Feb 22 20:48:23 HOSTNAME /usr/lib/gdm3/gdm-x-session[1100]: (**) Video Bus: Applying InputClass "libinput keyboard catchall"
Feb 22 20:48:23 HOSTNAME /usr/lib/gdm3/gdm-x-session[1100]: (II) LoadModule: "libinput"
Feb 22 20:48:23 HOSTNAME /usr/lib/gdm3/gdm-x-session[1100]: (II) Loading /usr/lib/xorg/modules/input/libinput_drv.so
Feb 22 20:48:23 HOSTNAME /usr/lib/gdm3/gdm-x-session[1100]: (II) Module libinput: vendor="X.Org Foundation"
Feb 22 20:48:23 HOSTNAME /usr/lib/gdm3/gdm-x-session[1100]:         compiled for 1.20.4, module version = 0.29.0
Feb 22 20:48:23 HOSTNAME /usr/lib/gdm3/gdm-x-session[1100]:         Module class: X.Org XInput Driver
Feb 22 20:48:23 HOSTNAME /usr/lib/gdm3/gdm-x-session[1100]:         ABI class: X.Org XInput driver, version 24.1
Feb 22 20:48:23 HOSTNAME /usr/lib/gdm3/gdm-x-session[1100]: (II) Using input driver 'libinput' for 'Video Bus'
Feb 22 20:48:23 HOSTNAME /usr/lib/gdm3/gdm-x-session[1100]: (II) systemd-logind: got fd for /dev/input/event3 13:67 fd 26 paused 0
Feb 22 20:48:23 HOSTNAME /usr/lib/gdm3/gdm-x-session[1100]: (**) Video Bus: always reports core events
Feb 22 20:48:23 HOSTNAME /usr/lib/gdm3/gdm-x-session[1100]: (**) Option "Device" "/dev/input/event3"
Feb 22 20:48:23 HOSTNAME /usr/lib/gdm3/gdm-x-session[1100]: (**) Option "_source" "server/udev"
Feb 22 20:48:23 HOSTNAME /usr/lib/gdm3/gdm-x-session[1100]: (II) event3  - Video Bus: is tagged by udev as: Keyboard
Feb 22 20:48:23 HOSTNAME /usr/lib/gdm3/gdm-x-session[1100]: (II) event3  - Video Bus: device is a keyboard
Feb 22 20:48:23 HOSTNAME /usr/lib/gdm3/gdm-x-session[1100]: (II) event3  - Video Bus: device removed
Feb 22 20:48:23 HOSTNAME /usr/lib/gdm3/gdm-x-session[1100]: (**) Option "config_info" "udev:/sys/devices/LNXSYSTM:00/LNXSYBUS:00/PNP0A08:00/device:0f/LNXVIDEO:00/input/input3/event3"
Feb 22 20:48:23 HOSTNAME /usr/lib/gdm3/gdm-x-session[1100]: (II) XINPUT: Adding extended input device "Video Bus" (type: KEYBOARD, id 6)
Feb 22 20:48:23 HOSTNAME /usr/lib/gdm3/gdm-x-session[1100]: (**) Option "xkb_model" "pc105"
Feb 22 20:48:23 HOSTNAME /usr/lib/gdm3/gdm-x-session[1100]: (**) Option "xkb_layout" "at"
Feb 22 20:48:23 HOSTNAME /usr/lib/gdm3/gdm-x-session[1100]: (II) event3  - Video Bus: is tagged by udev as: Keyboard
Feb 22 20:48:23 HOSTNAME /usr/lib/gdm3/gdm-x-session[1100]: (II) event3  - Video Bus: device is a keyboard
Feb 22 20:48:23 HOSTNAME /usr/lib/gdm3/gdm-x-session[1100]: (II) config/udev: Adding input device Power Button (/dev/input/event0)
Feb 22 20:48:23 HOSTNAME /usr/lib/gdm3/gdm-x-session[1100]: (**) Power Button: Applying InputClass "libinput keyboard catchall"
Feb 22 20:48:23 HOSTNAME /usr/lib/gdm3/gdm-x-session[1100]: (II) Using input driver 'libinput' for 'Power Button'
Feb 22 20:48:23 HOSTNAME /usr/lib/gdm3/gdm-x-session[1100]: (II) systemd-logind: got fd for /dev/input/event0 13:64 fd 29 paused 0
Feb 22 20:48:23 HOSTNAME /usr/lib/gdm3/gdm-x-session[1100]: (**) Power Button: always reports core events
Feb 22 20:48:23 HOSTNAME /usr/lib/gdm3/gdm-x-session[1100]: (**) Option "Device" "/dev/input/event0"
Feb 22 20:48:23 HOSTNAME /usr/lib/gdm3/gdm-x-session[1100]: (**) Option "_source" "server/udev"
Feb 22 20:48:23 HOSTNAME /usr/lib/gdm3/gdm-x-session[1100]: (II) event0  - Power Button: is tagged by udev as: Keyboard
Feb 22 20:48:23 HOSTNAME /usr/lib/gdm3/gdm-x-session[1100]: (II) event0  - Power Button: device is a keyboard
Feb 22 20:48:23 HOSTNAME /usr/lib/gdm3/gdm-x-session[1100]: (II) event0  - Power Button: device removed
Feb 22 20:48:23 HOSTNAME /usr/lib/gdm3/gdm-x-session[1100]: (**) Option "config_info" "udev:/sys/devices/LNXSYSTM:00/LNXSYBUS:00/PNP0C0C:00/input/input0/event0"
Feb 22 20:48:23 HOSTNAME /usr/lib/gdm3/gdm-x-session[1100]: (II) XINPUT: Adding extended input device "Power Button" (type: KEYBOARD, id 7)
Feb 22 20:48:23 HOSTNAME /usr/lib/gdm3/gdm-x-session[1100]: (**) Option "xkb_model" "pc105"
Feb 22 20:48:23 HOSTNAME /usr/lib/gdm3/gdm-x-session[1100]: (**) Option "xkb_layout" "at"
Feb 22 20:48:23 HOSTNAME /usr/lib/gdm3/gdm-x-session[1100]: (II) event0  - Power Button: is tagged by udev as: Keyboard
Feb 22 20:48:23 HOSTNAME /usr/lib/gdm3/gdm-x-session[1100]: (II) event0  - Power Button: device is a keyboard
Feb 22 20:48:23 HOSTNAME /usr/lib/gdm3/gdm-x-session[1100]: (II) config/udev: Adding input device Lid Switch (/dev/input/event1)
Feb 22 20:48:23 HOSTNAME /usr/lib/gdm3/gdm-x-session[1100]: (II) No input driver specified, ignoring this device.
Feb 22 20:48:23 HOSTNAME /usr/lib/gdm3/gdm-x-session[1100]: (II) This device may have been added with another device file.
Feb 22 20:48:23 HOSTNAME /usr/lib/gdm3/gdm-x-session[1100]: (II) config/udev: Adding input device HD-Audio Generic HDMI/DP,pcm=3 (/dev/input/event5)
Feb 22 20:48:23 HOSTNAME /usr/lib/gdm3/gdm-x-session[1100]: (II) No input driver specified, ignoring this device.
Feb 22 20:48:23 HOSTNAME /usr/lib/gdm3/gdm-x-session[1100]: (II) This device may have been added with another device file.
Feb 22 20:48:23 HOSTNAME /usr/lib/gdm3/gdm-x-session[1100]: (II) config/udev: Adding input device HD-Audio Generic HDMI/DP,pcm=7 (/dev/input/event9)
Feb 22 20:48:23 HOSTNAME /usr/lib/gdm3/gdm-x-session[1100]: (II) No input driver specified, ignoring this device.
Feb 22 20:48:23 HOSTNAME /usr/lib/gdm3/gdm-x-session[1100]: (II) This device may have been added with another device file.
Feb 22 20:48:23 HOSTNAME /usr/lib/gdm3/gdm-x-session[1100]: (II) config/udev: Adding input device Integrated Camera: Integrated C (/dev/input/event4)
Feb 22 20:48:23 HOSTNAME /usr/lib/gdm3/gdm-x-session[1100]: (**) Integrated Camera: Integrated C: Applying InputClass "libinput keyboard catchall"
Feb 22 20:48:23 HOSTNAME /usr/lib/gdm3/gdm-x-session[1100]: (II) Using input driver 'libinput' for 'Integrated Camera: Integrated C'
Feb 22 20:48:23 HOSTNAME /usr/lib/gdm3/gdm-x-session[1100]: (II) systemd-logind: got fd for /dev/input/event4 13:68 fd 30 paused 0
Feb 22 20:48:23 HOSTNAME /usr/lib/gdm3/gdm-x-session[1100]: (**) Integrated Camera: Integrated C: always reports core events
Feb 22 20:48:23 HOSTNAME /usr/lib/gdm3/gdm-x-session[1100]: (**) Option "Device" "/dev/input/event4"
Feb 22 20:48:23 HOSTNAME /usr/lib/gdm3/gdm-x-session[1100]: (**) Option "_source" "server/udev"
Feb 22 20:48:23 HOSTNAME /usr/lib/gdm3/gdm-x-session[1100]: (II) event4  - Integrated Camera: Integrated C: is tagged by udev as: Keyboard
Feb 22 20:48:23 HOSTNAME /usr/lib/gdm3/gdm-x-session[1100]: (II) event4  - Integrated Camera: Integrated C: device is a keyboard
Feb 22 20:48:23 HOSTNAME /usr/lib/gdm3/gdm-x-session[1100]: (II) event4  - Integrated Camera: Integrated C: device removed
Feb 22 20:48:23 HOSTNAME /usr/lib/gdm3/gdm-x-session[1100]: (**) Option "config_info" "udev:/sys/devices/pci0000:00/0000:00:08.1/0000:03:00.3/usb1/1-3/1-3:1.0/input/input15/event4"
Feb 22 20:48:23 HOSTNAME /usr/lib/gdm3/gdm-x-session[1100]: (II) XINPUT: Adding extended input device "Integrated Camera: Integrated C" (type: KEYBOARD, id 8)
Feb 22 20:48:23 HOSTNAME /usr/lib/gdm3/gdm-x-session[1100]: (**) Option "xkb_model" "pc105"
Feb 22 20:48:23 HOSTNAME /usr/lib/gdm3/gdm-x-session[1100]: (**) Option "xkb_layout" "at"
Feb 22 20:48:23 HOSTNAME /usr/lib/gdm3/gdm-x-session[1100]: (II) event4  - Integrated Camera: Integrated C: is tagged by udev as: Keyboard
Feb 22 20:48:23 HOSTNAME /usr/lib/gdm3/gdm-x-session[1100]: (II) event4  - Integrated Camera: Integrated C: device is a keyboard
Feb 22 20:48:23 HOSTNAME /usr/lib/gdm3/gdm-x-session[1100]: (II) config/udev: Adding input device HD-Audio Generic Mic (/dev/input/event8)
Feb 22 20:48:23 HOSTNAME /usr/lib/gdm3/gdm-x-session[1100]: (II) No input driver specified, ignoring this device.
Feb 22 20:48:23 HOSTNAME /usr/lib/gdm3/gdm-x-session[1100]: (II) This device may have been added with another device file.
Feb 22 20:48:23 HOSTNAME /usr/lib/gdm3/gdm-x-session[1100]: (II) config/udev: Adding input device HD-Audio Generic Headphone (/dev/input/event10)
Feb 22 20:48:23 HOSTNAME /usr/lib/gdm3/gdm-x-session[1100]: (II) No input driver specified, ignoring this device.
Feb 22 20:48:23 HOSTNAME /usr/lib/gdm3/gdm-x-session[1100]: (II) This device may have been added with another device file.
Feb 22 20:48:23 HOSTNAME /usr/lib/gdm3/gdm-x-session[1100]: (II) config/udev: Adding input device Wacom HID 52B0 Pen (/dev/input/event6)
Feb 22 20:48:23 HOSTNAME /usr/lib/gdm3/gdm-x-session[1100]: (**) Wacom HID 52B0 Pen: Applying InputClass "libinput tablet catchall"
Feb 22 20:48:23 HOSTNAME /usr/lib/gdm3/gdm-x-session[1100]: (**) Wacom HID 52B0 Pen: Applying InputClass "Wacom USB tablet class"
Feb 22 20:48:23 HOSTNAME /usr/lib/gdm3/gdm-x-session[1100]: (**) Wacom HID 52B0 Pen: Applying InputClass "Wacom tablet class"
Feb 22 20:48:23 HOSTNAME /usr/lib/gdm3/gdm-x-session[1100]: (II) LoadModule: "wacom"
Feb 22 20:48:23 HOSTNAME /usr/lib/gdm3/gdm-x-session[1100]: (II) Loading /usr/lib/xorg/modules/input/wacom_drv.so
Feb 22 20:48:23 HOSTNAME /usr/lib/gdm3/gdm-x-session[1100]: (II) Module wacom: vendor="X.Org Foundation"
Feb 22 20:48:23 HOSTNAME /usr/lib/gdm3/gdm-x-session[1100]:         compiled for 1.20.7, module version = 0.39.0
Feb 22 20:48:23 HOSTNAME /usr/lib/gdm3/gdm-x-session[1100]:         Module class: X.Org XInput Driver
Feb 22 20:48:23 HOSTNAME /usr/lib/gdm3/gdm-x-session[1100]:         ABI class: X.Org XInput driver, version 24.1
Feb 22 20:48:23 HOSTNAME /usr/lib/gdm3/gdm-x-session[1100]: (II) Build version: 0.39.0
Feb 22 20:48:23 HOSTNAME /usr/lib/gdm3/gdm-x-session[1100]: (II) wacom: Driver for Wacom graphics tablets: PenPartner, Graphire,
Feb 22 20:48:23 HOSTNAME /usr/lib/gdm3/gdm-x-session[1100]:         Graphire2 4x5, Graphire2 5x7, Graphire3 4x5, Graphire3 6x8,
Feb 22 20:48:23 HOSTNAME /usr/lib/gdm3/gdm-x-session[1100]:         Graphire4 4x5, Graphire4 6x8, BambooFun 4x5, BambooFun 6x8,
Feb 22 20:48:23 HOSTNAME /usr/lib/gdm3/gdm-x-session[1100]:         Bamboo1 Medium, Graphire4 6x8 BlueTooth, CTL-460, CTH-461, CTL-660,
Feb 22 20:48:23 HOSTNAME /usr/lib/gdm3/gdm-x-session[1100]:         CTL-461/S, Bamboo Touch, CTH-460/K, CTH-461/S, CTH-661/S1, CTH-461/L,
Feb 22 20:48:23 HOSTNAME /usr/lib/gdm3/gdm-x-session[1100]:         CTH-661/L, Intuos 4x5, Intuos 6x8, Intuos 9x12, Intuos 12x12,
Feb 22 20:48:23 HOSTNAME /usr/lib/gdm3/gdm-x-session[1100]:         Intuos 12x18, PTU600, PL400, PL500, PL600, PL600SX, PL550, PL800,
Feb 22 20:48:23 HOSTNAME /usr/lib/gdm3/gdm-x-session[1100]:         PL700, PL510, PL710, DTI520, DTF720, DTF720a, DTF521, DTU1931,
Feb 22 20:48:23 HOSTNAME /usr/lib/gdm3/gdm-x-session[1100]:         DTU2231, DTU1631, DTH1152, DTH1152, DTK2451, DTH2452, DTH2452,
Feb 22 20:48:23 HOSTNAME /usr/lib/gdm3/gdm-x-session[1100]:         Intuos2 4x5, Intuos2 6x8, Intuos2 9x12, Intuos2 12x12, Intuos2 12x18,
Feb 22 20:48:23 HOSTNAME /usr/lib/gdm3/gdm-x-session[1100]:         Intuos2 6x8 , Volito, PenStation, Volito2 4x5, Volito2 2x3,
Feb 22 20:48:23 HOSTNAME /usr/lib/gdm3/gdm-x-session[1100]:         PenPartner2, Bamboo, Bamboo1, Bamboo1 4x6, Bamboo1 5x8, Intuos3 4x5,
Feb 22 20:48:23 HOSTNAME /usr/lib/gdm3/gdm-x-session[1100]:         Intuos3 6x8, Intuos3 9x12, Intuos3 12x12, Intuos3 12x19,
Feb 22 20:48:23 HOSTNAME /usr/lib/gdm3/gdm-x-session[1100]:         Intuos3 6x11, Intuos3 4x6, Intuos4 4x6, Intuos4 6x9, Intuos4 8x13,
Feb 22 20:48:23 HOSTNAME /usr/lib/gdm3/gdm-x-session[1100]:         Intuos4 12x19, Intuos4 WL USB Endpoint,
Feb 22 20:48:23 HOSTNAME /usr/lib/gdm3/gdm-x-session[1100]:         Intuos4 WL Bluetooth Endpoint, Intuos5 touch S, Intuos5 touch M,
Feb 22 20:48:23 HOSTNAME /usr/lib/gdm3/gdm-x-session[1100]:         Intuos5 touch L, Intuos5 S, Intuos5 M, Intuos Pro S, Intuos Pro M,
Feb 22 20:48:23 HOSTNAME /usr/lib/gdm3/gdm-x-session[1100]:         Intuos Pro L, Cintiq 21UX, Cintiq 20WSX, Cintiq 12WX, Cintiq 21UX2,
Feb 22 20:48:23 HOSTNAME /usr/lib/gdm3/gdm-x-session[1100]:         Cintiq 24HD, Cintiq 22HD, Cintiq 24HD touch (EMR digitizer),
Feb 22 20:48:23 HOSTNAME /usr/lib/gdm3/gdm-x-session[1100]:         Cintiq 13HD, DTK2241, DTH2242, Cintiq 22HDT, Cintiq 27QHDT,
Feb 22 20:48:23 HOSTNAME /usr/lib/gdm3/gdm-x-session[1100]:         Cintiq 27QHDT, Mobilestudio Pro 13, MobileStudio Pro 16,
Feb 22 20:48:23 HOSTNAME /usr/lib/gdm3/gdm-x-session[1100]:         MobileStudio Pro 13, MobileStudio Pro 16, Cintiq 13 FHD Pro,
Feb 22 20:48:23 HOSTNAME /usr/lib/gdm3/gdm-x-session[1100]:         Cintiq 16 UHD Pro, Cintiq Pro 24, Cintiq Pro 32, Cintiq 13 FHD Pro,
Feb 22 20:48:23 HOSTNAME /usr/lib/gdm3/gdm-x-session[1100]:         Cintiq 16 UHD Pro, Cintiq Pro 24, Cintiq Pro 32, Cintiq Pro 24,
Feb 22 20:48:23 HOSTNAME /usr/lib/gdm3/gdm-x-session[1100]:         Mobilestudio Pro 13, MobileStudio Pro 16, MobileStudio Pro 13,
Feb 22 20:48:23 HOSTNAME /usr/lib/gdm3/gdm-x-session[1100]:         MobileStudio Pro 16, MobileStudio Pro 16, MobileStudio Pro 16,
Feb 22 20:48:23 HOSTNAME /usr/lib/gdm3/gdm-x-session[1100]:         TabletPC 0x90, TabletPC 0x93, TabletPC 0x97, TabletPC 0x9A,
Feb 22 20:48:23 HOSTNAME /usr/lib/gdm3/gdm-x-session[1100]:         CapPlus  0x9F, TabletPC 0xE2, TabletPC 0xE3, TabletPC 0xE5,
Feb 22 20:48:23 HOSTNAME /usr/lib/gdm3/gdm-x-session[1100]:         TabletPC 0xE6, TabletPC 0xEC, TabletPC 0xED, TabletPC 0xEF,
Feb 22 20:48:23 HOSTNAME /usr/lib/gdm3/gdm-x-session[1100]:         TabletPC 0x100, TabletPC 0x101, TabletPC 0x10D, TabletPC 0x116,
Feb 22 20:48:23 HOSTNAME /usr/lib/gdm3/gdm-x-session[1100]:         TabletPC 0x12C, TabletPC 0x4001, TabletPC 0x4004, TabletPC 0x5000,
Feb 22 20:48:23 HOSTNAME /usr/lib/gdm3/gdm-x-session[1100]:         TabletPC 0x5002, usb:172f:0024, usb:172f:0025, usb:172f:0026,
Feb 22 20:48:23 HOSTNAME /usr/lib/gdm3/gdm-x-session[1100]:         usb:172f:0027, usb:172f:0028, usb:172f:0030, usb:172f:0031,
Feb 22 20:48:23 HOSTNAME /usr/lib/gdm3/gdm-x-session[1100]:         usb:172f:0032, usb:172f:0033, usb:172f:0034, usb:172f:0035,
Feb 22 20:48:23 HOSTNAME /usr/lib/gdm3/gdm-x-session[1100]:         usb:172f:0036, usb:172f:0037, usb:172f:0038, usb:172f:0039,
Feb 22 20:48:23 HOSTNAME /usr/lib/gdm3/gdm-x-session[1100]:         usb:172f:0051, usb:172f:0052, usb:172f:0053, usb:172f:0054,
Feb 22 20:48:23 HOSTNAME /usr/lib/gdm3/gdm-x-session[1100]:         usb:172f:0055, usb:172f:0056, usb:172f:0057, usb:172f:0058,
Feb 22 20:48:23 HOSTNAME /usr/lib/gdm3/gdm-x-session[1100]:         usb:172f:0500, usb:172f:0501, usb:172f:0502, usb:172f:0503,
Feb 22 20:48:23 HOSTNAME /usr/lib/gdm3/gdm-x-session[1100]:         usb:1b96:0001, usb:17ef:6004
Feb 22 20:48:23 HOSTNAME /usr/lib/gdm3/gdm-x-session[1100]: (II) Using input driver 'wacom' for 'Wacom HID 52B0 Pen'
Feb 22 20:48:23 HOSTNAME /usr/lib/gdm3/gdm-x-session[1100]: (II) systemd-logind: got fd for /dev/input/event6 13:70 fd 31 paused 0
Feb 22 20:48:23 HOSTNAME /usr/lib/gdm3/gdm-x-session[1100]: (**) Wacom HID 52B0 Pen: always reports core events
Feb 22 20:48:23 HOSTNAME /usr/lib/gdm3/gdm-x-session[1100]: (**) Option "Device" "/dev/input/event6"
Feb 22 20:48:23 HOSTNAME /usr/lib/gdm3/gdm-x-session[1100]: (II) Wacom HID 52B0 Pen: type not specified, assuming 'stylus'.
Feb 22 20:48:23 HOSTNAME /usr/lib/gdm3/gdm-x-session[1100]: (II) Wacom HID 52B0 Pen: other types will be automatically added.
Feb 22 20:48:23 HOSTNAME /usr/lib/gdm3/gdm-x-session[1100]: (--) Wacom HID 52B0 Pen stylus: using pressure threshold of 851 for button 1
Feb 22 20:48:23 HOSTNAME /usr/lib/gdm3/gdm-x-session[1100]: (**) Wacom HID 52B0 Pen stylus: panscroll is 0
Feb 22 20:48:23 HOSTNAME /usr/lib/gdm3/gdm-x-session[1100]: (**) Wacom HID 52B0 Pen stylus: panscroll modified to 1300
Feb 22 20:48:23 HOSTNAME /usr/lib/gdm3/gdm-x-session[1100]: (--) Wacom HID 52B0 Pen stylus: maxX=30931 maxY=17399 maxZ=4095 resX=100000 resY=100000  tilt=enabled
Feb 22 20:48:23 HOSTNAME /usr/lib/gdm3/gdm-x-session[1100]: (II) Wacom HID 52B0 Pen stylus: hotplugging dependent devices.
Feb 22 20:48:23 HOSTNAME /usr/lib/gdm3/gdm-x-session[1100]: (EE) Wacom HID 52B0 Pen stylus: Invalid type 'cursor' for this device.
Feb 22 20:48:23 HOSTNAME /usr/lib/gdm3/gdm-x-session[1100]: (EE) Wacom HID 52B0 Pen stylus: Invalid type 'touch' for this device.
Feb 22 20:48:23 HOSTNAME /usr/lib/gdm3/gdm-x-session[1100]: (EE) Wacom HID 52B0 Pen stylus: Invalid type 'pad' for this device.
Feb 22 20:48:23 HOSTNAME /usr/lib/gdm3/gdm-x-session[1100]: (II) Wacom HID 52B0 Pen stylus: hotplugging completed.
Feb 22 20:48:23 HOSTNAME /usr/lib/gdm3/gdm-x-session[1100]: (**) Option "config_info" "udev:/sys/devices/platform/AMDI0010:02/i2c-2/i2c-WACF2200:00/0018:056A:52B0.0002/input/input12/event6"
Feb 22 20:48:23 HOSTNAME /usr/lib/gdm3/gdm-x-session[1100]: (II) XINPUT: Adding extended input device "Wacom HID 52B0 Pen stylus" (type: STYLUS, id 9)
Feb 22 20:48:23 HOSTNAME /usr/lib/gdm3/gdm-x-session[1100]: (**) Wacom HID 52B0 Pen stylus: (accel) keeping acceleration scheme 1
Feb 22 20:48:23 HOSTNAME /usr/lib/gdm3/gdm-x-session[1100]: (**) Wacom HID 52B0 Pen stylus: (accel) acceleration profile 0
Feb 22 20:48:23 HOSTNAME /usr/lib/gdm3/gdm-x-session[1100]: (**) Wacom HID 52B0 Pen stylus: (accel) acceleration factor: 2.000
Feb 22 20:48:23 HOSTNAME /usr/lib/gdm3/gdm-x-session[1100]: (**) Wacom HID 52B0 Pen stylus: (accel) acceleration threshold: 4
Feb 22 20:48:23 HOSTNAME /usr/lib/gdm3/gdm-x-session[1100]: (II) config/udev: Adding input device Wacom HID 52B0 Pen (/dev/input/mouse2)
Feb 22 20:48:23 HOSTNAME /usr/lib/gdm3/gdm-x-session[1100]: (II) No input driver specified, ignoring this device.
Feb 22 20:48:23 HOSTNAME /usr/lib/gdm3/gdm-x-session[1100]: (II) This device may have been added with another device file.
Feb 22 20:48:23 HOSTNAME /usr/lib/gdm3/gdm-x-session[1100]: (II) config/udev: Adding input device Wacom HID 52B0 Finger (/dev/input/event7)
Feb 22 20:48:23 HOSTNAME /usr/lib/gdm3/gdm-x-session[1100]: (**) Wacom HID 52B0 Finger: Applying InputClass "libinput touchscreen catchall"
Feb 22 20:48:23 HOSTNAME /usr/lib/gdm3/gdm-x-session[1100]: (**) Wacom HID 52B0 Finger: Applying InputClass "Wacom USB touchscreen class"
Feb 22 20:48:23 HOSTNAME /usr/lib/gdm3/gdm-x-session[1100]: (**) Wacom HID 52B0 Finger: Applying InputClass "Wacom touchscreen class"
Feb 22 20:48:23 HOSTNAME /usr/lib/gdm3/gdm-x-session[1100]: (II) Using input driver 'wacom' for 'Wacom HID 52B0 Finger'
Feb 22 20:48:23 HOSTNAME /usr/lib/gdm3/gdm-x-session[1100]: (II) systemd-logind: got fd for /dev/input/event7 13:71 fd 32 paused 0
Feb 22 20:48:23 HOSTNAME /usr/lib/gdm3/gdm-x-session[1100]: (**) Wacom HID 52B0 Finger: always reports core events
Feb 22 20:48:23 HOSTNAME /usr/lib/gdm3/gdm-x-session[1100]: (**) Option "Device" "/dev/input/event7"
Feb 22 20:48:23 HOSTNAME /usr/lib/gdm3/gdm-x-session[1100]: (EE) Wacom HID 52B0 Finger: Invalid type 'stylus' for this device.
Feb 22 20:48:23 HOSTNAME /usr/lib/gdm3/gdm-x-session[1100]: (EE) Wacom HID 52B0 Finger: Invalid type 'eraser' for this device.
Feb 22 20:48:23 HOSTNAME /usr/lib/gdm3/gdm-x-session[1100]: (EE) Wacom HID 52B0 Finger: Invalid type 'cursor' for this device.
Feb 22 20:48:23 HOSTNAME /usr/lib/gdm3/gdm-x-session[1100]: (II) Wacom HID 52B0 Finger: type not specified, assuming 'touch'.
Feb 22 20:48:23 HOSTNAME /usr/lib/gdm3/gdm-x-session[1100]: (II) Wacom HID 52B0 Finger: other types will be automatically added.
Feb 22 20:48:23 HOSTNAME /usr/lib/gdm3/gdm-x-session[1100]: (**) Wacom HID 52B0 Finger touch: panscroll is 0
Feb 22 20:48:23 HOSTNAME /usr/lib/gdm3/gdm-x-session[1100]: (**) Wacom HID 52B0 Finger touch: panscroll modified to 13
Feb 22 20:48:23 HOSTNAME /usr/lib/gdm3/gdm-x-session[1100]: (--) Wacom HID 52B0 Finger touch: maxX=12372 maxY=6960 maxZ=0 resX=40000 resY=40000
Feb 22 20:48:23 HOSTNAME /usr/lib/gdm3/gdm-x-session[1100]: (II) Wacom HID 52B0 Finger touch: hotplugging dependent devices.
Feb 22 20:48:23 HOSTNAME /usr/lib/gdm3/gdm-x-session[1100]: (EE) Wacom HID 52B0 Finger touch: Invalid type 'stylus' for this device.
Feb 22 20:48:23 HOSTNAME /usr/lib/gdm3/gdm-x-session[1100]: (EE) Wacom HID 52B0 Finger touch: Invalid type 'eraser' for this device.
Feb 22 20:48:23 HOSTNAME /usr/lib/gdm3/gdm-x-session[1100]: (EE) Wacom HID 52B0 Finger touch: Invalid type 'cursor' for this device.
Feb 22 20:48:23 HOSTNAME /usr/lib/gdm3/gdm-x-session[1100]: (EE) Wacom HID 52B0 Finger touch: Invalid type 'pad' for this device.
Feb 22 20:48:23 HOSTNAME /usr/lib/gdm3/gdm-x-session[1100]: (II) Wacom HID 52B0 Finger touch: hotplugging completed.
Feb 22 20:48:23 HOSTNAME /usr/lib/gdm3/gdm-x-session[1100]: (**) Option "config_info" "udev:/sys/devices/platform/AMDI0010:02/i2c-2/i2c-WACF2200:00/0018:056A:52B0.0002/input/input13/event7"
Feb 22 20:48:23 HOSTNAME /usr/lib/gdm3/gdm-x-session[1100]: (II) XINPUT: Adding extended input device "Wacom HID 52B0 Finger touch" (type: TOUCH, id 10)
Feb 22 20:48:23 HOSTNAME /usr/lib/gdm3/gdm-x-session[1100]: (**) Wacom HID 52B0 Finger touch: (accel) keeping acceleration scheme 1
Feb 22 20:48:23 HOSTNAME /usr/lib/gdm3/gdm-x-session[1100]: (**) Wacom HID 52B0 Finger touch: (accel) acceleration profile 0
Feb 22 20:48:23 HOSTNAME /usr/lib/gdm3/gdm-x-session[1100]: (**) Wacom HID 52B0 Finger touch: (accel) acceleration factor: 2.000
Feb 22 20:48:23 HOSTNAME /usr/lib/gdm3/gdm-x-session[1100]: (**) Wacom HID 52B0 Finger touch: (accel) acceleration threshold: 4
Feb 22 20:48:23 HOSTNAME /usr/lib/gdm3/gdm-x-session[1100]: (II) config/udev: Adding input device Wacom HID 52B0 Finger (/dev/input/mouse3)
Feb 22 20:48:23 HOSTNAME /usr/lib/gdm3/gdm-x-session[1100]: (II) No input driver specified, ignoring this device.
Feb 22 20:48:23 HOSTNAME /usr/lib/gdm3/gdm-x-session[1100]: (II) This device may have been added with another device file.
Feb 22 20:48:23 HOSTNAME /usr/lib/gdm3/gdm-x-session[1100]: (II) config/udev: Adding input device MSFT0001:00 06CB:CD3E Mouse (/dev/input/event11)
Feb 22 20:48:23 HOSTNAME /usr/lib/gdm3/gdm-x-session[1100]: (**) MSFT0001:00 06CB:CD3E Mouse: Applying InputClass "libinput pointer catchall"
Feb 22 20:48:23 HOSTNAME /usr/lib/gdm3/gdm-x-session[1100]: (II) Using input driver 'libinput' for 'MSFT0001:00 06CB:CD3E Mouse'
Feb 22 20:48:23 HOSTNAME /usr/lib/gdm3/gdm-x-session[1100]: (II) systemd-logind: got fd for /dev/input/event11 13:75 fd 33 paused 0
Feb 22 20:48:23 HOSTNAME /usr/lib/gdm3/gdm-x-session[1100]: (**) MSFT0001:00 06CB:CD3E Mouse: always reports core events
Feb 22 20:48:23 HOSTNAME /usr/lib/gdm3/gdm-x-session[1100]: (**) Option "Device" "/dev/input/event11"
Feb 22 20:48:23 HOSTNAME /usr/lib/gdm3/gdm-x-session[1100]: (**) Option "_source" "server/udev"
Feb 22 20:48:23 HOSTNAME /usr/lib/gdm3/gdm-x-session[1100]: (II) event11 - MSFT0001:00 06CB:CD3E Mouse: is tagged by udev as: Mouse Pointingstick
Feb 22 20:48:23 HOSTNAME /usr/lib/gdm3/gdm-x-session[1100]: (II) event11 - MSFT0001:00 06CB:CD3E Mouse: device is a pointer
Feb 22 20:48:23 HOSTNAME /usr/lib/gdm3/gdm-x-session[1100]: (II) event11 - MSFT0001:00 06CB:CD3E Mouse: device removed
Feb 22 20:48:23 HOSTNAME /usr/lib/gdm3/gdm-x-session[1100]: (**) Option "config_info" "udev:/sys/devices/platform/AMDI0010:03/i2c-3/i2c-MSFT0001:00/0018:06CB:CD3E.0001/input/input20/event11"
Feb 22 20:48:23 HOSTNAME /usr/lib/gdm3/gdm-x-session[1100]: (II) XINPUT: Adding extended input device "MSFT0001:00 06CB:CD3E Mouse" (type: MOUSE, id 11)
Feb 22 20:48:23 HOSTNAME /usr/lib/gdm3/gdm-x-session[1100]: (**) Option "AccelerationScheme" "none"
Feb 22 20:48:23 HOSTNAME /usr/lib/gdm3/gdm-x-session[1100]: (**) MSFT0001:00 06CB:CD3E Mouse: (accel) selected scheme none/0
Feb 22 20:48:23 HOSTNAME /usr/lib/gdm3/gdm-x-session[1100]: (**) MSFT0001:00 06CB:CD3E Mouse: (accel) acceleration factor: 2.000
Feb 22 20:48:23 HOSTNAME /usr/lib/gdm3/gdm-x-session[1100]: (**) MSFT0001:00 06CB:CD3E Mouse: (accel) acceleration threshold: 4
Feb 22 20:48:23 HOSTNAME /usr/lib/gdm3/gdm-x-session[1100]: (II) event11 - MSFT0001:00 06CB:CD3E Mouse: is tagged by udev as: Mouse Pointingstick
Feb 22 20:48:23 HOSTNAME /usr/lib/gdm3/gdm-x-session[1100]: (II) event11 - MSFT0001:00 06CB:CD3E Mouse: device is a pointer
Feb 22 20:48:23 HOSTNAME /usr/lib/gdm3/gdm-x-session[1100]: (II) config/udev: Adding input device MSFT0001:00 06CB:CD3E Mouse (/dev/input/mouse0)
Feb 22 20:48:23 HOSTNAME /usr/lib/gdm3/gdm-x-session[1100]: (II) No input driver specified, ignoring this device.
Feb 22 20:48:23 HOSTNAME /usr/lib/gdm3/gdm-x-session[1100]: (II) This device may have been added with another device file.
Feb 22 20:48:23 HOSTNAME /usr/lib/gdm3/gdm-x-session[1100]: (II) config/udev: Adding input device MSFT0001:00 06CB:CD3E Touchpad (/dev/input/event12)
Feb 22 20:48:23 HOSTNAME /usr/lib/gdm3/gdm-x-session[1100]: (**) MSFT0001:00 06CB:CD3E Touchpad: Applying InputClass "libinput touchpad catchall"
Feb 22 20:48:23 HOSTNAME /usr/lib/gdm3/gdm-x-session[1100]: (II) Using input driver 'libinput' for 'MSFT0001:00 06CB:CD3E Touchpad'
Feb 22 20:48:23 HOSTNAME /usr/lib/gdm3/gdm-x-session[1100]: (II) systemd-logind: got fd for /dev/input/event12 13:76 fd 34 paused 0
Feb 22 20:48:23 HOSTNAME /usr/lib/gdm3/gdm-x-session[1100]: (**) MSFT0001:00 06CB:CD3E Touchpad: always reports core events
Feb 22 20:48:23 HOSTNAME /usr/lib/gdm3/gdm-x-session[1100]: (**) Option "Device" "/dev/input/event12"
Feb 22 20:48:23 HOSTNAME /usr/lib/gdm3/gdm-x-session[1100]: (**) Option "_source" "server/udev"
Feb 22 20:48:23 HOSTNAME /usr/lib/gdm3/gdm-x-session[1100]: (II) event12 - MSFT0001:00 06CB:CD3E Touchpad: is tagged by udev as: Touchpad
Feb 22 20:48:23 HOSTNAME /usr/lib/gdm3/gdm-x-session[1100]: (II) event12 - MSFT0001:00 06CB:CD3E Touchpad: device is a touchpad
Feb 22 20:48:23 HOSTNAME /usr/lib/gdm3/gdm-x-session[1100]: (II) event12 - MSFT0001:00 06CB:CD3E Touchpad: device removed
Feb 22 20:48:23 HOSTNAME /usr/lib/gdm3/gdm-x-session[1100]: (**) Option "config_info" "udev:/sys/devices/platform/AMDI0010:03/i2c-3/i2c-MSFT0001:00/0018:06CB:CD3E.0001/input/input21/event12"
Feb 22 20:48:23 HOSTNAME /usr/lib/gdm3/gdm-x-session[1100]: (II) XINPUT: Adding extended input device "MSFT0001:00 06CB:CD3E Touchpad" (type: TOUCHPAD, id 12)
Feb 22 20:48:23 HOSTNAME /usr/lib/gdm3/gdm-x-session[1100]: (**) Option "AccelerationScheme" "none"
Feb 22 20:48:23 HOSTNAME /usr/lib/gdm3/gdm-x-session[1100]: (**) MSFT0001:00 06CB:CD3E Touchpad: (accel) selected scheme none/0
Feb 22 20:48:23 HOSTNAME /usr/lib/gdm3/gdm-x-session[1100]: (**) MSFT0001:00 06CB:CD3E Touchpad: (accel) acceleration factor: 2.000
Feb 22 20:48:23 HOSTNAME /usr/lib/gdm3/gdm-x-session[1100]: (**) MSFT0001:00 06CB:CD3E Touchpad: (accel) acceleration threshold: 4
Feb 22 20:48:23 HOSTNAME /usr/lib/gdm3/gdm-x-session[1100]: (II) event12 - MSFT0001:00 06CB:CD3E Touchpad: is tagged by udev as: Touchpad
Feb 22 20:48:23 HOSTNAME /usr/lib/gdm3/gdm-x-session[1100]: (II) event12 - MSFT0001:00 06CB:CD3E Touchpad: device is a touchpad
Feb 22 20:48:23 HOSTNAME /usr/lib/gdm3/gdm-x-session[1100]: (II) config/udev: Adding input device MSFT0001:00 06CB:CD3E Touchpad (/dev/input/mouse1)
Feb 22 20:48:23 HOSTNAME /usr/lib/gdm3/gdm-x-session[1100]: (II) No input driver specified, ignoring this device.
Feb 22 20:48:23 HOSTNAME /usr/lib/gdm3/gdm-x-session[1100]: (II) This device may have been added with another device file.
Feb 22 20:48:23 HOSTNAME /usr/lib/gdm3/gdm-x-session[1100]: (II) config/udev: Adding input device AT Translated Set 2 keyboard (/dev/input/event2)
Feb 22 20:48:23 HOSTNAME /usr/lib/gdm3/gdm-x-session[1100]: (**) AT Translated Set 2 keyboard: Applying InputClass "libinput keyboard catchall"
Feb 22 20:48:23 HOSTNAME /usr/lib/gdm3/gdm-x-session[1100]: (II) Using input driver 'libinput' for 'AT Translated Set 2 keyboard'
Feb 22 20:48:23 HOSTNAME /usr/lib/gdm3/gdm-x-session[1100]: (II) systemd-logind: got fd for /dev/input/event2 13:66 fd 35 paused 0
Feb 22 20:48:23 HOSTNAME /usr/lib/gdm3/gdm-x-session[1100]: (**) AT Translated Set 2 keyboard: always reports core events
Feb 22 20:48:23 HOSTNAME /usr/lib/gdm3/gdm-x-session[1100]: (**) Option "Device" "/dev/input/event2"
Feb 22 20:48:23 HOSTNAME /usr/lib/gdm3/gdm-x-session[1100]: (**) Option "_source" "server/udev"
Feb 22 20:48:23 HOSTNAME /usr/lib/gdm3/gdm-x-session[1100]: (II) event2  - AT Translated Set 2 keyboard: is tagged by udev as: Keyboard
Feb 22 20:48:23 HOSTNAME /usr/lib/gdm3/gdm-x-session[1100]: (II) event2  - AT Translated Set 2 keyboard: device is a keyboard
Feb 22 20:48:23 HOSTNAME /usr/lib/gdm3/gdm-x-session[1100]: (II) event2  - AT Translated Set 2 keyboard: device removed
Feb 22 20:48:23 HOSTNAME /usr/lib/gdm3/gdm-x-session[1100]: (**) Option "config_info" "udev:/sys/devices/platform/i8042/serio0/input/input2/event2"
Feb 22 20:48:23 HOSTNAME /usr/lib/gdm3/gdm-x-session[1100]: (II) XINPUT: Adding extended input device "AT Translated Set 2 keyboard" (type: KEYBOARD, id 13)
Feb 22 20:48:23 HOSTNAME /usr/lib/gdm3/gdm-x-session[1100]: (**) Option "xkb_model" "pc105"
Feb 22 20:48:23 HOSTNAME /usr/lib/gdm3/gdm-x-session[1100]: (**) Option "xkb_layout" "at"
Feb 22 20:48:23 HOSTNAME /usr/lib/gdm3/gdm-x-session[1100]: (II) event2  - AT Translated Set 2 keyboard: is tagged by udev as: Keyboard
Feb 22 20:48:23 HOSTNAME /usr/lib/gdm3/gdm-x-session[1100]: (II) event2  - AT Translated Set 2 keyboard: device is a keyboard
Feb 22 20:48:23 HOSTNAME /usr/lib/gdm3/gdm-x-session[1100]: (**) Wacom HID 52B0 Pen eraser: Applying InputClass "libinput tablet catchall"
Feb 22 20:48:23 HOSTNAME /usr/lib/gdm3/gdm-x-session[1100]: (**) Wacom HID 52B0 Pen eraser: Applying InputClass "Wacom USB tablet class"
Feb 22 20:48:23 HOSTNAME /usr/lib/gdm3/gdm-x-session[1100]: (**) Wacom HID 52B0 Pen eraser: Applying InputClass "Wacom tablet class"
Feb 22 20:48:23 HOSTNAME /usr/lib/gdm3/gdm-x-session[1100]: (II) Using input driver 'wacom' for 'Wacom HID 52B0 Pen eraser'
Feb 22 20:48:23 HOSTNAME /usr/lib/gdm3/gdm-x-session[1100]: (II) systemd-logind: returning pre-existing fd for /dev/input/event6 13:70
Feb 22 20:48:23 HOSTNAME /usr/lib/gdm3/gdm-x-session[1100]: (**) Wacom HID 52B0 Pen eraser: always reports core events
Feb 22 20:48:23 HOSTNAME /usr/lib/gdm3/gdm-x-session[1100]: (**) Option "Device" "/dev/input/event6"
Feb 22 20:48:23 HOSTNAME /usr/lib/gdm3/gdm-x-session[1100]: (**) Option "Type" "eraser"
Feb 22 20:48:23 HOSTNAME /usr/lib/gdm3/gdm-x-session[1100]: (**) Wacom HID 52B0 Pen eraser: panscroll is 1300
Feb 22 20:48:23 HOSTNAME /usr/lib/gdm3/gdm-x-session[1100]: (**) Wacom HID 52B0 Pen eraser: panscroll modified to 1300
Feb 22 20:48:23 HOSTNAME /usr/lib/gdm3/gdm-x-session[1100]: (--) Wacom HID 52B0 Pen eraser: maxX=30931 maxY=17399 maxZ=4095 resX=100000 resY=100000  tilt=enabled
Feb 22 20:48:23 HOSTNAME /usr/lib/gdm3/gdm-x-session[1100]: (**) Option "config_info" "udev:/sys/devices/platform/AMDI0010:02/i2c-2/i2c-WACF2200:00/0018:056A:52B0.0002/input/input12/event6"
Feb 22 20:48:23 HOSTNAME /usr/lib/gdm3/gdm-x-session[1100]: (II) XINPUT: Adding extended input device "Wacom HID 52B0 Pen eraser" (type: ERASER, id 14)
Feb 22 20:48:23 HOSTNAME /usr/lib/gdm3/gdm-x-session[1100]: (**) Wacom HID 52B0 Pen eraser: (accel) keeping acceleration scheme 1
Feb 22 20:48:23 HOSTNAME /usr/lib/gdm3/gdm-x-session[1100]: (**) Wacom HID 52B0 Pen eraser: (accel) acceleration profile 0
Feb 22 20:48:23 HOSTNAME /usr/lib/gdm3/gdm-x-session[1100]: (**) Wacom HID 52B0 Pen eraser: (accel) acceleration factor: 2.000
Feb 22 20:48:23 HOSTNAME /usr/lib/gdm3/gdm-x-session[1100]: (**) Wacom HID 52B0 Pen eraser: (accel) acceleration threshold: 4
Feb 22 20:48:24 HOSTNAME /usr/lib/gdm3/gdm-x-session[1100]: (II) AMDGPU(0): EDID vendor "BOE", prod id 2133
Feb 22 20:48:24 HOSTNAME /usr/lib/gdm3/gdm-x-session[1100]: (II) AMDGPU(0): Printing DDC gathered Modelines:
Feb 22 20:48:24 HOSTNAME /usr/lib/gdm3/gdm-x-session[1100]: (II) AMDGPU(0): Modeline "1920x1080"x0.0  147.84  1920 1968 2000 2200  1080 1083 1089 1120 +hsync -vsync (67.2 kHz eP)
Feb 22 20:48:28 HOSTNAME /usr/lib/gdm3/gdm-x-session[1100]: (II) AMDGPU(0): EDID vendor "BOE", prod id 2133
Feb 22 20:48:28 HOSTNAME /usr/lib/gdm3/gdm-x-session[1100]: (II) AMDGPU(0): Printing DDC gathered Modelines:
Feb 22 20:48:28 HOSTNAME /usr/lib/gdm3/gdm-x-session[1100]: (II) AMDGPU(0): Modeline "1920x1080"x0.0  147.84  1920 1968 2000 2200  1080 1083 1089 1120 +hsync -vsync (67.2 kHz eP)
Feb 22 20:48:28 HOSTNAME /usr/lib/gdm3/gdm-x-session[1100]: (II) AMDGPU(0): EDID vendor "BOE", prod id 2133
Feb 22 20:48:28 HOSTNAME /usr/lib/gdm3/gdm-x-session[1100]: (II) AMDGPU(0): Printing DDC gathered Modelines:
Feb 22 20:48:28 HOSTNAME /usr/lib/gdm3/gdm-x-session[1100]: (II) AMDGPU(0): Modeline "1920x1080"x0.0  147.84  1920 1968 2000 2200  1080 1083 1089 1120 +hsync -vsync (67.2 kHz eP)
Feb 22 20:48:34 HOSTNAME /usr/lib/gdm3/gdm-x-session[1100]: (II) AMDGPU(0): EDID vendor "BOE", prod id 2133
Feb 22 20:48:34 HOSTNAME /usr/lib/gdm3/gdm-x-session[1100]: (II) AMDGPU(0): Printing DDC gathered Modelines:
Feb 22 20:48:34 HOSTNAME /usr/lib/gdm3/gdm-x-session[1100]: (II) AMDGPU(0): Modeline "1920x1080"x0.0  147.84  1920 1968 2000 2200  1080 1083 1089 1120 +hsync -vsync (67.2 kHz eP)
Feb 22 20:48:34 HOSTNAME /usr/lib/gdm3/gdm-x-session[1100]: (II) AMDGPU(0): EDID vendor "BOE", prod id 2133
Feb 22 20:48:34 HOSTNAME /usr/lib/gdm3/gdm-x-session[1100]: (II) AMDGPU(0): Printing DDC gathered Modelines:
Feb 22 20:48:34 HOSTNAME /usr/lib/gdm3/gdm-x-session[1100]: (II) AMDGPU(0): Modeline "1920x1080"x0.0  147.84  1920 1968 2000 2200  1080 1083 1089 1120 +hsync -vsync (67.2 kHz eP)
Feb 22 20:48:34 HOSTNAME /usr/lib/gdm3/gdm-x-session[1100]: (II) AMDGPU(0): EDID vendor "BOE", prod id 2133
Feb 22 20:48:34 HOSTNAME /usr/lib/gdm3/gdm-x-session[1100]: (II) AMDGPU(0): Printing DDC gathered Modelines:
Feb 22 20:48:34 HOSTNAME /usr/lib/gdm3/gdm-x-session[1100]: (II) AMDGPU(0): Modeline "1920x1080"x0.0  147.84  1920 1968 2000 2200  1080 1083 1089 1120 +hsync -vsync (67.2 kHz eP)
Feb 22 20:48:34 HOSTNAME /usr/lib/gdm3/gdm-x-session[1100]: (II) AMDGPU(0): EDID vendor "BOE", prod id 2133
Feb 22 20:48:34 HOSTNAME /usr/lib/gdm3/gdm-x-session[1100]: (II) AMDGPU(0): Printing DDC gathered Modelines:
Feb 22 20:48:34 HOSTNAME /usr/lib/gdm3/gdm-x-session[1100]: (II) AMDGPU(0): Modeline "1920x1080"x0.0  147.84  1920 1968 2000 2200  1080 1083 1089 1120 +hsync -vsync (67.2 kHz eP)
Feb 22 20:55:41 HOSTNAME /usr/lib/gdm3/gdm-x-session[1100]: (EE) event12 - MSFT0001:00 06CB:CD3E Touchpad: kernel bug: Touch jump detected and discarded.
Feb 22 20:55:41 HOSTNAME /usr/lib/gdm3/gdm-x-session[1100]: See https://wayland.freedesktop.org/libinput/doc/1.15.5/touchpad-jumping-cursors.html for details
Feb 22 20:56:52 HOSTNAME /usr/lib/gdm3/gdm-x-session[1100]: (II) AMDGPU(0): EDID vendor "BOE", prod id 2133
Feb 22 20:56:52 HOSTNAME /usr/lib/gdm3/gdm-x-session[1100]: (II) AMDGPU(0): Printing DDC gathered Modelines:
Feb 22 20:56:52 HOSTNAME /usr/lib/gdm3/gdm-x-session[1100]: (II) AMDGPU(0): Modeline "1920x1080"x0.0  147.84  1920 1968 2000 2200  1080 1083 1089 1120 +hsync -vsync (67.2 kHz eP)
Feb 22 21:16:13 HOSTNAME /usr/lib/gdm3/gdm-x-session[1100]: (II) AMDGPU(0): EDID vendor "BOE", prod id 2133
Feb 22 21:16:13 HOSTNAME /usr/lib/gdm3/gdm-x-session[1100]: (II) AMDGPU(0): Printing DDC gathered Modelines:
Feb 22 21:16:13 HOSTNAME /usr/lib/gdm3/gdm-x-session[1100]: (II) AMDGPU(0): Modeline "1920x1080"x0.0  147.84  1920 1968 2000 2200  1080 1083 1089 1120 +hsync -vsync (67.2 kHz eP)
Feb 22 21:16:13 HOSTNAME /usr/lib/gdm3/gdm-x-session[1100]: (II) AMDGPU(0): EDID vendor "BOE", prod id 2133
Feb 22 21:16:13 HOSTNAME /usr/lib/gdm3/gdm-x-session[1100]: (II) AMDGPU(0): Printing DDC gathered Modelines:
Feb 22 21:16:13 HOSTNAME /usr/lib/gdm3/gdm-x-session[1100]: (II) AMDGPU(0): Modeline "1920x1080"x0.0  147.84  1920 1968 2000 2200  1080 1083 1089 1120 +hsync -vsync (67.2 kHz eP)
Feb 22 21:19:25 HOSTNAME /usr/lib/gdm3/gdm-x-session[1100]: (EE) event12 - MSFT0001:00 06CB:CD3E Touchpad: kernel bug: Touch jump detected and discarded.
Feb 22 21:19:25 HOSTNAME /usr/lib/gdm3/gdm-x-session[1100]: See https://wayland.freedesktop.org/libinput/doc/1.15.5/touchpad-jumping-cursors.html for details
Feb 22 21:19:25 HOSTNAME /usr/lib/gdm3/gdm-x-session[1100]: (EE) event12 - MSFT0001:00 06CB:CD3E Touchpad: kernel bug: Touch jump detected and discarded.
Feb 22 21:19:25 HOSTNAME /usr/lib/gdm3/gdm-x-session[1100]: See https://wayland.freedesktop.org/libinput/doc/1.15.5/touchpad-jumping-cursors.html for details
Feb 22 21:19:25 HOSTNAME /usr/lib/gdm3/gdm-x-session[1100]: (EE) event12 - MSFT0001:00 06CB:CD3E Touchpad: kernel bug: Touch jump detected and discarded.
Feb 22 21:19:25 HOSTNAME /usr/lib/gdm3/gdm-x-session[1100]: See https://wayland.freedesktop.org/libinput/doc/1.15.5/touchpad-jumping-cursors.html for details
Feb 22 21:19:25 HOSTNAME /usr/lib/gdm3/gdm-x-session[1100]: (EE) event12 - MSFT0001:00 06CB:CD3E Touchpad: kernel bug: Touch jump detected and discarded.
Feb 22 21:19:25 HOSTNAME /usr/lib/gdm3/gdm-x-session[1100]: See https://wayland.freedesktop.org/libinput/doc/1.15.5/touchpad-jumping-cursors.html for details
Feb 22 21:19:25 HOSTNAME /usr/lib/gdm3/gdm-x-session[1100]: (EE) event12 - MSFT0001:00 06CB:CD3E Touchpad: WARNING: log rate limit exceeded (5 msgs per 7200000ms). Discarding future messages.
Feb 22 21:33:23 HOSTNAME /usr/lib/gdm3/gdm-x-session[1100]: (II) AMDGPU(0): EDID vendor "BOE", prod id 2133
Feb 22 21:33:23 HOSTNAME /usr/lib/gdm3/gdm-x-session[1100]: (II) AMDGPU(0): Printing DDC gathered Modelines:
Feb 22 21:33:23 HOSTNAME /usr/lib/gdm3/gdm-x-session[1100]: (II) AMDGPU(0): Modeline "1920x1080"x0.0  147.84  1920 1968 2000 2200  1080 1083 1089 1120 +hsync -vsync (67.2 kHz eP)
Feb 22 21:37:02 HOSTNAME /usr/lib/gdm3/gdm-x-session[1100]: (II) AMDGPU(0): EDID vendor "BOE", prod id 2133
Feb 22 21:37:02 HOSTNAME /usr/lib/gdm3/gdm-x-session[1100]: (II) AMDGPU(0): Printing DDC gathered Modelines:
Feb 22 21:37:02 HOSTNAME /usr/lib/gdm3/gdm-x-session[1100]: (II) AMDGPU(0): Modeline "1920x1080"x0.0  147.84  1920 1968 2000 2200  1080 1083 1089 1120 +hsync -vsync (67.2 kHz eP)
Feb 22 21:37:49 HOSTNAME /usr/lib/gdm3/gdm-x-session[1100]: (II) AMDGPU(0): EDID vendor "BOE", prod id 2133
Feb 22 21:37:49 HOSTNAME /usr/lib/gdm3/gdm-x-session[1100]: (II) AMDGPU(0): Printing DDC gathered Modelines:
Feb 22 21:37:49 HOSTNAME /usr/lib/gdm3/gdm-x-session[1100]: (II) AMDGPU(0): Modeline "1920x1080"x0.0  147.84  1920 1968 2000 2200  1080 1083 1089 1120 +hsync -vsync (67.2 kHz eP)
Feb 22 21:57:52 HOSTNAME /usr/lib/gdm3/gdm-x-session[1100]: (II) AMDGPU(0): EDID vendor "BOE", prod id 2133
Feb 22 21:57:52 HOSTNAME /usr/lib/gdm3/gdm-x-session[1100]: (II) AMDGPU(0): Printing DDC gathered Modelines:
Feb 22 21:57:52 HOSTNAME /usr/lib/gdm3/gdm-x-session[1100]: (II) AMDGPU(0): Modeline "1920x1080"x0.0  147.84  1920 1968 2000 2200  1080 1083 1089 1120 +hsync -vsync (67.2 kHz eP)
Feb 22 22:00:10 HOSTNAME /usr/lib/gdm3/gdm-x-session[1100]: (II) AMDGPU(0): EDID vendor "BOE", prod id 2133
Feb 22 22:00:10 HOSTNAME /usr/lib/gdm3/gdm-x-session[1100]: (II) AMDGPU(0): Printing DDC gathered Modelines:
Feb 22 22:00:10 HOSTNAME /usr/lib/gdm3/gdm-x-session[1100]: (II) AMDGPU(0): Modeline "1920x1080"x0.0  147.84  1920 1968 2000 2200  1080 1083 1089 1120 +hsync -vsync (67.2 kHz eP)
