[     5.947] 
X.Org X Server 1.20.13
X Protocol Version 11, Revision 0
[     5.947] Build Operating System: linux Ubuntu
[     5.947] Current Operating System: Linux HOSTNAME 5.4.0-109-generic #123-Ubuntu SMP Fri Apr 8 09:10:54 UTC 2022 x86_64
[     5.947] Kernel command line: BOOT_IMAGE=/boot/vmlinuz-5.4.0-109-generic root=UUID=2643d898-5840-4c31-8ec5-daf3cb04d56c ro quiet splash
[     5.947] Build Date: 14 December 2021  02:14:13PM
[     5.947] xorg-server 2:1.20.13-1ubuntu1~20.04.2 (For technical support please see http://www.ubuntu.com/support) 
[     5.947] Current version of pixman: 0.38.4
[     5.947] 	Before reporting problems, check http://wiki.x.org
	to make sure that you have the latest version.
[     5.947] Markers: (--) probed, (**) from config file, (==) default setting,
	(++) from command line, (!!) notice, (II) informational,
	(WW) warning, (EE) error, (NI) not implemented, (??) unknown.
[     5.947] (==) Log file: "/var/log/Xorg.0.log", Time: Mon Apr 25 02:25:18 2022
[     5.947] (==) Using system config directory "/usr/share/X11/xorg.conf.d"
[     5.948] (==) No Layout section.  Using the first Screen section.
[     5.948] (==) No screen section available. Using defaults.
[     5.948] (**) |-->Screen "Default Screen Section" (0)
[     5.948] (**) |   |-->Monitor "<default monitor>"
[     5.948] (==) No monitor specified for screen "Default Screen Section".
	Using a default monitor configuration.
[     5.948] (==) Automatically adding devices
[     5.948] (==) Automatically enabling devices
[     5.948] (==) Automatically adding GPU devices
[     5.948] (==) Automatically binding GPU devices
[     5.948] (==) Max clients allowed: 256, resource mask: 0x1fffff
[     5.949] (WW) The directory "/usr/share/fonts/X11/cyrillic" does not exist.
[     5.949] 	Entry deleted from font path.
[     5.949] (WW) The directory "/usr/share/fonts/X11/100dpi/" does not exist.
[     5.949] 	Entry deleted from font path.
[     5.949] (WW) The directory "/usr/share/fonts/X11/75dpi/" does not exist.
[     5.949] 	Entry deleted from font path.
[     5.950] (WW) The directory "/usr/share/fonts/X11/100dpi" does not exist.
[     5.950] 	Entry deleted from font path.
[     5.950] (WW) The directory "/usr/share/fonts/X11/75dpi" does not exist.
[     5.950] 	Entry deleted from font path.
[     5.950] (==) FontPath set to:
	/usr/share/fonts/X11/misc,
	/usr/share/fonts/X11/Type1,
	built-ins
[     5.950] (==) ModulePath set to "/usr/lib/xorg/modules"
[     5.950] (II) The server relies on udev to provide the list of input devices.
	If no devices become available, reconfigure udev or disable AutoAddDevices.
[     5.950] (II) Loader magic: 0x55608ea8a020
[     5.950] (II) Module ABI versions:
[     5.950] 	X.Org ANSI C Emulation: 0.4
[     5.950] 	X.Org Video Driver: 24.1
[     5.950] 	X.Org XInput driver : 24.1
[     5.950] 	X.Org Server Extension : 10.0
[     5.950] (++) using VT number 7

[     5.950] (II) systemd-logind: logind integration requires -keeptty and -keeptty was not provided, disabling logind integration
[     5.951] (II) xfree86: Adding drm device (/dev/dri/card0)
[     5.958] (--) PCI:*(0@0:2:0) 8086:9b41:17aa:22be rev 2, Mem @ 0xe9000000/16777216, 0xc0000000/268435456, I/O @ 0x00003000/64, BIOS @ 0x????????/131072
[     5.958] (II) LoadModule: "glx"
[     5.959] (II) Loading /usr/lib/xorg/modules/extensions/libglx.so
[     5.962] (II) Module glx: vendor="X.Org Foundation"
[     5.962] 	compiled for 1.20.13, module version = 1.0.0
[     5.962] 	ABI class: X.Org Server Extension, version 10.0
[     5.962] (==) Matched modesetting as autoconfigured driver 0
[     5.962] (==) Matched fbdev as autoconfigured driver 1
[     5.962] (==) Matched vesa as autoconfigured driver 2
[     5.962] (==) Assigned the driver to the xf86ConfigLayout
[     5.962] (II) LoadModule: "modesetting"
[     5.962] (II) Loading /usr/lib/xorg/modules/drivers/modesetting_drv.so
[     5.962] (II) Module modesetting: vendor="X.Org Foundation"
[     5.962] 	compiled for 1.20.13, module version = 1.20.13
[     5.962] 	Module class: X.Org Video Driver
[     5.962] 	ABI class: X.Org Video Driver, version 24.1
[     5.962] (II) LoadModule: "fbdev"
[     5.962] (II) Loading /usr/lib/xorg/modules/drivers/fbdev_drv.so
[     5.963] (II) Module fbdev: vendor="X.Org Foundation"
[     5.963] 	compiled for 1.20.1, module version = 0.5.0
[     5.963] 	Module class: X.Org Video Driver
[     5.963] 	ABI class: X.Org Video Driver, version 24.0
[     5.963] (II) LoadModule: "vesa"
[     5.963] (II) Loading /usr/lib/xorg/modules/drivers/vesa_drv.so
[     5.963] (II) Module vesa: vendor="X.Org Foundation"
[     5.963] 	compiled for 1.20.4, module version = 2.4.0
[     5.963] 	Module class: X.Org Video Driver
[     5.963] 	ABI class: X.Org Video Driver, version 24.0
[     5.963] (II) modesetting: Driver for Modesetting Kernel Drivers: kms
[     5.963] (II) FBDEV: driver for framebuffer: fbdev
[     5.963] (II) VESA: driver for VESA chipsets: vesa
[     5.963] xf86EnableIOPorts: failed to set IOPL for I/O (Operation not permitted)
[     5.973] (II) modeset(0): using drv /dev/dri/card0
[     5.973] (WW) Falling back to old probe method for fbdev
[     5.973] (II) Loading sub module "fbdevhw"
[     5.973] (II) LoadModule: "fbdevhw"
[     5.974] (II) Loading /usr/lib/xorg/modules/libfbdevhw.so
[     5.974] (II) Module fbdevhw: vendor="X.Org Foundation"
[     5.974] 	compiled for 1.20.13, module version = 0.0.2
[     5.974] 	ABI class: X.Org Video Driver, version 24.1
[     5.974] (II) modeset(0): Creating default Display subsection in Screen section
	"Default Screen Section" for depth/fbbpp 24/32
[     5.974] (==) modeset(0): Depth 24, (==) framebuffer bpp 32
[     5.974] (==) modeset(0): RGB weight 888
[     5.974] (==) modeset(0): Default visual is TrueColor
[     5.974] (II) Loading sub module "glamoregl"
[     5.974] (II) LoadModule: "glamoregl"
[     5.974] (II) Loading /usr/lib/xorg/modules/libglamoregl.so
[     5.978] (II) Module glamoregl: vendor="X.Org Foundation"
[     5.978] 	compiled for 1.20.13, module version = 1.0.1
[     5.978] 	ABI class: X.Org ANSI C Emulation, version 0.4
[     6.080] (II) modeset(0): glamor X acceleration enabled on Mesa Intel(R) UHD Graphics (CML GT2)
[     6.080] (II) modeset(0): glamor initialized
[     6.081] (II) modeset(0): Output eDP-1 has no monitor section
[     6.081] (II) modeset(0): Output DP-1 has no monitor section
[     6.090] (II) modeset(0): Output HDMI-1 has no monitor section
[     6.090] (II) modeset(0): Output DP-2 has no monitor section
[     6.091] (II) modeset(0): EDID for output eDP-1
[     6.091] (II) modeset(0): Manufacturer: CMN  Model: 14f3  Serial#: 0
[     6.091] (II) modeset(0): Year: 2018  Week: 22
[     6.091] (II) modeset(0): EDID Version: 1.4
[     6.091] (II) modeset(0): Digital Display Input
[     6.091] (II) modeset(0): 8 bits per channel
[     6.091] (II) modeset(0): Digital interface is DisplayPort
[     6.091] (II) modeset(0): Max Image Size [cm]: horiz.: 31  vert.: 17
[     6.091] (II) modeset(0): Gamma: 2.20
[     6.091] (II) modeset(0): No DPMS capabilities specified
[     6.091] (II) modeset(0): Supported color encodings: RGB 4:4:4 
[     6.091] (II) modeset(0): First detailed timing is preferred mode
[     6.091] (II) modeset(0): Preferred mode is native pixel format and refresh rate
[     6.091] (II) modeset(0): redX: 0.640 redY: 0.330   greenX: 0.300 greenY: 0.600
[     6.091] (II) modeset(0): blueX: 0.150 blueY: 0.060   whiteX: 0.313 whiteY: 0.329
[     6.091] (II) modeset(0): Manufacturer's mask: 0
[     6.091] (II) modeset(0): Supported detailed timing:
[     6.091] (II) modeset(0): clock: 138.8 MHz   Image Size:  309 x 173 mm
[     6.091] (II) modeset(0): h_active: 1920  h_sync: 1966  h_sync_end 1996 h_blank_end 2080 h_border: 0
[     6.091] (II) modeset(0): v_active: 1080  v_sync: 1082  v_sync_end 1086 v_blanking: 1112 v_border: 0
[     6.091] (II) modeset(0):  N140HCG-GR2
[     6.091] (II) modeset(0):  CMN
[     6.091] (II) modeset(0):  N140HCG-GR2
[     6.091] (II) modeset(0): EDID (in hex):
[     6.091] (II) modeset(0): 	00ffffffffffff000daef31400000000
[     6.091] (II) modeset(0): 	161c0104a51f117802ee95a3544c9926
[     6.091] (II) modeset(0): 	0f505400000001010101010101010101
[     6.091] (II) modeset(0): 	010101010101363680a0703820402e1e
[     6.091] (II) modeset(0): 	240035ad10000018000000fe004e3134
[     6.091] (II) modeset(0): 	304843472d4752320a20000000fe0043
[     6.091] (II) modeset(0): 	4d4e0a202020202020202020000000fe
[     6.091] (II) modeset(0): 	004e3134304843472d4752320a2000b8
[     6.091] (II) modeset(0): Printing probed modes for output eDP-1
[     6.091] (II) modeset(0): Modeline "1920x1080"x60.0  138.78  1920 1966 1996 2080  1080 1082 1086 1112 -hsync -vsync (66.7 kHz eP)
[     6.091] (II) modeset(0): Modeline "1920x1080"x119.9  266.50  1920 1944 1960 2000  1080 1081 1084 1111 doublescan +hsync -vsync (133.2 kHz d)
[     6.091] (II) modeset(0): Modeline "1920x1080"x60.0  173.00  1920 2048 2248 2576  1080 1083 1088 1120 -hsync +vsync (67.2 kHz d)
[     6.091] (II) modeset(0): Modeline "1920x1080"x59.9  138.50  1920 1968 2000 2080  1080 1083 1088 1111 +hsync -vsync (66.6 kHz d)
[     6.091] (II) modeset(0): Modeline "1680x1050"x60.0  146.25  1680 1784 1960 2240  1050 1053 1059 1089 -hsync +vsync (65.3 kHz d)
[     6.091] (II) modeset(0): Modeline "1680x1050"x59.9  119.00  1680 1728 1760 1840  1050 1053 1059 1080 +hsync -vsync (64.7 kHz d)
[     6.091] (II) modeset(0): Modeline "1600x1024"x60.2  103.12  1600 1600 1656 1664  1024 1024 1029 1030 +hsync +vsync (62.0 kHz d)
[     6.091] (II) modeset(0): Modeline "1400x1050"x60.0  122.00  1400 1488 1640 1880  1050 1052 1064 1082 +hsync +vsync (64.9 kHz d)
[     6.091] (II) modeset(0): Modeline "1600x900"x120.0  246.00  1600 1728 1900 2200  900 901 904 932 doublescan -hsync +vsync (111.8 kHz d)
[     6.091] (II) modeset(0): Modeline "1600x900"x119.9  186.50  1600 1624 1640 1680  900 901 904 926 doublescan +hsync -vsync (111.0 kHz d)
[     6.091] (II) modeset(0): Modeline "1600x900"x59.9  118.25  1600 1696 1856 2112  900 903 908 934 -hsync +vsync (56.0 kHz d)
[     6.091] (II) modeset(0): Modeline "1600x900"x59.8   97.50  1600 1648 1680 1760  900 903 908 926 +hsync -vsync (55.4 kHz d)
[     6.091] (II) modeset(0): Modeline "1280x1024"x60.0  108.00  1280 1328 1440 1688  1024 1025 1028 1066 +hsync +vsync (64.0 kHz d)
[     6.091] (II) modeset(0): Modeline "1440x900"x59.9  106.50  1440 1520 1672 1904  900 903 909 934 -hsync +vsync (55.9 kHz d)
[     6.091] (II) modeset(0): Modeline "1400x900"x60.0  103.50  1400 1480 1624 1848  900 903 913 934 -hsync +vsync (56.0 kHz d)
[     6.091] (II) modeset(0): Modeline "1400x900"x59.9   86.50  1400 1448 1480 1560  900 903 913 926 +hsync -vsync (55.4 kHz d)
[     6.091] (II) modeset(0): Modeline "1280x960"x60.0  108.00  1280 1376 1488 1800  960 961 964 1000 +hsync +vsync (60.0 kHz d)
[     6.091] (II) modeset(0): Modeline "1440x810"x120.0  198.12  1440 1548 1704 1968  810 811 814 839 doublescan -hsync +vsync (100.7 kHz d)
[     6.091] (II) modeset(0): Modeline "1440x810"x119.9  151.88  1440 1464 1480 1520  810 811 814 833 doublescan +hsync -vsync (99.9 kHz d)
[     6.091] (II) modeset(0): Modeline "1368x768"x59.9   85.25  1368 1440 1576 1784  768 771 781 798 -hsync +vsync (47.8 kHz d)
[     6.091] (II) modeset(0): Modeline "1368x768"x59.9   72.25  1368 1416 1448 1528  768 771 781 790 +hsync -vsync (47.3 kHz d)
[     6.091] (II) modeset(0): Modeline "1360x768"x59.8   84.75  1360 1432 1568 1776  768 771 781 798 -hsync +vsync (47.7 kHz d)
[     6.091] (II) modeset(0): Modeline "1360x768"x60.0   72.00  1360 1408 1440 1520  768 771 781 790 +hsync -vsync (47.4 kHz d)
[     6.091] (II) modeset(0): Modeline "1280x800"x120.0  174.25  1280 1380 1516 1752  800 801 804 829 doublescan -hsync +vsync (99.5 kHz d)
[     6.091] (II) modeset(0): Modeline "1280x800"x119.9  134.25  1280 1304 1320 1360  800 801 804 823 doublescan +hsync -vsync (98.7 kHz d)
[     6.091] (II) modeset(0): Modeline "1280x800"x59.8   83.50  1280 1352 1480 1680  800 803 809 831 -hsync +vsync (49.7 kHz d)
[     6.091] (II) modeset(0): Modeline "1280x800"x59.9   71.00  1280 1328 1360 1440  800 803 809 823 +hsync -vsync (49.3 kHz d)
[     6.091] (II) modeset(0): Modeline "1152x864"x60.0   81.62  1152 1216 1336 1520  864 865 868 895 -hsync +vsync (53.7 kHz d)
[     6.091] (II) modeset(0): Modeline "1280x720"x120.0  156.12  1280 1376 1512 1744  720 721 724 746 doublescan -hsync +vsync (89.5 kHz d)
[     6.091] (II) modeset(0): Modeline "1280x720"x120.0  120.75  1280 1304 1320 1360  720 721 724 740 doublescan +hsync -vsync (88.8 kHz d)
[     6.091] (II) modeset(0): Modeline "1280x720"x59.9   74.50  1280 1344 1472 1664  720 723 728 748 -hsync +vsync (44.8 kHz d)
[     6.091] (II) modeset(0): Modeline "1280x720"x59.7   63.75  1280 1328 1360 1440  720 723 728 741 +hsync -vsync (44.3 kHz d)
[     6.091] (II) modeset(0): Modeline "1024x768"x120.1  133.47  1024 1100 1212 1400  768 768 770 794 doublescan -hsync +vsync (95.3 kHz d)
[     6.091] (II) modeset(0): Modeline "1024x768"x60.0   65.00  1024 1048 1184 1344  768 771 777 806 -hsync -vsync (48.4 kHz d)
[     6.091] (II) modeset(0): Modeline "960x720"x120.0  117.00  960 1024 1128 1300  720 720 722 750 doublescan -hsync +vsync (90.0 kHz d)
[     6.091] (II) modeset(0): Modeline "928x696"x120.1  109.15  928 976 1088 1264  696 696 698 719 doublescan -hsync +vsync (86.4 kHz d)
[     6.091] (II) modeset(0): Modeline "896x672"x120.0  102.40  896 960 1060 1224  672 672 674 697 doublescan -hsync +vsync (83.7 kHz d)
[     6.091] (II) modeset(0): Modeline "1024x576"x119.9   98.50  1024 1092 1200 1376  576 577 580 597 doublescan -hsync +vsync (71.6 kHz d)
[     6.091] (II) modeset(0): Modeline "1024x576"x119.9   78.38  1024 1048 1064 1104  576 577 580 592 doublescan +hsync -vsync (71.0 kHz d)
[     6.091] (II) modeset(0): Modeline "1024x576"x59.9   46.50  1024 1064 1160 1296  576 579 584 599 -hsync +vsync (35.9 kHz d)
[     6.091] (II) modeset(0): Modeline "1024x576"x59.8   42.00  1024 1072 1104 1184  576 579 584 593 +hsync -vsync (35.5 kHz d)
[     6.091] (II) modeset(0): Modeline "960x600"x119.9   96.62  960 1028 1128 1296  600 601 604 622 doublescan -hsync +vsync (74.6 kHz d)
[     6.091] (II) modeset(0): Modeline "960x600"x120.0   77.00  960 984 1000 1040  600 601 604 617 doublescan +hsync -vsync (74.0 kHz d)
[     6.091] (II) modeset(0): Modeline "960x540"x119.9   86.50  960 1024 1124 1288  540 541 544 560 doublescan -hsync +vsync (67.2 kHz d)
[     6.091] (II) modeset(0): Modeline "960x540"x120.0   69.25  960 984 1000 1040  540 541 544 555 doublescan +hsync -vsync (66.6 kHz d)
[     6.091] (II) modeset(0): Modeline "960x540"x59.6   40.75  960 992 1088 1216  540 543 548 562 -hsync +vsync (33.5 kHz d)
[     6.091] (II) modeset(0): Modeline "960x540"x59.8   37.25  960 1008 1040 1120  540 543 548 556 +hsync -vsync (33.3 kHz d)
[     6.091] (II) modeset(0): Modeline "800x600"x120.0   81.00  800 832 928 1080  600 600 602 625 doublescan +hsync +vsync (75.0 kHz d)
[     6.091] (II) modeset(0): Modeline "800x600"x60.3   40.00  800 840 968 1056  600 601 605 628 +hsync +vsync (37.9 kHz d)
[     6.091] (II) modeset(0): Modeline "800x600"x56.2   36.00  800 824 896 1024  600 601 603 625 +hsync +vsync (35.2 kHz d)
[     6.091] (II) modeset(0): Modeline "840x525"x120.0   73.12  840 892 980 1120  525 526 529 544 doublescan -hsync +vsync (65.3 kHz d)
[     6.091] (II) modeset(0): Modeline "840x525"x119.8   59.50  840 864 880 920  525 526 529 540 doublescan +hsync -vsync (64.7 kHz d)
[     6.091] (II) modeset(0): Modeline "864x486"x59.9   32.50  864 888 968 1072  486 489 494 506 -hsync +vsync (30.3 kHz d)
[     6.091] (II) modeset(0): Modeline "864x486"x59.6   30.50  864 912 944 1024  486 489 494 500 +hsync -vsync (29.8 kHz d)
[     6.091] (II) modeset(0): Modeline "800x512"x120.3   51.56  800 800 828 832  512 512 514 515 doublescan +hsync +vsync (62.0 kHz d)
[     6.091] (II) modeset(0): Modeline "700x525"x120.0   61.00  700 744 820 940  525 526 532 541 doublescan +hsync +vsync (64.9 kHz d)
[     6.091] (II) modeset(0): Modeline "800x450"x119.9   59.12  800 848 928 1056  450 451 454 467 doublescan -hsync +vsync (56.0 kHz d)
[     6.091] (II) modeset(0): Modeline "800x450"x119.6   48.75  800 824 840 880  450 451 454 463 doublescan +hsync -vsync (55.4 kHz d)
[     6.091] (II) modeset(0): Modeline "640x512"x120.0   54.00  640 664 720 844  512 512 514 533 doublescan +hsync +vsync (64.0 kHz d)
[     6.091] (II) modeset(0): Modeline "720x450"x119.8   53.25  720 760 836 952  450 451 454 467 doublescan -hsync +vsync (55.9 kHz d)
[     6.091] (II) modeset(0): Modeline "700x450"x119.9   51.75  700 740 812 924  450 451 456 467 doublescan -hsync +vsync (56.0 kHz d)
[     6.091] (II) modeset(0): Modeline "700x450"x119.8   43.25  700 724 740 780  450 451 456 463 doublescan +hsync -vsync (55.4 kHz d)
[     6.091] (II) modeset(0): Modeline "640x480"x120.0   54.00  640 688 744 900  480 480 482 500 doublescan +hsync +vsync (60.0 kHz d)
[     6.091] (II) modeset(0): Modeline "640x480"x59.9   25.18  640 656 752 800  480 490 492 525 -hsync -vsync (31.5 kHz d)
[     6.091] (II) modeset(0): Modeline "720x405"x59.5   22.50  720 744 808 896  405 408 413 422 -hsync +vsync (25.1 kHz d)
[     6.091] (II) modeset(0): Modeline "720x405"x59.0   21.75  720 768 800 880  405 408 413 419 +hsync -vsync (24.7 kHz d)
[     6.091] (II) modeset(0): Modeline "684x384"x119.8   42.62  684 720 788 892  384 385 390 399 doublescan -hsync +vsync (47.8 kHz d)
[     6.091] (II) modeset(0): Modeline "684x384"x119.7   36.12  684 708 724 764  384 385 390 395 doublescan +hsync -vsync (47.3 kHz d)
[     6.091] (II) modeset(0): Modeline "680x384"x119.6   42.38  680 716 784 888  384 385 390 399 doublescan -hsync +vsync (47.7 kHz d)
[     6.091] (II) modeset(0): Modeline "680x384"x119.9   36.00  680 704 720 760  384 385 390 395 doublescan +hsync -vsync (47.4 kHz d)
[     6.092] (II) modeset(0): Modeline "640x400"x119.8   41.75  640 676 740 840  400 401 404 415 doublescan -hsync +vsync (49.7 kHz d)
[     6.092] (II) modeset(0): Modeline "640x400"x120.0   35.50  640 664 680 720  400 401 404 411 doublescan +hsync -vsync (49.3 kHz d)
[     6.092] (II) modeset(0): Modeline "576x432"x120.1   40.81  576 608 668 760  432 432 434 447 doublescan -hsync +vsync (53.7 kHz d)
[     6.092] (II) modeset(0): Modeline "640x360"x119.7   37.25  640 672 736 832  360 361 364 374 doublescan -hsync +vsync (44.8 kHz d)
[     6.092] (II) modeset(0): Modeline "640x360"x119.7   31.88  640 664 680 720  360 361 364 370 doublescan +hsync -vsync (44.3 kHz d)
[     6.092] (II) modeset(0): Modeline "640x360"x59.8   18.00  640 664 720 800  360 363 368 376 -hsync +vsync (22.5 kHz d)
[     6.092] (II) modeset(0): Modeline "640x360"x59.3   17.75  640 688 720 800  360 363 368 374 +hsync -vsync (22.2 kHz d)
[     6.092] (II) modeset(0): Modeline "512x384"x120.0   32.50  512 524 592 672  384 385 388 403 doublescan -hsync -vsync (48.4 kHz d)
[     6.092] (II) modeset(0): Modeline "512x288"x120.0   23.25  512 532 580 648  288 289 292 299 doublescan -hsync +vsync (35.9 kHz d)
[     6.092] (II) modeset(0): Modeline "512x288"x119.8   21.00  512 536 552 592  288 289 292 296 doublescan +hsync -vsync (35.5 kHz d)
[     6.092] (II) modeset(0): Modeline "480x270"x119.3   20.38  480 496 544 608  270 271 274 281 doublescan -hsync +vsync (33.5 kHz d)
[     6.092] (II) modeset(0): Modeline "480x270"x119.6   18.62  480 504 520 560  270 271 274 278 doublescan +hsync -vsync (33.3 kHz d)
[     6.092] (II) modeset(0): Modeline "400x300"x120.6   20.00  400 420 484 528  300 300 302 314 doublescan +hsync +vsync (37.9 kHz d)
[     6.092] (II) modeset(0): Modeline "400x300"x112.7   18.00  400 412 448 512  300 300 301 312 doublescan +hsync +vsync (35.2 kHz d)
[     6.092] (II) modeset(0): Modeline "432x243"x119.8   16.25  432 444 484 536  243 244 247 253 doublescan -hsync +vsync (30.3 kHz d)
[     6.092] (II) modeset(0): Modeline "432x243"x119.1   15.25  432 456 472 512  243 244 247 250 doublescan +hsync -vsync (29.8 kHz d)
[     6.092] (II) modeset(0): Modeline "320x240"x120.1   12.59  320 328 376 400  240 245 246 262 doublescan -hsync -vsync (31.5 kHz d)
[     6.092] (II) modeset(0): Modeline "360x202"x119.0   11.25  360 372 404 448  202 204 206 211 doublescan -hsync +vsync (25.1 kHz d)
[     6.092] (II) modeset(0): Modeline "360x202"x118.3   10.88  360 384 400 440  202 204 206 209 doublescan +hsync -vsync (24.7 kHz d)
[     6.092] (II) modeset(0): Modeline "320x180"x119.7    9.00  320 332 360 400  180 181 184 188 doublescan -hsync +vsync (22.5 kHz d)
[     6.092] (II) modeset(0): Modeline "320x180"x118.6    8.88  320 344 360 400  180 181 184 187 doublescan +hsync -vsync (22.2 kHz d)
[     6.092] (II) modeset(0): EDID for output DP-1
[     6.100] (II) modeset(0): EDID for output HDMI-1
[     6.100] (II) modeset(0): EDID for output DP-2
[     6.100] (II) modeset(0): Output eDP-1 connected
[     6.100] (II) modeset(0): Output DP-1 disconnected
[     6.100] (II) modeset(0): Output HDMI-1 disconnected
[     6.100] (II) modeset(0): Output DP-2 disconnected
[     6.100] (II) modeset(0): Using exact sizes for initial modes
[     6.100] (II) modeset(0): Output eDP-1 using initial mode 1920x1080 +0+0
[     6.100] (==) modeset(0): Using gamma correction (1.0, 1.0, 1.0)
[     6.100] (==) modeset(0): DPI set to (96, 96)
[     6.100] (II) Loading sub module "fb"
[     6.100] (II) LoadModule: "fb"
[     6.100] (II) Loading /usr/lib/xorg/modules/libfb.so
[     6.101] (II) Module fb: vendor="X.Org Foundation"
[     6.101] 	compiled for 1.20.13, module version = 1.0.0
[     6.101] 	ABI class: X.Org ANSI C Emulation, version 0.4
[     6.101] (II) UnloadModule: "fbdev"
[     6.101] (II) Unloading fbdev
[     6.101] (II) UnloadSubModule: "fbdevhw"
[     6.101] (II) Unloading fbdevhw
[     6.101] (II) UnloadModule: "vesa"
[     6.101] (II) Unloading vesa
[     6.131] (==) modeset(0): Backing store enabled
[     6.131] (==) modeset(0): Silken mouse enabled
[     6.190] (II) modeset(0): Initializing kms color map for depth 24, 8 bpc.
[     6.190] (==) modeset(0): DPMS enabled
[     6.190] (II) modeset(0): [DRI2] Setup complete
[     6.190] (II) modeset(0): [DRI2]   DRI driver: iris
[     6.190] (II) modeset(0): [DRI2]   VDPAU driver: va_gl
[     6.190] (II) Initializing extension Generic Event Extension
[     6.190] (II) Initializing extension SHAPE
[     6.191] (II) Initializing extension MIT-SHM
[     6.191] (II) Initializing extension XInputExtension
[     6.191] (II) Initializing extension XTEST
[     6.191] (II) Initializing extension BIG-REQUESTS
[     6.191] (II) Initializing extension SYNC
[     6.191] (II) Initializing extension XKEYBOARD
[     6.191] (II) Initializing extension XC-MISC
[     6.191] (II) Initializing extension SECURITY
[     6.192] (II) Initializing extension XFIXES
[     6.192] (II) Initializing extension RENDER
[     6.192] (II) Initializing extension RANDR
[     6.192] (II) Initializing extension COMPOSITE
[     6.192] (II) Initializing extension DAMAGE
[     6.192] (II) Initializing extension MIT-SCREEN-SAVER
[     6.193] (II) Initializing extension DOUBLE-BUFFER
[     6.193] (II) Initializing extension RECORD
[     6.193] (II) Initializing extension DPMS
[     6.195] (II) Initializing extension Present
[     6.195] (II) Initializing extension DRI3
[     6.195] (II) Initializing extension X-Resource
[     6.195] (II) Initializing extension XVideo
[     6.196] (II) Initializing extension XVideo-MotionCompensation
[     6.196] (II) Initializing extension SELinux
[     6.196] (II) SELinux: Disabled on system
[     6.196] (II) Initializing extension GLX
[     6.204] (II) AIGLX: Loaded and initialized iris
[     6.204] (II) GLX: Initialized DRI2 GL provider for screen 0
[     6.204] (II) Initializing extension XFree86-VidModeExtension
[     6.204] (II) Initializing extension XFree86-DGA
[     6.204] (II) Initializing extension XFree86-DRI
[     6.204] (II) Initializing extension DRI2
[     6.204] (II) modeset(0): Damage tracking initialized
[     6.204] (II) modeset(0): Setting screen physical size to 508 x 285
[     6.237] (II) config/udev: Adding input device Power Button (/dev/input/event2)
[     6.237] (**) Power Button: Applying InputClass "libinput keyboard catchall"
[     6.237] (II) LoadModule: "libinput"
[     6.237] (II) Loading /usr/lib/xorg/modules/input/libinput_drv.so
[     6.240] (II) Module libinput: vendor="X.Org Foundation"
[     6.240] 	compiled for 1.20.4, module version = 0.29.0
[     6.240] 	Module class: X.Org XInput Driver
[     6.240] 	ABI class: X.Org XInput driver, version 24.1
[     6.240] (II) Using input driver 'libinput' for 'Power Button'
[     6.240] (**) Power Button: always reports core events
[     6.240] (**) Option "Device" "/dev/input/event2"
[     6.240] (**) Option "_source" "server/udev"
[     6.242] (II) event2  - Power Button: is tagged by udev as: Keyboard
[     6.242] (II) event2  - Power Button: device is a keyboard
[     6.242] (II) event2  - Power Button: device removed
[     6.267] (**) Option "config_info" "udev:/sys/devices/LNXSYSTM:00/LNXPWRBN:00/input/input2/event2"
[     6.267] (II) XINPUT: Adding extended input device "Power Button" (type: KEYBOARD, id 6)
[     6.267] (**) Option "xkb_model" "pc105"
[     6.267] (**) Option "xkb_layout" "de"
[     6.292] (II) event2  - Power Button: is tagged by udev as: Keyboard
[     6.293] (II) event2  - Power Button: device is a keyboard
[     6.293] (II) config/udev: Adding input device Video Bus (/dev/input/event4)
[     6.293] (**) Video Bus: Applying InputClass "libinput keyboard catchall"
[     6.293] (II) Using input driver 'libinput' for 'Video Bus'
[     6.293] (**) Video Bus: always reports core events
[     6.293] (**) Option "Device" "/dev/input/event4"
[     6.293] (**) Option "_source" "server/udev"
[     6.293] (II) event4  - Video Bus: is tagged by udev as: Keyboard
[     6.293] (II) event4  - Video Bus: device is a keyboard
[     6.293] (II) event4  - Video Bus: device removed
[     6.327] (**) Option "config_info" "udev:/sys/devices/LNXSYSTM:00/LNXSYBUS:00/PNP0A08:00/LNXVIDEO:00/input/input6/event4"
[     6.327] (II) XINPUT: Adding extended input device "Video Bus" (type: KEYBOARD, id 7)
[     6.327] (**) Option "xkb_model" "pc105"
[     6.327] (**) Option "xkb_layout" "de"
[     6.328] (II) event4  - Video Bus: is tagged by udev as: Keyboard
[     6.328] (II) event4  - Video Bus: device is a keyboard
[     6.328] (II) config/udev: Adding input device Lid Switch (/dev/input/event1)
[     6.328] (II) No input driver specified, ignoring this device.
[     6.328] (II) This device may have been added with another device file.
[     6.328] (II) config/udev: Adding input device Sleep Button (/dev/input/event0)
[     6.328] (**) Sleep Button: Applying InputClass "libinput keyboard catchall"
[     6.328] (II) Using input driver 'libinput' for 'Sleep Button'
[     6.328] (**) Sleep Button: always reports core events
[     6.328] (**) Option "Device" "/dev/input/event0"
[     6.328] (**) Option "_source" "server/udev"
[     6.329] (II) event0  - Sleep Button: is tagged by udev as: Keyboard
[     6.329] (II) event0  - Sleep Button: device is a keyboard
[     6.329] (II) event0  - Sleep Button: device removed
[     6.343] (**) Option "config_info" "udev:/sys/devices/LNXSYSTM:00/LNXSYBUS:00/PNP0C0E:00/input/input0/event0"
[     6.343] (II) XINPUT: Adding extended input device "Sleep Button" (type: KEYBOARD, id 8)
[     6.343] (**) Option "xkb_model" "pc105"
[     6.343] (**) Option "xkb_layout" "de"
[     6.345] (II) event0  - Sleep Button: is tagged by udev as: Keyboard
[     6.345] (II) event0  - Sleep Button: device is a keyboard
[     6.346] (II) config/udev: Adding input device Wacom Pen and multitouch sensor Finger (/dev/input/event8)
[     6.346] (**) Wacom Pen and multitouch sensor Finger: Applying InputClass "libinput touchscreen catchall"
[     6.346] (**) Wacom Pen and multitouch sensor Finger: Applying InputClass "libinput tablet catchall"
[     6.346] (**) Wacom Pen and multitouch sensor Finger: Applying InputClass "Wacom USB tablet class"
[     6.346] (**) Wacom Pen and multitouch sensor Finger: Applying InputClass "Wacom USB touchscreen class"
[     6.346] (**) Wacom Pen and multitouch sensor Finger: Applying InputClass "Wacom tablet class"
[     6.346] (**) Wacom Pen and multitouch sensor Finger: Applying InputClass "Wacom touchscreen class"
[     6.346] (II) LoadModule: "wacom"
[     6.346] (II) Loading /usr/lib/xorg/modules/input/wacom_drv.so
[     6.347] (II) Module wacom: vendor="X.Org Foundation"
[     6.347] 	compiled for 1.20.7, module version = 0.39.0
[     6.347] 	Module class: X.Org XInput Driver
[     6.347] 	ABI class: X.Org XInput driver, version 24.1
[     6.347] (II) Build version: 0.39.0
[     6.347] (II) wacom: Driver for Wacom graphics tablets: PenPartner, Graphire,
	Graphire2 4x5, Graphire2 5x7, Graphire3 4x5, Graphire3 6x8,
	Graphire4 4x5, Graphire4 6x8, BambooFun 4x5, BambooFun 6x8,
	Bamboo1 Medium, Graphire4 6x8 BlueTooth, CTL-460, CTH-461, CTL-660,
	CTL-461/S, Bamboo Touch, CTH-460/K, CTH-461/S, CTH-661/S1, CTH-461/L,
	CTH-661/L, Intuos 4x5, Intuos 6x8, Intuos 9x12, Intuos 12x12,
	Intuos 12x18, PTU600, PL400, PL500, PL600, PL600SX, PL550, PL800,
	PL700, PL510, PL710, DTI520, DTF720, DTF720a, DTF521, DTU1931,
	DTU2231, DTU1631, DTH1152, DTH1152, DTK2451, DTH2452, DTH2452,
	Intuos2 4x5, Intuos2 6x8, Intuos2 9x12, Intuos2 12x12, Intuos2 12x18,
	Intuos2 6x8 , Volito, PenStation, Volito2 4x5, Volito2 2x3,
	PenPartner2, Bamboo, Bamboo1, Bamboo1 4x6, Bamboo1 5x8, Intuos3 4x5,
	Intuos3 6x8, Intuos3 9x12, Intuos3 12x12, Intuos3 12x19,
	Intuos3 6x11, Intuos3 4x6, Intuos4 4x6, Intuos4 6x9, Intuos4 8x13,
	Intuos4 12x19, Intuos4 WL USB Endpoint,
	Intuos4 WL Bluetooth Endpoint, Intuos5 touch S, Intuos5 touch M,
	Intuos5 touch L, Intuos5 S, Intuos5 M, Intuos Pro S, Intuos Pro M,
	Intuos Pro L, Cintiq 21UX, Cintiq 20WSX, Cintiq 12WX, Cintiq 21UX2,
	Cintiq 24HD, Cintiq 22HD, Cintiq 24HD touch (EMR digitizer),
	Cintiq 13HD, DTK2241, DTH2242, Cintiq 22HDT, Cintiq 27QHDT,
	Cintiq 27QHDT, Mobilestudio Pro 13, MobileStudio Pro 16,
	MobileStudio Pro 13, MobileStudio Pro 16, Cintiq 13 FHD Pro,
	Cintiq 16 UHD Pro, Cintiq Pro 24, Cintiq Pro 32, Cintiq 13 FHD Pro,
	Cintiq 16 UHD Pro, Cintiq Pro 24, Cintiq Pro 32, Cintiq Pro 24,
	Mobilestudio Pro 13, MobileStudio Pro 16, MobileStudio Pro 13,
	MobileStudio Pro 16, MobileStudio Pro 16, MobileStudio Pro 16,
	TabletPC 0x90, TabletPC 0x93, TabletPC 0x97, TabletPC 0x9A,
	CapPlus  0x9F, TabletPC 0xE2, TabletPC 0xE3, TabletPC 0xE5,
	TabletPC 0xE6, TabletPC 0xEC, TabletPC 0xED, TabletPC 0xEF,
	TabletPC 0x100, TabletPC 0x101, TabletPC 0x10D, TabletPC 0x116,
	TabletPC 0x12C, TabletPC 0x4001, TabletPC 0x4004, TabletPC 0x5000,
	TabletPC 0x5002, usb:172f:0024, usb:172f:0025, usb:172f:0026,
	usb:172f:0027, usb:172f:0028, usb:172f:0030, usb:172f:0031,
	usb:172f:0032, usb:172f:0033, usb:172f:0034, usb:172f:0035,
	usb:172f:0036, usb:172f:0037, usb:172f:0038, usb:172f:0039,
	usb:172f:0051, usb:172f:0052, usb:172f:0053, usb:172f:0054,
	usb:172f:0055, usb:172f:0056, usb:172f:0057, usb:172f:0058,
	usb:172f:0500, usb:172f:0501, usb:172f:0502, usb:172f:0503,
	usb:1b96:0001, usb:17ef:6004
[     6.347] (II) Using input driver 'wacom' for 'Wacom Pen and multitouch sensor Finger'
[     6.347] (**) Wacom Pen and multitouch sensor Finger: always reports core events
[     6.347] (**) Option "Device" "/dev/input/event8"
[     6.407] (EE) Wacom Pen and multitouch sensor Finger: Invalid type 'stylus' for this device.
[     6.407] (EE) Wacom Pen and multitouch sensor Finger: Invalid type 'eraser' for this device.
[     6.407] (EE) Wacom Pen and multitouch sensor Finger: Invalid type 'cursor' for this device.
[     6.407] (II) Wacom Pen and multitouch sensor Finger: type not specified, assuming 'touch'.
[     6.407] (II) Wacom Pen and multitouch sensor Finger: other types will be automatically added.
[     6.407] (**) Wacom Pen and multitouch sensor Finger touch: panscroll is 0
[     6.407] (**) Wacom Pen and multitouch sensor Finger touch: panscroll modified to 13
[     6.407] (--) Wacom Pen and multitouch sensor Finger touch: maxX=12372 maxY=6960 maxZ=0 resX=40000 resY=40000 
[     6.407] (II) Wacom Pen and multitouch sensor Finger touch: hotplugging dependent devices.
[     6.407] (EE) Wacom Pen and multitouch sensor Finger touch: Invalid type 'stylus' for this device.
[     6.407] (EE) Wacom Pen and multitouch sensor Finger touch: Invalid type 'eraser' for this device.
[     6.407] (EE) Wacom Pen and multitouch sensor Finger touch: Invalid type 'cursor' for this device.
[     6.407] (EE) Wacom Pen and multitouch sensor Finger touch: Invalid type 'pad' for this device.
[     6.407] (II) Wacom Pen and multitouch sensor Finger touch: hotplugging completed.
[     6.475] (**) Option "config_info" "udev:/sys/devices/pci0000:00/0000:00:14.0/usb1/1-6/1-6:1.0/0003:056A:51BD.0004/input/input16/event8"
[     6.475] (II) XINPUT: Adding extended input device "Wacom Pen and multitouch sensor Finger touch" (type: TOUCH, id 9)
[     6.475] (**) Wacom Pen and multitouch sensor Finger touch: (accel) keeping acceleration scheme 1
[     6.475] (**) Wacom Pen and multitouch sensor Finger touch: (accel) acceleration profile 0
[     6.475] (**) Wacom Pen and multitouch sensor Finger touch: (accel) acceleration factor: 2.000
[     6.475] (**) Wacom Pen and multitouch sensor Finger touch: (accel) acceleration threshold: 4
[     6.536] (II) config/udev: Adding input device Wacom Pen and multitouch sensor Finger (/dev/input/mouse3)
[     6.536] (II) No input driver specified, ignoring this device.
[     6.536] (II) This device may have been added with another device file.
[     6.537] (II) config/udev: Adding input device Wacom Pen and multitouch sensor Pen (/dev/input/event9)
[     6.537] (**) Wacom Pen and multitouch sensor Pen: Applying InputClass "libinput tablet catchall"
[     6.537] (**) Wacom Pen and multitouch sensor Pen: Applying InputClass "Wacom USB tablet class"
[     6.537] (**) Wacom Pen and multitouch sensor Pen: Applying InputClass "Wacom tablet class"
[     6.537] (II) Using input driver 'wacom' for 'Wacom Pen and multitouch sensor Pen'
[     6.537] (**) Wacom Pen and multitouch sensor Pen: always reports core events
[     6.537] (**) Option "Device" "/dev/input/event9"
[     6.595] (II) Wacom Pen and multitouch sensor Pen: type not specified, assuming 'stylus'.
[     6.595] (II) Wacom Pen and multitouch sensor Pen: other types will be automatically added.
[     6.595] (--) Wacom Pen and multitouch sensor Pen stylus: using pressure threshold of 851 for button 1
[     6.595] (**) Wacom Pen and multitouch sensor Pen stylus: panscroll is 0
[     6.595] (**) Wacom Pen and multitouch sensor Pen stylus: panscroll modified to 1300
[     6.595] (--) Wacom Pen and multitouch sensor Pen stylus: maxX=30931 maxY=17399 maxZ=4095 resX=100000 resY=100000  tilt=enabled
[     6.595] (II) Wacom Pen and multitouch sensor Pen stylus: hotplugging dependent devices.
[     6.595] (EE) Wacom Pen and multitouch sensor Pen stylus: Invalid type 'cursor' for this device.
[     6.595] (EE) Wacom Pen and multitouch sensor Pen stylus: Invalid type 'touch' for this device.
[     6.595] (EE) Wacom Pen and multitouch sensor Pen stylus: Invalid type 'pad' for this device.
[     6.595] (II) Wacom Pen and multitouch sensor Pen stylus: hotplugging completed.
[     6.639] (**) Option "config_info" "udev:/sys/devices/pci0000:00/0000:00:14.0/usb1/1-6/1-6:1.1/0003:056A:51BD.0005/input/input18/event9"
[     6.639] (II) XINPUT: Adding extended input device "Wacom Pen and multitouch sensor Pen stylus" (type: STYLUS, id 10)
[     6.639] (**) Wacom Pen and multitouch sensor Pen stylus: (accel) keeping acceleration scheme 1
[     6.639] (**) Wacom Pen and multitouch sensor Pen stylus: (accel) acceleration profile 0
[     6.639] (**) Wacom Pen and multitouch sensor Pen stylus: (accel) acceleration factor: 2.000
[     6.639] (**) Wacom Pen and multitouch sensor Pen stylus: (accel) acceleration threshold: 4
[     6.700] (II) config/udev: Adding input device Wacom Pen and multitouch sensor Pen (/dev/input/mouse4)
[     6.700] (II) No input driver specified, ignoring this device.
[     6.700] (II) This device may have been added with another device file.
[     6.700] (II) config/udev: Adding input device Integrated Camera: Integrated C (/dev/input/event5)
[     6.700] (**) Integrated Camera: Integrated C: Applying InputClass "libinput keyboard catchall"
[     6.700] (II) Using input driver 'libinput' for 'Integrated Camera: Integrated C'
[     6.700] (**) Integrated Camera: Integrated C: always reports core events
[     6.700] (**) Option "Device" "/dev/input/event5"
[     6.700] (**) Option "_source" "server/udev"
[     6.702] (II) event5  - Integrated Camera: Integrated C: is tagged by udev as: Keyboard
[     6.702] (II) event5  - Integrated Camera: Integrated C: device is a keyboard
[     6.702] (II) event5  - Integrated Camera: Integrated C: device removed
[     6.747] (**) Option "config_info" "udev:/sys/devices/pci0000:00/0000:00:14.0/usb1/1-8/1-8:1.0/input/input23/event5"
[     6.747] (II) XINPUT: Adding extended input device "Integrated Camera: Integrated C" (type: KEYBOARD, id 11)
[     6.747] (**) Option "xkb_model" "pc105"
[     6.747] (**) Option "xkb_layout" "de"
[     6.748] (II) event5  - Integrated Camera: Integrated C: is tagged by udev as: Keyboard
[     6.748] (II) event5  - Integrated Camera: Integrated C: device is a keyboard
[     6.748] (II) config/udev: Adding input device Integrated Camera: Integrated I (/dev/input/event6)
[     6.748] (**) Integrated Camera: Integrated I: Applying InputClass "libinput keyboard catchall"
[     6.748] (II) Using input driver 'libinput' for 'Integrated Camera: Integrated I'
[     6.748] (**) Integrated Camera: Integrated I: always reports core events
[     6.748] (**) Option "Device" "/dev/input/event6"
[     6.748] (**) Option "_source" "server/udev"
[     6.749] (II) event6  - Integrated Camera: Integrated I: is tagged by udev as: Keyboard
[     6.749] (II) event6  - Integrated Camera: Integrated I: device is a keyboard
[     6.749] (II) event6  - Integrated Camera: Integrated I: device removed
[     6.803] (**) Option "config_info" "udev:/sys/devices/pci0000:00/0000:00:14.0/usb1/1-8/1-8:1.2/input/input24/event6"
[     6.803] (II) XINPUT: Adding extended input device "Integrated Camera: Integrated I" (type: KEYBOARD, id 12)
[     6.803] (**) Option "xkb_model" "pc105"
[     6.803] (**) Option "xkb_layout" "de"
[     6.804] (II) event6  - Integrated Camera: Integrated I: is tagged by udev as: Keyboard
[     6.804] (II) event6  - Integrated Camera: Integrated I: device is a keyboard
[     6.805] (II) config/udev: Adding input device SYNA8006:00 06CB:CD8B Mouse (/dev/input/event11)
[     6.805] (**) SYNA8006:00 06CB:CD8B Mouse: Applying InputClass "libinput pointer catchall"
[     6.805] (II) Using input driver 'libinput' for 'SYNA8006:00 06CB:CD8B Mouse'
[     6.805] (**) SYNA8006:00 06CB:CD8B Mouse: always reports core events
[     6.805] (**) Option "Device" "/dev/input/event11"
[     6.805] (**) Option "_source" "server/udev"
[     6.806] (II) event11 - SYNA8006:00 06CB:CD8B Mouse: is tagged by udev as: Mouse Pointingstick
[     6.806] (II) event11 - SYNA8006:00 06CB:CD8B Mouse: device is a pointer
[     6.807] (II) event11 - SYNA8006:00 06CB:CD8B Mouse: device removed
[     6.855] (**) Option "config_info" "udev:/sys/devices/pci0000:00/0000:00:15.1/i2c_designware.1/i2c-2/i2c-SYNA8006:00/0018:06CB:CD8B.0001/input/input25/event11"
[     6.855] (II) XINPUT: Adding extended input device "SYNA8006:00 06CB:CD8B Mouse" (type: MOUSE, id 13)
[     6.855] (**) Option "AccelerationScheme" "none"
[     6.855] (**) SYNA8006:00 06CB:CD8B Mouse: (accel) selected scheme none/0
[     6.855] (**) SYNA8006:00 06CB:CD8B Mouse: (accel) acceleration factor: 2.000
[     6.855] (**) SYNA8006:00 06CB:CD8B Mouse: (accel) acceleration threshold: 4
[     6.856] (II) event11 - SYNA8006:00 06CB:CD8B Mouse: is tagged by udev as: Mouse Pointingstick
[     6.856] (II) event11 - SYNA8006:00 06CB:CD8B Mouse: device is a pointer
[     6.857] (II) config/udev: Adding input device SYNA8006:00 06CB:CD8B Mouse (/dev/input/mouse0)
[     6.857] (II) No input driver specified, ignoring this device.
[     6.857] (II) This device may have been added with another device file.
[     6.857] (II) config/udev: Adding input device SYNA8006:00 06CB:CD8B Touchpad (/dev/input/event12)
[     6.857] (**) SYNA8006:00 06CB:CD8B Touchpad: Applying InputClass "libinput touchpad catchall"
[     6.857] (II) Using input driver 'libinput' for 'SYNA8006:00 06CB:CD8B Touchpad'
[     6.857] (**) SYNA8006:00 06CB:CD8B Touchpad: always reports core events
[     6.857] (**) Option "Device" "/dev/input/event12"
[     6.857] (**) Option "_source" "server/udev"
[     6.858] (II) event12 - SYNA8006:00 06CB:CD8B Touchpad: is tagged by udev as: Touchpad
[     6.859] (II) event12 - SYNA8006:00 06CB:CD8B Touchpad: device is a touchpad
[     6.859] (II) event12 - SYNA8006:00 06CB:CD8B Touchpad: device removed
[     6.904] (**) Option "config_info" "udev:/sys/devices/pci0000:00/0000:00:15.1/i2c_designware.1/i2c-2/i2c-SYNA8006:00/0018:06CB:CD8B.0001/input/input26/event12"
[     6.904] (II) XINPUT: Adding extended input device "SYNA8006:00 06CB:CD8B Touchpad" (type: TOUCHPAD, id 14)
[     6.905] (**) Option "AccelerationScheme" "none"
[     6.905] (**) SYNA8006:00 06CB:CD8B Touchpad: (accel) selected scheme none/0
[     6.905] (**) SYNA8006:00 06CB:CD8B Touchpad: (accel) acceleration factor: 2.000
[     6.905] (**) SYNA8006:00 06CB:CD8B Touchpad: (accel) acceleration threshold: 4
[     6.907] (II) event12 - SYNA8006:00 06CB:CD8B Touchpad: is tagged by udev as: Touchpad
[     6.909] (II) event12 - SYNA8006:00 06CB:CD8B Touchpad: device is a touchpad
[     6.911] (II) config/udev: Adding input device SYNA8006:00 06CB:CD8B Touchpad (/dev/input/mouse1)
[     6.911] (II) No input driver specified, ignoring this device.
[     6.911] (II) This device may have been added with another device file.
[     6.912] (II) config/udev: Adding input device sof-hda-dsp Headset Jack (/dev/input/event14)
[     6.912] (**) sof-hda-dsp Headset Jack: Applying InputClass "libinput keyboard catchall"
[     6.912] (II) Using input driver 'libinput' for 'sof-hda-dsp Headset Jack'
[     6.912] (**) sof-hda-dsp Headset Jack: always reports core events
[     6.912] (**) Option "Device" "/dev/input/event14"
[     6.912] (**) Option "_source" "server/udev"
[     6.913] (II) event14 - sof-hda-dsp Headset Jack: is tagged by udev as: Keyboard Switch
[     6.913] (II) event14 - sof-hda-dsp Headset Jack: device is a keyboard
[     6.914] (II) event14 - sof-hda-dsp Headset Jack: device removed
[     6.939] (**) Option "config_info" "udev:/sys/devices/pci0000:00/0000:00:1f.3/skl_hda_dsp_generic/sound/card0/input28/event14"
[     6.939] (II) XINPUT: Adding extended input device "sof-hda-dsp Headset Jack" (type: KEYBOARD, id 15)
[     6.939] (**) Option "xkb_model" "pc105"
[     6.940] (**) Option "xkb_layout" "de"
[     6.942] (II) event14 - sof-hda-dsp Headset Jack: is tagged by udev as: Keyboard Switch
[     6.942] (II) event14 - sof-hda-dsp Headset Jack: device is a keyboard
[     6.944] (II) config/udev: Adding input device sof-hda-dsp Mic (/dev/input/event15)
[     6.944] (II) No input driver specified, ignoring this device.
[     6.944] (II) This device may have been added with another device file.
[     6.944] (II) config/udev: Adding input device sof-hda-dsp Headphone (/dev/input/event16)
[     6.944] (II) No input driver specified, ignoring this device.
[     6.944] (II) This device may have been added with another device file.
[     6.945] (II) config/udev: Adding input device sof-hda-dsp HDMI/DP,pcm=3 (/dev/input/event17)
[     6.945] (II) No input driver specified, ignoring this device.
[     6.945] (II) This device may have been added with another device file.
[     6.946] (II) config/udev: Adding input device sof-hda-dsp HDMI/DP,pcm=4 (/dev/input/event18)
[     6.946] (II) No input driver specified, ignoring this device.
[     6.946] (II) This device may have been added with another device file.
[     6.947] (II) config/udev: Adding input device sof-hda-dsp HDMI/DP,pcm=5 (/dev/input/event19)
[     6.947] (II) No input driver specified, ignoring this device.
[     6.947] (II) This device may have been added with another device file.
[     6.947] (II) config/udev: Adding input device Intel HID events (/dev/input/event10)
[     6.947] (**) Intel HID events: Applying InputClass "libinput keyboard catchall"
[     6.948] (II) Using input driver 'libinput' for 'Intel HID events'
[     6.948] (**) Intel HID events: always reports core events
[     6.948] (**) Option "Device" "/dev/input/event10"
[     6.948] (**) Option "_source" "server/udev"
[     6.949] (II) event10 - Intel HID events: is tagged by udev as: Keyboard
[     6.949] (II) event10 - Intel HID events: device is a keyboard
[     6.950] (II) event10 - Intel HID events: device removed
[     6.968] (**) Option "config_info" "udev:/sys/devices/platform/INT33D5:00/input/input21/event10"
[     6.968] (II) XINPUT: Adding extended input device "Intel HID events" (type: KEYBOARD, id 16)
[     6.968] (**) Option "xkb_model" "pc105"
[     6.968] (**) Option "xkb_layout" "de"
[     6.970] (II) event10 - Intel HID events: is tagged by udev as: Keyboard
[     6.970] (II) event10 - Intel HID events: device is a keyboard
[     6.971] (II) config/udev: Adding input device AT Translated Set 2 keyboard (/dev/input/event3)
[     6.971] (**) AT Translated Set 2 keyboard: Applying InputClass "libinput keyboard catchall"
[     6.971] (II) Using input driver 'libinput' for 'AT Translated Set 2 keyboard'
[     6.971] (**) AT Translated Set 2 keyboard: always reports core events
[     6.971] (**) Option "Device" "/dev/input/event3"
[     6.971] (**) Option "_source" "server/udev"
[     6.974] (II) event3  - AT Translated Set 2 keyboard: is tagged by udev as: Keyboard
[     6.974] (II) event3  - AT Translated Set 2 keyboard: device is a keyboard
[     6.975] (II) event3  - AT Translated Set 2 keyboard: device removed
[     6.992] (**) Option "config_info" "udev:/sys/devices/platform/i8042/serio0/input/input3/event3"
[     6.992] (II) XINPUT: Adding extended input device "AT Translated Set 2 keyboard" (type: KEYBOARD, id 17)
[     6.992] (**) Option "xkb_model" "pc105"
[     6.992] (**) Option "xkb_layout" "de"
[     6.994] (II) event3  - AT Translated Set 2 keyboard: is tagged by udev as: Keyboard
[     6.995] (II) event3  - AT Translated Set 2 keyboard: device is a keyboard
[     6.997] (II) config/udev: Adding input device TPPS/2 Elan TrackPoint (/dev/input/event7)
[     6.997] (**) TPPS/2 Elan TrackPoint: Applying InputClass "libinput pointer catchall"
[     6.997] (II) Using input driver 'libinput' for 'TPPS/2 Elan TrackPoint'
[     6.997] (**) TPPS/2 Elan TrackPoint: always reports core events
[     6.997] (**) Option "Device" "/dev/input/event7"
[     6.997] (**) Option "_source" "server/udev"
[     6.999] (II) event7  - TPPS/2 Elan TrackPoint: is tagged by udev as: Mouse Pointingstick
[     7.000] (II) event7  - TPPS/2 Elan TrackPoint: device is a pointer
[     7.002] (II) event7  - TPPS/2 Elan TrackPoint: device removed
[     7.047] (**) Option "config_info" "udev:/sys/devices/platform/i8042/serio1/input/input5/event7"
[     7.047] (II) XINPUT: Adding extended input device "TPPS/2 Elan TrackPoint" (type: MOUSE, id 18)
[     7.048] (**) Option "AccelerationScheme" "none"
[     7.048] (**) TPPS/2 Elan TrackPoint: (accel) selected scheme none/0
[     7.048] (**) TPPS/2 Elan TrackPoint: (accel) acceleration factor: 2.000
[     7.048] (**) TPPS/2 Elan TrackPoint: (accel) acceleration threshold: 4
[     7.050] (II) event7  - TPPS/2 Elan TrackPoint: is tagged by udev as: Mouse Pointingstick
[     7.051] (II) event7  - TPPS/2 Elan TrackPoint: device is a pointer
[     7.053] (II) config/udev: Adding input device TPPS/2 Elan TrackPoint (/dev/input/mouse2)
[     7.053] (II) No input driver specified, ignoring this device.
[     7.053] (II) This device may have been added with another device file.
[     7.058] (II) config/udev: Adding input device ThinkPad Extra Buttons (/dev/input/event13)
[     7.058] (**) ThinkPad Extra Buttons: Applying InputClass "libinput keyboard catchall"
[     7.058] (II) Using input driver 'libinput' for 'ThinkPad Extra Buttons'
[     7.058] (**) ThinkPad Extra Buttons: always reports core events
[     7.058] (**) Option "Device" "/dev/input/event13"
[     7.058] (**) Option "_source" "server/udev"
[     7.060] (II) event13 - ThinkPad Extra Buttons: is tagged by udev as: Keyboard Switch
[     7.060] (II) event13 - ThinkPad Extra Buttons: device is a keyboard
[     7.060] (II) event13 - ThinkPad Extra Buttons: device is a switch device
[     7.061] (II) event13 - ThinkPad Extra Buttons: device removed
[     7.080] (**) Option "config_info" "udev:/sys/devices/platform/thinkpad_acpi/input/input22/event13"
[     7.080] (II) XINPUT: Adding extended input device "ThinkPad Extra Buttons" (type: KEYBOARD, id 19)
[     7.080] (**) Option "xkb_model" "pc105"
[     7.080] (**) Option "xkb_layout" "de"
[     7.082] (II) event13 - ThinkPad Extra Buttons: is tagged by udev as: Keyboard Switch
[     7.082] (II) event13 - ThinkPad Extra Buttons: device is a keyboard
[     7.082] (II) event13 - ThinkPad Extra Buttons: device is a switch device
[     7.108] (**) Wacom Pen and multitouch sensor Pen eraser: Applying InputClass "libinput tablet catchall"
[     7.108] (**) Wacom Pen and multitouch sensor Pen eraser: Applying InputClass "Wacom USB tablet class"
[     7.108] (**) Wacom Pen and multitouch sensor Pen eraser: Applying InputClass "Wacom tablet class"
[     7.108] (II) Using input driver 'wacom' for 'Wacom Pen and multitouch sensor Pen eraser'
[     7.108] (**) Wacom Pen and multitouch sensor Pen eraser: always reports core events
[     7.108] (**) Option "Device" "/dev/input/event9"
[     7.108] (**) Option "Type" "eraser"
[     7.108] (**) Wacom Pen and multitouch sensor Pen eraser: panscroll is 1300
[     7.108] (**) Wacom Pen and multitouch sensor Pen eraser: panscroll modified to 1300
[     7.108] (--) Wacom Pen and multitouch sensor Pen eraser: maxX=30931 maxY=17399 maxZ=4095 resX=100000 resY=100000  tilt=enabled
[     7.127] (**) Option "config_info" "udev:/sys/devices/pci0000:00/0000:00:14.0/usb1/1-6/1-6:1.1/0003:056A:51BD.0005/input/input18/event9"
[     7.127] (II) XINPUT: Adding extended input device "Wacom Pen and multitouch sensor Pen eraser" (type: ERASER, id 20)
[     7.128] (**) Wacom Pen and multitouch sensor Pen eraser: (accel) keeping acceleration scheme 1
[     7.128] (**) Wacom Pen and multitouch sensor Pen eraser: (accel) acceleration profile 0
[     7.128] (**) Wacom Pen and multitouch sensor Pen eraser: (accel) acceleration factor: 2.000
[     7.128] (**) Wacom Pen and multitouch sensor Pen eraser: (accel) acceleration threshold: 4
[    14.011] (II) modeset(0): EDID vendor "CMN", prod id 5363
[    14.011] (II) modeset(0): Printing DDC gathered Modelines:
[    14.011] (II) modeset(0): Modeline "1920x1080"x0.0  138.78  1920 1966 1996 2080  1080 1082 1086 1112 -hsync -vsync (66.7 kHz eP)
[    14.067] (II) modeset(0): EDID vendor "CMN", prod id 5363
[    14.067] (II) modeset(0): Printing DDC gathered Modelines:
[    14.067] (II) modeset(0): Modeline "1920x1080"x0.0  138.78  1920 1966 1996 2080  1080 1082 1086 1112 -hsync -vsync (66.7 kHz eP)
[    14.112] (II) modeset(0): EDID vendor "CMN", prod id 5363
[    14.112] (II) modeset(0): Printing DDC gathered Modelines:
[    14.112] (II) modeset(0): Modeline "1920x1080"x0.0  138.78  1920 1966 1996 2080  1080 1082 1086 1112 -hsync -vsync (66.7 kHz eP)
[    14.122] (II) modeset(0): EDID vendor "CMN", prod id 5363
[    14.122] (II) modeset(0): Printing DDC gathered Modelines:
[    14.122] (II) modeset(0): Modeline "1920x1080"x0.0  138.78  1920 1966 1996 2080  1080 1082 1086 1112 -hsync -vsync (66.7 kHz eP)
[    14.233] (II) modeset(0): EDID vendor "CMN", prod id 5363
[    14.233] (II) modeset(0): Printing DDC gathered Modelines:
[    14.234] (II) modeset(0): Modeline "1920x1080"x0.0  138.78  1920 1966 1996 2080  1080 1082 1086 1112 -hsync -vsync (66.7 kHz eP)
[    14.372] (II) modeset(0): EDID vendor "CMN", prod id 5363
[    14.372] (II) modeset(0): Printing DDC gathered Modelines:
[    14.372] (II) modeset(0): Modeline "1920x1080"x0.0  138.78  1920 1966 1996 2080  1080 1082 1086 1112 -hsync -vsync (66.7 kHz eP)
[    14.632] (II) modeset(0): EDID vendor "CMN", prod id 5363
[    14.632] (II) modeset(0): Printing DDC gathered Modelines:
[    14.632] (II) modeset(0): Modeline "1920x1080"x0.0  138.78  1920 1966 1996 2080  1080 1082 1086 1112 -hsync -vsync (66.7 kHz eP)
[  3448.741] (II) modeset(0): EDID vendor "CMN", prod id 5363
[  3448.741] (II) modeset(0): Printing DDC gathered Modelines:
[  3448.741] (II) modeset(0): Modeline "1920x1080"x0.0  138.78  1920 1966 1996 2080  1080 1082 1086 1112 -hsync -vsync (66.7 kHz eP)
[  3448.752] (II) modeset(0): EDID vendor "CMN", prod id 5363
[  3448.752] (II) modeset(0): Printing DDC gathered Modelines:
[  3448.752] (II) modeset(0): Modeline "1920x1080"x0.0  138.78  1920 1966 1996 2080  1080 1082 1086 1112 -hsync -vsync (66.7 kHz eP)
[  3455.999] (II) modeset(0): EDID vendor "CMN", prod id 5363
[  3455.999] (II) modeset(0): Printing DDC gathered Modelines:
[  3455.999] (II) modeset(0): Modeline "1920x1080"x0.0  138.78  1920 1966 1996 2080  1080 1082 1086 1112 -hsync -vsync (66.7 kHz eP)
[  3644.946] (II) modeset(0): EDID vendor "CMN", prod id 5363
[  3644.947] (II) modeset(0): Printing DDC gathered Modelines:
[  3644.947] (II) modeset(0): Modeline "1920x1080"x0.0  138.78  1920 1966 1996 2080  1080 1082 1086 1112 -hsync -vsync (66.7 kHz eP)
[  3644.959] (II) modeset(0): EDID vendor "CMN", prod id 5363
[  3644.959] (II) modeset(0): Printing DDC gathered Modelines:
[  3644.959] (II) modeset(0): Modeline "1920x1080"x0.0  138.78  1920 1966 1996 2080  1080 1082 1086 1112 -hsync -vsync (66.7 kHz eP)
[  3651.844] (II) modeset(0): EDID vendor "CMN", prod id 5363
[  3651.844] (II) modeset(0): Printing DDC gathered Modelines:
[  3651.844] (II) modeset(0): Modeline "1920x1080"x0.0  138.78  1920 1966 1996 2080  1080 1082 1086 1112 -hsync -vsync (66.7 kHz eP)
[  6513.507] (II) modeset(0): EDID vendor "CMN", prod id 5363
[  6513.507] (II) modeset(0): Printing DDC gathered Modelines:
[  6513.507] (II) modeset(0): Modeline "1920x1080"x0.0  138.78  1920 1966 1996 2080  1080 1082 1086 1112 -hsync -vsync (66.7 kHz eP)
[  6513.520] (II) modeset(0): EDID vendor "CMN", prod id 5363
[  6513.520] (II) modeset(0): Printing DDC gathered Modelines:
[  6513.520] (II) modeset(0): Modeline "1920x1080"x0.0  138.78  1920 1966 1996 2080  1080 1082 1086 1112 -hsync -vsync (66.7 kHz eP)
[  8893.949] (II) modeset(0): EDID vendor "CMN", prod id 5363
[  8893.949] (II) modeset(0): Printing DDC gathered Modelines:
[  8893.949] (II) modeset(0): Modeline "1920x1080"x0.0  138.78  1920 1966 1996 2080  1080 1082 1086 1112 -hsync -vsync (66.7 kHz eP)
[  8899.054] (II) modeset(0): EDID vendor "CMN", prod id 5363
[  8899.054] (II) modeset(0): Printing DDC gathered Modelines:
[  8899.054] (II) modeset(0): Modeline "1920x1080"x0.0  138.78  1920 1966 1996 2080  1080 1082 1086 1112 -hsync -vsync (66.7 kHz eP)
[  9004.212] (II) modeset(0): EDID vendor "CMN", prod id 5363
[  9004.212] (II) modeset(0): Printing DDC gathered Modelines:
[  9004.212] (II) modeset(0): Modeline "1920x1080"x0.0  138.78  1920 1966 1996 2080  1080 1082 1086 1112 -hsync -vsync (66.7 kHz eP)
[  9004.224] (II) modeset(0): EDID vendor "CMN", prod id 5363
[  9004.224] (II) modeset(0): Printing DDC gathered Modelines:
[  9004.224] (II) modeset(0): Modeline "1920x1080"x0.0  138.78  1920 1966 1996 2080  1080 1082 1086 1112 -hsync -vsync (66.7 kHz eP)
[  9011.777] (II) modeset(0): EDID vendor "CMN", prod id 5363
[  9011.777] (II) modeset(0): Printing DDC gathered Modelines:
[  9011.777] (II) modeset(0): Modeline "1920x1080"x0.0  138.78  1920 1966 1996 2080  1080 1082 1086 1112 -hsync -vsync (66.7 kHz eP)
[ 11152.057] (II) modeset(0): EDID vendor "CMN", prod id 5363
[ 11152.057] (II) modeset(0): Printing DDC gathered Modelines:
[ 11152.057] (II) modeset(0): Modeline "1920x1080"x0.0  138.78  1920 1966 1996 2080  1080 1082 1086 1112 -hsync -vsync (66.7 kHz eP)
[ 11157.181] (II) modeset(0): EDID vendor "CMN", prod id 5363
[ 11157.181] (II) modeset(0): Printing DDC gathered Modelines:
[ 11157.181] (II) modeset(0): Modeline "1920x1080"x0.0  138.78  1920 1966 1996 2080  1080 1082 1086 1112 -hsync -vsync (66.7 kHz eP)
[ 11446.439] (II) modeset(0): EDID vendor "CMN", prod id 5363
[ 11446.439] (II) modeset(0): Printing DDC gathered Modelines:
[ 11446.439] (II) modeset(0): Modeline "1920x1080"x0.0  138.78  1920 1966 1996 2080  1080 1082 1086 1112 -hsync -vsync (66.7 kHz eP)
[ 11446.451] (II) modeset(0): EDID vendor "CMN", prod id 5363
[ 11446.451] (II) modeset(0): Printing DDC gathered Modelines:
[ 11446.451] (II) modeset(0): Modeline "1920x1080"x0.0  138.78  1920 1966 1996 2080  1080 1082 1086 1112 -hsync -vsync (66.7 kHz eP)
[ 11453.882] (II) modeset(0): EDID vendor "CMN", prod id 5363
[ 11453.882] (II) modeset(0): Printing DDC gathered Modelines:
[ 11453.882] (II) modeset(0): Modeline "1920x1080"x0.0  138.78  1920 1966 1996 2080  1080 1082 1086 1112 -hsync -vsync (66.7 kHz eP)
[ 13346.572] (II) modeset(0): EDID vendor "CMN", prod id 5363
[ 13346.572] (II) modeset(0): Printing DDC gathered Modelines:
[ 13346.572] (II) modeset(0): Modeline "1920x1080"x0.0  138.78  1920 1966 1996 2080  1080 1082 1086 1112 -hsync -vsync (66.7 kHz eP)
[ 13351.953] (II) modeset(0): EDID vendor "CMN", prod id 5363
[ 13351.953] (II) modeset(0): Printing DDC gathered Modelines:
[ 13351.953] (II) modeset(0): Modeline "1920x1080"x0.0  138.78  1920 1966 1996 2080  1080 1082 1086 1112 -hsync -vsync (66.7 kHz eP)
[ 14489.910] (II) modeset(0): EDID vendor "CMN", prod id 5363
[ 14489.910] (II) modeset(0): Printing DDC gathered Modelines:
[ 14489.910] (II) modeset(0): Modeline "1920x1080"x0.0  138.78  1920 1966 1996 2080  1080 1082 1086 1112 -hsync -vsync (66.7 kHz eP)
[ 14969.971] (II) modeset(0): EDID vendor "CMN", prod id 5363
[ 14969.971] (II) modeset(0): Printing DDC gathered Modelines:
[ 14969.971] (II) modeset(0): Modeline "1920x1080"x0.0  138.78  1920 1966 1996 2080  1080 1082 1086 1112 -hsync -vsync (66.7 kHz eP)
[ 14969.983] (II) modeset(0): EDID vendor "CMN", prod id 5363
[ 14969.983] (II) modeset(0): Printing DDC gathered Modelines:
[ 14969.983] (II) modeset(0): Modeline "1920x1080"x0.0  138.78  1920 1966 1996 2080  1080 1082 1086 1112 -hsync -vsync (66.7 kHz eP)
[ 18369.173] (II) modeset(0): EDID vendor "CMN", prod id 5363
[ 18369.173] (II) modeset(0): Printing DDC gathered Modelines:
[ 18369.173] (II) modeset(0): Modeline "1920x1080"x0.0  138.78  1920 1966 1996 2080  1080 1082 1086 1112 -hsync -vsync (66.7 kHz eP)
[ 19472.457] (EE) event12 - SYNA8006:00 06CB:CD8B Touchpad: kernel bug: Touch jump detected and discarded.
See https://wayland.freedesktop.org/libinput/doc/1.15.5/touchpad-jumping-cursors.html for details
[ 19891.088] (II) modeset(0): EDID vendor "CMN", prod id 5363
[ 19891.088] (II) modeset(0): Printing DDC gathered Modelines:
[ 19891.088] (II) modeset(0): Modeline "1920x1080"x0.0  138.78  1920 1966 1996 2080  1080 1082 1086 1112 -hsync -vsync (66.7 kHz eP)
[ 19891.100] (II) modeset(0): EDID vendor "CMN", prod id 5363
[ 19891.101] (II) modeset(0): Printing DDC gathered Modelines:
[ 19891.101] (II) modeset(0): Modeline "1920x1080"x0.0  138.78  1920 1966 1996 2080  1080 1082 1086 1112 -hsync -vsync (66.7 kHz eP)
[ 20803.433] (II) modeset(0): EDID vendor "CMN", prod id 5363
[ 20803.433] (II) modeset(0): Printing DDC gathered Modelines:
[ 20803.433] (II) modeset(0): Modeline "1920x1080"x0.0  138.78  1920 1966 1996 2080  1080 1082 1086 1112 -hsync -vsync (66.7 kHz eP)
[ 21003.395] (II) modeset(0): EDID vendor "CMN", prod id 5363
[ 21003.395] (II) modeset(0): Printing DDC gathered Modelines:
[ 21003.395] (II) modeset(0): Modeline "1920x1080"x0.0  138.78  1920 1966 1996 2080  1080 1082 1086 1112 -hsync -vsync (66.7 kHz eP)
[ 21003.413] (II) modeset(0): EDID vendor "CMN", prod id 5363
[ 21003.413] (II) modeset(0): Printing DDC gathered Modelines:
[ 21003.413] (II) modeset(0): Modeline "1920x1080"x0.0  138.78  1920 1966 1996 2080  1080 1082 1086 1112 -hsync -vsync (66.7 kHz eP)
[ 28980.233] (II) modeset(0): EDID vendor "CMN", prod id 5363
[ 28980.233] (II) modeset(0): Printing DDC gathered Modelines:
[ 28980.233] (II) modeset(0): Modeline "1920x1080"x0.0  138.78  1920 1966 1996 2080  1080 1082 1086 1112 -hsync -vsync (66.7 kHz eP)
[ 28985.384] (II) modeset(0): EDID vendor "CMN", prod id 5363
[ 28985.384] (II) modeset(0): Printing DDC gathered Modelines:
[ 28985.384] (II) modeset(0): Modeline "1920x1080"x0.0  138.78  1920 1966 1996 2080  1080 1082 1086 1112 -hsync -vsync (66.7 kHz eP)
[ 29338.543] (II) modeset(0): EDID vendor "CMN", prod id 5363
[ 29338.543] (II) modeset(0): Printing DDC gathered Modelines:
[ 29338.543] (II) modeset(0): Modeline "1920x1080"x0.0  138.78  1920 1966 1996 2080  1080 1082 1086 1112 -hsync -vsync (66.7 kHz eP)
[ 29338.555] (II) modeset(0): EDID vendor "CMN", prod id 5363
[ 29338.555] (II) modeset(0): Printing DDC gathered Modelines:
[ 29338.555] (II) modeset(0): Modeline "1920x1080"x0.0  138.78  1920 1966 1996 2080  1080 1082 1086 1112 -hsync -vsync (66.7 kHz eP)
[ 29345.304] (II) modeset(0): EDID vendor "CMN", prod id 5363
[ 29345.304] (II) modeset(0): Printing DDC gathered Modelines:
[ 29345.304] (II) modeset(0): Modeline "1920x1080"x0.0  138.78  1920 1966 1996 2080  1080 1082 1086 1112 -hsync -vsync (66.7 kHz eP)
[ 30052.523] (II) modeset(0): EDID vendor "CMN", prod id 5363
[ 30052.523] (II) modeset(0): Printing DDC gathered Modelines:
[ 30052.523] (II) modeset(0): Modeline "1920x1080"x0.0  138.78  1920 1966 1996 2080  1080 1082 1086 1112 -hsync -vsync (66.7 kHz eP)
[ 30052.539] (II) modeset(0): EDID vendor "CMN", prod id 5363
[ 30052.539] (II) modeset(0): Printing DDC gathered Modelines:
[ 30052.539] (II) modeset(0): Modeline "1920x1080"x0.0  138.78  1920 1966 1996 2080  1080 1082 1086 1112 -hsync -vsync (66.7 kHz eP)
[ 30059.271] (II) modeset(0): EDID vendor "CMN", prod id 5363
[ 30059.271] (II) modeset(0): Printing DDC gathered Modelines:
[ 30059.271] (II) modeset(0): Modeline "1920x1080"x0.0  138.78  1920 1966 1996 2080  1080 1082 1086 1112 -hsync -vsync (66.7 kHz eP)
[ 30151.115] (II) modeset(0): EDID vendor "CMN", prod id 5363
[ 30151.115] (II) modeset(0): Printing DDC gathered Modelines:
[ 30151.115] (II) modeset(0): Modeline "1920x1080"x0.0  138.78  1920 1966 1996 2080  1080 1082 1086 1112 -hsync -vsync (66.7 kHz eP)
[ 30151.132] (II) modeset(0): EDID vendor "CMN", prod id 5363
[ 30151.132] (II) modeset(0): Printing DDC gathered Modelines:
[ 30151.132] (II) modeset(0): Modeline "1920x1080"x0.0  138.78  1920 1966 1996 2080  1080 1082 1086 1112 -hsync -vsync (66.7 kHz eP)
[ 30157.945] (II) modeset(0): EDID vendor "CMN", prod id 5363
[ 30157.945] (II) modeset(0): Printing DDC gathered Modelines:
[ 30157.945] (II) modeset(0): Modeline "1920x1080"x0.0  138.78  1920 1966 1996 2080  1080 1082 1086 1112 -hsync -vsync (66.7 kHz eP)
[ 30224.092] (II) modeset(0): EDID vendor "CMN", prod id 5363
[ 30224.092] (II) modeset(0): Printing DDC gathered Modelines:
[ 30224.092] (II) modeset(0): Modeline "1920x1080"x0.0  138.78  1920 1966 1996 2080  1080 1082 1086 1112 -hsync -vsync (66.7 kHz eP)
[ 30224.108] (II) modeset(0): EDID vendor "CMN", prod id 5363
[ 30224.108] (II) modeset(0): Printing DDC gathered Modelines:
[ 30224.108] (II) modeset(0): Modeline "1920x1080"x0.0  138.78  1920 1966 1996 2080  1080 1082 1086 1112 -hsync -vsync (66.7 kHz eP)
[ 30230.882] (II) modeset(0): EDID vendor "CMN", prod id 5363
[ 30230.882] (II) modeset(0): Printing DDC gathered Modelines:
[ 30230.882] (II) modeset(0): Modeline "1920x1080"x0.0  138.78  1920 1966 1996 2080  1080 1082 1086 1112 -hsync -vsync (66.7 kHz eP)
[ 30330.894] (II) modeset(0): EDID vendor "CMN", prod id 5363
[ 30330.894] (II) modeset(0): Printing DDC gathered Modelines:
[ 30330.894] (II) modeset(0): Modeline "1920x1080"x0.0  138.78  1920 1966 1996 2080  1080 1082 1086 1112 -hsync -vsync (66.7 kHz eP)
[ 30330.909] (II) modeset(0): EDID vendor "CMN", prod id 5363
[ 30330.909] (II) modeset(0): Printing DDC gathered Modelines:
[ 30330.909] (II) modeset(0): Modeline "1920x1080"x0.0  138.78  1920 1966 1996 2080  1080 1082 1086 1112 -hsync -vsync (66.7 kHz eP)
[ 30337.613] (II) modeset(0): EDID vendor "CMN", prod id 5363
[ 30337.613] (II) modeset(0): Printing DDC gathered Modelines:
[ 30337.613] (II) modeset(0): Modeline "1920x1080"x0.0  138.78  1920 1966 1996 2080  1080 1082 1086 1112 -hsync -vsync (66.7 kHz eP)
[ 30594.348] (II) modeset(0): EDID vendor "CMN", prod id 5363
[ 30594.348] (II) modeset(0): Printing DDC gathered Modelines:
[ 30594.348] (II) modeset(0): Modeline "1920x1080"x0.0  138.78  1920 1966 1996 2080  1080 1082 1086 1112 -hsync -vsync (66.7 kHz eP)
[ 30594.364] (II) modeset(0): EDID vendor "CMN", prod id 5363
[ 30594.364] (II) modeset(0): Printing DDC gathered Modelines:
[ 30594.364] (II) modeset(0): Modeline "1920x1080"x0.0  138.78  1920 1966 1996 2080  1080 1082 1086 1112 -hsync -vsync (66.7 kHz eP)
[ 30601.083] (II) modeset(0): EDID vendor "CMN", prod id 5363
[ 30601.083] (II) modeset(0): Printing DDC gathered Modelines:
[ 30601.083] (II) modeset(0): Modeline "1920x1080"x0.0  138.78  1920 1966 1996 2080  1080 1082 1086 1112 -hsync -vsync (66.7 kHz eP)
[ 33661.165] (II) modeset(0): EDID vendor "CMN", prod id 5363
[ 33661.165] (II) modeset(0): Printing DDC gathered Modelines:
[ 33661.165] (II) modeset(0): Modeline "1920x1080"x0.0  138.78  1920 1966 1996 2080  1080 1082 1086 1112 -hsync -vsync (66.7 kHz eP)
[ 33661.183] (II) modeset(0): EDID vendor "CMN", prod id 5363
[ 33661.183] (II) modeset(0): Printing DDC gathered Modelines:
[ 33661.183] (II) modeset(0): Modeline "1920x1080"x0.0  138.78  1920 1966 1996 2080  1080 1082 1086 1112 -hsync -vsync (66.7 kHz eP)
[ 33667.612] (II) modeset(0): EDID vendor "CMN", prod id 5363
[ 33667.612] (II) modeset(0): Printing DDC gathered Modelines:
[ 33667.612] (II) modeset(0): Modeline "1920x1080"x0.0  138.78  1920 1966 1996 2080  1080 1082 1086 1112 -hsync -vsync (66.7 kHz eP)
[ 33896.384] (II) modeset(0): EDID vendor "CMN", prod id 5363
[ 33896.384] (II) modeset(0): Printing DDC gathered Modelines:
[ 33896.384] (II) modeset(0): Modeline "1920x1080"x0.0  138.78  1920 1966 1996 2080  1080 1082 1086 1112 -hsync -vsync (66.7 kHz eP)
[ 33896.439] (II) modeset(0): EDID vendor "CMN", prod id 5363
[ 33896.440] (II) modeset(0): Printing DDC gathered Modelines:
[ 33896.440] (II) modeset(0): Modeline "1920x1080"x0.0  138.78  1920 1966 1996 2080  1080 1082 1086 1112 -hsync -vsync (66.7 kHz eP)
[ 33912.310] (II) modeset(0): EDID vendor "CMN", prod id 5363
[ 33912.310] (II) modeset(0): Printing DDC gathered Modelines:
[ 33912.310] (II) modeset(0): Modeline "1920x1080"x0.0  138.78  1920 1966 1996 2080  1080 1082 1086 1112 -hsync -vsync (66.7 kHz eP)
[ 33912.332] (II) modeset(0): EDID vendor "CMN", prod id 5363
[ 33912.332] (II) modeset(0): Printing DDC gathered Modelines:
[ 33912.332] (II) modeset(0): Modeline "1920x1080"x0.0  138.78  1920 1966 1996 2080  1080 1082 1086 1112 -hsync -vsync (66.7 kHz eP)
[ 42125.132] (II) modeset(0): EDID vendor "CMN", prod id 5363
[ 42125.132] (II) modeset(0): Printing DDC gathered Modelines:
[ 42125.132] (II) modeset(0): Modeline "1920x1080"x0.0  138.78  1920 1966 1996 2080  1080 1082 1086 1112 -hsync -vsync (66.7 kHz eP)
[ 42125.148] (II) modeset(0): EDID vendor "CMN", prod id 5363
[ 42125.148] (II) modeset(0): Printing DDC gathered Modelines:
[ 42125.148] (II) modeset(0): Modeline "1920x1080"x0.0  138.78  1920 1966 1996 2080  1080 1082 1086 1112 -hsync -vsync (66.7 kHz eP)
[ 42653.934] (II) modeset(0): EDID vendor "CMN", prod id 5363
[ 42653.934] (II) modeset(0): Printing DDC gathered Modelines:
[ 42653.934] (II) modeset(0): Modeline "1920x1080"x0.0  138.78  1920 1966 1996 2080  1080 1082 1086 1112 -hsync -vsync (66.7 kHz eP)
[ 42657.470] (II) modeset(0): EDID vendor "CMN", prod id 5363
[ 42657.470] (II) modeset(0): Printing DDC gathered Modelines:
[ 42657.470] (II) modeset(0): Modeline "1920x1080"x0.0  138.78  1920 1966 1996 2080  1080 1082 1086 1112 -hsync -vsync (66.7 kHz eP)
[ 43248.525] (II) modeset(0): Allocate new frame buffer 1080x1920 stride
[ 43249.386] (II) modeset(0): EDID vendor "CMN", prod id 5363
[ 43249.387] (II) modeset(0): Printing DDC gathered Modelines:
[ 43249.387] (II) modeset(0): Modeline "1920x1080"x0.0  138.78  1920 1966 1996 2080  1080 1082 1086 1112 -hsync -vsync (66.7 kHz eP)
[ 43249.432] (II) modeset(0): EDID vendor "CMN", prod id 5363
[ 43249.432] (II) modeset(0): Printing DDC gathered Modelines:
[ 43249.432] (II) modeset(0): Modeline "1920x1080"x0.0  138.78  1920 1966 1996 2080  1080 1082 1086 1112 -hsync -vsync (66.7 kHz eP)
[ 43254.123] (II) modeset(0): Allocate new frame buffer 1920x1080 stride
[ 43254.988] (II) modeset(0): EDID vendor "CMN", prod id 5363
[ 43254.988] (II) modeset(0): Printing DDC gathered Modelines:
[ 43254.988] (II) modeset(0): Modeline "1920x1080"x0.0  138.78  1920 1966 1996 2080  1080 1082 1086 1112 -hsync -vsync (66.7 kHz eP)
[ 43255.027] (II) modeset(0): EDID vendor "CMN", prod id 5363
[ 43255.027] (II) modeset(0): Printing DDC gathered Modelines:
[ 43255.027] (II) modeset(0): Modeline "1920x1080"x0.0  138.78  1920 1966 1996 2080  1080 1082 1086 1112 -hsync -vsync (66.7 kHz eP)
[ 44302.903] (II) modeset(0): EDID vendor "CMN", prod id 5363
[ 44302.903] (II) modeset(0): Printing DDC gathered Modelines:
[ 44302.903] (II) modeset(0): Modeline "1920x1080"x0.0  138.78  1920 1966 1996 2080  1080 1082 1086 1112 -hsync -vsync (66.7 kHz eP)
[ 44305.725] (II) modeset(0): EDID vendor "CMN", prod id 5363
[ 44305.725] (II) modeset(0): Printing DDC gathered Modelines:
[ 44305.725] (II) modeset(0): Modeline "1920x1080"x0.0  138.78  1920 1966 1996 2080  1080 1082 1086 1112 -hsync -vsync (66.7 kHz eP)
[ 44308.240] (II) modeset(0): EDID vendor "CMN", prod id 5363
[ 44308.240] (II) modeset(0): Printing DDC gathered Modelines:
[ 44308.240] (II) modeset(0): Modeline "1920x1080"x0.0  138.78  1920 1966 1996 2080  1080 1082 1086 1112 -hsync -vsync (66.7 kHz eP)
[ 44308.250] (II) modeset(0): EDID vendor "CMN", prod id 5363
[ 44308.250] (II) modeset(0): Printing DDC gathered Modelines:
[ 44308.250] (II) modeset(0): Modeline "1920x1080"x0.0  138.78  1920 1966 1996 2080  1080 1082 1086 1112 -hsync -vsync (66.7 kHz eP)
[ 44312.155] (II) modeset(0): EDID vendor "CMN", prod id 5363
[ 44312.155] (II) modeset(0): Printing DDC gathered Modelines:
[ 44312.155] (II) modeset(0): Modeline "1920x1080"x0.0  138.78  1920 1966 1996 2080  1080 1082 1086 1112 -hsync -vsync (66.7 kHz eP)
[ 44312.165] (II) modeset(0): EDID vendor "CMN", prod id 5363
[ 44312.165] (II) modeset(0): Printing DDC gathered Modelines:
[ 44312.165] (II) modeset(0): Modeline "1920x1080"x0.0  138.78  1920 1966 1996 2080  1080 1082 1086 1112 -hsync -vsync (66.7 kHz eP)
[ 44312.202] (II) modeset(0): EDID vendor "CMN", prod id 5363
[ 44312.202] (II) modeset(0): Printing DDC gathered Modelines:
[ 44312.202] (II) modeset(0): Modeline "1920x1080"x0.0  138.78  1920 1966 1996 2080  1080 1082 1086 1112 -hsync -vsync (66.7 kHz eP)
[ 44312.212] (II) modeset(0): EDID vendor "CMN", prod id 5363
[ 44312.212] (II) modeset(0): Printing DDC gathered Modelines:
[ 44312.212] (II) modeset(0): Modeline "1920x1080"x0.0  138.78  1920 1966 1996 2080  1080 1082 1086 1112 -hsync -vsync (66.7 kHz eP)
[ 45936.229] (II) modeset(0): EDID vendor "CMN", prod id 5363
[ 45936.229] (II) modeset(0): Printing DDC gathered Modelines:
[ 45936.229] (II) modeset(0): Modeline "1920x1080"x0.0  138.78  1920 1966 1996 2080  1080 1082 1086 1112 -hsync -vsync (66.7 kHz eP)
