[    3.813122] usb 1-3: Product: USB Optical Mouse 
[    3.818948] input: USB Optical Mouse  Keyboard as /devices/pci0000:00/0000:00:14.0/usb1/1-3/1-3:1.0/0003:1BCF:0880.0001/input/input4
[    3.850860] x86/mm: Checked W+X mappings: passed, no W+X pages found.
[    3.850862] x86/mm: Checking user space page tables
[    3.870507] input: USB Optical Mouse  Mouse as /devices/pci0000:00/0000:00:14.0/usb1/1-3/1-3:1.0/0003:1BCF:0880.0001/input/input5
[    3.870612] hid-generic 0003:1BCF:0880.0001: input,hidraw0: USB HID v1.10 Keyboard [USB Optical Mouse ] on usb-0000:00:14.0-3/input0
[    3.903565] x86/mm: Checked W+X mappings: passed, no W+X pages found.
[    3.903570] Run /init as init process
[    3.903571]   with arguments:
[    3.903572]     /init
[    3.903574]     rhgb
--
[    4.245677] systemd[1]: Starting systemd-tmpfiles-setup-dev.service - Create Static Device Nodes in /dev...
[    4.253322] fuse: init (API version 7.38)
[    4.270642] systemd[1]: Finished systemd-tmpfiles-setup-dev.service - Create Static Device Nodes in /dev.
[    4.279647] systemd[1]: Finished systemd-modules-load.service - Load Kernel Modules.
[    4.279814] systemd[1]: Started systemd-journald.service - Journal Service.
[    5.047066] input: WCOM5077:00 056A:5077 Touchscreen as /devices/pci0000:00/0000:00:15.0/i2c_designware.0/i2c-0/i2c-WCOM5077:00/0018:056A:5077.0002/input/input6
[    5.047211] input: WCOM5077:00 056A:5077 as /devices/pci0000:00/0000:00:15.0/i2c_designware.0/i2c-0/i2c-WCOM5077:00/0018:056A:5077.0002/input/input7
[    5.047288] input: WCOM5077:00 056A:5077 Stylus as /devices/pci0000:00/0000:00:15.0/i2c_designware.0/i2c-0/i2c-WCOM5077:00/0018:056A:5077.0002/input/input8
[    5.047403] input: WCOM5077:00 056A:5077 as /devices/pci0000:00/0000:00:15.0/i2c_designware.0/i2c-0/i2c-WCOM5077:00/0018:056A:5077.0002/input/input9
[    5.047680] input: WCOM5077:00 056A:5077 Mouse as /devices/pci0000:00/0000:00:15.0/i2c_designware.0/i2c-0/i2c-WCOM5077:00/0018:056A:5077.0002/input/input10
[    5.047824] hid-generic 0018:056A:5077.0002: input,hidraw1: I2C HID v1.00 Mouse [WCOM5077:00 056A:5077] on i2c-WCOM5077:00
[    5.055312] intel_ish_ipc 0000:00:13.0: enabling device (0000 -> 0002)
[    5.131265] input: Wacom HID 5077 Pen as /devices/pci0000:00/0000:00:15.0/i2c_designware.0/i2c-0/i2c-WCOM5077:00/0018:056A:5077.0002/input/input11
[    5.131439] input: Wacom HID 5077 Finger as /devices/pci0000:00/0000:00:15.0/i2c_designware.0/i2c-0/i2c-WCOM5077:00/0018:056A:5077.0002/input/input12
[    5.131570] wacom 0018:056A:5077.0002: hidraw1: I2C HID v1.00 Mouse [WCOM5077:00 056A:5077] on i2c-WCOM5077:00
[    5.286691] EXT4-fs (sda2): mounted filesystem b3c8a143-d31d-4e3e-9f26-575d90ada4e6 ro with ordered data mode. Quota mode: none.
[    5.871094] i915 0000:00:02.0: enabling device (0006 -> 0007)
[    5.887253] i915 0000:00:02.0: vgaarb: deactivate vga console
[    5.888580] i915 0000:00:02.0: vgaarb: changed VGA decodes: olddecodes=io+mem,decodes=io+mem:owns=mem
[    5.890695] i915 0000:00:02.0: [drm] Finished loading DMC firmware i915/skl_dmc_ver1_27.bin (v1.27)
--
[    5.923364] input: Video Bus as /devices/LNXSYSTM:00/LNXSYBUS:00/PNP0A08:00/LNXVIDEO:00/input/input14
[    6.011723] fbcon: i915drmfb (fb0) is primary device
[    6.011728] fbcon: Deferring console take-over
[    6.011734] i915 0000:00:02.0: [drm] fb0: i915drmfb frame buffer device
[    6.907746] ish-hid {33AECD58-B679-4E54-9BD9-A04D34F0C226}: [hid-ish]: enum_devices_done OK, num_hid_devices=2
[    6.918408] hid-generic 001F:8086:0001.0003: hidraw2: SENSOR HUB HID v2.00 Device [hid-ishtp 8086:0001] on 
[    6.925422] hid-generic 001F:8086:0001.0004: hidraw3: SENSOR HUB HID v2.00 Device [hid-ishtp 8086:0001] on 
[    7.340217] systemd[1]: memfd_create() called without MFD_EXEC or MFD_NOEXEC_SEAL set
[    7.472928] systemd-journald[241]: Received SIGTERM from PID 1 (systemd).
[    7.621795] audit: type=1404 audit(1699131448.671:2): enforcing=1 old_enforcing=0 auid=4294967295 ses=4294967295 enabled=1 old-enabled=1 lsm=selinux res=1
[    7.695341] SELinux:  policy capability network_peer_controls=1
[    7.695345] SELinux:  policy capability open_perms=1
[    7.695346] SELinux:  policy capability extended_socket_class=1
[    7.695347] SELinux:  policy capability always_check_network=0
[    7.695348] SELinux:  policy capability cgroup_seclabel=1
--
[    8.676897] audit: type=1131 audit(1699131449.726:8): pid=1 uid=0 auid=4294967295 ses=4294967295 subj=system_u:system_r:init_t:s0 msg='unit=modprobe@configfs comm="systemd" exe="/usr/lib/systemd/systemd" hostname=? addr=? terminal=? res=success'
[    8.689717] audit: type=1130 audit(1699131449.739:9): pid=1 uid=0 auid=4294967295 ses=4294967295 subj=system_u:system_r:init_t:s0 msg='unit=modprobe@dm_mod comm="systemd" exe="/usr/lib/systemd/systemd" hostname=? addr=? terminal=? res=success'
[    8.689736] audit: type=1131 audit(1699131449.739:10): pid=1 uid=0 auid=4294967295 ses=4294967295 subj=system_u:system_r:init_t:s0 msg='unit=modprobe@dm_mod comm="systemd" exe="/usr/lib/systemd/systemd" hostname=? addr=? terminal=? res=success'
[    8.696781] audit: type=1130 audit(1699131449.746:11): pid=1 uid=0 auid=4294967295 ses=4294967295 subj=system_u:system_r:init_t:s0 msg='unit=modprobe@drm comm="systemd" exe="/usr/lib/systemd/systemd" hostname=? addr=? terminal=? res=success'
[    8.744567] systemd-journald[499]: Received client request to flush runtime journal.
[    8.747041] systemd-journald[499]: File /var/log/journal/MACHINEID/system.journal corrupted or uncleanly shut down, renaming and replacing.
[    9.063571] zram0: detected capacity change from 0 to 15935488
[    9.189512] Adding 7967740k swap on /dev/zram0.  Priority:100 extents:1 across:7967740k SSDscFS
[    9.254159] Adding 9227464k swap on /dev/sda3.  Priority:-2 extents:1 across:9227464k SSFS
[    9.334933] input: Intel HID events as /devices/platform/INT33D5:00/input/input15
[    9.359130] Consider using thermal netlink events interface
--
[   11.724391] usbcore: registered new interface driver btusb
[   11.775213] iwlwifi 0000:04:00.0: base HW address: 00:c2:c6:c5:62:c3, OTP minor version: 0x4
[   11.849699] ieee80211 phy0: Selected rate control algorithm 'iwl-mvm-rs'
[   11.884474] iwlwifi 0000:04:00.0 wlp4s0: renamed from wlan0
[   12.906118] iwlwifi 0000:04:00.0: Registered PHC clock: iwlwifi-PTP, with index: 0
[   13.559122] systemd-journald[499]: File /var/log/journal/MACHINEID/user-1000.journal corrupted or uncleanly shut down, renaming and replacing.
[   16.878738] wlp4s0: authenticate with c8:8d:83:ec:4d:a4
[   16.878764] wlp4s0: 80 MHz not supported, disabling VHT
[   16.887951] wlp4s0: send auth to c8:8d:83:ec:4d:a4 (try 1/3)
[   16.896471] wlp4s0: authenticated
[   16.897350] wlp4s0: associate with c8:8d:83:ec:4d:a4 (try 1/3)
--
[  144.581003] wlp4s0: RX AssocResp from c8:8d:83:ec:4d:a4 (capab=0x1411 status=0 aid=2)
[  144.584236] wlp4s0: associated
[  144.646127] wlp4s0: Limiting TX power to 30 (30 - 0) dBm as advertised by c8:8d:83:ec:4d:a4
[  201.991949] SELinux:  Context unconfined_u:object_r:snappy_home_t:s0 is not valid (left unmapped).
[  210.965087] usb 1-3: USB disconnect, device number 2
[  404.813480] wacom 0018:056A:5077.0002: wacom_idleprox_timeout: tool appears to be hung in-prox. forcing it out.
[  407.781739] wacom 0018:056A:5077.0002: wacom_idleprox_timeout: tool appears to be hung in-prox. forcing it out.
[  409.288454] wacom 0018:056A:5077.0002: wacom_idleprox_timeout: tool appears to be hung in-prox. forcing it out.
[  411.158435] wacom 0018:056A:5077.0002: wacom_idleprox_timeout: tool appears to be hung in-prox. forcing it out.
[  411.883470] wacom 0018:056A:5077.0002: wacom_idleprox_timeout: tool appears to be hung in-prox. forcing it out.
[  414.622476] wacom 0018:056A:5077.0002: wacom_idleprox_timeout: tool appears to be hung in-prox. forcing it out.
[  415.053391] wacom 0018:056A:5077.0002: wacom_idleprox_timeout: tool appears to be hung in-prox. forcing it out.
[  416.381404] wacom 0018:056A:5077.0002: wacom_idleprox_timeout: tool appears to be hung in-prox. forcing it out.
[  420.014373] wacom 0018:056A:5077.0002: wacom_idleprox_timeout: tool appears to be hung in-prox. forcing it out.
[  421.478507] wacom 0018:056A:5077.0002: wacom_idleprox_timeout: tool appears to be hung in-prox. forcing it out.
[  426.201343] wacom 0018:056A:5077.0002: wacom_idleprox_timeout: tool appears to be hung in-prox. forcing it out.
[  442.702397] wacom 0018:056A:5077.0002: wacom_idleprox_timeout: tool appears to be hung in-prox. forcing it out.
[  447.831170] wacom 0018:056A:5077.0002: wacom_idleprox_timeout: tool appears to be hung in-prox. forcing it out.
[  449.477475] wacom 0018:056A:5077.0002: wacom_idleprox_timeout: tool appears to be hung in-prox. forcing it out.
[  453.085049] wacom 0018:056A:5077.0002: wacom_idleprox_timeout: tool appears to be hung in-prox. forcing it out.
[  460.153032] wacom 0018:056A:5077.0002: wacom_idleprox_timeout: tool appears to be hung in-prox. forcing it out.
[  462.214100] wacom 0018:056A:5077.0002: wacom_idleprox_timeout: tool appears to be hung in-prox. forcing it out.
[  469.414179] wacom 0018:056A:5077.0002: wacom_idleprox_timeout: tool appears to be hung in-prox. forcing it out.
[  470.758157] wacom 0018:056A:5077.0002: wacom_idleprox_timeout: tool appears to be hung in-prox. forcing it out.
[  476.102880] wacom 0018:056A:5077.0002: wacom_idleprox_timeout: tool appears to be hung in-prox. forcing it out.
[  494.821975] wacom 0018:056A:5077.0002: wacom_idleprox_timeout: tool appears to be hung in-prox. forcing it out.
