[ 20423.785] 
X.Org X Server 1.21.1.3
X Protocol Version 11, Revision 0
[ 20423.786] Current Operating System: Linux HOSTNAME 5.16.0-rc8-02263-gb906b0d833a8-dirty #5 SMP PREEMPT Mon Jan 24 23:01:10 UTC 2022 aarch64
[ 20423.786] Kernel command line: root=/dev/mmcblk0p16 rw rootwait earlycon console=tty0 console=ttyS2,1500000n8 fw_devlink=off dir=os/arch
[ 20423.786]  
[ 20423.786] Current version of pixman: 0.40.0
[ 20423.786] 	Before reporting problems, check http://wiki.x.org
	to make sure that you have the latest version.
[ 20423.786] Markers: (--) probed, (**) from config file, (==) default setting,
	(++) from command line, (!!) notice, (II) informational,
	(WW) warning, (EE) error, (NI) not implemented, (??) unknown.
[ 20423.786] (==) Log file: "/var/log/Xorg.0.log", Time: Sun Jan 30 14:20:07 2022
[ 20423.787] (==) Using system config directory "/usr/share/X11/xorg.conf.d"
[ 20423.787] (==) No Layout section.  Using the first Screen section.
[ 20423.787] (==) No screen section available. Using defaults.
[ 20423.787] (**) |-->Screen "Default Screen Section" (0)
[ 20423.787] (**) |   |-->Monitor "<default monitor>"
[ 20423.788] (==) No monitor specified for screen "Default Screen Section".
	Using a default monitor configuration.
[ 20423.788] (==) Automatically adding devices
[ 20423.788] (==) Automatically enabling devices
[ 20423.788] (==) Automatically adding GPU devices
[ 20423.788] (==) Automatically binding GPU devices
[ 20423.788] (==) Max clients allowed: 256, resource mask: 0x1fffff
[ 20423.788] (WW) `fonts.dir' not found (or not valid) in "/usr/share/fonts/misc".
[ 20423.789] 	Entry deleted from font path.
[ 20423.789] 	(Run 'mkfontdir' on "/usr/share/fonts/misc").
[ 20423.789] (WW) The directory "/usr/share/fonts/TTF" does not exist.
[ 20423.789] 	Entry deleted from font path.
[ 20423.789] (WW) The directory "/usr/share/fonts/OTF" does not exist.
[ 20423.789] 	Entry deleted from font path.
[ 20423.789] (WW) The directory "/usr/share/fonts/Type1" does not exist.
[ 20423.789] 	Entry deleted from font path.
[ 20423.789] (WW) The directory "/usr/share/fonts/100dpi" does not exist.
[ 20423.789] 	Entry deleted from font path.
[ 20423.789] (WW) The directory "/usr/share/fonts/75dpi" does not exist.
[ 20423.789] 	Entry deleted from font path.
[ 20423.789] (==) FontPath set to:
	
[ 20423.789] (==) ModulePath set to "/usr/lib/xorg/modules"
[ 20423.789] (II) The server relies on udev to provide the list of input devices.
	If no devices become available, reconfigure udev or disable AutoAddDevices.
[ 20423.789] (II) Module ABI versions:
[ 20423.789] 	X.Org ANSI C Emulation: 0.4
[ 20423.789] 	X.Org Video Driver: 25.2
[ 20423.789] 	X.Org XInput driver : 24.4
[ 20423.789] 	X.Org Server Extension : 10.0
[ 20423.794] (++) using VT number 7

[ 20423.794] (II) systemd-logind: logind integration requires -keeptty and -keeptty was not provided, disabling logind integration
[ 20423.796] (II) xfree86: Adding drm device (/dev/dri/card0)
[ 20423.796] (II) Platform probe for /sys/devices/platform/fdec0000.ebc/drm/card0
[ 20423.815] (II) no primary bus or device found
[ 20423.815] 	falling back to /sys/devices/platform/fdec0000.ebc/drm/card0
[ 20423.815] (II) LoadModule: "glx"
[ 20423.816] (II) Loading /usr/lib/xorg/modules/extensions/libglx.so
[ 20423.836] (II) Module glx: vendor="X.Org Foundation"
[ 20423.836] 	compiled for 1.21.1.3, module version = 1.0.0
[ 20423.837] 	ABI class: X.Org Server Extension, version 10.0
[ 20423.837] (==) Matched modesetting as autoconfigured driver 0
[ 20423.837] (==) Matched fbdev as autoconfigured driver 1
[ 20423.837] (==) Assigned the driver to the xf86ConfigLayout
[ 20423.837] (II) LoadModule: "modesetting"
[ 20423.838] (II) Loading /usr/lib/xorg/modules/drivers/modesetting_drv.so
[ 20423.862] (II) Module modesetting: vendor="X.Org Foundation"
[ 20423.862] 	compiled for 1.21.1.3, module version = 1.21.1
[ 20423.862] 	Module class: X.Org Video Driver
[ 20423.862] 	ABI class: X.Org Video Driver, version 25.2
[ 20423.862] (II) LoadModule: "fbdev"
[ 20423.863] (WW) Warning, couldn't open module fbdev
[ 20423.863] (EE) Failed to load module "fbdev" (module does not exist, 0)
[ 20423.863] (II) modesetting: Driver for Modesetting Kernel Drivers: kms
[ 20423.924] (II) modeset(0): using drv /dev/dri/card0
[ 20423.925] (II) modeset(0): Creating default Display subsection in Screen section
	"Default Screen Section" for depth/fbbpp 24/32
[ 20423.926] (==) modeset(0): Depth 24, (==) framebuffer bpp 32
[ 20423.926] (==) modeset(0): RGB weight 888
[ 20423.926] (==) modeset(0): Default visual is TrueColor
[ 20423.926] (II) Loading sub module "glamoregl"
[ 20423.927] (II) LoadModule: "glamoregl"
[ 20423.927] (II) Loading /usr/lib/xorg/modules/libglamoregl.so
[ 20423.960] (II) Module glamoregl: vendor="X.Org Foundation"
[ 20423.960] 	compiled for 1.21.1.3, module version = 1.0.1
[ 20423.960] 	ABI class: X.Org ANSI C Emulation, version 0.4
[ 20424.198] (II) modeset(0): Refusing to try glamor on llvmpipe
[ 20424.204] (II) modeset(0): glamor initialization failed
[ 20424.205] (II) modeset(0): ShadowFB: preferred NO, enabled NO
[ 20424.205] (II) modeset(0): Output None-1 has no monitor section
[ 20424.206] (II) modeset(0): EDID for output None-1
[ 20424.206] (II) modeset(0): Printing probed modes for output None-1
[ 20424.206] (II) modeset(0): Modeline ""x0.0    0.00  1872 1872 1872 1872  1404 1404 1404 1404 (0.0 kHz eP)
[ 20424.206] (II) modeset(0): Output None-1 connected
[ 20424.206] (II) modeset(0): Using exact sizes for initial modes
[ 20424.206] (II) modeset(0): Output None-1 using initial mode  +0+0
[ 20424.206] (==) modeset(0): Using gamma correction (1.0, 1.0, 1.0)
[ 20424.206] (==) modeset(0): DPI set to (96, 96)
[ 20424.206] (II) Loading sub module "fb"
[ 20424.206] (II) LoadModule: "fb"
[ 20424.206] (II) Module "fb" already built-in
[ 20424.207] (==) modeset(0): Backing store enabled
[ 20424.207] (==) modeset(0): Silken mouse enabled
[ 20424.225] (II) modeset(0): Initializing kms color map for depth 24, 8 bpc.
[ 20424.225] (==) modeset(0): DPMS enabled
[ 20424.225] (II) Initializing extension Generic Event Extension
[ 20424.225] (II) Initializing extension SHAPE
[ 20424.226] (II) Initializing extension MIT-SHM
[ 20424.226] (II) Initializing extension XInputExtension
[ 20424.227] (II) Initializing extension XTEST
[ 20424.227] (II) Initializing extension BIG-REQUESTS
[ 20424.228] (II) Initializing extension SYNC
[ 20424.228] (II) Initializing extension XKEYBOARD
[ 20424.229] (II) Initializing extension XC-MISC
[ 20424.229] (II) Initializing extension SECURITY
[ 20424.230] (II) Initializing extension XFIXES
[ 20424.230] (II) Initializing extension RENDER
[ 20424.231] (II) Initializing extension RANDR
[ 20424.232] (II) Initializing extension COMPOSITE
[ 20424.232] (II) Initializing extension DAMAGE
[ 20424.233] (II) Initializing extension MIT-SCREEN-SAVER
[ 20424.234] (II) Initializing extension DOUBLE-BUFFER
[ 20424.234] (II) Initializing extension RECORD
[ 20424.235] (II) Initializing extension DPMS
[ 20424.235] (II) Initializing extension Present
[ 20424.236] (II) Initializing extension DRI3
[ 20424.236] (II) Initializing extension X-Resource
[ 20424.236] (II) Initializing extension XVideo
[ 20424.237] (II) Initializing extension XVideo-MotionCompensation
[ 20424.237] (II) Initializing extension GLX
[ 20424.237] (II) AIGLX: Screen 0 is not DRI2 capable
[ 20424.275] (II) IGLX: Loaded and initialized swrast
[ 20424.275] (II) GLX: Initialized DRISWRAST GL provider for screen 0
[ 20424.275] (II) Initializing extension XFree86-VidModeExtension
[ 20424.276] (II) Initializing extension XFree86-DGA
[ 20424.276] (II) Initializing extension XFree86-DRI
[ 20424.276] (II) Initializing extension DRI2
[ 20424.291] (II) modeset(0): Damage tracking initialized
[ 20424.291] (II) modeset(0): Setting screen physical size to 495 x 371
[ 20424.449] (II) config/udev: Adding input device adc-keys-0 (/dev/input/event4)
[ 20424.450] (**) adc-keys-0: Applying InputClass "libinput keyboard catchall"
[ 20424.450] (II) LoadModule: "libinput"
[ 20424.450] (II) Loading /usr/lib/xorg/modules/input/libinput_drv.so
[ 20424.467] (II) Module libinput: vendor="X.Org Foundation"
[ 20424.468] 	compiled for 1.21.1.3, module version = 1.2.1
[ 20424.468] 	Module class: X.Org XInput Driver
[ 20424.468] 	ABI class: X.Org XInput driver, version 24.4
[ 20424.468] (II) Using input driver 'libinput' for 'adc-keys-0'
[ 20424.468] (**) adc-keys-0: always reports core events
[ 20424.468] (**) Option "Device" "/dev/input/event4"
[ 20424.477] (II) event4  - adc-keys-0: is tagged by udev as: Keyboard
[ 20424.477] (II) event4  - adc-keys-0: device is a keyboard
[ 20424.477] (II) event4  - adc-keys-0: device removed
[ 20424.528] (**) Option "config_info" "udev:/sys/devices/platform/adc-keys-0/input/input4/event4"
[ 20424.528] (II) XINPUT: Adding extended input device "adc-keys-0" (type: KEYBOARD, id 6)
[ 20424.531] (II) event4  - adc-keys-0: is tagged by udev as: Keyboard
[ 20424.532] (II) event4  - adc-keys-0: device is a keyboard
[ 20424.536] (II) config/udev: Adding input device rk805 pwrkey (/dev/input/event1)
[ 20424.536] (**) rk805 pwrkey: Applying InputClass "libinput keyboard catchall"
[ 20424.536] (II) Using input driver 'libinput' for 'rk805 pwrkey'
[ 20424.536] (**) rk805 pwrkey: always reports core events
[ 20424.536] (**) Option "Device" "/dev/input/event1"
[ 20424.541] (II) event1  - rk805 pwrkey: is tagged by udev as: Keyboard
[ 20424.541] (II) event1  - rk805 pwrkey: device is a keyboard
[ 20424.542] (II) event1  - rk805 pwrkey: device removed
[ 20424.576] (**) Option "config_info" "udev:/sys/devices/platform/fdd40000.i2c/i2c-0/0-0020/rk805-pwrkey/input/input1/event1"
[ 20424.576] (II) XINPUT: Adding extended input device "rk805 pwrkey" (type: KEYBOARD, id 7)
[ 20424.581] (II) event1  - rk805 pwrkey: is tagged by udev as: Keyboard
[ 20424.582] (II) event1  - rk805 pwrkey: device is a keyboard
[ 20424.587] (II) config/udev: Adding input device w9013 2D1F:0095 (/dev/input/event5)
[ 20424.588] (**) w9013 2D1F:0095: Applying InputClass "libinput tablet catchall"
[ 20424.588] (II) Using input driver 'libinput' for 'w9013 2D1F:0095'
[ 20424.588] (**) w9013 2D1F:0095: always reports core events
[ 20424.588] (**) Option "Device" "/dev/input/event5"
[ 20424.593] (II) event5  - w9013 2D1F:0095: is tagged by udev as: Tablet
[ 20424.687] (II) event5  - w9013 2D1F:0095: device is a tablet
[ 20424.687] (II) event5  - w9013 2D1F:0095: device removed
[ 20424.736] (**) Option "config_info" "udev:/sys/devices/platform/fe5a0000.i2c/i2c-1/1-0009/0018:2D1F:0095.0001/input/input5/event5"
[ 20424.736] (II) XINPUT: Adding extended input device "w9013 2D1F:0095" (type: TABLET, id 8)
[ 20424.742] (II) event5  - w9013 2D1F:0095: is tagged by udev as: Tablet
[ 20424.758] (II) event5  - w9013 2D1F:0095: device is a tablet
[ 20424.762] (II) config/udev: Adding input device w9013 2D1F:0095 (/dev/input/event6)
[ 20424.762] (**) w9013 2D1F:0095: Applying InputClass "libinput tablet catchall"
[ 20424.762] (II) Using input driver 'libinput' for 'w9013 2D1F:0095'
[ 20424.762] (**) w9013 2D1F:0095: always reports core events
[ 20424.762] (**) Option "Device" "/dev/input/event6"
[ 20424.767] (II) event6  - w9013 2D1F:0095: is tagged by udev as: Tablet
[ 20424.785] (II) event6  - w9013 2D1F:0095: device is a tablet
[ 20424.785] (II) event6  - w9013 2D1F:0095: device removed
[ 20424.832] (**) Option "config_info" "udev:/sys/devices/platform/fe5a0000.i2c/i2c-1/1-0009/0018:2D1F:0095.0001/input/input6/event6"
[ 20424.832] (II) XINPUT: Adding extended input device "w9013 2D1F:0095" (type: TABLET, id 9)
[ 20424.837] (II) event6  - w9013 2D1F:0095: is tagged by udev as: Tablet
[ 20424.854] (II) event6  - w9013 2D1F:0095: device is a tablet
[ 20424.856] (II) config/udev: Adding input device cyttsp5 (/dev/input/event2)
[ 20424.857] (**) cyttsp5: Applying InputClass "libinput touchscreen catchall"
[ 20424.857] (II) Using input driver 'libinput' for 'cyttsp5'
[ 20424.857] (**) cyttsp5: always reports core events
[ 20424.857] (**) Option "Device" "/dev/input/event2"
[ 20424.861] (II) event2  - cyttsp5: is tagged by udev as: Touchscreen
[ 20424.864] (II) event2  - cyttsp5: device is a touch device
[ 20424.866] (II) event2  - cyttsp5: device removed
[ 20424.924] (**) Option "config_info" "udev:/sys/devices/platform/fe5e0000.i2c/i2c-5/5-0024/input/input2/event2"
[ 20424.924] (II) XINPUT: Adding extended input device "cyttsp5" (type: TOUCHSCREEN, id 10)
[ 20424.924] (**) Option "AccelerationScheme" "none"
[ 20424.924] (**) cyttsp5: (accel) selected scheme none/0
[ 20424.924] (**) cyttsp5: (accel) acceleration factor: 2.000
[ 20424.924] (**) cyttsp5: (accel) acceleration threshold: 4
[ 20424.929] (II) event2  - cyttsp5: is tagged by udev as: Touchscreen
[ 20424.931] (II) event2  - cyttsp5: device is a touch device
[ 20424.934] (II) config/udev: Adding input device gpio-keys (/dev/input/event3)
[ 20424.934] (II) No input driver specified, ignoring this device.
[ 20424.934] (II) This device may have been added with another device file.
[ 20424.937] (II) config/udev: Adding input device spi0.0 (/dev/input/event0)
[ 20424.937] (**) spi0.0: Applying InputClass "libinput keyboard catchall"
[ 20424.937] (II) Using input driver 'libinput' for 'spi0.0'
[ 20424.937] (**) spi0.0: always reports core events
[ 20424.938] (**) Option "Device" "/dev/input/event0"
[ 20424.942] (II) event0  - spi0.0: is tagged by udev as: Keyboard
[ 20424.942] (II) event0  - spi0.0: device is a keyboard
[ 20424.943] (II) event0  - spi0.0: device removed
[ 20424.960] (**) Option "config_info" "udev:/sys/devices/platform/spi-gpio/spi_master/spi0/spi0.0/input/input0/event0"
[ 20424.960] (II) XINPUT: Adding extended input device "spi0.0" (type: KEYBOARD, id 11)
[ 20424.966] (II) event0  - spi0.0: is tagged by udev as: Keyboard
[ 20424.966] (II) event0  - spi0.0: device is a keyboard
[ 20461.179] (II) libinput: w9013 2D1F:0095: needs a virtual subdevice
[ 20461.180] (**) w9013 2D1F:0095 Pen (0): Applying InputClass "libinput tablet catchall"
[ 20461.180] (II) Using input driver 'libinput' for 'w9013 2D1F:0095 Pen (0)'
[ 20461.180] (**) w9013 2D1F:0095 Pen (0): always reports core events
[ 20461.180] (**) Option "Device" "/dev/input/event5"
[ 20461.180] (II) libinput: w9013 2D1F:0095 Pen (0): is a virtual subdevice
[ 20461.180] (**) Option "config_info" "udev:/sys/devices/platform/fe5a0000.i2c/i2c-1/1-0009/0018:2D1F:0095.0001/input/input5/event5"
[ 20461.180] (II) XINPUT: Adding extended input device "w9013 2D1F:0095 Pen (0)" (type: STYLUS, id 12)
[ 20461.181] (**) Option "AccelerationScheme" "none"
[ 20461.183] (**) w9013 2D1F:0095 Pen (0): (accel) selected scheme none/0
[ 20461.183] (**) w9013 2D1F:0095 Pen (0): (accel) acceleration factor: 2.000
[ 20461.183] (**) w9013 2D1F:0095 Pen (0): (accel) acceleration threshold: 4
