[    0.000000] ACPI: DSDT 0x000000004A4CE258 027DD7 (v02 DELL   CBX3     01072009 INTL 20160422)
[    0.000000] ACPI: FACS 0x000000004AE64180 000040
[    0.000000] ACPI: APIC 0x000000004A4F6140 0000BC (v03 DELL   CBX3     01072009 AMI  00010013)
[    0.000000] ACPI: FPDT 0x000000004A4F6200 000044 (v01 DELL   CBX3     01072009 AMI  00010013)
[    0.000000] ACPI: FIDT 0x000000004A4F6248 0000AC (v01 DELL   CBX3     01072009 AMI  00010013)
[    0.000000] ACPI: MCFG 0x000000004A4F62F8 00003C (v01 DELL   CBX3     01072009 MSFT 00000097)
[    0.000000] ACPI: HPET 0x000000004A4F6338 000038 (v01 DELL   CBX3     01072009 AMI. 0005000B)
[    0.000000] ACPI: SSDT 0x000000004A4F6370 000359 (v01 SataRe SataTabl 00001000 INTL 20160422)
[    0.000000] ACPI: SSDT 0x000000004A4F66D0 0012E0 (v02 SaSsdt SaSsdt   00003000 INTL 20160422)
[    0.000000] ACPI: HPET 0x000000004A4F79B0 000038 (v01 INTEL  KBL-ULT  00000001 MSFT 0000005F)
[    0.000000] ACPI: SSDT 0x000000004A4F79E8 000ADE (v02 INTEL  xh_OEMBD 00000000 INTL 20160422)
[    0.000000] ACPI: UEFI 0x000000004A4F84C8 000042 (v01                 00000000      00000000)
[    0.000000] ACPI: SSDT 0x000000004A4F8510 0017AE (v02 CpuRef CpuSsdt  00003000 INTL 20160422)
[    0.000000] ACPI: LPIT 0x000000004A4F9CC0 000094 (v01 INTEL  KBL-ULT  00000000 MSFT 0000005F)
[    0.000000] ACPI: SSDT 0x000000004A4F9D58 000161 (v02 INTEL  HdaDsp   00000000 INTL 20160422)
[    0.000000] ACPI: SSDT 0x000000004A4F9EC0 00029F (v02 INTEL  sensrhub 00000000 INTL 20160422)
[    0.000000] ACPI: SSDT 0x000000004A4FA160 003002 (v02 INTEL  PtidDevc 00001000 INTL 20160422)
[    0.000000] ACPI: SSDT 0x000000004A4FD168 000517 (v02 INTEL  TbtTypeC 00000000 INTL 20160422)
[    0.000000] ACPI: DBGP 0x000000004A4FD680 000034 (v01 INTEL           00000002 MSFT 0000005F)
[    0.000000] ACPI: DBG2 0x000000004A4FD6B8 000054 (v00 INTEL           00000002 MSFT 0000005F)
[    0.000000] ACPI: SSDT 0x000000004A4FD710 0007D6 (v02 INTEL  UsbCTabl 00001000 INTL 20160422)
[    0.000000] ACPI: SSDT 0x000000004A4FDEE8 00502E (v02 DptfTa DptfTabl 00001000 INTL 20160422)
[    0.000000] ACPI: MSDM 0x000000004A502F18 000055 (v03 DELL   CBX3     06222004 AMI  00010013)
[    0.000000] ACPI: SLIC 0x000000004A502F70 000176 (v03 DELL   CBX3     01072009 MSFT 00010013)
[    0.000000] ACPI: NHLT 0x000000004A5030E8 00002D (v00 INTEL  EDK2     00000002      01000013)
[    0.000000] ACPI: BGRT 0x000000004A503118 000038 (v00                 01072009 AMI  00010013)
[    0.000000] ACPI: TPM2 0x000000004A503150 000034 (v03 DELL   CBX3     00000001 AMI  00000000)
[    0.000000] ACPI: ASF! 0x000000004A503188 0000A0 (v32 INTEL   HCG     00000001 TFSM 000F4240)
[    0.000000] ACPI: DMAR 0x000000004A503228 000114 (v01 INTEL  EDK2     00000001 INTL 00000001)
--
[    2.410468] ACPI: Thermal Zone [THM] (25 C)
[    2.410726] Serial: 8250/16550 driver, 32 ports, IRQ sharing enabled
[    2.413598] serial 0000:00:16.3: enabling device (0000 -> 0003)
[    2.434929] 0000:00:16.3: ttyS4 at I/O 0xf060 (irq = 19, base_baud = 115200) is a 16550A
[    2.436972] Linux agpgart interface v0.103
[    2.464409] tpm_tis MSFT0101:00: 2.0 TPM (device-id 0xFC, rev-id 1)
[    2.472503] random: fast init done
[    2.691385] ACPI: Battery Slot [BAT0] (battery present)
[    2.695139] loop: module loaded
[    2.695339] libphy: Fixed MDIO Bus: probed
[    2.695340] tun: Universal TUN/TAP device driver, 1.6
--
[   36.866834] RAPL PMU: hw unit of domain dram 2^-14 Joules
[   36.866835] RAPL PMU: hw unit of domain pp1-gpu 2^-14 Joules
[   36.866835] RAPL PMU: hw unit of domain psys 2^-14 Joules
[   36.876449] AVX2 version of gcm_enc/dec engaged.
[   36.876450] AES CTR mode by8 optimization enabled
[   36.926756] i2c_hid i2c-WCOM4841:00: i2c-WCOM4841:00 supply vdd not found, using dummy regulator
[   36.928141] intel_rapl: Found RAPL domain package
[   36.928142] intel_rapl: Found RAPL domain core
[   36.928143] intel_rapl: Found RAPL domain uncore
[   36.928144] intel_rapl: Found RAPL domain dram
[   37.071827] intel-lpss 0000:00:15.1: enabling device (0000 -> 0002)
--
[   37.490279] (NULL device *): hwmon_device_register() is deprecated. Please convert the driver to use hwmon_device_register_with_info().
[   37.490298] thermal thermal_zone8: failed to read out thermal zone (-61)
[   37.492565] iwlwifi 0000:6c:00.0 wlp108s0: renamed from wlan0
[   37.497251] usbcore: registered new interface driver usbhid
[   37.497252] usbhid: USB HID core driver
[   37.500511] input: Wacom HID 4841 Pen as /devices/pci0000:00/0000:00:15.0/i2c_designware.0/i2c-6/i2c-WCOM4841:00/0018:056A:4841.0006/input/input16
[   37.500669] input: Wacom HID 4841 Finger as /devices/pci0000:00/0000:00:15.0/i2c_designware.0/i2c-6/i2c-WCOM4841:00/0018:056A:4841.0006/input/input17
[   37.500874] wacom 0018:056A:4841.0006: hidraw0: I2C HID v1.00 Mouse [WCOM4841:00 056A:4841] on i2c-WCOM4841:00
[   37.504556] input: DELL0823:00 044E:120A Mouse as /devices/pci0000:00/0000:00:15.1/i2c_designware.1/i2c-7/i2c-DELL0823:00/0018:044E:120A.0007/input/input19
[   37.504676] input: DELL0823:00 044E:120A Touchpad as /devices/pci0000:00/0000:00:15.1/i2c_designware.1/i2c-7/i2c-DELL0823:00/0018:044E:120A.0007/input/input20
[   37.504774] input: DELL0823:00 044E:120A UNKNOWN as /devices/pci0000:00/0000:00:15.1/i2c_designware.1/i2c-7/i2c-DELL0823:00/0018:044E:120A.0007/input/input21
[   37.504847] input: DELL0823:00 044E:120A UNKNOWN as /devices/pci0000:00/0000:00:15.1/i2c_designware.1/i2c-7/i2c-DELL0823:00/0018:044E:120A.0007/input/input22
[   37.504915] input: DELL0823:00 044E:120A UNKNOWN as /devices/pci0000:00/0000:00:15.1/i2c_designware.1/i2c-7/i2c-DELL0823:00/0018:044E:120A.0007/input/input23
[   37.504981] hid-multitouch 0018:044E:120A.0007: input,hidraw1: I2C HID v1.00 Mouse [DELL0823:00 044E:120A] on i2c-DELL0823:00
[   37.640107] Bluetooth: BNEP (Ethernet Emulation) ver 1.3
[   37.640108] Bluetooth: BNEP filters: protocol multicast
[   37.640111] Bluetooth: BNEP socket layer initialized
[   37.878203] IPv6: ADDRCONF(NETDEV_UP): wlp108s0: link is not ready
[   38.088481] Lockdown: ioperm is restricted; see man kernel_lockdown.7
