[    38.070] (--) Log file renamed from "/var/log/Xorg.pid-974.log" to "/var/log/Xorg.0.log"
[    38.070] 
X.Org X Server 1.19.6
Release Date: 2017-12-20
[    38.070] X Protocol Version 11, Revision 0
[    38.070] Build Operating System: Linux 4.4.0-138-generic x86_64 Ubuntu
[    38.070] Current Operating System: Linux SimoManu 4.15.0-45-generic #48-Ubuntu SMP Tue Jan 29 16:28:13 UTC 2019 x86_64
[    38.070] Kernel command line: BOOT_IMAGE=/boot/vmlinuz-4.15.0-45-generic root=/dev/mapper/kubuntu--vg-root ro quiet splash vt.handoff=1
[    38.070] Build Date: 25 October 2018  04:11:27PM
[    38.070] xorg-server 2:1.19.6-1ubuntu4.2 (For technical support please see http://www.ubuntu.com/support) 
[    38.070] Current version of pixman: 0.34.0
[    38.070] 	Before reporting problems, check http://wiki.x.org
	to make sure that you have the latest version.
[    38.070] Markers: (--) probed, (**) from config file, (==) default setting,
	(++) from command line, (!!) notice, (II) informational,
	(WW) warning, (EE) error, (NI) not implemented, (??) unknown.
[    38.070] (==) Log file: "/var/log/Xorg.0.log", Time: Tue Mar  5 18:48:02 2019
[    38.070] (==) Using system config directory "/usr/share/X11/xorg.conf.d"
[    38.070] (==) No Layout section.  Using the first Screen section.
[    38.070] (==) No screen section available. Using defaults.
[    38.070] (**) |-->Screen "Default Screen Section" (0)
[    38.070] (**) |   |-->Monitor "<default monitor>"
[    38.071] (==) No monitor specified for screen "Default Screen Section".
	Using a default monitor configuration.
[    38.071] (==) Automatically adding devices
[    38.071] (==) Automatically enabling devices
[    38.071] (==) Automatically adding GPU devices
[    38.071] (==) Automatically binding GPU devices
[    38.071] (==) Max clients allowed: 256, resource mask: 0x1fffff
[    38.071] (WW) The directory "/usr/share/fonts/X11/cyrillic" does not exist.
[    38.071] 	Entry deleted from font path.
[    38.071] (WW) The directory "/usr/share/fonts/X11/100dpi/" does not exist.
[    38.071] 	Entry deleted from font path.
[    38.071] (WW) The directory "/usr/share/fonts/X11/75dpi/" does not exist.
[    38.071] 	Entry deleted from font path.
[    38.071] (WW) The directory "/usr/share/fonts/X11/100dpi" does not exist.
[    38.071] 	Entry deleted from font path.
[    38.071] (WW) The directory "/usr/share/fonts/X11/75dpi" does not exist.
[    38.071] 	Entry deleted from font path.
[    38.071] (==) FontPath set to:
	/usr/share/fonts/X11/misc,
	/usr/share/fonts/X11/Type1,
	built-ins
[    38.071] (==) ModulePath set to "/usr/lib/xorg/modules"
[    38.071] (II) The server relies on udev to provide the list of input devices.
	If no devices become available, reconfigure udev or disable AutoAddDevices.
[    38.071] (II) Loader magic: 0x5626bcb58020
[    38.071] (II) Module ABI versions:
[    38.071] 	X.Org ANSI C Emulation: 0.4
[    38.071] 	X.Org Video Driver: 23.0
[    38.071] 	X.Org XInput driver : 24.1
[    38.071] 	X.Org Server Extension : 10.0
[    38.071] (++) using VT number 1

[    38.071] (II) systemd-logind: logind integration requires -keeptty and -keeptty was not provided, disabling logind integration
[    38.072] (II) xfree86: Adding drm device (/dev/dri/card0)
[    38.083] (--) PCI:*(0:0:2:0) 8086:5917:1028:0823 rev 7, Mem @ 0xeb000000/16777216, 0x60000000/268435456, I/O @ 0x0000f000/64, BIOS @ 0x????????/131072
[    38.083] (II) LoadModule: "glx"
[    38.084] (II) Loading /usr/lib/xorg/modules/extensions/libglx.so
[    38.087] (II) Module glx: vendor="X.Org Foundation"
[    38.087] 	compiled for 1.19.6, module version = 1.0.0
[    38.087] 	ABI class: X.Org Server Extension, version 10.0
[    38.087] (==) Matched modesetting as autoconfigured driver 0
[    38.087] (==) Matched fbdev as autoconfigured driver 1
[    38.087] (==) Matched vesa as autoconfigured driver 2
[    38.087] (==) Assigned the driver to the xf86ConfigLayout
[    38.087] (II) LoadModule: "modesetting"
[    38.087] (II) Loading /usr/lib/xorg/modules/drivers/modesetting_drv.so
[    38.087] (II) Module modesetting: vendor="X.Org Foundation"
[    38.087] 	compiled for 1.19.6, module version = 1.19.6
[    38.087] 	Module class: X.Org Video Driver
[    38.087] 	ABI class: X.Org Video Driver, version 23.0
[    38.087] (II) LoadModule: "fbdev"
[    38.087] (II) Loading /usr/lib/xorg/modules/drivers/fbdev_drv.so
[    38.088] (II) Module fbdev: vendor="X.Org Foundation"
[    38.088] 	compiled for 1.19.3, module version = 0.4.4
[    38.088] 	Module class: X.Org Video Driver
[    38.088] 	ABI class: X.Org Video Driver, version 23.0
[    38.088] (II) LoadModule: "vesa"
[    38.088] (II) Loading /usr/lib/xorg/modules/drivers/vesa_drv.so
[    38.088] (II) Module vesa: vendor="X.Org Foundation"
[    38.088] 	compiled for 1.19.3, module version = 2.3.4
[    38.088] 	Module class: X.Org Video Driver
[    38.088] 	ABI class: X.Org Video Driver, version 23.0
[    38.088] (II) modesetting: Driver for Modesetting Kernel Drivers: kms
[    38.088] (II) FBDEV: driver for framebuffer: fbdev
[    38.088] (II) VESA: driver for VESA chipsets: vesa
[    38.088] xf86EnableIOPorts: failed to set IOPL for I/O (Operation not permitted)
[    38.099] (II) modeset(0): using drv /dev/dri/card0
[    38.099] (WW) Falling back to old probe method for fbdev
[    38.099] (II) Loading sub module "fbdevhw"
[    38.099] (II) LoadModule: "fbdevhw"
[    38.099] (II) Loading /usr/lib/xorg/modules/libfbdevhw.so
[    38.099] (II) Module fbdevhw: vendor="X.Org Foundation"
[    38.099] 	compiled for 1.19.6, module version = 0.0.2
[    38.099] 	ABI class: X.Org Video Driver, version 23.0
[    38.099] (WW) Falling back to old probe method for vesa
[    38.099] (II) modeset(0): Creating default Display subsection in Screen section
	"Default Screen Section" for depth/fbbpp 24/32
[    38.099] (==) modeset(0): Depth 24, (==) framebuffer bpp 32
[    38.099] (==) modeset(0): RGB weight 888
[    38.099] (==) modeset(0): Default visual is TrueColor
[    38.099] (II) Loading sub module "glamoregl"
[    38.099] (II) LoadModule: "glamoregl"
[    38.099] (II) Loading /usr/lib/xorg/modules/libglamoregl.so
[    38.103] (II) Module glamoregl: vendor="X.Org Foundation"
[    38.103] 	compiled for 1.19.6, module version = 1.0.0
[    38.103] 	ABI class: X.Org ANSI C Emulation, version 0.4
[    38.103] (II) glamor: OpenGL accelerated X.org driver based.
[    38.120] (II) glamor: EGL version 1.4 (DRI2):
[    38.125] (II) modeset(0): glamor initialized
[    38.126] (II) modeset(0): Output eDP-1 has no monitor section
[    38.126] (II) modeset(0): Output DP-1 has no monitor section
[    38.137] (II) modeset(0): Output HDMI-1 has no monitor section
[    38.137] (II) modeset(0): Output DP-2 has no monitor section
[    38.148] (II) modeset(0): Output HDMI-2 has no monitor section
[    38.149] (II) modeset(0): EDID for output eDP-1
[    38.149] (II) modeset(0): Manufacturer: LGD  Model: 589  Serial#: 0
[    38.149] (II) modeset(0): Year: 2016  Week: 0
[    38.149] (II) modeset(0): EDID Version: 1.4
[    38.149] (II) modeset(0): Digital Display Input
[    38.149] (II) modeset(0): 6 bits per channel
[    38.149] (II) modeset(0): Digital interface is DisplayPort
[    38.149] (II) modeset(0): Max Image Size [cm]: horiz.: 29  vert.: 17
[    38.149] (II) modeset(0): Gamma: 2.20
[    38.149] (II) modeset(0): No DPMS capabilities specified
[    38.149] (II) modeset(0): Supported color encodings: RGB 4:4:4 
[    38.149] (II) modeset(0): First detailed timing is preferred mode
[    38.149] (II) modeset(0): Preferred mode is native pixel format and refresh rate
[    38.149] (II) modeset(0): redX: 0.639 redY: 0.320   greenX: 0.278 greenY: 0.613
[    38.149] (II) modeset(0): blueX: 0.156 blueY: 0.051   whiteX: 0.313 whiteY: 0.329
[    38.149] (II) modeset(0): Manufacturer's mask: 0
[    38.149] (II) modeset(0): Supported detailed timing:
[    38.149] (II) modeset(0): clock: 138.7 MHz   Image Size:  294 x 165 mm
[    38.149] (II) modeset(0): h_active: 1920  h_sync: 1968  h_sync_end 2000 h_blank_end 2080 h_border: 0
[    38.149] (II) modeset(0): v_active: 1080  v_sync: 1083  v_sync_end 1088 v_blanking: 1111 v_border: 0
[    38.149] (II) modeset(0): Supported detailed timing:
[    38.149] (II) modeset(0): clock: 111.0 MHz   Image Size:  294 x 165 mm
[    38.149] (II) modeset(0): h_active: 1920  h_sync: 1968  h_sync_end 2000 h_blank_end 2080 h_border: 0
[    38.149] (II) modeset(0): v_active: 1080  v_sync: 1083  v_sync_end 1088 v_blanking: 1111 v_border: 0
[    38.149] (II) modeset(0):  3PVJFÅ133WF4
[    38.149] (II) modeset(0): Unknown vendor-specific block 0
[    38.149] (II) modeset(0): EDID (in hex):
[    38.149] (II) modeset(0): 	00ffffffffffff0030e4890500000000
[    38.149] (II) modeset(0): 	001a0104951d1178028405a352479d28
[    38.149] (II) modeset(0): 	0d505400000001010101010101010101
[    38.149] (II) modeset(0): 	0101010101012e3680a070381f403020
[    38.149] (II) modeset(0): 	350026a51000001a5c2b80a070381f40
[    38.149] (II) modeset(0): 	3020350026a51000001a000000fe0033
[    38.149] (II) modeset(0): 	50564a46813133335746340a00000000
[    38.149] (II) modeset(0): 	000041319e001000000a010a202000c1
[    38.149] (II) modeset(0): Printing probed modes for output eDP-1
[    38.149] (II) modeset(0): Modeline "1920x1080"x60.0  138.70  1920 1968 2000 2080  1080 1083 1088 1111 +hsync -vsync (66.7 kHz eP)
[    38.149] (II) modeset(0): Modeline "1920x1080"x120.0  356.38  1920 2080 2288 2656  1080 1081 1084 1118 doublescan -hsync +vsync (134.2 kHz d)
[    38.149] (II) modeset(0): Modeline "1920x1080"x119.9  266.50  1920 1944 1960 2000  1080 1081 1084 1111 doublescan +hsync -vsync (133.2 kHz d)
[    38.149] (II) modeset(0): Modeline "1920x1080"x60.0  173.00  1920 2048 2248 2576  1080 1083 1088 1120 -hsync +vsync (67.2 kHz d)
[    38.149] (II) modeset(0): Modeline "1920x1080"x59.9  138.50  1920 1968 2000 2080  1080 1083 1088 1111 +hsync -vsync (66.6 kHz d)
[    38.149] (II) modeset(0): Modeline "1920x1080"x48.0  111.00  1920 1968 2000 2080  1080 1083 1088 1111 +hsync -vsync (53.4 kHz e)
[    38.149] (II) modeset(0): Modeline "1680x1050"x60.0  146.25  1680 1784 1960 2240  1050 1053 1059 1089 -hsync +vsync (65.3 kHz d)
[    38.149] (II) modeset(0): Modeline "1680x1050"x59.9  119.00  1680 1728 1760 1840  1050 1053 1059 1080 +hsync -vsync (64.7 kHz d)
[    38.149] (II) modeset(0): Modeline "1600x1024"x60.2  103.12  1600 1600 1656 1664  1024 1024 1029 1030 +hsync +vsync (62.0 kHz d)
[    38.149] (II) modeset(0): Modeline "1400x1050"x60.0  122.00  1400 1488 1640 1880  1050 1052 1064 1082 +hsync +vsync (64.9 kHz d)
[    38.149] (II) modeset(0): Modeline "1600x900"x120.0  246.00  1600 1728 1900 2200  900 901 904 932 doublescan -hsync +vsync (111.8 kHz d)
[    38.149] (II) modeset(0): Modeline "1600x900"x119.9  186.50  1600 1624 1640 1680  900 901 904 926 doublescan +hsync -vsync (111.0 kHz d)
[    38.149] (II) modeset(0): Modeline "1600x900"x59.9  118.25  1600 1696 1856 2112  900 903 908 934 -hsync +vsync (56.0 kHz d)
[    38.149] (II) modeset(0): Modeline "1600x900"x59.8   97.50  1600 1648 1680 1760  900 903 908 926 +hsync -vsync (55.4 kHz d)
[    38.149] (II) modeset(0): Modeline "1280x1024"x60.0  108.00  1280 1328 1440 1688  1024 1025 1028 1066 +hsync +vsync (64.0 kHz d)
[    38.149] (II) modeset(0): Modeline "1440x900"x59.9  106.50  1440 1520 1672 1904  900 903 909 934 -hsync +vsync (55.9 kHz d)
[    38.149] (II) modeset(0): Modeline "1400x900"x60.0  103.50  1400 1480 1624 1848  900 903 913 934 -hsync +vsync (56.0 kHz d)
[    38.149] (II) modeset(0): Modeline "1400x900"x59.9   86.50  1400 1448 1480 1560  900 903 913 926 +hsync -vsync (55.4 kHz d)
[    38.149] (II) modeset(0): Modeline "1280x960"x60.0  108.00  1280 1376 1488 1800  960 961 964 1000 +hsync +vsync (60.0 kHz d)
[    38.149] (II) modeset(0): Modeline "1440x810"x120.0  198.12  1440 1548 1704 1968  810 811 814 839 doublescan -hsync +vsync (100.7 kHz d)
[    38.149] (II) modeset(0): Modeline "1440x810"x119.9  151.88  1440 1464 1480 1520  810 811 814 833 doublescan +hsync -vsync (99.9 kHz d)
[    38.149] (II) modeset(0): Modeline "1368x768"x59.9   85.25  1368 1440 1576 1784  768 771 781 798 -hsync +vsync (47.8 kHz d)
[    38.149] (II) modeset(0): Modeline "1368x768"x59.9   72.25  1368 1416 1448 1528  768 771 781 790 +hsync -vsync (47.3 kHz d)
[    38.149] (II) modeset(0): Modeline "1360x768"x59.8   84.75  1360 1432 1568 1776  768 771 781 798 -hsync +vsync (47.7 kHz d)
[    38.149] (II) modeset(0): Modeline "1360x768"x60.0   72.00  1360 1408 1440 1520  768 771 781 790 +hsync -vsync (47.4 kHz d)
[    38.149] (II) modeset(0): Modeline "1280x800"x120.0  174.25  1280 1380 1516 1752  800 801 804 829 doublescan -hsync +vsync (99.5 kHz d)
[    38.149] (II) modeset(0): Modeline "1280x800"x119.9  134.25  1280 1304 1320 1360  800 801 804 823 doublescan +hsync -vsync (98.7 kHz d)
[    38.149] (II) modeset(0): Modeline "1280x800"x59.8   83.50  1280 1352 1480 1680  800 803 809 831 -hsync +vsync (49.7 kHz d)
[    38.149] (II) modeset(0): Modeline "1280x800"x59.9   71.00  1280 1328 1360 1440  800 803 809 823 +hsync -vsync (49.3 kHz d)
[    38.149] (II) modeset(0): Modeline "1152x864"x60.0   81.62  1152 1216 1336 1520  864 865 868 895 -hsync +vsync (53.7 kHz d)
[    38.149] (II) modeset(0): Modeline "1280x720"x120.0  156.12  1280 1376 1512 1744  720 721 724 746 doublescan -hsync +vsync (89.5 kHz d)
[    38.149] (II) modeset(0): Modeline "1280x720"x120.0  120.75  1280 1304 1320 1360  720 721 724 740 doublescan +hsync -vsync (88.8 kHz d)
[    38.149] (II) modeset(0): Modeline "1280x720"x59.9   74.50  1280 1344 1472 1664  720 723 728 748 -hsync +vsync (44.8 kHz d)
[    38.149] (II) modeset(0): Modeline "1280x720"x59.7   63.75  1280 1328 1360 1440  720 723 728 741 +hsync -vsync (44.3 kHz d)
[    38.149] (II) modeset(0): Modeline "1024x768"x120.1  133.47  1024 1100 1212 1400  768 768 770 794 doublescan -hsync +vsync (95.3 kHz d)
[    38.149] (II) modeset(0): Modeline "1024x768"x60.0   65.00  1024 1048 1184 1344  768 771 777 806 -hsync -vsync (48.4 kHz d)
[    38.149] (II) modeset(0): Modeline "960x720"x120.0  117.00  960 1024 1128 1300  720 720 722 750 doublescan -hsync +vsync (90.0 kHz d)
[    38.149] (II) modeset(0): Modeline "928x696"x120.1  109.15  928 976 1088 1264  696 696 698 719 doublescan -hsync +vsync (86.4 kHz d)
[    38.149] (II) modeset(0): Modeline "896x672"x120.0  102.40  896 960 1060 1224  672 672 674 697 doublescan -hsync +vsync (83.7 kHz d)
[    38.149] (II) modeset(0): Modeline "1024x576"x119.9   98.50  1024 1092 1200 1376  576 577 580 597 doublescan -hsync +vsync (71.6 kHz d)
[    38.149] (II) modeset(0): Modeline "1024x576"x119.9   78.38  1024 1048 1064 1104  576 577 580 592 doublescan +hsync -vsync (71.0 kHz d)
[    38.149] (II) modeset(0): Modeline "1024x576"x59.9   46.50  1024 1064 1160 1296  576 579 584 599 -hsync +vsync (35.9 kHz d)
[    38.149] (II) modeset(0): Modeline "1024x576"x59.8   42.00  1024 1072 1104 1184  576 579 584 593 +hsync -vsync (35.5 kHz d)
[    38.149] (II) modeset(0): Modeline "960x600"x119.9   96.62  960 1028 1128 1296  600 601 604 622 doublescan -hsync +vsync (74.6 kHz d)
[    38.149] (II) modeset(0): Modeline "960x600"x120.0   77.00  960 984 1000 1040  600 601 604 617 doublescan +hsync -vsync (74.0 kHz d)
[    38.149] (II) modeset(0): Modeline "960x540"x119.9   86.50  960 1024 1124 1288  540 541 544 560 doublescan -hsync +vsync (67.2 kHz d)
[    38.149] (II) modeset(0): Modeline "960x540"x120.0   69.25  960 984 1000 1040  540 541 544 555 doublescan +hsync -vsync (66.6 kHz d)
[    38.149] (II) modeset(0): Modeline "960x540"x59.6   40.75  960 992 1088 1216  540 543 548 562 -hsync +vsync (33.5 kHz d)
[    38.149] (II) modeset(0): Modeline "960x540"x59.8   37.25  960 1008 1040 1120  540 543 548 556 +hsync -vsync (33.3 kHz d)
[    38.149] (II) modeset(0): Modeline "800x600"x120.0   81.00  800 832 928 1080  600 600 602 625 doublescan +hsync +vsync (75.0 kHz d)
[    38.149] (II) modeset(0): Modeline "800x600"x60.3   40.00  800 840 968 1056  600 601 605 628 +hsync +vsync (37.9 kHz d)
[    38.149] (II) modeset(0): Modeline "800x600"x56.2   36.00  800 824 896 1024  600 601 603 625 +hsync +vsync (35.2 kHz d)
[    38.149] (II) modeset(0): Modeline "840x525"x120.0   73.12  840 892 980 1120  525 526 529 544 doublescan -hsync +vsync (65.3 kHz d)
[    38.149] (II) modeset(0): Modeline "840x525"x119.8   59.50  840 864 880 920  525 526 529 540 doublescan +hsync -vsync (64.7 kHz d)
[    38.149] (II) modeset(0): Modeline "864x486"x59.9   32.50  864 888 968 1072  486 489 494 506 -hsync +vsync (30.3 kHz d)
[    38.149] (II) modeset(0): Modeline "864x486"x59.6   30.50  864 912 944 1024  486 489 494 500 +hsync -vsync (29.8 kHz d)
[    38.149] (II) modeset(0): Modeline "800x512"x120.3   51.56  800 800 828 832  512 512 514 515 doublescan +hsync +vsync (62.0 kHz d)
[    38.149] (II) modeset(0): Modeline "700x525"x120.0   61.00  700 744 820 940  525 526 532 541 doublescan +hsync +vsync (64.9 kHz d)
[    38.149] (II) modeset(0): Modeline "800x450"x119.9   59.12  800 848 928 1056  450 451 454 467 doublescan -hsync +vsync (56.0 kHz d)
[    38.149] (II) modeset(0): Modeline "800x450"x119.6   48.75  800 824 840 880  450 451 454 463 doublescan +hsync -vsync (55.4 kHz d)
[    38.149] (II) modeset(0): Modeline "640x512"x120.0   54.00  640 664 720 844  512 512 514 533 doublescan +hsync +vsync (64.0 kHz d)
[    38.149] (II) modeset(0): Modeline "720x450"x119.8   53.25  720 760 836 952  450 451 454 467 doublescan -hsync +vsync (55.9 kHz d)
[    38.149] (II) modeset(0): Modeline "700x450"x119.9   51.75  700 740 812 924  450 451 456 467 doublescan -hsync +vsync (56.0 kHz d)
[    38.149] (II) modeset(0): Modeline "700x450"x119.8   43.25  700 724 740 780  450 451 456 463 doublescan +hsync -vsync (55.4 kHz d)
[    38.149] (II) modeset(0): Modeline "640x480"x120.0   54.00  640 688 744 900  480 480 482 500 doublescan +hsync +vsync (60.0 kHz d)
[    38.149] (II) modeset(0): Modeline "640x480"x59.9   25.18  640 656 752 800  480 490 492 525 -hsync -vsync (31.5 kHz d)
[    38.149] (II) modeset(0): Modeline "720x405"x59.5   22.50  720 744 808 896  405 408 413 422 -hsync +vsync (25.1 kHz d)
[    38.149] (II) modeset(0): Modeline "720x405"x59.0   21.75  720 768 800 880  405 408 413 419 +hsync -vsync (24.7 kHz d)
[    38.149] (II) modeset(0): Modeline "684x384"x119.8   42.62  684 720 788 892  384 385 390 399 doublescan -hsync +vsync (47.8 kHz d)
[    38.149] (II) modeset(0): Modeline "684x384"x119.7   36.12  684 708 724 764  384 385 390 395 doublescan +hsync -vsync (47.3 kHz d)
[    38.149] (II) modeset(0): Modeline "680x384"x119.6   42.38  680 716 784 888  384 385 390 399 doublescan -hsync +vsync (47.7 kHz d)
[    38.149] (II) modeset(0): Modeline "680x384"x119.9   36.00  680 704 720 760  384 385 390 395 doublescan +hsync -vsync (47.4 kHz d)
[    38.149] (II) modeset(0): Modeline "640x400"x119.8   41.75  640 676 740 840  400 401 404 415 doublescan -hsync +vsync (49.7 kHz d)
[    38.149] (II) modeset(0): Modeline "640x400"x120.0   35.50  640 664 680 720  400 401 404 411 doublescan +hsync -vsync (49.3 kHz d)
[    38.149] (II) modeset(0): Modeline "576x432"x120.1   40.81  576 608 668 760  432 432 434 447 doublescan -hsync +vsync (53.7 kHz d)
[    38.149] (II) modeset(0): Modeline "640x360"x119.7   37.25  640 672 736 832  360 361 364 374 doublescan -hsync +vsync (44.8 kHz d)
[    38.150] (II) modeset(0): Modeline "640x360"x119.7   31.88  640 664 680 720  360 361 364 370 doublescan +hsync -vsync (44.3 kHz d)
[    38.150] (II) modeset(0): Modeline "640x360"x59.8   18.00  640 664 720 800  360 363 368 376 -hsync +vsync (22.5 kHz d)
[    38.150] (II) modeset(0): Modeline "640x360"x59.3   17.75  640 688 720 800  360 363 368 374 +hsync -vsync (22.2 kHz d)
[    38.150] (II) modeset(0): Modeline "512x384"x120.0   32.50  512 524 592 672  384 385 388 403 doublescan -hsync -vsync (48.4 kHz d)
[    38.150] (II) modeset(0): Modeline "512x288"x120.0   23.25  512 532 580 648  288 289 292 299 doublescan -hsync +vsync (35.9 kHz d)
[    38.150] (II) modeset(0): Modeline "512x288"x119.8   21.00  512 536 552 592  288 289 292 296 doublescan +hsync -vsync (35.5 kHz d)
[    38.150] (II) modeset(0): Modeline "480x270"x119.3   20.38  480 496 544 608  270 271 274 281 doublescan -hsync +vsync (33.5 kHz d)
[    38.150] (II) modeset(0): Modeline "480x270"x119.6   18.62  480 504 520 560  270 271 274 278 doublescan +hsync -vsync (33.3 kHz d)
[    38.150] (II) modeset(0): Modeline "400x300"x120.6   20.00  400 420 484 528  300 300 302 314 doublescan +hsync +vsync (37.9 kHz d)
[    38.150] (II) modeset(0): Modeline "400x300"x112.7   18.00  400 412 448 512  300 300 301 312 doublescan +hsync +vsync (35.2 kHz d)
[    38.150] (II) modeset(0): Modeline "432x243"x119.8   16.25  432 444 484 536  243 244 247 253 doublescan -hsync +vsync (30.3 kHz d)
[    38.150] (II) modeset(0): Modeline "432x243"x119.1   15.25  432 456 472 512  243 244 247 250 doublescan +hsync -vsync (29.8 kHz d)
[    38.150] (II) modeset(0): Modeline "320x240"x120.1   12.59  320 328 376 400  240 245 246 262 doublescan -hsync -vsync (31.5 kHz d)
[    38.150] (II) modeset(0): Modeline "360x202"x119.0   11.25  360 372 404 448  202 204 206 211 doublescan -hsync +vsync (25.1 kHz d)
[    38.150] (II) modeset(0): Modeline "360x202"x118.3   10.88  360 384 400 440  202 204 206 209 doublescan +hsync -vsync (24.7 kHz d)
[    38.150] (II) modeset(0): Modeline "320x180"x119.7    9.00  320 332 360 400  180 181 184 188 doublescan -hsync +vsync (22.5 kHz d)
[    38.150] (II) modeset(0): Modeline "320x180"x118.6    8.88  320 344 360 400  180 181 184 187 doublescan +hsync -vsync (22.2 kHz d)
[    38.150] (II) modeset(0): EDID for output DP-1
[    38.161] (II) modeset(0): EDID for output HDMI-1
[    38.161] (II) modeset(0): EDID for output DP-2
[    38.173] (II) modeset(0): EDID for output HDMI-2
[    38.173] (II) modeset(0): Output eDP-1 connected
[    38.173] (II) modeset(0): Output DP-1 disconnected
[    38.173] (II) modeset(0): Output HDMI-1 disconnected
[    38.173] (II) modeset(0): Output DP-2 disconnected
[    38.173] (II) modeset(0): Output HDMI-2 disconnected
[    38.173] (II) modeset(0): Using exact sizes for initial modes
[    38.173] (II) modeset(0): Output eDP-1 using initial mode 1920x1080 +0+0
[    38.173] (==) modeset(0): Using gamma correction (1.0, 1.0, 1.0)
[    38.173] (==) modeset(0): DPI set to (96, 96)
[    38.173] (II) Loading sub module "fb"
[    38.173] (II) LoadModule: "fb"
[    38.173] (II) Loading /usr/lib/xorg/modules/libfb.so
[    38.173] (II) Module fb: vendor="X.Org Foundation"
[    38.173] 	compiled for 1.19.6, module version = 1.0.0
[    38.173] 	ABI class: X.Org ANSI C Emulation, version 0.4
[    38.173] (II) UnloadModule: "fbdev"
[    38.173] (II) Unloading fbdev
[    38.173] (II) UnloadSubModule: "fbdevhw"
[    38.173] (II) Unloading fbdevhw
[    38.173] (II) UnloadModule: "vesa"
[    38.173] (II) Unloading vesa
[    38.173] (==) Depth 24 pixmap format is 32 bpp
[    38.177] (==) modeset(0): Backing store enabled
[    38.177] (==) modeset(0): Silken mouse enabled
[    38.178] (II) modeset(0): RandR 1.2 enabled, ignore the following RandR disabled message.
[    38.232] (==) modeset(0): DPMS enabled
[    38.232] (II) modeset(0): [DRI2] Setup complete
[    38.232] (II) modeset(0): [DRI2]   DRI driver: i965
[    38.232] (II) modeset(0): [DRI2]   VDPAU driver: i965
[    38.232] (--) RandR disabled
[    38.234] (II) SELinux: Disabled on system
[    38.238] (II) AIGLX: enabled GLX_MESA_copy_sub_buffer
[    38.238] (II) AIGLX: enabled GLX_ARB_create_context
[    38.238] (II) AIGLX: enabled GLX_ARB_create_context_profile
[    38.238] (II) AIGLX: enabled GLX_EXT_create_context_es{,2}_profile
[    38.238] (II) AIGLX: enabled GLX_INTEL_swap_event
[    38.238] (II) AIGLX: enabled GLX_SGI_swap_control
[    38.238] (II) AIGLX: enabled GLX_EXT_framebuffer_sRGB
[    38.238] (II) AIGLX: enabled GLX_ARB_fbconfig_float
[    38.238] (II) AIGLX: enabled GLX_EXT_fbconfig_packed_float
[    38.238] (II) AIGLX: GLX_EXT_texture_from_pixmap backed by buffer objects
[    38.238] (II) AIGLX: enabled GLX_ARB_create_context_robustness
[    38.238] (II) AIGLX: Loaded and initialized i965
[    38.238] (II) GLX: Initialized DRI2 GL provider for screen 0
[    38.242] (II) modeset(0): Damage tracking initialized
[    38.242] (II) modeset(0): Setting screen physical size to 508 x 285
[    38.266] (II) config/udev: Adding input device Power Button (/dev/input/event3)
[    38.266] (**) Power Button: Applying InputClass "libinput keyboard catchall"
[    38.266] (II) LoadModule: "libinput"
[    38.267] (II) Loading /usr/lib/xorg/modules/input/libinput_drv.so
[    38.268] (II) Module libinput: vendor="X.Org Foundation"
[    38.268] 	compiled for 1.19.6, module version = 0.27.1
[    38.268] 	Module class: X.Org XInput Driver
[    38.268] 	ABI class: X.Org XInput driver, version 24.1
[    38.268] (II) Using input driver 'libinput' for 'Power Button'
[    38.268] (**) Power Button: always reports core events
[    38.268] (**) Option "Device" "/dev/input/event3"
[    38.268] (**) Option "_source" "server/udev"
[    38.269] (II) event3  - Power Button: is tagged by udev as: Keyboard
[    38.269] (II) event3  - Power Button: device is a keyboard
[    38.269] (II) event3  - Power Button: device removed
[    38.288] (**) Option "config_info" "udev:/sys/devices/LNXSYSTM:00/LNXPWRBN:00/input/input3/event3"
[    38.288] (II) XINPUT: Adding extended input device "Power Button" (type: KEYBOARD, id 6)
[    38.288] (**) Option "xkb_model" "pc105"
[    38.288] (**) Option "xkb_layout" "es"
[    38.296] (II) event3  - Power Button: is tagged by udev as: Keyboard
[    38.296] (II) event3  - Power Button: device is a keyboard
[    38.297] (II) config/udev: Adding input device Video Bus (/dev/input/event5)
[    38.297] (**) Video Bus: Applying InputClass "libinput keyboard catchall"
[    38.297] (II) Using input driver 'libinput' for 'Video Bus'
[    38.297] (**) Video Bus: always reports core events
[    38.297] (**) Option "Device" "/dev/input/event5"
[    38.297] (**) Option "_source" "server/udev"
[    38.297] (II) event5  - Video Bus: is tagged by udev as: Keyboard
[    38.297] (II) event5  - Video Bus: device is a keyboard
[    38.297] (II) event5  - Video Bus: device removed
[    38.312] (**) Option "config_info" "udev:/sys/devices/LNXSYSTM:00/LNXSYBUS:00/PNP0A08:00/LNXVIDEO:00/input/input5/event5"
[    38.312] (II) XINPUT: Adding extended input device "Video Bus" (type: KEYBOARD, id 7)
[    38.312] (**) Option "xkb_model" "pc105"
[    38.312] (**) Option "xkb_layout" "es"
[    38.312] (II) event5  - Video Bus: is tagged by udev as: Keyboard
[    38.312] (II) event5  - Video Bus: device is a keyboard
[    38.312] (II) config/udev: Adding input device Power Button (/dev/input/event1)
[    38.312] (**) Power Button: Applying InputClass "libinput keyboard catchall"
[    38.312] (II) Using input driver 'libinput' for 'Power Button'
[    38.312] (**) Power Button: always reports core events
[    38.312] (**) Option "Device" "/dev/input/event1"
[    38.312] (**) Option "_source" "server/udev"
[    38.313] (II) event1  - Power Button: is tagged by udev as: Keyboard
[    38.313] (II) event1  - Power Button: device is a keyboard
[    38.313] (II) event1  - Power Button: device removed
[    38.340] (**) Option "config_info" "udev:/sys/devices/LNXSYSTM:00/LNXSYBUS:00/PNP0C0C:00/input/input1/event1"
[    38.340] (II) XINPUT: Adding extended input device "Power Button" (type: KEYBOARD, id 8)
[    38.340] (**) Option "xkb_model" "pc105"
[    38.340] (**) Option "xkb_layout" "es"
[    38.340] (II) event1  - Power Button: is tagged by udev as: Keyboard
[    38.340] (II) event1  - Power Button: device is a keyboard
[    38.340] (II) config/udev: Adding input device Lid Switch (/dev/input/event0)
[    38.340] (II) No input driver specified, ignoring this device.
[    38.340] (II) This device may have been added with another device file.
[    38.341] (II) config/udev: Adding input device Sleep Button (/dev/input/event2)
[    38.341] (**) Sleep Button: Applying InputClass "libinput keyboard catchall"
[    38.341] (II) Using input driver 'libinput' for 'Sleep Button'
[    38.341] (**) Sleep Button: always reports core events
[    38.341] (**) Option "Device" "/dev/input/event2"
[    38.341] (**) Option "_source" "server/udev"
[    38.341] (II) event2  - Sleep Button: is tagged by udev as: Keyboard
[    38.341] (II) event2  - Sleep Button: device is a keyboard
[    38.341] (II) event2  - Sleep Button: device removed
[    38.356] (**) Option "config_info" "udev:/sys/devices/LNXSYSTM:00/LNXSYBUS:00/PNP0C0E:00/input/input2/event2"
[    38.356] (II) XINPUT: Adding extended input device "Sleep Button" (type: KEYBOARD, id 9)
[    38.356] (**) Option "xkb_model" "pc105"
[    38.356] (**) Option "xkb_layout" "es"
[    38.356] (II) event2  - Sleep Button: is tagged by udev as: Keyboard
[    38.356] (II) event2  - Sleep Button: device is a keyboard
[    38.357] (II) config/udev: Adding input device Integrated_Webcam_HD: Integrate (/dev/input/event7)
[    38.357] (**) Integrated_Webcam_HD: Integrate: Applying InputClass "libinput keyboard catchall"
[    38.357] (II) Using input driver 'libinput' for 'Integrated_Webcam_HD: Integrate'
[    38.357] (**) Integrated_Webcam_HD: Integrate: always reports core events
[    38.357] (**) Option "Device" "/dev/input/event7"
[    38.357] (**) Option "_source" "server/udev"
[    38.357] (II) event7  - Integrated_Webcam_HD: Integrate: is tagged by udev as: Keyboard
[    38.357] (II) event7  - Integrated_Webcam_HD: Integrate: device is a keyboard
[    38.357] (II) event7  - Integrated_Webcam_HD: Integrate: device removed
[    38.388] (**) Option "config_info" "udev:/sys/devices/pci0000:00/0000:00:14.0/usb1/1-5/1-5:1.0/input/input7/event7"
[    38.388] (II) XINPUT: Adding extended input device "Integrated_Webcam_HD: Integrate" (type: KEYBOARD, id 10)
[    38.388] (**) Option "xkb_model" "pc105"
[    38.388] (**) Option "xkb_layout" "es"
[    38.388] (II) event7  - Integrated_Webcam_HD: Integrate: is tagged by udev as: Keyboard
[    38.388] (II) event7  - Integrated_Webcam_HD: Integrate: device is a keyboard
[    38.388] (II) config/udev: Adding input device Wacom HID 4841 Pen (/dev/input/event16)
[    38.388] (**) Wacom HID 4841 Pen: Applying InputClass "libinput tablet catchall"
[    38.388] (**) Wacom HID 4841 Pen: Applying InputClass "Wacom USB tablet class"
[    38.388] (**) Wacom HID 4841 Pen: Applying InputClass "Wacom tablet class"
[    38.388] (II) LoadModule: "wacom"
[    38.389] (II) Loading /usr/lib/xorg/modules/input/wacom_drv.so
[    38.390] (II) Module wacom: vendor="X.Org Foundation"
[    38.390] 	compiled for 1.19.6, module version = 0.36.1
[    38.390] 	Module class: X.Org XInput Driver
[    38.390] 	ABI class: X.Org XInput driver, version 24.1
[    38.390] (II) Build version: 0.36.1
[    38.390] (II) wacom: Driver for Wacom graphics tablets: PenPartner, Graphire,
	Graphire2 4x5, Graphire2 5x7, Graphire3 4x5, Graphire3 6x8,
	Graphire4 4x5, Graphire4 6x8, BambooFun 4x5, BambooFun 6x8,
	Bamboo1 Medium, Graphire4 6x8 BlueTooth, CTL-460, CTH-461, CTL-660,
	CTL-461/S, Bamboo Touch, CTH-460/K, CTH-461/S, CTH-661/S1, CTH-461/L,
	CTH-661/L, Intuos 4x5, Intuos 6x8, Intuos 9x12, Intuos 12x12,
	Intuos 12x18, PTU600, PL400, PL500, PL600, PL600SX, PL550, PL800,
	PL700, PL510, PL710, DTI520, DTF720, DTF720a, DTF521, DTU1931,
	DTU2231, DTU1631, DTH1152, DTH1152, DTK2451, DTH2452, DTH2452,
	Intuos2 4x5, Intuos2 6x8, Intuos2 9x12, Intuos2 12x12, Intuos2 12x18,
	Intuos2 6x8 , Volito, PenStation, Volito2 4x5, Volito2 2x3,
	PenPartner2, Bamboo, Bamboo1, Bamboo1 4x6, Bamboo1 5x8, Intuos3 4x5,
	Intuos3 6x8, Intuos3 9x12, Intuos3 12x12, Intuos3 12x19,
	Intuos3 6x11, Intuos3 4x6, Intuos4 4x6, Intuos4 6x9, Intuos4 8x13,
	Intuos4 12x19, Intuos4 WL USB Endpoint,
	Intuos4 WL Bluetooth Endpoint, Intuos5 touch S, Intuos5 touch M,
	Intuos5 touch L, Intuos5 S, Intuos5 M, Intuos Pro S, Intuos Pro M,
	Intuos Pro L, Cintiq 21UX, Cintiq 20WSX, Cintiq 12WX, Cintiq 21UX2,
	Cintiq 24HD, Cintiq 22HD, Cintiq 24HD touch (EMR digitizer),
	Cintiq 13HD, DTK2241, DTH2242, Cintiq 22HDT, Cintiq 27QHDT,
	Cintiq 27QHDT, Mobilestudio Pro 13, MobileStudio Pro 16,
	MobileStudio Pro 13, MobileStudio Pro 16, Cintiq 13 FHD Pro,
	Cintiq 16 UHD Pro, Cintiq Pro 24, Cintiq Pro 32, Cintiq 13 FHD Pro,
	Cintiq 16 UHD Pro, Cintiq Pro 24, Cintiq Pro 32, Cintiq Pro 24,
	TabletPC 0x90, TabletPC 0x93, TabletPC 0x97, TabletPC 0x9A,
	CapPlus  0x9F, TabletPC 0xE2, TabletPC 0xE3, TabletPC 0xE5,
	TabletPC 0xE6, TabletPC 0xEC, TabletPC 0xED, TabletPC 0xEF,
	TabletPC 0x100, TabletPC 0x101, TabletPC 0x10D, TabletPC 0x116,
	TabletPC 0x12C, TabletPC 0x4001, TabletPC 0x4004, TabletPC 0x5000,
	TabletPC 0x5002, usb:172f:0024, usb:172f:0025, usb:172f:0026,
	usb:172f:0027, usb:172f:0028, usb:172f:0030, usb:172f:0031,
	usb:172f:0032, usb:172f:0033, usb:172f:0034, usb:172f:0035,
	usb:172f:0036, usb:172f:0037, usb:172f:0038, usb:172f:0039,
	usb:172f:0051, usb:172f:0052, usb:172f:0053, usb:172f:0054,
	usb:172f:0055, usb:172f:0056, usb:172f:0057, usb:172f:0058,
	usb:172f:0500, usb:172f:0501, usb:172f:0502, usb:172f:0503,
	usb:1b96:0001, usb:17ef:6004
[    38.390] (II) Using input driver 'wacom' for 'Wacom HID 4841 Pen'
[    38.390] (**) Wacom HID 4841 Pen: always reports core events
[    38.390] (**) Option "Device" "/dev/input/event16"
[    38.391] (II) Wacom HID 4841 Pen: type not specified, assuming 'stylus'.
[    38.391] (II) Wacom HID 4841 Pen: other types will be automatically added.
[    38.391] (--) Wacom HID 4841 Pen stylus: using pressure threshold of 851 for button 1
[    38.391] (**) Wacom HID 4841 Pen stylus: panscroll is 0
[    38.391] (**) Wacom HID 4841 Pen stylus: panscroll modified to 1300
[    38.391] (--) Wacom HID 4841 Pen stylus: maxX=29376 maxY=16524 maxZ=4095 resX=100000 resY=100000  tilt=enabled
[    38.391] (II) Wacom HID 4841 Pen stylus: hotplugging dependent devices.
[    38.391] (EE) Wacom HID 4841 Pen stylus: Invalid type 'cursor' for this device.
[    38.391] (EE) Wacom HID 4841 Pen stylus: Invalid type 'touch' for this device.
[    38.391] (EE) Wacom HID 4841 Pen stylus: Invalid type 'pad' for this device.
[    38.391] (II) Wacom HID 4841 Pen stylus: hotplugging completed.
[    38.432] (**) Option "config_info" "udev:/sys/devices/pci0000:00/0000:00:15.0/i2c_designware.0/i2c-6/i2c-WCOM4841:00/0018:056A:4841.0006/input/input16/event16"
[    38.432] (II) XINPUT: Adding extended input device "Wacom HID 4841 Pen stylus" (type: STYLUS, id 11)
[    38.432] (**) Wacom HID 4841 Pen stylus: (accel) keeping acceleration scheme 1
[    38.432] (**) Wacom HID 4841 Pen stylus: (accel) acceleration profile 0
[    38.432] (**) Wacom HID 4841 Pen stylus: (accel) acceleration factor: 2.000
[    38.432] (**) Wacom HID 4841 Pen stylus: (accel) acceleration threshold: 4
[    38.433] (II) config/udev: Adding input device Wacom HID 4841 Pen (/dev/input/mouse0)
[    38.433] (II) No input driver specified, ignoring this device.
[    38.433] (II) This device may have been added with another device file.
[    38.433] (II) config/udev: Adding input device Wacom HID 4841 Finger (/dev/input/event17)
[    38.433] (**) Wacom HID 4841 Finger: Applying InputClass "libinput touchscreen catchall"
[    38.433] (**) Wacom HID 4841 Finger: Applying InputClass "Wacom USB touchscreen class"
[    38.433] (**) Wacom HID 4841 Finger: Applying InputClass "Wacom touchscreen class"
[    38.433] (II) Using input driver 'wacom' for 'Wacom HID 4841 Finger'
[    38.433] (**) Wacom HID 4841 Finger: always reports core events
[    38.433] (**) Option "Device" "/dev/input/event17"
[    38.433] (EE) Wacom HID 4841 Finger: Invalid type 'stylus' for this device.
[    38.433] (EE) Wacom HID 4841 Finger: Invalid type 'eraser' for this device.
[    38.433] (EE) Wacom HID 4841 Finger: Invalid type 'cursor' for this device.
[    38.433] (II) Wacom HID 4841 Finger: type not specified, assuming 'touch'.
[    38.433] (II) Wacom HID 4841 Finger: other types will be automatically added.
[    38.433] (**) Wacom HID 4841 Finger touch: panscroll is 0
[    38.433] (**) Wacom HID 4841 Finger touch: panscroll modified to 13
[    38.433] (--) Wacom HID 4841 Finger touch: maxX=11752 maxY=6608 maxZ=0 resX=40000 resY=40000 
[    38.433] (II) Wacom HID 4841 Finger touch: hotplugging dependent devices.
[    38.433] (EE) Wacom HID 4841 Finger touch: Invalid type 'stylus' for this device.
[    38.433] (EE) Wacom HID 4841 Finger touch: Invalid type 'eraser' for this device.
[    38.433] (EE) Wacom HID 4841 Finger touch: Invalid type 'cursor' for this device.
[    38.433] (EE) Wacom HID 4841 Finger touch: Invalid type 'pad' for this device.
[    38.433] (II) Wacom HID 4841 Finger touch: hotplugging completed.
[    38.464] (**) Option "config_info" "udev:/sys/devices/pci0000:00/0000:00:15.0/i2c_designware.0/i2c-6/i2c-WCOM4841:00/0018:056A:4841.0006/input/input17/event17"
[    38.464] (II) XINPUT: Adding extended input device "Wacom HID 4841 Finger touch" (type: TOUCH, id 12)
[    38.464] (**) Wacom HID 4841 Finger touch: (accel) keeping acceleration scheme 1
[    38.464] (**) Wacom HID 4841 Finger touch: (accel) acceleration profile 0
[    38.464] (**) Wacom HID 4841 Finger touch: (accel) acceleration factor: 2.000
[    38.464] (**) Wacom HID 4841 Finger touch: (accel) acceleration threshold: 4
[    38.464] (II) config/udev: Adding input device Wacom HID 4841 Finger (/dev/input/mouse1)
[    38.464] (II) No input driver specified, ignoring this device.
[    38.464] (II) This device may have been added with another device file.
[    38.464] (II) config/udev: Adding input device DELL0823:00 044E:120A Mouse (/dev/input/event18)
[    38.464] (**) DELL0823:00 044E:120A Mouse: Applying InputClass "libinput pointer catchall"
[    38.464] (II) Using input driver 'libinput' for 'DELL0823:00 044E:120A Mouse'
[    38.464] (**) DELL0823:00 044E:120A Mouse: always reports core events
[    38.465] (**) Option "Device" "/dev/input/event18"
[    38.465] (**) Option "_source" "server/udev"
[    38.465] (II) event18 - DELL0823:00 044E:120A Mouse: is tagged by udev as: Mouse
[    38.465] (II) event18 - DELL0823:00 044E:120A Mouse: device is a pointer
[    38.465] (II) event18 - DELL0823:00 044E:120A Mouse: device removed
[    38.496] (**) Option "config_info" "udev:/sys/devices/pci0000:00/0000:00:15.1/i2c_designware.1/i2c-7/i2c-DELL0823:00/0018:044E:120A.0007/input/input19/event18"
[    38.496] (II) XINPUT: Adding extended input device "DELL0823:00 044E:120A Mouse" (type: MOUSE, id 13)
[    38.496] (**) Option "AccelerationScheme" "none"
[    38.496] (**) DELL0823:00 044E:120A Mouse: (accel) selected scheme none/0
[    38.496] (**) DELL0823:00 044E:120A Mouse: (accel) acceleration factor: 2.000
[    38.496] (**) DELL0823:00 044E:120A Mouse: (accel) acceleration threshold: 4
[    38.496] (II) event18 - DELL0823:00 044E:120A Mouse: is tagged by udev as: Mouse
[    38.496] (II) event18 - DELL0823:00 044E:120A Mouse: device is a pointer
[    38.496] (II) config/udev: Adding input device DELL0823:00 044E:120A Mouse (/dev/input/mouse2)
[    38.496] (II) No input driver specified, ignoring this device.
[    38.496] (II) This device may have been added with another device file.
[    38.497] (II) config/udev: Adding input device DELL0823:00 044E:120A Touchpad (/dev/input/event19)
[    38.497] (**) DELL0823:00 044E:120A Touchpad: Applying InputClass "libinput touchpad catchall"
[    38.497] (II) Using input driver 'libinput' for 'DELL0823:00 044E:120A Touchpad'
[    38.497] (**) DELL0823:00 044E:120A Touchpad: always reports core events
[    38.497] (**) Option "Device" "/dev/input/event19"
[    38.497] (**) Option "_source" "server/udev"
[    38.497] (II) event19 - DELL0823:00 044E:120A Touchpad: is tagged by udev as: Touchpad
[    38.497] (II) event19 - DELL0823:00 044E:120A Touchpad: device is a touchpad
[    38.497] (II) event19 - DELL0823:00 044E:120A Touchpad: device removed
[    38.528] (**) Option "config_info" "udev:/sys/devices/pci0000:00/0000:00:15.1/i2c_designware.1/i2c-7/i2c-DELL0823:00/0018:044E:120A.0007/input/input20/event19"
[    38.528] (II) XINPUT: Adding extended input device "DELL0823:00 044E:120A Touchpad" (type: TOUCHPAD, id 14)
[    38.528] (**) Option "AccelerationScheme" "none"
[    38.528] (**) DELL0823:00 044E:120A Touchpad: (accel) selected scheme none/0
[    38.528] (**) DELL0823:00 044E:120A Touchpad: (accel) acceleration factor: 2.000
[    38.528] (**) DELL0823:00 044E:120A Touchpad: (accel) acceleration threshold: 4
[    38.528] (II) event19 - DELL0823:00 044E:120A Touchpad: is tagged by udev as: Touchpad
[    38.528] (II) event19 - DELL0823:00 044E:120A Touchpad: device is a touchpad
[    38.528] (II) config/udev: Adding input device DELL0823:00 044E:120A Touchpad (/dev/input/mouse3)
[    38.528] (II) No input driver specified, ignoring this device.
[    38.528] (II) This device may have been added with another device file.
[    38.529] (II) config/udev: Adding input device DELL0823:00 044E:120A UNKNOWN (/dev/input/event20)
[    38.529] (**) DELL0823:00 044E:120A UNKNOWN: Applying InputClass "libinput keyboard catchall"
[    38.529] (II) Using input driver 'libinput' for 'DELL0823:00 044E:120A UNKNOWN'
[    38.529] (**) DELL0823:00 044E:120A UNKNOWN: always reports core events
[    38.529] (**) Option "Device" "/dev/input/event20"
[    38.529] (**) Option "_source" "server/udev"
[    38.529] (II) event20 - DELL0823:00 044E:120A UNKNOWN: is tagged by udev as: Keyboard
[    38.529] (II) event20 - DELL0823:00 044E:120A UNKNOWN: device is a keyboard
[    38.529] (II) event20 - DELL0823:00 044E:120A UNKNOWN: device removed
[    38.544] (**) Option "config_info" "udev:/sys/devices/pci0000:00/0000:00:15.1/i2c_designware.1/i2c-7/i2c-DELL0823:00/0018:044E:120A.0007/input/input21/event20"
[    38.544] (II) XINPUT: Adding extended input device "DELL0823:00 044E:120A UNKNOWN" (type: KEYBOARD, id 15)
[    38.544] (**) Option "xkb_model" "pc105"
[    38.544] (**) Option "xkb_layout" "es"
[    38.544] (II) event20 - DELL0823:00 044E:120A UNKNOWN: is tagged by udev as: Keyboard
[    38.544] (II) event20 - DELL0823:00 044E:120A UNKNOWN: device is a keyboard
[    38.544] (II) config/udev: Adding input device DELL0823:00 044E:120A UNKNOWN (/dev/input/event21)
[    38.544] (II) No input driver specified, ignoring this device.
[    38.545] (II) This device may have been added with another device file.
[    38.545] (II) config/udev: Adding input device DELL0823:00 044E:120A UNKNOWN (/dev/input/event22)
[    38.545] (**) DELL0823:00 044E:120A UNKNOWN: Applying InputClass "libinput keyboard catchall"
[    38.545] (II) Using input driver 'libinput' for 'DELL0823:00 044E:120A UNKNOWN'
[    38.545] (**) DELL0823:00 044E:120A UNKNOWN: always reports core events
[    38.545] (**) Option "Device" "/dev/input/event22"
[    38.545] (**) Option "_source" "server/udev"
[    38.545] (II) event22 - DELL0823:00 044E:120A UNKNOWN: is tagged by udev as: Keyboard
[    38.545] (II) event22 - DELL0823:00 044E:120A UNKNOWN: device is a keyboard
[    38.545] (II) event22 - DELL0823:00 044E:120A UNKNOWN: device removed
[    38.568] (**) Option "config_info" "udev:/sys/devices/pci0000:00/0000:00:15.1/i2c_designware.1/i2c-7/i2c-DELL0823:00/0018:044E:120A.0007/input/input23/event22"
[    38.568] (II) XINPUT: Adding extended input device "DELL0823:00 044E:120A UNKNOWN" (type: KEYBOARD, id 16)
[    38.568] (**) Option "xkb_model" "pc105"
[    38.568] (**) Option "xkb_layout" "es"
[    38.568] (II) event22 - DELL0823:00 044E:120A UNKNOWN: is tagged by udev as: Keyboard
[    38.568] (II) event22 - DELL0823:00 044E:120A UNKNOWN: device is a keyboard
[    38.569] (II) config/udev: Adding input device Intel Virtual Button driver (/dev/input/event9)
[    38.569] (**) Intel Virtual Button driver: Applying InputClass "libinput keyboard catchall"
[    38.569] (II) Using input driver 'libinput' for 'Intel Virtual Button driver'
[    38.569] (**) Intel Virtual Button driver: always reports core events
[    38.569] (**) Option "Device" "/dev/input/event9"
[    38.569] (**) Option "_source" "server/udev"
[    38.569] (II) event9  - Intel Virtual Button driver: is tagged by udev as: Keyboard
[    38.569] (II) event9  - Intel Virtual Button driver: device is a keyboard
[    38.569] (II) event9  - Intel Virtual Button driver: device removed
[    38.592] (**) Option "config_info" "udev:/sys/devices/pci0000:00/0000:00:1f.0/PNP0C09:00/INT33D6:00/input/input9/event9"
[    38.592] (II) XINPUT: Adding extended input device "Intel Virtual Button driver" (type: KEYBOARD, id 17)
[    38.592] (**) Option "xkb_model" "pc105"
[    38.592] (**) Option "xkb_layout" "es"
[    38.592] (II) event9  - Intel Virtual Button driver: is tagged by udev as: Keyboard
[    38.592] (II) event9  - Intel Virtual Button driver: device is a keyboard
[    38.592] (II) config/udev: Adding input device HDA Intel PCH Headphone Mic (/dev/input/event10)
[    38.592] (II) No input driver specified, ignoring this device.
[    38.592] (II) This device may have been added with another device file.
[    38.593] (II) config/udev: Adding input device HDA Intel PCH HDMI/DP,pcm=3 (/dev/input/event11)
[    38.593] (II) No input driver specified, ignoring this device.
[    38.593] (II) This device may have been added with another device file.
[    38.593] (II) config/udev: Adding input device HDA Intel PCH HDMI/DP,pcm=7 (/dev/input/event12)
[    38.593] (II) No input driver specified, ignoring this device.
[    38.593] (II) This device may have been added with another device file.
[    38.593] (II) config/udev: Adding input device HDA Intel PCH HDMI/DP,pcm=8 (/dev/input/event13)
[    38.593] (II) No input driver specified, ignoring this device.
[    38.593] (II) This device may have been added with another device file.
[    38.593] (II) config/udev: Adding input device HDA Intel PCH HDMI/DP,pcm=9 (/dev/input/event14)
[    38.593] (II) No input driver specified, ignoring this device.
[    38.593] (II) This device may have been added with another device file.
[    38.593] (II) config/udev: Adding input device HDA Intel PCH HDMI/DP,pcm=10 (/dev/input/event15)
[    38.593] (II) No input driver specified, ignoring this device.
[    38.593] (II) This device may have been added with another device file.
[    38.593] (II) config/udev: Adding input device Intel HID events (/dev/input/event6)
[    38.593] (**) Intel HID events: Applying InputClass "libinput keyboard catchall"
[    38.593] (II) Using input driver 'libinput' for 'Intel HID events'
[    38.593] (**) Intel HID events: always reports core events
[    38.593] (**) Option "Device" "/dev/input/event6"
[    38.593] (**) Option "_source" "server/udev"
[    38.594] (II) event6  - Intel HID events: is tagged by udev as: Keyboard
[    38.594] (II) event6  - Intel HID events: device is a keyboard
[    38.594] (II) event6  - Intel HID events: device removed
[    38.608] (**) Option "config_info" "udev:/sys/devices/platform/INT33D5:00/input/input6/event6"
[    38.608] (II) XINPUT: Adding extended input device "Intel HID events" (type: KEYBOARD, id 18)
[    38.608] (**) Option "xkb_model" "pc105"
[    38.608] (**) Option "xkb_layout" "es"
[    38.608] (II) event6  - Intel HID events: is tagged by udev as: Keyboard
[    38.608] (II) event6  - Intel HID events: device is a keyboard
[    38.609] (II) config/udev: Adding input device Dell WMI hotkeys (/dev/input/event8)
[    38.609] (**) Dell WMI hotkeys: Applying InputClass "libinput keyboard catchall"
[    38.609] (II) Using input driver 'libinput' for 'Dell WMI hotkeys'
[    38.609] (**) Dell WMI hotkeys: always reports core events
[    38.609] (**) Option "Device" "/dev/input/event8"
[    38.609] (**) Option "_source" "server/udev"
[    38.609] (II) event8  - Dell WMI hotkeys: is tagged by udev as: Keyboard
[    38.609] (II) event8  - Dell WMI hotkeys: device is a keyboard
[    38.609] (II) event8  - Dell WMI hotkeys: device removed
[    38.628] (**) Option "config_info" "udev:/sys/devices/platform/PNP0C14:01/wmi_bus/wmi_bus-PNP0C14:01/9DBB5994-A997-11DA-B012-B622A1EF5492/input/input8/event8"
[    38.628] (II) XINPUT: Adding extended input device "Dell WMI hotkeys" (type: KEYBOARD, id 19)
[    38.628] (**) Option "xkb_model" "pc105"
[    38.628] (**) Option "xkb_layout" "es"
[    38.628] (II) event8  - Dell WMI hotkeys: is tagged by udev as: Keyboard
[    38.628] (II) event8  - Dell WMI hotkeys: device is a keyboard
[    38.629] (II) config/udev: Adding input device AT Translated Set 2 keyboard (/dev/input/event4)
[    38.629] (**) AT Translated Set 2 keyboard: Applying InputClass "libinput keyboard catchall"
[    38.629] (II) Using input driver 'libinput' for 'AT Translated Set 2 keyboard'
[    38.629] (**) AT Translated Set 2 keyboard: always reports core events
[    38.629] (**) Option "Device" "/dev/input/event4"
[    38.629] (**) Option "_source" "server/udev"
[    38.629] (II) event4  - AT Translated Set 2 keyboard: is tagged by udev as: Keyboard
[    38.629] (II) event4  - AT Translated Set 2 keyboard: device is a keyboard
[    38.629] (II) event4  - AT Translated Set 2 keyboard: device removed
[    38.644] (**) Option "config_info" "udev:/sys/devices/platform/i8042/serio0/input/input4/event4"
[    38.644] (II) XINPUT: Adding extended input device "AT Translated Set 2 keyboard" (type: KEYBOARD, id 20)
[    38.644] (**) Option "xkb_model" "pc105"
[    38.644] (**) Option "xkb_layout" "es"
[    38.644] (II) event4  - AT Translated Set 2 keyboard: is tagged by udev as: Keyboard
[    38.644] (II) event4  - AT Translated Set 2 keyboard: device is a keyboard
[    38.649] (**) Wacom HID 4841 Pen eraser: Applying InputClass "libinput tablet catchall"
[    38.649] (**) Wacom HID 4841 Pen eraser: Applying InputClass "Wacom USB tablet class"
[    38.649] (**) Wacom HID 4841 Pen eraser: Applying InputClass "Wacom tablet class"
[    38.649] (II) Using input driver 'wacom' for 'Wacom HID 4841 Pen eraser'
[    38.649] (**) Wacom HID 4841 Pen eraser: always reports core events
[    38.649] (**) Option "Device" "/dev/input/event16"
[    38.649] (**) Option "Type" "eraser"
[    38.649] (**) Wacom HID 4841 Pen eraser: panscroll is 1300
[    38.649] (**) Wacom HID 4841 Pen eraser: panscroll modified to 1300
[    38.649] (--) Wacom HID 4841 Pen eraser: maxX=29376 maxY=16524 maxZ=4095 resX=100000 resY=100000  tilt=enabled
[    38.676] (**) Option "config_info" "udev:/sys/devices/pci0000:00/0000:00:15.0/i2c_designware.0/i2c-6/i2c-WCOM4841:00/0018:056A:4841.0006/input/input16/event16"
[    38.676] (II) XINPUT: Adding extended input device "Wacom HID 4841 Pen eraser" (type: ERASER, id 21)
[    38.676] (**) Wacom HID 4841 Pen eraser: (accel) keeping acceleration scheme 1
[    38.676] (**) Wacom HID 4841 Pen eraser: (accel) acceleration profile 0
[    38.676] (**) Wacom HID 4841 Pen eraser: (accel) acceleration factor: 2.000
[    38.676] (**) Wacom HID 4841 Pen eraser: (accel) acceleration threshold: 4
[    48.109] (II) modeset(0): EDID vendor "LGD", prod id 1417
[    48.110] (II) modeset(0): Printing DDC gathered Modelines:
[    48.110] (II) modeset(0): Modeline "1920x1080"x0.0  138.70  1920 1968 2000 2080  1080 1083 1088 1111 +hsync -vsync (66.7 kHz eP)
[    48.110] (II) modeset(0): Modeline "1920x1080"x0.0  111.00  1920 1968 2000 2080  1080 1083 1088 1111 +hsync -vsync (53.4 kHz e)
[    49.433] (II) modeset(0): EDID vendor "LGD", prod id 1417
[    49.433] (II) modeset(0): Printing DDC gathered Modelines:
[    49.433] (II) modeset(0): Modeline "1920x1080"x0.0  138.70  1920 1968 2000 2080  1080 1083 1088 1111 +hsync -vsync (66.7 kHz eP)
[    49.433] (II) modeset(0): Modeline "1920x1080"x0.0  111.00  1920 1968 2000 2080  1080 1083 1088 1111 +hsync -vsync (53.4 kHz e)
[    68.707] (II) modeset(0): EDID vendor "LGD", prod id 1417
[    68.707] (II) modeset(0): Printing DDC gathered Modelines:
[    68.707] (II) modeset(0): Modeline "1920x1080"x0.0  138.70  1920 1968 2000 2080  1080 1083 1088 1111 +hsync -vsync (66.7 kHz eP)
[    68.707] (II) modeset(0): Modeline "1920x1080"x0.0  111.00  1920 1968 2000 2080  1080 1083 1088 1111 +hsync -vsync (53.4 kHz e)
