[     8.327] 
X.Org X Server 1.20.13
X Protocol Version 11, Revision 0
[     8.327] Build Operating System: linux Ubuntu
[     8.327] Current Operating System: Linux HOSTNAME 5.18.0+ #22 SMP PREEMPT_DYNAMIC Mon Jul 25 23:25:56 CEST 2022 x86_64
[     8.327] Kernel command line: BOOT_IMAGE=/boot/vmlinuz-5.18.0+ USERNAME=UUID=7fbbcb9f-5ae7-402e-89af-4d02cca598e5 ro quiet splash vt.handoff=7
[     8.327] Build Date: 06 July 2022  01:53:24PM
[     8.327] xorg-server 2:1.20.13-1ubuntu1~20.04.3 (For technical support please see http://www.ubuntu.com/support) 
[     8.327] Current version of pixman: 0.38.4
[     8.327] 	Before reporting problems, check http://wiki.x.org
	to make sure that you have the latest version.
[     8.327] Markers: (--) probed, (**) from config file, (==) default setting,
	(++) from command line, (!!) notice, (II) informational,
	(WW) warning, (EE) error, (NI) not implemented, (??) unknown.
[     8.327] (==) Log file: "/var/log/Xorg.0.log", Time: Tue Jul 26 08:44:14 2022
[     8.327] (==) Using config directory: "/etc/X11/xorg.conf.d"
[     8.327] (==) Using system config directory "/usr/share/X11/xorg.conf.d"
[     8.328] (==) No Layout section.  Using the first Screen section.
[     8.328] (==) No screen section available. Using defaults.
[     8.328] (**) |-->Screen "Default Screen Section" (0)
[     8.328] (**) |   |-->Monitor "<default monitor>"
[     8.328] (==) No monitor specified for screen "Default Screen Section".
	Using a default monitor configuration.
[     8.328] (==) Automatically adding devices
[     8.328] (==) Automatically enabling devices
[     8.328] (==) Automatically adding GPU devices
[     8.328] (==) Automatically binding GPU devices
[     8.328] (==) Max clients allowed: 256, resource mask: 0x1fffff
[     8.329] (WW) The directory "/usr/share/fonts/X11/cyrillic" does not exist.
[     8.329] 	Entry deleted from font path.
[     8.329] (WW) The directory "/usr/share/fonts/X11/100dpi/" does not exist.
[     8.329] 	Entry deleted from font path.
[     8.329] (WW) The directory "/usr/share/fonts/X11/75dpi/" does not exist.
[     8.329] 	Entry deleted from font path.
[     8.329] (WW) The directory "/usr/share/fonts/X11/100dpi" does not exist.
[     8.329] 	Entry deleted from font path.
[     8.329] (WW) The directory "/usr/share/fonts/X11/75dpi" does not exist.
[     8.329] 	Entry deleted from font path.
[     8.329] (==) FontPath set to:
	/usr/share/fonts/X11/misc,
	/usr/share/fonts/X11/Type1,
	built-ins
[     8.329] (==) ModulePath set to "/usr/lib/xorg/modules"
[     8.329] (II) The server relies on udev to provide the list of input devices.
	If no devices become available, reconfigure udev or disable AutoAddDevices.
[     8.329] (II) Loader magic: 0x5577c721c020
[     8.329] (II) Module ABI versions:
[     8.329] 	X.Org ANSI C Emulation: 0.4
[     8.329] 	X.Org Video Driver: 24.1
[     8.329] 	X.Org XInput driver : 24.1
[     8.329] 	X.Org Server Extension : 10.0
[     8.330] (++) using VT number 7

[     8.330] (II) systemd-logind: logind integration requires -keeptty and -keeptty was not provided, disabling logind integration
[     8.330] (II) xfree86: Adding drm device (/dev/dri/card0)
[     8.357] (--) PCI:*(45@0:0:0) 1002:67df:1682:c570 rev 239, Mem @ 0xd0000000/268435456, 0xe0000000/2097152, 0xfce00000/262144, I/O @ 0x0000e000/256, BIOS @ 0x????????/131072
[     8.357] (II) LoadModule: "glx"
[     8.358] (II) Loading /usr/lib/xorg/modules/extensions/libglx.so
[     8.360] (II) Module glx: vendor="X.Org Foundation"
[     8.360] 	compiled for 1.20.13, module version = 1.0.0
[     8.360] 	ABI class: X.Org Server Extension, version 10.0
[     8.360] (II) Applying OutputClass "AMDgpu" to /dev/dri/card0
[     8.360] 	loading driver: amdgpu
[     8.360] (==) Matched amdgpu as autoconfigured driver 0
[     8.360] (==) Matched ati as autoconfigured driver 1
[     8.360] (==) Matched modesetting as autoconfigured driver 2
[     8.360] (==) Matched fbdev as autoconfigured driver 3
[     8.360] (==) Matched vesa as autoconfigured driver 4
[     8.360] (==) Assigned the driver to the xf86ConfigLayout
[     8.360] (II) LoadModule: "amdgpu"
[     8.361] (II) Loading /usr/lib/xorg/modules/drivers/amdgpu_drv.so
[     8.362] (II) Module amdgpu: vendor="X.Org Foundation"
[     8.362] 	compiled for 1.20.5, module version = 19.1.0
[     8.362] 	Module class: X.Org Video Driver
[     8.362] 	ABI class: X.Org Video Driver, version 24.0
[     8.362] (II) LoadModule: "ati"
[     8.362] (II) Loading /usr/lib/xorg/modules/drivers/ati_drv.so
[     8.362] (II) Module ati: vendor="X.Org Foundation"
[     8.362] 	compiled for 1.20.5, module version = 19.1.0
[     8.362] 	Module class: X.Org Video Driver
[     8.362] 	ABI class: X.Org Video Driver, version 24.0
[     8.388] (II) LoadModule: "modesetting"
[     8.388] (II) Loading /usr/lib/xorg/modules/drivers/modesetting_drv.so
[     8.388] (II) Module modesetting: vendor="X.Org Foundation"
[     8.388] 	compiled for 1.20.13, module version = 1.20.13
[     8.388] 	Module class: X.Org Video Driver
[     8.388] 	ABI class: X.Org Video Driver, version 24.1
[     8.388] (II) LoadModule: "fbdev"
[     8.388] (II) Loading /usr/lib/xorg/modules/drivers/fbdev_drv.so
[     8.388] (II) Module fbdev: vendor="X.Org Foundation"
[     8.388] 	compiled for 1.20.1, module version = 0.5.0
[     8.388] 	Module class: X.Org Video Driver
[     8.388] 	ABI class: X.Org Video Driver, version 24.0
[     8.388] (II) LoadModule: "vesa"
[     8.388] (II) Loading /usr/lib/xorg/modules/drivers/vesa_drv.so
[     8.389] (II) Module vesa: vendor="X.Org Foundation"
[     8.389] 	compiled for 1.20.4, module version = 2.4.0
[     8.389] 	Module class: X.Org Video Driver
[     8.389] 	ABI class: X.Org Video Driver, version 24.0
[     8.389] (II) AMDGPU: Driver for AMD Radeon:
	All GPUs supported by the amdgpu kernel driver
[     8.389] (II) modesetting: Driver for Modesetting Kernel Drivers: kms
[     8.389] (II) FBDEV: driver for framebuffer: fbdev
[     8.389] (II) VESA: driver for VESA chipsets: vesa
[     8.406] (II) AMDGPU(0): [KMS] Kernel modesetting enabled.
[     8.407] (WW) Falling back to old probe method for modesetting
[     8.408] (WW) Falling back to old probe method for fbdev
[     8.408] (II) Loading sub module "fbdevhw"
[     8.408] (II) LoadModule: "fbdevhw"
[     8.408] (II) Loading /usr/lib/xorg/modules/libfbdevhw.so
[     8.408] (II) Module fbdevhw: vendor="X.Org Foundation"
[     8.408] 	compiled for 1.20.13, module version = 0.0.2
[     8.408] 	ABI class: X.Org Video Driver, version 24.1
[     8.408] (II) AMDGPU(0): Creating default Display subsection in Screen section
	"Default Screen Section" for depth/fbbpp 24/32
[     8.408] (==) AMDGPU(0): Depth 24, (--) framebuffer bpp 32
[     8.408] (II) AMDGPU(0): Pixel depth = 24 bits stored in 4 bytes (32 bpp pixmaps)
[     8.408] (==) AMDGPU(0): Default visual is TrueColor
[     8.408] (==) AMDGPU(0): RGB weight 888
[     8.408] (II) AMDGPU(0): Using 8 bits per RGB (8 bit DAC)
[     8.408] (--) AMDGPU(0): Chipset: "AMD Radeon RX 570 Series" (ChipID = 0x67df)
[     8.408] (II) Loading sub module "fb"
[     8.408] (II) LoadModule: "fb"
[     8.408] (II) Loading /usr/lib/xorg/modules/libfb.so
[     8.408] (II) Module fb: vendor="X.Org Foundation"
[     8.408] 	compiled for 1.20.13, module version = 1.0.0
[     8.408] 	ABI class: X.Org ANSI C Emulation, version 0.4
[     8.408] (II) Loading sub module "dri2"
[     8.408] (II) LoadModule: "dri2"
[     8.408] (II) Module "dri2" already built-in
[     8.467] (II) Loading sub module "glamoregl"
[     8.467] (II) LoadModule: "glamoregl"
[     8.467] (II) Loading /usr/lib/xorg/modules/libglamoregl.so
[     8.469] (II) Module glamoregl: vendor="X.Org Foundation"
[     8.469] 	compiled for 1.20.13, module version = 1.0.1
[     8.469] 	ABI class: X.Org ANSI C Emulation, version 0.4
[     8.480] (II) AMDGPU(0): glamor X acceleration enabled on AMD Radeon RX 570 Series (POLARIS10, DRM 3.46.0, 5.18.0+, LLVM 12.0.0)
[     8.480] (II) AMDGPU(0): glamor detected, initialising EGL layer.
[     8.480] (==) AMDGPU(0): TearFree property default: auto
[     8.480] (==) AMDGPU(0): VariableRefresh: disabled
[     8.480] (II) AMDGPU(0): KMS Pageflipping: enabled
[     8.480] (II) AMDGPU(0): Output DisplayPort-0 has no monitor section
[     8.480] (II) AMDGPU(0): Output DisplayPort-1 has no monitor section
[     8.481] (II) AMDGPU(0): Output DisplayPort-2 has no monitor section
[     8.481] (II) AMDGPU(0): Output HDMI-A-0 has no monitor section
[     8.481] (II) AMDGPU(0): Output DVI-D-0 has no monitor section
[     8.488] (II) AMDGPU(0): EDID for output DisplayPort-0
[     8.488] (II) AMDGPU(0): EDID for output DisplayPort-1
[     8.489] (II) AMDGPU(0): EDID for output DisplayPort-2
[     8.489] (II) AMDGPU(0): Manufacturer: DEL  Model: 4148  Serial#: 1110655575
[     8.489] (II) AMDGPU(0): Year: 2020  Week: 1
[     8.489] (II) AMDGPU(0): EDID Version: 1.4
[     8.489] (II) AMDGPU(0): Digital Display Input
[     8.489] (II) AMDGPU(0): 8 bits per channel
[     8.489] (II) AMDGPU(0): Digital interface is DisplayPort
[     8.489] (II) AMDGPU(0): Max Image Size [cm]: horiz.: 53  vert.: 30
[     8.489] (II) AMDGPU(0): Gamma: 2.20
[     8.489] (II) AMDGPU(0): DPMS capabilities: Off
[     8.489] (II) AMDGPU(0): Supported color encodings: RGB 4:4:4 YCrCb 4:4:4 YCrCb 4:2:2
[     8.489] (II) AMDGPU(0): Default color space is primary color space
[     8.489] (II) AMDGPU(0): First detailed timing is preferred mode
[     8.489] (II) AMDGPU(0): Preferred mode is native pixel format and refresh rate
[     8.489] (II) AMDGPU(0): redX: 0.640 redY: 0.330   greenX: 0.300 greenY: 0.600
[     8.489] (II) AMDGPU(0): blueX: 0.150 blueY: 0.060   whiteX: 0.313 whiteY: 0.329
[     8.489] (II) AMDGPU(0): Supported established timings:
[     8.489] (II) AMDGPU(0): 720x400@70Hz
[     8.489] (II) AMDGPU(0): 640x480@60Hz
[     8.489] (II) AMDGPU(0): 640x480@75Hz
[     8.489] (II) AMDGPU(0): 800x600@60Hz
[     8.489] (II) AMDGPU(0): 800x600@75Hz
[     8.489] (II) AMDGPU(0): 1024x768@60Hz
[     8.489] (II) AMDGPU(0): 1024x768@75Hz
[     8.489] (II) AMDGPU(0): 1280x1024@75Hz
[     8.489] (II) AMDGPU(0): Manufacturer's mask: 0
[     8.489] (II) AMDGPU(0): Supported standard timings:
[     8.489] (II) AMDGPU(0): #0: hsize: 1152  vsize 864  refresh: 75  vid: 20337
[     8.489] (II) AMDGPU(0): #1: hsize: 1280  vsize 1024  refresh: 60  vid: 32897
[     8.489] (II) AMDGPU(0): #2: hsize: 1600  vsize 900  refresh: 60  vid: 49321
[     8.489] (II) AMDGPU(0): #3: hsize: 1920  vsize 1080  refresh: 60  vid: 49361
[     8.489] (II) AMDGPU(0): Supported detailed timing:
[     8.489] (II) AMDGPU(0): clock: 148.5 MHz   Image Size:  527 x 296 mm
[     8.489] (II) AMDGPU(0): h_active: 1920  h_sync: 2008  h_sync_end 2052 h_blank_end 2200 h_border: 0
[     8.489] (II) AMDGPU(0): v_active: 1080  v_sync: 1084  v_sync_end 1089 v_blanking: 1125 v_border: 0
[     8.489] (II) AMDGPU(0): Serial No: 7PKXTS2
[     8.489] (II) AMDGPU(0): Monitor name: DELL U2419H
[     8.489] (II) AMDGPU(0): Ranges: V min: 56 V max: 76 Hz, H min: 30 H max: 83 kHz, PixClock max 175 MHz
[     8.489] (II) AMDGPU(0): Supported detailed timing:
[     8.489] (II) AMDGPU(0): clock: 148.5 MHz   Image Size:  527 x 296 mm
[     8.489] (II) AMDGPU(0): h_active: 1920  h_sync: 2008  h_sync_end 2052 h_blank_end 2200 h_border: 0
[     8.489] (II) AMDGPU(0): v_active: 1080  v_sync: 1084  v_sync_end 1089 v_blanking: 1125 v_border: 0
[     8.489] (II) AMDGPU(0): Supported detailed timing:
[     8.489] (II) AMDGPU(0): clock: 74.2 MHz   Image Size:  527 x 296 mm
[     8.489] (II) AMDGPU(0): h_active: 1920  h_sync: 2008  h_sync_end 2052 h_blank_end 2200 h_border: 0
[     8.489] (II) AMDGPU(0): v_active: 540  v_sync: 542  v_sync_end 547 v_blanking: 562 v_border: 0
[     8.489] (II) AMDGPU(0): Supported detailed timing:
[     8.489] (II) AMDGPU(0): clock: 74.2 MHz   Image Size:  527 x 296 mm
[     8.489] (II) AMDGPU(0): h_active: 1280  h_sync: 1390  h_sync_end 1430 h_blank_end 1650 h_border: 0
[     8.489] (II) AMDGPU(0): v_active: 720  v_sync: 725  v_sync_end 730 v_blanking: 750 v_border: 0
[     8.489] (II) AMDGPU(0): Supported detailed timing:
[     8.489] (II) AMDGPU(0): clock: 27.0 MHz   Image Size:  527 x 296 mm
[     8.489] (II) AMDGPU(0): h_active: 720  h_sync: 736  h_sync_end 798 h_blank_end 858 h_border: 0
[     8.489] (II) AMDGPU(0): v_active: 480  v_sync: 489  v_sync_end 495 v_blanking: 525 v_border: 0
[     8.489] (II) AMDGPU(0): Number of EDID sections to follow: 1
[     8.489] (II) AMDGPU(0): EDID (in hex):
[     8.489] (II) AMDGPU(0): 	00ffffffffffff0010ac484157423342
[     8.489] (II) AMDGPU(0): 	011e0104a5351e783eee95a3544c9926
[     8.489] (II) AMDGPU(0): 	0f5054a54b00714f8180a9c0d1c00101
[     8.489] (II) AMDGPU(0): 	010101010101023a801871382d40582c
[     8.489] (II) AMDGPU(0): 	45000f282100001e000000ff0037504b
[     8.489] (II) AMDGPU(0): 	585453320a2020202020000000fc0044
[     8.489] (II) AMDGPU(0): 	454c4c205532343139480a20000000fd
[     8.489] (II) AMDGPU(0): 	00384c1e5311010a202020202020017e
[     8.489] (II) AMDGPU(0): 	02031cf14f9005040302071601061112
[     8.489] (II) AMDGPU(0): 	1513141f23097f0783010000023a8018
[     8.489] (II) AMDGPU(0): 	71382d40582c45000f282100001e011d
[     8.489] (II) AMDGPU(0): 	8018711c1620582c25000f282100009e
[     8.489] (II) AMDGPU(0): 	011d007251d01e206e2855000f282100
[     8.489] (II) AMDGPU(0): 	001e8c0ad08a20e02d10103e96000f28
[     8.489] (II) AMDGPU(0): 	21000018000000000000000000000000
[     8.489] (II) AMDGPU(0): 	00000000000000000000000000000017
[     8.489] (II) AMDGPU(0): Printing probed modes for output DisplayPort-2
[     8.489] (II) AMDGPU(0): Modeline "1920x1080"x60.0  148.50  1920 2008 2052 2200  1080 1084 1089 1125 +hsync +vsync (67.5 kHz eP)
[     8.489] (II) AMDGPU(0): Modeline "1920x1080"x50.0  148.50  1920 2448 2492 2640  1080 1084 1089 1125 +hsync +vsync (56.2 kHz e)
[     8.489] (II) AMDGPU(0): Modeline "1920x1080"x59.9  148.35  1920 2008 2052 2200  1080 1084 1089 1125 +hsync +vsync (67.4 kHz e)
[     8.489] (II) AMDGPU(0): Modeline "1680x1050"x60.0  148.50  1680 2008 2052 2200  1050 1084 1089 1125 +hsync +vsync (67.5 kHz e)
[     8.489] (II) AMDGPU(0): Modeline "1600x900"x60.0  108.00  1600 1624 1704 1800  900 901 904 1000 +hsync +vsync (60.0 kHz e)
[     8.489] (II) AMDGPU(0): Modeline "1280x1024"x75.0  135.00  1280 1296 1440 1688  1024 1025 1028 1066 +hsync +vsync (80.0 kHz e)
[     8.489] (II) AMDGPU(0): Modeline "1280x1024"x60.0  108.00  1280 1328 1440 1688  1024 1025 1028 1066 +hsync +vsync (64.0 kHz e)
[     8.489] (II) AMDGPU(0): Modeline "1440x900"x60.0  148.50  1440 2008 2052 2200  900 1084 1089 1125 +hsync +vsync (67.5 kHz e)
[     8.489] (II) AMDGPU(0): Modeline "1280x800"x60.0  148.50  1280 2008 2052 2200  800 1084 1089 1125 +hsync +vsync (67.5 kHz e)
[     8.489] (II) AMDGPU(0): Modeline "1152x864"x75.0  108.00  1152 1216 1344 1600  864 865 868 900 +hsync +vsync (67.5 kHz e)
[     8.489] (II) AMDGPU(0): Modeline "1280x720"x60.0   74.25  1280 1390 1430 1650  720 725 730 750 +hsync +vsync (45.0 kHz e)
[     8.489] (II) AMDGPU(0): Modeline "1280x720"x50.0   74.25  1280 1720 1760 1980  720 725 730 750 +hsync +vsync (37.5 kHz e)
[     8.489] (II) AMDGPU(0): Modeline "1280x720"x59.9   74.18  1280 1390 1430 1650  720 725 730 750 +hsync +vsync (45.0 kHz e)
[     8.489] (II) AMDGPU(0): Modeline "1024x768"x75.0   78.75  1024 1040 1136 1312  768 769 772 800 +hsync +vsync (60.0 kHz e)
[     8.489] (II) AMDGPU(0): Modeline "1024x768"x60.0   65.00  1024 1048 1184 1344  768 771 777 806 -hsync -vsync (48.4 kHz e)
[     8.489] (II) AMDGPU(0): Modeline "800x600"x75.0   49.50  800 816 896 1056  600 601 604 625 +hsync +vsync (46.9 kHz e)
[     8.489] (II) AMDGPU(0): Modeline "800x600"x60.3   40.00  800 840 968 1056  600 601 605 628 +hsync +vsync (37.9 kHz e)
[     8.489] (II) AMDGPU(0): Modeline "720x576"x50.0   27.00  720 732 796 864  576 581 586 625 -hsync -vsync (31.2 kHz e)
[     8.489] (II) AMDGPU(0): Modeline "720x480"x60.0   27.03  720 736 798 858  480 489 495 525 -hsync -vsync (31.5 kHz e)
[     8.489] (II) AMDGPU(0): Modeline "720x480"x59.9   27.00  720 736 798 858  480 489 495 525 -hsync -vsync (31.5 kHz e)
[     8.489] (II) AMDGPU(0): Modeline "640x480"x75.0   31.50  640 656 720 840  480 481 484 500 -hsync -vsync (37.5 kHz e)
[     8.489] (II) AMDGPU(0): Modeline "640x480"x60.0   25.20  640 656 752 800  480 490 492 525 -hsync -vsync (31.5 kHz e)
[     8.489] (II) AMDGPU(0): Modeline "640x480"x59.9   25.18  640 656 752 800  480 490 492 525 -hsync -vsync (31.5 kHz e)
[     8.489] (II) AMDGPU(0): Modeline "720x400"x70.1   28.32  720 738 846 900  400 412 414 449 -hsync +vsync (31.5 kHz e)
[     8.489] (II) AMDGPU(0): EDID for output HDMI-A-0
[     8.489] (II) AMDGPU(0): EDID for output DVI-D-0
[     8.489] (II) AMDGPU(0): Output DisplayPort-0 disconnected
[     8.489] (II) AMDGPU(0): Output DisplayPort-1 disconnected
[     8.489] (II) AMDGPU(0): Output DisplayPort-2 connected
[     8.489] (II) AMDGPU(0): Output HDMI-A-0 disconnected
[     8.489] (II) AMDGPU(0): Output DVI-D-0 disconnected
[     8.489] (II) AMDGPU(0): Using exact sizes for initial modes
[     8.489] (II) AMDGPU(0): Output DisplayPort-2 using initial mode 1920x1080 +0+0
[     8.490] (II) AMDGPU(0): mem size init: gart size :1fffff750000 vram size: s:1feae7000 visible:f5e7000
[     8.490] (==) AMDGPU(0): DPI set to (96, 96)
[     8.490] (==) AMDGPU(0): Using gamma correction (1.0, 1.0, 1.0)
[     8.490] (II) Loading sub module "ramdac"
[     8.490] (II) LoadModule: "ramdac"
[     8.490] (II) Module "ramdac" already built-in
[     8.490] (II) UnloadModule: "modesetting"
[     8.490] (II) Unloading modesetting
[     8.490] (II) UnloadModule: "fbdev"
[     8.490] (II) Unloading fbdev
[     8.490] (II) UnloadSubModule: "fbdevhw"
[     8.490] (II) Unloading fbdevhw
[     8.490] (II) UnloadModule: "vesa"
[     8.490] (II) Unloading vesa
[     8.490] (II) AMDGPU(0): [DRI2] Setup complete
[     8.490] (II) AMDGPU(0): [DRI2]   DRI driver: radeonsi
[     8.490] (II) AMDGPU(0): [DRI2]   VDPAU driver: radeonsi
[     8.490] (II) AMDGPU(0): Front buffer pitch: 8192 bytes
[     8.491] (II) AMDGPU(0): SYNC extension fences enabled
[     8.491] (II) AMDGPU(0): Present extension enabled
[     8.491] (==) AMDGPU(0): DRI3 enabled
[     8.491] (==) AMDGPU(0): Backing store enabled
[     8.491] (II) AMDGPU(0): Direct rendering enabled
[     8.499] (II) AMDGPU(0): Use GLAMOR acceleration.
[     8.499] (II) AMDGPU(0): Acceleration enabled
[     8.499] (==) AMDGPU(0): DPMS enabled
[     8.499] (==) AMDGPU(0): Silken mouse enabled
[     8.499] (II) AMDGPU(0): Set up textured video (glamor)
[     8.505] (II) Initializing extension Generic Event Extension
[     8.505] (II) Initializing extension SHAPE
[     8.505] (II) Initializing extension MIT-SHM
[     8.505] (II) Initializing extension XInputExtension
[     8.506] (II) Initializing extension XTEST
[     8.506] (II) Initializing extension BIG-REQUESTS
[     8.506] (II) Initializing extension SYNC
[     8.506] (II) Initializing extension XKEYBOARD
[     8.506] (II) Initializing extension XC-MISC
[     8.506] (II) Initializing extension SECURITY
[     8.506] (II) Initializing extension XFIXES
[     8.506] (II) Initializing extension RENDER
[     8.506] (II) Initializing extension RANDR
[     8.506] (II) Initializing extension COMPOSITE
[     8.506] (II) Initializing extension DAMAGE
[     8.506] (II) Initializing extension MIT-SCREEN-SAVER
[     8.506] (II) Initializing extension DOUBLE-BUFFER
[     8.507] (II) Initializing extension RECORD
[     8.507] (II) Initializing extension DPMS
[     8.507] (II) Initializing extension Present
[     8.507] (II) Initializing extension DRI3
[     8.507] (II) Initializing extension X-Resource
[     8.507] (II) Initializing extension XVideo
[     8.507] (II) Initializing extension XVideo-MotionCompensation
[     8.507] (II) Initializing extension SELinux
[     8.507] (II) SELinux: Disabled on system
[     8.507] (II) Initializing extension GLX
[     8.511] (II) AIGLX: Loaded and initialized radeonsi
[     8.511] (II) GLX: Initialized DRI2 GL provider for screen 0
[     8.511] (II) Initializing extension XFree86-VidModeExtension
[     8.511] (II) Initializing extension XFree86-DGA
[     8.511] (II) Initializing extension XFree86-DRI
[     8.511] (II) Initializing extension DRI2
[     8.511] (II) AMDGPU(0): Setting screen physical size to 508 x 285
[     8.560] (II) config/udev: Adding input device Power Button (/dev/input/event1)
[     8.561] (**) Power Button: Applying InputClass "libinput keyboard catchall"
[     8.561] (II) LoadModule: "libinput"
[     8.561] (II) Loading /usr/lib/xorg/modules/input/libinput_drv.so
[     8.562] (II) Module libinput: vendor="X.Org Foundation"
[     8.562] 	compiled for 1.20.4, module version = 0.29.0
[     8.562] 	Module class: X.Org XInput Driver
[     8.562] 	ABI class: X.Org XInput driver, version 24.1
[     8.562] (II) Using input driver 'libinput' for 'Power Button'
[     8.562] (**) Power Button: always reports core events
[     8.562] (**) Option "Device" "/dev/input/event1"
[     8.562] (**) Option "_source" "server/udev"
[     8.563] (II) event1  - Power Button: is tagged by udev as: Keyboard
[     8.563] (II) event1  - Power Button: device is a keyboard
[     8.563] (II) event1  - Power Button: device removed
[     8.593] (**) Option "config_info" "udev:/sys/devices/LNXSYSTM:00/LNXPWRBN:00/input/input1/event1"
[     8.593] (II) XINPUT: Adding extended input device "Power Button" (type: KEYBOARD, id 6)
[     8.593] (**) Option "xkb_model" "pc105"
[     8.593] (**) Option "xkb_layout" "es"
[     8.602] (II) event1  - Power Button: is tagged by udev as: Keyboard
[     8.602] (II) event1  - Power Button: device is a keyboard
[     8.602] (II) config/udev: Adding input device Power Button (/dev/input/event0)
[     8.602] (**) Power Button: Applying InputClass "libinput keyboard catchall"
[     8.602] (II) Using input driver 'libinput' for 'Power Button'
[     8.602] (**) Power Button: always reports core events
[     8.602] (**) Option "Device" "/dev/input/event0"
[     8.602] (**) Option "_source" "server/udev"
[     8.603] (II) event0  - Power Button: is tagged by udev as: Keyboard
[     8.603] (II) event0  - Power Button: device is a keyboard
[     8.603] (II) event0  - Power Button: device removed
[     8.628] (**) Option "config_info" "udev:/sys/devices/LNXSYSTM:00/LNXSYBUS:00/PNP0C0C:00/input/input0/event0"
[     8.628] (II) XINPUT: Adding extended input device "Power Button" (type: KEYBOARD, id 7)
[     8.628] (**) Option "xkb_model" "pc105"
[     8.628] (**) Option "xkb_layout" "es"
[     8.629] (II) event0  - Power Button: is tagged by udev as: Keyboard
[     8.629] (II) event0  - Power Button: device is a keyboard
[     8.629] (II) config/udev: Adding input device Logitech M705 (/dev/input/event5)
[     8.629] (**) Logitech M705: Applying InputClass "libinput pointer catchall"
[     8.629] (II) Using input driver 'libinput' for 'Logitech M705'
[     8.629] (**) Logitech M705: always reports core events
[     8.629] (**) Option "Device" "/dev/input/event5"
[     8.629] (**) Option "_source" "server/udev"
[     8.630] (II) event5  - Logitech M705: is tagged by udev as: Mouse
[     8.630] (II) event5  - Logitech M705: device is a pointer
[     8.630] (II) event5  - Logitech M705: device removed
[     8.652] (**) Option "config_info" "udev:/sys/devices/pci0000:00/0000:00:01.2/0000:20:00.0/0000:21:08.0/0000:2a:00.3/usb3/3-1/3-1:1.2/0003:046D:C52B.0004/0003:046D:406D.0006/input/input15/event5"
[     8.652] (II) XINPUT: Adding extended input device "Logitech M705" (type: MOUSE, id 8)
[     8.652] (**) Option "AccelerationScheme" "none"
[     8.652] (**) Logitech M705: (accel) selected scheme none/0
[     8.652] (**) Logitech M705: (accel) acceleration factor: 2.000
[     8.652] (**) Logitech M705: (accel) acceleration threshold: 4
[     8.653] (II) event5  - Logitech M705: is tagged by udev as: Mouse
[     8.654] (II) event5  - Logitech M705: device is a pointer
[     8.654] (II) config/udev: Adding input device Logitech M705 (/dev/input/mouse1)
[     8.654] (II) No input driver specified, ignoring this device.
[     8.654] (II) This device may have been added with another device file.
[     8.654] (II) config/udev: Adding input device MSI MYSTIC LIGHT  (/dev/input/event9)
[     8.654] (II) No input driver specified, ignoring this device.
[     8.654] (II) This device may have been added with another device file.
[     8.655] (II) config/udev: Adding input device HDA ATI HDMI HDMI/DP,pcm=3 (/dev/input/event6)
[     8.655] (II) No input driver specified, ignoring this device.
[     8.655] (II) This device may have been added with another device file.
[     8.655] (II) config/udev: Adding input device HDA ATI HDMI HDMI/DP,pcm=7 (/dev/input/event7)
[     8.655] (II) No input driver specified, ignoring this device.
[     8.655] (II) This device may have been added with another device file.
[     8.655] (II) config/udev: Adding input device HDA ATI HDMI HDMI/DP,pcm=8 (/dev/input/event8)
[     8.655] (II) No input driver specified, ignoring this device.
[     8.655] (II) This device may have been added with another device file.
[     8.655] (II) config/udev: Adding input device HDA ATI HDMI HDMI/DP,pcm=9 (/dev/input/event10)
[     8.655] (II) No input driver specified, ignoring this device.
[     8.655] (II) This device may have been added with another device file.
[     8.656] (II) config/udev: Adding input device HDA ATI HDMI HDMI/DP,pcm=10 (/dev/input/event11)
[     8.656] (II) No input driver specified, ignoring this device.
[     8.656] (II) This device may have been added with another device file.
[     8.656] (II) config/udev: Adding input device HDA ATI HDMI HDMI/DP,pcm=11 (/dev/input/event12)
[     8.656] (II) No input driver specified, ignoring this device.
[     8.656] (II) This device may have been added with another device file.
[     8.656] (II) config/udev: Adding input device HP HP Wireless Mouse 220  Mouse (/dev/input/event3)
[     8.656] (**) HP HP Wireless Mouse 220  Mouse: Applying InputClass "libinput pointer catchall"
[     8.656] (II) Using input driver 'libinput' for 'HP HP Wireless Mouse 220  Mouse'
[     8.656] (**) HP HP Wireless Mouse 220  Mouse: always reports core events
[     8.656] (**) Option "Device" "/dev/input/event3"
[     8.656] (**) Option "_source" "server/udev"
[     8.657] (II) event3  - HP HP Wireless Mouse 220  Mouse: is tagged by udev as: Mouse
[     8.657] (II) event3  - HP HP Wireless Mouse 220  Mouse: device is a pointer
[     8.657] (II) event3  - HP HP Wireless Mouse 220  Mouse: device removed
[     8.688] (**) Option "config_info" "udev:/sys/devices/pci0000:00/0000:00:08.1/0000:2f:00.3/usb5/5-4/5-4:1.0/0003:03F0:2141.0001/input/input3/event3"
[     8.688] (II) XINPUT: Adding extended input device "HP HP Wireless Mouse 220  Mouse" (type: MOUSE, id 9)
[     8.689] (**) Option "AccelerationScheme" "none"
[     8.689] (**) HP HP Wireless Mouse 220  Mouse: (accel) selected scheme none/0
[     8.689] (**) HP HP Wireless Mouse 220  Mouse: (accel) acceleration factor: 2.000
[     8.689] (**) HP HP Wireless Mouse 220  Mouse: (accel) acceleration threshold: 4
[     8.689] (II) event3  - HP HP Wireless Mouse 220  Mouse: is tagged by udev as: Mouse
[     8.689] (II) event3  - HP HP Wireless Mouse 220  Mouse: device is a pointer
[     8.690] (II) config/udev: Adding input device HP HP Wireless Mouse 220  Mouse (/dev/input/mouse0)
[     8.690] (II) No input driver specified, ignoring this device.
[     8.690] (II) This device may have been added with another device file.
[     8.690] (II) config/udev: Adding input device HP HP Wireless Mouse 220  (/dev/input/event4)
[     8.690] (II) No input driver specified, ignoring this device.
[     8.690] (II) This device may have been added with another device file.
[     8.690] (II) config/udev: Adding input device HD-Audio Generic Front Mic (/dev/input/event13)
[     8.690] (II) No input driver specified, ignoring this device.
[     8.690] (II) This device may have been added with another device file.
[     8.691] (II) config/udev: Adding input device HD-Audio Generic Rear Mic (/dev/input/event14)
[     8.691] (II) No input driver specified, ignoring this device.
[     8.691] (II) This device may have been added with another device file.
[     8.691] (II) config/udev: Adding input device HD-Audio Generic Line (/dev/input/event15)
[     8.691] (II) No input driver specified, ignoring this device.
[     8.691] (II) This device may have been added with another device file.
[     8.691] (II) config/udev: Adding input device HD-Audio Generic Line Out Front (/dev/input/event16)
[     8.691] (II) No input driver specified, ignoring this device.
[     8.691] (II) This device may have been added with another device file.
[     8.691] (II) config/udev: Adding input device HD-Audio Generic Line Out Surround (/dev/input/event17)
[     8.691] (II) No input driver specified, ignoring this device.
[     8.691] (II) This device may have been added with another device file.
[     8.691] (II) config/udev: Adding input device HD-Audio Generic Line Out CLFE (/dev/input/event18)
[     8.691] (II) No input driver specified, ignoring this device.
[     8.691] (II) This device may have been added with another device file.
[     8.691] (II) config/udev: Adding input device HD-Audio Generic Front Headphone (/dev/input/event19)
[     8.692] (II) No input driver specified, ignoring this device.
[     8.692] (II) This device may have been added with another device file.
[     8.692] (II) config/udev: Adding input device PC Speaker (/dev/input/event2)
[     8.692] (II) No input driver specified, ignoring this device.
[     8.692] (II) This device may have been added with another device file.
[     8.695] (II) config/udev: Adding input device HDA ATI HDMI HDMI/DP,pcm=10 (/dev/input/event11)
[     8.695] (II) No input driver specified, ignoring this device.
[     8.695] (II) This device may have been added with another device file.
[     8.695] (II) config/udev: Adding input device HDA ATI HDMI HDMI/DP,pcm=11 (/dev/input/event12)
[     8.695] (II) No input driver specified, ignoring this device.
[     8.695] (II) This device may have been added with another device file.
[     8.695] (II) config/udev: Adding input device HD-Audio Generic Line Out Front (/dev/input/event16)
[     8.695] (II) No input driver specified, ignoring this device.
[     8.695] (II) This device may have been added with another device file.
[     8.695] (II) config/udev: Adding input device HDA ATI HDMI HDMI/DP,pcm=7 (/dev/input/event7)
[     8.695] (II) No input driver specified, ignoring this device.
[     8.695] (II) This device may have been added with another device file.
[     8.696] (II) config/udev: Adding input device HD-Audio Generic Line Out Surround (/dev/input/event17)
[     8.696] (II) No input driver specified, ignoring this device.
[     8.696] (II) This device may have been added with another device file.
[     8.696] (II) config/udev: Adding input device HD-Audio Generic Line (/dev/input/event15)
[     8.696] (II) No input driver specified, ignoring this device.
[     8.696] (II) This device may have been added with another device file.
[     8.696] (II) config/udev: Adding input device HD-Audio Generic Front Mic (/dev/input/event13)
[     8.696] (II) No input driver specified, ignoring this device.
[     8.696] (II) This device may have been added with another device file.
[     8.696] (II) config/udev: Adding input device HD-Audio Generic Front Headphone (/dev/input/event19)
[     8.696] (II) No input driver specified, ignoring this device.
[     8.696] (II) This device may have been added with another device file.
[     8.696] (II) config/udev: Adding input device HD-Audio Generic Rear Mic (/dev/input/event14)
[     8.696] (II) No input driver specified, ignoring this device.
[     8.696] (II) This device may have been added with another device file.
[     8.696] (II) config/udev: Adding input device HD-Audio Generic Line Out CLFE (/dev/input/event18)
[     8.696] (II) No input driver specified, ignoring this device.
[     8.696] (II) This device may have been added with another device file.
[     9.084] (II) AMDGPU(0): EDID vendor "DEL", prod id 16712
[     9.084] (II) AMDGPU(0): Using EDID range info for horizontal sync
[     9.084] (II) AMDGPU(0): Using EDID range info for vertical refresh
[     9.084] (II) AMDGPU(0): Printing DDC gathered Modelines:
[     9.084] (II) AMDGPU(0): Modeline "1920x1080"x0.0  148.50  1920 2008 2052 2200  1080 1084 1089 1125 +hsync +vsync (67.5 kHz eP)
[     9.084] (II) AMDGPU(0): Modeline "1920x1080i"x0.0   74.25  1920 2008 2052 2200  1080 1084 1094 1125 interlace +hsync +vsync (33.8 kHz e)
[     9.085] (II) AMDGPU(0): Modeline "1280x720"x0.0   74.25  1280 1390 1430 1650  720 725 730 750 +hsync +vsync (45.0 kHz e)
[     9.085] (II) AMDGPU(0): Modeline "720x480"x0.0   27.00  720 736 798 858  480 489 495 525 -hsync -vsync (31.5 kHz e)
[     9.085] (II) AMDGPU(0): Modeline "1440x480i"x0.0   27.00  1440 1478 1602 1716  480 488 494 525 interlace -hsync -vsync (15.7 kHz e)
[     9.085] (II) AMDGPU(0): Modeline "1440x576i"x0.0   27.00  1440 1464 1590 1728  576 580 586 625 interlace -hsync -vsync (15.6 kHz e)
[     9.085] (II) AMDGPU(0): Modeline "640x480"x0.0   25.18  640 656 752 800  480 490 492 525 -hsync -vsync (31.5 kHz e)
[     9.085] (II) AMDGPU(0): Modeline "720x576"x0.0   27.00  720 732 796 864  576 581 586 625 -hsync -vsync (31.2 kHz e)
[     9.085] (II) AMDGPU(0): Modeline "1280x720"x0.0   74.25  1280 1720 1760 1980  720 725 730 750 +hsync +vsync (37.5 kHz e)
[     9.085] (II) AMDGPU(0): Modeline "1920x1080i"x0.0   74.25  1920 2448 2492 2640  1080 1084 1094 1125 interlace +hsync +vsync (28.1 kHz e)
[     9.085] (II) AMDGPU(0): Modeline "1920x1080"x0.0  148.50  1920 2448 2492 2640  1080 1084 1089 1125 +hsync +vsync (56.2 kHz e)
[     9.085] (II) AMDGPU(0): Modeline "800x600"x0.0   40.00  800 840 968 1056  600 601 605 628 +hsync +vsync (37.9 kHz e)
[     9.085] (II) AMDGPU(0): Modeline "640x480"x0.0   31.50  640 656 720 840  480 481 484 500 -hsync -vsync (37.5 kHz e)
[     9.085] (II) AMDGPU(0): Modeline "720x400"x0.0   28.32  720 738 846 900  400 412 414 449 -hsync +vsync (31.5 kHz e)
[     9.085] (II) AMDGPU(0): Modeline "1280x1024"x0.0  135.00  1280 1296 1440 1688  1024 1025 1028 1066 +hsync +vsync (80.0 kHz e)
[     9.085] (II) AMDGPU(0): Modeline "1024x768"x0.0   78.75  1024 1040 1136 1312  768 769 772 800 +hsync +vsync (60.0 kHz e)
[     9.085] (II) AMDGPU(0): Modeline "1024x768"x0.0   65.00  1024 1048 1184 1344  768 771 777 806 -hsync -vsync (48.4 kHz e)
[     9.085] (II) AMDGPU(0): Modeline "800x600"x0.0   49.50  800 816 896 1056  600 601 604 625 +hsync +vsync (46.9 kHz e)
[     9.085] (II) AMDGPU(0): Modeline "1152x864"x0.0  108.00  1152 1216 1344 1600  864 865 868 900 +hsync +vsync (67.5 kHz e)
[     9.085] (II) AMDGPU(0): Modeline "1280x1024"x0.0  108.00  1280 1328 1440 1688  1024 1025 1028 1066 +hsync +vsync (64.0 kHz e)
[     9.085] (II) AMDGPU(0): Modeline "1600x900"x60.0  119.00  1600 1696 1864 2128  900 901 904 932 -hsync +vsync (55.9 kHz e)
[     9.201] (II) AMDGPU(0): EDID vendor "DEL", prod id 16712
[     9.201] (II) AMDGPU(0): Using hsync ranges from config file
[     9.201] (II) AMDGPU(0): Using vrefresh ranges from config file
[     9.201] (II) AMDGPU(0): Printing DDC gathered Modelines:
[     9.201] (II) AMDGPU(0): Modeline "1920x1080"x0.0  148.50  1920 2008 2052 2200  1080 1084 1089 1125 +hsync +vsync (67.5 kHz eP)
[     9.201] (II) AMDGPU(0): Modeline "1920x1080i"x0.0   74.25  1920 2008 2052 2200  1080 1084 1094 1125 interlace +hsync +vsync (33.8 kHz e)
[     9.201] (II) AMDGPU(0): Modeline "1280x720"x0.0   74.25  1280 1390 1430 1650  720 725 730 750 +hsync +vsync (45.0 kHz e)
[     9.201] (II) AMDGPU(0): Modeline "720x480"x0.0   27.00  720 736 798 858  480 489 495 525 -hsync -vsync (31.5 kHz e)
[     9.201] (II) AMDGPU(0): Modeline "1440x480i"x0.0   27.00  1440 1478 1602 1716  480 488 494 525 interlace -hsync -vsync (15.7 kHz e)
[     9.201] (II) AMDGPU(0): Modeline "1440x576i"x0.0   27.00  1440 1464 1590 1728  576 580 586 625 interlace -hsync -vsync (15.6 kHz e)
[     9.201] (II) AMDGPU(0): Modeline "640x480"x0.0   25.18  640 656 752 800  480 490 492 525 -hsync -vsync (31.5 kHz e)
[     9.201] (II) AMDGPU(0): Modeline "720x576"x0.0   27.00  720 732 796 864  576 581 586 625 -hsync -vsync (31.2 kHz e)
[     9.201] (II) AMDGPU(0): Modeline "1280x720"x0.0   74.25  1280 1720 1760 1980  720 725 730 750 +hsync +vsync (37.5 kHz e)
[     9.201] (II) AMDGPU(0): Modeline "1920x1080i"x0.0   74.25  1920 2448 2492 2640  1080 1084 1094 1125 interlace +hsync +vsync (28.1 kHz e)
[     9.201] (II) AMDGPU(0): Modeline "1920x1080"x0.0  148.50  1920 2448 2492 2640  1080 1084 1089 1125 +hsync +vsync (56.2 kHz e)
[     9.201] (II) AMDGPU(0): Modeline "800x600"x0.0   40.00  800 840 968 1056  600 601 605 628 +hsync +vsync (37.9 kHz e)
[     9.201] (II) AMDGPU(0): Modeline "640x480"x0.0   31.50  640 656 720 840  480 481 484 500 -hsync -vsync (37.5 kHz e)
[     9.201] (II) AMDGPU(0): Modeline "720x400"x0.0   28.32  720 738 846 900  400 412 414 449 -hsync +vsync (31.5 kHz e)
[     9.201] (II) AMDGPU(0): Modeline "1280x1024"x0.0  135.00  1280 1296 1440 1688  1024 1025 1028 1066 +hsync +vsync (80.0 kHz e)
[     9.201] (II) AMDGPU(0): Modeline "1024x768"x0.0   78.75  1024 1040 1136 1312  768 769 772 800 +hsync +vsync (60.0 kHz e)
[     9.201] (II) AMDGPU(0): Modeline "1024x768"x0.0   65.00  1024 1048 1184 1344  768 771 777 806 -hsync -vsync (48.4 kHz e)
[     9.201] (II) AMDGPU(0): Modeline "800x600"x0.0   49.50  800 816 896 1056  600 601 604 625 +hsync +vsync (46.9 kHz e)
[     9.201] (II) AMDGPU(0): Modeline "1152x864"x0.0  108.00  1152 1216 1344 1600  864 865 868 900 +hsync +vsync (67.5 kHz e)
[     9.201] (II) AMDGPU(0): Modeline "1280x1024"x0.0  108.00  1280 1328 1440 1688  1024 1025 1028 1066 +hsync +vsync (64.0 kHz e)
[     9.201] (II) AMDGPU(0): Modeline "1600x900"x60.0  119.00  1600 1696 1864 2128  900 901 904 932 -hsync +vsync (55.9 kHz e)
[    32.220] (II) config/udev: Adding input device José Expósito’s Keyboard (/dev/input/event20)
[    32.220] (**) José Expósito’s Keyboard: Applying InputClass "libinput keyboard catchall"
[    32.220] (II) Using input driver 'libinput' for 'José Expósito’s Keyboard'
[    32.220] (**) José Expósito’s Keyboard: always reports core events
[    32.220] (**) Option "Device" "/dev/input/event20"
[    32.220] (**) Option "_source" "server/udev"
[    32.222] (II) event20 - José Expósito’s Keyboard: is tagged by udev as: Keyboard
[    32.222] (II) event20 - José Expósito’s Keyboard: device is a keyboard
[    32.222] (II) event20 - José Expósito’s Keyboard: device removed
[    32.256] (**) Option "config_info" "udev:/sys/devices/pci0000:00/0000:00:01.2/0000:20:00.0/0000:21:08.0/0000:2a:00.1/usb1/1-4/1-4:1.0/bluetooth/hci0/hci0:256/0005:004C:0267.0007/input/input31/event20"
[    32.256] (II) XINPUT: Adding extended input device "José Expósito’s Keyboard" (type: KEYBOARD, id 10)
[    32.256] (**) Option "xkb_model" "pc105"
[    32.256] (**) Option "xkb_layout" "es"
[    32.257] (WW) Option "xkb_variant" requires a string value
[    32.257] (WW) Option "xkb_options" requires a string value
[    32.259] (II) event20 - José Expósito’s Keyboard: is tagged by udev as: Keyboard
[    32.259] (II) event20 - José Expósito’s Keyboard: device is a keyboard
[    35.668] (II) AMDGPU(0): EDID vendor "DEL", prod id 16712
[    35.668] (II) AMDGPU(0): Using hsync ranges from config file
[    35.668] (II) AMDGPU(0): Using vrefresh ranges from config file
[    35.668] (II) AMDGPU(0): Printing DDC gathered Modelines:
[    35.668] (II) AMDGPU(0): Modeline "1920x1080"x0.0  148.50  1920 2008 2052 2200  1080 1084 1089 1125 +hsync +vsync (67.5 kHz eP)
[    35.668] (II) AMDGPU(0): Modeline "1920x1080i"x0.0   74.25  1920 2008 2052 2200  1080 1084 1094 1125 interlace +hsync +vsync (33.8 kHz e)
[    35.668] (II) AMDGPU(0): Modeline "1280x720"x0.0   74.25  1280 1390 1430 1650  720 725 730 750 +hsync +vsync (45.0 kHz e)
[    35.668] (II) AMDGPU(0): Modeline "720x480"x0.0   27.00  720 736 798 858  480 489 495 525 -hsync -vsync (31.5 kHz e)
[    35.668] (II) AMDGPU(0): Modeline "1440x480i"x0.0   27.00  1440 1478 1602 1716  480 488 494 525 interlace -hsync -vsync (15.7 kHz e)
[    35.668] (II) AMDGPU(0): Modeline "1440x576i"x0.0   27.00  1440 1464 1590 1728  576 580 586 625 interlace -hsync -vsync (15.6 kHz e)
[    35.668] (II) AMDGPU(0): Modeline "640x480"x0.0   25.18  640 656 752 800  480 490 492 525 -hsync -vsync (31.5 kHz e)
[    35.668] (II) AMDGPU(0): Modeline "720x576"x0.0   27.00  720 732 796 864  576 581 586 625 -hsync -vsync (31.2 kHz e)
[    35.668] (II) AMDGPU(0): Modeline "1280x720"x0.0   74.25  1280 1720 1760 1980  720 725 730 750 +hsync +vsync (37.5 kHz e)
[    35.668] (II) AMDGPU(0): Modeline "1920x1080i"x0.0   74.25  1920 2448 2492 2640  1080 1084 1094 1125 interlace +hsync +vsync (28.1 kHz e)
[    35.668] (II) AMDGPU(0): Modeline "1920x1080"x0.0  148.50  1920 2448 2492 2640  1080 1084 1089 1125 +hsync +vsync (56.2 kHz e)
[    35.668] (II) AMDGPU(0): Modeline "800x600"x0.0   40.00  800 840 968 1056  600 601 605 628 +hsync +vsync (37.9 kHz e)
[    35.668] (II) AMDGPU(0): Modeline "640x480"x0.0   31.50  640 656 720 840  480 481 484 500 -hsync -vsync (37.5 kHz e)
[    35.668] (II) AMDGPU(0): Modeline "720x400"x0.0   28.32  720 738 846 900  400 412 414 449 -hsync +vsync (31.5 kHz e)
[    35.668] (II) AMDGPU(0): Modeline "1280x1024"x0.0  135.00  1280 1296 1440 1688  1024 1025 1028 1066 +hsync +vsync (80.0 kHz e)
[    35.668] (II) AMDGPU(0): Modeline "1024x768"x0.0   78.75  1024 1040 1136 1312  768 769 772 800 +hsync +vsync (60.0 kHz e)
[    35.668] (II) AMDGPU(0): Modeline "1024x768"x0.0   65.00  1024 1048 1184 1344  768 771 777 806 -hsync -vsync (48.4 kHz e)
[    35.668] (II) AMDGPU(0): Modeline "800x600"x0.0   49.50  800 816 896 1056  600 601 604 625 +hsync +vsync (46.9 kHz e)
[    35.668] (II) AMDGPU(0): Modeline "1152x864"x0.0  108.00  1152 1216 1344 1600  864 865 868 900 +hsync +vsync (67.5 kHz e)
[    35.668] (II) AMDGPU(0): Modeline "1280x1024"x0.0  108.00  1280 1328 1440 1688  1024 1025 1028 1066 +hsync +vsync (64.0 kHz e)
[    35.668] (II) AMDGPU(0): Modeline "1600x900"x60.0  119.00  1600 1696 1864 2128  900 901 904 932 -hsync +vsync (55.9 kHz e)
[    36.550] (II) AMDGPU(0): EDID vendor "DEL", prod id 16712
[    36.550] (II) AMDGPU(0): Using hsync ranges from config file
[    36.550] (II) AMDGPU(0): Using vrefresh ranges from config file
[    36.550] (II) AMDGPU(0): Printing DDC gathered Modelines:
[    36.550] (II) AMDGPU(0): Modeline "1920x1080"x0.0  148.50  1920 2008 2052 2200  1080 1084 1089 1125 +hsync +vsync (67.5 kHz eP)
[    36.550] (II) AMDGPU(0): Modeline "1920x1080i"x0.0   74.25  1920 2008 2052 2200  1080 1084 1094 1125 interlace +hsync +vsync (33.8 kHz e)
[    36.550] (II) AMDGPU(0): Modeline "1280x720"x0.0   74.25  1280 1390 1430 1650  720 725 730 750 +hsync +vsync (45.0 kHz e)
[    36.550] (II) AMDGPU(0): Modeline "720x480"x0.0   27.00  720 736 798 858  480 489 495 525 -hsync -vsync (31.5 kHz e)
[    36.550] (II) AMDGPU(0): Modeline "1440x480i"x0.0   27.00  1440 1478 1602 1716  480 488 494 525 interlace -hsync -vsync (15.7 kHz e)
[    36.550] (II) AMDGPU(0): Modeline "1440x576i"x0.0   27.00  1440 1464 1590 1728  576 580 586 625 interlace -hsync -vsync (15.6 kHz e)
[    36.550] (II) AMDGPU(0): Modeline "640x480"x0.0   25.18  640 656 752 800  480 490 492 525 -hsync -vsync (31.5 kHz e)
[    36.550] (II) AMDGPU(0): Modeline "720x576"x0.0   27.00  720 732 796 864  576 581 586 625 -hsync -vsync (31.2 kHz e)
[    36.550] (II) AMDGPU(0): Modeline "1280x720"x0.0   74.25  1280 1720 1760 1980  720 725 730 750 +hsync +vsync (37.5 kHz e)
[    36.550] (II) AMDGPU(0): Modeline "1920x1080i"x0.0   74.25  1920 2448 2492 2640  1080 1084 1094 1125 interlace +hsync +vsync (28.1 kHz e)
[    36.550] (II) AMDGPU(0): Modeline "1920x1080"x0.0  148.50  1920 2448 2492 2640  1080 1084 1089 1125 +hsync +vsync (56.2 kHz e)
[    36.550] (II) AMDGPU(0): Modeline "800x600"x0.0   40.00  800 840 968 1056  600 601 605 628 +hsync +vsync (37.9 kHz e)
[    36.550] (II) AMDGPU(0): Modeline "640x480"x0.0   31.50  640 656 720 840  480 481 484 500 -hsync -vsync (37.5 kHz e)
[    36.550] (II) AMDGPU(0): Modeline "720x400"x0.0   28.32  720 738 846 900  400 412 414 449 -hsync +vsync (31.5 kHz e)
[    36.550] (II) AMDGPU(0): Modeline "1280x1024"x0.0  135.00  1280 1296 1440 1688  1024 1025 1028 1066 +hsync +vsync (80.0 kHz e)
[    36.550] (II) AMDGPU(0): Modeline "1024x768"x0.0   78.75  1024 1040 1136 1312  768 769 772 800 +hsync +vsync (60.0 kHz e)
[    36.550] (II) AMDGPU(0): Modeline "1024x768"x0.0   65.00  1024 1048 1184 1344  768 771 777 806 -hsync -vsync (48.4 kHz e)
[    36.550] (II) AMDGPU(0): Modeline "800x600"x0.0   49.50  800 816 896 1056  600 601 604 625 +hsync +vsync (46.9 kHz e)
[    36.550] (II) AMDGPU(0): Modeline "1152x864"x0.0  108.00  1152 1216 1344 1600  864 865 868 900 +hsync +vsync (67.5 kHz e)
[    36.550] (II) AMDGPU(0): Modeline "1280x1024"x0.0  108.00  1280 1328 1440 1688  1024 1025 1028 1066 +hsync +vsync (64.0 kHz e)
[    36.550] (II) AMDGPU(0): Modeline "1600x900"x60.0  119.00  1600 1696 1864 2128  900 901 904 932 -hsync +vsync (55.9 kHz e)
[    36.571] (II) AMDGPU(0): EDID vendor "DEL", prod id 16712
[    36.571] (II) AMDGPU(0): Using hsync ranges from config file
[    36.571] (II) AMDGPU(0): Using vrefresh ranges from config file
[    36.571] (II) AMDGPU(0): Printing DDC gathered Modelines:
[    36.571] (II) AMDGPU(0): Modeline "1920x1080"x0.0  148.50  1920 2008 2052 2200  1080 1084 1089 1125 +hsync +vsync (67.5 kHz eP)
[    36.571] (II) AMDGPU(0): Modeline "1920x1080i"x0.0   74.25  1920 2008 2052 2200  1080 1084 1094 1125 interlace +hsync +vsync (33.8 kHz e)
[    36.571] (II) AMDGPU(0): Modeline "1280x720"x0.0   74.25  1280 1390 1430 1650  720 725 730 750 +hsync +vsync (45.0 kHz e)
[    36.571] (II) AMDGPU(0): Modeline "720x480"x0.0   27.00  720 736 798 858  480 489 495 525 -hsync -vsync (31.5 kHz e)
[    36.571] (II) AMDGPU(0): Modeline "1440x480i"x0.0   27.00  1440 1478 1602 1716  480 488 494 525 interlace -hsync -vsync (15.7 kHz e)
[    36.571] (II) AMDGPU(0): Modeline "1440x576i"x0.0   27.00  1440 1464 1590 1728  576 580 586 625 interlace -hsync -vsync (15.6 kHz e)
[    36.571] (II) AMDGPU(0): Modeline "640x480"x0.0   25.18  640 656 752 800  480 490 492 525 -hsync -vsync (31.5 kHz e)
[    36.571] (II) AMDGPU(0): Modeline "720x576"x0.0   27.00  720 732 796 864  576 581 586 625 -hsync -vsync (31.2 kHz e)
[    36.571] (II) AMDGPU(0): Modeline "1280x720"x0.0   74.25  1280 1720 1760 1980  720 725 730 750 +hsync +vsync (37.5 kHz e)
[    36.571] (II) AMDGPU(0): Modeline "1920x1080i"x0.0   74.25  1920 2448 2492 2640  1080 1084 1094 1125 interlace +hsync +vsync (28.1 kHz e)
[    36.571] (II) AMDGPU(0): Modeline "1920x1080"x0.0  148.50  1920 2448 2492 2640  1080 1084 1089 1125 +hsync +vsync (56.2 kHz e)
[    36.571] (II) AMDGPU(0): Modeline "800x600"x0.0   40.00  800 840 968 1056  600 601 605 628 +hsync +vsync (37.9 kHz e)
[    36.571] (II) AMDGPU(0): Modeline "640x480"x0.0   31.50  640 656 720 840  480 481 484 500 -hsync -vsync (37.5 kHz e)
[    36.571] (II) AMDGPU(0): Modeline "720x400"x0.0   28.32  720 738 846 900  400 412 414 449 -hsync +vsync (31.5 kHz e)
[    36.571] (II) AMDGPU(0): Modeline "1280x1024"x0.0  135.00  1280 1296 1440 1688  1024 1025 1028 1066 +hsync +vsync (80.0 kHz e)
[    36.571] (II) AMDGPU(0): Modeline "1024x768"x0.0   78.75  1024 1040 1136 1312  768 769 772 800 +hsync +vsync (60.0 kHz e)
[    36.571] (II) AMDGPU(0): Modeline "1024x768"x0.0   65.00  1024 1048 1184 1344  768 771 777 806 -hsync -vsync (48.4 kHz e)
[    36.571] (II) AMDGPU(0): Modeline "800x600"x0.0   49.50  800 816 896 1056  600 601 604 625 +hsync +vsync (46.9 kHz e)
[    36.571] (II) AMDGPU(0): Modeline "1152x864"x0.0  108.00  1152 1216 1344 1600  864 865 868 900 +hsync +vsync (67.5 kHz e)
[    36.571] (II) AMDGPU(0): Modeline "1280x1024"x0.0  108.00  1280 1328 1440 1688  1024 1025 1028 1066 +hsync +vsync (64.0 kHz e)
[    36.571] (II) AMDGPU(0): Modeline "1600x900"x60.0  119.00  1600 1696 1864 2128  900 901 904 932 -hsync +vsync (55.9 kHz e)
[   788.077] (EE) event20 - José Expósito’s Keyboard: client bug: event processing lagging behind by 23ms, your system is too slow
[  2051.297] (II) AMDGPU(0): EDID vendor "DEL", prod id 16712
[  2051.298] (II) AMDGPU(0): Using hsync ranges from config file
[  2051.298] (II) AMDGPU(0): Using vrefresh ranges from config file
[  2051.298] (II) AMDGPU(0): Printing DDC gathered Modelines:
[  2051.298] (II) AMDGPU(0): Modeline "1920x1080"x0.0  148.50  1920 2008 2052 2200  1080 1084 1089 1125 +hsync +vsync (67.5 kHz eP)
[  2051.298] (II) AMDGPU(0): Modeline "1920x1080i"x0.0   74.25  1920 2008 2052 2200  1080 1084 1094 1125 interlace +hsync +vsync (33.8 kHz e)
[  2051.298] (II) AMDGPU(0): Modeline "1280x720"x0.0   74.25  1280 1390 1430 1650  720 725 730 750 +hsync +vsync (45.0 kHz e)
[  2051.298] (II) AMDGPU(0): Modeline "720x480"x0.0   27.00  720 736 798 858  480 489 495 525 -hsync -vsync (31.5 kHz e)
[  2051.298] (II) AMDGPU(0): Modeline "1440x480i"x0.0   27.00  1440 1478 1602 1716  480 488 494 525 interlace -hsync -vsync (15.7 kHz e)
[  2051.298] (II) AMDGPU(0): Modeline "1440x576i"x0.0   27.00  1440 1464 1590 1728  576 580 586 625 interlace -hsync -vsync (15.6 kHz e)
[  2051.298] (II) AMDGPU(0): Modeline "640x480"x0.0   25.18  640 656 752 800  480 490 492 525 -hsync -vsync (31.5 kHz e)
[  2051.298] (II) AMDGPU(0): Modeline "720x576"x0.0   27.00  720 732 796 864  576 581 586 625 -hsync -vsync (31.2 kHz e)
[  2051.298] (II) AMDGPU(0): Modeline "1280x720"x0.0   74.25  1280 1720 1760 1980  720 725 730 750 +hsync +vsync (37.5 kHz e)
[  2051.298] (II) AMDGPU(0): Modeline "1920x1080i"x0.0   74.25  1920 2448 2492 2640  1080 1084 1094 1125 interlace +hsync +vsync (28.1 kHz e)
[  2051.298] (II) AMDGPU(0): Modeline "1920x1080"x0.0  148.50  1920 2448 2492 2640  1080 1084 1089 1125 +hsync +vsync (56.2 kHz e)
[  2051.298] (II) AMDGPU(0): Modeline "800x600"x0.0   40.00  800 840 968 1056  600 601 605 628 +hsync +vsync (37.9 kHz e)
[  2051.298] (II) AMDGPU(0): Modeline "640x480"x0.0   31.50  640 656 720 840  480 481 484 500 -hsync -vsync (37.5 kHz e)
[  2051.298] (II) AMDGPU(0): Modeline "720x400"x0.0   28.32  720 738 846 900  400 412 414 449 -hsync +vsync (31.5 kHz e)
[  2051.298] (II) AMDGPU(0): Modeline "1280x1024"x0.0  135.00  1280 1296 1440 1688  1024 1025 1028 1066 +hsync +vsync (80.0 kHz e)
[  2051.298] (II) AMDGPU(0): Modeline "1024x768"x0.0   78.75  1024 1040 1136 1312  768 769 772 800 +hsync +vsync (60.0 kHz e)
[  2051.298] (II) AMDGPU(0): Modeline "1024x768"x0.0   65.00  1024 1048 1184 1344  768 771 777 806 -hsync -vsync (48.4 kHz e)
[  2051.298] (II) AMDGPU(0): Modeline "800x600"x0.0   49.50  800 816 896 1056  600 601 604 625 +hsync +vsync (46.9 kHz e)
[  2051.298] (II) AMDGPU(0): Modeline "1152x864"x0.0  108.00  1152 1216 1344 1600  864 865 868 900 +hsync +vsync (67.5 kHz e)
[  2051.298] (II) AMDGPU(0): Modeline "1280x1024"x0.0  108.00  1280 1328 1440 1688  1024 1025 1028 1066 +hsync +vsync (64.0 kHz e)
[  2051.298] (II) AMDGPU(0): Modeline "1600x900"x60.0  119.00  1600 1696 1864 2128  900 901 904 932 -hsync +vsync (55.9 kHz e)
[  2063.989] (II) AMDGPU(0): EDID vendor "DEL", prod id 16712
[  2063.989] (II) AMDGPU(0): Using hsync ranges from config file
[  2063.989] (II) AMDGPU(0): Using vrefresh ranges from config file
[  2063.989] (II) AMDGPU(0): Printing DDC gathered Modelines:
[  2063.989] (II) AMDGPU(0): Modeline "1920x1080"x0.0  148.50  1920 2008 2052 2200  1080 1084 1089 1125 +hsync +vsync (67.5 kHz eP)
[  2063.989] (II) AMDGPU(0): Modeline "1920x1080i"x0.0   74.25  1920 2008 2052 2200  1080 1084 1094 1125 interlace +hsync +vsync (33.8 kHz e)
[  2063.989] (II) AMDGPU(0): Modeline "1280x720"x0.0   74.25  1280 1390 1430 1650  720 725 730 750 +hsync +vsync (45.0 kHz e)
[  2063.989] (II) AMDGPU(0): Modeline "720x480"x0.0   27.00  720 736 798 858  480 489 495 525 -hsync -vsync (31.5 kHz e)
[  2063.989] (II) AMDGPU(0): Modeline "1440x480i"x0.0   27.00  1440 1478 1602 1716  480 488 494 525 interlace -hsync -vsync (15.7 kHz e)
[  2063.989] (II) AMDGPU(0): Modeline "1440x576i"x0.0   27.00  1440 1464 1590 1728  576 580 586 625 interlace -hsync -vsync (15.6 kHz e)
[  2063.989] (II) AMDGPU(0): Modeline "640x480"x0.0   25.18  640 656 752 800  480 490 492 525 -hsync -vsync (31.5 kHz e)
[  2063.989] (II) AMDGPU(0): Modeline "720x576"x0.0   27.00  720 732 796 864  576 581 586 625 -hsync -vsync (31.2 kHz e)
[  2063.989] (II) AMDGPU(0): Modeline "1280x720"x0.0   74.25  1280 1720 1760 1980  720 725 730 750 +hsync +vsync (37.5 kHz e)
[  2063.989] (II) AMDGPU(0): Modeline "1920x1080i"x0.0   74.25  1920 2448 2492 2640  1080 1084 1094 1125 interlace +hsync +vsync (28.1 kHz e)
[  2063.989] (II) AMDGPU(0): Modeline "1920x1080"x0.0  148.50  1920 2448 2492 2640  1080 1084 1089 1125 +hsync +vsync (56.2 kHz e)
[  2063.989] (II) AMDGPU(0): Modeline "800x600"x0.0   40.00  800 840 968 1056  600 601 605 628 +hsync +vsync (37.9 kHz e)
[  2063.989] (II) AMDGPU(0): Modeline "640x480"x0.0   31.50  640 656 720 840  480 481 484 500 -hsync -vsync (37.5 kHz e)
[  2063.989] (II) AMDGPU(0): Modeline "720x400"x0.0   28.32  720 738 846 900  400 412 414 449 -hsync +vsync (31.5 kHz e)
[  2063.989] (II) AMDGPU(0): Modeline "1280x1024"x0.0  135.00  1280 1296 1440 1688  1024 1025 1028 1066 +hsync +vsync (80.0 kHz e)
[  2063.989] (II) AMDGPU(0): Modeline "1024x768"x0.0   78.75  1024 1040 1136 1312  768 769 772 800 +hsync +vsync (60.0 kHz e)
[  2063.989] (II) AMDGPU(0): Modeline "1024x768"x0.0   65.00  1024 1048 1184 1344  768 771 777 806 -hsync -vsync (48.4 kHz e)
[  2063.989] (II) AMDGPU(0): Modeline "800x600"x0.0   49.50  800 816 896 1056  600 601 604 625 +hsync +vsync (46.9 kHz e)
[  2063.989] (II) AMDGPU(0): Modeline "1152x864"x0.0  108.00  1152 1216 1344 1600  864 865 868 900 +hsync +vsync (67.5 kHz e)
[  2063.989] (II) AMDGPU(0): Modeline "1280x1024"x0.0  108.00  1280 1328 1440 1688  1024 1025 1028 1066 +hsync +vsync (64.0 kHz e)
[  2063.989] (II) AMDGPU(0): Modeline "1600x900"x60.0  119.00  1600 1696 1864 2128  900 901 904 932 -hsync +vsync (55.9 kHz e)
[  2168.773] (II) config/udev: Adding input device Hanvon Ugee Technology Co.,Ltd Deco L (/dev/input/mouse2)
[  2168.773] (II) No input driver specified, ignoring this device.
[  2168.773] (II) This device may have been added with another device file.
[  2168.829] (II) config/udev: Adding input device Hanvon Ugee Technology Co.,Ltd Deco L (/dev/input/event21)
[  2168.829] (**) Hanvon Ugee Technology Co.,Ltd Deco L: Applying InputClass "libinput tablet catchall"
[  2168.829] (II) Using input driver 'libinput' for 'Hanvon Ugee Technology Co.,Ltd Deco L'
[  2168.829] (**) Hanvon Ugee Technology Co.,Ltd Deco L: always reports core events
[  2168.829] (**) Option "Device" "/dev/input/event21"
[  2168.829] (**) Option "_source" "server/udev"
[  2168.906] (II) event21 - Hanvon Ugee Technology Co.,Ltd Deco L: is tagged by udev as: Tablet
[  2168.912] (II) event21 - Hanvon Ugee Technology Co.,Ltd Deco L: tablet 'Hanvon Ugee Technology Co.,Ltd Deco L' unknown to libwacom
[  2168.913] (II) event21 - Hanvon Ugee Technology Co.,Ltd Deco L: device is a tablet
[  2168.913] (II) event21 - Hanvon Ugee Technology Co.,Ltd Deco L: device removed
[  2168.944] (**) Option "config_info" "udev:/sys/devices/pci0000:00/0000:00:01.2/0000:20:00.0/0000:21:08.0/0000:2a:00.3/usb3/3-2/3-2:1.2/0003:28BD:0935.000A/input/input35/event21"
[  2168.944] (II) XINPUT: Adding extended input device "Hanvon Ugee Technology Co.,Ltd Deco L" (type: TABLET, id 11)
[  2168.946] (II) event21 - Hanvon Ugee Technology Co.,Ltd Deco L: is tagged by udev as: Tablet
[  2168.947] (II) event21 - Hanvon Ugee Technology Co.,Ltd Deco L: tablet 'Hanvon Ugee Technology Co.,Ltd Deco L' unknown to libwacom
[  2168.947] (II) event21 - Hanvon Ugee Technology Co.,Ltd Deco L: device is a tablet
[  2168.947] (II) libinput: Hanvon Ugee Technology Co.,Ltd Deco L: needs a virtual subdevice
[  2168.948] (II) config/udev: Adding input device Hanvon Ugee Technology Co.,Ltd Deco L Pad (/dev/input/event22)
[  2168.948] (II) No input driver specified, ignoring this device.
[  2168.948] (II) This device may have been added with another device file.
[  2168.948] (**) Hanvon Ugee Technology Co.,Ltd Deco L Pen (0): Applying InputClass "libinput tablet catchall"
[  2168.948] (II) Using input driver 'libinput' for 'Hanvon Ugee Technology Co.,Ltd Deco L Pen (0)'
[  2168.948] (**) Hanvon Ugee Technology Co.,Ltd Deco L Pen (0): always reports core events
[  2168.948] (**) Option "Device" "/dev/input/event21"
[  2168.948] (**) Option "_source" "_driver/libinput"
[  2168.948] (II) libinput: Hanvon Ugee Technology Co.,Ltd Deco L Pen (0): is a virtual subdevice
[  2168.948] (**) Option "config_info" "udev:/sys/devices/pci0000:00/0000:00:01.2/0000:20:00.0/0000:21:08.0/0000:2a:00.3/usb3/3-2/3-2:1.2/0003:28BD:0935.000A/input/input35/event21"
[  2168.948] (II) XINPUT: Adding extended input device "Hanvon Ugee Technology Co.,Ltd Deco L Pen (0)" (type: STYLUS, id 12)
[  2168.948] (**) Option "AccelerationScheme" "none"
[  2168.949] (**) Hanvon Ugee Technology Co.,Ltd Deco L Pen (0): (accel) selected scheme none/0
[  2168.949] (**) Hanvon Ugee Technology Co.,Ltd Deco L Pen (0): (accel) acceleration factor: 2.000
[  2168.949] (**) Hanvon Ugee Technology Co.,Ltd Deco L Pen (0): (accel) acceleration threshold: 4
[  2196.004] (II) AMDGPU(0): EDID vendor "DEL", prod id 16712
[  2196.004] (II) AMDGPU(0): Using hsync ranges from config file
[  2196.004] (II) AMDGPU(0): Using vrefresh ranges from config file
[  2196.004] (II) AMDGPU(0): Printing DDC gathered Modelines:
[  2196.004] (II) AMDGPU(0): Modeline "1920x1080"x0.0  148.50  1920 2008 2052 2200  1080 1084 1089 1125 +hsync +vsync (67.5 kHz eP)
[  2196.004] (II) AMDGPU(0): Modeline "1920x1080i"x0.0   74.25  1920 2008 2052 2200  1080 1084 1094 1125 interlace +hsync +vsync (33.8 kHz e)
[  2196.004] (II) AMDGPU(0): Modeline "1280x720"x0.0   74.25  1280 1390 1430 1650  720 725 730 750 +hsync +vsync (45.0 kHz e)
[  2196.004] (II) AMDGPU(0): Modeline "720x480"x0.0   27.00  720 736 798 858  480 489 495 525 -hsync -vsync (31.5 kHz e)
[  2196.004] (II) AMDGPU(0): Modeline "1440x480i"x0.0   27.00  1440 1478 1602 1716  480 488 494 525 interlace -hsync -vsync (15.7 kHz e)
[  2196.004] (II) AMDGPU(0): Modeline "1440x576i"x0.0   27.00  1440 1464 1590 1728  576 580 586 625 interlace -hsync -vsync (15.6 kHz e)
[  2196.004] (II) AMDGPU(0): Modeline "640x480"x0.0   25.18  640 656 752 800  480 490 492 525 -hsync -vsync (31.5 kHz e)
[  2196.004] (II) AMDGPU(0): Modeline "720x576"x0.0   27.00  720 732 796 864  576 581 586 625 -hsync -vsync (31.2 kHz e)
[  2196.004] (II) AMDGPU(0): Modeline "1280x720"x0.0   74.25  1280 1720 1760 1980  720 725 730 750 +hsync +vsync (37.5 kHz e)
[  2196.004] (II) AMDGPU(0): Modeline "1920x1080i"x0.0   74.25  1920 2448 2492 2640  1080 1084 1094 1125 interlace +hsync +vsync (28.1 kHz e)
[  2196.004] (II) AMDGPU(0): Modeline "1920x1080"x0.0  148.50  1920 2448 2492 2640  1080 1084 1089 1125 +hsync +vsync (56.2 kHz e)
[  2196.004] (II) AMDGPU(0): Modeline "800x600"x0.0   40.00  800 840 968 1056  600 601 605 628 +hsync +vsync (37.9 kHz e)
[  2196.004] (II) AMDGPU(0): Modeline "640x480"x0.0   31.50  640 656 720 840  480 481 484 500 -hsync -vsync (37.5 kHz e)
[  2196.004] (II) AMDGPU(0): Modeline "720x400"x0.0   28.32  720 738 846 900  400 412 414 449 -hsync +vsync (31.5 kHz e)
[  2196.004] (II) AMDGPU(0): Modeline "1280x1024"x0.0  135.00  1280 1296 1440 1688  1024 1025 1028 1066 +hsync +vsync (80.0 kHz e)
[  2196.004] (II) AMDGPU(0): Modeline "1024x768"x0.0   78.75  1024 1040 1136 1312  768 769 772 800 +hsync +vsync (60.0 kHz e)
[  2196.004] (II) AMDGPU(0): Modeline "1024x768"x0.0   65.00  1024 1048 1184 1344  768 771 777 806 -hsync -vsync (48.4 kHz e)
[  2196.004] (II) AMDGPU(0): Modeline "800x600"x0.0   49.50  800 816 896 1056  600 601 604 625 +hsync +vsync (46.9 kHz e)
[  2196.004] (II) AMDGPU(0): Modeline "1152x864"x0.0  108.00  1152 1216 1344 1600  864 865 868 900 +hsync +vsync (67.5 kHz e)
[  2196.004] (II) AMDGPU(0): Modeline "1280x1024"x0.0  108.00  1280 1328 1440 1688  1024 1025 1028 1066 +hsync +vsync (64.0 kHz e)
[  2196.004] (II) AMDGPU(0): Modeline "1600x900"x60.0  119.00  1600 1696 1864 2128  900 901 904 932 -hsync +vsync (55.9 kHz e)
