[    2.813765]   with environment:
[    2.813766]     HOME=/
[    2.813767]     TERM=linux
[    2.813768]     BOOT_IMAGE=/boot/vmlinuz-5.8.0-36-generic
[    3.159014] hid: raw HID events driver (C) Jiri Kosina
[    3.172773] i2c_hid i2c-WCOM5071:00: supply vdd not found, using dummy regulator
[    3.172806] i2c_hid i2c-WCOM5071:00: supply vddl not found, using dummy regulator
[    3.203456] dw_dmac INTL9C60:01: DesignWare DMA Controller, 8 channels
[    3.226118] acpi PNP0C14:01: duplicate WMI GUID 05901221-D566-11D1-B2F0-00A0C9062910 (first instance was on PNP0C14:00)
[    3.226383] acpi PNP0C14:02: duplicate WMI GUID 05901221-D566-11D1-B2F0-00A0C9062910 (first instance was on PNP0C14:00)
[    3.228416] xhci_hcd 0000:00:14.0: xHCI Host Controller
[    3.228430] xhci_hcd 0000:00:14.0: new USB bus registered, assigned bus number 1
--
[    3.580594] sd 0:0:0:0: [sda] Write Protect is off
[    3.580606] sd 0:0:0:0: [sda] Mode Sense: 00 3a 00 00
[    3.580768] sd 0:0:0:0: [sda] Write cache: enabled, read cache: enabled, doesn't support DPO or FUA
[    3.601487]  sda: sda1 sda2
[    3.603927] sd 0:0:0:0: [sda] Attached SCSI disk
[    3.617155] input: WCOM5071:00 056A:5072 Touchscreen as /devices/pci0000:00/808622C1:01/i2c-1/i2c-WCOM5071:00/0018:056A:5072.0001/input/input7
[    3.617643] input: WCOM5071:00 056A:5072 as /devices/pci0000:00/808622C1:01/i2c-1/i2c-WCOM5071:00/0018:056A:5072.0001/input/input8
[    3.619569] input: WCOM5071:00 056A:5072 as /devices/pci0000:00/808622C1:01/i2c-1/i2c-WCOM5071:00/0018:056A:5072.0001/input/input9
[    3.619776] input: WCOM5071:00 056A:5072 as /devices/pci0000:00/808622C1:01/i2c-1/i2c-WCOM5071:00/0018:056A:5072.0001/input/input10
[    3.619957] input: WCOM5071:00 056A:5072 Mouse as /devices/pci0000:00/808622C1:01/i2c-1/i2c-WCOM5071:00/0018:056A:5072.0001/input/input11
[    3.620164] hid-generic 0018:056A:5072.0001: input,hidraw0: I2C HID v1.00 Mouse [WCOM5071:00 056A:5072] on i2c-WCOM5071:00
[    3.626851] usbcore: registered new interface driver usbhid
[    3.626854] usbhid: USB HID core driver
[    3.755788] usb 1-3: New USB device found, idVendor=04f2, idProduct=b55d, bcdDevice= 0.03
[    3.755802] usb 1-3: New USB device strings: Mfr=3, Product=1, SerialNumber=2
[    3.755811] usb 1-3: Product: Integrated Camera
[    3.755820] usb 1-3: Manufacturer: Chicony Electronics Co.,Ltd.
[    3.755828] usb 1-3: SerialNumber: 0001
[    3.847435] input: Wacom HID 5072 Pen as /devices/pci0000:00/808622C1:01/i2c-1/i2c-WCOM5071:00/0018:056A:5072.0001/input/input12
[    3.848455] input: Wacom HID 5072 Finger as /devices/pci0000:00/808622C1:01/i2c-1/i2c-WCOM5071:00/0018:056A:5072.0001/input/input13
[    3.849553] wacom 0018:056A:5072.0001: hidraw0: I2C HID v1.00 Mouse [WCOM5071:00 056A:5072] on i2c-WCOM5071:00
[    3.891540] usb 1-5: new full-speed USB device number 3 using xhci_hcd
[    4.042481] usb 1-5: New USB device found, idVendor=8087, idProduct=0a2a, bcdDevice= 0.01
[    4.042492] usb 1-5: New USB device strings: Mfr=0, Product=0, SerialNumber=0
[    4.101500] psmouse serio1: synaptics: queried max coordinates: x [..5676], y [..4732]
[    4.138564] psmouse serio1: synaptics: queried min coordinates: x [1356..], y [1214..]
--
[    4.262933] input: SynPS/2 Synaptics TouchPad as /devices/platform/i8042/serio1/input/input6
[    4.584260] systemd[1]: Inserted module 'autofs4'
[    4.778865] systemd[1]: systemd 245.4-4ubuntu3.3 running in system mode. (+PAM +AUDIT +SELINUX +IMA +APPARMOR +SMACK +SYSVINIT +UTMP +LIBCRYPTSETUP +GCRYPT +GNUTLS +ACL +XZ +LZ4 +SECCOMP +BLKID +ELFUTILS +KMOD +IDN2 -IDN +PCRE2 default-hierarchy=hybrid)
[    4.800374] systemd[1]: Detected architecture x86-64.
[    4.828201] systemd[1]: Set hostname to <HOSTNAME>.
[    5.107451] systemd[1]: /lib/systemd/system/dbus.socket:5: ListenStream= references a path below legacy directory /var/run/, updating /var/run/dbus/system_bus_socket \xe2\x86\x92 /run/dbus/system_bus_socket; please update the unit file accordingly.
[    5.331836] systemd[1]: Created slice system-modprobe.slice.
[    5.332621] systemd[1]: Created slice system-systemd\x2dfsck.slice.
[    5.333273] systemd[1]: Created slice User and Session Slice.
[    5.333504] systemd[1]: Started Forward Password Requests to Wall Directory Watch.
[    5.334083] systemd[1]: Set up automount Arbitrary Executable File Formats File System Automount Point.
