[    0.013453] ACPI: LPIT 0x0000000087EA1000 000094 (v01 DELL   Dell Inc 20170001 ??LL 20160422)
[    0.013455] ACPI: WSMT 0x0000000087EA0000 000028 (v01 DELL   Dell Inc 20170001 ??LL 20160422)
[    0.013457] ACPI: SSDT 0x0000000087E9F000 000B75 (v02 DELL   PtidDevc 00001000 INTL 20160527)
[    0.013458] ACPI: DBGP 0x0000000087E9E000 000034 (v01 DELL   Dell Inc 20170001 ??LL 20160422)
[    0.013460] ACPI: DBG2 0x0000000087E9D000 000054 (v00 DELL   Dell Inc 20170001 ??LL 20160422)
[    0.013461] ACPI: SLIC 0x0000000087E9C000 000176 (v03 DELL   CBX3     06222004 MSFT 00010013)
[    0.013463] ACPI: BOOT 0x0000000087E9B000 000028 (v01 DELL   CBX3     20170001 ??LL 20160422)
[    0.013465] ACPI: MSDM 0x0000000087E9A000 000055 (v03 DELL   CBX3     06222004 AMI  00010013)
[    0.013466] ACPI: SSDT 0x0000000087E97000 001336 (v02 SaSsdt SaSsdt   00003000 INTL 20160527)
[    0.013468] ACPI: DMAR 0x0000000087EFC000 0000A8 (v01 INTEL  Dell Inc 00000002      01000013)
[    0.013469] ACPI: SSDT 0x0000000087E96000 000156 (v02 Intel  ADebTabl 00001000 INTL 20160527)
--
[    2.158181] systemd[1]: Starting Apply Kernel Variables...
[    2.159308] systemd[1]: Mounted Kernel Configuration File System.
[    2.162307] systemd[1]: Started Apply Kernel Variables.
[    2.168018] systemd[1]: Started Create Static Device Nodes in /dev.
[    2.168610] systemd[1]: Starting udev Kernel Device Manager...
[    2.174248] usb 1-5: New USB device found, idVendor=27c6, idProduct=538d, bcdDevice= 1.00
[    2.174249] usb 1-5: New USB device strings: Mfr=1, Product=2, SerialNumber=0
[    2.174250] usb 1-5: Product: FingerPrint
[    2.174251] usb 1-5: Manufacturer: Goodix
[    2.199180] systemd[1]: Started udev Coldplug all Devices.
[    2.295882] usb 1-6: new high-speed USB device number 3 using xhci_hcd
--
[    3.225523] intel_rapl_common: Found RAPL domain core
[    3.225524] intel_rapl_common: Found RAPL domain uncore
[    3.225525] intel_rapl_common: Found RAPL domain dram
[    3.227429] mc: Linux media interface: v0.10
[    3.237546] input: Dell WMI hotkeys as /devices/platform/PNP0C14:03/wmi_bus/wmi_bus-PNP0C14:03/9DBB5994-A997-11DA-B012-B622A1EF5492/input/input13
[    3.258412] input: DELL0960:00 04F3:30E4 Mouse as /devices/pci0000:00/0000:00:15.0/i2c_designware.0/i2c-8/i2c-DELL0960:00/0018:04F3:30E4.0001/input/input14
[    3.258464] input: DELL0960:00 04F3:30E4 Touchpad as /devices/pci0000:00/0000:00:15.0/i2c_designware.0/i2c-8/i2c-DELL0960:00/0018:04F3:30E4.0001/input/input15
[    3.258514] hid-generic 0018:04F3:30E4.0001: input,hidraw0: I2C HID v1.00 Mouse [DELL0960:00 04F3:30E4] on i2c-DELL0960:00
[    3.279453] iTCO_vendor_support: vendor-support=0
[    3.289370] iwlwifi 0000:00:14.3: base HW address: 28:7f:cf:af:8c:ff
[    3.302374] thermal thermal_zone5: failed to read out thermal zone (-61)
[    3.306257] iTCO_wdt: Intel TCO WatchDog Timer Driver v1.11
[    3.306367] iTCO_wdt iTCO_wdt: can't request region for resource [mem 0x00c5fffc-0x00c5ffff]
[    3.306370] iTCO_wdt: probe of iTCO_wdt failed with error -16
[    3.308266] videodev: Linux video capture interface: v2.00
[    3.322523] iwlwifi 0000:00:14.3 wlp0s20f3: renamed from wlan0
[    3.322724] input: CUST0000:00 27C6:0111 Touchscreen as /devices/pci0000:00/0000:00:15.1/i2c_designware.1/i2c-9/i2c-CUST0000:00/0018:27C6:0111.0002/input/input17
[    3.322787] input: CUST0000:00 27C6:0111 as /devices/pci0000:00/0000:00:15.1/i2c_designware.1/i2c-9/i2c-CUST0000:00/0018:27C6:0111.0002/input/input18
[    3.322839] input: CUST0000:00 27C6:0111 as /devices/pci0000:00/0000:00:15.1/i2c_designware.1/i2c-9/i2c-CUST0000:00/0018:27C6:0111.0002/input/input19
[    3.322889] hid-generic 0018:27C6:0111.0002: input,hidraw1: I2C HID v1.00 Device [CUST0000:00 27C6:0111] on i2c-CUST0000:00
[    3.385775] Bluetooth: Core ver 2.22
[    3.385792] NET: Registered protocol family 31
[    3.385792] Bluetooth: HCI device and connection manager initialized
[    3.385795] Bluetooth: HCI socket layer initialized
[    3.385797] Bluetooth: L2CAP socket layer initialized
[    3.385800] Bluetooth: SCO socket layer initialized
[    3.385907] ish-hid {33AECD58-B679-4E54-9BD9-A04D34F0C226}: [hid-ish]: enum_devices_done OK, num_hid_devices=5
[    3.391136] hid-generic 001F:8087:0AC2.0003: hidraw2: <UNKNOWN> HID v2.00 Device [hid-ishtp 8087:0AC2] on 
[    3.394009] usbcore: registered new interface driver btusb
[    3.394749] Bluetooth: hci0: Firmware revision 0.0 build 77 week 36 2019
[    3.396623] hid-generic 001F:8087:0AC2.0004: hidraw3: <UNKNOWN> HID v2.00 Device [hid-ishtp 8087:0AC2] on 
[    3.396945] uvcvideo: Found UVC 1.00 device Integrated_Webcam_HD (0bda:565a)
[    3.402951] uvcvideo 1-6:1.0: Entity type for entity Realtek Extended Controls Unit was not initialized!
[    3.402952] uvcvideo 1-6:1.0: Entity type for entity Extension 4 was not initialized!
[    3.402953] uvcvideo 1-6:1.0: Entity type for entity Extension 7 was not initialized!
[    3.402953] uvcvideo 1-6:1.0: Entity type for entity Processing 2 was not initialized!
[    3.402954] uvcvideo 1-6:1.0: Entity type for entity Camera 1 was not initialized!
[    3.402999] input: Integrated_Webcam_HD: Integrate as /devices/pci0000:00/0000:00:14.0/usb1/1-6/1-6:1.0/input/input20
[    3.405309] hid-generic 001F:8087:0AC2.0005: hidraw4: <UNKNOWN> HID v2.00 Device [hid-ishtp 8087:0AC2] on 
[    3.412528] hid-generic 001F:8087:0AC2.0006: hidraw5: <UNKNOWN> HID v2.00 Device [hid-ishtp 8087:0AC2] on 
[    3.416433] usbcore: registered new interface driver uvcvideo
[    3.416433] USB Video Class driver (1.1.1)
[    3.420804] hid-generic 001F:8087:0AC3.0007: hidraw0: <UNKNOWN> HID v2.00 Device [hid-ishtp 8087:0AC3] on 
[    3.427206] input: DELL0960:00 04F3:30E4 Touchpad as /devices/pci0000:00/0000:00:15.0/i2c_designware.0/i2c-8/i2c-DELL0960:00/0018:04F3:30E4.0001/input/input22
[    3.427383] hid-multitouch 0018:04F3:30E4.0001: input,hidraw6: I2C HID v1.00 Mouse [DELL0960:00 04F3:30E4] on i2c-DELL0960:00
[    3.543812] input: PS/2 Generic Mouse as /devices/platform/i8042/serio1/input/input6
[    3.557403] input: CUST0000:00 27C6:0111 as /devices/pci0000:00/0000:00:15.1/i2c_designware.1/i2c-9/i2c-CUST0000:00/0018:27C6:0111.0002/input/input24
[    3.557479] input: CUST0000:00 27C6:0111 UNKNOWN as /devices/pci0000:00/0000:00:15.1/i2c_designware.1/i2c-9/i2c-CUST0000:00/0018:27C6:0111.0002/input/input25
[    3.557532] hid-multitouch 0018:27C6:0111.0002: input,hidraw0: I2C HID v1.00 Device [CUST0000:00 27C6:0111] on i2c-CUST0000:00
[    3.587176] mousedev: PS/2 mouse device common for all mice
[    3.647029] iwlwifi 0000:00:14.3: Applying debug destination EXTERNAL_DRAM
[    3.790099] iwlwifi 0000:00:14.3: FW already configured (0) - re-configuring
[    3.822427] iwlwifi 0000:00:14.3: Applying debug destination EXTERNAL_DRAM
[    3.965721] iwlwifi 0000:00:14.3: FW already configured (0) - re-configuring
