[    5.288661] 80860F0A:01: ttyS5 at MMIO 0x9091d000 (irq = 17, base_baud = 2764800) is a 16550A
[    5.309270] mc: Linux media interface: v0.10
[    5.310053] audit: type=1325 audit(1612456043.870:26): table=filter family=10 entries=4 op=xt_replace pid=274 comm="ip6tables-resto"
[    5.351778] audit: type=1325 audit(1612456043.903:27): table=filter family=10 entries=4 op=xt_replace pid=277 comm="ip6tables-resto"
[    5.383888] audit: type=1325 audit(1612456043.940:28): table=filter family=10 entries=58 op=xt_replace pid=279 comm="ip6tables-resto"
[    5.388482] i2c_hid i2c-SYNA7508:00: supply vdd not found, using dummy regulator
[    5.388580] i2c_hid i2c-SYNA7508:00: supply vddl not found, using dummy regulator
[    5.401832] audit: type=1325 audit(1612456043.973:29): table=filter family=10 entries=60 op=xt_replace pid=282 comm="ip6tables-resto"
[    5.415408] axp20x-i2c i2c-INT33F4:00: AXP20x variant AXP288 found
[    5.416083] videodev: Linux video capture interface: v2.00
[    5.423189] atomisp_gmin_platform: module is from the staging directory, the quality is unknown, you have been warned.
[    5.428596] audit: type=1325 audit(1612456043.993:30): table=filter family=10 entries=64 op=xt_replace pid=286 comm="ip6tables-resto"
--
[    5.456915] atomisp_ov2722: module is from the staging directory, the quality is unknown, you have been warned.
[    5.478975] atomisp_lm3554: module is from the staging directory, the quality is unknown, you have been warned.
[    5.489843] axp20x-i2c i2c-INT33F4:00: AXP20X driver loaded
[    5.508896] lm3554 i2c-INTCF1C:00: flash led reset successfully
[    5.508911] lm3554 i2c-INTCF1C:00: register atomisp i2c module type 4
[    5.547249] input: SYNA7508:00 06CB:125D as /devices/platform/80860F41:03/i2c-3/i2c-SYNA7508:00/0018:06CB:125D.0001/input/input1
[    5.547829] input: SYNA7508:00 06CB:125D Touchscreen as /devices/platform/80860F41:03/i2c-3/i2c-SYNA7508:00/0018:06CB:125D.0001/input/input2
[    5.548381] hid-generic 0018:06CB:125D.0001: input,hidraw0: I2C HID v1.00 Device [SYNA7508:00 06CB:125D] on i2c-SYNA7508:00
[    5.558467] dw_dmac INTL9C60:00: DesignWare DMA Controller, 8 channels
[    5.577756] ov2722 i2c-INT33FB:00: gmin: power management provided via XPower AXP288 PMIC (i2c addr 0x34)
[    5.577781] ov2722 i2c-INT33FB:00: gmin_subdev_add: ACPI path is \_SB.I2C2.CAM1
[    5.581345] ov2722 i2c-INT33FB:00: Failed to find EFI variable INT33FB:00_ClkSrc
[    5.581379] ov2722 i2c-INT33FB:00: ClkSrc: using default (1)
--
[    6.692792] input: gpio-keys as /devices/platform/INTCFD9:00/gpio-keys.0.auto/input/input6
[    6.693700] input: gpio-keys as /devices/platform/INTCFD9:00/gpio-keys.1.auto/input/input7
[    6.707501] intel_rapl_common: Found RAPL domain package
[    6.707508] intel_rapl_common: Found RAPL domain core
[    6.726171] F2FS-fs (mmcblk1p1): Found nat_bits in checkpoint
[    6.825183] input: SYNA7508:00 06CB:125D as /devices/platform/80860F41:03/i2c-3/i2c-SYNA7508:00/0018:06CB:125D.0001/input/input8
[    6.825385] input: SYNA7508:00 06CB:125D as /devices/platform/80860F41:03/i2c-3/i2c-SYNA7508:00/0018:06CB:125D.0001/input/input9
[    6.825617] hid-multitouch 0018:06CB:125D.0001: input,hidraw0: I2C HID v1.00 Device [SYNA7508:00 06CB:125D] on i2c-SYNA7508:00
[    6.831734] axp288_fuel_gauge axp288_fuel_gauge: HW IRQ 16 -> VIRQ 55
[    6.845629] brcmfmac: brcmf_fw_alloc_request: using brcm/brcmfmac43241b4-sdio for chip BCM4324/5
[    6.845735] brcmfmac: brcmf_c_process_clm_blob: no clm_blob available (err=-2), device may have limited channels available
[    6.846106] brcmfmac: brcmf_c_preinit_dcmds: Firmware: BCM4324/5 wl0: Jul 17 2013 07:36:07 version 6.10.197.71 (r412987) FWID 01-882d2634
[    6.918106] mousedev: PS/2 mouse device common for all mice
--
[    8.535030] Console: switching to colour frame buffer device 100x80
[    8.560064] i915 0000:00:02.0: [drm] fb0: i915drmfb frame buffer device
[    8.612750] ------------[ cut here ]------------
[    8.612755] 0 is an invalid IRQ number
[    8.612794] WARNING: CPU: 2 PID: 254 at drivers/base/platform.c:238 platform_get_irq_optional+0x108/0x180
[    8.612797] Modules linked in: snd_hdmi_lpe_audio(+) mei_hdcp snd_soc_sst_bytcr_rt5640 iTCO_wdt intel_pmc_bxt iTCO_vendor_support hp_wmi sparse_keymap wmi_bmof joydev i915 mousedev mac_hid hid_multitouch intel_rapl_msr gpio_keys axp288_fuel_gauge axp20x_pek extcon_axp288 vfat roles axp288_charger axp288_adc fat bmc150_magn_i2c bmc150_magn bmc150_accel_i2c bmc150_accel_core intel_soc_dts_thermal brcmfmac industrialio_triggered_buffer kfifo_buf intel_powerclamp coretemp brcmutil crct10dif_pclmul ghash_clmulni_intel cfg80211 aesni_intel crypto_simd cryptd glue_helper i2c_algo_bit intel_cstate drm_kms_helper pcspkr snd_soc_rt5670 cec mei_txe snd_soc_rt5651 mei intel_gtt snd_intel_sst_acpi snd_soc_rt5645 syscopyarea sysfillrect snd_soc_acpi_intel_match lpc_ich sysimgblt fb_sys_fops snd_soc_acpi wmi snd_intel_sst_core tpm_crb hci_uart snd_soc_sst_atom_hifi2_platform snd_soc_rt5640 tpm_tis snd_soc_rl6231 tpm_tis_core snd_soc_core btqca btrtl tpm btbcm btintel video processor_thermal_device
[    8.612928]  rng_core bluetooth intel_rapl_common snd_compress xt_hl int3403_thermal intel_soc_dts_iosf ac97_bus atomisp_lm3554(C) dw_dmac soc_button_array int3400_thermal snd_pcm_dmaengine int340x_thermal_zone atomisp_ov2722(C) ip6t_rt acpi_thermal_rel atomisp_gmin_platform(C) snd_pcm ecdh_generic acpi_pad rfkill cm32181 intel_int0002_vgpio axp20x_i2c ecc videodev snd_timer crc16 industrialio axp20x i2c_hid snd mc i2c_multi_instantiate soundcore pwm_lpss_platform pwm_lpss 8250_dw nf_log_ipv4 nf_log_common ipt_REJECT nf_reject_ipv4 xt_LOG xt_limit xt_addrtype xt_tcpudp xt_conntrack ip6table_filter ip6_tables nf_conntrack_netbios_ns nf_conntrack_broadcast nf_nat_ftp nf_nat nf_conntrack_ftp nf_conntrack nf_defrag_ipv6 nf_defrag_ipv4 libcrc32c crc32c_generic crc32c_intel iptable_filter drm sg fuse crypto_user agpgart bpf_preload ip_tables x_tables f2fs mmc_block crc32_pclmul xhci_pci xhci_pci_renesas sdhci_acpi sdhci mmc_core
[    8.613065] CPU: 2 PID: 254 Comm: systemd-udevd Tainted: G         C        5.10.11-arch1-1 #1
[    8.613068] Hardware name: Hewlett-Packard HP Pro Tablet 408/8048, BIOS F.22 10/16/2015
[    8.613074] RIP: 0010:platform_get_irq_optional+0x108/0x180
[    8.613080] Code: 48 85 db 74 89 48 8b 43 18 a9 00 00 00 10 75 61 84 c0 75 25 8b 03 85 c0 75 c9 48 c7 c7 b3 b0 5d a7 89 44 24 04 e8 a6 41 38 00 <0f> 0b 8b 44 24 04 48 83 c4 08 5b 5d 41 5c c3 8b 3b e8 62 0f a6 ff
[    8.613084] RSP: 0018:ffffb44480933a70 EFLAGS: 00010282
--
[    9.340877] input: HID 04d9:a088 as /devices/pci0000:00/0000:00:14.0/usb1/1-2/1-2.1/1-2.1:1.0/0003:04D9:A088.0002/input/input16
[    9.365384] usb-storage 1-2.4:1.0: USB Mass Storage device detected
[    9.371564] scsi host0: usb-storage 1-2.4:1.0
[    9.371942] usbcore: registered new interface driver usb-storage
[    9.399233] usbcore: registered new interface driver uas
[    9.401453] hid-generic 0003:04D9:A088.0002: input,hidraw1: USB HID v1.11 Keyboard [HID 04d9:a088] on usb-0000:00:14.0-2.1/input0
[    9.426552] input: HID 04d9:a088 System Control as /devices/pci0000:00/0000:00:14.0/usb1/1-2/1-2.1/1-2.1:1.1/0003:04D9:A088.0003/input/input17
[    9.481692] input: HID 04d9:a088 Consumer Control as /devices/pci0000:00/0000:00:14.0/usb1/1-2/1-2.1/1-2.1:1.1/0003:04D9:A088.0003/input/input18
[    9.481862] input: HID 04d9:a088 Mouse as /devices/pci0000:00/0000:00:14.0/usb1/1-2/1-2.1/1-2.1:1.1/0003:04D9:A088.0003/input/input19
[    9.482138] hid-generic 0003:04D9:A088.0003: input,hidraw2: USB HID v1.11 Mouse [HID 04d9:a088] on usb-0000:00:14.0-2.1/input1
[    9.482234] usbcore: registered new interface driver usbhid
[    9.482238] usbhid: USB HID core driver
[   10.179280] kauditd_printk_skb: 53 callbacks suppressed
[   10.179284] audit: type=1130 audit(1612456048.760:84): pid=1 uid=0 auid=4294967295 ses=4294967295 msg='unit=wpa_supplicant comm="systemd" exe="/usr/lib/systemd/systemd" hostname=? addr=? terminal=? res=success'
[   10.386475] scsi 0:0:0:0: Direct-Access              USB DISK 3.0     PMAP PQ: 0 ANSI: 6
--
[ 4859.836868] audit: type=1131 audit(1612460897.733:150): pid=1 uid=0 auid=4294967295 ses=4294967295 msg='unit=systemd-suspend comm="systemd" exe="/usr/lib/systemd/systemd" hostname=? addr=? terminal=? res=success'
[ 4859.890738] usb 1-2.1: new low-speed USB device number 6 using xhci_hcd
[ 4859.994260] usb 1-2.1: New USB device found, idVendor=04d9, idProduct=a088, bcdDevice= 1.13
[ 4859.994281] usb 1-2.1: New USB device strings: Mfr=0, Product=0, SerialNumber=0
[ 4860.012076] input: HID 04d9:a088 as /devices/pci0000:00/0000:00:14.0/usb1/1-2/1-2.1/1-2.1:1.0/0003:04D9:A088.0004/input/input20
[ 4860.068838] hid-generic 0003:04D9:A088.0004: input,hidraw1: USB HID v1.11 Keyboard [HID 04d9:a088] on usb-0000:00:14.0-2.1/input0
[ 4860.092357] input: HID 04d9:a088 System Control as /devices/pci0000:00/0000:00:14.0/usb1/1-2/1-2.1/1-2.1:1.1/0003:04D9:A088.0005/input/input21
[ 4860.148435] input: HID 04d9:a088 Consumer Control as /devices/pci0000:00/0000:00:14.0/usb1/1-2/1-2.1/1-2.1:1.1/0003:04D9:A088.0005/input/input22
[ 4860.148907] input: HID 04d9:a088 Mouse as /devices/pci0000:00/0000:00:14.0/usb1/1-2/1-2.1/1-2.1:1.1/0003:04D9:A088.0005/input/input23
[ 4860.149790] hid-generic 0003:04D9:A088.0005: input,hidraw2: USB HID v1.11 Mouse [HID 04d9:a088] on usb-0000:00:14.0-2.1/input1
[ 4860.227884] usb 1-2.4: new high-speed USB device number 7 using xhci_hcd
[ 4860.394241] usb 1-2.4: New USB device found, idVendor=13fe, idProduct=6300, bcdDevice= 1.10
[ 4860.394249] usb 1-2.4: New USB device strings: Mfr=1, Product=2, SerialNumber=3
[ 4860.394253] usb 1-2.4: Product: USB DISK 3.0
[ 4860.394257] usb 1-2.4: Manufacturer:         
