[    3.173407] NET: Registered protocol family 31
[    3.173408] Bluetooth: HCI device and connection manager initialized
[    3.173411] Bluetooth: HCI socket layer initialized
[    3.173413] Bluetooth: L2CAP socket layer initialized
[    3.173418] Bluetooth: SCO socket layer initialized
[    3.178910] i2c_hid i2c-WCOM5128:00: i2c-WCOM5128:00 supply vdd not found, using dummy regulator
[    3.182725] usbcore: registered new interface driver btusb
[    3.186154] Bluetooth: hci0: using rampatch file: qca/rampatch_usb_00000302.bin
[    3.186156] Bluetooth: hci0: QCA: patch rome 0x302 build 0x3e8, firmware rome 0x302 build 0x111
[    3.191399] media: Linux media interface: v0.10
[    3.195654] random: crng init done
--
[    3.360710] intel_rapl: Found RAPL domain uncore
[    3.360711] intel_rapl: Found RAPL domain dram
[    3.401139] intel-lpss 0000:00:1e.0: enabling device (0000 -> 0002)
[    3.401781] idma64 idma64.3: Found Intel integrated DMA 64-bit
[    3.484367] ath10k_pci 0000:01:00.0: pci irq msi oper_irq_mode 2 irq_mode 0 reset_mode 0
[    3.508585] input: Wacom HID 5128 Pen as /devices/pci0000:00/0000:00:15.0/i2c_designware.0/i2c-0/i2c-WCOM5128:00/0018:056A:5128.0007/input/input9
[    3.509306] input: Wacom HID 5128 Finger as /devices/pci0000:00/0000:00:15.0/i2c_designware.0/i2c-0/i2c-WCOM5128:00/0018:056A:5128.0007/input/input10
[    3.509395] wacom 0018:056A:5128.0007: hidraw2: I2C HID v1.00 Mouse [WCOM5128:00 056A:5128] on i2c-WCOM5128:00
[    3.535954] input: SYNA2393:00 06CB:7FB5 Touchpad as /devices/pci0000:00/0000:00:15.1/i2c_designware.1/i2c-1/i2c-SYNA2393:00/0018:06CB:7FB5.0008/input/input13
[    3.537472] hid-multitouch 0018:06CB:7FB5.0008: input,hidraw3: I2C HID v1.00 Mouse [SYNA2393:00 06CB:7FB5] on i2c-SYNA2393:00
[    3.606969] snd_hda_intel 0000:00:1f.3: bound 0000:00:02.0 (ops i915_audio_component_bind_ops [i915])
[    3.607394] fbcon: inteldrmfb (fb0) is primary device
[    3.607466] Console: switching to colour frame buffer device 240x67
[    3.607498] i915 0000:00:02.0: fb0: inteldrmfb frame buffer device
[    3.634697] snd_hda_codec_conexant hdaudioC0D0: CX20751/2: BIOS auto-probing.
--
[ 1098.947173] wlp1s0: disconnect from AP 00:2a:10:8b:d8:3f for new auth to b4:14:89:fe:01:8f
[ 1098.955430] wlp1s0: authenticate with b4:14:89:fe:01:8f
[ 1099.009869] wlp1s0: send auth to b4:14:89:fe:01:8f (try 1/3)
[ 1099.010958] wlp1s0: authenticated
[ 1099.051123] wlp1s0: associate with b4:14:89:fe:01:8f (try 1/3)
[ 1099.053171] wlp1s0: RX ReassocResp from b4:14:89:fe:01:8f (capab=0x111 status=0 aid=35)
[ 1099.056510] wlp1s0: associated
[ 1099.056615] ath: EEPROM regdomain: 0x8348
[ 1099.056616] ath: EEPROM indicates we should expect a country code
[ 1099.056617] ath: doing EEPROM country->regdmn map search
[ 1099.056619] ath: country maps to regdmn code: 0x3a
