[    0.005019] ACPI: RSDP 0x00000000CCDFD014 000024 (v02 LENOVO)
[    0.005023] ACPI: XSDT 0x00000000CCDFB188 00013C (v01 LENOVO CB-01    00000003 LENO 00000001)
[    0.005028] ACPI: FACP 0x00000000C7924000 000114 (v06 LENOVO CB-01    00000003 LENO 00000001)
[    0.005033] ACPI: DSDT 0x00000000C7911000 00DCCF (v01 LENOVO AMD      00001000 INTL 20180313)
[    0.005036] ACPI: FACS 0x00000000CB37F000 000040
[    0.005038] ACPI: SSDT 0x00000000C8BFC000 0072B0 (v02 LENOVO AmdTable 00000002 MSFT 04000000)
[    0.005041] ACPI: SSDT 0x00000000C8BD4000 003BF1 (v01 LENOVO AMD AOD  00000001 INTL 20180313)
[    0.005044] ACPI: MSDM 0x00000000C8B41000 000055 (v03 LENOVO CB-01    00000000 LENO 00000001)
[    0.005047] ACPI: BATB 0x00000000C8B2B000 00004A (v02 LENOVO CB-01    00000000 LENO 00000001)
[    0.005049] ACPI: HPET 0x00000000C7923000 000038 (v01 LENOVO CB-01    00000001 LENO 00000001)
[    0.005052] ACPI: APIC 0x00000000C7922000 000138 (v02 LENOVO CB-01    00000000 LENO 00000001)
--
[    0.005152] ACPI: Reserving SSDT table memory at [mem 0xc8c08000-0xc8c0808f]
[    0.005153] ACPI: Reserving SSDT table memory at [mem 0xc8c07000-0xc8c07444]
[    0.005153] ACPI: Reserving SSDT table memory at [mem 0xc8c06000-0xc8c06e10]
[    0.005154] ACPI: Reserving SSDT table memory at [mem 0xc8c05000-0xc8c05928]
[    0.005309] No NUMA configuration found
[    0.005310] Faking a node at [mem 0x0000000000000000-0x000000040e2fffff]
[    0.005318] NODE_DATA(0) allocated [mem 0x40e2d5000-0x40e2fffff]
[    0.005478] Zone ranges:
[    0.005479]   DMA      [mem 0x0000000000001000-0x0000000000ffffff]
[    0.005480]   DMA32    [mem 0x0000000001000000-0x00000000ffffffff]
[    0.005482]   Normal   [mem 0x0000000100000000-0x000000040e2fffff]
[    0.005483]   Device   empty
--
[    0.360518] PCI host bridge to bus 0000:00
[    0.360522] pci_bus 0000:00: USERNAME bus resource [mem 0x000a0000-0x000effff window]
[    0.360525] pci_bus 0000:00: USERNAME bus resource [mem 0xd0000000-0xf7ffffff window]
[    0.360527] pci_bus 0000:00: USERNAME bus resource [mem 0xfc000000-0xfdffffff window]
[    0.360529] pci_bus 0000:00: USERNAME bus resource [mem 0x430000000-0xffffffffff window]
[    0.360531] pci_bus 0000:00: USERNAME bus resource [io  0x0000-0x0cf7 window]
[    0.360533] pci_bus 0000:00: USERNAME bus resource [io  0x0d00-0xffff window]
[    0.360536] pci_bus 0000:00: USERNAME bus resource [bus 00-ff]
[    0.360557] pci 0000:00:00.0: [1022:1630] type 00 class 0x060000 conventional PCI endpoint
[    0.360653] pci 0000:00:00.2: [1022:1631] type 00 class 0x080600 conventional PCI endpoint
[    0.360745] pci 0000:00:01.0: [1022:1632] type 00 class 0x060000 conventional PCI endpoint
--
[    0.449658] ACPI: \_SB_.PLTF.C000: Found 3 idle states
[    0.449809] ACPI: \_SB_.PLTF.C001: Found 3 idle states
[    0.450010] ACPI: \_SB_.PLTF.C002: Found 3 idle states
[    0.450192] ACPI: \_SB_.PLTF.C003: Found 3 idle states
[    0.450324] ACPI: \_SB_.PLTF.C004: Found 3 idle states
[    0.450531] ACPI: \_SB_.PLTF.C005: Found 3 idle states
[    0.450746] ACPI: \_SB_.PLTF.C006: Found 3 idle states
[    0.450977] ACPI: \_SB_.PLTF.C007: Found 3 idle states
[    0.451250] ACPI: \_SB_.PLTF.C008: Found 3 idle states
[    0.451514] ACPI: \_SB_.PLTF.C009: Found 3 idle states
[    0.451781] ACPI: \_SB_.PLTF.C00A: Found 3 idle states
--
[    0.454093] thermal LNXTHERM:01: registered as thermal_zone1
[    0.454095] ACPI: thermal: Thermal Zone [TZS1] (27 C)
[    0.454398] Serial: 8250/16550 driver, 32 ports, IRQ sharing enabled
[    0.457335] ACPI: battery: Slot [BAT0] (battery present)
[    0.458880] Linux agpgart interface v0.103
[    0.463929] tpm_crb MSFT0101:00: Disabling hwrng
[    0.464397] ACPI: bus type drm_connector registered
[    0.469406] loop: module loaded
[    0.469858] tun: Universal TUN/TAP device driver, 1.6
[    0.469917] PPP generic driver version 2.4.2
[    0.470091] i8042: PNP: PS/2 Controller [PNP0303:KBD0] at 0x60,0x64 irq 1
--
[    6.517946] sdhci: Copyright(c) Pierre Ossman
[    6.521289] pcie_mp2_amd 0000:04:00.7: enabling device (0000 -> 0002)
[    6.522867] piix4_smbus 0000:00:14.0: SMBus Host Controller at 0xb00, revision 0
[    6.522876] piix4_smbus 0000:00:14.0: Using register 0x02 for SMBus port selection
[    6.523331] piix4_smbus 0000:00:14.0: Auxiliary SMBus Host Controller at 0xb20
[    6.566186] hid-generic 0020:1022:0001.0001: hidraw0: SENSOR HUB HID v0.00 Device [hid-amdsfh 1022:0001] on pcie_mp2_amd
[    6.593474] input: ELAN06FA:00 04F3:31AD Mouse as /devices/platform/AMDI0010:03/i2c-1/i2c-ELAN06FA:00/0018:04F3:31AD.0002/input/input3
[    6.593851] input: ELAN06FA:00 04F3:31AD Touchpad as /devices/platform/AMDI0010:03/i2c-1/i2c-ELAN06FA:00/0018:04F3:31AD.0002/input/input5
[    6.594278] hid-generic 0018:04F3:31AD.0002: input,hidraw1: I2C HID v1.00 Mouse [ELAN06FA:00 04F3:31AD] on i2c-ELAN06FA:00
[    7.624677] i2c_hid_acpi i2c-WACF2200:00: device did not ack reset within 1000 ms
[    7.694990] input: WACF2200:00 056A:52C6 Touchscreen as /devices/platform/AMDI0010:00/i2c-0/i2c-WACF2200:00/0018:056A:52C6.0003/input/input6
[    7.695213] input: WACF2200:00 056A:52C6 as /devices/platform/AMDI0010:00/i2c-0/i2c-WACF2200:00/0018:056A:52C6.0003/input/input7
[    7.695286] input: WACF2200:00 056A:52C6 Stylus as /devices/platform/AMDI0010:00/i2c-0/i2c-WACF2200:00/0018:056A:52C6.0003/input/input8
[    7.695429] input: WACF2200:00 056A:52C6 as /devices/platform/AMDI0010:00/i2c-0/i2c-WACF2200:00/0018:056A:52C6.0003/input/input9
[    7.695570] input: WACF2200:00 056A:52C6 Mouse as /devices/platform/AMDI0010:00/i2c-0/i2c-WACF2200:00/0018:056A:52C6.0003/input/input10
[    7.695732] hid-generic 0018:056A:52C6.0003: input,hidraw2: I2C HID v1.00 Mouse [WACF2200:00 056A:52C6] on i2c-WACF2200:00
[    7.697638] usbcore: registered new interface driver usbhid
[    7.697649] usbhid: USB HID core driver
[    7.698990] xhci_hcd 0000:04:00.3: xHCI Host Controller
[    7.699080] xhci_hcd 0000:04:00.3: new USB bus registered, assigned bus number 1
[    7.699208] xhci_hcd 0000:04:00.3: hcc params 0x0268ffe5 hci version 0x110 quirks 0x0000020000000410
--
[    7.931022] ucsi_acpi USBC000:00: UCSI_GET_PDOS failed (-5)
[    7.960421] usb 1-4: new high-speed USB device number 2 using xhci_hcd
[    7.960425] usb 3-3: new high-speed USB device number 2 using xhci_hcd
[    8.002426] ucsi_acpi USBC000:00: unknown error 0
[    8.002435] ucsi_acpi USBC000:00: UCSI_GET_PDOS failed (-5)
[    8.116128] usb 3-3: New USB device found, idVendor=27c6, idProduct=55b4, bcdDevice= 1.00
[    8.116139] usb 3-3: New USB device strings: Mfr=1, Product=2, SerialNumber=0
[    8.116146] usb 3-3: Product: Goodix FingerPrint Device
[    8.116152] usb 3-3: Manufacturer: Generic
[    8.151218] usb 1-4: New USB device found, idVendor=5986, idProduct=214d, bcdDevice=57.08
[    8.151230] usb 1-4: New USB device strings: Mfr=1, Product=2, SerialNumber=3
--
[   10.322138] amdgpu 0000:04:00.0: amdgpu: Fetched VBIOS from VFCT
[   10.322143] amdgpu: ATOM BIOS: 113-LUCIENNE-019
[   10.323002] [drm] VCN decode is enabled in VM mode
[   10.323004] [drm] VCN encode is enabled in VM mode
[   10.323344] [drm] JPEG decode is enabled in VM mode
[   10.330981] wacom 0018:056A:52C6.0003: hidraw2: I2C HID v1.00 Mouse [WACF2200:00 056A:52C6] on i2c-WACF2200:00
[   10.331021] input: Wacom HID 52C6 Pen as /devices/platform/AMDI0010:00/i2c-0/i2c-WACF2200:00/0018:056A:52C6.0003/input/input12
[   10.331272] input: Wacom HID 52C6 Finger as /devices/platform/AMDI0010:00/i2c-0/i2c-WACF2200:00/0018:056A:52C6.0003/input/input13
[   10.382473] amdgpu 0000:04:00.0: vgaarb: deactivate vga console
[   10.382493] amdgpu 0000:04:00.0: amdgpu: Trusted Memory Zone (TMZ) feature enabled
[   10.382503] amdgpu 0000:04:00.0: amdgpu: MODE2 reset
[   10.383175] [drm] vm size is 262144 GB, 4 levels, block size is 9-bit, fragment size is 9-bit
[   10.383202] amdgpu 0000:04:00.0: amdgpu: VRAM: 512M 0x000000F400000000 - 0x000000F41FFFFFFF (512M used)
--
[   23.290060] audit: type=1400 audit(1712666039.312:7): apparmor="STATUS" operation="profile_load" profile="unconfined" name="libreoffice-oosplash" pid=775 comm="apparmor_parser"
[   23.291268] audit: type=1400 audit(1712666039.312:8): apparmor="STATUS" operation="profile_load" profile="unconfined" name="/usr/bin/man" pid=773 comm="apparmor_parser"
[   23.291280] audit: type=1400 audit(1712666039.312:9): apparmor="STATUS" operation="profile_load" profile="unconfined" name="man_filter" pid=773 comm="apparmor_parser"
[   23.291285] audit: type=1400 audit(1712666039.312:10): apparmor="STATUS" operation="profile_load" profile="unconfined" name="man_groff" pid=773 comm="apparmor_parser"
[   23.291960] audit: type=1400 audit(1712666039.312:11): apparmor="STATUS" operation="profile_load" profile="unconfined" name="/usr/sbin/chronyd" pid=779 comm="apparmor_parser"
[   23.307845] input: ELAN06FA:00 04F3:31AD Mouse as /devices/platform/AMDI0010:03/i2c-1/i2c-ELAN06FA:00/0018:04F3:31AD.0002/input/input17
[   23.308417] input: ELAN06FA:00 04F3:31AD Touchpad as /devices/platform/AMDI0010:03/i2c-1/i2c-ELAN06FA:00/0018:04F3:31AD.0002/input/input19
[   23.308526] hid-multitouch 0018:04F3:31AD.0002: input,hidraw1: I2C HID v1.00 Mouse [ELAN06FA:00 04F3:31AD] on i2c-ELAN06FA:00
[   23.349486] intel_rapl_common: Found RAPL domain package
[   23.349496] intel_rapl_common: Found RAPL domain core
[   23.355792] Adding 4193784k swap on /dev/mapper/cryptswap.  Priority:-2 extents:1 across:4193784k SS
[   23.419588] mt7921e 0000:02:00.0: enabling device (0000 -> 0002)
[   23.432490] snd_hda_intel 0000:04:00.1: enabling device (0000 -> 0002)
--
[   27.769171] wlp2s0: associated
[   27.861928] wlp2s0: Limiting TX power to 20 (20 - 0) dBm as advertised by ba:21:5e:ec:ff:0a
[   41.246743] rfkill: input handler enabled
[   45.282964] rfkill: input handler disabled
[   56.444159] warning: `nextcloud' uses wireless extensions which will stop working for Wi-Fi 7 hardware; use nl80211
[  145.572655] wacom 0018:056A:52C6.0003: wacom_idleprox_timeout: tool appears to be hung in-prox. forcing it out.
[  145.688402] wacom 0018:056A:52C6.0003: wacom_idleprox_timeout: tool appears to be hung in-prox. forcing it out.
[  164.376405] wacom 0018:056A:52C6.0003: wacom_idleprox_timeout: tool appears to be hung in-prox. forcing it out.
[ 2517.416400] wacom 0018:056A:52C6.0003: wacom_idleprox_timeout: tool appears to be hung in-prox. forcing it out.
[ 2532.733635] wlp2s0: deauthenticating from ba:21:5e:ec:ff:0a by local choice (Reason: 3=DEAUTH_LEAVING)
[ 2533.039037] wlp2s0: authenticate with 5c:a4:8a:1f:12:4f (local address=4c:82:a9:16:cc:01)
[ 2533.203081] wlp2s0: send auth to 5c:a4:8a:1f:12:4f (try 1/3)
[ 2533.204635] wlp2s0: authenticated
[ 2533.205076] wlp2s0: VHT capa missing/short, disabling VHT/HE/EHT
--
[ 3203.889257] amdgpu 0000:04:00.0: amdgpu: ring vcn_dec uses VM inv eng 1 on hub 8
[ 3203.889260] amdgpu 0000:04:00.0: amdgpu: ring vcn_enc0 uses VM inv eng 4 on hub 8
[ 3203.889262] amdgpu 0000:04:00.0: amdgpu: ring vcn_enc1 uses VM inv eng 5 on hub 8
[ 3203.889264] amdgpu 0000:04:00.0: amdgpu: ring jpeg_dec uses VM inv eng 6 on hub 8
[ 3203.961992] nvme nvme0: 8/0/0 default/read/poll queues
[ 3203.967511] i2c_hid_acpi i2c-ELAN06FA:00: i2c_hid_get_input: incomplete report (14/65280)
[ 3204.002132] OOM killer enabled.
[ 3204.002137] Restarting tasks ... done.
[ 3204.005075] random: crng reseeded on system resumption
[ 3204.009515] PM: suspend exit
[ 3206.781149] wlp2s0: authenticate with 5c:a4:8a:68:d1:90 (local address=4c:82:a9:16:cc:01)
