Apr 30 12:40:24 HOSTNAME /usr/libexec/gdm-x-session[1606]: (--) Log file renamed from "/var/lib/gdm3/.local/share/xorg/Xorg.pid-1606.log" to "/var/lib/gdm3/.local/share/xorg/Xorg.0.log"
Apr 30 12:40:24 HOSTNAME /usr/libexec/gdm-x-session[1606]: X.Org X Server 1.21.1.4
Apr 30 12:40:24 HOSTNAME /usr/libexec/gdm-x-session[1606]: X Protocol Version 11, Revision 0
Apr 30 12:40:24 HOSTNAME /usr/libexec/gdm-x-session[1606]: Current Operating System: Linux HOSTNAME 6.2.0-39-generic #40~22.04.1-Ubuntu SMP PREEMPT_DYNAMIC Thu Nov 16 10:53:04 UTC 2 x86_64
Apr 30 12:40:24 HOSTNAME /usr/libexec/gdm-x-session[1606]: Kernel command line: BOOT_IMAGE=/boot/vmlinuz-6.2.0-39-generic root=UUID=8be7d0b8-40cb-48fa-bd65-23c9c490e9d0 ro quiet splash
Apr 30 12:40:24 HOSTNAME /usr/libexec/gdm-x-session[1606]: xorg-server 2:21.1.4-2ubuntu1.7~22.04.10 (For technical support please see http://www.ubuntu.com/support)
Apr 30 12:40:24 HOSTNAME /usr/libexec/gdm-x-session[1606]: Current version of pixman: 0.40.0
Apr 30 12:40:24 HOSTNAME /usr/libexec/gdm-x-session[1606]:         Before reporting problems, check http://wiki.x.org
Apr 30 12:40:24 HOSTNAME /usr/libexec/gdm-x-session[1606]:         to make sure that you have the latest version.
Apr 30 12:40:24 HOSTNAME /usr/libexec/gdm-x-session[1606]: Markers: (--) probed, (**) from config file, (==) default setting,
Apr 30 12:40:24 HOSTNAME /usr/libexec/gdm-x-session[1606]:         (++) from command line, (!!) notice, (II) informational,
Apr 30 12:40:24 HOSTNAME /usr/libexec/gdm-x-session[1606]:         (WW) warning, (EE) error, (NI) not implemented, (??) unknown.
Apr 30 12:40:24 HOSTNAME /usr/libexec/gdm-x-session[1606]: (==) Log file: "/var/lib/gdm3/.local/share/xorg/Xorg.0.log", Time: Tue Apr 30 12:40:24 2024
Apr 30 12:40:24 HOSTNAME /usr/libexec/gdm-x-session[1606]: (==) Using system config directory "/usr/share/X11/xorg.conf.d"
Apr 30 12:40:24 HOSTNAME /usr/libexec/gdm-x-session[1606]: (==) ServerLayout "layout"
Apr 30 12:40:24 HOSTNAME /usr/libexec/gdm-x-session[1606]: (==) No screen section available. Using defaults.
Apr 30 12:40:24 HOSTNAME /usr/libexec/gdm-x-session[1606]: (**) |-->Screen "Default Screen Section" (0)
Apr 30 12:40:24 HOSTNAME /usr/libexec/gdm-x-session[1606]: (**) |   |-->Monitor "<default monitor>"
Apr 30 12:40:24 HOSTNAME /usr/libexec/gdm-x-session[1606]: (==) No monitor specified for screen "Default Screen Section".
Apr 30 12:40:24 HOSTNAME /usr/libexec/gdm-x-session[1606]:         Using a default monitor configuration.
Apr 30 12:40:24 HOSTNAME /usr/libexec/gdm-x-session[1606]: (==) Automatically adding devices
Apr 30 12:40:24 HOSTNAME /usr/libexec/gdm-x-session[1606]: (==) Automatically enabling devices
Apr 30 12:40:24 HOSTNAME /usr/libexec/gdm-x-session[1606]: (==) Automatically adding GPU devices
Apr 30 12:40:24 HOSTNAME /usr/libexec/gdm-x-session[1606]: (==) Automatically binding GPU devices
Apr 30 12:40:24 HOSTNAME /usr/libexec/gdm-x-session[1606]: (==) Max clients allowed: 256, resource mask: 0x1fffff
Apr 30 12:40:24 HOSTNAME /usr/libexec/gdm-x-session[1606]: (WW) The directory "/usr/share/fonts/X11/cyrillic" does not exist.
Apr 30 12:40:24 HOSTNAME /usr/libexec/gdm-x-session[1606]:         Entry deleted from font path.
Apr 30 12:40:24 HOSTNAME /usr/libexec/gdm-x-session[1606]: (WW) The directory "/usr/share/fonts/X11/100dpi/" does not exist.
Apr 30 12:40:24 HOSTNAME /usr/libexec/gdm-x-session[1606]:         Entry deleted from font path.
Apr 30 12:40:24 HOSTNAME /usr/libexec/gdm-x-session[1606]: (WW) The directory "/usr/share/fonts/X11/75dpi/" does not exist.
Apr 30 12:40:24 HOSTNAME /usr/libexec/gdm-x-session[1606]:         Entry deleted from font path.
Apr 30 12:40:24 HOSTNAME /usr/libexec/gdm-x-session[1606]: (WW) The directory "/usr/share/fonts/X11/100dpi" does not exist.
Apr 30 12:40:24 HOSTNAME /usr/libexec/gdm-x-session[1606]:         Entry deleted from font path.
Apr 30 12:40:24 HOSTNAME /usr/libexec/gdm-x-session[1606]: (WW) The directory "/usr/share/fonts/X11/75dpi" does not exist.
Apr 30 12:40:24 HOSTNAME /usr/libexec/gdm-x-session[1606]:         Entry deleted from font path.
Apr 30 12:40:24 HOSTNAME /usr/libexec/gdm-x-session[1606]: (==) FontPath set to:
Apr 30 12:40:24 HOSTNAME /usr/libexec/gdm-x-session[1606]:         /usr/share/fonts/X11/misc,
Apr 30 12:40:24 HOSTNAME /usr/libexec/gdm-x-session[1606]:         /usr/share/fonts/X11/Type1,
Apr 30 12:40:24 HOSTNAME /usr/libexec/gdm-x-session[1606]:         built-ins
Apr 30 12:40:24 HOSTNAME /usr/libexec/gdm-x-session[1606]: (==) ModulePath set to "/usr/lib/xorg/modules"
Apr 30 12:40:24 HOSTNAME /usr/libexec/gdm-x-session[1606]: (II) The server relies on udev to provide the list of input devices.
Apr 30 12:40:24 HOSTNAME /usr/libexec/gdm-x-session[1606]:         If no devices become available, reconfigure udev or disable AutoAddDevices.
Apr 30 12:40:24 HOSTNAME /usr/libexec/gdm-x-session[1606]: (II) Loader magic: 0x55a5a8e77020
Apr 30 12:40:24 HOSTNAME /usr/libexec/gdm-x-session[1606]: (II) Module ABI versions:
Apr 30 12:40:24 HOSTNAME /usr/libexec/gdm-x-session[1606]:         X.Org ANSI C Emulation: 0.4
Apr 30 12:40:24 HOSTNAME /usr/libexec/gdm-x-session[1606]:         X.Org Video Driver: 25.2
Apr 30 12:40:24 HOSTNAME /usr/libexec/gdm-x-session[1606]:         X.Org XInput driver : 24.4
Apr 30 12:40:24 HOSTNAME /usr/libexec/gdm-x-session[1606]:         X.Org Server Extension : 10.0
Apr 30 12:40:24 HOSTNAME /usr/libexec/gdm-x-session[1606]: (++) using VT number 1
Apr 30 12:40:24 HOSTNAME /usr/libexec/gdm-x-session[1606]: (II) systemd-logind: took control of session /org/freedesktop/login1/session/c1
Apr 30 12:40:24 HOSTNAME /usr/libexec/gdm-x-session[1606]: (II) xfree86: Adding drm device (/dev/dri/card0)
Apr 30 12:40:24 HOSTNAME /usr/libexec/gdm-x-session[1606]: (II) Platform probe for /sys/devices/pci0000:00/0000:00:02.0/drm/card0
Apr 30 12:40:24 HOSTNAME /usr/libexec/gdm-x-session[1606]: (II) systemd-logind: got fd for /dev/dri/card0 226:0 fd 14 paused 0
Apr 30 12:40:24 HOSTNAME /usr/libexec/gdm-x-session[1606]: (II) xfree86: Adding drm device (/dev/dri/card1)
Apr 30 12:40:24 HOSTNAME /usr/libexec/gdm-x-session[1606]: (II) Platform probe for /sys/devices/pci0000:00/0000:00:1c.4/0000:5b:00.0/drm/card1
Apr 30 12:40:24 HOSTNAME /usr/libexec/gdm-x-session[1606]: (II) systemd-logind: got fd for /dev/dri/card1 226:1 fd 15 paused 0
Apr 30 12:40:24 HOSTNAME /usr/libexec/gdm-x-session[1606]: (**) OutputClass "nvidia" ModulePath extended to "/usr/lib/x86_64-linux-gnu/nvidia/xorg,/usr/lib/xorg/modules"
Apr 30 12:40:24 HOSTNAME /usr/libexec/gdm-x-session[1606]: (--) PCI:*(0@0:2:0) 8086:9a49:1462:1302 rev 3, Mem @ 0x6052000000/16777216, 0x4000000000/268435456, I/O @ 0x00004000/64, BIOS @ 0x????????/131072
Apr 30 12:40:24 HOSTNAME /usr/libexec/gdm-x-session[1606]: (--) PCI: (91@0:0:0) 10de:1f9d:1462:1302 rev 161, Mem @ 0x85000000/16777216, 0x6040000000/268435456, 0x6050000000/33554432, I/O @ 0x00003000/128, BIOS @ 0x????????/524288
Apr 30 12:40:24 HOSTNAME /usr/libexec/gdm-x-session[1606]: (II) LoadModule: "glx"
Apr 30 12:40:24 HOSTNAME /usr/libexec/gdm-x-session[1606]: (II) Loading /usr/lib/xorg/modules/extensions/libglx.so
Apr 30 12:40:24 HOSTNAME /usr/libexec/gdm-x-session[1606]: (II) Module glx: vendor="X.Org Foundation"
Apr 30 12:40:24 HOSTNAME /usr/libexec/gdm-x-session[1606]:         compiled for 1.21.1.4, module version = 1.0.0
Apr 30 12:40:24 HOSTNAME /usr/libexec/gdm-x-session[1606]:         ABI class: X.Org Server Extension, version 10.0
Apr 30 12:40:24 HOSTNAME /usr/libexec/gdm-x-session[1606]: (II) Applying OutputClass "nvidia" to /dev/dri/card1
Apr 30 12:40:24 HOSTNAME /usr/libexec/gdm-x-session[1606]:         loading driver: nvidia
Apr 30 12:40:24 HOSTNAME /usr/libexec/gdm-x-session[1606]: (==) Matched nvidia as autoconfigured driver 0
Apr 30 12:40:24 HOSTNAME /usr/libexec/gdm-x-session[1606]: (==) Matched nouveau as autoconfigured driver 1
Apr 30 12:40:24 HOSTNAME /usr/libexec/gdm-x-session[1606]: (==) Matched modesetting as autoconfigured driver 2
Apr 30 12:40:24 HOSTNAME /usr/libexec/gdm-x-session[1606]: (==) Matched fbdev as autoconfigured driver 3
Apr 30 12:40:24 HOSTNAME /usr/libexec/gdm-x-session[1606]: (==) Matched vesa as autoconfigured driver 4
Apr 30 12:40:24 HOSTNAME /usr/libexec/gdm-x-session[1606]: (==) Assigned the driver to the xf86ConfigLayout
Apr 30 12:40:24 HOSTNAME /usr/libexec/gdm-x-session[1606]: (II) LoadModule: "nvidia"
Apr 30 12:40:24 HOSTNAME /usr/libexec/gdm-x-session[1606]: (II) Loading /usr/lib/x86_64-linux-gnu/nvidia/xorg/nvidia_drv.so
Apr 30 12:40:24 HOSTNAME /usr/libexec/gdm-x-session[1606]: (II) Module nvidia: vendor="NVIDIA Corporation"
Apr 30 12:40:24 HOSTNAME /usr/libexec/gdm-x-session[1606]:         compiled for 1.6.99.901, module version = 1.0.0
Apr 30 12:40:24 HOSTNAME /usr/libexec/gdm-x-session[1606]:         Module class: X.Org Video Driver
Apr 30 12:40:24 HOSTNAME /usr/libexec/gdm-x-session[1606]: (II) LoadModule: "nouveau"
Apr 30 12:40:24 HOSTNAME /usr/libexec/gdm-x-session[1606]: (II) Loading /usr/lib/xorg/modules/drivers/nouveau_drv.so
Apr 30 12:40:24 HOSTNAME /usr/libexec/gdm-x-session[1606]: (II) Module nouveau: vendor="X.Org Foundation"
Apr 30 12:40:24 HOSTNAME /usr/libexec/gdm-x-session[1606]:         compiled for 1.21.1.3, module version = 1.0.17
Apr 30 12:40:24 HOSTNAME /usr/libexec/gdm-x-session[1606]:         Module class: X.Org Video Driver
Apr 30 12:40:24 HOSTNAME /usr/libexec/gdm-x-session[1606]:         ABI class: X.Org Video Driver, version 25.2
Apr 30 12:40:24 HOSTNAME /usr/libexec/gdm-x-session[1606]: (II) LoadModule: "modesetting"
Apr 30 12:40:24 HOSTNAME /usr/libexec/gdm-x-session[1606]: (II) Loading /usr/lib/xorg/modules/drivers/modesetting_drv.so
Apr 30 12:40:24 HOSTNAME /usr/libexec/gdm-x-session[1606]: (II) Module modesetting: vendor="X.Org Foundation"
Apr 30 12:40:24 HOSTNAME /usr/libexec/gdm-x-session[1606]:         compiled for 1.21.1.4, module version = 1.21.1
Apr 30 12:40:24 HOSTNAME /usr/libexec/gdm-x-session[1606]:         Module class: X.Org Video Driver
Apr 30 12:40:24 HOSTNAME /usr/libexec/gdm-x-session[1606]:         ABI class: X.Org Video Driver, version 25.2
Apr 30 12:40:24 HOSTNAME /usr/libexec/gdm-x-session[1606]: (II) LoadModule: "fbdev"
Apr 30 12:40:24 HOSTNAME /usr/libexec/gdm-x-session[1606]: (II) Loading /usr/lib/xorg/modules/drivers/fbdev_drv.so
Apr 30 12:40:24 HOSTNAME /usr/libexec/gdm-x-session[1606]: (II) Module fbdev: vendor="X.Org Foundation"
Apr 30 12:40:24 HOSTNAME /usr/libexec/gdm-x-session[1606]:         compiled for 1.21.1.3, module version = 0.5.0
Apr 30 12:40:24 HOSTNAME /usr/libexec/gdm-x-session[1606]:         Module class: X.Org Video Driver
Apr 30 12:40:24 HOSTNAME /usr/libexec/gdm-x-session[1606]:         ABI class: X.Org Video Driver, version 25.2
Apr 30 12:40:24 HOSTNAME /usr/libexec/gdm-x-session[1606]: (II) LoadModule: "vesa"
Apr 30 12:40:24 HOSTNAME /usr/libexec/gdm-x-session[1606]: (II) Loading /usr/lib/xorg/modules/drivers/vesa_drv.so
Apr 30 12:40:24 HOSTNAME /usr/libexec/gdm-x-session[1606]: (II) Module vesa: vendor="X.Org Foundation"
Apr 30 12:40:24 HOSTNAME /usr/libexec/gdm-x-session[1606]:         compiled for 1.21.1.3, module version = 2.5.0
Apr 30 12:40:24 HOSTNAME /usr/libexec/gdm-x-session[1606]:         Module class: X.Org Video Driver
Apr 30 12:40:24 HOSTNAME /usr/libexec/gdm-x-session[1606]:         ABI class: X.Org Video Driver, version 25.2
Apr 30 12:40:24 HOSTNAME /usr/libexec/gdm-x-session[1606]: (II) NVIDIA dlloader X Driver  535.171.04  Tue Mar 19 20:33:21 UTC 2024
Apr 30 12:40:24 HOSTNAME /usr/libexec/gdm-x-session[1606]: (II) NVIDIA Unified Driver for all Supported NVIDIA GPUs
Apr 30 12:40:24 HOSTNAME /usr/libexec/gdm-x-session[1606]: (II) NOUVEAU driver Date:   Sat Jan 23 12:24:42 2021 -0500
Apr 30 12:40:24 HOSTNAME /usr/libexec/gdm-x-session[1606]: (II) NOUVEAU driver for NVIDIA chipset families :
Apr 30 12:40:24 HOSTNAME /usr/libexec/gdm-x-session[1606]:         RIVA TNT            (NV04)
Apr 30 12:40:24 HOSTNAME /usr/libexec/gdm-x-session[1606]:         RIVA TNT2           (NV05)
Apr 30 12:40:24 HOSTNAME /usr/libexec/gdm-x-session[1606]:         GeForce 256         (NV10)
Apr 30 12:40:24 HOSTNAME /usr/libexec/gdm-x-session[1606]:         GeForce 2           (NV11, NV15)
Apr 30 12:40:24 HOSTNAME /usr/libexec/gdm-x-session[1606]:         GeForce 4MX         (NV17, NV18)
Apr 30 12:40:24 HOSTNAME /usr/libexec/gdm-x-session[1606]:         GeForce 3           (NV20)
Apr 30 12:40:24 HOSTNAME /usr/libexec/gdm-x-session[1606]:         GeForce 4Ti         (NV25, NV28)
Apr 30 12:40:24 HOSTNAME /usr/libexec/gdm-x-session[1606]:         GeForce FX          (NV3x)
Apr 30 12:40:24 HOSTNAME /usr/libexec/gdm-x-session[1606]:         GeForce 6           (NV4x)
Apr 30 12:40:24 HOSTNAME /usr/libexec/gdm-x-session[1606]:         GeForce 7           (G7x)
Apr 30 12:40:24 HOSTNAME /usr/libexec/gdm-x-session[1606]:         GeForce 8           (G8x)
Apr 30 12:40:24 HOSTNAME /usr/libexec/gdm-x-session[1606]:         GeForce 9           (G9x)
Apr 30 12:40:24 HOSTNAME /usr/libexec/gdm-x-session[1606]:         GeForce GTX 2xx/3xx (GT2xx)
Apr 30 12:40:24 HOSTNAME /usr/libexec/gdm-x-session[1606]:         GeForce GTX 4xx/5xx (GFxxx)
Apr 30 12:40:24 HOSTNAME /usr/libexec/gdm-x-session[1606]:         GeForce GTX 6xx/7xx (GKxxx)
Apr 30 12:40:24 HOSTNAME /usr/libexec/gdm-x-session[1606]:         GeForce GTX 9xx     (GMxxx)
Apr 30 12:40:24 HOSTNAME /usr/libexec/gdm-x-session[1606]:         GeForce GTX 10xx    (GPxxx)
Apr 30 12:40:24 HOSTNAME /usr/libexec/gdm-x-session[1606]: (II) modesetting: Driver for Modesetting Kernel Drivers: kms
Apr 30 12:40:24 HOSTNAME /usr/libexec/gdm-x-session[1606]: (II) FBDEV: driver for framebuffer: fbdev
Apr 30 12:40:24 HOSTNAME /usr/libexec/gdm-x-session[1606]: (II) VESA: driver for VESA chipsets: vesa
Apr 30 12:40:24 HOSTNAME /usr/libexec/gdm-x-session[1606]: xf86EnableIO: failed to enable I/O ports 0000-03ff (Operation not permitted)
Apr 30 12:40:24 HOSTNAME /usr/libexec/gdm-x-session[1606]: (II) modeset(0): using drv /dev/dri/card0
Apr 30 12:40:24 HOSTNAME /usr/libexec/gdm-x-session[1606]: (WW) Falling back to old probe method for fbdev
Apr 30 12:40:24 HOSTNAME /usr/libexec/gdm-x-session[1606]: (II) Loading sub module "fbdevhw"
Apr 30 12:40:24 HOSTNAME /usr/libexec/gdm-x-session[1606]: (II) LoadModule: "fbdevhw"
Apr 30 12:40:24 HOSTNAME /usr/libexec/gdm-x-session[1606]: (II) Loading /usr/lib/xorg/modules/libfbdevhw.so
Apr 30 12:40:24 HOSTNAME /usr/libexec/gdm-x-session[1606]: (II) Module fbdevhw: vendor="X.Org Foundation"
Apr 30 12:40:24 HOSTNAME /usr/libexec/gdm-x-session[1606]:         compiled for 1.21.1.4, module version = 0.0.2
Apr 30 12:40:24 HOSTNAME /usr/libexec/gdm-x-session[1606]:         ABI class: X.Org Video Driver, version 25.2
Apr 30 12:40:24 HOSTNAME /usr/libexec/gdm-x-session[1606]: (EE) open /dev/fb0: Permission denied
Apr 30 12:40:24 HOSTNAME /usr/libexec/gdm-x-session[1606]: (II) systemd-logind: releasing fd for 226:1
Apr 30 12:40:24 HOSTNAME /usr/libexec/gdm-x-session[1606]: (II) Loading sub module "fb"
Apr 30 12:40:24 HOSTNAME /usr/libexec/gdm-x-session[1606]: (II) LoadModule: "fb"
Apr 30 12:40:24 HOSTNAME /usr/libexec/gdm-x-session[1606]: (II) Module "fb" already built-in
Apr 30 12:40:24 HOSTNAME /usr/libexec/gdm-x-session[1606]: (II) Loading sub module "wfb"
Apr 30 12:40:24 HOSTNAME /usr/libexec/gdm-x-session[1606]: (II) LoadModule: "wfb"
Apr 30 12:40:24 HOSTNAME /usr/libexec/gdm-x-session[1606]: (II) Loading /usr/lib/xorg/modules/libwfb.so
Apr 30 12:40:24 HOSTNAME /usr/libexec/gdm-x-session[1606]: (II) Module wfb: vendor="X.Org Foundation"
Apr 30 12:40:24 HOSTNAME /usr/libexec/gdm-x-session[1606]:         compiled for 1.21.1.4, module version = 1.0.0
Apr 30 12:40:24 HOSTNAME /usr/libexec/gdm-x-session[1606]:         ABI class: X.Org ANSI C Emulation, version 0.4
Apr 30 12:40:24 HOSTNAME /usr/libexec/gdm-x-session[1606]: (EE) NVIDIA: Failed to initialize the NVIDIA kernel module. Please see the
Apr 30 12:40:24 HOSTNAME /usr/libexec/gdm-x-session[1606]: (EE) NVIDIA:     system's kernel log for additional error messages and
Apr 30 12:40:24 HOSTNAME /usr/libexec/gdm-x-session[1606]: (EE) NVIDIA:     consult the NVIDIA README for details.
Apr 30 12:40:24 HOSTNAME /usr/libexec/gdm-x-session[1606]: (EE) [drm] Failed to open DRM device for (null): -2
Apr 30 12:40:24 HOSTNAME /usr/libexec/gdm-x-session[1606]: (II) modeset(G0): using drv /dev/dri/card1
Apr 30 12:40:24 HOSTNAME /usr/libexec/gdm-x-session[1606]: (WW) VGA arbiter: cannot open kernel arbiter, no multi-card support
Apr 30 12:40:24 HOSTNAME /usr/libexec/gdm-x-session[1606]: (II) modeset(0): Creating default Display subsection in Screen section
Apr 30 12:40:24 HOSTNAME /usr/libexec/gdm-x-session[1606]:         "Default Screen Section" for depth/fbbpp 24/32
Apr 30 12:40:24 HOSTNAME /usr/libexec/gdm-x-session[1606]: (==) modeset(0): Depth 24, (==) framebuffer bpp 32
Apr 30 12:40:24 HOSTNAME /usr/libexec/gdm-x-session[1606]: (==) modeset(0): RGB weight 888
Apr 30 12:40:24 HOSTNAME /usr/libexec/gdm-x-session[1606]: (==) modeset(0): Default visual is TrueColor
Apr 30 12:40:24 HOSTNAME /usr/libexec/gdm-x-session[1606]: (II) Loading sub module "glamoregl"
Apr 30 12:40:24 HOSTNAME /usr/libexec/gdm-x-session[1606]: (II) LoadModule: "glamoregl"
Apr 30 12:40:24 HOSTNAME /usr/libexec/gdm-x-session[1606]: (II) Loading /usr/lib/xorg/modules/libglamoregl.so
Apr 30 12:40:24 HOSTNAME /usr/libexec/gdm-x-session[1606]: (II) Module glamoregl: vendor="X.Org Foundation"
Apr 30 12:40:24 HOSTNAME /usr/libexec/gdm-x-session[1606]:         compiled for 1.21.1.4, module version = 1.0.1
Apr 30 12:40:24 HOSTNAME /usr/libexec/gdm-x-session[1606]:         ABI class: X.Org ANSI C Emulation, version 0.4
Apr 30 12:40:24 HOSTNAME /usr/libexec/gdm-x-session[1606]: (II) modeset(0): glamor X acceleration enabled on Mesa Intel(R) Xe Graphics (TGL GT2)
Apr 30 12:40:24 HOSTNAME /usr/libexec/gdm-x-session[1606]: (II) modeset(0): glamor initialized
Apr 30 12:40:24 HOSTNAME /usr/libexec/gdm-x-session[1606]: (==) modeset(0): VariableRefresh: disabled
Apr 30 12:40:24 HOSTNAME /usr/libexec/gdm-x-session[1606]: (==) modeset(0): AsyncFlipSecondaries: disabled
Apr 30 12:40:24 HOSTNAME /usr/libexec/gdm-x-session[1606]: (II) modeset(0): Output eDP-1 has no monitor section
Apr 30 12:40:24 HOSTNAME /usr/libexec/gdm-x-session[1606]: (II) modeset(0): Output DP-1 has no monitor section
Apr 30 12:40:24 HOSTNAME /usr/libexec/gdm-x-session[1606]: (II) modeset(0): Output DP-2 has no monitor section
Apr 30 12:40:24 HOSTNAME /usr/libexec/gdm-x-session[1606]: (II) modeset(0): Output DP-3 has no monitor section
Apr 30 12:40:24 HOSTNAME /usr/libexec/gdm-x-session[1606]: (II) modeset(0): Output DP-4 has no monitor section
Apr 30 12:40:24 HOSTNAME /usr/libexec/gdm-x-session[1606]: (II) modeset(0): EDID for output eDP-1
Apr 30 12:40:24 HOSTNAME /usr/libexec/gdm-x-session[1606]: (II) modeset(0): Manufacturer: AUO  Model: 123b  Serial#: 0
Apr 30 12:40:24 HOSTNAME /usr/libexec/gdm-x-session[1606]: (II) modeset(0): Year: 2018  Week: 35
Apr 30 12:40:24 HOSTNAME /usr/libexec/gdm-x-session[1606]: (II) modeset(0): EDID Version: 1.4
Apr 30 12:40:24 HOSTNAME /usr/libexec/gdm-x-session[1606]: (II) modeset(0): Digital Display Input
Apr 30 12:40:24 HOSTNAME /usr/libexec/gdm-x-session[1606]: (II) modeset(0): 10 bits per channel
Apr 30 12:40:24 HOSTNAME /usr/libexec/gdm-x-session[1606]: (II) modeset(0): Digital interface is DisplayPort
Apr 30 12:40:24 HOSTNAME /usr/libexec/gdm-x-session[1606]: (II) modeset(0): Max Image Size [cm]: horiz.: 31  vert.: 17
Apr 30 12:40:24 HOSTNAME /usr/libexec/gdm-x-session[1606]: (II) modeset(0): Gamma: 2.20
Apr 30 12:40:24 HOSTNAME /usr/libexec/gdm-x-session[1606]: (II) modeset(0): No DPMS capabilities specified
Apr 30 12:40:24 HOSTNAME /usr/libexec/gdm-x-session[1606]: (II) modeset(0): Supported color encodings: RGB 4:4:4
Apr 30 12:40:24 HOSTNAME /usr/libexec/gdm-x-session[1606]: (II) modeset(0): First detailed timing is preferred mode
Apr 30 12:40:24 HOSTNAME /usr/libexec/gdm-x-session[1606]: (II) modeset(0): Preferred mode is native pixel format and refresh rate
Apr 30 12:40:24 HOSTNAME /usr/libexec/gdm-x-session[1606]: (II) modeset(0): Display is continuous-frequency
Apr 30 12:40:24 HOSTNAME /usr/libexec/gdm-x-session[1606]: (II) modeset(0): redX: 0.640 redY: 0.330   greenX: 0.210 greenY: 0.710
Apr 30 12:40:24 HOSTNAME /usr/libexec/gdm-x-session[1606]: (II) modeset(0): blueX: 0.150 blueY: 0.060   whiteX: 0.313 whiteY: 0.329
Apr 30 12:40:24 HOSTNAME /usr/libexec/gdm-x-session[1606]: (II) modeset(0): Manufacturer's mask: 0
Apr 30 12:40:24 HOSTNAME /usr/libexec/gdm-x-session[1606]: (II) modeset(0): Supported detailed timing:
Apr 30 12:40:24 HOSTNAME /usr/libexec/gdm-x-session[1606]: (II) modeset(0): clock: 533.5 MHz   Image Size:  309 x 173 mm
Apr 30 12:40:24 HOSTNAME /usr/libexec/gdm-x-session[1606]: (II) modeset(0): h_active: 3840  h_sync: 3888  h_sync_end 3920 h_blank_end 4000 h_border: 0
Apr 30 12:40:24 HOSTNAME /usr/libexec/gdm-x-session[1606]: (II) modeset(0): v_active: 2160  v_sync: 2163  v_sync_end 2168 v_blanking: 2222 v_border: 0
Apr 30 12:40:24 HOSTNAME /usr/libexec/gdm-x-session[1606]: (II) modeset(0): Supported detailed timing:
Apr 30 12:40:24 HOSTNAME /usr/libexec/gdm-x-session[1606]: (II) modeset(0): clock: 355.7 MHz   Image Size:  309 x 173 mm
Apr 30 12:40:24 HOSTNAME /usr/libexec/gdm-x-session[1606]: (II) modeset(0): h_active: 3840  h_sync: 3888  h_sync_end 3920 h_blank_end 4000 h_border: 0
Apr 30 12:40:24 HOSTNAME /usr/libexec/gdm-x-session[1606]: (II) modeset(0): v_active: 2160  v_sync: 2163  v_sync_end 2168 v_blanking: 2222 v_border: 0
Apr 30 12:40:24 HOSTNAME /usr/libexec/gdm-x-session[1606]: (II) modeset(0): Unknown vendor-specific block 3
Apr 30 12:40:24 HOSTNAME /usr/libexec/gdm-x-session[1606]: (II) modeset(0): EDID (in hex):
Apr 30 12:40:24 HOSTNAME /usr/libexec/gdm-x-session[1606]: (II) modeset(0):         00ffffffffffff0006af3b1200000000
Apr 30 12:40:24 HOSTNAME /usr/libexec/gdm-x-session[1606]: (II) modeset(0):         231c0104b51f117803ef95a35435b526
Apr 30 12:40:24 HOSTNAME /usr/libexec/gdm-x-session[1606]: (II) modeset(0):         0f505400000001010101010101010101
Apr 30 12:40:24 HOSTNAME /usr/libexec/gdm-x-session[1606]: (II) modeset(0):         01010101010166d000a0f0703e803020
Apr 30 12:40:24 HOSTNAME /usr/libexec/gdm-x-session[1606]: (II) modeset(0):         350035ad10000018ef8a00a0f0703e80
Apr 30 12:40:24 HOSTNAME /usr/libexec/gdm-x-session[1606]: (II) modeset(0):         3020350035ad10000018000000000000
Apr 30 12:40:24 HOSTNAME /usr/libexec/gdm-x-session[1606]: (II) modeset(0):         00000000000000000000000000000003
Apr 30 12:40:24 HOSTNAME /usr/libexec/gdm-x-session[1606]: (II) modeset(0):         001422ff193c2c2a11582c010120002f
Apr 30 12:40:24 HOSTNAME /usr/libexec/gdm-x-session[1606]: (II) modeset(0): Printing probed modes for output eDP-1
Apr 30 12:40:24 HOSTNAME /usr/libexec/gdm-x-session[1606]: (II) modeset(0): Modeline "3840x2160"x60.0  533.50  3840 3888 3920 4000  2160 2163 2168 2222 -hsync -vsync (133.4 kHz eP)
Apr 30 12:40:24 HOSTNAME /usr/libexec/gdm-x-session[1606]: (II) modeset(0): Modeline "3840x2160"x60.0  533.50  3840 3888 3920 4000  2160 2163 2168 2222 +hsync -vsync (133.4 kHz d)
Apr 30 12:40:24 HOSTNAME /usr/libexec/gdm-x-session[1606]: (II) modeset(0): Modeline "3840x2160"x40.0  355.67  3840 3888 3920 4000  2160 2163 2168 2222 -hsync -vsync (88.9 kHz e)
Apr 30 12:40:24 HOSTNAME /usr/libexec/gdm-x-session[1606]: (II) modeset(0): Modeline "3200x1800"x60.0  373.52  3200 3248 3280 3360  1800 1803 1808 1852 +hsync -vsync (111.2 kHz d)
Apr 30 12:40:24 HOSTNAME /usr/libexec/gdm-x-session[1606]: (II) modeset(0): Modeline "2880x1620"x60.0  304.00  2880 2928 2960 3040  1620 1623 1628 1666 +hsync -vsync (100.0 kHz d)
Apr 30 12:40:24 HOSTNAME /usr/libexec/gdm-x-session[1606]: (II) modeset(0): Modeline "2560x1600"x60.0  268.74  2560 2608 2640 2720  1600 1603 1609 1646 +hsync -vsync (98.8 kHz d)
Apr 30 12:40:24 HOSTNAME /usr/libexec/gdm-x-session[1606]: (II) modeset(0): Modeline "2560x1440"x60.0  241.80  2560 2608 2640 2720  1440 1443 1448 1481 +hsync -vsync (88.9 kHz d)
Apr 30 12:40:24 HOSTNAME /usr/libexec/gdm-x-session[1606]: (II) modeset(0): Modeline "2048x1536"x60.0  267.06  2048 2200 2424 2800  1536 1537 1540 1589 -hsync +vsync (95.4 kHz d)
Apr 30 12:40:24 HOSTNAME /usr/libexec/gdm-x-session[1606]: (II) modeset(0): Modeline "1920x1440"x60.0  234.10  1920 2048 2256 2600  1440 1441 1444 1500 -hsync +vsync (90.0 kHz d)
Apr 30 12:40:24 HOSTNAME /usr/libexec/gdm-x-session[1606]: (II) modeset(0): Modeline "1856x1392"x60.0  218.36  1856 1952 2176 2528  1392 1393 1396 1439 -hsync +vsync (86.4 kHz d)
Apr 30 12:40:24 HOSTNAME /usr/libexec/gdm-x-session[1606]: (II) modeset(0): Modeline "1792x1344"x60.0  204.84  1792 1920 2120 2448  1344 1345 1348 1394 -hsync +vsync (83.7 kHz d)
Apr 30 12:40:24 HOSTNAME /usr/libexec/gdm-x-session[1606]: (II) modeset(0): Modeline "2048x1152"x60.0  157.05  2048 2096 2128 2208  1152 1155 1160 1185 +hsync -vsync (71.1 kHz d)
Apr 30 12:40:24 HOSTNAME /usr/libexec/gdm-x-session[1606]: (II) modeset(0): Modeline "1920x1200"x60.0  154.19  1920 1968 2000 2080  1200 1203 1209 1235 +hsync -vsync (74.1 kHz d)
Apr 30 12:40:24 HOSTNAME /usr/libexec/gdm-x-session[1606]: (II) modeset(0): Modeline "1920x1080"x60.0  138.71  1920 1968 2000 2080  1080 1083 1088 1111 +hsync -vsync (66.7 kHz d)
Apr 30 12:40:24 HOSTNAME /usr/libexec/gdm-x-session[1606]: (II) modeset(0): Modeline "1600x1200"x60.0  162.07  1600 1664 1856 2160  1200 1201 1204 1250 +hsync +vsync (75.0 kHz d)
Apr 30 12:40:24 HOSTNAME /usr/libexec/gdm-x-session[1606]: (II) modeset(0): Modeline "1680x1050"x60.0  119.28  1680 1728 1760 1840  1050 1053 1059 1080 +hsync -vsync (64.8 kHz d)
Apr 30 12:40:24 HOSTNAME /usr/libexec/gdm-x-session[1606]: (II) modeset(0): Modeline "1400x1050"x60.0  122.10  1400 1488 1640 1880  1050 1052 1064 1082 +hsync +vsync (64.9 kHz d)
Apr 30 12:40:24 HOSTNAME /usr/libexec/gdm-x-session[1606]: (II) modeset(0): Modeline "1600x900"x60.0   97.83  1600 1648 1680 1760  900 903 908 926 +hsync -vsync (55.6 kHz d)
Apr 30 12:40:24 HOSTNAME /usr/libexec/gdm-x-session[1606]: (II) modeset(0): Modeline "1280x1024"x60.0  108.01  1280 1328 1440 1688  1024 1025 1028 1066 +hsync +vsync (64.0 kHz d)
Apr 30 12:40:24 HOSTNAME /usr/libexec/gdm-x-session[1606]: (II) modeset(0): Modeline "1400x900"x60.0   86.71  1400 1448 1480 1560  900 903 913 926 +hsync -vsync (55.6 kHz d)
Apr 30 12:40:24 HOSTNAME /usr/libexec/gdm-x-session[1606]: (II) modeset(0): Modeline "1280x960"x60.0  108.04  1280 1376 1488 1800  960 961 964 1000 +hsync +vsync (60.0 kHz d)
Apr 30 12:40:24 HOSTNAME /usr/libexec/gdm-x-session[1606]: (II) modeset(0): Modeline "1440x810"x60.0  152.00  1440 1464 1480 1520  810 811 814 833 doublescan +hsync -vsync (100.0 kHz d)
Apr 30 12:40:24 HOSTNAME /usr/libexec/gdm-x-session[1606]: (II) modeset(0): Modeline "1368x768"x60.0   72.46  1368 1416 1448 1528  768 771 781 790 +hsync -vsync (47.4 kHz d)
Apr 30 12:40:24 HOSTNAME /usr/libexec/gdm-x-session[1606]: (II) modeset(0): Modeline "1280x800"x60.0   71.14  1280 1328 1360 1440  800 803 809 823 +hsync -vsync (49.4 kHz d)
Apr 30 12:40:24 HOSTNAME /usr/libexec/gdm-x-session[1606]: (II) modeset(0): Modeline "1280x720"x60.0   64.05  1280 1328 1360 1440  720 723 728 741 +hsync -vsync (44.5 kHz d)
Apr 30 12:40:24 HOSTNAME /usr/libexec/gdm-x-session[1606]: (II) modeset(0): Modeline "1024x768"x60.0   65.02  1024 1048 1184 1344  768 771 777 806 -hsync -vsync (48.4 kHz d)
Apr 30 12:40:24 HOSTNAME /usr/libexec/gdm-x-session[1606]: (II) modeset(0): Modeline "960x720"x60.0  117.05  960 1024 1128 1300  720 720 722 750 doublescan -hsync +vsync (90.0 kHz d)
Apr 30 12:40:24 HOSTNAME /usr/libexec/gdm-x-session[1606]: (II) modeset(0): Modeline "928x696"x60.0  109.10  928 976 1088 1264  696 696 698 719 doublescan -hsync +vsync (86.3 kHz d)
Apr 30 12:40:24 HOSTNAME /usr/libexec/gdm-x-session[1606]: (II) modeset(0): Modeline "896x672"x60.0  102.42  896 960 1060 1224  672 672 674 697 doublescan -hsync +vsync (83.7 kHz d)
Apr 30 12:40:24 HOSTNAME /usr/libexec/gdm-x-session[1606]: (II) modeset(0): Modeline "1024x576"x60.0   42.14  1024 1072 1104 1184  576 579 584 593 +hsync -vsync (35.6 kHz d)
Apr 30 12:40:24 HOSTNAME /usr/libexec/gdm-x-session[1606]: (II) modeset(0): Modeline "960x600"x60.0   77.03  960 984 1000 1040  600 601 604 617 doublescan +hsync -vsync (74.1 kHz d)
Apr 30 12:40:24 HOSTNAME /usr/libexec/gdm-x-session[1606]: (II) modeset(0): Modeline "960x540"x60.0   37.38  960 1008 1040 1120  540 543 548 556 +hsync -vsync (33.4 kHz d)
Apr 30 12:40:24 HOSTNAME /usr/libexec/gdm-x-session[1606]: (II) modeset(0): Modeline "800x600"x60.0   38.41  800 824 896 1024  600 601 603 625 +hsync +vsync (37.5 kHz d)
Apr 30 12:40:24 HOSTNAME /usr/libexec/gdm-x-session[1606]: (II) modeset(0): Modeline "840x525"x60.0   59.64  840 864 880 920  525 526 529 540 doublescan +hsync -vsync (64.8 kHz d)
Apr 30 12:40:24 HOSTNAME /usr/libexec/gdm-x-session[1606]: (II) modeset(0): Modeline "864x486"x60.0   30.73  864 912 944 1024  486 489 494 500 +hsync -vsync (30.0 kHz d)
Apr 30 12:40:24 HOSTNAME /usr/libexec/gdm-x-session[1606]: (II) modeset(0): Modeline "700x525"x60.0   61.05  700 744 820 940  525 526 532 541 doublescan +hsync +vsync (64.9 kHz d)
Apr 30 12:40:24 HOSTNAME /usr/libexec/gdm-x-session[1606]: (II) modeset(0): Modeline "800x450"x60.0   48.91  800 824 840 880  450 451 454 463 doublescan +hsync -vsync (55.6 kHz d)
Apr 30 12:40:24 HOSTNAME /usr/libexec/gdm-x-session[1606]: (II) modeset(0): Modeline "640x512"x60.0   54.00  640 664 720 844  512 512 514 533 doublescan +hsync +vsync (64.0 kHz d)
Apr 30 12:40:24 HOSTNAME /usr/libexec/gdm-x-session[1606]: (II) modeset(0): Modeline "700x450"x60.0   43.35  700 724 740 780  450 451 456 463 doublescan +hsync -vsync (55.6 kHz d)
Apr 30 12:40:24 HOSTNAME /usr/libexec/gdm-x-session[1606]: (II) modeset(0): Modeline "640x480"x60.0   25.21  640 656 752 800  480 490 492 525 -hsync -vsync (31.5 kHz d)
Apr 30 12:40:24 HOSTNAME /usr/libexec/gdm-x-session[1606]: (II) modeset(0): Modeline "720x405"x60.0   22.13  720 768 800 880  405 408 413 419 +hsync -vsync (25.1 kHz d)
Apr 30 12:40:24 HOSTNAME /usr/libexec/gdm-x-session[1606]: (II) modeset(0): Modeline "684x384"x60.0   36.23  684 708 724 764  384 385 390 395 doublescan +hsync -vsync (47.4 kHz d)
Apr 30 12:40:24 HOSTNAME /usr/libexec/gdm-x-session[1606]: (II) modeset(0): Modeline "640x360"x60.0   17.96  640 688 720 800  360 363 368 374 +hsync -vsync (22.4 kHz d)
Apr 30 12:40:24 HOSTNAME /usr/libexec/gdm-x-session[1606]: (II) modeset(0): Modeline "512x384"x60.0   32.51  512 524 592 672  384 385 388 403 doublescan -hsync -vsync (48.4 kHz d)
Apr 30 12:40:24 HOSTNAME /usr/libexec/gdm-x-session[1606]: (II) modeset(0): Modeline "512x288"x60.0   21.04  512 536 552 592  288 289 292 296 doublescan +hsync -vsync (35.5 kHz d)
Apr 30 12:40:24 HOSTNAME /usr/libexec/gdm-x-session[1606]: (II) modeset(0): Modeline "480x270"x60.0   18.69  480 504 520 560  270 271 274 278 doublescan +hsync -vsync (33.4 kHz d)
Apr 30 12:40:24 HOSTNAME /usr/libexec/gdm-x-session[1606]: (II) modeset(0): Modeline "400x300"x60.0   19.18  400 412 448 512  300 300 301 312 doublescan +hsync +vsync (37.5 kHz d)
Apr 30 12:40:24 HOSTNAME /usr/libexec/gdm-x-session[1606]: (II) modeset(0): Modeline "432x243"x60.0   15.37  432 456 472 512  243 244 247 250 doublescan +hsync -vsync (30.0 kHz d)
Apr 30 12:40:24 HOSTNAME /usr/libexec/gdm-x-session[1606]: (II) modeset(0): Modeline "320x240"x60.0   12.58  320 328 376 400  240 245 246 262 doublescan -hsync -vsync (31.5 kHz d)
Apr 30 12:40:24 HOSTNAME /usr/libexec/gdm-x-session[1606]: (II) modeset(0): Modeline "360x202"x60.0   11.04  360 384 400 440  202 204 206 209 doublescan +hsync -vsync (25.1 kHz d)
Apr 30 12:40:24 HOSTNAME /usr/libexec/gdm-x-session[1606]: (II) modeset(0): Modeline "320x180"x60.0    8.98  320 344 360 400  180 181 184 187 doublescan +hsync -vsync (22.4 kHz d)
Apr 30 12:40:24 HOSTNAME /usr/libexec/gdm-x-session[1606]: (II) modeset(0): EDID for output DP-1
Apr 30 12:40:24 HOSTNAME /usr/libexec/gdm-x-session[1606]: (II) modeset(0): EDID for output DP-2
Apr 30 12:40:24 HOSTNAME /usr/libexec/gdm-x-session[1606]: (II) modeset(0): EDID for output DP-3
Apr 30 12:40:24 HOSTNAME /usr/libexec/gdm-x-session[1606]: (II) modeset(0): EDID for output DP-4
Apr 30 12:40:24 HOSTNAME /usr/libexec/gdm-x-session[1606]: (II) modeset(0): Output eDP-1 connected
Apr 30 12:40:24 HOSTNAME /usr/libexec/gdm-x-session[1606]: (II) modeset(0): Output DP-1 disconnected
Apr 30 12:40:24 HOSTNAME /usr/libexec/gdm-x-session[1606]: (II) modeset(0): Output DP-2 disconnected
Apr 30 12:40:24 HOSTNAME /usr/libexec/gdm-x-session[1606]: (II) modeset(0): Output DP-3 disconnected
Apr 30 12:40:24 HOSTNAME /usr/libexec/gdm-x-session[1606]: (II) modeset(0): Output DP-4 disconnected
Apr 30 12:40:24 HOSTNAME /usr/libexec/gdm-x-session[1606]: (II) modeset(0): Using exact sizes for initial modes
Apr 30 12:40:24 HOSTNAME /usr/libexec/gdm-x-session[1606]: (II) modeset(0): Output eDP-1 using initial mode 3840x2160 +0+0
Apr 30 12:40:24 HOSTNAME /usr/libexec/gdm-x-session[1606]: (==) modeset(0): Using gamma correction (1.0, 1.0, 1.0)
Apr 30 12:40:24 HOSTNAME /usr/libexec/gdm-x-session[1606]: (==) modeset(0): DPI set to (96, 96)
Apr 30 12:40:24 HOSTNAME /usr/libexec/gdm-x-session[1606]: (II) Loading sub module "fb"
Apr 30 12:40:24 HOSTNAME /usr/libexec/gdm-x-session[1606]: (II) LoadModule: "fb"
Apr 30 12:40:24 HOSTNAME /usr/libexec/gdm-x-session[1606]: (II) Module "fb" already built-in
Apr 30 12:40:24 HOSTNAME /usr/libexec/gdm-x-session[1606]: (II) modeset(G0): Using 24bpp hw front buffer with 32bpp shadow
Apr 30 12:40:24 HOSTNAME /usr/libexec/gdm-x-session[1606]: (==) modeset(G0): Depth 24, (==) framebuffer bpp 32
Apr 30 12:40:24 HOSTNAME /usr/libexec/gdm-x-session[1606]: (II) Applying OutputClass "nvidia" options to /dev/dri/card1
Apr 30 12:40:24 HOSTNAME /usr/libexec/gdm-x-session[1606]: (==) modeset(G0): RGB weight 888
Apr 30 12:40:24 HOSTNAME /usr/libexec/gdm-x-session[1606]: (==) modeset(G0): Default visual is TrueColor
Apr 30 12:40:24 HOSTNAME /usr/libexec/gdm-x-session[1606]: (**) modeset(G0): Cannot use glamor with 24bpp packed fb
Apr 30 12:40:24 HOSTNAME /usr/libexec/gdm-x-session[1606]: (II) modeset(G0): ShadowFB: preferred YES, enabled FORCE
Apr 30 12:40:24 HOSTNAME /usr/libexec/gdm-x-session[1606]: (II) modeset(G0): Double-buffered shadow updates: off
Apr 30 12:40:24 HOSTNAME /usr/libexec/gdm-x-session[1606]: (==) modeset(G0): Using gamma correction (1.0, 1.0, 1.0)
Apr 30 12:40:24 HOSTNAME /usr/libexec/gdm-x-session[1606]: (==) modeset(G0): DPI set to (96, 96)
Apr 30 12:40:24 HOSTNAME /usr/libexec/gdm-x-session[1606]: (II) Loading sub module "fb"
Apr 30 12:40:24 HOSTNAME /usr/libexec/gdm-x-session[1606]: (II) LoadModule: "fb"
Apr 30 12:40:24 HOSTNAME /usr/libexec/gdm-x-session[1606]: (II) Module "fb" already built-in
Apr 30 12:40:24 HOSTNAME /usr/libexec/gdm-x-session[1606]: (II) Loading sub module "shadow"
Apr 30 12:40:24 HOSTNAME /usr/libexec/gdm-x-session[1606]: (II) LoadModule: "shadow"
Apr 30 12:40:24 HOSTNAME /usr/libexec/gdm-x-session[1606]: (II) Loading /usr/lib/xorg/modules/libshadow.so
Apr 30 12:40:24 HOSTNAME /usr/libexec/gdm-x-session[1606]: (II) Module shadow: vendor="X.Org Foundation"
Apr 30 12:40:24 HOSTNAME /usr/libexec/gdm-x-session[1606]:         compiled for 1.21.1.4, module version = 1.1.0
Apr 30 12:40:24 HOSTNAME /usr/libexec/gdm-x-session[1606]:         ABI class: X.Org ANSI C Emulation, version 0.4
Apr 30 12:40:24 HOSTNAME /usr/libexec/gdm-x-session[1606]: (II) UnloadModule: "fbdev"
Apr 30 12:40:24 HOSTNAME /usr/libexec/gdm-x-session[1606]: (II) Unloading fbdev
Apr 30 12:40:24 HOSTNAME /usr/libexec/gdm-x-session[1606]: (II) UnloadSubModule: "fbdevhw"
Apr 30 12:40:24 HOSTNAME /usr/libexec/gdm-x-session[1606]: (II) Unloading fbdevhw
Apr 30 12:40:24 HOSTNAME /usr/libexec/gdm-x-session[1606]: (II) UnloadModule: "vesa"
Apr 30 12:40:24 HOSTNAME /usr/libexec/gdm-x-session[1606]: (II) Unloading vesa
Apr 30 12:40:24 HOSTNAME /usr/libexec/gdm-x-session[1606]: (==) modeset(0): Backing store enabled
Apr 30 12:40:24 HOSTNAME /usr/libexec/gdm-x-session[1606]: (==) modeset(0): Silken mouse enabled
Apr 30 12:40:24 HOSTNAME /usr/libexec/gdm-x-session[1606]: (II) modeset(0): Initializing kms color map for depth 24, 8 bpc.
Apr 30 12:40:24 HOSTNAME /usr/libexec/gdm-x-session[1606]: (==) modeset(0): DPMS enabled
Apr 30 12:40:24 HOSTNAME /usr/libexec/gdm-x-session[1606]: (II) modeset(0): [DRI2] Setup complete
Apr 30 12:40:24 HOSTNAME /usr/libexec/gdm-x-session[1606]: (II) modeset(0): [DRI2]   DRI driver: iris
Apr 30 12:40:24 HOSTNAME /usr/libexec/gdm-x-session[1606]: (II) modeset(0): [DRI2]   VDPAU driver: va_gl
Apr 30 12:40:24 HOSTNAME /usr/libexec/gdm-x-session[1606]: (==) modeset(G0): Backing store enabled
Apr 30 12:40:24 HOSTNAME /usr/libexec/gdm-x-session[1606]: (==) modeset(G0): Silken mouse enabled
Apr 30 12:40:24 HOSTNAME /usr/libexec/gdm-x-session[1606]: (II) modeset(G0): Initializing kms color map for depth 24, 8 bpc.
Apr 30 12:40:24 HOSTNAME /usr/libexec/gdm-x-session[1606]: (==) modeset(G0): DPMS enabled
Apr 30 12:40:24 HOSTNAME /usr/libexec/gdm-x-session[1606]: (WW) modeset(G0): Option "AllowEmptyInitialConfiguration" is not used
Apr 30 12:40:24 HOSTNAME /usr/libexec/gdm-x-session[1606]: (II) Initializing extension Generic Event Extension
Apr 30 12:40:24 HOSTNAME /usr/libexec/gdm-x-session[1606]: (II) Initializing extension SHAPE
Apr 30 12:40:24 HOSTNAME /usr/libexec/gdm-x-session[1606]: (II) Initializing extension MIT-SHM
Apr 30 12:40:24 HOSTNAME /usr/libexec/gdm-x-session[1606]: (II) Initializing extension XInputExtension
Apr 30 12:40:24 HOSTNAME /usr/libexec/gdm-x-session[1606]: (II) Initializing extension XTEST
Apr 30 12:40:24 HOSTNAME /usr/libexec/gdm-x-session[1606]: (II) Initializing extension BIG-REQUESTS
Apr 30 12:40:24 HOSTNAME /usr/libexec/gdm-x-session[1606]: (II) Initializing extension SYNC
Apr 30 12:40:24 HOSTNAME /usr/libexec/gdm-x-session[1606]: (II) Initializing extension XKEYBOARD
Apr 30 12:40:24 HOSTNAME /usr/libexec/gdm-x-session[1606]: (II) Initializing extension XC-MISC
Apr 30 12:40:24 HOSTNAME /usr/libexec/gdm-x-session[1606]: (II) Initializing extension SECURITY
Apr 30 12:40:24 HOSTNAME /usr/libexec/gdm-x-session[1606]: (II) Initializing extension XFIXES
Apr 30 12:40:24 HOSTNAME /usr/libexec/gdm-x-session[1606]: (II) Initializing extension RENDER
Apr 30 12:40:24 HOSTNAME /usr/libexec/gdm-x-session[1606]: (II) Initializing extension RANDR
Apr 30 12:40:24 HOSTNAME /usr/libexec/gdm-x-session[1606]: (II) Initializing extension COMPOSITE
Apr 30 12:40:24 HOSTNAME /usr/libexec/gdm-x-session[1606]: (II) Initializing extension DAMAGE
Apr 30 12:40:24 HOSTNAME /usr/libexec/gdm-x-session[1606]: (II) Initializing extension MIT-SCREEN-SAVER
Apr 30 12:40:24 HOSTNAME /usr/libexec/gdm-x-session[1606]: (II) Initializing extension DOUBLE-BUFFER
Apr 30 12:40:24 HOSTNAME /usr/libexec/gdm-x-session[1606]: (II) Initializing extension RECORD
Apr 30 12:40:24 HOSTNAME /usr/libexec/gdm-x-session[1606]: (II) Initializing extension DPMS
Apr 30 12:40:24 HOSTNAME /usr/libexec/gdm-x-session[1606]: (II) Initializing extension Present
Apr 30 12:40:24 HOSTNAME /usr/libexec/gdm-x-session[1606]: (II) Initializing extension DRI3
Apr 30 12:40:24 HOSTNAME /usr/libexec/gdm-x-session[1606]: (II) Initializing extension X-Resource
Apr 30 12:40:24 HOSTNAME /usr/libexec/gdm-x-session[1606]: (II) Initializing extension XVideo
Apr 30 12:40:24 HOSTNAME /usr/libexec/gdm-x-session[1606]: (II) Initializing extension XVideo-MotionCompensation
Apr 30 12:40:24 HOSTNAME /usr/libexec/gdm-x-session[1606]: (II) Initializing extension SELinux
Apr 30 12:40:24 HOSTNAME /usr/libexec/gdm-x-session[1606]: (II) SELinux: Disabled on system
Apr 30 12:40:24 HOSTNAME /usr/libexec/gdm-x-session[1606]: (II) Initializing extension GLX
Apr 30 12:40:24 HOSTNAME /usr/libexec/gdm-x-session[1606]: (II) AIGLX: Loaded and initialized iris
Apr 30 12:40:24 HOSTNAME /usr/libexec/gdm-x-session[1606]: (II) GLX: Initialized DRI2 GL provider for screen 0
Apr 30 12:40:24 HOSTNAME /usr/libexec/gdm-x-session[1606]: (II) Initializing extension XFree86-VidModeExtension
Apr 30 12:40:24 HOSTNAME /usr/libexec/gdm-x-session[1606]: (II) Initializing extension XFree86-DGA
Apr 30 12:40:24 HOSTNAME /usr/libexec/gdm-x-session[1606]: (II) Initializing extension XFree86-DRI
Apr 30 12:40:24 HOSTNAME /usr/libexec/gdm-x-session[1606]: (II) Initializing extension DRI2
Apr 30 12:40:24 HOSTNAME /usr/libexec/gdm-x-session[1606]: (II) modeset(G0): Damage tracking initialized
Apr 30 12:40:24 HOSTNAME /usr/libexec/gdm-x-session[1606]: (II) modeset(0): Damage tracking initialized
Apr 30 12:40:24 HOSTNAME /usr/libexec/gdm-x-session[1606]: (II) modeset(0): Setting screen physical size to 1016 x 571
Apr 30 12:40:24 HOSTNAME /usr/libexec/gdm-x-session[1606]: (II) config/udev: Adding input device Video Bus (/dev/input/event13)
Apr 30 12:40:24 HOSTNAME /usr/libexec/gdm-x-session[1606]: (**) Video Bus: Applying InputClass "libinput keyboard catchall"
Apr 30 12:40:24 HOSTNAME /usr/libexec/gdm-x-session[1606]: (II) LoadModule: "libinput"
Apr 30 12:40:24 HOSTNAME /usr/libexec/gdm-x-session[1606]: (II) Loading /usr/lib/xorg/modules/input/libinput_drv.so
Apr 30 12:40:24 HOSTNAME /usr/libexec/gdm-x-session[1606]: (II) Module libinput: vendor="X.Org Foundation"
Apr 30 12:40:24 HOSTNAME /usr/libexec/gdm-x-session[1606]:         compiled for 1.20.14, module version = 1.2.1
Apr 30 12:40:24 HOSTNAME /usr/libexec/gdm-x-session[1606]:         Module class: X.Org XInput Driver
Apr 30 12:40:24 HOSTNAME /usr/libexec/gdm-x-session[1606]:         ABI class: X.Org XInput driver, version 24.1
Apr 30 12:40:24 HOSTNAME /usr/libexec/gdm-x-session[1606]: (II) Using input driver 'libinput' for 'Video Bus'
Apr 30 12:40:24 HOSTNAME /usr/libexec/gdm-x-session[1606]: (II) systemd-logind: got fd for /dev/input/event13 13:77 fd 30 paused 0
Apr 30 12:40:24 HOSTNAME /usr/libexec/gdm-x-session[1606]: (**) Video Bus: always reports core events
Apr 30 12:40:24 HOSTNAME /usr/libexec/gdm-x-session[1606]: (**) Option "Device" "/dev/input/event13"
Apr 30 12:40:24 HOSTNAME /usr/libexec/gdm-x-session[1606]: (II) event13 - Video Bus: is tagged by udev as: Keyboard
Apr 30 12:40:24 HOSTNAME /usr/libexec/gdm-x-session[1606]: (II) event13 - Video Bus: device is a keyboard
Apr 30 12:40:24 HOSTNAME /usr/libexec/gdm-x-session[1606]: (II) event13 - Video Bus: device removed
Apr 30 12:40:24 HOSTNAME /usr/libexec/gdm-x-session[1606]: (**) Option "config_info" "udev:/sys/devices/LNXSYSTM:00/LNXSYBUS:00/PNP0A08:00/LNXVIDEO:01/input/input19/event13"
Apr 30 12:40:24 HOSTNAME /usr/libexec/gdm-x-session[1606]: (II) XINPUT: Adding extended input device "Video Bus" (type: KEYBOARD, id 6)
Apr 30 12:40:24 HOSTNAME /usr/libexec/gdm-x-session[1606]: (**) Option "xkb_model" "pc105"
Apr 30 12:40:24 HOSTNAME /usr/libexec/gdm-x-session[1606]: (**) Option "xkb_layout" "jp"
Apr 30 12:40:24 HOSTNAME /usr/libexec/gdm-x-session[1606]: (II) event13 - Video Bus: is tagged by udev as: Keyboard
Apr 30 12:40:24 HOSTNAME /usr/libexec/gdm-x-session[1606]: (II) event13 - Video Bus: device is a keyboard
Apr 30 12:40:24 HOSTNAME /usr/libexec/gdm-x-session[1606]: (II) config/udev: Adding input device Video Bus (/dev/input/event12)
Apr 30 12:40:24 HOSTNAME /usr/libexec/gdm-x-session[1606]: (**) Video Bus: Applying InputClass "libinput keyboard catchall"
Apr 30 12:40:24 HOSTNAME /usr/libexec/gdm-x-session[1606]: (II) Using input driver 'libinput' for 'Video Bus'
Apr 30 12:40:24 HOSTNAME /usr/libexec/gdm-x-session[1606]: (II) systemd-logind: got fd for /dev/input/event12 13:76 fd 33 paused 0
Apr 30 12:40:24 HOSTNAME /usr/libexec/gdm-x-session[1606]: (**) Video Bus: always reports core events
Apr 30 12:40:24 HOSTNAME /usr/libexec/gdm-x-session[1606]: (**) Option "Device" "/dev/input/event12"
Apr 30 12:40:24 HOSTNAME /usr/libexec/gdm-x-session[1606]: (II) event12 - Video Bus: is tagged by udev as: Keyboard
Apr 30 12:40:24 HOSTNAME /usr/libexec/gdm-x-session[1606]: (II) event12 - Video Bus: device is a keyboard
Apr 30 12:40:24 HOSTNAME /usr/libexec/gdm-x-session[1606]: (II) event12 - Video Bus: device removed
Apr 30 12:40:24 HOSTNAME /usr/libexec/gdm-x-session[1606]: (**) Option "config_info" "udev:/sys/devices/LNXSYSTM:00/LNXSYBUS:00/PNP0A08:00/device:11/LNXVIDEO:00/input/input18/event12"
Apr 30 12:40:24 HOSTNAME /usr/libexec/gdm-x-session[1606]: (II) XINPUT: Adding extended input device "Video Bus" (type: KEYBOARD, id 7)
Apr 30 12:40:24 HOSTNAME /usr/libexec/gdm-x-session[1606]: (**) Option "xkb_model" "pc105"
Apr 30 12:40:24 HOSTNAME /usr/libexec/gdm-x-session[1606]: (**) Option "xkb_layout" "jp"
Apr 30 12:40:24 HOSTNAME /usr/libexec/gdm-x-session[1606]: (II) event12 - Video Bus: is tagged by udev as: Keyboard
Apr 30 12:40:24 HOSTNAME /usr/libexec/gdm-x-session[1606]: (II) event12 - Video Bus: device is a keyboard
Apr 30 12:40:24 HOSTNAME /usr/libexec/gdm-x-session[1606]: (II) config/udev: Adding input device Lid Switch (/dev/input/event0)
Apr 30 12:40:24 HOSTNAME /usr/libexec/gdm-x-session[1606]: (II) No input driver specified, ignoring this device.
Apr 30 12:40:24 HOSTNAME /usr/libexec/gdm-x-session[1606]: (II) This device may have been added with another device file.
Apr 30 12:40:24 HOSTNAME /usr/libexec/gdm-x-session[1606]: (II) config/udev: Adding input device Power Button (/dev/input/event2)
Apr 30 12:40:24 HOSTNAME /usr/libexec/gdm-x-session[1606]: (**) Power Button: Applying InputClass "libinput keyboard catchall"
Apr 30 12:40:24 HOSTNAME /usr/libexec/gdm-x-session[1606]: (II) Using input driver 'libinput' for 'Power Button'
Apr 30 12:40:24 HOSTNAME /usr/libexec/gdm-x-session[1606]: (II) systemd-logind: got fd for /dev/input/event2 13:66 fd 34 paused 0
Apr 30 12:40:24 HOSTNAME /usr/libexec/gdm-x-session[1606]: (**) Power Button: always reports core events
Apr 30 12:40:24 HOSTNAME /usr/libexec/gdm-x-session[1606]: (**) Option "Device" "/dev/input/event2"
Apr 30 12:40:24 HOSTNAME /usr/libexec/gdm-x-session[1606]: (II) event2  - Power Button: is tagged by udev as: Keyboard
Apr 30 12:40:24 HOSTNAME /usr/libexec/gdm-x-session[1606]: (II) event2  - Power Button: device is a keyboard
Apr 30 12:40:24 HOSTNAME /usr/libexec/gdm-x-session[1606]: (II) event2  - Power Button: device removed
Apr 30 12:40:24 HOSTNAME /usr/libexec/gdm-x-session[1606]: (**) Option "config_info" "udev:/sys/devices/LNXSYSTM:00/LNXSYBUS:00/PNP0C0C:00/input/input2/event2"
Apr 30 12:40:24 HOSTNAME /usr/libexec/gdm-x-session[1606]: (II) XINPUT: Adding extended input device "Power Button" (type: KEYBOARD, id 8)
Apr 30 12:40:24 HOSTNAME /usr/libexec/gdm-x-session[1606]: (**) Option "xkb_model" "pc105"
Apr 30 12:40:24 HOSTNAME /usr/libexec/gdm-x-session[1606]: (**) Option "xkb_layout" "jp"
Apr 30 12:40:24 HOSTNAME /usr/libexec/gdm-x-session[1606]: (II) event2  - Power Button: is tagged by udev as: Keyboard
Apr 30 12:40:24 HOSTNAME /usr/libexec/gdm-x-session[1606]: (II) event2  - Power Button: device is a keyboard
Apr 30 12:40:24 HOSTNAME /usr/libexec/gdm-x-session[1606]: (II) config/udev: Adding input device Sleep Button (/dev/input/event1)
Apr 30 12:40:24 HOSTNAME /usr/libexec/gdm-x-session[1606]: (**) Sleep Button: Applying InputClass "libinput keyboard catchall"
Apr 30 12:40:24 HOSTNAME /usr/libexec/gdm-x-session[1606]: (II) Using input driver 'libinput' for 'Sleep Button'
Apr 30 12:40:24 HOSTNAME /usr/libexec/gdm-x-session[1606]: (II) systemd-logind: got fd for /dev/input/event1 13:65 fd 35 paused 0
Apr 30 12:40:24 HOSTNAME /usr/libexec/gdm-x-session[1606]: (**) Sleep Button: always reports core events
Apr 30 12:40:24 HOSTNAME /usr/libexec/gdm-x-session[1606]: (**) Option "Device" "/dev/input/event1"
Apr 30 12:40:24 HOSTNAME /usr/libexec/gdm-x-session[1606]: (II) event1  - Sleep Button: is tagged by udev as: Keyboard
Apr 30 12:40:24 HOSTNAME /usr/libexec/gdm-x-session[1606]: (II) event1  - Sleep Button: device is a keyboard
Apr 30 12:40:24 HOSTNAME /usr/libexec/gdm-x-session[1606]: (II) event1  - Sleep Button: device removed
Apr 30 12:40:24 HOSTNAME /usr/libexec/gdm-x-session[1606]: (**) Option "config_info" "udev:/sys/devices/LNXSYSTM:00/LNXSYBUS:00/PNP0C0E:00/input/input1/event1"
Apr 30 12:40:24 HOSTNAME /usr/libexec/gdm-x-session[1606]: (II) XINPUT: Adding extended input device "Sleep Button" (type: KEYBOARD, id 9)
Apr 30 12:40:24 HOSTNAME /usr/libexec/gdm-x-session[1606]: (**) Option "xkb_model" "pc105"
Apr 30 12:40:24 HOSTNAME /usr/libexec/gdm-x-session[1606]: (**) Option "xkb_layout" "jp"
Apr 30 12:40:24 HOSTNAME /usr/libexec/gdm-x-session[1606]: (II) event1  - Sleep Button: is tagged by udev as: Keyboard
Apr 30 12:40:24 HOSTNAME /usr/libexec/gdm-x-session[1606]: (II) event1  - Sleep Button: device is a keyboard
Apr 30 12:40:24 HOSTNAME /usr/libexec/gdm-x-session[1606]: (II) config/udev: Adding input device HD Camera: HD Camera (/dev/input/event8)
Apr 30 12:40:24 HOSTNAME /usr/libexec/gdm-x-session[1606]: (**) HD Camera: HD Camera: Applying InputClass "libinput keyboard catchall"
Apr 30 12:40:24 HOSTNAME /usr/libexec/gdm-x-session[1606]: (II) Using input driver 'libinput' for 'HD Camera: HD Camera'
Apr 30 12:40:24 HOSTNAME /usr/libexec/gdm-x-session[1606]: (II) systemd-logind: got fd for /dev/input/event8 13:72 fd 36 paused 0
Apr 30 12:40:24 HOSTNAME /usr/libexec/gdm-x-session[1606]: (**) HD Camera: HD Camera: always reports core events
Apr 30 12:40:24 HOSTNAME /usr/libexec/gdm-x-session[1606]: (**) Option "Device" "/dev/input/event8"
Apr 30 12:40:24 HOSTNAME /usr/libexec/gdm-x-session[1606]: (II) event8  - HD Camera: HD Camera: is tagged by udev as: Keyboard
Apr 30 12:40:24 HOSTNAME /usr/libexec/gdm-x-session[1606]: (II) event8  - HD Camera: HD Camera: device is a keyboard
Apr 30 12:40:24 HOSTNAME /usr/libexec/gdm-x-session[1606]: (II) event8  - HD Camera: HD Camera: device removed
Apr 30 12:40:24 HOSTNAME /usr/libexec/gdm-x-session[1606]: (**) Option "config_info" "udev:/sys/devices/pci0000:00/0000:00:14.0/usb3/3-6/3-6:1.0/input/input13/event8"
Apr 30 12:40:24 HOSTNAME /usr/libexec/gdm-x-session[1606]: (II) XINPUT: Adding extended input device "HD Camera: HD Camera" (type: KEYBOARD, id 10)
Apr 30 12:40:24 HOSTNAME /usr/libexec/gdm-x-session[1606]: (**) Option "xkb_model" "pc105"
Apr 30 12:40:24 HOSTNAME /usr/libexec/gdm-x-session[1606]: (**) Option "xkb_layout" "jp"
Apr 30 12:40:24 HOSTNAME /usr/libexec/gdm-x-session[1606]: (II) event8  - HD Camera: HD Camera: is tagged by udev as: Keyboard
Apr 30 12:40:24 HOSTNAME /usr/libexec/gdm-x-session[1606]: (II) event8  - HD Camera: HD Camera: device is a keyboard
Apr 30 12:40:24 HOSTNAME /usr/libexec/gdm-x-session[1606]: (II) config/udev: Adding input device HD Camera: IR Camera (/dev/input/event11)
Apr 30 12:40:24 HOSTNAME /usr/libexec/gdm-x-session[1606]: (**) HD Camera: IR Camera: Applying InputClass "libinput keyboard catchall"
Apr 30 12:40:24 HOSTNAME /usr/libexec/gdm-x-session[1606]: (II) Using input driver 'libinput' for 'HD Camera: IR Camera'
Apr 30 12:40:24 HOSTNAME /usr/libexec/gdm-x-session[1606]: (II) systemd-logind: got fd for /dev/input/event11 13:75 fd 37 paused 0
Apr 30 12:40:24 HOSTNAME /usr/libexec/gdm-x-session[1606]: (**) HD Camera: IR Camera: always reports core events
Apr 30 12:40:24 HOSTNAME /usr/libexec/gdm-x-session[1606]: (**) Option "Device" "/dev/input/event11"
Apr 30 12:40:24 HOSTNAME /usr/libexec/gdm-x-session[1606]: (II) event11 - HD Camera: IR Camera: is tagged by udev as: Keyboard
Apr 30 12:40:24 HOSTNAME /usr/libexec/gdm-x-session[1606]: (II) event11 - HD Camera: IR Camera: device is a keyboard
Apr 30 12:40:24 HOSTNAME /usr/libexec/gdm-x-session[1606]: (II) event11 - HD Camera: IR Camera: device removed
Apr 30 12:40:24 HOSTNAME /usr/libexec/gdm-x-session[1606]: (**) Option "config_info" "udev:/sys/devices/pci0000:00/0000:00:14.0/usb3/3-6/3-6:1.2/input/input17/event11"
Apr 30 12:40:24 HOSTNAME /usr/libexec/gdm-x-session[1606]: (II) XINPUT: Adding extended input device "HD Camera: IR Camera" (type: KEYBOARD, id 11)
Apr 30 12:40:24 HOSTNAME /usr/libexec/gdm-x-session[1606]: (**) Option "xkb_model" "pc105"
Apr 30 12:40:24 HOSTNAME /usr/libexec/gdm-x-session[1606]: (**) Option "xkb_layout" "jp"
Apr 30 12:40:24 HOSTNAME /usr/libexec/gdm-x-session[1606]: (II) event11 - HD Camera: IR Camera: is tagged by udev as: Keyboard
Apr 30 12:40:24 HOSTNAME /usr/libexec/gdm-x-session[1606]: (II) event11 - HD Camera: IR Camera: device is a keyboard
Apr 30 12:40:24 HOSTNAME /usr/libexec/gdm-x-session[1606]: (II) config/udev: Adding input device PNP0C50:00 06CB:CDAA Mouse (/dev/input/event9)
Apr 30 12:40:24 HOSTNAME /usr/libexec/gdm-x-session[1606]: (**) PNP0C50:00 06CB:CDAA Mouse: Applying InputClass "libinput pointer catchall"
Apr 30 12:40:24 HOSTNAME /usr/libexec/gdm-x-session[1606]: (II) Using input driver 'libinput' for 'PNP0C50:00 06CB:CDAA Mouse'
Apr 30 12:40:24 HOSTNAME /usr/libexec/gdm-x-session[1606]: (II) systemd-logind: got fd for /dev/input/event9 13:73 fd 38 paused 0
Apr 30 12:40:24 HOSTNAME /usr/libexec/gdm-x-session[1606]: (**) PNP0C50:00 06CB:CDAA Mouse: always reports core events
Apr 30 12:40:24 HOSTNAME /usr/libexec/gdm-x-session[1606]: (**) Option "Device" "/dev/input/event9"
Apr 30 12:40:24 HOSTNAME /usr/libexec/gdm-x-session[1606]: (II) event9  - PNP0C50:00 06CB:CDAA Mouse: is tagged by udev as: Mouse Pointingstick
Apr 30 12:40:24 HOSTNAME /usr/libexec/gdm-x-session[1606]: (II) event9  - PNP0C50:00 06CB:CDAA Mouse: device is a pointer
Apr 30 12:40:24 HOSTNAME /usr/libexec/gdm-x-session[1606]: (II) event9  - PNP0C50:00 06CB:CDAA Mouse: device removed
Apr 30 12:40:24 HOSTNAME /usr/libexec/gdm-x-session[1606]: (**) Option "config_info" "udev:/sys/devices/pci0000:00/0000:00:15.0/i2c_designware.0/i2c-1/i2c-PNP0C50:00/0018:06CB:CDAA.0001/input/input14/event9"
Apr 30 12:40:24 HOSTNAME /usr/libexec/gdm-x-session[1606]: (II) XINPUT: Adding extended input device "PNP0C50:00 06CB:CDAA Mouse" (type: MOUSE, id 12)
Apr 30 12:40:24 HOSTNAME /usr/libexec/gdm-x-session[1606]: (**) Option "AccelerationScheme" "none"
Apr 30 12:40:24 HOSTNAME /usr/libexec/gdm-x-session[1606]: (**) PNP0C50:00 06CB:CDAA Mouse: (accel) selected scheme none/0
Apr 30 12:40:24 HOSTNAME /usr/libexec/gdm-x-session[1606]: (**) PNP0C50:00 06CB:CDAA Mouse: (accel) acceleration factor: 2.000
Apr 30 12:40:24 HOSTNAME /usr/libexec/gdm-x-session[1606]: (**) PNP0C50:00 06CB:CDAA Mouse: (accel) acceleration threshold: 4
Apr 30 12:40:24 HOSTNAME /usr/libexec/gdm-x-session[1606]: (II) event9  - PNP0C50:00 06CB:CDAA Mouse: is tagged by udev as: Mouse Pointingstick
Apr 30 12:40:24 HOSTNAME /usr/libexec/gdm-x-session[1606]: (II) event9  - PNP0C50:00 06CB:CDAA Mouse: device is a pointer
Apr 30 12:40:24 HOSTNAME /usr/libexec/gdm-x-session[1606]: (II) config/udev: Adding input device PNP0C50:00 06CB:CDAA Mouse (/dev/input/mouse0)
Apr 30 12:40:24 HOSTNAME /usr/libexec/gdm-x-session[1606]: (II) No input driver specified, ignoring this device.
Apr 30 12:40:24 HOSTNAME /usr/libexec/gdm-x-session[1606]: (II) This device may have been added with another device file.
Apr 30 12:40:24 HOSTNAME /usr/libexec/gdm-x-session[1606]: (II) config/udev: Adding input device PNP0C50:00 06CB:CDAA Touchpad (/dev/input/event10)
Apr 30 12:40:24 HOSTNAME /usr/libexec/gdm-x-session[1606]: (**) PNP0C50:00 06CB:CDAA Touchpad: Applying InputClass "libinput touchpad catchall"
Apr 30 12:40:24 HOSTNAME /usr/libexec/gdm-x-session[1606]: (II) Using input driver 'libinput' for 'PNP0C50:00 06CB:CDAA Touchpad'
Apr 30 12:40:24 HOSTNAME /usr/libexec/gdm-x-session[1606]: (II) systemd-logind: got fd for /dev/input/event10 13:74 fd 39 paused 0
Apr 30 12:40:24 HOSTNAME /usr/libexec/gdm-x-session[1606]: (**) PNP0C50:00 06CB:CDAA Touchpad: always reports core events
Apr 30 12:40:24 HOSTNAME /usr/libexec/gdm-x-session[1606]: (**) Option "Device" "/dev/input/event10"
Apr 30 12:40:24 HOSTNAME /usr/libexec/gdm-x-session[1606]: (II) event10 - PNP0C50:00 06CB:CDAA Touchpad: is tagged by udev as: Touchpad
Apr 30 12:40:24 HOSTNAME /usr/libexec/gdm-x-session[1606]: (II) event10 - PNP0C50:00 06CB:CDAA Touchpad: device is a touchpad
Apr 30 12:40:24 HOSTNAME /usr/libexec/gdm-x-session[1606]: (II) event10 - PNP0C50:00 06CB:CDAA Touchpad: device removed
Apr 30 12:40:24 HOSTNAME /usr/libexec/gdm-x-session[1606]: (**) Option "config_info" "udev:/sys/devices/pci0000:00/0000:00:15.0/i2c_designware.0/i2c-1/i2c-PNP0C50:00/0018:06CB:CDAA.0001/input/input15/event10"
Apr 30 12:40:24 HOSTNAME /usr/libexec/gdm-x-session[1606]: (II) XINPUT: Adding extended input device "PNP0C50:00 06CB:CDAA Touchpad" (type: TOUCHPAD, id 13)
Apr 30 12:40:24 HOSTNAME /usr/libexec/gdm-x-session[1606]: (**) Option "AccelerationScheme" "none"
Apr 30 12:40:24 HOSTNAME /usr/libexec/gdm-x-session[1606]: (**) PNP0C50:00 06CB:CDAA Touchpad: (accel) selected scheme none/0
Apr 30 12:40:24 HOSTNAME /usr/libexec/gdm-x-session[1606]: (**) PNP0C50:00 06CB:CDAA Touchpad: (accel) acceleration factor: 2.000
Apr 30 12:40:24 HOSTNAME /usr/libexec/gdm-x-session[1606]: (**) PNP0C50:00 06CB:CDAA Touchpad: (accel) acceleration threshold: 4
Apr 30 12:40:24 HOSTNAME /usr/libexec/gdm-x-session[1606]: (II) event10 - PNP0C50:00 06CB:CDAA Touchpad: is tagged by udev as: Touchpad
Apr 30 12:40:24 HOSTNAME /usr/libexec/gdm-x-session[1606]: (II) event10 - PNP0C50:00 06CB:CDAA Touchpad: device is a touchpad
Apr 30 12:40:24 HOSTNAME /usr/libexec/gdm-x-session[1606]: (II) config/udev: Adding input device PNP0C50:00 06CB:CDAA Touchpad (/dev/input/mouse1)
Apr 30 12:40:24 HOSTNAME /usr/libexec/gdm-x-session[1606]: (II) No input driver specified, ignoring this device.
Apr 30 12:40:24 HOSTNAME /usr/libexec/gdm-x-session[1606]: (II) This device may have been added with another device file.
Apr 30 12:40:24 HOSTNAME /usr/libexec/gdm-x-session[1606]: (II) config/udev: Adding input device sof-hda-dsp Mic (/dev/input/event14)
Apr 30 12:40:24 HOSTNAME /usr/libexec/gdm-x-session[1606]: (II) No input driver specified, ignoring this device.
Apr 30 12:40:24 HOSTNAME /usr/libexec/gdm-x-session[1606]: (II) This device may have been added with another device file.
Apr 30 12:40:24 HOSTNAME /usr/libexec/gdm-x-session[1606]: (II) config/udev: Adding input device sof-hda-dsp Headphone (/dev/input/event15)
Apr 30 12:40:24 HOSTNAME /usr/libexec/gdm-x-session[1606]: (II) No input driver specified, ignoring this device.
Apr 30 12:40:24 HOSTNAME /usr/libexec/gdm-x-session[1606]: (II) This device may have been added with another device file.
Apr 30 12:40:24 HOSTNAME /usr/libexec/gdm-x-session[1606]: (II) config/udev: Adding input device sof-hda-dsp HDMI/DP,pcm=3 (/dev/input/event16)
Apr 30 12:40:24 HOSTNAME /usr/libexec/gdm-x-session[1606]: (II) No input driver specified, ignoring this device.
Apr 30 12:40:24 HOSTNAME /usr/libexec/gdm-x-session[1606]: (II) This device may have been added with another device file.
Apr 30 12:40:24 HOSTNAME /usr/libexec/gdm-x-session[1606]: (II) config/udev: Adding input device sof-hda-dsp HDMI/DP,pcm=4 (/dev/input/event17)
Apr 30 12:40:24 HOSTNAME /usr/libexec/gdm-x-session[1606]: (II) No input driver specified, ignoring this device.
Apr 30 12:40:24 HOSTNAME /usr/libexec/gdm-x-session[1606]: (II) This device may have been added with another device file.
Apr 30 12:40:24 HOSTNAME /usr/libexec/gdm-x-session[1606]: (II) config/udev: Adding input device sof-hda-dsp HDMI/DP,pcm=5 (/dev/input/event18)
Apr 30 12:40:24 HOSTNAME /usr/libexec/gdm-x-session[1606]: (II) No input driver specified, ignoring this device.
Apr 30 12:40:24 HOSTNAME /usr/libexec/gdm-x-session[1606]: (II) This device may have been added with another device file.
Apr 30 12:40:24 HOSTNAME /usr/libexec/gdm-x-session[1606]: (II) config/udev: Adding input device gpio-keys (/dev/input/event5)
Apr 30 12:40:24 HOSTNAME /usr/libexec/gdm-x-session[1606]: (II) No input driver specified, ignoring this device.
Apr 30 12:40:24 HOSTNAME /usr/libexec/gdm-x-session[1606]: (II) This device may have been added with another device file.
Apr 30 12:40:24 HOSTNAME /usr/libexec/gdm-x-session[1606]: (II) config/udev: Adding input device Intel HID 5 button array (/dev/input/event7)
Apr 30 12:40:24 HOSTNAME /usr/libexec/gdm-x-session[1606]: (**) Intel HID 5 button array: Applying InputClass "libinput keyboard catchall"
Apr 30 12:40:24 HOSTNAME /usr/libexec/gdm-x-session[1606]: (II) Using input driver 'libinput' for 'Intel HID 5 button array'
Apr 30 12:40:24 HOSTNAME /usr/libexec/gdm-x-session[1606]: (II) systemd-logind: got fd for /dev/input/event7 13:71 fd 40 paused 0
Apr 30 12:40:24 HOSTNAME /usr/libexec/gdm-x-session[1606]: (**) Intel HID 5 button array: always reports core events
Apr 30 12:40:24 HOSTNAME /usr/libexec/gdm-x-session[1606]: (**) Option "Device" "/dev/input/event7"
Apr 30 12:40:24 HOSTNAME /usr/libexec/gdm-x-session[1606]: (II) event7  - Intel HID 5 button array: is tagged by udev as: Keyboard
Apr 30 12:40:24 HOSTNAME /usr/libexec/gdm-x-session[1606]: (II) event7  - Intel HID 5 button array: device is a keyboard
Apr 30 12:40:24 HOSTNAME /usr/libexec/gdm-x-session[1606]: (II) event7  - Intel HID 5 button array: device removed
Apr 30 12:40:24 HOSTNAME /usr/libexec/gdm-x-session[1606]: (**) Option "config_info" "udev:/sys/devices/platform/INTC1051:00/input/input10/event7"
Apr 30 12:40:24 HOSTNAME /usr/libexec/gdm-x-session[1606]: (II) XINPUT: Adding extended input device "Intel HID 5 button array" (type: KEYBOARD, id 14)
Apr 30 12:40:24 HOSTNAME /usr/libexec/gdm-x-session[1606]: (**) Option "xkb_model" "pc105"
Apr 30 12:40:24 HOSTNAME /usr/libexec/gdm-x-session[1606]: (**) Option "xkb_layout" "jp"
Apr 30 12:40:24 HOSTNAME /usr/libexec/gdm-x-session[1606]: (II) event7  - Intel HID 5 button array: is tagged by udev as: Keyboard
Apr 30 12:40:24 HOSTNAME /usr/libexec/gdm-x-session[1606]: (II) event7  - Intel HID 5 button array: device is a keyboard
Apr 30 12:40:24 HOSTNAME /usr/libexec/gdm-x-session[1606]: (II) config/udev: Adding input device Intel HID events (/dev/input/event6)
Apr 30 12:40:24 HOSTNAME /usr/libexec/gdm-x-session[1606]: (**) Intel HID events: Applying InputClass "libinput keyboard catchall"
Apr 30 12:40:24 HOSTNAME /usr/libexec/gdm-x-session[1606]: (II) Using input driver 'libinput' for 'Intel HID events'
Apr 30 12:40:24 HOSTNAME /usr/libexec/gdm-x-session[1606]: (II) systemd-logind: got fd for /dev/input/event6 13:70 fd 41 paused 0
Apr 30 12:40:24 HOSTNAME /usr/libexec/gdm-x-session[1606]: (**) Intel HID events: always reports core events
Apr 30 12:40:24 HOSTNAME /usr/libexec/gdm-x-session[1606]: (**) Option "Device" "/dev/input/event6"
Apr 30 12:40:24 HOSTNAME /usr/libexec/gdm-x-session[1606]: (II) event6  - Intel HID events: is tagged by udev as: Keyboard
Apr 30 12:40:24 HOSTNAME /usr/libexec/gdm-x-session[1606]: (II) event6  - Intel HID events: device is a keyboard
Apr 30 12:40:24 HOSTNAME /usr/libexec/gdm-x-session[1606]: (II) event6  - Intel HID events: device removed
Apr 30 12:40:24 HOSTNAME /usr/libexec/gdm-x-session[1606]: (**) Option "config_info" "udev:/sys/devices/platform/INTC1051:00/input/input9/event6"
Apr 30 12:40:24 HOSTNAME /usr/libexec/gdm-x-session[1606]: (II) XINPUT: Adding extended input device "Intel HID events" (type: KEYBOARD, id 15)
Apr 30 12:40:24 HOSTNAME /usr/libexec/gdm-x-session[1606]: (**) Option "xkb_model" "pc105"
Apr 30 12:40:24 HOSTNAME /usr/libexec/gdm-x-session[1606]: (**) Option "xkb_layout" "jp"
Apr 30 12:40:24 HOSTNAME /usr/libexec/gdm-x-session[1606]: (II) event6  - Intel HID events: is tagged by udev as: Keyboard
Apr 30 12:40:24 HOSTNAME /usr/libexec/gdm-x-session[1606]: (II) event6  - Intel HID events: device is a keyboard
Apr 30 12:40:24 HOSTNAME /usr/libexec/gdm-x-session[1606]: (II) config/udev: Adding input device AT Translated Set 2 keyboard (/dev/input/event3)
Apr 30 12:40:24 HOSTNAME /usr/libexec/gdm-x-session[1606]: (**) AT Translated Set 2 keyboard: Applying InputClass "libinput keyboard catchall"
Apr 30 12:40:24 HOSTNAME /usr/libexec/gdm-x-session[1606]: (II) Using input driver 'libinput' for 'AT Translated Set 2 keyboard'
Apr 30 12:40:24 HOSTNAME /usr/libexec/gdm-x-session[1606]: (II) systemd-logind: got fd for /dev/input/event3 13:67 fd 42 paused 0
Apr 30 12:40:24 HOSTNAME /usr/libexec/gdm-x-session[1606]: (**) AT Translated Set 2 keyboard: always reports core events
Apr 30 12:40:24 HOSTNAME /usr/libexec/gdm-x-session[1606]: (**) Option "Device" "/dev/input/event3"
Apr 30 12:40:24 HOSTNAME /usr/libexec/gdm-x-session[1606]: (II) event3  - AT Translated Set 2 keyboard: is tagged by udev as: Keyboard
Apr 30 12:40:24 HOSTNAME /usr/libexec/gdm-x-session[1606]: (II) event3  - AT Translated Set 2 keyboard: device is a keyboard
Apr 30 12:40:24 HOSTNAME /usr/libexec/gdm-x-session[1606]: (II) event3  - AT Translated Set 2 keyboard: device removed
Apr 30 12:40:24 HOSTNAME /usr/libexec/gdm-x-session[1606]: (**) Option "config_info" "udev:/sys/devices/platform/i8042/serio0/input/input3/event3"
Apr 30 12:40:24 HOSTNAME /usr/libexec/gdm-x-session[1606]: (II) XINPUT: Adding extended input device "AT Translated Set 2 keyboard" (type: KEYBOARD, id 16)
Apr 30 12:40:24 HOSTNAME /usr/libexec/gdm-x-session[1606]: (**) Option "xkb_model" "pc105"
Apr 30 12:40:24 HOSTNAME /usr/libexec/gdm-x-session[1606]: (**) Option "xkb_layout" "jp"
Apr 30 12:40:24 HOSTNAME /usr/libexec/gdm-x-session[1606]: (II) event3  - AT Translated Set 2 keyboard: is tagged by udev as: Keyboard
Apr 30 12:40:24 HOSTNAME /usr/libexec/gdm-x-session[1606]: (II) event3  - AT Translated Set 2 keyboard: device is a keyboard
Apr 30 12:40:24 HOSTNAME /usr/libexec/gdm-x-session[1606]: (II) config/udev: Adding input device MSI WMI hotkeys (/dev/input/event4)
Apr 30 12:40:24 HOSTNAME /usr/libexec/gdm-x-session[1606]: (**) MSI WMI hotkeys: Applying InputClass "libinput keyboard catchall"
Apr 30 12:40:24 HOSTNAME /usr/libexec/gdm-x-session[1606]: (II) Using input driver 'libinput' for 'MSI WMI hotkeys'
Apr 30 12:40:24 HOSTNAME /usr/libexec/gdm-x-session[1606]: (II) systemd-logind: got fd for /dev/input/event4 13:68 fd 43 paused 0
Apr 30 12:40:24 HOSTNAME /usr/libexec/gdm-x-session[1606]: (**) MSI WMI hotkeys: always reports core events
Apr 30 12:40:24 HOSTNAME /usr/libexec/gdm-x-session[1606]: (**) Option "Device" "/dev/input/event4"
Apr 30 12:40:24 HOSTNAME /usr/libexec/gdm-x-session[1606]: (II) event4  - MSI WMI hotkeys: is tagged by udev as: Keyboard
Apr 30 12:40:24 HOSTNAME /usr/libexec/gdm-x-session[1606]: (II) event4  - MSI WMI hotkeys: device is a keyboard
Apr 30 12:40:24 HOSTNAME /usr/libexec/gdm-x-session[1606]: (II) event4  - MSI WMI hotkeys: device removed
Apr 30 12:40:24 HOSTNAME /usr/libexec/gdm-x-session[1606]: (**) Option "config_info" "udev:/sys/devices/virtual/input/input11/event4"
Apr 30 12:40:24 HOSTNAME /usr/libexec/gdm-x-session[1606]: (II) XINPUT: Adding extended input device "MSI WMI hotkeys" (type: KEYBOARD, id 17)
Apr 30 12:40:24 HOSTNAME /usr/libexec/gdm-x-session[1606]: (**) Option "xkb_model" "pc105"
Apr 30 12:40:24 HOSTNAME /usr/libexec/gdm-x-session[1606]: (**) Option "xkb_layout" "jp"
Apr 30 12:40:24 HOSTNAME /usr/libexec/gdm-x-session[1606]: (II) event4  - MSI WMI hotkeys: is tagged by udev as: Keyboard
Apr 30 12:40:24 HOSTNAME /usr/libexec/gdm-x-session[1606]: (II) event4  - MSI WMI hotkeys: device is a keyboard
Apr 30 12:40:25 HOSTNAME /usr/libexec/gdm-x-session[1606]: (II) modeset(0): EDID vendor "AUO", prod id 4667
Apr 30 12:40:25 HOSTNAME /usr/libexec/gdm-x-session[1606]: (II) modeset(0): Printing DDC gathered Modelines:
Apr 30 12:40:25 HOSTNAME /usr/libexec/gdm-x-session[1606]: (II) modeset(0): Modeline "3840x2160"x0.0  533.50  3840 3888 3920 4000  2160 2163 2168 2222 -hsync -vsync (133.4 kHz eP)
Apr 30 12:40:25 HOSTNAME /usr/libexec/gdm-x-session[1606]: (II) modeset(0): Modeline "3840x2160"x0.0  355.67  3840 3888 3920 4000  2160 2163 2168 2222 -hsync -vsync (88.9 kHz e)
Apr 30 12:40:25 HOSTNAME /usr/libexec/gdm-x-session[1606]: (II) modeset(0): EDID vendor "AUO", prod id 4667
Apr 30 12:40:25 HOSTNAME /usr/libexec/gdm-x-session[1606]: (II) modeset(0): Printing DDC gathered Modelines:
Apr 30 12:40:25 HOSTNAME /usr/libexec/gdm-x-session[1606]: (II) modeset(0): Modeline "3840x2160"x0.0  533.50  3840 3888 3920 4000  2160 2163 2168 2222 -hsync -vsync (133.4 kHz eP)
Apr 30 12:40:25 HOSTNAME /usr/libexec/gdm-x-session[1606]: (II) modeset(0): Modeline "3840x2160"x0.0  355.67  3840 3888 3920 4000  2160 2163 2168 2222 -hsync -vsync (88.9 kHz e)
Apr 30 12:40:25 HOSTNAME /usr/libexec/gdm-x-session[1606]: (II) modeset(0): EDID vendor "AUO", prod id 4667
Apr 30 12:40:25 HOSTNAME /usr/libexec/gdm-x-session[1606]: (II) modeset(0): Printing DDC gathered Modelines:
Apr 30 12:40:25 HOSTNAME /usr/libexec/gdm-x-session[1606]: (II) modeset(0): Modeline "3840x2160"x0.0  533.50  3840 3888 3920 4000  2160 2163 2168 2222 -hsync -vsync (133.4 kHz eP)
Apr 30 12:40:25 HOSTNAME /usr/libexec/gdm-x-session[1606]: (II) modeset(0): Modeline "3840x2160"x0.0  355.67  3840 3888 3920 4000  2160 2163 2168 2222 -hsync -vsync (88.9 kHz e)
Apr 30 12:40:25 HOSTNAME /usr/libexec/gdm-x-session[1606]: (II) modeset(0): EDID vendor "AUO", prod id 4667
Apr 30 12:40:25 HOSTNAME /usr/libexec/gdm-x-session[1606]: (II) modeset(0): Printing DDC gathered Modelines:
Apr 30 12:40:25 HOSTNAME /usr/libexec/gdm-x-session[1606]: (II) modeset(0): Modeline "3840x2160"x0.0  533.50  3840 3888 3920 4000  2160 2163 2168 2222 -hsync -vsync (133.4 kHz eP)
Apr 30 12:40:25 HOSTNAME /usr/libexec/gdm-x-session[1606]: (II) modeset(0): Modeline "3840x2160"x0.0  355.67  3840 3888 3920 4000  2160 2163 2168 2222 -hsync -vsync (88.9 kHz e)
Apr 30 12:40:25 HOSTNAME /usr/libexec/gdm-x-session[1606]: (II) modeset(0): EDID vendor "AUO", prod id 4667
Apr 30 12:40:25 HOSTNAME /usr/libexec/gdm-x-session[1606]: (II) modeset(0): Printing DDC gathered Modelines:
Apr 30 12:40:25 HOSTNAME /usr/libexec/gdm-x-session[1606]: (II) modeset(0): Modeline "3840x2160"x0.0  533.50  3840 3888 3920 4000  2160 2163 2168 2222 -hsync -vsync (133.4 kHz eP)
Apr 30 12:40:25 HOSTNAME /usr/libexec/gdm-x-session[1606]: (II) modeset(0): Modeline "3840x2160"x0.0  355.67  3840 3888 3920 4000  2160 2163 2168 2222 -hsync -vsync (88.9 kHz e)
Apr 30 12:40:25 HOSTNAME /usr/libexec/gdm-x-session[1606]: (II) modeset(0): Allocate new frame buffer 320x200 stride
Apr 30 12:40:25 HOSTNAME /usr/libexec/gdm-x-session[1606]: (II) config/udev: Adding input device PS/2 Generic Mouse (/dev/input/mouse2)
Apr 30 12:40:25 HOSTNAME /usr/libexec/gdm-x-session[1606]: (II) No input driver specified, ignoring this device.
Apr 30 12:40:25 HOSTNAME /usr/libexec/gdm-x-session[1606]: (II) This device may have been added with another device file.
Apr 30 12:40:25 HOSTNAME /usr/libexec/gdm-x-session[1606]: (II) config/udev: Adding input device PS/2 Generic Mouse (/dev/input/event19)
Apr 30 12:40:25 HOSTNAME /usr/libexec/gdm-x-session[1606]: (**) PS/2 Generic Mouse: Applying InputClass "libinput pointer catchall"
Apr 30 12:40:25 HOSTNAME /usr/libexec/gdm-x-session[1606]: (II) Using input driver 'libinput' for 'PS/2 Generic Mouse'
Apr 30 12:40:25 HOSTNAME /usr/libexec/gdm-x-session[1606]: (II) systemd-logind: got fd for /dev/input/event19 13:83 fd 32 paused 0
Apr 30 12:40:25 HOSTNAME /usr/libexec/gdm-x-session[1606]: (**) PS/2 Generic Mouse: always reports core events
Apr 30 12:40:25 HOSTNAME /usr/libexec/gdm-x-session[1606]: (**) Option "Device" "/dev/input/event19"
Apr 30 12:40:25 HOSTNAME /usr/libexec/gdm-x-session[1606]: (II) event19 - PS/2 Generic Mouse: is tagged by udev as: Mouse
Apr 30 12:40:25 HOSTNAME /usr/libexec/gdm-x-session[1606]: (II) event19 - PS/2 Generic Mouse: device is a pointer
Apr 30 12:40:25 HOSTNAME /usr/libexec/gdm-x-session[1606]: (II) event19 - PS/2 Generic Mouse: device removed
Apr 30 12:40:25 HOSTNAME /usr/libexec/gdm-x-session[1606]: (**) Option "config_info" "udev:/sys/devices/platform/i8042/serio1/input/input5/event19"
Apr 30 12:40:25 HOSTNAME /usr/libexec/gdm-x-session[1606]: (II) XINPUT: Adding extended input device "PS/2 Generic Mouse" (type: MOUSE, id 18)
Apr 30 12:40:25 HOSTNAME /usr/libexec/gdm-x-session[1606]: (**) Option "AccelerationScheme" "none"
Apr 30 12:40:25 HOSTNAME /usr/libexec/gdm-x-session[1606]: (**) PS/2 Generic Mouse: (accel) selected scheme none/0
Apr 30 12:40:25 HOSTNAME /usr/libexec/gdm-x-session[1606]: (**) PS/2 Generic Mouse: (accel) acceleration factor: 2.000
Apr 30 12:40:25 HOSTNAME /usr/libexec/gdm-x-session[1606]: (**) PS/2 Generic Mouse: (accel) acceleration threshold: 4
Apr 30 12:40:25 HOSTNAME /usr/libexec/gdm-x-session[1606]: (II) event19 - PS/2 Generic Mouse: is tagged by udev as: Mouse
Apr 30 12:40:25 HOSTNAME /usr/libexec/gdm-x-session[1606]: (II) event19 - PS/2 Generic Mouse: device is a pointer
Apr 30 12:40:25 HOSTNAME /usr/libexec/gdm-x-session[1606]: (II) modeset(0): Allocate new frame buffer 3840x2160 stride
Apr 30 12:40:26 HOSTNAME /usr/libexec/gdm-x-session[1606]: (II) modeset(0): EDID vendor "AUO", prod id 4667
Apr 30 12:40:26 HOSTNAME /usr/libexec/gdm-x-session[1606]: (II) modeset(0): Printing DDC gathered Modelines:
Apr 30 12:40:26 HOSTNAME /usr/libexec/gdm-x-session[1606]: (II) modeset(0): Modeline "3840x2160"x0.0  533.50  3840 3888 3920 4000  2160 2163 2168 2222 -hsync -vsync (133.4 kHz eP)
Apr 30 12:40:26 HOSTNAME /usr/libexec/gdm-x-session[1606]: (II) modeset(0): Modeline "3840x2160"x0.0  355.67  3840 3888 3920 4000  2160 2163 2168 2222 -hsync -vsync (88.9 kHz e)
Apr 30 12:40:31 HOSTNAME /usr/libexec/gdm-x-session[1606]: (**) Option "fd" "30"
Apr 30 12:40:31 HOSTNAME /usr/libexec/gdm-x-session[1606]: (II) event13 - Video Bus: device removed
Apr 30 12:40:31 HOSTNAME /usr/libexec/gdm-x-session[1606]: (**) Option "fd" "33"
Apr 30 12:40:31 HOSTNAME /usr/libexec/gdm-x-session[1606]: (II) event12 - Video Bus: device removed
Apr 30 12:40:31 HOSTNAME /usr/libexec/gdm-x-session[1606]: (**) Option "fd" "34"
Apr 30 12:40:31 HOSTNAME /usr/libexec/gdm-x-session[1606]: (II) event2  - Power Button: device removed
Apr 30 12:40:31 HOSTNAME /usr/libexec/gdm-x-session[1606]: (**) Option "fd" "35"
Apr 30 12:40:31 HOSTNAME /usr/libexec/gdm-x-session[1606]: (II) event1  - Sleep Button: device removed
Apr 30 12:40:31 HOSTNAME /usr/libexec/gdm-x-session[1606]: (**) Option "fd" "36"
Apr 30 12:40:31 HOSTNAME /usr/libexec/gdm-x-session[1606]: (II) event8  - HD Camera: HD Camera: device removed
Apr 30 12:40:31 HOSTNAME /usr/libexec/gdm-x-session[1606]: (**) Option "fd" "37"
Apr 30 12:40:31 HOSTNAME /usr/libexec/gdm-x-session[1606]: (II) event11 - HD Camera: IR Camera: device removed
Apr 30 12:40:31 HOSTNAME /usr/libexec/gdm-x-session[1606]: (**) Option "fd" "38"
Apr 30 12:40:31 HOSTNAME /usr/libexec/gdm-x-session[1606]: (II) event9  - PNP0C50:00 06CB:CDAA Mouse: device removed
Apr 30 12:40:31 HOSTNAME /usr/libexec/gdm-x-session[1606]: (**) Option "fd" "39"
Apr 30 12:40:31 HOSTNAME /usr/libexec/gdm-x-session[1606]: (II) event10 - PNP0C50:00 06CB:CDAA Touchpad: device removed
Apr 30 12:40:31 HOSTNAME /usr/libexec/gdm-x-session[1606]: (**) Option "fd" "40"
Apr 30 12:40:31 HOSTNAME /usr/libexec/gdm-x-session[1606]: (II) event7  - Intel HID 5 button array: device removed
Apr 30 12:40:31 HOSTNAME /usr/libexec/gdm-x-session[1606]: (**) Option "fd" "41"
Apr 30 12:40:31 HOSTNAME /usr/libexec/gdm-x-session[1606]: (II) event6  - Intel HID events: device removed
Apr 30 12:40:31 HOSTNAME /usr/libexec/gdm-x-session[1606]: (**) Option "fd" "42"
Apr 30 12:40:31 HOSTNAME /usr/libexec/gdm-x-session[1606]: (II) event3  - AT Translated Set 2 keyboard: device removed
Apr 30 12:40:31 HOSTNAME /usr/libexec/gdm-x-session[1606]: (**) Option "fd" "43"
Apr 30 12:40:31 HOSTNAME /usr/libexec/gdm-x-session[1606]: (II) event4  - MSI WMI hotkeys: device removed
Apr 30 12:40:31 HOSTNAME /usr/libexec/gdm-x-session[1606]: (**) Option "fd" "32"
Apr 30 12:40:31 HOSTNAME /usr/libexec/gdm-x-session[1606]: (II) event19 - PS/2 Generic Mouse: device removed
Apr 30 12:40:31 HOSTNAME /usr/libexec/gdm-x-session[1606]: (II) AIGLX: Suspending AIGLX clients for VT switch
Apr 30 12:40:31 HOSTNAME /usr/libexec/gdm-x-session[1606]: (EE) modeset(0): Failed to set CTM property: -13
Apr 30 12:40:31 HOSTNAME /usr/libexec/gdm-x-session[1606]: (EE) modeset(0): failed to set mode: No such file or directory
Apr 30 12:40:31 HOSTNAME /usr/libexec/gdm-x-session[1606]: (II) systemd-logind: got pause for 13:68
Apr 30 12:40:31 HOSTNAME /usr/libexec/gdm-x-session[1606]: (II) systemd-logind: got pause for 13:66
Apr 30 12:40:31 HOSTNAME /usr/libexec/gdm-x-session[1606]: (II) systemd-logind: got pause for 13:74
Apr 30 12:40:31 HOSTNAME /usr/libexec/gdm-x-session[1606]: (II) systemd-logind: got pause for 13:73
Apr 30 12:40:31 HOSTNAME /usr/libexec/gdm-x-session[1606]: (II) systemd-logind: got pause for 13:71
Apr 30 12:40:31 HOSTNAME /usr/libexec/gdm-x-session[1606]: (II) systemd-logind: got pause for 13:65
Apr 30 12:40:31 HOSTNAME /usr/libexec/gdm-x-session[1606]: (II) systemd-logind: got pause for 13:70
Apr 30 12:40:31 HOSTNAME /usr/libexec/gdm-x-session[1606]: (II) systemd-logind: got pause for 13:67
Apr 30 12:40:31 HOSTNAME /usr/libexec/gdm-x-session[1606]: (II) systemd-logind: got pause for 13:83
Apr 30 12:40:31 HOSTNAME /usr/libexec/gdm-x-session[1606]: (II) systemd-logind: got pause for 13:75
Apr 30 12:40:31 HOSTNAME /usr/libexec/gdm-x-session[1606]: (II) systemd-logind: got pause for 13:77
Apr 30 12:40:31 HOSTNAME /usr/libexec/gdm-x-session[1606]: (II) systemd-logind: got pause for 13:76
Apr 30 12:40:31 HOSTNAME /usr/libexec/gdm-x-session[1606]: (II) systemd-logind: got pause for 13:72
Apr 30 12:40:33 HOSTNAME /usr/libexec/gdm-x-session[1606]: (II) UnloadModule: "libinput"
Apr 30 12:40:33 HOSTNAME /usr/libexec/gdm-x-session[1606]: (II) systemd-logind: releasing fd for 13:83
Apr 30 12:40:34 HOSTNAME /usr/libexec/gdm-x-session[1606]: (II) UnloadModule: "libinput"
Apr 30 12:40:34 HOSTNAME /usr/libexec/gdm-x-session[1606]: (II) systemd-logind: releasing fd for 13:68
Apr 30 12:40:34 HOSTNAME /usr/libexec/gdm-x-session[1606]: (II) UnloadModule: "libinput"
Apr 30 12:40:34 HOSTNAME /usr/libexec/gdm-x-session[1606]: (II) systemd-logind: releasing fd for 13:67
Apr 30 12:40:34 HOSTNAME /usr/libexec/gdm-x-session[1606]: (II) UnloadModule: "libinput"
Apr 30 12:40:34 HOSTNAME /usr/libexec/gdm-x-session[1606]: (II) systemd-logind: releasing fd for 13:70
Apr 30 12:40:34 HOSTNAME /usr/libexec/gdm-x-session[1606]: (II) UnloadModule: "libinput"
Apr 30 12:40:34 HOSTNAME /usr/libexec/gdm-x-session[1606]: (II) systemd-logind: releasing fd for 13:71
Apr 30 12:40:34 HOSTNAME /usr/libexec/gdm-x-session[1606]: (II) UnloadModule: "libinput"
Apr 30 12:40:34 HOSTNAME /usr/libexec/gdm-x-session[1606]: (II) systemd-logind: releasing fd for 13:74
Apr 30 12:40:34 HOSTNAME /usr/libexec/gdm-x-session[1606]: (II) UnloadModule: "libinput"
Apr 30 12:40:34 HOSTNAME /usr/libexec/gdm-x-session[1606]: (II) systemd-logind: releasing fd for 13:73
Apr 30 12:40:34 HOSTNAME /usr/libexec/gdm-x-session[1606]: (II) UnloadModule: "libinput"
Apr 30 12:40:34 HOSTNAME /usr/libexec/gdm-x-session[1606]: (II) systemd-logind: releasing fd for 13:75
Apr 30 12:40:34 HOSTNAME /usr/libexec/gdm-x-session[1606]: (II) UnloadModule: "libinput"
Apr 30 12:40:34 HOSTNAME /usr/libexec/gdm-x-session[1606]: (II) systemd-logind: releasing fd for 13:72
Apr 30 12:40:34 HOSTNAME /usr/libexec/gdm-x-session[1606]: (II) UnloadModule: "libinput"
Apr 30 12:40:34 HOSTNAME /usr/libexec/gdm-x-session[1606]: (II) systemd-logind: releasing fd for 13:65
Apr 30 12:40:34 HOSTNAME /usr/libexec/gdm-x-session[1606]: (II) UnloadModule: "libinput"
Apr 30 12:40:34 HOSTNAME /usr/libexec/gdm-x-session[1606]: (II) systemd-logind: releasing fd for 13:66
Apr 30 12:40:34 HOSTNAME /usr/libexec/gdm-x-session[1606]: (II) UnloadModule: "libinput"
Apr 30 12:40:34 HOSTNAME /usr/libexec/gdm-x-session[1606]: (II) systemd-logind: releasing fd for 13:76
Apr 30 12:40:34 HOSTNAME /usr/libexec/gdm-x-session[1606]: (II) UnloadModule: "libinput"
Apr 30 12:40:34 HOSTNAME /usr/libexec/gdm-x-session[1606]: (II) systemd-logind: releasing fd for 13:77
Apr 30 12:40:34 HOSTNAME /usr/libexec/gdm-x-session[1606]: (II) Server terminated successfully (0). Closing log file.
