[    13.690] _XSERVTransSocketUNIXCreateListener: ...SocketCreateListener() failed
[    13.690] _XSERVTransMakeAllCOTSServerListeners: server already running
[    13.691] (--) Log file renamed from "/home/USERNAME/.local/share/xorg/Xorg.pid-2527.log" to "/home/USERNAME/.local/share/xorg/Xorg.1.log"
[    13.691] 
X.Org X Server 1.21.1.4
X Protocol Version 11, Revision 0
[    13.691] Current Operating System: Linux HOSTNAME 6.2.0-39-generic #40~22.04.1-Ubuntu SMP PREEMPT_DYNAMIC Thu Nov 16 10:53:04 UTC 2 x86_64
[    13.691] Kernel command line: BOOT_IMAGE=/boot/vmlinuz-6.2.0-39-generic root=UUID=8be7d0b8-40cb-48fa-bd65-23c9c490e9d0 ro quiet splash
[    13.691] xorg-server 2:21.1.4-2ubuntu1.7~22.04.10 (For technical support please see http://www.ubuntu.com/support) 
[    13.691] Current version of pixman: 0.40.0
[    13.691] 	Before reporting problems, check http://wiki.x.org
	to make sure that you have the latest version.
[    13.691] Markers: (--) probed, (**) from config file, (==) default setting,
	(++) from command line, (!!) notice, (II) informational,
	(WW) warning, (EE) error, (NI) not implemented, (??) unknown.
[    13.691] (==) Log file: "/home/USERNAME/.local/share/xorg/Xorg.1.log", Time: Wed Apr 17 17:18:07 2024
[    13.691] (==) Using system config directory "/usr/share/X11/xorg.conf.d"
[    13.691] (==) ServerLayout "layout"
[    13.691] (==) No screen section available. Using defaults.
[    13.691] (**) |-->Screen "Default Screen Section" (0)
[    13.691] (**) |   |-->Monitor "<default monitor>"
[    13.691] (==) No monitor specified for screen "Default Screen Section".
	Using a default monitor configuration.
[    13.691] (==) Automatically adding devices
[    13.691] (==) Automatically enabling devices
[    13.691] (==) Automatically adding GPU devices
[    13.691] (==) Automatically binding GPU devices
[    13.691] (==) Max clients allowed: 256, resource mask: 0x1fffff
[    13.691] (WW) The directory "/usr/share/fonts/X11/cyrillic" does not exist.
[    13.691] 	Entry deleted from font path.
[    13.691] (WW) The directory "/usr/share/fonts/X11/100dpi/" does not exist.
[    13.691] 	Entry deleted from font path.
[    13.691] (WW) The directory "/usr/share/fonts/X11/75dpi/" does not exist.
[    13.691] 	Entry deleted from font path.
[    13.691] (WW) The directory "/usr/share/fonts/X11/100dpi" does not exist.
[    13.691] 	Entry deleted from font path.
[    13.691] (WW) The directory "/usr/share/fonts/X11/75dpi" does not exist.
[    13.691] 	Entry deleted from font path.
[    13.691] (==) FontPath set to:
	/usr/share/fonts/X11/misc,
	/usr/share/fonts/X11/Type1,
	built-ins
[    13.691] (==) ModulePath set to "/usr/lib/xorg/modules"
[    13.691] (II) The server relies on udev to provide the list of input devices.
	If no devices become available, reconfigure udev or disable AutoAddDevices.
[    13.691] (II) Loader magic: 0x55c9910b4020
[    13.691] (II) Module ABI versions:
[    13.691] 	X.Org ANSI C Emulation: 0.4
[    13.691] 	X.Org Video Driver: 25.2
[    13.691] 	X.Org XInput driver : 24.4
[    13.691] 	X.Org Server Extension : 10.0
[    13.691] (++) using VT number 2

[    13.692] (II) systemd-logind: took control of session /org/freedesktop/login1/session/_33
[    13.692] (II) xfree86: Adding drm device (/dev/dri/card1)
[    13.692] (II) Platform probe for /sys/devices/pci0000:00/0000:00:02.0/drm/card1
[    13.693] (II) systemd-logind: got fd for /dev/dri/card1 226:1 fd 15 paused 0
[    13.693] (II) xfree86: Adding drm device (/dev/dri/card0)
[    13.693] (II) Platform probe for /sys/devices/pci0000:00/0000:00:1c.4/0000:5b:00.0/drm/card0
[    13.693] (II) systemd-logind: got fd for /dev/dri/card0 226:0 fd 16 paused 0
[    13.694] (**) OutputClass "nvidia" ModulePath extended to "/usr/lib/x86_64-linux-gnu/nvidia/xorg,/usr/lib/xorg/modules"
[    13.695] (--) PCI:*(0@0:2:0) 8086:9a49:1462:1302 rev 3, Mem @ 0x6052000000/16777216, 0x4000000000/268435456, I/O @ 0x00004000/64, BIOS @ 0x????????/131072
[    13.695] (--) PCI: (91@0:0:0) 10de:1f9d:1462:1302 rev 161, Mem @ 0x85000000/16777216, 0x6040000000/268435456, 0x6050000000/33554432, I/O @ 0x00003000/128, BIOS @ 0x????????/524288
[    13.695] (II) LoadModule: "glx"
[    13.695] (II) Loading /usr/lib/xorg/modules/extensions/libglx.so
[    13.695] (II) Module glx: vendor="X.Org Foundation"
[    13.695] 	compiled for 1.21.1.4, module version = 1.0.0
[    13.695] 	ABI class: X.Org Server Extension, version 10.0
[    13.695] (II) Applying OutputClass "nvidia" to /dev/dri/card0
[    13.695] 	loading driver: nvidia
[    13.799] (==) Matched nvidia as autoconfigured driver 0
[    13.799] (==) Matched nouveau as autoconfigured driver 1
[    13.799] (==) Matched modesetting as autoconfigured driver 2
[    13.799] (==) Matched fbdev as autoconfigured driver 3
[    13.799] (==) Matched vesa as autoconfigured driver 4
[    13.799] (==) Assigned the driver to the xf86ConfigLayout
[    13.799] (II) LoadModule: "nvidia"
[    13.799] (II) Loading /usr/lib/x86_64-linux-gnu/nvidia/xorg/nvidia_drv.so
[    13.799] (II) Module nvidia: vendor="NVIDIA Corporation"
[    13.799] 	compiled for 1.6.99.901, module version = 1.0.0
[    13.799] 	Module class: X.Org Video Driver
[    13.799] (II) LoadModule: "nouveau"
[    13.799] (II) Loading /usr/lib/xorg/modules/drivers/nouveau_drv.so
[    13.799] (II) Module nouveau: vendor="X.Org Foundation"
[    13.799] 	compiled for 1.21.1.3, module version = 1.0.17
[    13.799] 	Module class: X.Org Video Driver
[    13.799] 	ABI class: X.Org Video Driver, version 25.2
[    13.799] (II) LoadModule: "modesetting"
[    13.800] (II) Loading /usr/lib/xorg/modules/drivers/modesetting_drv.so
[    13.800] (II) Module modesetting: vendor="X.Org Foundation"
[    13.800] 	compiled for 1.21.1.4, module version = 1.21.1
[    13.800] 	Module class: X.Org Video Driver
[    13.800] 	ABI class: X.Org Video Driver, version 25.2
[    13.800] (II) LoadModule: "fbdev"
[    13.800] (II) Loading /usr/lib/xorg/modules/drivers/fbdev_drv.so
[    13.800] (II) Module fbdev: vendor="X.Org Foundation"
[    13.800] 	compiled for 1.21.1.3, module version = 0.5.0
[    13.800] 	Module class: X.Org Video Driver
[    13.800] 	ABI class: X.Org Video Driver, version 25.2
[    13.800] (II) LoadModule: "vesa"
[    13.800] (II) Loading /usr/lib/xorg/modules/drivers/vesa_drv.so
[    13.800] (II) Module vesa: vendor="X.Org Foundation"
[    13.800] 	compiled for 1.21.1.3, module version = 2.5.0
[    13.800] 	Module class: X.Org Video Driver
[    13.800] 	ABI class: X.Org Video Driver, version 25.2
[    13.800] (II) NVIDIA dlloader X Driver  535.171.04  Tue Mar 19 20:33:21 UTC 2024
[    13.800] (II) NVIDIA Unified Driver for all Supported NVIDIA GPUs
[    13.800] (II) NOUVEAU driver Date:   Sat Jan 23 12:24:42 2021 -0500
[    13.800] (II) NOUVEAU driver for NVIDIA chipset families :
[    13.800] 	RIVA TNT            (NV04)
[    13.800] 	RIVA TNT2           (NV05)
[    13.800] 	GeForce 256         (NV10)
[    13.800] 	GeForce 2           (NV11, NV15)
[    13.800] 	GeForce 4MX         (NV17, NV18)
[    13.800] 	GeForce 3           (NV20)
[    13.800] 	GeForce 4Ti         (NV25, NV28)
[    13.800] 	GeForce FX          (NV3x)
[    13.800] 	GeForce 6           (NV4x)
[    13.800] 	GeForce 7           (G7x)
[    13.800] 	GeForce 8           (G8x)
[    13.800] 	GeForce 9           (G9x)
[    13.800] 	GeForce GTX 2xx/3xx (GT2xx)
[    13.800] 	GeForce GTX 4xx/5xx (GFxxx)
[    13.800] 	GeForce GTX 6xx/7xx (GKxxx)
[    13.800] 	GeForce GTX 9xx     (GMxxx)
[    13.800] 	GeForce GTX 10xx    (GPxxx)
[    13.800] (II) modesetting: Driver for Modesetting Kernel Drivers: kms
[    13.800] (II) FBDEV: driver for framebuffer: fbdev
[    13.800] (II) VESA: driver for VESA chipsets: vesa
[    13.800] xf86EnableIO: failed to enable I/O ports 0000-03ff (Operation not permitted)
[    13.800] (II) modeset(0): using drv /dev/dri/card1
[    13.800] (WW) Falling back to old probe method for fbdev
[    13.800] (II) Loading sub module "fbdevhw"
[    13.800] (II) LoadModule: "fbdevhw"
[    13.800] (II) Loading /usr/lib/xorg/modules/libfbdevhw.so
[    13.800] (II) Module fbdevhw: vendor="X.Org Foundation"
[    13.800] 	compiled for 1.21.1.4, module version = 0.0.2
[    13.800] 	ABI class: X.Org Video Driver, version 25.2
[    13.800] (EE) open /dev/fb0: Permission denied
[    13.800] (II) systemd-logind: releasing fd for 226:0
[    13.800] (II) Loading sub module "fb"
[    13.800] (II) LoadModule: "fb"
[    13.800] (II) Module "fb" already built-in
[    13.800] (II) Loading sub module "wfb"
[    13.800] (II) LoadModule: "wfb"
[    13.801] (II) Loading /usr/lib/xorg/modules/libwfb.so
[    13.801] (II) Module wfb: vendor="X.Org Foundation"
[    13.801] 	compiled for 1.21.1.4, module version = 1.0.0
[    13.801] 	ABI class: X.Org ANSI C Emulation, version 0.4
[    13.801] (EE) NVIDIA: Failed to initialize the NVIDIA kernel module. Please see the
[    13.801] (EE) NVIDIA:     system's kernel log for additional error messages and
[    13.801] (EE) NVIDIA:     consult the NVIDIA README for details.
[    13.801] (EE) [drm] Failed to open DRM device for (null): -2
[    13.801] (II) modeset(G0): using drv /dev/dri/card0
[    13.801] (WW) VGA arbiter: cannot open kernel arbiter, no multi-card support
[    13.801] (II) modeset(0): Creating default Display subsection in Screen section
	"Default Screen Section" for depth/fbbpp 24/32
[    13.801] (==) modeset(0): Depth 24, (==) framebuffer bpp 32
[    13.801] (==) modeset(0): RGB weight 888
[    13.801] (==) modeset(0): Default visual is TrueColor
[    13.801] (II) Loading sub module "glamoregl"
[    13.801] (II) LoadModule: "glamoregl"
[    13.801] (II) Loading /usr/lib/xorg/modules/libglamoregl.so
[    13.803] (II) Module glamoregl: vendor="X.Org Foundation"
[    13.803] 	compiled for 1.21.1.4, module version = 1.0.1
[    13.803] 	ABI class: X.Org ANSI C Emulation, version 0.4
[    13.827] (II) modeset(0): glamor X acceleration enabled on Mesa Intel(R) Xe Graphics (TGL GT2)
[    13.827] (II) modeset(0): glamor initialized
[    13.827] (==) modeset(0): VariableRefresh: disabled
[    13.827] (==) modeset(0): AsyncFlipSecondaries: disabled
[    13.829] (II) modeset(0): Output eDP-1 has no monitor section
[    13.829] (II) modeset(0): Output DP-1 has no monitor section
[    13.829] (II) modeset(0): Output DP-2 has no monitor section
[    13.830] (II) modeset(0): Output DP-3 has no monitor section
[    13.830] (II) modeset(0): Output DP-4 has no monitor section
[    13.832] (II) modeset(0): EDID for output eDP-1
[    13.832] (II) modeset(0): Manufacturer: AUO  Model: 123b  Serial#: 0
[    13.832] (II) modeset(0): Year: 2018  Week: 35
[    13.832] (II) modeset(0): EDID Version: 1.4
[    13.832] (II) modeset(0): Digital Display Input
[    13.832] (II) modeset(0): 10 bits per channel
[    13.832] (II) modeset(0): Digital interface is DisplayPort
[    13.832] (II) modeset(0): Max Image Size [cm]: horiz.: 31  vert.: 17
[    13.832] (II) modeset(0): Gamma: 2.20
[    13.832] (II) modeset(0): No DPMS capabilities specified
[    13.832] (II) modeset(0): Supported color encodings: RGB 4:4:4 
[    13.832] (II) modeset(0): First detailed timing is preferred mode
[    13.832] (II) modeset(0): Preferred mode is native pixel format and refresh rate
[    13.832] (II) modeset(0): Display is continuous-frequency
[    13.832] (II) modeset(0): redX: 0.640 redY: 0.330   greenX: 0.210 greenY: 0.710
[    13.832] (II) modeset(0): blueX: 0.150 blueY: 0.060   whiteX: 0.313 whiteY: 0.329
[    13.832] (II) modeset(0): Manufacturer's mask: 0
[    13.832] (II) modeset(0): Supported detailed timing:
[    13.832] (II) modeset(0): clock: 533.5 MHz   Image Size:  309 x 173 mm
[    13.832] (II) modeset(0): h_active: 3840  h_sync: 3888  h_sync_end 3920 h_blank_end 4000 h_border: 0
[    13.832] (II) modeset(0): v_active: 2160  v_sync: 2163  v_sync_end 2168 v_blanking: 2222 v_border: 0
[    13.832] (II) modeset(0): Supported detailed timing:
[    13.832] (II) modeset(0): clock: 355.7 MHz   Image Size:  309 x 173 mm
[    13.832] (II) modeset(0): h_active: 3840  h_sync: 3888  h_sync_end 3920 h_blank_end 4000 h_border: 0
[    13.832] (II) modeset(0): v_active: 2160  v_sync: 2163  v_sync_end 2168 v_blanking: 2222 v_border: 0
[    13.832] (II) modeset(0): Unknown vendor-specific block 3
[    13.832] (II) modeset(0): EDID (in hex):
[    13.832] (II) modeset(0): 	00ffffffffffff0006af3b1200000000
[    13.832] (II) modeset(0): 	231c0104b51f117803ef95a35435b526
[    13.832] (II) modeset(0): 	0f505400000001010101010101010101
[    13.832] (II) modeset(0): 	01010101010166d000a0f0703e803020
[    13.832] (II) modeset(0): 	350035ad10000018ef8a00a0f0703e80
[    13.832] (II) modeset(0): 	3020350035ad10000018000000000000
[    13.832] (II) modeset(0): 	00000000000000000000000000000003
[    13.832] (II) modeset(0): 	001422ff193c2c2a11582c010120002f
[    13.832] (II) modeset(0): Printing probed modes for output eDP-1
[    13.832] (II) modeset(0): Modeline "3840x2160"x60.0  533.50  3840 3888 3920 4000  2160 2163 2168 2222 -hsync -vsync (133.4 kHz eP)
[    13.832] (II) modeset(0): Modeline "3840x2160"x60.0  533.50  3840 3888 3920 4000  2160 2163 2168 2222 +hsync -vsync (133.4 kHz d)
[    13.832] (II) modeset(0): Modeline "3840x2160"x40.0  355.67  3840 3888 3920 4000  2160 2163 2168 2222 -hsync -vsync (88.9 kHz e)
[    13.832] (II) modeset(0): Modeline "3200x1800"x60.0  373.52  3200 3248 3280 3360  1800 1803 1808 1852 +hsync -vsync (111.2 kHz d)
[    13.832] (II) modeset(0): Modeline "2880x1620"x60.0  304.00  2880 2928 2960 3040  1620 1623 1628 1666 +hsync -vsync (100.0 kHz d)
[    13.832] (II) modeset(0): Modeline "2560x1600"x60.0  268.74  2560 2608 2640 2720  1600 1603 1609 1646 +hsync -vsync (98.8 kHz d)
[    13.832] (II) modeset(0): Modeline "2560x1440"x60.0  241.80  2560 2608 2640 2720  1440 1443 1448 1481 +hsync -vsync (88.9 kHz d)
[    13.832] (II) modeset(0): Modeline "2048x1536"x60.0  267.06  2048 2200 2424 2800  1536 1537 1540 1589 -hsync +vsync (95.4 kHz d)
[    13.832] (II) modeset(0): Modeline "1920x1440"x60.0  234.10  1920 2048 2256 2600  1440 1441 1444 1500 -hsync +vsync (90.0 kHz d)
[    13.832] (II) modeset(0): Modeline "1856x1392"x60.0  218.36  1856 1952 2176 2528  1392 1393 1396 1439 -hsync +vsync (86.4 kHz d)
[    13.832] (II) modeset(0): Modeline "1792x1344"x60.0  204.84  1792 1920 2120 2448  1344 1345 1348 1394 -hsync +vsync (83.7 kHz d)
[    13.832] (II) modeset(0): Modeline "2048x1152"x60.0  157.05  2048 2096 2128 2208  1152 1155 1160 1185 +hsync -vsync (71.1 kHz d)
[    13.832] (II) modeset(0): Modeline "1920x1200"x60.0  154.19  1920 1968 2000 2080  1200 1203 1209 1235 +hsync -vsync (74.1 kHz d)
[    13.832] (II) modeset(0): Modeline "1920x1080"x60.0  138.71  1920 1968 2000 2080  1080 1083 1088 1111 +hsync -vsync (66.7 kHz d)
[    13.832] (II) modeset(0): Modeline "1600x1200"x60.0  162.07  1600 1664 1856 2160  1200 1201 1204 1250 +hsync +vsync (75.0 kHz d)
[    13.832] (II) modeset(0): Modeline "1680x1050"x60.0  119.28  1680 1728 1760 1840  1050 1053 1059 1080 +hsync -vsync (64.8 kHz d)
[    13.832] (II) modeset(0): Modeline "1400x1050"x60.0  122.10  1400 1488 1640 1880  1050 1052 1064 1082 +hsync +vsync (64.9 kHz d)
[    13.832] (II) modeset(0): Modeline "1600x900"x60.0   97.83  1600 1648 1680 1760  900 903 908 926 +hsync -vsync (55.6 kHz d)
[    13.832] (II) modeset(0): Modeline "1280x1024"x60.0  108.01  1280 1328 1440 1688  1024 1025 1028 1066 +hsync +vsync (64.0 kHz d)
[    13.832] (II) modeset(0): Modeline "1400x900"x60.0   86.71  1400 1448 1480 1560  900 903 913 926 +hsync -vsync (55.6 kHz d)
[    13.832] (II) modeset(0): Modeline "1280x960"x60.0  108.04  1280 1376 1488 1800  960 961 964 1000 +hsync +vsync (60.0 kHz d)
[    13.832] (II) modeset(0): Modeline "1440x810"x60.0  152.00  1440 1464 1480 1520  810 811 814 833 doublescan +hsync -vsync (100.0 kHz d)
[    13.832] (II) modeset(0): Modeline "1368x768"x60.0   72.46  1368 1416 1448 1528  768 771 781 790 +hsync -vsync (47.4 kHz d)
[    13.832] (II) modeset(0): Modeline "1280x800"x60.0   71.14  1280 1328 1360 1440  800 803 809 823 +hsync -vsync (49.4 kHz d)
[    13.832] (II) modeset(0): Modeline "1280x720"x60.0   64.05  1280 1328 1360 1440  720 723 728 741 +hsync -vsync (44.5 kHz d)
[    13.832] (II) modeset(0): Modeline "1024x768"x60.0   65.02  1024 1048 1184 1344  768 771 777 806 -hsync -vsync (48.4 kHz d)
[    13.832] (II) modeset(0): Modeline "960x720"x60.0  117.05  960 1024 1128 1300  720 720 722 750 doublescan -hsync +vsync (90.0 kHz d)
[    13.832] (II) modeset(0): Modeline "928x696"x60.0  109.10  928 976 1088 1264  696 696 698 719 doublescan -hsync +vsync (86.3 kHz d)
[    13.832] (II) modeset(0): Modeline "896x672"x60.0  102.42  896 960 1060 1224  672 672 674 697 doublescan -hsync +vsync (83.7 kHz d)
[    13.832] (II) modeset(0): Modeline "1024x576"x60.0   42.14  1024 1072 1104 1184  576 579 584 593 +hsync -vsync (35.6 kHz d)
[    13.832] (II) modeset(0): Modeline "960x600"x60.0   77.03  960 984 1000 1040  600 601 604 617 doublescan +hsync -vsync (74.1 kHz d)
[    13.832] (II) modeset(0): Modeline "960x540"x60.0   37.38  960 1008 1040 1120  540 543 548 556 +hsync -vsync (33.4 kHz d)
[    13.832] (II) modeset(0): Modeline "800x600"x60.0   38.41  800 824 896 1024  600 601 603 625 +hsync +vsync (37.5 kHz d)
[    13.832] (II) modeset(0): Modeline "840x525"x60.0   59.64  840 864 880 920  525 526 529 540 doublescan +hsync -vsync (64.8 kHz d)
[    13.832] (II) modeset(0): Modeline "864x486"x60.0   30.73  864 912 944 1024  486 489 494 500 +hsync -vsync (30.0 kHz d)
[    13.832] (II) modeset(0): Modeline "700x525"x60.0   61.05  700 744 820 940  525 526 532 541 doublescan +hsync +vsync (64.9 kHz d)
[    13.832] (II) modeset(0): Modeline "800x450"x60.0   48.91  800 824 840 880  450 451 454 463 doublescan +hsync -vsync (55.6 kHz d)
[    13.832] (II) modeset(0): Modeline "640x512"x60.0   54.00  640 664 720 844  512 512 514 533 doublescan +hsync +vsync (64.0 kHz d)
[    13.832] (II) modeset(0): Modeline "700x450"x60.0   43.35  700 724 740 780  450 451 456 463 doublescan +hsync -vsync (55.6 kHz d)
[    13.832] (II) modeset(0): Modeline "640x480"x60.0   25.21  640 656 752 800  480 490 492 525 -hsync -vsync (31.5 kHz d)
[    13.832] (II) modeset(0): Modeline "720x405"x60.0   22.13  720 768 800 880  405 408 413 419 +hsync -vsync (25.1 kHz d)
[    13.832] (II) modeset(0): Modeline "684x384"x60.0   36.23  684 708 724 764  384 385 390 395 doublescan +hsync -vsync (47.4 kHz d)
[    13.832] (II) modeset(0): Modeline "640x360"x60.0   17.96  640 688 720 800  360 363 368 374 +hsync -vsync (22.4 kHz d)
[    13.832] (II) modeset(0): Modeline "512x384"x60.0   32.51  512 524 592 672  384 385 388 403 doublescan -hsync -vsync (48.4 kHz d)
[    13.832] (II) modeset(0): Modeline "512x288"x60.0   21.04  512 536 552 592  288 289 292 296 doublescan +hsync -vsync (35.5 kHz d)
[    13.832] (II) modeset(0): Modeline "480x270"x60.0   18.69  480 504 520 560  270 271 274 278 doublescan +hsync -vsync (33.4 kHz d)
[    13.832] (II) modeset(0): Modeline "400x300"x60.0   19.18  400 412 448 512  300 300 301 312 doublescan +hsync +vsync (37.5 kHz d)
[    13.832] (II) modeset(0): Modeline "432x243"x60.0   15.37  432 456 472 512  243 244 247 250 doublescan +hsync -vsync (30.0 kHz d)
[    13.832] (II) modeset(0): Modeline "320x240"x60.0   12.58  320 328 376 400  240 245 246 262 doublescan -hsync -vsync (31.5 kHz d)
[    13.832] (II) modeset(0): Modeline "360x202"x60.0   11.04  360 384 400 440  202 204 206 209 doublescan +hsync -vsync (25.1 kHz d)
[    13.832] (II) modeset(0): Modeline "320x180"x60.0    8.98  320 344 360 400  180 181 184 187 doublescan +hsync -vsync (22.4 kHz d)
[    13.832] (II) modeset(0): EDID for output DP-1
[    13.832] (II) modeset(0): EDID for output DP-2
[    13.832] (II) modeset(0): EDID for output DP-3
[    13.833] (II) modeset(0): EDID for output DP-4
[    13.833] (II) modeset(0): Output eDP-1 connected
[    13.833] (II) modeset(0): Output DP-1 disconnected
[    13.833] (II) modeset(0): Output DP-2 disconnected
[    13.833] (II) modeset(0): Output DP-3 disconnected
[    13.833] (II) modeset(0): Output DP-4 disconnected
[    13.833] (II) modeset(0): Using exact sizes for initial modes
[    13.833] (II) modeset(0): Output eDP-1 using initial mode 3840x2160 +0+0
[    13.833] (==) modeset(0): Using gamma correction (1.0, 1.0, 1.0)
[    13.833] (==) modeset(0): DPI set to (96, 96)
[    13.833] (II) Loading sub module "fb"
[    13.833] (II) LoadModule: "fb"
[    13.833] (II) Module "fb" already built-in
[    13.833] (II) modeset(G0): Using 24bpp hw front buffer with 32bpp shadow
[    13.833] (==) modeset(G0): Depth 24, (==) framebuffer bpp 32
[    13.833] (II) Applying OutputClass "nvidia" options to /dev/dri/card0
[    13.833] (==) modeset(G0): RGB weight 888
[    13.833] (==) modeset(G0): Default visual is TrueColor
[    13.833] (**) modeset(G0): Cannot use glamor with 24bpp packed fb
[    13.833] (II) modeset(G0): ShadowFB: preferred YES, enabled FORCE
[    13.833] (II) modeset(G0): Double-buffered shadow updates: off
[    13.833] (==) modeset(G0): Using gamma correction (1.0, 1.0, 1.0)
[    13.833] (==) modeset(G0): DPI set to (96, 96)
[    13.833] (II) Loading sub module "fb"
[    13.833] (II) LoadModule: "fb"
[    13.833] (II) Module "fb" already built-in
[    13.833] (II) Loading sub module "shadow"
[    13.833] (II) LoadModule: "shadow"
[    13.833] (II) Loading /usr/lib/xorg/modules/libshadow.so
[    13.833] (II) Module shadow: vendor="X.Org Foundation"
[    13.833] 	compiled for 1.21.1.4, module version = 1.1.0
[    13.833] 	ABI class: X.Org ANSI C Emulation, version 0.4
[    13.833] (II) UnloadModule: "fbdev"
[    13.833] (II) Unloading fbdev
[    13.833] (II) UnloadSubModule: "fbdevhw"
[    13.833] (II) Unloading fbdevhw
[    13.833] (II) UnloadModule: "vesa"
[    13.833] (II) Unloading vesa
[    13.843] (==) modeset(0): Backing store enabled
[    13.843] (==) modeset(0): Silken mouse enabled
[    13.914] (II) modeset(0): Initializing kms color map for depth 24, 8 bpc.
[    13.914] (==) modeset(0): DPMS enabled
[    13.914] (II) modeset(0): [DRI2] Setup complete
[    13.914] (II) modeset(0): [DRI2]   DRI driver: iris
[    13.914] (II) modeset(0): [DRI2]   VDPAU driver: va_gl
[    13.914] (==) modeset(G0): Backing store enabled
[    13.914] (==) modeset(G0): Silken mouse enabled
[    13.914] (II) modeset(G0): Initializing kms color map for depth 24, 8 bpc.
[    13.914] (==) modeset(G0): DPMS enabled
[    13.914] (WW) modeset(G0): Option "AllowEmptyInitialConfiguration" is not used
[    13.914] (II) Initializing extension Generic Event Extension
[    13.914] (II) Initializing extension SHAPE
[    13.914] (II) Initializing extension MIT-SHM
[    13.914] (II) Initializing extension XInputExtension
[    13.915] (II) Initializing extension XTEST
[    13.915] (II) Initializing extension BIG-REQUESTS
[    13.915] (II) Initializing extension SYNC
[    13.915] (II) Initializing extension XKEYBOARD
[    13.915] (II) Initializing extension XC-MISC
[    13.915] (II) Initializing extension SECURITY
[    13.915] (II) Initializing extension XFIXES
[    13.915] (II) Initializing extension RENDER
[    13.915] (II) Initializing extension RANDR
[    13.915] (II) Initializing extension COMPOSITE
[    13.915] (II) Initializing extension DAMAGE
[    13.915] (II) Initializing extension MIT-SCREEN-SAVER
[    13.915] (II) Initializing extension DOUBLE-BUFFER
[    13.915] (II) Initializing extension RECORD
[    13.915] (II) Initializing extension DPMS
[    13.915] (II) Initializing extension Present
[    13.915] (II) Initializing extension DRI3
[    13.915] (II) Initializing extension X-Resource
[    13.916] (II) Initializing extension XVideo
[    13.916] (II) Initializing extension XVideo-MotionCompensation
[    13.916] (II) Initializing extension SELinux
[    13.916] (II) SELinux: Disabled on system
[    13.916] (II) Initializing extension GLX
[    13.919] (II) AIGLX: Loaded and initialized iris
[    13.919] (II) GLX: Initialized DRI2 GL provider for screen 0
[    13.919] (II) Initializing extension XFree86-VidModeExtension
[    13.919] (II) Initializing extension XFree86-DGA
[    13.919] (II) Initializing extension XFree86-DRI
[    13.919] (II) Initializing extension DRI2
[    13.920] (II) modeset(G0): Damage tracking initialized
[    13.920] (II) modeset(0): Damage tracking initialized
[    13.920] (II) modeset(0): Setting screen physical size to 1016 x 571
[    13.939] (II) config/udev: Adding input device Video Bus (/dev/input/event13)
[    13.939] (**) Video Bus: Applying InputClass "libinput keyboard catchall"
[    13.939] (II) LoadModule: "libinput"
[    13.939] (II) Loading /usr/lib/xorg/modules/input/libinput_drv.so
[    13.940] (II) Module libinput: vendor="X.Org Foundation"
[    13.940] 	compiled for 1.20.14, module version = 1.2.1
[    13.940] 	Module class: X.Org XInput Driver
[    13.940] 	ABI class: X.Org XInput driver, version 24.1
[    13.940] (II) Using input driver 'libinput' for 'Video Bus'
[    13.940] (II) systemd-logind: got fd for /dev/input/event13 13:77 fd 31 paused 0
[    13.940] (**) Video Bus: always reports core events
[    13.940] (**) Option "Device" "/dev/input/event13"
[    13.942] (II) event13 - Video Bus: is tagged by udev as: Keyboard
[    13.942] (II) event13 - Video Bus: device is a keyboard
[    13.942] (II) event13 - Video Bus: device removed
[    13.942] (**) Option "config_info" "udev:/sys/devices/LNXSYSTM:00/LNXSYBUS:00/PNP0A08:00/LNXVIDEO:01/input/input19/event13"
[    13.942] (II) XINPUT: Adding extended input device "Video Bus" (type: KEYBOARD, id 6)
[    13.942] (**) Option "xkb_model" "pc105"
[    13.942] (**) Option "xkb_layout" "jp"
[    13.950] (II) event13 - Video Bus: is tagged by udev as: Keyboard
[    13.950] (II) event13 - Video Bus: device is a keyboard
[    13.950] (II) config/udev: Adding input device Video Bus (/dev/input/event12)
[    13.950] (**) Video Bus: Applying InputClass "libinput keyboard catchall"
[    13.950] (II) Using input driver 'libinput' for 'Video Bus'
[    13.950] (II) systemd-logind: got fd for /dev/input/event12 13:76 fd 34 paused 0
[    13.950] (**) Video Bus: always reports core events
[    13.950] (**) Option "Device" "/dev/input/event12"
[    13.951] (II) event12 - Video Bus: is tagged by udev as: Keyboard
[    13.951] (II) event12 - Video Bus: device is a keyboard
[    13.951] (II) event12 - Video Bus: device removed
[    13.951] (**) Option "config_info" "udev:/sys/devices/LNXSYSTM:00/LNXSYBUS:00/PNP0A08:00/device:11/LNXVIDEO:00/input/input18/event12"
[    13.951] (II) XINPUT: Adding extended input device "Video Bus" (type: KEYBOARD, id 7)
[    13.951] (**) Option "xkb_model" "pc105"
[    13.951] (**) Option "xkb_layout" "jp"
[    13.951] (II) event12 - Video Bus: is tagged by udev as: Keyboard
[    13.951] (II) event12 - Video Bus: device is a keyboard
[    13.951] (II) config/udev: Adding input device Lid Switch (/dev/input/event0)
[    13.951] (II) No input driver specified, ignoring this device.
[    13.951] (II) This device may have been added with another device file.
[    13.952] (II) config/udev: Adding input device Power Button (/dev/input/event2)
[    13.952] (**) Power Button: Applying InputClass "libinput keyboard catchall"
[    13.952] (II) Using input driver 'libinput' for 'Power Button'
[    13.952] (II) systemd-logind: got fd for /dev/input/event2 13:66 fd 35 paused 0
[    13.952] (**) Power Button: always reports core events
[    13.952] (**) Option "Device" "/dev/input/event2"
[    13.952] (II) event2  - Power Button: is tagged by udev as: Keyboard
[    13.952] (II) event2  - Power Button: device is a keyboard
[    13.952] (II) event2  - Power Button: device removed
[    13.952] (**) Option "config_info" "udev:/sys/devices/LNXSYSTM:00/LNXSYBUS:00/PNP0C0C:00/input/input2/event2"
[    13.952] (II) XINPUT: Adding extended input device "Power Button" (type: KEYBOARD, id 8)
[    13.952] (**) Option "xkb_model" "pc105"
[    13.952] (**) Option "xkb_layout" "jp"
[    13.953] (II) event2  - Power Button: is tagged by udev as: Keyboard
[    13.953] (II) event2  - Power Button: device is a keyboard
[    13.953] (II) config/udev: Adding input device Sleep Button (/dev/input/event1)
[    13.953] (**) Sleep Button: Applying InputClass "libinput keyboard catchall"
[    13.953] (II) Using input driver 'libinput' for 'Sleep Button'
[    13.953] (II) systemd-logind: got fd for /dev/input/event1 13:65 fd 36 paused 0
[    13.953] (**) Sleep Button: always reports core events
[    13.953] (**) Option "Device" "/dev/input/event1"
[    13.954] (II) event1  - Sleep Button: is tagged by udev as: Keyboard
[    13.954] (II) event1  - Sleep Button: device is a keyboard
[    13.954] (II) event1  - Sleep Button: device removed
[    13.954] (**) Option "config_info" "udev:/sys/devices/LNXSYSTM:00/LNXSYBUS:00/PNP0C0E:00/input/input1/event1"
[    13.954] (II) XINPUT: Adding extended input device "Sleep Button" (type: KEYBOARD, id 9)
[    13.954] (**) Option "xkb_model" "pc105"
[    13.954] (**) Option "xkb_layout" "jp"
[    13.954] (II) event1  - Sleep Button: is tagged by udev as: Keyboard
[    13.954] (II) event1  - Sleep Button: device is a keyboard
[    13.955] (II) config/udev: Adding input device HD Camera: HD Camera (/dev/input/event10)
[    13.955] (**) HD Camera: HD Camera: Applying InputClass "libinput keyboard catchall"
[    13.955] (II) Using input driver 'libinput' for 'HD Camera: HD Camera'
[    13.955] (II) systemd-logind: got fd for /dev/input/event10 13:74 fd 37 paused 0
[    13.955] (**) HD Camera: HD Camera: always reports core events
[    13.955] (**) Option "Device" "/dev/input/event10"
[    13.956] (II) event10 - HD Camera: HD Camera: is tagged by udev as: Keyboard
[    13.956] (II) event10 - HD Camera: HD Camera: device is a keyboard
[    13.956] (II) event10 - HD Camera: HD Camera: device removed
[    13.956] (**) Option "config_info" "udev:/sys/devices/pci0000:00/0000:00:14.0/usb3/3-6/3-6:1.0/input/input16/event10"
[    13.956] (II) XINPUT: Adding extended input device "HD Camera: HD Camera" (type: KEYBOARD, id 10)
[    13.956] (**) Option "xkb_model" "pc105"
[    13.956] (**) Option "xkb_layout" "jp"
[    13.956] (II) event10 - HD Camera: HD Camera: is tagged by udev as: Keyboard
[    13.956] (II) event10 - HD Camera: HD Camera: device is a keyboard
[    13.957] (II) config/udev: Adding input device HD Camera: IR Camera (/dev/input/event11)
[    13.957] (**) HD Camera: IR Camera: Applying InputClass "libinput keyboard catchall"
[    13.957] (II) Using input driver 'libinput' for 'HD Camera: IR Camera'
[    13.957] (II) systemd-logind: got fd for /dev/input/event11 13:75 fd 38 paused 0
[    13.957] (**) HD Camera: IR Camera: always reports core events
[    13.957] (**) Option "Device" "/dev/input/event11"
[    13.957] (II) event11 - HD Camera: IR Camera: is tagged by udev as: Keyboard
[    13.957] (II) event11 - HD Camera: IR Camera: device is a keyboard
[    13.957] (II) event11 - HD Camera: IR Camera: device removed
[    13.957] (**) Option "config_info" "udev:/sys/devices/pci0000:00/0000:00:14.0/usb3/3-6/3-6:1.2/input/input17/event11"
[    13.957] (II) XINPUT: Adding extended input device "HD Camera: IR Camera" (type: KEYBOARD, id 11)
[    13.957] (**) Option "xkb_model" "pc105"
[    13.957] (**) Option "xkb_layout" "jp"
[    13.958] (II) event11 - HD Camera: IR Camera: is tagged by udev as: Keyboard
[    13.958] (II) event11 - HD Camera: IR Camera: device is a keyboard
[    13.958] (II) config/udev: Adding input device PNP0C50:00 06CB:CDAA Mouse (/dev/input/event5)
[    13.958] (**) PNP0C50:00 06CB:CDAA Mouse: Applying InputClass "libinput pointer catchall"
[    13.958] (II) Using input driver 'libinput' for 'PNP0C50:00 06CB:CDAA Mouse'
[    13.958] (II) systemd-logind: got fd for /dev/input/event5 13:69 fd 39 paused 0
[    13.958] (**) PNP0C50:00 06CB:CDAA Mouse: always reports core events
[    13.958] (**) Option "Device" "/dev/input/event5"
[    13.959] (II) event5  - PNP0C50:00 06CB:CDAA Mouse: is tagged by udev as: Mouse Pointingstick
[    13.959] (II) event5  - PNP0C50:00 06CB:CDAA Mouse: device is a pointer
[    13.959] (II) event5  - PNP0C50:00 06CB:CDAA Mouse: device removed
[    13.959] (**) Option "config_info" "udev:/sys/devices/pci0000:00/0000:00:15.0/i2c_designware.0/i2c-1/i2c-PNP0C50:00/0018:06CB:CDAA.0001/input/input13/event5"
[    13.959] (II) XINPUT: Adding extended input device "PNP0C50:00 06CB:CDAA Mouse" (type: MOUSE, id 12)
[    13.960] (**) Option "AccelerationScheme" "none"
[    13.960] (**) PNP0C50:00 06CB:CDAA Mouse: (accel) selected scheme none/0
[    13.960] (**) PNP0C50:00 06CB:CDAA Mouse: (accel) acceleration factor: 2.000
[    13.960] (**) PNP0C50:00 06CB:CDAA Mouse: (accel) acceleration threshold: 4
[    13.960] (II) event5  - PNP0C50:00 06CB:CDAA Mouse: is tagged by udev as: Mouse Pointingstick
[    13.960] (II) event5  - PNP0C50:00 06CB:CDAA Mouse: device is a pointer
[    13.961] (II) config/udev: Adding input device PNP0C50:00 06CB:CDAA Mouse (/dev/input/mouse0)
[    13.961] (II) No input driver specified, ignoring this device.
[    13.961] (II) This device may have been added with another device file.
[    13.961] (II) config/udev: Adding input device PNP0C50:00 06CB:CDAA Touchpad (/dev/input/event9)
[    13.961] (**) PNP0C50:00 06CB:CDAA Touchpad: Applying InputClass "libinput touchpad catchall"
[    13.961] (II) Using input driver 'libinput' for 'PNP0C50:00 06CB:CDAA Touchpad'
[    13.961] (II) systemd-logind: got fd for /dev/input/event9 13:73 fd 40 paused 0
[    13.961] (**) PNP0C50:00 06CB:CDAA Touchpad: always reports core events
[    13.961] (**) Option "Device" "/dev/input/event9"
[    13.962] (II) event9  - PNP0C50:00 06CB:CDAA Touchpad: is tagged by udev as: Touchpad
[    13.962] (II) event9  - PNP0C50:00 06CB:CDAA Touchpad: device is a touchpad
[    13.962] (II) event9  - PNP0C50:00 06CB:CDAA Touchpad: device removed
[    13.963] (**) Option "config_info" "udev:/sys/devices/pci0000:00/0000:00:15.0/i2c_designware.0/i2c-1/i2c-PNP0C50:00/0018:06CB:CDAA.0001/input/input14/event9"
[    13.963] (II) XINPUT: Adding extended input device "PNP0C50:00 06CB:CDAA Touchpad" (type: TOUCHPAD, id 13)
[    13.963] (**) Option "AccelerationScheme" "none"
[    13.963] (**) PNP0C50:00 06CB:CDAA Touchpad: (accel) selected scheme none/0
[    13.963] (**) PNP0C50:00 06CB:CDAA Touchpad: (accel) acceleration factor: 2.000
[    13.963] (**) PNP0C50:00 06CB:CDAA Touchpad: (accel) acceleration threshold: 4
[    13.964] (II) event9  - PNP0C50:00 06CB:CDAA Touchpad: is tagged by udev as: Touchpad
[    13.964] (II) event9  - PNP0C50:00 06CB:CDAA Touchpad: device is a touchpad
[    13.965] (II) config/udev: Adding input device PNP0C50:00 06CB:CDAA Touchpad (/dev/input/mouse1)
[    13.965] (II) No input driver specified, ignoring this device.
[    13.965] (II) This device may have been added with another device file.
[    13.965] (II) config/udev: Adding input device sof-hda-dsp Mic (/dev/input/event14)
[    13.965] (II) No input driver specified, ignoring this device.
[    13.965] (II) This device may have been added with another device file.
[    13.965] (II) config/udev: Adding input device sof-hda-dsp Headphone (/dev/input/event15)
[    13.965] (II) No input driver specified, ignoring this device.
[    13.965] (II) This device may have been added with another device file.
[    13.965] (II) config/udev: Adding input device sof-hda-dsp HDMI/DP,pcm=3 (/dev/input/event16)
[    13.965] (II) No input driver specified, ignoring this device.
[    13.965] (II) This device may have been added with another device file.
[    13.966] (II) config/udev: Adding input device sof-hda-dsp HDMI/DP,pcm=4 (/dev/input/event17)
[    13.966] (II) No input driver specified, ignoring this device.
[    13.966] (II) This device may have been added with another device file.
[    13.966] (II) config/udev: Adding input device sof-hda-dsp HDMI/DP,pcm=5 (/dev/input/event18)
[    13.966] (II) No input driver specified, ignoring this device.
[    13.966] (II) This device may have been added with another device file.
[    13.966] (II) config/udev: Adding input device gpio-keys (/dev/input/event4)
[    13.966] (II) No input driver specified, ignoring this device.
[    13.966] (II) This device may have been added with another device file.
[    13.966] (II) config/udev: Adding input device Intel HID 5 button array (/dev/input/event7)
[    13.966] (**) Intel HID 5 button array: Applying InputClass "libinput keyboard catchall"
[    13.966] (II) Using input driver 'libinput' for 'Intel HID 5 button array'
[    13.966] (II) systemd-logind: got fd for /dev/input/event7 13:71 fd 41 paused 0
[    13.966] (**) Intel HID 5 button array: always reports core events
[    13.966] (**) Option "Device" "/dev/input/event7"
[    13.967] (II) event7  - Intel HID 5 button array: is tagged by udev as: Keyboard
[    13.967] (II) event7  - Intel HID 5 button array: device is a keyboard
[    13.967] (II) event7  - Intel HID 5 button array: device removed
[    13.967] (**) Option "config_info" "udev:/sys/devices/platform/INTC1051:00/input/input10/event7"
[    13.967] (II) XINPUT: Adding extended input device "Intel HID 5 button array" (type: KEYBOARD, id 14)
[    13.967] (**) Option "xkb_model" "pc105"
[    13.967] (**) Option "xkb_layout" "jp"
[    13.967] (II) event7  - Intel HID 5 button array: is tagged by udev as: Keyboard
[    13.967] (II) event7  - Intel HID 5 button array: device is a keyboard
[    13.967] (II) config/udev: Adding input device Intel HID events (/dev/input/event6)
[    13.967] (**) Intel HID events: Applying InputClass "libinput keyboard catchall"
[    13.967] (II) Using input driver 'libinput' for 'Intel HID events'
[    13.968] (II) systemd-logind: got fd for /dev/input/event6 13:70 fd 42 paused 0
[    13.968] (**) Intel HID events: always reports core events
[    13.968] (**) Option "Device" "/dev/input/event6"
[    13.968] (II) event6  - Intel HID events: is tagged by udev as: Keyboard
[    13.968] (II) event6  - Intel HID events: device is a keyboard
[    13.968] (II) event6  - Intel HID events: device removed
[    13.968] (**) Option "config_info" "udev:/sys/devices/platform/INTC1051:00/input/input9/event6"
[    13.968] (II) XINPUT: Adding extended input device "Intel HID events" (type: KEYBOARD, id 15)
[    13.968] (**) Option "xkb_model" "pc105"
[    13.968] (**) Option "xkb_layout" "jp"
[    13.968] (II) event6  - Intel HID events: is tagged by udev as: Keyboard
[    13.968] (II) event6  - Intel HID events: device is a keyboard
[    13.969] (II) config/udev: Adding input device AT Translated Set 2 keyboard (/dev/input/event3)
[    13.969] (**) AT Translated Set 2 keyboard: Applying InputClass "libinput keyboard catchall"
[    13.969] (II) Using input driver 'libinput' for 'AT Translated Set 2 keyboard'
[    13.969] (II) systemd-logind: got fd for /dev/input/event3 13:67 fd 43 paused 0
[    13.969] (**) AT Translated Set 2 keyboard: always reports core events
[    13.969] (**) Option "Device" "/dev/input/event3"
[    13.969] (II) event3  - AT Translated Set 2 keyboard: is tagged by udev as: Keyboard
[    13.969] (II) event3  - AT Translated Set 2 keyboard: device is a keyboard
[    13.970] (II) event3  - AT Translated Set 2 keyboard: device removed
[    13.970] (**) Option "config_info" "udev:/sys/devices/platform/i8042/serio0/input/input3/event3"
[    13.970] (II) XINPUT: Adding extended input device "AT Translated Set 2 keyboard" (type: KEYBOARD, id 16)
[    13.970] (**) Option "xkb_model" "pc105"
[    13.970] (**) Option "xkb_layout" "jp"
[    13.970] (II) event3  - AT Translated Set 2 keyboard: is tagged by udev as: Keyboard
[    13.970] (II) event3  - AT Translated Set 2 keyboard: device is a keyboard
[    13.971] (II) config/udev: Adding input device PS/2 Generic Mouse (/dev/input/event19)
[    13.971] (**) PS/2 Generic Mouse: Applying InputClass "libinput pointer catchall"
[    13.971] (II) Using input driver 'libinput' for 'PS/2 Generic Mouse'
[    13.971] (II) systemd-logind: got fd for /dev/input/event19 13:83 fd 44 paused 0
[    13.971] (**) PS/2 Generic Mouse: always reports core events
[    13.971] (**) Option "Device" "/dev/input/event19"
[    13.971] (II) event19 - PS/2 Generic Mouse: is tagged by udev as: Mouse
[    13.971] (II) event19 - PS/2 Generic Mouse: device is a pointer
[    13.971] (II) event19 - PS/2 Generic Mouse: device removed
[    13.971] (**) Option "config_info" "udev:/sys/devices/platform/i8042/serio1/input/input5/event19"
[    13.971] (II) XINPUT: Adding extended input device "PS/2 Generic Mouse" (type: MOUSE, id 17)
[    13.971] (**) Option "AccelerationScheme" "none"
[    13.971] (**) PS/2 Generic Mouse: (accel) selected scheme none/0
[    13.971] (**) PS/2 Generic Mouse: (accel) acceleration factor: 2.000
[    13.971] (**) PS/2 Generic Mouse: (accel) acceleration threshold: 4
[    13.972] (II) event19 - PS/2 Generic Mouse: is tagged by udev as: Mouse
[    13.972] (II) event19 - PS/2 Generic Mouse: device is a pointer
[    13.972] (II) config/udev: Adding input device PS/2 Generic Mouse (/dev/input/mouse2)
[    13.972] (II) No input driver specified, ignoring this device.
[    13.972] (II) This device may have been added with another device file.
[    13.973] (II) config/udev: Adding input device MSI WMI hotkeys (/dev/input/event8)
[    13.973] (**) MSI WMI hotkeys: Applying InputClass "libinput keyboard catchall"
[    13.973] (II) Using input driver 'libinput' for 'MSI WMI hotkeys'
[    13.973] (II) systemd-logind: got fd for /dev/input/event8 13:72 fd 45 paused 0
[    13.973] (**) MSI WMI hotkeys: always reports core events
[    13.973] (**) Option "Device" "/dev/input/event8"
[    13.974] (II) event8  - MSI WMI hotkeys: is tagged by udev as: Keyboard
[    13.974] (II) event8  - MSI WMI hotkeys: device is a keyboard
[    13.974] (II) event8  - MSI WMI hotkeys: device removed
[    13.974] (**) Option "config_info" "udev:/sys/devices/virtual/input/input11/event8"
[    13.974] (II) XINPUT: Adding extended input device "MSI WMI hotkeys" (type: KEYBOARD, id 18)
[    13.974] (**) Option "xkb_model" "pc105"
[    13.974] (**) Option "xkb_layout" "jp"
[    13.974] (II) event8  - MSI WMI hotkeys: is tagged by udev as: Keyboard
[    13.974] (II) event8  - MSI WMI hotkeys: device is a keyboard
[    14.054] (II) modeset(0): EDID vendor "AUO", prod id 4667
[    14.054] (II) modeset(0): Printing DDC gathered Modelines:
[    14.054] (II) modeset(0): Modeline "3840x2160"x0.0  533.50  3840 3888 3920 4000  2160 2163 2168 2222 -hsync -vsync (133.4 kHz eP)
[    14.054] (II) modeset(0): Modeline "3840x2160"x0.0  355.67  3840 3888 3920 4000  2160 2163 2168 2222 -hsync -vsync (88.9 kHz e)
[    14.060] (II) modeset(0): EDID vendor "AUO", prod id 4667
[    14.060] (II) modeset(0): Printing DDC gathered Modelines:
[    14.060] (II) modeset(0): Modeline "3840x2160"x0.0  533.50  3840 3888 3920 4000  2160 2163 2168 2222 -hsync -vsync (133.4 kHz eP)
[    14.060] (II) modeset(0): Modeline "3840x2160"x0.0  355.67  3840 3888 3920 4000  2160 2163 2168 2222 -hsync -vsync (88.9 kHz e)
[    14.062] (II) modeset(0): EDID vendor "AUO", prod id 4667
[    14.062] (II) modeset(0): Printing DDC gathered Modelines:
[    14.062] (II) modeset(0): Modeline "3840x2160"x0.0  533.50  3840 3888 3920 4000  2160 2163 2168 2222 -hsync -vsync (133.4 kHz eP)
[    14.062] (II) modeset(0): Modeline "3840x2160"x0.0  355.67  3840 3888 3920 4000  2160 2163 2168 2222 -hsync -vsync (88.9 kHz e)
[    14.068] (II) modeset(0): EDID vendor "AUO", prod id 4667
[    14.068] (II) modeset(0): Printing DDC gathered Modelines:
[    14.068] (II) modeset(0): Modeline "3840x2160"x0.0  533.50  3840 3888 3920 4000  2160 2163 2168 2222 -hsync -vsync (133.4 kHz eP)
[    14.068] (II) modeset(0): Modeline "3840x2160"x0.0  355.67  3840 3888 3920 4000  2160 2163 2168 2222 -hsync -vsync (88.9 kHz e)
[    14.072] (II) modeset(0): EDID vendor "AUO", prod id 4667
[    14.073] (II) modeset(0): Printing DDC gathered Modelines:
[    14.073] (II) modeset(0): Modeline "3840x2160"x0.0  533.50  3840 3888 3920 4000  2160 2163 2168 2222 -hsync -vsync (133.4 kHz eP)
[    14.073] (II) modeset(0): Modeline "3840x2160"x0.0  355.67  3840 3888 3920 4000  2160 2163 2168 2222 -hsync -vsync (88.9 kHz e)
[    14.355] (II) modeset(0): Allocate new frame buffer 320x200 stride
[    14.369] (II) modeset(0): Allocate new frame buffer 3840x2160 stride
[    15.622] (II) modeset(0): EDID vendor "AUO", prod id 4667
[    15.622] (II) modeset(0): Printing DDC gathered Modelines:
[    15.622] (II) modeset(0): Modeline "3840x2160"x0.0  533.50  3840 3888 3920 4000  2160 2163 2168 2222 -hsync -vsync (133.4 kHz eP)
[    15.622] (II) modeset(0): Modeline "3840x2160"x0.0  355.67  3840 3888 3920 4000  2160 2163 2168 2222 -hsync -vsync (88.9 kHz e)
[  1886.523] (EE) event9  - PNP0C50:00 06CB:CDAA Touchpad: kernel bug: Touch jump detected and discarded.
See https://wayland.freedesktop.org/libinput/doc/1.20.0/touchpad-jumping-cursors.html for details
[  4915.662] (II) modeset(0): EDID vendor "AUO", prod id 4667
[  4915.662] (II) modeset(0): Printing DDC gathered Modelines:
[  4915.662] (II) modeset(0): Modeline "3840x2160"x0.0  533.50  3840 3888 3920 4000  2160 2163 2168 2222 -hsync -vsync (133.4 kHz eP)
[  4915.662] (II) modeset(0): Modeline "3840x2160"x0.0  355.67  3840 3888 3920 4000  2160 2163 2168 2222 -hsync -vsync (88.9 kHz e)
[  4915.709] (II) modeset(0): Allocate new frame buffer 5760x2160 stride
[  4916.059] (II) modeset(0): EDID vendor "AUO", prod id 4667
[  4916.059] (II) modeset(0): Printing DDC gathered Modelines:
[  4916.059] (II) modeset(0): Modeline "3840x2160"x0.0  533.50  3840 3888 3920 4000  2160 2163 2168 2222 -hsync -vsync (133.4 kHz eP)
[  4916.059] (II) modeset(0): Modeline "3840x2160"x0.0  355.67  3840 3888 3920 4000  2160 2163 2168 2222 -hsync -vsync (88.9 kHz e)
[  4916.102] (II) config/udev: Adding input device Wacom Movink 13 Pad (/dev/input/js0)
[  4916.102] (II) No input driver specified, ignoring this device.
[  4916.102] (II) This device may have been added with another device file.
[  4916.103] (II) config/udev: Adding input device Wacom Movink 13 Pen (/dev/input/mouse4)
[  4916.103] (II) No input driver specified, ignoring this device.
[  4916.103] (II) This device may have been added with another device file.
[  4916.190] (II) config/udev: Adding input device Wacom Movink 13 Pen (/dev/input/event23)
[  4916.190] (**) Wacom Movink 13 Pen: Applying InputClass "libinput tablet catchall"
[  4916.190] (**) Wacom Movink 13 Pen: Applying InputClass "Wacom USB tablet class"
[  4916.190] (**) Wacom Movink 13 Pen: Applying InputClass "Wacom tablet class"
[  4916.190] (II) LoadModule: "wacom"
[  4916.190] (II) Loading /usr/lib/xorg/modules/input/wacom_drv.so
[  4916.199] (II) Module wacom: vendor="X.Org Foundation"
[  4916.199] 	compiled for 1.21.1.4, module version = 1.2.1
[  4916.199] 	Module class: X.Org XInput Driver
[  4916.199] 	ABI class: X.Org XInput driver, version 24.4
[  4916.199] (II) Build version: 1.2.1.4.gf424151
[  4916.199] (II) wacom: Driver for Wacom graphics tablets: PenPartner, Graphire,
	Graphire2 4x5, Graphire2 5x7, Graphire3 4x5, Graphire3 6x8,
	Graphire4 4x5, Graphire4 6x8, BambooFun 4x5, BambooFun 6x8,
	Bamboo1 Medium, Graphire4 6x8 BlueTooth, CTL-460, CTH-461, CTL-660,
	CTL-461/S, Bamboo Touch, CTH-460/K, CTH-461/S, CTH-661/S1, CTH-461/L,
	CTH-661/L, Intuos 4x5, Intuos 6x8, Intuos 9x12, Intuos 12x12,
	Intuos 12x18, PTU600, PL400, PL500, PL600, PL600SX, PL550, PL800,
	PL700, PL510, PL710, DTI520, DTF720, DTF720a, DTF521, DTU1931,
	DTU2231, DTU1631, DTH1152, DTH1152, DTK2451, DTH2452, DTH2452,
	Wacom One Pen Display 13, Intuos2 4x5, Intuos2 6x8, Intuos2 9x12,
	Intuos2 12x12, Intuos2 12x18, Intuos2 6x8 , Volito, PenStation,
	Volito2 4x5, Volito2 2x3, PenPartner2, Bamboo, Bamboo1, Bamboo1 4x6,
	Bamboo1 5x8, Intuos3 4x5, Intuos3 6x8, Intuos3 9x12, Intuos3 12x12,
	Intuos3 12x19, Intuos3 6x11, Intuos3 4x6, Intuos4 4x6, Intuos4 6x9,
	Intuos4 8x13, Intuos4 12x19, Intuos4 WL USB Endpoint,
	Intuos4 WL Bluetooth Endpoint, Intuos5 touch S, Intuos5 touch M,
	Intuos5 touch L, Intuos5 S, Intuos5 M, Intuos Pro S, Intuos Pro M,
	Intuos Pro L, Cintiq 21UX, Cintiq 20WSX, Cintiq 12WX, Cintiq 21UX2,
	Cintiq 24HD, Cintiq 22HD, Cintiq 24HD touch (EMR digitizer),
	Cintiq 13HD, DTK2241, DTH2242, Cintiq 22HDT, Cintiq 27QHDT,
	Cintiq 27QHDT, Mobilestudio Pro 13, MobileStudio Pro 16,
	MobileStudio Pro 13, MobileStudio Pro 16, Cintiq 13 FHD Pro,
	Cintiq 16 UHD Pro, Cintiq Pro 24, Cintiq Pro 32, Cintiq 13 FHD Pro,
	Cintiq 16 UHD Pro, Cintiq Pro 24, Cintiq Pro 32, Cintiq Pro 24,
	Mobilestudio Pro 13, MobileStudio Pro 16, MobileStudio Pro 13,
	MobileStudio Pro 16, MobileStudio Pro 16, MobileStudio Pro 16,
	TabletPC 0x90, TabletPC 0x93, TabletPC 0x97, TabletPC 0x9A,
	CapPlus  0x9F, TabletPC 0xE2, TabletPC 0xE3, TabletPC 0xE5,
	TabletPC 0xE6, TabletPC 0xEC, TabletPC 0xED, TabletPC 0xEF,
	TabletPC 0x100, TabletPC 0x101, TabletPC 0x10D, TabletPC 0x116,
	TabletPC 0x12C, TabletPC 0x4001, TabletPC 0x4004, TabletPC 0x5000,
	TabletPC 0x5002, usb:172f:0024, usb:172f:0025, usb:172f:0026,
	usb:172f:0027, usb:172f:0028, usb:172f:0030, usb:172f:0031,
	usb:172f:0032, usb:172f:0033, usb:172f:0034, usb:172f:0035,
	usb:172f:0036, usb:172f:0037, usb:172f:0038, usb:172f:0039,
	usb:172f:0051, usb:172f:0052, usb:172f:0053, usb:172f:0054,
	usb:172f:0055, usb:172f:0056, usb:172f:0057, usb:172f:0058,
	usb:172f:0500, usb:172f:0501, usb:172f:0502, usb:172f:0503,
	usb:1b96:0001, usb:17ef:6004
[  4916.199] (II) Using input driver 'wacom' for 'Wacom Movink 13 Pen'
[  4916.261] (II) systemd-logind: got fd for /dev/input/event23 13:87 fd 63 paused 0
[  4916.261] (**) Wacom Movink 13 Pen: always reports core events
[  4916.261] (**) Option "Device" "/dev/input/event23"
[  4916.261] (II) wacom: Wacom Movink 13 Pen: type not specified, assuming 'stylus'.
[  4916.262] (II) wacom: Wacom Movink 13 Pen: other types will be automatically added.
[  4916.262] (**) wacom: Wacom Movink 13 Pen stylus: Smooth panscrolling is enabled
[  4916.262] (--) wacom: Wacom Movink 13 Pen stylus: using pressure threshold of 851 for button 1
[  4916.262] (**) wacom: Wacom Movink 13 Pen stylus: panscroll is 0
[  4916.262] (**) wacom: Wacom Movink 13 Pen stylus: panscroll modified to 2600
[  4916.262] (--) wacom: Wacom Movink 13 Pen stylus: maxX=59152 maxY=33448 maxZ=8191 resX=200000 resY=200000  tilt=enabled
[  4916.262] (II) wacom: Wacom Movink 13 Pen stylus: hotplugging dependent devices.
[  4916.262] (II) wacom: Wacom Movink 13 Pen stylus: hotplugging completed.
[  4916.262] (**) Option "config_info" "udev:/sys/devices/pci0000:00/0000:00:14.0/usb3/3-3/3-3.3/3-3.3:1.0/0003:056A:03F0.0007/input/input35/event23"
[  4916.262] (II) XINPUT: Adding extended input device "Wacom Movink 13 Pen stylus" (type: STYLUS, id 19)
[  4916.266] (**) Wacom Movink 13 Pen stylus: (accel) keeping acceleration scheme 1
[  4916.266] (**) Wacom Movink 13 Pen stylus: (accel) acceleration profile 0
[  4916.266] (**) Wacom Movink 13 Pen stylus: (accel) acceleration factor: 2.000
[  4916.266] (**) Wacom Movink 13 Pen stylus: (accel) acceleration threshold: 4
[  4916.268] (**) Wacom Movink 13 Pen eraser: Applying InputClass "libinput tablet catchall"
[  4916.268] (**) Wacom Movink 13 Pen eraser: Applying InputClass "Wacom USB tablet class"
[  4916.268] (**) Wacom Movink 13 Pen eraser: Applying InputClass "Wacom tablet class"
[  4916.268] (II) Using input driver 'wacom' for 'Wacom Movink 13 Pen eraser'
[  4916.268] (II) systemd-logind: returning pre-existing fd for /dev/input/event23 13:87
[  4916.268] (**) Wacom Movink 13 Pen eraser: always reports core events
[  4916.268] (**) Option "Device" "/dev/input/event23"
[  4916.268] (**) Option "Type" "eraser"
[  4916.269] (**) wacom: Wacom Movink 13 Pen eraser: Smooth panscrolling is enabled
[  4916.269] (**) wacom: Wacom Movink 13 Pen eraser: panscroll is 2600
[  4916.269] (**) wacom: Wacom Movink 13 Pen eraser: panscroll modified to 2600
[  4916.269] (--) wacom: Wacom Movink 13 Pen eraser: maxX=59152 maxY=33448 maxZ=8191 resX=200000 resY=200000  tilt=enabled
[  4916.269] (**) Option "config_info" "udev:/sys/devices/pci0000:00/0000:00:14.0/usb3/3-3/3-3.3/3-3.3:1.0/0003:056A:03F0.0007/input/input35/event23"
[  4916.269] (II) XINPUT: Adding extended input device "Wacom Movink 13 Pen eraser" (type: ERASER, id 20)
[  4916.273] (**) Wacom Movink 13 Pen eraser: (accel) keeping acceleration scheme 1
[  4916.273] (**) Wacom Movink 13 Pen eraser: (accel) acceleration profile 0
[  4916.273] (**) Wacom Movink 13 Pen eraser: (accel) acceleration factor: 2.000
[  4916.273] (**) Wacom Movink 13 Pen eraser: (accel) acceleration threshold: 4
[  4916.282] (II) config/udev: Adding input device Wacom Movink 13 Finger (/dev/input/mouse3)
[  4916.282] (II) No input driver specified, ignoring this device.
[  4916.282] (II) This device may have been added with another device file.
[  4916.285] (II) config/udev: Adding input device Wacom Movink 13 Pad (/dev/input/event24)
[  4916.285] (**) Wacom Movink 13 Pad: Applying InputClass "libinput tablet catchall"
[  4916.285] (**) Wacom Movink 13 Pad: Applying InputClass "Wacom USB tablet class"
[  4916.285] (**) Wacom Movink 13 Pad: Applying InputClass "Wacom tablet class"
[  4916.285] (II) Using input driver 'wacom' for 'Wacom Movink 13 Pad'
[  4916.288] (II) systemd-logind: got fd for /dev/input/event24 13:88 fd 83 paused 0
[  4916.288] (**) Wacom Movink 13 Pad: always reports core events
[  4916.288] (**) Option "Device" "/dev/input/event24"
[  4916.288] (II) wacom: Wacom Movink 13 Pad: type not specified, assuming 'pad'.
[  4916.288] (II) wacom: Wacom Movink 13 Pad: other types will be automatically added.
[  4916.288] (**) wacom: Wacom Movink 13 Pad pad: Smooth panscrolling is enabled
[  4916.288] (**) wacom: Wacom Movink 13 Pad pad: panscroll is 0
[  4916.289] (**) wacom: Wacom Movink 13 Pad pad: panscroll modified to 1000
[  4916.289] (II) wacom: Wacom Movink 13 Pad pad: hotplugging dependent devices.
[  4916.289] (II) wacom: Wacom Movink 13 Pad pad: hotplugging completed.
[  4916.289] (**) Option "config_info" "udev:/sys/devices/pci0000:00/0000:00:14.0/usb3/3-3/3-3.3/3-3.3:1.0/0003:056A:03F0.0007/input/input37/event24"
[  4916.289] (II) XINPUT: Adding extended input device "Wacom Movink 13 Pad pad" (type: PAD, id 21)
[  4916.291] (**) Wacom Movink 13 Pad pad: (accel) keeping acceleration scheme 1
[  4916.291] (**) Wacom Movink 13 Pad pad: (accel) acceleration profile 0
[  4916.291] (**) Wacom Movink 13 Pad pad: (accel) acceleration factor: 2.000
[  4916.291] (**) Wacom Movink 13 Pad pad: (accel) acceleration threshold: 4
[  4916.640] (II) config/udev: Adding input device Wacom Movink 13 Finger (/dev/input/event20)
[  4916.640] (**) Wacom Movink 13 Finger: Applying InputClass "libinput touchscreen catchall"
[  4916.640] (**) Wacom Movink 13 Finger: Applying InputClass "libinput tablet catchall"
[  4916.640] (**) Wacom Movink 13 Finger: Applying InputClass "Wacom USB tablet class"
[  4916.640] (**) Wacom Movink 13 Finger: Applying InputClass "Wacom USB touchscreen class"
[  4916.640] (**) Wacom Movink 13 Finger: Applying InputClass "Wacom tablet class"
[  4916.640] (**) Wacom Movink 13 Finger: Applying InputClass "Wacom touchscreen class"
[  4916.640] (II) Using input driver 'wacom' for 'Wacom Movink 13 Finger'
[  4916.704] (II) systemd-logind: got fd for /dev/input/event20 13:84 fd 85 paused 0
[  4916.704] (**) Wacom Movink 13 Finger: always reports core events
[  4916.704] (**) Option "Device" "/dev/input/event20"
[  4916.704] (II) wacom: Wacom Movink 13 Finger: type not specified, assuming 'touch'.
[  4916.704] (II) wacom: Wacom Movink 13 Finger: other types will be automatically added.
[  4916.704] (**) wacom: Wacom Movink 13 Finger touch: Smooth panscrolling is enabled
[  4916.704] (**) wacom: Wacom Movink 13 Finger touch: panscroll is 0
[  4916.704] (**) wacom: Wacom Movink 13 Finger touch: panscroll modified to 13
[  4916.704] (--) wacom: Wacom Movink 13 Finger touch: maxX=29375 maxY=16523 maxZ=0 resX=100000 resY=100000 
[  4916.704] (II) wacom: Wacom Movink 13 Finger touch: hotplugging dependent devices.
[  4916.704] (II) wacom: Wacom Movink 13 Finger touch: hotplugging completed.
[  4916.704] (**) Option "config_info" "udev:/sys/devices/pci0000:00/0000:00:14.0/usb3/3-3/3-3.3/3-3.3:1.4/0003:056A:03F0.0006/input/input45/event20"
[  4916.704] (II) XINPUT: Adding extended input device "Wacom Movink 13 Finger touch" (type: TOUCH, id 22)
[  4916.704] (**) Wacom Movink 13 Finger touch: (accel) keeping acceleration scheme 1
[  4916.704] (**) Wacom Movink 13 Finger touch: (accel) acceleration profile 0
[  4916.704] (**) Wacom Movink 13 Finger touch: (accel) acceleration factor: 2.000
[  4916.704] (**) Wacom Movink 13 Finger touch: (accel) acceleration threshold: 4
[  6906.849] (**) Option "fd" "31"
[  6906.849] (II) event13 - Video Bus: device removed
[  6906.849] (**) Option "fd" "34"
[  6906.849] (II) event12 - Video Bus: device removed
[  6906.849] (**) Option "fd" "35"
[  6906.849] (II) event2  - Power Button: device removed
[  6906.849] (**) Option "fd" "36"
[  6906.849] (II) event1  - Sleep Button: device removed
[  6906.849] (**) Option "fd" "37"
[  6906.849] (II) event10 - HD Camera: HD Camera: device removed
[  6906.849] (**) Option "fd" "38"
[  6906.849] (II) event11 - HD Camera: IR Camera: device removed
[  6906.849] (**) Option "fd" "39"
[  6906.849] (II) event5  - PNP0C50:00 06CB:CDAA Mouse: device removed
[  6906.849] (**) Option "fd" "40"
[  6906.849] (II) event9  - PNP0C50:00 06CB:CDAA Touchpad: device removed
[  6906.849] (**) Option "fd" "41"
[  6906.849] (II) event7  - Intel HID 5 button array: device removed
[  6906.849] (**) Option "fd" "42"
[  6906.849] (II) event6  - Intel HID events: device removed
[  6906.850] (**) Option "fd" "43"
[  6906.850] (II) event3  - AT Translated Set 2 keyboard: device removed
[  6906.850] (**) Option "fd" "44"
[  6906.850] (II) event19 - PS/2 Generic Mouse: device removed
[  6906.850] (**) Option "fd" "45"
[  6906.850] (II) event8  - MSI WMI hotkeys: device removed
[  6906.877] (II) UnloadModule: "wacom"
[  6906.877] (II) systemd-logind: releasing fd for 13:84
[  6906.952] (II) UnloadModule: "wacom"
[  6906.952] (II) systemd-logind: releasing fd for 13:88
[  6907.016] (II) UnloadModule: "wacom"
[  6907.016] (II) systemd-logind: not releasing fd for 13:87, still in use
[  6907.016] (II) UnloadModule: "wacom"
[  6907.016] (II) systemd-logind: releasing fd for 13:87
[  6907.084] (II) UnloadModule: "libinput"
[  6907.084] (II) systemd-logind: releasing fd for 13:72
[  6907.112] (II) UnloadModule: "libinput"
[  6907.112] (II) systemd-logind: releasing fd for 13:83
[  6907.176] (II) UnloadModule: "libinput"
[  6907.176] (II) systemd-logind: releasing fd for 13:67
[  6907.204] (II) UnloadModule: "libinput"
[  6907.204] (II) systemd-logind: releasing fd for 13:70
[  6907.232] (II) UnloadModule: "libinput"
[  6907.232] (II) systemd-logind: releasing fd for 13:71
[  6907.264] (II) UnloadModule: "libinput"
[  6907.264] (II) systemd-logind: releasing fd for 13:73
[  6907.348] (II) UnloadModule: "libinput"
[  6907.348] (II) systemd-logind: releasing fd for 13:69
[  6907.388] (II) UnloadModule: "libinput"
[  6907.388] (II) systemd-logind: releasing fd for 13:75
[  6907.436] (II) UnloadModule: "libinput"
[  6907.436] (II) systemd-logind: releasing fd for 13:74
[  6907.484] (II) UnloadModule: "libinput"
[  6907.484] (II) systemd-logind: releasing fd for 13:65
[  6907.508] (II) UnloadModule: "libinput"
[  6907.508] (II) systemd-logind: releasing fd for 13:66
[  6907.524] (II) UnloadModule: "libinput"
[  6907.524] (II) systemd-logind: releasing fd for 13:76
[  6907.581] (II) UnloadModule: "libinput"
[  6907.581] (II) systemd-logind: releasing fd for 13:77
[  6907.662] (WW) xf86CloseConsole: KDSETMODE failed: Input/output error
[  6907.662] (WW) xf86CloseConsole: VT_GETMODE failed: Input/output error
[  6907.894] (II) Server terminated successfully (0). Closing log file.
