[357625.179] 
X.Org X Server 1.20.4
X Protocol Version 11, Revision 0
[357625.207] Build Operating System:  4.19.9-300.fc29.x86_64 
[357625.214] Current Operating System: Linux localhost.localdomain 5.0.5-200.fc29.x86_64 #1 SMP Wed Mar 27 20:58:04 UTC 2019 x86_64
[357625.214] Kernel command line: BOOT_IMAGE=/vmlinuz-5.0.5-200.fc29.x86_64 root=/dev/mapper/fedora_localhost--live-root ro resume=/dev/mapper/fedora_localhost--live-swap rd.lvm.lv=fedora_localhost-live/root rd.lvm.lv=fedora_localhost-live/swap mem_sleep_default=deep quiet LANG=en_US.UTF-8
[357625.224] Build Date: 26 February 2019  08:03:46PM
[357625.229] Build ID: xorg-x11-server 1.20.4-1.fc29 
[357625.233] Current version of pixman: 0.34.0
[357625.242] 	Before reporting problems, check http://wiki.x.org
	to make sure that you have the latest version.
[357625.242] Markers: (--) probed, (**) from config file, (==) default setting,
	(++) from command line, (!!) notice, (II) informational,
	(WW) warning, (EE) error, (NI) not implemented, (??) unknown.
[357625.259] (==) Log file: "/var/log/Xorg.2.log", Time: Wed Apr 10 20:08:33 2019
[357625.264] (==) Using config directory: "/etc/X11/xorg.conf.d"
[357625.268] (==) Using system config directory "/usr/share/X11/xorg.conf.d"
[357625.270] (==) No Layout section.  Using the first Screen section.
[357625.270] (==) No screen section available. Using defaults.
[357625.270] (**) |-->Screen "Default Screen Section" (0)
[357625.270] (**) |   |-->Monitor "<default monitor>"
[357625.271] (==) No monitor specified for screen "Default Screen Section".
	Using a default monitor configuration.
[357625.271] (==) Automatically adding devices
[357625.271] (==) Automatically enabling devices
[357625.271] (==) Automatically adding GPU devices
[357625.271] (==) Automatically binding GPU devices
[357625.271] (==) Max clients allowed: 256, resource mask: 0x1fffff
[357625.271] (==) FontPath set to:
	catalogue:/etc/X11/fontpath.d,
	built-ins
[357625.271] (==) ModulePath set to "/usr/lib64/xorg/modules"
[357625.271] (II) The server relies on udev to provide the list of input devices.
	If no devices become available, reconfigure udev or disable AutoAddDevices.
[357625.271] (II) Loader magic: 0x55d29da40e00
[357625.271] (II) Module ABI versions:
[357625.271] 	X.Org ANSI C Emulation: 0.4
[357625.271] 	X.Org Video Driver: 24.0
[357625.271] 	X.Org XInput driver : 24.1
[357625.271] 	X.Org Server Extension : 10.0
[357625.272] (--) using VT number 1

[357625.272] (II) systemd-logind: logind integration requires -keeptty and -keeptty was not provided, disabling logind integration
[357625.273] (II) xfree86: Adding drm device (/dev/dri/card1)
[357625.273] (II) xfree86: Adding drm device (/dev/dri/card0)
[357625.278] (--) PCI:*(0@0:2:0) 8086:3e9b:1028:087c rev 0, Mem @ 0xeb000000/16777216, 0x80000000/268435456, I/O @ 0x00004000/64, BIOS @ 0x????????/131072
[357625.278] (--) PCI: (1@0:0:0) 10de:1c8c:1028:087c rev 161, Mem @ 0xec000000/16777216, 0xc0000000/268435456, 0xd0000000/33554432, I/O @ 0x00003000/128, BIOS @ 0x????????/524288
[357625.278] (II) LoadModule: "glx"
[357625.278] (II) Loading /usr/lib64/xorg/modules/extensions/libglx.so
[357625.280] (II) Module glx: vendor="X.Org Foundation"
[357625.280] 	compiled for 1.20.4, module version = 1.0.0
[357625.280] 	ABI class: X.Org Server Extension, version 10.0
[357625.280] (==) Matched modesetting as autoconfigured driver 0
[357625.280] (==) Matched fbdev as autoconfigured driver 1
[357625.280] (==) Matched vesa as autoconfigured driver 2
[357625.280] (==) Assigned the driver to the xf86ConfigLayout
[357625.280] (II) LoadModule: "modesetting"
[357625.280] (II) Loading /usr/lib64/xorg/modules/drivers/modesetting_drv.so
[357625.281] (II) Module modesetting: vendor="X.Org Foundation"
[357625.281] 	compiled for 1.20.4, module version = 1.20.4
[357625.281] 	Module class: X.Org Video Driver
[357625.281] 	ABI class: X.Org Video Driver, version 24.0
[357625.281] (II) LoadModule: "fbdev"
[357625.281] (II) Loading /usr/lib64/xorg/modules/drivers/fbdev_drv.so
[357625.281] (II) Module fbdev: vendor="X.Org Foundation"
[357625.281] 	compiled for 1.20.0, module version = 0.5.0
[357625.281] 	Module class: X.Org Video Driver
[357625.281] 	ABI class: X.Org Video Driver, version 24.0
[357625.281] (II) LoadModule: "vesa"
[357625.281] (II) Loading /usr/lib64/xorg/modules/drivers/vesa_drv.so
[357625.282] (II) Module vesa: vendor="X.Org Foundation"
[357625.282] 	compiled for 1.20.0, module version = 2.4.0
[357625.282] 	Module class: X.Org Video Driver
[357625.282] 	ABI class: X.Org Video Driver, version 24.0
[357625.282] (II) modesetting: Driver for Modesetting Kernel Drivers: kms
[357625.282] (II) FBDEV: driver for framebuffer: fbdev
[357625.282] (II) VESA: driver for VESA chipsets: vesa
[357625.319] (II) modeset(0): using drv /dev/dri/card0
[357625.319] (WW) Falling back to old probe method for fbdev
[357625.319] (II) Loading sub module "fbdevhw"
[357625.319] (II) LoadModule: "fbdevhw"
[357625.319] (II) Loading /usr/lib64/xorg/modules/libfbdevhw.so
[357625.320] (II) Module fbdevhw: vendor="X.Org Foundation"
[357625.320] 	compiled for 1.20.4, module version = 0.0.2
[357625.320] 	ABI class: X.Org Video Driver, version 24.0
[357625.320] (II) modeset(0): Creating default Display subsection in Screen section
	"Default Screen Section" for depth/fbbpp 24/32
[357625.320] (==) modeset(0): Depth 24, (==) framebuffer bpp 32
[357625.320] (==) modeset(0): RGB weight 888
[357625.320] (==) modeset(0): Default visual is TrueColor
[357625.320] (II) Loading sub module "glamoregl"
[357625.320] (II) LoadModule: "glamoregl"
[357625.320] (II) Loading /usr/lib64/xorg/modules/libglamoregl.so
[357625.323] (II) Module glamoregl: vendor="X.Org Foundation"
[357625.323] 	compiled for 1.20.4, module version = 1.0.1
[357625.323] 	ABI class: X.Org ANSI C Emulation, version 0.4
[357625.341] (II) modeset(0): glamor X acceleration enabled on Mesa DRI Intel(R) UHD Graphics 630 (Coffeelake 3x8 GT2) 
[357625.341] (II) modeset(0): glamor initialized
[357625.343] (II) modeset(0): Output eDP-1 has no monitor section
[357625.349] (II) modeset(0): Output DP-1 has no monitor section
[357625.349] (II) modeset(0): Output DP-2 has no monitor section
[357625.352] (II) modeset(0): Output DP-3 has no monitor section
[357625.352] (II) modeset(0): Output DP-1-1 has no monitor section
[357625.405] (II) modeset(0): Output DP-1-2 has no monitor section
[357625.405] (II) modeset(0): Output DP-1-3 has no monitor section
[357625.407] (II) modeset(0): EDID for output eDP-1
[357625.407] (II) modeset(0): Manufacturer: SHP  Model: 148d  Serial#: 0
[357625.407] (II) modeset(0): Year: 2018  Week: 5
[357625.407] (II) modeset(0): EDID Version: 1.4
[357625.407] (II) modeset(0): Digital Display Input
[357625.407] (II) modeset(0): 8 bits per channel
[357625.407] (II) modeset(0): Digital interface is DisplayPort
[357625.407] (II) modeset(0): Max Image Size [cm]: horiz.: 34  vert.: 19
[357625.407] (II) modeset(0): Gamma: 2.20
[357625.407] (II) modeset(0): No DPMS capabilities specified
[357625.407] (II) modeset(0): Supported color encodings: RGB 4:4:4 YCrCb 4:4:4 
[357625.407] (II) modeset(0): Default color space is primary color space
[357625.407] (II) modeset(0): First detailed timing is preferred mode
[357625.407] (II) modeset(0): Preferred mode is native pixel format and refresh rate
[357625.407] (II) modeset(0): redX: 0.665 redY: 0.325   greenX: 0.207 greenY: 0.735
[357625.407] (II) modeset(0): blueX: 0.145 blueY: 0.048   whiteX: 0.315 whiteY: 0.331
[357625.407] (II) modeset(0): Manufacturer's mask: 0
[357625.407] (II) modeset(0): Supported detailed timing:
[357625.407] (II) modeset(0): clock: 533.2 MHz   Image Size:  344 x 194 mm
[357625.407] (II) modeset(0): h_active: 3840  h_sync: 3888  h_sync_end 3920 h_blank_end 4000 h_border: 0
[357625.407] (II) modeset(0): v_active: 2160  v_sync: 2163  v_sync_end 2168 v_blanking: 2222 v_border: 0
[357625.407] (II) modeset(0):  FNVDR€LQ156D1
[357625.407] (II) modeset(0): Unknown vendor-specific block 0
[357625.407] (II) modeset(0): EDID (in hex):
[357625.407] (II) modeset(0): 	00ffffffffffff004d108d1400000000
[357625.407] (II) modeset(0): 	051c0104a52213780e511faa5335bc25
[357625.407] (II) modeset(0): 	0c505400000001010101010101010101
[357625.407] (II) modeset(0): 	0101010101014dd000a0f0703e803020
[357625.407] (II) modeset(0): 	350058c2100000180000000000000000
[357625.407] (II) modeset(0): 	00000000000000000000000000fe0046
[357625.407] (II) modeset(0): 	4e564452804c51313536443100000000
[357625.407] (II) modeset(0): 	0002410328011200000b010a2020001a
[357625.407] (II) modeset(0): Printing probed modes for output eDP-1
[357625.407] (II) modeset(0): Modeline "3840x2160"x60.0  533.25  3840 3888 3920 4000  2160 2163 2168 2222 -hsync -vsync (133.3 kHz eP)
[357625.407] (II) modeset(0): Modeline "3840x2160"x60.0  712.75  3840 4160 4576 5312  2160 2163 2168 2237 -hsync +vsync (134.2 kHz d)
[357625.407] (II) modeset(0): Modeline "3840x2160"x60.0  533.00  3840 3888 3920 4000  2160 2163 2168 2222 +hsync -vsync (133.2 kHz d)
[357625.407] (II) modeset(0): Modeline "3200x1800"x60.0  492.00  3200 3456 3800 4400  1800 1803 1808 1865 -hsync +vsync (111.8 kHz d)
[357625.407] (II) modeset(0): Modeline "3200x1800"x59.9  373.00  3200 3248 3280 3360  1800 1803 1808 1852 +hsync -vsync (111.0 kHz d)
[357625.407] (II) modeset(0): Modeline "2880x1620"x60.0  396.25  2880 3096 3408 3936  1620 1623 1628 1679 -hsync +vsync (100.7 kHz d)
[357625.407] (II) modeset(0): Modeline "2880x1620"x60.0  303.75  2880 2928 2960 3040  1620 1623 1628 1666 +hsync -vsync (99.9 kHz d)
[357625.407] (II) modeset(0): Modeline "2560x1600"x60.0  348.50  2560 2760 3032 3504  1600 1603 1609 1658 -hsync +vsync (99.5 kHz d)
[357625.407] (II) modeset(0): Modeline "2560x1600"x60.0  268.50  2560 2608 2640 2720  1600 1603 1609 1646 +hsync -vsync (98.7 kHz d)
[357625.407] (II) modeset(0): Modeline "2560x1440"x120.0  638.25  2560 2780 3064 3568  1440 1441 1444 1491 doublescan -hsync +vsync (178.9 kHz d)
[357625.407] (II) modeset(0): Modeline "2560x1440"x120.0  469.12  2560 2584 2600 2640  1440 1441 1444 1481 doublescan +hsync -vsync (177.7 kHz d)
[357625.407] (II) modeset(0): Modeline "2560x1440"x60.0  312.25  2560 2752 3024 3488  1440 1443 1448 1493 -hsync +vsync (89.5 kHz d)
[357625.407] (II) modeset(0): Modeline "2560x1440"x60.0  241.50  2560 2608 2640 2720  1440 1443 1448 1481 +hsync -vsync (88.8 kHz d)
[357625.407] (II) modeset(0): Modeline "2048x1536"x60.0  266.95  2048 2200 2424 2800  1536 1537 1540 1589 -hsync +vsync (95.3 kHz d)
[357625.407] (II) modeset(0): Modeline "1920x1440"x60.0  234.00  1920 2048 2256 2600  1440 1441 1444 1500 -hsync +vsync (90.0 kHz d)
[357625.407] (II) modeset(0): Modeline "1856x1392"x60.0  218.30  1856 1952 2176 2528  1392 1393 1396 1439 -hsync +vsync (86.4 kHz d)
[357625.407] (II) modeset(0): Modeline "1792x1344"x60.0  204.80  1792 1920 2120 2448  1344 1345 1348 1394 -hsync +vsync (83.7 kHz d)
[357625.407] (II) modeset(0): Modeline "2048x1152"x120.0  406.50  2048 2220 2444 2840  1152 1153 1156 1193 doublescan -hsync +vsync (143.1 kHz d)
[357625.407] (II) modeset(0): Modeline "2048x1152"x120.0  302.50  2048 2072 2088 2128  1152 1153 1156 1185 doublescan +hsync -vsync (142.2 kHz d)
[357625.407] (II) modeset(0): Modeline "2048x1152"x59.9  197.00  2048 2184 2400 2752  1152 1155 1160 1195 -hsync +vsync (71.6 kHz d)
[357625.407] (II) modeset(0): Modeline "2048x1152"x59.9  156.75  2048 2096 2128 2208  1152 1155 1160 1185 +hsync -vsync (71.0 kHz d)
[357625.407] (II) modeset(0): Modeline "1920x1200"x59.9  193.25  1920 2056 2256 2592  1200 1203 1209 1245 -hsync +vsync (74.6 kHz d)
[357625.408] (II) modeset(0): Modeline "1920x1200"x60.0  154.00  1920 1968 2000 2080  1200 1203 1209 1235 +hsync -vsync (74.0 kHz d)
[357625.408] (II) modeset(0): Modeline "1920x1080"x120.0  356.38  1920 2080 2288 2656  1080 1081 1084 1118 doublescan -hsync +vsync (134.2 kHz d)
[357625.408] (II) modeset(0): Modeline "1920x1080"x119.9  266.50  1920 1944 1960 2000  1080 1081 1084 1111 doublescan +hsync -vsync (133.2 kHz d)
[357625.408] (II) modeset(0): Modeline "1920x1080"x60.0  173.00  1920 2048 2248 2576  1080 1083 1088 1120 -hsync +vsync (67.2 kHz d)
[357625.408] (II) modeset(0): Modeline "1920x1080"x59.9  138.50  1920 1968 2000 2080  1080 1083 1088 1111 +hsync -vsync (66.6 kHz d)
[357625.408] (II) modeset(0): Modeline "1600x1200"x60.0  162.00  1600 1664 1856 2160  1200 1201 1204 1250 +hsync +vsync (75.0 kHz d)
[357625.408] (II) modeset(0): Modeline "1680x1050"x60.0  146.25  1680 1784 1960 2240  1050 1053 1059 1089 -hsync +vsync (65.3 kHz d)
[357625.408] (II) modeset(0): Modeline "1680x1050"x59.9  119.00  1680 1728 1760 1840  1050 1053 1059 1080 +hsync -vsync (64.7 kHz d)
[357625.408] (II) modeset(0): Modeline "1400x1050"x60.0  122.00  1400 1488 1640 1880  1050 1052 1064 1082 +hsync +vsync (64.9 kHz d)
[357625.408] (II) modeset(0): Modeline "1600x900"x120.0  246.00  1600 1728 1900 2200  900 901 904 932 doublescan -hsync +vsync (111.8 kHz d)
[357625.408] (II) modeset(0): Modeline "1600x900"x119.9  186.50  1600 1624 1640 1680  900 901 904 926 doublescan +hsync -vsync (111.0 kHz d)
[357625.408] (II) modeset(0): Modeline "1600x900"x59.9  118.25  1600 1696 1856 2112  900 903 908 934 -hsync +vsync (56.0 kHz d)
[357625.408] (II) modeset(0): Modeline "1600x900"x59.8   97.50  1600 1648 1680 1760  900 903 908 926 +hsync -vsync (55.4 kHz d)
[357625.408] (II) modeset(0): Modeline "1280x1024"x60.0  108.00  1280 1328 1440 1688  1024 1025 1028 1066 +hsync +vsync (64.0 kHz d)
[357625.408] (II) modeset(0): Modeline "1400x900"x60.0  103.50  1400 1480 1624 1848  900 903 913 934 -hsync +vsync (56.0 kHz d)
[357625.408] (II) modeset(0): Modeline "1400x900"x59.9   86.50  1400 1448 1480 1560  900 903 913 926 +hsync -vsync (55.4 kHz d)
[357625.408] (II) modeset(0): Modeline "1280x960"x60.0  108.00  1280 1376 1488 1800  960 961 964 1000 +hsync +vsync (60.0 kHz d)
[357625.408] (II) modeset(0): Modeline "1440x810"x120.0  198.12  1440 1548 1704 1968  810 811 814 839 doublescan -hsync +vsync (100.7 kHz d)
[357625.408] (II) modeset(0): Modeline "1440x810"x119.9  151.88  1440 1464 1480 1520  810 811 814 833 doublescan +hsync -vsync (99.9 kHz d)
[357625.408] (II) modeset(0): Modeline "1368x768"x59.9   85.25  1368 1440 1576 1784  768 771 781 798 -hsync +vsync (47.8 kHz d)
[357625.408] (II) modeset(0): Modeline "1368x768"x59.9   72.25  1368 1416 1448 1528  768 771 781 790 +hsync -vsync (47.3 kHz d)
[357625.408] (II) modeset(0): Modeline "1280x800"x120.0  174.25  1280 1380 1516 1752  800 801 804 829 doublescan -hsync +vsync (99.5 kHz d)
[357625.408] (II) modeset(0): Modeline "1280x800"x119.9  134.25  1280 1304 1320 1360  800 801 804 823 doublescan +hsync -vsync (98.7 kHz d)
[357625.408] (II) modeset(0): Modeline "1280x800"x59.8   83.50  1280 1352 1480 1680  800 803 809 831 -hsync +vsync (49.7 kHz d)
[357625.408] (II) modeset(0): Modeline "1280x800"x59.9   71.00  1280 1328 1360 1440  800 803 809 823 +hsync -vsync (49.3 kHz d)
[357625.408] (II) modeset(0): Modeline "1280x720"x120.0  156.12  1280 1376 1512 1744  720 721 724 746 doublescan -hsync +vsync (89.5 kHz d)
[357625.408] (II) modeset(0): Modeline "1280x720"x120.0  120.75  1280 1304 1320 1360  720 721 724 740 doublescan +hsync -vsync (88.8 kHz d)
[357625.408] (II) modeset(0): Modeline "1280x720"x59.9   74.50  1280 1344 1472 1664  720 723 728 748 -hsync +vsync (44.8 kHz d)
[357625.408] (II) modeset(0): Modeline "1280x720"x59.7   63.75  1280 1328 1360 1440  720 723 728 741 +hsync -vsync (44.3 kHz d)
[357625.408] (II) modeset(0): Modeline "1024x768"x120.1  133.47  1024 1100 1212 1400  768 768 770 794 doublescan -hsync +vsync (95.3 kHz d)
[357625.408] (II) modeset(0): Modeline "1024x768"x60.0   65.00  1024 1048 1184 1344  768 771 777 806 -hsync -vsync (48.4 kHz d)
[357625.408] (II) modeset(0): Modeline "960x720"x120.0  117.00  960 1024 1128 1300  720 720 722 750 doublescan -hsync +vsync (90.0 kHz d)
[357625.408] (II) modeset(0): Modeline "928x696"x120.1  109.15  928 976 1088 1264  696 696 698 719 doublescan -hsync +vsync (86.4 kHz d)
[357625.408] (II) modeset(0): Modeline "896x672"x120.0  102.40  896 960 1060 1224  672 672 674 697 doublescan -hsync +vsync (83.7 kHz d)
[357625.408] (II) modeset(0): Modeline "1024x576"x119.9   98.50  1024 1092 1200 1376  576 577 580 597 doublescan -hsync +vsync (71.6 kHz d)
[357625.408] (II) modeset(0): Modeline "1024x576"x119.9   78.38  1024 1048 1064 1104  576 577 580 592 doublescan +hsync -vsync (71.0 kHz d)
[357625.408] (II) modeset(0): Modeline "1024x576"x59.9   46.50  1024 1064 1160 1296  576 579 584 599 -hsync +vsync (35.9 kHz d)
[357625.408] (II) modeset(0): Modeline "1024x576"x59.8   42.00  1024 1072 1104 1184  576 579 584 593 +hsync -vsync (35.5 kHz d)
[357625.408] (II) modeset(0): Modeline "960x600"x119.9   96.62  960 1028 1128 1296  600 601 604 622 doublescan -hsync +vsync (74.6 kHz d)
[357625.408] (II) modeset(0): Modeline "960x600"x120.0   77.00  960 984 1000 1040  600 601 604 617 doublescan +hsync -vsync (74.0 kHz d)
[357625.408] (II) modeset(0): Modeline "960x540"x119.9   86.50  960 1024 1124 1288  540 541 544 560 doublescan -hsync +vsync (67.2 kHz d)
[357625.408] (II) modeset(0): Modeline "960x540"x120.0   69.25  960 984 1000 1040  540 541 544 555 doublescan +hsync -vsync (66.6 kHz d)
[357625.408] (II) modeset(0): Modeline "960x540"x59.6   40.75  960 992 1088 1216  540 543 548 562 -hsync +vsync (33.5 kHz d)
[357625.408] (II) modeset(0): Modeline "960x540"x59.8   37.25  960 1008 1040 1120  540 543 548 556 +hsync -vsync (33.3 kHz d)
[357625.408] (II) modeset(0): Modeline "800x600"x120.0   81.00  800 832 928 1080  600 600 602 625 doublescan +hsync +vsync (75.0 kHz d)
[357625.408] (II) modeset(0): Modeline "800x600"x60.3   40.00  800 840 968 1056  600 601 605 628 +hsync +vsync (37.9 kHz d)
[357625.408] (II) modeset(0): Modeline "800x600"x56.2   36.00  800 824 896 1024  600 601 603 625 +hsync +vsync (35.2 kHz d)
[357625.408] (II) modeset(0): Modeline "840x525"x120.0   73.12  840 892 980 1120  525 526 529 544 doublescan -hsync +vsync (65.3 kHz d)
[357625.408] (II) modeset(0): Modeline "840x525"x119.8   59.50  840 864 880 920  525 526 529 540 doublescan +hsync -vsync (64.7 kHz d)
[357625.408] (II) modeset(0): Modeline "864x486"x59.9   32.50  864 888 968 1072  486 489 494 506 -hsync +vsync (30.3 kHz d)
[357625.408] (II) modeset(0): Modeline "864x486"x59.6   30.50  864 912 944 1024  486 489 494 500 +hsync -vsync (29.8 kHz d)
[357625.408] (II) modeset(0): Modeline "700x525"x120.0   61.00  700 744 820 940  525 526 532 541 doublescan +hsync +vsync (64.9 kHz d)
[357625.408] (II) modeset(0): Modeline "800x450"x119.9   59.12  800 848 928 1056  450 451 454 467 doublescan -hsync +vsync (56.0 kHz d)
[357625.408] (II) modeset(0): Modeline "800x450"x119.6   48.75  800 824 840 880  450 451 454 463 doublescan +hsync -vsync (55.4 kHz d)
[357625.408] (II) modeset(0): Modeline "640x512"x120.0   54.00  640 664 720 844  512 512 514 533 doublescan +hsync +vsync (64.0 kHz d)
[357625.408] (II) modeset(0): Modeline "700x450"x119.9   51.75  700 740 812 924  450 451 456 467 doublescan -hsync +vsync (56.0 kHz d)
[357625.408] (II) modeset(0): Modeline "700x450"x119.8   43.25  700 724 740 780  450 451 456 463 doublescan +hsync -vsync (55.4 kHz d)
[357625.408] (II) modeset(0): Modeline "640x480"x120.0   54.00  640 688 744 900  480 480 482 500 doublescan +hsync +vsync (60.0 kHz d)
[357625.408] (II) modeset(0): Modeline "640x480"x59.9   25.18  640 656 752 800  480 490 492 525 -hsync -vsync (31.5 kHz d)
[357625.408] (II) modeset(0): Modeline "720x405"x59.5   22.50  720 744 808 896  405 408 413 422 -hsync +vsync (25.1 kHz d)
[357625.408] (II) modeset(0): Modeline "720x405"x59.0   21.75  720 768 800 880  405 408 413 419 +hsync -vsync (24.7 kHz d)
[357625.408] (II) modeset(0): Modeline "684x384"x119.8   42.62  684 720 788 892  384 385 390 399 doublescan -hsync +vsync (47.8 kHz d)
[357625.408] (II) modeset(0): Modeline "684x384"x119.7   36.12  684 708 724 764  384 385 390 395 doublescan +hsync -vsync (47.3 kHz d)
[357625.408] (II) modeset(0): Modeline "640x400"x119.8   41.75  640 676 740 840  400 401 404 415 doublescan -hsync +vsync (49.7 kHz d)
[357625.408] (II) modeset(0): Modeline "640x400"x120.0   35.50  640 664 680 720  400 401 404 411 doublescan +hsync -vsync (49.3 kHz d)
[357625.408] (II) modeset(0): Modeline "640x360"x119.7   37.25  640 672 736 832  360 361 364 374 doublescan -hsync +vsync (44.8 kHz d)
[357625.408] (II) modeset(0): Modeline "640x360"x119.7   31.88  640 664 680 720  360 361 364 370 doublescan +hsync -vsync (44.3 kHz d)
[357625.408] (II) modeset(0): Modeline "640x360"x59.8   18.00  640 664 720 800  360 363 368 376 -hsync +vsync (22.5 kHz d)
[357625.408] (II) modeset(0): Modeline "640x360"x59.3   17.75  640 688 720 800  360 363 368 374 +hsync -vsync (22.2 kHz d)
[357625.408] (II) modeset(0): Modeline "512x384"x120.0   32.50  512 524 592 672  384 385 388 403 doublescan -hsync -vsync (48.4 kHz d)
[357625.408] (II) modeset(0): Modeline "512x288"x120.0   23.25  512 532 580 648  288 289 292 299 doublescan -hsync +vsync (35.9 kHz d)
[357625.408] (II) modeset(0): Modeline "512x288"x119.8   21.00  512 536 552 592  288 289 292 296 doublescan +hsync -vsync (35.5 kHz d)
[357625.408] (II) modeset(0): Modeline "480x270"x119.3   20.38  480 496 544 608  270 271 274 281 doublescan -hsync +vsync (33.5 kHz d)
[357625.408] (II) modeset(0): Modeline "480x270"x119.6   18.62  480 504 520 560  270 271 274 278 doublescan +hsync -vsync (33.3 kHz d)
[357625.408] (II) modeset(0): Modeline "400x300"x120.6   20.00  400 420 484 528  300 300 302 314 doublescan +hsync +vsync (37.9 kHz d)
[357625.408] (II) modeset(0): Modeline "400x300"x112.7   18.00  400 412 448 512  300 300 301 312 doublescan +hsync +vsync (35.2 kHz d)
[357625.408] (II) modeset(0): Modeline "432x243"x119.8   16.25  432 444 484 536  243 244 247 253 doublescan -hsync +vsync (30.3 kHz d)
[357625.408] (II) modeset(0): Modeline "432x243"x119.1   15.25  432 456 472 512  243 244 247 250 doublescan +hsync -vsync (29.8 kHz d)
[357625.408] (II) modeset(0): Modeline "320x240"x120.1   12.59  320 328 376 400  240 245 246 262 doublescan -hsync -vsync (31.5 kHz d)
[357625.408] (II) modeset(0): Modeline "360x202"x119.0   11.25  360 372 404 448  202 204 206 211 doublescan -hsync +vsync (25.1 kHz d)
[357625.408] (II) modeset(0): Modeline "360x202"x118.3   10.88  360 384 400 440  202 204 206 209 doublescan +hsync -vsync (24.7 kHz d)
[357625.408] (II) modeset(0): Modeline "320x180"x119.7    9.00  320 332 360 400  180 181 184 188 doublescan -hsync +vsync (22.5 kHz d)
[357625.408] (II) modeset(0): Modeline "320x180"x118.6    8.88  320 344 360 400  180 181 184 187 doublescan +hsync -vsync (22.2 kHz d)
[357625.415] (II) modeset(0): EDID for output DP-1
[357625.415] (II) modeset(0): EDID for output DP-2
[357625.418] (II) modeset(0): EDID for output DP-3
[357625.418] (II) modeset(0): EDID for output DP-1-1
[357625.472] (II) modeset(0): EDID for output DP-1-2
[357625.472] (II) modeset(0): Manufacturer: SAM  Model: c44  Serial#: 16777217
[357625.472] (II) modeset(0): Year: 2014  Week: 42
[357625.472] (II) modeset(0): EDID Version: 1.3
[357625.472] (II) modeset(0): Digital Display Input
[357625.472] (II) modeset(0): Max Image Size [cm]: horiz.: 89  vert.: 50
[357625.472] (II) modeset(0): Gamma: 2.20
[357625.472] (II) modeset(0): No DPMS capabilities specified
[357625.472] (II) modeset(0): Supported color encodings: RGB 4:4:4 YCrCb 4:4:4 
[357625.472] (II) modeset(0): First detailed timing is preferred mode
[357625.472] (II) modeset(0): redX: 0.641 redY: 0.330   greenX: 0.301 greenY: 0.601
[357625.472] (II) modeset(0): blueX: 0.150 blueY: 0.061   whiteX: 0.280 whiteY: 0.290
[357625.472] (II) modeset(0): Supported established timings:
[357625.472] (II) modeset(0): 720x400@70Hz
[357625.472] (II) modeset(0): 640x480@60Hz
[357625.472] (II) modeset(0): 640x480@67Hz
[357625.472] (II) modeset(0): 640x480@72Hz
[357625.472] (II) modeset(0): 640x480@75Hz
[357625.472] (II) modeset(0): 800x600@60Hz
[357625.472] (II) modeset(0): 800x600@72Hz
[357625.472] (II) modeset(0): 800x600@75Hz
[357625.472] (II) modeset(0): 832x624@75Hz
[357625.472] (II) modeset(0): 1024x768@60Hz
[357625.472] (II) modeset(0): 1024x768@70Hz
[357625.472] (II) modeset(0): 1024x768@75Hz
[357625.472] (II) modeset(0): 1280x1024@75Hz
[357625.472] (II) modeset(0): 1152x864@75Hz
[357625.472] (II) modeset(0): Manufacturer's mask: 0
[357625.472] (II) modeset(0): Supported standard timings:
[357625.472] (II) modeset(0): #0: hsize: 1152  vsize 864  refresh: 75  vid: 20337
[357625.472] (II) modeset(0): #1: hsize: 1280  vsize 720  refresh: 60  vid: 49281
[357625.472] (II) modeset(0): #2: hsize: 1280  vsize 800  refresh: 60  vid: 129
[357625.472] (II) modeset(0): #3: hsize: 1280  vsize 1024  refresh: 60  vid: 32897
[357625.472] (II) modeset(0): #4: hsize: 1440  vsize 900  refresh: 60  vid: 149
[357625.472] (II) modeset(0): #5: hsize: 1600  vsize 900  refresh: 60  vid: 49321
[357625.472] (II) modeset(0): #6: hsize: 1680  vsize 1050  refresh: 60  vid: 179
[357625.472] (II) modeset(0): Supported detailed timing:
[357625.472] (II) modeset(0): clock: 297.0 MHz   Image Size:  1872 x 1053 mm
[357625.472] (II) modeset(0): h_active: 3840  h_sync: 4016  h_sync_end 4104 h_blank_end 4400 h_border: 0
[357625.472] (II) modeset(0): v_active: 2160  v_sync: 2168  v_sync_end 2178 v_blanking: 2250 v_border: 0
[357625.472] (II) modeset(0): Supported detailed timing:
[357625.472] (II) modeset(0): clock: 148.5 MHz   Image Size:  1872 x 1053 mm
[357625.472] (II) modeset(0): h_active: 1920  h_sync: 2008  h_sync_end 2052 h_blank_end 2200 h_border: 0
[357625.472] (II) modeset(0): v_active: 1080  v_sync: 1084  v_sync_end 1089 v_blanking: 1125 v_border: 0
[357625.472] (II) modeset(0): Ranges: V min: 24 V max: 75 Hz, H min: 15 H max: 81 kHz, PixClock max 305 MHz
[357625.472] (II) modeset(0): Monitor name: SAMSUNG
[357625.472] (II) modeset(0): Supported detailed timing:
[357625.472] (II) modeset(0): clock: 74.2 MHz   Image Size:  1872 x 1053 mm
[357625.472] (II) modeset(0): h_active: 1920  h_sync: 2448  h_sync_end 2492 h_blank_end 2640 h_border: 0
[357625.472] (II) modeset(0): v_active: 540  v_sync: 542  v_sync_end 547 v_blanking: 562 v_border: 0
[357625.472] (II) modeset(0): Supported detailed timing:
[357625.472] (II) modeset(0): clock: 85.5 MHz   Image Size:  1872 x 1053 mm
[357625.472] (II) modeset(0): h_active: 1366  h_sync: 1436  h_sync_end 1579 h_blank_end 1792 h_border: 0
[357625.472] (II) modeset(0): v_active: 768  v_sync: 771  v_sync_end 774 v_blanking: 798 v_border: 0
[357625.472] (II) modeset(0): Number of EDID sections to follow: 1
[357625.472] (II) modeset(0): EDID (in hex):
[357625.472] (II) modeset(0): 	00ffffffffffff004c2d440c01000001
[357625.472] (II) modeset(0): 	2a180103805932780a23ada4544d9926
[357625.472] (II) modeset(0): 	0f474abdef80714f81c0810081809500
[357625.472] (II) modeset(0): 	a9c0b300010104740030f2705a80b058
[357625.472] (II) modeset(0): 	8a00501d7400001e023a801871382d40
[357625.472] (II) modeset(0): 	582c4500501d7400001e000000fd0018
[357625.472] (II) modeset(0): 	4b0f511e000a202020202020000000fc
[357625.472] (II) modeset(0): 	0053414d53554e470a202020202001fe
[357625.472] (II) modeset(0): 	020342f1535f101f041305142021225d
[357625.472] (II) modeset(0): 	5e62636407160312290907071507503d
[357625.472] (II) modeset(0): 	04c083010000e2000f6e030c001000b8
[357625.472] (II) modeset(0): 	3c21108001020304e3060401e50e6061
[357625.472] (II) modeset(0): 	6566011d80d0721c1620102c2580501d
[357625.472] (II) modeset(0): 	7400009e662156aa51001e30468f3300
[357625.472] (II) modeset(0): 	501d7400001e00000000000000000000
[357625.472] (II) modeset(0): 	000000000000000000000000000000b4
[357625.472] (--) modeset(0): HDMI max TMDS frequency 300000KHz
[357625.472] (II) modeset(0): Printing probed modes for output DP-1-2
[357625.472] (II) modeset(0): Modeline "3840x2160"x30.0  297.00  3840 4016 4104 4400  2160 2168 2178 2250 +hsync +vsync (67.5 kHz eP)
[357625.472] (II) modeset(0): Modeline "4096x2160"x30.0  297.00  4096 4184 4272 4400  2160 2168 2178 2250 +hsync +vsync (67.5 kHz e)
[357625.472] (II) modeset(0): Modeline "4096x2160"x25.0  297.00  4096 5064 5152 5280  2160 2168 2178 2250 +hsync +vsync (56.2 kHz e)
[357625.472] (II) modeset(0): Modeline "4096x2160"x24.0  297.00  4096 5116 5204 5500  2160 2168 2178 2250 +hsync +vsync (54.0 kHz e)
[357625.472] (II) modeset(0): Modeline "4096x2160"x24.0  297.00  4096 5116 5204 5500  2160 2168 2178 2250 +hsync +vsync (54.0 kHz e)
[357625.472] (II) modeset(0): Modeline "4096x2160"x30.0  296.70  4096 4184 4272 4400  2160 2168 2178 2250 +hsync +vsync (67.4 kHz e)
[357625.472] (II) modeset(0): Modeline "4096x2160"x24.0  296.70  4096 5116 5204 5500  2160 2168 2178 2250 +hsync +vsync (53.9 kHz e)
[357625.472] (II) modeset(0): Modeline "3840x2160"x30.0  297.00  3840 4016 4104 4400  2160 2168 2178 2250 +hsync +vsync (67.5 kHz e)
[357625.472] (II) modeset(0): Modeline "3840x2160"x25.0  297.00  3840 4896 4984 5280  2160 2168 2178 2250 +hsync +vsync (56.2 kHz e)
[357625.472] (II) modeset(0): Modeline "3840x2160"x25.0  297.00  3840 4896 4984 5280  2160 2168 2178 2250 +hsync +vsync (56.2 kHz e)
[357625.472] (II) modeset(0): Modeline "3840x2160"x24.0  297.00  3840 5116 5204 5500  2160 2168 2178 2250 +hsync +vsync (54.0 kHz e)
[357625.472] (II) modeset(0): Modeline "3840x2160"x24.0  297.00  3840 5116 5204 5500  2160 2168 2178 2250 +hsync +vsync (54.0 kHz e)
[357625.472] (II) modeset(0): Modeline "3840x2160"x30.0  296.70  3840 4016 4104 4400  2160 2168 2178 2250 +hsync +vsync (67.4 kHz e)
[357625.472] (II) modeset(0): Modeline "3840x2160"x24.0  296.70  3840 5116 5204 5500  2160 2168 2178 2250 +hsync +vsync (53.9 kHz e)
[357625.472] (II) modeset(0): Modeline "1920x1080"x60.0  148.50  1920 2008 2052 2200  1080 1084 1089 1125 +hsync +vsync (67.5 kHz e)
[357625.472] (II) modeset(0): Modeline "1920x1080"x60.0  148.50  1920 2008 2052 2200  1080 1084 1089 1125 +hsync +vsync (67.5 kHz e)
[357625.472] (II) modeset(0): Modeline "1920x1080"x50.0  148.50  1920 2448 2492 2640  1080 1084 1089 1125 +hsync +vsync (56.2 kHz e)
[357625.472] (II) modeset(0): Modeline "1920x1080"x59.9  148.35  1920 2008 2052 2200  1080 1084 1089 1125 +hsync +vsync (67.4 kHz e)
[357625.472] (II) modeset(0): Modeline "1920x1080"x30.0   74.25  1920 2008 2052 2200  1080 1084 1089 1125 +hsync +vsync (33.8 kHz e)
[357625.472] (II) modeset(0): Modeline "1920x1080"x25.0   74.25  1920 2448 2492 2640  1080 1084 1089 1125 +hsync +vsync (28.1 kHz e)
[357625.472] (II) modeset(0): Modeline "1920x1080"x24.0   74.25  1920 2558 2602 2750  1080 1084 1089 1125 +hsync +vsync (27.0 kHz e)
[357625.472] (II) modeset(0): Modeline "1920x1080"x30.0   74.18  1920 2008 2052 2200  1080 1084 1089 1125 +hsync +vsync (33.7 kHz e)
[357625.472] (II) modeset(0): Modeline "1920x1080"x24.0   74.18  1920 2558 2602 2750  1080 1084 1089 1125 +hsync +vsync (27.0 kHz e)
[357625.472] (II) modeset(0): Modeline "1680x1050"x59.9  119.00  1680 1728 1760 1840  1050 1053 1059 1080 +hsync -vsync (64.7 kHz e)
[357625.472] (II) modeset(0): Modeline "1600x900"x60.0  108.00  1600 1624 1704 1800  900 901 904 1000 +hsync +vsync (60.0 kHz e)
[357625.472] (II) modeset(0): Modeline "1280x1024"x75.0  135.00  1280 1296 1440 1688  1024 1025 1028 1066 +hsync +vsync (80.0 kHz e)
[357625.472] (II) modeset(0): Modeline "1280x1024"x60.0  108.00  1280 1328 1440 1688  1024 1025 1028 1066 +hsync +vsync (64.0 kHz e)
[357625.472] (II) modeset(0): Modeline "1440x900"x59.9   88.75  1440 1488 1520 1600  900 903 909 926 +hsync -vsync (55.5 kHz e)
[357625.472] (II) modeset(0): Modeline "1366x768"x59.8   85.50  1366 1436 1579 1792  768 771 774 798 +hsync +vsync (47.7 kHz e)
[357625.472] (II) modeset(0): Modeline "1280x800"x59.9   71.00  1280 1328 1360 1440  800 803 809 823 +hsync -vsync (49.3 kHz e)
[357625.472] (II) modeset(0): Modeline "1152x864"x75.0  108.00  1152 1216 1344 1600  864 865 868 900 +hsync +vsync (67.5 kHz e)
[357625.472] (II) modeset(0): Modeline "1280x720"x60.0   74.25  1280 1390 1430 1650  720 725 730 750 +hsync +vsync (45.0 kHz e)
[357625.472] (II) modeset(0): Modeline "1280x720"x60.0   74.25  1280 1390 1430 1650  720 725 730 750 +hsync +vsync (45.0 kHz e)
[357625.472] (II) modeset(0): Modeline "1280x720"x50.0   74.25  1280 1720 1760 1980  720 725 730 750 +hsync +vsync (37.5 kHz e)
[357625.472] (II) modeset(0): Modeline "1280x720"x59.9   74.18  1280 1390 1430 1650  720 725 730 750 +hsync +vsync (45.0 kHz e)
[357625.472] (II) modeset(0): Modeline "1024x768"x75.0   78.75  1024 1040 1136 1312  768 769 772 800 +hsync +vsync (60.0 kHz e)
[357625.472] (II) modeset(0): Modeline "1024x768"x70.1   75.00  1024 1048 1184 1328  768 771 777 806 -hsync -vsync (56.5 kHz e)
[357625.472] (II) modeset(0): Modeline "1024x768"x60.0   65.00  1024 1048 1184 1344  768 771 777 806 -hsync -vsync (48.4 kHz e)
[357625.472] (II) modeset(0): Modeline "832x624"x74.6   57.28  832 864 928 1152  624 625 628 667 -hsync -vsync (49.7 kHz e)
[357625.472] (II) modeset(0): Modeline "800x600"x72.2   50.00  800 856 976 1040  600 637 643 666 +hsync +vsync (48.1 kHz e)
[357625.472] (II) modeset(0): Modeline "800x600"x75.0   49.50  800 816 896 1056  600 601 604 625 +hsync +vsync (46.9 kHz e)
[357625.472] (II) modeset(0): Modeline "800x600"x60.3   40.00  800 840 968 1056  600 601 605 628 +hsync +vsync (37.9 kHz e)
[357625.472] (II) modeset(0): Modeline "720x576"x50.0   27.00  720 732 796 864  576 581 586 625 -hsync -vsync (31.2 kHz e)
[357625.472] (II) modeset(0): Modeline "720x480"x60.0   27.03  720 736 798 858  480 489 495 525 -hsync -vsync (31.5 kHz e)
[357625.472] (II) modeset(0): Modeline "720x480"x59.9   27.00  720 736 798 858  480 489 495 525 -hsync -vsync (31.5 kHz e)
[357625.472] (II) modeset(0): Modeline "640x480"x75.0   31.50  640 656 720 840  480 481 484 500 -hsync -vsync (37.5 kHz e)
[357625.472] (II) modeset(0): Modeline "640x480"x72.8   31.50  640 664 704 832  480 489 492 520 -hsync -vsync (37.9 kHz e)
[357625.472] (II) modeset(0): Modeline "640x480"x66.7   30.24  640 704 768 864  480 483 486 525 -hsync -vsync (35.0 kHz e)
[357625.472] (II) modeset(0): Modeline "640x480"x60.0   25.20  640 656 752 800  480 490 492 525 -hsync -vsync (31.5 kHz e)
[357625.472] (II) modeset(0): Modeline "640x480"x59.9   25.18  640 656 752 800  480 490 492 525 -hsync -vsync (31.5 kHz e)
[357625.472] (II) modeset(0): Modeline "720x400"x70.1   28.32  720 738 846 900  400 412 414 449 -hsync +vsync (31.5 kHz e)
[357625.472] (II) modeset(0): EDID for output DP-1-3
[357625.472] (II) modeset(0): Output eDP-1 connected
[357625.472] (II) modeset(0): Output DP-1 disconnected
[357625.472] (II) modeset(0): Output DP-2 disconnected
[357625.472] (II) modeset(0): Output DP-3 disconnected
[357625.472] (II) modeset(0): Output DP-1-1 disconnected
[357625.472] (II) modeset(0): Output DP-1-2 connected
[357625.472] (II) modeset(0): Output DP-1-3 disconnected
[357625.472] (II) modeset(0): Using spanning desktop for initial modes
[357625.472] (II) modeset(0): Output eDP-1 using initial mode 3840x2160 +0+0
[357625.472] (II) modeset(0): Output DP-1-2 using initial mode 3840x2160 +3840+0
[357625.473] (==) modeset(0): Using gamma correction (1.0, 1.0, 1.0)
[357625.473] (==) modeset(0): DPI set to (96, 96)
[357625.473] (II) Loading sub module "fb"
[357625.473] (II) LoadModule: "fb"
[357625.473] (II) Loading /usr/lib64/xorg/modules/libfb.so
[357625.474] (II) Module fb: vendor="X.Org Foundation"
[357625.474] 	compiled for 1.20.4, module version = 1.0.0
[357625.474] 	ABI class: X.Org ANSI C Emulation, version 0.4
[357625.474] (II) UnloadModule: "fbdev"
[357625.474] (II) Unloading fbdev
[357625.474] (II) UnloadSubModule: "fbdevhw"
[357625.474] (II) Unloading fbdevhw
[357625.474] (II) UnloadModule: "vesa"
[357625.474] (II) Unloading vesa
[357625.542] (==) modeset(0): Backing store enabled
[357625.542] (==) modeset(0): Silken mouse enabled
[357625.709] (II) modeset(0): Initializing kms color map for depth 24, 8 bpc.
[357625.709] (==) modeset(0): DPMS enabled
[357625.710] (II) modeset(0): [DRI2] Setup complete
[357625.710] (II) modeset(0): [DRI2]   DRI driver: i965
[357625.710] (II) modeset(0): [DRI2]   VDPAU driver: va_gl
[357625.710] (II) Initializing extension Generic Event Extension
[357625.710] (II) Initializing extension SHAPE
[357625.710] (II) Initializing extension MIT-SHM
[357625.710] (II) Initializing extension XInputExtension
[357625.711] (II) Initializing extension XTEST
[357625.711] (II) Initializing extension BIG-REQUESTS
[357625.711] (II) Initializing extension SYNC
[357625.711] (II) Initializing extension XKEYBOARD
[357625.711] (II) Initializing extension XC-MISC
[357625.711] (II) Initializing extension XFIXES
[357625.711] (II) Initializing extension RENDER
[357625.711] (II) Initializing extension RANDR
[357625.711] (II) Initializing extension COMPOSITE
[357625.711] (II) Initializing extension DAMAGE
[357625.711] (II) Initializing extension MIT-SCREEN-SAVER
[357625.711] (II) Initializing extension DOUBLE-BUFFER
[357625.712] (II) Initializing extension RECORD
[357625.712] (II) Initializing extension DPMS
[357625.712] (II) Initializing extension Present
[357625.712] (II) Initializing extension DRI3
[357625.712] (II) Initializing extension X-Resource
[357625.712] (II) Initializing extension XVideo
[357625.712] (II) Initializing extension XVideo-MotionCompensation
[357625.712] (II) Initializing extension SELinux
[357625.712] (II) SELinux: Disabled by boolean
[357625.712] (II) Initializing extension GLX
[357625.715] (II) AIGLX: Loaded and initialized i965
[357625.715] (II) GLX: Initialized DRI2 GL provider for screen 0
[357625.715] (II) Initializing extension XFree86-VidModeExtension
[357625.715] (II) Initializing extension XFree86-DGA
[357625.715] (II) Initializing extension XFree86-DRI
[357625.715] (II) Initializing extension DRI2
[357625.717] (II) modeset(0): Damage tracking initialized
[357625.717] (II) modeset(0): Setting screen physical size to 2032 x 571
[357625.744] (II) config/udev: Adding input device Power Button (/dev/input/event3)
[357625.744] (**) Power Button: Applying InputClass "evdev keyboard catchall"
[357625.744] (**) Power Button: Applying InputClass "libinput keyboard catchall"
[357625.744] (**) Power Button: Applying InputClass "system-keyboard"
[357625.744] (II) LoadModule: "libinput"
[357625.745] (II) Loading /usr/lib64/xorg/modules/input/libinput_drv.so
[357625.748] (II) Module libinput: vendor="X.Org Foundation"
[357625.748] 	compiled for 1.20.3, module version = 0.28.2
[357625.748] 	Module class: X.Org XInput Driver
[357625.748] 	ABI class: X.Org XInput driver, version 24.1
[357625.748] (II) Using input driver 'libinput' for 'Power Button'
[357625.748] (**) Power Button: always reports core events
[357625.748] (**) Option "Device" "/dev/input/event3"
[357625.748] (**) Option "_source" "server/udev"
[357625.749] (II) event3  - Power Button: is tagged by udev as: Keyboard
[357625.749] (II) event3  - Power Button: device is a keyboard
[357625.749] (II) event3  - Power Button: device removed
[357625.761] (**) Option "config_info" "udev:/sys/devices/LNXSYSTM:00/LNXPWRBN:00/input/input3/event3"
[357625.761] (II) XINPUT: Adding extended input device "Power Button" (type: KEYBOARD, id 6)
[357625.761] (**) Option "xkb_layout" "us"
[357625.761] (II) event3  - Power Button: is tagged by udev as: Keyboard
[357625.761] (II) event3  - Power Button: device is a keyboard
[357625.762] (II) config/udev: Adding input device Video Bus (/dev/input/event6)
[357625.762] (**) Video Bus: Applying InputClass "evdev keyboard catchall"
[357625.762] (**) Video Bus: Applying InputClass "libinput keyboard catchall"
[357625.762] (**) Video Bus: Applying InputClass "system-keyboard"
[357625.762] (II) Using input driver 'libinput' for 'Video Bus'
[357625.762] (**) Video Bus: always reports core events
[357625.762] (**) Option "Device" "/dev/input/event6"
[357625.762] (**) Option "_source" "server/udev"
[357625.762] (II) event6  - Video Bus: is tagged by udev as: Keyboard
[357625.763] (II) event6  - Video Bus: device is a keyboard
[357625.763] (II) event6  - Video Bus: device removed
[357625.775] (**) Option "config_info" "udev:/sys/devices/LNXSYSTM:00/LNXSYBUS:00/PNP0A08:00/LNXVIDEO:00/input/input7/event6"
[357625.775] (II) XINPUT: Adding extended input device "Video Bus" (type: KEYBOARD, id 7)
[357625.775] (**) Option "xkb_layout" "us"
[357625.775] (II) event6  - Video Bus: is tagged by udev as: Keyboard
[357625.775] (II) event6  - Video Bus: device is a keyboard
[357625.776] (II) config/udev: Adding input device Video Bus (/dev/input/event7)
[357625.776] (**) Video Bus: Applying InputClass "evdev keyboard catchall"
[357625.776] (**) Video Bus: Applying InputClass "libinput keyboard catchall"
[357625.776] (**) Video Bus: Applying InputClass "system-keyboard"
[357625.776] (II) Using input driver 'libinput' for 'Video Bus'
[357625.776] (**) Video Bus: always reports core events
[357625.776] (**) Option "Device" "/dev/input/event7"
[357625.776] (**) Option "_source" "server/udev"
[357625.776] (II) event7  - Video Bus: is tagged by udev as: Keyboard
[357625.776] (II) event7  - Video Bus: device is a keyboard
[357625.776] (II) event7  - Video Bus: device removed
[357625.788] (**) Option "config_info" "udev:/sys/devices/LNXSYSTM:00/LNXSYBUS:00/PNP0A08:00/device:0b/LNXVIDEO:01/input/input8/event7"
[357625.788] (II) XINPUT: Adding extended input device "Video Bus" (type: KEYBOARD, id 8)
[357625.788] (**) Option "xkb_layout" "us"
[357625.788] (II) event7  - Video Bus: is tagged by udev as: Keyboard
[357625.788] (II) event7  - Video Bus: device is a keyboard
[357625.789] (II) config/udev: Adding input device Power Button (/dev/input/event1)
[357625.789] (**) Power Button: Applying InputClass "evdev keyboard catchall"
[357625.789] (**) Power Button: Applying InputClass "libinput keyboard catchall"
[357625.789] (**) Power Button: Applying InputClass "system-keyboard"
[357625.789] (II) Using input driver 'libinput' for 'Power Button'
[357625.789] (**) Power Button: always reports core events
[357625.789] (**) Option "Device" "/dev/input/event1"
[357625.789] (**) Option "_source" "server/udev"
[357625.789] (II) event1  - Power Button: is tagged by udev as: Keyboard
[357625.789] (II) event1  - Power Button: device is a keyboard
[357625.789] (II) event1  - Power Button: device removed
[357625.800] (**) Option "config_info" "udev:/sys/devices/LNXSYSTM:00/LNXSYBUS:00/PNP0C0C:00/input/input1/event1"
[357625.800] (II) XINPUT: Adding extended input device "Power Button" (type: KEYBOARD, id 9)
[357625.800] (**) Option "xkb_layout" "us"
[357625.800] (II) event1  - Power Button: is tagged by udev as: Keyboard
[357625.800] (II) event1  - Power Button: device is a keyboard
[357625.801] (II) config/udev: Adding input device Lid Switch (/dev/input/event0)
[357625.801] (II) No input driver specified, ignoring this device.
[357625.801] (II) This device may have been added with another device file.
[357625.801] (II) config/udev: Adding input device Sleep Button (/dev/input/event2)
[357625.801] (**) Sleep Button: Applying InputClass "evdev keyboard catchall"
[357625.801] (**) Sleep Button: Applying InputClass "libinput keyboard catchall"
[357625.801] (**) Sleep Button: Applying InputClass "system-keyboard"
[357625.801] (II) Using input driver 'libinput' for 'Sleep Button'
[357625.801] (**) Sleep Button: always reports core events
[357625.801] (**) Option "Device" "/dev/input/event2"
[357625.801] (**) Option "_source" "server/udev"
[357625.801] (II) event2  - Sleep Button: is tagged by udev as: Keyboard
[357625.801] (II) event2  - Sleep Button: device is a keyboard
[357625.801] (II) event2  - Sleep Button: device removed
[357625.815] (**) Option "config_info" "udev:/sys/devices/LNXSYSTM:00/LNXSYBUS:00/PNP0C0E:00/input/input2/event2"
[357625.815] (II) XINPUT: Adding extended input device "Sleep Button" (type: KEYBOARD, id 10)
[357625.815] (**) Option "xkb_layout" "us"
[357625.815] (II) event2  - Sleep Button: is tagged by udev as: Keyboard
[357625.815] (II) event2  - Sleep Button: device is a keyboard
[357625.815] (II) config/udev: Adding drm device (/dev/dri/card1)
[357625.815] (II) xfree86: Adding drm device (/dev/dri/card1)
[357625.816] (II) config/udev: Adding input device Integrated_Webcam_HD: Integrate (/dev/input/event20)
[357625.816] (**) Integrated_Webcam_HD: Integrate: Applying InputClass "evdev keyboard catchall"
[357625.816] (**) Integrated_Webcam_HD: Integrate: Applying InputClass "libinput keyboard catchall"
[357625.816] (**) Integrated_Webcam_HD: Integrate: Applying InputClass "system-keyboard"
[357625.816] (II) Using input driver 'libinput' for 'Integrated_Webcam_HD: Integrate'
[357625.816] (**) Integrated_Webcam_HD: Integrate: always reports core events
[357625.816] (**) Option "Device" "/dev/input/event20"
[357625.816] (**) Option "_source" "server/udev"
[357625.817] (II) event20 - Integrated_Webcam_HD: Integrate: is tagged by udev as: Keyboard
[357625.817] (II) event20 - Integrated_Webcam_HD: Integrate: device is a keyboard
[357625.817] (II) event20 - Integrated_Webcam_HD: Integrate: device removed
[357625.829] (**) Option "config_info" "udev:/sys/devices/pci0000:00/0000:00:14.0/usb1/1-12/1-12:1.0/input/input32/event20"
[357625.829] (II) XINPUT: Adding extended input device "Integrated_Webcam_HD: Integrate" (type: KEYBOARD, id 11)
[357625.829] (**) Option "xkb_layout" "us"
[357625.830] (II) event20 - Integrated_Webcam_HD: Integrate: is tagged by udev as: Keyboard
[357625.830] (II) event20 - Integrated_Webcam_HD: Integrate: device is a keyboard
[357625.831] (II) config/udev: Adding input device Wacom HID 488F Pen (/dev/input/event18)
[357625.831] (**) Wacom HID 488F Pen: Applying InputClass "evdev tablet catchall"
[357625.831] (**) Wacom HID 488F Pen: Applying InputClass "libinput tablet catchall"
[357625.831] (**) Wacom HID 488F Pen: Applying InputClass "Wacom USB tablet class"
[357625.831] (**) Wacom HID 488F Pen: Applying InputClass "Wacom tablet class"
[357625.831] (II) LoadModule: "wacom"
[357625.831] (II) Loading /usr/lib64/xorg/modules/input/wacom_drv.so
[357625.832] (II) Module wacom: vendor="X.Org Foundation"
[357625.832] 	compiled for 1.20.0, module version = 0.36.1
[357625.832] 	Module class: X.Org XInput Driver
[357625.832] 	ABI class: X.Org XInput driver, version 24.1
[357625.832] (II) Build version: 0.36.1
[357625.832] (II) wacom: Driver for Wacom graphics tablets: PenPartner, Graphire,
	Graphire2 4x5, Graphire2 5x7, Graphire3 4x5, Graphire3 6x8,
	Graphire4 4x5, Graphire4 6x8, BambooFun 4x5, BambooFun 6x8,
	Bamboo1 Medium, Graphire4 6x8 BlueTooth, CTL-460, CTH-461, CTL-660,
	CTL-461/S, Bamboo Touch, CTH-460/K, CTH-461/S, CTH-661/S1, CTH-461/L,
	CTH-661/L, Intuos 4x5, Intuos 6x8, Intuos 9x12, Intuos 12x12,
	Intuos 12x18, PTU600, PL400, PL500, PL600, PL600SX, PL550, PL800,
	PL700, PL510, PL710, DTI520, DTF720, DTF720a, DTF521, DTU1931,
	DTU2231, DTU1631, DTH1152, DTH1152, DTK2451, DTH2452, DTH2452,
	Intuos2 4x5, Intuos2 6x8, Intuos2 9x12, Intuos2 12x12, Intuos2 12x18,
	Intuos2 6x8 , Volito, PenStation, Volito2 4x5, Volito2 2x3,
	PenPartner2, Bamboo, Bamboo1, Bamboo1 4x6, Bamboo1 5x8, Intuos3 4x5,
	Intuos3 6x8, Intuos3 9x12, Intuos3 12x12, Intuos3 12x19,
	Intuos3 6x11, Intuos3 4x6, Intuos4 4x6, Intuos4 6x9, Intuos4 8x13,
	Intuos4 12x19, Intuos4 WL USB Endpoint,
	Intuos4 WL Bluetooth Endpoint, Intuos5 touch S, Intuos5 touch M,
	Intuos5 touch L, Intuos5 S, Intuos5 M, Intuos Pro S, Intuos Pro M,
	Intuos Pro L, Cintiq 21UX, Cintiq 20WSX, Cintiq 12WX, Cintiq 21UX2,
	Cintiq 24HD, Cintiq 22HD, Cintiq 24HD touch (EMR digitizer),
	Cintiq 13HD, DTK2241, DTH2242, Cintiq 22HDT, Cintiq 27QHDT,
	Cintiq 27QHDT, Mobilestudio Pro 13, MobileStudio Pro 16,
	MobileStudio Pro 13, MobileStudio Pro 16, Cintiq 13 FHD Pro,
	Cintiq 16 UHD Pro, Cintiq Pro 24, Cintiq Pro 32, Cintiq 13 FHD Pro,
	Cintiq 16 UHD Pro, Cintiq Pro 24, Cintiq Pro 32, Cintiq Pro 24,
	TabletPC 0x90, TabletPC 0x93, TabletPC 0x97, TabletPC 0x9A,
	CapPlus  0x9F, TabletPC 0xE2, TabletPC 0xE3, TabletPC 0xE5,
	TabletPC 0xE6, TabletPC 0xEC, TabletPC 0xED, TabletPC 0xEF,
	TabletPC 0x100, TabletPC 0x101, TabletPC 0x10D, TabletPC 0x116,
	TabletPC 0x12C, TabletPC 0x4001, TabletPC 0x4004, TabletPC 0x5000,
	TabletPC 0x5002, usb:172f:0024, usb:172f:0025, usb:172f:0026,
	usb:172f:0027, usb:172f:0028, usb:172f:0030, usb:172f:0031,
	usb:172f:0032, usb:172f:0033, usb:172f:0034, usb:172f:0035,
	usb:172f:0036, usb:172f:0037, usb:172f:0038, usb:172f:0039,
	usb:172f:0051, usb:172f:0052, usb:172f:0053, usb:172f:0054,
	usb:172f:0055, usb:172f:0056, usb:172f:0057, usb:172f:0058,
	usb:172f:0500, usb:172f:0501, usb:172f:0502, usb:172f:0503,
	usb:1b96:0001, usb:17ef:6004
[357625.833] (II) Using input driver 'wacom' for 'Wacom HID 488F Pen'
[357625.833] (**) Wacom HID 488F Pen: always reports core events
[357625.833] (**) Option "Device" "/dev/input/event18"
[357625.833] (II) Wacom HID 488F Pen: type not specified, assuming 'stylus'.
[357625.833] (II) Wacom HID 488F Pen: other types will be automatically added.
[357625.833] (--) Wacom HID 488F Pen stylus: using pressure threshold of 851 for button 1
[357625.833] (**) Wacom HID 488F Pen stylus: panscroll is 0
[357625.833] (**) Wacom HID 488F Pen stylus: panscroll modified to 1300
[357625.833] (--) Wacom HID 488F Pen stylus: maxX=34422 maxY=19362 maxZ=4095 resX=100000 resY=100000  tilt=enabled
[357625.833] (II) Wacom HID 488F Pen stylus: hotplugging dependent devices.
[357625.833] (EE) Wacom HID 488F Pen stylus: Invalid type 'cursor' for this device.
[357625.833] (EE) Wacom HID 488F Pen stylus: Invalid type 'touch' for this device.
[357625.833] (EE) Wacom HID 488F Pen stylus: Invalid type 'pad' for this device.
[357625.833] (II) Wacom HID 488F Pen stylus: hotplugging completed.
[357625.844] (**) Option "config_info" "udev:/sys/devices/pci0000:00/0000:00:15.0/i2c_designware.0/i2c-24/i2c-WCOM488F:00/0018:056A:488F.0001/input/input29/event18"
[357625.844] (II) XINPUT: Adding extended input device "Wacom HID 488F Pen stylus" (type: STYLUS, id 12)
[357625.844] (**) Wacom HID 488F Pen stylus: (accel) keeping acceleration scheme 1
[357625.844] (**) Wacom HID 488F Pen stylus: (accel) acceleration profile 0
[357625.844] (**) Wacom HID 488F Pen stylus: (accel) acceleration factor: 2.000
[357625.844] (**) Wacom HID 488F Pen stylus: (accel) acceleration threshold: 4
[357625.845] (II) config/udev: Adding input device Wacom HID 488F Pen (/dev/input/mouse2)
[357625.845] (II) No input driver specified, ignoring this device.
[357625.845] (II) This device may have been added with another device file.
[357625.845] (II) config/udev: Adding input device Wacom HID 488F Finger (/dev/input/event19)
[357625.845] (**) Wacom HID 488F Finger: Applying InputClass "evdev touchscreen catchall"
[357625.845] (**) Wacom HID 488F Finger: Applying InputClass "libinput touchscreen catchall"
[357625.845] (**) Wacom HID 488F Finger: Applying InputClass "Wacom USB touchscreen class"
[357625.845] (**) Wacom HID 488F Finger: Applying InputClass "Wacom touchscreen class"
[357625.845] (II) Using input driver 'wacom' for 'Wacom HID 488F Finger'
[357625.845] (**) Wacom HID 488F Finger: always reports core events
[357625.845] (**) Option "Device" "/dev/input/event19"
[357625.845] (EE) Wacom HID 488F Finger: Invalid type 'stylus' for this device.
[357625.845] (EE) Wacom HID 488F Finger: Invalid type 'eraser' for this device.
[357625.845] (EE) Wacom HID 488F Finger: Invalid type 'cursor' for this device.
[357625.845] (II) Wacom HID 488F Finger: type not specified, assuming 'touch'.
[357625.845] (II) Wacom HID 488F Finger: other types will be automatically added.
[357625.845] (**) Wacom HID 488F Finger touch: panscroll is 0
[357625.845] (**) Wacom HID 488F Finger touch: panscroll modified to 13
[357625.845] (--) Wacom HID 488F Finger touch: maxX=13768 maxY=7744 maxZ=0 resX=40000 resY=40000 
[357625.845] (II) Wacom HID 488F Finger touch: hotplugging dependent devices.
[357625.845] (EE) Wacom HID 488F Finger touch: Invalid type 'stylus' for this device.
[357625.845] (EE) Wacom HID 488F Finger touch: Invalid type 'eraser' for this device.
[357625.845] (EE) Wacom HID 488F Finger touch: Invalid type 'cursor' for this device.
[357625.845] (EE) Wacom HID 488F Finger touch: Invalid type 'pad' for this device.
[357625.845] (II) Wacom HID 488F Finger touch: hotplugging completed.
[357625.858] (**) Option "config_info" "udev:/sys/devices/pci0000:00/0000:00:15.0/i2c_designware.0/i2c-24/i2c-WCOM488F:00/0018:056A:488F.0001/input/input30/event19"
[357625.858] (II) XINPUT: Adding extended input device "Wacom HID 488F Finger touch" (type: TOUCH, id 13)
[357625.858] (**) Wacom HID 488F Finger touch: (accel) keeping acceleration scheme 1
[357625.858] (**) Wacom HID 488F Finger touch: (accel) acceleration profile 0
[357625.858] (**) Wacom HID 488F Finger touch: (accel) acceleration factor: 2.000
[357625.858] (**) Wacom HID 488F Finger touch: (accel) acceleration threshold: 4
[357625.858] (II) config/udev: Adding input device Wacom HID 488F Finger (/dev/input/mouse3)
[357625.858] (II) No input driver specified, ignoring this device.
[357625.858] (II) This device may have been added with another device file.
[357625.859] (II) config/udev: Adding input device SYNA2393:00 06CB:7A13 Touchpad (/dev/input/event17)
[357625.859] (**) SYNA2393:00 06CB:7A13 Touchpad: Applying InputClass "evdev touchpad catchall"
[357625.859] (**) SYNA2393:00 06CB:7A13 Touchpad: Applying InputClass "libinput touchpad catchall"
[357625.859] (II) Using input driver 'libinput' for 'SYNA2393:00 06CB:7A13 Touchpad'
[357625.859] (**) SYNA2393:00 06CB:7A13 Touchpad: always reports core events
[357625.859] (**) Option "Device" "/dev/input/event17"
[357625.859] (**) Option "_source" "server/udev"
[357625.860] (II) event17 - SYNA2393:00 06CB:7A13 Touchpad: is tagged by udev as: Touchpad
[357625.860] (II) event17 - SYNA2393:00 06CB:7A13 Touchpad: device is a touchpad
[357625.860] (II) event17 - SYNA2393:00 06CB:7A13 Touchpad: device removed
[357625.871] (**) Option "config_info" "udev:/sys/devices/pci0000:00/0000:00:15.1/i2c_designware.1/i2c-25/i2c-SYNA2393:00/0018:06CB:7A13.0002/input/input27/event17"
[357625.871] (II) XINPUT: Adding extended input device "SYNA2393:00 06CB:7A13 Touchpad" (type: TOUCHPAD, id 14)
[357625.871] (**) Option "AccelerationScheme" "none"
[357625.871] (**) SYNA2393:00 06CB:7A13 Touchpad: (accel) selected scheme none/0
[357625.871] (**) SYNA2393:00 06CB:7A13 Touchpad: (accel) acceleration factor: 2.000
[357625.871] (**) SYNA2393:00 06CB:7A13 Touchpad: (accel) acceleration threshold: 4
[357625.872] (II) event17 - SYNA2393:00 06CB:7A13 Touchpad: is tagged by udev as: Touchpad
[357625.872] (II) event17 - SYNA2393:00 06CB:7A13 Touchpad: device is a touchpad
[357625.873] (II) config/udev: Adding input device SYNA2393:00 06CB:7A13 Touchpad (/dev/input/mouse1)
[357625.873] (II) No input driver specified, ignoring this device.
[357625.873] (II) This device may have been added with another device file.
[357625.874] (II) config/udev: Adding input device Logitech Trackball (/dev/input/event5)
[357625.874] (**) Logitech Trackball: Applying InputClass "evdev pointer catchall"
[357625.874] (**) Logitech Trackball: Applying InputClass "libinput pointer catchall"
[357625.874] (II) Using input driver 'libinput' for 'Logitech Trackball'
[357625.874] (**) Logitech Trackball: always reports core events
[357625.874] (**) Option "Device" "/dev/input/event5"
[357625.874] (**) Option "_source" "server/udev"
[357625.876] (II) event5  - Logitech Trackball: is tagged by udev as: Mouse Trackball
[357625.876] (II) event5  - Logitech Trackball: device set to 300 DPI
[357625.876] (II) event5  - Logitech Trackball: device is a pointer
[357625.876] (II) event5  - Logitech Trackball: device removed
[357625.887] (**) Option "config_info" "udev:/sys/devices/pci0000:00/0000:00:1b.0/0000:02:00.0/0000:03:01.0/0000:05:00.0/0000:06:04.0/0000:08:00.0/0000:09:01.0/0000:0a:00.0/usb5/5-1/5-1.6/5-1.6:1.0/0003:046D:C404.0011/input/input96/event5"
[357625.887] (II) XINPUT: Adding extended input device "Logitech Trackball" (type: MOUSE, id 15)
[357625.887] (**) Option "AccelerationScheme" "none"
[357625.887] (**) Logitech Trackball: (accel) selected scheme none/0
[357625.887] (**) Logitech Trackball: (accel) acceleration factor: 2.000
[357625.887] (**) Logitech Trackball: (accel) acceleration threshold: 4
[357625.889] (II) event5  - Logitech Trackball: is tagged by udev as: Mouse Trackball
[357625.889] (II) event5  - Logitech Trackball: device set to 300 DPI
[357625.889] (II) event5  - Logitech Trackball: device is a pointer
[357625.890] (II) config/udev: Adding input device Logitech Trackball (/dev/input/mouse0)
[357625.890] (II) No input driver specified, ignoring this device.
[357625.890] (II) This device may have been added with another device file.
[357625.890] (II) config/udev: Adding input device HDA Intel PCH Headphone Mic (/dev/input/event11)
[357625.890] (II) No input driver specified, ignoring this device.
[357625.890] (II) This device may have been added with another device file.
[357625.890] (II) config/udev: Adding input device HDA Intel PCH HDMI/DP,pcm=3 (/dev/input/event12)
[357625.890] (II) No input driver specified, ignoring this device.
[357625.890] (II) This device may have been added with another device file.
[357625.891] (II) config/udev: Adding input device HDA Intel PCH HDMI/DP,pcm=7 (/dev/input/event13)
[357625.891] (II) No input driver specified, ignoring this device.
[357625.891] (II) This device may have been added with another device file.
[357625.891] (II) config/udev: Adding input device HDA Intel PCH HDMI/DP,pcm=8 (/dev/input/event14)
[357625.891] (II) No input driver specified, ignoring this device.
[357625.891] (II) This device may have been added with another device file.
[357625.891] (II) config/udev: Adding input device HDA Intel PCH HDMI/DP,pcm=9 (/dev/input/event15)
[357625.891] (II) No input driver specified, ignoring this device.
[357625.891] (II) This device may have been added with another device file.
[357625.892] (II) config/udev: Adding input device HDA Intel PCH HDMI/DP,pcm=10 (/dev/input/event16)
[357625.892] (II) No input driver specified, ignoring this device.
[357625.892] (II) This device may have been added with another device file.
[357625.892] (II) config/udev: Adding input device Intel HID 5 button array (/dev/input/event9)
[357625.892] (**) Intel HID 5 button array: Applying InputClass "evdev keyboard catchall"
[357625.892] (**) Intel HID 5 button array: Applying InputClass "libinput keyboard catchall"
[357625.892] (**) Intel HID 5 button array: Applying InputClass "system-keyboard"
[357625.892] (II) Using input driver 'libinput' for 'Intel HID 5 button array'
[357625.892] (**) Intel HID 5 button array: always reports core events
[357625.892] (**) Option "Device" "/dev/input/event9"
[357625.892] (**) Option "_source" "server/udev"
[357625.893] (II) event9  - Intel HID 5 button array: is tagged by udev as: Keyboard
[357625.893] (II) event9  - Intel HID 5 button array: device is a keyboard
[357625.893] (II) event9  - Intel HID 5 button array: device removed
[357625.901] (**) Option "config_info" "udev:/sys/devices/platform/INT33D5:00/input/input10/event9"
[357625.901] (II) XINPUT: Adding extended input device "Intel HID 5 button array" (type: KEYBOARD, id 16)
[357625.901] (**) Option "xkb_layout" "us"
[357625.901] (II) event9  - Intel HID 5 button array: is tagged by udev as: Keyboard
[357625.901] (II) event9  - Intel HID 5 button array: device is a keyboard
[357625.902] (II) config/udev: Adding input device Intel HID events (/dev/input/event8)
[357625.902] (**) Intel HID events: Applying InputClass "evdev keyboard catchall"
[357625.902] (**) Intel HID events: Applying InputClass "libinput keyboard catchall"
[357625.902] (**) Intel HID events: Applying InputClass "system-keyboard"
[357625.902] (II) Using input driver 'libinput' for 'Intel HID events'
[357625.902] (**) Intel HID events: always reports core events
[357625.902] (**) Option "Device" "/dev/input/event8"
[357625.902] (**) Option "_source" "server/udev"
[357625.902] (II) event8  - Intel HID events: is tagged by udev as: Keyboard
[357625.902] (II) event8  - Intel HID events: device is a keyboard
[357625.902] (II) event8  - Intel HID events: device removed
[357625.910] (**) Option "config_info" "udev:/sys/devices/platform/INT33D5:00/input/input9/event8"
[357625.910] (II) XINPUT: Adding extended input device "Intel HID events" (type: KEYBOARD, id 17)
[357625.910] (**) Option "xkb_layout" "us"
[357625.910] (II) event8  - Intel HID events: is tagged by udev as: Keyboard
[357625.910] (II) event8  - Intel HID events: device is a keyboard
[357625.911] (II) config/udev: Adding input device Dell WMI hotkeys (/dev/input/event10)
[357625.911] (**) Dell WMI hotkeys: Applying InputClass "evdev keyboard catchall"
[357625.911] (**) Dell WMI hotkeys: Applying InputClass "libinput keyboard catchall"
[357625.911] (**) Dell WMI hotkeys: Applying InputClass "system-keyboard"
[357625.911] (II) Using input driver 'libinput' for 'Dell WMI hotkeys'
[357625.911] (**) Dell WMI hotkeys: always reports core events
[357625.911] (**) Option "Device" "/dev/input/event10"
[357625.911] (**) Option "_source" "server/udev"
[357625.912] (II) event10 - Dell WMI hotkeys: is tagged by udev as: Keyboard
[357625.912] (II) event10 - Dell WMI hotkeys: device is a keyboard
[357625.912] (II) event10 - Dell WMI hotkeys: device removed
[357625.932] (**) Option "config_info" "udev:/sys/devices/platform/PNP0C14:05/wmi_bus/wmi_bus-PNP0C14:05/9DBB5994-A997-11DA-B012-B622A1EF5492/input/input11/event10"
[357625.932] (II) XINPUT: Adding extended input device "Dell WMI hotkeys" (type: KEYBOARD, id 18)
[357625.932] (**) Option "xkb_layout" "us"
[357625.932] (II) event10 - Dell WMI hotkeys: is tagged by udev as: Keyboard
[357625.932] (II) event10 - Dell WMI hotkeys: device is a keyboard
[357625.933] (II) config/udev: Adding input device AT Translated Set 2 keyboard (/dev/input/event4)
[357625.933] (**) AT Translated Set 2 keyboard: Applying InputClass "evdev keyboard catchall"
[357625.933] (**) AT Translated Set 2 keyboard: Applying InputClass "libinput keyboard catchall"
[357625.933] (**) AT Translated Set 2 keyboard: Applying InputClass "system-keyboard"
[357625.933] (II) Using input driver 'libinput' for 'AT Translated Set 2 keyboard'
[357625.933] (**) AT Translated Set 2 keyboard: always reports core events
[357625.933] (**) Option "Device" "/dev/input/event4"
[357625.933] (**) Option "_source" "server/udev"
[357625.933] (II) event4  - AT Translated Set 2 keyboard: is tagged by udev as: Keyboard
[357625.933] (II) event4  - AT Translated Set 2 keyboard: device is a keyboard
[357625.933] (II) event4  - AT Translated Set 2 keyboard: device removed
[357625.947] (**) Option "config_info" "udev:/sys/devices/platform/i8042/serio0/input/input4/event4"
[357625.947] (II) XINPUT: Adding extended input device "AT Translated Set 2 keyboard" (type: KEYBOARD, id 19)
[357625.947] (**) Option "xkb_layout" "us"
[357625.947] (II) event4  - AT Translated Set 2 keyboard: is tagged by udev as: Keyboard
[357625.947] (II) event4  - AT Translated Set 2 keyboard: device is a keyboard
[357625.953] (**) Wacom HID 488F Pen eraser: Applying InputClass "evdev tablet catchall"
[357625.953] (**) Wacom HID 488F Pen eraser: Applying InputClass "libinput tablet catchall"
[357625.953] (**) Wacom HID 488F Pen eraser: Applying InputClass "Wacom USB tablet class"
[357625.953] (**) Wacom HID 488F Pen eraser: Applying InputClass "Wacom tablet class"
[357625.953] (II) Using input driver 'wacom' for 'Wacom HID 488F Pen eraser'
[357625.953] (**) Wacom HID 488F Pen eraser: always reports core events
[357625.953] (**) Option "Device" "/dev/input/event18"
[357625.953] (**) Option "Type" "eraser"
[357625.953] (**) Wacom HID 488F Pen eraser: panscroll is 1300
[357625.953] (**) Wacom HID 488F Pen eraser: panscroll modified to 1300
[357625.953] (--) Wacom HID 488F Pen eraser: maxX=34422 maxY=19362 maxZ=4095 resX=100000 resY=100000  tilt=enabled
[357625.964] (**) Option "config_info" "udev:/sys/devices/pci0000:00/0000:00:15.0/i2c_designware.0/i2c-24/i2c-WCOM488F:00/0018:056A:488F.0001/input/input29/event18"
[357625.964] (II) XINPUT: Adding extended input device "Wacom HID 488F Pen eraser" (type: ERASER, id 20)
[357625.964] (**) Wacom HID 488F Pen eraser: (accel) keeping acceleration scheme 1
[357625.964] (**) Wacom HID 488F Pen eraser: (accel) acceleration profile 0
[357625.964] (**) Wacom HID 488F Pen eraser: (accel) acceleration factor: 2.000
[357625.964] (**) Wacom HID 488F Pen eraser: (accel) acceleration threshold: 4
[357626.045] (II) event3  - Power Button: device removed
[357626.058] (II) event6  - Video Bus: device removed
[357626.066] (II) event7  - Video Bus: device removed
[357626.077] (II) event1  - Power Button: device removed
[357626.090] (II) event2  - Sleep Button: device removed
[357626.098] (II) event20 - Integrated_Webcam_HD: Integrate: device removed
[357626.115] (II) event17 - SYNA2393:00 06CB:7A13 Touchpad: device removed
[357626.123] (II) event5  - Logitech Trackball: device removed
[357626.131] (II) event9  - Intel HID 5 button array: device removed
[357626.139] (II) event8  - Intel HID events: device removed
[357626.149] (II) event10 - Dell WMI hotkeys: device removed
[357626.159] (II) event4  - AT Translated Set 2 keyboard: device removed
[357626.209] (II) UnloadModule: "wacom"
[357626.209] (II) UnloadModule: "libinput"
[357626.209] (II) UnloadModule: "libinput"
[357626.209] (II) UnloadModule: "libinput"
[357626.209] (II) UnloadModule: "libinput"
[357626.209] (II) UnloadModule: "libinput"
[357626.209] (II) UnloadModule: "libinput"
[357626.209] (II) UnloadModule: "wacom"
[357626.209] (II) UnloadModule: "wacom"
[357626.209] (II) UnloadModule: "libinput"
[357626.209] (II) UnloadModule: "libinput"
[357626.210] (II) UnloadModule: "libinput"
[357626.210] (II) UnloadModule: "libinput"
[357626.210] (II) UnloadModule: "libinput"
[357626.210] (II) UnloadModule: "libinput"
[357626.258] (II) Server terminated successfully (0). Closing log file.
