[    0.018697] ACPI: TCPA 0x000000008AEFB000 000032 (v02 ACRSYS ACRPRDCT 00000000 1025 00040000)
[    0.018700] ACPI: UEFI 0x000000008AEF9000 000042 (v01 ACRSYS ACRPRDCT 00000002 1025 00040000)
[    0.018704] ACPI: SSDT 0x000000008AEF7000 00004B (v02 ACRSYS ACRPRDCT 00003000 1025 00040000)
[    0.018707] ACPI: SSDT 0x000000008AEF1000 0041B6 (v01 ACRSYS ACRPRDCT 00001000 1025 00040000)
[    0.018710] ACPI: SSDT 0x000000008AEEA000 0052EE (v02 ACRSYS ACRPRDCT 00003000 1025 00040000)
[    0.018714] ACPI: SSDT 0x000000008AEE5000 000531 (v02 ACRSYS ACRPRDCT 00000000 1025 00040000)
[    0.018717] ACPI: BOOT 0x000000008AEE3000 000028 (v01 ACRSYS ACRPRDCT 00000001 1025 00040000)
[    0.018720] ACPI: APIC 0x000000008AEE0000 0000BC (v03 ACRSYS ACRPRDCT 00000001 1025 00040000)
[    0.018724] ACPI: SSDT 0x000000008AEB5000 000DEA (v02 ACRSYS ACRPRDCT 00001000 1025 00040000)
[    0.018727] ACPI: SSDT 0x000000008AEB3000 000B49 (v02 ACRSYS ACRPRDCT 00001000 1025 00040000)
[    0.018730] ACPI: DMAR 0x000000008AEAF000 000114 (v01 ACRSYS ACRPRDCT 00000001 1025 00040000)
--
[    0.150559] ACPI: \_PR_.CPU0: _OSC native thermal LVT Acked
[    0.152247] ACPI: Dynamic OEM Table Load:
[    0.152257] ACPI: SSDT 0xFFFF963900B06C00 00037F (v02 PmRef  Cpu0Cst  00003001 INTL 20130117)
[    0.153930] ACPI: Dynamic OEM Table Load:
[    0.153940] ACPI: SSDT 0xFFFF963901129000 0005AA (v02 PmRef  ApIst    00003000 INTL 20130117)
[    0.155438] ACPI: Dynamic OEM Table Load:
[    0.155446] ACPI: SSDT 0xFFFF963900208000 000119 (v02 PmRef  ApCst    00003000 INTL 20130117)
[    0.158615] ACPI: Interpreter enabled
[    0.158664] ACPI: PM: (supports S0 S3 S4 S5)
[    0.158666] ACPI: Using IOAPIC for interrupt routing
[    0.158706] PCI: Using host bridge windows from ACPI; if necessary, use "pci=nocrs" and report a bug
--
[    0.203522] ACPI: PCI: Interrupt link LNKD configured for IRQ 11
[    0.203578] ACPI: PCI: Interrupt link LNKE configured for IRQ 11
[    0.203633] ACPI: PCI: Interrupt link LNKF configured for IRQ 11
[    0.203691] ACPI: PCI: Interrupt link LNKG configured for IRQ 11
[    0.203747] ACPI: PCI: Interrupt link LNKH configured for IRQ 11
[    0.204346] platform MSFT0101:00: failed to claim resource 1: [mem 0xfed40000-0xfed40fff]
[    0.204350] acpi MSFT0101:00: platform device creation failed: -16
[    0.210805] ACPI: EC: interrupt unblocked
[    0.210806] ACPI: EC: event unblocked
[    0.210820] ACPI: EC: EC_CMD/EC_SC=0x66, EC_DATA=0x62
[    0.210822] ACPI: EC: GPE=0x50
[    0.210823] ACPI: \_SB_.PCI0.LPCB.EC0_: Boot ECDT EC initialization complete
--
[    4.285800] thermal LNXTHERM:00: registered as thermal_zone0
[    4.285803] ACPI: thermal: Thermal Zone [THRM] (45 C)
[    4.286060] Serial: 8250/16550 driver, 32 ports, IRQ sharing enabled
[    4.287715] Non-volatile memory driver v1.3
[    4.287739] Linux agpgart interface v0.103
[    4.287882] tpm_crb MSFT0101:00: [Firmware Bug]: Bad ACPI memory layout
[    4.291292] ACPI: battery: Slot [BAT0] (battery present)
[    4.300450] ACPI: bus type drm_connector registered
[    4.301128] intel-lpss 0000:00:15.0: enabling device (0000 -> 0002)
[    4.307061] intel-lpss 0000:00:15.1: enabling device (0000 -> 0002)
[    4.312893] intel-lpss 0000:00:15.2: enabling device (0000 -> 0002)
--
[    5.015758] usb 1-4: New USB device found, idVendor=04f2, idProduct=1558, bcdDevice= 0.99
[    5.015766] usb 1-4: New USB device strings: Mfr=1, Product=2, SerialNumber=0
[    5.015768] usb 1-4: Product: ACER Hawaii Keyboard
[    5.015770] usb 1-4: Manufacturer: Chicony
[    5.021711] input: Chicony ACER Hawaii Keyboard as /devices/pci0000:00/0000:00:14.0/usb1/1-4/1-4:1.0/0003:04F2:1558.0001/input/input6
[    5.073509] hid-generic 0003:04F2:1558.0001: input,hidraw0: USB HID v1.11 Keyboard [Chicony ACER Hawaii Keyboard] on usb-0000:00:14.0-4/input0
[    5.079018] input: Chicony ACER Hawaii Keyboard System Control as /devices/pci0000:00/0000:00:14.0/usb1/1-4/1-4:1.1/0003:04F2:1558.0002/input/input7
[    5.131290] input: Chicony ACER Hawaii Keyboard Consumer Control as /devices/pci0000:00/0000:00:14.0/usb1/1-4/1-4:1.1/0003:04F2:1558.0002/input/input8
[    5.131394] input: Chicony ACER Hawaii Keyboard as /devices/pci0000:00/0000:00:14.0/usb1/1-4/1-4:1.1/0003:04F2:1558.0002/input/input9
[    5.131485] input: Chicony ACER Hawaii Keyboard Wireless Radio Control as /devices/pci0000:00/0000:00:14.0/usb1/1-4/1-4:1.1/0003:04F2:1558.0002/input/input10
[    5.131640] hid-generic 0003:04F2:1558.0002: input,hiddev96,hidraw1: USB HID v1.11 Device [Chicony ACER Hawaii Keyboard] on usb-0000:00:14.0-4/input1
[    5.149618] input: Chicony ACER Hawaii Keyboard Mouse as /devices/pci0000:00/0000:00:14.0/usb1/1-4/1-4:1.2/0003:04F2:1558.0003/input/input11
[    5.149714] input: Chicony ACER Hawaii Keyboard Touchpad as /devices/pci0000:00/0000:00:14.0/usb1/1-4/1-4:1.2/0003:04F2:1558.0003/input/input12
[    5.149796] hid-generic 0003:04F2:1558.0003: input,hiddev97,hidraw2: USB HID v1.11 Mouse [Chicony ACER Hawaii Keyboard] on usb-0000:00:14.0-4/input2
[    5.218232] systemd[1]: LSM BPF program attached
[    5.263053] usb 1-5: new full-speed USB device number 4 using xhci_hcd
[    5.295911] systemd[1]: Queued start job for default target initrd.target.
[    5.296126] systemd[1]: Started systemd-ask-password-console.path - Dispatch Password Requests to Console Directory Watch.
[    5.296171] systemd[1]: Reached target cryptsetup.target - Local Encrypted Volumes.
--
[    6.166590] usb-storage 1-2:1.0: USB Mass Storage device detected
[    6.168092] scsi host3: usb-storage 1-2:1.0
[    6.168232] usbcore: registered new interface driver usb-storage
[    6.217891] input: Chicony ACER Hawaii Keyboard Mouse as /devices/pci0000:00/0000:00:14.0/usb1/1-4/1-4:1.2/0003:04F2:1558.0003/input/input13
[    6.224857] input: Chicony ACER Hawaii Keyboard Touchpad as /devices/pci0000:00/0000:00:14.0/usb1/1-4/1-4:1.2/0003:04F2:1558.0003/input/input14
[    6.225110] hid-multitouch 0003:04F2:1558.0003: input,hiddev97,hidraw2: USB HID v1.11 Mouse [Chicony ACER Hawaii Keyboard] on usb-0000:00:14.0-4/input2
[    6.243189] input: ELAN5515:00 04F3:2339 as /devices/pci0000:00/0000:00:15.1/i2c_designware.1/i2c-1/i2c-ELAN5515:00/0018:04F3:2339.0004/input/input15
[    6.243303] input: ELAN5515:00 04F3:2339 UNKNOWN as /devices/pci0000:00/0000:00:15.1/i2c_designware.1/i2c-1/i2c-ELAN5515:00/0018:04F3:2339.0004/input/input16
[    6.243362] input: ELAN5515:00 04F3:2339 UNKNOWN as /devices/pci0000:00/0000:00:15.1/i2c_designware.1/i2c-1/i2c-ELAN5515:00/0018:04F3:2339.0004/input/input17
[    6.243430] input: ELAN5515:00 04F3:2339 Stylus as /devices/pci0000:00/0000:00:15.1/i2c_designware.1/i2c-1/i2c-ELAN5515:00/0018:04F3:2339.0004/input/input18
[    6.243516] hid-multitouch 0018:04F3:2339.0004: input,hidraw3: I2C HID v1.00 Device [ELAN5515:00 04F3:2339] on i2c-ELAN5515:00
[    6.261691] usbcore: registered new interface driver uas
[    7.215118] scsi 3:0:0:0: Direct-Access     VendorCo ProductCode      2.00 PQ: 0 ANSI: 4
[    7.215707] sd 3:0:0:0: Attached scsi generic sg1 type 0
[    7.215989] sd 3:0:0:0: [sdb] 15728640 512-byte logical blocks: (8.05 GB/7.50 GiB)
[    7.217061] sd 3:0:0:0: [sdb] Write Protect is off
--
[    7.217246] sd 3:0:0:0: [sdb] No Caching mode page found
[    7.217254] sd 3:0:0:0: [sdb] Assuming drive cache: write through
[    7.220583]  sdb: sdb1
[    7.221414] sd 3:0:0:0: [sdb] Attached SCSI removable disk
[    7.225749] ish-hid {33AECD58-B679-4E54-9BD9-A04D34F0C226}: [hid-ish]: enum_devices_done OK, num_hid_devices=4
[    7.231219] hid-generic 001F:8087:0AC2.0005: hidraw4: <UNKNOWN> HID v2.00 Device [hid-ishtp 8087:0AC2] on 
[    7.236587] hid-generic 001F:8087:8AC2.0006: hidraw5: <UNKNOWN> HID v2.00 Device [hid-ishtp 8087:8AC2] on 
[    7.241075] hid-generic 001F:8087:0AC2.0007: hidraw6: <UNKNOWN> HID v2.00 Device [hid-ishtp 8087:0AC2] on 
[    7.245135] hid-generic 001F:8087:8AC2.0008: hidraw7: <UNKNOWN> HID v2.00 Device [hid-ishtp 8087:8AC2] on 
[    7.662890] squashfs: version 4.0 (2009/01/31) Phillip Lougher
[    8.153908] loop0: detected capacity change from 0 to 3733112
[    8.207652] loop1: detected capacity change from 0 to 15876096
[    8.234928] loop2: detected capacity change from 0 to 67108864
[    8.433912] EXT4-fs (dm-0): mounted filesystem with ordered data mode. Quota mode: none.
--
[  500.410379] usb 1-4: New USB device found, idVendor=04f2, idProduct=1558, bcdDevice= 0.99
[  500.410393] usb 1-4: New USB device strings: Mfr=1, Product=2, SerialNumber=0
[  500.410399] usb 1-4: Product: ACER Hawaii Keyboard
[  500.410402] usb 1-4: Manufacturer: Chicony
[  500.416573] input: Chicony ACER Hawaii Keyboard as /devices/pci0000:00/0000:00:14.0/usb1/1-4/1-4:1.0/0003:04F2:1558.0009/input/input32
[  500.469242] hid-generic 0003:04F2:1558.0009: input,hidraw0: USB HID v1.11 Keyboard [Chicony ACER Hawaii Keyboard] on usb-0000:00:14.0-4/input0
[  500.475006] input: Chicony ACER Hawaii Keyboard System Control as /devices/pci0000:00/0000:00:14.0/usb1/1-4/1-4:1.1/0003:04F2:1558.000A/input/input33
[  500.526900] input: Chicony ACER Hawaii Keyboard Consumer Control as /devices/pci0000:00/0000:00:14.0/usb1/1-4/1-4:1.1/0003:04F2:1558.000A/input/input34
[  500.527131] input: Chicony ACER Hawaii Keyboard as /devices/pci0000:00/0000:00:14.0/usb1/1-4/1-4:1.1/0003:04F2:1558.000A/input/input35
[  500.527589] input: Chicony ACER Hawaii Keyboard Wireless Radio Control as /devices/pci0000:00/0000:00:14.0/usb1/1-4/1-4:1.1/0003:04F2:1558.000A/input/input36
[  500.528023] hid-generic 0003:04F2:1558.000A: input,hiddev96,hidraw1: USB HID v1.11 Device [Chicony ACER Hawaii Keyboard] on usb-0000:00:14.0-4/input1
[  500.556347] input: Chicony ACER Hawaii Keyboard Mouse as /devices/pci0000:00/0000:00:14.0/usb1/1-4/1-4:1.2/0003:04F2:1558.000B/input/input37
[  500.556967] input: Chicony ACER Hawaii Keyboard Touchpad as /devices/pci0000:00/0000:00:14.0/usb1/1-4/1-4:1.2/0003:04F2:1558.000B/input/input38
[  500.557419] hid-multitouch 0003:04F2:1558.000B: input,hiddev97,hidraw2: USB HID v1.11 Mouse [Chicony ACER Hawaii Keyboard] on usb-0000:00:14.0-4/input2
[  500.835536] ish-hid {33AECD58-B679-4E54-9BD9-A04D34F0C226}: [hid-ish]: enum_devices_done OK, num_hid_devices=4
[  555.857378] wlp1s0: authenticate with 86:7f:7c:fb:d2:a0
[  555.857392] wlp1s0: bad VHT capabilities, disabling VHT
[  555.857393] wlp1s0: 80 MHz not supported, disabling VHT
[  555.903766] wlp1s0: send auth to 86:7f:7c:fb:d2:a0 (try 1/3)
