-- Journal begins at Sun 2021-04-18 21:02:16 -03, ends at Wed 2021-09-08 08:11:01 -03. --
Sep 08 07:48:30 HOSTNAME /usr/lib/gdm-x-session[11311]: (--) Log file renamed from "/home/jscandal/.local/share/xorg/Xorg.pid-11311.log" to "/home/jscandal/.local/share/xorg/Xorg.0.log"
Sep 08 07:48:30 HOSTNAME /usr/lib/gdm-x-session[11311]: (WW) Failed to open protocol names file lib/xorg/protocol.txt
Sep 08 07:48:30 HOSTNAME /usr/lib/gdm-x-session[11311]: X.Org X Server 1.20.13
Sep 08 07:48:30 HOSTNAME /usr/lib/gdm-x-session[11311]: X Protocol Version 11, Revision 0
Sep 08 07:48:30 HOSTNAME /usr/lib/gdm-x-session[11311]: Build Operating System: Linux Archlinux
Sep 08 07:48:30 HOSTNAME /usr/lib/gdm-x-session[11311]: Current Operating System: Linux HOSTNAME 5.14.1-arch1-1 #1 SMP PREEMPT Fri, 03 Sep 2021 20:27:41 +0000 x86_64
Sep 08 07:48:30 HOSTNAME /usr/lib/gdm-x-session[11311]: Kernel command line: BOOT_IMAGE=/vmlinuz-linux USERNAME=UUID=d02bf79f-8ca6-4fc9-a78c-c6836fc1cde1 rw resume=UUID=829d9321-52cb-48ea-8190-e5671726fc89 loglevel=3 quiet
Sep 08 07:48:30 HOSTNAME /usr/lib/gdm-x-session[11311]: Build Date: 04 August 2021  08:13:54AM
Sep 08 07:48:30 HOSTNAME /usr/lib/gdm-x-session[11311]:  
Sep 08 07:48:30 HOSTNAME /usr/lib/gdm-x-session[11311]: Current version of pixman: 0.40.0
Sep 08 07:48:30 HOSTNAME /usr/lib/gdm-x-session[11311]:         Before reporting problems, check http://wiki.x.org
Sep 08 07:48:30 HOSTNAME /usr/lib/gdm-x-session[11311]:         to make sure that you have the latest version.
Sep 08 07:48:30 HOSTNAME /usr/lib/gdm-x-session[11311]: Markers: (--) probed, (**) from config file, (==) default setting,
Sep 08 07:48:30 HOSTNAME /usr/lib/gdm-x-session[11311]:         (++) from command line, (!!) notice, (II) informational,
Sep 08 07:48:30 HOSTNAME /usr/lib/gdm-x-session[11311]:         (WW) warning, (EE) error, (NI) not implemented, (??) unknown.
Sep 08 07:48:30 HOSTNAME /usr/lib/gdm-x-session[11311]: (==) Log file: "/home/jscandal/.local/share/xorg/Xorg.0.log", Time: Wed Sep  8 07:48:30 2021
Sep 08 07:48:30 HOSTNAME /usr/lib/gdm-x-session[11311]: (==) Using config directory: "/etc/X11/xorg.conf.d"
Sep 08 07:48:30 HOSTNAME /usr/lib/gdm-x-session[11311]: (==) Using system config directory "/usr/share/X11/xorg.conf.d"
Sep 08 07:48:30 HOSTNAME /usr/lib/gdm-x-session[11311]: (==) No Layout section.  Using the first Screen section.
Sep 08 07:48:30 HOSTNAME /usr/lib/gdm-x-session[11311]: (==) No screen section available. Using defaults.
Sep 08 07:48:30 HOSTNAME /usr/lib/gdm-x-session[11311]: (**) |-->Screen "Default Screen Section" (0)
Sep 08 07:48:30 HOSTNAME /usr/lib/gdm-x-session[11311]: (**) |   |-->Monitor "<default monitor>"
Sep 08 07:48:30 HOSTNAME /usr/lib/gdm-x-session[11311]: (==) No monitor specified for screen "Default Screen Section".
Sep 08 07:48:30 HOSTNAME /usr/lib/gdm-x-session[11311]:         Using a default monitor configuration.
Sep 08 07:48:30 HOSTNAME /usr/lib/gdm-x-session[11311]: (==) Automatically adding devices
Sep 08 07:48:30 HOSTNAME /usr/lib/gdm-x-session[11311]: (==) Automatically enabling devices
Sep 08 07:48:30 HOSTNAME /usr/lib/gdm-x-session[11311]: (==) Automatically adding GPU devices
Sep 08 07:48:30 HOSTNAME /usr/lib/gdm-x-session[11311]: (==) Automatically binding GPU devices
Sep 08 07:48:30 HOSTNAME /usr/lib/gdm-x-session[11311]: (==) Max clients allowed: 256, resource mask: 0x1fffff
Sep 08 07:48:30 HOSTNAME /usr/lib/gdm-x-session[11311]: (WW) `fonts.dir' not found (or not valid) in "/usr/share/fonts/misc".
Sep 08 07:48:30 HOSTNAME /usr/lib/gdm-x-session[11311]:         Entry deleted from font path.
Sep 08 07:48:30 HOSTNAME /usr/lib/gdm-x-session[11311]:         (Run 'mkfontdir' on "/usr/share/fonts/misc").
Sep 08 07:48:30 HOSTNAME /usr/lib/gdm-x-session[11311]: (WW) `fonts.dir' not found (or not valid) in "/usr/share/fonts/TTF".
Sep 08 07:48:30 HOSTNAME /usr/lib/gdm-x-session[11311]:         Entry deleted from font path.
Sep 08 07:48:30 HOSTNAME /usr/lib/gdm-x-session[11311]:         (Run 'mkfontdir' on "/usr/share/fonts/TTF").
Sep 08 07:48:30 HOSTNAME /usr/lib/gdm-x-session[11311]: (WW) The directory "/usr/share/fonts/OTF" does not exist.
Sep 08 07:48:30 HOSTNAME /usr/lib/gdm-x-session[11311]:         Entry deleted from font path.
Sep 08 07:48:30 HOSTNAME /usr/lib/gdm-x-session[11311]: (WW) The directory "/usr/share/fonts/Type1" does not exist.
Sep 08 07:48:30 HOSTNAME /usr/lib/gdm-x-session[11311]:         Entry deleted from font path.
Sep 08 07:48:30 HOSTNAME /usr/lib/gdm-x-session[11311]: (WW) The directory "/usr/share/fonts/100dpi" does not exist.
Sep 08 07:48:30 HOSTNAME /usr/lib/gdm-x-session[11311]:         Entry deleted from font path.
Sep 08 07:48:30 HOSTNAME /usr/lib/gdm-x-session[11311]: (WW) The directory "/usr/share/fonts/75dpi" does not exist.
Sep 08 07:48:30 HOSTNAME /usr/lib/gdm-x-session[11311]:         Entry deleted from font path.
Sep 08 07:48:30 HOSTNAME /usr/lib/gdm-x-session[11311]: (==) FontPath set to:
Sep 08 07:48:30 HOSTNAME /usr/lib/gdm-x-session[11311]:         
Sep 08 07:48:30 HOSTNAME /usr/lib/gdm-x-session[11311]: (==) ModulePath set to "/usr/lib/xorg/modules"
Sep 08 07:48:30 HOSTNAME /usr/lib/gdm-x-session[11311]: (II) The server relies on udev to provide the list of input devices.
Sep 08 07:48:30 HOSTNAME /usr/lib/gdm-x-session[11311]:         If no devices become available, reconfigure udev or disable AutoAddDevices.
Sep 08 07:48:30 HOSTNAME /usr/lib/gdm-x-session[11311]: (II) Module ABI versions:
Sep 08 07:48:30 HOSTNAME /usr/lib/gdm-x-session[11311]:         X.Org ANSI C Emulation: 0.4
Sep 08 07:48:30 HOSTNAME /usr/lib/gdm-x-session[11311]:         X.Org Video Driver: 24.1
Sep 08 07:48:30 HOSTNAME /usr/lib/gdm-x-session[11311]:         X.Org XInput driver : 24.1
Sep 08 07:48:30 HOSTNAME /usr/lib/gdm-x-session[11311]:         X.Org Server Extension : 10.0
Sep 08 07:48:30 HOSTNAME /usr/lib/gdm-x-session[11311]: (++) using VT number 3
Sep 08 07:48:30 HOSTNAME /usr/lib/gdm-x-session[11311]: (II) systemd-logind: took control of session /org/freedesktop/login1/session/_37
Sep 08 07:48:30 HOSTNAME /usr/lib/gdm-x-session[11311]: (II) xfree86: Adding drm device (/dev/dri/card0)
Sep 08 07:48:30 HOSTNAME /usr/lib/gdm-x-session[11311]: (II) systemd-logind: got fd for /dev/dri/card0 226:0 fd 11 paused 0
Sep 08 07:48:30 HOSTNAME /usr/lib/gdm-x-session[11311]: (--) PCI:*(4@0:0:0) 1002:1636:103c:87a9 rev 195, Mem @ 0xd0000000/268435456, 0xe0000000/2097152, 0xfe400000/524288, I/O @ 0x0000f000/256
Sep 08 07:48:30 HOSTNAME /usr/lib/gdm-x-session[11311]: (WW) Open ACPI failed (/var/run/acpid.socket) (No such file or directory)
Sep 08 07:48:30 HOSTNAME /usr/lib/gdm-x-session[11311]: (II) LoadModule: "glx"
Sep 08 07:48:30 HOSTNAME /usr/lib/gdm-x-session[11311]: (II) Loading /usr/lib/xorg/modules/extensions/libglx.so
Sep 08 07:48:30 HOSTNAME /usr/lib/gdm-x-session[11311]: (II) Module glx: vendor="X.Org Foundation"
Sep 08 07:48:30 HOSTNAME /usr/lib/gdm-x-session[11311]:         compiled for 1.20.13, module version = 1.0.0
Sep 08 07:48:30 HOSTNAME /usr/lib/gdm-x-session[11311]:         ABI class: X.Org Server Extension, version 10.0
Sep 08 07:48:30 HOSTNAME /usr/lib/gdm-x-session[11311]: (II) Applying OutputClass "AMDgpu" to /dev/dri/card0
Sep 08 07:48:30 HOSTNAME /usr/lib/gdm-x-session[11311]:         loading driver: amdgpu
Sep 08 07:48:30 HOSTNAME /usr/lib/gdm-x-session[11311]: (==) Matched amdgpu as autoconfigured driver 0
Sep 08 07:48:30 HOSTNAME /usr/lib/gdm-x-session[11311]: (==) Matched ati as autoconfigured driver 1
Sep 08 07:48:30 HOSTNAME /usr/lib/gdm-x-session[11311]: (==) Matched modesetting as autoconfigured driver 2
Sep 08 07:48:30 HOSTNAME /usr/lib/gdm-x-session[11311]: (==) Matched fbdev as autoconfigured driver 3
Sep 08 07:48:30 HOSTNAME /usr/lib/gdm-x-session[11311]: (==) Matched vesa as autoconfigured driver 4
Sep 08 07:48:30 HOSTNAME /usr/lib/gdm-x-session[11311]: (==) Assigned the driver to the xf86ConfigLayout
Sep 08 07:48:30 HOSTNAME /usr/lib/gdm-x-session[11311]: (II) LoadModule: "amdgpu"
Sep 08 07:48:30 HOSTNAME /usr/lib/gdm-x-session[11311]: (II) Loading /usr/lib/xorg/modules/drivers/amdgpu_drv.so
Sep 08 07:48:30 HOSTNAME /usr/lib/gdm-x-session[11311]: (II) Module amdgpu: vendor="X.Org Foundation"
Sep 08 07:48:30 HOSTNAME /usr/lib/gdm-x-session[11311]:         compiled for 1.20.13, module version = 21.0.0
Sep 08 07:48:30 HOSTNAME /usr/lib/gdm-x-session[11311]:         Module class: X.Org Video Driver
Sep 08 07:48:30 HOSTNAME /usr/lib/gdm-x-session[11311]:         ABI class: X.Org Video Driver, version 24.1
Sep 08 07:48:30 HOSTNAME /usr/lib/gdm-x-session[11311]: (II) LoadModule: "ati"
Sep 08 07:48:30 HOSTNAME /usr/lib/gdm-x-session[11311]: (WW) Warning, couldn't open module ati
Sep 08 07:48:30 HOSTNAME /usr/lib/gdm-x-session[11311]: (EE) Failed to load module "ati" (module does not exist, 0)
Sep 08 07:48:30 HOSTNAME /usr/lib/gdm-x-session[11311]: (II) LoadModule: "modesetting"
Sep 08 07:48:30 HOSTNAME /usr/lib/gdm-x-session[11311]: (II) Loading /usr/lib/xorg/modules/drivers/modesetting_drv.so
Sep 08 07:48:30 HOSTNAME /usr/lib/gdm-x-session[11311]: (II) Module modesetting: vendor="X.Org Foundation"
Sep 08 07:48:30 HOSTNAME /usr/lib/gdm-x-session[11311]:         compiled for 1.20.13, module version = 1.20.13
Sep 08 07:48:30 HOSTNAME /usr/lib/gdm-x-session[11311]:         Module class: X.Org Video Driver
Sep 08 07:48:30 HOSTNAME /usr/lib/gdm-x-session[11311]:         ABI class: X.Org Video Driver, version 24.1
Sep 08 07:48:30 HOSTNAME /usr/lib/gdm-x-session[11311]: (II) LoadModule: "fbdev"
Sep 08 07:48:30 HOSTNAME /usr/lib/gdm-x-session[11311]: (WW) Warning, couldn't open module fbdev
Sep 08 07:48:30 HOSTNAME /usr/lib/gdm-x-session[11311]: (EE) Failed to load module "fbdev" (module does not exist, 0)
Sep 08 07:48:30 HOSTNAME /usr/lib/gdm-x-session[11311]: (II) LoadModule: "vesa"
Sep 08 07:48:30 HOSTNAME /usr/lib/gdm-x-session[11311]: (WW) Warning, couldn't open module vesa
Sep 08 07:48:30 HOSTNAME /usr/lib/gdm-x-session[11311]: (EE) Failed to load module "vesa" (module does not exist, 0)
Sep 08 07:48:30 HOSTNAME /usr/lib/gdm-x-session[11311]: (II) AMDGPU: Driver for AMD Radeon:
Sep 08 07:48:30 HOSTNAME /usr/lib/gdm-x-session[11311]:         All GPUs supported by the amdgpu kernel driver
Sep 08 07:48:30 HOSTNAME /usr/lib/gdm-x-session[11311]: (II) modesetting: Driver for Modesetting Kernel Drivers: kms
Sep 08 07:48:30 HOSTNAME /usr/lib/gdm-x-session[11311]: (WW) Falling back to old probe method for modesetting
Sep 08 07:48:30 HOSTNAME /usr/lib/gdm-x-session[11311]: (WW) VGA arbiter: cannot open kernel arbiter, no multi-card support
Sep 08 07:48:30 HOSTNAME /usr/lib/gdm-x-session[11311]: (II) AMDGPU(0): Creating default Display subsection in Screen section
Sep 08 07:48:30 HOSTNAME /usr/lib/gdm-x-session[11311]:         "Default Screen Section" for depth/fbbpp 24/32
Sep 08 07:48:30 HOSTNAME /usr/lib/gdm-x-session[11311]: (==) AMDGPU(0): Depth 24, (--) framebuffer bpp 32
Sep 08 07:48:30 HOSTNAME /usr/lib/gdm-x-session[11311]: (II) AMDGPU(0): Pixel depth = 24 bits stored in 4 bytes (32 bpp pixmaps)
Sep 08 07:48:30 HOSTNAME /usr/lib/gdm-x-session[11311]: (==) AMDGPU(0): Default visual is TrueColor
Sep 08 07:48:30 HOSTNAME /usr/lib/gdm-x-session[11311]: (==) AMDGPU(0): RGB weight 888
Sep 08 07:48:30 HOSTNAME /usr/lib/gdm-x-session[11311]: (II) AMDGPU(0): Using 8 bits per RGB (8 bit DAC)
Sep 08 07:48:30 HOSTNAME /usr/lib/gdm-x-session[11311]: (--) AMDGPU(0): Chipset: "Unknown AMD Radeon GPU" (ChipID = 0x1636)
Sep 08 07:48:30 HOSTNAME /usr/lib/gdm-x-session[11311]: (II) Loading sub module "fb"
Sep 08 07:48:30 HOSTNAME /usr/lib/gdm-x-session[11311]: (II) LoadModule: "fb"
Sep 08 07:48:30 HOSTNAME /usr/lib/gdm-x-session[11311]: (II) Loading /usr/lib/xorg/modules/libfb.so
Sep 08 07:48:30 HOSTNAME /usr/lib/gdm-x-session[11311]: (II) Module fb: vendor="X.Org Foundation"
Sep 08 07:48:30 HOSTNAME /usr/lib/gdm-x-session[11311]:         compiled for 1.20.13, module version = 1.0.0
Sep 08 07:48:30 HOSTNAME /usr/lib/gdm-x-session[11311]:         ABI class: X.Org ANSI C Emulation, version 0.4
Sep 08 07:48:30 HOSTNAME /usr/lib/gdm-x-session[11311]: (II) Loading sub module "dri2"
Sep 08 07:48:30 HOSTNAME /usr/lib/gdm-x-session[11311]: (II) LoadModule: "dri2"
Sep 08 07:48:30 HOSTNAME /usr/lib/gdm-x-session[11311]: (II) Module "dri2" already built-in
Sep 08 07:48:30 HOSTNAME /usr/lib/gdm-x-session[11311]: (II) Loading sub module "glamoregl"
Sep 08 07:48:30 HOSTNAME /usr/lib/gdm-x-session[11311]: (II) LoadModule: "glamoregl"
Sep 08 07:48:30 HOSTNAME /usr/lib/gdm-x-session[11311]: (II) Loading /usr/lib/xorg/modules/libglamoregl.so
Sep 08 07:48:30 HOSTNAME /usr/lib/gdm-x-session[11311]: (II) Module glamoregl: vendor="X.Org Foundation"
Sep 08 07:48:30 HOSTNAME /usr/lib/gdm-x-session[11311]:         compiled for 1.20.13, module version = 1.0.1
Sep 08 07:48:30 HOSTNAME /usr/lib/gdm-x-session[11311]:         ABI class: X.Org ANSI C Emulation, version 0.4
Sep 08 07:48:30 HOSTNAME /usr/lib/gdm-x-session[11311]: (II) AMDGPU(0): glamor X acceleration enabled on AMD RENOIR (DRM 3.42.0, 5.14.1-arch1-1, LLVM 12.0.1)
Sep 08 07:48:30 HOSTNAME /usr/lib/gdm-x-session[11311]: (II) AMDGPU(0): glamor detected, initialising EGL layer.
Sep 08 07:48:30 HOSTNAME /usr/lib/gdm-x-session[11311]: (==) AMDGPU(0): TearFree property default: auto
Sep 08 07:48:30 HOSTNAME /usr/lib/gdm-x-session[11311]: (==) AMDGPU(0): VariableRefresh: disabled
Sep 08 07:48:30 HOSTNAME /usr/lib/gdm-x-session[11311]: (II) AMDGPU(0): KMS Pageflipping: enabled
Sep 08 07:48:30 HOSTNAME /usr/lib/gdm-x-session[11311]: (II) AMDGPU(0): Output eDP has no monitor section
Sep 08 07:48:30 HOSTNAME /usr/lib/gdm-x-session[11311]: (II) AMDGPU(0): Output HDMI-A-0 has no monitor section
Sep 08 07:48:30 HOSTNAME /usr/lib/gdm-x-session[11311]: (II) AMDGPU(0): Output DisplayPort-0 has no monitor section
Sep 08 07:48:30 HOSTNAME /usr/lib/gdm-x-session[11311]: (II) AMDGPU(0): EDID for output eDP
Sep 08 07:48:30 HOSTNAME /usr/lib/gdm-x-session[11311]: (II) AMDGPU(0): Manufacturer: AUO  Model: 21ed  Serial#: 0
Sep 08 07:48:30 HOSTNAME /usr/lib/gdm-x-session[11311]: (II) AMDGPU(0): Year: 2018  Week: 0
Sep 08 07:48:30 HOSTNAME /usr/lib/gdm-x-session[11311]: (II) AMDGPU(0): EDID Version: 1.4
Sep 08 07:48:30 HOSTNAME /usr/lib/gdm-x-session[11311]: (II) AMDGPU(0): Digital Display Input
Sep 08 07:48:30 HOSTNAME /usr/lib/gdm-x-session[11311]: (II) AMDGPU(0): 6 bits per channel
Sep 08 07:48:30 HOSTNAME /usr/lib/gdm-x-session[11311]: (II) AMDGPU(0): Digital interface is DisplayPort
Sep 08 07:48:30 HOSTNAME /usr/lib/gdm-x-session[11311]: (II) AMDGPU(0): Max Image Size [cm]: horiz.: 34  vert.: 19
Sep 08 07:48:30 HOSTNAME /usr/lib/gdm-x-session[11311]: (II) AMDGPU(0): Gamma: 2.20
Sep 08 07:48:30 HOSTNAME /usr/lib/gdm-x-session[11311]: (II) AMDGPU(0): No DPMS capabilities specified
Sep 08 07:48:30 HOSTNAME /usr/lib/gdm-x-session[11311]: (II) AMDGPU(0): Supported color encodings: RGB 4:4:4
Sep 08 07:48:30 HOSTNAME /usr/lib/gdm-x-session[11311]: (II) AMDGPU(0): First detailed timing is preferred mode
Sep 08 07:48:30 HOSTNAME /usr/lib/gdm-x-session[11311]: (II) AMDGPU(0): Preferred mode is native pixel format and refresh rate
Sep 08 07:48:30 HOSTNAME /usr/lib/gdm-x-session[11311]: (II) AMDGPU(0): Display is continuous-frequency
Sep 08 07:48:30 HOSTNAME /usr/lib/gdm-x-session[11311]: (II) AMDGPU(0): redX: 0.575 redY: 0.346   greenX: 0.347 greenY: 0.572
Sep 08 07:48:30 HOSTNAME /usr/lib/gdm-x-session[11311]: (II) AMDGPU(0): blueX: 0.158 blueY: 0.117   whiteX: 0.313 whiteY: 0.329
Sep 08 07:48:30 HOSTNAME /usr/lib/gdm-x-session[11311]: (II) AMDGPU(0): Manufacturer's mask: 0
Sep 08 07:48:30 HOSTNAME /usr/lib/gdm-x-session[11311]: (II) AMDGPU(0): Supported detailed timing:
Sep 08 07:48:30 HOSTNAME /usr/lib/gdm-x-session[11311]: (II) AMDGPU(0): clock: 141.0 MHz   Image Size:  344 x 194 mm
Sep 08 07:48:30 HOSTNAME /usr/lib/gdm-x-session[11311]: (II) AMDGPU(0): h_active: 1920  h_sync: 2028  h_sync_end 2076 h_blank_end 2100 h_border: 0
Sep 08 07:48:30 HOSTNAME /usr/lib/gdm-x-session[11311]: (II) AMDGPU(0): v_active: 1080  v_sync: 1090  v_sync_end 1100 v_blanking: 1118 v_border: 0
Sep 08 07:48:30 HOSTNAME /usr/lib/gdm-x-session[11311]: (II) AMDGPU(0): Supported detailed timing:
Sep 08 07:48:30 HOSTNAME /usr/lib/gdm-x-session[11311]: (II) AMDGPU(0): clock: 94.0 MHz   Image Size:  344 x 194 mm
Sep 08 07:48:30 HOSTNAME /usr/lib/gdm-x-session[11311]: (II) AMDGPU(0): h_active: 1920  h_sync: 2028  h_sync_end 2076 h_blank_end 2100 h_border: 0
Sep 08 07:48:30 HOSTNAME /usr/lib/gdm-x-session[11311]: (II) AMDGPU(0): v_active: 1080  v_sync: 1090  v_sync_end 1100 v_blanking: 1118 v_border: 0
Sep 08 07:48:30 HOSTNAME /usr/lib/gdm-x-session[11311]: (II) AMDGPU(0): Unknown vendor-specific block 2
Sep 08 07:48:30 HOSTNAME /usr/lib/gdm-x-session[11311]: (II) AMDGPU(0): EDID (in hex):
Sep 08 07:48:30 HOSTNAME /usr/lib/gdm-x-session[11311]: (II) AMDGPU(0):         00ffffffffffff0006afed2100000000
Sep 08 07:48:30 HOSTNAME /usr/lib/gdm-x-session[11311]: (II) AMDGPU(0):         001c010495221378036e859358589228
Sep 08 07:48:30 HOSTNAME /usr/lib/gdm-x-session[11311]: (II) AMDGPU(0):         1e505400000001010101010101010101
Sep 08 07:48:30 HOSTNAME /usr/lib/gdm-x-session[11311]: (II) AMDGPU(0):         010101010101143780b4703826406c30
Sep 08 07:48:30 HOSTNAME /usr/lib/gdm-x-session[11311]: (II) AMDGPU(0):         aa0058c210000018b82480b470382640
Sep 08 07:48:30 HOSTNAME /usr/lib/gdm-x-session[11311]: (II) AMDGPU(0):         6c30aa0058c210000018000000000000
Sep 08 07:48:30 HOSTNAME /usr/lib/gdm-x-session[11311]: (II) AMDGPU(0):         00000000000000000000000000000002
Sep 08 07:48:30 HOSTNAME /usr/lib/gdm-x-session[11311]: (II) AMDGPU(0):         001040ff0f3c7d0f13287d2020200020
Sep 08 07:48:30 HOSTNAME /usr/lib/gdm-x-session[11311]: (II) AMDGPU(0): Printing probed modes for output eDP
Sep 08 07:48:30 HOSTNAME /usr/lib/gdm-x-session[11311]: (II) AMDGPU(0): Modeline "1920x1080"x60.1  141.00  1920 2028 2076 2100  1080 1090 1100 1118 -hsync -vsync (67.1 kHz eP)
Sep 08 07:48:30 HOSTNAME /usr/lib/gdm-x-session[11311]: (II) AMDGPU(0): Modeline "1920x1080"x40.0   94.00  1920 2028 2076 2100  1080 1090 1100 1118 -hsync -vsync (44.8 kHz e)
Sep 08 07:48:30 HOSTNAME /usr/lib/gdm-x-session[11311]: (II) AMDGPU(0): Modeline "1680x1050"x60.1  141.00  1680 2028 2076 2100  1050 1090 1100 1118 -hsync -vsync (67.1 kHz e)
Sep 08 07:48:30 HOSTNAME /usr/lib/gdm-x-session[11311]: (II) AMDGPU(0): Modeline "1280x1024"x60.1  141.00  1280 2028 2076 2100  1024 1090 1100 1118 -hsync -vsync (67.1 kHz e)
Sep 08 07:48:30 HOSTNAME /usr/lib/gdm-x-session[11311]: (II) AMDGPU(0): Modeline "1440x900"x60.1  141.00  1440 2028 2076 2100  900 1090 1100 1118 -hsync -vsync (67.1 kHz e)
Sep 08 07:48:30 HOSTNAME /usr/lib/gdm-x-session[11311]: (II) AMDGPU(0): Modeline "1280x800"x60.1  141.00  1280 2028 2076 2100  800 1090 1100 1118 -hsync -vsync (67.1 kHz e)
Sep 08 07:48:30 HOSTNAME /usr/lib/gdm-x-session[11311]: (II) AMDGPU(0): Modeline "1280x720"x60.1  141.00  1280 2028 2076 2100  720 1090 1100 1118 -hsync -vsync (67.1 kHz e)
Sep 08 07:48:30 HOSTNAME /usr/lib/gdm-x-session[11311]: (II) AMDGPU(0): Modeline "1024x768"x60.1  141.00  1024 2028 2076 2100  768 1090 1100 1118 -hsync -vsync (67.1 kHz e)
Sep 08 07:48:30 HOSTNAME /usr/lib/gdm-x-session[11311]: (II) AMDGPU(0): Modeline "800x600"x60.1  141.00  800 2028 2076 2100  600 1090 1100 1118 -hsync -vsync (67.1 kHz e)
Sep 08 07:48:30 HOSTNAME /usr/lib/gdm-x-session[11311]: (II) AMDGPU(0): Modeline "640x480"x60.1  141.00  640 2028 2076 2100  480 1090 1100 1118 -hsync -vsync (67.1 kHz e)
Sep 08 07:48:30 HOSTNAME /usr/lib/gdm-x-session[11311]: (II) AMDGPU(0): EDID for output HDMI-A-0
Sep 08 07:48:30 HOSTNAME /usr/lib/gdm-x-session[11311]: (II) AMDGPU(0): EDID for output DisplayPort-0
Sep 08 07:48:30 HOSTNAME /usr/lib/gdm-x-session[11311]: (II) AMDGPU(0): Output eDP connected
Sep 08 07:48:30 HOSTNAME /usr/lib/gdm-x-session[11311]: (II) AMDGPU(0): Output HDMI-A-0 disconnected
Sep 08 07:48:30 HOSTNAME /usr/lib/gdm-x-session[11311]: (II) AMDGPU(0): Output DisplayPort-0 disconnected
Sep 08 07:48:30 HOSTNAME /usr/lib/gdm-x-session[11311]: (II) AMDGPU(0): Using exact sizes for initial modes
Sep 08 07:48:30 HOSTNAME /usr/lib/gdm-x-session[11311]: (II) AMDGPU(0): Output eDP using initial mode 1920x1080 +0+0
Sep 08 07:48:30 HOSTNAME /usr/lib/gdm-x-session[11311]: (II) AMDGPU(0): mem size init: gart size :bf6eb000 vram size: s:1d65e000 visible:1d65e000
Sep 08 07:48:30 HOSTNAME /usr/lib/gdm-x-session[11311]: (==) AMDGPU(0): DPI set to (96, 96)
Sep 08 07:48:30 HOSTNAME /usr/lib/gdm-x-session[11311]: (==) AMDGPU(0): Using gamma correction (1.0, 1.0, 1.0)
Sep 08 07:48:30 HOSTNAME /usr/lib/gdm-x-session[11311]: (II) Loading sub module "ramdac"
Sep 08 07:48:30 HOSTNAME /usr/lib/gdm-x-session[11311]: (II) LoadModule: "ramdac"
Sep 08 07:48:30 HOSTNAME /usr/lib/gdm-x-session[11311]: (II) Module "ramdac" already built-in
Sep 08 07:48:30 HOSTNAME /usr/lib/gdm-x-session[11311]: (II) UnloadModule: "modesetting"
Sep 08 07:48:30 HOSTNAME /usr/lib/gdm-x-session[11311]: (II) Unloading modesetting
Sep 08 07:48:30 HOSTNAME /usr/lib/gdm-x-session[11311]: (II) AMDGPU(0): [DRI2] Setup complete
Sep 08 07:48:30 HOSTNAME /usr/lib/gdm-x-session[11311]: (II) AMDGPU(0): [DRI2]   DRI driver: radeonsi
Sep 08 07:48:30 HOSTNAME /usr/lib/gdm-x-session[11311]: (II) AMDGPU(0): [DRI2]   VDPAU driver: radeonsi
Sep 08 07:48:30 HOSTNAME /usr/lib/gdm-x-session[11311]: (II) AMDGPU(0): Front buffer pitch: 7680 bytes
Sep 08 07:48:30 HOSTNAME /usr/lib/gdm-x-session[11311]: (II) AMDGPU(0): SYNC extension fences enabled
Sep 08 07:48:30 HOSTNAME /usr/lib/gdm-x-session[11311]: (II) AMDGPU(0): Present extension enabled
Sep 08 07:48:30 HOSTNAME /usr/lib/gdm-x-session[11311]: (==) AMDGPU(0): DRI3 enabled
Sep 08 07:48:30 HOSTNAME /usr/lib/gdm-x-session[11311]: (==) AMDGPU(0): Backing store enabled
Sep 08 07:48:30 HOSTNAME /usr/lib/gdm-x-session[11311]: (II) AMDGPU(0): Direct rendering enabled
Sep 08 07:48:30 HOSTNAME /usr/lib/gdm-x-session[11311]: (II) AMDGPU(0): Use GLAMOR acceleration.
Sep 08 07:48:30 HOSTNAME /usr/lib/gdm-x-session[11311]: (II) AMDGPU(0): Acceleration enabled
Sep 08 07:48:30 HOSTNAME /usr/lib/gdm-x-session[11311]: (==) AMDGPU(0): DPMS enabled
Sep 08 07:48:30 HOSTNAME /usr/lib/gdm-x-session[11311]: (==) AMDGPU(0): Silken mouse disabled
Sep 08 07:48:30 HOSTNAME /usr/lib/gdm-x-session[11311]: (II) AMDGPU(0): Set up textured video (glamor)
Sep 08 07:48:30 HOSTNAME /usr/lib/gdm-x-session[11311]: (II) Initializing extension Generic Event Extension
Sep 08 07:48:30 HOSTNAME /usr/lib/gdm-x-session[11311]: (II) Initializing extension SHAPE
Sep 08 07:48:30 HOSTNAME /usr/lib/gdm-x-session[11311]: (II) Initializing extension MIT-SHM
Sep 08 07:48:30 HOSTNAME /usr/lib/gdm-x-session[11311]: (II) Initializing extension XInputExtension
Sep 08 07:48:30 HOSTNAME /usr/lib/gdm-x-session[11311]: (II) Initializing extension XTEST
Sep 08 07:48:30 HOSTNAME /usr/lib/gdm-x-session[11311]: (II) Initializing extension BIG-REQUESTS
Sep 08 07:48:30 HOSTNAME /usr/lib/gdm-x-session[11311]: (II) Initializing extension SYNC
Sep 08 07:48:30 HOSTNAME /usr/lib/gdm-x-session[11311]: (II) Initializing extension XKEYBOARD
Sep 08 07:48:30 HOSTNAME /usr/lib/gdm-x-session[11311]: (II) Initializing extension XC-MISC
Sep 08 07:48:30 HOSTNAME /usr/lib/gdm-x-session[11311]: (II) Initializing extension SECURITY
Sep 08 07:48:30 HOSTNAME /usr/lib/gdm-x-session[11311]: (II) Initializing extension XFIXES
Sep 08 07:48:30 HOSTNAME /usr/lib/gdm-x-session[11311]: (II) Initializing extension RENDER
Sep 08 07:48:30 HOSTNAME /usr/lib/gdm-x-session[11311]: (II) Initializing extension RANDR
Sep 08 07:48:30 HOSTNAME /usr/lib/gdm-x-session[11311]: (II) Initializing extension COMPOSITE
Sep 08 07:48:30 HOSTNAME /usr/lib/gdm-x-session[11311]: (II) Initializing extension DAMAGE
Sep 08 07:48:30 HOSTNAME /usr/lib/gdm-x-session[11311]: (II) Initializing extension MIT-SCREEN-SAVER
Sep 08 07:48:30 HOSTNAME /usr/lib/gdm-x-session[11311]: (II) Initializing extension DOUBLE-BUFFER
Sep 08 07:48:30 HOSTNAME /usr/lib/gdm-x-session[11311]: (II) Initializing extension RECORD
Sep 08 07:48:30 HOSTNAME /usr/lib/gdm-x-session[11311]: (II) Initializing extension DPMS
Sep 08 07:48:30 HOSTNAME /usr/lib/gdm-x-session[11311]: (II) Initializing extension Present
Sep 08 07:48:30 HOSTNAME /usr/lib/gdm-x-session[11311]: (II) Initializing extension DRI3
Sep 08 07:48:30 HOSTNAME /usr/lib/gdm-x-session[11311]: (II) Initializing extension X-Resource
Sep 08 07:48:30 HOSTNAME /usr/lib/gdm-x-session[11311]: (II) Initializing extension XVideo
Sep 08 07:48:30 HOSTNAME /usr/lib/gdm-x-session[11311]: (II) Initializing extension XVideo-MotionCompensation
Sep 08 07:48:30 HOSTNAME /usr/lib/gdm-x-session[11311]: (II) Initializing extension GLX
Sep 08 07:48:30 HOSTNAME /usr/lib/gdm-x-session[11311]: (II) AIGLX: Loaded and initialized radeonsi
Sep 08 07:48:30 HOSTNAME /usr/lib/gdm-x-session[11311]: (II) GLX: Initialized DRI2 GL provider for screen 0
Sep 08 07:48:30 HOSTNAME /usr/lib/gdm-x-session[11311]: (II) Initializing extension XFree86-VidModeExtension
Sep 08 07:48:30 HOSTNAME /usr/lib/gdm-x-session[11311]: (II) Initializing extension XFree86-DGA
Sep 08 07:48:30 HOSTNAME /usr/lib/gdm-x-session[11311]: (II) Initializing extension XFree86-DRI
Sep 08 07:48:30 HOSTNAME /usr/lib/gdm-x-session[11311]: (II) Initializing extension DRI2
Sep 08 07:48:30 HOSTNAME /usr/lib/gdm-x-session[11311]: (II) AMDGPU(0): Setting screen physical size to 508 x 285
Sep 08 07:48:30 HOSTNAME /usr/lib/gdm-x-session[11311]: (II) config/udev: Adding input device Video Bus (/dev/input/event4)
Sep 08 07:48:30 HOSTNAME /usr/lib/gdm-x-session[11311]: (**) Video Bus: Applying InputClass "libinput keyboard catchall"
Sep 08 07:48:30 HOSTNAME /usr/lib/gdm-x-session[11311]: (**) Video Bus: Applying InputClass "system-keyboard"
Sep 08 07:48:30 HOSTNAME /usr/lib/gdm-x-session[11311]: (II) LoadModule: "libinput"
Sep 08 07:48:30 HOSTNAME /usr/lib/gdm-x-session[11311]: (II) Loading /usr/lib/xorg/modules/input/libinput_drv.so
Sep 08 07:48:30 HOSTNAME /usr/lib/gdm-x-session[11311]: (II) Module libinput: vendor="X.Org Foundation"
Sep 08 07:48:30 HOSTNAME /usr/lib/gdm-x-session[11311]:         compiled for 1.20.11, module version = 1.1.0
Sep 08 07:48:30 HOSTNAME /usr/lib/gdm-x-session[11311]:         Module class: X.Org XInput Driver
Sep 08 07:48:30 HOSTNAME /usr/lib/gdm-x-session[11311]:         ABI class: X.Org XInput driver, version 24.1
Sep 08 07:48:30 HOSTNAME /usr/lib/gdm-x-session[11311]: (II) Using input driver 'libinput' for 'Video Bus'
Sep 08 07:48:30 HOSTNAME /usr/lib/gdm-x-session[11311]: (II) systemd-logind: got fd for /dev/input/event4 13:68 fd 20 paused 0
Sep 08 07:48:30 HOSTNAME /usr/lib/gdm-x-session[11311]: (**) Video Bus: always reports core events
Sep 08 07:48:30 HOSTNAME /usr/lib/gdm-x-session[11311]: (**) Option "Device" "/dev/input/event4"
Sep 08 07:48:30 HOSTNAME /usr/lib/gdm-x-session[11311]: (**) Option "_source" "server/udev"
Sep 08 07:48:30 HOSTNAME /usr/lib/gdm-x-session[11311]: (II) event4  - Video Bus: is tagged by udev as: Keyboard
Sep 08 07:48:30 HOSTNAME /usr/lib/gdm-x-session[11311]: (II) event4  - Video Bus: device is a keyboard
Sep 08 07:48:30 HOSTNAME /usr/lib/gdm-x-session[11311]: (II) event4  - Video Bus: device removed
Sep 08 07:48:30 HOSTNAME /usr/lib/gdm-x-session[11311]: (**) Option "config_info" "udev:/sys/devices/LNXSYSTM:00/LNXSYBUS:00/PNP0A08:00/device:0d/LNXVIDEO:00/input/input4/event4"
Sep 08 07:48:30 HOSTNAME /usr/lib/gdm-x-session[11311]: (II) XINPUT: Adding extended input device "Video Bus" (type: KEYBOARD, id 6)
Sep 08 07:48:30 HOSTNAME /usr/lib/gdm-x-session[11311]: (**) Option "xkb_layout" "us,us"
Sep 08 07:48:30 HOSTNAME /usr/lib/gdm-x-session[11311]: (**) Option "xkb_variant" "altgr-intl,intl"
Sep 08 07:48:30 HOSTNAME /usr/lib/gdm-x-session[11311]: (II) event4  - Video Bus: is tagged by udev as: Keyboard
Sep 08 07:48:30 HOSTNAME /usr/lib/gdm-x-session[11311]: (II) event4  - Video Bus: device is a keyboard
Sep 08 07:48:30 HOSTNAME /usr/lib/gdm-x-session[11311]: (II) config/udev: Adding input device Power Button (/dev/input/event0)
Sep 08 07:48:30 HOSTNAME /usr/lib/gdm-x-session[11311]: (**) Power Button: Applying InputClass "libinput keyboard catchall"
Sep 08 07:48:30 HOSTNAME /usr/lib/gdm-x-session[11311]: (**) Power Button: Applying InputClass "system-keyboard"
Sep 08 07:48:30 HOSTNAME /usr/lib/gdm-x-session[11311]: (II) Using input driver 'libinput' for 'Power Button'
Sep 08 07:48:30 HOSTNAME /usr/lib/gdm-x-session[11311]: (II) systemd-logind: got fd for /dev/input/event0 13:64 fd 23 paused 0
Sep 08 07:48:30 HOSTNAME /usr/lib/gdm-x-session[11311]: (**) Power Button: always reports core events
Sep 08 07:48:30 HOSTNAME /usr/lib/gdm-x-session[11311]: (**) Option "Device" "/dev/input/event0"
Sep 08 07:48:30 HOSTNAME /usr/lib/gdm-x-session[11311]: (**) Option "_source" "server/udev"
Sep 08 07:48:30 HOSTNAME /usr/lib/gdm-x-session[11311]: (II) event0  - Power Button: is tagged by udev as: Keyboard
Sep 08 07:48:30 HOSTNAME /usr/lib/gdm-x-session[11311]: (II) event0  - Power Button: device is a keyboard
Sep 08 07:48:30 HOSTNAME /usr/lib/gdm-x-session[11311]: (II) event0  - Power Button: device removed
Sep 08 07:48:30 HOSTNAME /usr/lib/gdm-x-session[11311]: (**) Option "config_info" "udev:/sys/devices/LNXSYSTM:00/LNXSYBUS:00/PNP0C0C:00/input/input0/event0"
Sep 08 07:48:30 HOSTNAME /usr/lib/gdm-x-session[11311]: (II) XINPUT: Adding extended input device "Power Button" (type: KEYBOARD, id 7)
Sep 08 07:48:30 HOSTNAME /usr/lib/gdm-x-session[11311]: (**) Option "xkb_layout" "us,us"
Sep 08 07:48:30 HOSTNAME /usr/lib/gdm-x-session[11311]: (**) Option "xkb_variant" "altgr-intl,intl"
Sep 08 07:48:30 HOSTNAME /usr/lib/gdm-x-session[11311]: (II) event0  - Power Button: is tagged by udev as: Keyboard
Sep 08 07:48:30 HOSTNAME /usr/lib/gdm-x-session[11311]: (II) event0  - Power Button: device is a keyboard
Sep 08 07:48:30 HOSTNAME /usr/lib/gdm-x-session[11311]: (II) config/udev: Adding input device Lid Switch (/dev/input/event1)
Sep 08 07:48:30 HOSTNAME /usr/lib/gdm-x-session[11311]: (II) No input driver specified, ignoring this device.
Sep 08 07:48:30 HOSTNAME /usr/lib/gdm-x-session[11311]: (II) This device may have been added with another device file.
Sep 08 07:48:30 HOSTNAME /usr/lib/gdm-x-session[11311]: (II) config/udev: Adding input device HD-Audio Generic HDMI/DP,pcm=3 (/dev/input/event11)
Sep 08 07:48:30 HOSTNAME /usr/lib/gdm-x-session[11311]: (II) No input driver specified, ignoring this device.
Sep 08 07:48:30 HOSTNAME /usr/lib/gdm-x-session[11311]: (II) This device may have been added with another device file.
Sep 08 07:48:30 HOSTNAME /usr/lib/gdm-x-session[11311]: (II) config/udev: Adding input device HP Wide Vision HD Camera: HP Wi (/dev/input/event12)
Sep 08 07:48:30 HOSTNAME /usr/lib/gdm-x-session[11311]: (**) HP Wide Vision HD Camera: HP Wi: Applying InputClass "libinput keyboard catchall"
Sep 08 07:48:30 HOSTNAME /usr/lib/gdm-x-session[11311]: (**) HP Wide Vision HD Camera: HP Wi: Applying InputClass "system-keyboard"
Sep 08 07:48:30 HOSTNAME /usr/lib/gdm-x-session[11311]: (II) Using input driver 'libinput' for 'HP Wide Vision HD Camera: HP Wi'
Sep 08 07:48:30 HOSTNAME /usr/lib/gdm-x-session[11311]: (II) systemd-logind: got fd for /dev/input/event12 13:76 fd 24 paused 0
Sep 08 07:48:30 HOSTNAME /usr/lib/gdm-x-session[11311]: (**) HP Wide Vision HD Camera: HP Wi: always reports core events
Sep 08 07:48:30 HOSTNAME /usr/lib/gdm-x-session[11311]: (**) Option "Device" "/dev/input/event12"
Sep 08 07:48:30 HOSTNAME /usr/lib/gdm-x-session[11311]: (**) Option "_source" "server/udev"
Sep 08 07:48:30 HOSTNAME /usr/lib/gdm-x-session[11311]: (II) event12 - HP Wide Vision HD Camera: HP Wi: is tagged by udev as: Keyboard
Sep 08 07:48:30 HOSTNAME /usr/lib/gdm-x-session[11311]: (II) event12 - HP Wide Vision HD Camera: HP Wi: device is a keyboard
Sep 08 07:48:30 HOSTNAME /usr/lib/gdm-x-session[11311]: (II) event12 - HP Wide Vision HD Camera: HP Wi: device removed
Sep 08 07:48:30 HOSTNAME /usr/lib/gdm-x-session[11311]: (**) Option "config_info" "udev:/sys/devices/pci0000:00/0000:00:08.1/0000:04:00.3/usb1/1-3/1-3:1.0/input/input15/event12"
Sep 08 07:48:30 HOSTNAME /usr/lib/gdm-x-session[11311]: (II) XINPUT: Adding extended input device "HP Wide Vision HD Camera: HP Wi" (type: KEYBOARD, id 8)
Sep 08 07:48:30 HOSTNAME /usr/lib/gdm-x-session[11311]: (**) Option "xkb_layout" "us,us"
Sep 08 07:48:30 HOSTNAME /usr/lib/gdm-x-session[11311]: (**) Option "xkb_variant" "altgr-intl,intl"
Sep 08 07:48:30 HOSTNAME /usr/lib/gdm-x-session[11311]: (II) event12 - HP Wide Vision HD Camera: HP Wi: is tagged by udev as: Keyboard
Sep 08 07:48:30 HOSTNAME /usr/lib/gdm-x-session[11311]: (II) event12 - HP Wide Vision HD Camera: HP Wi: device is a keyboard
Sep 08 07:48:30 HOSTNAME /usr/lib/gdm-x-session[11311]: (II) config/udev: Adding input device Kingston HyperX Alloy Origins (/dev/input/event17)
Sep 08 07:48:30 HOSTNAME /usr/lib/gdm-x-session[11311]: (**) Kingston HyperX Alloy Origins: Applying InputClass "libinput keyboard catchall"
Sep 08 07:48:30 HOSTNAME /usr/lib/gdm-x-session[11311]: (**) Kingston HyperX Alloy Origins: Applying InputClass "system-keyboard"
Sep 08 07:48:30 HOSTNAME /usr/lib/gdm-x-session[11311]: (II) Using input driver 'libinput' for 'Kingston HyperX Alloy Origins'
Sep 08 07:48:30 HOSTNAME /usr/lib/gdm-x-session[11311]: (II) systemd-logind: got fd for /dev/input/event17 13:81 fd 25 paused 0
Sep 08 07:48:30 HOSTNAME /usr/lib/gdm-x-session[11311]: (**) Kingston HyperX Alloy Origins: always reports core events
Sep 08 07:48:30 HOSTNAME /usr/lib/gdm-x-session[11311]: (**) Option "Device" "/dev/input/event17"
Sep 08 07:48:30 HOSTNAME /usr/lib/gdm-x-session[11311]: (**) Option "_source" "server/udev"
Sep 08 07:48:30 HOSTNAME /usr/lib/gdm-x-session[11311]: (II) event17 - Kingston HyperX Alloy Origins: is tagged by udev as: Keyboard
Sep 08 07:48:30 HOSTNAME /usr/lib/gdm-x-session[11311]: (II) event17 - Kingston HyperX Alloy Origins: device is a keyboard
Sep 08 07:48:30 HOSTNAME /usr/lib/gdm-x-session[11311]: (II) event17 - Kingston HyperX Alloy Origins: device removed
Sep 08 07:48:30 HOSTNAME /usr/lib/gdm-x-session[11311]: (**) Option "config_info" "udev:/sys/devices/pci0000:00/0000:00:08.1/0000:04:00.4/usb3/3-2/3-2.1/3-2.1:1.0/0003:0951:16E5.0006/input/input29/event17"
Sep 08 07:48:30 HOSTNAME /usr/lib/gdm-x-session[11311]: (II) XINPUT: Adding extended input device "Kingston HyperX Alloy Origins" (type: KEYBOARD, id 9)
Sep 08 07:48:30 HOSTNAME /usr/lib/gdm-x-session[11311]: (**) Option "xkb_layout" "us,us"
Sep 08 07:48:30 HOSTNAME /usr/lib/gdm-x-session[11311]: (**) Option "xkb_variant" "altgr-intl,intl"
Sep 08 07:48:30 HOSTNAME /usr/lib/gdm-x-session[11311]: (II) event17 - Kingston HyperX Alloy Origins: is tagged by udev as: Keyboard
Sep 08 07:48:30 HOSTNAME /usr/lib/gdm-x-session[11311]: (II) event17 - Kingston HyperX Alloy Origins: device is a keyboard
Sep 08 07:48:30 HOSTNAME /usr/lib/gdm-x-session[11311]: (II) config/udev: Adding input device Kingston HyperX Alloy Origins Mouse (/dev/input/event18)
Sep 08 07:48:30 HOSTNAME /usr/lib/gdm-x-session[11311]: (**) Kingston HyperX Alloy Origins Mouse: Applying InputClass "libinput pointer catchall"
Sep 08 07:48:30 HOSTNAME /usr/lib/gdm-x-session[11311]: (II) Using input driver 'libinput' for 'Kingston HyperX Alloy Origins Mouse'
Sep 08 07:48:30 HOSTNAME /usr/lib/gdm-x-session[11311]: (II) systemd-logind: got fd for /dev/input/event18 13:82 fd 26 paused 0
Sep 08 07:48:30 HOSTNAME /usr/lib/gdm-x-session[11311]: (**) Kingston HyperX Alloy Origins Mouse: always reports core events
Sep 08 07:48:30 HOSTNAME /usr/lib/gdm-x-session[11311]: (**) Option "Device" "/dev/input/event18"
Sep 08 07:48:30 HOSTNAME /usr/lib/gdm-x-session[11311]: (**) Option "_source" "server/udev"
Sep 08 07:48:30 HOSTNAME /usr/lib/gdm-x-session[11311]: (II) event18 - Kingston HyperX Alloy Origins Mouse: is tagged by udev as: Mouse
Sep 08 07:48:30 HOSTNAME /usr/lib/gdm-x-session[11311]: (II) event18 - Kingston HyperX Alloy Origins Mouse: device is a pointer
Sep 08 07:48:30 HOSTNAME /usr/lib/gdm-x-session[11311]: (II) event18 - Kingston HyperX Alloy Origins Mouse: device removed
Sep 08 07:48:30 HOSTNAME /usr/lib/gdm-x-session[11311]: (**) Option "config_info" "udev:/sys/devices/pci0000:00/0000:00:08.1/0000:04:00.4/usb3/3-2/3-2.1/3-2.1:1.1/0003:0951:16E5.0007/input/input30/event18"
Sep 08 07:48:30 HOSTNAME /usr/lib/gdm-x-session[11311]: (II) XINPUT: Adding extended input device "Kingston HyperX Alloy Origins Mouse" (type: MOUSE, id 10)
Sep 08 07:48:30 HOSTNAME /usr/lib/gdm-x-session[11311]: (**) Option "AccelerationScheme" "none"
Sep 08 07:48:30 HOSTNAME /usr/lib/gdm-x-session[11311]: (**) Kingston HyperX Alloy Origins Mouse: (accel) selected scheme none/0
Sep 08 07:48:30 HOSTNAME /usr/lib/gdm-x-session[11311]: (**) Kingston HyperX Alloy Origins Mouse: (accel) acceleration factor: 2.000
Sep 08 07:48:30 HOSTNAME /usr/lib/gdm-x-session[11311]: (**) Kingston HyperX Alloy Origins Mouse: (accel) acceleration threshold: 4
Sep 08 07:48:30 HOSTNAME /usr/lib/gdm-x-session[11311]: (II) event18 - Kingston HyperX Alloy Origins Mouse: is tagged by udev as: Mouse
Sep 08 07:48:30 HOSTNAME /usr/lib/gdm-x-session[11311]: (II) event18 - Kingston HyperX Alloy Origins Mouse: device is a pointer
Sep 08 07:48:30 HOSTNAME /usr/lib/gdm-x-session[11311]: (II) config/udev: Adding input device Kingston HyperX Alloy Origins Mouse (/dev/input/mouse4)
Sep 08 07:48:30 HOSTNAME /usr/lib/gdm-x-session[11311]: (II) No input driver specified, ignoring this device.
Sep 08 07:48:30 HOSTNAME /usr/lib/gdm-x-session[11311]: (II) This device may have been added with another device file.
Sep 08 07:48:30 HOSTNAME /usr/lib/gdm-x-session[11311]: (II) config/udev: Adding input device Kingston HyperX Alloy Origins System Control (/dev/input/event19)
Sep 08 07:48:30 HOSTNAME /usr/lib/gdm-x-session[11311]: (**) Kingston HyperX Alloy Origins System Control: Applying InputClass "libinput keyboard catchall"
Sep 08 07:48:30 HOSTNAME /usr/lib/gdm-x-session[11311]: (**) Kingston HyperX Alloy Origins System Control: Applying InputClass "system-keyboard"
Sep 08 07:48:30 HOSTNAME /usr/lib/gdm-x-session[11311]: (II) Using input driver 'libinput' for 'Kingston HyperX Alloy Origins System Control'
Sep 08 07:48:30 HOSTNAME /usr/lib/gdm-x-session[11311]: (II) systemd-logind: got fd for /dev/input/event19 13:83 fd 27 paused 0
Sep 08 07:48:30 HOSTNAME /usr/lib/gdm-x-session[11311]: (**) Kingston HyperX Alloy Origins System Control: always reports core events
Sep 08 07:48:30 HOSTNAME /usr/lib/gdm-x-session[11311]: (**) Option "Device" "/dev/input/event19"
Sep 08 07:48:30 HOSTNAME /usr/lib/gdm-x-session[11311]: (**) Option "_source" "server/udev"
Sep 08 07:48:30 HOSTNAME /usr/lib/gdm-x-session[11311]: (II) event19 - Kingston HyperX Alloy Origins System Control: is tagged by udev as: Keyboard
Sep 08 07:48:30 HOSTNAME /usr/lib/gdm-x-session[11311]: (II) event19 - Kingston HyperX Alloy Origins System Control: device is a keyboard
Sep 08 07:48:30 HOSTNAME /usr/lib/gdm-x-session[11311]: (II) event19 - Kingston HyperX Alloy Origins System Control: device removed
Sep 08 07:48:30 HOSTNAME /usr/lib/gdm-x-session[11311]: (**) Option "config_info" "udev:/sys/devices/pci0000:00/0000:00:08.1/0000:04:00.4/usb3/3-2/3-2.1/3-2.1:1.1/0003:0951:16E5.0007/input/input31/event19"
Sep 08 07:48:30 HOSTNAME /usr/lib/gdm-x-session[11311]: (II) XINPUT: Adding extended input device "Kingston HyperX Alloy Origins System Control" (type: KEYBOARD, id 11)
Sep 08 07:48:30 HOSTNAME /usr/lib/gdm-x-session[11311]: (**) Option "xkb_layout" "us,us"
Sep 08 07:48:30 HOSTNAME /usr/lib/gdm-x-session[11311]: (**) Option "xkb_variant" "altgr-intl,intl"
Sep 08 07:48:30 HOSTNAME /usr/lib/gdm-x-session[11311]: (II) event19 - Kingston HyperX Alloy Origins System Control: is tagged by udev as: Keyboard
Sep 08 07:48:30 HOSTNAME /usr/lib/gdm-x-session[11311]: (II) event19 - Kingston HyperX Alloy Origins System Control: device is a keyboard
Sep 08 07:48:30 HOSTNAME /usr/lib/gdm-x-session[11311]: (II) config/udev: Adding input device Kingston HyperX Alloy Origins Consumer Control (/dev/input/event20)
Sep 08 07:48:30 HOSTNAME /usr/lib/gdm-x-session[11311]: (**) Kingston HyperX Alloy Origins Consumer Control: Applying InputClass "libinput keyboard catchall"
Sep 08 07:48:30 HOSTNAME /usr/lib/gdm-x-session[11311]: (**) Kingston HyperX Alloy Origins Consumer Control: Applying InputClass "system-keyboard"
Sep 08 07:48:30 HOSTNAME /usr/lib/gdm-x-session[11311]: (II) Using input driver 'libinput' for 'Kingston HyperX Alloy Origins Consumer Control'
Sep 08 07:48:30 HOSTNAME /usr/lib/gdm-x-session[11311]: (II) systemd-logind: got fd for /dev/input/event20 13:84 fd 28 paused 0
Sep 08 07:48:30 HOSTNAME /usr/lib/gdm-x-session[11311]: (**) Kingston HyperX Alloy Origins Consumer Control: always reports core events
Sep 08 07:48:30 HOSTNAME /usr/lib/gdm-x-session[11311]: (**) Option "Device" "/dev/input/event20"
Sep 08 07:48:30 HOSTNAME /usr/lib/gdm-x-session[11311]: (**) Option "_source" "server/udev"
Sep 08 07:48:30 HOSTNAME /usr/lib/gdm-x-session[11311]: (II) event20 - Kingston HyperX Alloy Origins Consumer Control: is tagged by udev as: Keyboard
Sep 08 07:48:30 HOSTNAME /usr/lib/gdm-x-session[11311]: (II) event20 - Kingston HyperX Alloy Origins Consumer Control: device is a keyboard
Sep 08 07:48:30 HOSTNAME /usr/lib/gdm-x-session[11311]: (II) event20 - Kingston HyperX Alloy Origins Consumer Control: device removed
Sep 08 07:48:30 HOSTNAME /usr/lib/gdm-x-session[11311]: (II) libinput: Kingston HyperX Alloy Origins Consumer Control: needs a virtual subdevice
Sep 08 07:48:30 HOSTNAME /usr/lib/gdm-x-session[11311]: (**) Option "config_info" "udev:/sys/devices/pci0000:00/0000:00:08.1/0000:04:00.4/usb3/3-2/3-2.1/3-2.1:1.1/0003:0951:16E5.0007/input/input32/event20"
Sep 08 07:48:30 HOSTNAME /usr/lib/gdm-x-session[11311]: (II) XINPUT: Adding extended input device "Kingston HyperX Alloy Origins Consumer Control" (type: MOUSE, id 12)
Sep 08 07:48:30 HOSTNAME /usr/lib/gdm-x-session[11311]: (**) Option "AccelerationScheme" "none"
Sep 08 07:48:30 HOSTNAME /usr/lib/gdm-x-session[11311]: (**) Kingston HyperX Alloy Origins Consumer Control: (accel) selected scheme none/0
Sep 08 07:48:30 HOSTNAME /usr/lib/gdm-x-session[11311]: (**) Kingston HyperX Alloy Origins Consumer Control: (accel) acceleration factor: 2.000
Sep 08 07:48:30 HOSTNAME /usr/lib/gdm-x-session[11311]: (**) Kingston HyperX Alloy Origins Consumer Control: (accel) acceleration threshold: 4
Sep 08 07:48:30 HOSTNAME /usr/lib/gdm-x-session[11311]: (II) event20 - Kingston HyperX Alloy Origins Consumer Control: is tagged by udev as: Keyboard
Sep 08 07:48:30 HOSTNAME /usr/lib/gdm-x-session[11311]: (II) event20 - Kingston HyperX Alloy Origins Consumer Control: device is a keyboard
Sep 08 07:48:30 HOSTNAME /usr/lib/gdm-x-session[11311]: (II) config/udev: Adding input device Kingston HyperX Alloy Origins (/dev/input/event21)
Sep 08 07:48:30 HOSTNAME /usr/lib/gdm-x-session[11311]: (II) No input driver specified, ignoring this device.
Sep 08 07:48:30 HOSTNAME /usr/lib/gdm-x-session[11311]: (II) This device may have been added with another device file.
Sep 08 07:48:30 HOSTNAME /usr/lib/gdm-x-session[11311]: (II) config/udev: Adding input device Kingston HyperX Alloy Origins (/dev/input/event22)
Sep 08 07:48:30 HOSTNAME /usr/lib/gdm-x-session[11311]: (**) Kingston HyperX Alloy Origins: Applying InputClass "libinput keyboard catchall"
Sep 08 07:48:30 HOSTNAME /usr/lib/gdm-x-session[11311]: (**) Kingston HyperX Alloy Origins: Applying InputClass "system-keyboard"
Sep 08 07:48:30 HOSTNAME /usr/lib/gdm-x-session[11311]: (II) Using input driver 'libinput' for 'Kingston HyperX Alloy Origins'
Sep 08 07:48:30 HOSTNAME /usr/lib/gdm-x-session[11311]: (II) systemd-logind: got fd for /dev/input/event22 13:86 fd 29 paused 0
Sep 08 07:48:30 HOSTNAME /usr/lib/gdm-x-session[11311]: (**) Kingston HyperX Alloy Origins: always reports core events
Sep 08 07:48:30 HOSTNAME /usr/lib/gdm-x-session[11311]: (**) Option "Device" "/dev/input/event22"
Sep 08 07:48:30 HOSTNAME /usr/lib/gdm-x-session[11311]: (**) Option "_source" "server/udev"
Sep 08 07:48:30 HOSTNAME /usr/lib/gdm-x-session[11311]: (II) event22 - Kingston HyperX Alloy Origins: is tagged by udev as: Keyboard
Sep 08 07:48:30 HOSTNAME /usr/lib/gdm-x-session[11311]: (II) event22 - Kingston HyperX Alloy Origins: device is a keyboard
Sep 08 07:48:30 HOSTNAME /usr/lib/gdm-x-session[11311]: (II) event22 - Kingston HyperX Alloy Origins: device removed
Sep 08 07:48:30 HOSTNAME /usr/lib/gdm-x-session[11311]: (**) Option "config_info" "udev:/sys/devices/pci0000:00/0000:00:08.1/0000:04:00.4/usb3/3-2/3-2.1/3-2.1:1.2/0003:0951:16E5.0008/input/input34/event22"
Sep 08 07:48:30 HOSTNAME /usr/lib/gdm-x-session[11311]: (II) XINPUT: Adding extended input device "Kingston HyperX Alloy Origins" (type: KEYBOARD, id 13)
Sep 08 07:48:30 HOSTNAME /usr/lib/gdm-x-session[11311]: (**) Option "xkb_layout" "us,us"
Sep 08 07:48:30 HOSTNAME /usr/lib/gdm-x-session[11311]: (**) Option "xkb_variant" "altgr-intl,intl"
Sep 08 07:48:30 HOSTNAME /usr/lib/gdm-x-session[11311]: (II) event22 - Kingston HyperX Alloy Origins: is tagged by udev as: Keyboard
Sep 08 07:48:30 HOSTNAME /usr/lib/gdm-x-session[11311]: (II) event22 - Kingston HyperX Alloy Origins: device is a keyboard
Sep 08 07:48:30 HOSTNAME /usr/lib/gdm-x-session[11311]: (II) config/udev: Adding input device HUION Huion Tablet (/dev/input/event24)
Sep 08 07:48:30 HOSTNAME /usr/lib/gdm-x-session[11311]: (**) HUION Huion Tablet: Applying InputClass "libinput tablet catchall"
Sep 08 07:48:30 HOSTNAME /usr/lib/gdm-x-session[11311]: (**) HUION Huion Tablet: Applying InputClass "Huion tablets with Wacom driver"
Sep 08 07:48:30 HOSTNAME /usr/lib/gdm-x-session[11311]: (II) LoadModule: "wacom"
Sep 08 07:48:30 HOSTNAME /usr/lib/gdm-x-session[11311]: (II) Loading /usr/lib/xorg/modules/input/wacom_drv.so
Sep 08 07:48:30 HOSTNAME /usr/lib/gdm-x-session[11311]: (II) Module wacom: vendor="X.Org Foundation"
Sep 08 07:48:30 HOSTNAME /usr/lib/gdm-x-session[11311]:         compiled for 1.20.10, module version = 0.40.0
Sep 08 07:48:30 HOSTNAME /usr/lib/gdm-x-session[11311]:         Module class: X.Org XInput Driver
Sep 08 07:48:30 HOSTNAME /usr/lib/gdm-x-session[11311]:         ABI class: X.Org XInput driver, version 24.1
Sep 08 07:48:30 HOSTNAME /usr/lib/gdm-x-session[11311]: (II) Build version: 0.40.0
Sep 08 07:48:30 HOSTNAME /usr/lib/gdm-x-session[11311]: (II) wacom: Driver for Wacom graphics tablets: PenPartner, Graphire,
Sep 08 07:48:30 HOSTNAME /usr/lib/gdm-x-session[11311]:         Graphire2 4x5, Graphire2 5x7, Graphire3 4x5, Graphire3 6x8,
Sep 08 07:48:30 HOSTNAME /usr/lib/gdm-x-session[11311]:         Graphire4 4x5, Graphire4 6x8, BambooFun 4x5, BambooFun 6x8,
Sep 08 07:48:30 HOSTNAME /usr/lib/gdm-x-session[11311]:         Bamboo1 Medium, Graphire4 6x8 BlueTooth, CTL-460, CTH-461, CTL-660,
Sep 08 07:48:30 HOSTNAME /usr/lib/gdm-x-session[11311]:         CTL-461/S, Bamboo Touch, CTH-460/K, CTH-461/S, CTH-661/S1, CTH-461/L,
Sep 08 07:48:30 HOSTNAME /usr/lib/gdm-x-session[11311]:         CTH-661/L, Intuos 4x5, Intuos 6x8, Intuos 9x12, Intuos 12x12,
Sep 08 07:48:30 HOSTNAME /usr/lib/gdm-x-session[11311]:         Intuos 12x18, PTU600, PL400, PL500, PL600, PL600SX, PL550, PL800,
Sep 08 07:48:30 HOSTNAME /usr/lib/gdm-x-session[11311]:         PL700, PL510, PL710, DTI520, DTF720, DTF720a, DTF521, DTU1931,
Sep 08 07:48:30 HOSTNAME /usr/lib/gdm-x-session[11311]:         DTU2231, DTU1631, DTH1152, DTH1152, DTK2451, DTH2452, DTH2452,
Sep 08 07:48:30 HOSTNAME /usr/lib/gdm-x-session[11311]:         Wacom One Pen Display 13, Intuos2 4x5, Intuos2 6x8, Intuos2 9x12,
Sep 08 07:48:30 HOSTNAME /usr/lib/gdm-x-session[11311]:         Intuos2 12x12, Intuos2 12x18, Intuos2 6x8 , Volito, PenStation,
Sep 08 07:48:30 HOSTNAME /usr/lib/gdm-x-session[11311]:         Volito2 4x5, Volito2 2x3, PenPartner2, Bamboo, Bamboo1, Bamboo1 4x6,
Sep 08 07:48:30 HOSTNAME /usr/lib/gdm-x-session[11311]:         Bamboo1 5x8, Intuos3 4x5, Intuos3 6x8, Intuos3 9x12, Intuos3 12x12,
Sep 08 07:48:30 HOSTNAME /usr/lib/gdm-x-session[11311]:         Intuos3 12x19, Intuos3 6x11, Intuos3 4x6, Intuos4 4x6, Intuos4 6x9,
Sep 08 07:48:30 HOSTNAME /usr/lib/gdm-x-session[11311]:         Intuos4 8x13, Intuos4 12x19, Intuos4 WL USB Endpoint,
Sep 08 07:48:30 HOSTNAME /usr/lib/gdm-x-session[11311]:         Intuos4 WL Bluetooth Endpoint, Intuos5 touch S, Intuos5 touch M,
Sep 08 07:48:30 HOSTNAME /usr/lib/gdm-x-session[11311]:         Intuos5 touch L, Intuos5 S, Intuos5 M, Intuos Pro S, Intuos Pro M,
Sep 08 07:48:30 HOSTNAME /usr/lib/gdm-x-session[11311]:         Intuos Pro L, Cintiq 21UX, Cintiq 20WSX, Cintiq 12WX, Cintiq 21UX2,
Sep 08 07:48:30 HOSTNAME /usr/lib/gdm-x-session[11311]:         Cintiq 24HD, Cintiq 22HD, Cintiq 24HD touch (EMR digitizer),
Sep 08 07:48:30 HOSTNAME /usr/lib/gdm-x-session[11311]:         Cintiq 13HD, DTK2241, DTH2242, Cintiq 22HDT, Cintiq 27QHDT,
Sep 08 07:48:30 HOSTNAME /usr/lib/gdm-x-session[11311]:         Cintiq 27QHDT, Mobilestudio Pro 13, MobileStudio Pro 16,
Sep 08 07:48:30 HOSTNAME /usr/lib/gdm-x-session[11311]:         MobileStudio Pro 13, MobileStudio Pro 16, Cintiq 13 FHD Pro,
Sep 08 07:48:30 HOSTNAME /usr/lib/gdm-x-session[11311]:         Cintiq 16 UHD Pro, Cintiq Pro 24, Cintiq Pro 32, Cintiq 13 FHD Pro,
Sep 08 07:48:30 HOSTNAME /usr/lib/gdm-x-session[11311]:         Cintiq 16 UHD Pro, Cintiq Pro 24, Cintiq Pro 32, Cintiq Pro 24,
Sep 08 07:48:30 HOSTNAME /usr/lib/gdm-x-session[11311]:         Mobilestudio Pro 13, MobileStudio Pro 16, MobileStudio Pro 13,
Sep 08 07:48:30 HOSTNAME /usr/lib/gdm-x-session[11311]:         MobileStudio Pro 16, MobileStudio Pro 16, MobileStudio Pro 16,
Sep 08 07:48:30 HOSTNAME /usr/lib/gdm-x-session[11311]:         TabletPC 0x90, TabletPC 0x93, TabletPC 0x97, TabletPC 0x9A,
Sep 08 07:48:30 HOSTNAME /usr/lib/gdm-x-session[11311]:         CapPlus  0x9F, TabletPC 0xE2, TabletPC 0xE3, TabletPC 0xE5,
Sep 08 07:48:30 HOSTNAME /usr/lib/gdm-x-session[11311]:         TabletPC 0xE6, TabletPC 0xEC, TabletPC 0xED, TabletPC 0xEF,
Sep 08 07:48:30 HOSTNAME /usr/lib/gdm-x-session[11311]:         TabletPC 0x100, TabletPC 0x101, TabletPC 0x10D, TabletPC 0x116,
Sep 08 07:48:30 HOSTNAME /usr/lib/gdm-x-session[11311]:         TabletPC 0x12C, TabletPC 0x4001, TabletPC 0x4004, TabletPC 0x5000,
Sep 08 07:48:30 HOSTNAME /usr/lib/gdm-x-session[11311]:         TabletPC 0x5002, usb:172f:0024, usb:172f:0025, usb:172f:0026,
Sep 08 07:48:30 HOSTNAME /usr/lib/gdm-x-session[11311]:         usb:172f:0027, usb:172f:0028, usb:172f:0030, usb:172f:0031,
Sep 08 07:48:30 HOSTNAME /usr/lib/gdm-x-session[11311]:         usb:172f:0032, usb:172f:0033, usb:172f:0034, usb:172f:0035,
Sep 08 07:48:30 HOSTNAME /usr/lib/gdm-x-session[11311]:         usb:172f:0036, usb:172f:0037, usb:172f:0038, usb:172f:0039,
Sep 08 07:48:30 HOSTNAME /usr/lib/gdm-x-session[11311]:         usb:172f:0051, usb:172f:0052, usb:172f:0053, usb:172f:0054,
Sep 08 07:48:30 HOSTNAME /usr/lib/gdm-x-session[11311]:         usb:172f:0055, usb:172f:0056, usb:172f:0057, usb:172f:0058,
Sep 08 07:48:30 HOSTNAME /usr/lib/gdm-x-session[11311]:         usb:172f:0500, usb:172f:0501, usb:172f:0502, usb:172f:0503,
Sep 08 07:48:30 HOSTNAME /usr/lib/gdm-x-session[11311]:         usb:1b96:0001, usb:17ef:6004
Sep 08 07:48:30 HOSTNAME /usr/lib/gdm-x-session[11311]: (II) Using input driver 'wacom' for 'HUION Huion Tablet'
Sep 08 07:48:30 HOSTNAME /usr/lib/gdm-x-session[11311]: (II) systemd-logind: got fd for /dev/input/event24 13:88 fd 30 paused 0
Sep 08 07:48:30 HOSTNAME /usr/lib/gdm-x-session[11311]: (**) HUION Huion Tablet: always reports core events
Sep 08 07:48:30 HOSTNAME /usr/lib/gdm-x-session[11311]: (**) Option "Device" "/dev/input/event24"
Sep 08 07:48:30 HOSTNAME /usr/lib/gdm-x-session[11311]: (II) HUION Huion Tablet: type not specified, assuming 'stylus'.
Sep 08 07:48:30 HOSTNAME /usr/lib/gdm-x-session[11311]: (II) HUION Huion Tablet: other types will be automatically added.
Sep 08 07:48:30 HOSTNAME /usr/lib/gdm-x-session[11311]: (--) HUION Huion Tablet stylus: using pressure threshold of 851 for button 1
Sep 08 07:48:30 HOSTNAME /usr/lib/gdm-x-session[11311]: (**) HUION Huion Tablet stylus: panscroll is 0
Sep 08 07:48:30 HOSTNAME /usr/lib/gdm-x-session[11311]: (**) HUION Huion Tablet stylus: panscroll modified to 2600
Sep 08 07:48:30 HOSTNAME /usr/lib/gdm-x-session[11311]: (--) HUION Huion Tablet stylus: maxX=55880 maxY=34925 maxZ=8191 resX=200000 resY=200000  tilt=enabled
Sep 08 07:48:30 HOSTNAME /usr/lib/gdm-x-session[11311]: (II) HUION Huion Tablet stylus: hotplugging dependent devices.
Sep 08 07:48:30 HOSTNAME /usr/lib/gdm-x-session[11311]: (EE) HUION Huion Tablet stylus: Invalid type 'eraser' for this device.
Sep 08 07:48:30 HOSTNAME /usr/lib/gdm-x-session[11311]: (EE) HUION Huion Tablet stylus: Invalid type 'cursor' for this device.
Sep 08 07:48:30 HOSTNAME /usr/lib/gdm-x-session[11311]: (EE) HUION Huion Tablet stylus: Invalid type 'touch' for this device.
Sep 08 07:48:30 HOSTNAME /usr/lib/gdm-x-session[11311]: (EE) HUION Huion Tablet stylus: Invalid type 'pad' for this device.
Sep 08 07:48:30 HOSTNAME /usr/lib/gdm-x-session[11311]: (II) HUION Huion Tablet stylus: hotplugging completed.
Sep 08 07:48:30 HOSTNAME /usr/lib/gdm-x-session[11311]: (**) Option "config_info" "udev:/sys/devices/pci0000:00/0000:00:08.1/0000:04:00.4/usb3/3-2/3-2.3/3-2.3:1.0/0003:256C:006D.000F/input/input51/event24"
Sep 08 07:48:30 HOSTNAME /usr/lib/gdm-x-session[11311]: (II) XINPUT: Adding extended input device "HUION Huion Tablet stylus" (type: STYLUS, id 14)
Sep 08 07:48:30 HOSTNAME /usr/lib/gdm-x-session[11311]: (**) HUION Huion Tablet stylus: (accel) keeping acceleration scheme 1
Sep 08 07:48:30 HOSTNAME /usr/lib/gdm-x-session[11311]: (**) HUION Huion Tablet stylus: (accel) acceleration profile 0
Sep 08 07:48:30 HOSTNAME /usr/lib/gdm-x-session[11311]: (**) HUION Huion Tablet stylus: (accel) acceleration factor: 2.000
Sep 08 07:48:30 HOSTNAME /usr/lib/gdm-x-session[11311]: (**) HUION Huion Tablet stylus: (accel) acceleration threshold: 4
Sep 08 07:48:30 HOSTNAME /usr/lib/gdm-x-session[11311]: (II) config/udev: Adding input device HUION Huion Tablet (/dev/input/mouse6)
Sep 08 07:48:30 HOSTNAME /usr/lib/gdm-x-session[11311]: (II) No input driver specified, ignoring this device.
Sep 08 07:48:30 HOSTNAME /usr/lib/gdm-x-session[11311]: (II) This device may have been added with another device file.
Sep 08 07:48:30 HOSTNAME /usr/lib/gdm-x-session[11311]: (II) config/udev: Adding input device HUION Huion Tablet Pad (/dev/input/event25)
Sep 08 07:48:30 HOSTNAME /usr/lib/gdm-x-session[11311]: (**) HUION Huion Tablet Pad: Applying InputClass "libinput tablet catchall"
Sep 08 07:48:30 HOSTNAME /usr/lib/gdm-x-session[11311]: (**) HUION Huion Tablet Pad: Applying InputClass "Huion tablets with Wacom driver"
Sep 08 07:48:30 HOSTNAME /usr/lib/gdm-x-session[11311]: (II) Using input driver 'wacom' for 'HUION Huion Tablet Pad'
Sep 08 07:48:30 HOSTNAME /usr/lib/gdm-x-session[11311]: (II) systemd-logind: got fd for /dev/input/event25 13:89 fd 31 paused 0
Sep 08 07:48:30 HOSTNAME /usr/lib/gdm-x-session[11311]: (**) HUION Huion Tablet Pad: always reports core events
Sep 08 07:48:30 HOSTNAME /usr/lib/gdm-x-session[11311]: (**) Option "Device" "/dev/input/event25"
Sep 08 07:48:30 HOSTNAME /usr/lib/gdm-x-session[11311]: (EE) HUION Huion Tablet Pad: Invalid type 'stylus' for this device.
Sep 08 07:48:30 HOSTNAME /usr/lib/gdm-x-session[11311]: (EE) HUION Huion Tablet Pad: Invalid type 'eraser' for this device.
Sep 08 07:48:30 HOSTNAME /usr/lib/gdm-x-session[11311]: (EE) HUION Huion Tablet Pad: Invalid type 'cursor' for this device.
Sep 08 07:48:30 HOSTNAME /usr/lib/gdm-x-session[11311]: (EE) HUION Huion Tablet Pad: Invalid type 'touch' for this device.
Sep 08 07:48:30 HOSTNAME /usr/lib/gdm-x-session[11311]: (II) HUION Huion Tablet Pad: type not specified, assuming 'pad'.
Sep 08 07:48:30 HOSTNAME /usr/lib/gdm-x-session[11311]: (II) HUION Huion Tablet Pad: other types will be automatically added.
Sep 08 07:48:30 HOSTNAME /usr/lib/gdm-x-session[11311]: (**) HUION Huion Tablet Pad pad: panscroll is 0
Sep 08 07:48:30 HOSTNAME /usr/lib/gdm-x-session[11311]: (**) HUION Huion Tablet Pad pad: panscroll modified to 13
Sep 08 07:48:30 HOSTNAME /usr/lib/gdm-x-session[11311]: (II) HUION Huion Tablet Pad pad: hotplugging dependent devices.
Sep 08 07:48:30 HOSTNAME /usr/lib/gdm-x-session[11311]: (EE) HUION Huion Tablet Pad pad: Invalid type 'stylus' for this device.
Sep 08 07:48:30 HOSTNAME /usr/lib/gdm-x-session[11311]: (EE) HUION Huion Tablet Pad pad: Invalid type 'eraser' for this device.
Sep 08 07:48:30 HOSTNAME /usr/lib/gdm-x-session[11311]: (EE) HUION Huion Tablet Pad pad: Invalid type 'cursor' for this device.
Sep 08 07:48:30 HOSTNAME /usr/lib/gdm-x-session[11311]: (EE) HUION Huion Tablet Pad pad: Invalid type 'touch' for this device.
Sep 08 07:48:30 HOSTNAME /usr/lib/gdm-x-session[11311]: (II) HUION Huion Tablet Pad pad: hotplugging completed.
Sep 08 07:48:30 HOSTNAME /usr/lib/gdm-x-session[11311]: (**) Option "config_info" "udev:/sys/devices/pci0000:00/0000:00:08.1/0000:04:00.4/usb3/3-2/3-2.3/3-2.3:1.0/0003:256C:006D.000F/input/input52/event25"
Sep 08 07:48:30 HOSTNAME /usr/lib/gdm-x-session[11311]: (II) XINPUT: Adding extended input device "HUION Huion Tablet Pad pad" (type: PAD, id 15)
Sep 08 07:48:30 HOSTNAME /usr/lib/gdm-x-session[11311]: (**) HUION Huion Tablet Pad pad: (accel) keeping acceleration scheme 1
Sep 08 07:48:30 HOSTNAME /usr/lib/gdm-x-session[11311]: (**) HUION Huion Tablet Pad pad: (accel) acceleration profile 0
Sep 08 07:48:30 HOSTNAME /usr/lib/gdm-x-session[11311]: (**) HUION Huion Tablet Pad pad: (accel) acceleration factor: 2.000
Sep 08 07:48:30 HOSTNAME /usr/lib/gdm-x-session[11311]: (**) HUION Huion Tablet Pad pad: (accel) acceleration threshold: 4
Sep 08 07:48:30 HOSTNAME /usr/lib/gdm-x-session[11311]: (II) config/udev: Adding input device HUION Huion Tablet Pad (/dev/input/js0)
Sep 08 07:48:30 HOSTNAME /usr/lib/gdm-x-session[11311]: (II) No input driver specified, ignoring this device.
Sep 08 07:48:30 HOSTNAME /usr/lib/gdm-x-session[11311]: (II) This device may have been added with another device file.
Sep 08 07:48:30 HOSTNAME /usr/lib/gdm-x-session[11311]: (II) config/udev: Adding input device HUION Huion Tablet Touch Strip (/dev/input/event26)
Sep 08 07:48:30 HOSTNAME /usr/lib/gdm-x-session[11311]: (**) HUION Huion Tablet Touch Strip: Applying InputClass "libinput tablet catchall"
Sep 08 07:48:30 HOSTNAME /usr/lib/gdm-x-session[11311]: (**) HUION Huion Tablet Touch Strip: Applying InputClass "Huion tablets with Wacom driver"
Sep 08 07:48:30 HOSTNAME /usr/lib/gdm-x-session[11311]: (**) HUION Huion Tablet Touch Strip: Applying InputClass "Tablet low-res touch controls with Wacom driver"
Sep 08 07:48:30 HOSTNAME /usr/lib/gdm-x-session[11311]: (II) Using input driver 'wacom' for 'HUION Huion Tablet Touch Strip'
Sep 08 07:48:30 HOSTNAME /usr/lib/gdm-x-session[11311]: (II) systemd-logind: got fd for /dev/input/event26 13:90 fd 32 paused 0
Sep 08 07:48:30 HOSTNAME /usr/lib/gdm-x-session[11311]: (**) HUION Huion Tablet Touch Strip: always reports core events
Sep 08 07:48:30 HOSTNAME /usr/lib/gdm-x-session[11311]: (**) Option "Device" "/dev/input/event26"
Sep 08 07:48:30 HOSTNAME /usr/lib/gdm-x-session[11311]: (EE) HUION Huion Tablet Touch Strip: Invalid type 'stylus' for this device.
Sep 08 07:48:30 HOSTNAME /usr/lib/gdm-x-session[11311]: (EE) HUION Huion Tablet Touch Strip: Invalid type 'eraser' for this device.
Sep 08 07:48:30 HOSTNAME /usr/lib/gdm-x-session[11311]: (EE) HUION Huion Tablet Touch Strip: Invalid type 'cursor' for this device.
Sep 08 07:48:30 HOSTNAME /usr/lib/gdm-x-session[11311]: (EE) HUION Huion Tablet Touch Strip: Invalid type 'touch' for this device.
Sep 08 07:48:30 HOSTNAME /usr/lib/gdm-x-session[11311]: (II) HUION Huion Tablet Touch Strip: type not specified, assuming 'pad'.
Sep 08 07:48:30 HOSTNAME /usr/lib/gdm-x-session[11311]: (II) HUION Huion Tablet Touch Strip: other types will be automatically added.
Sep 08 07:48:30 HOSTNAME /usr/lib/gdm-x-session[11311]: (**) Option "Suppress" "0"
Sep 08 07:48:30 HOSTNAME /usr/lib/gdm-x-session[11311]: (**) HUION Huion Tablet Touch Strip pad: panscroll is 0
Sep 08 07:48:30 HOSTNAME /usr/lib/gdm-x-session[11311]: (**) HUION Huion Tablet Touch Strip pad: panscroll modified to 13
Sep 08 07:48:30 HOSTNAME /usr/lib/gdm-x-session[11311]: (II) HUION Huion Tablet Touch Strip pad: hotplugging dependent devices.
Sep 08 07:48:30 HOSTNAME /usr/lib/gdm-x-session[11311]: (EE) HUION Huion Tablet Touch Strip pad: Invalid type 'stylus' for this device.
Sep 08 07:48:30 HOSTNAME /usr/lib/gdm-x-session[11311]: (EE) HUION Huion Tablet Touch Strip pad: Invalid type 'eraser' for this device.
Sep 08 07:48:30 HOSTNAME /usr/lib/gdm-x-session[11311]: (EE) HUION Huion Tablet Touch Strip pad: Invalid type 'cursor' for this device.
Sep 08 07:48:30 HOSTNAME /usr/lib/gdm-x-session[11311]: (EE) HUION Huion Tablet Touch Strip pad: Invalid type 'touch' for this device.
Sep 08 07:48:30 HOSTNAME /usr/lib/gdm-x-session[11311]: (II) HUION Huion Tablet Touch Strip pad: hotplugging completed.
Sep 08 07:48:30 HOSTNAME /usr/lib/gdm-x-session[11311]: (**) Option "config_info" "udev:/sys/devices/pci0000:00/0000:00:08.1/0000:04:00.4/usb3/3-2/3-2.3/3-2.3:1.0/0003:256C:006D.000F/input/input53/event26"
Sep 08 07:48:30 HOSTNAME /usr/lib/gdm-x-session[11311]: (II) XINPUT: Adding extended input device "HUION Huion Tablet Touch Strip pad" (type: PAD, id 16)
Sep 08 07:48:30 HOSTNAME /usr/lib/gdm-x-session[11311]: (**) HUION Huion Tablet Touch Strip pad: (accel) keeping acceleration scheme 1
Sep 08 07:48:30 HOSTNAME /usr/lib/gdm-x-session[11311]: (**) HUION Huion Tablet Touch Strip pad: (accel) acceleration profile 0
Sep 08 07:48:30 HOSTNAME /usr/lib/gdm-x-session[11311]: (**) HUION Huion Tablet Touch Strip pad: (accel) acceleration factor: 2.000
Sep 08 07:48:30 HOSTNAME /usr/lib/gdm-x-session[11311]: (**) HUION Huion Tablet Touch Strip pad: (accel) acceleration threshold: 4
Sep 08 07:48:30 HOSTNAME /usr/lib/gdm-x-session[11311]: (II) config/udev: Adding input device HUION Huion Tablet Touch Strip (/dev/input/js1)
Sep 08 07:48:30 HOSTNAME /usr/lib/gdm-x-session[11311]: (II) No input driver specified, ignoring this device.
Sep 08 07:48:30 HOSTNAME /usr/lib/gdm-x-session[11311]: (II) This device may have been added with another device file.
Sep 08 07:48:30 HOSTNAME /usr/lib/gdm-x-session[11311]: (II) config/udev: Adding input device HUION Huion Tablet Dial (/dev/input/event27)
Sep 08 07:48:30 HOSTNAME /usr/lib/gdm-x-session[11311]: (**) HUION Huion Tablet Dial: Applying InputClass "libinput keyboard catchall"
Sep 08 07:48:30 HOSTNAME /usr/lib/gdm-x-session[11311]: (**) HUION Huion Tablet Dial: Applying InputClass "libinput tablet catchall"
Sep 08 07:48:30 HOSTNAME /usr/lib/gdm-x-session[11311]: (**) HUION Huion Tablet Dial: Applying InputClass "system-keyboard"
Sep 08 07:48:30 HOSTNAME /usr/lib/gdm-x-session[11311]: (II) Using input driver 'libinput' for 'HUION Huion Tablet Dial'
Sep 08 07:48:30 HOSTNAME /usr/lib/gdm-x-session[11311]: (II) systemd-logind: got fd for /dev/input/event27 13:91 fd 33 paused 0
Sep 08 07:48:30 HOSTNAME /usr/lib/gdm-x-session[11311]: (**) HUION Huion Tablet Dial: always reports core events
Sep 08 07:48:30 HOSTNAME /usr/lib/gdm-x-session[11311]: (**) Option "Device" "/dev/input/event27"
Sep 08 07:48:30 HOSTNAME /usr/lib/gdm-x-session[11311]: (**) Option "_source" "server/udev"
Sep 08 07:48:30 HOSTNAME /usr/lib/gdm-x-session[11311]: (II) event27 - HUION Huion Tablet Dial: is tagged by udev as: Keyboard Tablet
Sep 08 07:48:30 HOSTNAME /usr/lib/gdm-x-session[11311]: (EE) event27 - HUION Huion Tablet Dial: libinput bug: missing tablet capabilities: pen btn-stylus resolution. Ignoring this device.
Sep 08 07:48:30 HOSTNAME /usr/lib/gdm-x-session[11311]: (II) event27 - HUION Huion Tablet Dial: device is a tablet
Sep 08 07:48:30 HOSTNAME /usr/lib/gdm-x-session[11311]: (II) event27 - failed to create input device '/dev/input/event27'.
Sep 08 07:48:30 HOSTNAME /usr/lib/gdm-x-session[11311]: (EE) libinput: HUION Huion Tablet Dial: Failed to create a device for /dev/input/event27
Sep 08 07:48:30 HOSTNAME /usr/lib/gdm-x-session[11311]: (EE) PreInit returned 2 for "HUION Huion Tablet Dial"
Sep 08 07:48:30 HOSTNAME /usr/lib/gdm-x-session[11311]: (II) UnloadModule: "libinput"
Sep 08 07:48:30 HOSTNAME /usr/lib/gdm-x-session[11311]: (II) systemd-logind: releasing fd for 13:91
Sep 08 07:48:30 HOSTNAME /usr/lib/gdm-x-session[11311]: (II) config/udev: Adding input device HUION Huion Tablet Dial (/dev/input/js2)
Sep 08 07:48:30 HOSTNAME /usr/lib/gdm-x-session[11311]: (**) HUION Huion Tablet Dial: Applying InputClass "system-keyboard"
Sep 08 07:48:30 HOSTNAME /usr/lib/gdm-x-session[11311]: (II) No input driver specified, ignoring this device.
Sep 08 07:48:30 HOSTNAME /usr/lib/gdm-x-session[11311]: (II) This device may have been added with another device file.
Sep 08 07:48:30 HOSTNAME /usr/lib/gdm-x-session[11311]: (II) config/udev: Adding input device HUION Huion Tablet Dial (/dev/input/mouse7)
Sep 08 07:48:30 HOSTNAME /usr/lib/gdm-x-session[11311]: (**) HUION Huion Tablet Dial: Applying InputClass "system-keyboard"
Sep 08 07:48:30 HOSTNAME /usr/lib/gdm-x-session[11311]: (II) No input driver specified, ignoring this device.
Sep 08 07:48:30 HOSTNAME /usr/lib/gdm-x-session[11311]: (II) This device may have been added with another device file.
Sep 08 07:48:30 HOSTNAME /usr/lib/gdm-x-session[11311]: (II) config/udev: Adding input device Logitech M315/M235 (/dev/input/event23)
Sep 08 07:48:30 HOSTNAME /usr/lib/gdm-x-session[11311]: (**) Logitech M315/M235: Applying InputClass "libinput pointer catchall"
Sep 08 07:48:30 HOSTNAME /usr/lib/gdm-x-session[11311]: (II) Using input driver 'libinput' for 'Logitech M315/M235'
Sep 08 07:48:30 HOSTNAME /usr/lib/gdm-x-session[11311]: (II) systemd-logind: got fd for /dev/input/event23 13:87 fd 33 paused 0
Sep 08 07:48:30 HOSTNAME /usr/lib/gdm-x-session[11311]: (**) Logitech M315/M235: always reports core events
Sep 08 07:48:30 HOSTNAME /usr/lib/gdm-x-session[11311]: (**) Option "Device" "/dev/input/event23"
Sep 08 07:48:30 HOSTNAME /usr/lib/gdm-x-session[11311]: (**) Option "_source" "server/udev"
Sep 08 07:48:30 HOSTNAME /usr/lib/gdm-x-session[11311]: (II) event23 - Logitech M315/M235: is tagged by udev as: Mouse
Sep 08 07:48:30 HOSTNAME /usr/lib/gdm-x-session[11311]: (II) event23 - Logitech M315/M235: device is a pointer
Sep 08 07:48:30 HOSTNAME /usr/lib/gdm-x-session[11311]: (II) event23 - Logitech M315/M235: device removed
Sep 08 07:48:30 HOSTNAME /usr/lib/gdm-x-session[11311]: (**) Option "config_info" "udev:/sys/devices/pci0000:00/0000:00:08.1/0000:04:00.4/usb3/3-2/3-2.4/3-2.4:1.2/0003:046D:C52B.000D/0003:046D:4009.000E/input/input50/event23"
Sep 08 07:48:30 HOSTNAME /usr/lib/gdm-x-session[11311]: (II) XINPUT: Adding extended input device "Logitech M315/M235" (type: MOUSE, id 17)
Sep 08 07:48:30 HOSTNAME /usr/lib/gdm-x-session[11311]: (**) Option "AccelerationScheme" "none"
Sep 08 07:48:30 HOSTNAME /usr/lib/gdm-x-session[11311]: (**) Logitech M315/M235: (accel) selected scheme none/0
Sep 08 07:48:30 HOSTNAME /usr/lib/gdm-x-session[11311]: (**) Logitech M315/M235: (accel) acceleration factor: 2.000
Sep 08 07:48:30 HOSTNAME /usr/lib/gdm-x-session[11311]: (**) Logitech M315/M235: (accel) acceleration threshold: 4
Sep 08 07:48:30 HOSTNAME /usr/lib/gdm-x-session[11311]: (II) event23 - Logitech M315/M235: is tagged by udev as: Mouse
Sep 08 07:48:30 HOSTNAME /usr/lib/gdm-x-session[11311]: (II) event23 - Logitech M315/M235: device is a pointer
Sep 08 07:48:30 HOSTNAME /usr/lib/gdm-x-session[11311]: (II) config/udev: Adding input device Logitech M315/M235 (/dev/input/mouse5)
Sep 08 07:48:30 HOSTNAME /usr/lib/gdm-x-session[11311]: (II) No input driver specified, ignoring this device.
Sep 08 07:48:30 HOSTNAME /usr/lib/gdm-x-session[11311]: (II) This device may have been added with another device file.
Sep 08 07:48:30 HOSTNAME /usr/lib/gdm-x-session[11311]: (II) config/udev: Adding input device HD-Audio Generic Mic (/dev/input/event15)
Sep 08 07:48:30 HOSTNAME /usr/lib/gdm-x-session[11311]: (II) No input driver specified, ignoring this device.
Sep 08 07:48:30 HOSTNAME /usr/lib/gdm-x-session[11311]: (II) This device may have been added with another device file.
Sep 08 07:48:30 HOSTNAME /usr/lib/gdm-x-session[11311]: (II) config/udev: Adding input device HD-Audio Generic Headphone (/dev/input/event16)
Sep 08 07:48:30 HOSTNAME /usr/lib/gdm-x-session[11311]: (II) No input driver specified, ignoring this device.
Sep 08 07:48:30 HOSTNAME /usr/lib/gdm-x-session[11311]: (II) This device may have been added with another device file.
Sep 08 07:48:30 HOSTNAME /usr/lib/gdm-x-session[11311]: (II) config/udev: Adding input device ELAN2514:00 04F3:29D2 (/dev/input/event5)
Sep 08 07:48:30 HOSTNAME /usr/lib/gdm-x-session[11311]: (**) ELAN2514:00 04F3:29D2: Applying InputClass "libinput touchscreen catchall"
Sep 08 07:48:30 HOSTNAME /usr/lib/gdm-x-session[11311]: (II) Using input driver 'libinput' for 'ELAN2514:00 04F3:29D2'
Sep 08 07:48:30 HOSTNAME /usr/lib/gdm-x-session[11311]: (II) systemd-logind: got fd for /dev/input/event5 13:69 fd 34 paused 0
Sep 08 07:48:30 HOSTNAME /usr/lib/gdm-x-session[11311]: (**) ELAN2514:00 04F3:29D2: always reports core events
Sep 08 07:48:30 HOSTNAME /usr/lib/gdm-x-session[11311]: (**) Option "Device" "/dev/input/event5"
Sep 08 07:48:30 HOSTNAME /usr/lib/gdm-x-session[11311]: (**) Option "_source" "server/udev"
Sep 08 07:48:30 HOSTNAME /usr/lib/gdm-x-session[11311]: (II) event5  - ELAN2514:00 04F3:29D2: is tagged by udev as: Touchscreen
Sep 08 07:48:30 HOSTNAME /usr/lib/gdm-x-session[11311]: (II) event5  - ELAN2514:00 04F3:29D2: device is a touch device
Sep 08 07:48:30 HOSTNAME /usr/lib/gdm-x-session[11311]: (II) event5  - ELAN2514:00 04F3:29D2: device removed
Sep 08 07:48:30 HOSTNAME /usr/lib/gdm-x-session[11311]: (**) Option "config_info" "udev:/sys/devices/platform/AMDI0010:02/i2c-0/i2c-ELAN2514:00/0018:04F3:29D2.0001/input/input18/event5"
Sep 08 07:48:30 HOSTNAME /usr/lib/gdm-x-session[11311]: (II) XINPUT: Adding extended input device "ELAN2514:00 04F3:29D2" (type: TOUCHSCREEN, id 18)
Sep 08 07:48:30 HOSTNAME /usr/lib/gdm-x-session[11311]: (**) Option "AccelerationScheme" "none"
Sep 08 07:48:30 HOSTNAME /usr/lib/gdm-x-session[11311]: (**) ELAN2514:00 04F3:29D2: (accel) selected scheme none/0
Sep 08 07:48:30 HOSTNAME /usr/lib/gdm-x-session[11311]: (**) ELAN2514:00 04F3:29D2: (accel) acceleration factor: 2.000
Sep 08 07:48:30 HOSTNAME /usr/lib/gdm-x-session[11311]: (**) ELAN2514:00 04F3:29D2: (accel) acceleration threshold: 4
Sep 08 07:48:30 HOSTNAME /usr/lib/gdm-x-session[11311]: (II) event5  - ELAN2514:00 04F3:29D2: is tagged by udev as: Touchscreen
Sep 08 07:48:30 HOSTNAME /usr/lib/gdm-x-session[11311]: (II) event5  - ELAN2514:00 04F3:29D2: device is a touch device
Sep 08 07:48:30 HOSTNAME /usr/lib/gdm-x-session[11311]: (II) config/udev: Adding input device ELAN2514:00 04F3:29D2 (/dev/input/mouse0)
Sep 08 07:48:30 HOSTNAME /usr/lib/gdm-x-session[11311]: (II) No input driver specified, ignoring this device.
Sep 08 07:48:30 HOSTNAME /usr/lib/gdm-x-session[11311]: (II) This device may have been added with another device file.
Sep 08 07:48:30 HOSTNAME /usr/lib/gdm-x-session[11311]: (II) config/udev: Adding input device ELAN2514:00 04F3:29D2 UNKNOWN (/dev/input/event6)
Sep 08 07:48:30 HOSTNAME /usr/lib/gdm-x-session[11311]: (II) No input driver specified, ignoring this device.
Sep 08 07:48:30 HOSTNAME /usr/lib/gdm-x-session[11311]: (II) This device may have been added with another device file.
Sep 08 07:48:30 HOSTNAME /usr/lib/gdm-x-session[11311]: (II) config/udev: Adding input device ELAN2514:00 04F3:29D2 UNKNOWN (/dev/input/event7)
Sep 08 07:48:30 HOSTNAME /usr/lib/gdm-x-session[11311]: (II) No input driver specified, ignoring this device.
Sep 08 07:48:30 HOSTNAME /usr/lib/gdm-x-session[11311]: (II) This device may have been added with another device file.
Sep 08 07:48:30 HOSTNAME /usr/lib/gdm-x-session[11311]: (II) config/udev: Adding input device ELAN2514:00 04F3:29D2 Stylus (/dev/input/event8)
Sep 08 07:48:30 HOSTNAME /usr/lib/gdm-x-session[11311]: (**) ELAN2514:00 04F3:29D2 Stylus: Applying InputClass "libinput tablet catchall"
Sep 08 07:48:30 HOSTNAME /usr/lib/gdm-x-session[11311]: (**) ELAN2514:00 04F3:29D2 Stylus: Applying InputClass "Elan driver override"
Sep 08 07:48:30 HOSTNAME /usr/lib/gdm-x-session[11311]: (II) Using input driver 'wacom' for 'ELAN2514:00 04F3:29D2 Stylus'
Sep 08 07:48:30 HOSTNAME /usr/lib/gdm-x-session[11311]: (II) systemd-logind: got fd for /dev/input/event8 13:72 fd 35 paused 0
Sep 08 07:48:30 HOSTNAME /usr/lib/gdm-x-session[11311]: (**) ELAN2514:00 04F3:29D2 Stylus: always reports core events
Sep 08 07:48:30 HOSTNAME /usr/lib/gdm-x-session[11311]: (**) Option "Device" "/dev/input/event8"
Sep 08 07:48:30 HOSTNAME /usr/lib/gdm-x-session[11311]: (II) ELAN2514:00 04F3:29D2 Stylus: type not specified, assuming 'stylus'.
Sep 08 07:48:30 HOSTNAME /usr/lib/gdm-x-session[11311]: (II) ELAN2514:00 04F3:29D2 Stylus: other types will be automatically added.
Sep 08 07:48:30 HOSTNAME /usr/lib/gdm-x-session[11311]: (--) ELAN2514:00 04F3:29D2 Stylus stylus: using pressure threshold of 851 for button 1
Sep 08 07:48:30 HOSTNAME /usr/lib/gdm-x-session[11311]: (**) ELAN2514:00 04F3:29D2 Stylus stylus: panscroll is 0
Sep 08 07:48:30 HOSTNAME /usr/lib/gdm-x-session[11311]: (**) ELAN2514:00 04F3:29D2 Stylus stylus: panscroll modified to 806
Sep 08 07:48:30 HOSTNAME /usr/lib/gdm-x-session[11311]: (--) ELAN2514:00 04F3:29D2 Stylus stylus: maxX=21248 maxY=12032 maxZ=4096 resX=62000 resY=62000  tilt=enabled
Sep 08 07:48:30 HOSTNAME /usr/lib/gdm-x-session[11311]: (II) ELAN2514:00 04F3:29D2 Stylus stylus: hotplugging dependent devices.
Sep 08 07:48:30 HOSTNAME /usr/lib/gdm-x-session[11311]: (EE) ELAN2514:00 04F3:29D2 Stylus stylus: Invalid type 'cursor' for this device.
Sep 08 07:48:30 HOSTNAME /usr/lib/gdm-x-session[11311]: (EE) ELAN2514:00 04F3:29D2 Stylus stylus: Invalid type 'touch' for this device.
Sep 08 07:48:30 HOSTNAME /usr/lib/gdm-x-session[11311]: (EE) ELAN2514:00 04F3:29D2 Stylus stylus: Invalid type 'pad' for this device.
Sep 08 07:48:30 HOSTNAME /usr/lib/gdm-x-session[11311]: (II) ELAN2514:00 04F3:29D2 Stylus stylus: hotplugging completed.
Sep 08 07:48:30 HOSTNAME /usr/lib/gdm-x-session[11311]: (**) Option "config_info" "udev:/sys/devices/platform/AMDI0010:02/i2c-0/i2c-ELAN2514:00/0018:04F3:29D2.0001/input/input21/event8"
Sep 08 07:48:30 HOSTNAME /usr/lib/gdm-x-session[11311]: (II) XINPUT: Adding extended input device "ELAN2514:00 04F3:29D2 Stylus stylus" (type: STYLUS, id 19)
Sep 08 07:48:30 HOSTNAME /usr/lib/gdm-x-session[11311]: (**) ELAN2514:00 04F3:29D2 Stylus stylus: (accel) keeping acceleration scheme 1
Sep 08 07:48:30 HOSTNAME /usr/lib/gdm-x-session[11311]: (**) ELAN2514:00 04F3:29D2 Stylus stylus: (accel) acceleration profile 0
Sep 08 07:48:30 HOSTNAME /usr/lib/gdm-x-session[11311]: (**) ELAN2514:00 04F3:29D2 Stylus stylus: (accel) acceleration factor: 2.000
Sep 08 07:48:30 HOSTNAME /usr/lib/gdm-x-session[11311]: (**) ELAN2514:00 04F3:29D2 Stylus stylus: (accel) acceleration threshold: 4
Sep 08 07:48:30 HOSTNAME /usr/lib/gdm-x-session[11311]: (II) config/udev: Adding input device ELAN2514:00 04F3:29D2 Stylus (/dev/input/mouse1)
Sep 08 07:48:30 HOSTNAME /usr/lib/gdm-x-session[11311]: (II) No input driver specified, ignoring this device.
Sep 08 07:48:30 HOSTNAME /usr/lib/gdm-x-session[11311]: (II) This device may have been added with another device file.
Sep 08 07:48:30 HOSTNAME /usr/lib/gdm-x-session[11311]: (II) config/udev: Adding input device SYNA3290:01 06CB:CD4F Mouse (/dev/input/event9)
Sep 08 07:48:30 HOSTNAME /usr/lib/gdm-x-session[11311]: (**) SYNA3290:01 06CB:CD4F Mouse: Applying InputClass "libinput pointer catchall"
Sep 08 07:48:30 HOSTNAME /usr/lib/gdm-x-session[11311]: (II) Using input driver 'libinput' for 'SYNA3290:01 06CB:CD4F Mouse'
Sep 08 07:48:30 HOSTNAME /usr/lib/gdm-x-session[11311]: (II) systemd-logind: got fd for /dev/input/event9 13:73 fd 36 paused 0
Sep 08 07:48:30 HOSTNAME /usr/lib/gdm-x-session[11311]: (**) SYNA3290:01 06CB:CD4F Mouse: always reports core events
Sep 08 07:48:30 HOSTNAME /usr/lib/gdm-x-session[11311]: (**) Option "Device" "/dev/input/event9"
Sep 08 07:48:30 HOSTNAME /usr/lib/gdm-x-session[11311]: (**) Option "_source" "server/udev"
Sep 08 07:48:30 HOSTNAME /usr/lib/gdm-x-session[11311]: (II) event9  - SYNA3290:01 06CB:CD4F Mouse: is tagged by udev as: Mouse Pointingstick
Sep 08 07:48:30 HOSTNAME /usr/lib/gdm-x-session[11311]: (II) event9  - SYNA3290:01 06CB:CD4F Mouse: device is a pointer
Sep 08 07:48:30 HOSTNAME /usr/lib/gdm-x-session[11311]: (II) event9  - SYNA3290:01 06CB:CD4F Mouse: device removed
Sep 08 07:48:30 HOSTNAME /usr/lib/gdm-x-session[11311]: (**) Option "config_info" "udev:/sys/devices/platform/AMDI0010:03/i2c-1/i2c-SYNA3290:01/0018:06CB:CD4F.0002/input/input24/event9"
Sep 08 07:48:30 HOSTNAME /usr/lib/gdm-x-session[11311]: (II) XINPUT: Adding extended input device "SYNA3290:01 06CB:CD4F Mouse" (type: MOUSE, id 20)
Sep 08 07:48:30 HOSTNAME /usr/lib/gdm-x-session[11311]: (**) Option "AccelerationScheme" "none"
Sep 08 07:48:30 HOSTNAME /usr/lib/gdm-x-session[11311]: (**) SYNA3290:01 06CB:CD4F Mouse: (accel) selected scheme none/0
Sep 08 07:48:30 HOSTNAME /usr/lib/gdm-x-session[11311]: (**) SYNA3290:01 06CB:CD4F Mouse: (accel) acceleration factor: 2.000
Sep 08 07:48:30 HOSTNAME /usr/lib/gdm-x-session[11311]: (**) SYNA3290:01 06CB:CD4F Mouse: (accel) acceleration threshold: 4
Sep 08 07:48:30 HOSTNAME /usr/lib/gdm-x-session[11311]: (II) event9  - SYNA3290:01 06CB:CD4F Mouse: is tagged by udev as: Mouse Pointingstick
Sep 08 07:48:30 HOSTNAME /usr/lib/gdm-x-session[11311]: (II) event9  - SYNA3290:01 06CB:CD4F Mouse: device is a pointer
Sep 08 07:48:30 HOSTNAME /usr/lib/gdm-x-session[11311]: (II) config/udev: Adding input device SYNA3290:01 06CB:CD4F Mouse (/dev/input/mouse2)
Sep 08 07:48:30 HOSTNAME /usr/lib/gdm-x-session[11311]: (II) No input driver specified, ignoring this device.
Sep 08 07:48:30 HOSTNAME /usr/lib/gdm-x-session[11311]: (II) This device may have been added with another device file.
Sep 08 07:48:30 HOSTNAME /usr/lib/gdm-x-session[11311]: (II) config/udev: Adding input device SYNA3290:01 06CB:CD4F Touchpad (/dev/input/event10)
Sep 08 07:48:30 HOSTNAME /usr/lib/gdm-x-session[11311]: (**) SYNA3290:01 06CB:CD4F Touchpad: Applying InputClass "libinput touchpad catchall"
Sep 08 07:48:30 HOSTNAME /usr/lib/gdm-x-session[11311]: (II) Using input driver 'libinput' for 'SYNA3290:01 06CB:CD4F Touchpad'
Sep 08 07:48:30 HOSTNAME /usr/lib/gdm-x-session[11311]: (II) systemd-logind: got fd for /dev/input/event10 13:74 fd 37 paused 0
Sep 08 07:48:30 HOSTNAME /usr/lib/gdm-x-session[11311]: (**) SYNA3290:01 06CB:CD4F Touchpad: always reports core events
Sep 08 07:48:30 HOSTNAME /usr/lib/gdm-x-session[11311]: (**) Option "Device" "/dev/input/event10"
Sep 08 07:48:30 HOSTNAME /usr/lib/gdm-x-session[11311]: (**) Option "_source" "server/udev"
Sep 08 07:48:30 HOSTNAME /usr/lib/gdm-x-session[11311]: (II) event10 - SYNA3290:01 06CB:CD4F Touchpad: is tagged by udev as: Touchpad
Sep 08 07:48:30 HOSTNAME /usr/lib/gdm-x-session[11311]: (II) event10 - SYNA3290:01 06CB:CD4F Touchpad: device is a touchpad
Sep 08 07:48:30 HOSTNAME /usr/lib/gdm-x-session[11311]: (II) event10 - SYNA3290:01 06CB:CD4F Touchpad: device removed
Sep 08 07:48:30 HOSTNAME /usr/lib/gdm-x-session[11311]: (**) Option "config_info" "udev:/sys/devices/platform/AMDI0010:03/i2c-1/i2c-SYNA3290:01/0018:06CB:CD4F.0002/input/input25/event10"
Sep 08 07:48:30 HOSTNAME /usr/lib/gdm-x-session[11311]: (II) XINPUT: Adding extended input device "SYNA3290:01 06CB:CD4F Touchpad" (type: TOUCHPAD, id 21)
Sep 08 07:48:30 HOSTNAME /usr/lib/gdm-x-session[11311]: (**) Option "AccelerationScheme" "none"
Sep 08 07:48:30 HOSTNAME /usr/lib/gdm-x-session[11311]: (**) SYNA3290:01 06CB:CD4F Touchpad: (accel) selected scheme none/0
Sep 08 07:48:30 HOSTNAME /usr/lib/gdm-x-session[11311]: (**) SYNA3290:01 06CB:CD4F Touchpad: (accel) acceleration factor: 2.000
Sep 08 07:48:30 HOSTNAME /usr/lib/gdm-x-session[11311]: (**) SYNA3290:01 06CB:CD4F Touchpad: (accel) acceleration threshold: 4
Sep 08 07:48:30 HOSTNAME /usr/lib/gdm-x-session[11311]: (II) event10 - SYNA3290:01 06CB:CD4F Touchpad: is tagged by udev as: Touchpad
Sep 08 07:48:30 HOSTNAME /usr/lib/gdm-x-session[11311]: (II) event10 - SYNA3290:01 06CB:CD4F Touchpad: device is a touchpad
Sep 08 07:48:30 HOSTNAME /usr/lib/gdm-x-session[11311]: (II) config/udev: Adding input device SYNA3290:01 06CB:CD4F Touchpad (/dev/input/mouse3)
Sep 08 07:48:30 HOSTNAME /usr/lib/gdm-x-session[11311]: (II) No input driver specified, ignoring this device.
Sep 08 07:48:30 HOSTNAME /usr/lib/gdm-x-session[11311]: (II) This device may have been added with another device file.
Sep 08 07:48:30 HOSTNAME /usr/lib/gdm-x-session[11311]: (II) config/udev: Adding input device AT Translated Set 2 keyboard (/dev/input/event2)
Sep 08 07:48:30 HOSTNAME /usr/lib/gdm-x-session[11311]: (**) AT Translated Set 2 keyboard: Applying InputClass "libinput keyboard catchall"
Sep 08 07:48:30 HOSTNAME /usr/lib/gdm-x-session[11311]: (**) AT Translated Set 2 keyboard: Applying InputClass "system-keyboard"
Sep 08 07:48:30 HOSTNAME /usr/lib/gdm-x-session[11311]: (II) Using input driver 'libinput' for 'AT Translated Set 2 keyboard'
Sep 08 07:48:30 HOSTNAME /usr/lib/gdm-x-session[11311]: (II) systemd-logind: got fd for /dev/input/event2 13:66 fd 38 paused 0
Sep 08 07:48:30 HOSTNAME /usr/lib/gdm-x-session[11311]: (**) AT Translated Set 2 keyboard: always reports core events
Sep 08 07:48:30 HOSTNAME /usr/lib/gdm-x-session[11311]: (**) Option "Device" "/dev/input/event2"
Sep 08 07:48:30 HOSTNAME /usr/lib/gdm-x-session[11311]: (**) Option "_source" "server/udev"
Sep 08 07:48:30 HOSTNAME /usr/lib/gdm-x-session[11311]: (II) event2  - AT Translated Set 2 keyboard: is tagged by udev as: Keyboard
Sep 08 07:48:30 HOSTNAME /usr/lib/gdm-x-session[11311]: (II) event2  - AT Translated Set 2 keyboard: device is a keyboard
Sep 08 07:48:30 HOSTNAME /usr/lib/gdm-x-session[11311]: (II) event2  - AT Translated Set 2 keyboard: device removed
Sep 08 07:48:30 HOSTNAME /usr/lib/gdm-x-session[11311]: (**) Option "config_info" "udev:/sys/devices/platform/i8042/serio0/input/input2/event2"
Sep 08 07:48:30 HOSTNAME /usr/lib/gdm-x-session[11311]: (II) XINPUT: Adding extended input device "AT Translated Set 2 keyboard" (type: KEYBOARD, id 22)
Sep 08 07:48:30 HOSTNAME /usr/lib/gdm-x-session[11311]: (**) Option "xkb_layout" "us,us"
Sep 08 07:48:30 HOSTNAME /usr/lib/gdm-x-session[11311]: (**) Option "xkb_variant" "altgr-intl,intl"
Sep 08 07:48:30 HOSTNAME /usr/lib/gdm-x-session[11311]: (II) event2  - AT Translated Set 2 keyboard: is tagged by udev as: Keyboard
Sep 08 07:48:30 HOSTNAME /usr/lib/gdm-x-session[11311]: (II) event2  - AT Translated Set 2 keyboard: device is a keyboard
Sep 08 07:48:30 HOSTNAME /usr/lib/gdm-x-session[11311]: (II) config/udev: Adding input device PC Speaker (/dev/input/event13)
Sep 08 07:48:30 HOSTNAME /usr/lib/gdm-x-session[11311]: (II) No input driver specified, ignoring this device.
Sep 08 07:48:30 HOSTNAME /usr/lib/gdm-x-session[11311]: (II) This device may have been added with another device file.
Sep 08 07:48:30 HOSTNAME /usr/lib/gdm-x-session[11311]: (II) config/udev: Adding input device HP WMI hotkeys (/dev/input/event14)
Sep 08 07:48:30 HOSTNAME /usr/lib/gdm-x-session[11311]: (**) HP WMI hotkeys: Applying InputClass "libinput keyboard catchall"
Sep 08 07:48:30 HOSTNAME /usr/lib/gdm-x-session[11311]: (**) HP WMI hotkeys: Applying InputClass "system-keyboard"
Sep 08 07:48:30 HOSTNAME /usr/lib/gdm-x-session[11311]: (II) Using input driver 'libinput' for 'HP WMI hotkeys'
Sep 08 07:48:30 HOSTNAME /usr/lib/gdm-x-session[11311]: (II) systemd-logind: got fd for /dev/input/event14 13:78 fd 39 paused 0
Sep 08 07:48:30 HOSTNAME /usr/lib/gdm-x-session[11311]: (**) HP WMI hotkeys: always reports core events
Sep 08 07:48:30 HOSTNAME /usr/lib/gdm-x-session[11311]: (**) Option "Device" "/dev/input/event14"
Sep 08 07:48:30 HOSTNAME /usr/lib/gdm-x-session[11311]: (**) Option "_source" "server/udev"
Sep 08 07:48:30 HOSTNAME /usr/lib/gdm-x-session[11311]: (II) event14 - HP WMI hotkeys: is tagged by udev as: Keyboard Switch
Sep 08 07:48:30 HOSTNAME /usr/lib/gdm-x-session[11311]: (II) event14 - HP WMI hotkeys: device is a keyboard
Sep 08 07:48:30 HOSTNAME /usr/lib/gdm-x-session[11311]: (II) event14 - HP WMI hotkeys: device removed
Sep 08 07:48:30 HOSTNAME /usr/lib/gdm-x-session[11311]: (**) Option "config_info" "udev:/sys/devices/virtual/input/input17/event14"
Sep 08 07:48:30 HOSTNAME /usr/lib/gdm-x-session[11311]: (II) XINPUT: Adding extended input device "HP WMI hotkeys" (type: KEYBOARD, id 23)
Sep 08 07:48:30 HOSTNAME /usr/lib/gdm-x-session[11311]: (**) Option "xkb_layout" "us,us"
Sep 08 07:48:30 HOSTNAME /usr/lib/gdm-x-session[11311]: (**) Option "xkb_variant" "altgr-intl,intl"
Sep 08 07:48:30 HOSTNAME /usr/lib/gdm-x-session[11311]: (II) event14 - HP WMI hotkeys: is tagged by udev as: Keyboard Switch
Sep 08 07:48:30 HOSTNAME /usr/lib/gdm-x-session[11311]: (II) event14 - HP WMI hotkeys: device is a keyboard
Sep 08 07:48:30 HOSTNAME /usr/lib/gdm-x-session[11311]: (II) config/udev: Adding input device Wireless hotkeys (/dev/input/event3)
Sep 08 07:48:30 HOSTNAME /usr/lib/gdm-x-session[11311]: (**) Wireless hotkeys: Applying InputClass "libinput keyboard catchall"
Sep 08 07:48:30 HOSTNAME /usr/lib/gdm-x-session[11311]: (**) Wireless hotkeys: Applying InputClass "system-keyboard"
Sep 08 07:48:30 HOSTNAME /usr/lib/gdm-x-session[11311]: (II) Using input driver 'libinput' for 'Wireless hotkeys'
Sep 08 07:48:30 HOSTNAME /usr/lib/gdm-x-session[11311]: (II) systemd-logind: got fd for /dev/input/event3 13:67 fd 40 paused 0
Sep 08 07:48:30 HOSTNAME /usr/lib/gdm-x-session[11311]: (**) Wireless hotkeys: always reports core events
Sep 08 07:48:30 HOSTNAME /usr/lib/gdm-x-session[11311]: (**) Option "Device" "/dev/input/event3"
Sep 08 07:48:30 HOSTNAME /usr/lib/gdm-x-session[11311]: (**) Option "_source" "server/udev"
Sep 08 07:48:30 HOSTNAME /usr/lib/gdm-x-session[11311]: (II) event3  - Wireless hotkeys: is tagged by udev as: Keyboard
Sep 08 07:48:30 HOSTNAME /usr/lib/gdm-x-session[11311]: (II) event3  - Wireless hotkeys: device is a keyboard
Sep 08 07:48:30 HOSTNAME /usr/lib/gdm-x-session[11311]: (II) event3  - Wireless hotkeys: device removed
Sep 08 07:48:30 HOSTNAME /usr/lib/gdm-x-session[11311]: (**) Option "config_info" "udev:/sys/devices/virtual/input/input3/event3"
Sep 08 07:48:30 HOSTNAME /usr/lib/gdm-x-session[11311]: (II) XINPUT: Adding extended input device "Wireless hotkeys" (type: KEYBOARD, id 24)
Sep 08 07:48:30 HOSTNAME /usr/lib/gdm-x-session[11311]: (**) Option "xkb_layout" "us,us"
Sep 08 07:48:30 HOSTNAME /usr/lib/gdm-x-session[11311]: (**) Option "xkb_variant" "altgr-intl,intl"
Sep 08 07:48:30 HOSTNAME /usr/lib/gdm-x-session[11311]: (II) event3  - Wireless hotkeys: is tagged by udev as: Keyboard
Sep 08 07:48:30 HOSTNAME /usr/lib/gdm-x-session[11311]: (II) event3  - Wireless hotkeys: device is a keyboard
Sep 08 07:48:30 HOSTNAME /usr/lib/gdm-x-session[11311]: (**) Kingston HyperX Alloy Origins Consumer Control: Applying InputClass "libinput keyboard catchall"
Sep 08 07:48:30 HOSTNAME /usr/lib/gdm-x-session[11311]: (**) Kingston HyperX Alloy Origins Consumer Control: Applying InputClass "system-keyboard"
Sep 08 07:48:30 HOSTNAME /usr/lib/gdm-x-session[11311]: (II) Using input driver 'libinput' for 'Kingston HyperX Alloy Origins Consumer Control'
Sep 08 07:48:30 HOSTNAME /usr/lib/gdm-x-session[11311]: (II) systemd-logind: returning pre-existing fd for /dev/input/event20 13:84
Sep 08 07:48:30 HOSTNAME /usr/lib/gdm-x-session[11311]: (**) Kingston HyperX Alloy Origins Consumer Control: always reports core events
Sep 08 07:48:30 HOSTNAME /usr/lib/gdm-x-session[11311]: (**) Option "Device" "/dev/input/event20"
Sep 08 07:48:30 HOSTNAME /usr/lib/gdm-x-session[11311]: (**) Option "_source" "_driver/libinput"
Sep 08 07:48:30 HOSTNAME /usr/lib/gdm-x-session[11311]: (II) libinput: Kingston HyperX Alloy Origins Consumer Control: is a virtual subdevice
Sep 08 07:48:30 HOSTNAME /usr/lib/gdm-x-session[11311]: (**) Option "config_info" "udev:/sys/devices/pci0000:00/0000:00:08.1/0000:04:00.4/usb3/3-2/3-2.1/3-2.1:1.1/0003:0951:16E5.0007/input/input32/event20"
Sep 08 07:48:30 HOSTNAME /usr/lib/gdm-x-session[11311]: (II) XINPUT: Adding extended input device "Kingston HyperX Alloy Origins Consumer Control" (type: KEYBOARD, id 25)
Sep 08 07:48:30 HOSTNAME /usr/lib/gdm-x-session[11311]: (**) Option "xkb_layout" "us,us"
Sep 08 07:48:30 HOSTNAME /usr/lib/gdm-x-session[11311]: (**) Option "xkb_variant" "altgr-intl,intl"
Sep 08 07:48:30 HOSTNAME /usr/lib/gdm-x-session[11311]: (**) ELAN2514:00 04F3:29D2 Stylus eraser: Applying InputClass "libinput tablet catchall"
Sep 08 07:48:30 HOSTNAME /usr/lib/gdm-x-session[11311]: (**) ELAN2514:00 04F3:29D2 Stylus eraser: Applying InputClass "Elan driver override"
Sep 08 07:48:30 HOSTNAME /usr/lib/gdm-x-session[11311]: (II) Using input driver 'wacom' for 'ELAN2514:00 04F3:29D2 Stylus eraser'
Sep 08 07:48:30 HOSTNAME /usr/lib/gdm-x-session[11311]: (II) systemd-logind: returning pre-existing fd for /dev/input/event8 13:72
Sep 08 07:48:30 HOSTNAME /usr/lib/gdm-x-session[11311]: (**) ELAN2514:00 04F3:29D2 Stylus eraser: always reports core events
Sep 08 07:48:30 HOSTNAME /usr/lib/gdm-x-session[11311]: (**) Option "Device" "/dev/input/event8"
Sep 08 07:48:30 HOSTNAME /usr/lib/gdm-x-session[11311]: (**) Option "Type" "eraser"
Sep 08 07:48:30 HOSTNAME /usr/lib/gdm-x-session[11311]: (**) ELAN2514:00 04F3:29D2 Stylus eraser: panscroll is 806
Sep 08 07:48:30 HOSTNAME /usr/lib/gdm-x-session[11311]: (**) ELAN2514:00 04F3:29D2 Stylus eraser: panscroll modified to 806
Sep 08 07:48:30 HOSTNAME /usr/lib/gdm-x-session[11311]: (--) ELAN2514:00 04F3:29D2 Stylus eraser: maxX=21248 maxY=12032 maxZ=4096 resX=62000 resY=62000  tilt=enabled
Sep 08 07:48:30 HOSTNAME /usr/lib/gdm-x-session[11311]: (**) Option "config_info" "udev:/sys/devices/platform/AMDI0010:02/i2c-0/i2c-ELAN2514:00/0018:04F3:29D2.0001/input/input21/event8"
Sep 08 07:48:30 HOSTNAME /usr/lib/gdm-x-session[11311]: (II) XINPUT: Adding extended input device "ELAN2514:00 04F3:29D2 Stylus eraser" (type: ERASER, id 26)
Sep 08 07:48:30 HOSTNAME /usr/lib/gdm-x-session[11311]: (**) ELAN2514:00 04F3:29D2 Stylus eraser: (accel) keeping acceleration scheme 1
Sep 08 07:48:30 HOSTNAME /usr/lib/gdm-x-session[11311]: (**) ELAN2514:00 04F3:29D2 Stylus eraser: (accel) acceleration profile 0
Sep 08 07:48:30 HOSTNAME /usr/lib/gdm-x-session[11311]: (**) ELAN2514:00 04F3:29D2 Stylus eraser: (accel) acceleration factor: 2.000
Sep 08 07:48:30 HOSTNAME /usr/lib/gdm-x-session[11311]: (**) ELAN2514:00 04F3:29D2 Stylus eraser: (accel) acceleration threshold: 4
Sep 08 07:48:31 HOSTNAME /usr/lib/gdm-x-session[11311]: (II) AMDGPU(0): EDID vendor "AUO", prod id 8685
Sep 08 07:48:31 HOSTNAME /usr/lib/gdm-x-session[11311]: (II) AMDGPU(0): Printing DDC gathered Modelines:
Sep 08 07:48:31 HOSTNAME /usr/lib/gdm-x-session[11311]: (II) AMDGPU(0): Modeline "1920x1080"x0.0  141.00  1920 2028 2076 2100  1080 1090 1100 1118 -hsync -vsync (67.1 kHz eP)
Sep 08 07:48:31 HOSTNAME /usr/lib/gdm-x-session[11311]: (II) AMDGPU(0): Modeline "1920x1080"x0.0   94.00  1920 2028 2076 2100  1080 1090 1100 1118 -hsync -vsync (44.8 kHz e)
Sep 08 07:48:33 HOSTNAME /usr/lib/gdm-x-session[11311]: (II) AMDGPU(0): EDID vendor "AUO", prod id 8685
Sep 08 07:48:33 HOSTNAME /usr/lib/gdm-x-session[11311]: (II) AMDGPU(0): Printing DDC gathered Modelines:
Sep 08 07:48:33 HOSTNAME /usr/lib/gdm-x-session[11311]: (II) AMDGPU(0): Modeline "1920x1080"x0.0  141.00  1920 2028 2076 2100  1080 1090 1100 1118 -hsync -vsync (67.1 kHz eP)
Sep 08 07:48:33 HOSTNAME /usr/lib/gdm-x-session[11311]: (II) AMDGPU(0): Modeline "1920x1080"x0.0   94.00  1920 2028 2076 2100  1080 1090 1100 1118 -hsync -vsync (44.8 kHz e)
Sep 08 07:49:07 HOSTNAME /usr/lib/gdm-x-session[11311]: (II) AMDGPU(0): EDID vendor "AUO", prod id 8685
Sep 08 07:49:07 HOSTNAME /usr/lib/gdm-x-session[11311]: (II) AMDGPU(0): Printing DDC gathered Modelines:
Sep 08 07:49:07 HOSTNAME /usr/lib/gdm-x-session[11311]: (II) AMDGPU(0): Modeline "1920x1080"x0.0  141.00  1920 2028 2076 2100  1080 1090 1100 1118 -hsync -vsync (67.1 kHz eP)
Sep 08 07:49:07 HOSTNAME /usr/lib/gdm-x-session[11311]: (II) AMDGPU(0): Modeline "1920x1080"x0.0   94.00  1920 2028 2076 2100  1080 1090 1100 1118 -hsync -vsync (44.8 kHz e)
Sep 08 08:06:14 HOSTNAME /usr/lib/gdm-x-session[11311]: (EE) event17 - Kingston HyperX Alloy Origins: client bug: event processing lagging behind by 11ms, your system is too slow
Sep 08 08:11:01 HOSTNAME /usr/lib/gdm-x-session[11311]: (II) AMDGPU(0): EDID vendor "AUO", prod id 8685
Sep 08 08:11:01 HOSTNAME /usr/lib/gdm-x-session[11311]: (II) AMDGPU(0): Printing DDC gathered Modelines:
Sep 08 08:11:01 HOSTNAME /usr/lib/gdm-x-session[11311]: (II) AMDGPU(0): Modeline "1920x1080"x0.0  141.00  1920 2028 2076 2100  1080 1090 1100 1118 -hsync -vsync (67.1 kHz eP)
Sep 08 08:11:01 HOSTNAME /usr/lib/gdm-x-session[11311]: (II) AMDGPU(0): Modeline "1920x1080"x0.0   94.00  1920 2028 2076 2100  1080 1090 1100 1118 -hsync -vsync (44.8 kHz e)
