[     2.682] (--) Log file renamed from "/var/log/Xorg.pid-512.log" to "/var/log/Xorg.0.log"
[     2.682] (WW) Failed to open protocol names file lib/xorg/protocol.txt
[     2.682] 
X.Org X Server 1.20.8
X Protocol Version 11, Revision 0
[     2.682] Build Operating System: Linux Arch Linux
[     2.682] Current Operating System: Linux HOSTNAME 5.7.10-arch1-1 #1 SMP PREEMPT Wed, 22 Jul 2020 19:57:42 +0000 x86_64
[     2.682] Kernel command line: BOOT_IMAGE=/vmlinuz-linux USERNAME=UUID=d02bf79f-8ca6-4fc9-a78c-c6836fc1cde1 rw resume=UUID=829d9321-52cb-48ea-8190-e5671726fc89 loglevel=3 quiet
[     2.682] Build Date: 05 May 2020  05:08:17AM
[     2.682]  
[     2.682] Current version of pixman: 0.40.0
[     2.682] 	Before reporting problems, check http://wiki.x.org
	to make sure that you have the latest version.
[     2.682] Markers: (--) probed, (**) from config file, (==) default setting,
	(++) from command line, (!!) notice, (II) informational,
	(WW) warning, (EE) error, (NI) not implemented, (??) unknown.
[     2.682] (==) Log file: "/var/log/Xorg.0.log", Time: Tue Jul 28 08:13:14 2020
[     2.684] (==) Using config directory: "/etc/X11/xorg.conf.d"
[     2.684] (==) Using system config directory "/usr/share/X11/xorg.conf.d"
[     2.684] (==) No Layout section.  Using the first Screen section.
[     2.684] (==) No screen section available. Using defaults.
[     2.684] (**) |-->Screen "Default Screen Section" (0)
[     2.684] (**) |   |-->Monitor "<default monitor>"
[     2.685] (==) No monitor specified for screen "Default Screen Section".
	Using a default monitor configuration.
[     2.685] (==) Automatically adding devices
[     2.685] (==) Automatically enabling devices
[     2.685] (==) Automatically adding GPU devices
[     2.685] (==) Automatically binding GPU devices
[     2.685] (==) Max clients allowed: 256, resource mask: 0x1fffff
[     2.685] (WW) The directory "/usr/share/fonts/misc" does not exist.
[     2.685] 	Entry deleted from font path.
[     2.686] (WW) `fonts.dir' not found (or not valid) in "/usr/share/fonts/TTF".
[     2.686] 	Entry deleted from font path.
[     2.686] 	(Run 'mkfontdir' on "/usr/share/fonts/TTF").
[     2.686] (WW) The directory "/usr/share/fonts/OTF" does not exist.
[     2.686] 	Entry deleted from font path.
[     2.686] (WW) The directory "/usr/share/fonts/Type1" does not exist.
[     2.686] 	Entry deleted from font path.
[     2.686] (WW) The directory "/usr/share/fonts/100dpi" does not exist.
[     2.686] 	Entry deleted from font path.
[     2.686] (WW) The directory "/usr/share/fonts/75dpi" does not exist.
[     2.686] 	Entry deleted from font path.
[     2.686] (==) FontPath set to:
	
[     2.686] (==) ModulePath set to "/usr/lib/xorg/modules"
[     2.686] (II) The server relies on udev to provide the list of input devices.
	If no devices become available, reconfigure udev or disable AutoAddDevices.
[     2.686] (II) Module ABI versions:
[     2.686] 	X.Org ANSI C Emulation: 0.4
[     2.686] 	X.Org Video Driver: 24.1
[     2.686] 	X.Org XInput driver : 24.1
[     2.686] 	X.Org Server Extension : 10.0
[     2.687] (++) using VT number 1

[     2.688] (II) systemd-logind: took control of session /org/freedesktop/login1/session/c2
[     2.690] (--) PCI:*(4@0:0:0) 1002:1636:103c:87a9 rev 195, Mem @ 0xd0000000/268435456, 0xe0000000/2097152, 0xfcb00000/524288, I/O @ 0x0000f000/256
[     2.690] (WW) Open ACPI failed (/var/run/acpid.socket) (No such file or directory)
[     2.690] (II) LoadModule: "glx"
[     2.690] (II) Loading /usr/lib/xorg/modules/extensions/libglx.so
[     2.692] (II) Module glx: vendor="X.Org Foundation"
[     2.692] 	compiled for 1.20.8, module version = 1.0.0
[     2.692] 	ABI class: X.Org Server Extension, version 10.0
[     2.692] (==) Matched ati as autoconfigured driver 0
[     2.692] (==) Matched modesetting as autoconfigured driver 1
[     2.692] (==) Matched fbdev as autoconfigured driver 2
[     2.692] (==) Matched vesa as autoconfigured driver 3
[     2.692] (==) Assigned the driver to the xf86ConfigLayout
[     2.692] (II) LoadModule: "ati"
[     2.693] (WW) Warning, couldn't open module ati
[     2.693] (EE) Failed to load module "ati" (module does not exist, 0)
[     2.693] (II) LoadModule: "modesetting"
[     2.693] (II) Loading /usr/lib/xorg/modules/drivers/modesetting_drv.so
[     2.694] (II) Module modesetting: vendor="X.Org Foundation"
[     2.694] 	compiled for 1.20.8, module version = 1.20.8
[     2.694] 	Module class: X.Org Video Driver
[     2.694] 	ABI class: X.Org Video Driver, version 24.1
[     2.694] (II) LoadModule: "fbdev"
[     2.694] (WW) Warning, couldn't open module fbdev
[     2.694] (EE) Failed to load module "fbdev" (module does not exist, 0)
[     2.694] (II) LoadModule: "vesa"
[     2.694] (WW) Warning, couldn't open module vesa
[     2.694] (EE) Failed to load module "vesa" (module does not exist, 0)
[     2.694] (II) modesetting: Driver for Modesetting Kernel Drivers: kms
[     2.694] (EE) open /dev/dri/card0: No such file or directory
[     2.694] (WW) Falling back to old probe method for modesetting
[     2.694] (EE) open /dev/dri/card0: No such file or directory
[     2.694] (EE) Screen 0 deleted because of no matching config section.
[     2.694] (II) UnloadModule: "modesetting"
[     2.694] (EE) Device(s) detected, but none match those in the config file.
[     2.694] (EE) 
Fatal server error:
[     2.694] (EE) no screens found(EE) 
[     2.694] (EE) 
Please consult the The X.Org Foundation support 
	 at http://wiki.x.org
 for help. 
[     2.694] (EE) Please also check the log file at "/var/log/Xorg.0.log" for additional information.
[     2.694] (EE) 
[     2.695] (EE) Server terminated with error (1). Closing log file.
