[    0.003967] e820: update [mem 0xc5594000-0xc5594fff] usable ==> reserved
[    0.003983] Using GB pages for direct mapping
[    0.004570] Secure boot disabled
[    0.004571] RAMDISK: [mem 0x7b15a000-0x7fffffff]
[    0.004577] ACPI: Early table checksum verification disabled
[    0.004580] ACPI: RSDP 0x00000000CCDFD014 000024 (v02 LENOVO)
[    0.004584] ACPI: XSDT 0x00000000CCDFB188 00013C (v01 LENOVO CB-01    00000003 LENO 00000001)
[    0.004589] ACPI: FACP 0x00000000C7924000 000114 (v06 LENOVO CB-01    00000003 LENO 00000001)
[    0.004594] ACPI: DSDT 0x00000000C7911000 00DCCF (v01 LENOVO AMD      00001000 INTL 20180313)
[    0.004597] ACPI: FACS 0x00000000CB37F000 000040
[    0.004599] ACPI: SSDT 0x00000000C8BFC000 0072B0 (v02 LENOVO AmdTable 00000002 MSFT 04000000)
[    0.004602] ACPI: SSDT 0x00000000C8BD4000 003BF1 (v01 LENOVO AMD AOD  00000001 INTL 20180313)
[    0.004604] ACPI: MSDM 0x00000000C8B41000 000055 (v03 LENOVO CB-01    00000000 LENO 00000001)
[    0.004607] ACPI: BATB 0x00000000C8B2B000 00004A (v02 LENOVO CB-01    00000000 LENO 00000001)
[    0.004609] ACPI: HPET 0x00000000C7923000 000038 (v01 LENOVO CB-01    00000001 LENO 00000001)
[    0.004612] ACPI: APIC 0x00000000C7922000 000138 (v02 LENOVO CB-01    00000000 LENO 00000001)
--
[    0.427682] thermal LNXTHERM:01: registered as thermal_zone1
[    0.427684] ACPI: thermal: Thermal Zone [TZS1] (24 C)
[    0.428080] Serial: 8250/16550 driver, 32 ports, IRQ sharing enabled
[    0.431602] ACPI: battery: Slot [BAT0] (battery present)
[    0.433032] Linux agpgart interface v0.103
[    0.438377] tpm_crb MSFT0101:00: Disabling hwrng
[    0.439049] ACPI: bus type drm_connector registered
[    0.444635] loop: module loaded
[    0.445062] tun: Universal TUN/TAP device driver, 1.6
[    0.445128] PPP generic driver version 2.4.2
[    0.445302] i8042: PNP: PS/2 Controller [PNP0303:KBD0] at 0x60,0x64 irq 1
--
[    6.589702] sdhci: Copyright(c) Pierre Ossman
[    6.591233] pcie_mp2_amd 0000:04:00.7: enabling device (0000 -> 0002)
[    6.591257] piix4_smbus 0000:00:14.0: SMBus Host Controller at 0xb00, revision 0
[    6.591261] piix4_smbus 0000:00:14.0: Using register 0x02 for SMBus port selection
[    6.591766] piix4_smbus 0000:00:14.0: Auxiliary SMBus Host Controller at 0xb20
[    6.638237] hid-generic 0020:1022:0001.0001: hidraw0: SENSOR HUB HID v0.00 Device [hid-amdsfh 1022:0001] on pcie_mp2_amd
[    6.660750] input: ELAN06FA:00 04F3:31AD Mouse as /devices/platform/AMDI0010:03/i2c-1/i2c-ELAN06FA:00/0018:04F3:31AD.0002/input/input3
[    6.660976] input: ELAN06FA:00 04F3:31AD Touchpad as /devices/platform/AMDI0010:03/i2c-1/i2c-ELAN06FA:00/0018:04F3:31AD.0002/input/input5
[    6.661287] hid-generic 0018:04F3:31AD.0002: input,hidraw1: I2C HID v1.00 Mouse [ELAN06FA:00 04F3:31AD] on i2c-ELAN06FA:00
[    6.736510] input: WACF2200:00 056A:52C6 Touchscreen as /devices/platform/AMDI0010:00/i2c-0/i2c-WACF2200:00/0018:056A:52C6.0003/input/input6
[    6.736857] input: WACF2200:00 056A:52C6 as /devices/platform/AMDI0010:00/i2c-0/i2c-WACF2200:00/0018:056A:52C6.0003/input/input7
[    6.736976] input: WACF2200:00 056A:52C6 Stylus as /devices/platform/AMDI0010:00/i2c-0/i2c-WACF2200:00/0018:056A:52C6.0003/input/input8
[    6.737190] input: WACF2200:00 056A:52C6 as /devices/platform/AMDI0010:00/i2c-0/i2c-WACF2200:00/0018:056A:52C6.0003/input/input9
[    6.737376] input: WACF2200:00 056A:52C6 Mouse as /devices/platform/AMDI0010:00/i2c-0/i2c-WACF2200:00/0018:056A:52C6.0003/input/input10
[    6.737544] hid-generic 0018:056A:52C6.0003: input,hidraw2: I2C HID v1.00 Mouse [WACF2200:00 056A:52C6] on i2c-WACF2200:00
[    6.739496] usbcore: registered new interface driver usbhid
[    6.739504] usbhid: USB HID core driver
[    6.739779] ACPI: video: Video Device [VGA] (multi-head: yes  rom: no  post: no)
[    6.740309] hid-sensor-hub 0020:1022:0001.0001: hidraw0: SENSOR HUB HID v0.00 Device [hid-amdsfh 1022:0001] on pcie_mp2_amd
[    6.740909] xhci_hcd 0000:04:00.3: xHCI Host Controller
--
[    6.744442] usb usb2: Manufacturer: Linux 6.9.3-76060903-generic xhci-hcd
[    6.744445] usb usb2: SerialNumber: 0000:04:00.3
[    6.744660] hub 2-0:1.0: USB hub found
[    6.744681] hub 2-0:1.0: 2 ports detected
[    6.745534] xhci_hcd 0000:04:00.4: xHCI Host Controller
[    6.745543] xhci_hcd 0000:04:00.4: new USB bus registered, assigned bus number 3
[    6.745664] xhci_hcd 0000:04:00.4: hcc params 0x0268ffe5 hci version 0x110 quirks 0x0000020000000410
[    6.746034] xhci_hcd 0000:04:00.4: xHCI Host Controller
[    6.746038] xhci_hcd 0000:04:00.4: new USB bus registered, assigned bus number 4
[    6.746041] xhci_hcd 0000:04:00.4: Host supports USB 3.1 Enhanced SuperSpeed
[    6.746089] usb usb3: New USB device found, idVendor=1d6b, idProduct=0002, bcdDevice= 6.09
--
[    6.747733] hub 4-0:1.0: USB hub found
[    6.747741] hub 4-0:1.0: 2 ports detected
[    6.750841] nvme 0000:03:00.0: platform quirk: setting simple suspend
[    6.750967] nvme nvme0: pci function 0000:03:00.0
[    6.816245] nvme nvme0: allocated 64 MiB host memory buffer.
[    6.854748] wacom 0018:056A:52C6.0003: hidraw2: I2C HID v1.00 Mouse [WACF2200:00 056A:52C6] on i2c-WACF2200:00
[    6.854868] input: Wacom HID 52C6 Pen as /devices/platform/AMDI0010:00/i2c-0/i2c-WACF2200:00/0018:056A:52C6.0003/input/input12
[    6.855268] input: Wacom HID 52C6 Finger as /devices/platform/AMDI0010:00/i2c-0/i2c-WACF2200:00/0018:056A:52C6.0003/input/input13
[    6.860830] nvme nvme0: 8/0/0 default/read/poll queues
[    6.864824]  nvme0n1: p1 p2 p3 p4
[    6.948624] ucsi_acpi USBC000:00: unknown error 0
[    6.948636] ucsi_acpi USBC000:00: UCSI_GET_PDOS failed (-5)
[    6.979473] usb 1-4: new high-speed USB device number 2 using xhci_hcd
[    6.987463] usb 3-3: new high-speed USB device number 2 using xhci_hcd
[    7.007337] ucsi_acpi USBC000:00: unknown error 0
[    7.007344] ucsi_acpi USBC000:00: UCSI_GET_PDOS failed (-5)
[    7.123405] usb 3-3: New USB device found, idVendor=27c6, idProduct=55b4, bcdDevice= 1.00
[    7.123417] usb 3-3: New USB device strings: Mfr=1, Product=2, SerialNumber=0
[    7.123424] usb 3-3: Product: Goodix FingerPrint Device
[    7.123430] usb 3-3: Manufacturer: Generic
[    7.149820] usb 1-4: New USB device found, idVendor=5986, idProduct=214d, bcdDevice=57.08
[    7.149833] usb 1-4: New USB device strings: Mfr=1, Product=2, SerialNumber=3
--
[   18.845011] cfg80211: Loading compiled-in X.509 certificates for regulatory database
[   18.845342] Loaded X.509 cert 'sforshee: 00b28ddf47aef9cea7'
[   18.845541] Loaded X.509 cert 'wens: 61c038651aabdcf94bd0ac7ff06c7248db18c600'
[   18.845807] RAPL PMU: API unit is 2^-32 Joules, 1 fixed counters, 163840 ms ovfl timer
[   18.845814] RAPL PMU: hw unit of domain package 2^-16 Joules
[   18.944640] input: ELAN06FA:00 04F3:31AD Mouse as /devices/platform/AMDI0010:03/i2c-1/i2c-ELAN06FA:00/0018:04F3:31AD.0002/input/input17
[   18.945483] input: ELAN06FA:00 04F3:31AD Touchpad as /devices/platform/AMDI0010:03/i2c-1/i2c-ELAN06FA:00/0018:04F3:31AD.0002/input/input19
[   18.945801] hid-multitouch 0018:04F3:31AD.0002: input,hidraw1: I2C HID v1.00 Mouse [ELAN06FA:00 04F3:31AD] on i2c-ELAN06FA:00
[   18.994572] FAT-fs (nvme0n1p1): Volume was not properly unmounted. Some data may be corrupt. Please run fsck.
[   18.994749] FAT-fs (nvme0n1p2): Volume was not properly unmounted. Some data may be corrupt. Please run fsck.
[   19.002029] io scheduler bfq registered
[   19.009377] kvm_amd: TSC scaling supported
[   19.009400] kvm_amd: Nested Virtualization enabled
--
[   19.044717] audit: type=1400 audit(1729068656.096:3): apparmor="STATUS" operation="profile_load" profile="unconfined" name="lsb_release" pid=778 comm="apparmor_parser"
[   19.045384] audit: type=1400 audit(1729068656.096:4): apparmor="STATUS" operation="profile_load" profile="unconfined" name="libreoffice-xpdfimport" pid=787 comm="apparmor_parser"
[   19.045412] audit: type=1400 audit(1729068656.096:5): apparmor="STATUS" operation="profile_load" profile="unconfined" name="libreoffice-oosplash" pid=784 comm="apparmor_parser"
[   19.045764] audit: type=1400 audit(1729068656.097:6): apparmor="STATUS" operation="profile_load" profile="unconfined" name="nvidia_modprobe" pid=779 comm="apparmor_parser"
[   19.045770] audit: type=1400 audit(1729068656.097:7): apparmor="STATUS" operation="profile_load" profile="unconfined" name="nvidia_modprobe//kmod" pid=779 comm="apparmor_parser"
[   19.045847] audit: type=1400 audit(1729068656.097:8): apparmor="STATUS" operation="profile_load" profile="unconfined" name="/usr/bin/man" pid=782 comm="apparmor_parser"
[   19.045854] audit: type=1400 audit(1729068656.097:9): apparmor="STATUS" operation="profile_load" profile="unconfined" name="man_filter" pid=782 comm="apparmor_parser"
[   19.045859] audit: type=1400 audit(1729068656.097:10): apparmor="STATUS" operation="profile_load" profile="unconfined" name="man_groff" pid=782 comm="apparmor_parser"
[   19.047543] audit: type=1400 audit(1729068656.099:11): apparmor="STATUS" operation="profile_load" profile="unconfined" name="/usr/sbin/cups-browsed" pid=789 comm="apparmor_parser"
[   19.050347] snd_hda_intel 0000:04:00.1: enabling device (0000 -> 0002)
[   19.050546] snd_hda_intel 0000:04:00.1: Handle vga_switcheroo audio client
[   19.050817] mt7921e 0000:02:00.0: enabling device (0000 -> 0002)
[   19.051513] snd_hda_intel 0000:04:00.6: enabling device (0000 -> 0002)
