[    0.000020]   9 disabled
[    0.000318] x86/PAT: Configuration [0-7]: WB  WC  UC- UC  WB  WP  UC- WT  
[    0.000436] last_pfn = 0x8fc4f max_arch_pfn = 0x400000000
[    0.005074] esrt: Reserving ESRT space from 0x000000008df14018 to 0x000000008df14050.
[    0.005081] Using GB pages for direct mapping
[    0.005314] secureboot: Secure boot enabled
[    0.005314] RAMDISK: [mem 0x78805000-0x7a6c5fff]
[    0.005320] ACPI: Early table checksum verification disabled
[    0.005321] ACPI: RSDP 0x000000008FC4D014 000024 (v02 HPQOEM)
[    0.005323] ACPI: XSDT 0x000000008FC2A188 00011C (v01 HPQOEM SLIC-MPC 00000002 HP   01000013)
[    0.005326] ACPI: FACP 0x000000008FC4C000 00010C (v05 HPQOEM SLIC-MPC 00000002 HP   00040000)
[    0.005329] ACPI: DSDT 0x000000008FBDF000 046037 (v02 HPQOEM SLIC-MPC 00000002 HP   00040000)
--
[    1.455239]  nvme0n1: p1 p2 p3 p4
[    1.528309] usb 1-10: New USB device found, idVendor=8087, idProduct=0026, bcdDevice= 0.02
[    1.528312] usb 1-10: New USB device strings: Mfr=0, Product=0, SerialNumber=0
[    1.535368] input: SYNA328C:00 06CB:CD4F Mouse as /devices/pci0000:00/0000:00:15.0/i2c_designware.0/i2c-0/i2c-SYNA328C:00/0018:06CB:CD4F.0001/input/input5
[    1.535477] input: SYNA328C:00 06CB:CD4F Touchpad as /devices/pci0000:00/0000:00:15.0/i2c_designware.0/i2c-0/i2c-SYNA328C:00/0018:06CB:CD4F.0001/input/input6
[    1.535548] hid-generic 0018:06CB:CD4F.0001: input,hidraw0: I2C HID v1.00 Mouse [SYNA328C:00 06CB:CD4F] on i2c-SYNA328C:00
[    1.547540] i2c_hid i2c-ELAN2514:00: supply vdd not found, using dummy regulator
[    1.547553] i2c_hid i2c-ELAN2514:00: supply vddl not found, using dummy regulator
[    1.556744] Lockdown: systemd-hiberna: hibernation is restricted; see man kernel_lockdown.7
[    1.697186] i2c_hid i2c-ELAN2514:00: i2c_hid_get_input: IRQ triggered but there's no data
[    1.697318] input: ELAN2514:00 04F3:29CF Touchscreen as /devices/pci0000:00/0000:00:15.1/i2c_designware.1/i2c-1/i2c-ELAN2514:00/0018:04F3:29CF.0002/input/input8
[    1.697396] input: ELAN2514:00 04F3:29CF as /devices/pci0000:00/0000:00:15.1/i2c_designware.1/i2c-1/i2c-ELAN2514:00/0018:04F3:29CF.0002/input/input9
[    1.697439] input: ELAN2514:00 04F3:29CF as /devices/pci0000:00/0000:00:15.1/i2c_designware.1/i2c-1/i2c-ELAN2514:00/0018:04F3:29CF.0002/input/input10
[    1.697481] input: ELAN2514:00 04F3:29CF as /devices/pci0000:00/0000:00:15.1/i2c_designware.1/i2c-1/i2c-ELAN2514:00/0018:04F3:29CF.0002/input/input11
[    1.697546] hid-generic 0018:04F3:29CF.0002: input,hidraw1: I2C HID v1.00 Device [ELAN2514:00 04F3:29CF] on i2c-ELAN2514:00
[    1.732588] checking generic (a0000000 7e9000) vs hw (b0000000 1000000)
[    1.732589] checking generic (a0000000 7e9000) vs hw (a0000000 10000000)
[    1.732590] fb0: switching to inteldrmfb from EFI VGA
[    1.732639] i915 0000:00:02.0: vgaarb: deactivate vga console
[    1.733635] [drm] Supports vblank timestamp caching Rev 2 (21.10.2013).
--
[    1.755177] tsc: Refined TSC clocksource calibration: 2304.016 MHz
[    1.755181] clocksource: tsc: mask: 0xffffffffffffffff max_cycles: 0x21360722cd5, max_idle_ns: 440795321001 ns
[    1.755192] clocksource: Switched to clocksource tsc
[    1.764275] input: SYNA328C:00 06CB:CD4F Mouse as /devices/pci0000:00/0000:00:15.0/i2c_designware.0/i2c-0/i2c-SYNA328C:00/0018:06CB:CD4F.0001/input/input14
[    1.764337] input: SYNA328C:00 06CB:CD4F Touchpad as /devices/pci0000:00/0000:00:15.0/i2c_designware.0/i2c-0/i2c-SYNA328C:00/0018:06CB:CD4F.0001/input/input15
[    1.764388] hid-multitouch 0018:06CB:CD4F.0001: input,hidraw0: I2C HID v1.00 Mouse [SYNA328C:00 06CB:CD4F] on i2c-SYNA328C:00
[    1.818916] input: ELAN2514:00 04F3:29CF as /devices/pci0000:00/0000:00:15.1/i2c_designware.1/i2c-1/i2c-ELAN2514:00/0018:04F3:29CF.0002/input/input17
[    1.818968] input: ELAN2514:00 04F3:29CF UNKNOWN as /devices/pci0000:00/0000:00:15.1/i2c_designware.1/i2c-1/i2c-ELAN2514:00/0018:04F3:29CF.0002/input/input18
[    1.819000] input: ELAN2514:00 04F3:29CF UNKNOWN as /devices/pci0000:00/0000:00:15.1/i2c_designware.1/i2c-1/i2c-ELAN2514:00/0018:04F3:29CF.0002/input/input19
[    1.819096] input: ELAN2514:00 04F3:29CF as /devices/pci0000:00/0000:00:15.1/i2c_designware.1/i2c-1/i2c-ELAN2514:00/0018:04F3:29CF.0002/input/input20
[    1.819160] hid-multitouch 0018:04F3:29CF.0002: input,hidraw1: I2C HID v1.00 Device [ELAN2514:00 04F3:29CF] on i2c-ELAN2514:00
[    1.962148] psmouse serio1: synaptics: Unable to query device: -71
[    2.017091] ish-hid {33AECD58-B679-4E54-9BD9-A04D34F0C226}: [hid-ish]: enum_devices_done OK, num_hid_devices=4
[    2.025896] hid-generic 001F:8087:0AC2.0003: hidraw2: <UNKNOWN> HID v2.00 Device [hid-ishtp 8087:0AC2] on 
[    2.035611] hid-generic 001F:8087:0AC2.0004: hidraw3: <UNKNOWN> HID v2.00 Device [hid-ishtp 8087:0AC2] on 
[    2.042284] [drm] Initialized i915 1.6.0 20200515 for 0000:00:02.0 on minor 0
[    2.044620] ACPI: Video Device [GFX0] (multi-head: yes  rom: no  post: no)
[    2.044962] input: Video Bus as /devices/LNXSYSTM:00/LNXSYBUS:00/PNP0A08:00/LNXVIDEO:00/input/input23
[    2.046652] hid-generic 001F:8087:0AC2.0005: hidraw4: <UNKNOWN> HID v2.00 Device [hid-ishtp 8087:0AC2] on 
[    2.061695] fbcon: i915drmfb (fb0) is primary device
[    2.061696] fbcon: Deferring console take-over
[    2.061697] i915 0000:00:02.0: fb0: i915drmfb frame buffer device
[    2.062024] hid-generic 001F:8087:0AC3.0006: hidraw5: <UNKNOWN> HID v2.00 Device [hid-ishtp 8087:0AC3] on 
[    2.121597] EXT4-fs (nvme0n1p3): mounted filesystem with ordered data mode. Opts: (null)
[    2.373640] systemd-journald[271]: Received SIGTERM from PID 1 (systemd).
[    2.495836] SELinux:  Permission watch in class filesystem not defined in policy.
[    2.495839] SELinux:  Permission watch in class file not defined in policy.
[    2.495840] SELinux:  Permission watch_mount in class file not defined in policy.
--
[   19.026312] Bluetooth: RFCOMM ver 1.11
[   19.462252] Lockdown: systemd-logind: hibernation is restricted; see man kernel_lockdown.7
[   19.835344] rfkill: input handler disabled
[  554.608170] input: HP Tilt Pen Mouse as /devices/virtual/misc/uhid/0005:03F0:684C.0007/input/input34
[  554.608693] input: HP Tilt Pen Keyboard as /devices/virtual/misc/uhid/0005:03F0:684C.0007/input/input35
[  554.609375] hid-generic 0005:03F0:684C.0007: input,hidraw2: BLUETOOTH HID v0.02 Mouse [HP Tilt Pen] on 28:7f:cf:23:0b:99
[  587.246927] input: HP Tilt Pen Mouse as /devices/virtual/misc/uhid/0005:03F0:684C.0008/input/input37
[  587.247086] input: HP Tilt Pen Keyboard as /devices/virtual/misc/uhid/0005:03F0:684C.0008/input/input38
[  587.247285] hid-generic 0005:03F0:684C.0008: input,hidraw2: BLUETOOTH HID v0.02 Mouse [HP Tilt Pen] on 28:7f:cf:23:0b:99
