[    0.011439] ACPI: DSDT 0x00000000CA84C230 026782 (v02 DELL   CBX3     01072009 INTL 20160422)
[    0.011443] ACPI: FACS 0x00000000CAF35E80 000040
[    0.011446] ACPI: APIC 0x00000000CA872AC8 000084 (v03 DELL   CBX3     01072009 AMI  00010013)
[    0.011450] ACPI: FPDT 0x00000000CA872B50 000044 (v01 DELL   CBX3     01072009 AMI  00010013)
[    0.011453] ACPI: FIDT 0x00000000CA872B98 0000AC (v01 DELL   CBX3     01072009 AMI  00010013)
[    0.011457] ACPI: MCFG 0x00000000CA872C48 00003C (v01 DELL   CBX3     01072009 MSFT 00000097)
[    0.011460] ACPI: HPET 0x00000000CA872C88 000038 (v01 DELL   CBX3     01072009 AMI. 0005000B)
[    0.011463] ACPI: SSDT 0x00000000CA872CC0 000359 (v01 SataRe SataTabl 00001000 INTL 20160422)
[    0.011467] ACPI: SSDT 0x00000000CA873020 0012FE (v02 SaSsdt SaSsdt   00003000 INTL 20160422)
[    0.011471] ACPI: HPET 0x00000000CA874320 000038 (v01 INTEL  KBL-ULT  00000001 MSFT 0000005F)
[    0.011474] ACPI: SSDT 0x00000000CA874358 000E6B (v02 INTEL  xh_OEMBD 00000000 INTL 20160422)
[    0.011478] ACPI: UEFI 0x00000000CA8751C8 000042 (v01                 00000000      00000000)
[    0.011481] ACPI: SSDT 0x00000000CA875210 000EDE (v02 CpuRef CpuSsdt  00003000 INTL 20160422)
[    0.011485] ACPI: LPIT 0x00000000CA8760F0 000094 (v01 INTEL  KBL-ULT  00000000 MSFT 0000005F)
[    0.011488] ACPI: SSDT 0x00000000CA876188 000141 (v02 INTEL  HdaDsp   00000000 INTL 20160422)
[    0.011492] ACPI: SSDT 0x00000000CA8762D0 00029F (v02 INTEL  sensrhub 00000000 INTL 20160422)
[    0.011495] ACPI: SSDT 0x00000000CA876570 003002 (v02 INTEL  PtidDevc 00001000 INTL 20160422)
[    0.011499] ACPI: SSDT 0x00000000CA879578 000517 (v02 INTEL  TbtTypeC 00000000 INTL 20160422)
[    0.011502] ACPI: DBGP 0x00000000CA879A90 000034 (v01 INTEL           00000002 MSFT 0000005F)
[    0.011505] ACPI: DBG2 0x00000000CA879AC8 000054 (v00 INTEL           00000002 MSFT 0000005F)
[    0.011509] ACPI: SSDT 0x00000000CA879B20 0067B2 (v02 DptfTa DptfTabl 00001000 INTL 20160422)
[    0.011512] ACPI: SLIC 0x00000000CA8802D8 000176 (v03 DELL   CBX3     01072009 MSFT 00010013)
[    0.011516] ACPI: BGRT 0x00000000CA880450 000038 (v00 ?n\xea\xcc            01072009 AMI  00010013)
[    0.011519] ACPI: DMAR 0x00000000CA880488 0000F0 (v01 INTEL  KBL      00000001 INTL 00000001)
[    0.011523] ACPI: TPM2 0x00000000CA880578 000034 (v03        Tpm2Tabl 00000001 AMI  00000000)
[    0.011526] ACPI: ASF! 0x00000000CA8805B0 0000A0 (v32 INTEL   HCG     00000001 TFSM 000F4240)
[    0.011529] ACPI: Reserving FACP table memory at [mem 0xca8729b8-0xca872ac3]
--
[    2.151939] intel-lpss: probe of INT3446:00 failed with error -16
[    2.152619] cfg80211: Loading compiled-in X.509 certificates for regulatory database
[    2.173696] Adding 9227464k swap on /dev/sda3.  Priority:-2 extents:1 across:9227464k SSFS
[    2.174228] cfg80211: Loaded X.509 cert 'sforshee: 00b28ddf47aef9cea7'
[    2.215583] input: Intel Virtual Buttons as /devices/pci0000:00/0000:00:1f.0/PNP0C09:00/INT33D6:00/input/input7
[    2.222190] tpm_tis MSFT0101:00: 2.0 TPM (device-id 0xFE, rev-id 4)
[    2.230934] systemd-journald[237]: Received client request to flush runtime journal.
[    2.380710] proc_thermal 0000:00:04.0: enabling device (0000 -> 0002)
[    2.387630] intel_rapl_common: Found RAPL domain package
[    2.387634] intel_rapl_common: Found RAPL domain dram
[    2.428555] Intel(R) Wireless WiFi driver for Linux
--
[    2.676381] intel_rapl_common: Found RAPL domain package
[    2.676385] intel_rapl_common: Found RAPL domain core
[    2.676386] intel_rapl_common: Found RAPL domain uncore
[    2.676387] intel_rapl_common: Found RAPL domain dram
[    2.676388] intel_rapl_common: Found RAPL domain psys
[    2.677303] input: WCOM4846:00 056A:4846 Touchscreen as /devices/pci0000:00/0000:00:15.0/i2c_designware.0/i2c-0/i2c-WCOM4846:00/0018:056A:4846.0002/input/input11
[    2.677740] input: WCOM4846:00 056A:4846 as /devices/pci0000:00/0000:00:15.0/i2c_designware.0/i2c-0/i2c-WCOM4846:00/0018:056A:4846.0002/input/input12
[    2.677791] input: WCOM4846:00 056A:4846 Stylus as /devices/pci0000:00/0000:00:15.0/i2c_designware.0/i2c-0/i2c-WCOM4846:00/0018:056A:4846.0002/input/input13
[    2.677836] input: WCOM4846:00 056A:4846 as /devices/pci0000:00/0000:00:15.0/i2c_designware.0/i2c-0/i2c-WCOM4846:00/0018:056A:4846.0002/input/input14
[    2.677878] input: WCOM4846:00 056A:4846 Mouse as /devices/pci0000:00/0000:00:15.0/i2c_designware.0/i2c-0/i2c-WCOM4846:00/0018:056A:4846.0002/input/input15
[    2.677932] hid-generic 0018:056A:4846.0002: input,hidraw0: I2C HID v1.00 Mouse [WCOM4846:00 056A:4846] on i2c-WCOM4846:00
[    2.694966] mei_hdcp 0000:00:16.0-b638ab7e-94e2-4ea2-a552-d1c54b627f04: bound 0000:00:02.0 (ops i915_hdcp_component_ops [i915])
[    2.710636] cryptd: max_cpu_qlen set to 1000
[    2.751751] usbcore: registered new interface driver uas
[    2.755372] dcdbas dcdbas: Dell Systems Management Base Driver (version 5.6.0-3.4)
[    2.794751] iTCO_vendor_support: vendor-support=0
--
[    3.084897] snd_hda_codec_realtek hdaudioC0D0:    hp_outs=0 (0x0/0x0/0x0/0x0/0x0)
[    3.084899] snd_hda_codec_realtek hdaudioC0D0:    mono: mono_out=0x0
[    3.084900] snd_hda_codec_realtek hdaudioC0D0:    inputs:
[    3.084902] snd_hda_codec_realtek hdaudioC0D0:      Mic=0x12
[    3.115564] dell_laptop: Using i8042 filter function for receiving events
[    3.116111] input: Wacom HID 4846 Pen as /devices/pci0000:00/0000:00:15.0/i2c_designware.0/i2c-0/i2c-WCOM4846:00/0018:056A:4846.0002/input/input19
[    3.117615] input: Wacom HID 4846 Finger as /devices/pci0000:00/0000:00:15.0/i2c_designware.0/i2c-0/i2c-WCOM4846:00/0018:056A:4846.0002/input/input20
[    3.117722] wacom 0018:056A:4846.0002: hidraw0: I2C HID v1.00 Mouse [WCOM4846:00 056A:4846] on i2c-WCOM4846:00
[    3.396562] ish-hid {33AECD58-B679-4E54-9BD9-A04D34F0C226}: [hid-ish]: enum_devices_done OK, num_hid_devices=5
[    3.401262] hid-generic 001F:8087:0AC2.0003: hidraw2: <UNKNOWN> HID v2.00 Device [hid-ishtp 8087:0AC2] on 
[    3.405963] hid-generic 001F:8087:0AC2.0004: hidraw3: <UNKNOWN> HID v2.00 Device [hid-ishtp 8087:0AC2] on 
[    3.409227] hid-generic 001F:8087:0AC2.0005: hidraw4: <UNKNOWN> HID v2.00 Device [hid-ishtp 8087:0AC2] on 
[    3.414118] hid-generic 001F:8087:0AC3.0006: hidraw5: <UNKNOWN> HID v2.00 Device [hid-ishtp 8087:0AC3] on 
[    3.416201] hid-generic 001F:8087:0AC3.0007: hidraw6: <UNKNOWN> HID v2.00 Device [hid-ishtp 8087:0AC3] on 
[    3.569863] scsi 3:0:0:0: Direct-Access     Generic- SD/MMC CRW       1.00 PQ: 0 ANSI: 6
[    3.580008] sd 3:0:0:0: [sdb] Media removed, stopped polling
[    3.581872] sd 3:0:0:0: [sdb] Attached SCSI removable disk
[    3.781387] input: HDA Intel PCH HDMI/DP,pcm=3 as /devices/pci0000:00/0000:00:1f.3/sound/card0/input22
[    3.781668] input: HDA Intel PCH HDMI/DP,pcm=7 as /devices/pci0000:00/0000:00:1f.3/sound/card0/input23
