[    0.008204] ACPI: SSDT 0x0000000033B72000 000E17 (v02 HP     HPINTELG 00001000 INTL 20160527)
[    0.008206] ACPI: SSDT 0x0000000033B71000 000069 (v01 HP     HPCAHWID 00001000 INTL 20160527)
[    0.008209] ACPI: UEFI 0x00000000336D6000 00063A (v01 INTEL  RstVmdE  00000000 ??   00000000)
[    0.008211] ACPI: UEFI 0x00000000336D5000 00005C (v01 INTEL  RstVmdV  00000000 ??   00000000)
[    0.008213] ACPI: BGRT 0x0000000033B70000 000038 (v01 HPQOEM TGL-ULT  00000002      01000013)
[    0.008215] ACPI: PTDT 0x0000000033B6F000 000024 (v00 HPQOEM SLIC-BPC 00000005 MSFT 0100000D)
[    0.008217] ACPI: SSDT 0x0000000033BE0000 0002F9 (v02 HP     PwrCtlEv 00000001 INTL 20160527)
[    0.008219] ACPI: FPDT 0x0000000033B6E000 000044 (v01 HPQOEM TGL-ULT  00000002      01000013)
[    0.008220] ACPI: Reserving FACP table memory at [mem 0x33bfd000-0x33bfd113]
[    0.008221] ACPI: Reserving DSDT table memory at [mem 0x33b89000-0x33bc8b5d]
[    0.008222] ACPI: Reserving FACS table memory at [mem 0x336db000-0x336db03f]
--
[    0.579930] VFS: Dquot-cache hash table entries: 512 (order 0, 4096 bytes)
[    0.579977] pnp: PnP ACPI init
[    0.580343] system 00:00: [io  0x0680-0x069f] has been reserved
[    0.580345] system 00:00: [io  0x164e-0x164f] has been reserved
[    0.580463] system 00:02: [io  0x1854-0x1857] has been reserved
[    0.580531] system 00:04: [io  0x0200-0x027f] has been reserved
[    0.580533] system 00:04: [mem 0xfedf0000-0xfedfffff] has been reserved
[    0.580897] pnp 00:05: disabling [mem 0xc0000000-0xcfffffff] because it overlaps 0000:00:02.0 BAR 9 [mem 0x00000000-0xdfffffff 64bit pref]
[    0.580909] system 00:05: [mem 0xfedc0000-0xfedc7fff] has been reserved
[    0.580911] system 00:05: [mem 0xfeda0000-0xfeda0fff] has been reserved
[    0.580912] system 00:05: [mem 0xfeda1000-0xfeda1fff] has been reserved
--
[    3.308837] platform regulatory.0: Direct firmware load for regulatory.db failed with error -2
[    3.308840] cfg80211: failed to load regulatory.db
[    3.321470] usb 3-6.1.2: new high-speed USB device number 10 using xhci_hcd
[    3.396770] input: SYNA30B6:00 06CB:CD74 Mouse as /devices/pci0000:00/0000:00:15.0/i2c_designware.0/i2c-15/i2c-SYNA30B6:00/0018:06CB:CD74.0001/input/input10
[    3.396915] input: SYNA30B6:00 06CB:CD74 Touchpad as /devices/pci0000:00/0000:00:15.0/i2c_designware.0/i2c-15/i2c-SYNA30B6:00/0018:06CB:CD74.0001/input/input11
[    3.396961] hid-generic 0018:06CB:CD74.0001: input,hidraw0: I2C HID v1.00 Mouse [SYNA30B6:00 06CB:CD74] on i2c-SYNA30B6:00
[    3.421525] usb 3-6.1.2: New USB device found, idVendor=05e3, idProduct=0751, bcdDevice=14.04
[    3.421529] usb 3-6.1.2: New USB device strings: Mfr=3, Product=4, SerialNumber=0
[    3.421531] usb 3-6.1.2: Product: USB Storage
[    3.421533] usb 3-6.1.2: Manufacturer: USB Storage
[    3.481114] intel_tcc_cooling: Programmable TCC Offset detected
[    3.501466] usb 3-6.1.3: new high-speed USB device number 11 using xhci_hcd
[    3.562879] input: WACF4233:00 056A:4921 Touchscreen as /devices/pci0000:00/0000:00:15.1/i2c_designware.1/i2c-16/i2c-WACF4233:00/0018:056A:4921.0002/input/input13
[    3.562938] input: WACF4233:00 056A:4921 as /devices/pci0000:00/0000:00:15.1/i2c_designware.1/i2c-16/i2c-WACF4233:00/0018:056A:4921.0002/input/input14
[    3.562965] input: WACF4233:00 056A:4921 Stylus as /devices/pci0000:00/0000:00:15.1/i2c_designware.1/i2c-16/i2c-WACF4233:00/0018:056A:4921.0002/input/input15
[    3.562996] input: WACF4233:00 056A:4921 as /devices/pci0000:00/0000:00:15.1/i2c_designware.1/i2c-16/i2c-WACF4233:00/0018:056A:4921.0002/input/input16
[    3.563032] input: WACF4233:00 056A:4921 Mouse as /devices/pci0000:00/0000:00:15.1/i2c_designware.1/i2c-16/i2c-WACF4233:00/0018:056A:4921.0002/input/input17
[    3.563064] hid-generic 0018:056A:4921.0002: input,hidraw1: I2C HID v1.00 Mouse [WACF4233:00 056A:4921] on i2c-WACF4233:00
[    3.575329] vboxdrv: loading out-of-tree module taints kernel.
[    3.575503] vboxdrv: module verification failed: signature and/or required key missing - tainting kernel
[    3.577171] hp_wmi: query 0x4 returned error 0x5
[    3.579269] vboxdrv: Found 8 processor cores
[    3.581017] iTCO_wdt iTCO_wdt: Found a Intel PCH TCO device (Version=6, TCOBASE=0x0400)
--
[    3.645347] iwlwifi 0000:00:14.3: enabling device (0000 -> 0002)
[    3.647019] iwlwifi 0000:00:14.3: Direct firmware load for iwlwifi-QuZ-a0-hr-b0-69.ucode failed with error -2
[    3.682876] iwlwifi 0000:00:14.3: api flags index 2 larger than supported by driver
[    3.682891] iwlwifi 0000:00:14.3: TLV_FW_FSEQ_VERSION: FSEQ Version: 89.3.35.37
[    3.683089] iwlwifi 0000:00:14.3: loaded firmware version 68.01d30b0c.0 QuZ-a0-hr-b0-68.ucode op_mode iwlmvm
[    3.691636] hid-generic 0003:0461:554A.0003: input,hidraw0: USB HID v1.11 Keyboard [Primax HP 125 Wired Keyboard] on usb-0000:00:14.0-5.1/input0
[    3.691677] input: SYNA30B6:00 06CB:CD74 Touchpad as /devices/pci0000:00/0000:00:15.0/i2c_designware.0/i2c-15/i2c-SYNA30B6:00/0018:06CB:CD74.0001/input/input21
[    3.691727] hid-multitouch 0018:06CB:CD74.0001: input,hidraw2: I2C HID v1.00 Mouse [SYNA30B6:00 06CB:CD74] on i2c-SYNA30B6:00
[    3.695654] input: Primax HP 125 Wired Keyboard Consumer Control as /devices/pci0000:00/0000:00:14.0/usb3/3-5/3-5.1/3-5.1:1.1/0003:0461:554A.0004/input/input23
[    3.734943] intel_rapl_msr: PL4 support detected.
[    3.734967] intel_rapl_common: Found RAPL domain package
[    3.734970] intel_rapl_common: Found RAPL domain core
[    3.734971] intel_rapl_common: Found RAPL domain uncore
[    3.734973] intel_rapl_common: Found RAPL domain psys
[    3.739261] snd_hda_intel 0000:00:1f.3: DSP detected with PCI class/subclass/prog-if info 0x040100
[    3.739407] snd_hda_intel 0000:00:1f.3: Digital mics found on Skylake+ platform, using SOF driver
[    3.754903] input: Primax HP 125 Wired Keyboard System Control as /devices/pci0000:00/0000:00:14.0/usb3/3-5/3-5.1/3-5.1:1.1/0003:0461:554A.0004/input/input24
[    3.755047] mousedev: PS/2 mouse device common for all mice
[    3.755078] hid-generic 0003:0461:554A.0004: input,hidraw3: USB HID v1.11 Device [Primax HP 125 Wired Keyboard] on usb-0000:00:14.0-5.1/input1
[    3.755784] input: Logitech G102 LIGHTSYNC Gaming Mouse as /devices/pci0000:00/0000:00:14.0/usb3/3-5/3-5.3/3-5.3:1.0/0003:046D:C092.0005/input/input25
[    3.755854] hid-generic 0003:046D:C092.0005: input,hidraw4: USB HID v1.11 Mouse [Logitech G102 LIGHTSYNC Gaming Mouse] on usb-0000:00:14.0-5.3/input0
[    3.756794] input: Logitech G102 LIGHTSYNC Gaming Mouse Keyboard as /devices/pci0000:00/0000:00:14.0/usb3/3-5/3-5.3/3-5.3:1.1/0003:046D:C092.0006/input/input26
[    3.787277] iwlwifi 0000:00:14.3: Detected Intel(R) Wi-Fi 6 AX201 160MHz, REV=0x351
[    3.787326] thermal thermal_zone9: failed to read out thermal zone (-61)
[    3.814964] hid-generic 0003:046D:C092.0006: input,hiddev96,hidraw5: USB HID v1.11 Keyboard [Logitech G102 LIGHTSYNC Gaming Mouse] on usb-0000:00:14.0-5.3/input1
[    3.815014] usbcore: registered new interface driver usbhid
[    3.815016] usbhid: USB HID core driver
[    3.898513] sof-audio-pci-intel-tgl 0000:00:1f.3: DSP detected with PCI class/subclass/prog-if info 0x040100
[    3.898679] sof-audio-pci-intel-tgl 0000:00:1f.3: Digital mics found on Skylake+ platform, using SOF driver
[    3.898699] sof-audio-pci-intel-tgl 0000:00:1f.3: enabling device (0000 -> 0002)
[    3.899014] sof-audio-pci-intel-tgl 0000:00:1f.3: DSP detected with PCI class/subclass/prog-if 0x040100
[    3.911522] iwlwifi 0000:00:14.3: Detected RF HR B5, rfid=0x10a100
[    3.977389] iwlwifi 0000:00:14.3: base HW address: f4:b3:01:e6:96:69
[    3.992613] iwlwifi 0000:00:14.3 wlp0s20f3: renamed from wlan0
[    4.142624] input: Wacom HID 4921 Pen as /devices/pci0000:00/0000:00:15.1/i2c_designware.1/i2c-16/i2c-WACF4233:00/0018:056A:4921.0002/input/input29
[    4.142681] input: Wacom HID 4921 Finger as /devices/pci0000:00/0000:00:15.1/i2c_designware.1/i2c-16/i2c-WACF4233:00/0018:056A:4921.0002/input/input30
[    4.142739] wacom 0018:056A:4921.0002: hidraw1: I2C HID v1.00 Mouse [WACF4233:00 056A:4921] on i2c-WACF4233:00
[    4.241268] ish-hid {33AECD58-B679-4E54-9BD9-A04D34F0C226}: [hid-ish]: enum_devices_done OK, num_hid_devices=5
[    4.246622] hid-generic 001F:8087:0AC2.0007: hidraw6: <UNKNOWN> HID v2.00 Device [hid-ishtp 8087:0AC2] on 
[    4.256478] hid-generic 001F:8087:0AC2.0008: hidraw7: <UNKNOWN> HID v2.00 Device [hid-ishtp 8087:0AC2] on 
[    4.261845] hid-generic 001F:8087:0AC2.0009: hidraw8: <UNKNOWN> HID v2.00 Device [hid-ishtp 8087:0AC2] on 
[    4.267340] hid-generic 001F:8087:0AC2.000A: hidraw9: <UNKNOWN> HID v2.00 Device [hid-ishtp 8087:0AC2] on 
[    4.276920] hid-generic 001F:8087:0AC3.000B: hidraw10: <UNKNOWN> HID v2.00 Device [hid-ishtp 8087:0AC3] on 
[    4.372166] mc: Linux media interface: v0.10
[    4.389251] videodev: Linux video capture interface: v2.00
[    4.400800] Bluetooth: Core ver 2.22
[    4.400826] NET: Registered PF_BLUETOOTH protocol family
[    4.400827] Bluetooth: HCI device and connection manager initialized
