[315502.654] _XSERVTransSocketUNIXCreateListener: ...SocketCreateListener() failed
[315502.654] _XSERVTransMakeAllCOTSServerListeners: server already running
[315502.654] (--) Log file renamed from "/var/log/Xorg.pid-272304.log" to "/var/log/Xorg.1.log"
[315502.655] 
X.Org X Server 1.21.1.3
X Protocol Version 11, Revision 0
[315502.655] Current Operating System: Linux HOSTNAME 5.16.13-arch1-1 #1 SMP PREEMPT Tue, 08 Mar 2022 20:07:36 +0000 x86_64
[315502.655] Kernel command line: initrd=\intel-ucode.img initrd=\initramfs-linux.img USERNAME=PARTUUID=360e8cd0-c890-4a87-8348-4c70c6056134 USERNAMEfstype=ext4 acpi_osi=Linux acpi_rev_override=5 add_efi_memmap nvme_core.default_ps_max_latency_us=170000 pcie_port_pm=on pci=noaer rw
[315502.655]  
[315502.655] Current version of pixman: 0.40.0
[315502.655] 	Before reporting problems, check http://wiki.x.org
	to make sure that you have the latest version.
[315502.655] Markers: (--) probed, (**) from config file, (==) default setting,
	(++) from command line, (!!) notice, (II) informational,
	(WW) warning, (EE) error, (NI) not implemented, (??) unknown.
[315502.656] (==) Log file: "/var/log/Xorg.1.log", Time: Tue Mar 22 17:06:07 2022
[315502.656] (==) Using config directory: "/etc/X11/xorg.conf.d"
[315502.656] (==) Using system config directory "/usr/share/X11/xorg.conf.d"
[315502.660] (==) No Layout section.  Using the first Screen section.
[315502.660] (==) No screen section available. Using defaults.
[315502.660] (**) |-->Screen "Default Screen Section" (0)
[315502.660] (**) |   |-->Monitor "<default monitor>"
[315502.661] (==) No monitor specified for screen "Default Screen Section".
	Using a default monitor configuration.
[315502.661] (==) Automatically adding devices
[315502.661] (==) Automatically enabling devices
[315502.661] (==) Automatically adding GPU devices
[315502.661] (==) Automatically binding GPU devices
[315502.661] (==) Max clients allowed: 256, resource mask: 0x1fffff
[315502.661] (WW) The directory "/usr/share/fonts/Type1" does not exist.
[315502.661] 	Entry deleted from font path.
[315502.661] (==) FontPath set to:
	/usr/share/fonts/misc,
	/usr/share/fonts/TTF,
	/usr/share/fonts/OTF,
	/usr/share/fonts/100dpi,
	/usr/share/fonts/75dpi
[315502.661] (==) ModulePath set to "/usr/lib/xorg/modules"
[315502.661] (II) The server relies on udev to provide the list of input devices.
	If no devices become available, reconfigure udev or disable AutoAddDevices.
[315502.661] (II) Module ABI versions:
[315502.661] 	X.Org ANSI C Emulation: 0.4
[315502.661] 	X.Org Video Driver: 25.2
[315502.661] 	X.Org XInput driver : 24.4
[315502.661] 	X.Org Server Extension : 10.0
[315502.661] (++) using VT number 2

[315502.662] (II) systemd-logind: logind integration requires -keeptty and -keeptty was not provided, disabling logind integration
[315502.662] (II) xfree86: Adding drm device (/dev/dri/card0)
[315502.662] (II) Platform probe for /sys/devices/pci0000:00/0000:00:02.0/drm/card0
[315502.666] (--) PCI:*(0@0:2:0) 8086:591b:1028:07be rev 4, Mem @ 0xeb000000/16777216, 0x80000000/268435456, I/O @ 0x0000f000/64, BIOS @ 0x????????/131072
[315502.666] (--) PCI: (1@0:0:0) 10de:1c8d:1028:07be rev 161, Mem @ 0xec000000/16777216, 0xc0000000/268435456, 0xd0000000/33554432, I/O @ 0x0000e000/128, BIOS @ 0x????????/524288
[315502.666] (II) Open ACPI successful (/var/run/acpid.socket)
[315502.666] (II) LoadModule: "glx"
[315502.666] (II) Loading /usr/lib/xorg/modules/extensions/libglx.so
[315502.669] (II) Module glx: vendor="X.Org Foundation"
[315502.669] 	compiled for 1.21.1.3, module version = 1.0.0
[315502.669] 	ABI class: X.Org Server Extension, version 10.0
[315502.669] (==) Matched intel as autoconfigured driver 0
[315502.669] (==) Matched modesetting as autoconfigured driver 1
[315502.669] (==) Matched fbdev as autoconfigured driver 2
[315502.669] (==) Matched vesa as autoconfigured driver 3
[315502.669] (==) Assigned the driver to the xf86ConfigLayout
[315502.669] (II) LoadModule: "intel"
[315502.669] (WW) Warning, couldn't open module intel
[315502.669] (EE) Failed to load module "intel" (module does not exist, 0)
[315502.669] (II) LoadModule: "modesetting"
[315502.669] (II) Loading /usr/lib/xorg/modules/drivers/modesetting_drv.so
[315502.670] (II) Module modesetting: vendor="X.Org Foundation"
[315502.670] 	compiled for 1.21.1.3, module version = 1.21.1
[315502.670] 	Module class: X.Org Video Driver
[315502.670] 	ABI class: X.Org Video Driver, version 25.2
[315502.670] (II) LoadModule: "fbdev"
[315502.670] (II) Loading /usr/lib/xorg/modules/drivers/fbdev_drv.so
[315502.671] (II) Module fbdev: vendor="X.Org Foundation"
[315502.671] 	compiled for 1.21.1.1, module version = 0.5.0
[315502.671] 	Module class: X.Org Video Driver
[315502.671] 	ABI class: X.Org Video Driver, version 25.2
[315502.671] (II) LoadModule: "vesa"
[315502.671] (II) Loading /usr/lib/xorg/modules/drivers/vesa_drv.so
[315502.671] (II) Module vesa: vendor="X.Org Foundation"
[315502.671] 	compiled for 1.21.1.1, module version = 2.5.0
[315502.671] 	Module class: X.Org Video Driver
[315502.671] 	ABI class: X.Org Video Driver, version 25.2
[315502.671] (II) modesetting: Driver for Modesetting Kernel Drivers: kms
[315502.671] (II) FBDEV: driver for framebuffer: fbdev
[315502.671] (II) VESA: driver for VESA chipsets: vesa
[315503.587] (II) modeset(0): using drv /dev/dri/card0
[315503.587] (WW) Falling back to old probe method for fbdev
[315503.587] (II) Loading sub module "fbdevhw"
[315503.587] (II) LoadModule: "fbdevhw"
[315503.587] (II) Loading /usr/lib/xorg/modules/libfbdevhw.so
[315503.588] (II) Module fbdevhw: vendor="X.Org Foundation"
[315503.588] 	compiled for 1.21.1.3, module version = 0.0.2
[315503.588] 	ABI class: X.Org Video Driver, version 25.2
[315503.589] (II) modeset(0): Creating default Display subsection in Screen section
	"Default Screen Section" for depth/fbbpp 24/32
[315503.589] (==) modeset(0): Depth 24, (==) framebuffer bpp 32
[315503.589] (==) modeset(0): RGB weight 888
[315503.589] (==) modeset(0): Default visual is TrueColor
[315503.589] (II) Loading sub module "glamoregl"
[315503.589] (II) LoadModule: "glamoregl"
[315503.589] (II) Loading /usr/lib/xorg/modules/libglamoregl.so
[315503.604] (II) Module glamoregl: vendor="X.Org Foundation"
[315503.604] 	compiled for 1.21.1.3, module version = 1.0.1
[315503.604] 	ABI class: X.Org ANSI C Emulation, version 0.4
[315503.719] (II) modeset(0): glamor X acceleration enabled on Mesa Intel(R) HD Graphics 630 (KBL GT2)
[315503.719] (II) modeset(0): glamor initialized
[315503.719] (==) modeset(0): VariableRefresh: disabled
[315503.719] (==) modeset(0): AsyncFlipSecondaries: disabled
[315503.721] (II) modeset(0): Output eDP-1 has no monitor section
[315503.989] (II) modeset(0): Output DP-1 has no monitor section
[315504.053] (II) modeset(0): Output HDMI-1 has no monitor section
[315504.053] (II) modeset(0): Output DP-2 has no monitor section
[315504.058] (II) modeset(0): Output HDMI-2 has no monitor section
[315504.060] (II) modeset(0): EDID for output eDP-1
[315504.060] (II) modeset(0): Manufacturer: SHP  Model: 1453  Serial#: 0
[315504.060] (II) modeset(0): Year: 2015  Week: 40
[315504.060] (II) modeset(0): EDID Version: 1.4
[315504.060] (II) modeset(0): Digital Display Input
[315504.060] (II) modeset(0): 8 bits per channel
[315504.060] (II) modeset(0): Digital interface is DisplayPort
[315504.060] (II) modeset(0): Max Image Size [cm]: horiz.: 35  vert.: 19
[315504.060] (II) modeset(0): Gamma: 2.20
[315504.060] (II) modeset(0): No DPMS capabilities specified
[315504.060] (II) modeset(0): Supported color encodings: RGB 4:4:4 YCrCb 4:4:4 
[315504.060] (II) modeset(0): Default color space is primary color space
[315504.060] (II) modeset(0): First detailed timing is preferred mode
[315504.060] (II) modeset(0): Preferred mode is native pixel format and refresh rate
[315504.060] (II) modeset(0): redX: 0.640 redY: 0.329   greenX: 0.300 greenY: 0.600
[315504.060] (II) modeset(0): blueX: 0.149 blueY: 0.060   whiteX: 0.312 whiteY: 0.328
[315504.060] (II) modeset(0): Manufacturer's mask: 0
[315504.060] (II) modeset(0): Supported detailed timing:
[315504.060] (II) modeset(0): clock: 138.5 MHz   Image Size:  346 x 194 mm
[315504.060] (II) modeset(0): h_active: 1920  h_sync: 1968  h_sync_end 2000 h_blank_end 2080 h_border: 0
[315504.060] (II) modeset(0): v_active: 1080  v_sync: 1083  v_sync_end 1088 v_blanking: 1111 v_border: 0
[315504.060] (II) modeset(0):  1203MÅLQ156M1
[315504.060] (II) modeset(0): Unknown vendor-specific block 0
[315504.060] (II) modeset(0): EDID (in hex):
[315504.060] (II) modeset(0): 	00ffffffffffff004d10531400000000
[315504.060] (II) modeset(0): 	28190104a52313780ede50a3544c9926
[315504.060] (II) modeset(0): 	0f505400000001010101010101010101
[315504.060] (II) modeset(0): 	0101010101011a3680a070381f403020
[315504.060] (II) modeset(0): 	35005ac2100000180000000000000000
[315504.060] (II) modeset(0): 	00000000000000000000000000fe0031
[315504.060] (II) modeset(0): 	3230334d814c513135364d3100000000
[315504.060] (II) modeset(0): 	0002410328001200000a010a2020004a
[315504.060] (II) modeset(0): Printing probed modes for output eDP-1
[315504.060] (II) modeset(0): Modeline "1920x1080"x59.9  138.50  1920 1968 2000 2080  1080 1083 1088 1111 -hsync -vsync (66.6 kHz eP)
[315504.060] (II) modeset(0): Modeline "1680x1050"x60.0  146.25  1680 1784 1960 2240  1050 1053 1059 1089 -hsync +vsync (65.3 kHz d)
[315504.060] (II) modeset(0): Modeline "1680x1050"x59.9  119.00  1680 1728 1760 1840  1050 1053 1059 1080 +hsync -vsync (64.7 kHz d)
[315504.060] (II) modeset(0): Modeline "1400x1050"x60.0  122.00  1400 1488 1640 1880  1050 1052 1064 1082 +hsync +vsync (64.9 kHz d)
[315504.060] (II) modeset(0): Modeline "1600x900"x120.0  246.00  1600 1728 1900 2200  900 901 904 932 doublescan -hsync +vsync (111.8 kHz d)
[315504.060] (II) modeset(0): Modeline "1600x900"x119.9  186.50  1600 1624 1640 1680  900 901 904 926 doublescan +hsync -vsync (111.0 kHz d)
[315504.060] (II) modeset(0): Modeline "1600x900"x59.9  118.25  1600 1696 1856 2112  900 903 908 934 -hsync +vsync (56.0 kHz d)
[315504.060] (II) modeset(0): Modeline "1600x900"x59.8   97.50  1600 1648 1680 1760  900 903 908 926 +hsync -vsync (55.4 kHz d)
[315504.060] (II) modeset(0): Modeline "1280x1024"x60.0  108.00  1280 1328 1440 1688  1024 1025 1028 1066 +hsync +vsync (64.0 kHz d)
[315504.060] (II) modeset(0): Modeline "1400x900"x60.0  103.50  1400 1480 1624 1848  900 903 913 934 -hsync +vsync (56.0 kHz d)
[315504.060] (II) modeset(0): Modeline "1400x900"x59.9   86.50  1400 1448 1480 1560  900 903 913 926 +hsync -vsync (55.4 kHz d)
[315504.060] (II) modeset(0): Modeline "1280x960"x60.0  108.00  1280 1376 1488 1800  960 961 964 1000 +hsync +vsync (60.0 kHz d)
[315504.060] (II) modeset(0): Modeline "1440x810"x120.0  198.12  1440 1548 1704 1968  810 811 814 839 doublescan -hsync +vsync (100.7 kHz d)
[315504.060] (II) modeset(0): Modeline "1440x810"x119.9  151.88  1440 1464 1480 1520  810 811 814 833 doublescan +hsync -vsync (99.9 kHz d)
[315504.060] (II) modeset(0): Modeline "1368x768"x59.9   85.25  1368 1440 1576 1784  768 771 781 798 -hsync +vsync (47.8 kHz d)
[315504.060] (II) modeset(0): Modeline "1368x768"x59.9   72.25  1368 1416 1448 1528  768 771 781 790 +hsync -vsync (47.3 kHz d)
[315504.060] (II) modeset(0): Modeline "1280x800"x120.0  174.25  1280 1380 1516 1752  800 801 804 829 doublescan -hsync +vsync (99.5 kHz d)
[315504.060] (II) modeset(0): Modeline "1280x800"x119.9  134.25  1280 1304 1320 1360  800 801 804 823 doublescan +hsync -vsync (98.7 kHz d)
[315504.060] (II) modeset(0): Modeline "1280x800"x59.8   83.50  1280 1352 1480 1680  800 803 809 831 -hsync +vsync (49.7 kHz d)
[315504.060] (II) modeset(0): Modeline "1280x800"x59.9   71.00  1280 1328 1360 1440  800 803 809 823 +hsync -vsync (49.3 kHz d)
[315504.060] (II) modeset(0): Modeline "1280x720"x120.0  156.12  1280 1376 1512 1744  720 721 724 746 doublescan -hsync +vsync (89.5 kHz d)
[315504.060] (II) modeset(0): Modeline "1280x720"x120.0  120.75  1280 1304 1320 1360  720 721 724 740 doublescan +hsync -vsync (88.8 kHz d)
[315504.060] (II) modeset(0): Modeline "1280x720"x59.9   74.50  1280 1344 1472 1664  720 723 728 748 -hsync +vsync (44.8 kHz d)
[315504.060] (II) modeset(0): Modeline "1280x720"x59.7   63.75  1280 1328 1360 1440  720 723 728 741 +hsync -vsync (44.3 kHz d)
[315504.060] (II) modeset(0): Modeline "1024x768"x120.1  133.47  1024 1100 1212 1400  768 768 770 794 doublescan -hsync +vsync (95.3 kHz d)
[315504.060] (II) modeset(0): Modeline "1024x768"x60.0   65.00  1024 1048 1184 1344  768 771 777 806 -hsync -vsync (48.4 kHz d)
[315504.060] (II) modeset(0): Modeline "960x720"x120.0  117.00  960 1024 1128 1300  720 720 722 750 doublescan -hsync +vsync (90.0 kHz d)
[315504.060] (II) modeset(0): Modeline "928x696"x120.1  109.15  928 976 1088 1264  696 696 698 719 doublescan -hsync +vsync (86.4 kHz d)
[315504.060] (II) modeset(0): Modeline "896x672"x120.0  102.40  896 960 1060 1224  672 672 674 697 doublescan -hsync +vsync (83.7 kHz d)
[315504.060] (II) modeset(0): Modeline "1024x576"x119.9   98.50  1024 1092 1200 1376  576 577 580 597 doublescan -hsync +vsync (71.6 kHz d)
[315504.060] (II) modeset(0): Modeline "1024x576"x119.9   78.38  1024 1048 1064 1104  576 577 580 592 doublescan +hsync -vsync (71.0 kHz d)
[315504.060] (II) modeset(0): Modeline "1024x576"x59.9   46.50  1024 1064 1160 1296  576 579 584 599 -hsync +vsync (35.9 kHz d)
[315504.060] (II) modeset(0): Modeline "1024x576"x59.8   42.00  1024 1072 1104 1184  576 579 584 593 +hsync -vsync (35.5 kHz d)
[315504.060] (II) modeset(0): Modeline "960x600"x119.9   96.62  960 1028 1128 1296  600 601 604 622 doublescan -hsync +vsync (74.6 kHz d)
[315504.060] (II) modeset(0): Modeline "960x600"x120.0   77.00  960 984 1000 1040  600 601 604 617 doublescan +hsync -vsync (74.0 kHz d)
[315504.060] (II) modeset(0): Modeline "960x540"x119.9   86.50  960 1024 1124 1288  540 541 544 560 doublescan -hsync +vsync (67.2 kHz d)
[315504.060] (II) modeset(0): Modeline "960x540"x120.0   69.25  960 984 1000 1040  540 541 544 555 doublescan +hsync -vsync (66.6 kHz d)
[315504.060] (II) modeset(0): Modeline "960x540"x59.6   40.75  960 992 1088 1216  540 543 548 562 -hsync +vsync (33.5 kHz d)
[315504.060] (II) modeset(0): Modeline "960x540"x59.8   37.25  960 1008 1040 1120  540 543 548 556 +hsync -vsync (33.3 kHz d)
[315504.060] (II) modeset(0): Modeline "800x600"x120.0   81.00  800 832 928 1080  600 600 602 625 doublescan +hsync +vsync (75.0 kHz d)
[315504.060] (II) modeset(0): Modeline "800x600"x60.3   40.00  800 840 968 1056  600 601 605 628 +hsync +vsync (37.9 kHz d)
[315504.060] (II) modeset(0): Modeline "800x600"x56.2   36.00  800 824 896 1024  600 601 603 625 +hsync +vsync (35.2 kHz d)
[315504.060] (II) modeset(0): Modeline "840x525"x120.0   73.12  840 892 980 1120  525 526 529 544 doublescan -hsync +vsync (65.3 kHz d)
[315504.060] (II) modeset(0): Modeline "840x525"x119.8   59.50  840 864 880 920  525 526 529 540 doublescan +hsync -vsync (64.7 kHz d)
[315504.060] (II) modeset(0): Modeline "864x486"x59.9   32.50  864 888 968 1072  486 489 494 506 -hsync +vsync (30.3 kHz d)
[315504.060] (II) modeset(0): Modeline "864x486"x59.6   30.50  864 912 944 1024  486 489 494 500 +hsync -vsync (29.8 kHz d)
[315504.060] (II) modeset(0): Modeline "700x525"x120.0   61.00  700 744 820 940  525 526 532 541 doublescan +hsync +vsync (64.9 kHz d)
[315504.060] (II) modeset(0): Modeline "800x450"x119.9   59.12  800 848 928 1056  450 451 454 467 doublescan -hsync +vsync (56.0 kHz d)
[315504.060] (II) modeset(0): Modeline "800x450"x119.6   48.75  800 824 840 880  450 451 454 463 doublescan +hsync -vsync (55.4 kHz d)
[315504.060] (II) modeset(0): Modeline "640x512"x120.0   54.00  640 664 720 844  512 512 514 533 doublescan +hsync +vsync (64.0 kHz d)
[315504.060] (II) modeset(0): Modeline "700x450"x119.9   51.75  700 740 812 924  450 451 456 467 doublescan -hsync +vsync (56.0 kHz d)
[315504.060] (II) modeset(0): Modeline "700x450"x119.8   43.25  700 724 740 780  450 451 456 463 doublescan +hsync -vsync (55.4 kHz d)
[315504.060] (II) modeset(0): Modeline "640x480"x120.0   54.00  640 688 744 900  480 480 482 500 doublescan +hsync +vsync (60.0 kHz d)
[315504.060] (II) modeset(0): Modeline "640x480"x59.9   25.18  640 656 752 800  480 490 492 525 -hsync -vsync (31.5 kHz d)
[315504.060] (II) modeset(0): Modeline "720x405"x59.5   22.50  720 744 808 896  405 408 413 422 -hsync +vsync (25.1 kHz d)
[315504.060] (II) modeset(0): Modeline "720x405"x59.0   21.75  720 768 800 880  405 408 413 419 +hsync -vsync (24.7 kHz d)
[315504.060] (II) modeset(0): Modeline "684x384"x119.8   42.62  684 720 788 892  384 385 390 399 doublescan -hsync +vsync (47.8 kHz d)
[315504.060] (II) modeset(0): Modeline "684x384"x119.7   36.12  684 708 724 764  384 385 390 395 doublescan +hsync -vsync (47.3 kHz d)
[315504.060] (II) modeset(0): Modeline "640x400"x119.8   41.75  640 676 740 840  400 401 404 415 doublescan -hsync +vsync (49.7 kHz d)
[315504.060] (II) modeset(0): Modeline "640x400"x120.0   35.50  640 664 680 720  400 401 404 411 doublescan +hsync -vsync (49.3 kHz d)
[315504.060] (II) modeset(0): Modeline "640x360"x119.7   37.25  640 672 736 832  360 361 364 374 doublescan -hsync +vsync (44.8 kHz d)
[315504.060] (II) modeset(0): Modeline "640x360"x119.7   31.88  640 664 680 720  360 361 364 370 doublescan +hsync -vsync (44.3 kHz d)
[315504.060] (II) modeset(0): Modeline "640x360"x59.8   18.00  640 664 720 800  360 363 368 376 -hsync +vsync (22.5 kHz d)
[315504.060] (II) modeset(0): Modeline "640x360"x59.3   17.75  640 688 720 800  360 363 368 374 +hsync -vsync (22.2 kHz d)
[315504.060] (II) modeset(0): Modeline "512x384"x120.0   32.50  512 524 592 672  384 385 388 403 doublescan -hsync -vsync (48.4 kHz d)
[315504.060] (II) modeset(0): Modeline "512x288"x120.0   23.25  512 532 580 648  288 289 292 299 doublescan -hsync +vsync (35.9 kHz d)
[315504.060] (II) modeset(0): Modeline "512x288"x119.8   21.00  512 536 552 592  288 289 292 296 doublescan +hsync -vsync (35.5 kHz d)
[315504.060] (II) modeset(0): Modeline "480x270"x119.3   20.38  480 496 544 608  270 271 274 281 doublescan -hsync +vsync (33.5 kHz d)
[315504.060] (II) modeset(0): Modeline "480x270"x119.6   18.62  480 504 520 560  270 271 274 278 doublescan +hsync -vsync (33.3 kHz d)
[315504.060] (II) modeset(0): Modeline "400x300"x120.6   20.00  400 420 484 528  300 300 302 314 doublescan +hsync +vsync (37.9 kHz d)
[315504.060] (II) modeset(0): Modeline "400x300"x112.7   18.00  400 412 448 512  300 300 301 312 doublescan +hsync +vsync (35.2 kHz d)
[315504.060] (II) modeset(0): Modeline "432x243"x119.8   16.25  432 444 484 536  243 244 247 253 doublescan -hsync +vsync (30.3 kHz d)
[315504.060] (II) modeset(0): Modeline "432x243"x119.1   15.25  432 456 472 512  243 244 247 250 doublescan +hsync -vsync (29.8 kHz d)
[315504.060] (II) modeset(0): Modeline "320x240"x120.1   12.59  320 328 376 400  240 245 246 262 doublescan -hsync -vsync (31.5 kHz d)
[315504.060] (II) modeset(0): Modeline "360x202"x119.0   11.25  360 372 404 448  202 204 206 211 doublescan -hsync +vsync (25.1 kHz d)
[315504.060] (II) modeset(0): Modeline "360x202"x118.3   10.88  360 384 400 440  202 204 206 209 doublescan +hsync -vsync (24.7 kHz d)
[315504.060] (II) modeset(0): Modeline "320x180"x119.7    9.00  320 332 360 400  180 181 184 188 doublescan -hsync +vsync (22.5 kHz d)
[315504.060] (II) modeset(0): Modeline "320x180"x118.6    8.88  320 344 360 400  180 181 184 187 doublescan +hsync -vsync (22.2 kHz d)
[315504.328] (II) modeset(0): EDID for output DP-1
[315504.393] (II) modeset(0): EDID for output HDMI-1
[315504.393] (II) modeset(0): Manufacturer: SEC  Model: a11a  Serial#: 16843009
[315504.393] (II) modeset(0): Year: 2015  Week: 14
[315504.393] (II) modeset(0): EDID Version: 1.3
[315504.393] (II) modeset(0): Digital Display Input
[315504.393] (II) modeset(0): Indeterminate output size
[315504.393] (II) modeset(0): Gamma: 2.20
[315504.393] (II) modeset(0): No DPMS capabilities specified
[315504.393] (II) modeset(0): Supported color encodings: RGB 4:4:4 YCrCb 4:4:4 
[315504.393] (II) modeset(0): First detailed timing is preferred mode
[315504.393] (II) modeset(0): redX: 0.640 redY: 0.329   greenX: 0.300 greenY: 0.600
[315504.393] (II) modeset(0): blueX: 0.149 blueY: 0.060   whiteX: 0.312 whiteY: 0.328
[315504.393] (II) modeset(0): Supported established timings:
[315504.393] (II) modeset(0): 640x480@60Hz
[315504.393] (II) modeset(0): 800x600@60Hz
[315504.393] (II) modeset(0): 1024x768@60Hz
[315504.393] (II) modeset(0): Manufacturer's mask: 0
[315504.393] (II) modeset(0): Supported standard timings:
[315504.393] (II) modeset(0): #0: hsize: 1600  vsize 1200  refresh: 60  vid: 16553
[315504.393] (II) modeset(0): #1: hsize: 1400  vsize 1050  refresh: 60  vid: 16528
[315504.393] (II) modeset(0): #2: hsize: 1280  vsize 1024  refresh: 60  vid: 32897
[315504.393] (II) modeset(0): #3: hsize: 1280  vsize 960  refresh: 60  vid: 16513
[315504.393] (II) modeset(0): #4: hsize: 1280  vsize 720  refresh: 60  vid: 49281
[315504.393] (II) modeset(0): #5: hsize: 1440  vsize 900  refresh: 60  vid: 149
[315504.393] (II) modeset(0): #6: hsize: 1680  vsize 1050  refresh: 60  vid: 179
[315504.393] (II) modeset(0): #7: hsize: 1600  vsize 900  refresh: 60  vid: 49321
[315504.393] (II) modeset(0): Supported detailed timing:
[315504.393] (II) modeset(0): clock: 65.0 MHz   Image Size:  0 x 0 mm
[315504.393] (II) modeset(0): h_active: 1024  h_sync: 1048  h_sync_end 1184 h_blank_end 1344 h_border: 0
[315504.393] (II) modeset(0): v_active: 768  v_sync: 771  v_sync_end 777 v_blanking: 806 v_border: 0
[315504.393] (II) modeset(0): Supported detailed timing:
[315504.393] (II) modeset(0): clock: 148.5 MHz   Image Size:  1600 x 900 mm
[315504.393] (II) modeset(0): h_active: 1920  h_sync: 2008  h_sync_end 2052 h_blank_end 2200 h_border: 0
[315504.393] (II) modeset(0): v_active: 1080  v_sync: 1084  v_sync_end 1089 v_blanking: 1125 v_border: 0
[315504.393] (II) modeset(0): Ranges: V min: 23 V max: 85 Hz, H min: 15 H max: 92 kHz, PixClock max 175 MHz
[315504.393] (II) modeset(0): Monitor name: EPSON PJ
[315504.393] (II) modeset(0): Supported detailed timing:
[315504.393] (II) modeset(0): clock: 154.0 MHz   Image Size:  1600 x 900 mm
[315504.393] (II) modeset(0): h_active: 1920  h_sync: 1968  h_sync_end 2000 h_blank_end 2080 h_border: 0
[315504.393] (II) modeset(0): v_active: 1200  v_sync: 1203  v_sync_end 1209 v_blanking: 1235 v_border: 0
[315504.393] (II) modeset(0): Supported detailed timing:
[315504.393] (II) modeset(0): clock: 74.2 MHz   Image Size:  1600 x 900 mm
[315504.393] (II) modeset(0): h_active: 1920  h_sync: 2008  h_sync_end 2052 h_blank_end 2200 h_border: 0
[315504.393] (II) modeset(0): v_active: 1080  v_sync: 1084  v_sync_end 1089 v_blanking: 1125 v_border: 0
[315504.393] (II) modeset(0): Supported detailed timing:
[315504.393] (II) modeset(0): clock: 85.5 MHz   Image Size:  1600 x 900 mm
[315504.393] (II) modeset(0): h_active: 1366  h_sync: 1436  h_sync_end 1579 h_blank_end 1792 h_border: 0
[315504.393] (II) modeset(0): v_active: 768  v_sync: 771  v_sync_end 774 v_blanking: 798 v_border: 0
[315504.393] (II) modeset(0): Supported detailed timing:
[315504.393] (II) modeset(0): clock: 83.5 MHz   Image Size:  1600 x 900 mm
[315504.393] (II) modeset(0): h_active: 1280  h_sync: 1352  h_sync_end 1480 h_blank_end 1680 h_border: 0
[315504.393] (II) modeset(0): v_active: 800  v_sync: 803  v_sync_end 809 v_blanking: 831 v_border: 0
[315504.393] (II) modeset(0): Number of EDID sections to follow: 1
[315504.393] (II) modeset(0): EDID (in hex):
[315504.393] (II) modeset(0): 	00ffffffffffff004ca31aa101010101
[315504.393] (II) modeset(0): 	0e190103800000780ade50a3544c9926
[315504.393] (II) modeset(0): 	0f5054210800a94090408180814081c0
[315504.393] (II) modeset(0): 	9500b300a9c064190040410026301888
[315504.393] (II) modeset(0): 	3600000000000018023a801871382d40
[315504.393] (II) modeset(0): 	582c450040846300001e000000fd0017
[315504.393] (II) modeset(0): 	550f5c11000a202020202020000000fc
[315504.393] (II) modeset(0): 	004550534f4e20504a0a202020200103
[315504.394] (II) modeset(0): 	020328f151901f202205140413030212
[315504.394] (II) modeset(0): 	11070616150123090707830100006603
[315504.394] (II) modeset(0): 	0c00220080e200fb283c80a070b02340
[315504.394] (II) modeset(0): 	3020360040846300001a011d80187138
[315504.394] (II) modeset(0): 	2d40582c450040846300001e662156aa
[315504.394] (II) modeset(0): 	51001e30468f330040846300001e9e20
[315504.394] (II) modeset(0): 	009051201f304880360040846300001c
[315504.394] (II) modeset(0): 	000000000000000000000000000000f3
[315504.394] (II) modeset(0): Printing probed modes for output HDMI-1
[315504.394] (II) modeset(0): Modeline "1024x768"x60.0   65.00  1024 1048 1184 1344  768 771 777 806 -hsync -vsync (48.4 kHz eP)
[315504.394] (II) modeset(0): Modeline "1920x1200"x60.0  154.00  1920 1968 2000 2080  1200 1203 1209 1235 +hsync -vsync (74.0 kHz e)
[315504.394] (II) modeset(0): Modeline "1920x1080"x60.0  148.50  1920 2008 2052 2200  1080 1084 1089 1125 +hsync +vsync (67.5 kHz e)
[315504.394] (II) modeset(0): Modeline "1920x1080"x50.0  148.50  1920 2448 2492 2640  1080 1084 1089 1125 +hsync +vsync (56.2 kHz e)
[315504.394] (II) modeset(0): Modeline "1920x1080"x59.9  148.35  1920 2008 2052 2200  1080 1084 1089 1125 +hsync +vsync (67.4 kHz e)
[315504.394] (II) modeset(0): Modeline "1920x1080i"x60.0   74.25  1920 2008 2052 2200  1080 1084 1094 1125 interlace +hsync +vsync (33.8 kHz e)
[315504.394] (II) modeset(0): Modeline "1920x1080i"x50.0   74.25  1920 2448 2492 2640  1080 1084 1094 1125 interlace +hsync +vsync (28.1 kHz e)
[315504.394] (II) modeset(0): Modeline "1920x1080"x30.0   74.25  1920 2008 2052 2200  1080 1084 1089 1125 +hsync +vsync (33.8 kHz e)
[315504.394] (II) modeset(0): Modeline "1920x1080"x24.0   74.25  1920 2558 2602 2750  1080 1084 1089 1125 +hsync +vsync (27.0 kHz e)
[315504.394] (II) modeset(0): Modeline "1920x1080i"x59.9   74.18  1920 2008 2052 2200  1080 1084 1094 1125 interlace +hsync +vsync (33.7 kHz e)
[315504.394] (II) modeset(0): Modeline "1920x1080"x30.0   74.18  1920 2008 2052 2200  1080 1084 1089 1125 +hsync +vsync (33.7 kHz e)
[315504.394] (II) modeset(0): Modeline "1920x1080"x24.0   74.18  1920 2558 2602 2750  1080 1084 1089 1125 +hsync +vsync (27.0 kHz e)
[315504.394] (II) modeset(0): Modeline "1600x1200"x60.0  162.00  1600 1664 1856 2160  1200 1201 1204 1250 +hsync +vsync (75.0 kHz e)
[315504.394] (II) modeset(0): Modeline "1680x1050"x59.9  119.00  1680 1728 1760 1840  1050 1053 1059 1080 +hsync -vsync (64.7 kHz e)
[315504.394] (II) modeset(0): Modeline "1400x1050"x59.9  101.00  1400 1448 1480 1560  1050 1053 1057 1080 +hsync -vsync (64.7 kHz e)
[315504.394] (II) modeset(0): Modeline "1600x900"x60.0  108.00  1600 1624 1704 1800  900 901 904 1000 +hsync +vsync (60.0 kHz e)
[315504.394] (II) modeset(0): Modeline "1280x1024"x60.0  108.00  1280 1328 1440 1688  1024 1025 1028 1066 +hsync +vsync (64.0 kHz e)
[315504.394] (II) modeset(0): Modeline "1440x900"x59.9   88.75  1440 1488 1520 1600  900 903 909 926 +hsync -vsync (55.5 kHz e)
[315504.394] (II) modeset(0): Modeline "1280x960"x60.0  108.00  1280 1376 1488 1800  960 961 964 1000 +hsync +vsync (60.0 kHz e)
[315504.394] (II) modeset(0): Modeline "1366x768"x59.8   85.50  1366 1436 1579 1792  768 771 774 798 +hsync +vsync (47.7 kHz e)
[315504.394] (II) modeset(0): Modeline "1280x800"x59.8   83.50  1280 1352 1480 1680  800 803 809 831 -hsync +vsync (49.7 kHz e)
[315504.394] (II) modeset(0): Modeline "1280x720"x60.0   74.25  1280 1390 1430 1650  720 725 730 750 +hsync +vsync (45.0 kHz e)
[315504.394] (II) modeset(0): Modeline "1280x720"x50.0   74.25  1280 1720 1760 1980  720 725 730 750 +hsync +vsync (37.5 kHz e)
[315504.394] (II) modeset(0): Modeline "1280x720"x59.9   74.18  1280 1390 1430 1650  720 725 730 750 +hsync +vsync (45.0 kHz e)
[315504.394] (II) modeset(0): Modeline "800x600"x60.3   40.00  800 840 968 1056  600 601 605 628 +hsync +vsync (37.9 kHz e)
[315504.394] (II) modeset(0): Modeline "720x576"x50.0   27.00  720 732 796 864  576 581 586 625 -hsync -vsync (31.2 kHz e)
[315504.394] (II) modeset(0): Modeline "720x576i"x50.0   13.50  720 732 795 864  576 580 586 625 interlace -hsync -vsync (15.6 kHz e)
[315504.394] (II) modeset(0): Modeline "720x480"x60.0   27.03  720 736 798 858  480 489 495 525 -hsync -vsync (31.5 kHz e)
[315504.394] (II) modeset(0): Modeline "720x480"x59.9   27.00  720 736 798 858  480 489 495 525 -hsync -vsync (31.5 kHz e)
[315504.394] (II) modeset(0): Modeline "720x480i"x60.0   13.51  720 739 801 858  480 488 494 525 interlace -hsync -vsync (15.8 kHz e)
[315504.394] (II) modeset(0): Modeline "720x480i"x59.9   13.50  720 739 801 858  480 488 494 525 interlace -hsync -vsync (15.7 kHz e)
[315504.394] (II) modeset(0): Modeline "640x480"x60.0   25.20  640 656 752 800  480 490 492 525 -hsync -vsync (31.5 kHz e)
[315504.394] (II) modeset(0): Modeline "640x480"x59.9   25.18  640 656 752 800  480 490 492 525 -hsync -vsync (31.5 kHz e)
[315504.394] (II) modeset(0): EDID for output DP-2
[315504.398] (II) modeset(0): EDID for output HDMI-2
[315504.398] (II) modeset(0): Output eDP-1 connected
[315504.398] (II) modeset(0): Output DP-1 disconnected
[315504.398] (II) modeset(0): Output HDMI-1 connected
[315504.398] (II) modeset(0): Output DP-2 disconnected
[315504.398] (II) modeset(0): Output HDMI-2 disconnected
[315504.398] (II) modeset(0): Using spanning desktop for initial modes
[315504.398] (II) modeset(0): Output eDP-1 using initial mode 1920x1080 +0+0
[315504.398] (II) modeset(0): Output HDMI-1 using initial mode 1024x768 +1920+0
[315504.398] (==) modeset(0): Using gamma correction (1.0, 1.0, 1.0)
[315504.398] (++) modeset(0): DPI set to (96, 96)
[315504.398] (II) Loading sub module "fb"
[315504.398] (II) LoadModule: "fb"
[315504.398] (II) Module "fb" already built-in
[315504.398] (II) UnloadModule: "fbdev"
[315504.398] (II) Unloading fbdev
[315504.398] (II) UnloadSubModule: "fbdevhw"
[315504.398] (II) Unloading fbdevhw
[315504.398] (II) UnloadModule: "vesa"
[315504.398] (II) Unloading vesa
[315504.411] (==) modeset(0): Backing store enabled
[315504.411] (==) modeset(0): Silken mouse enabled
[315504.642] (II) modeset(0): Initializing kms color map for depth 24, 8 bpc.
[315504.642] (==) modeset(0): DPMS enabled
[315504.642] (II) modeset(0): [DRI2] Setup complete
[315504.642] (II) modeset(0): [DRI2]   DRI driver: iris
[315504.642] (II) modeset(0): [DRI2]   VDPAU driver: va_gl
[315504.642] (II) Initializing extension Generic Event Extension
[315504.643] (II) Initializing extension SHAPE
[315504.643] (II) Initializing extension MIT-SHM
[315504.643] (II) Initializing extension XInputExtension
[315504.644] (II) Initializing extension XTEST
[315504.644] (II) Initializing extension BIG-REQUESTS
[315504.645] (II) Initializing extension SYNC
[315504.645] (II) Initializing extension XKEYBOARD
[315504.646] (II) Initializing extension XC-MISC
[315504.646] (II) Initializing extension SECURITY
[315504.646] (II) Initializing extension XFIXES
[315504.647] (II) Initializing extension RENDER
[315504.647] (II) Initializing extension RANDR
[315504.647] (II) Initializing extension COMPOSITE
[315504.648] (II) Initializing extension DAMAGE
[315504.648] (II) Initializing extension MIT-SCREEN-SAVER
[315504.648] (II) Initializing extension DOUBLE-BUFFER
[315504.648] (II) Initializing extension RECORD
[315504.649] (II) Initializing extension DPMS
[315504.650] (II) Initializing extension Present
[315504.650] (II) Initializing extension DRI3
[315504.650] (II) Initializing extension X-Resource
[315504.650] (II) Initializing extension XVideo
[315504.651] (II) Initializing extension XVideo-MotionCompensation
[315504.651] (II) Initializing extension GLX
[315504.672] (II) AIGLX: Loaded and initialized iris
[315504.672] (II) GLX: Initialized DRI2 GL provider for screen 0
[315504.672] (II) Initializing extension XFree86-VidModeExtension
[315504.672] (II) Initializing extension XFree86-DGA
[315504.673] (II) Initializing extension XFree86-DRI
[315504.673] (II) Initializing extension DRI2
[315504.675] (II) modeset(0): Damage tracking initialized
[315504.675] (II) modeset(0): Setting screen physical size to 778 x 285
[315504.777] (II) config/udev: Adding input device Power Button (/dev/input/event3)
[315504.777] (**) Power Button: Applying InputClass "evdev keyboard catchall"
[315504.777] (**) Power Button: Applying InputClass "libinput keyboard catchall"
[315504.777] (**) Power Button: Applying InputClass "system-keyboard"
[315504.777] (II) LoadModule: "libinput"
[315504.777] (II) Loading /usr/lib/xorg/modules/input/libinput_drv.so
[315504.780] (II) Module libinput: vendor="X.Org Foundation"
[315504.780] 	compiled for 1.21.1.3, module version = 1.2.1
[315504.780] 	Module class: X.Org XInput Driver
[315504.780] 	ABI class: X.Org XInput driver, version 24.4
[315504.780] (II) Using input driver 'libinput' for 'Power Button'
[315504.780] (**) Power Button: always reports core events
[315504.780] (**) Option "Device" "/dev/input/event3"
[315504.787] (II) event3  - Power Button: is tagged by udev as: Keyboard
[315504.787] (II) event3  - Power Button: device is a keyboard
[315504.787] (II) event3  - Power Button: device removed
[315504.805] (**) Option "config_info" "udev:/sys/devices/LNXSYSTM:00/LNXPWRBN:00/input/input3/event3"
[315504.805] (II) XINPUT: Adding extended input device "Power Button" (type: KEYBOARD, id 6)
[315504.805] (**) Option "xkb_layout" "fr"
[315504.820] (II) event3  - Power Button: is tagged by udev as: Keyboard
[315504.820] (II) event3  - Power Button: device is a keyboard
[315504.820] (II) config/udev: Adding input device Video Bus (/dev/input/event4)
[315504.820] (**) Video Bus: Applying InputClass "evdev keyboard catchall"
[315504.820] (**) Video Bus: Applying InputClass "libinput keyboard catchall"
[315504.820] (**) Video Bus: Applying InputClass "system-keyboard"
[315504.820] (II) Using input driver 'libinput' for 'Video Bus'
[315504.820] (**) Video Bus: always reports core events
[315504.820] (**) Option "Device" "/dev/input/event4"
[315504.821] (II) event4  - Video Bus: is tagged by udev as: Keyboard
[315504.821] (II) event4  - Video Bus: device is a keyboard
[315504.821] (II) event4  - Video Bus: device removed
[315504.868] (**) Option "config_info" "udev:/sys/devices/LNXSYSTM:00/LNXSYBUS:00/PNP0A08:00/LNXVIDEO:00/input/input4/event4"
[315504.868] (II) XINPUT: Adding extended input device "Video Bus" (type: KEYBOARD, id 7)
[315504.868] (**) Option "xkb_layout" "fr"
[315504.870] (II) event4  - Video Bus: is tagged by udev as: Keyboard
[315504.870] (II) event4  - Video Bus: device is a keyboard
[315504.871] (II) config/udev: Adding input device Video Bus (/dev/input/event5)
[315504.871] (**) Video Bus: Applying InputClass "evdev keyboard catchall"
[315504.871] (**) Video Bus: Applying InputClass "libinput keyboard catchall"
[315504.871] (**) Video Bus: Applying InputClass "system-keyboard"
[315504.871] (II) Using input driver 'libinput' for 'Video Bus'
[315504.871] (**) Video Bus: always reports core events
[315504.871] (**) Option "Device" "/dev/input/event5"
[315504.873] (II) event5  - Video Bus: is tagged by udev as: Keyboard
[315504.873] (II) event5  - Video Bus: device is a keyboard
[315504.874] (II) event5  - Video Bus: device removed
[315504.901] (**) Option "config_info" "udev:/sys/devices/LNXSYSTM:00/LNXSYBUS:00/PNP0A08:00/device:0a/LNXVIDEO:01/input/input5/event5"
[315504.902] (II) XINPUT: Adding extended input device "Video Bus" (type: KEYBOARD, id 8)
[315504.902] (**) Option "xkb_layout" "fr"
[315504.905] (II) event5  - Video Bus: is tagged by udev as: Keyboard
[315504.905] (II) event5  - Video Bus: device is a keyboard
[315504.907] (II) config/udev: Adding input device Power Button (/dev/input/event1)
[315504.907] (**) Power Button: Applying InputClass "evdev keyboard catchall"
[315504.907] (**) Power Button: Applying InputClass "libinput keyboard catchall"
[315504.907] (**) Power Button: Applying InputClass "system-keyboard"
[315504.907] (II) Using input driver 'libinput' for 'Power Button'
[315504.907] (**) Power Button: always reports core events
[315504.907] (**) Option "Device" "/dev/input/event1"
[315504.909] (II) event1  - Power Button: is tagged by udev as: Keyboard
[315504.910] (II) event1  - Power Button: device is a keyboard
[315504.910] (II) event1  - Power Button: device removed
[315504.942] (**) Option "config_info" "udev:/sys/devices/LNXSYSTM:00/LNXSYBUS:00/PNP0C0C:00/input/input1/event1"
[315504.942] (II) XINPUT: Adding extended input device "Power Button" (type: KEYBOARD, id 9)
[315504.942] (**) Option "xkb_layout" "fr"
[315504.944] (II) event1  - Power Button: is tagged by udev as: Keyboard
[315504.945] (II) event1  - Power Button: device is a keyboard
[315504.946] (II) config/udev: Adding input device Lid Switch (/dev/input/event0)
[315504.946] (II) No input driver specified, ignoring this device.
[315504.946] (II) This device may have been added with another device file.
[315504.948] (II) config/udev: Adding input device Sleep Button (/dev/input/event2)
[315504.948] (**) Sleep Button: Applying InputClass "evdev keyboard catchall"
[315504.948] (**) Sleep Button: Applying InputClass "libinput keyboard catchall"
[315504.948] (**) Sleep Button: Applying InputClass "system-keyboard"
[315504.948] (II) Using input driver 'libinput' for 'Sleep Button'
[315504.948] (**) Sleep Button: always reports core events
[315504.948] (**) Option "Device" "/dev/input/event2"
[315504.950] (II) event2  - Sleep Button: is tagged by udev as: Keyboard
[315504.950] (II) event2  - Sleep Button: device is a keyboard
[315504.951] (II) event2  - Sleep Button: device removed
[315504.981] (**) Option "config_info" "udev:/sys/devices/LNXSYSTM:00/LNXSYBUS:00/PNP0C0E:00/input/input2/event2"
[315504.981] (II) XINPUT: Adding extended input device "Sleep Button" (type: KEYBOARD, id 10)
[315504.981] (**) Option "xkb_layout" "fr"
[315504.984] (II) event2  - Sleep Button: is tagged by udev as: Keyboard
[315504.985] (II) event2  - Sleep Button: device is a keyboard
[315504.989] (II) config/udev: Adding input device Logitech M325 (/dev/input/event21)
[315504.989] (**) Logitech M325: Applying InputClass "evdev pointer catchall"
[315504.989] (**) Logitech M325: Applying InputClass "libinput pointer catchall"
[315504.989] (**) Logitech M325: Applying InputClass "LogitechM325"
[315504.989] (II) Using input driver 'libinput' for 'Logitech M325'
[315504.989] (**) Logitech M325: always reports core events
[315504.989] (**) Option "Device" "/dev/input/event21"
[315504.993] (II) event21 - Logitech M325: is tagged by udev as: Mouse
[315504.993] (II) event21 - Logitech M325: device set to 600 DPI
[315504.994] (II) event21 - Logitech M325: device is a pointer
[315504.994] (II) event21 - Logitech M325: device removed
[315505.061] (**) Option "ButtonMapping" "1 2 3 4 5 8 9 6 7 10 11 12 13 14 15 16 17 18 19 20"
[315505.061] (**) Option "config_info" "udev:/sys/devices/pci0000:00/0000:00:14.0/usb1/1-1/1-1:1.2/0003:046D:C52B.0004/0003:046D:400A.0006/input/input41/event21"
[315505.061] (II) XINPUT: Adding extended input device "Logitech M325" (type: MOUSE, id 11)
[315505.062] (**) Option "AccelerationScheme" "none"
[315505.062] (**) Logitech M325: (accel) selected scheme none/0
[315505.062] (**) Logitech M325: (accel) acceleration factor: 2.000
[315505.062] (**) Logitech M325: (accel) acceleration threshold: 4
[315505.066] (II) event21 - Logitech M325: is tagged by udev as: Mouse
[315505.067] (II) event21 - Logitech M325: device set to 600 DPI
[315505.067] (II) event21 - Logitech M325: device is a pointer
[315505.070] (II) config/udev: Adding input device Logitech M325 (/dev/input/mouse3)
[315505.070] (**) Logitech M325: Applying InputClass "LogitechM325"
[315505.070] (II) Using input driver 'libinput' for 'Logitech M325'
[315505.070] (**) Logitech M325: always reports core events
[315505.070] (**) Option "Device" "/dev/input/mouse3"
[315505.141] (II) mouse3  - not using input device '/dev/input/mouse3'.
[315505.141] (EE) libinput: Logitech M325: Failed to create a device for /dev/input/mouse3
[315505.141] (EE) PreInit returned 2 for "Logitech M325"
[315505.141] (II) UnloadModule: "libinput"
[315505.144] (II) config/udev: Adding input device Logitech MX Keys (/dev/input/event20)
[315505.144] (**) Logitech MX Keys: Applying InputClass "evdev keyboard catchall"
[315505.144] (**) Logitech MX Keys: Applying InputClass "libinput keyboard catchall"
[315505.144] (**) Logitech MX Keys: Applying InputClass "system-keyboard"
[315505.144] (II) Using input driver 'libinput' for 'Logitech MX Keys'
[315505.144] (**) Logitech MX Keys: always reports core events
[315505.144] (**) Option "Device" "/dev/input/event20"
[315505.149] (II) event20 - Logitech MX Keys: is tagged by udev as: Keyboard
[315505.149] (II) event20 - Logitech MX Keys: device is a keyboard
[315505.150] (II) event20 - Logitech MX Keys: device removed
[315505.182] (II) libinput: Logitech MX Keys: needs a virtual subdevice
[315505.182] (**) Option "config_info" "udev:/sys/devices/pci0000:00/0000:00:14.0/usb1/1-1/1-1:1.2/0003:046D:C52B.0004/0003:046D:408A.0005/input/input40/event20"
[315505.182] (II) XINPUT: Adding extended input device "Logitech MX Keys" (type: MOUSE, id 12)
[315505.182] (**) Option "AccelerationScheme" "none"
[315505.182] (**) Logitech MX Keys: (accel) selected scheme none/0
[315505.182] (**) Logitech MX Keys: (accel) acceleration factor: 2.000
[315505.182] (**) Logitech MX Keys: (accel) acceleration threshold: 4
[315505.186] (II) event20 - Logitech MX Keys: is tagged by udev as: Keyboard
[315505.187] (II) event20 - Logitech MX Keys: device is a keyboard
[315505.190] (II) config/udev: Adding input device Logitech MX Keys (/dev/input/mouse2)
[315505.190] (**) Logitech MX Keys: Applying InputClass "system-keyboard"
[315505.190] (II) No input driver specified, ignoring this device.
[315505.190] (II) This device may have been added with another device file.
[315505.192] (II) config/udev: Adding input device Integrated_Webcam_HD: Integrate (/dev/input/event19)
[315505.192] (**) Integrated_Webcam_HD: Integrate: Applying InputClass "evdev keyboard catchall"
[315505.192] (**) Integrated_Webcam_HD: Integrate: Applying InputClass "libinput keyboard catchall"
[315505.192] (**) Integrated_Webcam_HD: Integrate: Applying InputClass "system-keyboard"
[315505.192] (II) Using input driver 'libinput' for 'Integrated_Webcam_HD: Integrate'
[315505.192] (**) Integrated_Webcam_HD: Integrate: always reports core events
[315505.192] (**) Option "Device" "/dev/input/event19"
[315505.195] (II) event19 - Integrated_Webcam_HD: Integrate: is tagged by udev as: Keyboard
[315505.196] (II) event19 - Integrated_Webcam_HD: Integrate: device is a keyboard
[315505.196] (II) event19 - Integrated_Webcam_HD: Integrate: device removed
[315505.261] (**) Option "config_info" "udev:/sys/devices/pci0000:00/0000:00:14.0/usb1/1-12/1-12:1.0/input/input30/event19"
[315505.261] (II) XINPUT: Adding extended input device "Integrated_Webcam_HD: Integrate" (type: KEYBOARD, id 13)
[315505.261] (**) Option "xkb_layout" "fr"
[315505.266] (II) event19 - Integrated_Webcam_HD: Integrate: is tagged by udev as: Keyboard
[315505.266] (II) event19 - Integrated_Webcam_HD: Integrate: device is a keyboard
[315505.268] (II) config/udev: Adding input device DLL07BE:01 06CB:7A13 Mouse (/dev/input/event10)
[315505.268] (**) DLL07BE:01 06CB:7A13 Mouse: Applying InputClass "evdev pointer catchall"
[315505.268] (**) DLL07BE:01 06CB:7A13 Mouse: Applying InputClass "libinput pointer catchall"
[315505.268] (II) Using input driver 'libinput' for 'DLL07BE:01 06CB:7A13 Mouse'
[315505.268] (**) DLL07BE:01 06CB:7A13 Mouse: always reports core events
[315505.268] (**) Option "Device" "/dev/input/event10"
[315505.272] (II) event10 - DLL07BE:01 06CB:7A13 Mouse: is tagged by udev as: Mouse Pointingstick
[315505.273] (II) event10 - DLL07BE:01 06CB:7A13 Mouse: device is a pointer
[315505.275] (II) event10 - DLL07BE:01 06CB:7A13 Mouse: device removed
[315505.328] (**) Option "config_info" "udev:/sys/devices/pci0000:00/0000:00:15.1/i2c_designware.1/i2c-8/i2c-DLL07BE:01/0018:06CB:7A13.0001/input/input16/event10"
[315505.328] (II) XINPUT: Adding extended input device "DLL07BE:01 06CB:7A13 Mouse" (type: MOUSE, id 14)
[315505.328] (**) Option "AccelerationScheme" "none"
[315505.328] (**) DLL07BE:01 06CB:7A13 Mouse: (accel) selected scheme none/0
[315505.328] (**) DLL07BE:01 06CB:7A13 Mouse: (accel) acceleration factor: 2.000
[315505.329] (**) DLL07BE:01 06CB:7A13 Mouse: (accel) acceleration threshold: 4
[315505.332] (II) event10 - DLL07BE:01 06CB:7A13 Mouse: is tagged by udev as: Mouse Pointingstick
[315505.333] (II) event10 - DLL07BE:01 06CB:7A13 Mouse: device is a pointer
[315505.337] (II) config/udev: Adding input device DLL07BE:01 06CB:7A13 Mouse (/dev/input/mouse0)
[315505.337] (II) No input driver specified, ignoring this device.
[315505.337] (II) This device may have been added with another device file.
[315505.339] (II) config/udev: Adding input device DLL07BE:01 06CB:7A13 Touchpad (/dev/input/event11)
[315505.339] (**) DLL07BE:01 06CB:7A13 Touchpad: Applying InputClass "evdev touchpad catchall"
[315505.339] (**) DLL07BE:01 06CB:7A13 Touchpad: Applying InputClass "libinput touchpad catchall"
[315505.339] (**) DLL07BE:01 06CB:7A13 Touchpad: Applying InputClass "libinput touchpad catchall"
[315505.339] (II) Using input driver 'libinput' for 'DLL07BE:01 06CB:7A13 Touchpad'
[315505.339] (**) DLL07BE:01 06CB:7A13 Touchpad: always reports core events
[315505.339] (**) Option "Device" "/dev/input/event11"
[315505.343] (II) event11 - DLL07BE:01 06CB:7A13 Touchpad: is tagged by udev as: Touchpad
[315505.347] (II) event11 - DLL07BE:01 06CB:7A13 Touchpad: device is a touchpad
[315505.347] (II) event11 - DLL07BE:01 06CB:7A13 Touchpad: device removed
[315505.421] (**) Option "Tapping" "on"
[315505.421] (**) Option "TappingButtonMap" "lmr"
[315505.423] (**) Option "config_info" "udev:/sys/devices/pci0000:00/0000:00:15.1/i2c_designware.1/i2c-8/i2c-DLL07BE:01/0018:06CB:7A13.0001/input/input17/event11"
[315505.423] (II) XINPUT: Adding extended input device "DLL07BE:01 06CB:7A13 Touchpad" (type: TOUCHPAD, id 15)
[315505.427] (**) Option "AccelerationScheme" "none"
[315505.427] (**) DLL07BE:01 06CB:7A13 Touchpad: (accel) selected scheme none/0
[315505.427] (**) DLL07BE:01 06CB:7A13 Touchpad: (accel) acceleration factor: 2.000
[315505.427] (**) DLL07BE:01 06CB:7A13 Touchpad: (accel) acceleration threshold: 4
[315505.430] (II) event11 - DLL07BE:01 06CB:7A13 Touchpad: is tagged by udev as: Touchpad
[315505.435] (II) event11 - DLL07BE:01 06CB:7A13 Touchpad: device is a touchpad
[315505.437] (II) config/udev: Adding input device DLL07BE:01 06CB:7A13 Touchpad (/dev/input/mouse1)
[315505.437] (**) DLL07BE:01 06CB:7A13 Touchpad: Applying InputClass "libinput touchpad catchall"
[315505.437] (II) Using input driver 'libinput' for 'DLL07BE:01 06CB:7A13 Touchpad'
[315505.437] (**) DLL07BE:01 06CB:7A13 Touchpad: always reports core events
[315505.437] (**) Option "Device" "/dev/input/mouse1"
[315505.488] (II) mouse1  - not using input device '/dev/input/mouse1'.
[315505.488] (EE) libinput: DLL07BE:01 06CB:7A13 Touchpad: Failed to create a device for /dev/input/mouse1
[315505.488] (EE) PreInit returned 2 for "DLL07BE:01 06CB:7A13 Touchpad"
[315505.488] (II) UnloadModule: "libinput"
[315505.489] (II) config/udev: Adding input device HDA Intel PCH Headphone Mic (/dev/input/event13)
[315505.489] (II) No input driver specified, ignoring this device.
[315505.489] (II) This device may have been added with another device file.
[315505.491] (II) config/udev: Adding input device HDA Intel PCH HDMI/DP,pcm=3 (/dev/input/event14)
[315505.491] (II) No input driver specified, ignoring this device.
[315505.491] (II) This device may have been added with another device file.
[315505.492] (II) config/udev: Adding input device HDA Intel PCH HDMI/DP,pcm=7 (/dev/input/event15)
[315505.492] (II) No input driver specified, ignoring this device.
[315505.492] (II) This device may have been added with another device file.
[315505.493] (II) config/udev: Adding input device HDA Intel PCH HDMI/DP,pcm=8 (/dev/input/event16)
[315505.493] (II) No input driver specified, ignoring this device.
[315505.493] (II) This device may have been added with another device file.
[315505.494] (II) config/udev: Adding input device HDA Intel PCH HDMI/DP,pcm=9 (/dev/input/event17)
[315505.494] (II) No input driver specified, ignoring this device.
[315505.494] (II) This device may have been added with another device file.
[315505.496] (II) config/udev: Adding input device HDA Intel PCH HDMI/DP,pcm=10 (/dev/input/event18)
[315505.496] (II) No input driver specified, ignoring this device.
[315505.496] (II) This device may have been added with another device file.
[315505.497] (II) config/udev: Adding input device Intel HID events (/dev/input/event7)
[315505.497] (**) Intel HID events: Applying InputClass "evdev keyboard catchall"
[315505.497] (**) Intel HID events: Applying InputClass "libinput keyboard catchall"
[315505.497] (**) Intel HID events: Applying InputClass "system-keyboard"
[315505.497] (II) Using input driver 'libinput' for 'Intel HID events'
[315505.497] (**) Intel HID events: always reports core events
[315505.497] (**) Option "Device" "/dev/input/event7"
[315505.499] (II) event7  - Intel HID events: is tagged by udev as: Keyboard
[315505.499] (II) event7  - Intel HID events: device is a keyboard
[315505.500] (II) event7  - Intel HID events: device removed
[315505.522] (**) Option "config_info" "udev:/sys/devices/platform/INT33D5:00/input/input8/event7"
[315505.522] (II) XINPUT: Adding extended input device "Intel HID events" (type: KEYBOARD, id 16)
[315505.522] (**) Option "xkb_layout" "fr"
[315505.524] (II) event7  - Intel HID events: is tagged by udev as: Keyboard
[315505.524] (II) event7  - Intel HID events: device is a keyboard
[315505.526] (II) config/udev: Adding input device Intel HID 5 button array (/dev/input/event8)
[315505.526] (**) Intel HID 5 button array: Applying InputClass "evdev keyboard catchall"
[315505.526] (**) Intel HID 5 button array: Applying InputClass "libinput keyboard catchall"
[315505.526] (**) Intel HID 5 button array: Applying InputClass "system-keyboard"
[315505.526] (II) Using input driver 'libinput' for 'Intel HID 5 button array'
[315505.526] (**) Intel HID 5 button array: always reports core events
[315505.526] (**) Option "Device" "/dev/input/event8"
[315505.527] (II) event8  - Intel HID 5 button array: is tagged by udev as: Keyboard
[315505.527] (II) event8  - Intel HID 5 button array: device is a keyboard
[315505.527] (II) event8  - Intel HID 5 button array: device removed
[315505.568] (**) Option "config_info" "udev:/sys/devices/platform/INT33D5:00/input/input9/event8"
[315505.568] (II) XINPUT: Adding extended input device "Intel HID 5 button array" (type: KEYBOARD, id 17)
[315505.568] (**) Option "xkb_layout" "fr"
[315505.569] (II) event8  - Intel HID 5 button array: is tagged by udev as: Keyboard
[315505.569] (II) event8  - Intel HID 5 button array: device is a keyboard
[315505.570] (II) config/udev: Adding input device Dell WMI hotkeys (/dev/input/event12)
[315505.570] (**) Dell WMI hotkeys: Applying InputClass "evdev keyboard catchall"
[315505.570] (**) Dell WMI hotkeys: Applying InputClass "libinput keyboard catchall"
[315505.570] (**) Dell WMI hotkeys: Applying InputClass "system-keyboard"
[315505.570] (II) Using input driver 'libinput' for 'Dell WMI hotkeys'
[315505.571] (**) Dell WMI hotkeys: always reports core events
[315505.571] (**) Option "Device" "/dev/input/event12"
[315505.572] (II) event12 - Dell WMI hotkeys: is tagged by udev as: Keyboard
[315505.572] (II) event12 - Dell WMI hotkeys: device is a keyboard
[315505.572] (II) event12 - Dell WMI hotkeys: device removed
[315505.598] (**) Option "config_info" "udev:/sys/devices/platform/PNP0C14:03/wmi_bus/wmi_bus-PNP0C14:03/9DBB5994-A997-11DA-B012-B622A1EF5492/input/input15/event12"
[315505.598] (II) XINPUT: Adding extended input device "Dell WMI hotkeys" (type: KEYBOARD, id 18)
[315505.598] (**) Option "xkb_layout" "fr"
[315505.602] (II) event12 - Dell WMI hotkeys: is tagged by udev as: Keyboard
[315505.602] (II) event12 - Dell WMI hotkeys: device is a keyboard
[315505.605] (II) config/udev: Adding input device AT Translated Set 2 keyboard (/dev/input/event6)
[315505.605] (**) AT Translated Set 2 keyboard: Applying InputClass "evdev keyboard catchall"
[315505.605] (**) AT Translated Set 2 keyboard: Applying InputClass "libinput keyboard catchall"
[315505.605] (**) AT Translated Set 2 keyboard: Applying InputClass "system-keyboard"
[315505.605] (II) Using input driver 'libinput' for 'AT Translated Set 2 keyboard'
[315505.605] (**) AT Translated Set 2 keyboard: always reports core events
[315505.605] (**) Option "Device" "/dev/input/event6"
[315505.607] (II) event6  - AT Translated Set 2 keyboard: is tagged by udev as: Keyboard
[315505.608] (II) event6  - AT Translated Set 2 keyboard: device is a keyboard
[315505.611] (II) event6  - AT Translated Set 2 keyboard: device removed
[315505.635] (**) Option "config_info" "udev:/sys/devices/platform/i8042/serio0/input/input6/event6"
[315505.635] (II) XINPUT: Adding extended input device "AT Translated Set 2 keyboard" (type: KEYBOARD, id 19)
[315505.635] (**) Option "xkb_layout" "fr"
[315505.638] (II) event6  - AT Translated Set 2 keyboard: is tagged by udev as: Keyboard
[315505.639] (II) event6  - AT Translated Set 2 keyboard: device is a keyboard
[315505.643] (II) config/udev: Adding input device PC Speaker (/dev/input/event9)
[315505.643] (II) No input driver specified, ignoring this device.
[315505.643] (II) This device may have been added with another device file.
[315505.692] (**) Logitech MX Keys: Applying InputClass "evdev keyboard catchall"
[315505.692] (**) Logitech MX Keys: Applying InputClass "libinput keyboard catchall"
[315505.692] (**) Logitech MX Keys: Applying InputClass "system-keyboard"
[315505.692] (II) Using input driver 'libinput' for 'Logitech MX Keys'
[315505.692] (**) Logitech MX Keys: always reports core events
[315505.692] (**) Option "Device" "/dev/input/event20"
[315505.692] (II) libinput: Logitech MX Keys: is a virtual subdevice
[315505.692] (**) Option "config_info" "udev:/sys/devices/pci0000:00/0000:00:14.0/usb1/1-1/1-1:1.2/0003:046D:C52B.0004/0003:046D:408A.0005/input/input40/event20"
[315505.692] (II) XINPUT: Adding extended input device "Logitech MX Keys" (type: KEYBOARD, id 20)
[315505.692] (**) Option "xkb_layout" "fr"
[315564.358] (II) modeset(0): EDID vendor "SHP", prod id 5203
[315564.358] (II) modeset(0): Printing DDC gathered Modelines:
[315564.358] (II) modeset(0): Modeline "1920x1080"x0.0  138.50  1920 1968 2000 2080  1080 1083 1088 1111 -hsync -vsync (66.6 kHz eP)
[315566.083] (II) modeset(0): EDID vendor "SHP", prod id 5203
[315566.083] (II) modeset(0): Printing DDC gathered Modelines:
[315566.083] (II) modeset(0): Modeline "1920x1080"x0.0  138.50  1920 1968 2000 2080  1080 1083 1088 1111 -hsync -vsync (66.6 kHz eP)
[315573.073] (II) modeset(0): EDID vendor "SHP", prod id 5203
[315573.073] (II) modeset(0): Printing DDC gathered Modelines:
[315573.073] (II) modeset(0): Modeline "1920x1080"x0.0  138.50  1920 1968 2000 2080  1080 1083 1088 1111 -hsync -vsync (66.6 kHz eP)
[315573.899] (II) modeset(0): EDID vendor "SHP", prod id 5203
[315573.899] (II) modeset(0): Printing DDC gathered Modelines:
[315573.899] (II) modeset(0): Modeline "1920x1080"x0.0  138.50  1920 1968 2000 2080  1080 1083 1088 1111 -hsync -vsync (66.6 kHz eP)
[315573.949] (II) modeset(0): EDID vendor "SHP", prod id 5203
[315573.949] (II) modeset(0): Printing DDC gathered Modelines:
[315573.949] (II) modeset(0): Modeline "1920x1080"x0.0  138.50  1920 1968 2000 2080  1080 1083 1088 1111 -hsync -vsync (66.6 kHz eP)
[315575.333] (II) modeset(0): EDID vendor "SHP", prod id 5203
[315575.333] (II) modeset(0): Printing DDC gathered Modelines:
[315575.333] (II) modeset(0): Modeline "1920x1080"x0.0  138.50  1920 1968 2000 2080  1080 1083 1088 1111 -hsync -vsync (66.6 kHz eP)
[315602.897] (II) modeset(0): EDID vendor "SHP", prod id 5203
[315602.897] (II) modeset(0): Printing DDC gathered Modelines:
[315602.897] (II) modeset(0): Modeline "1920x1080"x0.0  138.50  1920 1968 2000 2080  1080 1083 1088 1111 -hsync -vsync (66.6 kHz eP)
[315654.693] (II) modeset(0): EDID vendor "SHP", prod id 5203
[315654.693] (II) modeset(0): Printing DDC gathered Modelines:
[315654.693] (II) modeset(0): Modeline "1920x1080"x0.0  138.50  1920 1968 2000 2080  1080 1083 1088 1111 -hsync -vsync (66.6 kHz eP)
[315654.911] (II) modeset(0): EDID vendor "SHP", prod id 5203
[315654.911] (II) modeset(0): Printing DDC gathered Modelines:
[315654.911] (II) modeset(0): Modeline "1920x1080"x0.0  138.50  1920 1968 2000 2080  1080 1083 1088 1111 -hsync -vsync (66.6 kHz eP)
[315655.149] (II) modeset(0): EDID vendor "SHP", prod id 5203
[315655.149] (II) modeset(0): Printing DDC gathered Modelines:
[315655.149] (II) modeset(0): Modeline "1920x1080"x0.0  138.50  1920 1968 2000 2080  1080 1083 1088 1111 -hsync -vsync (66.6 kHz eP)
[315655.353] (II) modeset(0): Allocate new frame buffer 1920x1080 stride
