[129786.017] 
X.Org X Server 1.20.1
X Protocol Version 11, Revision 0
[129786.017] Build Operating System: Linux 4.18.5-gentoo x86_64 Gentoo
[129786.017] Current Operating System: Linux maksbotan-x380 4.18.5-gentoo #9 SMP Fri Aug 31 00:52:02 -00 2018 x86_64
[129786.017] Kernel command line: BOOT_IMAGE=/boot/kernel-4.18.5-gentoo root=UUID=c278898e-576f-4c3e-a11b-f0902185b99d ro quiet splash resume=/dev/x380/swap
[129786.017] Build Date: 30 August 2018  11:21:23PM
[129786.017]  
[129786.017] Current version of pixman: 0.34.0
[129786.017] 	Before reporting problems, check http://wiki.x.org
	to make sure that you have the latest version.
[129786.017] Markers: (--) probed, (**) from config file, (==) default setting,
	(++) from command line, (!!) notice, (II) informational,
	(WW) warning, (EE) error, (NI) not implemented, (??) unknown.
[129786.017] (==) Log file: "/var/log/Xorg.0.log", Time: Tue Sep  4 11:00:47 2018
[129786.017] (==) Using config directory: "/etc/X11/xorg.conf.d"
[129786.017] (==) Using system config directory "/usr/share/X11/xorg.conf.d"
[129786.018] (==) No Layout section.  Using the first Screen section.
[129786.018] (==) No screen section available. Using defaults.
[129786.018] (**) |-->Screen "Default Screen Section" (0)
[129786.018] (**) |   |-->Monitor "<default monitor>"
[129786.018] (==) No monitor specified for screen "Default Screen Section".
	Using a default monitor configuration.
[129786.018] (==) Automatically adding devices
[129786.018] (==) Automatically enabling devices
[129786.018] (==) Automatically adding GPU devices
[129786.018] (==) Max clients allowed: 256, resource mask: 0x1fffff
[129786.018] (==) FontPath set to:
	/usr/share/fonts/misc/,
	/usr/share/fonts/TTF/,
	/usr/share/fonts/OTF/,
	/usr/share/fonts/Type1/,
	/usr/share/fonts/100dpi/,
	/usr/share/fonts/75dpi/
[129786.018] (==) ModulePath set to "/usr/lib64/xorg/modules"
[129786.018] (II) The server relies on udev to provide the list of input devices.
	If no devices become available, reconfigure udev or disable AutoAddDevices.
[129786.018] (II) Loader magic: 0x561a1c608c40
[129786.018] (II) Module ABI versions:
[129786.018] 	X.Org ANSI C Emulation: 0.4
[129786.018] 	X.Org Video Driver: 24.0
[129786.018] 	X.Org XInput driver : 24.1
[129786.018] 	X.Org Server Extension : 10.0
[129786.019] (II) xfree86: Adding drm device (/dev/dri/card0)
[129786.033] (--) PCI:*(0@0:2:0) 8086:5917:17aa:506d rev 7, Mem @ 0xdb000000/16777216, 0x80000000/536870912, I/O @ 0x0000e000/64, BIOS @ 0x????????/131072
[129786.033] (II) LoadModule: "glx"
[129786.033] (II) Loading /usr/lib64/xorg/modules/extensions/libglx.so
[129786.034] (II) Module glx: vendor="X.Org Foundation"
[129786.034] 	compiled for 1.20.1, module version = 1.0.0
[129786.034] 	ABI class: X.Org Server Extension, version 10.0
[129786.034] (==) Matched intel as autoconfigured driver 0
[129786.034] (==) Matched modesetting as autoconfigured driver 1
[129786.034] (==) Matched fbdev as autoconfigured driver 2
[129786.034] (==) Matched vesa as autoconfigured driver 3
[129786.034] (==) Assigned the driver to the xf86ConfigLayout
[129786.034] (II) LoadModule: "intel"
[129786.034] (WW) Warning, couldn't open module intel
[129786.034] (EE) Failed to load module "intel" (module does not exist, 0)
[129786.034] (II) LoadModule: "modesetting"
[129786.035] (II) Loading /usr/lib64/xorg/modules/drivers/modesetting_drv.so
[129786.035] (II) Module modesetting: vendor="X.Org Foundation"
[129786.035] 	compiled for 1.20.1, module version = 1.20.1
[129786.035] 	Module class: X.Org Video Driver
[129786.035] 	ABI class: X.Org Video Driver, version 24.0
[129786.035] (II) LoadModule: "fbdev"
[129786.035] (WW) Warning, couldn't open module fbdev
[129786.035] (EE) Failed to load module "fbdev" (module does not exist, 0)
[129786.035] (II) LoadModule: "vesa"
[129786.035] (WW) Warning, couldn't open module vesa
[129786.035] (EE) Failed to load module "vesa" (module does not exist, 0)
[129786.035] (II) modesetting: Driver for Modesetting Kernel Drivers: kms
[129786.035] (++) using VT number 7

[129786.065] (II) modeset(0): using drv /dev/dri/card0
[129786.065] (II) modeset(0): Creating default Display subsection in Screen section
	"Default Screen Section" for depth/fbbpp 24/32
[129786.065] (==) modeset(0): Depth 24, (==) framebuffer bpp 32
[129786.065] (==) modeset(0): RGB weight 888
[129786.065] (==) modeset(0): Default visual is TrueColor
[129786.065] (II) Loading sub module "glamoregl"
[129786.065] (II) LoadModule: "glamoregl"
[129786.065] (II) Loading /usr/lib64/xorg/modules/libglamoregl.so
[129786.072] (II) Module glamoregl: vendor="X.Org Foundation"
[129786.072] 	compiled for 1.20.1, module version = 1.0.1
[129786.072] 	ABI class: X.Org ANSI C Emulation, version 0.4
[129786.097] (II) modeset(0): glamor X acceleration enabled on Mesa DRI Intel(R) UHD Graphics 620 (Kabylake GT2) 
[129786.097] (II) modeset(0): glamor initialized
[129786.098] (II) modeset(0): Output eDP-1 has no monitor section
[129786.098] (II) modeset(0): Output DP-1 has no monitor section
[129786.211] (II) modeset(0): Output HDMI-1 has no monitor section
[129786.478] (II) modeset(0): Output DP-2 has no monitor section
[129786.509] (II) modeset(0): Output HDMI-2 has no monitor section
[129786.509] (II) modeset(0): EDID for output eDP-1
[129786.509] (II) modeset(0): Manufacturer: IVO  Model: 536  Serial#: 0
[129786.509] (II) modeset(0): Year: 2017  Week: 0
[129786.509] (II) modeset(0): EDID Version: 1.4
[129786.509] (II) modeset(0): Digital Display Input
[129786.509] (II) modeset(0): 8 bits per channel
[129786.510] (II) modeset(0): Digital interface is DisplayPort
[129786.510] (II) modeset(0): Max Image Size [cm]: horiz.: 29  vert.: 17
[129786.510] (II) modeset(0): Gamma: 2.20
[129786.510] (II) modeset(0): No DPMS capabilities specified
[129786.510] (II) modeset(0): Supported color encodings: RGB 4:4:4 YCrCb 4:4:4 
[129786.510] (II) modeset(0): First detailed timing is preferred mode
[129786.510] (II) modeset(0): Preferred mode is native pixel format and refresh rate
[129786.510] (II) modeset(0): redX: 0.640 redY: 0.329   greenX: 0.300 greenY: 0.600
[129786.510] (II) modeset(0): blueX: 0.149 blueY: 0.060   whiteX: 0.312 whiteY: 0.328
[129786.510] (II) modeset(0): Manufacturer's mask: 0
[129786.510] (II) modeset(0): Supported detailed timing:
[129786.510] (II) modeset(0): clock: 138.8 MHz   Image Size:  294 x 165 mm
[129786.510] (II) modeset(0): h_active: 1920  h_sync: 1944  h_sync_end 1992 h_blank_end 2080 h_border: 0
[129786.510] (II) modeset(0): v_active: 1080  v_sync: 1083  v_sync_end 1095 v_blanking: 1112 v_border: 0
[129786.510] (II) modeset(0):  InfoVision
[129786.510] (II) modeset(0):  M133NWF4 R3
[129786.510] (II) modeset(0): EDID (in hex):
[129786.510] (II) modeset(0): 	00ffffffffffff0026cf360500000000
[129786.510] (II) modeset(0): 	001b0104a51d11780ade50a3544c9926
[129786.510] (II) modeset(0): 	0f505400000001010101010101010101
[129786.510] (II) modeset(0): 	010101010101383680a0703820401830
[129786.510] (II) modeset(0): 	3c0026a5100000190000000000000000
[129786.510] (II) modeset(0): 	00000000000000000000000000fe0049
[129786.510] (II) modeset(0): 	6e666f566973696f6e0a2020000000fe
[129786.510] (II) modeset(0): 	004d3133334e574634205233200a0044
[129786.510] (II) modeset(0): Printing probed modes for output eDP-1
[129786.510] (II) modeset(0): Modeline "1920x1080"x60.0  138.80  1920 1944 1992 2080  1080 1083 1095 1112 -hsync -vsync (66.7 kHz eP)
[129786.510] (II) modeset(0): Modeline "1920x1080"x120.0  356.38  1920 2080 2288 2656  1080 1081 1084 1118 doublescan -hsync +vsync (134.2 kHz d)
[129786.510] (II) modeset(0): Modeline "1920x1080"x119.9  266.50  1920 1944 1960 2000  1080 1081 1084 1111 doublescan +hsync -vsync (133.2 kHz d)
[129786.510] (II) modeset(0): Modeline "1920x1080"x60.0  173.00  1920 2048 2248 2576  1080 1083 1088 1120 -hsync +vsync (67.2 kHz d)
[129786.510] (II) modeset(0): Modeline "1920x1080"x59.9  138.50  1920 1968 2000 2080  1080 1083 1088 1111 +hsync -vsync (66.6 kHz d)
[129786.510] (II) modeset(0): Modeline "1680x1050"x60.0  146.25  1680 1784 1960 2240  1050 1053 1059 1089 -hsync +vsync (65.3 kHz d)
[129786.510] (II) modeset(0): Modeline "1680x1050"x59.9  119.00  1680 1728 1760 1840  1050 1053 1059 1080 +hsync -vsync (64.7 kHz d)
[129786.510] (II) modeset(0): Modeline "1400x1050"x60.0  122.00  1400 1488 1640 1880  1050 1052 1064 1082 +hsync +vsync (64.9 kHz d)
[129786.510] (II) modeset(0): Modeline "1600x900"x120.0  246.00  1600 1728 1900 2200  900 901 904 932 doublescan -hsync +vsync (111.8 kHz d)
[129786.510] (II) modeset(0): Modeline "1600x900"x119.9  186.50  1600 1624 1640 1680  900 901 904 926 doublescan +hsync -vsync (111.0 kHz d)
[129786.510] (II) modeset(0): Modeline "1600x900"x59.9  118.25  1600 1696 1856 2112  900 903 908 934 -hsync +vsync (56.0 kHz d)
[129786.510] (II) modeset(0): Modeline "1600x900"x59.8   97.50  1600 1648 1680 1760  900 903 908 926 +hsync -vsync (55.4 kHz d)
[129786.510] (II) modeset(0): Modeline "1280x1024"x60.0  108.00  1280 1328 1440 1688  1024 1025 1028 1066 +hsync +vsync (64.0 kHz d)
[129786.510] (II) modeset(0): Modeline "1400x900"x60.0  103.50  1400 1480 1624 1848  900 903 913 934 -hsync +vsync (56.0 kHz d)
[129786.510] (II) modeset(0): Modeline "1400x900"x59.9   86.50  1400 1448 1480 1560  900 903 913 926 +hsync -vsync (55.4 kHz d)
[129786.510] (II) modeset(0): Modeline "1280x960"x60.0  108.00  1280 1376 1488 1800  960 961 964 1000 +hsync +vsync (60.0 kHz d)
[129786.510] (II) modeset(0): Modeline "1440x810"x120.0  198.12  1440 1548 1704 1968  810 811 814 839 doublescan -hsync +vsync (100.7 kHz d)
[129786.510] (II) modeset(0): Modeline "1440x810"x119.9  151.88  1440 1464 1480 1520  810 811 814 833 doublescan +hsync -vsync (99.9 kHz d)
[129786.510] (II) modeset(0): Modeline "1368x768"x59.9   85.25  1368 1440 1576 1784  768 771 781 798 -hsync +vsync (47.8 kHz d)
[129786.510] (II) modeset(0): Modeline "1368x768"x59.9   72.25  1368 1416 1448 1528  768 771 781 790 +hsync -vsync (47.3 kHz d)
[129786.510] (II) modeset(0): Modeline "1280x800"x120.0  174.25  1280 1380 1516 1752  800 801 804 829 doublescan -hsync +vsync (99.5 kHz d)
[129786.510] (II) modeset(0): Modeline "1280x800"x119.9  134.25  1280 1304 1320 1360  800 801 804 823 doublescan +hsync -vsync (98.7 kHz d)
[129786.510] (II) modeset(0): Modeline "1280x800"x59.8   83.50  1280 1352 1480 1680  800 803 809 831 -hsync +vsync (49.7 kHz d)
[129786.510] (II) modeset(0): Modeline "1280x800"x59.9   71.00  1280 1328 1360 1440  800 803 809 823 +hsync -vsync (49.3 kHz d)
[129786.510] (II) modeset(0): Modeline "1280x720"x120.0  156.12  1280 1376 1512 1744  720 721 724 746 doublescan -hsync +vsync (89.5 kHz d)
[129786.510] (II) modeset(0): Modeline "1280x720"x120.0  120.75  1280 1304 1320 1360  720 721 724 740 doublescan +hsync -vsync (88.8 kHz d)
[129786.510] (II) modeset(0): Modeline "1280x720"x59.9   74.50  1280 1344 1472 1664  720 723 728 748 -hsync +vsync (44.8 kHz d)
[129786.510] (II) modeset(0): Modeline "1280x720"x59.7   63.75  1280 1328 1360 1440  720 723 728 741 +hsync -vsync (44.3 kHz d)
[129786.510] (II) modeset(0): Modeline "1024x768"x120.1  133.47  1024 1100 1212 1400  768 768 770 794 doublescan -hsync +vsync (95.3 kHz d)
[129786.510] (II) modeset(0): Modeline "1024x768"x60.0   65.00  1024 1048 1184 1344  768 771 777 806 -hsync -vsync (48.4 kHz d)
[129786.510] (II) modeset(0): Modeline "960x720"x120.0  117.00  960 1024 1128 1300  720 720 722 750 doublescan -hsync +vsync (90.0 kHz d)
[129786.510] (II) modeset(0): Modeline "928x696"x120.1  109.15  928 976 1088 1264  696 696 698 719 doublescan -hsync +vsync (86.4 kHz d)
[129786.510] (II) modeset(0): Modeline "896x672"x120.0  102.40  896 960 1060 1224  672 672 674 697 doublescan -hsync +vsync (83.7 kHz d)
[129786.510] (II) modeset(0): Modeline "1024x576"x119.9   98.50  1024 1092 1200 1376  576 577 580 597 doublescan -hsync +vsync (71.6 kHz d)
[129786.510] (II) modeset(0): Modeline "1024x576"x119.9   78.38  1024 1048 1064 1104  576 577 580 592 doublescan +hsync -vsync (71.0 kHz d)
[129786.510] (II) modeset(0): Modeline "1024x576"x59.9   46.50  1024 1064 1160 1296  576 579 584 599 -hsync +vsync (35.9 kHz d)
[129786.510] (II) modeset(0): Modeline "1024x576"x59.8   42.00  1024 1072 1104 1184  576 579 584 593 +hsync -vsync (35.5 kHz d)
[129786.510] (II) modeset(0): Modeline "960x600"x119.9   96.62  960 1028 1128 1296  600 601 604 622 doublescan -hsync +vsync (74.6 kHz d)
[129786.510] (II) modeset(0): Modeline "960x600"x120.0   77.00  960 984 1000 1040  600 601 604 617 doublescan +hsync -vsync (74.0 kHz d)
[129786.510] (II) modeset(0): Modeline "960x540"x119.9   86.50  960 1024 1124 1288  540 541 544 560 doublescan -hsync +vsync (67.2 kHz d)
[129786.510] (II) modeset(0): Modeline "960x540"x120.0   69.25  960 984 1000 1040  540 541 544 555 doublescan +hsync -vsync (66.6 kHz d)
[129786.510] (II) modeset(0): Modeline "960x540"x59.6   40.75  960 992 1088 1216  540 543 548 562 -hsync +vsync (33.5 kHz d)
[129786.510] (II) modeset(0): Modeline "960x540"x59.8   37.25  960 1008 1040 1120  540 543 548 556 +hsync -vsync (33.3 kHz d)
[129786.510] (II) modeset(0): Modeline "800x600"x120.0   81.00  800 832 928 1080  600 600 602 625 doublescan +hsync +vsync (75.0 kHz d)
[129786.510] (II) modeset(0): Modeline "800x600"x60.3   40.00  800 840 968 1056  600 601 605 628 +hsync +vsync (37.9 kHz d)
[129786.510] (II) modeset(0): Modeline "800x600"x56.2   36.00  800 824 896 1024  600 601 603 625 +hsync +vsync (35.2 kHz d)
[129786.510] (II) modeset(0): Modeline "840x525"x120.0   73.12  840 892 980 1120  525 526 529 544 doublescan -hsync +vsync (65.3 kHz d)
[129786.510] (II) modeset(0): Modeline "840x525"x119.8   59.50  840 864 880 920  525 526 529 540 doublescan +hsync -vsync (64.7 kHz d)
[129786.510] (II) modeset(0): Modeline "864x486"x59.9   32.50  864 888 968 1072  486 489 494 506 -hsync +vsync (30.3 kHz d)
[129786.510] (II) modeset(0): Modeline "864x486"x59.6   30.50  864 912 944 1024  486 489 494 500 +hsync -vsync (29.8 kHz d)
[129786.510] (II) modeset(0): Modeline "700x525"x120.0   61.00  700 744 820 940  525 526 532 541 doublescan +hsync +vsync (64.9 kHz d)
[129786.510] (II) modeset(0): Modeline "800x450"x119.9   59.12  800 848 928 1056  450 451 454 467 doublescan -hsync +vsync (56.0 kHz d)
[129786.510] (II) modeset(0): Modeline "800x450"x119.6   48.75  800 824 840 880  450 451 454 463 doublescan +hsync -vsync (55.4 kHz d)
[129786.510] (II) modeset(0): Modeline "640x512"x120.0   54.00  640 664 720 844  512 512 514 533 doublescan +hsync +vsync (64.0 kHz d)
[129786.510] (II) modeset(0): Modeline "700x450"x119.9   51.75  700 740 812 924  450 451 456 467 doublescan -hsync +vsync (56.0 kHz d)
[129786.510] (II) modeset(0): Modeline "700x450"x119.8   43.25  700 724 740 780  450 451 456 463 doublescan +hsync -vsync (55.4 kHz d)
[129786.510] (II) modeset(0): Modeline "640x480"x120.0   54.00  640 688 744 900  480 480 482 500 doublescan +hsync +vsync (60.0 kHz d)
[129786.510] (II) modeset(0): Modeline "640x480"x59.9   25.18  640 656 752 800  480 490 492 525 -hsync -vsync (31.5 kHz d)
[129786.510] (II) modeset(0): Modeline "720x405"x59.5   22.50  720 744 808 896  405 408 413 422 -hsync +vsync (25.1 kHz d)
[129786.510] (II) modeset(0): Modeline "720x405"x59.0   21.75  720 768 800 880  405 408 413 419 +hsync -vsync (24.7 kHz d)
[129786.510] (II) modeset(0): Modeline "684x384"x119.8   42.62  684 720 788 892  384 385 390 399 doublescan -hsync +vsync (47.8 kHz d)
[129786.510] (II) modeset(0): Modeline "684x384"x119.7   36.12  684 708 724 764  384 385 390 395 doublescan +hsync -vsync (47.3 kHz d)
[129786.510] (II) modeset(0): Modeline "640x400"x119.8   41.75  640 676 740 840  400 401 404 415 doublescan -hsync +vsync (49.7 kHz d)
[129786.510] (II) modeset(0): Modeline "640x400"x120.0   35.50  640 664 680 720  400 401 404 411 doublescan +hsync -vsync (49.3 kHz d)
[129786.510] (II) modeset(0): Modeline "640x360"x119.7   37.25  640 672 736 832  360 361 364 374 doublescan -hsync +vsync (44.8 kHz d)
[129786.510] (II) modeset(0): Modeline "640x360"x119.7   31.88  640 664 680 720  360 361 364 370 doublescan +hsync -vsync (44.3 kHz d)
[129786.510] (II) modeset(0): Modeline "640x360"x59.8   18.00  640 664 720 800  360 363 368 376 -hsync +vsync (22.5 kHz d)
[129786.510] (II) modeset(0): Modeline "640x360"x59.3   17.75  640 688 720 800  360 363 368 374 +hsync -vsync (22.2 kHz d)
[129786.510] (II) modeset(0): Modeline "512x384"x120.0   32.50  512 524 592 672  384 385 388 403 doublescan -hsync -vsync (48.4 kHz d)
[129786.510] (II) modeset(0): Modeline "512x288"x120.0   23.25  512 532 580 648  288 289 292 299 doublescan -hsync +vsync (35.9 kHz d)
[129786.510] (II) modeset(0): Modeline "512x288"x119.8   21.00  512 536 552 592  288 289 292 296 doublescan +hsync -vsync (35.5 kHz d)
[129786.510] (II) modeset(0): Modeline "480x270"x119.3   20.38  480 496 544 608  270 271 274 281 doublescan -hsync +vsync (33.5 kHz d)
[129786.510] (II) modeset(0): Modeline "480x270"x119.6   18.62  480 504 520 560  270 271 274 278 doublescan +hsync -vsync (33.3 kHz d)
[129786.510] (II) modeset(0): Modeline "400x300"x120.6   20.00  400 420 484 528  300 300 302 314 doublescan +hsync +vsync (37.9 kHz d)
[129786.510] (II) modeset(0): Modeline "400x300"x112.7   18.00  400 412 448 512  300 300 301 312 doublescan +hsync +vsync (35.2 kHz d)
[129786.510] (II) modeset(0): Modeline "432x243"x119.8   16.25  432 444 484 536  243 244 247 253 doublescan -hsync +vsync (30.3 kHz d)
[129786.510] (II) modeset(0): Modeline "432x243"x119.1   15.25  432 456 472 512  243 244 247 250 doublescan +hsync -vsync (29.8 kHz d)
[129786.510] (II) modeset(0): Modeline "320x240"x120.1   12.59  320 328 376 400  240 245 246 262 doublescan -hsync -vsync (31.5 kHz d)
[129786.510] (II) modeset(0): Modeline "360x202"x119.0   11.25  360 372 404 448  202 204 206 211 doublescan -hsync +vsync (25.1 kHz d)
[129786.510] (II) modeset(0): Modeline "360x202"x118.3   10.88  360 384 400 440  202 204 206 209 doublescan +hsync -vsync (24.7 kHz d)
[129786.510] (II) modeset(0): Modeline "320x180"x119.7    9.00  320 332 360 400  180 181 184 188 doublescan -hsync +vsync (22.5 kHz d)
[129786.510] (II) modeset(0): Modeline "320x180"x118.6    8.88  320 344 360 400  180 181 184 187 doublescan +hsync -vsync (22.2 kHz d)
[129786.510] (II) modeset(0): EDID for output DP-1
[129786.622] (II) modeset(0): EDID for output HDMI-1
[129786.890] (II) modeset(0): EDID for output DP-2
[129786.920] (II) modeset(0): EDID for output HDMI-2
[129786.920] (II) modeset(0): Manufacturer: BNQ  Model: 78bd  Serial#: 21573
[129786.920] (II) modeset(0): Year: 2012  Week: 26
[129786.920] (II) modeset(0): EDID Version: 1.3
[129786.920] (II) modeset(0): Digital Display Input
[129786.920] (II) modeset(0): Max Image Size [cm]: horiz.: 48  vert.: 27
[129786.920] (II) modeset(0): Gamma: 2.20
[129786.920] (II) modeset(0): DPMS capabilities: Off
[129786.920] (II) modeset(0): Supported color encodings: RGB 4:4:4 YCrCb 4:4:4 
[129786.920] (II) modeset(0): Default color space is primary color space
[129786.920] (II) modeset(0): First detailed timing is preferred mode
[129786.920] (II) modeset(0): redX: 0.639 redY: 0.349   greenX: 0.334 greenY: 0.623
[129786.920] (II) modeset(0): blueX: 0.155 blueY: 0.048   whiteX: 0.313 whiteY: 0.329
[129786.920] (II) modeset(0): Supported established timings:
[129786.920] (II) modeset(0): 640x480@60Hz
[129786.920] (II) modeset(0): 800x600@60Hz
[129786.920] (II) modeset(0): 1024x768@60Hz
[129786.920] (II) modeset(0): Manufacturer's mask: 0
[129786.920] (II) modeset(0): Supported standard timings:
[129786.920] (II) modeset(0): #0: hsize: 1024  vsize 576  refresh: 60  vid: 49249
[129786.920] (II) modeset(0): #1: hsize: 1280  vsize 800  refresh: 60  vid: 129
[129786.920] (II) modeset(0): #2: hsize: 1280  vsize 720  refresh: 60  vid: 49281
[129786.920] (II) modeset(0): #3: hsize: 1280  vsize 960  refresh: 60  vid: 16513
[129786.920] (II) modeset(0): #4: hsize: 1280  vsize 1024  refresh: 60  vid: 32897
[129786.920] (II) modeset(0): #5: hsize: 1600  vsize 900  refresh: 60  vid: 49321
[129786.920] (II) modeset(0): #6: hsize: 1680  vsize 1050  refresh: 60  vid: 179
[129786.920] (II) modeset(0): #7: hsize: 1920  vsize 1080  refresh: 60  vid: 49361
[129786.920] (II) modeset(0): Supported detailed timing:
[129786.920] (II) modeset(0): clock: 148.5 MHz   Image Size:  477 x 268 mm
[129786.920] (II) modeset(0): h_active: 1920  h_sync: 2008  h_sync_end 2052 h_blank_end 2200 h_border: 0
[129786.920] (II) modeset(0): v_active: 1080  v_sync: 1084  v_sync_end 1089 v_blanking: 1125 v_border: 0
[129786.920] (II) modeset(0): Serial No: T6C06428019
[129786.920] (II) modeset(0): Ranges: V min: 50 V max: 76 Hz, H min: 30 H max: 83 kHz, PixClock max 175 MHz
[129786.920] (II) modeset(0): Monitor name: BenQ GW2250H
[129786.920] (II) modeset(0): Supported detailed timing:
[129786.920] (II) modeset(0): clock: 148.5 MHz   Image Size:  477 x 268 mm
[129786.920] (II) modeset(0): h_active: 1920  h_sync: 2008  h_sync_end 2052 h_blank_end 2200 h_border: 0
[129786.920] (II) modeset(0): v_active: 1080  v_sync: 1084  v_sync_end 1089 v_blanking: 1125 v_border: 0
[129786.920] (II) modeset(0): Supported detailed timing:
[129786.920] (II) modeset(0): clock: 74.2 MHz   Image Size:  477 x 268 mm
[129786.920] (II) modeset(0): h_active: 1920  h_sync: 2008  h_sync_end 2052 h_blank_end 2200 h_border: 0
[129786.920] (II) modeset(0): v_active: 540  v_sync: 542  v_sync_end 547 v_blanking: 562 v_border: 0
[129786.920] (II) modeset(0): Supported detailed timing:
[129786.920] (II) modeset(0): clock: 74.2 MHz   Image Size:  477 x 268 mm
[129786.920] (II) modeset(0): h_active: 1280  h_sync: 1390  h_sync_end 1430 h_blank_end 1650 h_border: 0
[129786.920] (II) modeset(0): v_active: 720  v_sync: 725  v_sync_end 730 v_blanking: 750 v_border: 0
[129786.920] (II) modeset(0): Supported detailed timing:
[129786.920] (II) modeset(0): clock: 27.0 MHz   Image Size:  477 x 268 mm
[129786.920] (II) modeset(0): h_active: 720  h_sync: 736  h_sync_end 798 h_blank_end 858 h_border: 0
[129786.920] (II) modeset(0): v_active: 480  v_sync: 489  v_sync_end 495 v_blanking: 525 v_border: 0
[129786.920] (II) modeset(0): Number of EDID sections to follow: 1
[129786.920] (II) modeset(0): EDID (in hex):
[129786.920] (II) modeset(0): 	00ffffffffffff0009d1bd7845540000
[129786.920] (II) modeset(0): 	1a16010380301b782e9ad5a359559f27
[129786.920] (II) modeset(0): 	0c505421080061c0810081c081408180
[129786.920] (II) modeset(0): 	a9c0b300d1c0023a801871382d40582c
[129786.920] (II) modeset(0): 	4500dd0c1100001e000000ff00543643
[129786.920] (II) modeset(0): 	30363432383031390a20000000fd0032
[129786.920] (II) modeset(0): 	4c1e5311000a202020202020000000fc
[129786.920] (II) modeset(0): 	0042656e5120475732323530480a01a6
[129786.920] (II) modeset(0): 	020322f14f9005040302011112131406
[129786.920] (II) modeset(0): 	0715161f2309070765030c0010008301
[129786.920] (II) modeset(0): 	0000023a801871382d40582c4500dd0c
[129786.920] (II) modeset(0): 	1100001f011d8018711c1620582c2500
[129786.920] (II) modeset(0): 	dd0c1100009f011d007251d01e206e28
[129786.920] (II) modeset(0): 	5500dd0c1100001e8c0ad08a20e02d10
[129786.920] (II) modeset(0): 	103e9600dd0c11000018000000000000
[129786.920] (II) modeset(0): 	0000000000000000000000000000007b
[129786.920] (II) modeset(0): Printing probed modes for output HDMI-2
[129786.920] (II) modeset(0): Modeline "1920x1080"x60.0  148.50  1920 2008 2052 2200  1080 1084 1089 1125 +hsync +vsync (67.5 kHz eP)
[129786.920] (II) modeset(0): Modeline "1920x1080"x60.0  148.50  1920 2008 2052 2200  1080 1084 1089 1125 +hsync +vsync (67.5 kHz e)
[129786.920] (II) modeset(0): Modeline "1920x1080"x50.0  148.50  1920 2448 2492 2640  1080 1084 1089 1125 +hsync +vsync (56.2 kHz e)
[129786.920] (II) modeset(0): Modeline "1920x1080"x59.9  148.35  1920 2008 2052 2200  1080 1084 1089 1125 +hsync +vsync (67.4 kHz e)
[129786.920] (II) modeset(0): Modeline "1920x1080i"x60.0   74.25  1920 2008 2052 2200  1080 1084 1094 1125 interlace +hsync +vsync (33.8 kHz e)
[129786.920] (II) modeset(0): Modeline "1920x1080i"x60.0   74.25  1920 2008 2052 2200  1080 1084 1094 1125 interlace +hsync +vsync (33.8 kHz e)
[129786.920] (II) modeset(0): Modeline "1920x1080i"x50.0   74.25  1920 2448 2492 2640  1080 1084 1094 1125 interlace +hsync +vsync (28.1 kHz e)
[129786.920] (II) modeset(0): Modeline "1920x1080i"x59.9   74.18  1920 2008 2052 2200  1080 1084 1094 1125 interlace +hsync +vsync (33.7 kHz e)
[129786.920] (II) modeset(0): Modeline "1680x1050"x59.9  119.00  1680 1728 1760 1840  1050 1053 1059 1080 +hsync -vsync (64.7 kHz e)
[129786.920] (II) modeset(0): Modeline "1600x900"x60.0  108.00  1600 1624 1704 1800  900 901 904 1000 +hsync +vsync (60.0 kHz e)
[129786.920] (II) modeset(0): Modeline "1280x1024"x60.0  108.00  1280 1328 1440 1688  1024 1025 1028 1066 +hsync +vsync (64.0 kHz e)
[129786.920] (II) modeset(0): Modeline "1280x960"x60.0  108.00  1280 1376 1488 1800  960 961 964 1000 +hsync +vsync (60.0 kHz e)
[129786.920] (II) modeset(0): Modeline "1280x800"x59.9   71.00  1280 1328 1360 1440  800 803 809 823 +hsync -vsync (49.3 kHz e)
[129786.920] (II) modeset(0): Modeline "1280x720"x60.0   74.25  1280 1390 1430 1650  720 725 730 750 +hsync +vsync (45.0 kHz e)
[129786.920] (II) modeset(0): Modeline "1280x720"x60.0   74.25  1280 1390 1430 1650  720 725 730 750 +hsync +vsync (45.0 kHz e)
[129786.920] (II) modeset(0): Modeline "1280x720"x50.0   74.25  1280 1720 1760 1980  720 725 730 750 +hsync +vsync (37.5 kHz e)
[129786.920] (II) modeset(0): Modeline "1280x720"x59.9   74.18  1280 1390 1430 1650  720 725 730 750 +hsync +vsync (45.0 kHz e)
[129786.920] (II) modeset(0): Modeline "1024x768"x60.0   65.00  1024 1048 1184 1344  768 771 777 806 -hsync -vsync (48.4 kHz e)
[129786.920] (II) modeset(0): Modeline "1024x576"x60.0   46.97  1024 1064 1168 1312  576 577 580 597 -hsync +vsync (35.8 kHz)
[129786.920] (II) modeset(0): Modeline "800x600"x60.3   40.00  800 840 968 1056  600 601 605 628 +hsync +vsync (37.9 kHz e)
[129786.920] (II) modeset(0): Modeline "720x576"x50.0   27.00  720 732 796 864  576 581 586 625 -hsync -vsync (31.2 kHz e)
[129786.920] (II) modeset(0): Modeline "720x576"x50.0   27.00  720 732 796 864  576 581 586 625 -hsync -vsync (31.2 kHz e)
[129786.920] (II) modeset(0): Modeline "720x576i"x50.0   13.50  720 732 795 864  576 580 586 625 interlace -hsync -vsync (15.6 kHz e)
[129786.920] (II) modeset(0): Modeline "720x576i"x50.0   13.50  720 732 795 864  576 580 586 625 interlace -hsync -vsync (15.6 kHz e)
[129786.920] (II) modeset(0): Modeline "720x480"x60.0   27.03  720 736 798 858  480 489 495 525 -hsync -vsync (31.5 kHz e)
[129786.920] (II) modeset(0): Modeline "720x480"x60.0   27.03  720 736 798 858  480 489 495 525 -hsync -vsync (31.5 kHz e)
[129786.920] (II) modeset(0): Modeline "720x480"x59.9   27.00  720 736 798 858  480 489 495 525 -hsync -vsync (31.5 kHz e)
[129786.920] (II) modeset(0): Modeline "720x480"x59.9   27.00  720 736 798 858  480 489 495 525 -hsync -vsync (31.5 kHz e)
[129786.920] (II) modeset(0): Modeline "720x480"x59.9   27.00  720 736 798 858  480 489 495 525 -hsync -vsync (31.5 kHz e)
[129786.920] (II) modeset(0): Modeline "720x480i"x60.0   13.51  720 739 801 858  480 488 494 525 interlace -hsync -vsync (15.8 kHz e)
[129786.920] (II) modeset(0): Modeline "720x480i"x60.0   13.51  720 739 801 858  480 488 494 525 interlace -hsync -vsync (15.8 kHz e)
[129786.920] (II) modeset(0): Modeline "720x480i"x59.9   13.50  720 739 801 858  480 488 494 525 interlace -hsync -vsync (15.7 kHz e)
[129786.920] (II) modeset(0): Modeline "720x480i"x59.9   13.50  720 739 801 858  480 488 494 525 interlace -hsync -vsync (15.7 kHz e)
[129786.920] (II) modeset(0): Modeline "640x480"x60.0   25.20  640 656 752 800  480 490 492 525 -hsync -vsync (31.5 kHz e)
[129786.920] (II) modeset(0): Modeline "640x480"x59.9   25.18  640 656 752 800  480 490 492 525 -hsync -vsync (31.5 kHz e)
[129786.920] (II) modeset(0): Modeline "640x480"x59.9   25.18  640 656 752 800  480 490 492 525 -hsync -vsync (31.5 kHz e)
[129786.920] (II) modeset(0): Output eDP-1 connected
[129786.920] (II) modeset(0): Output DP-1 disconnected
[129786.920] (II) modeset(0): Output HDMI-1 disconnected
[129786.920] (II) modeset(0): Output DP-2 disconnected
[129786.920] (II) modeset(0): Output HDMI-2 connected
[129786.920] (II) modeset(0): Using spanning desktop for initial modes
[129786.920] (II) modeset(0): Output eDP-1 using initial mode 1920x1080 +0+0
[129786.920] (II) modeset(0): Output HDMI-2 using initial mode 1920x1080 +1920+0
[129786.920] (==) modeset(0): Using gamma correction (1.0, 1.0, 1.0)
[129786.920] (==) modeset(0): DPI set to (96, 96)
[129786.920] (II) Loading sub module "fb"
[129786.920] (II) LoadModule: "fb"
[129786.920] (II) Loading /usr/lib64/xorg/modules/libfb.so
[129786.921] (II) Module fb: vendor="X.Org Foundation"
[129786.921] 	compiled for 1.20.1, module version = 1.0.0
[129786.921] 	ABI class: X.Org ANSI C Emulation, version 0.4
[129786.936] (==) modeset(0): Backing store enabled
[129786.936] (==) modeset(0): Silken mouse enabled
[129787.049] (II) modeset(0): Initializing kms color map for depth 24, 8 bpc.
[129787.049] (==) modeset(0): DPMS enabled
[129787.050] (II) modeset(0): [DRI2] Setup complete
[129787.050] (II) modeset(0): [DRI2]   DRI driver: i965
[129787.050] (II) modeset(0): [DRI2]   VDPAU driver: i965
[129787.050] (II) Initializing extension Generic Event Extension
[129787.050] (II) Initializing extension SHAPE
[129787.050] (II) Initializing extension MIT-SHM
[129787.050] (II) Initializing extension XInputExtension
[129787.050] (II) Initializing extension XTEST
[129787.050] (II) Initializing extension BIG-REQUESTS
[129787.050] (II) Initializing extension SYNC
[129787.050] (II) Initializing extension XKEYBOARD
[129787.050] (II) Initializing extension XC-MISC
[129787.050] (II) Initializing extension XFIXES
[129787.050] (II) Initializing extension RENDER
[129787.050] (II) Initializing extension RANDR
[129787.050] (II) Initializing extension COMPOSITE
[129787.050] (II) Initializing extension DAMAGE
[129787.050] (II) Initializing extension MIT-SCREEN-SAVER
[129787.050] (II) Initializing extension DOUBLE-BUFFER
[129787.050] (II) Initializing extension RECORD
[129787.050] (II) Initializing extension DPMS
[129787.050] (II) Initializing extension Present
[129787.050] (II) Initializing extension DRI3
[129787.051] (II) Initializing extension X-Resource
[129787.051] (II) Initializing extension XVideo
[129787.051] (II) Initializing extension XVideo-MotionCompensation
[129787.051] (II) Initializing extension GLX
[129787.068] (II) AIGLX: Loaded and initialized i965
[129787.068] (II) GLX: Initialized DRI2 GL provider for screen 0
[129787.068] (II) Initializing extension XFree86-VidModeExtension
[129787.068] (II) Initializing extension XFree86-DGA
[129787.068] (II) Initializing extension XFree86-DRI
[129787.068] (II) Initializing extension DRI2
[129787.091] (II) modeset(0): Damage tracking initialized
[129787.091] (II) modeset(0): Setting screen physical size to 1016 x 285
[129787.201] (II) config/udev: Adding input device Power Button (/dev/input/event3)
[129787.201] (**) Power Button: Applying InputClass "libinput keyboard catchall"
[129787.201] (**) Power Button: Applying InputClass "evdev keyboard catchall"
[129787.201] (II) LoadModule: "evdev"
[129787.201] (WW) Warning, couldn't open module evdev
[129787.201] (EE) Failed to load module "evdev" (module does not exist, 0)
[129787.201] (EE) No input driver matching `evdev'
[129787.201] (II) Falling back to input driver `libinput'
[129787.201] (II) LoadModule: "libinput"
[129787.201] (II) Loading /usr/lib64/xorg/modules/input/libinput_drv.so
[129787.202] (II) Module libinput: vendor="X.Org Foundation"
[129787.202] 	compiled for 1.20.1, module version = 0.28.0
[129787.202] 	Module class: X.Org XInput Driver
[129787.202] 	ABI class: X.Org XInput driver, version 24.1
[129787.202] (II) Using input driver 'libinput' for 'Power Button'
[129787.202] (**) Power Button: always reports core events
[129787.202] (**) Option "Device" "/dev/input/event3"
[129787.202] (**) Option "_source" "server/udev"
[129787.203] (II) event3  - Power Button: is tagged by udev as: Keyboard
[129787.203] (II) event3  - Power Button: device is a keyboard
[129787.203] (II) event3  - Power Button: device removed
[129787.215] (**) Option "config_info" "udev:/sys/devices/LNXSYSTM:00/LNXPWRBN:00/input/input3/event3"
[129787.215] (II) XINPUT: Adding extended input device "Power Button" (type: KEYBOARD, id 6)
[129787.215] (**) Option "xkb_layout" "us, ru"
[129787.215] (**) Option "xkb_options" "grp:alt_shift_toggle,compose:ralt"
[129787.229] (II) event3  - Power Button: is tagged by udev as: Keyboard
[129787.229] (II) event3  - Power Button: device is a keyboard
[129787.229] (II) config/udev: Adding input device Video Bus (/dev/input/event4)
[129787.229] (**) Video Bus: Applying InputClass "libinput keyboard catchall"
[129787.229] (**) Video Bus: Applying InputClass "evdev keyboard catchall"
[129787.229] (II) LoadModule: "evdev"
[129787.229] (WW) Warning, couldn't open module evdev
[129787.229] (EE) Failed to load module "evdev" (module does not exist, 0)
[129787.229] (EE) No input driver matching `evdev'
[129787.229] (II) Falling back to input driver `libinput'
[129787.229] (II) Using input driver 'libinput' for 'Video Bus'
[129787.229] (**) Video Bus: always reports core events
[129787.230] (**) Option "Device" "/dev/input/event4"
[129787.230] (**) Option "_source" "server/udev"
[129787.230] (II) event4  - Video Bus: is tagged by udev as: Keyboard
[129787.230] (II) event4  - Video Bus: device is a keyboard
[129787.230] (II) event4  - Video Bus: device removed
[129787.250] (**) Option "config_info" "udev:/sys/devices/LNXSYSTM:00/LNXSYBUS:00/PNP0A08:00/LNXVIDEO:00/input/input4/event4"
[129787.250] (II) XINPUT: Adding extended input device "Video Bus" (type: KEYBOARD, id 7)
[129787.250] (**) Option "xkb_layout" "us, ru"
[129787.250] (**) Option "xkb_options" "grp:alt_shift_toggle,compose:ralt"
[129787.250] (II) event4  - Video Bus: is tagged by udev as: Keyboard
[129787.250] (II) event4  - Video Bus: device is a keyboard
[129787.250] (II) config/udev: Adding input device Power Button (/dev/input/event1)
[129787.250] (**) Power Button: Applying InputClass "libinput keyboard catchall"
[129787.250] (**) Power Button: Applying InputClass "evdev keyboard catchall"
[129787.250] (II) LoadModule: "evdev"
[129787.251] (WW) Warning, couldn't open module evdev
[129787.251] (EE) Failed to load module "evdev" (module does not exist, 0)
[129787.251] (EE) No input driver matching `evdev'
[129787.251] (II) Falling back to input driver `libinput'
[129787.251] (II) Using input driver 'libinput' for 'Power Button'
[129787.251] (**) Power Button: always reports core events
[129787.251] (**) Option "Device" "/dev/input/event1"
[129787.251] (**) Option "_source" "server/udev"
[129787.251] (II) event1  - Power Button: is tagged by udev as: Keyboard
[129787.251] (II) event1  - Power Button: device is a keyboard
[129787.251] (II) event1  - Power Button: device removed
[129787.261] (**) Option "config_info" "udev:/sys/devices/LNXSYSTM:00/LNXSYBUS:00/PNP0C0C:00/input/input1/event1"
[129787.261] (II) XINPUT: Adding extended input device "Power Button" (type: KEYBOARD, id 8)
[129787.261] (**) Option "xkb_layout" "us, ru"
[129787.261] (**) Option "xkb_options" "grp:alt_shift_toggle,compose:ralt"
[129787.261] (II) event1  - Power Button: is tagged by udev as: Keyboard
[129787.261] (II) event1  - Power Button: device is a keyboard
[129787.262] (II) config/udev: Adding input device Lid Switch (/dev/input/event2)
[129787.262] (II) No input driver specified, ignoring this device.
[129787.262] (II) This device may have been added with another device file.
[129787.262] (II) config/udev: Adding input device Sleep Button (/dev/input/event0)
[129787.262] (**) Sleep Button: Applying InputClass "libinput keyboard catchall"
[129787.262] (**) Sleep Button: Applying InputClass "evdev keyboard catchall"
[129787.262] (II) LoadModule: "evdev"
[129787.262] (WW) Warning, couldn't open module evdev
[129787.262] (EE) Failed to load module "evdev" (module does not exist, 0)
[129787.262] (EE) No input driver matching `evdev'
[129787.262] (II) Falling back to input driver `libinput'
[129787.262] (II) Using input driver 'libinput' for 'Sleep Button'
[129787.262] (**) Sleep Button: always reports core events
[129787.262] (**) Option "Device" "/dev/input/event0"
[129787.262] (**) Option "_source" "server/udev"
[129787.262] (II) event0  - Sleep Button: is tagged by udev as: Keyboard
[129787.262] (II) event0  - Sleep Button: device is a keyboard
[129787.262] (II) event0  - Sleep Button: device removed
[129787.273] (**) Option "config_info" "udev:/sys/devices/LNXSYSTM:00/LNXSYBUS:00/PNP0C0E:00/input/input0/event0"
[129787.273] (II) XINPUT: Adding extended input device "Sleep Button" (type: KEYBOARD, id 9)
[129787.273] (**) Option "xkb_layout" "us, ru"
[129787.273] (**) Option "xkb_options" "grp:alt_shift_toggle,compose:ralt"
[129787.274] (II) event0  - Sleep Button: is tagged by udev as: Keyboard
[129787.274] (II) event0  - Sleep Button: device is a keyboard
[129787.275] (II) config/udev: Adding input device Logitech USB Optical Mouse (/dev/input/event17)
[129787.275] (**) Logitech USB Optical Mouse: Applying InputClass "libinput pointer catchall"
[129787.275] (II) Using input driver 'libinput' for 'Logitech USB Optical Mouse'
[129787.275] (**) Logitech USB Optical Mouse: always reports core events
[129787.275] (**) Option "Device" "/dev/input/event17"
[129787.275] (**) Option "_source" "server/udev"
[129787.275] (II) event17 - Logitech USB Optical Mouse: is tagged by udev as: Mouse
[129787.275] (II) event17 - Logitech USB Optical Mouse: device is a pointer
[129787.275] (II) event17 - Logitech USB Optical Mouse: device removed
[129787.293] (**) Option "config_info" "udev:/sys/devices/pci0000:00/0000:00:14.0/usb1/1-1/1-1:1.0/0003:046D:C077.0004/input/input31/event17"
[129787.293] (II) XINPUT: Adding extended input device "Logitech USB Optical Mouse" (type: MOUSE, id 10)
[129787.293] (**) Option "AccelerationScheme" "none"
[129787.293] (**) Logitech USB Optical Mouse: (accel) selected scheme none/0
[129787.293] (**) Logitech USB Optical Mouse: (accel) acceleration factor: 2.000
[129787.293] (**) Logitech USB Optical Mouse: (accel) acceleration threshold: 4
[129787.294] (II) event17 - Logitech USB Optical Mouse: is tagged by udev as: Mouse
[129787.294] (II) event17 - Logitech USB Optical Mouse: device is a pointer
[129787.295] (II) config/udev: Adding input device Wacom Pen and multitouch sensor Finger (/dev/input/event7)
[129787.295] (**) Wacom Pen and multitouch sensor Finger: Applying InputClass "libinput touchscreen catchall"
[129787.295] (**) Wacom Pen and multitouch sensor Finger: Applying InputClass "Wacom USB touchscreen class"
[129787.295] (**) Wacom Pen and multitouch sensor Finger: Applying InputClass "Wacom touchscreen class"
[129787.295] (II) LoadModule: "wacom"
[129787.295] (II) Loading /usr/lib64/xorg/modules/input/wacom_drv.so
[129787.295] (II) Module wacom: vendor="X.Org Foundation"
[129787.295] 	compiled for 1.20.1, module version = 0.36.0
[129787.295] 	Module class: X.Org XInput Driver
[129787.295] 	ABI class: X.Org XInput driver, version 24.1
[129787.296] (II) Build version: 
[129787.296] (II) wacom: Driver for Wacom graphics tablets: PenPartner, Graphire,
	Graphire2 4x5, Graphire2 5x7, Graphire3 4x5, Graphire3 6x8,
	Graphire4 4x5, Graphire4 6x8, BambooFun 4x5, BambooFun 6x8,
	Bamboo1 Medium, Graphire4 6x8 BlueTooth, CTL-460, CTH-461, CTL-660,
	CTL-461/S, Bamboo Touch, CTH-460/K, CTH-461/S, CTH-661/S1, CTH-461/L,
	CTH-661/L, Intuos 4x5, Intuos 6x8, Intuos 9x12, Intuos 12x12,
	Intuos 12x18, PTU600, PL400, PL500, PL600, PL600SX, PL550, PL800,
	PL700, PL510, PL710, DTI520, DTF720, DTF720a, DTF521, DTU1931,
	DTU2231, DTU1631, DTH1152, DTH1152, Intuos2 4x5, Intuos2 6x8,
	Intuos2 9x12, Intuos2 12x12, Intuos2 12x18, Intuos2 6x8 , Volito,
	PenStation, Volito2 4x5, Volito2 2x3, PenPartner2, Bamboo, Bamboo1,
	Bamboo1 4x6, Bamboo1 5x8, Intuos3 4x5, Intuos3 6x8, Intuos3 9x12,
	Intuos3 12x12, Intuos3 12x19, Intuos3 6x11, Intuos3 4x6, Intuos4 4x6,
	Intuos4 6x9, Intuos4 8x13, Intuos4 12x19, Intuos4 WL USB Endpoint,
	Intuos4 WL Bluetooth Endpoint, Intuos5 touch S, Intuos5 touch M,
	Intuos5 touch L, Intuos5 S, Intuos5 M, Intuos Pro S, Intuos Pro M,
	Intuos Pro L, Cintiq 21UX, Cintiq 20WSX, Cintiq 12WX, Cintiq 21UX2,
	Cintiq 24HD, Cintiq 22HD, Cintiq 24HD touch (EMR digitizer),
	Cintiq 13HD, DTK2241, DTH2242, Cintiq 22HDT, Cintiq 27QHDT,
	Cintiq 27QHDT, Mobilestudio Pro 13, MobileStudio Pro 16,
	MobileStudio Pro 13, MobileStudio Pro 16, Cintiq 13 FHD Pro,
	Cintiq 16 UHD Pro, Cintiq Pro 24, Cintiq Pro 32, Cintiq 13 FHD Pro,
	Cintiq 16 UHD Pro, Cintiq Pro 24, Cintiq Pro 32, Cintiq Pro 24,
	TabletPC 0x90, TabletPC 0x93, TabletPC 0x97, TabletPC 0x9A,
	CapPlus  0x9F, TabletPC 0xE2, TabletPC 0xE3, TabletPC 0xE5,
	TabletPC 0xE6, TabletPC 0xEC, TabletPC 0xED, TabletPC 0xEF,
	TabletPC 0x100, TabletPC 0x101, TabletPC 0x10D, TabletPC 0x116,
	TabletPC 0x12C, TabletPC 0x4001, TabletPC 0x4004, TabletPC 0x5000,
	TabletPC 0x5002, usb:172f:0024, usb:172f:0025, usb:172f:0026,
	usb:172f:0027, usb:172f:0028, usb:172f:0030, usb:172f:0031,
	usb:172f:0032, usb:172f:0033, usb:172f:0034, usb:172f:0035,
	usb:172f:0036, usb:172f:0037, usb:172f:0038, usb:172f:0039,
	usb:172f:0051, usb:172f:0052, usb:172f:0053, usb:172f:0054,
	usb:172f:0055, usb:172f:0056, usb:172f:0057, usb:172f:0058,
	usb:172f:0500, usb:172f:0501, usb:172f:0502, usb:172f:0503,
	usb:1b96:0001, usb:17ef:6004
[129787.298] (II) Using input driver 'wacom' for 'Wacom Pen and multitouch sensor Finger'
[129787.298] (**) Wacom Pen and multitouch sensor Finger: always reports core events
[129787.298] (**) Option "Device" "/dev/input/event7"
[129787.350] (EE) Wacom Pen and multitouch sensor Finger: Invalid type 'stylus' for this device.
[129787.350] (EE) Wacom Pen and multitouch sensor Finger: Invalid type 'eraser' for this device.
[129787.350] (EE) Wacom Pen and multitouch sensor Finger: Invalid type 'cursor' for this device.
[129787.350] (II) Wacom Pen and multitouch sensor Finger: type not specified, assuming 'touch'.
[129787.350] (II) Wacom Pen and multitouch sensor Finger: other types will be automatically added.
[129787.350] (**) Wacom Pen and multitouch sensor Finger touch: panscroll is 0
[129787.350] (**) Wacom Pen and multitouch sensor Finger touch: panscroll modified to 13
[129787.350] (--) Wacom Pen and multitouch sensor Finger touch: maxX=11748 maxY=6604 maxZ=0 resX=40000 resY=40000 
[129787.350] (II) Wacom Pen and multitouch sensor Finger touch: hotplugging dependent devices.
[129787.350] (EE) Wacom Pen and multitouch sensor Finger touch: Invalid type 'stylus' for this device.
[129787.350] (EE) Wacom Pen and multitouch sensor Finger touch: Invalid type 'eraser' for this device.
[129787.350] (EE) Wacom Pen and multitouch sensor Finger touch: Invalid type 'cursor' for this device.
[129787.350] (EE) Wacom Pen and multitouch sensor Finger touch: Invalid type 'pad' for this device.
[129787.351] (II) Wacom Pen and multitouch sensor Finger touch: hotplugging completed.
[129787.365] (**) Option "config_info" "udev:/sys/devices/pci0000:00/0000:00:14.0/usb1/1-10/1-10:1.0/0003:056A:5150.0001/input/input17/event7"
[129787.365] (II) XINPUT: Adding extended input device "Wacom Pen and multitouch sensor Finger touch" (type: TOUCH, id 11)
[129787.366] (**) Wacom Pen and multitouch sensor Finger touch: (accel) keeping acceleration scheme 1
[129787.366] (**) Wacom Pen and multitouch sensor Finger touch: (accel) acceleration profile 0
[129787.366] (**) Wacom Pen and multitouch sensor Finger touch: (accel) acceleration factor: 2.000
[129787.366] (**) Wacom Pen and multitouch sensor Finger touch: (accel) acceleration threshold: 4
[129787.419] (II) config/udev: Adding input device Wacom Pen and multitouch sensor Pen (/dev/input/event8)
[129787.419] (**) Wacom Pen and multitouch sensor Pen: Applying InputClass "libinput tablet catchall"
[129787.419] (**) Wacom Pen and multitouch sensor Pen: Applying InputClass "Wacom USB tablet class"
[129787.419] (**) Wacom Pen and multitouch sensor Pen: Applying InputClass "Wacom tablet class"
[129787.419] (II) Using input driver 'wacom' for 'Wacom Pen and multitouch sensor Pen'
[129787.420] (**) Wacom Pen and multitouch sensor Pen: always reports core events
[129787.420] (**) Option "Device" "/dev/input/event8"
[129787.472] (II) Wacom Pen and multitouch sensor Pen: type not specified, assuming 'stylus'.
[129787.472] (II) Wacom Pen and multitouch sensor Pen: other types will be automatically added.
[129787.472] (--) Wacom Pen and multitouch sensor Pen stylus: using pressure threshold of 851 for button 1
[129787.472] (**) Wacom Pen and multitouch sensor Pen stylus: panscroll is 0
[129787.472] (**) Wacom Pen and multitouch sensor Pen stylus: panscroll modified to 1300
[129787.472] (--) Wacom Pen and multitouch sensor Pen stylus: maxX=29376 maxY=16524 maxZ=4095 resX=100000 resY=100000  tilt=enabled
[129787.472] (II) Wacom Pen and multitouch sensor Pen stylus: hotplugging dependent devices.
[129787.472] (EE) Wacom Pen and multitouch sensor Pen stylus: Invalid type 'cursor' for this device.
[129787.473] (EE) Wacom Pen and multitouch sensor Pen stylus: Invalid type 'touch' for this device.
[129787.473] (EE) Wacom Pen and multitouch sensor Pen stylus: Invalid type 'pad' for this device.
[129787.473] (II) Wacom Pen and multitouch sensor Pen stylus: hotplugging completed.
[129787.487] (**) Option "config_info" "udev:/sys/devices/pci0000:00/0000:00:14.0/usb1/1-10/1-10:1.1/0003:056A:5150.0002/input/input19/event8"
[129787.487] (II) XINPUT: Adding extended input device "Wacom Pen and multitouch sensor Pen stylus" (type: STYLUS, id 12)
[129787.488] (**) Wacom Pen and multitouch sensor Pen stylus: (accel) keeping acceleration scheme 1
[129787.488] (**) Wacom Pen and multitouch sensor Pen stylus: (accel) acceleration profile 0
[129787.488] (**) Wacom Pen and multitouch sensor Pen stylus: (accel) acceleration factor: 2.000
[129787.488] (**) Wacom Pen and multitouch sensor Pen stylus: (accel) acceleration threshold: 4
[129787.541] (II) config/udev: Adding input device Integrated Camera: Integrated C (/dev/input/event9)
[129787.541] (**) Integrated Camera: Integrated C: Applying InputClass "libinput keyboard catchall"
[129787.541] (**) Integrated Camera: Integrated C: Applying InputClass "evdev keyboard catchall"
[129787.541] (II) LoadModule: "evdev"
[129787.541] (WW) Warning, couldn't open module evdev
[129787.541] (EE) Failed to load module "evdev" (module does not exist, 0)
[129787.541] (EE) No input driver matching `evdev'
[129787.541] (II) Falling back to input driver `libinput'
[129787.541] (II) Using input driver 'libinput' for 'Integrated Camera: Integrated C'
[129787.541] (**) Integrated Camera: Integrated C: always reports core events
[129787.541] (**) Option "Device" "/dev/input/event9"
[129787.542] (**) Option "_source" "server/udev"
[129787.542] (II) event9  - Integrated Camera: Integrated C: is tagged by udev as: Keyboard
[129787.542] (II) event9  - Integrated Camera: Integrated C: device is a keyboard
[129787.542] (II) event9  - Integrated Camera: Integrated C: device removed
[129787.558] (**) Option "config_info" "udev:/sys/devices/pci0000:00/0000:00:14.0/usb1/1-8/1-8:1.0/input/input24/event9"
[129787.558] (II) XINPUT: Adding extended input device "Integrated Camera: Integrated C" (type: KEYBOARD, id 13)
[129787.558] (**) Option "xkb_layout" "us, ru"
[129787.558] (**) Option "xkb_options" "grp:alt_shift_toggle,compose:ralt"
[129787.559] (II) event9  - Integrated Camera: Integrated C: is tagged by udev as: Keyboard
[129787.559] (II) event9  - Integrated Camera: Integrated C: device is a keyboard
[129787.560] (II) config/udev: Adding input device HDA Intel PCH Mic (/dev/input/event10)
[129787.560] (II) No input driver specified, ignoring this device.
[129787.560] (II) This device may have been added with another device file.
[129787.560] (II) config/udev: Adding input device HDA Intel PCH Headphone (/dev/input/event11)
[129787.560] (II) No input driver specified, ignoring this device.
[129787.560] (II) This device may have been added with another device file.
[129787.561] (II) config/udev: Adding input device HDA Intel PCH HDMI/DP,pcm=3 (/dev/input/event12)
[129787.561] (II) No input driver specified, ignoring this device.
[129787.561] (II) This device may have been added with another device file.
[129787.561] (II) config/udev: Adding input device HDA Intel PCH HDMI/DP,pcm=7 (/dev/input/event13)
[129787.561] (II) No input driver specified, ignoring this device.
[129787.561] (II) This device may have been added with another device file.
[129787.562] (II) config/udev: Adding input device HDA Intel PCH HDMI/DP,pcm=8 (/dev/input/event14)
[129787.562] (II) No input driver specified, ignoring this device.
[129787.562] (II) This device may have been added with another device file.
[129787.562] (II) config/udev: Adding input device HDA Intel PCH HDMI/DP,pcm=9 (/dev/input/event15)
[129787.562] (II) No input driver specified, ignoring this device.
[129787.562] (II) This device may have been added with another device file.
[129787.563] (II) config/udev: Adding input device HDA Intel PCH HDMI/DP,pcm=10 (/dev/input/event16)
[129787.563] (II) No input driver specified, ignoring this device.
[129787.563] (II) This device may have been added with another device file.
[129787.563] (II) config/udev: Adding input device AT Translated Set 2 keyboard (/dev/input/event5)
[129787.563] (**) AT Translated Set 2 keyboard: Applying InputClass "libinput keyboard catchall"
[129787.563] (**) AT Translated Set 2 keyboard: Applying InputClass "evdev keyboard catchall"
[129787.563] (II) LoadModule: "evdev"
[129787.564] (WW) Warning, couldn't open module evdev
[129787.564] (EE) Failed to load module "evdev" (module does not exist, 0)
[129787.564] (EE) No input driver matching `evdev'
[129787.564] (II) Falling back to input driver `libinput'
[129787.564] (II) Using input driver 'libinput' for 'AT Translated Set 2 keyboard'
[129787.564] (**) AT Translated Set 2 keyboard: always reports core events
[129787.564] (**) Option "Device" "/dev/input/event5"
[129787.564] (**) Option "_source" "server/udev"
[129787.564] (II) event5  - AT Translated Set 2 keyboard: is tagged by udev as: Keyboard
[129787.564] (II) event5  - AT Translated Set 2 keyboard: device is a keyboard
[129787.564] (II) event5  - AT Translated Set 2 keyboard: device removed
[129787.574] (**) Option "config_info" "udev:/sys/devices/platform/i8042/serio0/input/input5/event5"
[129787.574] (II) XINPUT: Adding extended input device "AT Translated Set 2 keyboard" (type: KEYBOARD, id 14)
[129787.574] (**) Option "xkb_layout" "us, ru"
[129787.574] (**) Option "xkb_options" "grp:alt_shift_toggle,compose:ralt"
[129787.575] (II) event5  - AT Translated Set 2 keyboard: is tagged by udev as: Keyboard
[129787.575] (II) event5  - AT Translated Set 2 keyboard: device is a keyboard
[129787.576] (II) config/udev: Adding input device PS/2 Logitech Wheel Mouse (/dev/input/event6)
[129787.576] (**) PS/2 Logitech Wheel Mouse: Applying InputClass "libinput pointer catchall"
[129787.576] (II) Using input driver 'libinput' for 'PS/2 Logitech Wheel Mouse'
[129787.576] (**) PS/2 Logitech Wheel Mouse: always reports core events
[129787.576] (**) Option "Device" "/dev/input/event6"
[129787.576] (**) Option "_source" "server/udev"
[129787.576] (II) event6  - PS/2 Logitech Wheel Mouse: is tagged by udev as: Mouse
[129787.576] (II) event6  - PS/2 Logitech Wheel Mouse: device is a pointer
[129787.576] (II) event6  - PS/2 Logitech Wheel Mouse: device removed
[129787.598] (**) Option "config_info" "udev:/sys/devices/platform/i8042/serio1/input/input7/event6"
[129787.598] (II) XINPUT: Adding extended input device "PS/2 Logitech Wheel Mouse" (type: MOUSE, id 15)
[129787.598] (**) Option "AccelerationScheme" "none"
[129787.598] (**) PS/2 Logitech Wheel Mouse: (accel) selected scheme none/0
[129787.598] (**) PS/2 Logitech Wheel Mouse: (accel) acceleration factor: 2.000
[129787.598] (**) PS/2 Logitech Wheel Mouse: (accel) acceleration threshold: 4
[129787.599] (II) event6  - PS/2 Logitech Wheel Mouse: is tagged by udev as: Mouse
[129787.599] (II) event6  - PS/2 Logitech Wheel Mouse: device is a pointer
[129787.604] (**) Wacom Pen and multitouch sensor Pen eraser: Applying InputClass "libinput tablet catchall"
[129787.605] (**) Wacom Pen and multitouch sensor Pen eraser: Applying InputClass "Wacom USB tablet class"
[129787.605] (**) Wacom Pen and multitouch sensor Pen eraser: Applying InputClass "Wacom tablet class"
[129787.605] (II) Using input driver 'wacom' for 'Wacom Pen and multitouch sensor Pen eraser'
[129787.605] (**) Wacom Pen and multitouch sensor Pen eraser: always reports core events
[129787.605] (**) Option "Device" "/dev/input/event8"
[129787.605] (**) Option "Type" "eraser"
[129787.605] (**) Wacom Pen and multitouch sensor Pen eraser: panscroll is 1300
[129787.605] (**) Wacom Pen and multitouch sensor Pen eraser: panscroll modified to 1300
[129787.605] (--) Wacom Pen and multitouch sensor Pen eraser: maxX=29376 maxY=16524 maxZ=4095 resX=100000 resY=100000  tilt=enabled
[129787.618] (**) Option "config_info" "udev:/sys/devices/pci0000:00/0000:00:14.0/usb1/1-10/1-10:1.1/0003:056A:5150.0002/input/input19/event8"
[129787.618] (II) XINPUT: Adding extended input device "Wacom Pen and multitouch sensor Pen eraser" (type: ERASER, id 16)
[129787.619] (**) Wacom Pen and multitouch sensor Pen eraser: (accel) keeping acceleration scheme 1
[129787.619] (**) Wacom Pen and multitouch sensor Pen eraser: (accel) acceleration profile 0
[129787.619] (**) Wacom Pen and multitouch sensor Pen eraser: (accel) acceleration factor: 2.000
[129787.619] (**) Wacom Pen and multitouch sensor Pen eraser: (accel) acceleration threshold: 4
[129817.731] (II) modeset(0): EDID vendor "BNQ", prod id 30909
[129817.731] (II) modeset(0): Using EDID range info for horizontal sync
[129817.731] (II) modeset(0): Using EDID range info for vertical refresh
[129817.731] (II) modeset(0): Printing DDC gathered Modelines:
[129817.731] (II) modeset(0): Modeline "1920x1080"x0.0  148.50  1920 2008 2052 2200  1080 1084 1089 1125 +hsync +vsync (67.5 kHz eP)
[129817.731] (II) modeset(0): Modeline "1920x1080i"x0.0   74.25  1920 2008 2052 2200  1080 1084 1094 1125 interlace +hsync +vsync (33.8 kHz e)
[129817.731] (II) modeset(0): Modeline "1280x720"x0.0   74.25  1280 1390 1430 1650  720 725 730 750 +hsync +vsync (45.0 kHz e)
[129817.731] (II) modeset(0): Modeline "720x480"x0.0   27.00  720 736 798 858  480 489 495 525 -hsync -vsync (31.5 kHz e)
[129817.731] (II) modeset(0): Modeline "640x480"x0.0   25.18  640 656 752 800  480 490 492 525 -hsync -vsync (31.5 kHz e)
[129817.731] (II) modeset(0): Modeline "720x576"x0.0   27.00  720 732 796 864  576 581 586 625 -hsync -vsync (31.2 kHz e)
[129817.731] (II) modeset(0): Modeline "1280x720"x0.0   74.25  1280 1720 1760 1980  720 725 730 750 +hsync +vsync (37.5 kHz e)
[129817.731] (II) modeset(0): Modeline "1920x1080i"x0.0   74.25  1920 2448 2492 2640  1080 1084 1094 1125 interlace +hsync +vsync (28.1 kHz e)
[129817.731] (II) modeset(0): Modeline "1440x480i"x0.0   27.00  1440 1478 1602 1716  480 488 494 525 interlace -hsync -vsync (15.7 kHz e)
[129817.731] (II) modeset(0): Modeline "1440x576i"x0.0   27.00  1440 1464 1590 1728  576 580 586 625 interlace -hsync -vsync (15.6 kHz e)
[129817.731] (II) modeset(0): Modeline "1920x1080"x0.0  148.50  1920 2448 2492 2640  1080 1084 1089 1125 +hsync +vsync (56.2 kHz e)
[129817.731] (II) modeset(0): Modeline "800x600"x0.0   40.00  800 840 968 1056  600 601 605 628 +hsync +vsync (37.9 kHz e)
[129817.731] (II) modeset(0): Modeline "1024x768"x0.0   65.00  1024 1048 1184 1344  768 771 777 806 -hsync -vsync (48.4 kHz e)
[129817.731] (II) modeset(0): Modeline "1024x576"x60.0   46.99  1024 1064 1168 1312  576 577 580 597 -hsync +vsync (35.8 kHz e)
[129817.732] (II) modeset(0): Modeline "1280x800"x0.0   71.00  1280 1328 1360 1440  800 803 809 823 +hsync -vsync (49.3 kHz e)
[129817.732] (II) modeset(0): Modeline "1280x960"x0.0  108.00  1280 1376 1488 1800  960 961 964 1000 +hsync +vsync (60.0 kHz e)
[129817.732] (II) modeset(0): Modeline "1280x1024"x0.0  108.00  1280 1328 1440 1688  1024 1025 1028 1066 +hsync +vsync (64.0 kHz e)
[129817.732] (II) modeset(0): Modeline "1600x900"x60.0  119.00  1600 1696 1864 2128  900 901 904 932 -hsync +vsync (55.9 kHz e)
[129817.732] (II) modeset(0): Modeline "1680x1050"x0.0  119.00  1680 1728 1760 1840  1050 1053 1059 1080 +hsync -vsync (64.7 kHz e)
[148738.405] (II) modeset(0): Allocate new frame buffer 1920x1080 stride
[148848.797] (EE) client bug: timer event6 debounce: offset negative (-1819ms)
[148848.797] (EE) client bug: timer event6 btnscroll: offset negative (-1644ms)
[148848.811] (II) config/udev: removing device Logitech USB Optical Mouse
[148848.811] (II) event17 - Logitech USB Optical Mouse: device removed
[148848.819] (II) UnloadModule: "libinput"
[152120.127] (II) event6  - PS/2 Logitech Wheel Mouse: Enabling spurious button debouncing, see https://wayland.freedesktop.org/libinput/doc/1.11.3/button_debouncing.html for details
[158308.303] (EE) client bug: timer event6 debounce: offset negative (-593ms)
[158308.303] (EE) client bug: timer event6 btnscroll: offset negative (-418ms)
[158366.899] (EE) client bug: timer event6 debounce: offset negative (-587ms)
[158366.899] (EE) client bug: timer event6 btnscroll: offset negative (-412ms)
[170784.073] (EE) client bug: timer event6 debounce: offset negative (-579ms)
[170784.073] (EE) client bug: timer event6 btnscroll: offset negative (-404ms)
[204324.263] (EE) client bug: timer event6 debounce: offset negative (-587ms)
[204324.263] (EE) client bug: timer event6 btnscroll: offset negative (-412ms)
[204371.563] (EE) client bug: timer event6 debounce: offset negative (-585ms)
[204371.563] (EE) client bug: timer event6 btnscroll: offset negative (-411ms)
[204405.521] (EE) client bug: timer event6 debounce: offset negative (-1619ms)
[204405.521] (EE) client bug: timer event6 debounce short: offset negative (-1632ms)
[204405.521] (EE) client bug: timer event6 debounce: offset negative (-586ms)
[204405.522] (EE) client bug: timer event6 btnscroll: offset negative (-411ms)
[223853.563] (EE) client bug: timer event6 debounce: offset negative (-596ms)
[223853.563] (EE) client bug: timer event6 btnscroll: offset negative (-421ms)
[248156.248] (II) event3  - Power Button: device removed
[248156.273] (II) event4  - Video Bus: device removed
[248156.285] (II) event1  - Power Button: device removed
[248156.297] (II) event0  - Sleep Button: device removed
[248156.317] (II) event9  - Integrated Camera: Integrated C: device removed
[248156.329] (II) event5  - AT Translated Set 2 keyboard: device removed
[248156.342] (II) event6  - PS/2 Logitech Wheel Mouse: device removed
[248156.369] (II) AIGLX: Suspending AIGLX clients for VT switch
[248158.853] (II) AIGLX: Resuming AIGLX clients after VT switch
[248158.903] (II) modeset(0): EDID vendor "IVO", prod id 1334
[248158.903] (II) modeset(0): Printing DDC gathered Modelines:
[248158.903] (II) modeset(0): Modeline "1920x1080"x0.0  138.80  1920 1944 1992 2080  1080 1083 1095 1112 -hsync -vsync (66.7 kHz eP)
[248159.037] (II) event3  - Power Button: is tagged by udev as: Keyboard
[248159.037] (II) event3  - Power Button: device is a keyboard
[248159.039] (II) event4  - Video Bus: is tagged by udev as: Keyboard
[248159.039] (II) event4  - Video Bus: device is a keyboard
[248159.040] (II) event1  - Power Button: is tagged by udev as: Keyboard
[248159.040] (II) event1  - Power Button: device is a keyboard
[248159.040] (II) event0  - Sleep Button: is tagged by udev as: Keyboard
[248159.040] (II) event0  - Sleep Button: device is a keyboard
[248159.042] (II) event9  - Integrated Camera: Integrated C: is tagged by udev as: Keyboard
[248159.042] (II) event9  - Integrated Camera: Integrated C: device is a keyboard
[248159.043] (II) event5  - AT Translated Set 2 keyboard: is tagged by udev as: Keyboard
[248159.043] (II) event5  - AT Translated Set 2 keyboard: device is a keyboard
[248159.044] (II) event6  - PS/2 Logitech Wheel Mouse: is tagged by udev as: Mouse
[248159.044] (II) event6  - PS/2 Logitech Wheel Mouse: device is a pointer
[248414.104] (II) config/udev: Adding input device ThinkPad Extra Buttons (/dev/input/event17)
[248414.105] (**) ThinkPad Extra Buttons: Applying InputClass "libinput keyboard catchall"
[248414.105] (**) ThinkPad Extra Buttons: Applying InputClass "evdev keyboard catchall"
[248414.105] (II) LoadModule: "evdev"
[248414.105] (WW) Warning, couldn't open module evdev
[248414.105] (EE) Failed to load module "evdev" (module does not exist, 0)
[248414.105] (EE) No input driver matching `evdev'
[248414.105] (II) Falling back to input driver `libinput'
[248414.105] (II) Using input driver 'libinput' for 'ThinkPad Extra Buttons'
[248414.105] (**) ThinkPad Extra Buttons: always reports core events
[248414.105] (**) Option "Device" "/dev/input/event17"
[248414.105] (**) Option "_source" "server/udev"
[248414.106] (II) event17 - ThinkPad Extra Buttons: is tagged by udev as: Keyboard
[248414.106] (II) event17 - ThinkPad Extra Buttons: device is a keyboard
[248414.106] (II) event17 - ThinkPad Extra Buttons: device removed
[248414.121] (**) Option "config_info" "udev:/sys/devices/platform/thinkpad_acpi/input/input32/event17"
[248414.121] (II) XINPUT: Adding extended input device "ThinkPad Extra Buttons" (type: KEYBOARD, id 10)
[248414.121] (**) Option "xkb_layout" "us, ru"
[248414.121] (**) Option "xkb_options" "grp:alt_shift_toggle,compose:ralt"
[248414.123] (II) event17 - ThinkPad Extra Buttons: is tagged by udev as: Keyboard
[248414.123] (II) event17 - ThinkPad Extra Buttons: device is a keyboard
[248978.946] (EE) libinput bug: Event for missing capability CAP_SWITCH on device "ThinkPad Extra Buttons"
[249026.975] (EE) libinput bug: Event for missing capability CAP_SWITCH on device "ThinkPad Extra Buttons"
[249585.142] (EE) libinput bug: Event for missing capability CAP_SWITCH on device "ThinkPad Extra Buttons"
[249594.812] (EE) libinput bug: Event for missing capability CAP_SWITCH on device "ThinkPad Extra Buttons"
[250636.331] (II) modeset(0): EDID vendor "IVO", prod id 1334
[250636.331] (II) modeset(0): Printing DDC gathered Modelines:
[250636.331] (II) modeset(0): Modeline "1920x1080"x0.0  138.80  1920 1944 1992 2080  1080 1083 1095 1112 -hsync -vsync (66.7 kHz eP)
