[   102.098] (--) Log file renamed from "/home/USERNAME/.local/share/xorg/Xorg.pid-4823.log" to "/home/USERNAME/.local/share/xorg/Xorg.0.log"
[   102.099] 
X.Org X Server 1.21.1.9
X Protocol Version 11, Revision 0
[   102.099] Current Operating System: Linux HOSTNAME 6.6.3-arch1-1 #1 SMP PREEMPT_DYNAMIC Wed, 29 Nov 2023 00:37:40 +0000 x86_64
[   102.099] Kernel command line: initrd=\MACHINEID\6.6.3-arch1-1\initrd nvme_load=YES nowatchdog rw root=UUID=6aa1574b-5e4d-4b10-ab98-b32debee966d resume=UUID=3442f7c7-257a-4011-85c6-ceaf4bda19ba systemd.machine_id=MACHINEID
[   102.099]  
[   102.099] Current version of pixman: 0.42.2
[   102.099] 	Before reporting problems, check http://wiki.x.org
	to make sure that you have the latest version.
[   102.099] Markers: (--) probed, (**) from config file, (==) default setting,
	(++) from command line, (!!) notice, (II) informational,
	(WW) warning, (EE) error, (NI) not implemented, (??) unknown.
[   102.099] (==) Log file: "/home/USERNAME/.local/share/xorg/Xorg.0.log", Time: Fri Dec  1 18:49:34 2023
[   102.099] (==) Using config directory: "/etc/X11/xorg.conf.d"
[   102.099] (==) Using system config directory "/usr/share/X11/xorg.conf.d"
[   102.099] (==) No Layout section.  Using the first Screen section.
[   102.099] (==) No screen section available. Using defaults.
[   102.099] (**) |-->Screen "Default Screen Section" (0)
[   102.099] (**) |   |-->Monitor "<default monitor>"
[   102.099] (==) No monitor specified for screen "Default Screen Section".
	Using a default monitor configuration.
[   102.099] (==) Automatically adding devices
[   102.099] (==) Automatically enabling devices
[   102.099] (==) Automatically adding GPU devices
[   102.099] (==) Automatically binding GPU devices
[   102.099] (==) Max clients allowed: 256, resource mask: 0x1fffff
[   102.099] (WW) The directory "/usr/share/fonts/misc" does not exist.
[   102.099] 	Entry deleted from font path.
[   102.099] (WW) `fonts.dir' not found (or not valid) in "/usr/share/fonts/TTF".
[   102.099] 	Entry deleted from font path.
[   102.099] 	(Run 'mkfontdir' on "/usr/share/fonts/TTF").
[   102.099] (WW) The directory "/usr/share/fonts/OTF" does not exist.
[   102.099] 	Entry deleted from font path.
[   102.099] (WW) The directory "/usr/share/fonts/Type1" does not exist.
[   102.099] 	Entry deleted from font path.
[   102.099] (WW) The directory "/usr/share/fonts/100dpi" does not exist.
[   102.099] 	Entry deleted from font path.
[   102.099] (WW) The directory "/usr/share/fonts/75dpi" does not exist.
[   102.099] 	Entry deleted from font path.
[   102.099] (==) FontPath set to:
	
[   102.099] (==) ModulePath set to "/usr/lib/xorg/modules"
[   102.099] (II) The server relies on udev to provide the list of input devices.
	If no devices become available, reconfigure udev or disable AutoAddDevices.
[   102.099] (II) Module ABI versions:
[   102.099] 	X.Org ANSI C Emulation: 0.4
[   102.099] 	X.Org Video Driver: 25.2
[   102.099] 	X.Org XInput driver : 24.4
[   102.099] 	X.Org Server Extension : 10.0
[   102.100] (++) using VT number 2

[   102.102] (II) systemd-logind: took control of session /org/freedesktop/login1/session/_310
[   102.102] (II) xfree86: Adding drm device (/dev/dri/card1)
[   102.102] (II) Platform probe for /sys/devices/pci0000:00/0000:00:02.0/drm/card1
[   102.103] (II) systemd-logind: got fd for /dev/dri/card1 226:1 fd 14 paused 0
[   102.106] (--) PCI:*(0@0:2:0) 8086:9b41:1028:09ba rev 2, Mem @ 0x604a000000/16777216, 0x4000000000/268435456, I/O @ 0x00003000/64, BIOS @ 0x????????/131072
[   102.106] (WW) Open ACPI failed (/var/run/acpid.socket) (No such file or directory)
[   102.106] (II) LoadModule: "glx"
[   102.106] (II) Loading /usr/lib/xorg/modules/extensions/libglx.so
[   102.108] (II) Module glx: vendor="X.Org Foundation"
[   102.108] 	compiled for 1.21.1.9, module version = 1.0.0
[   102.108] 	ABI class: X.Org Server Extension, version 10.0
[   102.108] (==) Matched intel as autoconfigured driver 0
[   102.108] (==) Matched modesetting as autoconfigured driver 1
[   102.108] (==) Matched fbdev as autoconfigured driver 2
[   102.108] (==) Matched vesa as autoconfigured driver 3
[   102.108] (==) Assigned the driver to the xf86ConfigLayout
[   102.108] (II) LoadModule: "intel"
[   102.108] (WW) Warning, couldn't open module intel
[   102.108] (EE) Failed to load module "intel" (module does not exist, 0)
[   102.108] (II) LoadModule: "modesetting"
[   102.108] (II) Loading /usr/lib/xorg/modules/drivers/modesetting_drv.so
[   102.109] (II) Module modesetting: vendor="X.Org Foundation"
[   102.109] 	compiled for 1.21.1.9, module version = 1.21.1
[   102.109] 	Module class: X.Org Video Driver
[   102.109] 	ABI class: X.Org Video Driver, version 25.2
[   102.109] (II) LoadModule: "fbdev"
[   102.109] (WW) Warning, couldn't open module fbdev
[   102.109] (EE) Failed to load module "fbdev" (module does not exist, 0)
[   102.109] (II) LoadModule: "vesa"
[   102.109] (WW) Warning, couldn't open module vesa
[   102.109] (EE) Failed to load module "vesa" (module does not exist, 0)
[   102.109] (II) modesetting: Driver for Modesetting Kernel Drivers: kms
[   102.109] (II) modeset(0): using drv /dev/dri/card1
[   102.109] (WW) VGA arbiter: cannot open kernel arbiter, no multi-card support
[   102.109] (II) modeset(0): Creating default Display subsection in Screen section
	"Default Screen Section" for depth/fbbpp 24/32
[   102.109] (==) modeset(0): Depth 24, (==) framebuffer bpp 32
[   102.109] (==) modeset(0): RGB weight 888
[   102.109] (==) modeset(0): Default visual is TrueColor
[   102.109] (II) Loading sub module "glamoregl"
[   102.109] (II) LoadModule: "glamoregl"
[   102.109] (II) Loading /usr/lib/xorg/modules/libglamoregl.so
[   102.113] (II) Module glamoregl: vendor="X.Org Foundation"
[   102.113] 	compiled for 1.21.1.9, module version = 1.0.1
[   102.113] 	ABI class: X.Org ANSI C Emulation, version 0.4
[   102.139] (II) modeset(0): glamor X acceleration enabled on Mesa Intel(R) UHD Graphics (CML GT2)
[   102.139] (II) modeset(0): glamor initialized
[   102.139] (==) modeset(0): VariableRefresh: disabled
[   102.139] (==) modeset(0): AsyncFlipSecondaries: disabled
[   102.141] (II) modeset(0): Output eDP-1 has no monitor section
[   102.142] (II) modeset(0): Output DP-1 has no monitor section
[   102.166] (II) modeset(0): Output HDMI-1 has no monitor section
[   102.166] (II) modeset(0): Output DP-2 has no monitor section
[   102.192] (II) modeset(0): Output HDMI-2 has no monitor section
[   102.194] (II) modeset(0): EDID for output eDP-1
[   102.194] (II) modeset(0): Manufacturer: SHP  Model: 14e0  Serial#: 0
[   102.194] (II) modeset(0): Year: 2020  Week: 1
[   102.194] (II) modeset(0): EDID Version: 1.4
[   102.194] (II) modeset(0): Digital Display Input
[   102.194] (II) modeset(0): 8 bits per channel
[   102.194] (II) modeset(0): Digital interface is DisplayPort
[   102.194] (II) modeset(0): Max Image Size [cm]: horiz.: 26  vert.: 17
[   102.194] (II) modeset(0): Gamma: 2.20
[   102.194] (II) modeset(0): No DPMS capabilities specified
[   102.194] (II) modeset(0): Supported color encodings: RGB 4:4:4 YCrCb 4:4:4 
[   102.194] (II) modeset(0): Default color space is primary color space
[   102.194] (II) modeset(0): First detailed timing is preferred mode
[   102.194] (II) modeset(0): Preferred mode is native pixel format and refresh rate
[   102.195] (II) modeset(0): Display is continuous-frequency
[   102.195] (II) modeset(0): redX: 0.640 redY: 0.329   greenX: 0.300 greenY: 0.600
[   102.195] (II) modeset(0): blueX: 0.149 blueY: 0.060   whiteX: 0.312 whiteY: 0.328
[   102.195] (II) modeset(0): Manufacturer's mask: 0
[   102.195] (II) modeset(0): Supported detailed timing:
[   102.195] (II) modeset(0): clock: 164.2 MHz   Image Size:  259 x 173 mm
[   102.195] (II) modeset(0): h_active: 1920  h_sync: 1968  h_sync_end 2000 h_blank_end 2080 h_border: 0
[   102.195] (II) modeset(0): v_active: 1280  v_sync: 1283  v_sync_end 1293 v_blanking: 1316 v_border: 0
[   102.195] (II) modeset(0): Supported detailed timing:
[   102.195] (II) modeset(0): clock: 131.4 MHz   Image Size:  259 x 173 mm
[   102.195] (II) modeset(0): h_active: 1920  h_sync: 1968  h_sync_end 2000 h_blank_end 2080 h_border: 0
[   102.195] (II) modeset(0): v_active: 1280  v_sync: 1283  v_sync_end 1293 v_blanking: 1316 v_border: 0
[   102.195] (II) modeset(0):  6R3F2€LQ123N1
[   102.195] (II) modeset(0): Unknown vendor-specific block 0
[   102.195] (II) modeset(0): EDID (in hex):
[   102.195] (II) modeset(0): 	00ffffffffffff004d10e01400000000
[   102.195] (II) modeset(0): 	011e0104a51a11780fde50a3544c9926
[   102.195] (II) modeset(0): 	0f505400000001010101010101010101
[   102.195] (II) modeset(0): 	010101010101294080a0700024503020
[   102.195] (II) modeset(0): 	3a0003ad10000018543380a070002450
[   102.195] (II) modeset(0): 	30203a0003ad10000018000000fe0036
[   102.195] (II) modeset(0): 	52334632804c513132334e3100000000
[   102.195] (II) modeset(0): 	0002410328011200000a010a20200052
[   102.195] (II) modeset(0): Printing probed modes for output eDP-1
[   102.195] (II) modeset(0): Modeline "1920x1280"x60.0  164.25  1920 1968 2000 2080  1280 1283 1293 1316 -hsync -vsync (79.0 kHz eP)
[   102.195] (II) modeset(0): Modeline "1920x1280"x48.0  131.40  1920 1968 2000 2080  1280 1283 1293 1316 -hsync -vsync (63.2 kHz e)
[   102.195] (II) modeset(0): Modeline "1920x1200"x59.9  193.25  1920 2056 2256 2592  1200 1203 1209 1245 -hsync +vsync (74.6 kHz d)
[   102.195] (II) modeset(0): Modeline "1920x1200"x60.0  154.00  1920 1968 2000 2080  1200 1203 1209 1235 +hsync -vsync (74.0 kHz d)
[   102.195] (II) modeset(0): Modeline "1920x1080"x120.0  356.38  1920 2080 2288 2656  1080 1081 1084 1118 doublescan -hsync +vsync (134.2 kHz d)
[   102.195] (II) modeset(0): Modeline "1920x1080"x119.9  266.50  1920 1944 1960 2000  1080 1081 1084 1111 doublescan +hsync -vsync (133.2 kHz d)
[   102.195] (II) modeset(0): Modeline "1920x1080"x60.0  173.00  1920 2048 2248 2576  1080 1083 1088 1120 -hsync +vsync (67.2 kHz d)
[   102.195] (II) modeset(0): Modeline "1920x1080"x59.9  138.50  1920 1968 2000 2080  1080 1083 1088 1111 +hsync -vsync (66.6 kHz d)
[   102.195] (II) modeset(0): Modeline "1600x1200"x60.0  162.00  1600 1664 1856 2160  1200 1201 1204 1250 +hsync +vsync (75.0 kHz d)
[   102.195] (II) modeset(0): Modeline "1680x1050"x60.0  146.25  1680 1784 1960 2240  1050 1053 1059 1089 -hsync +vsync (65.3 kHz d)
[   102.195] (II) modeset(0): Modeline "1680x1050"x59.9  119.00  1680 1728 1760 1840  1050 1053 1059 1080 +hsync -vsync (64.7 kHz d)
[   102.195] (II) modeset(0): Modeline "1400x1050"x60.0  122.00  1400 1488 1640 1880  1050 1052 1064 1082 +hsync +vsync (64.9 kHz d)
[   102.195] (II) modeset(0): Modeline "1600x900"x120.0  246.00  1600 1728 1900 2200  900 901 904 932 doublescan -hsync +vsync (111.8 kHz d)
[   102.195] (II) modeset(0): Modeline "1600x900"x119.9  186.50  1600 1624 1640 1680  900 901 904 926 doublescan +hsync -vsync (111.0 kHz d)
[   102.195] (II) modeset(0): Modeline "1600x900"x59.9  118.25  1600 1696 1856 2112  900 903 908 934 -hsync +vsync (56.0 kHz d)
[   102.195] (II) modeset(0): Modeline "1600x900"x59.8   97.50  1600 1648 1680 1760  900 903 908 926 +hsync -vsync (55.4 kHz d)
[   102.195] (II) modeset(0): Modeline "1280x1024"x60.0  108.00  1280 1328 1440 1688  1024 1025 1028 1066 +hsync +vsync (64.0 kHz d)
[   102.195] (II) modeset(0): Modeline "1400x900"x60.0  103.50  1400 1480 1624 1848  900 903 913 934 -hsync +vsync (56.0 kHz d)
[   102.195] (II) modeset(0): Modeline "1400x900"x59.9   86.50  1400 1448 1480 1560  900 903 913 926 +hsync -vsync (55.4 kHz d)
[   102.195] (II) modeset(0): Modeline "1280x960"x60.0  108.00  1280 1376 1488 1800  960 961 964 1000 +hsync +vsync (60.0 kHz d)
[   102.195] (II) modeset(0): Modeline "1440x810"x120.0  198.12  1440 1548 1704 1968  810 811 814 839 doublescan -hsync +vsync (100.7 kHz d)
[   102.195] (II) modeset(0): Modeline "1440x810"x119.9  151.88  1440 1464 1480 1520  810 811 814 833 doublescan +hsync -vsync (99.9 kHz d)
[   102.195] (II) modeset(0): Modeline "1368x768"x59.9   85.25  1368 1440 1576 1784  768 771 781 798 -hsync +vsync (47.8 kHz d)
[   102.195] (II) modeset(0): Modeline "1368x768"x59.9   72.25  1368 1416 1448 1528  768 771 781 790 +hsync -vsync (47.3 kHz d)
[   102.195] (II) modeset(0): Modeline "1280x800"x120.0  174.25  1280 1380 1516 1752  800 801 804 829 doublescan -hsync +vsync (99.5 kHz d)
[   102.195] (II) modeset(0): Modeline "1280x800"x119.9  134.25  1280 1304 1320 1360  800 801 804 823 doublescan +hsync -vsync (98.7 kHz d)
[   102.195] (II) modeset(0): Modeline "1280x800"x59.8   83.50  1280 1352 1480 1680  800 803 809 831 -hsync +vsync (49.7 kHz d)
[   102.195] (II) modeset(0): Modeline "1280x800"x59.9   71.00  1280 1328 1360 1440  800 803 809 823 +hsync -vsync (49.3 kHz d)
[   102.195] (II) modeset(0): Modeline "1280x720"x120.0  156.12  1280 1376 1512 1744  720 721 724 746 doublescan -hsync +vsync (89.5 kHz d)
[   102.195] (II) modeset(0): Modeline "1280x720"x120.0  120.75  1280 1304 1320 1360  720 721 724 740 doublescan +hsync -vsync (88.8 kHz d)
[   102.195] (II) modeset(0): Modeline "1280x720"x59.9   74.50  1280 1344 1472 1664  720 723 728 748 -hsync +vsync (44.8 kHz d)
[   102.195] (II) modeset(0): Modeline "1280x720"x59.7   63.75  1280 1328 1360 1440  720 723 728 741 +hsync -vsync (44.3 kHz d)
[   102.195] (II) modeset(0): Modeline "1024x768"x120.1  133.47  1024 1100 1212 1400  768 768 770 794 doublescan -hsync +vsync (95.3 kHz d)
[   102.195] (II) modeset(0): Modeline "1024x768"x60.0   65.00  1024 1048 1184 1344  768 771 777 806 -hsync -vsync (48.4 kHz d)
[   102.195] (II) modeset(0): Modeline "960x720"x120.0  117.00  960 1024 1128 1300  720 720 722 750 doublescan -hsync +vsync (90.0 kHz d)
[   102.195] (II) modeset(0): Modeline "928x696"x120.1  109.15  928 976 1088 1264  696 696 698 719 doublescan -hsync +vsync (86.4 kHz d)
[   102.195] (II) modeset(0): Modeline "896x672"x120.0  102.40  896 960 1060 1224  672 672 674 697 doublescan -hsync +vsync (83.7 kHz d)
[   102.195] (II) modeset(0): Modeline "1024x576"x119.9   98.50  1024 1092 1200 1376  576 577 580 597 doublescan -hsync +vsync (71.6 kHz d)
[   102.195] (II) modeset(0): Modeline "1024x576"x119.9   78.38  1024 1048 1064 1104  576 577 580 592 doublescan +hsync -vsync (71.0 kHz d)
[   102.195] (II) modeset(0): Modeline "1024x576"x59.9   46.50  1024 1064 1160 1296  576 579 584 599 -hsync +vsync (35.9 kHz d)
[   102.195] (II) modeset(0): Modeline "1024x576"x59.8   42.00  1024 1072 1104 1184  576 579 584 593 +hsync -vsync (35.5 kHz d)
[   102.195] (II) modeset(0): Modeline "960x600"x119.9   96.62  960 1028 1128 1296  600 601 604 622 doublescan -hsync +vsync (74.6 kHz d)
[   102.195] (II) modeset(0): Modeline "960x600"x120.0   77.00  960 984 1000 1040  600 601 604 617 doublescan +hsync -vsync (74.0 kHz d)
[   102.195] (II) modeset(0): Modeline "960x540"x119.9   86.50  960 1024 1124 1288  540 541 544 560 doublescan -hsync +vsync (67.2 kHz d)
[   102.195] (II) modeset(0): Modeline "960x540"x120.0   69.25  960 984 1000 1040  540 541 544 555 doublescan +hsync -vsync (66.6 kHz d)
[   102.195] (II) modeset(0): Modeline "960x540"x59.6   40.75  960 992 1088 1216  540 543 548 562 -hsync +vsync (33.5 kHz d)
[   102.195] (II) modeset(0): Modeline "960x540"x59.8   37.25  960 1008 1040 1120  540 543 548 556 +hsync -vsync (33.3 kHz d)
[   102.195] (II) modeset(0): Modeline "800x600"x120.0   81.00  800 832 928 1080  600 600 602 625 doublescan +hsync +vsync (75.0 kHz d)
[   102.195] (II) modeset(0): Modeline "800x600"x60.3   40.00  800 840 968 1056  600 601 605 628 +hsync +vsync (37.9 kHz d)
[   102.195] (II) modeset(0): Modeline "800x600"x56.2   36.00  800 824 896 1024  600 601 603 625 +hsync +vsync (35.2 kHz d)
[   102.195] (II) modeset(0): Modeline "840x525"x120.0   73.12  840 892 980 1120  525 526 529 544 doublescan -hsync +vsync (65.3 kHz d)
[   102.195] (II) modeset(0): Modeline "840x525"x119.8   59.50  840 864 880 920  525 526 529 540 doublescan +hsync -vsync (64.7 kHz d)
[   102.195] (II) modeset(0): Modeline "864x486"x59.9   32.50  864 888 968 1072  486 489 494 506 -hsync +vsync (30.3 kHz d)
[   102.195] (II) modeset(0): Modeline "864x486"x59.6   30.50  864 912 944 1024  486 489 494 500 +hsync -vsync (29.8 kHz d)
[   102.195] (II) modeset(0): Modeline "700x525"x120.0   61.00  700 744 820 940  525 526 532 541 doublescan +hsync +vsync (64.9 kHz d)
[   102.195] (II) modeset(0): Modeline "800x450"x119.9   59.12  800 848 928 1056  450 451 454 467 doublescan -hsync +vsync (56.0 kHz d)
[   102.195] (II) modeset(0): Modeline "800x450"x119.6   48.75  800 824 840 880  450 451 454 463 doublescan +hsync -vsync (55.4 kHz d)
[   102.195] (II) modeset(0): Modeline "640x512"x120.0   54.00  640 664 720 844  512 512 514 533 doublescan +hsync +vsync (64.0 kHz d)
[   102.195] (II) modeset(0): Modeline "700x450"x119.9   51.75  700 740 812 924  450 451 456 467 doublescan -hsync +vsync (56.0 kHz d)
[   102.195] (II) modeset(0): Modeline "700x450"x119.8   43.25  700 724 740 780  450 451 456 463 doublescan +hsync -vsync (55.4 kHz d)
[   102.195] (II) modeset(0): Modeline "640x480"x120.0   54.00  640 688 744 900  480 480 482 500 doublescan +hsync +vsync (60.0 kHz d)
[   102.195] (II) modeset(0): Modeline "640x480"x59.9   25.18  640 656 752 800  480 490 492 525 -hsync -vsync (31.5 kHz d)
[   102.195] (II) modeset(0): Modeline "720x405"x59.5   22.50  720 744 808 896  405 408 413 422 -hsync +vsync (25.1 kHz d)
[   102.195] (II) modeset(0): Modeline "720x405"x59.0   21.75  720 768 800 880  405 408 413 419 +hsync -vsync (24.7 kHz d)
[   102.195] (II) modeset(0): Modeline "684x384"x119.8   42.62  684 720 788 892  384 385 390 399 doublescan -hsync +vsync (47.8 kHz d)
[   102.195] (II) modeset(0): Modeline "684x384"x119.7   36.12  684 708 724 764  384 385 390 395 doublescan +hsync -vsync (47.3 kHz d)
[   102.195] (II) modeset(0): Modeline "640x400"x119.8   41.75  640 676 740 840  400 401 404 415 doublescan -hsync +vsync (49.7 kHz d)
[   102.195] (II) modeset(0): Modeline "640x400"x120.0   35.50  640 664 680 720  400 401 404 411 doublescan +hsync -vsync (49.3 kHz d)
[   102.195] (II) modeset(0): Modeline "640x360"x119.7   37.25  640 672 736 832  360 361 364 374 doublescan -hsync +vsync (44.8 kHz d)
[   102.195] (II) modeset(0): Modeline "640x360"x119.7   31.88  640 664 680 720  360 361 364 370 doublescan +hsync -vsync (44.3 kHz d)
[   102.195] (II) modeset(0): Modeline "640x360"x59.8   18.00  640 664 720 800  360 363 368 376 -hsync +vsync (22.5 kHz d)
[   102.195] (II) modeset(0): Modeline "640x360"x59.3   17.75  640 688 720 800  360 363 368 374 +hsync -vsync (22.2 kHz d)
[   102.195] (II) modeset(0): Modeline "512x384"x120.0   32.50  512 524 592 672  384 385 388 403 doublescan -hsync -vsync (48.4 kHz d)
[   102.195] (II) modeset(0): Modeline "512x288"x120.0   23.25  512 532 580 648  288 289 292 299 doublescan -hsync +vsync (35.9 kHz d)
[   102.195] (II) modeset(0): Modeline "512x288"x119.8   21.00  512 536 552 592  288 289 292 296 doublescan +hsync -vsync (35.5 kHz d)
[   102.195] (II) modeset(0): Modeline "480x270"x119.3   20.38  480 496 544 608  270 271 274 281 doublescan -hsync +vsync (33.5 kHz d)
[   102.195] (II) modeset(0): Modeline "480x270"x119.6   18.62  480 504 520 560  270 271 274 278 doublescan +hsync -vsync (33.3 kHz d)
[   102.195] (II) modeset(0): Modeline "400x300"x120.6   20.00  400 420 484 528  300 300 302 314 doublescan +hsync +vsync (37.9 kHz d)
[   102.195] (II) modeset(0): Modeline "400x300"x112.7   18.00  400 412 448 512  300 300 301 312 doublescan +hsync +vsync (35.2 kHz d)
[   102.195] (II) modeset(0): Modeline "432x243"x119.8   16.25  432 444 484 536  243 244 247 253 doublescan -hsync +vsync (30.3 kHz d)
[   102.195] (II) modeset(0): Modeline "432x243"x119.1   15.25  432 456 472 512  243 244 247 250 doublescan +hsync -vsync (29.8 kHz d)
[   102.196] (II) modeset(0): Modeline "320x240"x120.1   12.59  320 328 376 400  240 245 246 262 doublescan -hsync -vsync (31.5 kHz d)
[   102.196] (II) modeset(0): Modeline "360x202"x119.0   11.25  360 372 404 448  202 204 206 211 doublescan -hsync +vsync (25.1 kHz d)
[   102.196] (II) modeset(0): Modeline "360x202"x118.3   10.88  360 384 400 440  202 204 206 209 doublescan +hsync -vsync (24.7 kHz d)
[   102.196] (II) modeset(0): Modeline "320x180"x119.7    9.00  320 332 360 400  180 181 184 188 doublescan -hsync +vsync (22.5 kHz d)
[   102.196] (II) modeset(0): Modeline "320x180"x118.6    8.88  320 344 360 400  180 181 184 187 doublescan +hsync -vsync (22.2 kHz d)
[   102.196] (II) modeset(0): EDID for output DP-1
[   102.220] (II) modeset(0): EDID for output HDMI-1
[   102.220] (II) modeset(0): EDID for output DP-2
[   102.245] (II) modeset(0): EDID for output HDMI-2
[   102.245] (II) modeset(0): Output eDP-1 connected
[   102.245] (II) modeset(0): Output DP-1 disconnected
[   102.245] (II) modeset(0): Output HDMI-1 disconnected
[   102.245] (II) modeset(0): Output DP-2 disconnected
[   102.245] (II) modeset(0): Output HDMI-2 disconnected
[   102.245] (II) modeset(0): Using exact sizes for initial modes
[   102.245] (II) modeset(0): Output eDP-1 using initial mode 1920x1280 +0+0
[   102.245] (==) modeset(0): Using gamma correction (1.0, 1.0, 1.0)
[   102.245] (==) modeset(0): DPI set to (96, 96)
[   102.245] (II) Loading sub module "fb"
[   102.245] (II) LoadModule: "fb"
[   102.245] (II) Module "fb" already built-in
[   102.254] (==) modeset(0): Backing store enabled
[   102.254] (==) modeset(0): Silken mouse enabled
[   102.340] (II) modeset(0): Initializing kms color map for depth 24, 8 bpc.
[   102.340] (==) modeset(0): DPMS enabled
[   102.340] (II) modeset(0): [DRI2] Setup complete
[   102.340] (II) modeset(0): [DRI2]   DRI driver: iris
[   102.340] (II) modeset(0): [DRI2]   VDPAU driver: va_gl
[   102.340] (II) Initializing extension Generic Event Extension
[   102.341] (II) Initializing extension SHAPE
[   102.341] (II) Initializing extension MIT-SHM
[   102.342] (II) Initializing extension XInputExtension
[   102.342] (II) Initializing extension XTEST
[   102.343] (II) Initializing extension BIG-REQUESTS
[   102.343] (II) Initializing extension SYNC
[   102.344] (II) Initializing extension XKEYBOARD
[   102.344] (II) Initializing extension XC-MISC
[   102.345] (II) Initializing extension SECURITY
[   102.345] (II) Initializing extension XFIXES
[   102.346] (II) Initializing extension RENDER
[   102.346] (II) Initializing extension RANDR
[   102.347] (II) Initializing extension COMPOSITE
[   102.348] (II) Initializing extension DAMAGE
[   102.348] (II) Initializing extension MIT-SCREEN-SAVER
[   102.349] (II) Initializing extension DOUBLE-BUFFER
[   102.349] (II) Initializing extension RECORD
[   102.350] (II) Initializing extension DPMS
[   102.350] (II) Initializing extension Present
[   102.351] (II) Initializing extension DRI3
[   102.351] (II) Initializing extension X-Resource
[   102.351] (II) Initializing extension XVideo
[   102.351] (II) Initializing extension XVideo-MotionCompensation
[   102.351] (II) Initializing extension GLX
[   102.372] (II) AIGLX: Loaded and initialized iris
[   102.372] (II) GLX: Initialized DRI2 GL provider for screen 0
[   102.372] (II) Initializing extension XFree86-VidModeExtension
[   102.373] (II) Initializing extension XFree86-DGA
[   102.373] (II) Initializing extension XFree86-DRI
[   102.373] (II) Initializing extension DRI2
[   102.374] (II) modeset(0): Damage tracking initialized
[   102.374] (II) modeset(0): Setting screen physical size to 508 x 338
[   102.419] (II) config/udev: Adding input device Video Bus (/dev/input/event12)
[   102.419] (**) Video Bus: Applying InputClass "devname"
[   102.419] (**) Video Bus: Applying InputClass "libinput keyboard catchall"
[   102.419] (**) Video Bus: Applying InputClass "system-keyboard"
[   102.419] (II) LoadModule: "libinput"
[   102.419] (II) Loading /usr/lib/xorg/modules/input/libinput_drv.so
[   102.420] (II) Module libinput: vendor="X.Org Foundation"
[   102.421] 	compiled for 1.21.1.8, module version = 1.4.0
[   102.421] 	Module class: X.Org XInput Driver
[   102.421] 	ABI class: X.Org XInput driver, version 24.4
[   102.421] (II) Using input driver 'libinput' for 'Video Bus'
[   102.421] (II) systemd-logind: got fd for /dev/input/event12 13:76 fd 28 paused 0
[   102.421] (**) Video Bus: always reports core events
[   102.421] (**) Option "Device" "/dev/input/event12"
[   102.423] (II) event12 - Video Bus: is tagged by udev as: Keyboard
[   102.423] (II) event12 - Video Bus: device is a keyboard
[   102.423] (II) event12 - Video Bus: device removed
[   102.423] (**) Option "config_info" "udev:/sys/devices/LNXSYSTM:00/LNXSYBUS:00/PNP0A08:00/LNXVIDEO:00/input/input22/event12"
[   102.423] (II) XINPUT: Adding extended input device "Video Bus" (type: KEYBOARD, id 6)
[   102.423] (**) Option "xkb_layout" "us"
[   102.423] (II) event12 - Video Bus: is tagged by udev as: Keyboard
[   102.424] (II) event12 - Video Bus: device is a keyboard
[   102.424] (II) config/udev: Adding input device Power Button (/dev/input/event1)
[   102.424] (**) Power Button: Applying InputClass "devname"
[   102.424] (**) Power Button: Applying InputClass "libinput keyboard catchall"
[   102.424] (**) Power Button: Applying InputClass "system-keyboard"
[   102.424] (II) Using input driver 'libinput' for 'Power Button'
[   102.424] (II) systemd-logind: got fd for /dev/input/event1 13:65 fd 31 paused 0
[   102.424] (**) Power Button: always reports core events
[   102.424] (**) Option "Device" "/dev/input/event1"
[   102.425] (II) event1  - Power Button: is tagged by udev as: Keyboard
[   102.425] (II) event1  - Power Button: device is a keyboard
[   102.425] (II) event1  - Power Button: device removed
[   102.425] (**) Option "config_info" "udev:/sys/devices/LNXSYSTM:00/LNXSYBUS:00/PNP0C0C:00/input/input1/event1"
[   102.425] (II) XINPUT: Adding extended input device "Power Button" (type: KEYBOARD, id 7)
[   102.425] (**) Option "xkb_layout" "us"
[   102.426] (II) event1  - Power Button: is tagged by udev as: Keyboard
[   102.426] (II) event1  - Power Button: device is a keyboard
[   102.426] (II) config/udev: Adding input device Lid Switch (/dev/input/event0)
[   102.426] (**) Lid Switch: Applying InputClass "devname"
[   102.426] (II) Using input driver 'libinput' for 'Lid Switch'
[   102.427] (II) systemd-logind: got fd for /dev/input/event0 13:64 fd 32 paused 0
[   102.427] (**) Lid Switch: always reports core events
[   102.427] (**) Option "Device" "/dev/input/event0"
[   102.427] (II) event0  - Lid Switch: is tagged by udev as: Switch
[   102.427] (II) event0  - Lid Switch: device is a switch device
[   102.428] (II) event0  - Lid Switch: device removed
[   102.428] (**) Option "config_info" "udev:/sys/devices/LNXSYSTM:00/LNXSYBUS:00/PNP0C0D:00/input/input0/event0"
[   102.428] (II) XINPUT: Adding extended input device "Lid Switch" (type: KEYBOARD, id 8)
[   102.428] (II) event0  - Lid Switch: is tagged by udev as: Switch
[   102.428] (II) event0  - Lid Switch: device is a switch device
[   102.429] (II) config/udev: Adding input device Sleep Button (/dev/input/event2)
[   102.429] (**) Sleep Button: Applying InputClass "devname"
[   102.429] (**) Sleep Button: Applying InputClass "libinput keyboard catchall"
[   102.429] (**) Sleep Button: Applying InputClass "system-keyboard"
[   102.429] (II) Using input driver 'libinput' for 'Sleep Button'
[   102.429] (II) systemd-logind: got fd for /dev/input/event2 13:66 fd 33 paused 0
[   102.429] (**) Sleep Button: always reports core events
[   102.429] (**) Option "Device" "/dev/input/event2"
[   102.430] (II) event2  - Sleep Button: is tagged by udev as: Keyboard
[   102.430] (II) event2  - Sleep Button: device is a keyboard
[   102.430] (II) event2  - Sleep Button: device removed
[   102.430] (**) Option "config_info" "udev:/sys/devices/LNXSYSTM:00/LNXSYBUS:00/PNP0C0E:00/input/input2/event2"
[   102.430] (II) XINPUT: Adding extended input device "Sleep Button" (type: KEYBOARD, id 9)
[   102.430] (**) Option "xkb_layout" "us"
[   102.431] (II) event2  - Sleep Button: is tagged by udev as: Keyboard
[   102.431] (II) event2  - Sleep Button: device is a keyboard
[   102.432] (II) config/udev: Adding input device Alps Alps Touchpad Mouse (/dev/input/event6)
[   102.432] (**) Alps Alps Touchpad Mouse: Applying InputClass "devname"
[   102.432] (**) Alps Alps Touchpad Mouse: Applying InputClass "libinput pointer catchall"
[   102.432] (II) Using input driver 'libinput' for 'Alps Alps Touchpad Mouse'
[   102.487] (II) systemd-logind: got fd for /dev/input/event6 13:70 fd 34 paused 0
[   102.487] (**) Alps Alps Touchpad Mouse: always reports core events
[   102.487] (**) Option "Device" "/dev/input/event6"
[   102.489] (II) event6  - Alps Alps Touchpad Mouse: is tagged by udev as: Mouse
[   102.489] (II) event6  - Alps Alps Touchpad Mouse: device is a pointer
[   102.489] (II) event6  - Alps Alps Touchpad Mouse: device removed
[   102.489] (II) libinput: Alps Alps Touchpad Mouse: Step value 0 was provided, libinput Fallback acceleration function is used.
[   102.489] (II) libinput: Alps Alps Touchpad Mouse: Step value 0 was provided, libinput Fallback acceleration function is used.
[   102.489] (II) libinput: Alps Alps Touchpad Mouse: Step value 0 was provided, libinput Fallback acceleration function is used.
[   102.489] (**) Option "config_info" "udev:/sys/devices/pci0000:00/0000:00:14.0/usb1/1-4/1-4:1.0/0003:044E:1218.0002/input/input15/event6"
[   102.489] (II) XINPUT: Adding extended input device "Alps Alps Touchpad Mouse" (type: MOUSE, id 10)
[   102.490] (**) Option "AccelerationScheme" "none"
[   102.490] (**) Alps Alps Touchpad Mouse: (accel) selected scheme none/0
[   102.490] (**) Alps Alps Touchpad Mouse: (accel) acceleration factor: 2.000
[   102.490] (**) Alps Alps Touchpad Mouse: (accel) acceleration threshold: 4
[   102.491] (II) event6  - Alps Alps Touchpad Mouse: is tagged by udev as: Mouse
[   102.491] (II) event6  - Alps Alps Touchpad Mouse: device is a pointer
[   102.493] (II) config/udev: Adding input device Alps Alps Touchpad Mouse (/dev/input/mouse4)
[   102.493] (**) Alps Alps Touchpad Mouse: Applying InputClass "devname"
[   102.493] (II) Using input driver 'libinput' for 'Alps Alps Touchpad Mouse'
[   102.493] (**) Alps Alps Touchpad Mouse: always reports core events
[   102.493] (**) Option "Device" "/dev/input/mouse4"
[   102.493] (EE) xf86OpenSerial: Cannot open device /dev/input/mouse4
	Permission denied.
[   102.493] (II) mouse4: opening input device '/dev/input/mouse4' failed (Permission denied).
[   102.493] (II) mouse4  - failed to create input device '/dev/input/mouse4'.
[   102.493] (EE) libinput: Alps Alps Touchpad Mouse: Failed to create a device for /dev/input/mouse4
[   102.493] (EE) PreInit returned 2 for "Alps Alps Touchpad Mouse"
[   102.493] (II) UnloadModule: "libinput"
[   102.494] (II) config/udev: Adding input device Alps Alps Touchpad (/dev/input/event7)
[   102.494] (**) Alps Alps Touchpad: Applying InputClass "devname"
[   102.494] (**) Alps Alps Touchpad: Applying InputClass "libinput touchpad catchall"
[   102.494] (II) Using input driver 'libinput' for 'Alps Alps Touchpad'
[   102.495] (II) systemd-logind: got fd for /dev/input/event7 13:71 fd 35 paused 0
[   102.495] (**) Alps Alps Touchpad: always reports core events
[   102.495] (**) Option "Device" "/dev/input/event7"
[   102.497] (II) event7  - Alps Alps Touchpad: is tagged by udev as: Touchpad
[   102.499] (II) event7  - Alps Alps Touchpad: device is a touchpad
[   102.499] (II) event7  - Alps Alps Touchpad: device removed
[   102.499] (**) Option "Tapping" "on"
[   102.499] (II) libinput: Alps Alps Touchpad: Step value 0 was provided, libinput Fallback acceleration function is used.
[   102.499] (II) libinput: Alps Alps Touchpad: Step value 0 was provided, libinput Fallback acceleration function is used.
[   102.499] (II) libinput: Alps Alps Touchpad: Step value 0 was provided, libinput Fallback acceleration function is used.
[   102.500] (**) Option "config_info" "udev:/sys/devices/pci0000:00/0000:00:14.0/usb1/1-4/1-4:1.0/0003:044E:1218.0002/input/input16/event7"
[   102.500] (II) XINPUT: Adding extended input device "Alps Alps Touchpad" (type: TOUCHPAD, id 11)
[   102.502] (**) Option "AccelerationScheme" "none"
[   102.502] (**) Alps Alps Touchpad: (accel) selected scheme none/0
[   102.502] (**) Alps Alps Touchpad: (accel) acceleration factor: 2.000
[   102.502] (**) Alps Alps Touchpad: (accel) acceleration threshold: 4
[   102.504] (II) event7  - Alps Alps Touchpad: is tagged by udev as: Touchpad
[   102.506] (II) event7  - Alps Alps Touchpad: device is a touchpad
[   102.508] (II) config/udev: Adding input device Alps Alps Touchpad (/dev/input/mouse5)
[   102.508] (**) Alps Alps Touchpad: Applying InputClass "devname"
[   102.508] (II) Using input driver 'libinput' for 'Alps Alps Touchpad'
[   102.508] (**) Alps Alps Touchpad: always reports core events
[   102.508] (**) Option "Device" "/dev/input/mouse5"
[   102.508] (EE) xf86OpenSerial: Cannot open device /dev/input/mouse5
	Permission denied.
[   102.508] (II) mouse5: opening input device '/dev/input/mouse5' failed (Permission denied).
[   102.508] (II) mouse5  - failed to create input device '/dev/input/mouse5'.
[   102.508] (EE) libinput: Alps Alps Touchpad: Failed to create a device for /dev/input/mouse5
[   102.508] (EE) PreInit returned 2 for "Alps Alps Touchpad"
[   102.508] (II) UnloadModule: "libinput"
[   102.509] (II) config/udev: Adding input device Alps Alps Touchpad UNKNOWN (/dev/input/event8)
[   102.509] (**) Alps Alps Touchpad UNKNOWN: Applying InputClass "devname"
[   102.509] (II) Using input driver 'libinput' for 'Alps Alps Touchpad UNKNOWN'
[   102.510] (II) systemd-logind: got fd for /dev/input/event8 13:72 fd 36 paused 0
[   102.510] (**) Alps Alps Touchpad UNKNOWN: always reports core events
[   102.510] (**) Option "Device" "/dev/input/event8"
[   102.513] (II) event8  - Alps Alps Touchpad UNKNOWN: not tagged as supported input device
[   102.513] (II) event8  - not using input device '/dev/input/event8'.
[   102.513] (EE) libinput: Alps Alps Touchpad UNKNOWN: Failed to create a device for /dev/input/event8
[   102.513] (EE) PreInit returned 2 for "Alps Alps Touchpad UNKNOWN"
[   102.513] (II) UnloadModule: "libinput"
[   102.513] (II) systemd-logind: releasing fd for 13:72
[   102.515] (II) config/udev: Adding input device Wacom HID 48CC Pen (/dev/input/event10)
[   102.515] (**) Wacom HID 48CC Pen: Applying InputClass "devname"
[   102.515] (**) Wacom HID 48CC Pen: Applying InputClass "libinput tablet catchall"
[   102.515] (II) Using input driver 'libinput' for 'Wacom HID 48CC Pen'
[   102.516] (II) systemd-logind: got fd for /dev/input/event10 13:74 fd 36 paused 0
[   102.516] (**) Wacom HID 48CC Pen: always reports core events
[   102.516] (**) Option "Device" "/dev/input/event10"
[   102.518] (II) event10 - Wacom HID 48CC Pen: is tagged by udev as: Tablet
[   102.544] (II) event10 - Wacom HID 48CC Pen: tablet 'Wacom HID 48CC Pen' unknown to libwacom
[   102.552] (II) event10 - Wacom HID 48CC Pen: device is a tablet
[   102.552] (II) event10 - Wacom HID 48CC Pen: device removed
[   102.552] (**) Option "config_info" "udev:/sys/devices/pci0000:00/0000:00:15.0/i2c_designware.0/i2c-1/i2c-WCOM48CC:00/0018:056A:48CC.0007/input/input19/event10"
[   102.552] (II) XINPUT: Adding extended input device "Wacom HID 48CC Pen" (type: TABLET, id 12)
[   102.553] (II) event10 - Wacom HID 48CC Pen: is tagged by udev as: Tablet
[   102.560] (II) event10 - Wacom HID 48CC Pen: tablet 'Wacom HID 48CC Pen' unknown to libwacom
[   102.567] (II) event10 - Wacom HID 48CC Pen: device is a tablet
[   102.568] (II) config/udev: Adding input device Wacom HID 48CC Pen (/dev/input/mouse0)
[   102.568] (**) Wacom HID 48CC Pen: Applying InputClass "devname"
[   102.568] (II) Using input driver 'libinput' for 'Wacom HID 48CC Pen'
[   102.568] (**) Wacom HID 48CC Pen: always reports core events
[   102.568] (**) Option "Device" "/dev/input/mouse0"
[   102.568] (EE) xf86OpenSerial: Cannot open device /dev/input/mouse0
	Permission denied.
[   102.568] (II) mouse0: opening input device '/dev/input/mouse0' failed (Permission denied).
[   102.568] (II) mouse0  - failed to create input device '/dev/input/mouse0'.
[   102.568] (EE) libinput: Wacom HID 48CC Pen: Failed to create a device for /dev/input/mouse0
[   102.568] (EE) PreInit returned 2 for "Wacom HID 48CC Pen"
[   102.568] (II) UnloadModule: "libinput"
[   102.568] (II) config/udev: Adding input device Wacom HID 48CC Finger (/dev/input/event11)
[   102.568] (**) Wacom HID 48CC Finger: Applying InputClass "devname"
[   102.568] (**) Wacom HID 48CC Finger: Applying InputClass "libinput touchscreen catchall"
[   102.568] (II) Using input driver 'libinput' for 'Wacom HID 48CC Finger'
[   102.569] (II) systemd-logind: got fd for /dev/input/event11 13:75 fd 38 paused 0
[   102.569] (**) Wacom HID 48CC Finger: always reports core events
[   102.569] (**) Option "Device" "/dev/input/event11"
[   102.570] (II) event11 - Wacom HID 48CC Finger: is tagged by udev as: Touchscreen
[   102.570] (II) event11 - Wacom HID 48CC Finger: device is a touch device
[   102.570] (II) event11 - Wacom HID 48CC Finger: device removed
[   102.570] (**) Option "config_info" "udev:/sys/devices/pci0000:00/0000:00:15.0/i2c_designware.0/i2c-1/i2c-WCOM48CC:00/0018:056A:48CC.0007/input/input20/event11"
[   102.570] (II) XINPUT: Adding extended input device "Wacom HID 48CC Finger" (type: TOUCHSCREEN, id 13)
[   102.570] (**) Option "AccelerationScheme" "none"
[   102.571] (**) Wacom HID 48CC Finger: (accel) selected scheme none/0
[   102.571] (**) Wacom HID 48CC Finger: (accel) acceleration factor: 2.000
[   102.571] (**) Wacom HID 48CC Finger: (accel) acceleration threshold: 4
[   102.571] (II) event11 - Wacom HID 48CC Finger: is tagged by udev as: Touchscreen
[   102.571] (II) event11 - Wacom HID 48CC Finger: device is a touch device
[   102.572] (II) config/udev: Adding input device Wacom HID 48CC Finger (/dev/input/mouse1)
[   102.572] (**) Wacom HID 48CC Finger: Applying InputClass "devname"
[   102.572] (II) Using input driver 'libinput' for 'Wacom HID 48CC Finger'
[   102.572] (**) Wacom HID 48CC Finger: always reports core events
[   102.572] (**) Option "Device" "/dev/input/mouse1"
[   102.572] (EE) xf86OpenSerial: Cannot open device /dev/input/mouse1
	Permission denied.
[   102.572] (II) mouse1: opening input device '/dev/input/mouse1' failed (Permission denied).
[   102.572] (II) mouse1  - failed to create input device '/dev/input/mouse1'.
[   102.572] (EE) libinput: Wacom HID 48CC Finger: Failed to create a device for /dev/input/mouse1
[   102.572] (EE) PreInit returned 2 for "Wacom HID 48CC Finger"
[   102.572] (II) UnloadModule: "libinput"
[   102.572] (II) config/udev: Adding input device HDA Intel PCH Headphone Mic (/dev/input/event13)
[   102.572] (**) HDA Intel PCH Headphone Mic: Applying InputClass "devname"
[   102.572] (II) Using input driver 'libinput' for 'HDA Intel PCH Headphone Mic'
[   102.573] (II) systemd-logind: got fd for /dev/input/event13 13:77 fd 39 paused 0
[   102.573] (**) HDA Intel PCH Headphone Mic: always reports core events
[   102.573] (**) Option "Device" "/dev/input/event13"
[   102.573] (II) event13 - HDA Intel PCH Headphone Mic: is tagged by udev as: Switch
[   102.574] (II) event13 - not using input device '/dev/input/event13'.
[   102.574] (EE) libinput: HDA Intel PCH Headphone Mic: Failed to create a device for /dev/input/event13
[   102.574] (EE) PreInit returned 2 for "HDA Intel PCH Headphone Mic"
[   102.574] (II) UnloadModule: "libinput"
[   102.574] (II) systemd-logind: releasing fd for 13:77
[   102.574] (II) config/udev: Adding input device HDA Intel PCH HDMI/DP,pcm=3 (/dev/input/event14)
[   102.574] (**) HDA Intel PCH HDMI/DP,pcm=3: Applying InputClass "devname"
[   102.574] (II) Using input driver 'libinput' for 'HDA Intel PCH HDMI/DP,pcm=3'
[   102.575] (II) systemd-logind: got fd for /dev/input/event14 13:78 fd 39 paused 0
[   102.575] (**) HDA Intel PCH HDMI/DP,pcm=3: always reports core events
[   102.575] (**) Option "Device" "/dev/input/event14"
[   102.575] (II) event14 - HDA Intel PCH HDMI/DP,pcm=3: is tagged by udev as: Switch
[   102.576] (II) event14 - not using input device '/dev/input/event14'.
[   102.576] (EE) libinput: HDA Intel PCH HDMI/DP,pcm=3: Failed to create a device for /dev/input/event14
[   102.576] (EE) PreInit returned 2 for "HDA Intel PCH HDMI/DP,pcm=3"
[   102.576] (II) UnloadModule: "libinput"
[   102.576] (II) systemd-logind: releasing fd for 13:78
[   102.577] (II) config/udev: Adding input device HDA Intel PCH HDMI/DP,pcm=7 (/dev/input/event16)
[   102.577] (**) HDA Intel PCH HDMI/DP,pcm=7: Applying InputClass "devname"
[   102.577] (II) Using input driver 'libinput' for 'HDA Intel PCH HDMI/DP,pcm=7'
[   102.577] (II) systemd-logind: got fd for /dev/input/event16 13:80 fd 39 paused 0
[   102.577] (**) HDA Intel PCH HDMI/DP,pcm=7: always reports core events
[   102.577] (**) Option "Device" "/dev/input/event16"
[   102.578] (II) event16 - HDA Intel PCH HDMI/DP,pcm=7: is tagged by udev as: Switch
[   102.578] (II) event16 - not using input device '/dev/input/event16'.
[   102.578] (EE) libinput: HDA Intel PCH HDMI/DP,pcm=7: Failed to create a device for /dev/input/event16
[   102.578] (EE) PreInit returned 2 for "HDA Intel PCH HDMI/DP,pcm=7"
[   102.578] (II) UnloadModule: "libinput"
[   102.578] (II) systemd-logind: releasing fd for 13:80
[   102.579] (II) config/udev: Adding input device HDA Intel PCH HDMI/DP,pcm=8 (/dev/input/event17)
[   102.579] (**) HDA Intel PCH HDMI/DP,pcm=8: Applying InputClass "devname"
[   102.579] (II) Using input driver 'libinput' for 'HDA Intel PCH HDMI/DP,pcm=8'
[   102.579] (II) systemd-logind: got fd for /dev/input/event17 13:81 fd 39 paused 0
[   102.579] (**) HDA Intel PCH HDMI/DP,pcm=8: always reports core events
[   102.579] (**) Option "Device" "/dev/input/event17"
[   102.580] (II) event17 - HDA Intel PCH HDMI/DP,pcm=8: is tagged by udev as: Switch
[   102.580] (II) event17 - not using input device '/dev/input/event17'.
[   102.580] (EE) libinput: HDA Intel PCH HDMI/DP,pcm=8: Failed to create a device for /dev/input/event17
[   102.580] (EE) PreInit returned 2 for "HDA Intel PCH HDMI/DP,pcm=8"
[   102.580] (II) UnloadModule: "libinput"
[   102.580] (II) systemd-logind: releasing fd for 13:81
[   102.581] (II) config/udev: Adding input device Intel HID events (/dev/input/event4)
[   102.581] (**) Intel HID events: Applying InputClass "devname"
[   102.581] (**) Intel HID events: Applying InputClass "libinput keyboard catchall"
[   102.581] (**) Intel HID events: Applying InputClass "system-keyboard"
[   102.581] (II) Using input driver 'libinput' for 'Intel HID events'
[   102.581] (II) systemd-logind: got fd for /dev/input/event4 13:68 fd 39 paused 0
[   102.581] (**) Intel HID events: always reports core events
[   102.581] (**) Option "Device" "/dev/input/event4"
[   102.582] (II) event4  - Intel HID events: is tagged by udev as: Keyboard
[   102.582] (II) event4  - Intel HID events: device is a keyboard
[   102.582] (II) event4  - Intel HID events: device removed
[   102.582] (**) Option "config_info" "udev:/sys/devices/platform/INT33D5:00/input/input4/event4"
[   102.582] (II) XINPUT: Adding extended input device "Intel HID events" (type: KEYBOARD, id 14)
[   102.582] (**) Option "xkb_layout" "us"
[   102.582] (II) event4  - Intel HID events: is tagged by udev as: Keyboard
[   102.582] (II) event4  - Intel HID events: device is a keyboard
[   102.583] (II) config/udev: Adding input device Intel HID 5 button array (/dev/input/event5)
[   102.583] (**) Intel HID 5 button array: Applying InputClass "devname"
[   102.583] (**) Intel HID 5 button array: Applying InputClass "libinput keyboard catchall"
[   102.583] (**) Intel HID 5 button array: Applying InputClass "system-keyboard"
[   102.583] (II) Using input driver 'libinput' for 'Intel HID 5 button array'
[   102.583] (II) systemd-logind: got fd for /dev/input/event5 13:69 fd 40 paused 0
[   102.583] (**) Intel HID 5 button array: always reports core events
[   102.583] (**) Option "Device" "/dev/input/event5"
[   102.584] (II) event5  - Intel HID 5 button array: is tagged by udev as: Keyboard
[   102.584] (II) event5  - Intel HID 5 button array: device is a keyboard
[   102.584] (II) event5  - Intel HID 5 button array: device removed
[   102.584] (**) Option "config_info" "udev:/sys/devices/platform/INT33D5:00/input/input5/event5"
[   102.584] (II) XINPUT: Adding extended input device "Intel HID 5 button array" (type: KEYBOARD, id 15)
[   102.584] (**) Option "xkb_layout" "us"
[   102.585] (II) event5  - Intel HID 5 button array: is tagged by udev as: Keyboard
[   102.585] (II) event5  - Intel HID 5 button array: device is a keyboard
[   102.586] (II) config/udev: Adding input device Dell WMI hotkeys (/dev/input/event15)
[   102.586] (**) Dell WMI hotkeys: Applying InputClass "devname"
[   102.586] (**) Dell WMI hotkeys: Applying InputClass "libinput keyboard catchall"
[   102.586] (**) Dell WMI hotkeys: Applying InputClass "system-keyboard"
[   102.586] (II) Using input driver 'libinput' for 'Dell WMI hotkeys'
[   102.590] (II) systemd-logind: got fd for /dev/input/event15 13:79 fd 41 paused 0
[   102.590] (**) Dell WMI hotkeys: always reports core events
[   102.590] (**) Option "Device" "/dev/input/event15"
[   102.590] (II) event15 - Dell WMI hotkeys: is tagged by udev as: Keyboard
[   102.591] (II) event15 - Dell WMI hotkeys: device is a keyboard
[   102.591] (II) event15 - Dell WMI hotkeys: device removed
[   102.591] (**) Option "config_info" "udev:/sys/devices/platform/PNP0C14:03/wmi_bus/wmi_bus-PNP0C14:03/9DBB5994-A997-11DA-B012-B622A1EF5492/input/input18/event15"
[   102.591] (II) XINPUT: Adding extended input device "Dell WMI hotkeys" (type: KEYBOARD, id 16)
[   102.591] (**) Option "xkb_layout" "us"
[   102.592] (II) event15 - Dell WMI hotkeys: is tagged by udev as: Keyboard
[   102.592] (II) event15 - Dell WMI hotkeys: device is a keyboard
[   102.593] (II) config/udev: Adding input device AT Translated Set 2 keyboard (/dev/input/event3)
[   102.593] (**) AT Translated Set 2 keyboard: Applying InputClass "devname"
[   102.593] (**) AT Translated Set 2 keyboard: Applying InputClass "libinput keyboard catchall"
[   102.593] (**) AT Translated Set 2 keyboard: Applying InputClass "system-keyboard"
[   102.593] (II) Using input driver 'libinput' for 'AT Translated Set 2 keyboard'
[   102.593] (II) systemd-logind: got fd for /dev/input/event3 13:67 fd 42 paused 0
[   102.593] (**) AT Translated Set 2 keyboard: always reports core events
[   102.593] (**) Option "Device" "/dev/input/event3"
[   102.594] (II) event3  - AT Translated Set 2 keyboard: is tagged by udev as: Keyboard
[   102.594] (II) event3  - AT Translated Set 2 keyboard: device is a keyboard
[   102.595] (II) event3  - AT Translated Set 2 keyboard: device removed
[   102.595] (**) Option "config_info" "udev:/sys/devices/platform/i8042/serio0/input/input3/event3"
[   102.595] (II) XINPUT: Adding extended input device "AT Translated Set 2 keyboard" (type: KEYBOARD, id 17)
[   102.595] (**) Option "xkb_layout" "us"
[   102.596] (II) event3  - AT Translated Set 2 keyboard: is tagged by udev as: Keyboard
[   102.596] (II) event3  - AT Translated Set 2 keyboard: device is a keyboard
[   102.597] (II) config/udev: Adding input device PC Speaker (/dev/input/event9)
[   102.597] (**) PC Speaker: Applying InputClass "devname"
[   102.597] (II) Using input driver 'libinput' for 'PC Speaker'
[   102.597] (II) systemd-logind: got fd for /dev/input/event9 13:73 fd 43 paused 0
[   102.597] (**) PC Speaker: always reports core events
[   102.597] (**) Option "Device" "/dev/input/event9"
[   102.598] (II) event9  - PC Speaker: not tagged as supported input device
[   102.598] (II) event9  - not using input device '/dev/input/event9'.
[   102.598] (EE) libinput: PC Speaker: Failed to create a device for /dev/input/event9
[   102.598] (EE) PreInit returned 2 for "PC Speaker"
[   102.598] (II) UnloadModule: "libinput"
[   102.598] (II) systemd-logind: releasing fd for 13:73
[   103.174] (II) modeset(0): EDID vendor "SHP", prod id 5344
[   103.174] (II) modeset(0): Printing DDC gathered Modelines:
[   103.174] (II) modeset(0): Modeline "1920x1280"x0.0  164.25  1920 1968 2000 2080  1280 1283 1293 1316 -hsync -vsync (79.0 kHz eP)
[   103.174] (II) modeset(0): Modeline "1920x1280"x0.0  131.40  1920 1968 2000 2080  1280 1283 1293 1316 -hsync -vsync (63.2 kHz e)
[   141.028] (**) Option "fd" "28"
[   141.028] (II) event12 - Video Bus: device removed
[   141.028] (**) Option "fd" "31"
[   141.028] (II) event1  - Power Button: device removed
[   141.028] (**) Option "fd" "32"
[   141.028] (II) event0  - Lid Switch: device removed
[   141.029] (**) Option "fd" "33"
[   141.029] (II) event2  - Sleep Button: device removed
[   141.029] (**) Option "fd" "34"
[   141.029] (II) event6  - Alps Alps Touchpad Mouse: device removed
[   141.029] (**) Option "fd" "35"
[   141.029] (II) event7  - Alps Alps Touchpad: device removed
[   141.029] (**) Option "fd" "36"
[   141.029] (II) event10 - Wacom HID 48CC Pen: device removed
[   141.029] (**) Option "fd" "38"
[   141.029] (II) event11 - Wacom HID 48CC Finger: device removed
[   141.029] (**) Option "fd" "39"
[   141.029] (II) event4  - Intel HID events: device removed
[   141.029] (**) Option "fd" "40"
[   141.029] (II) event5  - Intel HID 5 button array: device removed
[   141.029] (**) Option "fd" "41"
[   141.029] (II) event15 - Dell WMI hotkeys: device removed
[   141.029] (**) Option "fd" "42"
[   141.029] (II) event3  - AT Translated Set 2 keyboard: device removed
[   141.037] (II) UnloadModule: "libinput"
[   141.037] (II) systemd-logind: releasing fd for 13:67
[   141.038] (II) UnloadModule: "libinput"
[   141.038] (II) systemd-logind: releasing fd for 13:79
[   141.039] (II) UnloadModule: "libinput"
[   141.039] (II) systemd-logind: releasing fd for 13:69
[   141.039] (II) UnloadModule: "libinput"
[   141.039] (II) systemd-logind: releasing fd for 13:68
[   141.040] (II) UnloadModule: "libinput"
[   141.040] (II) systemd-logind: releasing fd for 13:75
[   141.041] (II) UnloadModule: "libinput"
[   141.041] (II) systemd-logind: releasing fd for 13:74
[   141.041] (II) UnloadModule: "libinput"
[   141.041] (II) systemd-logind: releasing fd for 13:71
[   141.042] (II) UnloadModule: "libinput"
[   141.042] (II) systemd-logind: releasing fd for 13:70
[   141.042] (II) UnloadModule: "libinput"
[   141.042] (II) systemd-logind: releasing fd for 13:66
[   141.043] (II) UnloadModule: "libinput"
[   141.043] (II) systemd-logind: releasing fd for 13:64
[   141.043] (II) UnloadModule: "libinput"
[   141.043] (II) systemd-logind: releasing fd for 13:65
[   141.045] (II) UnloadModule: "libinput"
[   141.045] (II) systemd-logind: releasing fd for 13:76
[   141.107] (II) Server terminated successfully (0). Closing log file.
