[    25.664] _XSERVTransSocketUNIXCreateListener: ...SocketCreateListener() failed
[    25.665] _XSERVTransMakeAllCOTSServerListeners: server already running
[    25.665] (--) Log file renamed from "/home/USERNAME/.local/share/xorg/Xorg.pid-1574.log" to "/home/USERNAME/.local/share/xorg/Xorg.1.log"
[    25.665] 
X.Org X Server 1.21.1.3
X Protocol Version 11, Revision 0
[    25.665] Current Operating System: Linux HOSTNAME 6.0.6-76060006-generic #202210290932~1667401208~22.04~d2df702 SMP PREEMPT_DYNAMIC Wed N x86_64
[    25.665] Kernel command line: initrd=\EFI\Pop_OS-454a1900-3197-42b0-9522-8329a84fc2b9\initrd.img root=UUID=454a1900-3197-42b0-9522-8329a84fc2b9 ro quiet loglevel=0 systemd.show_status=false splash
[    25.665] xorg-server 2:21.1.3-2ubuntu2.2 (For technical support please see http://www.ubuntu.com/support) 
[    25.665] Current version of pixman: 0.40.0
[    25.665] 	Before reporting problems, check http://wiki.x.org
	to make sure that you have the latest version.
[    25.665] Markers: (--) probed, (**) from config file, (==) default setting,
	(++) from command line, (!!) notice, (II) informational,
	(WW) warning, (EE) error, (NI) not implemented, (??) unknown.
[    25.665] (==) Log file: "/home/USERNAME/.local/share/xorg/Xorg.1.log", Time: Mon Nov 21 14:58:05 2022
[    25.665] (==) Using system config directory "/usr/share/X11/xorg.conf.d"
[    25.665] (==) No Layout section.  Using the first Screen section.
[    25.665] (==) No screen section available. Using defaults.
[    25.665] (**) |-->Screen "Default Screen Section" (0)
[    25.665] (**) |   |-->Monitor "<default monitor>"
[    25.666] (==) No monitor specified for screen "Default Screen Section".
	Using a default monitor configuration.
[    25.666] (**) Option "BlankTime" "0"
[    25.666] (**) Option "StandbyTime" "0"
[    25.666] (**) Option "SuspendTime" "0"
[    25.666] (**) Option "OffTime" "0"
[    25.666] (==) Automatically adding devices
[    25.666] (==) Automatically enabling devices
[    25.666] (==) Automatically adding GPU devices
[    25.666] (==) Automatically binding GPU devices
[    25.666] (==) Max clients allowed: 256, resource mask: 0x1fffff
[    25.666] (WW) The directory "/usr/share/fonts/X11/cyrillic" does not exist.
[    25.666] 	Entry deleted from font path.
[    25.666] (WW) The directory "/usr/share/fonts/X11/100dpi/" does not exist.
[    25.666] 	Entry deleted from font path.
[    25.666] (WW) The directory "/usr/share/fonts/X11/75dpi/" does not exist.
[    25.666] 	Entry deleted from font path.
[    25.666] (WW) The directory "/usr/share/fonts/X11/100dpi" does not exist.
[    25.666] 	Entry deleted from font path.
[    25.666] (WW) The directory "/usr/share/fonts/X11/75dpi" does not exist.
[    25.666] 	Entry deleted from font path.
[    25.666] (==) FontPath set to:
	/usr/share/fonts/X11/misc,
	/usr/share/fonts/X11/Type1,
	built-ins
[    25.666] (==) ModulePath set to "/usr/lib/xorg/modules"
[    25.666] (II) The server relies on udev to provide the list of input devices.
	If no devices become available, reconfigure udev or disable AutoAddDevices.
[    25.666] (II) Loader magic: 0x558acaccc020
[    25.666] (II) Module ABI versions:
[    25.666] 	X.Org ANSI C Emulation: 0.4
[    25.666] 	X.Org Video Driver: 25.2
[    25.666] 	X.Org XInput driver : 24.4
[    25.666] 	X.Org Server Extension : 10.0
[    25.666] (++) using VT number 2

[    25.667] (II) systemd-logind: took control of session /org/freedesktop/login1/session/_32
[    25.667] (II) xfree86: Adding drm device (/dev/dri/card0)
[    25.667] (II) Platform probe for /sys/devices/pci0000:00/0000:00:02.0/drm/card0
[    25.667] (II) systemd-logind: got fd for /dev/dri/card0 226:0 fd 15 paused 0
[    25.669] (--) PCI:*(0@0:2:0) 8086:9a49:1028:0a3f rev 1, Mem @ 0x6052000000/16777216, 0x4000000000/268435456, I/O @ 0x00003000/64, BIOS @ 0x????????/131072
[    25.669] (II) LoadModule: "glx"
[    25.669] (II) Loading /usr/lib/xorg/modules/extensions/libglx.so
[    25.669] (II) Module glx: vendor="X.Org Foundation"
[    25.669] 	compiled for 1.21.1.3, module version = 1.0.0
[    25.669] 	ABI class: X.Org Server Extension, version 10.0
[    25.669] (==) Matched modesetting as autoconfigured driver 0
[    25.669] (==) Matched fbdev as autoconfigured driver 1
[    25.669] (==) Matched vesa as autoconfigured driver 2
[    25.669] (==) Assigned the driver to the xf86ConfigLayout
[    25.669] (II) LoadModule: "modesetting"
[    25.669] (II) Loading /usr/lib/xorg/modules/drivers/modesetting_drv.so
[    25.669] (II) Module modesetting: vendor="X.Org Foundation"
[    25.669] 	compiled for 1.21.1.3, module version = 1.21.1
[    25.669] 	Module class: X.Org Video Driver
[    25.669] 	ABI class: X.Org Video Driver, version 25.2
[    25.669] (II) LoadModule: "fbdev"
[    25.669] (II) Loading /usr/lib/xorg/modules/drivers/fbdev_drv.so
[    25.669] (II) Module fbdev: vendor="X.Org Foundation"
[    25.669] 	compiled for 1.21.1.3, module version = 0.5.0
[    25.669] 	Module class: X.Org Video Driver
[    25.669] 	ABI class: X.Org Video Driver, version 25.2
[    25.669] (II) LoadModule: "vesa"
[    25.669] (II) Loading /usr/lib/xorg/modules/drivers/vesa_drv.so
[    25.669] (II) Module vesa: vendor="X.Org Foundation"
[    25.669] 	compiled for 1.21.1.3, module version = 2.5.0
[    25.669] 	Module class: X.Org Video Driver
[    25.669] 	ABI class: X.Org Video Driver, version 25.2
[    25.669] (II) modesetting: Driver for Modesetting Kernel Drivers: kms
[    25.669] (II) FBDEV: driver for framebuffer: fbdev
[    25.669] (II) VESA: driver for VESA chipsets: vesa
[    25.669] xf86EnableIO: failed to enable I/O ports 0000-03ff (Operation not permitted)
[    25.669] (II) modeset(0): using drv /dev/dri/card0
[    25.669] (WW) Falling back to old probe method for fbdev
[    25.669] (II) Loading sub module "fbdevhw"
[    25.669] (II) LoadModule: "fbdevhw"
[    25.669] (II) Loading /usr/lib/xorg/modules/libfbdevhw.so
[    25.669] (II) Module fbdevhw: vendor="X.Org Foundation"
[    25.669] 	compiled for 1.21.1.3, module version = 0.0.2
[    25.669] 	ABI class: X.Org Video Driver, version 25.2
[    25.669] (EE) open /dev/fb0: Permission denied
[    25.669] (WW) VGA arbiter: cannot open kernel arbiter, no multi-card support
[    25.670] (II) modeset(0): Creating default Display subsection in Screen section
	"Default Screen Section" for depth/fbbpp 24/32
[    25.670] (==) modeset(0): Depth 24, (==) framebuffer bpp 32
[    25.670] (==) modeset(0): RGB weight 888
[    25.670] (==) modeset(0): Default visual is TrueColor
[    25.670] (II) Loading sub module "glamoregl"
[    25.670] (II) LoadModule: "glamoregl"
[    25.670] (II) Loading /usr/lib/xorg/modules/libglamoregl.so
[    25.672] (II) Module glamoregl: vendor="X.Org Foundation"
[    25.672] 	compiled for 1.21.1.3, module version = 1.0.1
[    25.672] 	ABI class: X.Org ANSI C Emulation, version 0.4
[    25.691] (II) modeset(0): glamor X acceleration enabled on Mesa Intel(R) Xe Graphics (TGL GT2)
[    25.691] (II) modeset(0): glamor initialized
[    25.691] (==) modeset(0): VariableRefresh: disabled
[    25.691] (==) modeset(0): AsyncFlipSecondaries: disabled
[    25.694] (II) modeset(0): Output eDP-1 has no monitor section
[    25.694] (II) modeset(0): Output HDMI-1 has no monitor section
[    25.707] (II) modeset(0): Output DP-1 has no monitor section
[    25.822] (II) modeset(0): Output HDMI-2 has no monitor section
[    25.861] (II) modeset(0): Output DP-2 has no monitor section
[    25.904] (II) modeset(0): Output HDMI-3 has no monitor section
[    26.568] (II) modeset(0): Output DP-1-1 has no monitor section
[    26.569] (II) modeset(0): Output DP-1-2 has no monitor section
[    26.569] (II) modeset(0): Output DP-1-3 has no monitor section
[    26.573] (II) modeset(0): EDID for output eDP-1
[    26.573] (II) modeset(0): Manufacturer: AUO  Model: 107d  Serial#: 0
[    26.573] (II) modeset(0): Year: 2020  Week: 5
[    26.573] (II) modeset(0): EDID Version: 1.4
[    26.573] (II) modeset(0): Digital Display Input
[    26.573] (II) modeset(0): 8 bits per channel
[    26.573] (II) modeset(0): Digital interface is DisplayPort
[    26.573] (II) modeset(0): Max Image Size [cm]: horiz.: 33  vert.: 19
[    26.573] (II) modeset(0): Gamma: 2.20
[    26.573] (II) modeset(0): No DPMS capabilities specified
[    26.573] (II) modeset(0): Supported color encodings: RGB 4:4:4 
[    26.573] (II) modeset(0): First detailed timing is preferred mode
[    26.573] (II) modeset(0): Preferred mode is native pixel format and refresh rate
[    26.573] (II) modeset(0): Display is continuous-frequency
[    26.573] (II) modeset(0): redX: 0.640 redY: 0.330   greenX: 0.300 greenY: 0.600
[    26.573] (II) modeset(0): blueX: 0.150 blueY: 0.060   whiteX: 0.313 whiteY: 0.329
[    26.573] (II) modeset(0): Manufacturer's mask: 0
[    26.573] (II) modeset(0): Supported detailed timing:
[    26.573] (II) modeset(0): clock: 141.0 MHz   Image Size:  331 x 186 mm
[    26.573] (II) modeset(0): h_active: 1920  h_sync: 1936  h_sync_end 1952 h_blank_end 2104 h_border: 0
[    26.573] (II) modeset(0): v_active: 1080  v_sync: 1083  v_sync_end 1097 v_blanking: 1116 v_border: 0
[    26.573] (II) modeset(0): Supported detailed timing:
[    26.574] (II) modeset(0): clock: 112.8 MHz   Image Size:  331 x 186 mm
[    26.574] (II) modeset(0): h_active: 1920  h_sync: 1936  h_sync_end 1952 h_blank_end 2104 h_border: 0
[    26.574] (II) modeset(0): v_active: 1080  v_sync: 1083  v_sync_end 1097 v_blanking: 1116 v_border: 0
[    26.574] (II) modeset(0):  J4VRV€B150HAN
[    26.574] (II) modeset(0): Unknown vendor-specific block 0
[    26.574] (II) modeset(0): Number of EDID sections to follow: 1
[    26.574] (II) modeset(0): EDID (in hex):
[    26.574] (II) modeset(0): 	00ffffffffffff0006af7d1000000000
[    26.574] (II) modeset(0): 	051e0104a521137803ee95a3544c9926
[    26.574] (II) modeset(0): 	0f505400000001010101010101010101
[    26.574] (II) modeset(0): 	010101010101143780b8703824401010
[    26.574] (II) modeset(0): 	3e004bba1000001a102c80b870382440
[    26.574] (II) modeset(0): 	10103e004bba1000001a000000fe004a
[    26.574] (II) modeset(0): 	34565256804231353048414e00000000
[    26.574] (II) modeset(0): 	00034121a8000000000a010a202001cb
[    26.574] (II) modeset(0): 	02030f00e3058000e606050160604900
[    26.574] (II) modeset(0): 	00000000000000000000000000000000
[    26.574] (II) modeset(0): 	00000000000000000000000000000000
[    26.574] (II) modeset(0): 	00000000000000000000000000000000
[    26.574] (II) modeset(0): 	00000000000000000000000000000000
[    26.574] (II) modeset(0): 	00000000000000000000000000000000
[    26.574] (II) modeset(0): 	00000000000000000000000000000000
[    26.574] (II) modeset(0): 	00000000000000000000000000008bfe
[    26.574] (II) modeset(0): Printing probed modes for output eDP-1
[    26.574] (II) modeset(0): Modeline "1920x1080"x60.0  141.00  1920 1936 1952 2104  1080 1083 1097 1116 +hsync -vsync (67.0 kHz eP)
[    26.575] (II) modeset(0): Modeline "1920x1080"x120.0  356.38  1920 2080 2288 2656  1080 1081 1084 1118 doublescan -hsync +vsync (134.2 kHz d)
[    26.575] (II) modeset(0): Modeline "1920x1080"x119.9  266.50  1920 1944 1960 2000  1080 1081 1084 1111 doublescan +hsync -vsync (133.2 kHz d)
[    26.575] (II) modeset(0): Modeline "1920x1080"x60.0  173.00  1920 2048 2248 2576  1080 1083 1088 1120 -hsync +vsync (67.2 kHz d)
[    26.575] (II) modeset(0): Modeline "1920x1080"x59.9  138.50  1920 1968 2000 2080  1080 1083 1088 1111 +hsync -vsync (66.6 kHz d)
[    26.575] (II) modeset(0): Modeline "1680x1050"x60.0  146.25  1680 1784 1960 2240  1050 1053 1059 1089 -hsync +vsync (65.3 kHz d)
[    26.575] (II) modeset(0): Modeline "1680x1050"x59.9  119.00  1680 1728 1760 1840  1050 1053 1059 1080 +hsync -vsync (64.7 kHz d)
[    26.575] (II) modeset(0): Modeline "1400x1050"x60.0  122.00  1400 1488 1640 1880  1050 1052 1064 1082 +hsync +vsync (64.9 kHz d)
[    26.575] (II) modeset(0): Modeline "1600x900"x120.0  246.00  1600 1728 1900 2200  900 901 904 932 doublescan -hsync +vsync (111.8 kHz d)
[    26.575] (II) modeset(0): Modeline "1600x900"x119.9  186.50  1600 1624 1640 1680  900 901 904 926 doublescan +hsync -vsync (111.0 kHz d)
[    26.575] (II) modeset(0): Modeline "1600x900"x59.9  118.25  1600 1696 1856 2112  900 903 908 934 -hsync +vsync (56.0 kHz d)
[    26.575] (II) modeset(0): Modeline "1600x900"x59.8   97.50  1600 1648 1680 1760  900 903 908 926 +hsync -vsync (55.4 kHz d)
[    26.575] (II) modeset(0): Modeline "1280x1024"x60.0  108.00  1280 1328 1440 1688  1024 1025 1028 1066 +hsync +vsync (64.0 kHz d)
[    26.575] (II) modeset(0): Modeline "1400x900"x60.0  103.50  1400 1480 1624 1848  900 903 913 934 -hsync +vsync (56.0 kHz d)
[    26.575] (II) modeset(0): Modeline "1400x900"x59.9   86.50  1400 1448 1480 1560  900 903 913 926 +hsync -vsync (55.4 kHz d)
[    26.575] (II) modeset(0): Modeline "1280x960"x60.0  108.00  1280 1376 1488 1800  960 961 964 1000 +hsync +vsync (60.0 kHz d)
[    26.575] (II) modeset(0): Modeline "1440x810"x120.0  198.12  1440 1548 1704 1968  810 811 814 839 doublescan -hsync +vsync (100.7 kHz d)
[    26.575] (II) modeset(0): Modeline "1440x810"x119.9  151.88  1440 1464 1480 1520  810 811 814 833 doublescan +hsync -vsync (99.9 kHz d)
[    26.575] (II) modeset(0): Modeline "1368x768"x59.9   85.25  1368 1440 1576 1784  768 771 781 798 -hsync +vsync (47.8 kHz d)
[    26.575] (II) modeset(0): Modeline "1368x768"x59.9   72.25  1368 1416 1448 1528  768 771 781 790 +hsync -vsync (47.3 kHz d)
[    26.575] (II) modeset(0): Modeline "1280x800"x120.0  174.25  1280 1380 1516 1752  800 801 804 829 doublescan -hsync +vsync (99.5 kHz d)
[    26.575] (II) modeset(0): Modeline "1280x800"x119.9  134.25  1280 1304 1320 1360  800 801 804 823 doublescan +hsync -vsync (98.7 kHz d)
[    26.575] (II) modeset(0): Modeline "1280x800"x59.8   83.50  1280 1352 1480 1680  800 803 809 831 -hsync +vsync (49.7 kHz d)
[    26.575] (II) modeset(0): Modeline "1280x800"x59.9   71.00  1280 1328 1360 1440  800 803 809 823 +hsync -vsync (49.3 kHz d)
[    26.575] (II) modeset(0): Modeline "1280x720"x120.0  156.12  1280 1376 1512 1744  720 721 724 746 doublescan -hsync +vsync (89.5 kHz d)
[    26.575] (II) modeset(0): Modeline "1280x720"x120.0  120.75  1280 1304 1320 1360  720 721 724 740 doublescan +hsync -vsync (88.8 kHz d)
[    26.575] (II) modeset(0): Modeline "1280x720"x59.9   74.50  1280 1344 1472 1664  720 723 728 748 -hsync +vsync (44.8 kHz d)
[    26.575] (II) modeset(0): Modeline "1280x720"x59.7   63.75  1280 1328 1360 1440  720 723 728 741 +hsync -vsync (44.3 kHz d)
[    26.575] (II) modeset(0): Modeline "1024x768"x120.1  133.47  1024 1100 1212 1400  768 768 770 794 doublescan -hsync +vsync (95.3 kHz d)
[    26.575] (II) modeset(0): Modeline "1024x768"x60.0   65.00  1024 1048 1184 1344  768 771 777 806 -hsync -vsync (48.4 kHz d)
[    26.575] (II) modeset(0): Modeline "960x720"x120.0  117.00  960 1024 1128 1300  720 720 722 750 doublescan -hsync +vsync (90.0 kHz d)
[    26.575] (II) modeset(0): Modeline "928x696"x120.1  109.15  928 976 1088 1264  696 696 698 719 doublescan -hsync +vsync (86.4 kHz d)
[    26.575] (II) modeset(0): Modeline "896x672"x120.0  102.40  896 960 1060 1224  672 672 674 697 doublescan -hsync +vsync (83.7 kHz d)
[    26.575] (II) modeset(0): Modeline "1024x576"x119.9   98.50  1024 1092 1200 1376  576 577 580 597 doublescan -hsync +vsync (71.6 kHz d)
[    26.575] (II) modeset(0): Modeline "1024x576"x119.9   78.38  1024 1048 1064 1104  576 577 580 592 doublescan +hsync -vsync (71.0 kHz d)
[    26.575] (II) modeset(0): Modeline "1024x576"x59.9   46.50  1024 1064 1160 1296  576 579 584 599 -hsync +vsync (35.9 kHz d)
[    26.575] (II) modeset(0): Modeline "1024x576"x59.8   42.00  1024 1072 1104 1184  576 579 584 593 +hsync -vsync (35.5 kHz d)
[    26.575] (II) modeset(0): Modeline "960x600"x119.9   96.62  960 1028 1128 1296  600 601 604 622 doublescan -hsync +vsync (74.6 kHz d)
[    26.575] (II) modeset(0): Modeline "960x600"x120.0   77.00  960 984 1000 1040  600 601 604 617 doublescan +hsync -vsync (74.0 kHz d)
[    26.575] (II) modeset(0): Modeline "960x540"x119.9   86.50  960 1024 1124 1288  540 541 544 560 doublescan -hsync +vsync (67.2 kHz d)
[    26.575] (II) modeset(0): Modeline "960x540"x120.0   69.25  960 984 1000 1040  540 541 544 555 doublescan +hsync -vsync (66.6 kHz d)
[    26.575] (II) modeset(0): Modeline "960x540"x59.6   40.75  960 992 1088 1216  540 543 548 562 -hsync +vsync (33.5 kHz d)
[    26.575] (II) modeset(0): Modeline "960x540"x59.8   37.25  960 1008 1040 1120  540 543 548 556 +hsync -vsync (33.3 kHz d)
[    26.575] (II) modeset(0): Modeline "800x600"x120.0   81.00  800 832 928 1080  600 600 602 625 doublescan +hsync +vsync (75.0 kHz d)
[    26.575] (II) modeset(0): Modeline "800x600"x60.3   40.00  800 840 968 1056  600 601 605 628 +hsync +vsync (37.9 kHz d)
[    26.575] (II) modeset(0): Modeline "800x600"x56.2   36.00  800 824 896 1024  600 601 603 625 +hsync +vsync (35.2 kHz d)
[    26.575] (II) modeset(0): Modeline "840x525"x120.0   73.12  840 892 980 1120  525 526 529 544 doublescan -hsync +vsync (65.3 kHz d)
[    26.575] (II) modeset(0): Modeline "840x525"x119.8   59.50  840 864 880 920  525 526 529 540 doublescan +hsync -vsync (64.7 kHz d)
[    26.575] (II) modeset(0): Modeline "864x486"x59.9   32.50  864 888 968 1072  486 489 494 506 -hsync +vsync (30.3 kHz d)
[    26.575] (II) modeset(0): Modeline "864x486"x59.6   30.50  864 912 944 1024  486 489 494 500 +hsync -vsync (29.8 kHz d)
[    26.575] (II) modeset(0): Modeline "700x525"x120.0   61.00  700 744 820 940  525 526 532 541 doublescan +hsync +vsync (64.9 kHz d)
[    26.575] (II) modeset(0): Modeline "800x450"x119.9   59.12  800 848 928 1056  450 451 454 467 doublescan -hsync +vsync (56.0 kHz d)
[    26.576] (II) modeset(0): Modeline "800x450"x119.6   48.75  800 824 840 880  450 451 454 463 doublescan +hsync -vsync (55.4 kHz d)
[    26.576] (II) modeset(0): Modeline "640x512"x120.0   54.00  640 664 720 844  512 512 514 533 doublescan +hsync +vsync (64.0 kHz d)
[    26.576] (II) modeset(0): Modeline "700x450"x119.9   51.75  700 740 812 924  450 451 456 467 doublescan -hsync +vsync (56.0 kHz d)
[    26.576] (II) modeset(0): Modeline "700x450"x119.8   43.25  700 724 740 780  450 451 456 463 doublescan +hsync -vsync (55.4 kHz d)
[    26.576] (II) modeset(0): Modeline "640x480"x120.0   54.00  640 688 744 900  480 480 482 500 doublescan +hsync +vsync (60.0 kHz d)
[    26.576] (II) modeset(0): Modeline "640x480"x59.9   25.18  640 656 752 800  480 490 492 525 -hsync -vsync (31.5 kHz d)
[    26.576] (II) modeset(0): Modeline "720x405"x59.5   22.50  720 744 808 896  405 408 413 422 -hsync +vsync (25.1 kHz d)
[    26.576] (II) modeset(0): Modeline "720x405"x59.0   21.75  720 768 800 880  405 408 413 419 +hsync -vsync (24.7 kHz d)
[    26.576] (II) modeset(0): Modeline "684x384"x119.8   42.62  684 720 788 892  384 385 390 399 doublescan -hsync +vsync (47.8 kHz d)
[    26.576] (II) modeset(0): Modeline "684x384"x119.7   36.12  684 708 724 764  384 385 390 395 doublescan +hsync -vsync (47.3 kHz d)
[    26.576] (II) modeset(0): Modeline "640x400"x119.8   41.75  640 676 740 840  400 401 404 415 doublescan -hsync +vsync (49.7 kHz d)
[    26.576] (II) modeset(0): Modeline "640x400"x120.0   35.50  640 664 680 720  400 401 404 411 doublescan +hsync -vsync (49.3 kHz d)
[    26.576] (II) modeset(0): Modeline "640x360"x119.7   37.25  640 672 736 832  360 361 364 374 doublescan -hsync +vsync (44.8 kHz d)
[    26.576] (II) modeset(0): Modeline "640x360"x119.7   31.88  640 664 680 720  360 361 364 370 doublescan +hsync -vsync (44.3 kHz d)
[    26.576] (II) modeset(0): Modeline "640x360"x59.8   18.00  640 664 720 800  360 363 368 376 -hsync +vsync (22.5 kHz d)
[    26.576] (II) modeset(0): Modeline "640x360"x59.3   17.75  640 688 720 800  360 363 368 374 +hsync -vsync (22.2 kHz d)
[    26.576] (II) modeset(0): Modeline "512x384"x120.0   32.50  512 524 592 672  384 385 388 403 doublescan -hsync -vsync (48.4 kHz d)
[    26.576] (II) modeset(0): Modeline "512x288"x120.0   23.25  512 532 580 648  288 289 292 299 doublescan -hsync +vsync (35.9 kHz d)
[    26.576] (II) modeset(0): Modeline "512x288"x119.8   21.00  512 536 552 592  288 289 292 296 doublescan +hsync -vsync (35.5 kHz d)
[    26.576] (II) modeset(0): Modeline "480x270"x119.3   20.38  480 496 544 608  270 271 274 281 doublescan -hsync +vsync (33.5 kHz d)
[    26.576] (II) modeset(0): Modeline "480x270"x119.6   18.62  480 504 520 560  270 271 274 278 doublescan +hsync -vsync (33.3 kHz d)
[    26.576] (II) modeset(0): Modeline "400x300"x120.6   20.00  400 420 484 528  300 300 302 314 doublescan +hsync +vsync (37.9 kHz d)
[    26.576] (II) modeset(0): Modeline "400x300"x112.7   18.00  400 412 448 512  300 300 301 312 doublescan +hsync +vsync (35.2 kHz d)
[    26.576] (II) modeset(0): Modeline "432x243"x119.8   16.25  432 444 484 536  243 244 247 253 doublescan -hsync +vsync (30.3 kHz d)
[    26.576] (II) modeset(0): Modeline "432x243"x119.1   15.25  432 456 472 512  243 244 247 250 doublescan +hsync -vsync (29.8 kHz d)
[    26.576] (II) modeset(0): Modeline "320x240"x120.1   12.59  320 328 376 400  240 245 246 262 doublescan -hsync -vsync (31.5 kHz d)
[    26.576] (II) modeset(0): Modeline "360x202"x119.0   11.25  360 372 404 448  202 204 206 211 doublescan -hsync +vsync (25.1 kHz d)
[    26.576] (II) modeset(0): Modeline "360x202"x118.3   10.88  360 384 400 440  202 204 206 209 doublescan +hsync -vsync (24.7 kHz d)
[    26.576] (II) modeset(0): Modeline "320x180"x119.7    9.00  320 332 360 400  180 181 184 188 doublescan -hsync +vsync (22.5 kHz d)
[    26.576] (II) modeset(0): Modeline "320x180"x118.6    8.88  320 344 360 400  180 181 184 187 doublescan +hsync -vsync (22.2 kHz d)
[    26.576] (II) modeset(0): EDID for output HDMI-1
[    26.594] (II) modeset(0): EDID for output DP-1
[    26.727] (II) modeset(0): EDID for output HDMI-2
[    26.727] (II) modeset(0): EDID for output DP-2
[    26.727] (II) modeset(0): EDID for output HDMI-3
[    26.932] (WW) EDID timing clock 241.50 exceeds claimed max 225MHz, fixing
[    26.932] (II) modeset(0): EDID for output DP-1-1
[    26.932] (II) modeset(0): Manufacturer: ACR  Model: 60d  Serial#: 2439040998
[    26.932] (II) modeset(0): Year: 2019  Week: 16
[    26.932] (II) modeset(0): EDID Version: 1.4
[    26.932] (II) modeset(0): Digital Display Input
[    26.932] (II) modeset(0): 8 bits per channel
[    26.932] (II) modeset(0): Digital interface is DisplayPort
[    26.932] (II) modeset(0): Max Image Size [cm]: horiz.: 60  vert.: 34
[    26.932] (II) modeset(0): Gamma: 2.20
[    26.932] (II) modeset(0): DPMS capabilities: Off
[    26.932] (II) modeset(0): Supported color encodings: RGB 4:4:4 YCrCb 4:4:4 YCrCb 4:2:2
[    26.932] (II) modeset(0): First detailed timing is preferred mode
[    26.933] (II) modeset(0): Preferred mode is native pixel format and refresh rate
[    26.933] (II) modeset(0): redX: 0.678 redY: 0.310   greenX: 0.267 greenY: 0.663
[    26.933] (II) modeset(0): blueX: 0.146 blueY: 0.056   whiteX: 0.313 whiteY: 0.329
[    26.933] (II) modeset(0): Supported established timings:
[    26.933] (II) modeset(0): 720x400@70Hz
[    26.933] (II) modeset(0): 640x480@60Hz
[    26.933] (II) modeset(0): 640x480@67Hz
[    26.933] (II) modeset(0): 640x480@72Hz
[    26.933] (II) modeset(0): 640x480@75Hz
[    26.933] (II) modeset(0): 800x600@60Hz
[    26.933] (II) modeset(0): 800x600@75Hz
[    26.933] (II) modeset(0): 1024x768@60Hz
[    26.933] (II) modeset(0): 1024x768@75Hz
[    26.933] (II) modeset(0): 1280x1024@75Hz
[    26.933] (II) modeset(0): Manufacturer's mask: 0
[    26.933] (II) modeset(0): Supported standard timings:
[    26.933] (II) modeset(0): #0: hsize: 1920  vsize 1200  refresh: 60  vid: 209
[    26.933] (II) modeset(0): #1: hsize: 1920  vsize 1080  refresh: 60  vid: 49361
[    26.933] (II) modeset(0): #2: hsize: 1280  vsize 1024  refresh: 60  vid: 32897
[    26.933] (II) modeset(0): #3: hsize: 1440  vsize 900  refresh: 75  vid: 3989
[    26.933] (II) modeset(0): #4: hsize: 1440  vsize 900  refresh: 60  vid: 149
[    26.933] (II) modeset(0): #5: hsize: 1680  vsize 1050  refresh: 60  vid: 179
[    26.933] (II) modeset(0): #6: hsize: 1280  vsize 720  refresh: 60  vid: 49281
[    26.933] (II) modeset(0): #7: hsize: 1600  vsize 1200  refresh: 60  vid: 16553
[    26.933] (II) modeset(0): Supported detailed timing:
[    26.933] (II) modeset(0): clock: 241.5 MHz   Image Size:  597 x 336 mm
[    26.933] (II) modeset(0): h_active: 2560  h_sync: 2608  h_sync_end 2640 h_blank_end 2720 h_border: 0
[    26.933] (II) modeset(0): v_active: 1440  v_sync: 1443  v_sync_end 1448 v_blanking: 1481 v_border: 0
[    26.933] (II) modeset(0): Ranges: V min: 23 V max: 76 Hz, H min: 15 H max: 99 kHz, PixClock max 242 MHz
[    26.933] (II) modeset(0): Serial No: T9TEE0014200
[    26.933] (II) modeset(0): Monitor name: Acer CB271HU
[    26.933] (II) modeset(0): Supported detailed timing:
[    26.933] (II) modeset(0): clock: 148.5 MHz   Image Size:  597 x 336 mm
[    26.933] (II) modeset(0): h_active: 1920  h_sync: 2448  h_sync_end 2492 h_blank_end 2640 h_border: 0
[    26.933] (II) modeset(0): v_active: 1080  v_sync: 1089  v_sync_end 1095 v_blanking: 1125 v_border: 0
[    26.933] (II) modeset(0): Supported detailed timing:
[    26.933] (II) modeset(0): clock: 148.5 MHz   Image Size:  597 x 336 mm
[    26.933] (II) modeset(0): h_active: 1920  h_sync: 2008  h_sync_end 2052 h_blank_end 2200 h_border: 0
[    26.933] (II) modeset(0): v_active: 1080  v_sync: 1089  v_sync_end 1095 v_blanking: 1125 v_border: 0
[    26.933] (II) modeset(0): Supported detailed timing:
[    26.933] (II) modeset(0): clock: 154.0 MHz   Image Size:  597 x 336 mm
[    26.933] (II) modeset(0): h_active: 1920  h_sync: 1968  h_sync_end 2000 h_blank_end 2080 h_border: 0
[    26.933] (II) modeset(0): v_active: 1200  v_sync: 1203  v_sync_end 1209 v_blanking: 1235 v_border: 0
[    26.933] (II) modeset(0): Supported detailed timing:
[    26.933] (II) modeset(0): clock: 74.2 MHz   Image Size:  597 x 336 mm
[    26.933] (II) modeset(0): h_active: 1280  h_sync: 1720  h_sync_end 1760 h_blank_end 1980 h_border: 0
[    26.933] (II) modeset(0): v_active: 720  v_sync: 725  v_sync_end 730 v_blanking: 750 v_border: 0
[    26.933] (II) modeset(0): Supported detailed timing:
[    26.933] (II) modeset(0): clock: 27.0 MHz   Image Size:  597 x 336 mm
[    26.933] (II) modeset(0): h_active: 720  h_sync: 732  h_sync_end 796 h_blank_end 864 h_border: 0
[    26.933] (II) modeset(0): v_active: 576  v_sync: 581  v_sync_end 586 v_blanking: 625 v_border: 0
[    26.934] (II) modeset(0): Number of EDID sections to follow: 1
[    26.934] (II) modeset(0): EDID (in hex):
[    26.934] (II) modeset(0): 	00ffffffffffff0004720d06e6cf6091
[    26.934] (II) modeset(0): 	101d0104a53c22783a9755ad4f44a925
[    26.934] (II) modeset(0): 	0e5054bd4b00d100d1c08180950f9500
[    26.934] (II) modeset(0): 	b30081c0a940565e00a0a0a029503020
[    26.934] (II) modeset(0): 	350055502100001e000000fd00174c0f
[    26.934] (II) modeset(0): 	6316000a202020202020000000ff0054
[    26.934] (II) modeset(0): 	39544545303031343230300a000000fc
[    26.934] (II) modeset(0): 	004163657220434232373148550a0172
[    26.934] (II) modeset(0): 	02031ef465030c0010004b0102030405
[    26.934] (II) modeset(0): 	90111213141f2309070783010000023a
[    26.934] (II) modeset(0): 	80d072382d40102c9680555021000018
[    26.934] (II) modeset(0): 	023a801871382d40582c960055502100
[    26.934] (II) modeset(0): 	0018283c80a070b02340302036005550
[    26.934] (II) modeset(0): 	2100001a011d00bc52d01e20b8285540
[    26.934] (II) modeset(0): 	55502100001e8c0ad090204031200c40
[    26.934] (II) modeset(0): 	55005550210000180000000000000079
[    26.934] (II) modeset(0): Printing probed modes for output DP-1-1
[    26.934] (II) modeset(0): Modeline "2560x1440"x60.0  241.50  2560 2608 2640 2720  1440 1443 1448 1481 +hsync +vsync (88.8 kHz eP)
[    26.934] (II) modeset(0): Modeline "1920x1200"x60.0  154.00  1920 1968 2000 2080  1200 1203 1209 1235 +hsync -vsync (74.0 kHz e)
[    26.934] (II) modeset(0): Modeline "1920x1080"x60.0  148.50  1920 2008 2052 2200  1080 1089 1095 1125 -hsync -vsync (67.5 kHz e)
[    26.934] (II) modeset(0): Modeline "1920x1080"x60.0  148.50  1920 2008 2052 2200  1080 1084 1089 1125 +hsync +vsync (67.5 kHz e)
[    26.934] (II) modeset(0): Modeline "1920x1080"x50.0  148.50  1920 2448 2492 2640  1080 1089 1095 1125 -hsync -vsync (56.2 kHz e)
[    26.934] (II) modeset(0): Modeline "1920x1080"x50.0  148.50  1920 2448 2492 2640  1080 1084 1089 1125 +hsync +vsync (56.2 kHz e)
[    26.934] (II) modeset(0): Modeline "1920x1080"x59.9  148.35  1920 2008 2052 2200  1080 1084 1089 1125 +hsync +vsync (67.4 kHz e)
[    26.934] (II) modeset(0): Modeline "1600x1200"x60.0  162.00  1600 1664 1856 2160  1200 1201 1204 1250 +hsync +vsync (75.0 kHz e)
[    26.934] (II) modeset(0): Modeline "1680x1050"x60.0  146.25  1680 1784 1960 2240  1050 1053 1059 1089 -hsync +vsync (65.3 kHz e)
[    26.934] (II) modeset(0): Modeline "1280x1024"x75.0  135.00  1280 1296 1440 1688  1024 1025 1028 1066 +hsync +vsync (80.0 kHz e)
[    26.934] (II) modeset(0): Modeline "1280x1024"x60.0  108.00  1280 1328 1440 1688  1024 1025 1028 1066 +hsync +vsync (64.0 kHz e)
[    26.935] (II) modeset(0): Modeline "1440x900"x75.0  136.75  1440 1536 1688 1936  900 903 909 942 -hsync +vsync (70.6 kHz e)
[    26.935] (II) modeset(0): Modeline "1440x900"x59.9  106.50  1440 1520 1672 1904  900 903 909 934 -hsync +vsync (55.9 kHz e)
[    26.935] (II) modeset(0): Modeline "1280x720"x60.0   74.25  1280 1390 1430 1650  720 725 730 750 +hsync +vsync (45.0 kHz e)
[    26.935] (II) modeset(0): Modeline "1280x720"x50.0   74.25  1280 1720 1760 1980  720 725 730 750 +hsync +vsync (37.5 kHz e)
[    26.935] (II) modeset(0): Modeline "1280x720"x59.9   74.18  1280 1390 1430 1650  720 725 730 750 +hsync +vsync (45.0 kHz e)
[    26.935] (II) modeset(0): Modeline "1024x768"x75.0   78.75  1024 1040 1136 1312  768 769 772 800 +hsync +vsync (60.0 kHz e)
[    26.935] (II) modeset(0): Modeline "1024x768"x60.0   65.00  1024 1048 1184 1344  768 771 777 806 -hsync -vsync (48.4 kHz e)
[    26.935] (II) modeset(0): Modeline "800x600"x75.0   49.50  800 816 896 1056  600 601 604 625 +hsync +vsync (46.9 kHz e)
[    26.935] (II) modeset(0): Modeline "800x600"x60.3   40.00  800 840 968 1056  600 601 605 628 +hsync +vsync (37.9 kHz e)
[    26.935] (II) modeset(0): Modeline "720x576"x50.0   27.00  720 732 796 864  576 581 586 625 -hsync -vsync (31.2 kHz e)
[    26.935] (II) modeset(0): Modeline "720x480"x60.0   27.03  720 736 798 858  480 489 495 525 -hsync -vsync (31.5 kHz e)
[    26.935] (II) modeset(0): Modeline "720x480"x59.9   27.00  720 736 798 858  480 489 495 525 -hsync -vsync (31.5 kHz e)
[    26.935] (II) modeset(0): Modeline "640x480"x75.0   31.50  640 656 720 840  480 481 484 500 -hsync -vsync (37.5 kHz e)
[    26.935] (II) modeset(0): Modeline "640x480"x72.8   31.50  640 664 704 832  480 489 492 520 -hsync -vsync (37.9 kHz e)
[    26.935] (II) modeset(0): Modeline "640x480"x66.7   30.24  640 704 768 864  480 483 486 525 -hsync -vsync (35.0 kHz e)
[    26.935] (II) modeset(0): Modeline "640x480"x60.0   25.20  640 656 752 800  480 490 492 525 -hsync -vsync (31.5 kHz e)
[    26.935] (II) modeset(0): Modeline "640x480"x59.9   25.18  640 656 752 800  480 490 492 525 -hsync -vsync (31.5 kHz e)
[    26.935] (II) modeset(0): Modeline "720x400"x70.1   28.32  720 738 846 900  400 412 414 449 -hsync +vsync (31.5 kHz e)
[    26.935] (II) modeset(0): EDID for output DP-1-2
[    26.935] (II) modeset(0): EDID for output DP-1-3
[    26.935] (II) modeset(0): Output eDP-1 connected
[    26.935] (II) modeset(0): Output HDMI-1 disconnected
[    26.935] (II) modeset(0): Output DP-1 disconnected
[    26.935] (II) modeset(0): Output HDMI-2 disconnected
[    26.935] (II) modeset(0): Output DP-2 disconnected
[    26.935] (II) modeset(0): Output HDMI-3 disconnected
[    26.935] (II) modeset(0): Output DP-1-1 connected
[    26.935] (II) modeset(0): Output DP-1-2 disconnected
[    26.935] (II) modeset(0): Output DP-1-3 disconnected
[    26.935] (II) modeset(0): Using spanning desktop for initial modes
[    26.935] (II) modeset(0): Output eDP-1 using initial mode 1920x1080 +0+0
[    26.935] (II) modeset(0): Output DP-1-1 using initial mode 2560x1440 +1920+0
[    26.935] (==) modeset(0): Using gamma correction (1.0, 1.0, 1.0)
[    26.935] (==) modeset(0): DPI set to (96, 96)
[    26.935] (II) Loading sub module "fb"
[    26.935] (II) LoadModule: "fb"
[    26.935] (II) Module "fb" already built-in
[    26.936] (II) UnloadModule: "fbdev"
[    26.936] (II) Unloading fbdev
[    26.936] (II) UnloadSubModule: "fbdevhw"
[    26.936] (II) Unloading fbdevhw
[    26.936] (II) UnloadModule: "vesa"
[    26.936] (II) Unloading vesa
[    26.949] (==) modeset(0): Backing store enabled
[    26.949] (==) modeset(0): Silken mouse enabled
[    27.113] (II) modeset(0): Initializing kms color map for depth 24, 8 bpc.
[    27.113] (==) modeset(0): DPMS enabled
[    27.113] (II) modeset(0): [DRI2] Setup complete
[    27.113] (II) modeset(0): [DRI2]   DRI driver: iris
[    27.113] (II) modeset(0): [DRI2]   VDPAU driver: va_gl
[    27.113] (II) Initializing extension Generic Event Extension
[    27.113] (II) Initializing extension SHAPE
[    27.113] (II) Initializing extension MIT-SHM
[    27.113] (II) Initializing extension XInputExtension
[    27.114] (II) Initializing extension XTEST
[    27.114] (II) Initializing extension BIG-REQUESTS
[    27.114] (II) Initializing extension SYNC
[    27.114] (II) Initializing extension XKEYBOARD
[    27.114] (II) Initializing extension XC-MISC
[    27.114] (II) Initializing extension SECURITY
[    27.114] (II) Initializing extension XFIXES
[    27.114] (II) Initializing extension RENDER
[    27.114] (II) Initializing extension RANDR
[    27.114] (II) Initializing extension COMPOSITE
[    27.114] (II) Initializing extension DAMAGE
[    27.114] (II) Initializing extension MIT-SCREEN-SAVER
[    27.114] (II) Initializing extension DOUBLE-BUFFER
[    27.114] (II) Initializing extension RECORD
[    27.114] (II) Initializing extension DPMS
[    27.115] (II) Initializing extension Present
[    27.115] (II) Initializing extension DRI3
[    27.115] (II) Initializing extension X-Resource
[    27.115] (II) Initializing extension XVideo
[    27.115] (II) Initializing extension XVideo-MotionCompensation
[    27.115] (II) Initializing extension SELinux
[    27.115] (II) SELinux: Disabled on system
[    27.115] (II) Initializing extension GLX
[    27.118] (II) AIGLX: Loaded and initialized iris
[    27.118] (II) GLX: Initialized DRI2 GL provider for screen 0
[    27.118] (II) Initializing extension XFree86-VidModeExtension
[    27.118] (II) Initializing extension XFree86-DGA
[    27.119] (II) Initializing extension XFree86-DRI
[    27.119] (II) Initializing extension DRI2
[    27.119] (II) modeset(0): Damage tracking initialized
[    27.119] (II) modeset(0): Setting screen physical size to 1185 x 381
[    27.153] (II) config/udev: Adding input device Video Bus (/dev/input/event4)
[    27.153] (**) Video Bus: Applying InputClass "libinput keyboard catchall"
[    27.153] (II) LoadModule: "libinput"
[    27.153] (II) Loading /usr/lib/xorg/modules/input/libinput_drv.so
[    27.154] (II) Module libinput: vendor="X.Org Foundation"
[    27.154] 	compiled for 1.20.14, module version = 1.2.1
[    27.154] 	Module class: X.Org XInput Driver
[    27.154] 	ABI class: X.Org XInput driver, version 24.1
[    27.154] (II) Using input driver 'libinput' for 'Video Bus'
[    27.154] (II) systemd-logind: got fd for /dev/input/event4 13:68 fd 29 paused 0
[    27.154] (**) Video Bus: always reports core events
[    27.154] (**) Option "Device" "/dev/input/event4"
[    27.156] (II) event4  - Video Bus: is tagged by udev as: Keyboard
[    27.156] (II) event4  - Video Bus: device is a keyboard
[    27.156] (II) event4  - Video Bus: device removed
[    27.156] (**) Option "config_info" "udev:/sys/devices/LNXSYSTM:00/LNXSYBUS:00/PNP0A08:00/LNXVIDEO:00/input/input14/event4"
[    27.156] (II) XINPUT: Adding extended input device "Video Bus" (type: KEYBOARD, id 6)
[    27.156] (**) Option "xkb_layout" "fr"
[    27.166] (II) event4  - Video Bus: is tagged by udev as: Keyboard
[    27.166] (II) event4  - Video Bus: device is a keyboard
[    27.166] (II) config/udev: Adding input device Power Button (/dev/input/event1)
[    27.166] (**) Power Button: Applying InputClass "libinput keyboard catchall"
[    27.166] (II) Using input driver 'libinput' for 'Power Button'
[    27.167] (II) systemd-logind: got fd for /dev/input/event1 13:65 fd 32 paused 0
[    27.167] (**) Power Button: always reports core events
[    27.167] (**) Option "Device" "/dev/input/event1"
[    27.167] (II) event1  - Power Button: is tagged by udev as: Keyboard
[    27.167] (II) event1  - Power Button: device is a keyboard
[    27.167] (II) event1  - Power Button: device removed
[    27.167] (**) Option "config_info" "udev:/sys/devices/LNXSYSTM:00/LNXSYBUS:00/PNP0C0C:00/input/input1/event1"
[    27.167] (II) XINPUT: Adding extended input device "Power Button" (type: KEYBOARD, id 7)
[    27.167] (**) Option "xkb_layout" "fr"
[    27.168] (II) event1  - Power Button: is tagged by udev as: Keyboard
[    27.168] (II) event1  - Power Button: device is a keyboard
[    27.169] (II) config/udev: Adding input device Lid Switch (/dev/input/event0)
[    27.169] (II) No input driver specified, ignoring this device.
[    27.169] (II) This device may have been added with another device file.
[    27.169] (II) config/udev: Adding input device Sleep Button (/dev/input/event2)
[    27.169] (**) Sleep Button: Applying InputClass "libinput keyboard catchall"
[    27.169] (II) Using input driver 'libinput' for 'Sleep Button'
[    27.169] (II) systemd-logind: got fd for /dev/input/event2 13:66 fd 33 paused 0
[    27.169] (**) Sleep Button: always reports core events
[    27.169] (**) Option "Device" "/dev/input/event2"
[    27.170] (II) event2  - Sleep Button: is tagged by udev as: Keyboard
[    27.170] (II) event2  - Sleep Button: device is a keyboard
[    27.170] (II) event2  - Sleep Button: device removed
[    27.170] (**) Option "config_info" "udev:/sys/devices/LNXSYSTM:00/LNXSYBUS:00/PNP0C0E:00/input/input2/event2"
[    27.170] (II) XINPUT: Adding extended input device "Sleep Button" (type: KEYBOARD, id 8)
[    27.170] (**) Option "xkb_layout" "fr"
[    27.170] (II) event2  - Sleep Button: is tagged by udev as: Keyboard
[    27.170] (II) event2  - Sleep Button: device is a keyboard
[    27.171] (II) config/udev: Adding input device LITE-ON Technology USB NetVista Full Width Keyboard. (/dev/input/event8)
[    27.171] (**) LITE-ON Technology USB NetVista Full Width Keyboard.: Applying InputClass "libinput keyboard catchall"
[    27.171] (II) Using input driver 'libinput' for 'LITE-ON Technology USB NetVista Full Width Keyboard.'
[    27.172] (II) systemd-logind: got fd for /dev/input/event8 13:72 fd 34 paused 0
[    27.172] (**) LITE-ON Technology USB NetVista Full Width Keyboard.: always reports core events
[    27.172] (**) Option "Device" "/dev/input/event8"
[    27.173] (II) event8  - LITE-ON Technology USB NetVista Full Width Keyboard.: is tagged by udev as: Keyboard
[    27.173] (II) event8  - LITE-ON Technology USB NetVista Full Width Keyboard.: device is a keyboard
[    27.173] (II) event8  - LITE-ON Technology USB NetVista Full Width Keyboard.: device removed
[    27.173] (**) Option "config_info" "udev:/sys/devices/pci0000:00/0000:00:14.0/usb3/3-1/3-1.3/3-1.3.2/3-1.3.2:1.0/0003:04B3:3025.0009/input/input18/event8"
[    27.173] (II) XINPUT: Adding extended input device "LITE-ON Technology USB NetVista Full Width Keyboard." (type: KEYBOARD, id 9)
[    27.173] (**) Option "xkb_layout" "fr"
[    27.174] (II) event8  - LITE-ON Technology USB NetVista Full Width Keyboard.: is tagged by udev as: Keyboard
[    27.174] (II) event8  - LITE-ON Technology USB NetVista Full Width Keyboard.: device is a keyboard
[    27.175] (II) config/udev: Adding input device Lenovo Optical USB Mouse (/dev/input/event12)
[    27.175] (**) Lenovo Optical USB Mouse: Applying InputClass "libinput pointer catchall"
[    27.175] (II) Using input driver 'libinput' for 'Lenovo Optical USB Mouse'
[    27.175] (II) systemd-logind: got fd for /dev/input/event12 13:76 fd 35 paused 0
[    27.175] (**) Lenovo Optical USB Mouse: always reports core events
[    27.175] (**) Option "Device" "/dev/input/event12"
[    27.176] (II) event12 - Lenovo Optical USB Mouse: is tagged by udev as: Mouse
[    27.176] (II) event12 - Lenovo Optical USB Mouse: device set to 1000 DPI
[    27.176] (II) event12 - Lenovo Optical USB Mouse: device is a pointer
[    27.176] (II) event12 - Lenovo Optical USB Mouse: device removed
[    27.176] (**) Option "config_info" "udev:/sys/devices/pci0000:00/0000:00:14.0/usb3/3-1/3-1.3/3-1.3.3/3-1.3.3:1.0/0003:17EF:6019.000A/input/input19/event12"
[    27.176] (II) XINPUT: Adding extended input device "Lenovo Optical USB Mouse" (type: MOUSE, id 10)
[    27.176] (**) Option "AccelerationScheme" "none"
[    27.176] (**) Lenovo Optical USB Mouse: (accel) selected scheme none/0
[    27.176] (**) Lenovo Optical USB Mouse: (accel) acceleration factor: 2.000
[    27.176] (**) Lenovo Optical USB Mouse: (accel) acceleration threshold: 4
[    27.177] (II) event12 - Lenovo Optical USB Mouse: is tagged by udev as: Mouse
[    27.177] (II) event12 - Lenovo Optical USB Mouse: device set to 1000 DPI
[    27.178] (II) event12 - Lenovo Optical USB Mouse: device is a pointer
[    27.178] (II) config/udev: Adding input device Lenovo Optical USB Mouse (/dev/input/mouse3)
[    27.178] (II) No input driver specified, ignoring this device.
[    27.178] (II) This device may have been added with another device file.
[    27.178] (II) config/udev: Adding input device Integrated_Webcam_HD: Integrate (/dev/input/event10)
[    27.178] (**) Integrated_Webcam_HD: Integrate: Applying InputClass "libinput keyboard catchall"
[    27.178] (II) Using input driver 'libinput' for 'Integrated_Webcam_HD: Integrate'
[    27.179] (II) systemd-logind: got fd for /dev/input/event10 13:74 fd 36 paused 0
[    27.179] (**) Integrated_Webcam_HD: Integrate: always reports core events
[    27.179] (**) Option "Device" "/dev/input/event10"
[    27.179] (II) event10 - Integrated_Webcam_HD: Integrate: is tagged by udev as: Keyboard
[    27.179] (II) event10 - Integrated_Webcam_HD: Integrate: device is a keyboard
[    27.180] (II) event10 - Integrated_Webcam_HD: Integrate: device removed
[    27.180] (**) Option "config_info" "udev:/sys/devices/pci0000:00/0000:00:14.0/usb3/3-6/3-6:1.0/input/input23/event10"
[    27.180] (II) XINPUT: Adding extended input device "Integrated_Webcam_HD: Integrate" (type: KEYBOARD, id 11)
[    27.180] (**) Option "xkb_layout" "fr"
[    27.180] (II) event10 - Integrated_Webcam_HD: Integrate: is tagged by udev as: Keyboard
[    27.180] (II) event10 - Integrated_Webcam_HD: Integrate: device is a keyboard
[    27.181] (II) config/udev: Adding input device Integrated_Webcam_HD: Integrate (/dev/input/event15)
[    27.181] (**) Integrated_Webcam_HD: Integrate: Applying InputClass "libinput keyboard catchall"
[    27.181] (II) Using input driver 'libinput' for 'Integrated_Webcam_HD: Integrate'
[    27.181] (II) systemd-logind: got fd for /dev/input/event15 13:79 fd 37 paused 0
[    27.181] (**) Integrated_Webcam_HD: Integrate: always reports core events
[    27.181] (**) Option "Device" "/dev/input/event15"
[    27.182] (II) event15 - Integrated_Webcam_HD: Integrate: is tagged by udev as: Keyboard
[    27.182] (II) event15 - Integrated_Webcam_HD: Integrate: device is a keyboard
[    27.182] (II) event15 - Integrated_Webcam_HD: Integrate: device removed
[    27.182] (**) Option "config_info" "udev:/sys/devices/pci0000:00/0000:00:14.0/usb3/3-6/3-6:1.2/input/input25/event15"
[    27.182] (II) XINPUT: Adding extended input device "Integrated_Webcam_HD: Integrate" (type: KEYBOARD, id 12)
[    27.182] (**) Option "xkb_layout" "fr"
[    27.183] (II) event15 - Integrated_Webcam_HD: Integrate: is tagged by udev as: Keyboard
[    27.183] (II) event15 - Integrated_Webcam_HD: Integrate: device is a keyboard
[    27.183] (II) config/udev: Adding input device Wacom HID 494A Pen (/dev/input/event5)
[    27.183] (**) Wacom HID 494A Pen: Applying InputClass "libinput tablet catchall"
[    27.183] (**) Wacom HID 494A Pen: Applying InputClass "Wacom USB tablet class"
[    27.183] (**) Wacom HID 494A Pen: Applying InputClass "Wacom tablet class"
[    27.183] (II) LoadModule: "wacom"
[    27.183] (II) Loading /usr/lib/xorg/modules/input/wacom_drv.so
[    27.183] (II) Module wacom: vendor="X.Org Foundation"
[    27.184] 	compiled for 1.21.1.3, module version = 1.0.0
[    27.184] 	Module class: X.Org XInput Driver
[    27.184] 	ABI class: X.Org XInput driver, version 24.4
[    27.184] (II) Build version: 1.0.0
[    27.184] (II) wacom: Driver for Wacom graphics tablets: PenPartner, Graphire,
	Graphire2 4x5, Graphire2 5x7, Graphire3 4x5, Graphire3 6x8,
	Graphire4 4x5, Graphire4 6x8, BambooFun 4x5, BambooFun 6x8,
	Bamboo1 Medium, Graphire4 6x8 BlueTooth, CTL-460, CTH-461, CTL-660,
	CTL-461/S, Bamboo Touch, CTH-460/K, CTH-461/S, CTH-661/S1, CTH-461/L,
	CTH-661/L, Intuos 4x5, Intuos 6x8, Intuos 9x12, Intuos 12x12,
	Intuos 12x18, PTU600, PL400, PL500, PL600, PL600SX, PL550, PL800,
	PL700, PL510, PL710, DTI520, DTF720, DTF720a, DTF521, DTU1931,
	DTU2231, DTU1631, DTH1152, DTH1152, DTK2451, DTH2452, DTH2452,
	Wacom One Pen Display 13, Intuos2 4x5, Intuos2 6x8, Intuos2 9x12,
	Intuos2 12x12, Intuos2 12x18, Intuos2 6x8 , Volito, PenStation,
	Volito2 4x5, Volito2 2x3, PenPartner2, Bamboo, Bamboo1, Bamboo1 4x6,
	Bamboo1 5x8, Intuos3 4x5, Intuos3 6x8, Intuos3 9x12, Intuos3 12x12,
	Intuos3 12x19, Intuos3 6x11, Intuos3 4x6, Intuos4 4x6, Intuos4 6x9,
	Intuos4 8x13, Intuos4 12x19, Intuos4 WL USB Endpoint,
	Intuos4 WL Bluetooth Endpoint, Intuos5 touch S, Intuos5 touch M,
	Intuos5 touch L, Intuos5 S, Intuos5 M, Intuos Pro S, Intuos Pro M,
	Intuos Pro L, Cintiq 21UX, Cintiq 20WSX, Cintiq 12WX, Cintiq 21UX2,
	Cintiq 24HD, Cintiq 22HD, Cintiq 24HD touch (EMR digitizer),
	Cintiq 13HD, DTK2241, DTH2242, Cintiq 22HDT, Cintiq 27QHDT,
	Cintiq 27QHDT, Mobilestudio Pro 13, MobileStudio Pro 16,
	MobileStudio Pro 13, MobileStudio Pro 16, Cintiq 13 FHD Pro,
	Cintiq 16 UHD Pro, Cintiq Pro 24, Cintiq Pro 32, Cintiq 13 FHD Pro,
	Cintiq 16 UHD Pro, Cintiq Pro 24, Cintiq Pro 32, Cintiq Pro 24,
	Mobilestudio Pro 13, MobileStudio Pro 16, MobileStudio Pro 13,
	MobileStudio Pro 16, MobileStudio Pro 16, MobileStudio Pro 16,
	TabletPC 0x90, TabletPC 0x93, TabletPC 0x97, TabletPC 0x9A,
	CapPlus  0x9F, TabletPC 0xE2, TabletPC 0xE3, TabletPC 0xE5,
	TabletPC 0xE6, TabletPC 0xEC, TabletPC 0xED, TabletPC 0xEF,
	TabletPC 0x100, TabletPC 0x101, TabletPC 0x10D, TabletPC 0x116,
	TabletPC 0x12C, TabletPC 0x4001, TabletPC 0x4004, TabletPC 0x5000,
	TabletPC 0x5002, usb:172f:0024, usb:172f:0025, usb:172f:0026,
	usb:172f:0027, usb:172f:0028, usb:172f:0030, usb:172f:0031,
	usb:172f:0032, usb:172f:0033, usb:172f:0034, usb:172f:0035,
	usb:172f:0036, usb:172f:0037, usb:172f:0038, usb:172f:0039,
	usb:172f:0051, usb:172f:0052, usb:172f:0053, usb:172f:0054,
	usb:172f:0055, usb:172f:0056, usb:172f:0057, usb:172f:0058,
	usb:172f:0500, usb:172f:0501, usb:172f:0502, usb:172f:0503,
	usb:1b96:0001, usb:17ef:6004
[    27.184] (II) Using input driver 'wacom' for 'Wacom HID 494A Pen'
[    27.185] (II) systemd-logind: got fd for /dev/input/event5 13:69 fd 38 paused 0
[    27.185] (**) Wacom HID 494A Pen: always reports core events
[    27.185] (**) Option "Device" "/dev/input/event5"
[    27.185] (II) wacom: Wacom HID 494A Pen: type not specified, assuming 'stylus'.
[    27.185] (II) wacom: Wacom HID 494A Pen: other types will be automatically added.
[    27.185] (--) wacom: Wacom HID 494A Pen stylus: using pressure threshold of 851 for button 1
[    27.185] (**) wacom: Wacom HID 494A Pen stylus: panscroll is 0
[    27.185] (**) wacom: Wacom HID 494A Pen stylus: panscroll modified to 1300
[    27.185] (--) wacom: Wacom HID 494A Pen stylus: maxX=33120 maxY=18630 maxZ=4095 resX=100000 resY=100000  tilt=enabled
[    27.185] (II) wacom: Wacom HID 494A Pen stylus: hotplugging dependent devices.
[    27.185] (II) wacom: Wacom HID 494A Pen stylus: hotplugging completed.
[    27.185] (**) Option "config_info" "udev:/sys/devices/pci0000:00/0000:00:15.0/i2c_designware.0/i2c-1/i2c-WCOM494A:00/0018:056A:494A.0001/input/input15/event5"
[    27.185] (II) XINPUT: Adding extended input device "Wacom HID 494A Pen stylus" (type: STYLUS, id 13)
[    27.185] (**) Wacom HID 494A Pen stylus: (accel) keeping acceleration scheme 1
[    27.185] (**) Wacom HID 494A Pen stylus: (accel) acceleration profile 0
[    27.185] (**) Wacom HID 494A Pen stylus: (accel) acceleration factor: 2.000
[    27.185] (**) Wacom HID 494A Pen stylus: (accel) acceleration threshold: 4
[    27.185] (II) config/udev: Adding input device Wacom HID 494A Pen (/dev/input/mouse0)
[    27.185] (II) No input driver specified, ignoring this device.
[    27.185] (II) This device may have been added with another device file.
[    27.186] (II) config/udev: Adding input device Wacom HID 494A Finger (/dev/input/event6)
[    27.186] (**) Wacom HID 494A Finger: Applying InputClass "libinput touchscreen catchall"
[    27.186] (**) Wacom HID 494A Finger: Applying InputClass "Wacom USB touchscreen class"
[    27.186] (**) Wacom HID 494A Finger: Applying InputClass "Wacom touchscreen class"
[    27.186] (II) Using input driver 'wacom' for 'Wacom HID 494A Finger'
[    27.186] (II) systemd-logind: got fd for /dev/input/event6 13:70 fd 39 paused 0
[    27.186] (**) Wacom HID 494A Finger: always reports core events
[    27.186] (**) Option "Device" "/dev/input/event6"
[    27.186] (II) wacom: Wacom HID 494A Finger: type not specified, assuming 'touch'.
[    27.186] (II) wacom: Wacom HID 494A Finger: other types will be automatically added.
[    27.186] (**) wacom: Wacom HID 494A Finger touch: panscroll is 0
[    27.186] (**) wacom: Wacom HID 494A Finger touch: panscroll modified to 13
[    27.186] (--) wacom: Wacom HID 494A Finger touch: maxX=13248 maxY=7452 maxZ=0 resX=40000 resY=40000 
[    27.186] (II) wacom: Wacom HID 494A Finger touch: hotplugging dependent devices.
[    27.186] (II) wacom: Wacom HID 494A Finger touch: hotplugging completed.
[    27.186] (**) Option "config_info" "udev:/sys/devices/pci0000:00/0000:00:15.0/i2c_designware.0/i2c-1/i2c-WCOM494A:00/0018:056A:494A.0001/input/input16/event6"
[    27.186] (II) XINPUT: Adding extended input device "Wacom HID 494A Finger touch" (type: TOUCH, id 14)
[    27.186] (**) Wacom HID 494A Finger touch: (accel) keeping acceleration scheme 1
[    27.186] (**) Wacom HID 494A Finger touch: (accel) acceleration profile 0
[    27.186] (**) Wacom HID 494A Finger touch: (accel) acceleration factor: 2.000
[    27.186] (**) Wacom HID 494A Finger touch: (accel) acceleration threshold: 4
[    27.187] (II) config/udev: Adding input device Wacom HID 494A Finger (/dev/input/mouse1)
[    27.187] (II) No input driver specified, ignoring this device.
[    27.187] (II) This device may have been added with another device file.
[    27.187] (II) config/udev: Adding input device DELL0A3F:00 0488:120A Mouse (/dev/input/event16)
[    27.187] (**) DELL0A3F:00 0488:120A Mouse: Applying InputClass "libinput pointer catchall"
[    27.187] (II) Using input driver 'libinput' for 'DELL0A3F:00 0488:120A Mouse'
[    27.187] (II) systemd-logind: got fd for /dev/input/event16 13:80 fd 40 paused 0
[    27.187] (**) DELL0A3F:00 0488:120A Mouse: always reports core events
[    27.187] (**) Option "Device" "/dev/input/event16"
[    27.188] (II) event16 - DELL0A3F:00 0488:120A Mouse: is tagged by udev as: Mouse Pointingstick
[    27.188] (II) event16 - DELL0A3F:00 0488:120A Mouse: device is a pointer
[    27.188] (II) event16 - DELL0A3F:00 0488:120A Mouse: device removed
[    27.188] (**) Option "config_info" "udev:/sys/devices/pci0000:00/0000:00:15.1/i2c_designware.1/i2c-2/i2c-DELL0A3F:00/0018:0488:120A.0002/input/input26/event16"
[    27.188] (II) XINPUT: Adding extended input device "DELL0A3F:00 0488:120A Mouse" (type: MOUSE, id 15)
[    27.188] (**) Option "AccelerationScheme" "none"
[    27.188] (**) DELL0A3F:00 0488:120A Mouse: (accel) selected scheme none/0
[    27.188] (**) DELL0A3F:00 0488:120A Mouse: (accel) acceleration factor: 2.000
[    27.188] (**) DELL0A3F:00 0488:120A Mouse: (accel) acceleration threshold: 4
[    27.189] (II) event16 - DELL0A3F:00 0488:120A Mouse: is tagged by udev as: Mouse Pointingstick
[    27.189] (II) event16 - DELL0A3F:00 0488:120A Mouse: device is a pointer
[    27.190] (II) config/udev: Adding input device DELL0A3F:00 0488:120A Mouse (/dev/input/mouse4)
[    27.190] (II) No input driver specified, ignoring this device.
[    27.190] (II) This device may have been added with another device file.
[    27.190] (II) config/udev: Adding input device DELL0A3F:00 0488:120A Touchpad (/dev/input/event17)
[    27.190] (**) DELL0A3F:00 0488:120A Touchpad: Applying InputClass "libinput touchpad catchall"
[    27.190] (II) Using input driver 'libinput' for 'DELL0A3F:00 0488:120A Touchpad'
[    27.190] (II) systemd-logind: got fd for /dev/input/event17 13:81 fd 41 paused 0
[    27.190] (**) DELL0A3F:00 0488:120A Touchpad: always reports core events
[    27.190] (**) Option "Device" "/dev/input/event17"
[    27.191] (II) event17 - DELL0A3F:00 0488:120A Touchpad: is tagged by udev as: Touchpad
[    27.192] (II) event17 - DELL0A3F:00 0488:120A Touchpad: device is a touchpad
[    27.192] (II) event17 - DELL0A3F:00 0488:120A Touchpad: device removed
[    27.192] (**) Option "config_info" "udev:/sys/devices/pci0000:00/0000:00:15.1/i2c_designware.1/i2c-2/i2c-DELL0A3F:00/0018:0488:120A.0002/input/input27/event17"
[    27.192] (II) XINPUT: Adding extended input device "DELL0A3F:00 0488:120A Touchpad" (type: TOUCHPAD, id 16)
[    27.193] (**) Option "AccelerationScheme" "none"
[    27.193] (**) DELL0A3F:00 0488:120A Touchpad: (accel) selected scheme none/0
[    27.193] (**) DELL0A3F:00 0488:120A Touchpad: (accel) acceleration factor: 2.000
[    27.193] (**) DELL0A3F:00 0488:120A Touchpad: (accel) acceleration threshold: 4
[    27.194] (II) event17 - DELL0A3F:00 0488:120A Touchpad: is tagged by udev as: Touchpad
[    27.195] (II) event17 - DELL0A3F:00 0488:120A Touchpad: device is a touchpad
[    27.196] (II) config/udev: Adding input device DELL0A3F:00 0488:120A Touchpad (/dev/input/mouse5)
[    27.196] (II) No input driver specified, ignoring this device.
[    27.196] (II) This device may have been added with another device file.
[    27.196] (II) config/udev: Adding input device DELL0A3F:00 0488:120A UNKNOWN (/dev/input/event18)
[    27.196] (**) DELL0A3F:00 0488:120A UNKNOWN: Applying InputClass "libinput keyboard catchall"
[    27.196] (II) Using input driver 'libinput' for 'DELL0A3F:00 0488:120A UNKNOWN'
[    27.196] (II) systemd-logind: got fd for /dev/input/event18 13:82 fd 42 paused 0
[    27.196] (**) DELL0A3F:00 0488:120A UNKNOWN: always reports core events
[    27.196] (**) Option "Device" "/dev/input/event18"
[    27.197] (II) event18 - DELL0A3F:00 0488:120A UNKNOWN: is tagged by udev as: Keyboard
[    27.197] (II) event18 - DELL0A3F:00 0488:120A UNKNOWN: device is a keyboard
[    27.197] (II) event18 - DELL0A3F:00 0488:120A UNKNOWN: device removed
[    27.197] (**) Option "config_info" "udev:/sys/devices/pci0000:00/0000:00:15.1/i2c_designware.1/i2c-2/i2c-DELL0A3F:00/0018:0488:120A.0002/input/input28/event18"
[    27.197] (II) XINPUT: Adding extended input device "DELL0A3F:00 0488:120A UNKNOWN" (type: KEYBOARD, id 17)
[    27.197] (**) Option "xkb_layout" "fr"
[    27.198] (II) event18 - DELL0A3F:00 0488:120A UNKNOWN: is tagged by udev as: Keyboard
[    27.198] (II) event18 - DELL0A3F:00 0488:120A UNKNOWN: device is a keyboard
[    27.199] (II) config/udev: Adding input device sof-soundwire Headset Jack (/dev/input/event19)
[    27.199] (**) sof-soundwire Headset Jack: Applying InputClass "libinput keyboard catchall"
[    27.199] (II) Using input driver 'libinput' for 'sof-soundwire Headset Jack'
[    27.199] (II) systemd-logind: got fd for /dev/input/event19 13:83 fd 43 paused 0
[    27.199] (**) sof-soundwire Headset Jack: always reports core events
[    27.199] (**) Option "Device" "/dev/input/event19"
[    27.199] (II) event19 - sof-soundwire Headset Jack: is tagged by udev as: Keyboard Switch
[    27.199] (II) event19 - sof-soundwire Headset Jack: device is a keyboard
[    27.200] (II) event19 - sof-soundwire Headset Jack: device removed
[    27.200] (**) Option "config_info" "udev:/sys/devices/pci0000:00/0000:00:1f.3/sof_sdw/sound/card0/input29/event19"
[    27.200] (II) XINPUT: Adding extended input device "sof-soundwire Headset Jack" (type: KEYBOARD, id 18)
[    27.200] (**) Option "xkb_layout" "fr"
[    27.200] (II) event19 - sof-soundwire Headset Jack: is tagged by udev as: Keyboard Switch
[    27.200] (II) event19 - sof-soundwire Headset Jack: device is a keyboard
[    27.201] (II) config/udev: Adding input device sof-soundwire HDMI/DP,pcm=5 (/dev/input/event20)
[    27.201] (II) No input driver specified, ignoring this device.
[    27.201] (II) This device may have been added with another device file.
[    27.201] (II) config/udev: Adding input device sof-soundwire HDMI/DP,pcm=6 (/dev/input/event21)
[    27.201] (II) No input driver specified, ignoring this device.
[    27.201] (II) This device may have been added with another device file.
[    27.201] (II) config/udev: Adding input device sof-soundwire HDMI/DP,pcm=7 (/dev/input/event22)
[    27.201] (II) No input driver specified, ignoring this device.
[    27.201] (II) This device may have been added with another device file.
[    27.202] (II) config/udev: Adding input device Intel HID events (/dev/input/event13)
[    27.202] (**) Intel HID events: Applying InputClass "libinput keyboard catchall"
[    27.202] (II) Using input driver 'libinput' for 'Intel HID events'
[    27.202] (II) systemd-logind: got fd for /dev/input/event13 13:77 fd 44 paused 0
[    27.202] (**) Intel HID events: always reports core events
[    27.202] (**) Option "Device" "/dev/input/event13"
[    27.202] (II) event13 - Intel HID events: is tagged by udev as: Keyboard
[    27.202] (II) event13 - Intel HID events: device is a keyboard
[    27.202] (II) event13 - Intel HID events: device removed
[    27.202] (**) Option "config_info" "udev:/sys/devices/platform/INTC1051:00/input/input20/event13"
[    27.202] (II) XINPUT: Adding extended input device "Intel HID events" (type: KEYBOARD, id 19)
[    27.202] (**) Option "xkb_layout" "fr"
[    27.203] (II) event13 - Intel HID events: is tagged by udev as: Keyboard
[    27.203] (II) event13 - Intel HID events: device is a keyboard
[    27.203] (II) config/udev: Adding input device Intel HID 5 button array (/dev/input/event14)
[    27.203] (**) Intel HID 5 button array: Applying InputClass "libinput keyboard catchall"
[    27.203] (II) Using input driver 'libinput' for 'Intel HID 5 button array'
[    27.203] (II) systemd-logind: got fd for /dev/input/event14 13:78 fd 45 paused 0
[    27.204] (**) Intel HID 5 button array: always reports core events
[    27.204] (**) Option "Device" "/dev/input/event14"
[    27.204] (II) event14 - Intel HID 5 button array: is tagged by udev as: Keyboard
[    27.204] (II) event14 - Intel HID 5 button array: device is a keyboard
[    27.204] (II) event14 - Intel HID 5 button array: device removed
[    27.204] (**) Option "config_info" "udev:/sys/devices/platform/INTC1051:00/input/input21/event14"
[    27.204] (II) XINPUT: Adding extended input device "Intel HID 5 button array" (type: KEYBOARD, id 20)
[    27.204] (**) Option "xkb_layout" "fr"
[    27.204] (II) event14 - Intel HID 5 button array: is tagged by udev as: Keyboard
[    27.204] (II) event14 - Intel HID 5 button array: device is a keyboard
[    27.205] (II) config/udev: Adding input device Intel HID switches (/dev/input/event23)
[    27.205] (II) No input driver specified, ignoring this device.
[    27.205] (II) This device may have been added with another device file.
[    27.205] (II) config/udev: Adding input device Dell Privacy Driver (/dev/input/event9)
[    27.205] (**) Dell Privacy Driver: Applying InputClass "libinput keyboard catchall"
[    27.205] (II) Using input driver 'libinput' for 'Dell Privacy Driver'
[    27.205] (II) systemd-logind: got fd for /dev/input/event9 13:73 fd 46 paused 0
[    27.205] (**) Dell Privacy Driver: always reports core events
[    27.205] (**) Option "Device" "/dev/input/event9"
[    27.206] (II) event9  - Dell Privacy Driver: is tagged by udev as: Keyboard Switch
[    27.206] (II) event9  - Dell Privacy Driver: device is a keyboard
[    27.206] (II) event9  - Dell Privacy Driver: device removed
[    27.206] (**) Option "config_info" "udev:/sys/devices/platform/PNP0C14:02/wmi_bus/wmi_bus-PNP0C14:02/6932965F-1671-4CEB-B988-D3AB0A901919/input/input22/event9"
[    27.206] (II) XINPUT: Adding extended input device "Dell Privacy Driver" (type: KEYBOARD, id 21)
[    27.206] (**) Option "xkb_layout" "fr"
[    27.206] (II) event9  - Dell Privacy Driver: is tagged by udev as: Keyboard Switch
[    27.206] (II) event9  - Dell Privacy Driver: device is a keyboard
[    27.207] (II) config/udev: Adding input device Dell WMI hotkeys (/dev/input/event11)
[    27.207] (**) Dell WMI hotkeys: Applying InputClass "libinput keyboard catchall"
[    27.207] (II) Using input driver 'libinput' for 'Dell WMI hotkeys'
[    27.207] (II) systemd-logind: got fd for /dev/input/event11 13:75 fd 47 paused 0
[    27.207] (**) Dell WMI hotkeys: always reports core events
[    27.207] (**) Option "Device" "/dev/input/event11"
[    27.207] (II) event11 - Dell WMI hotkeys: is tagged by udev as: Keyboard
[    27.207] (II) event11 - Dell WMI hotkeys: device is a keyboard
[    27.208] (II) event11 - Dell WMI hotkeys: device removed
[    27.208] (**) Option "config_info" "udev:/sys/devices/platform/PNP0C14:02/wmi_bus/wmi_bus-PNP0C14:02/9DBB5994-A997-11DA-B012-B622A1EF5492/input/input24/event11"
[    27.208] (II) XINPUT: Adding extended input device "Dell WMI hotkeys" (type: KEYBOARD, id 22)
[    27.208] (**) Option "xkb_layout" "fr"
[    27.208] (II) event11 - Dell WMI hotkeys: is tagged by udev as: Keyboard
[    27.208] (II) event11 - Dell WMI hotkeys: device is a keyboard
[    27.209] (II) config/udev: Adding input device AT Translated Set 2 keyboard (/dev/input/event3)
[    27.209] (**) AT Translated Set 2 keyboard: Applying InputClass "libinput keyboard catchall"
[    27.209] (II) Using input driver 'libinput' for 'AT Translated Set 2 keyboard'
[    27.209] (II) systemd-logind: got fd for /dev/input/event3 13:67 fd 48 paused 0
[    27.209] (**) AT Translated Set 2 keyboard: always reports core events
[    27.209] (**) Option "Device" "/dev/input/event3"
[    27.209] (II) event3  - AT Translated Set 2 keyboard: is tagged by udev as: Keyboard
[    27.209] (II) event3  - AT Translated Set 2 keyboard: device is a keyboard
[    27.210] (II) event3  - AT Translated Set 2 keyboard: device removed
[    27.210] (**) Option "config_info" "udev:/sys/devices/platform/i8042/serio0/input/input3/event3"
[    27.210] (II) XINPUT: Adding extended input device "AT Translated Set 2 keyboard" (type: KEYBOARD, id 23)
[    27.210] (**) Option "xkb_layout" "fr"
[    27.210] (II) event3  - AT Translated Set 2 keyboard: is tagged by udev as: Keyboard
[    27.210] (II) event3  - AT Translated Set 2 keyboard: device is a keyboard
[    27.211] (II) config/udev: Adding input device PS/2 Generic Mouse (/dev/input/event7)
[    27.211] (**) PS/2 Generic Mouse: Applying InputClass "libinput pointer catchall"
[    27.211] (II) Using input driver 'libinput' for 'PS/2 Generic Mouse'
[    27.211] (II) systemd-logind: got fd for /dev/input/event7 13:71 fd 49 paused 0
[    27.211] (**) PS/2 Generic Mouse: always reports core events
[    27.211] (**) Option "Device" "/dev/input/event7"
[    27.212] (II) event7  - PS/2 Generic Mouse: is tagged by udev as: Mouse
[    27.212] (II) event7  - PS/2 Generic Mouse: device is a pointer
[    27.212] (II) event7  - PS/2 Generic Mouse: device removed
[    27.212] (**) Option "config_info" "udev:/sys/devices/platform/i8042/serio1/input/input5/event7"
[    27.212] (II) XINPUT: Adding extended input device "PS/2 Generic Mouse" (type: MOUSE, id 24)
[    27.212] (**) Option "AccelerationScheme" "none"
[    27.212] (**) PS/2 Generic Mouse: (accel) selected scheme none/0
[    27.212] (**) PS/2 Generic Mouse: (accel) acceleration factor: 2.000
[    27.212] (**) PS/2 Generic Mouse: (accel) acceleration threshold: 4
[    27.212] (II) event7  - PS/2 Generic Mouse: is tagged by udev as: Mouse
[    27.212] (II) event7  - PS/2 Generic Mouse: device is a pointer
[    27.213] (II) config/udev: Adding input device PS/2 Generic Mouse (/dev/input/mouse2)
[    27.213] (II) No input driver specified, ignoring this device.
[    27.213] (II) This device may have been added with another device file.
[    27.230] (**) Wacom HID 494A Pen eraser: Applying InputClass "libinput tablet catchall"
[    27.230] (**) Wacom HID 494A Pen eraser: Applying InputClass "Wacom USB tablet class"
[    27.230] (**) Wacom HID 494A Pen eraser: Applying InputClass "Wacom tablet class"
[    27.230] (II) Using input driver 'wacom' for 'Wacom HID 494A Pen eraser'
[    27.230] (II) systemd-logind: returning pre-existing fd for /dev/input/event5 13:69
[    27.230] (**) Wacom HID 494A Pen eraser: always reports core events
[    27.230] (**) Option "Device" "/dev/input/event5"
[    27.230] (**) Option "Type" "eraser"
[    27.230] (**) wacom: Wacom HID 494A Pen eraser: panscroll is 1300
[    27.230] (**) wacom: Wacom HID 494A Pen eraser: panscroll modified to 1300
[    27.230] (--) wacom: Wacom HID 494A Pen eraser: maxX=33120 maxY=18630 maxZ=4095 resX=100000 resY=100000  tilt=enabled
[    27.230] (**) Option "config_info" "udev:/sys/devices/pci0000:00/0000:00:15.0/i2c_designware.0/i2c-1/i2c-WCOM494A:00/0018:056A:494A.0001/input/input15/event5"
[    27.230] (II) XINPUT: Adding extended input device "Wacom HID 494A Pen eraser" (type: ERASER, id 25)
[    27.230] (**) Wacom HID 494A Pen eraser: (accel) keeping acceleration scheme 1
[    27.230] (**) Wacom HID 494A Pen eraser: (accel) acceleration profile 0
[    27.230] (**) Wacom HID 494A Pen eraser: (accel) acceleration factor: 2.000
[    27.230] (**) Wacom HID 494A Pen eraser: (accel) acceleration threshold: 4
[    27.716] (II) modeset(0): EDID vendor "AUO", prod id 4221
[    27.716] (II) modeset(0): Printing DDC gathered Modelines:
[    27.716] (II) modeset(0): Modeline "1920x1080"x0.0  141.00  1920 1936 1952 2104  1080 1083 1097 1116 +hsync -vsync (67.0 kHz eP)
[    27.716] (II) modeset(0): Modeline "1920x1080"x0.0  112.80  1920 1936 1952 2104  1080 1083 1097 1116 +hsync -vsync (53.6 kHz e)
[    28.068] (WW) EDID timing clock 241.50 exceeds claimed max 225MHz, fixing
[    28.922] (II) modeset(0): EDID vendor "AUO", prod id 4221
[    28.922] (II) modeset(0): Printing DDC gathered Modelines:
[    28.922] (II) modeset(0): Modeline "1920x1080"x0.0  141.00  1920 1936 1952 2104  1080 1083 1097 1116 +hsync -vsync (67.0 kHz eP)
[    28.922] (II) modeset(0): Modeline "1920x1080"x0.0  112.80  1920 1936 1952 2104  1080 1083 1097 1116 +hsync -vsync (53.6 kHz e)
[    29.271] (WW) EDID timing clock 241.50 exceeds claimed max 225MHz, fixing
[    29.916] (II) modeset(0): EDID vendor "AUO", prod id 4221
[    29.916] (II) modeset(0): Printing DDC gathered Modelines:
[    29.916] (II) modeset(0): Modeline "1920x1080"x0.0  141.00  1920 1936 1952 2104  1080 1083 1097 1116 +hsync -vsync (67.0 kHz eP)
[    29.916] (II) modeset(0): Modeline "1920x1080"x0.0  112.80  1920 1936 1952 2104  1080 1083 1097 1116 +hsync -vsync (53.6 kHz e)
[    30.267] (WW) EDID timing clock 241.50 exceeds claimed max 225MHz, fixing
[    30.276] (II) modeset(0): EDID vendor "AUO", prod id 4221
[    30.276] (II) modeset(0): Printing DDC gathered Modelines:
[    30.276] (II) modeset(0): Modeline "1920x1080"x0.0  141.00  1920 1936 1952 2104  1080 1083 1097 1116 +hsync -vsync (67.0 kHz eP)
[    30.276] (II) modeset(0): Modeline "1920x1080"x0.0  112.80  1920 1936 1952 2104  1080 1083 1097 1116 +hsync -vsync (53.6 kHz e)
[    30.625] (WW) EDID timing clock 241.50 exceeds claimed max 225MHz, fixing
[    30.699] (II) modeset(0): EDID vendor "AUO", prod id 4221
[    30.699] (II) modeset(0): Printing DDC gathered Modelines:
[    30.699] (II) modeset(0): Modeline "1920x1080"x0.0  141.00  1920 1936 1952 2104  1080 1083 1097 1116 +hsync -vsync (67.0 kHz eP)
[    30.699] (II) modeset(0): Modeline "1920x1080"x0.0  112.80  1920 1936 1952 2104  1080 1083 1097 1116 +hsync -vsync (53.6 kHz e)
[    31.050] (WW) EDID timing clock 241.50 exceeds claimed max 225MHz, fixing
[    31.206] (II) modeset(0): EDID vendor "AUO", prod id 4221
[    31.206] (II) modeset(0): Printing DDC gathered Modelines:
[    31.206] (II) modeset(0): Modeline "1920x1080"x0.0  141.00  1920 1936 1952 2104  1080 1083 1097 1116 +hsync -vsync (67.0 kHz eP)
[    31.206] (II) modeset(0): Modeline "1920x1080"x0.0  112.80  1920 1936 1952 2104  1080 1083 1097 1116 +hsync -vsync (53.6 kHz e)
[    31.556] (WW) EDID timing clock 241.50 exceeds claimed max 225MHz, fixing
[   260.638] (II) modeset(0): EDID vendor "AUO", prod id 4221
[   260.638] (II) modeset(0): Printing DDC gathered Modelines:
[   260.638] (II) modeset(0): Modeline "1920x1080"x0.0  141.00  1920 1936 1952 2104  1080 1083 1097 1116 +hsync -vsync (67.0 kHz eP)
[   260.638] (II) modeset(0): Modeline "1920x1080"x0.0  112.80  1920 1936 1952 2104  1080 1083 1097 1116 +hsync -vsync (53.6 kHz e)
[   260.992] (WW) EDID timing clock 241.50 exceeds claimed max 225MHz, fixing
[  1196.760] (II) modeset(0): EDID vendor "AUO", prod id 4221
[  1196.760] (II) modeset(0): Printing DDC gathered Modelines:
[  1196.760] (II) modeset(0): Modeline "1920x1080"x0.0  141.00  1920 1936 1952 2104  1080 1083 1097 1116 +hsync -vsync (67.0 kHz eP)
[  1196.760] (II) modeset(0): Modeline "1920x1080"x0.0  112.80  1920 1936 1952 2104  1080 1083 1097 1116 +hsync -vsync (53.6 kHz e)
[  1197.138] (WW) EDID timing clock 241.50 exceeds claimed max 225MHz, fixing
