[  3284.791] (--) Log file renamed from "/var/log/Xorg.pid-25667.log" to "/var/log/Xorg.0.log"
[  3284.791] 
X.Org X Server 1.20.3
X Protocol Version 11, Revision 0
[  3284.791] Build Operating System: Linux 4.14.78-gentoo x86_64 Gentoo
[  3284.791] Current Operating System: Linux HOSTNAME 4.14.105-gentoo-r1 #11 SMP Mon Apr 22 11:16:39 CEST 2019 x86_64
[  3284.791] Kernel command line: BOOT_IMAGE=/ROOT/gentoo-54@/boot/kernel-genkernel-x86_64-4.14.105-gentoo-r1 USERNAME=ZFS=xa/ROOT/gentoo-54 ro dozfs=cache
[  3284.791] Build Date: 12 November 2018  12:53:43PM
[  3284.791]  
[  3284.791] Current version of pixman: 0.36.0
[  3284.791] 	Before reporting problems, check http://wiki.x.org
	to make sure that you have the latest version.
[  3284.791] Markers: (--) probed, (**) from config file, (==) default setting,
	(++) from command line, (!!) notice, (II) informational,
	(WW) warning, (EE) error, (NI) not implemented, (??) unknown.
[  3284.791] (==) Log file: "/var/log/Xorg.0.log", Time: Sat Apr 27 18:18:27 2019
[  3284.792] (==) Using config directory: "/etc/X11/xorg.conf.d"
[  3284.792] (==) Using system config directory "/usr/share/X11/xorg.conf.d"
[  3284.795] (==) No Layout section.  Using the first Screen section.
[  3284.795] (==) No screen section available. Using defaults.
[  3284.795] (**) |-->Screen "Default Screen Section" (0)
[  3284.795] (**) |   |-->Monitor "<default monitor>"
[  3284.795] (==) No monitor specified for screen "Default Screen Section".
	Using a default monitor configuration.
[  3284.795] (==) Automatically adding devices
[  3284.795] (==) Automatically enabling devices
[  3284.795] (==) Automatically adding GPU devices
[  3284.795] (==) Max clients allowed: 256, resource mask: 0x1fffff
[  3284.795] (WW) The directory "/usr/share/fonts/misc/" does not exist.
[  3284.795] 	Entry deleted from font path.
[  3284.795] (WW) The directory "/usr/share/fonts/TTF/" does not exist.
[  3284.795] 	Entry deleted from font path.
[  3284.795] (WW) The directory "/usr/share/fonts/OTF/" does not exist.
[  3284.795] 	Entry deleted from font path.
[  3284.795] (WW) The directory "/usr/share/fonts/Type1/" does not exist.
[  3284.795] 	Entry deleted from font path.
[  3284.795] (WW) The directory "/usr/share/fonts/100dpi/" does not exist.
[  3284.795] 	Entry deleted from font path.
[  3284.795] (WW) The directory "/usr/share/fonts/75dpi/" does not exist.
[  3284.795] 	Entry deleted from font path.
[  3284.795] (==) FontPath set to:
	
[  3284.795] (==) ModulePath set to "/usr/lib64/xorg/modules"
[  3284.795] (II) The server relies on udev to provide the list of input devices.
	If no devices become available, reconfigure udev or disable AutoAddDevices.
[  3284.795] (II) Loader magic: 0x560cab443c40
[  3284.795] (II) Module ABI versions:
[  3284.795] 	X.Org ANSI C Emulation: 0.4
[  3284.795] 	X.Org Video Driver: 24.0
[  3284.795] 	X.Org XInput driver : 24.1
[  3284.795] 	X.Org Server Extension : 10.0
[  3284.795] (II) xfree86: Adding drm device (/dev/dri/card0)
[  3284.798] (--) PCI:*(0@0:2:0) 8086:5917:17aa:2259 rev 7, Mem @ 0x2ffa000000/16777216, 0xb0000000/268435456, I/O @ 0x0000e000/64, BIOS @ 0x????????/131072
[  3284.798] (II) LoadModule: "glx"
[  3284.798] (II) Loading /usr/lib64/xorg/modules/extensions/libglx.so
[  3284.800] (II) Module glx: vendor="X.Org Foundation"
[  3284.800] 	compiled for 1.20.3, module version = 1.0.0
[  3284.800] 	ABI class: X.Org Server Extension, version 10.0
[  3284.800] (==) Matched intel as autoconfigured driver 0
[  3284.800] (==) Matched modesetting as autoconfigured driver 1
[  3284.800] (==) Matched fbdev as autoconfigured driver 2
[  3284.800] (==) Matched vesa as autoconfigured driver 3
[  3284.800] (==) Assigned the driver to the xf86ConfigLayout
[  3284.800] (II) LoadModule: "intel"
[  3284.800] (WW) Warning, couldn't open module intel
[  3284.800] (EE) Failed to load module "intel" (module does not exist, 0)
[  3284.800] (II) LoadModule: "modesetting"
[  3284.800] (II) Loading /usr/lib64/xorg/modules/drivers/modesetting_drv.so
[  3284.802] (II) Module modesetting: vendor="X.Org Foundation"
[  3284.802] 	compiled for 1.20.3, module version = 1.20.3
[  3284.802] 	Module class: X.Org Video Driver
[  3284.802] 	ABI class: X.Org Video Driver, version 24.0
[  3284.802] (II) LoadModule: "fbdev"
[  3284.802] (WW) Warning, couldn't open module fbdev
[  3284.802] (EE) Failed to load module "fbdev" (module does not exist, 0)
[  3284.802] (II) LoadModule: "vesa"
[  3284.802] (WW) Warning, couldn't open module vesa
[  3284.802] (EE) Failed to load module "vesa" (module does not exist, 0)
[  3284.802] (II) modesetting: Driver for Modesetting Kernel Drivers: kms
[  3284.802] (++) using VT number 8

[  3284.802] (II) modeset(0): using drv /dev/dri/card0
[  3284.802] (II) modeset(0): Creating default Display subsection in Screen section
	"Default Screen Section" for depth/fbbpp 24/32
[  3284.802] (==) modeset(0): Depth 24, (==) framebuffer bpp 32
[  3284.802] (==) modeset(0): RGB weight 888
[  3284.802] (==) modeset(0): Default visual is TrueColor
[  3284.802] (II) Loading sub module "glamoregl"
[  3284.802] (II) LoadModule: "glamoregl"
[  3284.802] (II) Loading /usr/lib64/xorg/modules/libglamoregl.so
[  3284.805] (II) Module glamoregl: vendor="X.Org Foundation"
[  3284.805] 	compiled for 1.20.3, module version = 1.0.1
[  3284.805] 	ABI class: X.Org ANSI C Emulation, version 0.4
[  3284.812] (II) modeset(0): glamor X acceleration enabled on Mesa DRI Intel(R) UHD Graphics 620 (Kabylake GT2) 
[  3284.812] (II) modeset(0): glamor initialized
[  3284.813] (II) modeset(0): Output eDP-1 has no monitor section
[  3284.813] (II) modeset(0): Output DP-1 has no monitor section
[  3284.825] (II) modeset(0): Output HDMI-1 has no monitor section
[  3284.825] (II) modeset(0): Output DP-2 has no monitor section
[  3284.936] (II) modeset(0): Output HDMI-2 has no monitor section
[  3284.937] (II) modeset(0): EDID for output eDP-1
[  3284.937] (II) modeset(0): Manufacturer: JDI  Model: 0  Serial#: 0
[  3284.937] (II) modeset(0): Year: 2017  Week: 0
[  3284.937] (II) modeset(0): EDID Version: 1.4
[  3284.937] (II) modeset(0): Digital Display Input
[  3284.937] (II) modeset(0): 8 bits per channel
[  3284.937] (II) modeset(0): Digital interface is DisplayPort
[  3284.937] (II) modeset(0): Max Image Size [cm]: horiz.: 31  vert.: 17
[  3284.937] (II) modeset(0): Gamma: 2.20
[  3284.937] (II) modeset(0): No DPMS capabilities specified
[  3284.937] (II) modeset(0): Supported color encodings: RGB 4:4:4 
[  3284.937] (II) modeset(0): First detailed timing is preferred mode
[  3284.937] (II) modeset(0): Preferred mode is native pixel format and refresh rate
[  3284.937] (II) modeset(0): Display is continuous-frequency
[  3284.937] (II) modeset(0): redX: 0.646 redY: 0.324   greenX: 0.210 greenY: 0.720
[  3284.937] (II) modeset(0): blueX: 0.151 blueY: 0.057   whiteX: 0.312 whiteY: 0.328
[  3284.937] (II) modeset(0): Manufacturer's mask: 0
[  3284.937] (II) modeset(0): Supported detailed timing:
[  3284.937] (II) modeset(0): clock: 245.1 MHz   Image Size:  309 x 174 mm
[  3284.937] (II) modeset(0): h_active: 2560  h_sync: 2608  h_sync_end 2640 h_blank_end 2720 h_border: 0
[  3284.937] (II) modeset(0): v_active: 1440  v_sync: 1443  v_sync_end 1449 v_blanking: 1502 v_border: 0
[  3284.937] (II) modeset(0):  JDI
[  3284.937] (II) modeset(0):  LPM140M420
[  3284.937] (II) modeset(0): EDID (in hex):
[  3284.937] (II) modeset(0): 	00ffffffffffff002889000000000000
[  3284.937] (II) modeset(0): 	001b0104a51f1178038de0a55335b826
[  3284.937] (II) modeset(0): 	0e505400000001010101010101010101
[  3284.937] (II) modeset(0): 	010101010101c05f00a0a0a03e503020
[  3284.937] (II) modeset(0): 	360035ae1000001a0000000000000000
[  3284.938] (II) modeset(0): 	00000000000000000000000000fe004a
[  3284.938] (II) modeset(0): 	444920202020202020202020000000fe
[  3284.938] (II) modeset(0): 	004c504d3134304d34323020202000b7
[  3284.938] (II) modeset(0): Printing probed modes for output eDP-1
[  3284.938] (II) modeset(0): Modeline "2560x1440"x60.0  245.12  2560 2608 2640 2720  1440 1443 1449 1502 +hsync -vsync (90.1 kHz eP)
[  3284.938] (II) modeset(0): EDID for output DP-1
[  3284.950] (II) modeset(0): EDID for output HDMI-1
[  3284.950] (II) modeset(0): EDID for output DP-2
[  3285.062] (II) modeset(0): EDID for output HDMI-2
[  3285.062] (II) modeset(0): Output eDP-1 connected
[  3285.062] (II) modeset(0): Output DP-1 disconnected
[  3285.062] (II) modeset(0): Output HDMI-1 disconnected
[  3285.062] (II) modeset(0): Output DP-2 disconnected
[  3285.062] (II) modeset(0): Output HDMI-2 disconnected
[  3285.062] (II) modeset(0): Using exact sizes for initial modes
[  3285.062] (II) modeset(0): Output eDP-1 using initial mode 2560x1440 +0+0
[  3285.062] (==) modeset(0): Using gamma correction (1.0, 1.0, 1.0)
[  3285.062] (==) modeset(0): DPI set to (96, 96)
[  3285.062] (II) Loading sub module "fb"
[  3285.062] (II) LoadModule: "fb"
[  3285.062] (II) Loading /usr/lib64/xorg/modules/libfb.so
[  3285.065] (II) Module fb: vendor="X.Org Foundation"
[  3285.066] 	compiled for 1.20.3, module version = 1.0.0
[  3285.066] 	ABI class: X.Org ANSI C Emulation, version 0.4
[  3285.113] (==) modeset(0): Backing store enabled
[  3285.113] (==) modeset(0): Silken mouse enabled
[  3285.167] (II) modeset(0): Initializing kms color map for depth 24, 8 bpc.
[  3285.167] (==) modeset(0): DPMS enabled
[  3285.168] (II) modeset(0): [DRI2] Setup complete
[  3285.168] (II) modeset(0): [DRI2]   DRI driver: i965
[  3285.168] (II) modeset(0): [DRI2]   VDPAU driver: i965
[  3285.168] (II) Initializing extension Generic Event Extension
[  3285.168] (II) Initializing extension SHAPE
[  3285.168] (II) Initializing extension MIT-SHM
[  3285.168] (II) Initializing extension XInputExtension
[  3285.168] (II) Initializing extension XTEST
[  3285.168] (II) Initializing extension BIG-REQUESTS
[  3285.168] (II) Initializing extension SYNC
[  3285.168] (II) Initializing extension XKEYBOARD
[  3285.168] (II) Initializing extension XC-MISC
[  3285.168] (II) Initializing extension XFIXES
[  3285.168] (II) Initializing extension RENDER
[  3285.168] (II) Initializing extension RANDR
[  3285.168] (II) Initializing extension COMPOSITE
[  3285.168] (II) Initializing extension DAMAGE
[  3285.168] (II) Initializing extension MIT-SCREEN-SAVER
[  3285.168] (II) Initializing extension DOUBLE-BUFFER
[  3285.168] (II) Initializing extension RECORD
[  3285.168] (II) Initializing extension DPMS
[  3285.168] (II) Initializing extension Present
[  3285.168] (II) Initializing extension DRI3
[  3285.168] (II) Initializing extension X-Resource
[  3285.168] (II) Initializing extension XVideo
[  3285.168] (II) Initializing extension XVideo-MotionCompensation
[  3285.168] (II) Initializing extension GLX
[  3285.173] (II) AIGLX: Loaded and initialized i965
[  3285.173] (II) GLX: Initialized DRI2 GL provider for screen 0
[  3285.173] (II) Initializing extension XFree86-VidModeExtension
[  3285.173] (II) Initializing extension XFree86-DGA
[  3285.173] (II) Initializing extension XFree86-DRI
[  3285.173] (II) Initializing extension DRI2
[  3285.175] (II) modeset(0): Damage tracking initialized
[  3285.175] (II) modeset(0): Setting screen physical size to 677 x 381
[  3285.193] (II) config/udev: Adding input device Power Button (/dev/input/event2)
[  3285.193] (**) Power Button: Applying InputClass "evdev keyboard catchall"
[  3285.193] (**) Power Button: Applying InputClass "libinput keyboard catchall"
[  3285.193] (**) Power Button: Applying InputClass "system-keyboard"
[  3285.193] (II) LoadModule: "libinput"
[  3285.194] (II) Loading /usr/lib64/xorg/modules/input/libinput_drv.so
[  3285.197] (II) Module libinput: vendor="X.Org Foundation"
[  3285.197] 	compiled for 1.20.3, module version = 0.28.2
[  3285.197] 	Module class: X.Org XInput Driver
[  3285.198] 	ABI class: X.Org XInput driver, version 24.1
[  3285.198] (II) Using input driver 'libinput' for 'Power Button'
[  3285.198] (**) Power Button: always reports core events
[  3285.198] (**) Option "Device" "/dev/input/event2"
[  3285.198] (**) Option "_source" "server/udev"
[  3285.199] (II) event2  - Power Button: is tagged by udev as: Keyboard
[  3285.199] (II) event2  - Power Button: device is a keyboard
[  3285.199] (II) event2  - Power Button: device removed
[  3285.209] (**) Option "config_info" "udev:/sys/devices/LNXSYSTM:00/LNXPWRBN:00/input/input2/event2"
[  3285.209] (II) XINPUT: Adding extended input device "Power Button" (type: KEYBOARD, id 6)
[  3285.209] (**) Option "xkb_model" "pc104"
[  3285.209] (**) Option "xkb_layout" "us"
[  3285.209] (**) Option "xkb_variant" "dvp"
[  3285.209] (**) Option "xkb_options" "caps:hyper,shift:both_capslock"
[  3285.219] (II) event2  - Power Button: is tagged by udev as: Keyboard
[  3285.219] (II) event2  - Power Button: device is a keyboard
[  3285.219] (II) config/udev: Adding input device Video Bus (/dev/input/event3)
[  3285.219] (**) Video Bus: Applying InputClass "evdev keyboard catchall"
[  3285.219] (**) Video Bus: Applying InputClass "libinput keyboard catchall"
[  3285.219] (**) Video Bus: Applying InputClass "system-keyboard"
[  3285.219] (II) Using input driver 'libinput' for 'Video Bus'
[  3285.219] (**) Video Bus: always reports core events
[  3285.219] (**) Option "Device" "/dev/input/event3"
[  3285.219] (**) Option "_source" "server/udev"
[  3285.220] (II) event3  - Video Bus: is tagged by udev as: Keyboard
[  3285.220] (II) event3  - Video Bus: device is a keyboard
[  3285.220] (II) event3  - Video Bus: device removed
[  3285.243] (**) Option "config_info" "udev:/sys/devices/LNXSYSTM:00/LNXSYBUS:00/PNP0A08:00/LNXVIDEO:00/input/input3/event3"
[  3285.243] (II) XINPUT: Adding extended input device "Video Bus" (type: KEYBOARD, id 7)
[  3285.243] (**) Option "xkb_model" "pc104"
[  3285.243] (**) Option "xkb_layout" "us"
[  3285.243] (**) Option "xkb_variant" "dvp"
[  3285.243] (**) Option "xkb_options" "caps:hyper,shift:both_capslock"
[  3285.243] (II) event3  - Video Bus: is tagged by udev as: Keyboard
[  3285.243] (II) event3  - Video Bus: device is a keyboard
[  3285.243] (II) config/udev: Adding input device Lid Switch (/dev/input/event1)
[  3285.243] (II) No input driver specified, ignoring this device.
[  3285.243] (II) This device may have been added with another device file.
[  3285.243] (II) config/udev: Adding input device Sleep Button (/dev/input/event0)
[  3285.243] (**) Sleep Button: Applying InputClass "evdev keyboard catchall"
[  3285.243] (**) Sleep Button: Applying InputClass "libinput keyboard catchall"
[  3285.243] (**) Sleep Button: Applying InputClass "system-keyboard"
[  3285.243] (II) Using input driver 'libinput' for 'Sleep Button'
[  3285.243] (**) Sleep Button: always reports core events
[  3285.243] (**) Option "Device" "/dev/input/event0"
[  3285.243] (**) Option "_source" "server/udev"
[  3285.243] (II) event0  - Sleep Button: is tagged by udev as: Keyboard
[  3285.243] (II) event0  - Sleep Button: device is a keyboard
[  3285.243] (II) event0  - Sleep Button: device removed
[  3285.255] (**) Option "config_info" "udev:/sys/devices/LNXSYSTM:00/LNXSYBUS:00/PNP0C0E:00/input/input0/event0"
[  3285.255] (II) XINPUT: Adding extended input device "Sleep Button" (type: KEYBOARD, id 8)
[  3285.255] (**) Option "xkb_model" "pc104"
[  3285.255] (**) Option "xkb_layout" "us"
[  3285.255] (**) Option "xkb_variant" "dvp"
[  3285.255] (**) Option "xkb_options" "caps:hyper,shift:both_capslock"
[  3285.255] (II) event0  - Sleep Button: is tagged by udev as: Keyboard
[  3285.255] (II) event0  - Sleep Button: device is a keyboard
[  3285.255] (II) config/udev: Adding input device Wacom Pen and multitouch sensor Finger (/dev/input/event7)
[  3285.255] (**) Wacom Pen and multitouch sensor Finger: Applying InputClass "evdev touchscreen catchall"
[  3285.255] (**) Wacom Pen and multitouch sensor Finger: Applying InputClass "libinput touchscreen catchall"
[  3285.255] (**) Wacom Pen and multitouch sensor Finger: Applying InputClass "Wacom USB touchscreen class"
[  3285.255] (**) Wacom Pen and multitouch sensor Finger: Applying InputClass "Wacom touchscreen class"
[  3285.255] (II) LoadModule: "wacom"
[  3285.255] (II) Loading /usr/lib64/xorg/modules/input/wacom_drv.so
[  3285.255] (II) Module wacom: vendor="X.Org Foundation"
[  3285.255] 	compiled for 1.20.3, module version = 0.36.0
[  3285.255] 	Module class: X.Org XInput Driver
[  3285.255] 	ABI class: X.Org XInput driver, version 24.1
[  3285.255] (II) Build version: 
[  3285.255] (II) wacom: Driver for Wacom graphics tablets: PenPartner, Graphire,
	Graphire2 4x5, Graphire2 5x7, Graphire3 4x5, Graphire3 6x8,
	Graphire4 4x5, Graphire4 6x8, BambooFun 4x5, BambooFun 6x8,
	Bamboo1 Medium, Graphire4 6x8 BlueTooth, CTL-460, CTH-461, CTL-660,
	CTL-461/S, Bamboo Touch, CTH-460/K, CTH-461/S, CTH-661/S1, CTH-461/L,
	CTH-661/L, Intuos 4x5, Intuos 6x8, Intuos 9x12, Intuos 12x12,
	Intuos 12x18, PTU600, PL400, PL500, PL600, PL600SX, PL550, PL800,
	PL700, PL510, PL710, DTI520, DTF720, DTF720a, DTF521, DTU1931,
	DTU2231, DTU1631, DTH1152, DTH1152, Intuos2 4x5, Intuos2 6x8,
	Intuos2 9x12, Intuos2 12x12, Intuos2 12x18, Intuos2 6x8 , Volito,
	PenStation, Volito2 4x5, Volito2 2x3, PenPartner2, Bamboo, Bamboo1,
	Bamboo1 4x6, Bamboo1 5x8, Intuos3 4x5, Intuos3 6x8, Intuos3 9x12,
	Intuos3 12x12, Intuos3 12x19, Intuos3 6x11, Intuos3 4x6, Intuos4 4x6,
	Intuos4 6x9, Intuos4 8x13, Intuos4 12x19, Intuos4 WL USB Endpoint,
	Intuos4 WL Bluetooth Endpoint, Intuos5 touch S, Intuos5 touch M,
	Intuos5 touch L, Intuos5 S, Intuos5 M, Intuos Pro S, Intuos Pro M,
	Intuos Pro L, Cintiq 21UX, Cintiq 20WSX, Cintiq 12WX, Cintiq 21UX2,
	Cintiq 24HD, Cintiq 22HD, Cintiq 24HD touch (EMR digitizer),
	Cintiq 13HD, DTK2241, DTH2242, Cintiq 22HDT, Cintiq 27QHDT,
	Cintiq 27QHDT, Mobilestudio Pro 13, MobileStudio Pro 16,
	MobileStudio Pro 13, MobileStudio Pro 16, Cintiq 13 FHD Pro,
	Cintiq 16 UHD Pro, Cintiq Pro 24, Cintiq Pro 32, Cintiq 13 FHD Pro,
	Cintiq 16 UHD Pro, Cintiq Pro 24, Cintiq Pro 32, Cintiq Pro 24,
	TabletPC 0x90, TabletPC 0x93, TabletPC 0x97, TabletPC 0x9A,
	CapPlus  0x9F, TabletPC 0xE2, TabletPC 0xE3, TabletPC 0xE5,
	TabletPC 0xE6, TabletPC 0xEC, TabletPC 0xED, TabletPC 0xEF,
	TabletPC 0x100, TabletPC 0x101, TabletPC 0x10D, TabletPC 0x116,
	TabletPC 0x12C, TabletPC 0x4001, TabletPC 0x4004, TabletPC 0x5000,
	TabletPC 0x5002, usb:172f:0024, usb:172f:0025, usb:172f:0026,
	usb:172f:0027, usb:172f:0028, usb:172f:0030, usb:172f:0031,
	usb:172f:0032, usb:172f:0033, usb:172f:0034, usb:172f:0035,
	usb:172f:0036, usb:172f:0037, usb:172f:0038, usb:172f:0039,
	usb:172f:0051, usb:172f:0052, usb:172f:0053, usb:172f:0054,
	usb:172f:0055, usb:172f:0056, usb:172f:0057, usb:172f:0058,
	usb:172f:0500, usb:172f:0501, usb:172f:0502, usb:172f:0503,
	usb:1b96:0001, usb:17ef:6004
[  3285.260] (II) Using input driver 'wacom' for 'Wacom Pen and multitouch sensor Finger'
[  3285.260] (**) Wacom Pen and multitouch sensor Finger: always reports core events
[  3285.260] (**) Option "Device" "/dev/input/event7"
[  3285.313] (EE) Wacom Pen and multitouch sensor Finger: Invalid type 'stylus' for this device.
[  3285.313] (EE) Wacom Pen and multitouch sensor Finger: Invalid type 'eraser' for this device.
[  3285.313] (EE) Wacom Pen and multitouch sensor Finger: Invalid type 'cursor' for this device.
[  3285.313] (II) Wacom Pen and multitouch sensor Finger: type not specified, assuming 'touch'.
[  3285.313] (II) Wacom Pen and multitouch sensor Finger: other types will be automatically added.
[  3285.313] (**) Wacom Pen and multitouch sensor Finger touch: panscroll is 0
[  3285.313] (**) Wacom Pen and multitouch sensor Finger touch: panscroll modified to 13
[  3285.313] (--) Wacom Pen and multitouch sensor Finger touch: maxX=12364 maxY=6952 maxZ=0 resX=40000 resY=40000 
[  3285.313] (II) Wacom Pen and multitouch sensor Finger touch: hotplugging dependent devices.
[  3285.313] (EE) Wacom Pen and multitouch sensor Finger touch: Invalid type 'stylus' for this device.
[  3285.313] (EE) Wacom Pen and multitouch sensor Finger touch: Invalid type 'eraser' for this device.
[  3285.313] (EE) Wacom Pen and multitouch sensor Finger touch: Invalid type 'cursor' for this device.
[  3285.313] (EE) Wacom Pen and multitouch sensor Finger touch: Invalid type 'pad' for this device.
[  3285.313] (II) Wacom Pen and multitouch sensor Finger touch: hotplugging completed.
[  3285.335] (**) Option "config_info" "udev:/sys/devices/pci0000:00/0000:00:14.0/usb1/1-10/1-10:1.0/0003:056A:5147.0004/input/input9/event7"
[  3285.335] (II) XINPUT: Adding extended input device "Wacom Pen and multitouch sensor Finger touch" (type: TOUCH, id 9)
[  3285.335] (**) Wacom Pen and multitouch sensor Finger touch: (accel) keeping acceleration scheme 1
[  3285.335] (**) Wacom Pen and multitouch sensor Finger touch: (accel) acceleration profile 0
[  3285.335] (**) Wacom Pen and multitouch sensor Finger touch: (accel) acceleration factor: 2.000
[  3285.335] (**) Wacom Pen and multitouch sensor Finger touch: (accel) acceleration threshold: 4
[  3285.387] (II) config/udev: Adding input device Wacom Pen and multitouch sensor Finger (/dev/input/mouse2)
[  3285.387] (II) No input driver specified, ignoring this device.
[  3285.387] (II) This device may have been added with another device file.
[  3285.387] (II) config/udev: Adding input device Wacom Pen and multitouch sensor Pen (/dev/input/event8)
[  3285.387] (**) Wacom Pen and multitouch sensor Pen: Applying InputClass "evdev tablet catchall"
[  3285.387] (**) Wacom Pen and multitouch sensor Pen: Applying InputClass "libinput tablet catchall"
[  3285.387] (**) Wacom Pen and multitouch sensor Pen: Applying InputClass "Wacom USB tablet class"
[  3285.387] (**) Wacom Pen and multitouch sensor Pen: Applying InputClass "Wacom tablet class"
[  3285.387] (II) Using input driver 'wacom' for 'Wacom Pen and multitouch sensor Pen'
[  3285.387] (**) Wacom Pen and multitouch sensor Pen: always reports core events
[  3285.387] (**) Option "Device" "/dev/input/event8"
[  3285.438] (II) Wacom Pen and multitouch sensor Pen: type not specified, assuming 'stylus'.
[  3285.438] (II) Wacom Pen and multitouch sensor Pen: other types will be automatically added.
[  3285.438] (--) Wacom Pen and multitouch sensor Pen stylus: using pressure threshold of 851 for button 1
[  3285.438] (**) Wacom Pen and multitouch sensor Pen stylus: panscroll is 0
[  3285.438] (**) Wacom Pen and multitouch sensor Pen stylus: panscroll modified to 1300
[  3285.438] (--) Wacom Pen and multitouch sensor Pen stylus: maxX=30912 maxY=17388 maxZ=4095 resX=100000 resY=100000  tilt=enabled
[  3285.438] (II) Wacom Pen and multitouch sensor Pen stylus: hotplugging dependent devices.
[  3285.438] (EE) Wacom Pen and multitouch sensor Pen stylus: Invalid type 'cursor' for this device.
[  3285.438] (EE) Wacom Pen and multitouch sensor Pen stylus: Invalid type 'touch' for this device.
[  3285.438] (EE) Wacom Pen and multitouch sensor Pen stylus: Invalid type 'pad' for this device.
[  3285.438] (II) Wacom Pen and multitouch sensor Pen stylus: hotplugging completed.
[  3285.453] (**) Option "config_info" "udev:/sys/devices/pci0000:00/0000:00:14.0/usb1/1-10/1-10:1.1/0003:056A:5147.0005/input/input11/event8"
[  3285.453] (II) XINPUT: Adding extended input device "Wacom Pen and multitouch sensor Pen stylus" (type: STYLUS, id 10)
[  3285.453] (**) Wacom Pen and multitouch sensor Pen stylus: (accel) keeping acceleration scheme 1
[  3285.453] (**) Wacom Pen and multitouch sensor Pen stylus: (accel) acceleration profile 0
[  3285.453] (**) Wacom Pen and multitouch sensor Pen stylus: (accel) acceleration factor: 2.000
[  3285.453] (**) Wacom Pen and multitouch sensor Pen stylus: (accel) acceleration threshold: 4
[  3285.505] (II) config/udev: Adding input device Wacom Pen and multitouch sensor Pen (/dev/input/mouse3)
[  3285.505] (II) No input driver specified, ignoring this device.
[  3285.505] (II) This device may have been added with another device file.
[  3285.505] (II) config/udev: Adding input device Integrated Camera: Integrated C (/dev/input/event11)
[  3285.505] (**) Integrated Camera: Integrated C: Applying InputClass "evdev keyboard catchall"
[  3285.505] (**) Integrated Camera: Integrated C: Applying InputClass "libinput keyboard catchall"
[  3285.505] (**) Integrated Camera: Integrated C: Applying InputClass "system-keyboard"
[  3285.505] (II) Using input driver 'libinput' for 'Integrated Camera: Integrated C'
[  3285.505] (**) Integrated Camera: Integrated C: always reports core events
[  3285.505] (**) Option "Device" "/dev/input/event11"
[  3285.505] (**) Option "_source" "server/udev"
[  3285.505] (II) event11 - Integrated Camera: Integrated C: is tagged by udev as: Keyboard
[  3285.505] (II) event11 - Integrated Camera: Integrated C: device is a keyboard
[  3285.505] (II) event11 - Integrated Camera: Integrated C: device removed
[  3285.523] (**) Option "config_info" "udev:/sys/devices/pci0000:00/0000:00:14.0/usb1/1-8/1-8:1.0/input/input16/event11"
[  3285.523] (II) XINPUT: Adding extended input device "Integrated Camera: Integrated C" (type: KEYBOARD, id 11)
[  3285.523] (**) Option "xkb_model" "pc104"
[  3285.523] (**) Option "xkb_layout" "us"
[  3285.523] (**) Option "xkb_variant" "dvp"
[  3285.523] (**) Option "xkb_options" "caps:hyper,shift:both_capslock"
[  3285.523] (II) event11 - Integrated Camera: Integrated C: is tagged by udev as: Keyboard
[  3285.523] (II) event11 - Integrated Camera: Integrated C: device is a keyboard
[  3285.523] (II) config/udev: Adding input device HDA Digital PCBeep (/dev/input/event12)
[  3285.523] (II) No input driver specified, ignoring this device.
[  3285.523] (II) This device may have been added with another device file.
[  3285.523] (II) config/udev: Adding input device HDA Intel PCH Mic (/dev/input/event13)
[  3285.523] (II) No input driver specified, ignoring this device.
[  3285.523] (II) This device may have been added with another device file.
[  3285.523] (II) config/udev: Adding input device HDA Intel PCH Headphone (/dev/input/event14)
[  3285.523] (II) No input driver specified, ignoring this device.
[  3285.523] (II) This device may have been added with another device file.
[  3285.523] (II) config/udev: Adding input device HDA Intel PCH HDMI/DP,pcm=3 (/dev/input/event15)
[  3285.523] (II) No input driver specified, ignoring this device.
[  3285.523] (II) This device may have been added with another device file.
[  3285.523] (II) config/udev: Adding input device HDA Intel PCH HDMI/DP,pcm=7 (/dev/input/event16)
[  3285.523] (II) No input driver specified, ignoring this device.
[  3285.523] (II) This device may have been added with another device file.
[  3285.523] (II) config/udev: Adding input device HDA Intel PCH HDMI/DP,pcm=8 (/dev/input/event17)
[  3285.523] (II) No input driver specified, ignoring this device.
[  3285.523] (II) This device may have been added with another device file.
[  3285.524] (II) config/udev: Adding input device HDA Intel PCH HDMI/DP,pcm=9 (/dev/input/event18)
[  3285.524] (II) No input driver specified, ignoring this device.
[  3285.524] (II) This device may have been added with another device file.
[  3285.524] (II) config/udev: Adding input device HDA Intel PCH HDMI/DP,pcm=10 (/dev/input/event19)
[  3285.524] (II) No input driver specified, ignoring this device.
[  3285.524] (II) This device may have been added with another device file.
[  3285.524] (II) config/udev: Adding input device AT Translated Set 2 keyboard (/dev/input/event4)
[  3285.524] (**) AT Translated Set 2 keyboard: Applying InputClass "evdev keyboard catchall"
[  3285.524] (**) AT Translated Set 2 keyboard: Applying InputClass "libinput keyboard catchall"
[  3285.524] (**) AT Translated Set 2 keyboard: Applying InputClass "system-keyboard"
[  3285.524] (II) Using input driver 'libinput' for 'AT Translated Set 2 keyboard'
[  3285.524] (**) AT Translated Set 2 keyboard: always reports core events
[  3285.524] (**) Option "Device" "/dev/input/event4"
[  3285.524] (**) Option "_source" "server/udev"
[  3285.524] (II) event4  - AT Translated Set 2 keyboard: is tagged by udev as: Keyboard
[  3285.524] (II) event4  - AT Translated Set 2 keyboard: device is a keyboard
[  3285.524] (II) event4  - AT Translated Set 2 keyboard: device removed
[  3285.535] (**) Option "config_info" "udev:/sys/devices/platform/i8042/serio0/input/input4/event4"
[  3285.535] (II) XINPUT: Adding extended input device "AT Translated Set 2 keyboard" (type: KEYBOARD, id 12)
[  3285.535] (**) Option "xkb_model" "pc104"
[  3285.535] (**) Option "xkb_layout" "us"
[  3285.535] (**) Option "xkb_variant" "dvp"
[  3285.535] (**) Option "xkb_options" "caps:hyper,shift:both_capslock"
[  3285.535] (II) event4  - AT Translated Set 2 keyboard: is tagged by udev as: Keyboard
[  3285.535] (II) event4  - AT Translated Set 2 keyboard: device is a keyboard
[  3285.535] (II) config/udev: Adding input device SynPS/2 Synaptics TouchPad (/dev/input/event5)
[  3285.535] (**) SynPS/2 Synaptics TouchPad: Applying InputClass "evdev touchpad catchall"
[  3285.535] (**) SynPS/2 Synaptics TouchPad: Applying InputClass "libinput touchpad catchall"
[  3285.535] (**) SynPS/2 Synaptics TouchPad: Applying InputClass "touchpad catchall"
[  3285.535] (**) SynPS/2 Synaptics TouchPad: Applying InputClass "Default clickpad buttons"
[  3285.535] (II) LoadModule: "synaptics"
[  3285.535] (II) Loading /usr/lib64/xorg/modules/input/synaptics_drv.so
[  3285.538] (II) Module synaptics: vendor="X.Org Foundation"
[  3285.538] 	compiled for 1.20.3, module version = 1.9.1
[  3285.538] 	Module class: X.Org XInput Driver
[  3285.538] 	ABI class: X.Org XInput driver, version 24.1
[  3285.538] (II) Using input driver 'synaptics' for 'SynPS/2 Synaptics TouchPad'
[  3285.538] (**) SynPS/2 Synaptics TouchPad: always reports core events
[  3285.538] (**) Option "Device" "/dev/input/event5"
[  3285.559] (II) synaptics: SynPS/2 Synaptics TouchPad: found clickpad property
[  3285.559] (--) synaptics: SynPS/2 Synaptics TouchPad: x-axis range 1264 - 5678 (res 46)
[  3285.559] (--) synaptics: SynPS/2 Synaptics TouchPad: y-axis range 1132 - 4720 (res 60)
[  3285.559] (--) synaptics: SynPS/2 Synaptics TouchPad: pressure range 0 - 255
[  3285.559] (--) synaptics: SynPS/2 Synaptics TouchPad: finger width range 0 - 15
[  3285.559] (--) synaptics: SynPS/2 Synaptics TouchPad: buttons: left double triple
[  3285.559] (--) synaptics: SynPS/2 Synaptics TouchPad: Vendor 0x2 Product 0x7
[  3285.559] (**) Option "SoftButtonAreas" "50% 0 82% 0 0 0 0 0"
[  3285.559] (--) synaptics: SynPS/2 Synaptics TouchPad: touchpad found
[  3285.559] (**) SynPS/2 Synaptics TouchPad: always reports core events
[  3285.575] (**) Option "config_info" "udev:/sys/devices/platform/i8042/serio1/input/input6/event5"
[  3285.575] (II) XINPUT: Adding extended input device "SynPS/2 Synaptics TouchPad" (type: TOUCHPAD, id 13)
[  3285.575] (**) synaptics: SynPS/2 Synaptics TouchPad: (accel) MinSpeed is now constant deceleration 2.5
[  3285.575] (**) synaptics: SynPS/2 Synaptics TouchPad: (accel) MaxSpeed is now 1.75
[  3285.575] (**) synaptics: SynPS/2 Synaptics TouchPad: (accel) AccelFactor is now 0.035
[  3285.575] (**) SynPS/2 Synaptics TouchPad: (accel) keeping acceleration scheme 1
[  3285.575] (**) SynPS/2 Synaptics TouchPad: (accel) acceleration profile 1
[  3285.575] (**) SynPS/2 Synaptics TouchPad: (accel) acceleration factor: 2.000
[  3285.575] (**) SynPS/2 Synaptics TouchPad: (accel) acceleration threshold: 4
[  3285.575] (--) synaptics: SynPS/2 Synaptics TouchPad: touchpad found
[  3285.575] (II) config/udev: Adding input device SynPS/2 Synaptics TouchPad (/dev/input/mouse0)
[  3285.575] (**) SynPS/2 Synaptics TouchPad: Ignoring device from InputClass "touchpad ignore duplicates"
[  3285.575] (II) config/udev: Adding input device TPPS/2 Elan TrackPoint (/dev/input/event6)
[  3285.575] (**) TPPS/2 Elan TrackPoint: Applying InputClass "evdev pointer catchall"
[  3285.575] (**) TPPS/2 Elan TrackPoint: Applying InputClass "libinput pointer catchall"
[  3285.575] (II) Using input driver 'libinput' for 'TPPS/2 Elan TrackPoint'
[  3285.575] (**) TPPS/2 Elan TrackPoint: always reports core events
[  3285.575] (**) Option "Device" "/dev/input/event6"
[  3285.575] (**) Option "_source" "server/udev"
[  3285.575] (II) event6  - TPPS/2 Elan TrackPoint: is tagged by udev as: Mouse Pointingstick
[  3285.575] (II) event6  - TPPS/2 Elan TrackPoint: device is a pointer
[  3285.575] (II) event6  - TPPS/2 Elan TrackPoint: device removed
[  3285.599] (**) Option "config_info" "udev:/sys/devices/platform/i8042/serio1/serio2/input/input7/event6"
[  3285.599] (II) XINPUT: Adding extended input device "TPPS/2 Elan TrackPoint" (type: MOUSE, id 14)
[  3285.599] (**) Option "AccelerationScheme" "none"
[  3285.599] (**) TPPS/2 Elan TrackPoint: (accel) selected scheme none/0
[  3285.599] (**) TPPS/2 Elan TrackPoint: (accel) acceleration factor: 2.000
[  3285.599] (**) TPPS/2 Elan TrackPoint: (accel) acceleration threshold: 4
[  3285.599] (II) event6  - TPPS/2 Elan TrackPoint: is tagged by udev as: Mouse Pointingstick
[  3285.599] (II) event6  - TPPS/2 Elan TrackPoint: device is a pointer
[  3285.599] (II) config/udev: Adding input device TPPS/2 Elan TrackPoint (/dev/input/mouse1)
[  3285.599] (II) No input driver specified, ignoring this device.
[  3285.599] (II) This device may have been added with another device file.
[  3285.599] (II) config/udev: Adding input device PC Speaker (/dev/input/event10)
[  3285.599] (II) No input driver specified, ignoring this device.
[  3285.599] (II) This device may have been added with another device file.
[  3285.599] (II) config/udev: Adding input device ThinkPad Extra Buttons (/dev/input/event9)
[  3285.599] (**) ThinkPad Extra Buttons: Applying InputClass "evdev keyboard catchall"
[  3285.599] (**) ThinkPad Extra Buttons: Applying InputClass "libinput keyboard catchall"
[  3285.599] (**) ThinkPad Extra Buttons: Applying InputClass "system-keyboard"
[  3285.599] (II) Using input driver 'libinput' for 'ThinkPad Extra Buttons'
[  3285.599] (**) ThinkPad Extra Buttons: always reports core events
[  3285.599] (**) Option "Device" "/dev/input/event9"
[  3285.599] (**) Option "_source" "server/udev"
[  3285.600] (II) event9  - ThinkPad Extra Buttons: is tagged by udev as: Keyboard Switch
[  3285.600] (II) event9  - ThinkPad Extra Buttons: device is a keyboard
[  3285.600] (II) event9  - ThinkPad Extra Buttons: device is a switch device
[  3285.600] (II) event9  - ThinkPad Extra Buttons: device removed
[  3285.611] (**) Option "config_info" "udev:/sys/devices/platform/thinkpad_acpi/input/input14/event9"
[  3285.611] (II) XINPUT: Adding extended input device "ThinkPad Extra Buttons" (type: KEYBOARD, id 15)
[  3285.611] (**) Option "xkb_model" "pc104"
[  3285.611] (**) Option "xkb_layout" "us"
[  3285.611] (**) Option "xkb_variant" "dvp"
[  3285.611] (**) Option "xkb_options" "caps:hyper,shift:both_capslock"
[  3285.611] (II) event9  - ThinkPad Extra Buttons: is tagged by udev as: Keyboard Switch
[  3285.611] (II) event9  - ThinkPad Extra Buttons: device is a keyboard
[  3285.611] (II) event9  - ThinkPad Extra Buttons: device is a switch device
[  3285.612] (**) Wacom Pen and multitouch sensor Pen eraser: Applying InputClass "evdev tablet catchall"
[  3285.612] (**) Wacom Pen and multitouch sensor Pen eraser: Applying InputClass "libinput tablet catchall"
[  3285.612] (**) Wacom Pen and multitouch sensor Pen eraser: Applying InputClass "Wacom USB tablet class"
[  3285.612] (**) Wacom Pen and multitouch sensor Pen eraser: Applying InputClass "Wacom tablet class"
[  3285.612] (II) Using input driver 'wacom' for 'Wacom Pen and multitouch sensor Pen eraser'
[  3285.612] (**) Wacom Pen and multitouch sensor Pen eraser: always reports core events
[  3285.612] (**) Option "Device" "/dev/input/event8"
[  3285.612] (**) Option "Type" "eraser"
[  3285.612] (**) Wacom Pen and multitouch sensor Pen eraser: panscroll is 1300
[  3285.612] (**) Wacom Pen and multitouch sensor Pen eraser: panscroll modified to 1300
[  3285.612] (--) Wacom Pen and multitouch sensor Pen eraser: maxX=30912 maxY=17388 maxZ=4095 resX=100000 resY=100000  tilt=enabled
[  3285.625] (**) Option "config_info" "udev:/sys/devices/pci0000:00/0000:00:14.0/usb1/1-10/1-10:1.1/0003:056A:5147.0005/input/input11/event8"
[  3285.625] (II) XINPUT: Adding extended input device "Wacom Pen and multitouch sensor Pen eraser" (type: ERASER, id 16)
[  3285.625] (**) Wacom Pen and multitouch sensor Pen eraser: (accel) keeping acceleration scheme 1
[  3285.625] (**) Wacom Pen and multitouch sensor Pen eraser: (accel) acceleration profile 0
[  3285.625] (**) Wacom Pen and multitouch sensor Pen eraser: (accel) acceleration factor: 2.000
[  3285.625] (**) Wacom Pen and multitouch sensor Pen eraser: (accel) acceleration threshold: 4
[  3285.777] (II) modeset(0): EDID vendor "JDI", prod id 0
[  3285.777] (II) modeset(0): Printing DDC gathered Modelines:
[  3285.777] (II) modeset(0): Modeline "2560x1440"x0.0  245.12  2560 2608 2640 2720  1440 1443 1449 1502 +hsync -vsync (90.1 kHz eP)
[  3302.718] (II) event2  - Power Button: device removed
[  3302.728] (II) event3  - Video Bus: device removed
[  3302.759] (II) event0  - Sleep Button: device removed
[  3302.806] (II) event11 - Integrated Camera: Integrated C: device removed
[  3302.840] (II) event4  - AT Translated Set 2 keyboard: device removed
[  3302.886] (II) event6  - TPPS/2 Elan TrackPoint: device removed
[  3302.912] (II) event9  - ThinkPad Extra Buttons: device removed
[  3302.968] (II) UnloadModule: "wacom"
[  3302.968] (II) UnloadModule: "libinput"
[  3302.968] (II) UnloadModule: "libinput"
[  3302.968] (II) UnloadModule: "synaptics"
[  3302.968] (II) UnloadModule: "libinput"
[  3302.968] (II) UnloadModule: "libinput"
[  3302.968] (II) UnloadModule: "wacom"
[  3302.968] (II) UnloadModule: "wacom"
[  3302.968] (II) UnloadModule: "libinput"
[  3302.968] (II) UnloadModule: "libinput"
[  3302.969] (II) UnloadModule: "libinput"
[  3304.329] (II) Server terminated successfully (0). Closing log file.
