[    0.004019] ACPI: XSDT 0x00000000C8D18728 0000D4 (v01 ALASKA A M I    01072009 AMI  01000013)
[    0.004023] ACPI: FACP 0x00000000C8D09000 000114 (v06 ALASKA A M I    01072009 AMI  00010013)
[    0.004027] ACPI: DSDT 0x00000000C8CFD000 00B4A9 (v02 ALASKA A M I    01072009 INTL 20120913)
[    0.004029] ACPI: FACS 0x00000000C93F4000 000040
[    0.004030] ACPI: IVRS 0x00000000C8D17000 0000D0 (v02 AMD    AmdTable 00000001 AMD  00000001)
[    0.004032] ACPI: SSDT 0x00000000C8D0F000 007229 (v02 AMD    Artic    00000002 MSFT 04000000)
[    0.004033] ACPI: SSDT 0x00000000C8D0B000 003AAF (v01 AMD    AMD AOD  00000001 INTL 20120913)
[    0.004035] ACPI: SSDT 0x00000000C8D0A000 0001AD (v02 ALASKA CPUSSDT  01072009 AMI  01072009)
[    0.004037] ACPI: FIDT 0x00000000C8CFC000 00009C (v01 ALASKA A M I    01072009 AMI  00010013)
[    0.004039] ACPI: FPDT 0x00000000C8BFF000 000044 (v01 ALASKA A M I    01072009 AMI  01000013)
[    0.004040] ACPI: MCFG 0x00000000C8CFA000 00003C (v01 ALASKA A M I    01072009 MSFT 00010013)
[    0.004042] ACPI: HPET 0x00000000C8CF9000 000038 (v01 ALASKA A M I    01072009 AMI  00000005)
[    0.004043] ACPI: VFCT 0x00000000C8CEA000 00D884 (v01 ALASKA A M I    00000001 AMD  31504F47)
[    0.004045] ACPI: BGRT 0x00000000C8CE9000 000038 (v01 ALASKA A M I    01072009 AMI  00010013)
[    0.004047] ACPI: WPBT 0x00000000C8C10000 00003C (v01 ALASKA A M I    00000001 ASUS 00000001)
[    0.004048] ACPI: SSDT 0x00000000C8C0D000 002B80 (v02 AMD    AmdTable 00000001 AMD  00000001)
--
[    0.874288] piix4_smbus 0000:00:14.0: Auxiliary SMBus Host Controller at 0xb20
[    0.878971] SCSI subsystem initialized
[    0.881545] ACPI: button: Power Button [PWRF]
[    0.885499] ACPI: bus type USB registered
[    0.885531] usbcore: registered new interface driver usbfs
[    0.885543] usbcore: registered new interface driver hub
[    0.885563] usbcore: registered new device driver usb
[    0.892439] libata version 3.00 loaded.
[    0.907859] ACPI: bus type drm_connector registered
[    0.912377] xhci_hcd 0000:01:00.0: xHCI Host Controller
[    0.912384] xhci_hcd 0000:01:00.0: new USB bus registered, assigned bus number 1
--
[    1.508478] tsc: Refined TSC clocksource calibration: 3919.734 MHz
[    1.508490] clocksource: tsc: mask: 0xffffffffffffffff max_cycles: 0x71005a6f285, max_idle_ns: 881590871276 ns
[    1.508520] clocksource: Switched to clocksource tsc
[    1.544330] usb 5-2: new full-speed USB device number 3 using xhci_hcd
[    1.708302] ata2: SATA link down (SStatus 0 SControl 300)
[    1.708812] usb 1-1: New USB device found, idVendor=256c, idProduct=0067, bcdDevice= 1.12
[    1.708820] usb 1-1: New USB device strings: Mfr=1, Product=2, SerialNumber=3
[    1.708823] usb 1-1: Product: Huion Tablet_H951P
[    1.708825] usb 1-1: Manufacturer: HUION
[    1.715185] usb 5-2: New USB device found, idVendor=1532, idProduct=006e, bcdDevice= 2.00
[    1.715192] usb 5-2: New USB device strings: Mfr=1, Product=2, SerialNumber=0
--
[    4.581773] usbhid: USB HID core driver
[    4.583871] input: SONiX USB DEVICE as /devices/pci0000:00/0000:00:08.1/0000:0b:00.4/usb5/5-1/5-1:1.0/0003:0C45:5004.0001/input/input2
[    4.627868] device-mapper: core: CONFIG_IMA_DISABLE_HTABLE is disabled. Duplicate IMA measurements will not be recorded in the IMA log.
[    4.627896] device-mapper: uevent: version 1.0.3
[    4.628007] device-mapper: ioctl: 4.48.0-ioctl (2023-03-01) initialised: dm-devel@redhat.com
[    4.640414] hid-generic 0003:0C45:5004.0001: input,hidraw0: USB HID v1.11 Keyboard [SONiX USB DEVICE] on usb-0000:0b:00.4-1/input0
[    4.640874] input: SONiX USB DEVICE Keyboard as /devices/pci0000:00/0000:00:08.1/0000:0b:00.4/usb5/5-1/5-1:1.1/0003:0C45:5004.0002/input/input3
[    4.700609] input: SONiX USB DEVICE as /devices/pci0000:00/0000:00:08.1/0000:0b:00.4/usb5/5-1/5-1:1.1/0003:0C45:5004.0002/input/input4
[    4.700769] hid-generic 0003:0C45:5004.0002: input,hiddev0,hidraw1: USB HID v1.11 Keyboard [SONiX USB DEVICE] on usb-0000:0b:00.4-1/input1
[    4.700873] input: Razer Razer DeathAdder Essential as /devices/pci0000:00/0000:00:08.1/0000:0b:00.4/usb5/5-2/5-2:1.0/0003:1532:006E.0003/input/input5
[    4.700998] hid-generic 0003:1532:006E.0003: input,hidraw2: USB HID v1.11 Mouse [Razer Razer DeathAdder Essential] on usb-0000:0b:00.4-2/input0
[    4.701152] input: Razer Razer DeathAdder Essential Keyboard as /devices/pci0000:00/0000:00:08.1/0000:0b:00.4/usb5/5-2/5-2:1.1/0003:1532:006E.0004/input/input6
[    4.760307] input: Razer Razer DeathAdder Essential as /devices/pci0000:00/0000:00:08.1/0000:0b:00.4/usb5/5-2/5-2:1.1/0003:1532:006E.0004/input/input7
[    4.760579] hid-generic 0003:1532:006E.0004: input,hidraw3: USB HID v1.11 Keyboard [Razer Razer DeathAdder Essential] on usb-0000:0b:00.4-2/input1
[    4.760678] input: Razer Razer DeathAdder Essential as /devices/pci0000:00/0000:00:08.1/0000:0b:00.4/usb5/5-2/5-2:1.2/0003:1532:006E.0005/input/input8
[    4.820589] hid-generic 0003:1532:006E.0005: input,hidraw4: USB HID v1.11 Keyboard [Razer Razer DeathAdder Essential] on usb-0000:0b:00.4-2/input2
[    4.820757] hid-generic 0003:256C:0067.0006: hiddev1,hidraw5: USB HID v1.10 Device [HUION Huion Tablet_H951P] on usb-0000:01:00.0-1/input0
[    4.820843] input: HUION Huion Tablet_H951P Pen as /devices/pci0000:00/0000:00:02.1/0000:01:00.0/usb1/1-1/1-1:1.1/0003:256C:0067.0007/input/input9
[    4.821060] hid-generic 0003:256C:0067.0007: input,hiddev2,hidraw6: USB HID v1.10 Device [HUION Huion Tablet_H951P] on usb-0000:01:00.0-1/input1
[    4.821188] input: HUION Huion Tablet_H951P Keyboard as /devices/pci0000:00/0000:00:02.1/0000:01:00.0/usb1/1-1/1-1:1.2/0003:256C:0067.0008/input/input10
[    4.880306] input: HUION Huion Tablet_H951P Mouse as /devices/pci0000:00/0000:00:02.1/0000:01:00.0/usb1/1-1/1-1:1.2/0003:256C:0067.0008/input/input11
[    4.880627] hid-generic 0003:256C:0067.0008: input,hidraw7: USB HID v1.10 Keyboard [HUION Huion Tablet_H951P] on usb-0000:01:00.0-1/input2
[    4.880750] hid-generic 0003:0B05:1939.0009: hiddev3,hidraw8: USB HID v1.11 Device [AsusTek Computer Inc. AURA LED Controller] on usb-0000:01:00.0-6/input2
[    5.912301] [drm] amdgpu kernel modesetting enabled.
[    5.919042] amdgpu: Virtual CRAT table created for CPU
[    5.919058] amdgpu: Topology: Add CPU node
[    5.919196] amdgpu 0000:0b:00.0: enabling device (0006 -> 0007)
[    5.919234] [drm] initializing kernel modesetting (RENOIR 0x1002:0x1638 0x1043:0x8809 0xC9).
--
[    7.561796] systemd[1]: Started systemd-journald.service - Journal Service.
[    7.577489] systemd-journald[407]: Received client request to flush runtime journal.
[    7.593531] systemd-journald[407]: /var/log/journal/MACHINEID/system.journal: Journal file uses a different sequence number ID, rotating.
[    7.593537] systemd-journald[407]: Rotating system journal.
[    7.654645] sd 0:0:0:0: Attached scsi generic sg0 type 0
[    7.676550] hid_uclogic: loading out-of-tree module taints kernel.
[    7.676561] hid_uclogic: module verification failed: signature and/or required key missing - tainting kernel
[    7.700480] ccp 0000:0b:00.2: enabling device (0000 -> 0002)
[    7.701672] ccp 0000:0b:00.2: ccp: unable to access the device: you might be running a broken BIOS.
[    7.702813] ccp 0000:0b:00.2: tee enabled
[    7.702875] ccp 0000:0b:00.2: psp enabled
[    7.704003] sp5100_tco: SP5100/SB800 TCO WatchDog Timer Driver
[    7.704025] input: PC Speaker as /devices/platform/pcspkr/input/input12
[    7.705347] sp5100-tco sp5100-tco: Using 0xfeb00000 for watchdog MMIO address
[    7.707215] input: HUION Huion Tablet_H951P Pen as /devices/pci0000:00/0000:00:02.1/0000:01:00.0/usb1/1-1/1-1:1.0/0003:256C:0067.0006/input/input13
[    7.707478] sp5100-tco sp5100-tco: initialized. heartbeat=60 sec (nowayout=0)
[    7.709254] Adding 999420k swap on /dev/mapper/HOSTNAME--vg-swap_1.  Priority:-2 extents:1 across:999420k SS
[    7.710288] input: HUION Huion Tablet_H951P Pad as /devices/pci0000:00/0000:00:02.1/0000:01:00.0/usb1/1-1/1-1:1.0/0003:256C:0067.0006/input/input14
[    7.714993] alg: No test for fips(ansi_cprng) (fips_ansi_cprng)
[    7.716261] input: HUION Huion Tablet_H951P Touch Strip as /devices/pci0000:00/0000:00:02.1/0000:01:00.0/usb1/1-1/1-1:1.0/0003:256C:0067.0006/input/input15
[    7.724543] input: HUION Huion Tablet_H951P Dial as /devices/pci0000:00/0000:00:02.1/0000:01:00.0/usb1/1-1/1-1:1.0/0003:256C:0067.0006/input/input16
[    7.738038] input: HUION Huion Tablet_H951P Group Buttons as /devices/pci0000:00/0000:00:02.1/0000:01:00.0/usb1/1-1/1-1:1.0/0003:256C:0067.0006/input/input17
[    7.740446] asus_wmi: ASUS WMI generic driver loaded
[    7.741233] uclogic 0003:256C:0067.0006: input,hidraw5: USB HID v1.10 Keypad [HUION Huion Tablet_H951P] on usb-0000:01:00.0-1/input0
[    7.743572] RAPL PMU: API unit is 2^-32 Joules, 1 fixed counters, 163840 ms ovfl timer
[    7.743576] RAPL PMU: hw unit of domain package 2^-16 Joules
[    7.743980] asus_wmi: Initialization: 0x0
[    7.744022] asus_wmi: BIOS WMI version: 0.9
[    7.744202] asus_wmi: SFUN value: 0x0
--
[    7.826398] iwlwifi 0000:08:00.0: TLV_FW_FSEQ_VERSION: FSEQ Version: 89.3.35.37
[    7.826705] iwlwifi 0000:08:00.0: firmware: failed to load iwl-debug-yoyo.bin (-2)
[    7.826718] iwlwifi 0000:08:00.0: firmware: failed to load iwl-debug-yoyo.bin (-2)
[    7.826721] iwlwifi 0000:08:00.0: loaded firmware version 72.daa05125.0 cc-a0-72.ucode op_mode iwlmvm
[    7.834543] MCE: In-kernel MCE decoding enabled.
[    7.840758] input: HUION Huion Tablet_H951P as /devices/pci0000:00/0000:00:02.1/0000:01:00.0/usb1/1-1/1-1:1.1/0003:256C:0067.0007/input/input20
[    7.840927] uclogic 0003:256C:0067.0007: input,hiddev1,hidraw6: USB HID v1.10 Device [HUION Huion Tablet_H951P] on usb-0000:01:00.0-1/input1
[    7.846934] input: HD-Audio Generic Front Mic as /devices/pci0000:00/0000:00:08.1/0000:0b:00.6/sound/card1/input21
[    7.864617] Bluetooth: Core ver 2.22
[    7.864638] NET: Registered PF_BLUETOOTH protocol family
[    7.864639] Bluetooth: HCI device and connection manager initialized
[    7.864643] Bluetooth: HCI socket layer initialized
--
[    7.982829] iwlwifi 0000:08:00.0: Detected Intel(R) Wi-Fi 6 AX200 160MHz, REV=0x340
[    7.982885] thermal thermal_zone0: failed to read out thermal zone (-61)
[    8.068441] input: HD-Audio Generic Line as /devices/pci0000:00/0000:00:08.1/0000:0b:00.6/sound/card1/input23
[    8.068526] input: HD-Audio Generic Line Out as /devices/pci0000:00/0000:00:08.1/0000:0b:00.6/sound/card1/input24
[    8.068594] input: HD-Audio Generic Front Headphone as /devices/pci0000:00/0000:00:08.1/0000:0b:00.6/sound/card1/input25
[    8.068641] input: HUION Huion Tablet_H951P Keyboard as /devices/pci0000:00/0000:00:02.1/0000:01:00.0/usb1/1-1/1-1:1.2/0003:256C:0067.0008/input/input26
[    8.109167] iwlwifi 0000:08:00.0: Detected RF HR B3, rfid=0x10a100
[    8.128653] input: HUION Huion Tablet_H951P Consumer Control as /devices/pci0000:00/0000:00:02.1/0000:01:00.0/usb1/1-1/1-1:1.2/0003:256C:0067.0008/input/input27
[    8.128789] input: HUION Huion Tablet_H951P Mouse as /devices/pci0000:00/0000:00:02.1/0000:01:00.0/usb1/1-1/1-1:1.2/0003:256C:0067.0008/input/input28
[    8.129020] uclogic 0003:256C:0067.0008: input,hidraw7: USB HID v1.10 Keyboard [HUION Huion Tablet_H951P] on usb-0000:01:00.0-1/input2
[    8.174399] iwlwifi 0000:08:00.0: base HW address: 84:1b:77:06:c2:e1
[    8.190636] iwlwifi 0000:08:00.0 wlp8s0: renamed from wlan0
[    8.488469] usb 1-5: new full-speed USB device number 5 using xhci_hcd
[    8.597966] Bluetooth: BNEP (Ethernet Emulation) ver 1.3
[    8.597969] Bluetooth: BNEP filters: protocol multicast
--
[  219.149801] loop0: detected capacity change from 0 to 8
[  219.254440] audit: type=1400 audit(1715764679.118:38): apparmor="STATUS" operation="profile_replace" info="same as current profile, skipping" profile="unconfined" name="/usr/lib/snapd/snap-confine" pid=4309 comm="apparmor_parser"
[  219.254723] audit: type=1400 audit(1715764679.118:39): apparmor="STATUS" operation="profile_replace" info="same as current profile, skipping" profile="unconfined" name="/usr/lib/snapd/snap-confine//mount-namespace-capture-helper" pid=4309 comm="apparmor_parser"
[  410.725090] usb 1-1: USB disconnect, device number 2
[  415.848486] usb 1-1: new full-speed USB device number 6 using xhci_hcd
[  416.258058] usb 1-1: New USB device found, idVendor=256c, idProduct=0067, bcdDevice= 1.12
[  416.258066] usb 1-1: New USB device strings: Mfr=1, Product=2, SerialNumber=3
[  416.258070] usb 1-1: Product: Huion Tablet_H951P
[  416.258072] usb 1-1: Manufacturer: HUION
[  416.300020] input: HUION Huion Tablet_H951P Pen as /devices/pci0000:00/0000:00:02.1/0000:01:00.0/usb1/1-1/1-1:1.0/0003:256C:0067.000A/input/input29
[  416.300227] input: HUION Huion Tablet_H951P Pad as /devices/pci0000:00/0000:00:02.1/0000:01:00.0/usb1/1-1/1-1:1.0/0003:256C:0067.000A/input/input30
[  416.300448] input: HUION Huion Tablet_H951P Touch Strip as /devices/pci0000:00/0000:00:02.1/0000:01:00.0/usb1/1-1/1-1:1.0/0003:256C:0067.000A/input/input31
[  416.300760] input: HUION Huion Tablet_H951P Dial as /devices/pci0000:00/0000:00:02.1/0000:01:00.0/usb1/1-1/1-1:1.0/0003:256C:0067.000A/input/input32
[  416.301006] input: HUION Huion Tablet_H951P Group Buttons as /devices/pci0000:00/0000:00:02.1/0000:01:00.0/usb1/1-1/1-1:1.0/0003:256C:0067.000A/input/input33
[  416.301161] uclogic 0003:256C:0067.000A: input,hidraw5: USB HID v1.10 Keypad [HUION Huion Tablet_H951P] on usb-0000:01:00.0-1/input0
[  416.312861] input: HUION Huion Tablet_H951P as /devices/pci0000:00/0000:00:02.1/0000:01:00.0/usb1/1-1/1-1:1.1/0003:256C:0067.000B/input/input34
[  416.313139] uclogic 0003:256C:0067.000B: input,hiddev1,hidraw6: USB HID v1.10 Device [HUION Huion Tablet_H951P] on usb-0000:01:00.0-1/input1
[  416.327153] input: HUION Huion Tablet_H951P Keyboard as /devices/pci0000:00/0000:00:02.1/0000:01:00.0/usb1/1-1/1-1:1.2/0003:256C:0067.000C/input/input35
[  416.384442] input: HUION Huion Tablet_H951P Consumer Control as /devices/pci0000:00/0000:00:02.1/0000:01:00.0/usb1/1-1/1-1:1.2/0003:256C:0067.000C/input/input36
[  416.384519] input: HUION Huion Tablet_H951P Mouse as /devices/pci0000:00/0000:00:02.1/0000:01:00.0/usb1/1-1/1-1:1.2/0003:256C:0067.000C/input/input37
[  416.384697] uclogic 0003:256C:0067.000C: input,hidraw7: USB HID v1.10 Keyboard [HUION Huion Tablet_H951P] on usb-0000:01:00.0-1/input2
[  421.167690] loop0: detected capacity change from 0 to 8
[  421.273384] audit: type=1400 audit(1715764881.134:40): apparmor="STATUS" operation="profile_replace" info="same as current profile, skipping" profile="unconfined" name="/usr/lib/snapd/snap-confine" pid=4946 comm="apparmor_parser"
[  421.273653] audit: type=1400 audit(1715764881.134:41): apparmor="STATUS" operation="profile_replace" info="same as current profile, skipping" profile="unconfined" name="/usr/lib/snapd/snap-confine//mount-namespace-capture-helper" pid=4946 comm="apparmor_parser"
[ 1230.125953] usb 1-1: USB disconnect, device number 6
[ 1235.084616] usb 1-1: new full-speed USB device number 7 using xhci_hcd
[ 1235.497388] usb 1-1: New USB device found, idVendor=256c, idProduct=0067, bcdDevice= 1.12
[ 1235.497395] usb 1-1: New USB device strings: Mfr=1, Product=2, SerialNumber=3
[ 1235.497398] usb 1-1: Product: Huion Tablet_H951P
[ 1235.497400] usb 1-1: Manufacturer: HUION
[ 1235.537210] input: HUION Huion Tablet_H951P Pen as /devices/pci0000:00/0000:00:02.1/0000:01:00.0/usb1/1-1/1-1:1.0/0003:256C:0067.000D/input/input38
[ 1235.537496] input: HUION Huion Tablet_H951P Pad as /devices/pci0000:00/0000:00:02.1/0000:01:00.0/usb1/1-1/1-1:1.0/0003:256C:0067.000D/input/input39
[ 1235.537615] input: HUION Huion Tablet_H951P Touch Strip as /devices/pci0000:00/0000:00:02.1/0000:01:00.0/usb1/1-1/1-1:1.0/0003:256C:0067.000D/input/input40
[ 1235.537762] input: HUION Huion Tablet_H951P Dial as /devices/pci0000:00/0000:00:02.1/0000:01:00.0/usb1/1-1/1-1:1.0/0003:256C:0067.000D/input/input41
[ 1235.537909] input: HUION Huion Tablet_H951P Group Buttons as /devices/pci0000:00/0000:00:02.1/0000:01:00.0/usb1/1-1/1-1:1.0/0003:256C:0067.000D/input/input42
[ 1235.538005] uclogic 0003:256C:0067.000D: input,hidraw5: USB HID v1.10 Keypad [HUION Huion Tablet_H951P] on usb-0000:01:00.0-1/input0
[ 1235.549915] input: HUION Huion Tablet_H951P as /devices/pci0000:00/0000:00:02.1/0000:01:00.0/usb1/1-1/1-1:1.1/0003:256C:0067.000E/input/input43
[ 1235.550191] uclogic 0003:256C:0067.000E: input,hiddev1,hidraw6: USB HID v1.10 Device [HUION Huion Tablet_H951P] on usb-0000:01:00.0-1/input1
[ 1235.564413] input: HUION Huion Tablet_H951P Keyboard as /devices/pci0000:00/0000:00:02.1/0000:01:00.0/usb1/1-1/1-1:1.2/0003:256C:0067.000F/input/input44
[ 1235.624643] input: HUION Huion Tablet_H951P Consumer Control as /devices/pci0000:00/0000:00:02.1/0000:01:00.0/usb1/1-1/1-1:1.2/0003:256C:0067.000F/input/input45
[ 1235.624759] input: HUION Huion Tablet_H951P Mouse as /devices/pci0000:00/0000:00:02.1/0000:01:00.0/usb1/1-1/1-1:1.2/0003:256C:0067.000F/input/input46
[ 1235.624969] uclogic 0003:256C:0067.000F: input,hidraw7: USB HID v1.10 Keyboard [HUION Huion Tablet_H951P] on usb-0000:01:00.0-1/input2
[ 1331.270342] loop0: detected capacity change from 0 to 8
[ 1331.391829] audit: type=1400 audit(1715765791.251:42): apparmor="STATUS" operation="profile_replace" info="same as current profile, skipping" profile="unconfined" name="/usr/lib/snapd/snap-confine" pid=5444 comm="apparmor_parser"
[ 1331.392107] audit: type=1400 audit(1715765791.251:43): apparmor="STATUS" operation="profile_replace" info="same as current profile, skipping" profile="unconfined" name="/usr/lib/snapd/snap-confine//mount-namespace-capture-helper" pid=5444 comm="apparmor_parser"
[ 1350.927114] inkscape[5683]: segfault at 0 ip 00007f348b336214 sp 00007ffff98c47a8 error 4 in libgdkmm-3.0.so.1.1.0[7f348b32f000+1b000] likely on CPU 2 (core 2, socket 0)
[ 1350.927135] Code: 07 48 8b 40 e8 48 8b 7c 07 08 e8 57 a9 ff ff 85 c0 0f 95 c0 48 83 c4 08 c3 90 66 66 2e 0f 1f 84 00 00 00 00 00 90 f3 0f 1e fa <48> 8b 07 48 8b 40 e8 48 8b 7c 07 08 e9 1b 95 ff ff 90 66 2e 0f 1f
--
[ 1362.160630] Code: 07 48 8b 40 e8 48 8b 7c 07 08 e8 57 a9 ff ff 85 c0 0f 95 c0 48 83 c4 08 c3 90 66 66 2e 0f 1f 84 00 00 00 00 00 90 f3 0f 1e fa <48> 8b 07 48 8b 40 e8 48 8b 7c 07 08 e9 1b 95 ff ff 90 66 2e 0f 1f
[ 2023.141057] loop0: detected capacity change from 0 to 8
[ 2023.245174] audit: type=1400 audit(1715766483.109:44): apparmor="STATUS" operation="profile_replace" info="same as current profile, skipping" profile="unconfined" name="/usr/lib/snapd/snap-confine" pid=6467 comm="apparmor_parser"
[ 2023.245593] audit: type=1400 audit(1715766483.109:45): apparmor="STATUS" operation="profile_replace" info="same as current profile, skipping" profile="unconfined" name="/usr/lib/snapd/snap-confine//mount-namespace-capture-helper" pid=6467 comm="apparmor_parser"
[ 2709.115804] loop0: detected capacity change from 0 to 8
[ 2709.217919] audit: type=1400 audit(1715767169.082:46): apparmor="STATUS" operation="profile_replace" info="same as current profile, skipping" profile="unconfined" name="/usr/lib/snapd/snap-confine" pid=7308 comm="apparmor_parser"
[ 2709.218187] audit: type=1400 audit(1715767169.082:47): apparmor="STATUS" operation="profile_replace" info="same as current profile, skipping" profile="unconfined" name="/usr/lib/snapd/snap-confine//mount-namespace-capture-helper" pid=7308 comm="apparmor_parser"
[ 2809.107384] loop0: detected capacity change from 0 to 8
[ 2809.212550] audit: type=1400 audit(1715767269.075:48): apparmor="STATUS" operation="profile_replace" info="same as current profile, skipping" profile="unconfined" name="/usr/lib/snapd/snap-confine" pid=7582 comm="apparmor_parser"
[ 2809.212826] audit: type=1400 audit(1715767269.075:49): apparmor="STATUS" operation="profile_replace" info="same as current profile, skipping" profile="unconfined" name="/usr/lib/snapd/snap-confine//mount-namespace-capture-helper" pid=7582 comm="apparmor_parser"
[ 7282.261002] loop0: detected capacity change from 0 to 8
--
[56367.387178] loop0: detected capacity change from 0 to 8
[56367.491069] audit: type=1400 audit(1715820827.353:60): apparmor="STATUS" operation="profile_replace" info="same as current profile, skipping" profile="unconfined" name="/usr/lib/snapd/snap-confine" pid=16212 comm="apparmor_parser"
[56367.491334] audit: type=1400 audit(1715820827.353:61): apparmor="STATUS" operation="profile_replace" info="same as current profile, skipping" profile="unconfined" name="/usr/lib/snapd/snap-confine//mount-namespace-capture-helper" pid=16212 comm="apparmor_parser"
[56462.842016] usb 1-1: USB disconnect, device number 7
[56466.832477] usb 1-1: new full-speed USB device number 8 using xhci_hcd
[56467.241368] usb 1-1: New USB device found, idVendor=256c, idProduct=0067, bcdDevice= 1.12
[56467.241376] usb 1-1: New USB device strings: Mfr=1, Product=2, SerialNumber=3
[56467.241380] usb 1-1: Product: Huion Tablet_H951P
[56467.241382] usb 1-1: Manufacturer: HUION
[56467.280411] input: HUION Huion Tablet_H951P Pen as /devices/pci0000:00/0000:00:02.1/0000:01:00.0/usb1/1-1/1-1:1.0/0003:256C:0067.0010/input/input47
[56467.280632] input: HUION Huion Tablet_H951P Pad as /devices/pci0000:00/0000:00:02.1/0000:01:00.0/usb1/1-1/1-1:1.0/0003:256C:0067.0010/input/input48
[56467.280810] input: HUION Huion Tablet_H951P Touch Strip as /devices/pci0000:00/0000:00:02.1/0000:01:00.0/usb1/1-1/1-1:1.0/0003:256C:0067.0010/input/input49
[56467.280943] input: HUION Huion Tablet_H951P Dial as /devices/pci0000:00/0000:00:02.1/0000:01:00.0/usb1/1-1/1-1:1.0/0003:256C:0067.0010/input/input50
[56467.281098] input: HUION Huion Tablet_H951P Group Buttons as /devices/pci0000:00/0000:00:02.1/0000:01:00.0/usb1/1-1/1-1:1.0/0003:256C:0067.0010/input/input51
[56467.281206] uclogic 0003:256C:0067.0010: input,hidraw5: USB HID v1.10 Keypad [HUION Huion Tablet_H951P] on usb-0000:01:00.0-1/input0
[56467.293310] input: HUION Huion Tablet_H951P as /devices/pci0000:00/0000:00:02.1/0000:01:00.0/usb1/1-1/1-1:1.1/0003:256C:0067.0011/input/input52
[56467.293590] uclogic 0003:256C:0067.0011: input,hiddev1,hidraw6: USB HID v1.10 Device [HUION Huion Tablet_H951P] on usb-0000:01:00.0-1/input1
[56467.307414] input: HUION Huion Tablet_H951P Keyboard as /devices/pci0000:00/0000:00:02.1/0000:01:00.0/usb1/1-1/1-1:1.2/0003:256C:0067.0012/input/input53
[56467.364477] input: HUION Huion Tablet_H951P Consumer Control as /devices/pci0000:00/0000:00:02.1/0000:01:00.0/usb1/1-1/1-1:1.2/0003:256C:0067.0012/input/input54
[56467.364578] input: HUION Huion Tablet_H951P Mouse as /devices/pci0000:00/0000:00:02.1/0000:01:00.0/usb1/1-1/1-1:1.2/0003:256C:0067.0012/input/input55
[56467.364788] uclogic 0003:256C:0067.0012: input,hidraw7: USB HID v1.10 Keyboard [HUION Huion Tablet_H951P] on usb-0000:01:00.0-1/input2
[56467.940888] loop0: detected capacity change from 0 to 8
[56468.045171] audit: type=1400 audit(1715820927.909:62): apparmor="STATUS" operation="profile_replace" info="same as current profile, skipping" profile="unconfined" name="/usr/lib/snapd/snap-confine" pid=16707 comm="apparmor_parser"
[56468.045447] audit: type=1400 audit(1715820927.909:63): apparmor="STATUS" operation="profile_replace" info="same as current profile, skipping" profile="unconfined" name="/usr/lib/snapd/snap-confine//mount-namespace-capture-helper" pid=16707 comm="apparmor_parser"
[56602.564454] loop0: detected capacity change from 0 to 8
[56602.667510] audit: type=1400 audit(1715821062.530:64): apparmor="STATUS" operation="profile_replace" info="same as current profile, skipping" profile="unconfined" name="/usr/lib/snapd/snap-confine" pid=17036 comm="apparmor_parser"
--
[61524.165204] audit: type=1400 audit(1715825984.029:74): apparmor="STATUS" operation="profile_replace" info="same as current profile, skipping" profile="unconfined" name="/usr/lib/snapd/snap-confine" pid=21403 comm="apparmor_parser"
[61524.165471] audit: type=1400 audit(1715825984.029:75): apparmor="STATUS" operation="profile_replace" info="same as current profile, skipping" profile="unconfined" name="/usr/lib/snapd/snap-confine//mount-namespace-capture-helper" pid=21403 comm="apparmor_parser"
[63528.072630] input: Matthew's Pixel Buds A-Series (AVRCP) as /devices/virtual/input/input56
[67178.554518] usb 1-1: USB disconnect, device number 8
[67182.056482] usb 1-1: new full-speed USB device number 9 using xhci_hcd
[67182.469461] usb 1-1: New USB device found, idVendor=256c, idProduct=0067, bcdDevice= 1.12
[67182.469467] usb 1-1: New USB device strings: Mfr=1, Product=2, SerialNumber=3
[67182.469470] usb 1-1: Product: Huion Tablet_H951P
[67182.469472] usb 1-1: Manufacturer: HUION
[67182.511243] input: HUION Huion Tablet_H951P Pen as /devices/pci0000:00/0000:00:02.1/0000:01:00.0/usb1/1-1/1-1:1.0/0003:256C:0067.0013/input/input57
[67182.511449] input: HUION Huion Tablet_H951P Pad as /devices/pci0000:00/0000:00:02.1/0000:01:00.0/usb1/1-1/1-1:1.0/0003:256C:0067.0013/input/input58
[67182.511651] input: HUION Huion Tablet_H951P Touch Strip as /devices/pci0000:00/0000:00:02.1/0000:01:00.0/usb1/1-1/1-1:1.0/0003:256C:0067.0013/input/input59
[67182.511950] input: HUION Huion Tablet_H951P Dial as /devices/pci0000:00/0000:00:02.1/0000:01:00.0/usb1/1-1/1-1:1.0/0003:256C:0067.0013/input/input60
[67182.512263] input: HUION Huion Tablet_H951P Group Buttons as /devices/pci0000:00/0000:00:02.1/0000:01:00.0/usb1/1-1/1-1:1.0/0003:256C:0067.0013/input/input61
[67182.512469] uclogic 0003:256C:0067.0013: input,hidraw5: USB HID v1.10 Keypad [HUION Huion Tablet_H951P] on usb-0000:01:00.0-1/input0
[67182.524157] input: HUION Huion Tablet_H951P as /devices/pci0000:00/0000:00:02.1/0000:01:00.0/usb1/1-1/1-1:1.1/0003:256C:0067.0014/input/input62
[67182.524723] uclogic 0003:256C:0067.0014: input,hiddev1,hidraw6: USB HID v1.10 Device [HUION Huion Tablet_H951P] on usb-0000:01:00.0-1/input1
[67182.538527] input: HUION Huion Tablet_H951P Keyboard as /devices/pci0000:00/0000:00:02.1/0000:01:00.0/usb1/1-1/1-1:1.2/0003:256C:0067.0015/input/input63
[67182.596685] input: HUION Huion Tablet_H951P Consumer Control as /devices/pci0000:00/0000:00:02.1/0000:01:00.0/usb1/1-1/1-1:1.2/0003:256C:0067.0015/input/input64
[67182.596799] input: HUION Huion Tablet_H951P Mouse as /devices/pci0000:00/0000:00:02.1/0000:01:00.0/usb1/1-1/1-1:1.2/0003:256C:0067.0015/input/input65
[67182.597107] uclogic 0003:256C:0067.0015: input,hidraw7: USB HID v1.10 Keyboard [HUION Huion Tablet_H951P] on usb-0000:01:00.0-1/input2
[67227.815992] usb 1-1: USB disconnect, device number 9
[67232.480540] usb 1-1: new full-speed USB device number 10 using xhci_hcd
[67232.889989] usb 1-1: New USB device found, idVendor=256c, idProduct=0067, bcdDevice= 1.12
[67232.889997] usb 1-1: New USB device strings: Mfr=1, Product=2, SerialNumber=3
[67232.890001] usb 1-1: Product: Huion Tablet_H951P
[67232.890003] usb 1-1: Manufacturer: HUION
[67232.931954] input: HUION Huion Tablet_H951P Pen as /devices/pci0000:00/0000:00:02.1/0000:01:00.0/usb1/1-1/1-1:1.0/0003:256C:0067.0016/input/input66
[67232.932149] input: HUION Huion Tablet_H951P Pad as /devices/pci0000:00/0000:00:02.1/0000:01:00.0/usb1/1-1/1-1:1.0/0003:256C:0067.0016/input/input67
[67232.932312] input: HUION Huion Tablet_H951P Touch Strip as /devices/pci0000:00/0000:00:02.1/0000:01:00.0/usb1/1-1/1-1:1.0/0003:256C:0067.0016/input/input68
[67232.932560] input: HUION Huion Tablet_H951P Dial as /devices/pci0000:00/0000:00:02.1/0000:01:00.0/usb1/1-1/1-1:1.0/0003:256C:0067.0016/input/input69
[67232.932738] input: HUION Huion Tablet_H951P Group Buttons as /devices/pci0000:00/0000:00:02.1/0000:01:00.0/usb1/1-1/1-1:1.0/0003:256C:0067.0016/input/input70
[67232.932923] uclogic 0003:256C:0067.0016: input,hidraw5: USB HID v1.10 Keypad [HUION Huion Tablet_H951P] on usb-0000:01:00.0-1/input0
[67232.944756] input: HUION Huion Tablet_H951P as /devices/pci0000:00/0000:00:02.1/0000:01:00.0/usb1/1-1/1-1:1.1/0003:256C:0067.0017/input/input71
[67232.945034] uclogic 0003:256C:0067.0017: input,hiddev1,hidraw6: USB HID v1.10 Device [HUION Huion Tablet_H951P] on usb-0000:01:00.0-1/input1
[67232.959073] input: HUION Huion Tablet_H951P Keyboard as /devices/pci0000:00/0000:00:02.1/0000:01:00.0/usb1/1-1/1-1:1.2/0003:256C:0067.0018/input/input72
[67233.016694] input: HUION Huion Tablet_H951P Consumer Control as /devices/pci0000:00/0000:00:02.1/0000:01:00.0/usb1/1-1/1-1:1.2/0003:256C:0067.0018/input/input73
[67233.016806] input: HUION Huion Tablet_H951P Mouse as /devices/pci0000:00/0000:00:02.1/0000:01:00.0/usb1/1-1/1-1:1.2/0003:256C:0067.0018/input/input74
[67233.017059] uclogic 0003:256C:0067.0018: input,hidraw7: USB HID v1.10 Keyboard [HUION Huion Tablet_H951P] on usb-0000:01:00.0-1/input2
[67419.022859] usb 1-1: USB disconnect, device number 10
[67424.164494] usb 1-1: new full-speed USB device number 11 using xhci_hcd
[67424.574248] usb 1-1: New USB device found, idVendor=256c, idProduct=0067, bcdDevice= 1.12
[67424.574256] usb 1-1: New USB device strings: Mfr=1, Product=2, SerialNumber=3
[67424.574260] usb 1-1: Product: Huion Tablet_H951P
[67424.574262] usb 1-1: Manufacturer: HUION
[67424.615206] input: HUION Huion Tablet_H951P Pen as /devices/pci0000:00/0000:00:02.1/0000:01:00.0/usb1/1-1/1-1:1.0/0003:256C:0067.0019/input/input75
[67424.615404] input: HUION Huion Tablet_H951P Pad as /devices/pci0000:00/0000:00:02.1/0000:01:00.0/usb1/1-1/1-1:1.0/0003:256C:0067.0019/input/input76
[67424.615587] input: HUION Huion Tablet_H951P Touch Strip as /devices/pci0000:00/0000:00:02.1/0000:01:00.0/usb1/1-1/1-1:1.0/0003:256C:0067.0019/input/input77
[67424.615858] input: HUION Huion Tablet_H951P Dial as /devices/pci0000:00/0000:00:02.1/0000:01:00.0/usb1/1-1/1-1:1.0/0003:256C:0067.0019/input/input78
[67424.616095] input: HUION Huion Tablet_H951P Group Buttons as /devices/pci0000:00/0000:00:02.1/0000:01:00.0/usb1/1-1/1-1:1.0/0003:256C:0067.0019/input/input79
[67424.616205] uclogic 0003:256C:0067.0019: input,hidraw5: USB HID v1.10 Keypad [HUION Huion Tablet_H951P] on usb-0000:01:00.0-1/input0
[67424.628208] input: HUION Huion Tablet_H951P as /devices/pci0000:00/0000:00:02.1/0000:01:00.0/usb1/1-1/1-1:1.1/0003:256C:0067.001A/input/input80
[67424.628522] uclogic 0003:256C:0067.001A: input,hiddev1,hidraw6: USB HID v1.10 Device [HUION Huion Tablet_H951P] on usb-0000:01:00.0-1/input1
[67424.642337] input: HUION Huion Tablet_H951P Keyboard as /devices/pci0000:00/0000:00:02.1/0000:01:00.0/usb1/1-1/1-1:1.2/0003:256C:0067.001B/input/input81
[67424.700705] input: HUION Huion Tablet_H951P Consumer Control as /devices/pci0000:00/0000:00:02.1/0000:01:00.0/usb1/1-1/1-1:1.2/0003:256C:0067.001B/input/input82
[67424.700817] input: HUION Huion Tablet_H951P Mouse as /devices/pci0000:00/0000:00:02.1/0000:01:00.0/usb1/1-1/1-1:1.2/0003:256C:0067.001B/input/input83
[67424.701093] uclogic 0003:256C:0067.001B: input,hidraw7: USB HID v1.10 Keyboard [HUION Huion Tablet_H951P] on usb-0000:01:00.0-1/input2
[67561.136882] audit: type=1400 audit(1715832020.999:76): apparmor="DENIED" operation="capable" class="cap" profile="/usr/sbin/cupsd" pid=23920 comm="cupsd" capability=12  capname="net_admin"
[68667.939078] traps: test-load[25773] trap int3 ip:7f9393775809 sp:7ffda9719a00 error:0 in libglib-2.0.so.0.8000.2[7f939372f000+9d000]
[68667.939681] traps: test-tablet-val[25778] trap int3 ip:7effbdb37809 sp:7fffd55198c0 error:0 in libglib-2.0.so.0.8000.2[7effbdaf1000+9d000]
[68667.941016] traps: test-dbverify[25775] trap int3 ip:7fb85ea33809 sp:7ffecafa9db0 error:0 in libglib-2.0.so.0.8000.2[7fb85e9ed000+9d000]
[68667.943921] traps: test-stylus-val[25782] trap int3 ip:7f6daf655809 sp:7ffc667a88c0 error:0 in libglib-2.0.so.0.8000.2[7f6daf60f000+9d000]
--
[68701.369169] traps: test-dbverify[26524] trap int3 ip:7fd599d98809 sp:7ffe56d4f7e0 error:0 in libglib-2.0.so.0.8000.2[7fd599d52000+9d000]
[68701.370843] traps: test-stylus-val[26528] trap int3 ip:7f0a845e3809 sp:7ffdbe0d7a50 error:0 in libglib-2.0.so.0.8000.2[7f0a8459d000+9d000]
[68701.371966] traps: test-tablet-val[26526] trap int3 ip:7f203db8a809 sp:7ffd52e5df00 error:0 in libglib-2.0.so.0.8000.2[7f203db44000+9d000]
[68704.062780] input: ISDv4 51B2 as /devices/virtual/input/input84
[68704.366450] input: ISDv4 51B2 Finger as /devices/virtual/input/input85
[68704.723002] input: Wacom Intuos S (Android Mode) as /devices/virtual/input/input86
[68705.026997] input: Wacom Cintiq Pro 24 as /devices/virtual/input/input87
[68705.370983] input: Wacom Cintiq Pro 24 Finger as /devices/virtual/input/input88
[68705.674497] input: Wacom Intuos3 6x11 as /devices/virtual/input/input89
[68706.031547] input: ISDv4 51B7 as /devices/virtual/input/input90
[68706.338827] input: ISDv4 51B7 Finger as /devices/virtual/input/input91
[68706.682473] input: Wacom Intuos Pro L as /devices/virtual/input/input92
[68706.985964] input: Wacom Intuos Pro L Finger as /devices/virtual/input/input93
[68707.350927] input: Wacom Intuos 4x5 as /devices/virtual/input/input94
[68707.654340] input: Wacom ISDv4 503F as /devices/virtual/input/input95
[68708.014858] input: Wacom ISDv4 503F Finger as /devices/virtual/input/input96
[68708.317996] input: Wacom Bamboo Pad as /devices/virtual/input/input97
[68708.667098] input: Wacom Bamboo Pad Finger as /devices/virtual/input/input98
[68708.970689] input: KAMVAS GT-191 V2 as /devices/virtual/input/input99
[68709.323039] input: KAMVAS GT-191 V2 as /devices/virtual/input/input100
[68709.625908] input: KAMVAS GT-191 V2 as /devices/virtual/input/input101
[68709.995417] input: KAMVAS GT-191 V2 as /devices/virtual/input/input102
[68710.824122] input: KAMVAS GT-191 V2 as /devices/virtual/input/input103
--
[68712.742099] input: ISDv4 504c Finger as /devices/virtual/input/input109
[68713.135043] input: Huion RTE-100 as /devices/virtual/input/input110
[68713.439809] input: Huion RTE-100 as /devices/virtual/input/input111
[68713.783300] input: Huion RTE-100 as /devices/virtual/input/input112
[68714.091454] input: Huion RTE-100 as /devices/virtual/input/input113
[68714.700124] input: Wacom One Pen tablet medium as /devices/virtual/input/input114
[68715.004931] input: Wacom One Pen tablet medium as /devices/virtual/input/input115
[68715.307965] input: Wacom One Pen tablet medium as /devices/virtual/input/input116
[68715.695460] input: Wacom DTK1651 as /devices/virtual/input/input117
[68715.999419] input: Wacom Movink as /devices/virtual/input/input118
[68716.339513] input: Wacom Movink Finger as /devices/virtual/input/input119
[68716.645210] input: GT116H as /devices/virtual/input/input120
[68716.949570] input: GT116H as /devices/virtual/input/input121
[68717.357890] input: GT116H as /devices/virtual/input/input122
[68717.663067] input: GT116H as /devices/virtual/input/input123
[68717.968161] input: GT116H as /devices/virtual/input/input124
[68718.271285] input: GT116H as /devices/virtual/input/input125
[68718.978806] input: GT116H as /devices/virtual/input/input126
[68719.295290] input: GT116H as /devices/virtual/input/input127
[68719.601800] input: Wacom Intuos S as /devices/virtual/input/input128
[68719.904967] input: Kamvas RDS-220 as /devices/virtual/input/input129
[68720.209312] input: Kamvas RDS-220 as /devices/virtual/input/input130
[68720.600078] input: Kamvas RDS-220 as /devices/virtual/input/input131
[68720.905400] input: Kamvas RDS-220 as /devices/virtual/input/input132
[68721.213776] input: KAMVAS GT-156HD V2 as /devices/virtual/input/input133
[68721.518591] input: KAMVAS GT-156HD V2 as /devices/virtual/input/input134
[68721.906257] input: KAMVAS GT-156HD V2 as /devices/virtual/input/input135
[68722.501236] input: KAMVAS GT-156HD V2 as /devices/virtual/input/input136
[68722.811927] input: Wacom Cintiq 12WX as /devices/virtual/input/input137
[68723.119404] input: Wacom DTU1141B as /devices/virtual/input/input138
[68723.424433] input: ISDv4 51B1 as /devices/virtual/input/input139
[68723.814516] input: ISDv4 51B1 Finger as /devices/virtual/input/input140
[68724.119378] input: Wacom DTK2451 as /devices/virtual/input/input141
[68724.478708] input: Wacom Intuos3 4x6 as /devices/virtual/input/input142
[68724.782288] input: Wacom ISDv4 503E as /devices/virtual/input/input143
[68725.141659] input: Wacom ISDv4 503E Finger as /devices/virtual/input/input144
[68725.446737] input: Wacom ISDv4 116 as /devices/virtual/input/input145
[68725.791166] input: Wacom ISDv4 116 Finger as /devices/virtual/input/input146
[68726.096035] input: Wacom Cintiq 20WSX as /devices/virtual/input/input147
[68726.518210] input: Intuos Pen & Touch Small as /devices/virtual/input/input148
[68726.822911] input: Intuos Pen & Touch Small Finger as /devices/virtual/input/input149
[68727.130146] input: S630 as /devices/virtual/input/input150
[68727.499895] input: S630 as /devices/virtual/input/input151
[68727.804550] input: S630 as /devices/virtual/input/input152
--
[68729.206790] input: PD156Pro(GD) as /devices/virtual/input/input155
[68729.519248] input: PD156Pro(GD) as /devices/virtual/input/input156
[68729.938053] input: PD156Pro(GD) as /devices/virtual/input/input157
[68730.246244] input: ISDv4 5220 as /devices/virtual/input/input158
[68730.550823] input: ISDv4 5220 Finger as /devices/virtual/input/input159
[68730.855431] input: Wacom Cintiq 24HD as /devices/virtual/input/input160
[68731.271942] input: Wacom Intuos3 6x8 as /devices/virtual/input/input161
[70408.200990] input: Matthew's Pixel Buds A-Series (AVRCP) as /devices/virtual/input/input162
[70411.736606] input: Matthew's Pixel Buds A-Series (AVRCP) as /devices/virtual/input/input163
[78701.508489] input: Matthew's Pixel Buds A-Series (AVRCP) as /devices/virtual/input/input164
[78705.216563] input: Matthew's Pixel Buds A-Series (AVRCP) as /devices/virtual/input/input165
[83962.612550] input: Matthew's Pixel Buds A-Series (AVRCP) as /devices/virtual/input/input166
[83966.216549] input: Matthew's Pixel Buds A-Series (AVRCP) as /devices/virtual/input/input167
[84247.259079] usb 1-1: USB disconnect, device number 11
[84251.600295] usb 1-1: new full-speed USB device number 12 using xhci_hcd
[84252.013376] usb 1-1: New USB device found, idVendor=256c, idProduct=0067, bcdDevice= 1.12
[84252.013383] usb 1-1: New USB device strings: Mfr=1, Product=2, SerialNumber=3
[84252.013386] usb 1-1: Product: Huion Tablet_H951P
[84252.013388] usb 1-1: Manufacturer: HUION
[84252.055355] input: HUION Huion Tablet_H951P Pen as /devices/pci0000:00/0000:00:02.1/0000:01:00.0/usb1/1-1/1-1:1.0/0003:256C:0067.001C/input/input168
[84252.055556] input: HUION Huion Tablet_H951P Pad as /devices/pci0000:00/0000:00:02.1/0000:01:00.0/usb1/1-1/1-1:1.0/0003:256C:0067.001C/input/input169
[84252.055731] input: HUION Huion Tablet_H951P Touch Strip as /devices/pci0000:00/0000:00:02.1/0000:01:00.0/usb1/1-1/1-1:1.0/0003:256C:0067.001C/input/input170
[84252.056022] input: HUION Huion Tablet_H951P Dial as /devices/pci0000:00/0000:00:02.1/0000:01:00.0/usb1/1-1/1-1:1.0/0003:256C:0067.001C/input/input171
[84252.056222] input: HUION Huion Tablet_H951P Group Buttons as /devices/pci0000:00/0000:00:02.1/0000:01:00.0/usb1/1-1/1-1:1.0/0003:256C:0067.001C/input/input172
[84252.056378] uclogic 0003:256C:0067.001C: input,hidraw5: USB HID v1.10 Keypad [HUION Huion Tablet_H951P] on usb-0000:01:00.0-1/input0
[84252.068081] input: HUION Huion Tablet_H951P as /devices/pci0000:00/0000:00:02.1/0000:01:00.0/usb1/1-1/1-1:1.1/0003:256C:0067.001D/input/input173
[84252.068707] uclogic 0003:256C:0067.001D: input,hiddev1,hidraw6: USB HID v1.10 Device [HUION Huion Tablet_H951P] on usb-0000:01:00.0-1/input1
[84252.082504] input: HUION Huion Tablet_H951P Keyboard as /devices/pci0000:00/0000:00:02.1/0000:01:00.0/usb1/1-1/1-1:1.2/0003:256C:0067.001E/input/input174
[84252.140659] input: HUION Huion Tablet_H951P Consumer Control as /devices/pci0000:00/0000:00:02.1/0000:01:00.0/usb1/1-1/1-1:1.2/0003:256C:0067.001E/input/input175
[84252.140748] input: HUION Huion Tablet_H951P Mouse as /devices/pci0000:00/0000:00:02.1/0000:01:00.0/usb1/1-1/1-1:1.2/0003:256C:0067.001E/input/input176
[84252.140935] uclogic 0003:256C:0067.001E: input,hidraw7: USB HID v1.10 Keyboard [HUION Huion Tablet_H951P] on usb-0000:01:00.0-1/input2
[85830.470501] loop0: detected capacity change from 0 to 8
[85830.572664] audit: type=1400 audit(1715850290.437:77): apparmor="STATUS" operation="profile_replace" info="same as current profile, skipping" profile="unconfined" name="/usr/lib/snapd/snap-confine" pid=36685 comm="apparmor_parser"
[85830.572949] audit: type=1400 audit(1715850290.437:78): apparmor="STATUS" operation="profile_replace" info="same as current profile, skipping" profile="unconfined" name="/usr/lib/snapd/snap-confine//mount-namespace-capture-helper" pid=36685 comm="apparmor_parser"
[85837.347370] usb 1-1: USB disconnect, device number 12
[85839.856313] usb 1-1: new full-speed USB device number 13 using xhci_hcd
[85840.269016] usb 1-1: New USB device found, idVendor=256c, idProduct=0067, bcdDevice= 1.12
[85840.269022] usb 1-1: New USB device strings: Mfr=1, Product=2, SerialNumber=3
[85840.269025] usb 1-1: Product: Huion Tablet_H951P
[85840.269026] usb 1-1: Manufacturer: HUION
[85840.308156] input: HUION Huion Tablet_H951P Pen as /devices/pci0000:00/0000:00:02.1/0000:01:00.0/usb1/1-1/1-1:1.0/0003:256C:0067.001F/input/input177
[85840.308352] input: HUION Huion Tablet_H951P Pad as /devices/pci0000:00/0000:00:02.1/0000:01:00.0/usb1/1-1/1-1:1.0/0003:256C:0067.001F/input/input178
[85840.308471] input: HUION Huion Tablet_H951P Touch Strip as /devices/pci0000:00/0000:00:02.1/0000:01:00.0/usb1/1-1/1-1:1.0/0003:256C:0067.001F/input/input179
[85840.308556] input: HUION Huion Tablet_H951P Dial as /devices/pci0000:00/0000:00:02.1/0000:01:00.0/usb1/1-1/1-1:1.0/0003:256C:0067.001F/input/input180
[85840.308676] input: HUION Huion Tablet_H951P Group Buttons as /devices/pci0000:00/0000:00:02.1/0000:01:00.0/usb1/1-1/1-1:1.0/0003:256C:0067.001F/input/input181
[85840.308780] uclogic 0003:256C:0067.001F: input,hidraw5: USB HID v1.10 Keypad [HUION Huion Tablet_H951P] on usb-0000:01:00.0-1/input0
[85840.320932] input: HUION Huion Tablet_H951P as /devices/pci0000:00/0000:00:02.1/0000:01:00.0/usb1/1-1/1-1:1.1/0003:256C:0067.0020/input/input182
[85840.321101] uclogic 0003:256C:0067.0020: input,hiddev1,hidraw6: USB HID v1.10 Device [HUION Huion Tablet_H951P] on usb-0000:01:00.0-1/input1
[85840.334985] input: HUION Huion Tablet_H951P Keyboard as /devices/pci0000:00/0000:00:02.1/0000:01:00.0/usb1/1-1/1-1:1.2/0003:256C:0067.0021/input/input183
[85840.396456] input: HUION Huion Tablet_H951P Consumer Control as /devices/pci0000:00/0000:00:02.1/0000:01:00.0/usb1/1-1/1-1:1.2/0003:256C:0067.0021/input/input184
[85840.396560] input: HUION Huion Tablet_H951P Mouse as /devices/pci0000:00/0000:00:02.1/0000:01:00.0/usb1/1-1/1-1:1.2/0003:256C:0067.0021/input/input185
[85840.396768] uclogic 0003:256C:0067.0021: input,hidraw7: USB HID v1.10 Keyboard [HUION Huion Tablet_H951P] on usb-0000:01:00.0-1/input2
[85879.667618] usb 1-1: USB disconnect, device number 13
[85884.280560] usb 1-1: new full-speed USB device number 14 using xhci_hcd
[85884.688808] usb 1-1: New USB device found, idVendor=256c, idProduct=0067, bcdDevice= 1.12
[85884.688814] usb 1-1: New USB device strings: Mfr=1, Product=2, SerialNumber=3
[85884.688816] usb 1-1: Product: Huion Tablet_H951P
[85884.688818] usb 1-1: Manufacturer: HUION
[85884.727539] input: HUION Huion Tablet_H951P Pen as /devices/pci0000:00/0000:00:02.1/0000:01:00.0/usb1/1-1/1-1:1.0/0003:256C:0067.0022/input/input186
[85884.727793] input: HUION Huion Tablet_H951P Pad as /devices/pci0000:00/0000:00:02.1/0000:01:00.0/usb1/1-1/1-1:1.0/0003:256C:0067.0022/input/input187
[85884.727936] input: HUION Huion Tablet_H951P Touch Strip as /devices/pci0000:00/0000:00:02.1/0000:01:00.0/usb1/1-1/1-1:1.0/0003:256C:0067.0022/input/input188
[85884.728132] input: HUION Huion Tablet_H951P Dial as /devices/pci0000:00/0000:00:02.1/0000:01:00.0/usb1/1-1/1-1:1.0/0003:256C:0067.0022/input/input189
[85884.728309] input: HUION Huion Tablet_H951P Group Buttons as /devices/pci0000:00/0000:00:02.1/0000:01:00.0/usb1/1-1/1-1:1.0/0003:256C:0067.0022/input/input190
[85884.728414] uclogic 0003:256C:0067.0022: input,hidraw5: USB HID v1.10 Keypad [HUION Huion Tablet_H951P] on usb-0000:01:00.0-1/input0
[85884.740700] input: HUION Huion Tablet_H951P as /devices/pci0000:00/0000:00:02.1/0000:01:00.0/usb1/1-1/1-1:1.1/0003:256C:0067.0023/input/input191
[85884.740910] uclogic 0003:256C:0067.0023: input,hiddev1,hidraw6: USB HID v1.10 Device [HUION Huion Tablet_H951P] on usb-0000:01:00.0-1/input1
[85884.754558] input: HUION Huion Tablet_H951P Keyboard as /devices/pci0000:00/0000:00:02.1/0000:01:00.0/usb1/1-1/1-1:1.2/0003:256C:0067.0024/input/input192
[85884.812525] input: HUION Huion Tablet_H951P Consumer Control as /devices/pci0000:00/0000:00:02.1/0000:01:00.0/usb1/1-1/1-1:1.2/0003:256C:0067.0024/input/input193
[85884.812647] input: HUION Huion Tablet_H951P Mouse as /devices/pci0000:00/0000:00:02.1/0000:01:00.0/usb1/1-1/1-1:1.2/0003:256C:0067.0024/input/input194
[85884.812892] uclogic 0003:256C:0067.0024: input,hidraw7: USB HID v1.10 Keyboard [HUION Huion Tablet_H951P] on usb-0000:01:00.0-1/input2
[85910.531484] usb 1-1: USB disconnect, device number 14
[85914.012455] usb 1-1: new full-speed USB device number 15 using xhci_hcd
[85914.425613] usb 1-1: New USB device found, idVendor=256c, idProduct=0067, bcdDevice= 1.12
[85914.425622] usb 1-1: New USB device strings: Mfr=1, Product=2, SerialNumber=3
[85914.425625] usb 1-1: Product: Huion Tablet_H951P
[85914.425628] usb 1-1: Manufacturer: HUION
[85914.466478] input: HUION Huion Tablet_H951P Pen as /devices/pci0000:00/0000:00:02.1/0000:01:00.0/usb1/1-1/1-1:1.0/0003:256C:0067.0025/input/input195
[85914.466636] input: HUION Huion Tablet_H951P Pad as /devices/pci0000:00/0000:00:02.1/0000:01:00.0/usb1/1-1/1-1:1.0/0003:256C:0067.0025/input/input196
[85914.466760] input: HUION Huion Tablet_H951P Touch Strip as /devices/pci0000:00/0000:00:02.1/0000:01:00.0/usb1/1-1/1-1:1.0/0003:256C:0067.0025/input/input197
[85914.466882] input: HUION Huion Tablet_H951P Dial as /devices/pci0000:00/0000:00:02.1/0000:01:00.0/usb1/1-1/1-1:1.0/0003:256C:0067.0025/input/input198
[85914.467020] input: HUION Huion Tablet_H951P Group Buttons as /devices/pci0000:00/0000:00:02.1/0000:01:00.0/usb1/1-1/1-1:1.0/0003:256C:0067.0025/input/input199
[85914.467129] uclogic 0003:256C:0067.0025: input,hidraw5: USB HID v1.10 Keypad [HUION Huion Tablet_H951P] on usb-0000:01:00.0-1/input0
[85914.479447] input: HUION Huion Tablet_H951P as /devices/pci0000:00/0000:00:02.1/0000:01:00.0/usb1/1-1/1-1:1.1/0003:256C:0067.0026/input/input200
[85914.479687] uclogic 0003:256C:0067.0026: input,hiddev1,hidraw6: USB HID v1.10 Device [HUION Huion Tablet_H951P] on usb-0000:01:00.0-1/input1
[85914.493466] input: HUION Huion Tablet_H951P Keyboard as /devices/pci0000:00/0000:00:02.1/0000:01:00.0/usb1/1-1/1-1:1.2/0003:256C:0067.0027/input/input201
[85914.552717] input: HUION Huion Tablet_H951P Consumer Control as /devices/pci0000:00/0000:00:02.1/0000:01:00.0/usb1/1-1/1-1:1.2/0003:256C:0067.0027/input/input202
[85914.552830] input: HUION Huion Tablet_H951P Mouse as /devices/pci0000:00/0000:00:02.1/0000:01:00.0/usb1/1-1/1-1:1.2/0003:256C:0067.0027/input/input203
[85914.553031] uclogic 0003:256C:0067.0027: input,hidraw7: USB HID v1.10 Keyboard [HUION Huion Tablet_H951P] on usb-0000:01:00.0-1/input2
[85974.157953] usb 1-1: USB disconnect, device number 15
[85976.372458] usb 1-1: new full-speed USB device number 16 using xhci_hcd
[85976.781903] usb 1-1: New USB device found, idVendor=256c, idProduct=0067, bcdDevice= 1.12
[85976.781912] usb 1-1: New USB device strings: Mfr=1, Product=2, SerialNumber=3
[85976.781915] usb 1-1: Product: Huion Tablet_H951P
[85976.781918] usb 1-1: Manufacturer: HUION
[85976.823967] input: HUION Huion Tablet_H951P Pen as /devices/pci0000:00/0000:00:02.1/0000:01:00.0/usb1/1-1/1-1:1.0/0003:256C:0067.0028/input/input204
[85976.824175] input: HUION Huion Tablet_H951P Pad as /devices/pci0000:00/0000:00:02.1/0000:01:00.0/usb1/1-1/1-1:1.0/0003:256C:0067.0028/input/input205
[85976.824375] input: HUION Huion Tablet_H951P Touch Strip as /devices/pci0000:00/0000:00:02.1/0000:01:00.0/usb1/1-1/1-1:1.0/0003:256C:0067.0028/input/input206
[85976.824604] input: HUION Huion Tablet_H951P Dial as /devices/pci0000:00/0000:00:02.1/0000:01:00.0/usb1/1-1/1-1:1.0/0003:256C:0067.0028/input/input207
[85976.824764] input: HUION Huion Tablet_H951P Group Buttons as /devices/pci0000:00/0000:00:02.1/0000:01:00.0/usb1/1-1/1-1:1.0/0003:256C:0067.0028/input/input208
[85976.824886] uclogic 0003:256C:0067.0028: input,hidraw5: USB HID v1.10 Keypad [HUION Huion Tablet_H951P] on usb-0000:01:00.0-1/input0
[85976.836681] input: HUION Huion Tablet_H951P as /devices/pci0000:00/0000:00:02.1/0000:01:00.0/usb1/1-1/1-1:1.1/0003:256C:0067.0029/input/input209
[85976.837024] uclogic 0003:256C:0067.0029: input,hiddev1,hidraw6: USB HID v1.10 Device [HUION Huion Tablet_H951P] on usb-0000:01:00.0-1/input1
[85976.850783] input: HUION Huion Tablet_H951P Keyboard as /devices/pci0000:00/0000:00:02.1/0000:01:00.0/usb1/1-1/1-1:1.2/0003:256C:0067.002A/input/input210
[85976.908638] input: HUION Huion Tablet_H951P Consumer Control as /devices/pci0000:00/0000:00:02.1/0000:01:00.0/usb1/1-1/1-1:1.2/0003:256C:0067.002A/input/input211
[85976.908725] input: HUION Huion Tablet_H951P Mouse as /devices/pci0000:00/0000:00:02.1/0000:01:00.0/usb1/1-1/1-1:1.2/0003:256C:0067.002A/input/input212
[85976.908907] uclogic 0003:256C:0067.002A: input,hidraw7: USB HID v1.10 Keyboard [HUION Huion Tablet_H951P] on usb-0000:01:00.0-1/input2
[86019.081951] usb 1-1: USB disconnect, device number 16
[86023.856469] usb 1-1: new full-speed USB device number 17 using xhci_hcd
[86024.268469] usb 1-1: New USB device found, idVendor=256c, idProduct=0067, bcdDevice= 1.12
[86024.268477] usb 1-1: New USB device strings: Mfr=1, Product=2, SerialNumber=3
[86024.268480] usb 1-1: Product: Huion Tablet_H951P
[86024.268483] usb 1-1: Manufacturer: HUION
[86024.309591] input: HUION Huion Tablet_H951P Pen as /devices/pci0000:00/0000:00:02.1/0000:01:00.0/usb1/1-1/1-1:1.0/0003:256C:0067.002B/input/input213
[86024.309781] input: HUION Huion Tablet_H951P Pad as /devices/pci0000:00/0000:00:02.1/0000:01:00.0/usb1/1-1/1-1:1.0/0003:256C:0067.002B/input/input214
[86024.309981] input: HUION Huion Tablet_H951P Touch Strip as /devices/pci0000:00/0000:00:02.1/0000:01:00.0/usb1/1-1/1-1:1.0/0003:256C:0067.002B/input/input215
[86024.310217] input: HUION Huion Tablet_H951P Dial as /devices/pci0000:00/0000:00:02.1/0000:01:00.0/usb1/1-1/1-1:1.0/0003:256C:0067.002B/input/input216
[86024.310397] input: HUION Huion Tablet_H951P Group Buttons as /devices/pci0000:00/0000:00:02.1/0000:01:00.0/usb1/1-1/1-1:1.0/0003:256C:0067.002B/input/input217
[86024.310495] uclogic 0003:256C:0067.002B: input,hidraw5: USB HID v1.10 Keypad [HUION Huion Tablet_H951P] on usb-0000:01:00.0-1/input0
[86024.322605] input: HUION Huion Tablet_H951P as /devices/pci0000:00/0000:00:02.1/0000:01:00.0/usb1/1-1/1-1:1.1/0003:256C:0067.002C/input/input218
[86024.322874] uclogic 0003:256C:0067.002C: input,hiddev1,hidraw6: USB HID v1.10 Device [HUION Huion Tablet_H951P] on usb-0000:01:00.0-1/input1
[86024.336457] input: HUION Huion Tablet_H951P Keyboard as /devices/pci0000:00/0000:00:02.1/0000:01:00.0/usb1/1-1/1-1:1.2/0003:256C:0067.002D/input/input219
[86024.396513] input: HUION Huion Tablet_H951P Consumer Control as /devices/pci0000:00/0000:00:02.1/0000:01:00.0/usb1/1-1/1-1:1.2/0003:256C:0067.002D/input/input220
[86024.396686] input: HUION Huion Tablet_H951P Mouse as /devices/pci0000:00/0000:00:02.1/0000:01:00.0/usb1/1-1/1-1:1.2/0003:256C:0067.002D/input/input221
[86024.397034] uclogic 0003:256C:0067.002D: input,hidraw7: USB HID v1.10 Keyboard [HUION Huion Tablet_H951P] on usb-0000:01:00.0-1/input2
[86339.823890] usb 1-1: USB disconnect, device number 17
[86357.992299] usb 1-1: new full-speed USB device number 18 using xhci_hcd
[86358.405433] usb 1-1: New USB device found, idVendor=256c, idProduct=0067, bcdDevice= 1.12
[86358.405442] usb 1-1: New USB device strings: Mfr=1, Product=2, SerialNumber=3
[86358.405446] usb 1-1: Product: Huion Tablet_H951P
[86358.405448] usb 1-1: Manufacturer: HUION
[86358.445152] input: HUION Huion Tablet_H951P Pen as /devices/pci0000:00/0000:00:02.1/0000:01:00.0/usb1/1-1/1-1:1.0/0003:256C:0067.002E/input/input222
[86358.445343] input: HUION Huion Tablet_H951P Pad as /devices/pci0000:00/0000:00:02.1/0000:01:00.0/usb1/1-1/1-1:1.0/0003:256C:0067.002E/input/input223
[86358.445504] input: HUION Huion Tablet_H951P Touch Strip as /devices/pci0000:00/0000:00:02.1/0000:01:00.0/usb1/1-1/1-1:1.0/0003:256C:0067.002E/input/input224
[86358.445665] input: HUION Huion Tablet_H951P Dial as /devices/pci0000:00/0000:00:02.1/0000:01:00.0/usb1/1-1/1-1:1.0/0003:256C:0067.002E/input/input225
[86358.445876] input: HUION Huion Tablet_H951P Group Buttons as /devices/pci0000:00/0000:00:02.1/0000:01:00.0/usb1/1-1/1-1:1.0/0003:256C:0067.002E/input/input226
[86358.446056] uclogic 0003:256C:0067.002E: input,hidraw5: USB HID v1.10 Keypad [HUION Huion Tablet_H951P] on usb-0000:01:00.0-1/input0
[86358.458063] input: HUION Huion Tablet_H951P as /devices/pci0000:00/0000:00:02.1/0000:01:00.0/usb1/1-1/1-1:1.1/0003:256C:0067.002F/input/input227
[86358.458230] uclogic 0003:256C:0067.002F: input,hiddev1,hidraw6: USB HID v1.10 Device [HUION Huion Tablet_H951P] on usb-0000:01:00.0-1/input1
[86358.472164] input: HUION Huion Tablet_H951P Keyboard as /devices/pci0000:00/0000:00:02.1/0000:01:00.0/usb1/1-1/1-1:1.2/0003:256C:0067.0030/input/input228
[86358.528466] input: HUION Huion Tablet_H951P Consumer Control as /devices/pci0000:00/0000:00:02.1/0000:01:00.0/usb1/1-1/1-1:1.2/0003:256C:0067.0030/input/input229
[86358.528556] input: HUION Huion Tablet_H951P Mouse as /devices/pci0000:00/0000:00:02.1/0000:01:00.0/usb1/1-1/1-1:1.2/0003:256C:0067.0030/input/input230
[86358.528732] uclogic 0003:256C:0067.0030: input,hidraw7: USB HID v1.10 Keyboard [HUION Huion Tablet_H951P] on usb-0000:01:00.0-1/input2
[86482.114200] loop0: detected capacity change from 0 to 8
[86482.221461] audit: type=1400 audit(1715850942.083:79): apparmor="STATUS" operation="profile_replace" info="same as current profile, skipping" profile="unconfined" name="/usr/lib/snapd/snap-confine" pid=38343 comm="apparmor_parser"
[86482.221720] audit: type=1400 audit(1715850942.083:80): apparmor="STATUS" operation="profile_replace" info="same as current profile, skipping" profile="unconfined" name="/usr/lib/snapd/snap-confine//mount-namespace-capture-helper" pid=38343 comm="apparmor_parser"
[86761.621293] usb 1-1: USB disconnect, device number 18
[86765.648490] usb 1-1: new full-speed USB device number 19 using xhci_hcd
[86766.057704] usb 1-1: New USB device found, idVendor=256c, idProduct=0067, bcdDevice= 1.12
[86766.057711] usb 1-1: New USB device strings: Mfr=1, Product=2, SerialNumber=3
[86766.057714] usb 1-1: Product: Huion Tablet_H951P
[86766.057716] usb 1-1: Manufacturer: HUION
[86766.097613] input: HUION Huion Tablet_H951P Pen as /devices/pci0000:00/0000:00:02.1/0000:01:00.0/usb1/1-1/1-1:1.0/0003:256C:0067.0031/input/input231
[86766.097827] input: HUION Huion Tablet_H951P Pad as /devices/pci0000:00/0000:00:02.1/0000:01:00.0/usb1/1-1/1-1:1.0/0003:256C:0067.0031/input/input232
[86766.098011] input: HUION Huion Tablet_H951P Touch Strip as /devices/pci0000:00/0000:00:02.1/0000:01:00.0/usb1/1-1/1-1:1.0/0003:256C:0067.0031/input/input233
[86766.098194] input: HUION Huion Tablet_H951P Dial as /devices/pci0000:00/0000:00:02.1/0000:01:00.0/usb1/1-1/1-1:1.0/0003:256C:0067.0031/input/input234
[86766.098383] input: HUION Huion Tablet_H951P Group Buttons as /devices/pci0000:00/0000:00:02.1/0000:01:00.0/usb1/1-1/1-1:1.0/0003:256C:0067.0031/input/input235
[86766.098520] uclogic 0003:256C:0067.0031: input,hidraw5: USB HID v1.10 Keypad [HUION Huion Tablet_H951P] on usb-0000:01:00.0-1/input0
[86766.110368] input: HUION Huion Tablet_H951P as /devices/pci0000:00/0000:00:02.1/0000:01:00.0/usb1/1-1/1-1:1.1/0003:256C:0067.0032/input/input236
[86766.110713] uclogic 0003:256C:0067.0032: input,hiddev1,hidraw6: USB HID v1.10 Device [HUION Huion Tablet_H951P] on usb-0000:01:00.0-1/input1
[86766.124475] input: HUION Huion Tablet_H951P Keyboard as /devices/pci0000:00/0000:00:02.1/0000:01:00.0/usb1/1-1/1-1:1.2/0003:256C:0067.0033/input/input237
[86766.184769] input: HUION Huion Tablet_H951P Consumer Control as /devices/pci0000:00/0000:00:02.1/0000:01:00.0/usb1/1-1/1-1:1.2/0003:256C:0067.0033/input/input238
[86766.184941] input: HUION Huion Tablet_H951P Mouse as /devices/pci0000:00/0000:00:02.1/0000:01:00.0/usb1/1-1/1-1:1.2/0003:256C:0067.0033/input/input239
[86766.185188] uclogic 0003:256C:0067.0033: input,hidraw7: USB HID v1.10 Keyboard [HUION Huion Tablet_H951P] on usb-0000:01:00.0-1/input2
[86855.819391] usb 1-1: USB disconnect, device number 19
[86860.032461] usb 1-1: new full-speed USB device number 20 using xhci_hcd
[86860.441853] usb 1-1: New USB device found, idVendor=256c, idProduct=0067, bcdDevice= 1.12
[86860.441860] usb 1-1: New USB device strings: Mfr=1, Product=2, SerialNumber=3
[86860.441863] usb 1-1: Product: Huion Tablet_H951P
[86860.441865] usb 1-1: Manufacturer: HUION
[86860.482781] input: HUION Huion Tablet_H951P Pen as /devices/pci0000:00/0000:00:02.1/0000:01:00.0/usb1/1-1/1-1:1.0/0003:256C:0067.0034/input/input240
[86860.482958] input: HUION Huion Tablet_H951P Pad as /devices/pci0000:00/0000:00:02.1/0000:01:00.0/usb1/1-1/1-1:1.0/0003:256C:0067.0034/input/input241
[86860.483080] input: HUION Huion Tablet_H951P Touch Strip as /devices/pci0000:00/0000:00:02.1/0000:01:00.0/usb1/1-1/1-1:1.0/0003:256C:0067.0034/input/input242
[86860.483239] input: HUION Huion Tablet_H951P Dial as /devices/pci0000:00/0000:00:02.1/0000:01:00.0/usb1/1-1/1-1:1.0/0003:256C:0067.0034/input/input243
[86860.483370] input: HUION Huion Tablet_H951P Group Buttons as /devices/pci0000:00/0000:00:02.1/0000:01:00.0/usb1/1-1/1-1:1.0/0003:256C:0067.0034/input/input244
[86860.483465] uclogic 0003:256C:0067.0034: input,hidraw5: USB HID v1.10 Keypad [HUION Huion Tablet_H951P] on usb-0000:01:00.0-1/input0
[86860.495762] input: HUION Huion Tablet_H951P as /devices/pci0000:00/0000:00:02.1/0000:01:00.0/usb1/1-1/1-1:1.1/0003:256C:0067.0035/input/input245
[86860.496025] uclogic 0003:256C:0067.0035: input,hiddev1,hidraw6: USB HID v1.10 Device [HUION Huion Tablet_H951P] on usb-0000:01:00.0-1/input1
[86860.509966] input: HUION Huion Tablet_H951P Keyboard as /devices/pci0000:00/0000:00:02.1/0000:01:00.0/usb1/1-1/1-1:1.2/0003:256C:0067.0036/input/input246
[86860.568449] input: HUION Huion Tablet_H951P Consumer Control as /devices/pci0000:00/0000:00:02.1/0000:01:00.0/usb1/1-1/1-1:1.2/0003:256C:0067.0036/input/input247
[86860.568540] input: HUION Huion Tablet_H951P Mouse as /devices/pci0000:00/0000:00:02.1/0000:01:00.0/usb1/1-1/1-1:1.2/0003:256C:0067.0036/input/input248
[86860.568800] uclogic 0003:256C:0067.0036: input,hidraw7: USB HID v1.10 Keyboard [HUION Huion Tablet_H951P] on usb-0000:01:00.0-1/input2
[87156.507815] usb 1-1: USB disconnect, device number 20
[87159.836467] usb 1-1: new full-speed USB device number 21 using xhci_hcd
[87160.244894] usb 1-1: New USB device found, idVendor=256c, idProduct=0067, bcdDevice= 1.12
[87160.244902] usb 1-1: New USB device strings: Mfr=1, Product=2, SerialNumber=3
[87160.244905] usb 1-1: Product: Huion Tablet_H951P
[87160.244907] usb 1-1: Manufacturer: HUION
[87160.283824] input: HUION Huion Tablet_H951P Pen as /devices/pci0000:00/0000:00:02.1/0000:01:00.0/usb1/1-1/1-1:1.0/0003:256C:0067.0037/input/input249
[87160.284008] input: HUION Huion Tablet_H951P Pad as /devices/pci0000:00/0000:00:02.1/0000:01:00.0/usb1/1-1/1-1:1.0/0003:256C:0067.0037/input/input250
[87160.284314] input: HUION Huion Tablet_H951P Touch Strip as /devices/pci0000:00/0000:00:02.1/0000:01:00.0/usb1/1-1/1-1:1.0/0003:256C:0067.0037/input/input251
[87160.284548] input: HUION Huion Tablet_H951P Dial as /devices/pci0000:00/0000:00:02.1/0000:01:00.0/usb1/1-1/1-1:1.0/0003:256C:0067.0037/input/input252
[87160.284758] input: HUION Huion Tablet_H951P Group Buttons as /devices/pci0000:00/0000:00:02.1/0000:01:00.0/usb1/1-1/1-1:1.0/0003:256C:0067.0037/input/input253
[87160.284944] uclogic 0003:256C:0067.0037: input,hidraw5: USB HID v1.10 Keypad [HUION Huion Tablet_H951P] on usb-0000:01:00.0-1/input0
[87160.296804] input: HUION Huion Tablet_H951P as /devices/pci0000:00/0000:00:02.1/0000:01:00.0/usb1/1-1/1-1:1.1/0003:256C:0067.0038/input/input254
[87160.297164] uclogic 0003:256C:0067.0038: input,hiddev1,hidraw6: USB HID v1.10 Device [HUION Huion Tablet_H951P] on usb-0000:01:00.0-1/input1
[87160.310928] input: HUION Huion Tablet_H951P Keyboard as /devices/pci0000:00/0000:00:02.1/0000:01:00.0/usb1/1-1/1-1:1.2/0003:256C:0067.0039/input/input255
[87160.368449] input: HUION Huion Tablet_H951P Consumer Control as /devices/pci0000:00/0000:00:02.1/0000:01:00.0/usb1/1-1/1-1:1.2/0003:256C:0067.0039/input/input256
[87160.368534] input: HUION Huion Tablet_H951P Mouse as /devices/pci0000:00/0000:00:02.1/0000:01:00.0/usb1/1-1/1-1:1.2/0003:256C:0067.0039/input/input257
[87160.368732] uclogic 0003:256C:0067.0039: input,hidraw7: USB HID v1.10 Keyboard [HUION Huion Tablet_H951P] on usb-0000:01:00.0-1/input2
[87302.390674] usb 1-1: USB disconnect, device number 21
[87306.352501] usb 1-1: new full-speed USB device number 22 using xhci_hcd
[87306.760793] usb 1-1: New USB device found, idVendor=256c, idProduct=0067, bcdDevice= 1.12
[87306.760800] usb 1-1: New USB device strings: Mfr=1, Product=2, SerialNumber=3
[87306.760803] usb 1-1: Product: Huion Tablet_H951P
[87306.760805] usb 1-1: Manufacturer: HUION
[87306.801711] input: HUION Huion Tablet_H951P Pen as /devices/pci0000:00/0000:00:02.1/0000:01:00.0/usb1/1-1/1-1:1.0/0003:256C:0067.003A/input/input258
[87306.801890] input: HUION Huion Tablet_H951P Pad as /devices/pci0000:00/0000:00:02.1/0000:01:00.0/usb1/1-1/1-1:1.0/0003:256C:0067.003A/input/input259
[87306.802028] input: HUION Huion Tablet_H951P Touch Strip as /devices/pci0000:00/0000:00:02.1/0000:01:00.0/usb1/1-1/1-1:1.0/0003:256C:0067.003A/input/input260
[87306.802175] input: HUION Huion Tablet_H951P Dial as /devices/pci0000:00/0000:00:02.1/0000:01:00.0/usb1/1-1/1-1:1.0/0003:256C:0067.003A/input/input261
[87306.802308] input: HUION Huion Tablet_H951P Group Buttons as /devices/pci0000:00/0000:00:02.1/0000:01:00.0/usb1/1-1/1-1:1.0/0003:256C:0067.003A/input/input262
[87306.802408] uclogic 0003:256C:0067.003A: input,hidraw5: USB HID v1.10 Keypad [HUION Huion Tablet_H951P] on usb-0000:01:00.0-1/input0
[87306.814730] input: HUION Huion Tablet_H951P as /devices/pci0000:00/0000:00:02.1/0000:01:00.0/usb1/1-1/1-1:1.1/0003:256C:0067.003B/input/input263
[87306.815100] uclogic 0003:256C:0067.003B: input,hiddev1,hidraw6: USB HID v1.10 Device [HUION Huion Tablet_H951P] on usb-0000:01:00.0-1/input1
[87306.828579] input: HUION Huion Tablet_H951P Keyboard as /devices/pci0000:00/0000:00:02.1/0000:01:00.0/usb1/1-1/1-1:1.2/0003:256C:0067.003C/input/input264
[87306.888646] input: HUION Huion Tablet_H951P Consumer Control as /devices/pci0000:00/0000:00:02.1/0000:01:00.0/usb1/1-1/1-1:1.2/0003:256C:0067.003C/input/input265
[87306.888737] input: HUION Huion Tablet_H951P Mouse as /devices/pci0000:00/0000:00:02.1/0000:01:00.0/usb1/1-1/1-1:1.2/0003:256C:0067.003C/input/input266
[87306.888959] uclogic 0003:256C:0067.003C: input,hidraw7: USB HID v1.10 Keyboard [HUION Huion Tablet_H951P] on usb-0000:01:00.0-1/input2
[87719.528516] usb 1-1: USB disconnect, device number 22
[87722.664287] usb 1-1: new full-speed USB device number 23 using xhci_hcd
[87723.071842] usb 1-1: New USB device found, idVendor=256c, idProduct=0067, bcdDevice= 1.12
[87723.071849] usb 1-1: New USB device strings: Mfr=1, Product=2, SerialNumber=3
[87723.071852] usb 1-1: Product: Huion Tablet_H951P
[87723.071854] usb 1-1: Manufacturer: HUION
[87723.113811] input: HUION Huion Tablet_H951P Pen as /devices/pci0000:00/0000:00:02.1/0000:01:00.0/usb1/1-1/1-1:1.0/0003:256C:0067.003D/input/input267
[87723.113953] input: HUION Huion Tablet_H951P Pad as /devices/pci0000:00/0000:00:02.1/0000:01:00.0/usb1/1-1/1-1:1.0/0003:256C:0067.003D/input/input268
[87723.114071] input: HUION Huion Tablet_H951P Touch Strip as /devices/pci0000:00/0000:00:02.1/0000:01:00.0/usb1/1-1/1-1:1.0/0003:256C:0067.003D/input/input269
[87723.114169] input: HUION Huion Tablet_H951P Dial as /devices/pci0000:00/0000:00:02.1/0000:01:00.0/usb1/1-1/1-1:1.0/0003:256C:0067.003D/input/input270
[87723.114294] input: HUION Huion Tablet_H951P Group Buttons as /devices/pci0000:00/0000:00:02.1/0000:01:00.0/usb1/1-1/1-1:1.0/0003:256C:0067.003D/input/input271
[87723.114401] uclogic 0003:256C:0067.003D: input,hidraw5: USB HID v1.10 Keypad [HUION Huion Tablet_H951P] on usb-0000:01:00.0-1/input0
[87723.126896] input: HUION Huion Tablet_H951P as /devices/pci0000:00/0000:00:02.1/0000:01:00.0/usb1/1-1/1-1:1.1/0003:256C:0067.003E/input/input272
[87723.127175] uclogic 0003:256C:0067.003E: input,hiddev1,hidraw6: USB HID v1.10 Device [HUION Huion Tablet_H951P] on usb-0000:01:00.0-1/input1
[87723.140872] input: HUION Huion Tablet_H951P Keyboard as /devices/pci0000:00/0000:00:02.1/0000:01:00.0/usb1/1-1/1-1:1.2/0003:256C:0067.003F/input/input273
[87723.200722] input: HUION Huion Tablet_H951P Consumer Control as /devices/pci0000:00/0000:00:02.1/0000:01:00.0/usb1/1-1/1-1:1.2/0003:256C:0067.003F/input/input274
[87723.200828] input: HUION Huion Tablet_H951P Mouse as /devices/pci0000:00/0000:00:02.1/0000:01:00.0/usb1/1-1/1-1:1.2/0003:256C:0067.003F/input/input275
[87723.201022] uclogic 0003:256C:0067.003F: input,hidraw7: USB HID v1.10 Keyboard [HUION Huion Tablet_H951P] on usb-0000:01:00.0-1/input2
[87824.530726] usb 1-1: USB disconnect, device number 23
[87827.828272] usb 1-1: new full-speed USB device number 24 using xhci_hcd
[87828.242060] usb 1-1: New USB device found, idVendor=256c, idProduct=0067, bcdDevice= 1.12
[87828.242069] usb 1-1: New USB device strings: Mfr=1, Product=2, SerialNumber=3
[87828.242072] usb 1-1: Product: Huion Tablet_H951P
[87828.242075] usb 1-1: Manufacturer: HUION
[87828.284029] input: HUION Huion Tablet_H951P Pen as /devices/pci0000:00/0000:00:02.1/0000:01:00.0/usb1/1-1/1-1:1.0/0003:256C:0067.0040/input/input276
[87828.284238] input: HUION Huion Tablet_H951P Pad as /devices/pci0000:00/0000:00:02.1/0000:01:00.0/usb1/1-1/1-1:1.0/0003:256C:0067.0040/input/input277
[87828.284447] input: HUION Huion Tablet_H951P Touch Strip as /devices/pci0000:00/0000:00:02.1/0000:01:00.0/usb1/1-1/1-1:1.0/0003:256C:0067.0040/input/input278
[87828.284764] input: HUION Huion Tablet_H951P Dial as /devices/pci0000:00/0000:00:02.1/0000:01:00.0/usb1/1-1/1-1:1.0/0003:256C:0067.0040/input/input279
[87828.285051] input: HUION Huion Tablet_H951P Group Buttons as /devices/pci0000:00/0000:00:02.1/0000:01:00.0/usb1/1-1/1-1:1.0/0003:256C:0067.0040/input/input280
[87828.285244] uclogic 0003:256C:0067.0040: input,hidraw5: USB HID v1.10 Keypad [HUION Huion Tablet_H951P] on usb-0000:01:00.0-1/input0
[87828.296715] input: HUION Huion Tablet_H951P as /devices/pci0000:00/0000:00:02.1/0000:01:00.0/usb1/1-1/1-1:1.1/0003:256C:0067.0041/input/input281
[87828.297012] uclogic 0003:256C:0067.0041: input,hiddev1,hidraw6: USB HID v1.10 Device [HUION Huion Tablet_H951P] on usb-0000:01:00.0-1/input1
[87828.310857] input: HUION Huion Tablet_H951P Keyboard as /devices/pci0000:00/0000:00:02.1/0000:01:00.0/usb1/1-1/1-1:1.2/0003:256C:0067.0042/input/input282
[87828.368682] input: HUION Huion Tablet_H951P Consumer Control as /devices/pci0000:00/0000:00:02.1/0000:01:00.0/usb1/1-1/1-1:1.2/0003:256C:0067.0042/input/input283
[87828.368796] input: HUION Huion Tablet_H951P Mouse as /devices/pci0000:00/0000:00:02.1/0000:01:00.0/usb1/1-1/1-1:1.2/0003:256C:0067.0042/input/input284
[87828.369026] uclogic 0003:256C:0067.0042: input,hidraw7: USB HID v1.10 Keyboard [HUION Huion Tablet_H951P] on usb-0000:01:00.0-1/input2
[87847.850559] usb 1-1: USB disconnect, device number 24
[87851.588516] usb 1-1: new full-speed USB device number 25 using xhci_hcd
[87851.997846] usb 1-1: New USB device found, idVendor=256c, idProduct=0067, bcdDevice= 1.12
[87851.997855] usb 1-1: New USB device strings: Mfr=1, Product=2, SerialNumber=3
[87851.997858] usb 1-1: Product: Huion Tablet_H951P
[87851.997861] usb 1-1: Manufacturer: HUION
[87852.039774] input: HUION Huion Tablet_H951P Pen as /devices/pci0000:00/0000:00:02.1/0000:01:00.0/usb1/1-1/1-1:1.0/0003:256C:0067.0043/input/input285
[87852.039963] input: HUION Huion Tablet_H951P Pad as /devices/pci0000:00/0000:00:02.1/0000:01:00.0/usb1/1-1/1-1:1.0/0003:256C:0067.0043/input/input286
[87852.040112] input: HUION Huion Tablet_H951P Touch Strip as /devices/pci0000:00/0000:00:02.1/0000:01:00.0/usb1/1-1/1-1:1.0/0003:256C:0067.0043/input/input287
[87852.040423] input: HUION Huion Tablet_H951P Dial as /devices/pci0000:00/0000:00:02.1/0000:01:00.0/usb1/1-1/1-1:1.0/0003:256C:0067.0043/input/input288
[87852.040647] input: HUION Huion Tablet_H951P Group Buttons as /devices/pci0000:00/0000:00:02.1/0000:01:00.0/usb1/1-1/1-1:1.0/0003:256C:0067.0043/input/input289
[87852.040853] uclogic 0003:256C:0067.0043: input,hidraw5: USB HID v1.10 Keypad [HUION Huion Tablet_H951P] on usb-0000:01:00.0-1/input0
[87852.052598] input: HUION Huion Tablet_H951P as /devices/pci0000:00/0000:00:02.1/0000:01:00.0/usb1/1-1/1-1:1.1/0003:256C:0067.0044/input/input290
[87852.052857] uclogic 0003:256C:0067.0044: input,hiddev1,hidraw6: USB HID v1.10 Device [HUION Huion Tablet_H951P] on usb-0000:01:00.0-1/input1
[87852.066860] input: HUION Huion Tablet_H951P Keyboard as /devices/pci0000:00/0000:00:02.1/0000:01:00.0/usb1/1-1/1-1:1.2/0003:256C:0067.0045/input/input291
[87852.124454] input: HUION Huion Tablet_H951P Consumer Control as /devices/pci0000:00/0000:00:02.1/0000:01:00.0/usb1/1-1/1-1:1.2/0003:256C:0067.0045/input/input292
[87852.124560] input: HUION Huion Tablet_H951P Mouse as /devices/pci0000:00/0000:00:02.1/0000:01:00.0/usb1/1-1/1-1:1.2/0003:256C:0067.0045/input/input293
[87852.124856] uclogic 0003:256C:0067.0045: input,hidraw7: USB HID v1.10 Keyboard [HUION Huion Tablet_H951P] on usb-0000:01:00.0-1/input2
[87892.564572] usb 1-1: USB disconnect, device number 25
[87896.504300] usb 1-1: new full-speed USB device number 26 using xhci_hcd
[87896.913327] usb 1-1: New USB device found, idVendor=256c, idProduct=0067, bcdDevice= 1.12
[87896.913333] usb 1-1: New USB device strings: Mfr=1, Product=2, SerialNumber=3
[87896.913334] usb 1-1: Product: Huion Tablet_H951P
[87896.913336] usb 1-1: Manufacturer: HUION
[87896.954318] input: HUION Huion Tablet_H951P Pen as /devices/pci0000:00/0000:00:02.1/0000:01:00.0/usb1/1-1/1-1:1.0/0003:256C:0067.0046/input/input294
[87896.954508] input: HUION Huion Tablet_H951P Pad as /devices/pci0000:00/0000:00:02.1/0000:01:00.0/usb1/1-1/1-1:1.0/0003:256C:0067.0046/input/input295
[87896.954709] input: HUION Huion Tablet_H951P Touch Strip as /devices/pci0000:00/0000:00:02.1/0000:01:00.0/usb1/1-1/1-1:1.0/0003:256C:0067.0046/input/input296
[87896.954963] input: HUION Huion Tablet_H951P Dial as /devices/pci0000:00/0000:00:02.1/0000:01:00.0/usb1/1-1/1-1:1.0/0003:256C:0067.0046/input/input297
[87896.955163] input: HUION Huion Tablet_H951P Group Buttons as /devices/pci0000:00/0000:00:02.1/0000:01:00.0/usb1/1-1/1-1:1.0/0003:256C:0067.0046/input/input298
[87896.955325] uclogic 0003:256C:0067.0046: input,hidraw5: USB HID v1.10 Keypad [HUION Huion Tablet_H951P] on usb-0000:01:00.0-1/input0
[87896.967157] input: HUION Huion Tablet_H951P as /devices/pci0000:00/0000:00:02.1/0000:01:00.0/usb1/1-1/1-1:1.1/0003:256C:0067.0047/input/input299
[87896.967447] uclogic 0003:256C:0067.0047: input,hiddev1,hidraw6: USB HID v1.10 Device [HUION Huion Tablet_H951P] on usb-0000:01:00.0-1/input1
[87896.981189] input: HUION Huion Tablet_H951P Keyboard as /devices/pci0000:00/0000:00:02.1/0000:01:00.0/usb1/1-1/1-1:1.2/0003:256C:0067.0048/input/input300
[87897.040638] input: HUION Huion Tablet_H951P Consumer Control as /devices/pci0000:00/0000:00:02.1/0000:01:00.0/usb1/1-1/1-1:1.2/0003:256C:0067.0048/input/input301
[87897.040733] input: HUION Huion Tablet_H951P Mouse as /devices/pci0000:00/0000:00:02.1/0000:01:00.0/usb1/1-1/1-1:1.2/0003:256C:0067.0048/input/input302
[87897.040932] uclogic 0003:256C:0067.0048: input,hidraw7: USB HID v1.10 Keyboard [HUION Huion Tablet_H951P] on usb-0000:01:00.0-1/input2
[88047.355746] usb 1-1: USB disconnect, device number 26
[88051.816477] usb 1-1: new full-speed USB device number 27 using xhci_hcd
[88052.225064] usb 1-1: New USB device found, idVendor=256c, idProduct=0067, bcdDevice= 1.12
[88052.225072] usb 1-1: New USB device strings: Mfr=1, Product=2, SerialNumber=3
[88052.225074] usb 1-1: Product: Huion Tablet_H951P
[88052.225077] usb 1-1: Manufacturer: HUION
[88052.266970] input: HUION Huion Tablet_H951P Pen as /devices/pci0000:00/0000:00:02.1/0000:01:00.0/usb1/1-1/1-1:1.0/0003:256C:0067.0049/input/input303
[88052.267156] input: HUION Huion Tablet_H951P Pad as /devices/pci0000:00/0000:00:02.1/0000:01:00.0/usb1/1-1/1-1:1.0/0003:256C:0067.0049/input/input304
[88052.267332] input: HUION Huion Tablet_H951P Touch Strip as /devices/pci0000:00/0000:00:02.1/0000:01:00.0/usb1/1-1/1-1:1.0/0003:256C:0067.0049/input/input305
[88052.267514] input: HUION Huion Tablet_H951P Dial as /devices/pci0000:00/0000:00:02.1/0000:01:00.0/usb1/1-1/1-1:1.0/0003:256C:0067.0049/input/input306
[88052.267648] input: HUION Huion Tablet_H951P Group Buttons as /devices/pci0000:00/0000:00:02.1/0000:01:00.0/usb1/1-1/1-1:1.0/0003:256C:0067.0049/input/input307
[88052.267745] uclogic 0003:256C:0067.0049: input,hidraw5: USB HID v1.10 Keypad [HUION Huion Tablet_H951P] on usb-0000:01:00.0-1/input0
[88052.279972] input: HUION Huion Tablet_H951P as /devices/pci0000:00/0000:00:02.1/0000:01:00.0/usb1/1-1/1-1:1.1/0003:256C:0067.004A/input/input308
[88052.280225] uclogic 0003:256C:0067.004A: input,hiddev1,hidraw6: USB HID v1.10 Device [HUION Huion Tablet_H951P] on usb-0000:01:00.0-1/input1
[88052.294110] input: HUION Huion Tablet_H951P Keyboard as /devices/pci0000:00/0000:00:02.1/0000:01:00.0/usb1/1-1/1-1:1.2/0003:256C:0067.004B/input/input309
[88052.352681] input: HUION Huion Tablet_H951P Consumer Control as /devices/pci0000:00/0000:00:02.1/0000:01:00.0/usb1/1-1/1-1:1.2/0003:256C:0067.004B/input/input310
[88052.352773] input: HUION Huion Tablet_H951P Mouse as /devices/pci0000:00/0000:00:02.1/0000:01:00.0/usb1/1-1/1-1:1.2/0003:256C:0067.004B/input/input311
[88052.353002] uclogic 0003:256C:0067.004B: input,hidraw7: USB HID v1.10 Keyboard [HUION Huion Tablet_H951P] on usb-0000:01:00.0-1/input2
[88076.373140] usb 1-1: USB disconnect, device number 27
[88079.740479] usb 1-1: new full-speed USB device number 28 using xhci_hcd
[88080.147804] usb 1-1: New USB device found, idVendor=256c, idProduct=0067, bcdDevice= 1.12
[88080.147810] usb 1-1: New USB device strings: Mfr=1, Product=2, SerialNumber=3
[88080.147813] usb 1-1: Product: Huion Tablet_H951P
[88080.147814] usb 1-1: Manufacturer: HUION
[88080.188577] input: HUION Huion Tablet_H951P Pen as /devices/pci0000:00/0000:00:02.1/0000:01:00.0/usb1/1-1/1-1:1.0/0003:256C:0067.004C/input/input312
[88080.188784] input: HUION Huion Tablet_H951P Pad as /devices/pci0000:00/0000:00:02.1/0000:01:00.0/usb1/1-1/1-1:1.0/0003:256C:0067.004C/input/input313
[88080.188954] input: HUION Huion Tablet_H951P Touch Strip as /devices/pci0000:00/0000:00:02.1/0000:01:00.0/usb1/1-1/1-1:1.0/0003:256C:0067.004C/input/input314
[88080.189246] input: HUION Huion Tablet_H951P Dial as /devices/pci0000:00/0000:00:02.1/0000:01:00.0/usb1/1-1/1-1:1.0/0003:256C:0067.004C/input/input315
[88080.189532] input: HUION Huion Tablet_H951P Group Buttons as /devices/pci0000:00/0000:00:02.1/0000:01:00.0/usb1/1-1/1-1:1.0/0003:256C:0067.004C/input/input316
[88080.189694] uclogic 0003:256C:0067.004C: input,hidraw5: USB HID v1.10 Keypad [HUION Huion Tablet_H951P] on usb-0000:01:00.0-1/input0
[88080.201713] input: HUION Huion Tablet_H951P as /devices/pci0000:00/0000:00:02.1/0000:01:00.0/usb1/1-1/1-1:1.1/0003:256C:0067.004D/input/input317
[88080.201968] uclogic 0003:256C:0067.004D: input,hiddev1,hidraw6: USB HID v1.10 Device [HUION Huion Tablet_H951P] on usb-0000:01:00.0-1/input1
[88080.215920] input: HUION Huion Tablet_H951P Keyboard as /devices/pci0000:00/0000:00:02.1/0000:01:00.0/usb1/1-1/1-1:1.2/0003:256C:0067.004E/input/input318
[88080.272484] input: HUION Huion Tablet_H951P Consumer Control as /devices/pci0000:00/0000:00:02.1/0000:01:00.0/usb1/1-1/1-1:1.2/0003:256C:0067.004E/input/input319
[88080.272623] input: HUION Huion Tablet_H951P Mouse as /devices/pci0000:00/0000:00:02.1/0000:01:00.0/usb1/1-1/1-1:1.2/0003:256C:0067.004E/input/input320
[88080.272837] uclogic 0003:256C:0067.004E: input,hidraw7: USB HID v1.10 Keyboard [HUION Huion Tablet_H951P] on usb-0000:01:00.0-1/input2
[88432.859900] usb 1-1: USB disconnect, device number 28
[88436.924474] usb 1-1: new full-speed USB device number 29 using xhci_hcd
[88437.333810] usb 1-1: New USB device found, idVendor=256c, idProduct=0067, bcdDevice= 1.12
[88437.333818] usb 1-1: New USB device strings: Mfr=1, Product=2, SerialNumber=3
[88437.333822] usb 1-1: Product: Huion Tablet_H951P
[88437.333824] usb 1-1: Manufacturer: HUION
[88437.375547] input: HUION Huion Tablet_H951P Pen as /devices/pci0000:00/0000:00:02.1/0000:01:00.0/usb1/1-1/1-1:1.0/0003:256C:0067.004F/input/input321
[88437.375692] input: HUION Huion Tablet_H951P Pad as /devices/pci0000:00/0000:00:02.1/0000:01:00.0/usb1/1-1/1-1:1.0/0003:256C:0067.004F/input/input322
[88437.375818] input: HUION Huion Tablet_H951P Touch Strip as /devices/pci0000:00/0000:00:02.1/0000:01:00.0/usb1/1-1/1-1:1.0/0003:256C:0067.004F/input/input323
[88437.375961] input: HUION Huion Tablet_H951P Dial as /devices/pci0000:00/0000:00:02.1/0000:01:00.0/usb1/1-1/1-1:1.0/0003:256C:0067.004F/input/input324
[88437.376115] input: HUION Huion Tablet_H951P Group Buttons as /devices/pci0000:00/0000:00:02.1/0000:01:00.0/usb1/1-1/1-1:1.0/0003:256C:0067.004F/input/input325
[88437.376224] uclogic 0003:256C:0067.004F: input,hidraw5: USB HID v1.10 Keypad [HUION Huion Tablet_H951P] on usb-0000:01:00.0-1/input0
[88437.388681] input: HUION Huion Tablet_H951P as /devices/pci0000:00/0000:00:02.1/0000:01:00.0/usb1/1-1/1-1:1.1/0003:256C:0067.0050/input/input326
[88437.389016] uclogic 0003:256C:0067.0050: input,hiddev1,hidraw6: USB HID v1.10 Device [HUION Huion Tablet_H951P] on usb-0000:01:00.0-1/input1
[88437.402690] input: HUION Huion Tablet_H951P Keyboard as /devices/pci0000:00/0000:00:02.1/0000:01:00.0/usb1/1-1/1-1:1.2/0003:256C:0067.0051/input/input327
[88437.460694] input: HUION Huion Tablet_H951P Consumer Control as /devices/pci0000:00/0000:00:02.1/0000:01:00.0/usb1/1-1/1-1:1.2/0003:256C:0067.0051/input/input328
[88437.460800] input: HUION Huion Tablet_H951P Mouse as /devices/pci0000:00/0000:00:02.1/0000:01:00.0/usb1/1-1/1-1:1.2/0003:256C:0067.0051/input/input329
[88437.460992] uclogic 0003:256C:0067.0051: input,hidraw7: USB HID v1.10 Keyboard [HUION Huion Tablet_H951P] on usb-0000:01:00.0-1/input2
[88445.745058] loop0: detected capacity change from 0 to 8
[88445.848540] audit: type=1400 audit(1715852905.712:81): apparmor="STATUS" operation="profile_replace" info="same as current profile, skipping" profile="unconfined" name="/usr/lib/snapd/snap-confine" pid=42237 comm="apparmor_parser"
[88445.848811] audit: type=1400 audit(1715852905.712:82): apparmor="STATUS" operation="profile_replace" info="same as current profile, skipping" profile="unconfined" name="/usr/lib/snapd/snap-confine//mount-namespace-capture-helper" pid=42237 comm="apparmor_parser"
[88498.322867] usb 1-1: USB disconnect, device number 29
[88504.372495] usb 1-1: new full-speed USB device number 30 using xhci_hcd
[88504.782120] usb 1-1: New USB device found, idVendor=256c, idProduct=0067, bcdDevice= 1.12
[88504.782127] usb 1-1: New USB device strings: Mfr=1, Product=2, SerialNumber=3
[88504.782130] usb 1-1: Product: Huion Tablet_H951P
[88504.782132] usb 1-1: Manufacturer: HUION
[88504.824029] input: HUION Huion Tablet_H951P Pen as /devices/pci0000:00/0000:00:02.1/0000:01:00.0/usb1/1-1/1-1:1.0/0003:256C:0067.0052/input/input330
[88504.824277] input: HUION Huion Tablet_H951P Pad as /devices/pci0000:00/0000:00:02.1/0000:01:00.0/usb1/1-1/1-1:1.0/0003:256C:0067.0052/input/input331
[88504.824475] input: HUION Huion Tablet_H951P Touch Strip as /devices/pci0000:00/0000:00:02.1/0000:01:00.0/usb1/1-1/1-1:1.0/0003:256C:0067.0052/input/input332
[88504.824671] input: HUION Huion Tablet_H951P Dial as /devices/pci0000:00/0000:00:02.1/0000:01:00.0/usb1/1-1/1-1:1.0/0003:256C:0067.0052/input/input333
[88504.824888] input: HUION Huion Tablet_H951P Group Buttons as /devices/pci0000:00/0000:00:02.1/0000:01:00.0/usb1/1-1/1-1:1.0/0003:256C:0067.0052/input/input334
[88504.825081] uclogic 0003:256C:0067.0052: input,hidraw5: USB HID v1.10 Keypad [HUION Huion Tablet_H951P] on usb-0000:01:00.0-1/input0
[88504.836843] input: HUION Huion Tablet_H951P as /devices/pci0000:00/0000:00:02.1/0000:01:00.0/usb1/1-1/1-1:1.1/0003:256C:0067.0053/input/input335
[88504.837203] uclogic 0003:256C:0067.0053: input,hiddev1,hidraw6: USB HID v1.10 Device [HUION Huion Tablet_H951P] on usb-0000:01:00.0-1/input1
[88504.850927] input: HUION Huion Tablet_H951P Keyboard as /devices/pci0000:00/0000:00:02.1/0000:01:00.0/usb1/1-1/1-1:1.2/0003:256C:0067.0054/input/input336
[88504.908683] input: HUION Huion Tablet_H951P Consumer Control as /devices/pci0000:00/0000:00:02.1/0000:01:00.0/usb1/1-1/1-1:1.2/0003:256C:0067.0054/input/input337
[88504.908819] input: HUION Huion Tablet_H951P Mouse as /devices/pci0000:00/0000:00:02.1/0000:01:00.0/usb1/1-1/1-1:1.2/0003:256C:0067.0054/input/input338
[88504.909018] uclogic 0003:256C:0067.0054: input,hidraw7: USB HID v1.10 Keyboard [HUION Huion Tablet_H951P] on usb-0000:01:00.0-1/input2
[88537.610474] loop0: detected capacity change from 0 to 8
[88537.710346] audit: type=1400 audit(1715852997.572:83): apparmor="STATUS" operation="profile_replace" info="same as current profile, skipping" profile="unconfined" name="/usr/lib/snapd/snap-confine" pid=42707 comm="apparmor_parser"
[88537.710617] audit: type=1400 audit(1715852997.572:84): apparmor="STATUS" operation="profile_replace" info="same as current profile, skipping" profile="unconfined" name="/usr/lib/snapd/snap-confine//mount-namespace-capture-helper" pid=42707 comm="apparmor_parser"
[88626.492775] loop0: detected capacity change from 0 to 8
[88626.597360] audit: type=1400 audit(1715853086.460:85): apparmor="STATUS" operation="profile_replace" info="same as current profile, skipping" profile="unconfined" name="/usr/lib/snapd/snap-confine" pid=42949 comm="apparmor_parser"
--
[90082.218264] loop0: detected capacity change from 0 to 8
[90082.321686] audit: type=1400 audit(1715854542.184:87): apparmor="STATUS" operation="profile_replace" info="same as current profile, skipping" profile="unconfined" name="/usr/lib/snapd/snap-confine" pid=43487 comm="apparmor_parser"
[90082.321941] audit: type=1400 audit(1715854542.184:88): apparmor="STATUS" operation="profile_replace" info="same as current profile, skipping" profile="unconfined" name="/usr/lib/snapd/snap-confine//mount-namespace-capture-helper" pid=43487 comm="apparmor_parser"
[94012.561038] usb 1-1: USB disconnect, device number 30
[94017.472464] usb 1-1: new full-speed USB device number 31 using xhci_hcd
[94017.881108] usb 1-1: New USB device found, idVendor=256c, idProduct=0067, bcdDevice= 1.12
[94017.881115] usb 1-1: New USB device strings: Mfr=1, Product=2, SerialNumber=3
[94017.881118] usb 1-1: Product: Huion Tablet_H951P
[94017.881120] usb 1-1: Manufacturer: HUION
[94017.921841] input: HUION Huion Tablet_H951P Pen as /devices/pci0000:00/0000:00:02.1/0000:01:00.0/usb1/1-1/1-1:1.0/0003:256C:0067.0055/input/input339
[94017.922019] input: HUION Huion Tablet_H951P Pad as /devices/pci0000:00/0000:00:02.1/0000:01:00.0/usb1/1-1/1-1:1.0/0003:256C:0067.0055/input/input340
[94017.922153] input: HUION Huion Tablet_H951P Touch Strip as /devices/pci0000:00/0000:00:02.1/0000:01:00.0/usb1/1-1/1-1:1.0/0003:256C:0067.0055/input/input341
[94017.922362] input: HUION Huion Tablet_H951P Dial as /devices/pci0000:00/0000:00:02.1/0000:01:00.0/usb1/1-1/1-1:1.0/0003:256C:0067.0055/input/input342
[94017.922552] input: HUION Huion Tablet_H951P Group Buttons as /devices/pci0000:00/0000:00:02.1/0000:01:00.0/usb1/1-1/1-1:1.0/0003:256C:0067.0055/input/input343
[94017.922701] uclogic 0003:256C:0067.0055: input,hidraw5: USB HID v1.10 Keypad [HUION Huion Tablet_H951P] on usb-0000:01:00.0-1/input0
[94017.934869] input: HUION Huion Tablet_H951P as /devices/pci0000:00/0000:00:02.1/0000:01:00.0/usb1/1-1/1-1:1.1/0003:256C:0067.0056/input/input344
[94017.935108] uclogic 0003:256C:0067.0056: input,hiddev1,hidraw6: USB HID v1.10 Device [HUION Huion Tablet_H951P] on usb-0000:01:00.0-1/input1
[94017.948766] input: HUION Huion Tablet_H951P Keyboard as /devices/pci0000:00/0000:00:02.1/0000:01:00.0/usb1/1-1/1-1:1.2/0003:256C:0067.0057/input/input345
[94018.008445] input: HUION Huion Tablet_H951P Consumer Control as /devices/pci0000:00/0000:00:02.1/0000:01:00.0/usb1/1-1/1-1:1.2/0003:256C:0067.0057/input/input346
[94018.008533] input: HUION Huion Tablet_H951P Mouse as /devices/pci0000:00/0000:00:02.1/0000:01:00.0/usb1/1-1/1-1:1.2/0003:256C:0067.0057/input/input347
[94018.008720] uclogic 0003:256C:0067.0057: input,hidraw7: USB HID v1.10 Keyboard [HUION Huion Tablet_H951P] on usb-0000:01:00.0-1/input2
[95260.671505] loop0: detected capacity change from 0 to 8
[95260.776147] audit: type=1400 audit(1715859720.635:89): apparmor="STATUS" operation="profile_replace" info="same as current profile, skipping" profile="unconfined" name="/usr/lib/snapd/snap-confine" pid=46294 comm="apparmor_parser"
[95260.776453] audit: type=1400 audit(1715859720.639:90): apparmor="STATUS" operation="profile_replace" info="same as current profile, skipping" profile="unconfined" name="/usr/lib/snapd/snap-confine//mount-namespace-capture-helper" pid=46294 comm="apparmor_parser"
[95269.413383] loop0: detected capacity change from 0 to 8
[95269.516468] audit: type=1400 audit(1715859729.379:91): apparmor="STATUS" operation="profile_replace" info="same as current profile, skipping" profile="unconfined" name="/usr/lib/snapd/snap-confine" pid=46572 comm="apparmor_parser"
