[    14.592] (--) Log file renamed from "/var/log/Xorg.pid-1060.log" to "/var/log/Xorg.0.log"
[    14.593] 
X.Org X Server 1.19.6
Release Date: 2017-12-20
[    14.593] X Protocol Version 11, Revision 0
[    14.593] Build Operating System: Linux 4.4.0-138-generic x86_64 Ubuntu
[    14.593] Current Operating System: Linux Cactupanion 4.15.0-39-generic #42-Ubuntu SMP Tue Oct 23 15:48:01 UTC 2018 x86_64
[    14.593] Kernel command line: BOOT_IMAGE=/vmlinuz-4.15.0-39-generic root=/dev/mapper/ubuntu--vg-root ro quiet splash vt.handoff=1
[    14.593] Build Date: 25 October 2018  04:11:27PM
[    14.593] xorg-server 2:1.19.6-1ubuntu4.2 (For technical support please see http://www.ubuntu.com/support) 
[    14.593] Current version of pixman: 0.34.0
[    14.593] 	Before reporting problems, check http://wiki.x.org
	to make sure that you have the latest version.
[    14.593] Markers: (--) probed, (**) from config file, (==) default setting,
	(++) from command line, (!!) notice, (II) informational,
	(WW) warning, (EE) error, (NI) not implemented, (??) unknown.
[    14.593] (==) Log file: "/var/log/Xorg.0.log", Time: Mon Jan 14 14:41:16 2019
[    14.593] (==) Using system config directory "/usr/share/X11/xorg.conf.d"
[    14.593] (==) No Layout section.  Using the first Screen section.
[    14.593] (==) No screen section available. Using defaults.
[    14.593] (**) |-->Screen "Default Screen Section" (0)
[    14.593] (**) |   |-->Monitor "<default monitor>"
[    14.594] (==) No monitor specified for screen "Default Screen Section".
	Using a default monitor configuration.
[    14.594] (==) Automatically adding devices
[    14.594] (==) Automatically enabling devices
[    14.594] (==) Automatically adding GPU devices
[    14.594] (==) Automatically binding GPU devices
[    14.594] (==) Max clients allowed: 256, resource mask: 0x1fffff
[    14.594] (WW) The directory "/usr/share/fonts/X11/cyrillic" does not exist.
[    14.594] 	Entry deleted from font path.
[    14.594] (WW) The directory "/usr/share/fonts/X11/100dpi/" does not exist.
[    14.594] 	Entry deleted from font path.
[    14.594] (WW) The directory "/usr/share/fonts/X11/75dpi/" does not exist.
[    14.594] 	Entry deleted from font path.
[    14.594] (WW) The directory "/usr/share/fonts/X11/100dpi" does not exist.
[    14.594] 	Entry deleted from font path.
[    14.594] (WW) The directory "/usr/share/fonts/X11/75dpi" does not exist.
[    14.594] 	Entry deleted from font path.
[    14.594] (==) FontPath set to:
	/usr/share/fonts/X11/misc,
	/usr/share/fonts/X11/Type1,
	built-ins
[    14.594] (==) ModulePath set to "/usr/lib/xorg/modules"
[    14.594] (II) The server relies on udev to provide the list of input devices.
	If no devices become available, reconfigure udev or disable AutoAddDevices.
[    14.594] (II) Loader magic: 0x55c2dcc75020
[    14.594] (II) Module ABI versions:
[    14.594] 	X.Org ANSI C Emulation: 0.4
[    14.594] 	X.Org Video Driver: 23.0
[    14.594] 	X.Org XInput driver : 24.1
[    14.594] 	X.Org Server Extension : 10.0
[    14.595] (++) using VT number 1

[    14.596] (II) systemd-logind: took control of session /org/freedesktop/login1/session/c2
[    14.598] (--) PCI:*(0:0:2:0) 8086:5917:103c:8484 rev 7, Mem @ 0xa2000000/16777216, 0xb0000000/268435456, I/O @ 0x00004000/64, BIOS @ 0x????????/131072
[    14.598] (--) PCI: (0:1:0:0) 10de:1d10:103c:8484 rev 161, Mem @ 0xa3000000/16777216, 0x90000000/268435456, 0xa0000000/33554432, I/O @ 0x00003000/128
[    14.598] (II) LoadModule: "glx"
[    14.598] (II) Loading /usr/lib/xorg/modules/extensions/libglx.so
[    14.599] (II) Module glx: vendor="X.Org Foundation"
[    14.599] 	compiled for 1.19.6, module version = 1.0.0
[    14.599] 	ABI class: X.Org Server Extension, version 10.0
[    14.600] (==) Matched modesetting as autoconfigured driver 0
[    14.600] (==) Matched fbdev as autoconfigured driver 1
[    14.600] (==) Matched vesa as autoconfigured driver 2
[    14.600] (==) Assigned the driver to the xf86ConfigLayout
[    14.600] (II) LoadModule: "modesetting"
[    14.600] (II) Loading /usr/lib/xorg/modules/drivers/modesetting_drv.so
[    14.600] (II) Module modesetting: vendor="X.Org Foundation"
[    14.600] 	compiled for 1.19.6, module version = 1.19.6
[    14.600] 	Module class: X.Org Video Driver
[    14.600] 	ABI class: X.Org Video Driver, version 23.0
[    14.600] (II) LoadModule: "fbdev"
[    14.600] (II) Loading /usr/lib/xorg/modules/drivers/fbdev_drv.so
[    14.600] (II) Module fbdev: vendor="X.Org Foundation"
[    14.600] 	compiled for 1.19.3, module version = 0.4.4
[    14.600] 	Module class: X.Org Video Driver
[    14.600] 	ABI class: X.Org Video Driver, version 23.0
[    14.600] (II) LoadModule: "vesa"
[    14.600] (II) Loading /usr/lib/xorg/modules/drivers/vesa_drv.so
[    14.600] (II) Module vesa: vendor="X.Org Foundation"
[    14.600] 	compiled for 1.19.3, module version = 2.3.4
[    14.600] 	Module class: X.Org Video Driver
[    14.600] 	ABI class: X.Org Video Driver, version 23.0
[    14.600] (II) modesetting: Driver for Modesetting Kernel Drivers: kms
[    14.600] (II) FBDEV: driver for framebuffer: fbdev
[    14.600] (II) VESA: driver for VESA chipsets: vesa
[    14.600] (EE) open /dev/dri/card0: No such file or directory
[    14.600] (WW) Falling back to old probe method for modesetting
[    14.600] (EE) open /dev/dri/card0: No such file or directory
[    14.600] (II) Loading sub module "fbdevhw"
[    14.600] (II) LoadModule: "fbdevhw"
[    14.600] (II) Loading /usr/lib/xorg/modules/libfbdevhw.so
[    14.600] (II) Module fbdevhw: vendor="X.Org Foundation"
[    14.600] 	compiled for 1.19.6, module version = 0.0.2
[    14.600] 	ABI class: X.Org Video Driver, version 23.0
[    14.600] (**) FBDEV(1): claimed PCI slot 0@0:2:0
[    14.600] (II) FBDEV(1): using default device
[    14.600] (WW) Falling back to old probe method for vesa
[    14.600] (EE) Screen 0 deleted because of no matching config section.
[    14.600] (II) UnloadModule: "modesetting"
[    14.600] (II) FBDEV(0): Creating default Display subsection in Screen section
	"Default Screen Section" for depth/fbbpp 24/32
[    14.600] (==) FBDEV(0): Depth 24, (==) framebuffer bpp 32
[    14.600] (==) FBDEV(0): RGB weight 888
[    14.600] (==) FBDEV(0): Default visual is TrueColor
[    14.600] (==) FBDEV(0): Using gamma correction (1.0, 1.0, 1.0)
[    14.600] (II) FBDEV(0): hardware: EFI VGA (video memory: 8128kB)
[    14.600] (II) FBDEV(0): checking modes against framebuffer device...
[    14.600] (II) FBDEV(0): checking modes against monitor...
[    14.600] (--) FBDEV(0): Virtual size is 1920x1080 (pitch 1920)
[    14.600] (**) FBDEV(0):  Built-in mode "current": 207.4 MHz, 85.3 kHz, 77.2 Hz
[    14.600] (II) FBDEV(0): Modeline "current"x0.0  207.38  1920 1952 2192 2432  1080 1084 1088 1104 -hsync -vsync -csync (85.3 kHz b)
[    14.600] (==) FBDEV(0): DPI set to (96, 96)
[    14.600] (II) Loading sub module "fb"
[    14.600] (II) LoadModule: "fb"
[    14.600] (II) Loading /usr/lib/xorg/modules/libfb.so
[    14.601] (II) Module fb: vendor="X.Org Foundation"
[    14.601] 	compiled for 1.19.6, module version = 1.0.0
[    14.601] 	ABI class: X.Org ANSI C Emulation, version 0.4
[    14.601] (**) FBDEV(0): using shadow framebuffer
[    14.601] (II) Loading sub module "shadow"
[    14.601] (II) LoadModule: "shadow"
[    14.601] (II) Loading /usr/lib/xorg/modules/libshadow.so
[    14.601] (II) Module shadow: vendor="X.Org Foundation"
[    14.601] 	compiled for 1.19.6, module version = 1.1.0
[    14.601] 	ABI class: X.Org ANSI C Emulation, version 0.4
[    14.601] (II) UnloadModule: "vesa"
[    14.601] (II) Unloading vesa
[    14.601] (==) Depth 24 pixmap format is 32 bpp
[    14.601] (II) FBDEV(0): FBIOBLANK: Invalid argument (Screen blanking not supported by kernel - disabling)
[    14.603] (==) FBDEV(0): Backing store enabled
[    14.603] (==) FBDEV(0): DPMS enabled
[    14.604] (==) RandR enabled
[    14.606] (II) SELinux: Disabled on system
[    14.606] (II) AIGLX: Screen 0 is not DRI2 capable
[    14.606] (EE) AIGLX: reverting to software rendering
[    14.679] (II) IGLX: enabled GLX_MESA_copy_sub_buffer
[    14.679] (II) IGLX: Loaded and initialized swrast
[    14.679] (II) GLX: Initialized DRISWRAST GL provider for screen 0
[    14.709] (II) config/udev: Adding input device Power Button (/dev/input/event2)
[    14.709] (**) Power Button: Applying InputClass "libinput keyboard catchall"
[    14.709] (II) LoadModule: "libinput"
[    14.709] (II) Loading /usr/lib/xorg/modules/input/libinput_drv.so
[    14.710] (II) Module libinput: vendor="X.Org Foundation"
[    14.710] 	compiled for 1.19.6, module version = 0.27.1
[    14.710] 	Module class: X.Org XInput Driver
[    14.710] 	ABI class: X.Org XInput driver, version 24.1
[    14.710] (II) Using input driver 'libinput' for 'Power Button'
[    14.711] (II) systemd-logind: got fd for /dev/input/event2 13:66 fd 22 paused 0
[    14.711] (**) Power Button: always reports core events
[    14.711] (**) Option "Device" "/dev/input/event2"
[    14.711] (**) Option "_source" "server/udev"
[    14.711] (II) event2  - Power Button: is tagged by udev as: Keyboard
[    14.711] (II) event2  - Power Button: device is a keyboard
[    14.711] (II) event2  - Power Button: device removed
[    14.712] (**) Option "config_info" "udev:/sys/devices/LNXSYSTM:00/LNXPWRBN:00/input/input2/event2"
[    14.712] (II) XINPUT: Adding extended input device "Power Button" (type: KEYBOARD, id 6)
[    14.712] (**) Option "xkb_model" "pc105"
[    14.712] (**) Option "xkb_layout" "de"
[    14.725] (II) event2  - Power Button: is tagged by udev as: Keyboard
[    14.725] (II) event2  - Power Button: device is a keyboard
[    14.725] (II) config/udev: Adding input device Power Button (/dev/input/event1)
[    14.725] (**) Power Button: Applying InputClass "libinput keyboard catchall"
[    14.725] (II) Using input driver 'libinput' for 'Power Button'
[    14.726] (II) systemd-logind: got fd for /dev/input/event1 13:65 fd 25 paused 0
[    14.726] (**) Power Button: always reports core events
[    14.726] (**) Option "Device" "/dev/input/event1"
[    14.726] (**) Option "_source" "server/udev"
[    14.727] (II) event1  - Power Button: is tagged by udev as: Keyboard
[    14.727] (II) event1  - Power Button: device is a keyboard
[    14.727] (II) event1  - Power Button: device removed
[    14.727] (**) Option "config_info" "udev:/sys/devices/LNXSYSTM:00/LNXSYBUS:00/PNP0C0C:00/input/input1/event1"
[    14.727] (II) XINPUT: Adding extended input device "Power Button" (type: KEYBOARD, id 7)
[    14.727] (**) Option "xkb_model" "pc105"
[    14.727] (**) Option "xkb_layout" "de"
[    14.727] (II) event1  - Power Button: is tagged by udev as: Keyboard
[    14.727] (II) event1  - Power Button: device is a keyboard
[    14.728] (II) config/udev: Adding input device Lid Switch (/dev/input/event0)
[    14.728] (II) No input driver specified, ignoring this device.
[    14.728] (II) This device may have been added with another device file.
[    14.728] (II) config/udev: Adding input device AT Translated Set 2 keyboard (/dev/input/event3)
[    14.728] (**) AT Translated Set 2 keyboard: Applying InputClass "libinput keyboard catchall"
[    14.728] (II) Using input driver 'libinput' for 'AT Translated Set 2 keyboard'
[    14.729] (II) systemd-logind: got fd for /dev/input/event3 13:67 fd 26 paused 0
[    14.729] (**) AT Translated Set 2 keyboard: always reports core events
[    14.729] (**) Option "Device" "/dev/input/event3"
[    14.729] (**) Option "_source" "server/udev"
[    14.730] (II) event3  - AT Translated Set 2 keyboard: is tagged by udev as: Keyboard
[    14.730] (II) event3  - AT Translated Set 2 keyboard: device is a keyboard
[    14.730] (II) event3  - AT Translated Set 2 keyboard: device removed
[    14.730] (**) Option "config_info" "udev:/sys/devices/platform/i8042/serio0/input/input3/event3"
[    14.730] (II) XINPUT: Adding extended input device "AT Translated Set 2 keyboard" (type: KEYBOARD, id 8)
[    14.730] (**) Option "xkb_model" "pc105"
[    14.730] (**) Option "xkb_layout" "de"
[    14.730] (II) event3  - AT Translated Set 2 keyboard: is tagged by udev as: Keyboard
[    14.730] (II) event3  - AT Translated Set 2 keyboard: device is a keyboard
[    14.731] (II) config/udev: Adding input device SynPS/2 Synaptics TouchPad (/dev/input/event4)
[    14.731] (**) SynPS/2 Synaptics TouchPad: Applying InputClass "libinput touchpad catchall"
[    14.731] (II) Using input driver 'libinput' for 'SynPS/2 Synaptics TouchPad'
[    14.731] (II) systemd-logind: got fd for /dev/input/event4 13:68 fd 27 paused 0
[    14.731] (**) SynPS/2 Synaptics TouchPad: always reports core events
[    14.731] (**) Option "Device" "/dev/input/event4"
[    14.731] (**) Option "_source" "server/udev"
[    14.732] (II) event4  - SynPS/2 Synaptics TouchPad: is tagged by udev as: Touchpad
[    14.732] (II) event4  - SynPS/2 Synaptics TouchPad: no resolution or size hints, assuming a size of 69x50mm
[    14.732] (II) event4  - SynPS/2 Synaptics TouchPad: device is a touchpad
[    14.732] (II) event4  - SynPS/2 Synaptics TouchPad: device removed
[    14.732] (**) Option "config_info" "udev:/sys/devices/platform/i8042/serio1/input/input5/event4"
[    14.732] (II) XINPUT: Adding extended input device "SynPS/2 Synaptics TouchPad" (type: TOUCHPAD, id 9)
[    14.732] (**) Option "AccelerationScheme" "none"
[    14.732] (**) SynPS/2 Synaptics TouchPad: (accel) selected scheme none/0
[    14.732] (**) SynPS/2 Synaptics TouchPad: (accel) acceleration factor: 2.000
[    14.732] (**) SynPS/2 Synaptics TouchPad: (accel) acceleration threshold: 4
[    14.733] (II) event4  - SynPS/2 Synaptics TouchPad: is tagged by udev as: Touchpad
[    14.733] (II) event4  - SynPS/2 Synaptics TouchPad: no resolution or size hints, assuming a size of 69x50mm
[    14.733] (II) event4  - SynPS/2 Synaptics TouchPad: device is a touchpad
[    14.733] (II) config/udev: Adding input device SynPS/2 Synaptics TouchPad (/dev/input/mouse0)
[    14.733] (II) No input driver specified, ignoring this device.
[    14.734] (II) This device may have been added with another device file.
[    20.796] (**) Option "fd" "22"
[    20.796] (II) event2  - Power Button: device removed
[    20.796] (**) Option "fd" "25"
[    20.797] (II) event1  - Power Button: device removed
[    20.797] (**) Option "fd" "26"
[    20.797] (II) event3  - AT Translated Set 2 keyboard: device removed
[    20.797] (**) Option "fd" "27"
[    20.797] (II) event4  - SynPS/2 Synaptics TouchPad: device removed
[    20.798] (II) systemd-logind: got pause for 13:67
[    20.798] (II) systemd-logind: got pause for 13:66
[    20.798] (II) systemd-logind: got pause for 13:65
[    20.798] (II) systemd-logind: got pause for 13:68
[   211.635] (II) UnloadModule: "libinput"
[   211.635] (II) systemd-logind: releasing fd for 13:68
[   211.748] (II) UnloadModule: "libinput"
[   211.748] (II) systemd-logind: releasing fd for 13:67
[   211.824] (II) UnloadModule: "libinput"
[   211.824] (II) systemd-logind: releasing fd for 13:65
[   211.876] (II) UnloadModule: "libinput"
[   211.877] (II) systemd-logind: releasing fd for 13:66
[   211.916] (WW) xf86CloseConsole: KDSETMODE failed: Input/output error
[   211.916] (WW) xf86CloseConsole: VT_GETMODE failed: Input/output error
[   211.916] (WW) xf86CloseConsole: VT_ACTIVATE failed: Input/output error
[   211.917] (II) Server terminated successfully (0). Closing log file.
