[    0.000000] efi: EFI v2.40 by INSYDE Corp.
[    0.000000] efi: SMBIOS=0xc73fb000 ESRT=0xc747c918 ACPI 2.0=0xc7ffe014 RNG=0xc73f5718 
[    0.000000] efi: seeding entropy pool
[    0.000000] random: crng init done
[    0.000000] SMBIOS 2.8 present.
[    0.000000] DMI: FUJITSU LIFEBOOK T726/FJNB294, BIOS Version 1.13 05/09/2017
[    0.000000] tsc: Detected 2400.000 MHz processor
[    0.001117] e820: update [mem 0x00000000-0x00000fff] usable ==> reserved
[    0.001121] e820: remove [mem 0x000a0000-0x000fffff] usable
[    0.001139] last_pfn = 0x332800 max_arch_pfn = 0x400000000
[    0.001301] x86/PAT: Configuration [0-7]: WB  WC  UC- UC  WB  WP  UC- WT  
--
[    0.012852] esrt: Reserving ESRT space from 0x00000000c747c918 to 0x00000000c747c978.
[    0.012865] Using GB pages for direct mapping
[    0.013539] Secure boot disabled
[    0.013540] RAMDISK: [mem 0x78da8000-0x7fffffff]
[    0.013548] ACPI: Early table checksum verification disabled
[    0.013551] ACPI: RSDP 0x00000000C7FFE014 000024 (v02 FUJ   )
[    0.013557] ACPI: XSDT 0x00000000C7FFE120 0000C4 (v01 FUJ    PC       010D0000 FUJ  00000001)
[    0.013563] ACPI: FACP 0x00000000C7FF0000 0000F4 (v05 FUJ    PC       010D0000 FUJ  00000001)
[    0.013571] ACPI: DSDT 0x00000000C7FCB000 01FC38 (v02 FUJ    FJNB294  010D0000 FUJ  00000001)
[    0.013575] ACPI: FACS 0x00000000C7F7C000 000040
[    0.013579] ACPI: UEFI 0x00000000C7FFD000 000236 (v01 FUJ    PC       010D0000 FUJ  00000001)
[    0.013583] ACPI: UEFI 0x00000000C7FFC000 000042 (v01 FUJ    PC       010D0000 FUJ  00000001)
[    0.013587] ACPI: MSDM 0x00000000C7FFB000 000055 (v03 FUJ    PC       010D0000 FUJ  00000001)
[    0.013591] ACPI: SSDT 0x00000000C7FF5000 0051DB (v02 SaSsdt SaSsdt   00003000 INTL 20130117)
[    0.013595] ACPI: DBGP 0x00000000C7FF4000 000034 (v01 FUJ    PC       010D0000 FUJ  00000001)
[    0.013599] ACPI: DBG2 0x00000000C7FF3000 000061 (v00 FUJ    PC       010D0000 FUJ  00000001)
[    0.013603] ACPI: ASF! 0x00000000C7FF2000 0000A5 (v32 FUJ    PC       010D0000 FUJ  00000001)
[    0.013607] ACPI: ASPT 0x00000000C7FF1000 000034 (v07 FUJ    PC       010D0000 FUJ  00000001)
[    0.013611] ACPI: HPET 0x00000000C7FEF000 000038 (v01 FUJ    PC       010D0000 FUJ  00000001)
[    0.013615] ACPI: LPIT 0x00000000C7FEE000 000094 (v01 FUJ    PC       010D0000 FUJ  00000001)
[    0.013619] ACPI: APIC 0x00000000C7FED000 0000BC (v03 FUJ    PC       010D0000 FUJ  00000001)
[    0.013623] ACPI: MCFG 0x00000000C7FEC000 00003C (v01 FUJ    PC       010D0000 FUJ  00000001)
[    0.013627] ACPI: SSDT 0x00000000C7FCA000 0002D4 (v01 INSYDE H2O BIOS 00000000 ACPI 00040000)
[    0.013631] ACPI: SSDT 0x00000000C7FC9000 000B49 (v02 INSYDE H2O BIOS 00001000 ACPI 00040000)
[    0.013635] ACPI: SSDT 0x00000000C7FC8000 000F09 (v02 CpuRef CpuSsdt  00003000 INTL 20130117)
[    0.013640] ACPI: DMAR 0x00000000C7FC7000 0000A8 (v01 FUJ    PC       010D0000 FUJ  00000001)
[    0.013644] ACPI: FPDT 0x00000000C7FC6000 000044 (v01 FUJ    PC       010D0000 FUJ  00000001)
[    0.013648] ACPI: SLIC 0x00000000C7FEB000 000176 (v01 FUJ    PC       010D0000 FUJ  00000001)
[    0.013652] ACPI: BGRT 0x00000000C7FC5000 000038 (v01 FUJ    PC       010D0000 FUJ  00000001)
[    0.013655] ACPI: Reserving FACP table memory at [mem 0xc7ff0000-0xc7ff00f3]
[    0.013657] ACPI: Reserving DSDT table memory at [mem 0xc7fcb000-0xc7feac37]
[    0.013658] ACPI: Reserving FACS table memory at [mem 0xc7f7c000-0xc7f7c03f]
[    0.013659] ACPI: Reserving UEFI table memory at [mem 0xc7ffd000-0xc7ffd235]
[    0.013661] ACPI: Reserving UEFI table memory at [mem 0xc7ffc000-0xc7ffc041]
--
[    0.096333] DMAR: dmar1: reg_base_addr fed91000 ver 1:0 cap d2008c40660462 ecap f050da
[    0.096336] DMAR: RMRR base: 0x000000c7c7b000 end: 0x000000c7c9afff
[    0.096338] DMAR: RMRR base: 0x000000c9000000 end: 0x000000cb7fffff
[    0.096339] DMAR: [Firmware Bug]: No firmware reserved region can cover this RMRR [0x00000000c9000000-0x00000000cb7fffff], contact BIOS vendor for fixes
[    0.096341] DMAR: [Firmware Bug]: Your BIOS is broken; bad RMRR [0x00000000c9000000-0x00000000cb7fffff]
               BIOS vendor: FUJITSU // Insyde Software Corp.; Ver: Version 1.13; Product Version: 
[    0.096345] DMAR-IR: IOAPIC id 2 under DRHD base  0xfed91000 IOMMU 1
[    0.096347] DMAR-IR: HPET id 0 under DRHD base 0xfed91000
[    0.096348] DMAR-IR: x2apic is disabled because BIOS sets x2apic opt out bit.
[    0.096349] DMAR-IR: Use 'intremap=no_x2apic_optout' to override the BIOS setting.
[    0.097965] DMAR-IR: Enabled IRQ remapping in xapic mode
--
[    0.178341] ACPI: Added _OSI(Linux-Lenovo-NV-HDMI-Audio)
[    0.178341] ACPI: Added _OSI(Linux-HPI-Hybrid-Graphics)
[    0.241322] ACPI: 5 ACPI AML tables successfully acquired and loaded
[    0.245642] ACPI: [Firmware Bug]: BIOS _OSI(Linux) query ignored
[    0.246036] ACPI: Dynamic OEM Table Load:
[    0.246049] ACPI: SSDT 0xFFFF8F6300E64000 0004A9 (v02 FUJ    Win8Ssdt 00000001 INTL 20130117)
[    0.364298] ACPI: Dynamic OEM Table Load:
[    0.364298] ACPI: SSDT 0xFFFF8F6300E66800 00061E (v02 PmRef  Cpu0Ist  00003000 INTL 20130117)
[    0.366531] ACPI: \_PR_.CPU0: _OSC native thermal LVT Acked
[    0.368779] ACPI: Dynamic OEM Table Load:
[    0.368789] ACPI: SSDT 0xFFFF8F6301045C00 0003C8 (v02 PmRef  Cpu0Cst  00003001 INTL 20130117)
--
[    1.399350] Key type .fscrypt registered
[    1.399351] Key type fscrypt-provisioning registered
[    1.403231] Key type encrypted registered
[    1.403236] AppArmor: AppArmor sha1 policy hashing enabled
[    1.404541] integrity: Loading X.509 certificate: UEFI:db
[    1.404581] integrity: Loaded X.509 cert 'Microsoft Windows Production PCA 2011: a92902398e16c49778cd90f99e4f9ae17c55af53'
[    1.404582] integrity: Loading X.509 certificate: UEFI:db
[    1.404607] integrity: Loaded X.509 cert 'Microsoft Corporation UEFI CA 2011: 13adbf4309bd82709c8cd54f316ed522988a1bd4'
[    1.404608] integrity: Loading X.509 certificate: UEFI:db
[    1.404867] integrity: Loaded X.509 cert 'Fujitsu BIOS Secure Firmware Update Certificate: ed505b7af02e90984f12496213d48745'
[    1.404869] integrity: Loading X.509 certificate: UEFI:db
[    1.405042] integrity: Loaded X.509 cert 'Fujitsu BIOS DB Certificate: 2ebf8cd9b3324e874ef4e790ea6d1585'
[    1.405044] integrity: Loading X.509 certificate: UEFI:db
[    1.405229] integrity: Loaded X.509 cert 'Fujitsu Technology Solutions GmbH: DB: 9d8e0a4aa809435e7318cc863546eacfa37403e6'
[    1.407728] ima: No TPM chip found, activating TPM-bypass!
[    1.407732] Loading compiled-in module X.509 certificates
[    1.408315] Loaded X.509 cert 'Build time autogenerated kernel key: cb9b87c17a86409ad5de782db8b2aa4caf7dd2a3'
[    1.408319] ima: Allocated hash algorithm: sha1
[    1.408325] ima: No architecture policies found
--
[    2.203645] usb 1-2: Product: 2.4G Wireless Mouse
[    2.282646] mmc0: cannot verify signal voltage switch
[    2.336455] usb 1-3: new full-speed USB device number 3 using xhci_hcd
[    2.418300] mmc0: new ultra high speed SDR104 SDHC card at address 59b4
[    2.449001] ata2: SATA link down (SStatus 0 SControl 300)
[    2.491658] usb 1-3: New USB device found, idVendor=04f3, idProduct=227a, bcdDevice=14.12
[    2.491686] usb 1-3: New USB device strings: Mfr=4, Product=14, SerialNumber=0
[    2.491701] usb 1-3: Product: Touchscreen
[    2.491711] usb 1-3: Manufacturer: ELAN
[    2.610641] psmouse serio1: elantech: assuming hardware version 4 (with firmware version 0x470f01)
[    2.624478] usb 1-7: new full-speed USB device number 4 using xhci_hcd
[    2.637661] psmouse serio1: elantech: Synaptics capabilities query result 0x50, 0x12, 0x09.
[    2.664519] psmouse serio1: elantech: Elan sample query result 00, 2a, 86
[    2.765393] ata3: SATA link down (SStatus 0 SControl 300)
[    2.774790] usb 1-7: New USB device found, idVendor=8087, idProduct=0a2b, bcdDevice= 0.01
[    2.774825] usb 1-7: New USB device strings: Mfr=0, Product=0, SerialNumber=0
[    2.814447] e1000e 0000:00:1f.6 enp0s31f6: renamed from eth0
[    2.816932] hid: raw HID events driver (C) Jiri Kosina
[    2.820989] ish-hid {33AECD58-B679-4E54-9BD9-A04D34F0C226}: [hid-ish]: enum_devices_done OK, num_hid_devices=4
[    2.822137] mmcblk0: mmc0:59b4 GB2MW 29.8 GiB 
[    2.832731] input: ETPS/2 Elantech Touchpad as /devices/platform/i8042/serio1/input/input4
[    2.839257] hid-generic 001F:8086:0001.0001: hidraw0: SENSOR HUB HID v2.00 Device [hid-ishtp 8086:0001] on 
[    2.840725] hid-generic 001F:8086:8001.0002: hidraw1: SENSOR HUB HID v2.00 Device [hid-ishtp 8086:8001] on 
[    2.841550] hid-generic 001F:8086:0001.0003: hidraw2: SENSOR HUB HID v2.00 Device [hid-ishtp 8086:0001] on 
[    2.842341] hid-generic 001F:8086:8001.0004: hidraw3: SENSOR HUB HID v2.00 Device [hid-ishtp 8086:8001] on 
[    2.845018]  mmcblk0: p1
[    2.944304] usb 1-8: new full-speed USB device number 5 using xhci_hcd
[    3.094129] usb 1-8: New USB device found, idVendor=056a, idProduct=014e, bcdDevice= 2.33
[    3.094135] usb 1-8: New USB device strings: Mfr=1, Product=2, SerialNumber=0
[    3.094139] usb 1-8: Product: ISD-V4
[    3.094141] usb 1-8: Manufacturer: Tablet
[    3.154596] checking generic (d0000000 408000) vs hw (e0000000 1000000)
[    3.154600] checking generic (d0000000 408000) vs hw (d0000000 10000000)
--
[    3.754238] usb 1-10: Product: FJ Camera
[    3.754249] usb 1-10: Manufacturer: Chicony Electronics Co.,Ltd.
[    3.754259] usb 1-10: SerialNumber: 0x0001
[    3.784645] input: 2.4G Wireless Mouse as /devices/pci0000:00/0000:00:14.0/usb1/1-2/1-2:1.0/0003:3938:1191.0005/input/input6
[    3.784792] input: 2.4G Wireless Mouse as /devices/pci0000:00/0000:00:14.0/usb1/1-2/1-2:1.0/0003:3938:1191.0005/input/input7
[    3.785109] hid-generic 0003:3938:1191.0005: input,hiddev0,hidraw0: USB HID v1.10 Mouse [2.4G Wireless Mouse] on usb-0000:00:14.0-2/input0
[    3.795513] input: ELAN Touchscreen as /devices/pci0000:00/0000:00:14.0/usb1/1-3/1-3:1.0/0003:04F3:227A.0006/input/input8
[    3.796393] input: ELAN Touchscreen as /devices/pci0000:00/0000:00:14.0/usb1/1-3/1-3:1.0/0003:04F3:227A.0006/input/input9
[    3.797075] input: ELAN Touchscreen as /devices/pci0000:00/0000:00:14.0/usb1/1-3/1-3:1.0/0003:04F3:227A.0006/input/input10
[    3.798165] hid-generic 0003:04F3:227A.0006: input,hiddev1,hidraw1: USB HID v1.10 Device [ELAN Touchscreen] on usb-0000:00:14.0-3/input0
[    3.803796] input: Tablet ISD-V4 Mouse as /devices/pci0000:00/0000:00:14.0/usb1/1-8/1-8:1.0/0003:056A:014E.0007/input/input12
[    3.804741] input: Tablet ISD-V4 Stylus as /devices/pci0000:00/0000:00:14.0/usb1/1-8/1-8:1.0/0003:056A:014E.0007/input/input13
[    3.805310] input: Tablet ISD-V4 as /devices/pci0000:00/0000:00:14.0/usb1/1-8/1-8:1.0/0003:056A:014E.0007/input/input14
[    3.806631] hid-generic 0003:056A:014E.0007: input,hiddev2,hidraw2: USB HID v1.10 Mouse [Tablet ISD-V4] on usb-0000:00:14.0-8/input0
[    3.806906] usbcore: registered new interface driver usbhid
[    3.806921] usbhid: USB HID core driver
[    3.849610] usb 1-9.1: New USB device found, idVendor=0b97, idProduct=7761, bcdDevice= 1.10
[    3.849615] usb 1-9.1: New USB device strings: Mfr=0, Product=0, SerialNumber=0
[    3.853408] hub 1-9.1:1.0: USB hub found
[    3.853576] hub 1-9.1:1.0: 4 ports detected
[    3.936560] usb 1-9.2: new full-speed USB device number 9 using xhci_hcd
[    3.955001] input: Wacom ISD-V4 Pen as /devices/pci0000:00/0000:00:14.0/usb1/1-8/1-8:1.0/0003:056A:014E.0007/input/input16
[    3.955621] wacom 0003:056A:014E.0007: hidraw2: USB HID v1.10 Mouse [Tablet ISD-V4] on usb-0000:00:14.0-8/input0
[    4.043979] usb 1-9.2: New USB device found, idVendor=138a, idProduct=0011, bcdDevice= 0.78
[    4.044007] usb 1-9.2: New USB device strings: Mfr=0, Product=0, SerialNumber=1
[    4.044022] usb 1-9.2: SerialNumber: 5b022a779702
[    4.148524] usb 1-9.1.2: new full-speed USB device number 10 using xhci_hcd
[    4.250401] usb 1-9.1.2: New USB device found, idVendor=0b97, idProduct=7772, bcdDevice= 1.10
--
[    6.429576] loop1: detected capacity change from 0 to 126888
[    6.429742] loop2: detected capacity change from 0 to 59584
[    6.436774] loop3: detected capacity change from 0 to 98288
[    6.442165] loop4: detected capacity change from 0 to 59760
[    6.447357] loop5: detected capacity change from 0 to 98272
[    6.990422] fujitsu_tablet: Fujitsu Siemens P/T Series
[    6.990537] input: Fujitsu FUJ02BF as /devices/LNXSYSTM:00/LNXSYBUS:00/PNP0A08:00/device:18/FUJ02BF:00/input/input19
[    6.998354] fujitsu_laptop: ACPI: Fujitsu FUJ02E3 [FEXT]
[    7.004659] ACPI: \_SB_.FEXT: BTNI: [0x0]
[    7.009842] input: Fujitsu FUJ02E3 as /devices/LNXSYSTM:00/LNXSYBUS:00/FUJ02E3:00/input/input20
[    7.050595] fujitsu_laptop: driver 0.6.0 successfully loaded
[    7.196683] mc: Linux media interface: v0.10
[    7.223355] Bluetooth: Core ver 2.22
[    7.223377] NET: Registered PF_BLUETOOTH protocol family
[    7.223378] Bluetooth: HCI device and connection manager initialized
[    7.223382] Bluetooth: HCI socket layer initialized
--
[    7.285924] io scheduler bfq registered
[    7.303567] ee1004 0-0050: 512 byte EE1004-compliant SPD EEPROM, read-only
[    7.350165] usb 1-10: Found UVC 1.00 device FJ Camera (04f2:b3b4)
[    7.366918] pstore: Using crash dump compression: deflate
[    7.366937] pstore: Registered efi as persistent store backend
[    7.367532] input: ELAN Touchscreen as /devices/pci0000:00/0000:00:14.0/usb1/1-3/1-3:1.0/0003:04F3:227A.0006/input/input21
[    7.371926] input: FJ Camera: FJ Camera as /devices/pci0000:00/0000:00:14.0/usb1/1-10/1-10:1.0/input/input25
[    7.374698] input: ELAN Touchscreen UNKNOWN as /devices/pci0000:00/0000:00:14.0/usb1/1-3/1-3:1.0/0003:04F3:227A.0006/input/input22
[    7.375217] usbcore: registered new interface driver uvcvideo
[    7.375224] input: ELAN Touchscreen UNKNOWN as /devices/pci0000:00/0000:00:14.0/usb1/1-3/1-3:1.0/0003:04F3:227A.0006/input/input23
[    7.404573] cfg80211: Loading compiled-in X.509 certificates for regulatory database
[    7.404838] Bluetooth: hci0: Firmware revision 0.0 build 14 week 44 2021
[    7.404893] cfg80211: Loaded X.509 cert 'sforshee: 00b28ddf47aef9cea7'
[    7.405155] usbcore: registered new interface driver btusb
[    7.410945] RAPL PMU: API unit is 2^-32 Joules, 4 fixed counters, 655360 ms ovfl timer
[    7.410950] RAPL PMU: hw unit of domain pp0-core 2^-14 Joules
[    7.410951] RAPL PMU: hw unit of domain package 2^-14 Joules
[    7.410952] RAPL PMU: hw unit of domain dram 2^-14 Joules
[    7.410954] RAPL PMU: hw unit of domain pp1-gpu 2^-14 Joules
[    7.416087] hid-multitouch 0003:04F3:227A.0006: input,hiddev1,hidraw1: USB HID v1.10 Device [ELAN Touchscreen] on usb-0000:00:14.0-3/input0
[    7.515629] rcu: INFO: rcu_preempt detected expedited stalls on CPUs/tasks: { 3-... } 6 jiffies s: 41 USERNAME: 0x8/.
[    7.515641] rcu: blocking rcu_node structures (internal RCU debug):
[    7.515644] Task dump for CPU 3:
[    7.515646] task:systemd-udevd   state:R  running task     stack:    0 pid:  446 ppid:   406 flags:0x0000400a
[    7.515653] Call Trace:
