Oct 14 20:11:37 HOSTNAME /usr/libexec/gdm-x-session[1040]: (--) Log file renamed from "/home/wjs3/.local/share/xorg/Xorg.pid-1040.log" to "/home/wjs3/.local/share/xorg/Xorg.0.log"
Oct 14 20:11:37 HOSTNAME /usr/libexec/gdm-x-session[1040]: X.Org X Server 1.21.1.3
Oct 14 20:11:37 HOSTNAME /usr/libexec/gdm-x-session[1040]: X Protocol Version 11, Revision 0
Oct 14 20:11:37 HOSTNAME /usr/libexec/gdm-x-session[1040]: Current Operating System: Linux HOSTNAME 5.19.0-76051900-generic #202207312230~1663791054~22.04~28340d4 SMP PREEMPT_DYNAMIC Wed S x86_64
Oct 14 20:11:37 HOSTNAME /usr/libexec/gdm-x-session[1040]: Kernel command line: initrd=\EFI\Pop_OS-717064e5-422c-4240-af5e-910c60c48a7c\initrd.img USERNAME=UUID=717064e5-422c-4240-af5e-910c60c48a7c ro quiet loglevel=0 systemd.show_status=false splash i8042.reset i8042.nomux i8042.nopnp i8042.noloop
Oct 14 20:11:37 HOSTNAME /usr/libexec/gdm-x-session[1040]: xorg-server 2:21.1.3-2ubuntu2.1 (For technical support please see http://www.ubuntu.com/support)
Oct 14 20:11:37 HOSTNAME /usr/libexec/gdm-x-session[1040]: Current version of pixman: 0.40.0
Oct 14 20:11:37 HOSTNAME /usr/libexec/gdm-x-session[1040]:         Before reporting problems, check http://wiki.x.org
Oct 14 20:11:37 HOSTNAME /usr/libexec/gdm-x-session[1040]:         to make sure that you have the latest version.
Oct 14 20:11:37 HOSTNAME /usr/libexec/gdm-x-session[1040]: Markers: (--) probed, (**) from config file, (==) default setting,
Oct 14 20:11:37 HOSTNAME /usr/libexec/gdm-x-session[1040]:         (++) from command line, (!!) notice, (II) informational,
Oct 14 20:11:37 HOSTNAME /usr/libexec/gdm-x-session[1040]:         (WW) warning, (EE) error, (NI) not implemented, (??) unknown.
Oct 14 20:11:37 HOSTNAME /usr/libexec/gdm-x-session[1040]: (==) Log file: "/home/wjs3/.local/share/xorg/Xorg.0.log", Time: Fri Oct 14 20:11:37 2022
Oct 14 20:11:37 HOSTNAME /usr/libexec/gdm-x-session[1040]: (==) Using system config directory "/usr/share/X11/xorg.conf.d"
Oct 14 20:11:37 HOSTNAME /usr/libexec/gdm-x-session[1040]: (==) No Layout section.  Using the first Screen section.
Oct 14 20:11:37 HOSTNAME /usr/libexec/gdm-x-session[1040]: (==) No screen section available. Using defaults.
Oct 14 20:11:37 HOSTNAME /usr/libexec/gdm-x-session[1040]: (**) |-->Screen "Default Screen Section" (0)
Oct 14 20:11:37 HOSTNAME /usr/libexec/gdm-x-session[1040]: (**) |   |-->Monitor "<default monitor>"
Oct 14 20:11:37 HOSTNAME /usr/libexec/gdm-x-session[1040]: (==) No monitor specified for screen "Default Screen Section".
Oct 14 20:11:37 HOSTNAME /usr/libexec/gdm-x-session[1040]:         Using a default monitor configuration.
Oct 14 20:11:37 HOSTNAME /usr/libexec/gdm-x-session[1040]: (**) Option "BlankTime" "0"
Oct 14 20:11:37 HOSTNAME /usr/libexec/gdm-x-session[1040]: (**) Option "StandbyTime" "0"
Oct 14 20:11:37 HOSTNAME /usr/libexec/gdm-x-session[1040]: (**) Option "SuspendTime" "0"
Oct 14 20:11:37 HOSTNAME /usr/libexec/gdm-x-session[1040]: (**) Option "OffTime" "0"
Oct 14 20:11:37 HOSTNAME /usr/libexec/gdm-x-session[1040]: (==) Automatically adding devices
Oct 14 20:11:37 HOSTNAME /usr/libexec/gdm-x-session[1040]: (==) Automatically enabling devices
Oct 14 20:11:37 HOSTNAME /usr/libexec/gdm-x-session[1040]: (==) Automatically adding GPU devices
Oct 14 20:11:37 HOSTNAME /usr/libexec/gdm-x-session[1040]: (==) Automatically binding GPU devices
Oct 14 20:11:37 HOSTNAME /usr/libexec/gdm-x-session[1040]: (==) Max clients allowed: 256, resource mask: 0x1fffff
Oct 14 20:11:37 HOSTNAME /usr/libexec/gdm-x-session[1040]: (WW) The directory "/usr/share/fonts/X11/cyrillic" does not exist.
Oct 14 20:11:37 HOSTNAME /usr/libexec/gdm-x-session[1040]:         Entry deleted from font path.
Oct 14 20:11:37 HOSTNAME /usr/libexec/gdm-x-session[1040]: (WW) The directory "/usr/share/fonts/X11/100dpi/" does not exist.
Oct 14 20:11:37 HOSTNAME /usr/libexec/gdm-x-session[1040]:         Entry deleted from font path.
Oct 14 20:11:37 HOSTNAME /usr/libexec/gdm-x-session[1040]: (WW) The directory "/usr/share/fonts/X11/75dpi/" does not exist.
Oct 14 20:11:37 HOSTNAME /usr/libexec/gdm-x-session[1040]:         Entry deleted from font path.
Oct 14 20:11:37 HOSTNAME /usr/libexec/gdm-x-session[1040]: (WW) The directory "/usr/share/fonts/X11/100dpi" does not exist.
Oct 14 20:11:37 HOSTNAME /usr/libexec/gdm-x-session[1040]:         Entry deleted from font path.
Oct 14 20:11:37 HOSTNAME /usr/libexec/gdm-x-session[1040]: (WW) The directory "/usr/share/fonts/X11/75dpi" does not exist.
Oct 14 20:11:37 HOSTNAME /usr/libexec/gdm-x-session[1040]:         Entry deleted from font path.
Oct 14 20:11:37 HOSTNAME /usr/libexec/gdm-x-session[1040]: (==) FontPath set to:
Oct 14 20:11:37 HOSTNAME /usr/libexec/gdm-x-session[1040]:         /usr/share/fonts/X11/misc,
Oct 14 20:11:37 HOSTNAME /usr/libexec/gdm-x-session[1040]:         /usr/share/fonts/X11/Type1,
Oct 14 20:11:37 HOSTNAME /usr/libexec/gdm-x-session[1040]:         built-ins
Oct 14 20:11:37 HOSTNAME /usr/libexec/gdm-x-session[1040]: (==) ModulePath set to "/usr/lib/xorg/modules"
Oct 14 20:11:37 HOSTNAME /usr/libexec/gdm-x-session[1040]: (II) The server relies on udev to provide the list of input devices.
Oct 14 20:11:37 HOSTNAME /usr/libexec/gdm-x-session[1040]:         If no devices become available, reconfigure udev or disable AutoAddDevices.
Oct 14 20:11:37 HOSTNAME /usr/libexec/gdm-x-session[1040]: (II) Loader magic: 0x559f18067020
Oct 14 20:11:37 HOSTNAME /usr/libexec/gdm-x-session[1040]: (II) Module ABI versions:
Oct 14 20:11:37 HOSTNAME /usr/libexec/gdm-x-session[1040]:         X.Org ANSI C Emulation: 0.4
Oct 14 20:11:37 HOSTNAME /usr/libexec/gdm-x-session[1040]:         X.Org Video Driver: 25.2
Oct 14 20:11:37 HOSTNAME /usr/libexec/gdm-x-session[1040]:         X.Org XInput driver : 24.4
Oct 14 20:11:37 HOSTNAME /usr/libexec/gdm-x-session[1040]:         X.Org Server Extension : 10.0
Oct 14 20:11:37 HOSTNAME /usr/libexec/gdm-x-session[1040]: (++) using VT number 2
Oct 14 20:11:37 HOSTNAME /usr/libexec/gdm-x-session[1040]: (II) systemd-logind: took control of session /org/freedesktop/login1/session/_31
Oct 14 20:11:37 HOSTNAME /usr/libexec/gdm-x-session[1040]: (II) xfree86: Adding drm device (/dev/dri/card0)
Oct 14 20:11:37 HOSTNAME /usr/libexec/gdm-x-session[1040]: (II) Platform probe for /sys/devices/pci0000:00/0000:00:02.0/drm/card0
Oct 14 20:11:37 HOSTNAME /usr/libexec/gdm-x-session[1040]: (II) systemd-logind: got fd for /dev/dri/card0 226:0 fd 14 paused 0
Oct 14 20:11:37 HOSTNAME /usr/libexec/gdm-x-session[1040]: (--) PCI:*(0@0:2:0) 8086:1916:10cf:18d3 rev 7, Mem @ 0xe0000000/16777216, 0xd0000000/268435456, I/O @ 0x00003000/64, BIOS @ 0x????????/131072
Oct 14 20:11:37 HOSTNAME /usr/libexec/gdm-x-session[1040]: (II) LoadModule: "glx"
Oct 14 20:11:37 HOSTNAME /usr/libexec/gdm-x-session[1040]: (II) Loading /usr/lib/xorg/modules/extensions/libglx.so
Oct 14 20:11:37 HOSTNAME /usr/libexec/gdm-x-session[1040]: (II) Module glx: vendor="X.Org Foundation"
Oct 14 20:11:37 HOSTNAME /usr/libexec/gdm-x-session[1040]:         compiled for 1.21.1.3, module version = 1.0.0
Oct 14 20:11:37 HOSTNAME /usr/libexec/gdm-x-session[1040]:         ABI class: X.Org Server Extension, version 10.0
Oct 14 20:11:37 HOSTNAME /usr/libexec/gdm-x-session[1040]: (==) Matched modesetting as autoconfigured driver 0
Oct 14 20:11:37 HOSTNAME /usr/libexec/gdm-x-session[1040]: (==) Matched fbdev as autoconfigured driver 1
Oct 14 20:11:37 HOSTNAME /usr/libexec/gdm-x-session[1040]: (==) Matched vesa as autoconfigured driver 2
Oct 14 20:11:37 HOSTNAME /usr/libexec/gdm-x-session[1040]: (==) Assigned the driver to the xf86ConfigLayout
Oct 14 20:11:37 HOSTNAME /usr/libexec/gdm-x-session[1040]: (II) LoadModule: "modesetting"
Oct 14 20:11:37 HOSTNAME /usr/libexec/gdm-x-session[1040]: (II) Loading /usr/lib/xorg/modules/drivers/modesetting_drv.so
Oct 14 20:11:37 HOSTNAME /usr/libexec/gdm-x-session[1040]: (II) Module modesetting: vendor="X.Org Foundation"
Oct 14 20:11:37 HOSTNAME /usr/libexec/gdm-x-session[1040]:         compiled for 1.21.1.3, module version = 1.21.1
Oct 14 20:11:37 HOSTNAME /usr/libexec/gdm-x-session[1040]:         Module class: X.Org Video Driver
Oct 14 20:11:37 HOSTNAME /usr/libexec/gdm-x-session[1040]:         ABI class: X.Org Video Driver, version 25.2
Oct 14 20:11:37 HOSTNAME /usr/libexec/gdm-x-session[1040]: (II) LoadModule: "fbdev"
Oct 14 20:11:37 HOSTNAME /usr/libexec/gdm-x-session[1040]: (II) Loading /usr/lib/xorg/modules/drivers/fbdev_drv.so
Oct 14 20:11:37 HOSTNAME /usr/libexec/gdm-x-session[1040]: (II) Module fbdev: vendor="X.Org Foundation"
Oct 14 20:11:37 HOSTNAME /usr/libexec/gdm-x-session[1040]:         compiled for 1.21.1.3, module version = 0.5.0
Oct 14 20:11:37 HOSTNAME /usr/libexec/gdm-x-session[1040]:         Module class: X.Org Video Driver
Oct 14 20:11:37 HOSTNAME /usr/libexec/gdm-x-session[1040]:         ABI class: X.Org Video Driver, version 25.2
Oct 14 20:11:37 HOSTNAME /usr/libexec/gdm-x-session[1040]: (II) LoadModule: "vesa"
Oct 14 20:11:37 HOSTNAME /usr/libexec/gdm-x-session[1040]: (II) Loading /usr/lib/xorg/modules/drivers/vesa_drv.so
Oct 14 20:11:37 HOSTNAME /usr/libexec/gdm-x-session[1040]: (II) Module vesa: vendor="X.Org Foundation"
Oct 14 20:11:37 HOSTNAME /usr/libexec/gdm-x-session[1040]:         compiled for 1.21.1.3, module version = 2.5.0
Oct 14 20:11:37 HOSTNAME /usr/libexec/gdm-x-session[1040]:         Module class: X.Org Video Driver
Oct 14 20:11:37 HOSTNAME /usr/libexec/gdm-x-session[1040]:         ABI class: X.Org Video Driver, version 25.2
Oct 14 20:11:37 HOSTNAME /usr/libexec/gdm-x-session[1040]: (II) modesetting: Driver for Modesetting Kernel Drivers: kms
Oct 14 20:11:37 HOSTNAME /usr/libexec/gdm-x-session[1040]: (II) FBDEV: driver for framebuffer: fbdev
Oct 14 20:11:37 HOSTNAME /usr/libexec/gdm-x-session[1040]: (II) VESA: driver for VESA chipsets: vesa
Oct 14 20:11:37 HOSTNAME /usr/libexec/gdm-x-session[1040]: xf86EnableIO: failed to enable I/O ports 0000-03ff (Operation not permitted)
Oct 14 20:11:37 HOSTNAME /usr/libexec/gdm-x-session[1040]: (II) modeset(0): using drv /dev/dri/card0
Oct 14 20:11:37 HOSTNAME /usr/libexec/gdm-x-session[1040]: (WW) Falling back to old probe method for fbdev
Oct 14 20:11:37 HOSTNAME /usr/libexec/gdm-x-session[1040]: (II) Loading sub module "fbdevhw"
Oct 14 20:11:37 HOSTNAME /usr/libexec/gdm-x-session[1040]: (II) LoadModule: "fbdevhw"
Oct 14 20:11:37 HOSTNAME /usr/libexec/gdm-x-session[1040]: (II) Loading /usr/lib/xorg/modules/libfbdevhw.so
Oct 14 20:11:37 HOSTNAME /usr/libexec/gdm-x-session[1040]: (II) Module fbdevhw: vendor="X.Org Foundation"
Oct 14 20:11:37 HOSTNAME /usr/libexec/gdm-x-session[1040]:         compiled for 1.21.1.3, module version = 0.0.2
Oct 14 20:11:37 HOSTNAME /usr/libexec/gdm-x-session[1040]:         ABI class: X.Org Video Driver, version 25.2
Oct 14 20:11:37 HOSTNAME /usr/libexec/gdm-x-session[1040]: (EE) open /dev/fb0: Permission denied
Oct 14 20:11:37 HOSTNAME /usr/libexec/gdm-x-session[1040]: (WW) VGA arbiter: cannot open kernel arbiter, no multi-card support
Oct 14 20:11:37 HOSTNAME /usr/libexec/gdm-x-session[1040]: (II) modeset(0): Creating default Display subsection in Screen section
Oct 14 20:11:37 HOSTNAME /usr/libexec/gdm-x-session[1040]:         "Default Screen Section" for depth/fbbpp 24/32
Oct 14 20:11:37 HOSTNAME /usr/libexec/gdm-x-session[1040]: (==) modeset(0): Depth 24, (==) framebuffer bpp 32
Oct 14 20:11:37 HOSTNAME /usr/libexec/gdm-x-session[1040]: (==) modeset(0): RGB weight 888
Oct 14 20:11:37 HOSTNAME /usr/libexec/gdm-x-session[1040]: (==) modeset(0): Default visual is TrueColor
Oct 14 20:11:37 HOSTNAME /usr/libexec/gdm-x-session[1040]: (II) Loading sub module "glamoregl"
Oct 14 20:11:37 HOSTNAME /usr/libexec/gdm-x-session[1040]: (II) LoadModule: "glamoregl"
Oct 14 20:11:37 HOSTNAME /usr/libexec/gdm-x-session[1040]: (II) Loading /usr/lib/xorg/modules/libglamoregl.so
Oct 14 20:11:37 HOSTNAME /usr/libexec/gdm-x-session[1040]: (II) Module glamoregl: vendor="X.Org Foundation"
Oct 14 20:11:37 HOSTNAME /usr/libexec/gdm-x-session[1040]:         compiled for 1.21.1.3, module version = 1.0.1
Oct 14 20:11:37 HOSTNAME /usr/libexec/gdm-x-session[1040]:         ABI class: X.Org ANSI C Emulation, version 0.4
Oct 14 20:11:38 HOSTNAME /usr/libexec/gdm-x-session[1040]: (II) modeset(0): glamor X acceleration enabled on Mesa Intel(R) HD Graphics 520 (SKL GT2)
Oct 14 20:11:38 HOSTNAME /usr/libexec/gdm-x-session[1040]: (II) modeset(0): glamor initialized
Oct 14 20:11:38 HOSTNAME /usr/libexec/gdm-x-session[1040]: (==) modeset(0): VariableRefresh: disabled
Oct 14 20:11:38 HOSTNAME /usr/libexec/gdm-x-session[1040]: (==) modeset(0): AsyncFlipSecondaries: disabled
Oct 14 20:11:38 HOSTNAME /usr/libexec/gdm-x-session[1040]: (II) modeset(0): Output eDP-1 has no monitor section
Oct 14 20:11:38 HOSTNAME /usr/libexec/gdm-x-session[1040]: (II) modeset(0): Output DP-1 has no monitor section
Oct 14 20:11:38 HOSTNAME /usr/libexec/gdm-x-session[1040]: (II) modeset(0): Output HDMI-1 has no monitor section
Oct 14 20:11:38 HOSTNAME /usr/libexec/gdm-x-session[1040]: (II) modeset(0): Output DP-2 has no monitor section
Oct 14 20:11:38 HOSTNAME /usr/libexec/gdm-x-session[1040]: (II) modeset(0): Output HDMI-2 has no monitor section
Oct 14 20:11:38 HOSTNAME /usr/libexec/gdm-x-session[1040]: (II) modeset(0): EDID for output eDP-1
Oct 14 20:11:38 HOSTNAME /usr/libexec/gdm-x-session[1040]: (II) modeset(0): Printing probed modes for output eDP-1
Oct 14 20:11:38 HOSTNAME /usr/libexec/gdm-x-session[1040]: (II) modeset(0): Modeline "1366x768"x60.0   74.60  1366 1414 1446 1568  768 770 775 793 -hsync -vsync (47.6 kHz eP)
Oct 14 20:11:38 HOSTNAME /usr/libexec/gdm-x-session[1040]: (II) modeset(0): Modeline "1360x768"x59.8   84.75  1360 1432 1568 1776  768 771 781 798 -hsync +vsync (47.7 kHz d)
Oct 14 20:11:38 HOSTNAME /usr/libexec/gdm-x-session[1040]: (II) modeset(0): Modeline "1360x768"x60.0   72.00  1360 1408 1440 1520  768 771 781 790 +hsync -vsync (47.4 kHz d)
Oct 14 20:11:38 HOSTNAME /usr/libexec/gdm-x-session[1040]: (II) modeset(0): Modeline "1280x720"x120.0  156.12  1280 1376 1512 1744  720 721 724 746 doublescan -hsync +vsync (89.5 kHz d)
Oct 14 20:11:38 HOSTNAME /usr/libexec/gdm-x-session[1040]: (II) modeset(0): Modeline "1280x720"x120.0  120.75  1280 1304 1320 1360  720 721 724 740 doublescan +hsync -vsync (88.8 kHz d)
Oct 14 20:11:38 HOSTNAME /usr/libexec/gdm-x-session[1040]: (II) modeset(0): Modeline "1280x720"x59.9   74.50  1280 1344 1472 1664  720 723 728 748 -hsync +vsync (44.8 kHz d)
Oct 14 20:11:38 HOSTNAME /usr/libexec/gdm-x-session[1040]: (II) modeset(0): Modeline "1280x720"x59.7   63.75  1280 1328 1360 1440  720 723 728 741 +hsync -vsync (44.3 kHz d)
Oct 14 20:11:38 HOSTNAME /usr/libexec/gdm-x-session[1040]: (II) modeset(0): Modeline "1024x768"x120.1  133.47  1024 1100 1212 1400  768 768 770 794 doublescan -hsync +vsync (95.3 kHz d)
Oct 14 20:11:38 HOSTNAME /usr/libexec/gdm-x-session[1040]: (II) modeset(0): Modeline "1024x768"x60.0   65.00  1024 1048 1184 1344  768 771 777 806 -hsync -vsync (48.4 kHz d)
Oct 14 20:11:38 HOSTNAME /usr/libexec/gdm-x-session[1040]: (II) modeset(0): Modeline "960x720"x120.0  117.00  960 1024 1128 1300  720 720 722 750 doublescan -hsync +vsync (90.0 kHz d)
Oct 14 20:11:38 HOSTNAME /usr/libexec/gdm-x-session[1040]: (II) modeset(0): Modeline "928x696"x120.1  109.15  928 976 1088 1264  696 696 698 719 doublescan -hsync +vsync (86.4 kHz d)
Oct 14 20:11:38 HOSTNAME /usr/libexec/gdm-x-session[1040]: (II) modeset(0): Modeline "896x672"x120.0  102.40  896 960 1060 1224  672 672 674 697 doublescan -hsync +vsync (83.7 kHz d)
Oct 14 20:11:38 HOSTNAME /usr/libexec/gdm-x-session[1040]: (II) modeset(0): Modeline "1024x576"x119.9   98.50  1024 1092 1200 1376  576 577 580 597 doublescan -hsync +vsync (71.6 kHz d)
Oct 14 20:11:38 HOSTNAME /usr/libexec/gdm-x-session[1040]: (II) modeset(0): Modeline "1024x576"x119.9   78.38  1024 1048 1064 1104  576 577 580 592 doublescan +hsync -vsync (71.0 kHz d)
Oct 14 20:11:38 HOSTNAME /usr/libexec/gdm-x-session[1040]: (II) modeset(0): Modeline "1024x576"x59.9   46.50  1024 1064 1160 1296  576 579 584 599 -hsync +vsync (35.9 kHz d)
Oct 14 20:11:38 HOSTNAME /usr/libexec/gdm-x-session[1040]: (II) modeset(0): Modeline "1024x576"x59.8   42.00  1024 1072 1104 1184  576 579 584 593 +hsync -vsync (35.5 kHz d)
Oct 14 20:11:38 HOSTNAME /usr/libexec/gdm-x-session[1040]: (II) modeset(0): Modeline "960x600"x119.9   96.62  960 1028 1128 1296  600 601 604 622 doublescan -hsync +vsync (74.6 kHz d)
Oct 14 20:11:38 HOSTNAME /usr/libexec/gdm-x-session[1040]: (II) modeset(0): Modeline "960x600"x120.0   77.00  960 984 1000 1040  600 601 604 617 doublescan +hsync -vsync (74.0 kHz d)
Oct 14 20:11:38 HOSTNAME /usr/libexec/gdm-x-session[1040]: (II) modeset(0): Modeline "960x540"x119.9   86.50  960 1024 1124 1288  540 541 544 560 doublescan -hsync +vsync (67.2 kHz d)
Oct 14 20:11:38 HOSTNAME /usr/libexec/gdm-x-session[1040]: (II) modeset(0): Modeline "960x540"x120.0   69.25  960 984 1000 1040  540 541 544 555 doublescan +hsync -vsync (66.6 kHz d)
Oct 14 20:11:38 HOSTNAME /usr/libexec/gdm-x-session[1040]: (II) modeset(0): Modeline "960x540"x59.6   40.75  960 992 1088 1216  540 543 548 562 -hsync +vsync (33.5 kHz d)
Oct 14 20:11:38 HOSTNAME /usr/libexec/gdm-x-session[1040]: (II) modeset(0): Modeline "960x540"x59.8   37.25  960 1008 1040 1120  540 543 548 556 +hsync -vsync (33.3 kHz d)
Oct 14 20:11:38 HOSTNAME /usr/libexec/gdm-x-session[1040]: (II) modeset(0): Modeline "800x600"x120.0   81.00  800 832 928 1080  600 600 602 625 doublescan +hsync +vsync (75.0 kHz d)
Oct 14 20:11:38 HOSTNAME /usr/libexec/gdm-x-session[1040]: (II) modeset(0): Modeline "800x600"x60.3   40.00  800 840 968 1056  600 601 605 628 +hsync +vsync (37.9 kHz d)
Oct 14 20:11:38 HOSTNAME /usr/libexec/gdm-x-session[1040]: (II) modeset(0): Modeline "800x600"x56.2   36.00  800 824 896 1024  600 601 603 625 +hsync +vsync (35.2 kHz d)
Oct 14 20:11:38 HOSTNAME /usr/libexec/gdm-x-session[1040]: (II) modeset(0): Modeline "840x525"x120.0   73.12  840 892 980 1120  525 526 529 544 doublescan -hsync +vsync (65.3 kHz d)
Oct 14 20:11:38 HOSTNAME /usr/libexec/gdm-x-session[1040]: (II) modeset(0): Modeline "840x525"x119.8   59.50  840 864 880 920  525 526 529 540 doublescan +hsync -vsync (64.7 kHz d)
Oct 14 20:11:38 HOSTNAME /usr/libexec/gdm-x-session[1040]: (II) modeset(0): Modeline "864x486"x59.9   32.50  864 888 968 1072  486 489 494 506 -hsync +vsync (30.3 kHz d)
Oct 14 20:11:38 HOSTNAME /usr/libexec/gdm-x-session[1040]: (II) modeset(0): Modeline "864x486"x59.6   30.50  864 912 944 1024  486 489 494 500 +hsync -vsync (29.8 kHz d)
Oct 14 20:11:38 HOSTNAME /usr/libexec/gdm-x-session[1040]: (II) modeset(0): Modeline "800x512"x120.3   51.56  800 800 828 832  512 512 514 515 doublescan +hsync +vsync (62.0 kHz d)
Oct 14 20:11:38 HOSTNAME /usr/libexec/gdm-x-session[1040]: (II) modeset(0): Modeline "700x525"x120.0   61.00  700 744 820 940  525 526 532 541 doublescan +hsync +vsync (64.9 kHz d)
Oct 14 20:11:38 HOSTNAME /usr/libexec/gdm-x-session[1040]: (II) modeset(0): Modeline "800x450"x119.9   59.12  800 848 928 1056  450 451 454 467 doublescan -hsync +vsync (56.0 kHz d)
Oct 14 20:11:38 HOSTNAME /usr/libexec/gdm-x-session[1040]: (II) modeset(0): Modeline "800x450"x119.6   48.75  800 824 840 880  450 451 454 463 doublescan +hsync -vsync (55.4 kHz d)
Oct 14 20:11:38 HOSTNAME /usr/libexec/gdm-x-session[1040]: (II) modeset(0): Modeline "640x512"x120.0   54.00  640 664 720 844  512 512 514 533 doublescan +hsync +vsync (64.0 kHz d)
Oct 14 20:11:38 HOSTNAME /usr/libexec/gdm-x-session[1040]: (II) modeset(0): Modeline "720x450"x119.8   53.25  720 760 836 952  450 451 454 467 doublescan -hsync +vsync (55.9 kHz d)
Oct 14 20:11:38 HOSTNAME /usr/libexec/gdm-x-session[1040]: (II) modeset(0): Modeline "700x450"x119.9   51.75  700 740 812 924  450 451 456 467 doublescan -hsync +vsync (56.0 kHz d)
Oct 14 20:11:38 HOSTNAME /usr/libexec/gdm-x-session[1040]: (II) modeset(0): Modeline "700x450"x119.8   43.25  700 724 740 780  450 451 456 463 doublescan +hsync -vsync (55.4 kHz d)
Oct 14 20:11:38 HOSTNAME /usr/libexec/gdm-x-session[1040]: (II) modeset(0): Modeline "640x480"x120.0   54.00  640 688 744 900  480 480 482 500 doublescan +hsync +vsync (60.0 kHz d)
Oct 14 20:11:38 HOSTNAME /usr/libexec/gdm-x-session[1040]: (II) modeset(0): Modeline "640x480"x59.9   25.18  640 656 752 800  480 490 492 525 -hsync -vsync (31.5 kHz d)
Oct 14 20:11:38 HOSTNAME /usr/libexec/gdm-x-session[1040]: (II) modeset(0): Modeline "720x405"x59.5   22.50  720 744 808 896  405 408 413 422 -hsync +vsync (25.1 kHz d)
Oct 14 20:11:38 HOSTNAME /usr/libexec/gdm-x-session[1040]: (II) modeset(0): Modeline "720x405"x59.0   21.75  720 768 800 880  405 408 413 419 +hsync -vsync (24.7 kHz d)
Oct 14 20:11:38 HOSTNAME /usr/libexec/gdm-x-session[1040]: (II) modeset(0): Modeline "684x384"x119.8   42.62  684 720 788 892  384 385 390 399 doublescan -hsync +vsync (47.8 kHz d)
Oct 14 20:11:38 HOSTNAME /usr/libexec/gdm-x-session[1040]: (II) modeset(0): Modeline "684x384"x119.7   36.12  684 708 724 764  384 385 390 395 doublescan +hsync -vsync (47.3 kHz d)
Oct 14 20:11:38 HOSTNAME /usr/libexec/gdm-x-session[1040]: (II) modeset(0): Modeline "680x384"x119.6   42.38  680 716 784 888  384 385 390 399 doublescan -hsync +vsync (47.7 kHz d)
Oct 14 20:11:38 HOSTNAME /usr/libexec/gdm-x-session[1040]: (II) modeset(0): Modeline "680x384"x119.9   36.00  680 704 720 760  384 385 390 395 doublescan +hsync -vsync (47.4 kHz d)
Oct 14 20:11:38 HOSTNAME /usr/libexec/gdm-x-session[1040]: (II) modeset(0): Modeline "640x400"x119.8   41.75  640 676 740 840  400 401 404 415 doublescan -hsync +vsync (49.7 kHz d)
Oct 14 20:11:38 HOSTNAME /usr/libexec/gdm-x-session[1040]: (II) modeset(0): Modeline "640x400"x120.0   35.50  640 664 680 720  400 401 404 411 doublescan +hsync -vsync (49.3 kHz d)
Oct 14 20:11:38 HOSTNAME /usr/libexec/gdm-x-session[1040]: (II) modeset(0): Modeline "576x432"x120.1   40.81  576 608 668 760  432 432 434 447 doublescan -hsync +vsync (53.7 kHz d)
Oct 14 20:11:38 HOSTNAME /usr/libexec/gdm-x-session[1040]: (II) modeset(0): Modeline "640x360"x119.7   37.25  640 672 736 832  360 361 364 374 doublescan -hsync +vsync (44.8 kHz d)
Oct 14 20:11:38 HOSTNAME /usr/libexec/gdm-x-session[1040]: (II) modeset(0): Modeline "640x360"x119.7   31.88  640 664 680 720  360 361 364 370 doublescan +hsync -vsync (44.3 kHz d)
Oct 14 20:11:38 HOSTNAME /usr/libexec/gdm-x-session[1040]: (II) modeset(0): Modeline "640x360"x59.8   18.00  640 664 720 800  360 363 368 376 -hsync +vsync (22.5 kHz d)
Oct 14 20:11:38 HOSTNAME /usr/libexec/gdm-x-session[1040]: (II) modeset(0): Modeline "640x360"x59.3   17.75  640 688 720 800  360 363 368 374 +hsync -vsync (22.2 kHz d)
Oct 14 20:11:38 HOSTNAME /usr/libexec/gdm-x-session[1040]: (II) modeset(0): Modeline "512x384"x120.0   32.50  512 524 592 672  384 385 388 403 doublescan -hsync -vsync (48.4 kHz d)
Oct 14 20:11:38 HOSTNAME /usr/libexec/gdm-x-session[1040]: (II) modeset(0): Modeline "512x288"x120.0   23.25  512 532 580 648  288 289 292 299 doublescan -hsync +vsync (35.9 kHz d)
Oct 14 20:11:38 HOSTNAME /usr/libexec/gdm-x-session[1040]: (II) modeset(0): Modeline "512x288"x119.8   21.00  512 536 552 592  288 289 292 296 doublescan +hsync -vsync (35.5 kHz d)
Oct 14 20:11:38 HOSTNAME /usr/libexec/gdm-x-session[1040]: (II) modeset(0): Modeline "480x270"x119.3   20.38  480 496 544 608  270 271 274 281 doublescan -hsync +vsync (33.5 kHz d)
Oct 14 20:11:38 HOSTNAME /usr/libexec/gdm-x-session[1040]: (II) modeset(0): Modeline "480x270"x119.6   18.62  480 504 520 560  270 271 274 278 doublescan +hsync -vsync (33.3 kHz d)
Oct 14 20:11:38 HOSTNAME /usr/libexec/gdm-x-session[1040]: (II) modeset(0): Modeline "400x300"x120.6   20.00  400 420 484 528  300 300 302 314 doublescan +hsync +vsync (37.9 kHz d)
Oct 14 20:11:38 HOSTNAME /usr/libexec/gdm-x-session[1040]: (II) modeset(0): Modeline "400x300"x112.7   18.00  400 412 448 512  300 300 301 312 doublescan +hsync +vsync (35.2 kHz d)
Oct 14 20:11:38 HOSTNAME /usr/libexec/gdm-x-session[1040]: (II) modeset(0): Modeline "432x243"x119.8   16.25  432 444 484 536  243 244 247 253 doublescan -hsync +vsync (30.3 kHz d)
Oct 14 20:11:38 HOSTNAME /usr/libexec/gdm-x-session[1040]: (II) modeset(0): Modeline "432x243"x119.1   15.25  432 456 472 512  243 244 247 250 doublescan +hsync -vsync (29.8 kHz d)
Oct 14 20:11:38 HOSTNAME /usr/libexec/gdm-x-session[1040]: (II) modeset(0): Modeline "320x240"x120.1   12.59  320 328 376 400  240 245 246 262 doublescan -hsync -vsync (31.5 kHz d)
Oct 14 20:11:38 HOSTNAME /usr/libexec/gdm-x-session[1040]: (II) modeset(0): Modeline "360x202"x119.0   11.25  360 372 404 448  202 204 206 211 doublescan -hsync +vsync (25.1 kHz d)
Oct 14 20:11:38 HOSTNAME /usr/libexec/gdm-x-session[1040]: (II) modeset(0): Modeline "360x202"x118.3   10.88  360 384 400 440  202 204 206 209 doublescan +hsync -vsync (24.7 kHz d)
Oct 14 20:11:38 HOSTNAME /usr/libexec/gdm-x-session[1040]: (II) modeset(0): Modeline "320x180"x119.7    9.00  320 332 360 400  180 181 184 188 doublescan -hsync +vsync (22.5 kHz d)
Oct 14 20:11:38 HOSTNAME /usr/libexec/gdm-x-session[1040]: (II) modeset(0): Modeline "320x180"x118.6    8.88  320 344 360 400  180 181 184 187 doublescan +hsync -vsync (22.2 kHz d)
Oct 14 20:11:38 HOSTNAME /usr/libexec/gdm-x-session[1040]: (II) modeset(0): EDID for output DP-1
Oct 14 20:11:38 HOSTNAME /usr/libexec/gdm-x-session[1040]: (II) modeset(0): EDID for output HDMI-1
Oct 14 20:11:38 HOSTNAME /usr/libexec/gdm-x-session[1040]: (II) modeset(0): EDID for output DP-2
Oct 14 20:11:38 HOSTNAME /usr/libexec/gdm-x-session[1040]: (II) modeset(0): EDID for output HDMI-2
Oct 14 20:11:38 HOSTNAME /usr/libexec/gdm-x-session[1040]: (II) modeset(0): Output eDP-1 connected
Oct 14 20:11:38 HOSTNAME /usr/libexec/gdm-x-session[1040]: (II) modeset(0): Output DP-1 disconnected
Oct 14 20:11:38 HOSTNAME /usr/libexec/gdm-x-session[1040]: (II) modeset(0): Output HDMI-1 disconnected
Oct 14 20:11:38 HOSTNAME /usr/libexec/gdm-x-session[1040]: (II) modeset(0): Output DP-2 disconnected
Oct 14 20:11:38 HOSTNAME /usr/libexec/gdm-x-session[1040]: (II) modeset(0): Output HDMI-2 disconnected
Oct 14 20:11:38 HOSTNAME /usr/libexec/gdm-x-session[1040]: (II) modeset(0): Using exact sizes for initial modes
Oct 14 20:11:38 HOSTNAME /usr/libexec/gdm-x-session[1040]: (II) modeset(0): Output eDP-1 using initial mode 1366x768 +0+0
Oct 14 20:11:38 HOSTNAME /usr/libexec/gdm-x-session[1040]: (==) modeset(0): Using gamma correction (1.0, 1.0, 1.0)
Oct 14 20:11:38 HOSTNAME /usr/libexec/gdm-x-session[1040]: (==) modeset(0): DPI set to (96, 96)
Oct 14 20:11:38 HOSTNAME /usr/libexec/gdm-x-session[1040]: (II) Loading sub module "fb"
Oct 14 20:11:38 HOSTNAME /usr/libexec/gdm-x-session[1040]: (II) LoadModule: "fb"
Oct 14 20:11:38 HOSTNAME /usr/libexec/gdm-x-session[1040]: (II) Module "fb" already built-in
Oct 14 20:11:38 HOSTNAME /usr/libexec/gdm-x-session[1040]: (II) UnloadModule: "fbdev"
Oct 14 20:11:38 HOSTNAME /usr/libexec/gdm-x-session[1040]: (II) Unloading fbdev
Oct 14 20:11:38 HOSTNAME /usr/libexec/gdm-x-session[1040]: (II) UnloadSubModule: "fbdevhw"
Oct 14 20:11:38 HOSTNAME /usr/libexec/gdm-x-session[1040]: (II) Unloading fbdevhw
Oct 14 20:11:38 HOSTNAME /usr/libexec/gdm-x-session[1040]: (II) UnloadModule: "vesa"
Oct 14 20:11:38 HOSTNAME /usr/libexec/gdm-x-session[1040]: (II) Unloading vesa
Oct 14 20:11:38 HOSTNAME /usr/libexec/gdm-x-session[1040]: (==) modeset(0): Backing store enabled
Oct 14 20:11:38 HOSTNAME /usr/libexec/gdm-x-session[1040]: (==) modeset(0): Silken mouse enabled
Oct 14 20:11:38 HOSTNAME /usr/libexec/gdm-x-session[1040]: (II) modeset(0): Initializing kms color map for depth 24, 8 bpc.
Oct 14 20:11:38 HOSTNAME /usr/libexec/gdm-x-session[1040]: (==) modeset(0): DPMS enabled
Oct 14 20:11:38 HOSTNAME /usr/libexec/gdm-x-session[1040]: (II) modeset(0): [DRI2] Setup complete
Oct 14 20:11:38 HOSTNAME /usr/libexec/gdm-x-session[1040]: (II) modeset(0): [DRI2]   DRI driver: iris
Oct 14 20:11:38 HOSTNAME /usr/libexec/gdm-x-session[1040]: (II) modeset(0): [DRI2]   VDPAU driver: va_gl
Oct 14 20:11:38 HOSTNAME /usr/libexec/gdm-x-session[1040]: (II) Initializing extension Generic Event Extension
Oct 14 20:11:38 HOSTNAME /usr/libexec/gdm-x-session[1040]: (II) Initializing extension SHAPE
Oct 14 20:11:38 HOSTNAME /usr/libexec/gdm-x-session[1040]: (II) Initializing extension MIT-SHM
Oct 14 20:11:38 HOSTNAME /usr/libexec/gdm-x-session[1040]: (II) Initializing extension XInputExtension
Oct 14 20:11:38 HOSTNAME /usr/libexec/gdm-x-session[1040]: (II) Initializing extension XTEST
Oct 14 20:11:38 HOSTNAME /usr/libexec/gdm-x-session[1040]: (II) Initializing extension BIG-REQUESTS
Oct 14 20:11:38 HOSTNAME /usr/libexec/gdm-x-session[1040]: (II) Initializing extension SYNC
Oct 14 20:11:38 HOSTNAME /usr/libexec/gdm-x-session[1040]: (II) Initializing extension XKEYBOARD
Oct 14 20:11:38 HOSTNAME /usr/libexec/gdm-x-session[1040]: (II) Initializing extension XC-MISC
Oct 14 20:11:38 HOSTNAME /usr/libexec/gdm-x-session[1040]: (II) Initializing extension SECURITY
Oct 14 20:11:38 HOSTNAME /usr/libexec/gdm-x-session[1040]: (II) Initializing extension XFIXES
Oct 14 20:11:38 HOSTNAME /usr/libexec/gdm-x-session[1040]: (II) Initializing extension RENDER
Oct 14 20:11:38 HOSTNAME /usr/libexec/gdm-x-session[1040]: (II) Initializing extension RANDR
Oct 14 20:11:38 HOSTNAME /usr/libexec/gdm-x-session[1040]: (II) Initializing extension COMPOSITE
Oct 14 20:11:38 HOSTNAME /usr/libexec/gdm-x-session[1040]: (II) Initializing extension DAMAGE
Oct 14 20:11:38 HOSTNAME /usr/libexec/gdm-x-session[1040]: (II) Initializing extension MIT-SCREEN-SAVER
Oct 14 20:11:38 HOSTNAME /usr/libexec/gdm-x-session[1040]: (II) Initializing extension DOUBLE-BUFFER
Oct 14 20:11:38 HOSTNAME /usr/libexec/gdm-x-session[1040]: (II) Initializing extension RECORD
Oct 14 20:11:38 HOSTNAME /usr/libexec/gdm-x-session[1040]: (II) Initializing extension DPMS
Oct 14 20:11:38 HOSTNAME /usr/libexec/gdm-x-session[1040]: (II) Initializing extension Present
Oct 14 20:11:38 HOSTNAME /usr/libexec/gdm-x-session[1040]: (II) Initializing extension DRI3
Oct 14 20:11:38 HOSTNAME /usr/libexec/gdm-x-session[1040]: (II) Initializing extension X-Resource
Oct 14 20:11:38 HOSTNAME /usr/libexec/gdm-x-session[1040]: (II) Initializing extension XVideo
Oct 14 20:11:38 HOSTNAME /usr/libexec/gdm-x-session[1040]: (II) Initializing extension XVideo-MotionCompensation
Oct 14 20:11:38 HOSTNAME /usr/libexec/gdm-x-session[1040]: (II) Initializing extension SELinux
Oct 14 20:11:38 HOSTNAME /usr/libexec/gdm-x-session[1040]: (II) SELinux: Disabled on system
Oct 14 20:11:38 HOSTNAME /usr/libexec/gdm-x-session[1040]: (II) Initializing extension GLX
Oct 14 20:11:38 HOSTNAME /usr/libexec/gdm-x-session[1040]: (II) AIGLX: Loaded and initialized iris
Oct 14 20:11:38 HOSTNAME /usr/libexec/gdm-x-session[1040]: (II) GLX: Initialized DRI2 GL provider for screen 0
Oct 14 20:11:38 HOSTNAME /usr/libexec/gdm-x-session[1040]: (II) Initializing extension XFree86-VidModeExtension
Oct 14 20:11:38 HOSTNAME /usr/libexec/gdm-x-session[1040]: (II) Initializing extension XFree86-DGA
Oct 14 20:11:38 HOSTNAME /usr/libexec/gdm-x-session[1040]: (II) Initializing extension XFree86-DRI
Oct 14 20:11:38 HOSTNAME /usr/libexec/gdm-x-session[1040]: (II) Initializing extension DRI2
Oct 14 20:11:38 HOSTNAME /usr/libexec/gdm-x-session[1040]: (II) modeset(0): Damage tracking initialized
Oct 14 20:11:38 HOSTNAME /usr/libexec/gdm-x-session[1040]: (II) modeset(0): Setting screen physical size to 361 x 203
Oct 14 20:11:38 HOSTNAME /usr/libexec/gdm-x-session[1040]: (II) config/udev: Adding input device Fujitsu FUJ02E3 (/dev/input/event12)
Oct 14 20:11:38 HOSTNAME /usr/libexec/gdm-x-session[1040]: (**) Fujitsu FUJ02E3: Applying InputClass "libinput keyboard catchall"
Oct 14 20:11:38 HOSTNAME /usr/libexec/gdm-x-session[1040]: (II) LoadModule: "libinput"
Oct 14 20:11:38 HOSTNAME /usr/libexec/gdm-x-session[1040]: (II) Loading /usr/lib/xorg/modules/input/libinput_drv.so
Oct 14 20:11:38 HOSTNAME /usr/libexec/gdm-x-session[1040]: (II) Module libinput: vendor="X.Org Foundation"
Oct 14 20:11:38 HOSTNAME /usr/libexec/gdm-x-session[1040]:         compiled for 1.20.14, module version = 1.2.1
Oct 14 20:11:38 HOSTNAME /usr/libexec/gdm-x-session[1040]:         Module class: X.Org XInput Driver
Oct 14 20:11:38 HOSTNAME /usr/libexec/gdm-x-session[1040]:         ABI class: X.Org XInput driver, version 24.1
Oct 14 20:11:38 HOSTNAME /usr/libexec/gdm-x-session[1040]: (II) Using input driver 'libinput' for 'Fujitsu FUJ02E3'
Oct 14 20:11:38 HOSTNAME /usr/libexec/gdm-x-session[1040]: (II) systemd-logind: got fd for /dev/input/event12 13:76 fd 28 paused 0
Oct 14 20:11:38 HOSTNAME /usr/libexec/gdm-x-session[1040]: (**) Fujitsu FUJ02E3: always reports core events
Oct 14 20:11:38 HOSTNAME /usr/libexec/gdm-x-session[1040]: (**) Option "Device" "/dev/input/event12"
Oct 14 20:11:38 HOSTNAME /usr/libexec/gdm-x-session[1040]: (II) event12 - Fujitsu FUJ02E3: is tagged by udev as: Keyboard
Oct 14 20:11:38 HOSTNAME /usr/libexec/gdm-x-session[1040]: (II) event12 - Fujitsu FUJ02E3: device is a keyboard
Oct 14 20:11:38 HOSTNAME /usr/libexec/gdm-x-session[1040]: (II) event12 - Fujitsu FUJ02E3: device removed
Oct 14 20:11:38 HOSTNAME /usr/libexec/gdm-x-session[1040]: (**) Option "config_info" "udev:/sys/devices/LNXSYSTM:00/LNXSYBUS:00/FUJ02E3:00/input/input20/event12"
Oct 14 20:11:38 HOSTNAME /usr/libexec/gdm-x-session[1040]: (II) XINPUT: Adding extended input device "Fujitsu FUJ02E3" (type: KEYBOARD, id 6)
Oct 14 20:11:38 HOSTNAME /usr/libexec/gdm-x-session[1040]: (**) Option "xkb_layout" "us"
Oct 14 20:11:38 HOSTNAME /usr/libexec/gdm-x-session[1040]: (II) event12 - Fujitsu FUJ02E3: is tagged by udev as: Keyboard
Oct 14 20:11:38 HOSTNAME /usr/libexec/gdm-x-session[1040]: (II) event12 - Fujitsu FUJ02E3: device is a keyboard
Oct 14 20:11:38 HOSTNAME /usr/libexec/gdm-x-session[1040]: (II) config/udev: Adding input device Video Bus (/dev/input/event4)
Oct 14 20:11:38 HOSTNAME /usr/libexec/gdm-x-session[1040]: (**) Video Bus: Applying InputClass "libinput keyboard catchall"
Oct 14 20:11:38 HOSTNAME /usr/libexec/gdm-x-session[1040]: (II) Using input driver 'libinput' for 'Video Bus'
Oct 14 20:11:38 HOSTNAME /usr/libexec/gdm-x-session[1040]: (II) systemd-logind: got fd for /dev/input/event4 13:68 fd 31 paused 0
Oct 14 20:11:38 HOSTNAME /usr/libexec/gdm-x-session[1040]: (**) Video Bus: always reports core events
Oct 14 20:11:38 HOSTNAME /usr/libexec/gdm-x-session[1040]: (**) Option "Device" "/dev/input/event4"
Oct 14 20:11:38 HOSTNAME /usr/libexec/gdm-x-session[1040]: (II) event4  - Video Bus: is tagged by udev as: Keyboard
Oct 14 20:11:38 HOSTNAME /usr/libexec/gdm-x-session[1040]: (II) event4  - Video Bus: device is a keyboard
Oct 14 20:11:38 HOSTNAME /usr/libexec/gdm-x-session[1040]: (II) event4  - Video Bus: device removed
Oct 14 20:11:38 HOSTNAME /usr/libexec/gdm-x-session[1040]: (**) Option "config_info" "udev:/sys/devices/LNXSYSTM:00/LNXSYBUS:00/PNP0A08:00/LNXVIDEO:00/input/input5/event4"
Oct 14 20:11:38 HOSTNAME /usr/libexec/gdm-x-session[1040]: (II) XINPUT: Adding extended input device "Video Bus" (type: KEYBOARD, id 7)
Oct 14 20:11:38 HOSTNAME /usr/libexec/gdm-x-session[1040]: (**) Option "xkb_layout" "us"
Oct 14 20:11:38 HOSTNAME /usr/libexec/gdm-x-session[1040]: (II) event4  - Video Bus: is tagged by udev as: Keyboard
Oct 14 20:11:38 HOSTNAME /usr/libexec/gdm-x-session[1040]: (II) event4  - Video Bus: device is a keyboard
Oct 14 20:11:38 HOSTNAME /usr/libexec/gdm-x-session[1040]: (II) config/udev: Adding input device Fujitsu FUJ02BF (/dev/input/event11)
Oct 14 20:11:38 HOSTNAME /usr/libexec/gdm-x-session[1040]: (**) Fujitsu FUJ02BF: Applying InputClass "libinput keyboard catchall"
Oct 14 20:11:38 HOSTNAME /usr/libexec/gdm-x-session[1040]: (II) Using input driver 'libinput' for 'Fujitsu FUJ02BF'
Oct 14 20:11:38 HOSTNAME /usr/libexec/gdm-x-session[1040]: (II) systemd-logind: got fd for /dev/input/event11 13:75 fd 32 paused 0
Oct 14 20:11:38 HOSTNAME /usr/libexec/gdm-x-session[1040]: (**) Fujitsu FUJ02BF: always reports core events
Oct 14 20:11:38 HOSTNAME /usr/libexec/gdm-x-session[1040]: (**) Option "Device" "/dev/input/event11"
Oct 14 20:11:38 HOSTNAME /usr/libexec/gdm-x-session[1040]: (II) event11 - Fujitsu FUJ02BF: is tagged by udev as: Keyboard Switch
Oct 14 20:11:38 HOSTNAME /usr/libexec/gdm-x-session[1040]: (II) event11 - Fujitsu FUJ02BF: device is a keyboard
Oct 14 20:11:38 HOSTNAME /usr/libexec/gdm-x-session[1040]: (II) event11 - Fujitsu FUJ02BF: device is a switch device
Oct 14 20:11:38 HOSTNAME /usr/libexec/gdm-x-session[1040]: (II) event11 - Fujitsu FUJ02BF: device removed
Oct 14 20:11:38 HOSTNAME /usr/libexec/gdm-x-session[1040]: (**) Option "config_info" "udev:/sys/devices/LNXSYSTM:00/LNXSYBUS:00/PNP0A08:00/device:18/FUJ02BF:00/input/input19/event11"
Oct 14 20:11:38 HOSTNAME /usr/libexec/gdm-x-session[1040]: (II) XINPUT: Adding extended input device "Fujitsu FUJ02BF" (type: KEYBOARD, id 8)
Oct 14 20:11:38 HOSTNAME /usr/libexec/gdm-x-session[1040]: (**) Option "xkb_layout" "us"
Oct 14 20:11:38 HOSTNAME /usr/libexec/gdm-x-session[1040]: (II) event11 - Fujitsu FUJ02BF: is tagged by udev as: Keyboard Switch
Oct 14 20:11:38 HOSTNAME /usr/libexec/gdm-x-session[1040]: (II) event11 - Fujitsu FUJ02BF: device is a keyboard
Oct 14 20:11:38 HOSTNAME /usr/libexec/gdm-x-session[1040]: (II) event11 - Fujitsu FUJ02BF: device is a switch device
Oct 14 20:11:38 HOSTNAME /usr/libexec/gdm-x-session[1040]: (II) config/udev: Adding input device Power Button (/dev/input/event0)
Oct 14 20:11:38 HOSTNAME /usr/libexec/gdm-x-session[1040]: (**) Power Button: Applying InputClass "libinput keyboard catchall"
Oct 14 20:11:38 HOSTNAME /usr/libexec/gdm-x-session[1040]: (II) Using input driver 'libinput' for 'Power Button'
Oct 14 20:11:38 HOSTNAME /usr/libexec/gdm-x-session[1040]: (II) systemd-logind: got fd for /dev/input/event0 13:64 fd 33 paused 0
Oct 14 20:11:38 HOSTNAME /usr/libexec/gdm-x-session[1040]: (**) Power Button: always reports core events
Oct 14 20:11:38 HOSTNAME /usr/libexec/gdm-x-session[1040]: (**) Option "Device" "/dev/input/event0"
Oct 14 20:11:38 HOSTNAME /usr/libexec/gdm-x-session[1040]: (II) event0  - Power Button: is tagged by udev as: Keyboard
Oct 14 20:11:38 HOSTNAME /usr/libexec/gdm-x-session[1040]: (II) event0  - Power Button: device is a keyboard
Oct 14 20:11:38 HOSTNAME /usr/libexec/gdm-x-session[1040]: (II) event0  - Power Button: device removed
Oct 14 20:11:38 HOSTNAME /usr/libexec/gdm-x-session[1040]: (**) Option "config_info" "udev:/sys/devices/LNXSYSTM:00/LNXSYBUS:00/PNP0C0C:00/input/input0/event0"
Oct 14 20:11:38 HOSTNAME /usr/libexec/gdm-x-session[1040]: (II) XINPUT: Adding extended input device "Power Button" (type: KEYBOARD, id 9)
Oct 14 20:11:38 HOSTNAME /usr/libexec/gdm-x-session[1040]: (**) Option "xkb_layout" "us"
Oct 14 20:11:38 HOSTNAME /usr/libexec/gdm-x-session[1040]: (II) event0  - Power Button: is tagged by udev as: Keyboard
Oct 14 20:11:38 HOSTNAME /usr/libexec/gdm-x-session[1040]: (II) event0  - Power Button: device is a keyboard
Oct 14 20:11:38 HOSTNAME /usr/libexec/gdm-x-session[1040]: (II) config/udev: Adding input device Lid Switch (/dev/input/event1)
Oct 14 20:11:38 HOSTNAME /usr/libexec/gdm-x-session[1040]: (II) No input driver specified, ignoring this device.
Oct 14 20:11:38 HOSTNAME /usr/libexec/gdm-x-session[1040]: (II) This device may have been added with another device file.
Oct 14 20:11:38 HOSTNAME /usr/libexec/gdm-x-session[1040]: (II) config/udev: Adding input device FJ Camera: FJ Camera (/dev/input/event9)
Oct 14 20:11:38 HOSTNAME /usr/libexec/gdm-x-session[1040]: (**) FJ Camera: FJ Camera: Applying InputClass "libinput keyboard catchall"
Oct 14 20:11:38 HOSTNAME /usr/libexec/gdm-x-session[1040]: (II) Using input driver 'libinput' for 'FJ Camera: FJ Camera'
Oct 14 20:11:38 HOSTNAME /usr/libexec/gdm-x-session[1040]: (II) systemd-logind: got fd for /dev/input/event9 13:73 fd 34 paused 0
Oct 14 20:11:38 HOSTNAME /usr/libexec/gdm-x-session[1040]: (**) FJ Camera: FJ Camera: always reports core events
Oct 14 20:11:38 HOSTNAME /usr/libexec/gdm-x-session[1040]: (**) Option "Device" "/dev/input/event9"
Oct 14 20:11:38 HOSTNAME /usr/libexec/gdm-x-session[1040]: (II) event9  - FJ Camera: FJ Camera: is tagged by udev as: Keyboard
Oct 14 20:11:38 HOSTNAME /usr/libexec/gdm-x-session[1040]: (II) event9  - FJ Camera: FJ Camera: device is a keyboard
Oct 14 20:11:38 HOSTNAME /usr/libexec/gdm-x-session[1040]: (II) event9  - FJ Camera: FJ Camera: device removed
Oct 14 20:11:38 HOSTNAME /usr/libexec/gdm-x-session[1040]: (**) Option "config_info" "udev:/sys/devices/pci0000:00/0000:00:14.0/usb1/1-10/1-10:1.0/input/input25/event9"
Oct 14 20:11:38 HOSTNAME /usr/libexec/gdm-x-session[1040]: (II) XINPUT: Adding extended input device "FJ Camera: FJ Camera" (type: KEYBOARD, id 10)
Oct 14 20:11:38 HOSTNAME /usr/libexec/gdm-x-session[1040]: (**) Option "xkb_layout" "us"
Oct 14 20:11:38 HOSTNAME /usr/libexec/gdm-x-session[1040]: (II) event9  - FJ Camera: FJ Camera: is tagged by udev as: Keyboard
Oct 14 20:11:38 HOSTNAME /usr/libexec/gdm-x-session[1040]: (II) event9  - FJ Camera: FJ Camera: device is a keyboard
Oct 14 20:11:38 HOSTNAME /usr/libexec/gdm-x-session[1040]: (II) config/udev: Adding input device 2.4G Wireless Mouse (/dev/input/event5)
Oct 14 20:11:38 HOSTNAME /usr/libexec/gdm-x-session[1040]: (II) No input driver specified, ignoring this device.
Oct 14 20:11:38 HOSTNAME /usr/libexec/gdm-x-session[1040]: (II) This device may have been added with another device file.
Oct 14 20:11:38 HOSTNAME /usr/libexec/gdm-x-session[1040]: (II) config/udev: Adding input device 2.4G Wireless Mouse (/dev/input/event6)
Oct 14 20:11:38 HOSTNAME /usr/libexec/gdm-x-session[1040]: (**) 2.4G Wireless Mouse: Applying InputClass "libinput pointer catchall"
Oct 14 20:11:38 HOSTNAME /usr/libexec/gdm-x-session[1040]: (II) Using input driver 'libinput' for '2.4G Wireless Mouse'
Oct 14 20:11:38 HOSTNAME /usr/libexec/gdm-x-session[1040]: (II) systemd-logind: got fd for /dev/input/event6 13:70 fd 35 paused 0
Oct 14 20:11:38 HOSTNAME /usr/libexec/gdm-x-session[1040]: (**) 2.4G Wireless Mouse: always reports core events
Oct 14 20:11:38 HOSTNAME /usr/libexec/gdm-x-session[1040]: (**) Option "Device" "/dev/input/event6"
Oct 14 20:11:38 HOSTNAME /usr/libexec/gdm-x-session[1040]: (II) event6  - 2.4G Wireless Mouse: is tagged by udev as: Mouse
Oct 14 20:11:38 HOSTNAME /usr/libexec/gdm-x-session[1040]: (II) event6  - 2.4G Wireless Mouse: device is a pointer
Oct 14 20:11:38 HOSTNAME /usr/libexec/gdm-x-session[1040]: (II) event6  - 2.4G Wireless Mouse: device removed
Oct 14 20:11:38 HOSTNAME /usr/libexec/gdm-x-session[1040]: (**) Option "config_info" "udev:/sys/devices/pci0000:00/0000:00:14.0/usb1/1-2/1-2:1.0/0003:3938:1191.0005/input/input7/event6"
Oct 14 20:11:38 HOSTNAME /usr/libexec/gdm-x-session[1040]: (II) XINPUT: Adding extended input device "2.4G Wireless Mouse" (type: MOUSE, id 11)
Oct 14 20:11:38 HOSTNAME /usr/libexec/gdm-x-session[1040]: (**) Option "AccelerationScheme" "none"
Oct 14 20:11:38 HOSTNAME /usr/libexec/gdm-x-session[1040]: (**) 2.4G Wireless Mouse: (accel) selected scheme none/0
Oct 14 20:11:38 HOSTNAME /usr/libexec/gdm-x-session[1040]: (**) 2.4G Wireless Mouse: (accel) acceleration factor: 2.000
Oct 14 20:11:38 HOSTNAME /usr/libexec/gdm-x-session[1040]: (**) 2.4G Wireless Mouse: (accel) acceleration threshold: 4
Oct 14 20:11:38 HOSTNAME /usr/libexec/gdm-x-session[1040]: (II) event6  - 2.4G Wireless Mouse: is tagged by udev as: Mouse
Oct 14 20:11:38 HOSTNAME /usr/libexec/gdm-x-session[1040]: (II) event6  - 2.4G Wireless Mouse: device is a pointer
Oct 14 20:11:38 HOSTNAME /usr/libexec/gdm-x-session[1040]: (II) config/udev: Adding input device 2.4G Wireless Mouse (/dev/input/mouse1)
Oct 14 20:11:38 HOSTNAME /usr/libexec/gdm-x-session[1040]: (II) No input driver specified, ignoring this device.
Oct 14 20:11:38 HOSTNAME /usr/libexec/gdm-x-session[1040]: (II) This device may have been added with another device file.
Oct 14 20:11:38 HOSTNAME /usr/libexec/gdm-x-session[1040]: (II) config/udev: Adding input device ELAN Touchscreen (/dev/input/event7)
Oct 14 20:11:38 HOSTNAME /usr/libexec/gdm-x-session[1040]: (**) ELAN Touchscreen: Applying InputClass "libinput touchscreen catchall"
Oct 14 20:11:38 HOSTNAME /usr/libexec/gdm-x-session[1040]: (II) Using input driver 'libinput' for 'ELAN Touchscreen'
Oct 14 20:11:38 HOSTNAME /usr/libexec/gdm-x-session[1040]: (II) systemd-logind: got fd for /dev/input/event7 13:71 fd 36 paused 0
Oct 14 20:11:38 HOSTNAME /usr/libexec/gdm-x-session[1040]: (**) ELAN Touchscreen: always reports core events
Oct 14 20:11:38 HOSTNAME /usr/libexec/gdm-x-session[1040]: (**) Option "Device" "/dev/input/event7"
Oct 14 20:11:38 HOSTNAME /usr/libexec/gdm-x-session[1040]: (II) event7  - ELAN Touchscreen: is tagged by udev as: Touchscreen
Oct 14 20:11:38 HOSTNAME /usr/libexec/gdm-x-session[1040]: (II) event7  - ELAN Touchscreen: device is a touch device
Oct 14 20:11:38 HOSTNAME /usr/libexec/gdm-x-session[1040]: (II) event7  - ELAN Touchscreen: device removed
Oct 14 20:11:38 HOSTNAME /usr/libexec/gdm-x-session[1040]: (**) Option "config_info" "udev:/sys/devices/pci0000:00/0000:00:14.0/usb1/1-3/1-3:1.0/0003:04F3:227A.0006/input/input21/event7"
Oct 14 20:11:38 HOSTNAME /usr/libexec/gdm-x-session[1040]: (II) XINPUT: Adding extended input device "ELAN Touchscreen" (type: TOUCHSCREEN, id 12)
Oct 14 20:11:38 HOSTNAME /usr/libexec/gdm-x-session[1040]: (**) Option "AccelerationScheme" "none"
Oct 14 20:11:38 HOSTNAME /usr/libexec/gdm-x-session[1040]: (**) ELAN Touchscreen: (accel) selected scheme none/0
Oct 14 20:11:38 HOSTNAME /usr/libexec/gdm-x-session[1040]: (**) ELAN Touchscreen: (accel) acceleration factor: 2.000
Oct 14 20:11:38 HOSTNAME /usr/libexec/gdm-x-session[1040]: (**) ELAN Touchscreen: (accel) acceleration threshold: 4
Oct 14 20:11:38 HOSTNAME /usr/libexec/gdm-x-session[1040]: (II) event7  - ELAN Touchscreen: is tagged by udev as: Touchscreen
Oct 14 20:11:38 HOSTNAME /usr/libexec/gdm-x-session[1040]: (II) event7  - ELAN Touchscreen: device is a touch device
Oct 14 20:11:38 HOSTNAME /usr/libexec/gdm-x-session[1040]: (II) config/udev: Adding input device ELAN Touchscreen (/dev/input/mouse2)
Oct 14 20:11:38 HOSTNAME /usr/libexec/gdm-x-session[1040]: (II) No input driver specified, ignoring this device.
Oct 14 20:11:38 HOSTNAME /usr/libexec/gdm-x-session[1040]: (II) This device may have been added with another device file.
Oct 14 20:11:38 HOSTNAME /usr/libexec/gdm-x-session[1040]: (II) config/udev: Adding input device ELAN Touchscreen UNKNOWN (/dev/input/event8)
Oct 14 20:11:38 HOSTNAME /usr/libexec/gdm-x-session[1040]: (II) No input driver specified, ignoring this device.
Oct 14 20:11:38 HOSTNAME /usr/libexec/gdm-x-session[1040]: (II) This device may have been added with another device file.
Oct 14 20:11:38 HOSTNAME /usr/libexec/gdm-x-session[1040]: (II) config/udev: Adding input device ELAN Touchscreen UNKNOWN (/dev/input/event13)
Oct 14 20:11:38 HOSTNAME /usr/libexec/gdm-x-session[1040]: (II) No input driver specified, ignoring this device.
Oct 14 20:11:38 HOSTNAME /usr/libexec/gdm-x-session[1040]: (II) This device may have been added with another device file.
Oct 14 20:11:38 HOSTNAME /usr/libexec/gdm-x-session[1040]: (II) config/udev: Adding input device Wacom ISD-V4 Pen (/dev/input/event10)
Oct 14 20:11:38 HOSTNAME /usr/libexec/gdm-x-session[1040]: (**) Wacom ISD-V4 Pen: Applying InputClass "libinput tablet catchall"
Oct 14 20:11:38 HOSTNAME /usr/libexec/gdm-x-session[1040]: (**) Wacom ISD-V4 Pen: Applying InputClass "Wacom USB tablet class"
Oct 14 20:11:38 HOSTNAME /usr/libexec/gdm-x-session[1040]: (**) Wacom ISD-V4 Pen: Applying InputClass "Wacom tablet class"
Oct 14 20:11:38 HOSTNAME /usr/libexec/gdm-x-session[1040]: (II) LoadModule: "wacom"
Oct 14 20:11:38 HOSTNAME /usr/libexec/gdm-x-session[1040]: (II) Loading /usr/lib/xorg/modules/input/wacom_drv.so
Oct 14 20:11:38 HOSTNAME /usr/libexec/gdm-x-session[1040]: (II) Module wacom: vendor="X.Org Foundation"
Oct 14 20:11:38 HOSTNAME /usr/libexec/gdm-x-session[1040]:         compiled for 1.21.1.3, module version = 1.0.0
Oct 14 20:11:38 HOSTNAME /usr/libexec/gdm-x-session[1040]:         Module class: X.Org XInput Driver
Oct 14 20:11:38 HOSTNAME /usr/libexec/gdm-x-session[1040]:         ABI class: X.Org XInput driver, version 24.4
Oct 14 20:11:38 HOSTNAME /usr/libexec/gdm-x-session[1040]: (II) Build version: 1.0.0
Oct 14 20:11:38 HOSTNAME /usr/libexec/gdm-x-session[1040]: (II) wacom: Driver for Wacom graphics tablets: PenPartner, Graphire,
Oct 14 20:11:38 HOSTNAME /usr/libexec/gdm-x-session[1040]:         Graphire2 4x5, Graphire2 5x7, Graphire3 4x5, Graphire3 6x8,
Oct 14 20:11:38 HOSTNAME /usr/libexec/gdm-x-session[1040]:         Graphire4 4x5, Graphire4 6x8, BambooFun 4x5, BambooFun 6x8,
Oct 14 20:11:38 HOSTNAME /usr/libexec/gdm-x-session[1040]:         Bamboo1 Medium, Graphire4 6x8 BlueTooth, CTL-460, CTH-461, CTL-660,
Oct 14 20:11:38 HOSTNAME /usr/libexec/gdm-x-session[1040]:         CTL-461/S, Bamboo Touch, CTH-460/K, CTH-461/S, CTH-661/S1, CTH-461/L,
Oct 14 20:11:38 HOSTNAME /usr/libexec/gdm-x-session[1040]:         CTH-661/L, Intuos 4x5, Intuos 6x8, Intuos 9x12, Intuos 12x12,
Oct 14 20:11:38 HOSTNAME /usr/libexec/gdm-x-session[1040]:         Intuos 12x18, PTU600, PL400, PL500, PL600, PL600SX, PL550, PL800,
Oct 14 20:11:38 HOSTNAME /usr/libexec/gdm-x-session[1040]:         PL700, PL510, PL710, DTI520, DTF720, DTF720a, DTF521, DTU1931,
Oct 14 20:11:38 HOSTNAME /usr/libexec/gdm-x-session[1040]:         DTU2231, DTU1631, DTH1152, DTH1152, DTK2451, DTH2452, DTH2452,
Oct 14 20:11:38 HOSTNAME /usr/libexec/gdm-x-session[1040]:         Wacom One Pen Display 13, Intuos2 4x5, Intuos2 6x8, Intuos2 9x12,
Oct 14 20:11:38 HOSTNAME /usr/libexec/gdm-x-session[1040]:         Intuos2 12x12, Intuos2 12x18, Intuos2 6x8 , Volito, PenStation,
Oct 14 20:11:38 HOSTNAME /usr/libexec/gdm-x-session[1040]:         Volito2 4x5, Volito2 2x3, PenPartner2, Bamboo, Bamboo1, Bamboo1 4x6,
Oct 14 20:11:38 HOSTNAME /usr/libexec/gdm-x-session[1040]:         Bamboo1 5x8, Intuos3 4x5, Intuos3 6x8, Intuos3 9x12, Intuos3 12x12,
Oct 14 20:11:38 HOSTNAME /usr/libexec/gdm-x-session[1040]:         Intuos3 12x19, Intuos3 6x11, Intuos3 4x6, Intuos4 4x6, Intuos4 6x9,
Oct 14 20:11:38 HOSTNAME /usr/libexec/gdm-x-session[1040]:         Intuos4 8x13, Intuos4 12x19, Intuos4 WL USB Endpoint,
Oct 14 20:11:38 HOSTNAME /usr/libexec/gdm-x-session[1040]:         Intuos4 WL Bluetooth Endpoint, Intuos5 touch S, Intuos5 touch M,
Oct 14 20:11:38 HOSTNAME /usr/libexec/gdm-x-session[1040]:         Intuos5 touch L, Intuos5 S, Intuos5 M, Intuos Pro S, Intuos Pro M,
Oct 14 20:11:38 HOSTNAME /usr/libexec/gdm-x-session[1040]:         Intuos Pro L, Cintiq 21UX, Cintiq 20WSX, Cintiq 12WX, Cintiq 21UX2,
Oct 14 20:11:38 HOSTNAME /usr/libexec/gdm-x-session[1040]:         Cintiq 24HD, Cintiq 22HD, Cintiq 24HD touch (EMR digitizer),
Oct 14 20:11:38 HOSTNAME /usr/libexec/gdm-x-session[1040]:         Cintiq 13HD, DTK2241, DTH2242, Cintiq 22HDT, Cintiq 27QHDT,
Oct 14 20:11:38 HOSTNAME /usr/libexec/gdm-x-session[1040]:         Cintiq 27QHDT, Mobilestudio Pro 13, MobileStudio Pro 16,
Oct 14 20:11:38 HOSTNAME /usr/libexec/gdm-x-session[1040]:         MobileStudio Pro 13, MobileStudio Pro 16, Cintiq 13 FHD Pro,
Oct 14 20:11:38 HOSTNAME /usr/libexec/gdm-x-session[1040]:         Cintiq 16 UHD Pro, Cintiq Pro 24, Cintiq Pro 32, Cintiq 13 FHD Pro,
Oct 14 20:11:38 HOSTNAME /usr/libexec/gdm-x-session[1040]:         Cintiq 16 UHD Pro, Cintiq Pro 24, Cintiq Pro 32, Cintiq Pro 24,
Oct 14 20:11:38 HOSTNAME /usr/libexec/gdm-x-session[1040]:         Mobilestudio Pro 13, MobileStudio Pro 16, MobileStudio Pro 13,
Oct 14 20:11:38 HOSTNAME /usr/libexec/gdm-x-session[1040]:         MobileStudio Pro 16, MobileStudio Pro 16, MobileStudio Pro 16,
Oct 14 20:11:38 HOSTNAME /usr/libexec/gdm-x-session[1040]:         TabletPC 0x90, TabletPC 0x93, TabletPC 0x97, TabletPC 0x9A,
Oct 14 20:11:38 HOSTNAME /usr/libexec/gdm-x-session[1040]:         CapPlus  0x9F, TabletPC 0xE2, TabletPC 0xE3, TabletPC 0xE5,
Oct 14 20:11:38 HOSTNAME /usr/libexec/gdm-x-session[1040]:         TabletPC 0xE6, TabletPC 0xEC, TabletPC 0xED, TabletPC 0xEF,
Oct 14 20:11:38 HOSTNAME /usr/libexec/gdm-x-session[1040]:         TabletPC 0x100, TabletPC 0x101, TabletPC 0x10D, TabletPC 0x116,
Oct 14 20:11:38 HOSTNAME /usr/libexec/gdm-x-session[1040]:         TabletPC 0x12C, TabletPC 0x4001, TabletPC 0x4004, TabletPC 0x5000,
Oct 14 20:11:38 HOSTNAME /usr/libexec/gdm-x-session[1040]:         TabletPC 0x5002, usb:172f:0024, usb:172f:0025, usb:172f:0026,
Oct 14 20:11:38 HOSTNAME /usr/libexec/gdm-x-session[1040]:         usb:172f:0027, usb:172f:0028, usb:172f:0030, usb:172f:0031,
Oct 14 20:11:38 HOSTNAME /usr/libexec/gdm-x-session[1040]:         usb:172f:0032, usb:172f:0033, usb:172f:0034, usb:172f:0035,
Oct 14 20:11:38 HOSTNAME /usr/libexec/gdm-x-session[1040]:         usb:172f:0036, usb:172f:0037, usb:172f:0038, usb:172f:0039,
Oct 14 20:11:38 HOSTNAME /usr/libexec/gdm-x-session[1040]:         usb:172f:0051, usb:172f:0052, usb:172f:0053, usb:172f:0054,
Oct 14 20:11:38 HOSTNAME /usr/libexec/gdm-x-session[1040]:         usb:172f:0055, usb:172f:0056, usb:172f:0057, usb:172f:0058,
Oct 14 20:11:38 HOSTNAME /usr/libexec/gdm-x-session[1040]:         usb:172f:0500, usb:172f:0501, usb:172f:0502, usb:172f:0503,
Oct 14 20:11:38 HOSTNAME /usr/libexec/gdm-x-session[1040]:         usb:1b96:0001, usb:17ef:6004
Oct 14 20:11:38 HOSTNAME /usr/libexec/gdm-x-session[1040]: (II) Using input driver 'wacom' for 'Wacom ISD-V4 Pen'
Oct 14 20:11:38 HOSTNAME /usr/libexec/gdm-x-session[1040]: (II) systemd-logind: got fd for /dev/input/event10 13:74 fd 37 paused 0
Oct 14 20:11:38 HOSTNAME /usr/libexec/gdm-x-session[1040]: (**) Wacom ISD-V4 Pen: always reports core events
Oct 14 20:11:38 HOSTNAME /usr/libexec/gdm-x-session[1040]: (**) Option "Device" "/dev/input/event10"
Oct 14 20:11:38 HOSTNAME /usr/libexec/gdm-x-session[1040]: (II) wacom: Wacom ISD-V4 Pen: type not specified, assuming 'stylus'.
Oct 14 20:11:38 HOSTNAME /usr/libexec/gdm-x-session[1040]: (II) wacom: Wacom ISD-V4 Pen: other types will be automatically added.
Oct 14 20:11:38 HOSTNAME /usr/libexec/gdm-x-session[1040]: (--) wacom: Wacom ISD-V4 Pen stylus: using pressure threshold of 851 for button 1
Oct 14 20:11:38 HOSTNAME /usr/libexec/gdm-x-session[1040]: (**) wacom: Wacom ISD-V4 Pen stylus: panscroll is 0
Oct 14 20:11:38 HOSTNAME /usr/libexec/gdm-x-session[1040]: (**) wacom: Wacom ISD-V4 Pen stylus: panscroll modified to 1300
Oct 14 20:11:38 HOSTNAME /usr/libexec/gdm-x-session[1040]: (--) wacom: Wacom ISD-V4 Pen stylus: maxX=27559 maxY=15494 maxZ=2047 resX=100000 resY=100000  tilt=enabled
Oct 14 20:11:38 HOSTNAME /usr/libexec/gdm-x-session[1040]: (II) wacom: Wacom ISD-V4 Pen stylus: hotplugging dependent devices.
Oct 14 20:11:38 HOSTNAME /usr/libexec/gdm-x-session[1040]: (II) wacom: Wacom ISD-V4 Pen stylus: hotplugging completed.
Oct 14 20:11:38 HOSTNAME /usr/libexec/gdm-x-session[1040]: (**) Option "config_info" "udev:/sys/devices/pci0000:00/0000:00:14.0/usb1/1-8/1-8:1.0/0003:056A:014E.0007/input/input16/event10"
Oct 14 20:11:38 HOSTNAME /usr/libexec/gdm-x-session[1040]: (II) XINPUT: Adding extended input device "Wacom ISD-V4 Pen stylus" (type: STYLUS, id 13)
Oct 14 20:11:38 HOSTNAME /usr/libexec/gdm-x-session[1040]: (**) Wacom ISD-V4 Pen stylus: (accel) keeping acceleration scheme 1
Oct 14 20:11:38 HOSTNAME /usr/libexec/gdm-x-session[1040]: (**) Wacom ISD-V4 Pen stylus: (accel) acceleration profile 0
Oct 14 20:11:38 HOSTNAME /usr/libexec/gdm-x-session[1040]: (**) Wacom ISD-V4 Pen stylus: (accel) acceleration factor: 2.000
Oct 14 20:11:38 HOSTNAME /usr/libexec/gdm-x-session[1040]: (**) Wacom ISD-V4 Pen stylus: (accel) acceleration threshold: 4
Oct 14 20:11:38 HOSTNAME /usr/libexec/gdm-x-session[1040]: (II) config/udev: Adding input device Wacom ISD-V4 Pen (/dev/input/mouse3)
Oct 14 20:11:38 HOSTNAME /usr/libexec/gdm-x-session[1040]: (II) No input driver specified, ignoring this device.
Oct 14 20:11:38 HOSTNAME /usr/libexec/gdm-x-session[1040]: (II) This device may have been added with another device file.
Oct 14 20:11:38 HOSTNAME /usr/libexec/gdm-x-session[1040]: (II) config/udev: Adding input device HDA Intel PCH Dock Mic (/dev/input/event14)
Oct 14 20:11:38 HOSTNAME /usr/libexec/gdm-x-session[1040]: (II) No input driver specified, ignoring this device.
Oct 14 20:11:38 HOSTNAME /usr/libexec/gdm-x-session[1040]: (II) This device may have been added with another device file.
Oct 14 20:11:38 HOSTNAME /usr/libexec/gdm-x-session[1040]: (II) config/udev: Adding input device HDA Intel PCH Mic (/dev/input/event15)
Oct 14 20:11:38 HOSTNAME /usr/libexec/gdm-x-session[1040]: (II) No input driver specified, ignoring this device.
Oct 14 20:11:38 HOSTNAME /usr/libexec/gdm-x-session[1040]: (II) This device may have been added with another device file.
Oct 14 20:11:38 HOSTNAME /usr/libexec/gdm-x-session[1040]: (II) config/udev: Adding input device HDA Intel PCH Headphone (/dev/input/event16)
Oct 14 20:11:38 HOSTNAME /usr/libexec/gdm-x-session[1040]: (II) No input driver specified, ignoring this device.
Oct 14 20:11:38 HOSTNAME /usr/libexec/gdm-x-session[1040]: (II) This device may have been added with another device file.
Oct 14 20:11:38 HOSTNAME /usr/libexec/gdm-x-session[1040]: (II) config/udev: Adding input device HDA Intel PCH Dock Headphone (/dev/input/event17)
Oct 14 20:11:38 HOSTNAME /usr/libexec/gdm-x-session[1040]: (II) No input driver specified, ignoring this device.
Oct 14 20:11:38 HOSTNAME /usr/libexec/gdm-x-session[1040]: (II) This device may have been added with another device file.
Oct 14 20:11:38 HOSTNAME /usr/libexec/gdm-x-session[1040]: (II) config/udev: Adding input device HDA Intel PCH HDMI/DP,pcm=3 (/dev/input/event18)
Oct 14 20:11:38 HOSTNAME /usr/libexec/gdm-x-session[1040]: (II) No input driver specified, ignoring this device.
Oct 14 20:11:38 HOSTNAME /usr/libexec/gdm-x-session[1040]: (II) This device may have been added with another device file.
Oct 14 20:11:38 HOSTNAME /usr/libexec/gdm-x-session[1040]: (II) config/udev: Adding input device HDA Intel PCH HDMI/DP,pcm=7 (/dev/input/event19)
Oct 14 20:11:38 HOSTNAME /usr/libexec/gdm-x-session[1040]: (II) No input driver specified, ignoring this device.
Oct 14 20:11:38 HOSTNAME /usr/libexec/gdm-x-session[1040]: (II) This device may have been added with another device file.
Oct 14 20:11:38 HOSTNAME /usr/libexec/gdm-x-session[1040]: (II) config/udev: Adding input device HDA Intel PCH HDMI/DP,pcm=8 (/dev/input/event20)
Oct 14 20:11:38 HOSTNAME /usr/libexec/gdm-x-session[1040]: (II) No input driver specified, ignoring this device.
Oct 14 20:11:38 HOSTNAME /usr/libexec/gdm-x-session[1040]: (II) This device may have been added with another device file.
Oct 14 20:11:38 HOSTNAME /usr/libexec/gdm-x-session[1040]: (II) config/udev: Adding input device HDA Intel PCH HDMI/DP,pcm=9 (/dev/input/event21)
Oct 14 20:11:38 HOSTNAME /usr/libexec/gdm-x-session[1040]: (II) No input driver specified, ignoring this device.
Oct 14 20:11:38 HOSTNAME /usr/libexec/gdm-x-session[1040]: (II) This device may have been added with another device file.
Oct 14 20:11:38 HOSTNAME /usr/libexec/gdm-x-session[1040]: (II) config/udev: Adding input device HDA Intel PCH HDMI/DP,pcm=10 (/dev/input/event22)
Oct 14 20:11:38 HOSTNAME /usr/libexec/gdm-x-session[1040]: (II) No input driver specified, ignoring this device.
Oct 14 20:11:38 HOSTNAME /usr/libexec/gdm-x-session[1040]: (II) This device may have been added with another device file.
Oct 14 20:11:38 HOSTNAME /usr/libexec/gdm-x-session[1040]: (II) config/udev: Adding input device AT Translated Set 2 keyboard (/dev/input/event2)
Oct 14 20:11:38 HOSTNAME /usr/libexec/gdm-x-session[1040]: (**) AT Translated Set 2 keyboard: Applying InputClass "libinput keyboard catchall"
Oct 14 20:11:38 HOSTNAME /usr/libexec/gdm-x-session[1040]: (II) Using input driver 'libinput' for 'AT Translated Set 2 keyboard'
Oct 14 20:11:38 HOSTNAME /usr/libexec/gdm-x-session[1040]: (II) systemd-logind: got fd for /dev/input/event2 13:66 fd 38 paused 0
Oct 14 20:11:38 HOSTNAME /usr/libexec/gdm-x-session[1040]: (**) AT Translated Set 2 keyboard: always reports core events
Oct 14 20:11:38 HOSTNAME /usr/libexec/gdm-x-session[1040]: (**) Option "Device" "/dev/input/event2"
Oct 14 20:11:38 HOSTNAME /usr/libexec/gdm-x-session[1040]: (II) event2  - AT Translated Set 2 keyboard: is tagged by udev as: Keyboard
Oct 14 20:11:38 HOSTNAME /usr/libexec/gdm-x-session[1040]: (II) event2  - AT Translated Set 2 keyboard: device is a keyboard
Oct 14 20:11:38 HOSTNAME /usr/libexec/gdm-x-session[1040]: (II) event2  - AT Translated Set 2 keyboard: device removed
Oct 14 20:11:38 HOSTNAME /usr/libexec/gdm-x-session[1040]: (**) Option "config_info" "udev:/sys/devices/platform/i8042/serio0/input/input2/event2"
Oct 14 20:11:38 HOSTNAME /usr/libexec/gdm-x-session[1040]: (II) XINPUT: Adding extended input device "AT Translated Set 2 keyboard" (type: KEYBOARD, id 14)
Oct 14 20:11:38 HOSTNAME /usr/libexec/gdm-x-session[1040]: (**) Option "xkb_layout" "us"
Oct 14 20:11:38 HOSTNAME /usr/libexec/gdm-x-session[1040]: (II) event2  - AT Translated Set 2 keyboard: is tagged by udev as: Keyboard
Oct 14 20:11:38 HOSTNAME /usr/libexec/gdm-x-session[1040]: (II) event2  - AT Translated Set 2 keyboard: device is a keyboard
Oct 14 20:11:38 HOSTNAME /usr/libexec/gdm-x-session[1040]: (II) config/udev: Adding input device ETPS/2 Elantech Touchpad (/dev/input/event3)
Oct 14 20:11:38 HOSTNAME /usr/libexec/gdm-x-session[1040]: (**) ETPS/2 Elantech Touchpad: Applying InputClass "libinput touchpad catchall"
Oct 14 20:11:38 HOSTNAME /usr/libexec/gdm-x-session[1040]: (**) ETPS/2 Elantech Touchpad: Applying InputClass "touchpad catchall"
Oct 14 20:11:38 HOSTNAME /usr/libexec/gdm-x-session[1040]: (**) ETPS/2 Elantech Touchpad: Applying InputClass "Default clickpad buttons"
Oct 14 20:11:38 HOSTNAME /usr/libexec/gdm-x-session[1040]: (II) LoadModule: "synaptics"
Oct 14 20:11:38 HOSTNAME /usr/libexec/gdm-x-session[1040]: (II) Loading /usr/lib/xorg/modules/input/synaptics_drv.so
Oct 14 20:11:38 HOSTNAME /usr/libexec/gdm-x-session[1040]: (II) Module synaptics: vendor="X.Org Foundation"
Oct 14 20:11:38 HOSTNAME /usr/libexec/gdm-x-session[1040]:         compiled for 1.20.8, module version = 1.9.1
Oct 14 20:11:38 HOSTNAME /usr/libexec/gdm-x-session[1040]:         Module class: X.Org XInput Driver
Oct 14 20:11:38 HOSTNAME /usr/libexec/gdm-x-session[1040]:         ABI class: X.Org XInput driver, version 24.1
Oct 14 20:11:38 HOSTNAME /usr/libexec/gdm-x-session[1040]: (II) Using input driver 'synaptics' for 'ETPS/2 Elantech Touchpad'
Oct 14 20:11:38 HOSTNAME /usr/libexec/gdm-x-session[1040]: (II) systemd-logind: got fd for /dev/input/event3 13:67 fd 39 paused 0
Oct 14 20:11:38 HOSTNAME /usr/libexec/gdm-x-session[1040]: (**) ETPS/2 Elantech Touchpad: always reports core events
Oct 14 20:11:38 HOSTNAME /usr/libexec/gdm-x-session[1040]: (**) Option "Device" "/dev/input/event3"
Oct 14 20:11:38 HOSTNAME /usr/libexec/gdm-x-session[1040]: (--) synaptics: ETPS/2 Elantech Touchpad: x-axis range 0 - 2271 (res 32)
Oct 14 20:11:38 HOSTNAME /usr/libexec/gdm-x-session[1040]: (--) synaptics: ETPS/2 Elantech Touchpad: y-axis range 0 - 1304 (res 32)
Oct 14 20:11:38 HOSTNAME /usr/libexec/gdm-x-session[1040]: (--) synaptics: ETPS/2 Elantech Touchpad: pressure range 0 - 255
Oct 14 20:11:38 HOSTNAME /usr/libexec/gdm-x-session[1040]: (--) synaptics: ETPS/2 Elantech Touchpad: finger width range 0 - 15
Oct 14 20:11:38 HOSTNAME /usr/libexec/gdm-x-session[1040]: (--) synaptics: ETPS/2 Elantech Touchpad: buttons: left right double triple
Oct 14 20:11:38 HOSTNAME /usr/libexec/gdm-x-session[1040]: (--) synaptics: ETPS/2 Elantech Touchpad: Vendor 0x2 Product 0xe
Oct 14 20:11:38 HOSTNAME /usr/libexec/gdm-x-session[1040]: (--) synaptics: ETPS/2 Elantech Touchpad: touchpad found
Oct 14 20:11:38 HOSTNAME /usr/libexec/gdm-x-session[1040]: (**) ETPS/2 Elantech Touchpad: always reports core events
Oct 14 20:11:38 HOSTNAME /usr/libexec/gdm-x-session[1040]: (**) Option "config_info" "udev:/sys/devices/platform/i8042/serio1/input/input4/event3"
Oct 14 20:11:38 HOSTNAME /usr/libexec/gdm-x-session[1040]: (II) XINPUT: Adding extended input device "ETPS/2 Elantech Touchpad" (type: TOUCHPAD, id 15)
Oct 14 20:11:38 HOSTNAME /usr/libexec/gdm-x-session[1040]: (**) synaptics: ETPS/2 Elantech Touchpad: (accel) MinSpeed is now constant deceleration 2.5
Oct 14 20:11:38 HOSTNAME /usr/libexec/gdm-x-session[1040]: (**) synaptics: ETPS/2 Elantech Touchpad: (accel) MaxSpeed is now 1.75
Oct 14 20:11:38 HOSTNAME /usr/libexec/gdm-x-session[1040]: (**) synaptics: ETPS/2 Elantech Touchpad: (accel) AccelFactor is now 0.076
Oct 14 20:11:38 HOSTNAME /usr/libexec/gdm-x-session[1040]: (**) ETPS/2 Elantech Touchpad: (accel) keeping acceleration scheme 1
Oct 14 20:11:38 HOSTNAME /usr/libexec/gdm-x-session[1040]: (**) ETPS/2 Elantech Touchpad: (accel) acceleration profile 1
Oct 14 20:11:38 HOSTNAME /usr/libexec/gdm-x-session[1040]: (**) ETPS/2 Elantech Touchpad: (accel) acceleration factor: 2.000
Oct 14 20:11:38 HOSTNAME /usr/libexec/gdm-x-session[1040]: (**) ETPS/2 Elantech Touchpad: (accel) acceleration threshold: 4
Oct 14 20:11:38 HOSTNAME /usr/libexec/gdm-x-session[1040]: (--) synaptics: ETPS/2 Elantech Touchpad: touchpad found
Oct 14 20:11:38 HOSTNAME /usr/libexec/gdm-x-session[1040]: (II) config/udev: Adding input device ETPS/2 Elantech Touchpad (/dev/input/mouse0)
Oct 14 20:11:38 HOSTNAME /usr/libexec/gdm-x-session[1040]: (**) ETPS/2 Elantech Touchpad: Ignoring device from InputClass "touchpad ignore duplicates"
Oct 14 20:11:38 HOSTNAME /usr/libexec/gdm-x-session[1040]: (**) Wacom ISD-V4 Pen eraser: Applying InputClass "libinput tablet catchall"
Oct 14 20:11:38 HOSTNAME /usr/libexec/gdm-x-session[1040]: (**) Wacom ISD-V4 Pen eraser: Applying InputClass "Wacom USB tablet class"
Oct 14 20:11:38 HOSTNAME /usr/libexec/gdm-x-session[1040]: (**) Wacom ISD-V4 Pen eraser: Applying InputClass "Wacom tablet class"
Oct 14 20:11:38 HOSTNAME /usr/libexec/gdm-x-session[1040]: (II) Using input driver 'wacom' for 'Wacom ISD-V4 Pen eraser'
Oct 14 20:11:38 HOSTNAME /usr/libexec/gdm-x-session[1040]: (II) systemd-logind: returning pre-existing fd for /dev/input/event10 13:74
Oct 14 20:11:38 HOSTNAME /usr/libexec/gdm-x-session[1040]: (**) Wacom ISD-V4 Pen eraser: always reports core events
Oct 14 20:11:38 HOSTNAME /usr/libexec/gdm-x-session[1040]: (**) Option "Device" "/dev/input/event10"
Oct 14 20:11:38 HOSTNAME /usr/libexec/gdm-x-session[1040]: (**) Option "Type" "eraser"
Oct 14 20:11:38 HOSTNAME /usr/libexec/gdm-x-session[1040]: (**) wacom: Wacom ISD-V4 Pen eraser: panscroll is 1300
Oct 14 20:11:38 HOSTNAME /usr/libexec/gdm-x-session[1040]: (**) wacom: Wacom ISD-V4 Pen eraser: panscroll modified to 1300
Oct 14 20:11:38 HOSTNAME /usr/libexec/gdm-x-session[1040]: (--) wacom: Wacom ISD-V4 Pen eraser: maxX=27559 maxY=15494 maxZ=2047 resX=100000 resY=100000  tilt=enabled
Oct 14 20:11:38 HOSTNAME /usr/libexec/gdm-x-session[1040]: (**) Option "config_info" "udev:/sys/devices/pci0000:00/0000:00:14.0/usb1/1-8/1-8:1.0/0003:056A:014E.0007/input/input16/event10"
Oct 14 20:11:38 HOSTNAME /usr/libexec/gdm-x-session[1040]: (II) XINPUT: Adding extended input device "Wacom ISD-V4 Pen eraser" (type: ERASER, id 16)
Oct 14 20:11:38 HOSTNAME /usr/libexec/gdm-x-session[1040]: (**) Wacom ISD-V4 Pen eraser: (accel) keeping acceleration scheme 1
Oct 14 20:11:38 HOSTNAME /usr/libexec/gdm-x-session[1040]: (**) Wacom ISD-V4 Pen eraser: (accel) acceleration profile 0
Oct 14 20:11:38 HOSTNAME /usr/libexec/gdm-x-session[1040]: (**) Wacom ISD-V4 Pen eraser: (accel) acceleration factor: 2.000
Oct 14 20:11:38 HOSTNAME /usr/libexec/gdm-x-session[1040]: (**) Wacom ISD-V4 Pen eraser: (accel) acceleration threshold: 4
