[    11.850] (--) Log file renamed from "/var/log/Xorg.pid-3410.log" to "/var/log/Xorg.0.log"
[    11.852] 
X.Org X Server 1.21.1.7
X Protocol Version 11, Revision 0
[    11.852] Current Operating System: Linux HOSTNAME 6.1.19-gentoo #5 SMP PREEMPT_DYNAMIC Tue Mar 28 13:01:53 CEST 2023 x86_64
[    11.852] Kernel command line: BOOT_IMAGE=Linux.Gentoo ro USERNAME=804 pti=off mitigations=off nvidia-drm.modeset=1 nvidia-drm.fbdev=1
[    11.852]  
[    11.852] Current version of pixman: 0.42.2
[    11.852] 	Before reporting problems, check http://wiki.x.org
	to make sure that you have the latest version.
[    11.852] Markers: (--) probed, (**) from config file, (==) default setting,
	(++) from command line, (!!) notice, (II) informational,
	(WW) warning, (EE) error, (NI) not implemented, (??) unknown.
[    11.852] (==) Log file: "/var/log/Xorg.0.log", Time: Tue Mar 28 16:39:11 2023
[    11.852] (==) Using config file: "/etc/X11/xorg.conf"
[    11.852] (==) Using system config directory "/usr/share/X11/xorg.conf.d"
[    11.854] (==) ServerLayout "Layout0"
[    11.854] (**) |-->Screen "Screen0" (0)
[    11.854] (**) |   |-->Monitor "Monitor0"
[    11.854] (**) |   |-->Device "Device0"
[    11.854] (**) |-->Input Device "Keyboard0"
[    11.854] (**) |-->Input Device "Mouse0"
[    11.854] (**) Option "Xinerama" "0"
[    11.854] (==) Automatically adding devices
[    11.854] (==) Automatically enabling devices
[    11.854] (==) Automatically adding GPU devices
[    11.854] (==) Automatically binding GPU devices
[    11.854] (==) Max clients allowed: 256, resource mask: 0x1fffff
[    11.855] (WW) The directory "/usr/share/fonts/misc" does not exist.
[    11.855] 	Entry deleted from font path.
[    11.855] (WW) The directory "/usr/share/fonts/TTF" does not exist.
[    11.855] 	Entry deleted from font path.
[    11.855] (WW) The directory "/usr/share/fonts/OTF" does not exist.
[    11.855] 	Entry deleted from font path.
[    11.855] (WW) The directory "/usr/share/fonts/Type1" does not exist.
[    11.855] 	Entry deleted from font path.
[    11.855] (WW) The directory "/usr/share/fonts/100dpi" does not exist.
[    11.855] 	Entry deleted from font path.
[    11.855] (WW) The directory "/usr/share/fonts/75dpi" does not exist.
[    11.855] 	Entry deleted from font path.
[    11.855] (==) FontPath set to:
	
[    11.855] (==) ModulePath set to "/usr/lib64/xorg/modules"
[    11.855] (WW) Hotplugging is on, devices using drivers 'kbd', 'mouse' or 'vmmouse' will be disabled.
[    11.855] (WW) Disabling Keyboard0
[    11.855] (WW) Disabling Mouse0
[    11.855] (II) Module ABI versions:
[    11.855] 	X.Org ANSI C Emulation: 0.4
[    11.855] 	X.Org Video Driver: 25.2
[    11.855] 	X.Org XInput driver : 24.4
[    11.855] 	X.Org Server Extension : 10.0
[    11.855] (++) using VT number 7

[    11.855] (II) systemd-logind: logind integration requires -keeptty and -keeptty was not provided, disabling logind integration
[    11.856] (II) xfree86: Adding drm device (/dev/dri/card1)
[    11.856] (II) Platform probe for /sys/devices/pci0000:00/0000:00:02.0/0000:02:00.0/drm/card1
[    12.165] (II) xfree86: Adding drm device (/dev/dri/card0)
[    12.165] (II) Platform probe for /sys/devices/platform/vkms/drm/card0
[    12.191] (--) PCI:*(2@0:0:0) 10de:2204:1043:87af rev 161, Mem @ 0xc6000000/16777216, 0xb0000000/268435456, 0xc0000000/33554432, I/O @ 0x00006000/128, BIOS @ 0x????????/131072
[    12.191] (II) LoadModule: "glx"
[    12.192] (II) Loading /usr/lib64/xorg/modules/extensions/libglx.so
[    12.199] (II) Module glx: vendor="X.Org Foundation"
[    12.199] 	compiled for 1.21.1.7, module version = 1.0.0
[    12.199] 	ABI class: X.Org Server Extension, version 10.0
[    12.199] (II) LoadModule: "nvidia"
[    12.199] (II) Loading /usr/lib64/xorg/modules/drivers/nvidia_drv.so
[    12.204] (II) Module nvidia: vendor="NVIDIA Corporation"
[    12.204] 	compiled for 1.6.99.901, module version = 1.0.0
[    12.205] 	Module class: X.Org Video Driver
[    12.205] (II) NVIDIA dlloader X Driver  525.89.02  Wed Feb  1 23:14:37 UTC 2023
[    12.205] (II) NVIDIA Unified Driver for all Supported NVIDIA GPUs
[    12.217] (II) Loading sub module "fb"
[    12.217] (II) LoadModule: "fb"
[    12.217] (II) Module "fb" already built-in
[    12.217] (II) Loading sub module "wfb"
[    12.217] (II) LoadModule: "wfb"
[    12.217] (II) Loading /usr/lib64/xorg/modules/libwfb.so
[    12.218] (II) Module wfb: vendor="X.Org Foundation"
[    12.218] 	compiled for 1.21.1.7, module version = 1.0.0
[    12.218] 	ABI class: X.Org ANSI C Emulation, version 0.4
[    12.218] (II) Loading sub module "ramdac"
[    12.218] (II) LoadModule: "ramdac"
[    12.218] (II) Module "ramdac" already built-in
[    12.219] (**) NVIDIA(0): Depth 24, (--) framebuffer bpp 32
[    12.219] (==) NVIDIA(0): RGB weight 888
[    12.219] (==) NVIDIA(0): Default visual is TrueColor
[    12.219] (==) NVIDIA(0): Using gamma correction (1.0, 1.0, 1.0)
[    12.219] (**) NVIDIA(0): Option "Stereo" "0"
[    12.219] (**) NVIDIA(0): Option "nvidiaXineramaInfoOrder" "DFP-6"
[    12.219] (**) NVIDIA(0): Option "SLI" "Off"
[    12.219] (**) NVIDIA(0): Option "MultiGPU" "Off"
[    12.219] (**) NVIDIA(0): Option "BaseMosaic" "off"
[    12.219] (**) NVIDIA(0): Stereo disabled by request
[    12.219] (**) NVIDIA(0): NVIDIA SLI disabled.
[    12.219] (**) NVIDIA(0): NVIDIA Multi-GPU disabled.
[    12.219] (**) NVIDIA(0): Option "MetaModes" "DP-1: nvidia-auto-select +0+420, DP-4: nvidia-auto-select +1920+240, DP-3: nvidia-auto-select +4480+0 {rotation=left}, HDMI-1: nvidia-auto-select +2240+1680"
[    12.219] (**) NVIDIA(0): Enabling 2D acceleration
[    12.219] (II) Loading sub module "glxserver_nvidia"
[    12.219] (II) LoadModule: "glxserver_nvidia"
[    12.219] (II) Loading /usr/lib64/xorg/modules/extensions/libglxserver_nvidia.so
[    12.267] (II) Module glxserver_nvidia: vendor="NVIDIA Corporation"
[    12.267] 	compiled for 1.6.99.901, module version = 1.0.0
[    12.267] 	Module class: X.Org Server Extension
[    12.267] (II) NVIDIA GLX Module  525.89.02  Wed Feb  1 23:13:01 UTC 2023
[    12.268] (II) NVIDIA: The X server supports PRIME Render Offload.
[    12.269] (--) NVIDIA(0): Valid display device(s) on GPU-0 at PCI:2:0:0
[    12.269] (--) NVIDIA(0):     DFP-0
[    12.269] (--) NVIDIA(0):     DFP-1
[    12.269] (--) NVIDIA(0):     DFP-2
[    12.269] (--) NVIDIA(0):     DFP-3
[    12.269] (--) NVIDIA(0):     DFP-4
[    12.269] (--) NVIDIA(0):     DFP-5
[    12.269] (--) NVIDIA(0):     DFP-6 (boot)
[    12.269] (--) NVIDIA(0):     DFP-7
[    12.269] (II) NVIDIA(0): NVIDIA GPU NVIDIA GeForce RTX 3090 (GA102-A) at PCI:2:0:0
[    12.269] (II) NVIDIA(0):     (GPU-0)
[    12.269] (--) NVIDIA(0): Memory: 25165824 kBytes
[    12.269] (--) NVIDIA(0): VideoBIOS: 94.02.42.00.a9
[    12.269] (II) NVIDIA(0): Detected PCI Express Link width: 16X
[    12.270] (--) NVIDIA(GPU-0): DFP-0: disconnected
[    12.270] (--) NVIDIA(GPU-0): DFP-0: Internal DisplayPort
[    12.270] (--) NVIDIA(GPU-0): DFP-0: 2670.0 MHz maximum pixel clock
[    12.270] (--) NVIDIA(GPU-0): 
[    12.301] (--) NVIDIA(GPU-0): Samsung SyncMaster (DFP-1): connected
[    12.301] (--) NVIDIA(GPU-0): Samsung SyncMaster (DFP-1): Internal TMDS
[    12.301] (--) NVIDIA(GPU-0): Samsung SyncMaster (DFP-1): 165.0 MHz maximum pixel clock
[    12.301] (--) NVIDIA(GPU-0): 
[    12.301] (--) NVIDIA(GPU-0): DFP-2: disconnected
[    12.301] (--) NVIDIA(GPU-0): DFP-2: Internal TMDS
[    12.301] (--) NVIDIA(GPU-0): DFP-2: 165.0 MHz maximum pixel clock
[    12.301] (--) NVIDIA(GPU-0): 
[    12.301] (--) NVIDIA(GPU-0): DFP-3: disconnected
[    12.301] (--) NVIDIA(GPU-0): DFP-3: Internal DisplayPort
[    12.301] (--) NVIDIA(GPU-0): DFP-3: 2670.0 MHz maximum pixel clock
[    12.301] (--) NVIDIA(GPU-0): 
[    12.397] (--) NVIDIA(GPU-0): Asustek Computer Inc ASUS VA24E (DFP-4): connected
[    12.397] (--) NVIDIA(GPU-0): Asustek Computer Inc ASUS VA24E (DFP-4): Internal TMDS
[    12.397] (--) NVIDIA(GPU-0): Asustek Computer Inc ASUS VA24E (DFP-4): 340.0 MHz maximum pixel clock
[    12.397] (--) NVIDIA(GPU-0): 
[    12.441] (--) NVIDIA(GPU-0): UGD ID160FH (DFP-5): connected
[    12.441] (--) NVIDIA(GPU-0): UGD ID160FH (DFP-5): Internal TMDS
[    12.441] (--) NVIDIA(GPU-0): UGD ID160FH (DFP-5): 600.0 MHz maximum pixel clock
[    12.441] (--) NVIDIA(GPU-0): 
[    12.441] (--) NVIDIA(GPU-0): Eizo EV2736W (DFP-6): connected
[    12.441] (--) NVIDIA(GPU-0): Eizo EV2736W (DFP-6): Internal DisplayPort
[    12.441] (--) NVIDIA(GPU-0): Eizo EV2736W (DFP-6): 2670.0 MHz maximum pixel clock
[    12.441] (--) NVIDIA(GPU-0): 
[    12.443] (--) NVIDIA(GPU-0): DFP-7: disconnected
[    12.443] (--) NVIDIA(GPU-0): DFP-7: Internal TMDS
[    12.443] (--) NVIDIA(GPU-0): DFP-7: 165.0 MHz maximum pixel clock
[    12.443] (--) NVIDIA(GPU-0): 
[    12.691] (II) NVIDIA(0): Validated MetaModes:
[    12.691] (II) NVIDIA(0):    
[    12.691] (II) NVIDIA(0):     "DP-1:nvidia-auto-select+0+420,DP-4:nvidia-auto-select+1920+240,DP-3:nvidia-auto-select+4480+0{rotation=left},HDMI-1:nvidia-auto-select+2240+1680"
[    12.691] (II) NVIDIA(0): Virtual screen size determined to be 5560 x 2760
[    12.736] (--) NVIDIA(0): DPI set to (92, 91); computed from "UseEdidDpi" X config
[    12.736] (--) NVIDIA(0):     option
[    12.736] (II) NVIDIA: Reserving 24576.00 MB of virtual memory for indirect memory
[    12.736] (II) NVIDIA:     access.
[    12.745] (II) NVIDIA(0): ACPI: failed to connect to the ACPI event daemon; the daemon
[    12.745] (II) NVIDIA(0):     may not be running or the "AcpidSocketPath" X
[    12.745] (II) NVIDIA(0):     configuration option may not be set correctly.  When the
[    12.745] (II) NVIDIA(0):     ACPI event daemon is available, the NVIDIA X driver will
[    12.745] (II) NVIDIA(0):     try to use it to receive ACPI event notifications.  For
[    12.745] (II) NVIDIA(0):     details, please see the "ConnectToAcpid" and
[    12.745] (II) NVIDIA(0):     "AcpidSocketPath" X configuration options in Appendix B: X
[    12.745] (II) NVIDIA(0):     Config Options in the README.
[    12.773] (II) NVIDIA(0): Setting mode "DP-1:nvidia-auto-select+0+420,DP-4:nvidia-auto-select+1920+240,DP-3:nvidia-auto-select+4480+0{rotation=left},HDMI-1:nvidia-auto-select+2240+1680"
[    12.856] (==) NVIDIA(0): Disabling shared memory pixmaps
[    12.856] (==) NVIDIA(0): Backing store enabled
[    12.856] (==) NVIDIA(0): Silken mouse enabled
[    12.856] (**) NVIDIA(0): DPMS enabled
[    12.857] (II) Loading sub module "dri2"
[    12.857] (II) LoadModule: "dri2"
[    12.857] (II) Module "dri2" already built-in
[    12.857] (II) NVIDIA(0): [DRI2] Setup complete
[    12.857] (II) NVIDIA(0): [DRI2]   VDPAU driver: nvidia
[    12.857] (II) Initializing extension Generic Event Extension
[    12.857] (II) Initializing extension SHAPE
[    12.857] (II) Initializing extension MIT-SHM
[    12.857] (II) Initializing extension XInputExtension
[    12.857] (II) Initializing extension XTEST
[    12.857] (II) Initializing extension BIG-REQUESTS
[    12.857] (II) Initializing extension SYNC
[    12.857] (II) Initializing extension XKEYBOARD
[    12.857] (II) Initializing extension XC-MISC
[    12.857] (II) Initializing extension XFIXES
[    12.857] (II) Initializing extension RENDER
[    12.857] (II) Initializing extension RANDR
[    12.857] (II) Initializing extension COMPOSITE
[    12.857] (II) Initializing extension DAMAGE
[    12.857] (II) Initializing extension MIT-SCREEN-SAVER
[    12.857] (II) Initializing extension DOUBLE-BUFFER
[    12.857] (II) Initializing extension RECORD
[    12.857] (II) Initializing extension DPMS
[    12.857] (II) Initializing extension Present
[    12.857] (II) Initializing extension DRI3
[    12.857] (II) Initializing extension X-Resource
[    12.857] (II) Initializing extension XVideo
[    12.857] (II) Initializing extension XVideo-MotionCompensation
[    12.857] (II) Initializing extension GLX
[    12.857] (II) Initializing extension GLX
[    12.857] (II) Indirect GLX disabled.
[    12.857] (II) GLX: Another vendor is already registered for screen 0
[    12.857] (II) Initializing extension XFree86-VidModeExtension
[    12.857] (II) Initializing extension XFree86-DGA
[    12.857] (II) Initializing extension XFree86-DRI
[    12.857] (II) Initializing extension DRI2
[    12.857] (II) Initializing extension NV-GLX
[    12.857] (II) Initializing extension NV-CONTROL
[    12.857] (II) Initializing extension XINERAMA
[    12.906] (II) config/udev: Adding input device Power Button (/dev/input/event1)
[    12.906] (**) Power Button: Applying InputClass "libinput keyboard catchall"
[    12.906] (II) LoadModule: "libinput"
[    12.907] (II) Loading /usr/lib64/xorg/modules/input/libinput_drv.so
[    12.911] (II) Module libinput: vendor="X.Org Foundation"
[    12.911] 	compiled for 1.21.1.7, module version = 1.2.1
[    12.911] 	Module class: X.Org XInput Driver
[    12.911] 	ABI class: X.Org XInput driver, version 24.4
[    12.911] (II) Using input driver 'libinput' for 'Power Button'
[    12.911] (**) Power Button: always reports core events
[    12.911] (**) Option "Device" "/dev/input/event1"
[    12.919] (II) event1  - Power Button: is tagged by udev as: Keyboard
[    12.919] (II) event1  - Power Button: device is a keyboard
[    12.919] (II) event1  - Power Button: device removed
[    12.953] (**) Option "config_info" "udev:/sys/devices/LNXSYSTM:00/LNXPWRBN:00/input/input1/event1"
[    12.953] (II) XINPUT: Adding extended input device "Power Button" (type: KEYBOARD, id 6)
[    12.954] (II) event1  - Power Button: is tagged by udev as: Keyboard
[    12.954] (II) event1  - Power Button: device is a keyboard
[    12.954] (II) config/udev: Adding input device Power Button (/dev/input/event0)
[    12.954] (**) Power Button: Applying InputClass "libinput keyboard catchall"
[    12.954] (II) Using input driver 'libinput' for 'Power Button'
[    12.954] (**) Power Button: always reports core events
[    12.954] (**) Option "Device" "/dev/input/event0"
[    12.954] (II) event0  - Power Button: is tagged by udev as: Keyboard
[    12.954] (II) event0  - Power Button: device is a keyboard
[    12.954] (II) event0  - Power Button: device removed
[    12.985] (**) Option "config_info" "udev:/sys/devices/LNXSYSTM:00/LNXSYBUS:00/PNP0C0C:00/input/input0/event0"
[    12.985] (II) XINPUT: Adding extended input device "Power Button" (type: KEYBOARD, id 7)
[    12.985] (II) event0  - Power Button: is tagged by udev as: Keyboard
[    12.985] (II) event0  - Power Button: device is a keyboard
[    12.986] (II) config/udev: Adding input device HID 046a:0011 (/dev/input/event7)
[    12.986] (**) HID 046a:0011: Applying InputClass "libinput keyboard catchall"
[    12.986] (II) Using input driver 'libinput' for 'HID 046a:0011'
[    12.986] (**) HID 046a:0011: always reports core events
[    12.986] (**) Option "Device" "/dev/input/event7"
[    12.987] (II) event7  - HID 046a:0011: is tagged by udev as: Keyboard
[    12.987] (II) event7  - HID 046a:0011: device is a keyboard
[    12.987] (II) event7  - HID 046a:0011: device removed
[    13.017] (**) Option "config_info" "udev:/sys/devices/pci0000:00/0000:00:14.0/usb3/3-11/3-11.1/3-11.1:1.0/0003:046A:0011.0005/input/input8/event7"
[    13.017] (II) XINPUT: Adding extended input device "HID 046a:0011" (type: KEYBOARD, id 8)
[    13.018] (II) event7  - HID 046a:0011: is tagged by udev as: Keyboard
[    13.018] (II) event7  - HID 046a:0011: device is a keyboard
[    13.018] (II) config/udev: Adding input device Logitech G502 HERO Gaming Mouse (/dev/input/event8)
[    13.018] (**) Logitech G502 HERO Gaming Mouse: Applying InputClass "libinput pointer catchall"
[    13.018] (II) Using input driver 'libinput' for 'Logitech G502 HERO Gaming Mouse'
[    13.018] (**) Logitech G502 HERO Gaming Mouse: always reports core events
[    13.018] (**) Option "Device" "/dev/input/event8"
[    13.079] (II) event8  - Logitech G502 HERO Gaming Mouse: is tagged by udev as: Mouse
[    13.079] (II) event8  - Logitech G502 HERO Gaming Mouse: device set to 2400 DPI
[    13.079] (II) event8  - Logitech G502 HERO Gaming Mouse: device is a pointer
[    13.079] (II) event8  - Logitech G502 HERO Gaming Mouse: device removed
[    13.145] (**) Option "config_info" "udev:/sys/devices/pci0000:00/0000:00:14.0/usb3/3-11/3-11.2/3-11.2:1.0/0003:046D:C08B.0006/input/input9/event8"
[    13.145] (II) XINPUT: Adding extended input device "Logitech G502 HERO Gaming Mouse" (type: MOUSE, id 9)
[    13.145] (**) Option "AccelerationScheme" "none"
[    13.145] (**) Logitech G502 HERO Gaming Mouse: (accel) selected scheme none/0
[    13.145] (**) Logitech G502 HERO Gaming Mouse: (accel) acceleration factor: 2.000
[    13.145] (**) Logitech G502 HERO Gaming Mouse: (accel) acceleration threshold: 4
[    13.207] (II) event8  - Logitech G502 HERO Gaming Mouse: is tagged by udev as: Mouse
[    13.207] (II) event8  - Logitech G502 HERO Gaming Mouse: device set to 2400 DPI
[    13.207] (II) event8  - Logitech G502 HERO Gaming Mouse: device is a pointer
[    13.208] (II) config/udev: Adding input device Logitech G502 HERO Gaming Mouse (/dev/input/mouse2)
[    13.209] (II) No input driver specified, ignoring this device.
[    13.209] (II) This device may have been added with another device file.
[    13.210] (II) config/udev: Adding input device Logitech G502 HERO Gaming Mouse Keyboard (/dev/input/event9)
[    13.210] (**) Logitech G502 HERO Gaming Mouse Keyboard: Applying InputClass "libinput keyboard catchall"
[    13.210] (II) Using input driver 'libinput' for 'Logitech G502 HERO Gaming Mouse Keyboard'
[    13.210] (**) Logitech G502 HERO Gaming Mouse Keyboard: always reports core events
[    13.210] (**) Option "Device" "/dev/input/event9"
[    13.212] (II) event9  - Logitech G502 HERO Gaming Mouse Keyboard: is tagged by udev as: Keyboard
[    13.212] (II) event9  - Logitech G502 HERO Gaming Mouse Keyboard: device is a keyboard
[    13.213] (II) event9  - Logitech G502 HERO Gaming Mouse Keyboard: device removed
[    13.273] (II) libinput: Logitech G502 HERO Gaming Mouse Keyboard: needs a virtual subdevice
[    13.273] (**) Option "config_info" "udev:/sys/devices/pci0000:00/0000:00:14.0/usb3/3-11/3-11.2/3-11.2:1.1/0003:046D:C08B.0007/input/input10/event9"
[    13.273] (II) XINPUT: Adding extended input device "Logitech G502 HERO Gaming Mouse Keyboard" (type: MOUSE, id 10)
[    13.273] (**) Option "AccelerationScheme" "none"
[    13.273] (**) Logitech G502 HERO Gaming Mouse Keyboard: (accel) selected scheme none/0
[    13.273] (**) Logitech G502 HERO Gaming Mouse Keyboard: (accel) acceleration factor: 2.000
[    13.273] (**) Logitech G502 HERO Gaming Mouse Keyboard: (accel) acceleration threshold: 4
[    13.275] (II) event9  - Logitech G502 HERO Gaming Mouse Keyboard: is tagged by udev as: Keyboard
[    13.276] (II) event9  - Logitech G502 HERO Gaming Mouse Keyboard: device is a keyboard
[    13.277] (II) config/udev: Adding input device HANVON UGEE Artist Pro 16 Mouse (/dev/input/event2)
[    13.277] (**) HANVON UGEE Artist Pro 16 Mouse: Applying InputClass "libinput pointer catchall"
[    13.277] (II) Using input driver 'libinput' for 'HANVON UGEE Artist Pro 16 Mouse'
[    13.277] (**) HANVON UGEE Artist Pro 16 Mouse: always reports core events
[    13.277] (**) Option "Device" "/dev/input/event2"
[    13.279] (II) event2  - HANVON UGEE Artist Pro 16 Mouse: is tagged by udev as: Mouse
[    13.280] (II) event2  - HANVON UGEE Artist Pro 16 Mouse: device is a pointer
[    13.280] (II) event2  - HANVON UGEE Artist Pro 16 Mouse: device removed
[    13.313] (**) Option "config_info" "udev:/sys/devices/pci0000:00/0000:00:14.0/usb3/3-2/3-2:1.0/0003:28BD:094B.0001/input/input2/event2"
[    13.313] (II) XINPUT: Adding extended input device "HANVON UGEE Artist Pro 16 Mouse" (type: MOUSE, id 11)
[    13.313] (**) Option "AccelerationScheme" "none"
[    13.313] (**) HANVON UGEE Artist Pro 16 Mouse: (accel) selected scheme none/0
[    13.313] (**) HANVON UGEE Artist Pro 16 Mouse: (accel) acceleration factor: 2.000
[    13.313] (**) HANVON UGEE Artist Pro 16 Mouse: (accel) acceleration threshold: 4
[    13.315] (II) event2  - HANVON UGEE Artist Pro 16 Mouse: is tagged by udev as: Mouse
[    13.316] (II) event2  - HANVON UGEE Artist Pro 16 Mouse: device is a pointer
[    13.317] (II) config/udev: Adding input device HANVON UGEE Artist Pro 16 Mouse (/dev/input/mouse0)
[    13.317] (II) No input driver specified, ignoring this device.
[    13.317] (II) This device may have been added with another device file.
[    13.318] (II) config/udev: Adding input device HANVON UGEE Artist Pro 16 Keyboard (/dev/input/event3)
[    13.318] (**) HANVON UGEE Artist Pro 16 Keyboard: Applying InputClass "libinput keyboard catchall"
[    13.318] (II) Using input driver 'libinput' for 'HANVON UGEE Artist Pro 16 Keyboard'
[    13.318] (**) HANVON UGEE Artist Pro 16 Keyboard: always reports core events
[    13.318] (**) Option "Device" "/dev/input/event3"
[    13.320] (II) event3  - HANVON UGEE Artist Pro 16 Keyboard: is tagged by udev as: Keyboard
[    13.320] (II) event3  - HANVON UGEE Artist Pro 16 Keyboard: device is a keyboard
[    13.321] (II) event3  - HANVON UGEE Artist Pro 16 Keyboard: device removed
[    13.353] (**) Option "config_info" "udev:/sys/devices/pci0000:00/0000:00:14.0/usb3/3-2/3-2:1.0/0003:28BD:094B.0001/input/input3/event3"
[    13.353] (II) XINPUT: Adding extended input device "HANVON UGEE Artist Pro 16 Keyboard" (type: KEYBOARD, id 12)
[    13.355] (II) event3  - HANVON UGEE Artist Pro 16 Keyboard: is tagged by udev as: Keyboard
[    13.355] (II) event3  - HANVON UGEE Artist Pro 16 Keyboard: device is a keyboard
[    13.357] (II) config/udev: Adding input device HANVON UGEE Artist Pro 16 (/dev/input/event4)
[    13.357] (**) HANVON UGEE Artist Pro 16: Applying InputClass "libinput tablet catchall"
[    13.357] (**) HANVON UGEE Artist Pro 16: Applying InputClass "XP-Pen Artist Pro 16"
[    13.357] (II) LoadModule: "wacom"
[    13.357] (II) Loading /usr/lib64/xorg/modules/input/wacom_drv.so
[    13.358] (II) Module wacom: vendor="X.Org Foundation"
[    13.358] 	compiled for 1.21.1.7, module version = 1.1.0
[    13.358] 	Module class: X.Org XInput Driver
[    13.358] 	ABI class: X.Org XInput driver, version 24.4
[    13.358] (II) Build version: 1.1.0
[    13.358] (II) wacom: Driver for Wacom graphics tablets: PenPartner, Graphire,
	Graphire2 4x5, Graphire2 5x7, Graphire3 4x5, Graphire3 6x8,
	Graphire4 4x5, Graphire4 6x8, BambooFun 4x5, BambooFun 6x8,
	Bamboo1 Medium, Graphire4 6x8 BlueTooth, CTL-460, CTH-461, CTL-660,
	CTL-461/S, Bamboo Touch, CTH-460/K, CTH-461/S, CTH-661/S1, CTH-461/L,
	CTH-661/L, Intuos 4x5, Intuos 6x8, Intuos 9x12, Intuos 12x12,
	Intuos 12x18, PTU600, PL400, PL500, PL600, PL600SX, PL550, PL800,
	PL700, PL510, PL710, DTI520, DTF720, DTF720a, DTF521, DTU1931,
	DTU2231, DTU1631, DTH1152, DTH1152, DTK2451, DTH2452, DTH2452,
	Wacom One Pen Display 13, Intuos2 4x5, Intuos2 6x8, Intuos2 9x12,
	Intuos2 12x12, Intuos2 12x18, Intuos2 6x8 , Volito, PenStation,
	Volito2 4x5, Volito2 2x3, PenPartner2, Bamboo, Bamboo1, Bamboo1 4x6,
	Bamboo1 5x8, Intuos3 4x5, Intuos3 6x8, Intuos3 9x12, Intuos3 12x12,
	Intuos3 12x19, Intuos3 6x11, Intuos3 4x6, Intuos4 4x6, Intuos4 6x9,
	Intuos4 8x13, Intuos4 12x19, Intuos4 WL USB Endpoint,
	Intuos4 WL Bluetooth Endpoint, Intuos5 touch S, Intuos5 touch M,
	Intuos5 touch L, Intuos5 S, Intuos5 M, Intuos Pro S, Intuos Pro M,
	Intuos Pro L, Cintiq 21UX, Cintiq 20WSX, Cintiq 12WX, Cintiq 21UX2,
	Cintiq 24HD, Cintiq 22HD, Cintiq 24HD touch (EMR digitizer),
	Cintiq 13HD, DTK2241, DTH2242, Cintiq 22HDT, Cintiq 27QHDT,
	Cintiq 27QHDT, Mobilestudio Pro 13, MobileStudio Pro 16,
	MobileStudio Pro 13, MobileStudio Pro 16, Cintiq 13 FHD Pro,
	Cintiq 16 UHD Pro, Cintiq Pro 24, Cintiq Pro 32, Cintiq 13 FHD Pro,
	Cintiq 16 UHD Pro, Cintiq Pro 24, Cintiq Pro 32, Cintiq Pro 24,
	Mobilestudio Pro 13, MobileStudio Pro 16, MobileStudio Pro 13,
	MobileStudio Pro 16, MobileStudio Pro 16, MobileStudio Pro 16,
	TabletPC 0x90, TabletPC 0x93, TabletPC 0x97, TabletPC 0x9A,
	CapPlus  0x9F, TabletPC 0xE2, TabletPC 0xE3, TabletPC 0xE5,
	TabletPC 0xE6, TabletPC 0xEC, TabletPC 0xED, TabletPC 0xEF,
	TabletPC 0x100, TabletPC 0x101, TabletPC 0x10D, TabletPC 0x116,
	TabletPC 0x12C, TabletPC 0x4001, TabletPC 0x4004, TabletPC 0x5000,
	TabletPC 0x5002, usb:172f:0024, usb:172f:0025, usb:172f:0026,
	usb:172f:0027, usb:172f:0028, usb:172f:0030, usb:172f:0031,
	usb:172f:0032, usb:172f:0033, usb:172f:0034, usb:172f:0035,
	usb:172f:0036, usb:172f:0037, usb:172f:0038, usb:172f:0039,
	usb:172f:0051, usb:172f:0052, usb:172f:0053, usb:172f:0054,
	usb:172f:0055, usb:172f:0056, usb:172f:0057, usb:172f:0058,
	usb:172f:0500, usb:172f:0501, usb:172f:0502, usb:172f:0503,
	usb:1b96:0001, usb:17ef:6004
[    13.359] (II) Using input driver 'wacom' for 'HANVON UGEE Artist Pro 16'
[    13.359] (**) HANVON UGEE Artist Pro 16: always reports core events
[    13.360] (**) Option "Device" "/dev/input/event4"
[    13.417] (II) wacom: HANVON UGEE Artist Pro 16: type not specified, assuming 'stylus'.
[    13.417] (II) wacom: HANVON UGEE Artist Pro 16: other types will be automatically added.
[    13.417] (--) wacom: HANVON UGEE Artist Pro 16 stylus: using pressure threshold of 851 for button 1
[    13.417] (**) wacom: HANVON UGEE Artist Pro 16 stylus: panscroll is 0
[    13.417] (**) wacom: HANVON UGEE Artist Pro 16 stylus: panscroll modified to 2223
[    13.417] (--) wacom: HANVON UGEE Artist Pro 16 stylus: maxX=32767 maxY=32767 maxZ=8191 resX=96000 resY=171000  tilt=enabled
[    13.417] (II) wacom: HANVON UGEE Artist Pro 16 stylus: hotplugging dependent devices.
[    13.417] (II) wacom: HANVON UGEE Artist Pro 16 stylus: hotplugging completed.
[    13.449] (**) Option "config_info" "udev:/sys/devices/pci0000:00/0000:00:14.0/usb3/3-2/3-2:1.1/0003:28BD:094B.0002/input/input4/event4"
[    13.449] (II) XINPUT: Adding extended input device "HANVON UGEE Artist Pro 16 stylus" (type: STYLUS, id 13)
[    13.449] (**) HANVON UGEE Artist Pro 16 stylus: (accel) keeping acceleration scheme 1
[    13.449] (**) HANVON UGEE Artist Pro 16 stylus: (accel) acceleration profile 0
[    13.449] (**) HANVON UGEE Artist Pro 16 stylus: (accel) acceleration factor: 2.000
[    13.449] (**) HANVON UGEE Artist Pro 16 stylus: (accel) acceleration threshold: 4
[    13.510] (II) config/udev: Adding input device HANVON UGEE Artist Pro 16 (/dev/input/mouse1)
[    13.510] (II) No input driver specified, ignoring this device.
[    13.510] (II) This device may have been added with another device file.
[    13.511] (II) config/udev: Adding input device GN Netcom A/S Jabra PRO 930 (/dev/input/event5)
[    13.511] (**) GN Netcom A/S Jabra PRO 930: Applying InputClass "libinput keyboard catchall"
[    13.511] (II) Using input driver 'libinput' for 'GN Netcom A/S Jabra PRO 930'
[    13.511] (**) GN Netcom A/S Jabra PRO 930: always reports core events
[    13.511] (**) Option "Device" "/dev/input/event5"
[    13.513] (II) event5  - GN Netcom A/S Jabra PRO 930: is tagged by udev as: Keyboard
[    13.513] (II) event5  - GN Netcom A/S Jabra PRO 930: device is a keyboard
[    13.513] (II) event5  - GN Netcom A/S Jabra PRO 930: device removed
[    13.549] (**) Option "config_info" "udev:/sys/devices/pci0000:00/0000:00:14.0/usb3/3-9/3-9:1.3/0003:0B0E:1017.0004/input/input5/event5"
[    13.549] (II) XINPUT: Adding extended input device "GN Netcom A/S Jabra PRO 930" (type: KEYBOARD, id 14)
[    13.551] (II) event5  - GN Netcom A/S Jabra PRO 930: is tagged by udev as: Keyboard
[    13.551] (II) event5  - GN Netcom A/S Jabra PRO 930: device is a keyboard
[    13.553] (II) config/udev: Adding input device GN Netcom A/S Jabra PRO 930 Consumer Control (/dev/input/event6)
[    13.553] (**) GN Netcom A/S Jabra PRO 930 Consumer Control: Applying InputClass "libinput keyboard catchall"
[    13.553] (II) Using input driver 'libinput' for 'GN Netcom A/S Jabra PRO 930 Consumer Control'
[    13.553] (**) GN Netcom A/S Jabra PRO 930 Consumer Control: always reports core events
[    13.553] (**) Option "Device" "/dev/input/event6"
[    13.555] (II) event6  - GN Netcom A/S Jabra PRO 930 Consumer Control: is tagged by udev as: Keyboard
[    13.555] (II) event6  - GN Netcom A/S Jabra PRO 930 Consumer Control: device is a keyboard
[    13.555] (II) event6  - GN Netcom A/S Jabra PRO 930 Consumer Control: device removed
[    13.589] (**) Option "config_info" "udev:/sys/devices/pci0000:00/0000:00:14.0/usb3/3-9/3-9:1.3/0003:0B0E:1017.0004/input/input7/event6"
[    13.589] (II) XINPUT: Adding extended input device "GN Netcom A/S Jabra PRO 930 Consumer Control" (type: KEYBOARD, id 15)
[    13.591] (II) event6  - GN Netcom A/S Jabra PRO 930 Consumer Control: is tagged by udev as: Keyboard
[    13.591] (II) event6  - GN Netcom A/S Jabra PRO 930 Consumer Control: device is a keyboard
[    13.596] (**) Logitech G502 HERO Gaming Mouse Keyboard: Applying InputClass "libinput keyboard catchall"
[    13.596] (II) Using input driver 'libinput' for 'Logitech G502 HERO Gaming Mouse Keyboard'
[    13.596] (**) Logitech G502 HERO Gaming Mouse Keyboard: always reports core events
[    13.596] (**) Option "Device" "/dev/input/event9"
[    13.596] (II) libinput: Logitech G502 HERO Gaming Mouse Keyboard: is a virtual subdevice
[    13.596] (**) Option "config_info" "udev:/sys/devices/pci0000:00/0000:00:14.0/usb3/3-11/3-11.2/3-11.2:1.1/0003:046D:C08B.0007/input/input10/event9"
[    13.596] (II) XINPUT: Adding extended input device "Logitech G502 HERO Gaming Mouse Keyboard" (type: KEYBOARD, id 16)
[    13.597] (**) HANVON UGEE Artist Pro 16 eraser: Applying InputClass "libinput tablet catchall"
[    13.597] (**) HANVON UGEE Artist Pro 16 eraser: Applying InputClass "XP-Pen Artist Pro 16"
[    13.597] (II) Using input driver 'wacom' for 'HANVON UGEE Artist Pro 16 eraser'
[    13.597] (**) HANVON UGEE Artist Pro 16 eraser: always reports core events
[    13.597] (**) Option "Device" "/dev/input/event4"
[    13.597] (**) Option "Type" "eraser"
[    13.597] (**) wacom: HANVON UGEE Artist Pro 16 eraser: panscroll is 2223
[    13.597] (**) wacom: HANVON UGEE Artist Pro 16 eraser: panscroll modified to 2223
[    13.597] (--) wacom: HANVON UGEE Artist Pro 16 eraser: maxX=32767 maxY=32767 maxZ=8191 resX=96000 resY=171000  tilt=enabled
[    13.621] (**) Option "config_info" "udev:/sys/devices/pci0000:00/0000:00:14.0/usb3/3-2/3-2:1.1/0003:28BD:094B.0002/input/input4/event4"
[    13.621] (II) XINPUT: Adding extended input device "HANVON UGEE Artist Pro 16 eraser" (type: ERASER, id 17)
[    13.621] (**) HANVON UGEE Artist Pro 16 eraser: (accel) keeping acceleration scheme 1
[    13.621] (**) HANVON UGEE Artist Pro 16 eraser: (accel) acceleration profile 0
[    13.621] (**) HANVON UGEE Artist Pro 16 eraser: (accel) acceleration factor: 2.000
[    13.621] (**) HANVON UGEE Artist Pro 16 eraser: (accel) acceleration threshold: 4
[    19.039] (--) NVIDIA(GPU-0): DFP-0: disconnected
[    19.040] (--) NVIDIA(GPU-0): DFP-0: Internal DisplayPort
[    19.040] (--) NVIDIA(GPU-0): DFP-0: 2670.0 MHz maximum pixel clock
[    19.040] (--) NVIDIA(GPU-0): 
[    19.072] (--) NVIDIA(GPU-0): Samsung SyncMaster (DFP-1): connected
[    19.072] (--) NVIDIA(GPU-0): Samsung SyncMaster (DFP-1): Internal TMDS
[    19.072] (--) NVIDIA(GPU-0): Samsung SyncMaster (DFP-1): 165.0 MHz maximum pixel clock
[    19.072] (--) NVIDIA(GPU-0): 
[    19.073] (--) NVIDIA(GPU-0): DFP-2: disconnected
[    19.073] (--) NVIDIA(GPU-0): DFP-2: Internal TMDS
[    19.073] (--) NVIDIA(GPU-0): DFP-2: 165.0 MHz maximum pixel clock
[    19.073] (--) NVIDIA(GPU-0): 
[    19.073] (--) NVIDIA(GPU-0): DFP-3: disconnected
[    19.073] (--) NVIDIA(GPU-0): DFP-3: Internal DisplayPort
[    19.073] (--) NVIDIA(GPU-0): DFP-3: 2670.0 MHz maximum pixel clock
[    19.073] (--) NVIDIA(GPU-0): 
[    19.171] (--) NVIDIA(GPU-0): Asustek Computer Inc ASUS VA24E (DFP-4): connected
[    19.171] (--) NVIDIA(GPU-0): Asustek Computer Inc ASUS VA24E (DFP-4): Internal TMDS
[    19.171] (--) NVIDIA(GPU-0): Asustek Computer Inc ASUS VA24E (DFP-4): 340.0 MHz maximum pixel clock
[    19.171] (--) NVIDIA(GPU-0): 
[    19.217] (--) NVIDIA(GPU-0): UGD ID160FH (DFP-5): connected
[    19.217] (--) NVIDIA(GPU-0): UGD ID160FH (DFP-5): Internal TMDS
[    19.217] (--) NVIDIA(GPU-0): UGD ID160FH (DFP-5): 600.0 MHz maximum pixel clock
[    19.217] (--) NVIDIA(GPU-0): 
[    19.218] (--) NVIDIA(GPU-0): Eizo EV2736W (DFP-6): connected
[    19.218] (--) NVIDIA(GPU-0): Eizo EV2736W (DFP-6): Internal DisplayPort
[    19.218] (--) NVIDIA(GPU-0): Eizo EV2736W (DFP-6): 2670.0 MHz maximum pixel clock
[    19.218] (--) NVIDIA(GPU-0): 
[    19.220] (--) NVIDIA(GPU-0): DFP-7: disconnected
[    19.220] (--) NVIDIA(GPU-0): DFP-7: Internal TMDS
[    19.220] (--) NVIDIA(GPU-0): DFP-7: 165.0 MHz maximum pixel clock
[    19.220] (--) NVIDIA(GPU-0): 
[    19.979] (--) NVIDIA(GPU-0): DFP-0: disconnected
[    19.979] (--) NVIDIA(GPU-0): DFP-0: Internal DisplayPort
[    19.979] (--) NVIDIA(GPU-0): DFP-0: 2670.0 MHz maximum pixel clock
[    19.979] (--) NVIDIA(GPU-0): 
[    20.010] (--) NVIDIA(GPU-0): Samsung SyncMaster (DFP-1): connected
[    20.010] (--) NVIDIA(GPU-0): Samsung SyncMaster (DFP-1): Internal TMDS
[    20.010] (--) NVIDIA(GPU-0): Samsung SyncMaster (DFP-1): 165.0 MHz maximum pixel clock
[    20.010] (--) NVIDIA(GPU-0): 
[    20.011] (--) NVIDIA(GPU-0): DFP-2: disconnected
[    20.011] (--) NVIDIA(GPU-0): DFP-2: Internal TMDS
[    20.011] (--) NVIDIA(GPU-0): DFP-2: 165.0 MHz maximum pixel clock
[    20.011] (--) NVIDIA(GPU-0): 
[    20.011] (--) NVIDIA(GPU-0): DFP-3: disconnected
[    20.011] (--) NVIDIA(GPU-0): DFP-3: Internal DisplayPort
[    20.011] (--) NVIDIA(GPU-0): DFP-3: 2670.0 MHz maximum pixel clock
[    20.011] (--) NVIDIA(GPU-0): 
[    20.108] (--) NVIDIA(GPU-0): Asustek Computer Inc ASUS VA24E (DFP-4): connected
[    20.108] (--) NVIDIA(GPU-0): Asustek Computer Inc ASUS VA24E (DFP-4): Internal TMDS
[    20.108] (--) NVIDIA(GPU-0): Asustek Computer Inc ASUS VA24E (DFP-4): 340.0 MHz maximum pixel clock
[    20.108] (--) NVIDIA(GPU-0): 
[    20.152] (--) NVIDIA(GPU-0): UGD ID160FH (DFP-5): connected
[    20.152] (--) NVIDIA(GPU-0): UGD ID160FH (DFP-5): Internal TMDS
[    20.152] (--) NVIDIA(GPU-0): UGD ID160FH (DFP-5): 600.0 MHz maximum pixel clock
[    20.152] (--) NVIDIA(GPU-0): 
[    20.153] (--) NVIDIA(GPU-0): Eizo EV2736W (DFP-6): connected
[    20.153] (--) NVIDIA(GPU-0): Eizo EV2736W (DFP-6): Internal DisplayPort
[    20.153] (--) NVIDIA(GPU-0): Eizo EV2736W (DFP-6): 2670.0 MHz maximum pixel clock
[    20.153] (--) NVIDIA(GPU-0): 
[    20.155] (--) NVIDIA(GPU-0): DFP-7: disconnected
[    20.155] (--) NVIDIA(GPU-0): DFP-7: Internal TMDS
[    20.155] (--) NVIDIA(GPU-0): DFP-7: 165.0 MHz maximum pixel clock
[    20.155] (--) NVIDIA(GPU-0): 
[    27.194] (II) config/udev: Adding input device XP-PEN STYLUS (/dev/input/mouse3)
[    27.194] (II) No input driver specified, ignoring this device.
[    27.194] (II) This device may have been added with another device file.
[    27.194] (II) config/udev: Adding input device XP-PEN MOUSE (/dev/input/mouse4)
[    27.194] (II) No input driver specified, ignoring this device.
[    27.194] (II) This device may have been added with another device file.
[    27.194] (II) config/udev: Adding input device XP-PEN ERASER (/dev/input/mouse5)
[    27.194] (II) No input driver specified, ignoring this device.
[    27.194] (II) This device may have been added with another device file.
[    27.278] (II) config/udev: Adding input device XP-PEN STYLUS (/dev/input/event10)
[    27.278] (**) XP-PEN STYLUS: Applying InputClass "libinput keyboard catchall"
[    27.278] (**) XP-PEN STYLUS: Applying InputClass "libinput tablet catchall"
[    27.278] (**) XP-PEN STYLUS: Applying InputClass "XP-Pen Artist Pro 16"
[    27.278] (II) Using input driver 'wacom' for 'XP-PEN STYLUS'
[    27.278] (**) XP-PEN STYLUS: always reports core events
[    27.278] (**) Option "Device" "/dev/input/event10"
[    27.278] (II) wacom: XP-PEN STYLUS: type not specified, assuming 'stylus'.
[    27.278] (II) wacom: XP-PEN STYLUS: other types will be automatically added.
[    27.278] (--) wacom: XP-PEN STYLUS stylus: using pressure threshold of 851 for button 1
[    27.278] (**) wacom: XP-PEN STYLUS stylus: panscroll is 0
[    27.278] (**) wacom: XP-PEN STYLUS stylus: panscroll modified to 2600
[    27.278] (--) wacom: XP-PEN STYLUS stylus: maxX=52324 maxY=29600 maxZ=8191 resX=200000 resY=200000  tilt=enabled
[    27.278] (II) wacom: XP-PEN STYLUS stylus: hotplugging dependent devices.
[    27.278] (II) wacom: XP-PEN STYLUS stylus: hotplugging completed.
[    27.349] (**) Option "config_info" "udev:/sys/devices/virtual/input/input13/event10"
[    27.349] (II) XINPUT: Adding extended input device "XP-PEN STYLUS stylus" (type: STYLUS, id 18)
[    27.350] (**) XP-PEN STYLUS stylus: (accel) keeping acceleration scheme 1
[    27.350] (**) XP-PEN STYLUS stylus: (accel) acceleration profile 0
[    27.350] (**) XP-PEN STYLUS stylus: (accel) acceleration factor: 2.000
[    27.350] (**) XP-PEN STYLUS stylus: (accel) acceleration threshold: 4
[    27.350] (**) XP-PEN STYLUS eraser: Applying InputClass "libinput keyboard catchall"
[    27.350] (**) XP-PEN STYLUS eraser: Applying InputClass "libinput tablet catchall"
[    27.350] (**) XP-PEN STYLUS eraser: Applying InputClass "XP-Pen Artist Pro 16"
[    27.350] (II) Using input driver 'wacom' for 'XP-PEN STYLUS eraser'
[    27.350] (**) XP-PEN STYLUS eraser: always reports core events
[    27.350] (**) Option "Device" "/dev/input/event10"
[    27.350] (**) Option "Type" "eraser"
[    27.350] (**) wacom: XP-PEN STYLUS eraser: panscroll is 2600
[    27.350] (**) wacom: XP-PEN STYLUS eraser: panscroll modified to 2600
[    27.350] (--) wacom: XP-PEN STYLUS eraser: maxX=52324 maxY=29600 maxZ=8191 resX=200000 resY=200000  tilt=enabled
[    27.377] (**) Option "config_info" "udev:/sys/devices/virtual/input/input13/event10"
[    27.377] (II) XINPUT: Adding extended input device "XP-PEN STYLUS eraser" (type: ERASER, id 19)
[    27.377] (**) XP-PEN STYLUS eraser: (accel) keeping acceleration scheme 1
[    27.377] (**) XP-PEN STYLUS eraser: (accel) acceleration profile 0
[    27.377] (**) XP-PEN STYLUS eraser: (accel) acceleration factor: 2.000
[    27.377] (**) XP-PEN STYLUS eraser: (accel) acceleration threshold: 4
[    27.378] (II) config/udev: Adding input device XP-PEN ERASER (/dev/input/event12)
[    27.378] (**) XP-PEN ERASER: Applying InputClass "libinput tablet catchall"
[    27.378] (**) XP-PEN ERASER: Applying InputClass "XP-Pen Artist Pro 16"
[    27.378] (II) Using input driver 'wacom' for 'XP-PEN ERASER'
[    27.378] (**) XP-PEN ERASER: always reports core events
[    27.378] (**) Option "Device" "/dev/input/event12"
[    27.378] (II) wacom: XP-PEN ERASER: type not specified, assuming 'eraser'.
[    27.378] (II) wacom: XP-PEN ERASER: other types will be automatically added.
[    27.378] (--) wacom: XP-PEN ERASER eraser: using pressure threshold of 851 for button 1
[    27.378] (**) wacom: XP-PEN ERASER eraser: panscroll is 0
[    27.378] (**) wacom: XP-PEN ERASER eraser: panscroll modified to 2600
[    27.378] (--) wacom: XP-PEN ERASER eraser: maxX=52324 maxY=29600 maxZ=8191 resX=200000 resY=200000  tilt=enabled
[    27.378] (II) wacom: XP-PEN ERASER eraser: hotplugging dependent devices.
[    27.378] (II) wacom: XP-PEN ERASER eraser: hotplugging completed.
[    27.433] (**) Option "config_info" "udev:/sys/devices/virtual/input/input15/event12"
[    27.433] (II) XINPUT: Adding extended input device "XP-PEN ERASER eraser" (type: ERASER, id 20)
[    27.433] (**) XP-PEN ERASER eraser: (accel) keeping acceleration scheme 1
[    27.433] (**) XP-PEN ERASER eraser: (accel) acceleration profile 0
[    27.433] (**) XP-PEN ERASER eraser: (accel) acceleration factor: 2.000
[    27.433] (**) XP-PEN ERASER eraser: (accel) acceleration threshold: 4
[    27.434] (**) XP-PEN ERASER touch: Applying InputClass "libinput tablet catchall"
[    27.434] (**) XP-PEN ERASER touch: Applying InputClass "XP-Pen Artist Pro 16"
[    27.434] (II) Using input driver 'wacom' for 'XP-PEN ERASER touch'
[    27.434] (**) XP-PEN ERASER touch: always reports core events
[    27.434] (**) Option "Device" "/dev/input/event12"
[    27.434] (**) Option "Type" "touch"
[    27.434] (**) wacom: XP-PEN ERASER touch: panscroll is 2600
[    27.434] (**) wacom: XP-PEN ERASER touch: panscroll modified to 2600
[    27.434] (--) wacom: XP-PEN ERASER touch: maxX=52324 maxY=29600 maxZ=8191 resX=200000 resY=200000 
[    27.465] (**) Option "config_info" "udev:/sys/devices/virtual/input/input15/event12"
[    27.465] (II) XINPUT: Adding extended input device "XP-PEN ERASER touch" (type: TOUCH, id 21)
[    27.465] (**) XP-PEN ERASER touch: (accel) keeping acceleration scheme 1
[    27.465] (**) XP-PEN ERASER touch: (accel) acceleration profile 0
[    27.465] (**) XP-PEN ERASER touch: (accel) acceleration factor: 2.000
[    27.465] (**) XP-PEN ERASER touch: (accel) acceleration threshold: 4
[    27.466] (II) config/udev: Adding input device XP-PEN MOUSE (/dev/input/event11)
[    27.466] (**) XP-PEN MOUSE: Applying InputClass "libinput pointer catchall"
[    27.466] (II) Using input driver 'libinput' for 'XP-PEN MOUSE'
[    27.466] (**) XP-PEN MOUSE: always reports core events
[    27.466] (**) Option "Device" "/dev/input/event11"
[    27.467] (II) event11 - XP-PEN MOUSE: is tagged by udev as: Mouse
[    27.467] (II) event11 - XP-PEN MOUSE: device is a pointer
[    27.467] (II) event11 - XP-PEN MOUSE: device removed
[    27.521] (**) Option "config_info" "udev:/sys/devices/virtual/input/input14/event11"
[    27.521] (II) XINPUT: Adding extended input device "XP-PEN MOUSE" (type: MOUSE, id 22)
[    27.521] (**) Option "AccelerationScheme" "none"
[    27.522] (**) XP-PEN MOUSE: (accel) selected scheme none/0
[    27.522] (**) XP-PEN MOUSE: (accel) acceleration factor: 2.000
[    27.522] (**) XP-PEN MOUSE: (accel) acceleration threshold: 4
[    27.523] (II) event11 - XP-PEN MOUSE: is tagged by udev as: Mouse
[    27.523] (II) event11 - XP-PEN MOUSE: device is a pointer
[   189.451] (--) NVIDIA(GPU-0): DFP-0: disconnected
[   189.451] (--) NVIDIA(GPU-0): DFP-0: Internal DisplayPort
[   189.451] (--) NVIDIA(GPU-0): DFP-0: 2670.0 MHz maximum pixel clock
[   189.451] (--) NVIDIA(GPU-0): 
[   189.484] (--) NVIDIA(GPU-0): Samsung SyncMaster (DFP-1): connected
[   189.484] (--) NVIDIA(GPU-0): Samsung SyncMaster (DFP-1): Internal TMDS
[   189.484] (--) NVIDIA(GPU-0): Samsung SyncMaster (DFP-1): 165.0 MHz maximum pixel clock
[   189.484] (--) NVIDIA(GPU-0): 
[   189.484] (--) NVIDIA(GPU-0): DFP-2: disconnected
[   189.484] (--) NVIDIA(GPU-0): DFP-2: Internal TMDS
[   189.484] (--) NVIDIA(GPU-0): DFP-2: 165.0 MHz maximum pixel clock
[   189.484] (--) NVIDIA(GPU-0): 
[   189.484] (--) NVIDIA(GPU-0): DFP-3: disconnected
[   189.484] (--) NVIDIA(GPU-0): DFP-3: Internal DisplayPort
[   189.484] (--) NVIDIA(GPU-0): DFP-3: 2670.0 MHz maximum pixel clock
[   189.484] (--) NVIDIA(GPU-0): 
[   189.582] (--) NVIDIA(GPU-0): Asustek Computer Inc ASUS VA24E (DFP-4): connected
[   189.582] (--) NVIDIA(GPU-0): Asustek Computer Inc ASUS VA24E (DFP-4): Internal TMDS
[   189.582] (--) NVIDIA(GPU-0): Asustek Computer Inc ASUS VA24E (DFP-4): 340.0 MHz maximum pixel clock
[   189.582] (--) NVIDIA(GPU-0): 
[   189.629] (--) NVIDIA(GPU-0): UGD ID160FH (DFP-5): connected
[   189.629] (--) NVIDIA(GPU-0): UGD ID160FH (DFP-5): Internal TMDS
[   189.629] (--) NVIDIA(GPU-0): UGD ID160FH (DFP-5): 600.0 MHz maximum pixel clock
[   189.629] (--) NVIDIA(GPU-0): 
[   189.630] (--) NVIDIA(GPU-0): Eizo EV2736W (DFP-6): connected
[   189.630] (--) NVIDIA(GPU-0): Eizo EV2736W (DFP-6): Internal DisplayPort
[   189.630] (--) NVIDIA(GPU-0): Eizo EV2736W (DFP-6): 2670.0 MHz maximum pixel clock
[   189.630] (--) NVIDIA(GPU-0): 
[   189.632] (--) NVIDIA(GPU-0): DFP-7: disconnected
[   189.632] (--) NVIDIA(GPU-0): DFP-7: Internal TMDS
[   189.632] (--) NVIDIA(GPU-0): DFP-7: 165.0 MHz maximum pixel clock
[   189.632] (--) NVIDIA(GPU-0): 
