[    0.000000] tsc: Detected 2800.000 MHz processor
[    0.000524] tsc: Detected 2803.200 MHz TSC
[    0.000524] e820: update [mem 0x00000000-0x00000fff] usable ==> reserved
[    0.000525] e820: remove [mem 0x000a0000-0x000fffff] usable
[    0.000529] last_pfn = 0x4afc00 max_arch_pfn = 0x400000000
[    0.000531] MTRR default type: write-back
[    0.000531] MTRR fixed ranges enabled:
[    0.000532]   00000-9FFFF write-back
[    0.000532]   A0000-BFFFF uncachable
[    0.000533]   C0000-FFFFF write-protect
[    0.000533] MTRR variable ranges enabled:
[    0.000534]   0 base 0080000000 mask 7F80000000 uncachable
--
[    0.657029] hub 4-0:1.0: 4 ports detected
[    0.657435] usb: port power management may be unreliable
[    0.664166] nvme nvme0: allocated 61 MiB host memory buffer.
[    0.664788] intel-lpss 0000:00:15.0: enabling device (0004 -> 0006)
[    0.665011] idma64 idma64.0: Found Intel integrated DMA 64-bit
[    0.671478] i2c_hid i2c-ELAN2513:00: supply vdd not found, using dummy regulator
[    0.671485] i2c_hid i2c-ELAN2513:00: supply vddl not found, using dummy regulator
[    0.816675] nvme nvme0: 8/0/0 default/read/poll queues
[    0.820394]  nvme0n1: p1 p2 p3 p4 p5 p6 p7
[    0.832992] i2c_hid i2c-ELAN2513:00: i2c_hid_get_input: IRQ triggered but there's no data
[    0.856719] intel-lpss 0000:00:15.1: enabling device (0004 -> 0006)
[    0.857252] idma64 idma64.1: Found Intel integrated DMA 64-bit
[    0.873840] i2c_hid i2c-ELAN0722:00: supply vdd not found, using dummy regulator
[    0.873849] i2c_hid i2c-ELAN0722:00: supply vddl not found, using dummy regulator
[    0.992813] usb 3-1: new low-speed USB device number 2 using xhci_hcd
[    1.026935] input: ELAN2513:00 04F3:2B5F Touchscreen as /devices/pci0000:00/0000:00:15.0/i2c_designware.0/i2c-1/i2c-ELAN2513:00/0018:04F3:2B5F.0001/input/input4
[    1.027088] input: ELAN2513:00 04F3:2B5F as /devices/pci0000:00/0000:00:15.0/i2c_designware.0/i2c-1/i2c-ELAN2513:00/0018:04F3:2B5F.0001/input/input5
[    1.027175] input: ELAN2513:00 04F3:2B5F as /devices/pci0000:00/0000:00:15.0/i2c_designware.0/i2c-1/i2c-ELAN2513:00/0018:04F3:2B5F.0001/input/input6
[    1.027266] input: ELAN2513:00 04F3:2B5F as /devices/pci0000:00/0000:00:15.0/i2c_designware.0/i2c-1/i2c-ELAN2513:00/0018:04F3:2B5F.0001/input/input7
[    1.027394] hid-generic 0018:04F3:2B5F.0001: input,hidraw0: I2C HID v1.00 Device [ELAN2513:00 04F3:2B5F] on i2c-ELAN2513:00
[    1.027723] input: ELAN0722:00 04F3:3139 Mouse as /devices/pci0000:00/0000:00:15.1/i2c_designware.1/i2c-2/i2c-ELAN0722:00/0018:04F3:3139.0002/input/input10
[    1.027850] input: ELAN0722:00 04F3:3139 Touchpad as /devices/pci0000:00/0000:00:15.1/i2c_designware.1/i2c-2/i2c-ELAN0722:00/0018:04F3:3139.0002/input/input12
[    1.027969] hid-generic 0018:04F3:3139.0002: input,hidraw1: I2C HID v1.00 Mouse [ELAN0722:00 04F3:3139] on i2c-ELAN0722:00
[    1.145035] usb 3-1: New USB device found, idVendor=093a, idProduct=2510, bcdDevice= 1.00
[    1.145038] usb 3-1: New USB device strings: Mfr=1, Product=2, SerialNumber=0
[    1.145041] usb 3-1: Product: USB Optical Mouse
[    1.145042] usb 3-1: Manufacturer: PixArt
[    1.272811] usb 3-6: new high-speed USB device number 3 using xhci_hcd
[    1.320182] ish-hid {33AECD58-B679-4E54-9BD9-A04D34F0C226}: [hid-ish]: enum_devices_done OK, num_hid_devices=4
[    1.333345] hid-generic 001F:8087:0AC2.0003: hidraw2: <UNKNOWN> HID v2.00 Device [hid-ishtp 8087:0AC2] on 
[    1.344144] hid-generic 001F:8087:0AC2.0004: hidraw3: <UNKNOWN> HID v2.00 Device [hid-ishtp 8087:0AC2] on 
[    1.348553] hid-generic 001F:8087:0AC2.0005: hidraw4: <UNKNOWN> HID v2.00 Device [hid-ishtp 8087:0AC2] on 
[    1.353481] hid-generic 001F:8087:0AC2.0006: hidraw5: <UNKNOWN> HID v2.00 Device [hid-ishtp 8087:0AC2] on 
[    1.431764] usb 3-6: New USB device found, idVendor=05c8, idProduct=03df, bcdDevice= 0.02
[    1.431767] usb 3-6: New USB device strings: Mfr=1, Product=2, SerialNumber=0
[    1.431768] usb 3-6: Product: HP Wide Vision HD Camera
[    1.431770] usb 3-6: Manufacturer: SunplusIT Inc
[    1.560810] usb 3-10: new full-speed USB device number 4 using xhci_hcd
[    1.711436] usb 3-10: New USB device found, idVendor=8087, idProduct=0026, bcdDevice= 0.02
[    1.711439] usb 3-10: New USB device strings: Mfr=0, Product=0, SerialNumber=0
[    1.719839] input: PixArt USB Optical Mouse as /devices/pci0000:00/0000:00:14.0/usb3/3-1/3-1:1.0/0003:093A:2510.0007/input/input13
[    1.719973] hid-generic 0003:093A:2510.0007: input,hidraw2: USB HID v1.11 Mouse [PixArt USB Optical Mouse] on usb-0000:00:14.0-1/input0
[    1.720020] usbcore: registered new interface driver usbhid
[    1.720021] usbhid: USB HID core driver
[    1.785183] fbcon: Taking over console
[    1.785262] Console: switching to colour frame buffer device 240x67
[    1.791357] EXT4-fs (nvme0n1p7): mounted filesystem with ordered data mode. Opts: (null)
--
[    2.688450] Console: switching to colour frame buffer device 240x67
[    2.688487] i915 0000:00:02.0: fb0: i915drmfb frame buffer device
[    2.737382] intel_rapl_common: Found RAPL domain package
[    2.737384] intel_rapl_common: Found RAPL domain core
[    2.737386] intel_rapl_common: Found RAPL domain uncore
[    2.786127] input: ELAN2513:00 04F3:2B5F as /devices/pci0000:00/0000:00:15.0/i2c_designware.0/i2c-1/i2c-ELAN2513:00/0018:04F3:2B5F.0001/input/input20
[    2.786261] input: ELAN2513:00 04F3:2B5F UNKNOWN as /devices/pci0000:00/0000:00:15.0/i2c_designware.0/i2c-1/i2c-ELAN2513:00/0018:04F3:2B5F.0001/input/input21
[    2.786348] input: ELAN2513:00 04F3:2B5F UNKNOWN as /devices/pci0000:00/0000:00:15.0/i2c_designware.0/i2c-1/i2c-ELAN2513:00/0018:04F3:2B5F.0001/input/input22
[    2.786415] input: ELAN2513:00 04F3:2B5F as /devices/pci0000:00/0000:00:15.0/i2c_designware.0/i2c-1/i2c-ELAN2513:00/0018:04F3:2B5F.0001/input/input23
[    2.786512] hid-multitouch 0018:04F3:2B5F.0001: input,hidraw0: I2C HID v1.00 Device [ELAN2513:00 04F3:2B5F] on i2c-ELAN2513:00
[    2.792613] mei_hdcp 0000:00:16.0-b638ab7e-94e2-4ea2-a552-d1c54b627f04: bound 0000:00:02.0 (ops i915_hdcp_component_ops [i915])
[    2.795220] snd_hda_intel 0000:00:1f.3: DSP detected with PCI class/subclass/prog-if info 0x040100
[    2.795225] snd_hda_intel 0000:00:1f.3: Digital mics found on Skylake+ platform, using SOF driver
[    2.838149] iwlwifi 0000:00:14.3: base HW address: 40:1c:83:e8:00:bc
[    2.850964] thermal thermal_zone6: failed to read out thermal zone (-61)
[    2.854107] iwlwifi 0000:00:14.3 wlo1: renamed from wlan0
[    2.897785] sof-audio-pci 0000:00:1f.3: DSP detected with PCI class/subclass/prog-if info 0x040100
[    2.897787] sof-audio-pci 0000:00:1f.3: Digital mics found on Skylake+ platform, using SOF driver
[    2.897799] sof-audio-pci 0000:00:1f.3: enabling device (0000 -> 0002)
[    2.897978] sof-audio-pci 0000:00:1f.3: DSP detected with PCI class/subclass/prog-if 0x040100
[    2.927347] input: ELAN0722:00 04F3:3139 Mouse as /devices/pci0000:00/0000:00:15.1/i2c_designware.1/i2c-2/i2c-ELAN0722:00/0018:04F3:3139.0002/input/input26
[    2.927442] input: ELAN0722:00 04F3:3139 Touchpad as /devices/pci0000:00/0000:00:15.1/i2c_designware.1/i2c-2/i2c-ELAN0722:00/0018:04F3:3139.0002/input/input28
[    2.927528] hid-multitouch 0018:04F3:3139.0002: input,hidraw1: I2C HID v1.00 Mouse [ELAN0722:00 04F3:3139] on i2c-ELAN0722:00
[    3.132704] Adding 3999740k swap on /dev/nvme0n1p6.  Priority:-2 extents:1 across:3999740k SSFS
[    3.155962] audit: type=1400 audit(1625459025.194:2): apparmor="STATUS" operation="profile_load" profile="unconfined" name="lsb_release" pid=734 comm="apparmor_parser"
[    3.157085] audit: type=1400 audit(1625459025.198:3): apparmor="STATUS" operation="profile_load" profile="unconfined" name="/usr/bin/man" pid=735 comm="apparmor_parser"
[    3.157090] audit: type=1400 audit(1625459025.198:4): apparmor="STATUS" operation="profile_load" profile="unconfined" name="man_filter" pid=735 comm="apparmor_parser"
[    3.157093] audit: type=1400 audit(1625459025.198:5): apparmor="STATUS" operation="profile_load" profile="unconfined" name="man_groff" pid=735 comm="apparmor_parser"
