[    1.014621] usb 1-4: New USB device found, idVendor=0489, idProduct=e0d8, bcdDevice= 1.00
[    1.014625] usb 1-4: New USB device strings: Mfr=5, Product=6, SerialNumber=7
[    1.014628] usb 1-4: Product: Wireless_Device
[    1.014629] usb 1-4: Manufacturer: MediaTek Inc.
[    1.014630] usb 1-4: SerialNumber: 000000000
[    1.020049] usb 3-3: New USB device found, idVendor=27c6, idProduct=55b4, bcdDevice= 1.00
[    1.020053] usb 3-3: New USB device strings: Mfr=1, Product=2, SerialNumber=0
[    1.020054] usb 3-3: Product: Goodix FingerPrint Device
[    1.020056] usb 3-3: Manufacturer: Generic
[    1.055912] usb 5-1: New USB device found, idVendor=30c9, idProduct=0057, bcdDevice= 0.22
[    1.055917] usb 5-1: New USB device strings: Mfr=1, Product=2, SerialNumber=3
--
[    1.501622] sp5100-tco sp5100-tco: initialized. heartbeat=60 sec (nowayout=0)
[    1.503492] ccp 0000:33:00.2: enabling device (0000 -> 0002)
[    1.503755] ccp 0000:33:00.2: ccp: unable to access the device: you might be running a broken BIOS.
[    1.513905] ccp 0000:33:00.2: tee enabled
[    1.513915] ccp 0000:33:00.2: psp enabled
[    1.640172] input: MSFT0001:00 06CB:CE44 Mouse as /devices/platform/AMDI0010:00/i2c-0/i2c-MSFT0001:00/0018:06CB:CE44.0001/input/input4
[    1.640317] input: MSFT0001:00 06CB:CE44 Touchpad as /devices/platform/AMDI0010:00/i2c-0/i2c-MSFT0001:00/0018:06CB:CE44.0001/input/input5
[    1.640703] hid-generic 0018:06CB:CE44.0001: input,hidraw0: I2C HID v1.00 Mouse [MSFT0001:00 06CB:CE44] on i2c-MSFT0001:00
[    1.642941] input: WACF2200:00 056A:52D3 Touchscreen as /devices/platform/AMDI0010:01/i2c-1/i2c-WACF2200:00/0018:056A:52D3.0002/input/input7
[    1.643249] input: WACF2200:00 056A:52D3 as /devices/platform/AMDI0010:01/i2c-1/i2c-WACF2200:00/0018:056A:52D3.0002/input/input8
[    1.643448] input: WACF2200:00 056A:52D3 Stylus as /devices/platform/AMDI0010:01/i2c-1/i2c-WACF2200:00/0018:056A:52D3.0002/input/input9
[    1.643747] input: WACF2200:00 056A:52D3 as /devices/platform/AMDI0010:01/i2c-1/i2c-WACF2200:00/0018:056A:52D3.0002/input/input10
[    1.644082] input: WACF2200:00 056A:52D3 Mouse as /devices/platform/AMDI0010:01/i2c-1/i2c-WACF2200:00/0018:056A:52D3.0002/input/input11
[    1.644424] hid-generic 0018:056A:52D3.0002: input,hidraw1: I2C HID v1.00 Mouse [WACF2200:00 056A:52D3] on i2c-WACF2200:00
[    1.713220] input: MSFT0001:00 06CB:CE44 Mouse as /devices/platform/AMDI0010:00/i2c-0/i2c-MSFT0001:00/0018:06CB:CE44.0001/input/input12
[    1.718588] input: MSFT0001:00 06CB:CE44 Touchpad as /devices/platform/AMDI0010:00/i2c-0/i2c-MSFT0001:00/0018:06CB:CE44.0001/input/input13
[    1.738799] hid-multitouch 0018:06CB:CE44.0001: input,hidraw0: I2C HID v1.00 Mouse [MSFT0001:00 06CB:CE44] on i2c-MSFT0001:00
[    1.783915] input: Wacom HID 52D3 Pen as /devices/platform/AMDI0010:01/i2c-1/i2c-WACF2200:00/0018:056A:52D3.0002/input/input15
[    1.784084] input: Wacom HID 52D3 Finger as /devices/platform/AMDI0010:01/i2c-1/i2c-WACF2200:00/0018:056A:52D3.0002/input/input16
[    1.784245] wacom 0018:056A:52D3.0002: hidraw1: I2C HID v1.00 Mouse [WACF2200:00 056A:52D3] on i2c-WACF2200:00
[    1.880255] hid-generic 0018:048D:8380.0003: hidraw2: I2C HID v1.00 Device [ITE8350:00 048D:8380] on i2c-ITE8350:00
[    1.889509] sdhci: Secure Digital Host Controller Interface driver
[    1.889511] sdhci: Copyright(c) Pierre Ossman
[    1.892287] ACPI Error: No handler for Region [ECSI] (00000000b499abdd) [EmbeddedControl] (20220331/evregion-130)
[    1.892298] ACPI Error: Region EmbeddedControl (ID=3) has no handler (20220331/exfldio-261)
[    1.892306] ACPI Error: Aborting method \_SB.UBTC.ECRD due to previous error (AE_NOT_EXIST) (20220331/psparse-529)
