[    0.048000] smp: Bringing up secondary CPUs ...
[    0.048000] x86: Booting SMP configuration:
[    0.048000] .... node  #0, CPUs:      #1
[    0.048000] NMI watchdog: Enabled. Permanently consumes one hw-PMU counter.
[    0.048000]  #2 #3 #4 #5 #6 #7
[    0.053151] smp: Brought up 1 node, 8 CPUs
[    0.053151] smpboot: Max logical packages: 1
[    0.053151] smpboot: Total of 8 processors activated (28800.00 BogoMIPS)
[    0.056403] devtmpfs: initialized
[    0.056403] x86/mm: Memory block size: 128MB
[    0.057024] evm: security.selinux
[    0.057028] evm: security.SMACK64
[    0.057031] evm: security.SMACK64EXEC
--
[    2.156769] PTP clock support registered
[    2.162690] e1000e: Intel(R) PRO/1000 Network Driver - 3.2.6-k
[    2.163765] e1000e: Copyright(c) 1999 - 2015 Intel Corporation.
[    2.220631] usb 1-6: new full-speed USB device number 3 using xhci_hcd
[    2.333327] nvme nvme0: Shutdown timeout set to 8 seconds
[    2.371045] usb 1-6: New USB device found, idVendor=056a, idProduct=5158
[    2.371714] usb 1-6: New USB device strings: Mfr=1, Product=2, SerialNumber=0
[    2.372421] usb 1-6: Product: Pen and multitouch sensor
[    2.373054] usb 1-6: Manufacturer: Wacom Co.,Ltd.
[    2.380384]  nvme0n1: p1 p2 p3 p4 p5 p6
[    2.500649] usb 1-7: new full-speed USB device number 4 using xhci_hcd
[    2.525130] clocksource: Switched to clocksource tsc
[    2.651353] usb 1-7: New USB device found, idVendor=06cb, idProduct=00a2
[    2.651978] usb 1-7: New USB device strings: Mfr=0, Product=0, SerialNumber=1
[    2.652623] usb 1-7: SerialNumber: 78cda488257a
[    2.696725] psmouse serio1: elantech: assuming hardware version 4 (with firmware version 0x4f3001)
[    2.710701] psmouse serio1: elantech: Synaptics capabilities query result 0x90, 0x18, 0x0d.
[    2.717601] e1000e 0000:00:1f.6: enabling device (0000 -> 0002)
[    2.718776] e1000e 0000:00:1f.6: Interrupt Throttling Rate (ints/sec) set to dynamic conservative mode
[    2.723261] psmouse serio1: elantech: Elan sample query result 00, 33, 86
[    2.726210] ish-hid {33AECD58-B679-4E54-9BD9-A04D34F0C226}: [hid-ish]: enum_devices_done OK, num_hid_devices=3
[    2.728180] random: fast init done
[    2.772057] input: ETPS/2 Elantech TrackPoint as /devices/platform/i8042/serio1/input/input6
[    2.780075] usb 1-10: new full-speed USB device number 5 using xhci_hcd
[    2.785628] input: ETPS/2 Elantech Touchpad as /devices/platform/i8042/serio1/input/input5
[    2.931604] usb 1-10: New USB device found, idVendor=8087, idProduct=0aaa
[    2.932248] usb 1-10: New USB device strings: Mfr=0, Product=0, SerialNumber=0
[    2.939645] usbcore: registered new interface driver usbhid
[    2.940306] usbhid: USB HID core driver
[    2.941365] wacom: loading out-of-tree module taints kernel.
[    2.941380] wacom: loading out-of-tree module taints kernel.
[    2.941418] wacom: module verification failed: signature and/or required key missing - tainting kernel
[    2.943924] input: Wacom Pen and multitouch sensor Finger as /devices/pci0000:00/0000:00:14.0/usb1/1-6/1-6:1.0/0003:056A:5158.0004/input/input8
[    2.945045] wacom 0003:056A:5158.0004: hidraw0: USB HID v1.11 Device [Wacom Co.,Ltd. Pen and multitouch sensor] on usb-0000:00:14.0-6/input0
[    2.945964] input: Wacom Pen and multitouch sensor Pen as /devices/pci0000:00/0000:00:14.0/usb1/1-6/1-6:1.1/0003:056A:5158.0005/input/input10
[    2.946953] wacom 0003:056A:5158.0005: hidraw1: USB HID v1.11 Mouse [Wacom Co.,Ltd. Pen and multitouch sensor] on usb-0000:00:14.0-6/input1
[    2.974866] e1000e 0000:00:1f.6 0000:00:1f.6 (uninitialized): registered PHC clock
[    3.045577] e1000e 0000:00:1f.6 eth0: (PCI Express:2.5GT/s:Width x1) 48:2a:e3:2e:66:82
[    3.046315] e1000e 0000:00:1f.6 eth0: Intel(R) PRO/1000 Network Connection
[    3.047077] e1000e 0000:00:1f.6 eth0: MAC: 13, PHY: 12, PBA No: FFFFFF-0FF
[    3.048361] e1000e 0000:00:1f.6 enp0s31f6: renamed from eth0
--
[   12.373889] traps: gnome-shell[1349] trap int3 ip:7f86c3176afb sp:7ffcd66e63d0 error:0 in libglib-2.0.so.0.4800.2[7f86c3126000+10f000]
[   15.233586] Bluetooth: RFCOMM TTY layer initialized
[   15.233590] Bluetooth: RFCOMM socket layer initialized
[   15.233593] Bluetooth: RFCOMM ver 1.11
[ 1607.037720] usb 1-3: new full-speed USB device number 6 using xhci_hcd
[ 1607.189122] usb 1-3: New USB device found, idVendor=056a, idProduct=0084
[ 1607.189128] usb 1-3: New USB device strings: Mfr=1, Product=2, SerialNumber=0
[ 1607.189132] usb 1-3: Product: Wacom Wireless Receiver
[ 1607.189135] usb 1-3: Manufacturer: Wacom Co.,Ltd.
[ 1607.192307] wacom 0003:056A:0084.0006: hidraw2: USB HID v1.00 Device [Wacom Co.,Ltd. Wacom Wireless Receiver] on usb-0000:00:14.0-3/input0
[ 1607.252097] wacom 0003:056A:0084.0007: hidraw3: USB HID v1.00 Device [Wacom Co.,Ltd. Wacom Wireless Receiver] on usb-0000:00:14.0-3/input1
[ 1607.253676] wacom 0003:056A:0084.0008: hidraw4: USB HID v1.00 Device [Wacom Co.,Ltd. Wacom Wireless Receiver] on usb-0000:00:14.0-3/input2
[ 1612.419691] wacom 0003:056A:0084.0006: wireless tablet connected with PID 33b
[ 1612.419898] input: Wacom Intuos S 2 (WL) Pen as /devices/pci0000:00/0000:00:14.0/usb1/1-3/1-3:1.1/0003:056A:0084.0007/input/input32
[ 1612.420138] wacom 0003:056A:0084.0007: hidraw3: USB HID v1.00 Device [Wacom Co.,Ltd. Wacom Wireless Receiver] on usb-0000:00:14.0-3/input1
[ 1612.420362] input: Wacom Intuos S 2 (WL) Pad as /devices/pci0000:00/0000:00:14.0/usb1/1-3/1-3:1.2/0003:056A:0084.0008/input/input37
[ 1612.420600] wacom 0003:056A:0084.0008: hidraw4: USB HID v1.00 Device [Wacom Co.,Ltd. Wacom Wireless Receiver] on usb-0000:00:14.0-3/input2
[ 1855.260341] usb 1-3: USB disconnect, device number 6
[ 2123.430423] audit: type=1400 audit(1552397714.076:31): apparmor="STATUS" operation="profile_load" profile="unconfined" name="snap-update-ns.vlc" pid=11777 comm="apparmor_parser"
[ 2123.498116] audit: type=1400 audit(1552397714.144:32): apparmor="STATUS" operation="profile_load" profile="unconfined" name="snap.vlc.vlc" pid=11778 comm="apparmor_parser"
[ 2123.879568] audit: type=1400 audit(1552397714.524:33): apparmor="STATUS" operation="profile_replace" info="same as current profile, skipping" profile="unconfined" name="/snap/core/6405/usr/lib/snapd/snap-confine" pid=11789 comm="apparmor_parser"
[ 2123.879572] audit: type=1400 audit(1552397714.524:34): apparmor="STATUS" operation="profile_replace" info="same as current profile, skipping" profile="unconfined" name="/snap/core/6405/usr/lib/snapd/snap-confine//mount-namespace-capture-helper" pid=11789 comm="apparmor_parser"
