[    0.007585] ACPI: DSDT 0x000000003EC12288 02980A (v02 DELL   CBX3     01072009 INTL 20160422)
[    0.007586] ACPI: FACS 0x000000003F59A180 000040
[    0.007588] ACPI: APIC 0x000000003EC3BBA8 0000BC (v03 DELL   CBX3     01072009 AMI  00010013)
[    0.007590] ACPI: FPDT 0x000000003EC3BC68 000044 (v01 DELL   CBX3     01072009 AMI  00010013)
[    0.007591] ACPI: FIDT 0x000000003EC3BCB0 0000AC (v01 DELL   CBX3     01072009 AMI  00010013)
[    0.007593] ACPI: MCFG 0x000000003EC3BD60 00003C (v01 DELL   CBX3     01072009 MSFT 00000097)
[    0.007594] ACPI: HPET 0x000000003EC3BDA0 000038 (v01 DELL   CBX3     01072009 AMI. 0005000B)
[    0.007596] ACPI: SSDT 0x000000003EC3BDD8 000359 (v01 SataRe SataTabl 00001000 INTL 20160422)
[    0.007598] ACPI: BOOT 0x000000003EC3C138 000028 (v01 DELL   CBX3     01072009 AMI  00010013)
[    0.007599] ACPI: SSDT 0x000000003EC3C160 0012EF (v02 SaSsdt SaSsdt   00003000 INTL 20160422)
[    0.007601] ACPI: SSDT 0x000000003EC3D450 002896 (v02 PegSsd PegSsdt  00001000 INTL 20160422)
[    0.007603] ACPI: HPET 0x000000003EC3FCE8 000038 (v01 INTEL  KBL      00000001 MSFT 0000005F)
[    0.007605] ACPI: SSDT 0x000000003EC3FD20 000CA5 (v02 INTEL  xh_rvp11 00000000 INTL 20160422)
[    0.007606] ACPI: UEFI 0x000000003EC409C8 000042 (v01                 00000000      00000000)
[    0.007608] ACPI: SSDT 0x000000003EC40A10 0017AE (v02 CpuRef CpuSsdt  00003000 INTL 20160422)
[    0.007610] ACPI: LPIT 0x000000003EC421C0 000094 (v01 INTEL  KBL      00000000 MSFT 0000005F)
[    0.007611] ACPI: SSDT 0x000000003EC42258 000161 (v02 INTEL  HdaDsp   00000000 INTL 20160422)
[    0.007613] ACPI: SSDT 0x000000003EC423C0 00029F (v02 INTEL  sensrhub 00000000 INTL 20160422)
[    0.007615] ACPI: SSDT 0x000000003EC42660 003002 (v02 INTEL  PtidDevc 00001000 INTL 20160422)
[    0.007616] ACPI: SSDT 0x000000003EC45668 000512 (v02 INTEL  TbtTypeC 00000000 INTL 20160422)
[    0.007618] ACPI: DBGP 0x000000003EC45B80 000034 (v01 INTEL           00000002 MSFT 0000005F)
[    0.007620] ACPI: DBG2 0x000000003EC45BB8 000054 (v00 INTEL           00000002 MSFT 0000005F)
[    0.007621] ACPI: SSDT 0x000000003EC45C10 00085D (v02 INTEL  UsbCTabl 00001000 INTL 20160422)
[    0.007623] ACPI: SSDT 0x000000003EC46470 006DCD (v02 DptfTa DptfTabl 00001000 INTL 20160422)
[    0.007625] ACPI: MSDM 0x000000003EC4D240 000055 (v03 DELL   CBX3     06222004 AMI  00010013)
[    0.007626] ACPI: SLIC 0x000000003EC4D298 000176 (v03 DELL   CBX3     01072009 MSFT 00010013)
[    0.007628] ACPI: SSDT 0x000000003EC4D410 0000AE (v02 SgRef  SgPeg    00001000 INTL 20160422)
[    0.007630] ACPI: NHLT 0x000000003EC4D4C0 00002D (v00 INTEL  EDK2     00000002      01000013)
[    0.007631] ACPI: BGRT 0x000000003EC4D4F0 000038 (v00 \xf3\xee              01072009 AMI  00010013)
[    0.007633] ACPI: TPM2 0x000000003EC4D528 000034 (v03 DELL   CBX3     00000001 AMI  00000000)
[    0.007635] ACPI: SSDT 0x000000003EC4D560 000F80 (v01 AmdRef AmdTabl  00001000 INTL 20160422)
--
[    0.810565] ACPI: Power Button [PWRF]
[    0.813467] thermal LNXTHERM:00: registered as thermal_zone0
[    0.813468] ACPI: Thermal Zone [THM] (25 C)
[    0.813646] Serial: 8250/16550 driver, 32 ports, IRQ sharing enabled
[    0.815630] Linux agpgart interface v0.103
[    0.844485] tpm_tis MSFT0101:00: 2.0 TPM (device-id 0xFC, rev-id 1)
[    0.853527] battery: ACPI: Battery Slot [BAT0] (battery present)
[    0.894999] loop: module loaded
[    0.895157] libphy: Fixed MDIO Bus: probed
[    0.895158] tun: Universal TUN/TAP device driver, 1.6
[    0.895175] PPP generic driver version 2.4.2
--
[    1.816716] tsc: Refined TSC clocksource calibration: 3095.999 MHz
[    1.816722] clocksource: tsc: mask: 0xffffffffffffffff max_cycles: 0x2ca0846bcce, max_idle_ns: 440795348689 ns
[    1.816760] clocksource: Switched to clocksource tsc
[    1.836715] usb 1-3: new full-speed USB device number 4 using xhci_hcd
[    1.851664] ish-hid {33AECD58-B679-4E54-9BD9-A04D34F0C226}: [hid-ish]: enum_devices_done OK, num_hid_devices=5
[    1.874547] hid-generic 001F:8086:0001.0001: hidraw0: <UNKNOWN> HID v2.00 Device [hid-ishtp 8086:0001] on 
[    1.875358] hid-generic 001F:8086:0001.0002: hidraw1: <UNKNOWN> HID v2.00 Device [hid-ishtp 8086:0001] on 
[    1.875882] hid-generic 001F:8086:0001.0003: hidraw2: <UNKNOWN> HID v2.00 Device [hid-ishtp 8086:0001] on 
[    1.876721] hid-generic 001F:8087:0AC3.0004: hidraw3: <UNKNOWN> HID v2.00 Device [hid-ishtp 8087:0AC3] on 
[    1.877038] hid-generic 001F:8087:0AC3.0005: hidraw4: <UNKNOWN> HID v2.00 Device [hid-ishtp 8087:0AC3] on 
[    1.988787] usb 1-3: New USB device found, idVendor=1532, idProduct=0072, bcdDevice= 2.00
[    1.988789] usb 1-3: New USB device strings: Mfr=1, Product=2, SerialNumber=0
[    1.988790] usb 1-3: Product: Razer Mamba Wireless Receiver
[    1.988790] usb 1-3: Manufacturer: Razer
[    2.116718] usb 1-6: new full-speed USB device number 5 using xhci_hcd
[    2.266323] usb 1-6: config 1 interface 1 altsetting 0 endpoint 0x83 has wMaxPacketSize 0, skipping
[    2.266324] usb 1-6: config 1 interface 1 altsetting 0 endpoint 0x3 has wMaxPacketSize 0, skipping
[    2.266327] usb 1-6: New USB device found, idVendor=0489, idProduct=e0a2, bcdDevice= 0.01
[    2.266328] usb 1-6: New USB device strings: Mfr=0, Product=0, SerialNumber=0
[    2.396718] usb 1-10: new full-speed USB device number 6 using xhci_hcd
[    2.547088] usb 1-10: New USB device found, idVendor=27c6, idProduct=5395, bcdDevice= 1.00
[    2.547090] usb 1-10: New USB device strings: Mfr=1, Product=2, SerialNumber=3
[    2.547090] usb 1-10: Product: Goodix Fingerprint Device 
[    2.547091] usb 1-10: Manufacturer: HTMicroelectronics
[    2.547092] usb 1-10: SerialNumber: HTK32
[    2.553527] usb-storage 1-2:1.0: USB Mass Storage device detected
[    2.553585] scsi host0: usb-storage 1-2:1.0
[    2.553593] input: Razer Razer Mamba Wireless Receiver as /devices/pci0000:00/0000:00:14.0/usb1/1-3/1-3:1.0/0003:1532:0072.0006/input/input5
[    2.553651] hid-generic 0003:1532:0072.0006: input,hidraw0: USB HID v1.11 Mouse [Razer Razer Mamba Wireless Receiver] on usb-0000:00:14.0-3/input0
[    2.553667] usbcore: registered new interface driver usb-storage
[    2.554271] input: Razer Razer Mamba Wireless Receiver Keyboard as /devices/pci0000:00/0000:00:14.0/usb1/1-3/1-3:1.1/0003:1532:0072.0007/input/input6
[    2.554377] usbcore: registered new interface driver uas
[    2.612821] input: Razer Razer Mamba Wireless Receiver Consumer Control as /devices/pci0000:00/0000:00:14.0/usb1/1-3/1-3:1.1/0003:1532:0072.0007/input/input7
[    2.612950] input: Razer Razer Mamba Wireless Receiver System Control as /devices/pci0000:00/0000:00:14.0/usb1/1-3/1-3:1.1/0003:1532:0072.0007/input/input8
[    2.613075] input: Razer Razer Mamba Wireless Receiver as /devices/pci0000:00/0000:00:14.0/usb1/1-3/1-3:1.1/0003:1532:0072.0007/input/input9
[    2.613295] hid-generic 0003:1532:0072.0007: input,hidraw1: USB HID v1.11 Keyboard [Razer Razer Mamba Wireless Receiver] on usb-0000:00:14.0-3/input1
[    2.613786] input: Razer Razer Mamba Wireless Receiver as /devices/pci0000:00/0000:00:14.0/usb1/1-3/1-3:1.2/0003:1532:0072.0008/input/input10
[    2.672978] hid-generic 0003:1532:0072.0008: input,hidraw2: USB HID v1.11 Keyboard [Razer Razer Mamba Wireless Receiver] on usb-0000:00:14.0-3/input2
[    2.673005] usbcore: registered new interface driver usbhid
[    2.673006] usbhid: USB HID core driver
[    2.700648] fbcon: Taking over console
[    2.700734] Console: switching to colour frame buffer device 240x67
[    2.704924] EXT4-fs (nvme0n1p8): mounted filesystem with ordered data mode. Opts: (null)
--
[    3.660344] input: Video Bus as /devices/LNXSYSTM:00/LNXSYBUS:00/PNP0A08:00/LNXVIDEO:00/input/input17
[    3.660547] snd_hda_intel 0000:00:1f.3: bound 0000:00:02.0 (ops i915_audio_component_bind_ops [i915])
[    3.662074] fbcon: i915drmfb (fb0) is primary device
[    3.662120] Console: switching to colour frame buffer device 240x67
[    3.662167] i915 0000:00:02.0: fb0: i915drmfb frame buffer device
[    3.665873] i2c_hid i2c-WCOM4875:00: i2c-WCOM4875:00 supply vdd not found, using dummy regulator
[    3.665885] i2c_hid i2c-WCOM4875:00: i2c-WCOM4875:00 supply vddl not found, using dummy regulator
[    3.710115] input: WCOM4875:00 056A:4875 Touchscreen as /devices/pci0000:00/0000:00:15.0/i2c_designware.0/i2c-7/i2c-WCOM4875:00/0018:056A:4875.0009/input/input18
[    3.710199] input: WCOM4875:00 056A:4875 as /devices/pci0000:00/0000:00:15.0/i2c_designware.0/i2c-7/i2c-WCOM4875:00/0018:056A:4875.0009/input/input19
[    3.710247] input: WCOM4875:00 056A:4875 as /devices/pci0000:00/0000:00:15.0/i2c_designware.0/i2c-7/i2c-WCOM4875:00/0018:056A:4875.0009/input/input20
[    3.710317] input: WCOM4875:00 056A:4875 as /devices/pci0000:00/0000:00:15.0/i2c_designware.0/i2c-7/i2c-WCOM4875:00/0018:056A:4875.0009/input/input21
[    3.710386] input: WCOM4875:00 056A:4875 Mouse as /devices/pci0000:00/0000:00:15.0/i2c_designware.0/i2c-7/i2c-WCOM4875:00/0018:056A:4875.0009/input/input22
[    3.710477] hid-generic 0018:056A:4875.0009: input,hidraw3: I2C HID v1.00 Mouse [WCOM4875:00 056A:4875] on i2c-WCOM4875:00
[    3.717268] ath: EEPROM regdomain: 0x6c
[    3.717269] ath: EEPROM indicates we should expect a direct regpair map
[    3.717270] ath: Country alpha2 being used: 00
[    3.717271] ath: Regpair used: 0x6c
[    3.722109] ath10k_pci 0000:02:00.0 wlp2s0: renamed from wlan0
--
[    3.968838] ath10k_pci 0000:02:00.0: unsupported HTC service id: 1536
[    3.984195] i2c_hid i2c-DLL080D:01: i2c-DLL080D:01 supply vdd not found, using dummy regulator
[    3.984203] i2c_hid i2c-DLL080D:01: i2c-DLL080D:01 supply vddl not found, using dummy regulator
[    4.012030] input: DLL080D:01 06CB:7A13 Mouse as /devices/pci0000:00/0000:00:15.1/i2c_designware.1/i2c-8/i2c-DLL080D:01/0018:06CB:7A13.000A/input/input29
[    4.012118] input: DLL080D:01 06CB:7A13 Touchpad as /devices/pci0000:00/0000:00:15.1/i2c_designware.1/i2c-8/i2c-DLL080D:01/0018:06CB:7A13.000A/input/input30
[    4.012186] hid-generic 0018:06CB:7A13.000A: input,hidraw4: I2C HID v1.00 Mouse [DLL080D:01 06CB:7A13] on i2c-DLL080D:01
[    4.192258] input: DLL080D:01 06CB:7A13 Touchpad as /devices/pci0000:00/0000:00:15.1/i2c_designware.1/i2c-8/i2c-DLL080D:01/0018:06CB:7A13.000A/input/input33
[    4.204685] hid-multitouch 0018:06CB:7A13.000A: input,hidraw4: I2C HID v1.00 Mouse [DLL080D:01 06CB:7A13] on i2c-DLL080D:01
[    4.397636] input: Wacom HID 4875 Pen as /devices/pci0000:00/0000:00:15.0/i2c_designware.0/i2c-7/i2c-WCOM4875:00/0018:056A:4875.0009/input/input35
[    4.397953] input: Wacom HID 4875 Finger as /devices/pci0000:00/0000:00:15.0/i2c_designware.0/i2c-7/i2c-WCOM4875:00/0018:056A:4875.0009/input/input36
[    4.398339] wacom 0018:056A:4875.0009: hidraw3: I2C HID v1.00 Mouse [WCOM4875:00 056A:4875] on i2c-WCOM4875:00
[    4.767625] broken atomic modeset userspace detected, disabling atomic
[    6.041464] Bluetooth: RFCOMM TTY layer initialized
[    6.041467] Bluetooth: RFCOMM socket layer initialized
[    6.041470] Bluetooth: RFCOMM ver 1.11
[    6.847814] rfkill: input handler disabled
