[    0.007021] ACPI: DSDT 0x00000000C2301228 02A7CE (v02 _ASUS_ Desktop  01072009 INTL 20160422)
[    0.007024] ACPI: FACS 0x00000000C2734F00 000040
[    0.007025] ACPI: APIC 0x00000000C232BB10 0000A0 (v03 _ASUS_ Desktop  01072009 AMI  00010013)
[    0.007027] ACPI: FPDT 0x00000000C232BBB0 000044 (v01 _ASUS_ Desktop  01072009 AMI  00010013)
[    0.007029] ACPI: FIDT 0x00000000C232BBF8 00009C (v01 _ASUS_ Desktop  01072009 AMI  00010013)
[    0.007032] ACPI: MCFG 0x00000000C232BC98 00003C (v01 _ASUS_ Desktop  01072009 MSFT 00000097)
[    0.007034] ACPI: SSDT 0x00000000C232BCD8 0003A3 (v01 SataRe SataTabl 00001000 INTL 20160422)
[    0.007037] ACPI: SSDT 0x00000000C232C080 003052 (v02 SaSsdt SaSsdt   00003000 INTL 20160422)
[    0.007040] ACPI: HPET 0x00000000C232F0D8 000038 (v01 INTEL  KBL      00000001 MSFT 0000005F)
[    0.007042] ACPI: SSDT 0x00000000C232F110 0011AA (v02 INTEL  Ther_Rvp 00001000 INTL 20160422)
[    0.007044] ACPI: SSDT 0x00000000C23302C0 000B1B (v02 INTEL  xh_rvp08 00000000 INTL 20160422)
[    0.007046] ACPI: UEFI 0x00000000C2330DE0 000048 (v01 _ASUS_ Desktop  00000002      01000013)
[    0.007048] ACPI: SSDT 0x00000000C2330E28 0017AE (v02 CpuRef CpuSsdt  00003000 INTL 20160422)
[    0.007051] ACPI: LPIT 0x00000000C23325D8 000094 (v01 INTEL  KBL      00000000 MSFT 0000005F)
[    0.007053] ACPI: SSDT 0x00000000C2332670 000141 (v02 INTEL  HdaDsp   00000000 INTL 20160422)
[    0.007055] ACPI: SSDT 0x00000000C23327B8 00029F (v02 INTEL  sensrhub 00000000 INTL 20160422)
[    0.007057] ACPI: SSDT 0x00000000C2332A58 003002 (v02 INTEL  PtidDevc 00001000 INTL 20160422)
[    0.007059] ACPI: SSDT 0x00000000C2335A60 000517 (v02 INTEL  TbtTypeC 00000000 INTL 20160422)
[    0.007061] ACPI: SSDT 0x00000000C2335F78 0002E9 (v02 INTEL  Wwan     00000001 INTL 20160422)
[    0.007063] ACPI: DBGP 0x00000000C2336268 000034 (v01 INTEL           00000002 MSFT 0000005F)
[    0.007065] ACPI: DBG2 0x00000000C23362A0 000054 (v00 INTEL           00000002 MSFT 0000005F)
[    0.007068] ACPI: DMAR 0x00000000C23362F8 0000A8 (v01 INTEL  EDK2     00000001 INTL 00000001)
[    0.007070] ACPI: BGRT 0x00000000C23363A0 000038 (v01 _ASUS_ Desktop  01072009 AMI  00010013)
[    0.007072] ACPI: TPM2 0x00000000C23363D8 000034 (v04 _ASUS_ Desktop  00000001 AMI  00000000)
[    0.007074] ACPI: WSMT 0x00000000C2336410 000028 (v01 _ASUS_ Desktop  01072009 AMI  00010013)
[    0.007075] ACPI: Reserving FACP table memory at [mem 0xc232b9f8-0xc232bb0b]
--
[    0.217787] ACPI: PCI: Interrupt link LNKC disabled
[    0.217833] ACPI: PCI: Interrupt link LNKD configured for IRQ 0
[    0.217834] ACPI: PCI: Interrupt link LNKD disabled
[    0.217880] ACPI: PCI: Interrupt link LNKE configured for IRQ 0
[    0.217881] ACPI: PCI: Interrupt link LNKE disabled
[    0.217927] ACPI: PCI: Interrupt link LNKF configured for IRQ 0
[    0.217928] ACPI: PCI: Interrupt link LNKF disabled
[    0.217974] ACPI: PCI: Interrupt link LNKG configured for IRQ 0
[    0.217974] ACPI: PCI: Interrupt link LNKG disabled
[    0.218020] ACPI: PCI: Interrupt link LNKH configured for IRQ 0
[    0.218020] ACPI: PCI: Interrupt link LNKH disabled
[    0.223537] iommu: Default domain type: Translated 
[    0.223637] SCSI subsystem initialized
[    0.223641] libata version 3.00 loaded.
--
[    0.551927] Key type fscrypt-provisioning registered
[    0.552127] Key type trusted registered
[    0.553924] Key type encrypted registered
[    0.553927] AppArmor: AppArmor sha1 policy hashing enabled
[    0.555135] integrity: Loading X.509 certificate: UEFI:db
[    0.555432] integrity: Loaded X.509 cert 'ASUSTeK MotherBoard SW Key Certificate: da83b990422ebc8c441f8d8b039a65a2'
[    0.555434] integrity: Loading X.509 certificate: UEFI:db
[    0.555595] integrity: Loaded X.509 cert 'ASUSTeK Notebook SW Key Certificate: b8e581e4df77a5bb4282d5ccfc00c071'
[    0.555596] integrity: Loading X.509 certificate: UEFI:db
[    0.555617] integrity: Loaded X.509 cert 'XI'AN SAMING TECHNOLOGY CO., LTD.: ae2df56baae3673fa15002580ced8e65905fade8'
[    0.555617] integrity: Loading X.509 certificate: UEFI:db
[    0.555635] integrity: Loaded X.509 cert 'SAMING TECHNOLOGY (H.K): 6ca287d48f39abebabf273af73e51677750063e9'
--
[    2.004920] usb 1-9: New USB device strings: Mfr=0, Product=0, SerialNumber=0
[    2.015361] hid: raw HID events driver (C) Jiri Kosina
[    2.022546] usbcore: registered new interface driver usbhid
[    2.022548] usbhid: USB HID core driver
[    2.024551] input: SIGMACHIP USB Keyboard as /devices/pci0000:00/0000:00:14.0/usb1/1-5/1-5:1.0/0003:1C4F:0002.0001/input/input3
[    2.084216] hid-generic 0003:1C4F:0002.0001: input,hidraw0: USB HID v1.10 Keyboard [SIGMACHIP USB Keyboard] on usb-0000:00:14.0-5/input0
[    2.084683] input: SIGMACHIP USB Keyboard Consumer Control as /devices/pci0000:00/0000:00:14.0/usb1/1-5/1-5:1.1/0003:1C4F:0002.0002/input/input4
[    2.144086] input: SIGMACHIP USB Keyboard System Control as /devices/pci0000:00/0000:00:14.0/usb1/1-5/1-5:1.1/0003:1C4F:0002.0002/input/input5
[    2.144500] hid-generic 0003:1C4F:0002.0002: input,hidraw1: USB HID v1.10 Device [SIGMACHIP USB Keyboard] on usb-0000:00:14.0-5/input1
[    2.144840] input: PixA\xe7\x90\x80 USB Optical Mouse as /devices/pci0000:00/0000:00:14.0/usb1/1-6/1-6:1.0/0003:093A:2510.0003/input/input6
[    2.145324] hid-generic 0003:093A:2510.0003: input,hidraw2: USB HID v1.11 Mouse [PixA\xe7\x90\x80 USB Optical Mouse] on usb-0000:00:14.0-6/input0
[    2.248065] fbcon: Taking over console
[    2.248184] Console: switching to colour frame buffer device 128x48
[    2.266673] EXT4-fs (nvme0n1p4): mounted filesystem with ordered data mode. Opts: (null). Quota mode: none.
[    2.499462] EXT4-fs (sda1): mounted filesystem with ordered data mode. Opts: (null). Quota mode: none.
[    3.618002] systemd[1]: Inserted module 'autofs4'
[    3.801322] systemd[1]: systemd 245.4-4ubuntu3.15 running in system mode. (+PAM +AUDIT +SELINUX +IMA +APPARMOR +SMACK +SYSVINIT +UTMP +LIBCRYPTSETUP +GCRYPT +GNUTLS +ACL +XZ +LZ4 +SECCOMP +BLKID +ELFUTILS +KMOD +IDN2 -IDN +PCRE2 default-hierarchy=hybrid)
[    3.819969] systemd[1]: Detected architecture x86-64.
[    3.849985] systemd[1]: Set hostname to <HOSTNAME>.
[    3.851049] Lockdown: systemd: /dev/mem,kmem,port is restricted; see man kernel_lockdown.7
[    5.087030] systemd[1]: /etc/systemd/system/teamviewerd.service:9: PIDFile= references a path below legacy directory /var/run/, updating /var/run/teamviewerd.pid \xe2\x86\x92 /run/teamviewerd.pid; please update the unit file accordingly.
[    5.650305] systemd[1]: Unnecessary job for TOSHIBA_DT01ACA100 1 was removed.
[    5.653302] systemd[1]: Created slice system-modprobe.slice.
[    5.653988] systemd[1]: Created slice system-systemd\x2dfsck.slice.
[    5.654550] systemd[1]: Created slice User and Session Slice.
[    5.654736] systemd[1]: Started Forward Password Requests to Wall Directory Watch.
--
[   62.064759] audit: type=1400 audit(1644551451.119:72): apparmor="DENIED" operation="open" profile="snap.snap-store.ubuntu-software" name="/var/lib/snapd/hostfs/usr/share/gdm/greeter/applications/gnome-initial-setup.desktop" pid=1981 comm="pool-org.gnome." requested_mask="r" denied_mask="r" fsuid=1000 ouid=0
[   62.091385] audit: type=1400 audit(1644551451.147:73): apparmor="DENIED" operation="open" profile="snap.snap-store.ubuntu-software" name="/var/lib/snapd/hostfs/usr/share/gdm/greeter/applications/gnome-initial-setup.desktop" pid=1981 comm="pool-org.gnome." requested_mask="r" denied_mask="r" fsuid=1000 ouid=0
[   62.486793] audit: type=1326 audit(1644551451.543:74): auid=1000 uid=1000 gid=1000 ses=3 subj=snap.snap-store.ubuntu-software pid=1981 comm="pool-org.gnome." exe="/snap/snap-store/558/usr/bin/snap-store" sig=0 arch=c000003e syscall=93 compat=0 ip=0x7f47b33794fb code=0x50000
[   63.050107] audit: type=1400 audit(1644551452.108:75): apparmor="DENIED" operation="open" profile="snap.skype.skype" name="/etc/issue" pid=3033 comm="skypeforlinux" requested_mask="r" denied_mask="r" fsuid=1000 ouid=0
[   78.859475] usb 1-3: new full-speed USB device number 5 using xhci_hcd
[   79.012602] usb 1-3: New USB device found, idVendor=056a, idProduct=033c, bcdDevice= 1.00
[   79.012616] usb 1-3: New USB device strings: Mfr=1, Product=2, SerialNumber=0
[   79.012622] usb 1-3: Product: Intuos PTS
[   79.012626] usb 1-3: Manufacturer: Wacom Co.,Ltd.
[   79.019057] hid-generic 0003:056A:033C.0004: hiddev0,hidraw3: USB HID v1.10 Device [Wacom Co.,Ltd. Intuos PTS] on usb-0000:00:14.0-3/input0
[   79.020573] hid-generic 0003:056A:033C.0005: hiddev1,hidraw4: USB HID v1.10 Device [Wacom Co.,Ltd. Intuos PTS] on usb-0000:00:14.0-3/input1
[   79.022269] input: Wacom Co.,Ltd. Intuos PTS as /devices/pci0000:00/0000:00:14.0/usb1/1-3/1-3:1.2/0003:056A:033C.0006/input/input17
[   79.022603] hid-generic 0003:056A:033C.0006: input,hidraw5: USB HID v1.10 Mouse [Wacom Co.,Ltd. Intuos PTS] on usb-0000:00:14.0-3/input2
[   79.132544] Lockdown: systemd-udevd: unsigned module loading is restricted; see man kernel_lockdown.7
[   79.132576] Lockdown: systemd-udevd: unsigned module loading is restricted; see man kernel_lockdown.7
[   79.132577] Lockdown: systemd-udevd: unsigned module loading is restricted; see man kernel_lockdown.7
[   79.132971] Lockdown: systemd-udevd: unsigned module loading is restricted; see man kernel_lockdown.7
[   79.132971] Lockdown: systemd-udevd: unsigned module loading is restricted; see man kernel_lockdown.7
--
[ 9040.484741] audit: type=1400 audit(1644560429.403:187): apparmor="DENIED" operation="open" profile="snap.skype.skype" name="/sys/devices/virtual/net/lo/speed" pid=3033 comm="skypeforlinux" requested_mask="r" denied_mask="r" fsuid=1000 ouid=0
[ 9040.484756] audit: type=1400 audit(1644560429.403:188): apparmor="DENIED" operation="open" profile="snap.skype.skype" name="/sys/devices/pci0000:00/0000:00:1c.7/0000:03:00.0/net/enp3s0/speed" pid=3033 comm="skypeforlinux" requested_mask="r" denied_mask="r" fsuid=1000 ouid=0
[ 9040.484765] audit: type=1400 audit(1644560429.403:189): apparmor="DENIED" operation="open" profile="snap.skype.skype" name="/sys/devices/pci0000:00/0000:00:1c.5/0000:02:00.0/net/wlo1/speed" pid=3033 comm="skypeforlinux" requested_mask="r" denied_mask="r" fsuid=1000 ouid=0
[ 9227.872685] usb 1-3: USB disconnect, device number 5
[ 9234.276961] usb 1-4: new full-speed USB device number 6 using xhci_hcd
[ 9234.429657] usb 1-4: New USB device found, idVendor=056a, idProduct=033c, bcdDevice= 1.00
[ 9234.429672] usb 1-4: New USB device strings: Mfr=1, Product=2, SerialNumber=0
[ 9234.429678] usb 1-4: Product: Intuos PTS
[ 9234.429683] usb 1-4: Manufacturer: Wacom Co.,Ltd.
[ 9234.436065] hid-generic 0003:056A:033C.0007: hiddev0,hidraw3: USB HID v1.10 Device [Wacom Co.,Ltd. Intuos PTS] on usb-0000:00:14.0-4/input0
[ 9234.437673] hid-generic 0003:056A:033C.0008: hiddev1,hidraw4: USB HID v1.10 Device [Wacom Co.,Ltd. Intuos PTS] on usb-0000:00:14.0-4/input1
[ 9234.439382] input: Wacom Co.,Ltd. Intuos PTS as /devices/pci0000:00/0000:00:14.0/usb1/1-4/1-4:1.2/0003:056A:033C.0009/input/input18
[ 9234.439650] hid-generic 0003:056A:033C.0009: input,hidraw5: USB HID v1.10 Mouse [Wacom Co.,Ltd. Intuos PTS] on usb-0000:00:14.0-4/input2
[ 9234.452758] Lockdown: systemd-udevd: unsigned module loading is restricted; see man kernel_lockdown.7
[ 9234.453648] Lockdown: systemd-udevd: unsigned module loading is restricted; see man kernel_lockdown.7
[ 9234.453648] Lockdown: systemd-udevd: unsigned module loading is restricted; see man kernel_lockdown.7
[ 9234.454178] Lockdown: systemd-udevd: unsigned module loading is restricted; see man kernel_lockdown.7
[ 9234.459178] Lockdown: systemd-udevd: unsigned module loading is restricted; see man kernel_lockdown.7
[ 9234.459548] Lockdown: systemd-udevd: unsigned module loading is restricted; see man kernel_lockdown.7
[ 9378.268052] usb 1-4: USB disconnect, device number 6
[ 9390.689539] usb 1-2: new full-speed USB device number 7 using xhci_hcd
[ 9390.842413] usb 1-2: New USB device found, idVendor=056a, idProduct=033c, bcdDevice= 1.00
[ 9390.842427] usb 1-2: New USB device strings: Mfr=1, Product=2, SerialNumber=0
[ 9390.842433] usb 1-2: Product: Intuos PTS
[ 9390.842437] usb 1-2: Manufacturer: Wacom Co.,Ltd.
[ 9390.849117] hid-generic 0003:056A:033C.000A: hiddev0,hidraw3: USB HID v1.10 Device [Wacom Co.,Ltd. Intuos PTS] on usb-0000:00:14.0-2/input0
[ 9390.850967] hid-generic 0003:056A:033C.000B: hiddev1,hidraw4: USB HID v1.10 Device [Wacom Co.,Ltd. Intuos PTS] on usb-0000:00:14.0-2/input1
[ 9390.852656] input: Wacom Co.,Ltd. Intuos PTS as /devices/pci0000:00/0000:00:14.0/usb1/1-2/1-2:1.2/0003:056A:033C.000C/input/input19
[ 9390.853066] hid-generic 0003:056A:033C.000C: input,hidraw5: USB HID v1.10 Mouse [Wacom Co.,Ltd. Intuos PTS] on usb-0000:00:14.0-2/input2
[ 9390.862796] Lockdown: systemd-udevd: unsigned module loading is restricted; see man kernel_lockdown.7
[ 9390.863194] Lockdown: systemd-udevd: unsigned module loading is restricted; see man kernel_lockdown.7
[ 9390.863516] Lockdown: systemd-udevd: unsigned module loading is restricted; see man kernel_lockdown.7
[ 9390.863899] Lockdown: systemd-udevd: unsigned module loading is restricted; see man kernel_lockdown.7
[ 9390.867127] Lockdown: systemd-udevd: unsigned module loading is restricted; see man kernel_lockdown.7
