[    0.006905] ACPI: DBGP 0x0000000055C6A000 000034 (v01 DELL\x CBX3     01072009 AMI  01000013)
[    0.006907] ACPI: DBG2 0x0000000055C69000 000054 (v00 DELL\x CBX3     01072009 AMI  01000013)
[    0.006908] ACPI: SSDT 0x0000000055C68000 0007F0 (v02 DELL\x UsbCTabl 00001000 INTL 20160527)
[    0.006910] ACPI: SSDT 0x0000000055C61000 006708 (v02 DptfTa DptfTabl 00001000 INTL 20160527)
[    0.006912] ACPI: MSDM 0x0000000055C60000 000055 (v03 DELL   CBX3     06222004 AMI  00010013)
[    0.006915] ACPI: SLIC 0x0000000055C5F000 000176 (v03 DELL   CBX3     01072009 MSFT 00010013)
[    0.006920] ACPI: DMAR 0x0000000055C5E000 0000C8 (v01 INTEL  EDK2     00000002      01000013)
[    0.006921] ACPI: BGRT 0x0000000055C5D000 000038 (v00 DELL   CBX3     01072009 AMI  00010013)
[    0.006924] ACPI: TPM2 0x0000000055C5C000 00004C (v04 DELL\x CBX3     00000001 AMI  00000000)
[    0.006926] ACPI: ASF! 0x0000000055C5B000 0000A0 (v32 DELL\x CBX3     01072009 AMI  01000013)
[    0.006929] ACPI: APIC 0x0000000055C5A000 0000BC (v04 DELL   CBX3     01072009 AMI  00010013)
--
[    4.210729] intel-hid INT33D5:00: platform supports 5 button array
[    4.210748] input: Intel HID 5 button array as /devices/platform/INT33D5:00/input/input7
[    4.222325] audit: type=1130 audit(1593814573.160:5): pid=1 uid=0 auid=4294967295 ses=4294967295 msg='unit=systemd-journal-flush comm="systemd" exe="/usr/lib/systemd/systemd" hostname=? addr=? terminal=? res=success'
[    4.254979] usb 1-10: New USB device found, idVendor=8087, idProduct=0026, bcdDevice= 0.02
[    4.254980] usb 1-10: New USB device strings: Mfr=0, Product=0, SerialNumber=0
[    4.289332] tpm_tis MSFT0101:00: 2.0 TPM (device-id 0x0, rev-id 78)
[    4.289637] tpm tpm0: tpm_try_transmit: send(): error -5
[    4.290215] tpm tpm0: [Firmware Bug]: TPM interrupt not working, polling instead
[    4.391337] hid: raw HID events driver (C) Jiri Kosina
[    4.392181] acpi PNP0C14:02: duplicate WMI GUID 05901221-D566-11D1-B2F0-00A0C9062910 (first instance was on PNP0C14:01)
[    4.392400] wmi_bus wmi_bus-PNP0C14:03: WQBC data block query control method not found
--
[    4.598998] mei_me 0000:00:16.0: enabling device (0000 -> 0002)
[    4.599032] cfg80211: Loading compiled-in X.509 certificates for regulatory database
[    4.600653] cfg80211: Loaded X.509 cert 'sforshee: 00b28ddf47aef9cea7'
[    4.601089] platform regulatory.0: Direct firmware load for regulatory.db failed with error -2
[    4.601090] cfg80211: failed to load regulatory.db
[    4.603055] i2c_hid i2c-WCOM4957:00: supply vdd not found, using dummy regulator
[    4.603065] i2c_hid i2c-WCOM4957:00: supply vddl not found, using dummy regulator
[    4.660530] intel-lpss 0000:00:15.1: enabling device (0004 -> 0006)
[    4.660740] idma64 idma64.1: Found Intel integrated DMA 64-bit
[    4.665596] i801_smbus 0000:00:1f.4: SPD Write Disable is set
[    4.665641] i801_smbus 0000:00:1f.4: SMBus using PCI interrupt
[    4.666284] input: PC Speaker as /devices/platform/pcspkr/input/input8
--
[    5.090776] input: Dell WMI hotkeys as /devices/platform/PNP0C14:03/wmi_bus/wmi_bus-PNP0C14:03/9DBB5994-A997-11DA-B012-B622A1EF5492/input/input10
[    5.125195] intel_rapl_common: Found RAPL domain package
[    5.125197] intel_rapl_common: Found RAPL domain core
[    5.125197] intel_rapl_common: Found RAPL domain uncore
[    5.125198] intel_rapl_common: Found RAPL domain dram
[    5.125829] input: WCOM4957:00 056A:4957 Touchscreen as /devices/pci0000:00/0000:00:15.0/i2c_designware.0/i2c-7/i2c-WCOM4957:00/0018:056A:4957.0001/input/input12
[    5.125879] input: WCOM4957:00 056A:4957 as /devices/pci0000:00/0000:00:15.0/i2c_designware.0/i2c-7/i2c-WCOM4957:00/0018:056A:4957.0001/input/input13
[    5.125923] input: WCOM4957:00 056A:4957 as /devices/pci0000:00/0000:00:15.0/i2c_designware.0/i2c-7/i2c-WCOM4957:00/0018:056A:4957.0001/input/input14
[    5.125961] input: WCOM4957:00 056A:4957 as /devices/pci0000:00/0000:00:15.0/i2c_designware.0/i2c-7/i2c-WCOM4957:00/0018:056A:4957.0001/input/input15
[    5.126998] input: WCOM4957:00 056A:4957 Mouse as /devices/pci0000:00/0000:00:15.0/i2c_designware.0/i2c-7/i2c-WCOM4957:00/0018:056A:4957.0001/input/input16
[    5.127050] hid-generic 0018:056A:4957.0001: input,hidraw0: I2C HID v1.00 Mouse [WCOM4957:00 056A:4957] on i2c-WCOM4957:00
[    5.128050] input: DELL09CD:00 0488:120A Mouse as /devices/pci0000:00/0000:00:15.1/i2c_designware.1/i2c-9/i2c-DELL09CD:00/0018:0488:120A.0002/input/input17
[    5.128104] input: DELL09CD:00 0488:120A Touchpad as /devices/pci0000:00/0000:00:15.1/i2c_designware.1/i2c-9/i2c-DELL09CD:00/0018:0488:120A.0002/input/input18
[    5.128148] input: DELL09CD:00 0488:120A as /devices/pci0000:00/0000:00:15.1/i2c_designware.1/i2c-9/i2c-DELL09CD:00/0018:0488:120A.0002/input/input19
[    5.128188] hid-generic 0018:0488:120A.0002: input,hidraw1: I2C HID v1.00 Mouse [DELL09CD:00 0488:120A] on i2c-DELL09CD:00
[    5.154395] iTCO_vendor_support: vendor-support=0
[    5.154530] mei_hdcp 0000:00:16.0-b638ab7e-94e2-4ea2-a552-d1c54b627f04: bound 0000:00:02.0 (ops i915_hdcp_component_ops [i915])
[    5.156289] iTCO_wdt: Intel TCO WatchDog Timer Driver v1.11
[    5.156380] iTCO_wdt: unable to reset NO_REBOOT flag, device disabled by hardware/BIOS
[    5.157594] uvcvideo: Found UVC 1.00 device Integrated_Webcam_HD (0c45:6728)
--
[    5.391518] input: DELL09CD:00 0488:120A Touchpad as /devices/pci0000:00/0000:00:15.1/i2c_designware.1/i2c-9/i2c-DELL09CD:00/0018:0488:120A.0002/input/input28
[    5.400503] input: PS/2 Generic Mouse as /devices/platform/i8042/serio1/input/input9
[    5.405610] NET: Registered protocol family 38
[    5.405771] input: DELL09CD:00 0488:120A UNKNOWN as /devices/pci0000:00/0000:00:15.1/i2c_designware.1/i2c-9/i2c-DELL09CD:00/0018:0488:120A.0002/input/input29
[    5.405946] mousedev: PS/2 mouse device common for all mice
[    5.405948] hid-multitouch 0018:0488:120A.0002: input,hidraw0: I2C HID v1.00 Mouse [DELL09CD:00 0488:120A] on i2c-DELL09CD:00
[    5.407438] input: Wacom HID 4957 Pen as /devices/pci0000:00/0000:00:15.0/i2c_designware.0/i2c-7/i2c-WCOM4957:00/0018:056A:4957.0001/input/input30
[    5.407506] input: Wacom HID 4957 Finger as /devices/pci0000:00/0000:00:15.0/i2c_designware.0/i2c-7/i2c-WCOM4957:00/0018:056A:4957.0001/input/input31
[    5.407566] wacom 0018:056A:4957.0001: hidraw1: I2C HID v1.00 Mouse [WCOM4957:00 056A:4957] on i2c-WCOM4957:00
[    5.425684] audit: type=1130 audit(1593814574.363:23): pid=1 uid=0 auid=4294967295 ses=4294967295 msg='unit=systemd-hostnamed comm="systemd" exe="/usr/lib/systemd/systemd" hostname=? addr=? terminal=? res=success'
[    5.444658] audit: type=1130 audit(1593814574.383:24): pid=1 uid=0 auid=4294967295 ses=4294967295 msg='unit=systemd-backlight@leds:dell::kbd_backlight comm="systemd" exe="/usr/lib/systemd/systemd" hostname=? addr=? terminal=? res=success'
[    5.449239] ish-hid {33AECD58-B679-4E54-9BD9-A04D34F0C226}: [hid-ish]: enum_devices_done OK, num_hid_devices=5
[    5.458322] hid-generic 001F:8087:0AC2.0003: hidraw2: <UNKNOWN> HID v2.00 Device [hid-ishtp 8087:0AC2] on 
[    5.466015] hid-generic 001F:8087:0AC2.0004: hidraw3: <UNKNOWN> HID v2.00 Device [hid-ishtp 8087:0AC2] on 
[    5.470775] hid-generic 001F:8087:0AC2.0005: hidraw4: <UNKNOWN> HID v2.00 Device [hid-ishtp 8087:0AC2] on 
[    5.475664] hid-generic 001F:8087:0AC2.0006: hidraw5: <UNKNOWN> HID v2.00 Device [hid-ishtp 8087:0AC2] on 
[    5.476766] hid-generic 001F:8087:0AC2.0007: hidraw6: <UNKNOWN> HID v2.00 Device [hid-ishtp 8087:0AC2] on 
[    5.508287] thunderbolt 0-3: new device found, vendor=0xd4 device=0xb070
[    5.508288] thunderbolt 0-3: Dell WD19TB Thunderbolt Dock
[    5.531410] audit: type=1130 audit(1593814574.470:25): pid=1 uid=0 auid=4294967295 ses=4294967295 msg='unit=iio-sensor-proxy comm="systemd" exe="/usr/lib/systemd/systemd" hostname=? addr=? terminal=? res=success'
[    5.595193] hid-sensor-hub 001F:8087:0AC2.0006: hid_field_extract() called with n (192) > 32! (kworker/4:0)
[    7.429750] rfkill: input handler disabled
--
[   17.123797] usb 5-2.5: new high-speed USB device number 4 using xhci_hcd
[   17.212715] audit: type=1130 audit(1593814586.150:72): pid=1 uid=0 auid=4294967295 ses=4294967295 msg='unit=fwupd comm="systemd" exe="/usr/lib/systemd/systemd" hostname=? addr=? terminal=? res=success'
[   17.215901] usb 5-2.5: New USB device found, idVendor=413c, idProduct=b06e, bcdDevice= 1.01
[   17.215902] usb 5-2.5: New USB device strings: Mfr=0, Product=1, SerialNumber=0
[   17.215903] usb 5-2.5: Product: Dell dock
[   17.218477] hid-generic 0003:413C:B06E.0008: hiddev0,hidraw2: USB HID v1.11 Device [Dell dock] on usb-0000:3a:00.0-2.5/input0
[   17.287182] usb 5-2.3.1: new low-speed USB device number 5 using xhci_hcd
[   17.381377] usb 5-2.3.1: New USB device found, idVendor=093a, idProduct=2510, bcdDevice= 1.00
[   17.381379] usb 5-2.3.1: New USB device strings: Mfr=1, Product=2, SerialNumber=0
[   17.381380] usb 5-2.3.1: Product: USB OPTICAL MOUSE
[   17.381381] usb 5-2.3.1: Manufacturer: PIXART
[   17.388486] input: PIXART USB OPTICAL MOUSE as /devices/pci0000:00/0000:00:1c.0/0000:01:00.0/0000:02:04.0/0000:38:00.0/0000:39:02.0/0000:3a:00.0/usb5/5-2/5-2.3/5-2.3.1/5-2.3.1:1.0/0003:093A:2510.0009/input/input33
[   17.388725] hid-generic 0003:093A:2510.0009: input,hidraw3: USB HID v1.11 Mouse [PIXART USB OPTICAL MOUSE] on usb-0000:3a:00.0-2.3.1/input0
[   17.477161] usb 5-2.3.3: new high-speed USB device number 6 using xhci_hcd
[   17.570108] usb 5-2.3.3: New USB device found, idVendor=04a9, idProduct=2213, bcdDevice= 3.05
[   17.570114] usb 5-2.3.3: New USB device strings: Mfr=1, Product=2, SerialNumber=0
[   17.570118] usb 5-2.3.3: Product: CanoScan
[   17.570121] usb 5-2.3.3: Manufacturer: Canon
--
[   17.826698] usb 5-2.3.4: SerialNumber: 200901010001
[   17.907356] usb 5-2.3.5: new high-speed USB device number 8 using xhci_hcd
[   18.025045] usb 5-2.3.5: New USB device found, idVendor=413c, idProduct=b06f, bcdDevice= 1.01
[   18.025052] usb 5-2.3.5: New USB device strings: Mfr=0, Product=1, SerialNumber=0
[   18.025056] usb 5-2.3.5: Product: Dell dock
[   18.032488] hid-generic 0003:413C:B06F.000A: hiddev1,hidraw4: USB HID v1.11 Device [Dell dock] on usb-0000:3a:00.0-2.3.5/input0
[   18.099338] hid-generic 0003:413C:B06F.000B: hiddev0,hidraw2: USB HID v1.11 Device [Dell dock] on usb-0000:3a:00.0-2.3.5/input0
[   18.198966] hid-generic 0003:413C:B06E.000C: hiddev1,hidraw4: USB HID v1.11 Device [Dell dock] on usb-0000:3a:00.0-2.5/input0
[   18.243951] usb 6-2.4: new SuperSpeed Gen 1 USB device number 4 using xhci_hcd
[   18.261180] usb 6-2.4: New USB device found, idVendor=0bda, idProduct=8153, bcdDevice=31.11
[   18.261182] usb 6-2.4: New USB device strings: Mfr=1, Product=2, SerialNumber=6
[   18.261183] usb 6-2.4: Product: USB 10/100/1000 LAN
[   18.261184] usb 6-2.4: Manufacturer: Realtek
