[    1.538901] usb usb4: SerialNumber: 0000:38:00.0
[    1.539078] hub 4-0:1.0: USB hub found
[    1.539091] hub 4-0:1.0: 2 ports detected
[    1.545278] nvme nvme0: 12/0/0 default/read/poll queues
[    1.547921]  nvme0n1: p1 p2 p3 p4 p5
[    1.719679] input: MSFT0001:00 06CB:CD3E Mouse as /devices/pci0000:00/0000:00:15.0/i2c_designware.0/i2c-1/i2c-MSFT0001:00/0018:06CB:CD3E.0001/input/input3
[    1.719762] input: MSFT0001:00 06CB:CD3E Touchpad as /devices/pci0000:00/0000:00:15.0/i2c_designware.0/i2c-1/i2c-MSFT0001:00/0018:06CB:CD3E.0001/input/input4
[    1.719813] hid-generic 0018:06CB:CD3E.0001: input,hidraw0: I2C HID v1.00 Mouse [MSFT0001:00 06CB:CD3E] on i2c-MSFT0001:00
[    1.720346] input: WAC2I2A:00 056A:5201 Touchscreen as /devices/pci0000:00/0000:00:15.1/i2c_designware.1/i2c-2/i2c-WAC2I2A:00/0018:056A:5201.0002/input/input6
[    1.720404] input: WAC2I2A:00 056A:5201 as /devices/pci0000:00/0000:00:15.1/i2c_designware.1/i2c-2/i2c-WAC2I2A:00/0018:056A:5201.0002/input/input7
[    1.720437] input: WAC2I2A:00 056A:5201 as /devices/pci0000:00/0000:00:15.1/i2c_designware.1/i2c-2/i2c-WAC2I2A:00/0018:056A:5201.0002/input/input8
[    1.720480] input: WAC2I2A:00 056A:5201 as /devices/pci0000:00/0000:00:15.1/i2c_designware.1/i2c-2/i2c-WAC2I2A:00/0018:056A:5201.0002/input/input9
[    1.720530] input: WAC2I2A:00 056A:5201 Mouse as /devices/pci0000:00/0000:00:15.1/i2c_designware.1/i2c-2/i2c-WAC2I2A:00/0018:056A:5201.0002/input/input10
[    1.720573] hid-generic 0018:056A:5201.0002: input,hidraw1: I2C HID v1.00 Mouse [WAC2I2A:00 056A:5201] on i2c-WAC2I2A:00
[    1.721924] usbcore: registered new interface driver usbhid
[    1.721926] usbhid: USB HID core driver
[    1.730284] i801_smbus 0000:00:1f.4: Transaction timeout
[    1.730288] fbcon: Taking over console
[    1.730359] Console: switching to colour frame buffer device 240x67
--
[    2.016223] usb 1-7: New USB device strings: Mfr=1, Product=2, SerialNumber=0
[    2.016227] usb 1-7: Product: USB2.0 Hub             
[    2.016230] usb 1-7: Manufacturer: Anker                  
[    2.017550] hub 1-7:1.0: USB hub found
[    2.017689] hub 1-7:1.0: 5 ports detected
[    2.041202] input: Wacom HID 5201 Pen as /devices/pci0000:00/0000:00:15.1/i2c_designware.1/i2c-2/i2c-WAC2I2A:00/0018:056A:5201.0002/input/input12
[    2.041467] input: Wacom HID 5201 Finger as /devices/pci0000:00/0000:00:15.1/i2c_designware.1/i2c-2/i2c-WAC2I2A:00/0018:056A:5201.0002/input/input13
[    2.041698] wacom 0018:056A:5201.0002: hidraw1: I2C HID v1.00 Mouse [WAC2I2A:00 056A:5201] on i2c-WAC2I2A:00
[    2.266358] usb 1-8: new high-speed USB device number 3 using xhci_hcd
[    2.428122] usb 1-8: New USB device found, idVendor=5986, idProduct=2115, bcdDevice=54.20
[    2.428131] usb 1-8: New USB device strings: Mfr=1, Product=2, SerialNumber=0
[    2.428136] usb 1-8: Product: Integrated Camera
[    2.428139] usb 1-8: Manufacturer: SunplusIT Inc
--
[    3.171473] i915 0000:00:02.0: [drm] fb0: i915drmfb frame buffer device
[    3.199904] usbcore: registered new interface driver r8152
[    3.200222] ish-hid {33AECD58-B679-4E54-9BD9-A04D34F0C226}: [hid-ish]: enum_devices_done OK, num_hid_devices=2
[    3.202607] usbcore: registered new interface driver cdc_ether
[    3.203437] usbcore: registered new interface driver r8153_ecm
[    3.206108] hid-generic 001F:8087:0AC2.0003: hidraw2: <UNKNOWN> HID v2.00 Device [hid-ishtp 8087:0AC2] on 
[    3.208143] hid-generic 001F:8087:0AC2.0004: hidraw3: <UNKNOWN> HID v2.00 Device [hid-ishtp 8087:0AC2] on 
[    3.282898] usb 4-2.4: reset SuperSpeed USB device number 3 using xhci_hcd
[    3.324803] r8152 4-2.4:1.0: load rtl8153a-4 v2 02/07/20 successfully
[    3.351222] r8152 4-2.4:1.0 eth0: v1.12.12
[    3.355295] r8152 4-2.4:1.0 enxa0cec8584bd8: renamed from eth0
[   13.130276] raid6: avx2x4   gen() 23526 MB/s
--
[   15.066548] usbcore: registered new interface driver uvcvideo
[   15.067074] input: sof-hda-dsp Headphone as /devices/pci0000:00/0000:00:1f.3/skl_hda_dsp_generic/sound/card0/input18
[   15.067212] input: sof-hda-dsp HDMI/DP,pcm=3 as /devices/pci0000:00/0000:00:1f.3/skl_hda_dsp_generic/sound/card0/input19
[   15.067319] input: sof-hda-dsp HDMI/DP,pcm=4 as /devices/pci0000:00/0000:00:1f.3/skl_hda_dsp_generic/sound/card0/input20
[   15.068879] input: sof-hda-dsp HDMI/DP,pcm=5 as /devices/pci0000:00/0000:00:1f.3/skl_hda_dsp_generic/sound/card0/input21
[   15.077812] input: MSFT0001:00 06CB:CD3E Mouse as /devices/pci0000:00/0000:00:15.0/i2c_designware.0/i2c-1/i2c-MSFT0001:00/0018:06CB:CD3E.0001/input/input22
[   15.078148] nvidia-nvlink: Nvlink Core is being initialized, major device number 505

[   15.078549] input: MSFT0001:00 06CB:CD3E Touchpad as /devices/pci0000:00/0000:00:15.0/i2c_designware.0/i2c-1/i2c-MSFT0001:00/0018:06CB:CD3E.0001/input/input23
[   15.078667] hid-multitouch 0018:06CB:CD3E.0001: input,hidraw0: I2C HID v1.00 Mouse [MSFT0001:00 06CB:CD3E] on i2c-MSFT0001:00
[   15.085225] nvidia 0000:01:00.0: enabling device (0006 -> 0007)
[   15.134261] NVRM: loading NVIDIA UNIX x86_64 Kernel Module  515.65.01  Wed Jul 20 14:00:58 UTC 2022
[   15.155271] nvidia-modeset: Loading NVIDIA Kernel Mode Setting Driver for UNIX platforms  515.65.01  Wed Jul 20 13:43:59 UTC 2022
[   15.160606] [drm] [nvidia-drm] [GPU ID 0x00000100] Loading driver
[   15.168184] intel_tcc_cooling: Programmable TCC Offset detected
