[    0.000104]   5 base 021FE00000 mask 7FFFE00000 uncachable
[    0.000105]   6 disabled
[    0.000106]   7 disabled
[    0.000106]   8 disabled
[    0.000107]   9 disabled
[    0.000458] x86/PAT: Configuration [0-7]: WB  WC  UC- UC  WB  WP  UC- WT  
[    0.000731] total RAM covered: 8142M
[    0.001036] Found optimal setting for mtrr clean up
[    0.001037]  gran_size: 64K 	chunk_size: 64M 	num_reg: 8  	lose cover RAM: 0G
[    0.001322] e820: update [mem 0xdd000000-0xffffffff] usable ==> reserved
[    0.001327] last_pfn = 0xdc000 max_arch_pfn = 0x400000000
--
[    0.014124] ACPI: FACP 0x00000000DB520F98 00010C (v05 OEMA   O E M A  01072009 AMI  00010013)
[    0.014131] ACPI: DSDT 0x00000000DB5121B8 00EDDA (v02 OEMA   O E M A  00000250 INTL 20120711)
[    0.014134] ACPI: FACS 0x00000000DBA75080 000040
[    0.014138] ACPI: APIC 0x00000000DB5210A8 000072 (v03 OEMA   O E M A  01072009 AMI  00010013)
[    0.014141] ACPI: FPDT 0x00000000DB521120 000044 (v01 OEMA   O E M A  01072009 AMI  00010013)
[    0.014144] ACPI: TCPA 0x00000000DB521168 000032 (v02 APTIO4 NAPAASF  00000001 MSFT 01000013)
[    0.014148] ACPI: MSDM 0x00000000DB5211A0 000055 (v03 OEMA   O E M A  01072009 AMI  00010013)
[    0.014151] ACPI: SSDT 0x00000000DB5211F8 000200 (v01 INTEL  sensrhub 00000000 INTL 20120711)
[    0.014155] ACPI: SSDT 0x00000000DB5213F8 000141 (v01 Intel  zpoddult 00001000 INTL 20120711)
[    0.014158] ACPI: SSDT 0x00000000DB521540 000539 (v01 PmRef  Cpu0Ist  00003000 INTL 20120711)
[    0.014162] ACPI: SSDT 0x00000000DB521A80 000AD8 (v01 PmRef  CpuPm    00003000 INTL 20120711)
[    0.014165] ACPI: MCFG 0x00000000DB522558 00003C (v01 OEMA   O E M A  01072009 MSFT 00000097)
[    0.014168] ACPI: HPET 0x00000000DB522598 000038 (v01 OEMA   O E M A  01072009 AMI. 00000005)
[    0.014172] ACPI: SSDT 0x00000000DB5225D0 000315 (v01 SataRe SataTabl 00001000 INTL 20120711)
[    0.014175] ACPI: SSDT 0x00000000DB5228E8 00399E (v01 SaSsdt SaSsdt   00003000 INTL 20091112)
[    0.014179] ACPI: BGRT 0x00000000DB526288 000038 (v00 OEMA   O E M A  01072009 AMI  00010013)
[    0.014182] ACPI: CSRT 0x00000000DB5262C0 0000C4 (v01 INTL   HSWULT-R 00000001 INTL 20100528)
--
[    2.280377] systemd-journald[200]: Received client request to flush runtime journal.
[    2.302395] usb 2-3: new full-speed USB device number 3 using xhci_hcd
[    2.304142] audit: type=1130 audit(1635882184.508:10): pid=1 uid=0 auid=4294967295 ses=4294967295 msg='unit=lvm2-monitor comm="systemd" exe="/usr/lib/systemd/systemd" hostname=? addr=? terminal=? res=success'
[    2.337521] loop: module loaded
[    2.430469] squashfs: version 4.0 (2009/01/31) Phillip Lougher
[    2.493651] usb 2-3: New USB device found, idVendor=045e, idProduct=07a9, bcdDevice= 2.05
[    2.493655] usb 2-3: New USB device strings: Mfr=1, Product=2, SerialNumber=3
[    2.493657] usb 2-3: Product: SAM
[    2.493659] usb 2-3: Manufacturer: MICROSOFT
[    2.493661] usb 2-3: SerialNumber: 0.1.0000
[    2.642338] usb 2-4: new full-speed USB device number 4 using xhci_hcd
--
[    2.974320] input: PC Speaker as /devices/platform/pcspkr/input/input3
[    2.981028] i801_smbus 0000:00:1f.3: SPD Write Disable is set
[    2.981060] i801_smbus 0000:00:1f.3: SMBus using PCI interrupt
[    2.982342] usb 2-5: new high-speed USB device number 5 using xhci_hcd
[    2.986032] i2c i2c-0: 2/2 memory slots populated (from DMI)
[    3.178712] usb 2-5: New USB device found, idVendor=045e, idProduct=0794, bcdDevice= 3.06
[    3.178717] usb 2-5: New USB device strings: Mfr=1, Product=2, SerialNumber=0
[    3.178720] usb 2-5: Product: Front LifeCam
[    3.178721] usb 2-5: Manufacturer: Microsoft
[    3.234590] tpm_tis 00:04: 1.2 TPM (device-id 0xB, rev-id 16)
[    3.298730] urandom_read: 1 callbacks suppressed
--
[    3.445026] RAPL PMU: hw unit of domain package 2^-14 Joules
[    3.445027] RAPL PMU: hw unit of domain dram 2^-14 Joules
[    3.445028] RAPL PMU: hw unit of domain pp1-gpu 2^-14 Joules
[    3.486777] iTCO_vendor_support: vendor-support=0
[    3.504412] cryptd: max_cpu_qlen set to 1000
[    3.518650] usb 2-6: New USB device found, idVendor=045e, idProduct=0795, bcdDevice= 3.07
[    3.518655] usb 2-6: New USB device strings: Mfr=1, Product=2, SerialNumber=0
[    3.518657] usb 2-6: Product: Rear LifeCam
[    3.518659] usb 2-6: Manufacturer: Microsoft
[    3.594859] iTCO_wdt: Intel TCO WatchDog Timer Driver v1.11
[    3.594931] iTCO_wdt: Found a Lynx Point_LP TCO device (Version=2, TCOBASE=0x1860)
--
[    4.737759] scsi 3:0:0:0: Direct-Access     Generic- USB3.0 CRW   -SD 1.00 PQ: 0 ANSI: 6
[    4.802428] Console: switching to colour frame buffer device 240x67
[    4.823204] i915 0000:00:02.0: [drm] fb0: i915drmfb frame buffer device
[    5.001038] mc: Linux media interface: v0.10
[    5.032796] videodev: Linux video capture interface: v2.00
[    5.071419] hid-generic 0003:045E:07A9.0001: hiddev96,hidraw0: USB HID v1.11 Device [MICROSOFT SAM] on usb-0000:00:14.0-3/input0
[    5.073383] input: MICROSOFT SAM as /devices/pci0000:00/0000:00:14.0/usb2/2-3/2-3:1.1/0003:045E:07A9.0002/input/input12
[    5.073659] input: MICROSOFT SAM Consumer Control as /devices/pci0000:00/0000:00:14.0/usb2/2-3/2-3:1.1/0003:045E:07A9.0002/input/input13
[    5.076407] uvcvideo: Found UVC 1.00 device Front LifeCam (045e:0794)
[    5.134223] cfg80211: Loading compiled-in X.509 certificates for regulatory database
[    5.137815] cfg80211: Loaded X.509 cert 'sforshee: 00b28ddf47aef9cea7'
[    5.144108] input: Front LifeCam: Front LifeCam as /devices/pci0000:00/0000:00:14.0/usb2/2-5/2-5:1.0/input/input16
[    5.152470] input: MICROSOFT SAM Keyboard as /devices/pci0000:00/0000:00:14.0/usb2/2-3/2-3:1.1/0003:045E:07A9.0002/input/input14
[    5.152545] input: MICROSOFT SAM Mouse as /devices/pci0000:00/0000:00:14.0/usb2/2-3/2-3:1.1/0003:045E:07A9.0002/input/input15
[    5.152613] hid-generic 0003:045E:07A9.0002: input,hidraw1: USB HID v1.11 Keyboard [MICROSOFT SAM] on usb-0000:00:14.0-3/input1
[    5.153603] uvcvideo: Found UVC 1.00 device Rear LifeCam (045e:0795)
[    5.155725] input: MICROSOFT SAM Keyboard as /devices/pci0000:00/0000:00:14.0/usb2/2-3/2-3:1.2/0003:045E:07A9.0003/input/input17
[    5.222544] input: MICROSOFT SAM Mouse as /devices/pci0000:00/0000:00:14.0/usb2/2-3/2-3:1.2/0003:045E:07A9.0003/input/input18
[    5.222613] input: MICROSOFT SAM Consumer Control as /devices/pci0000:00/0000:00:14.0/usb2/2-3/2-3:1.2/0003:045E:07A9.0003/input/input19
[    5.222660] input: MICROSOFT SAM as /devices/pci0000:00/0000:00:14.0/usb2/2-3/2-3:1.2/0003:045E:07A9.0003/input/input20
[    5.222751] hid-generic 0003:045E:07A9.0003: input,hiddev97,hidraw2: USB HID v1.11 Keyboard [MICROSOFT SAM] on usb-0000:00:14.0-3/input2
[    5.223835] input: Rear LifeCam: Rear LifeCam as /devices/pci0000:00/0000:00:14.0/usb2/2-6/2-6:1.0/input/input23
[    5.223879] usbcore: registered new interface driver uvcvideo
[    5.223881] USB Video Class driver (1.1.1)
[    5.225959] input: Atmel Atmel maXTouch Digitizer as /devices/pci0000:00/0000:00:14.0/usb2/2-4/2-4:1.0/0003:03EB:8209.0004/input/input24
[    5.226054] hid-generic 0003:03EB:8209.0004: input,hidraw3: USB HID v1.11 Device [Atmel Atmel maXTouch Digitizer] on usb-0000:00:14.0-4/input0
[    5.227607] hid-generic 0003:03EB:8209.0005: hiddev98,hidraw4: USB HID v1.11 Device [Atmel Atmel maXTouch Digitizer] on usb-0000:00:14.0-4/input1
[    5.227650] usbcore: registered new interface driver usbhid
[    5.227652] usbhid: USB HID core driver
[    5.283989] mousedev: PS/2 mouse device common for all mice
[    5.313832] usbcore: registered new interface driver mwifiex_usb
[    5.317019] usb 2-2: start to download FW...
[    5.402066] input: Atmel Atmel maXTouch Digitizer as /devices/pci0000:00/0000:00:14.0/usb2/2-4/2-4:1.0/0003:03EB:8209.0004/input/input25
[    5.405763] hid-multitouch 0003:03EB:8209.0004: input,hidraw0: USB HID v1.11 Device [Atmel Atmel maXTouch Digitizer] on usb-0000:00:14.0-4/input0
[    5.520059] kauditd_printk_skb: 33 callbacks suppressed
[    5.520061] audit: type=1130 audit(1635882187.718:44): pid=1 uid=0 auid=4294967295 ses=4294967295 msg='unit=polkit comm="systemd" exe="/usr/lib/systemd/systemd" hostname=? addr=? terminal=? res=success'
[    5.521798] audit: type=1130 audit(1635882187.718:45): pid=1 uid=0 auid=4294967295 ses=4294967295 msg='unit=iio-sensor-proxy comm="systemd" exe="/usr/lib/systemd/systemd" hostname=? addr=? terminal=? res=success'
[    5.679138] random: crng init done
[    5.679142] random: 3 urandom warning(s) missed due to ratelimiting
[    5.686440] audit: type=1130 audit(1635882187.888:46): pid=1 uid=0 auid=4294967295 ses=4294967295 msg='unit=systemd-random-seed comm="systemd" exe="/usr/lib/systemd/systemd" hostname=? addr=? terminal=? res=success'
[    6.092014] sd 3:0:0:0: [sdb] 61863936 512-byte logical blocks: (31.7 GB/29.5 GiB)
[    6.095010] sd 3:0:0:0: [sdb] Write Protect is off
--
[  263.157136] usb 2-3: USB disconnect, device number 3
[  263.172174] ACPI BIOS Error (bug): Could not resolve symbol [\SB.IADP], AE_NOT_FOUND (20200925/psargs-330)
[  263.172192] ACPI Error: Aborting method \_SB.PCI0.LPCB.EC0._Q42 due to previous error (AE_NOT_FOUND) (20200925/psparse-529)
[  263.182982] audit: type=1131 audit(1635882445.858:125): pid=1 uid=0 auid=4294967295 ses=4294967295 msg='unit=iio-sensor-proxy comm="systemd" exe="/usr/lib/systemd/systemd" hostname=? addr=? terminal=? res=success'
[  264.561920] usb 2-3: new full-speed USB device number 8 using xhci_hcd
[  264.743838] usb 2-3: New USB device found, idVendor=045e, idProduct=0799, bcdDevice= 2.04
[  264.743845] usb 2-3: New USB device strings: Mfr=1, Product=2, SerialNumber=3
[  264.743849] usb 2-3: Product: SAM
[  264.743852] usb 2-3: Manufacturer: MICROSOFT
[  264.743855] usb 2-3: SerialNumber: 0.1.0000
[  264.765321] input: MICROSOFT SAM as /devices/pci0000:00/0000:00:14.0/usb2/2-3/2-3:1.1/0003:045E:0799.0007/input/input26
[  264.765537] input: MICROSOFT SAM Consumer Control as /devices/pci0000:00/0000:00:14.0/usb2/2-3/2-3:1.1/0003:045E:0799.0007/input/input27
[  264.832236] input: MICROSOFT SAM Keyboard as /devices/pci0000:00/0000:00:14.0/usb2/2-3/2-3:1.1/0003:045E:0799.0007/input/input28
[  264.832475] input: MICROSOFT SAM Mouse as /devices/pci0000:00/0000:00:14.0/usb2/2-3/2-3:1.1/0003:045E:0799.0007/input/input29
[  264.832767] hid-generic 0003:045E:0799.0007: input,hidraw1: USB HID v1.11 Keyboard [MICROSOFT SAM] on usb-0000:00:14.0-3/input1
[  265.464548] audit: type=1130 audit(1635882448.138:126): pid=1 uid=0 auid=4294967295 ses=4294967295 msg='unit=iio-sensor-proxy comm="systemd" exe="/usr/lib/systemd/systemd" hostname=? addr=? terminal=? res=success'
[  290.081928] sd 0:0:0:0: [sda] Synchronizing SCSI cache
[  290.082375] sd 0:0:0:0: [sda] Stopping disk
[  293.363733] ata1: SATA link up 6.0 Gbps (SStatus 133 SControl 300)
[  293.364499] ata1.00: ACPI cmd ef/10:09:00:00:00:b0 (SET FEATURES) succeeded
--
[  346.121125] usb 2-3: USB disconnect, device number 8
[  346.131870] ACPI BIOS Error (bug): Could not resolve symbol [\SB.IADP], AE_NOT_FOUND (20200925/psargs-330)
[  346.131887] ACPI Error: Aborting method \_SB.PCI0.LPCB.EC0._Q42 due to previous error (AE_NOT_FOUND) (20200925/psparse-529)
[  346.146926] audit: type=1131 audit(1635882528.818:127): pid=1 uid=0 auid=4294967295 ses=4294967295 msg='unit=iio-sensor-proxy comm="systemd" exe="/usr/lib/systemd/systemd" hostname=? addr=? terminal=? res=success'
[  347.051847] usb 2-3: new full-speed USB device number 9 using xhci_hcd
[  347.234338] usb 2-3: New USB device found, idVendor=045e, idProduct=0799, bcdDevice= 2.04
[  347.234345] usb 2-3: New USB device strings: Mfr=1, Product=2, SerialNumber=3
[  347.234349] usb 2-3: Product: SAM
[  347.234352] usb 2-3: Manufacturer: MICROSOFT
[  347.234355] usb 2-3: SerialNumber: 0.1.0000
[  347.251660] input: MICROSOFT SAM as /devices/pci0000:00/0000:00:14.0/usb2/2-3/2-3:1.1/0003:045E:0799.0009/input/input30
[  347.251956] input: MICROSOFT SAM Consumer Control as /devices/pci0000:00/0000:00:14.0/usb2/2-3/2-3:1.1/0003:045E:0799.0009/input/input31
[  347.321982] input: MICROSOFT SAM Keyboard as /devices/pci0000:00/0000:00:14.0/usb2/2-3/2-3:1.1/0003:045E:0799.0009/input/input32
[  347.322049] input: MICROSOFT SAM Mouse as /devices/pci0000:00/0000:00:14.0/usb2/2-3/2-3:1.1/0003:045E:0799.0009/input/input33
[  347.322129] hid-generic 0003:045E:0799.0009: input,hidraw1: USB HID v1.11 Keyboard [MICROSOFT SAM] on usb-0000:00:14.0-3/input1
[  347.943039] audit: type=1130 audit(1635882530.618:128): pid=1 uid=0 auid=4294967295 ses=4294967295 msg='unit=iio-sensor-proxy comm="systemd" exe="/usr/lib/systemd/systemd" hostname=? addr=? terminal=? res=success'
[  349.307814] usb 2-3: USB disconnect, device number 9
[  349.321947] ACPI BIOS Error (bug): Could not resolve symbol [\SB.IADP], AE_NOT_FOUND (20200925/psargs-330)
[  349.321963] ACPI Error: Aborting method \_SB.PCI0.LPCB.EC0._Q42 due to previous error (AE_NOT_FOUND) (20200925/psparse-529)
[  354.421597] audit: type=1131 audit(1635882537.088:129): pid=1 uid=0 auid=4294967295 ses=4294967295 msg='unit=iio-sensor-proxy comm="systemd" exe="/usr/lib/systemd/systemd" hostname=? addr=? terminal=? res=success'
[  355.261868] usb 2-3: new full-speed USB device number 10 using xhci_hcd
[  355.443890] usb 2-3: New USB device found, idVendor=045e, idProduct=0799, bcdDevice= 2.04
[  355.443897] usb 2-3: New USB device strings: Mfr=1, Product=2, SerialNumber=3
[  355.443901] usb 2-3: Product: SAM
[  355.443904] usb 2-3: Manufacturer: MICROSOFT
[  355.443907] usb 2-3: SerialNumber: 0.1.0000
[  355.463124] input: MICROSOFT SAM as /devices/pci0000:00/0000:00:14.0/usb2/2-3/2-3:1.1/0003:045E:0799.000B/input/input34
[  355.463523] input: MICROSOFT SAM Consumer Control as /devices/pci0000:00/0000:00:14.0/usb2/2-3/2-3:1.1/0003:045E:0799.000B/input/input35
[  355.532257] input: MICROSOFT SAM Keyboard as /devices/pci0000:00/0000:00:14.0/usb2/2-3/2-3:1.1/0003:045E:0799.000B/input/input36
[  355.532528] input: MICROSOFT SAM Mouse as /devices/pci0000:00/0000:00:14.0/usb2/2-3/2-3:1.1/0003:045E:0799.000B/input/input37
[  355.532961] hid-generic 0003:045E:0799.000B: input,hidraw1: USB HID v1.11 Keyboard [MICROSOFT SAM] on usb-0000:00:14.0-3/input1
[  356.160794] audit: type=1130 audit(1635882538.828:130): pid=1 uid=0 auid=4294967295 ses=4294967295 msg='unit=iio-sensor-proxy comm="systemd" exe="/usr/lib/systemd/systemd" hostname=? addr=? terminal=? res=success'
[  367.633905] usb 2-3: USB disconnect, device number 10
[  367.651845] ACPI BIOS Error (bug): Could not resolve symbol [\SB.IADP], AE_NOT_FOUND (20200925/psargs-330)
[  367.651861] ACPI Error: Aborting method \_SB.PCI0.LPCB.EC0._Q42 due to previous error (AE_NOT_FOUND) (20200925/psparse-529)
[  367.658195] audit: type=1131 audit(1635882550.328:131): pid=1 uid=0 auid=4294967295 ses=4294967295 msg='unit=iio-sensor-proxy comm="systemd" exe="/usr/lib/systemd/systemd" hostname=? addr=? terminal=? res=success'
[  368.541940] usb 2-3: new full-speed USB device number 11 using xhci_hcd
[  368.723812] usb 2-3: New USB device found, idVendor=045e, idProduct=0799, bcdDevice= 2.04
[  368.723820] usb 2-3: New USB device strings: Mfr=1, Product=2, SerialNumber=3
[  368.723824] usb 2-3: Product: SAM
[  368.723827] usb 2-3: Manufacturer: MICROSOFT
[  368.723830] usb 2-3: SerialNumber: 0.1.0000
[  368.742160] input: MICROSOFT SAM as /devices/pci0000:00/0000:00:14.0/usb2/2-3/2-3:1.1/0003:045E:0799.000D/input/input38
[  368.742535] input: MICROSOFT SAM Consumer Control as /devices/pci0000:00/0000:00:14.0/usb2/2-3/2-3:1.1/0003:045E:0799.000D/input/input39
[  368.812247] input: MICROSOFT SAM Keyboard as /devices/pci0000:00/0000:00:14.0/usb2/2-3/2-3:1.1/0003:045E:0799.000D/input/input40
[  368.812530] input: MICROSOFT SAM Mouse as /devices/pci0000:00/0000:00:14.0/usb2/2-3/2-3:1.1/0003:045E:0799.000D/input/input41
[  368.812970] hid-generic 0003:045E:0799.000D: input,hidraw1: USB HID v1.11 Keyboard [MICROSOFT SAM] on usb-0000:00:14.0-3/input1
[  369.445610] audit: type=1130 audit(1635882552.118:132): pid=1 uid=0 auid=4294967295 ses=4294967295 msg='unit=iio-sensor-proxy comm="systemd" exe="/usr/lib/systemd/systemd" hostname=? addr=? terminal=? res=success'
[  427.907012] usb 2-3: USB disconnect, device number 11
[  427.931826] ACPI BIOS Error (bug): Could not resolve symbol [\SB.IADP], AE_NOT_FOUND (20200925/psargs-330)
[  427.931841] ACPI Error: Aborting method \_SB.PCI0.LPCB.EC0._Q41 due to previous error (AE_NOT_FOUND) (20200925/psparse-529)
[  427.932512] audit: type=1131 audit(1635882610.608:133): pid=1 uid=0 auid=4294967295 ses=4294967295 msg='unit=iio-sensor-proxy comm="systemd" exe="/usr/lib/systemd/systemd" hostname=? addr=? terminal=? res=success'
[  428.821797] usb 2-3: new full-speed USB device number 12 using xhci_hcd
[  429.003523] usb 2-3: New USB device found, idVendor=045e, idProduct=07a9, bcdDevice= 2.05
[  429.003531] usb 2-3: New USB device strings: Mfr=1, Product=2, SerialNumber=3
[  429.003535] usb 2-3: Product: SAM
[  429.003538] usb 2-3: Manufacturer: MICROSOFT
[  429.003541] usb 2-3: SerialNumber: 0.1.0000
[  429.020616] input: MICROSOFT SAM as /devices/pci0000:00/0000:00:14.0/usb2/2-3/2-3:1.1/0003:045E:07A9.000F/input/input42
[  429.020806] input: MICROSOFT SAM Consumer Control as /devices/pci0000:00/0000:00:14.0/usb2/2-3/2-3:1.1/0003:045E:07A9.000F/input/input43
[  429.082036] input: MICROSOFT SAM Keyboard as /devices/pci0000:00/0000:00:14.0/usb2/2-3/2-3:1.1/0003:045E:07A9.000F/input/input44
[  429.082168] input: MICROSOFT SAM Mouse as /devices/pci0000:00/0000:00:14.0/usb2/2-3/2-3:1.1/0003:045E:07A9.000F/input/input45
[  429.082327] hid-generic 0003:045E:07A9.000F: input,hidraw1: USB HID v1.11 Keyboard [MICROSOFT SAM] on usb-0000:00:14.0-3/input1
[  429.086769] input: MICROSOFT SAM Keyboard as /devices/pci0000:00/0000:00:14.0/usb2/2-3/2-3:1.2/0003:045E:07A9.0010/input/input46
[  429.152210] input: MICROSOFT SAM Mouse as /devices/pci0000:00/0000:00:14.0/usb2/2-3/2-3:1.2/0003:045E:07A9.0010/input/input47
[  429.152409] input: MICROSOFT SAM Consumer Control as /devices/pci0000:00/0000:00:14.0/usb2/2-3/2-3:1.2/0003:045E:07A9.0010/input/input48
[  429.152514] input: MICROSOFT SAM as /devices/pci0000:00/0000:00:14.0/usb2/2-3/2-3:1.2/0003:045E:07A9.0010/input/input49
[  429.152682] hid-generic 0003:045E:07A9.0010: input,hiddev96,hidraw2: USB HID v1.11 Keyboard [MICROSOFT SAM] on usb-0000:00:14.0-3/input2
[  429.793868] audit: type=1130 audit(1635882612.468:134): pid=1 uid=0 auid=4294967295 ses=4294967295 msg='unit=iio-sensor-proxy comm="systemd" exe="/usr/lib/systemd/systemd" hostname=? addr=? terminal=? res=success'
[  570.081635] sd 0:0:0:0: [sda] Synchronizing SCSI cache
[  570.082602] sd 0:0:0:0: [sda] Stopping disk
[  576.934587] ata1: SATA link up 6.0 Gbps (SStatus 133 SControl 300)
[  576.935615] ata1.00: ACPI cmd ef/10:09:00:00:00:b0 (SET FEATURES) succeeded
[  576.937173] ata1.00: ACPI cmd ef/10:09:00:00:00:b0 (SET FEATURES) succeeded
[  576.937490] ata1.00: configured for UDMA/133
[  576.937590] sd 0:0:0:0: [sda] Starting disk
[  668.840373] hid-sensor-hub 0003:045E:07A9.000E: No report with id 0xffffffff found
[  668.840747] hid-sensor-hub 0003:045E:07A9.000E: No report with id 0xffffffff found
[  668.840965] hid-sensor-hub 0003:045E:07A9.000E: No report with id 0xffffffff found
[  668.903059] hid-sensor-hub 0003:045E:07A9.000E: No report with id 0xffffffff found
[  668.965792] hid-sensor-hub 0003:045E:07A9.000E: No report with id 0xffffffff found
[  668.975606] WARNING! power/level is deprecated; use power/control instead
[  695.131457] sd 0:0:0:0: [sda] Synchronizing SCSI cache
[  695.132869] sd 0:0:0:0: [sda] Stopping disk
[  701.734293] ata1: SATA link up 6.0 Gbps (SStatus 133 SControl 300)
[  701.735384] ata1.00: ACPI cmd ef/10:09:00:00:00:b0 (SET FEATURES) succeeded
--
[  701.738454] sd 0:0:0:0: [sda] Starting disk
[  740.687061] audit: type=1100 audit(1635882923.359:135): pid=6736 uid=1000 auid=1000 ses=4 msg='op=PAM:authentication grantors=pam_faillock,pam_permit,pam_faillock acct="wittsend" exe="/usr/bin/sudo" hostname=? addr=? terminal=/dev/pts/0 res=success'
[  740.688321] audit: type=1101 audit(1635882923.359:136): pid=6736 uid=1000 auid=1000 ses=4 msg='op=PAM:accounting grantors=pam_unix,pam_permit,pam_time acct="wittsend" exe="/usr/bin/sudo" hostname=? addr=? terminal=/dev/pts/0 res=success'
[  740.689299] audit: type=1110 audit(1635882923.359:137): pid=6736 uid=1000 auid=1000 ses=4 msg='op=PAM:setcred grantors=pam_faillock,pam_permit,pam_faillock acct="USERNAME" exe="/usr/bin/sudo" hostname=? addr=? terminal=/dev/pts/0 res=success'
[  740.692651] audit: type=1105 audit(1635882923.369:138): pid=6736 uid=1000 auid=1000 ses=4 msg='op=PAM:session_open grantors=pam_limits,pam_unix,pam_permit acct="USERNAME" exe="/usr/bin/sudo" hostname=? addr=? terminal=/dev/pts/0 res=success'
[  741.581551] hid-sensor-hub 0003:045E:07A9.000E: No report with id 0xffffffff found
[  741.581853] hid-sensor-hub 0003:045E:07A9.000E: No report with id 0xffffffff found
[  741.582007] hid-sensor-hub 0003:045E:07A9.000E: No report with id 0xffffffff found
[  741.642625] hid-sensor-hub 0003:045E:07A9.000E: No report with id 0xffffffff found
[  741.705686] hid-sensor-hub 0003:045E:07A9.000E: No report with id 0xffffffff found
