[     7.396] (--) Log file renamed from "/var/log/Xorg.pid-1107.log" to "/var/log/Xorg.0.log"
[     7.397] (WW) Failed to open protocol names file lib/xorg/protocol.txt
[     7.397] 
X.Org X Server 1.20.7
X Protocol Version 11, Revision 0
[     7.397] Build Operating System: Linux Manjaro Linux
[     7.397] Current Operating System: Linux HOSTNAME 5.4.15-2-MANJARO #1 SMP PREEMPT Mon Jan 27 17:27:50 UTC 2020 x86_64
[     7.398] Kernel command line: BOOT_IMAGE=/boot/vmlinuz-5.4-x86_64 USERNAME=UUID=2ce0f8b0-41b4-4276-b5eb-fec2c28ebe98 rw quiet iwlwifi.power_save=Y iwldvm.force_cam=N power_level=5 i915.fastboot=1 i915.enable_psr=0 i915.enable_guc=2 i915.enable_fbc=1 i915.enable_dpcd_backlight=1 nouveau.modeset=0 apparmor=1 security=apparmor udev.log_priority=3
[     7.398] Build Date: 14 January 2020  01:27:33PM
[     7.398]  
[     7.398] Current version of pixman: 0.38.4
[     7.398] 	Before reporting problems, check http://wiki.x.org
	to make sure that you have the latest version.
[     7.398] Markers: (--) probed, (**) from config file, (==) default setting,
	(++) from command line, (!!) notice, (II) informational,
	(WW) warning, (EE) error, (NI) not implemented, (??) unknown.
[     7.398] (==) Log file: "/var/log/Xorg.0.log", Time: Sat Feb  1 15:43:52 2020
[     7.399] (==) Using config directory: "/etc/X11/xorg.conf.d"
[     7.399] (==) Using system config directory "/usr/share/X11/xorg.conf.d"
[     7.401] (==) ServerLayout "layout"
[     7.401] (**) |-->Screen "iGPU" (0)
[     7.401] (**) |   |-->Monitor "<default monitor>"
[     7.402] (**) |   |-->Device "iGPU"
[     7.402] (**) |   |-->GPUDevice "nvidia"
[     7.402] (==) No monitor specified for screen "iGPU".
	Using a default monitor configuration.
[     7.402] (==) Automatically adding devices
[     7.402] (==) Automatically enabling devices
[     7.403] (==) Automatically adding GPU devices
[     7.403] (==) Automatically binding GPU devices
[     7.403] (==) Max clients allowed: 256, resource mask: 0x1fffff
[     7.404] (WW) The directory "/usr/share/fonts/OTF" does not exist.
[     7.404] 	Entry deleted from font path.
[     7.404] (WW) The directory "/usr/share/fonts/Type1" does not exist.
[     7.404] 	Entry deleted from font path.
[     7.404] (WW) `fonts.dir' not found (or not valid) in "/usr/share/fonts/100dpi".
[     7.404] 	Entry deleted from font path.
[     7.404] 	(Run 'mkfontdir' on "/usr/share/fonts/100dpi").
[     7.404] (WW) `fonts.dir' not found (or not valid) in "/usr/share/fonts/75dpi".
[     7.404] 	Entry deleted from font path.
[     7.404] 	(Run 'mkfontdir' on "/usr/share/fonts/75dpi").
[     7.404] (==) FontPath set to:
	/usr/share/fonts/misc,
	/usr/share/fonts/TTF
[     7.404] (==) ModulePath set to "/usr/lib/xorg/modules"
[     7.404] (II) The server relies on udev to provide the list of input devices.
	If no devices become available, reconfigure udev or disable AutoAddDevices.
[     7.404] (II) Module ABI versions:
[     7.405] 	X.Org ANSI C Emulation: 0.4
[     7.405] 	X.Org Video Driver: 24.1
[     7.405] 	X.Org XInput driver : 24.1
[     7.405] 	X.Org Server Extension : 10.0
[     7.406] (++) using VT number 1

[     7.411] (II) systemd-logind: took control of session /org/freedesktop/login1/session/c1
[     7.412] (II) xfree86: Adding drm device (/dev/dri/card0)
[     7.414] (II) systemd-logind: got fd for /dev/dri/card0 226:0 fd 11 paused 0
[     7.414] (II) xfree86: Adding drm device (/dev/dri/card1)
[     7.416] (II) systemd-logind: got fd for /dev/dri/card1 226:1 fd 12 paused 0
[     7.420] (**) OutputClass "nvidia" ModulePath extended to "/usr/lib/nvidia/xorg,/usr/lib/xorg/modules,/usr/lib/xorg/modules"
[     7.420] (**) OutputClass "nvidia" ModulePath extended to "/usr/lib/nvidia/xorg,/usr/lib/xorg/modules,/usr/lib/nvidia/xorg,/usr/lib/xorg/modules,/usr/lib/xorg/modules"
[     7.597] (--) PCI:*(0@0:2:0) 8086:3e9b:17aa:22a8 rev 2, Mem @ 0x6040000000/16777216, 0x4000000000/268435456, I/O @ 0x00003000/64, BIOS @ 0x????????/131072
[     7.597] (--) PCI: (1@0:0:0) 10de:1f91:17aa:22a8 rev 161, Mem @ 0xcd000000/16777216, 0xa0000000/268435456, 0xb0000000/33554432, I/O @ 0x00002000/128, BIOS @ 0x????????/524288
[     7.597] (WW) Open ACPI failed (/var/run/acpid.socket) (No such file or directory)
[     7.597] (II) LoadModule: "glx"
[     7.603] (II) Loading /usr/lib/xorg/modules/extensions/libglx.so
[     7.609] (II) Module glx: vendor="X.Org Foundation"
[     7.609] 	compiled for 1.20.7, module version = 1.0.0
[     7.609] 	ABI class: X.Org Server Extension, version 10.0
[     7.609] (II) LoadModule: "modesetting"
[     7.609] (II) Loading /usr/lib/xorg/modules/drivers/modesetting_drv.so
[     7.611] (II) Module modesetting: vendor="X.Org Foundation"
[     7.611] 	compiled for 1.20.7, module version = 1.20.7
[     7.611] 	Module class: X.Org Video Driver
[     7.611] 	ABI class: X.Org Video Driver, version 24.1
[     7.611] (II) LoadModule: "nvidia"
[     7.611] (II) Loading /usr/lib/xorg/modules/drivers/nvidia_drv.so
[     7.617] (II) Module nvidia: vendor="NVIDIA Corporation"
[     7.617] 	compiled for 1.6.99.901, module version = 1.0.0
[     7.617] 	Module class: X.Org Video Driver
[     7.618] (II) modesetting: Driver for Modesetting Kernel Drivers: kms
[     7.618] (II) NVIDIA dlloader X Driver  440.44  Sun Dec  8 03:38:31 UTC 2019
[     7.618] (II) NVIDIA Unified Driver for all Supported NVIDIA GPUs
[     7.619] (II) modeset(0): using drv /dev/dri/card1
[     7.619] (II) systemd-logind: releasing fd for 226:0
[     7.621] (II) Loading sub module "fb"
[     7.621] (II) LoadModule: "fb"
[     7.621] (II) Loading /usr/lib/xorg/modules/libfb.so
[     7.622] (II) Module fb: vendor="X.Org Foundation"
[     7.622] 	compiled for 1.20.7, module version = 1.0.0
[     7.622] 	ABI class: X.Org ANSI C Emulation, version 0.4
[     7.622] (II) Loading sub module "wfb"
[     7.622] (II) LoadModule: "wfb"
[     7.622] (II) Loading /usr/lib/xorg/modules/libwfb.so
[     7.623] (II) Module wfb: vendor="X.Org Foundation"
[     7.623] 	compiled for 1.20.7, module version = 1.0.0
[     7.623] 	ABI class: X.Org ANSI C Emulation, version 0.4
[     7.623] (II) Loading sub module "ramdac"
[     7.623] (II) LoadModule: "ramdac"
[     7.623] (II) Module "ramdac" already built-in
[     7.625] (II) modeset(0): Creating default Display subsection in Screen section
	"iGPU" for depth/fbbpp 24/32
[     7.625] (==) modeset(0): Depth 24, (==) framebuffer bpp 32
[     7.625] (==) modeset(0): RGB weight 888
[     7.625] (==) modeset(0): Default visual is TrueColor
[     7.625] (II) Loading sub module "glamoregl"
[     7.625] (II) LoadModule: "glamoregl"
[     7.625] (II) Loading /usr/lib/xorg/modules/libglamoregl.so
[     7.637] (II) Module glamoregl: vendor="X.Org Foundation"
[     7.637] 	compiled for 1.20.7, module version = 1.0.1
[     7.637] 	ABI class: X.Org ANSI C Emulation, version 0.4
[     7.725] (II) modeset(0): glamor X acceleration enabled on Mesa DRI Intel(R) UHD Graphics 630 (Coffeelake 3x8 GT2) 
[     7.725] (II) modeset(0): glamor initialized
[     7.726] (II) modeset(0): Output eDP-1 has no monitor section
[     7.728] (II) modeset(0): EDID for output eDP-1
[     7.728] (II) modeset(0): Manufacturer: SDC  Model: 4141  Serial#: 0
[     7.728] (II) modeset(0): Year: 2019  Week: 19
[     7.728] (II) modeset(0): EDID Version: 1.4
[     7.728] (II) modeset(0): Digital Display Input
[     7.728] (II) modeset(0): 10 bits per channel
[     7.728] (II) modeset(0): Digital interface is DisplayPort
[     7.728] (II) modeset(0): Max Image Size [cm]: horiz.: 34  vert.: 19
[     7.728] (II) modeset(0): Gamma: 2.20
[     7.728] (II) modeset(0): No DPMS capabilities specified
[     7.728] (II) modeset(0): Supported color encodings: RGB 4:4:4 
[     7.728] (II) modeset(0): First detailed timing is preferred mode
[     7.728] (II) modeset(0): Preferred mode is native pixel format and refresh rate
[     7.728] (II) modeset(0): redX: 0.682 redY: 0.317   greenX: 0.243 greenY: 0.715
[     7.728] (II) modeset(0): blueX: 0.143 blueY: 0.044   whiteX: 0.312 whiteY: 0.329
[     7.728] (II) modeset(0): Manufacturer's mask: 0
[     7.728] (II) modeset(0): Supported detailed timing:
[     7.728] (II) modeset(0): clock: 545.1 MHz   Image Size:  344 x 194 mm
[     7.728] (II) modeset(0): h_active: 3840  h_sync: 3888  h_sync_end 3920 h_blank_end 4160 h_border: 0
[     7.728] (II) modeset(0): v_active: 2160  v_sync: 2164  v_sync_end 2168 v_blanking: 2184 v_border: 0
[     7.728] (II) modeset(0): Supported detailed timing:
[     7.728] (II) modeset(0): clock: 545.1 MHz   Image Size:  344 x 194 mm
[     7.728] (II) modeset(0): h_active: 3840  h_sync: 3888  h_sync_end 3920 h_blank_end 4160 h_border: 0
[     7.728] (II) modeset(0): v_active: 2160  v_sync: 2164  v_sync_end 2168 v_blanking: 2184 v_border: 0
[     7.728] (II) modeset(0): Unknown vendor-specific block f
[     7.729] (II) modeset(0):  ATNA56WR08-0
[     7.729] (II) modeset(0): Number of EDID sections to follow: 1
[     7.729] (II) modeset(0): EDID (in hex):
[     7.729] (II) modeset(0): 	00ffffffffffff004c83414100000000
[     7.729] (II) modeset(0): 	131d0104b5221378029491ae513eb724
[     7.729] (II) modeset(0): 	0b505400000001010101010101010101
[     7.729] (II) modeset(0): 	010101010101f0d40040f17018803020
[     7.729] (II) modeset(0): 	440058c21000001bf0d40040f1701880
[     7.729] (II) modeset(0): 	3020440058c21000001b0000000f00ff
[     7.729] (II) modeset(0): 	093cff093c2c800000000000000000fe
[     7.729] (II) modeset(0): 	0041544e413536575230382d30200115
[     7.729] (II) modeset(0): 	02030f00e3058000e6060501736d0700
[     7.729] (II) modeset(0): 	00000000000000000000000000000000
[     7.729] (II) modeset(0): 	00000000000000000000000000000000
[     7.729] (II) modeset(0): 	00000000000000000000000000000000
[     7.729] (II) modeset(0): 	00000000000000000000000000000000
[     7.729] (II) modeset(0): 	00000000000000000000000000000000
[     7.729] (II) modeset(0): 	00000000000000000000000000000000
[     7.729] (II) modeset(0): 	000000000000000000000000000000ab
[     7.729] (II) modeset(0): Printing probed modes for output eDP-1
[     7.729] (II) modeset(0): Modeline "3840x2160"x60.0  545.12  3840 3888 3920 4160  2160 2164 2168 2184 +hsync -vsync (131.0 kHz eP)
[     7.729] (II) modeset(0): Modeline "3840x2160"x60.0  712.75  3840 4160 4576 5312  2160 2163 2168 2237 -hsync +vsync (134.2 kHz d)
[     7.729] (II) modeset(0): Modeline "3840x2160"x60.0  533.00  3840 3888 3920 4000  2160 2163 2168 2222 +hsync -vsync (133.2 kHz d)
[     7.729] (II) modeset(0): Modeline "3200x1800"x60.0  492.00  3200 3456 3800 4400  1800 1803 1808 1865 -hsync +vsync (111.8 kHz d)
[     7.729] (II) modeset(0): Modeline "3200x1800"x59.9  373.00  3200 3248 3280 3360  1800 1803 1808 1852 +hsync -vsync (111.0 kHz d)
[     7.730] (II) modeset(0): Modeline "2880x1620"x60.0  396.25  2880 3096 3408 3936  1620 1623 1628 1679 -hsync +vsync (100.7 kHz d)
[     7.730] (II) modeset(0): Modeline "2880x1620"x60.0  303.75  2880 2928 2960 3040  1620 1623 1628 1666 +hsync -vsync (99.9 kHz d)
[     7.730] (II) modeset(0): Modeline "2560x1600"x60.0  348.50  2560 2760 3032 3504  1600 1603 1609 1658 -hsync +vsync (99.5 kHz d)
[     7.730] (II) modeset(0): Modeline "2560x1600"x60.0  268.50  2560 2608 2640 2720  1600 1603 1609 1646 +hsync -vsync (98.7 kHz d)
[     7.730] (II) modeset(0): Modeline "2560x1440"x120.0  638.25  2560 2780 3064 3568  1440 1441 1444 1491 doublescan -hsync +vsync (178.9 kHz d)
[     7.730] (II) modeset(0): Modeline "2560x1440"x120.0  469.12  2560 2584 2600 2640  1440 1441 1444 1481 doublescan +hsync -vsync (177.7 kHz d)
[     7.730] (II) modeset(0): Modeline "2560x1440"x60.0  312.25  2560 2752 3024 3488  1440 1443 1448 1493 -hsync +vsync (89.5 kHz d)
[     7.730] (II) modeset(0): Modeline "2560x1440"x60.0  241.50  2560 2608 2640 2720  1440 1443 1448 1481 +hsync -vsync (88.8 kHz d)
[     7.730] (II) modeset(0): Modeline "2048x1536"x60.0  266.95  2048 2200 2424 2800  1536 1537 1540 1589 -hsync +vsync (95.3 kHz d)
[     7.730] (II) modeset(0): Modeline "1920x1440"x60.0  234.00  1920 2048 2256 2600  1440 1441 1444 1500 -hsync +vsync (90.0 kHz d)
[     7.730] (II) modeset(0): Modeline "1856x1392"x60.0  218.30  1856 1952 2176 2528  1392 1393 1396 1439 -hsync +vsync (86.4 kHz d)
[     7.730] (II) modeset(0): Modeline "1792x1344"x60.0  204.80  1792 1920 2120 2448  1344 1345 1348 1394 -hsync +vsync (83.7 kHz d)
[     7.730] (II) modeset(0): Modeline "2048x1152"x120.0  406.50  2048 2220 2444 2840  1152 1153 1156 1193 doublescan -hsync +vsync (143.1 kHz d)
[     7.730] (II) modeset(0): Modeline "2048x1152"x120.0  302.50  2048 2072 2088 2128  1152 1153 1156 1185 doublescan +hsync -vsync (142.2 kHz d)
[     7.730] (II) modeset(0): Modeline "2048x1152"x59.9  197.00  2048 2184 2400 2752  1152 1155 1160 1195 -hsync +vsync (71.6 kHz d)
[     7.730] (II) modeset(0): Modeline "2048x1152"x59.9  156.75  2048 2096 2128 2208  1152 1155 1160 1185 +hsync -vsync (71.0 kHz d)
[     7.730] (II) modeset(0): Modeline "1920x1200"x59.9  193.25  1920 2056 2256 2592  1200 1203 1209 1245 -hsync +vsync (74.6 kHz d)
[     7.730] (II) modeset(0): Modeline "1920x1200"x60.0  154.00  1920 1968 2000 2080  1200 1203 1209 1235 +hsync -vsync (74.0 kHz d)
[     7.730] (II) modeset(0): Modeline "1920x1080"x120.0  356.38  1920 2080 2288 2656  1080 1081 1084 1118 doublescan -hsync +vsync (134.2 kHz d)
[     7.730] (II) modeset(0): Modeline "1920x1080"x119.9  266.50  1920 1944 1960 2000  1080 1081 1084 1111 doublescan +hsync -vsync (133.2 kHz d)
[     7.730] (II) modeset(0): Modeline "1920x1080"x60.0  173.00  1920 2048 2248 2576  1080 1083 1088 1120 -hsync +vsync (67.2 kHz d)
[     7.730] (II) modeset(0): Modeline "1920x1080"x59.9  138.50  1920 1968 2000 2080  1080 1083 1088 1111 +hsync -vsync (66.6 kHz d)
[     7.730] (II) modeset(0): Modeline "1600x1200"x60.0  162.00  1600 1664 1856 2160  1200 1201 1204 1250 +hsync +vsync (75.0 kHz d)
[     7.730] (II) modeset(0): Modeline "1680x1050"x60.0  146.25  1680 1784 1960 2240  1050 1053 1059 1089 -hsync +vsync (65.3 kHz d)
[     7.730] (II) modeset(0): Modeline "1680x1050"x59.9  119.00  1680 1728 1760 1840  1050 1053 1059 1080 +hsync -vsync (64.7 kHz d)
[     7.730] (II) modeset(0): Modeline "1400x1050"x60.0  122.00  1400 1488 1640 1880  1050 1052 1064 1082 +hsync +vsync (64.9 kHz d)
[     7.730] (II) modeset(0): Modeline "1600x900"x120.0  246.00  1600 1728 1900 2200  900 901 904 932 doublescan -hsync +vsync (111.8 kHz d)
[     7.730] (II) modeset(0): Modeline "1600x900"x119.9  186.50  1600 1624 1640 1680  900 901 904 926 doublescan +hsync -vsync (111.0 kHz d)
[     7.730] (II) modeset(0): Modeline "1600x900"x59.9  118.25  1600 1696 1856 2112  900 903 908 934 -hsync +vsync (56.0 kHz d)
[     7.730] (II) modeset(0): Modeline "1600x900"x59.8   97.50  1600 1648 1680 1760  900 903 908 926 +hsync -vsync (55.4 kHz d)
[     7.730] (II) modeset(0): Modeline "1280x1024"x60.0  108.00  1280 1328 1440 1688  1024 1025 1028 1066 +hsync +vsync (64.0 kHz d)
[     7.730] (II) modeset(0): Modeline "1400x900"x60.0  103.50  1400 1480 1624 1848  900 903 913 934 -hsync +vsync (56.0 kHz d)
[     7.730] (II) modeset(0): Modeline "1400x900"x59.9   86.50  1400 1448 1480 1560  900 903 913 926 +hsync -vsync (55.4 kHz d)
[     7.730] (II) modeset(0): Modeline "1280x960"x60.0  108.00  1280 1376 1488 1800  960 961 964 1000 +hsync +vsync (60.0 kHz d)
[     7.730] (II) modeset(0): Modeline "1440x810"x120.0  198.12  1440 1548 1704 1968  810 811 814 839 doublescan -hsync +vsync (100.7 kHz d)
[     7.730] (II) modeset(0): Modeline "1440x810"x119.9  151.88  1440 1464 1480 1520  810 811 814 833 doublescan +hsync -vsync (99.9 kHz d)
[     7.730] (II) modeset(0): Modeline "1368x768"x59.9   85.25  1368 1440 1576 1784  768 771 781 798 -hsync +vsync (47.8 kHz d)
[     7.730] (II) modeset(0): Modeline "1368x768"x59.9   72.25  1368 1416 1448 1528  768 771 781 790 +hsync -vsync (47.3 kHz d)
[     7.730] (II) modeset(0): Modeline "1280x800"x120.0  174.25  1280 1380 1516 1752  800 801 804 829 doublescan -hsync +vsync (99.5 kHz d)
[     7.730] (II) modeset(0): Modeline "1280x800"x119.9  134.25  1280 1304 1320 1360  800 801 804 823 doublescan +hsync -vsync (98.7 kHz d)
[     7.731] (II) modeset(0): Modeline "1280x800"x59.8   83.50  1280 1352 1480 1680  800 803 809 831 -hsync +vsync (49.7 kHz d)
[     7.731] (II) modeset(0): Modeline "1280x800"x59.9   71.00  1280 1328 1360 1440  800 803 809 823 +hsync -vsync (49.3 kHz d)
[     7.731] (II) modeset(0): Modeline "1280x720"x120.0  156.12  1280 1376 1512 1744  720 721 724 746 doublescan -hsync +vsync (89.5 kHz d)
[     7.731] (II) modeset(0): Modeline "1280x720"x120.0  120.75  1280 1304 1320 1360  720 721 724 740 doublescan +hsync -vsync (88.8 kHz d)
[     7.731] (II) modeset(0): Modeline "1280x720"x59.9   74.50  1280 1344 1472 1664  720 723 728 748 -hsync +vsync (44.8 kHz d)
[     7.731] (II) modeset(0): Modeline "1280x720"x59.7   63.75  1280 1328 1360 1440  720 723 728 741 +hsync -vsync (44.3 kHz d)
[     7.731] (II) modeset(0): Modeline "1024x768"x120.1  133.47  1024 1100 1212 1400  768 768 770 794 doublescan -hsync +vsync (95.3 kHz d)
[     7.731] (II) modeset(0): Modeline "1024x768"x60.0   65.00  1024 1048 1184 1344  768 771 777 806 -hsync -vsync (48.4 kHz d)
[     7.731] (II) modeset(0): Modeline "960x720"x120.0  117.00  960 1024 1128 1300  720 720 722 750 doublescan -hsync +vsync (90.0 kHz d)
[     7.731] (II) modeset(0): Modeline "928x696"x120.1  109.15  928 976 1088 1264  696 696 698 719 doublescan -hsync +vsync (86.4 kHz d)
[     7.731] (II) modeset(0): Modeline "896x672"x120.0  102.40  896 960 1060 1224  672 672 674 697 doublescan -hsync +vsync (83.7 kHz d)
[     7.731] (II) modeset(0): Modeline "1024x576"x119.9   98.50  1024 1092 1200 1376  576 577 580 597 doublescan -hsync +vsync (71.6 kHz d)
[     7.731] (II) modeset(0): Modeline "1024x576"x119.9   78.38  1024 1048 1064 1104  576 577 580 592 doublescan +hsync -vsync (71.0 kHz d)
[     7.731] (II) modeset(0): Modeline "1024x576"x59.9   46.50  1024 1064 1160 1296  576 579 584 599 -hsync +vsync (35.9 kHz d)
[     7.731] (II) modeset(0): Modeline "1024x576"x59.8   42.00  1024 1072 1104 1184  576 579 584 593 +hsync -vsync (35.5 kHz d)
[     7.731] (II) modeset(0): Modeline "960x600"x119.9   96.62  960 1028 1128 1296  600 601 604 622 doublescan -hsync +vsync (74.6 kHz d)
[     7.731] (II) modeset(0): Modeline "960x600"x120.0   77.00  960 984 1000 1040  600 601 604 617 doublescan +hsync -vsync (74.0 kHz d)
[     7.731] (II) modeset(0): Modeline "960x540"x119.9   86.50  960 1024 1124 1288  540 541 544 560 doublescan -hsync +vsync (67.2 kHz d)
[     7.731] (II) modeset(0): Modeline "960x540"x120.0   69.25  960 984 1000 1040  540 541 544 555 doublescan +hsync -vsync (66.6 kHz d)
[     7.731] (II) modeset(0): Modeline "960x540"x59.6   40.75  960 992 1088 1216  540 543 548 562 -hsync +vsync (33.5 kHz d)
[     7.731] (II) modeset(0): Modeline "960x540"x59.8   37.25  960 1008 1040 1120  540 543 548 556 +hsync -vsync (33.3 kHz d)
[     7.731] (II) modeset(0): Modeline "800x600"x120.0   81.00  800 832 928 1080  600 600 602 625 doublescan +hsync +vsync (75.0 kHz d)
[     7.731] (II) modeset(0): Modeline "800x600"x60.3   40.00  800 840 968 1056  600 601 605 628 +hsync +vsync (37.9 kHz d)
[     7.731] (II) modeset(0): Modeline "800x600"x56.2   36.00  800 824 896 1024  600 601 603 625 +hsync +vsync (35.2 kHz d)
[     7.731] (II) modeset(0): Modeline "840x525"x120.0   73.12  840 892 980 1120  525 526 529 544 doublescan -hsync +vsync (65.3 kHz d)
[     7.731] (II) modeset(0): Modeline "840x525"x119.8   59.50  840 864 880 920  525 526 529 540 doublescan +hsync -vsync (64.7 kHz d)
[     7.731] (II) modeset(0): Modeline "864x486"x59.9   32.50  864 888 968 1072  486 489 494 506 -hsync +vsync (30.3 kHz d)
[     7.731] (II) modeset(0): Modeline "864x486"x59.6   30.50  864 912 944 1024  486 489 494 500 +hsync -vsync (29.8 kHz d)
[     7.731] (II) modeset(0): Modeline "700x525"x120.0   61.00  700 744 820 940  525 526 532 541 doublescan +hsync +vsync (64.9 kHz d)
[     7.731] (II) modeset(0): Modeline "800x450"x119.9   59.12  800 848 928 1056  450 451 454 467 doublescan -hsync +vsync (56.0 kHz d)
[     7.731] (II) modeset(0): Modeline "800x450"x119.6   48.75  800 824 840 880  450 451 454 463 doublescan +hsync -vsync (55.4 kHz d)
[     7.731] (II) modeset(0): Modeline "640x512"x120.0   54.00  640 664 720 844  512 512 514 533 doublescan +hsync +vsync (64.0 kHz d)
[     7.731] (II) modeset(0): Modeline "700x450"x119.9   51.75  700 740 812 924  450 451 456 467 doublescan -hsync +vsync (56.0 kHz d)
[     7.731] (II) modeset(0): Modeline "700x450"x119.8   43.25  700 724 740 780  450 451 456 463 doublescan +hsync -vsync (55.4 kHz d)
[     7.731] (II) modeset(0): Modeline "640x480"x120.0   54.00  640 688 744 900  480 480 482 500 doublescan +hsync +vsync (60.0 kHz d)
[     7.731] (II) modeset(0): Modeline "640x480"x59.9   25.18  640 656 752 800  480 490 492 525 -hsync -vsync (31.5 kHz d)
[     7.731] (II) modeset(0): Modeline "720x405"x59.5   22.50  720 744 808 896  405 408 413 422 -hsync +vsync (25.1 kHz d)
[     7.731] (II) modeset(0): Modeline "720x405"x59.0   21.75  720 768 800 880  405 408 413 419 +hsync -vsync (24.7 kHz d)
[     7.731] (II) modeset(0): Modeline "684x384"x119.8   42.62  684 720 788 892  384 385 390 399 doublescan -hsync +vsync (47.8 kHz d)
[     7.731] (II) modeset(0): Modeline "684x384"x119.7   36.12  684 708 724 764  384 385 390 395 doublescan +hsync -vsync (47.3 kHz d)
[     7.731] (II) modeset(0): Modeline "640x400"x119.8   41.75  640 676 740 840  400 401 404 415 doublescan -hsync +vsync (49.7 kHz d)
[     7.732] (II) modeset(0): Modeline "640x400"x120.0   35.50  640 664 680 720  400 401 404 411 doublescan +hsync -vsync (49.3 kHz d)
[     7.732] (II) modeset(0): Modeline "640x360"x119.7   37.25  640 672 736 832  360 361 364 374 doublescan -hsync +vsync (44.8 kHz d)
[     7.732] (II) modeset(0): Modeline "640x360"x119.7   31.88  640 664 680 720  360 361 364 370 doublescan +hsync -vsync (44.3 kHz d)
[     7.732] (II) modeset(0): Modeline "640x360"x59.8   18.00  640 664 720 800  360 363 368 376 -hsync +vsync (22.5 kHz d)
[     7.732] (II) modeset(0): Modeline "640x360"x59.3   17.75  640 688 720 800  360 363 368 374 +hsync -vsync (22.2 kHz d)
[     7.732] (II) modeset(0): Modeline "512x384"x120.0   32.50  512 524 592 672  384 385 388 403 doublescan -hsync -vsync (48.4 kHz d)
[     7.732] (II) modeset(0): Modeline "512x288"x120.0   23.25  512 532 580 648  288 289 292 299 doublescan -hsync +vsync (35.9 kHz d)
[     7.732] (II) modeset(0): Modeline "512x288"x119.8   21.00  512 536 552 592  288 289 292 296 doublescan +hsync -vsync (35.5 kHz d)
[     7.732] (II) modeset(0): Modeline "480x270"x119.3   20.38  480 496 544 608  270 271 274 281 doublescan -hsync +vsync (33.5 kHz d)
[     7.732] (II) modeset(0): Modeline "480x270"x119.6   18.62  480 504 520 560  270 271 274 278 doublescan +hsync -vsync (33.3 kHz d)
[     7.732] (II) modeset(0): Modeline "400x300"x120.6   20.00  400 420 484 528  300 300 302 314 doublescan +hsync +vsync (37.9 kHz d)
[     7.732] (II) modeset(0): Modeline "400x300"x112.7   18.00  400 412 448 512  300 300 301 312 doublescan +hsync +vsync (35.2 kHz d)
[     7.732] (II) modeset(0): Modeline "432x243"x119.8   16.25  432 444 484 536  243 244 247 253 doublescan -hsync +vsync (30.3 kHz d)
[     7.732] (II) modeset(0): Modeline "432x243"x119.1   15.25  432 456 472 512  243 244 247 250 doublescan +hsync -vsync (29.8 kHz d)
[     7.732] (II) modeset(0): Modeline "320x240"x120.1   12.59  320 328 376 400  240 245 246 262 doublescan -hsync -vsync (31.5 kHz d)
[     7.732] (II) modeset(0): Modeline "360x202"x119.0   11.25  360 372 404 448  202 204 206 211 doublescan -hsync +vsync (25.1 kHz d)
[     7.732] (II) modeset(0): Modeline "360x202"x118.3   10.88  360 384 400 440  202 204 206 209 doublescan +hsync -vsync (24.7 kHz d)
[     7.732] (II) modeset(0): Modeline "320x180"x119.7    9.00  320 332 360 400  180 181 184 188 doublescan -hsync +vsync (22.5 kHz d)
[     7.732] (II) modeset(0): Modeline "320x180"x118.6    8.88  320 344 360 400  180 181 184 187 doublescan +hsync -vsync (22.2 kHz d)
[     7.732] (II) modeset(0): Output eDP-1 connected
[     7.732] (II) modeset(0): Using exact sizes for initial modes
[     7.732] (II) modeset(0): Output eDP-1 using initial mode 3840x2160 +0+0
[     7.732] (==) modeset(0): Using gamma correction (1.0, 1.0, 1.0)
[     7.732] (==) modeset(0): DPI set to (96, 96)
[     7.732] (II) Loading sub module "fb"
[     7.732] (II) LoadModule: "fb"
[     7.732] (II) Loading /usr/lib/xorg/modules/libfb.so
[     7.732] (II) Module fb: vendor="X.Org Foundation"
[     7.732] 	compiled for 1.20.7, module version = 1.0.0
[     7.732] 	ABI class: X.Org ANSI C Emulation, version 0.4
[     7.733] (==) NVIDIA(G0): Depth 24, (==) framebuffer bpp 32
[     7.733] (==) NVIDIA(G0): RGB weight 888
[     7.733] (==) NVIDIA(G0): Default visual is TrueColor
[     7.733] (==) NVIDIA(G0): Using gamma correction (1.0, 1.0, 1.0)
[     7.733] (**) Option "AllowNVIDIAGpuScreens"
[     7.733] (II) Applying OutputClass "nvidia" options to /dev/dri/card0
[     7.733] (II) Applying OutputClass "nvidia" options to /dev/dri/card0
[     7.733] (**) NVIDIA(G0): Option "AllowEmptyInitialConfiguration"
[     7.733] (**) NVIDIA(G0): Enabling 2D acceleration
[     7.733] (II) Loading sub module "glxserver_nvidia"
[     7.733] (II) LoadModule: "glxserver_nvidia"
[     7.734] (II) Loading /usr/lib/xorg/modules/extensions/libglxserver_nvidia.so
[     7.770] (II) Module glxserver_nvidia: vendor="NVIDIA Corporation"
[     7.770] 	compiled for 1.6.99.901, module version = 1.0.0
[     7.770] 	Module class: X.Org Server Extension
[     7.771] (II) NVIDIA GLX Module  440.44  Sun Dec  8 03:36:07 UTC 2019
[     7.772] (II) NVIDIA: The X server supports PRIME Render Offload.
[     8.708] (--) NVIDIA(0): Valid display device(s) on GPU-0 at PCI:1:0:0
[     8.708] (--) NVIDIA(0):     DFP-0
[     8.708] (--) NVIDIA(0):     DFP-1
[     8.708] (--) NVIDIA(0):     DFP-2
[     8.709] (II) NVIDIA(G0): NVIDIA GPU GeForce GTX 1650 (TU117-A) at PCI:1:0:0 (GPU-0)
[     8.709] (--) NVIDIA(G0): Memory: 4194304 kBytes
[     8.709] (--) NVIDIA(G0): VideoBIOS: 90.17.31.00.26
[     8.709] (II) NVIDIA(G0): Detected PCI Express Link width: 16X
[     8.710] (--) NVIDIA(GPU-0): DFP-0: disconnected
[     8.710] (--) NVIDIA(GPU-0): DFP-0: Internal DisplayPort
[     8.710] (--) NVIDIA(GPU-0): DFP-0: 2660.0 MHz maximum pixel clock
[     8.710] (--) NVIDIA(GPU-0): 
[     8.710] (--) NVIDIA(GPU-0): DFP-1: disconnected
[     8.710] (--) NVIDIA(GPU-0): DFP-1: Internal DisplayPort
[     8.710] (--) NVIDIA(GPU-0): DFP-1: 2660.0 MHz maximum pixel clock
[     8.710] (--) NVIDIA(GPU-0): 
[     8.710] (--) NVIDIA(GPU-0): DFP-2: disconnected
[     8.710] (--) NVIDIA(GPU-0): DFP-2: Internal TMDS
[     8.710] (--) NVIDIA(GPU-0): DFP-2: 165.0 MHz maximum pixel clock
[     8.710] (--) NVIDIA(GPU-0): 
[     8.710] (II) NVIDIA(G0): Validated MetaModes:
[     8.710] (II) NVIDIA(G0):     "NULL"
[     8.710] (**) NVIDIA(G0): Virtual screen size configured to be 3840 x 2160
[     8.710] (WW) NVIDIA(G0): Unable to get display device for DPI computation.
[     8.710] (==) NVIDIA(G0): DPI set to (75, 75); computed from built-in default
[     8.761] (==) modeset(0): Backing store enabled
[     8.761] (==) modeset(0): Silken mouse disabled
[     8.814] (II) modeset(0): Initializing kms color map for depth 24, 8 bpc.
[     8.814] (==) modeset(0): DPMS enabled
[     8.814] (II) modeset(0): [DRI2] Setup complete
[     8.814] (II) modeset(0): [DRI2]   DRI driver: i965
[     8.814] (II) modeset(0): [DRI2]   VDPAU driver: va_gl
[     8.814] (II) NVIDIA: Using 24576.00 MB of virtual memory for indirect memory
[     8.814] (II) NVIDIA:     access.
[     8.827] (II) NVIDIA(G0): ACPI: failed to connect to the ACPI event daemon; the daemon
[     8.827] (II) NVIDIA(G0):     may not be running or the "AcpidSocketPath" X
[     8.828] (II) NVIDIA(G0):     configuration option may not be set correctly.  When the
[     8.828] (II) NVIDIA(G0):     ACPI event daemon is available, the NVIDIA X driver will
[     8.828] (II) NVIDIA(G0):     try to use it to receive ACPI event notifications.  For
[     8.828] (II) NVIDIA(G0):     details, please see the "ConnectToAcpid" and
[     8.828] (II) NVIDIA(G0):     "AcpidSocketPath" X configuration options in Appendix B: X
[     8.828] (II) NVIDIA(G0):     Config Options in the README.
[     8.996] (II) NVIDIA(G0): Setting mode "NULL"
[     9.009] (==) NVIDIA(G0): Disabling shared memory pixmaps
[     9.009] (==) NVIDIA(G0): Backing store enabled
[     9.009] (==) NVIDIA(G0): Silken mouse disabled
[     9.009] (==) NVIDIA(G0): DPMS enabled
[     9.009] (II) Loading sub module "dri2"
[     9.009] (II) LoadModule: "dri2"
[     9.009] (II) Module "dri2" already built-in
[     9.009] (II) NVIDIA(G0): [DRI2] Setup complete
[     9.009] (II) NVIDIA(G0): [DRI2]   VDPAU driver: nvidia
[     9.009] (II) Initializing extension Generic Event Extension
[     9.009] (II) Initializing extension SHAPE
[     9.009] (II) Initializing extension MIT-SHM
[     9.009] (II) Initializing extension XInputExtension
[     9.009] (II) Initializing extension XTEST
[     9.009] (II) Initializing extension BIG-REQUESTS
[     9.009] (II) Initializing extension SYNC
[     9.009] (II) Initializing extension XKEYBOARD
[     9.009] (II) Initializing extension XC-MISC
[     9.009] (II) Initializing extension SECURITY
[     9.009] (II) Initializing extension XFIXES
[     9.009] (II) Initializing extension RENDER
[     9.009] (II) Initializing extension RANDR
[     9.009] (II) Initializing extension COMPOSITE
[     9.009] (II) Initializing extension DAMAGE
[     9.009] (II) Initializing extension MIT-SCREEN-SAVER
[     9.009] (II) Initializing extension DOUBLE-BUFFER
[     9.009] (II) Initializing extension RECORD
[     9.009] (II) Initializing extension DPMS
[     9.009] (II) Initializing extension Present
[     9.009] (II) Initializing extension DRI3
[     9.009] (II) Initializing extension X-Resource
[     9.009] (II) Initializing extension XVideo
[     9.009] (II) Initializing extension XVideo-MotionCompensation
[     9.009] (II) Initializing extension GLX
[     9.009] (II) Initializing extension GLX
[     9.009] (II) Indirect GLX disabled.
[     9.012] (II) AIGLX: Loaded and initialized i965
[     9.012] (II) GLX: Initialized DRI2 GL provider for screen 0
[     9.012] (II) Initializing extension XFree86-VidModeExtension
[     9.012] (II) Initializing extension XFree86-DGA
[     9.012] (II) Initializing extension XFree86-DRI
[     9.012] (II) Initializing extension DRI2
[     9.012] (II) Initializing extension NV-GLX
[     9.012] (II) Initializing extension NV-CONTROL
[     9.014] (II) modeset(0): Damage tracking initialized
[     9.014] (II) modeset(0): Setting screen physical size to 1016 x 571
[     9.037] (II) config/udev: Adding input device Power Button (/dev/input/event2)
[     9.037] (**) Power Button: Applying InputClass "evdev keyboard catchall"
[     9.037] (**) Power Button: Applying InputClass "libinput keyboard catchall"
[     9.037] (**) Power Button: Applying InputClass "system-keyboard"
[     9.037] (II) LoadModule: "libinput"
[     9.038] (II) Loading /usr/lib/xorg/modules/input/libinput_drv.so
[     9.039] (II) Module libinput: vendor="X.Org Foundation"
[     9.039] 	compiled for 1.20.5, module version = 0.29.0
[     9.039] 	Module class: X.Org XInput Driver
[     9.039] 	ABI class: X.Org XInput driver, version 24.1
[     9.039] (II) Using input driver 'libinput' for 'Power Button'
[     9.040] (II) systemd-logind: got fd for /dev/input/event2 13:66 fd 31 paused 0
[     9.040] (**) Power Button: always reports core events
[     9.040] (**) Option "Device" "/dev/input/event2"
[     9.040] (**) Option "_source" "server/udev"
[     9.043] (II) event2  - Power Button: is tagged by udev as: Keyboard
[     9.043] (II) event2  - Power Button: device is a keyboard
[     9.043] (II) event2  - Power Button: device removed
[     9.043] (**) Option "config_info" "udev:/sys/devices/LNXSYSTM:00/LNXPWRBN:00/input/input2/event2"
[     9.043] (II) XINPUT: Adding extended input device "Power Button" (type: KEYBOARD, id 6)
[     9.043] (**) Option "xkb_model" "pc105"
[     9.043] (**) Option "xkb_layout" "us"
[     9.044] (II) event2  - Power Button: is tagged by udev as: Keyboard
[     9.044] (II) event2  - Power Button: device is a keyboard
[     9.044] (II) config/udev: Adding input device Video Bus (/dev/input/event7)
[     9.044] (**) Video Bus: Applying InputClass "evdev keyboard catchall"
[     9.044] (**) Video Bus: Applying InputClass "libinput keyboard catchall"
[     9.044] (**) Video Bus: Applying InputClass "system-keyboard"
[     9.044] (II) Using input driver 'libinput' for 'Video Bus'
[     9.045] (II) systemd-logind: got fd for /dev/input/event7 13:71 fd 34 paused 0
[     9.045] (**) Video Bus: always reports core events
[     9.045] (**) Option "Device" "/dev/input/event7"
[     9.045] (**) Option "_source" "server/udev"
[     9.045] (II) event7  - Video Bus: is tagged by udev as: Keyboard
[     9.045] (II) event7  - Video Bus: device is a keyboard
[     9.045] (II) event7  - Video Bus: device removed
[     9.046] (**) Option "config_info" "udev:/sys/devices/LNXSYSTM:00/LNXSYBUS:00/PNP0A08:00/LNXVIDEO:01/input/input9/event7"
[     9.046] (II) XINPUT: Adding extended input device "Video Bus" (type: KEYBOARD, id 7)
[     9.046] (**) Option "xkb_model" "pc105"
[     9.046] (**) Option "xkb_layout" "us"
[     9.046] (II) event7  - Video Bus: is tagged by udev as: Keyboard
[     9.046] (II) event7  - Video Bus: device is a keyboard
[     9.046] (II) config/udev: Adding input device Video Bus (/dev/input/event6)
[     9.046] (**) Video Bus: Applying InputClass "evdev keyboard catchall"
[     9.046] (**) Video Bus: Applying InputClass "libinput keyboard catchall"
[     9.046] (**) Video Bus: Applying InputClass "system-keyboard"
[     9.046] (II) Using input driver 'libinput' for 'Video Bus'
[     9.047] (II) systemd-logind: got fd for /dev/input/event6 13:70 fd 35 paused 0
[     9.047] (**) Video Bus: always reports core events
[     9.047] (**) Option "Device" "/dev/input/event6"
[     9.047] (**) Option "_source" "server/udev"
[     9.048] (II) event6  - Video Bus: is tagged by udev as: Keyboard
[     9.048] (II) event6  - Video Bus: device is a keyboard
[     9.048] (II) event6  - Video Bus: device removed
[     9.048] (**) Option "config_info" "udev:/sys/devices/LNXSYSTM:00/LNXSYBUS:00/PNP0A08:00/device:00/LNXVIDEO:00/input/input8/event6"
[     9.048] (II) XINPUT: Adding extended input device "Video Bus" (type: KEYBOARD, id 8)
[     9.048] (**) Option "xkb_model" "pc105"
[     9.048] (**) Option "xkb_layout" "us"
[     9.048] (II) event6  - Video Bus: is tagged by udev as: Keyboard
[     9.048] (II) event6  - Video Bus: device is a keyboard
[     9.049] (II) config/udev: Adding input device Lid Switch (/dev/input/event1)
[     9.049] (II) No input driver specified, ignoring this device.
[     9.049] (II) This device may have been added with another device file.
[     9.049] (II) config/udev: Adding input device Sleep Button (/dev/input/event0)
[     9.049] (**) Sleep Button: Applying InputClass "evdev keyboard catchall"
[     9.049] (**) Sleep Button: Applying InputClass "libinput keyboard catchall"
[     9.049] (**) Sleep Button: Applying InputClass "system-keyboard"
[     9.049] (II) Using input driver 'libinput' for 'Sleep Button'
[     9.049] (II) systemd-logind: got fd for /dev/input/event0 13:64 fd 36 paused 0
[     9.049] (**) Sleep Button: always reports core events
[     9.049] (**) Option "Device" "/dev/input/event0"
[     9.049] (**) Option "_source" "server/udev"
[     9.050] (II) event0  - Sleep Button: is tagged by udev as: Keyboard
[     9.050] (II) event0  - Sleep Button: device is a keyboard
[     9.050] (II) event0  - Sleep Button: device removed
[     9.050] (**) Option "config_info" "udev:/sys/devices/LNXSYSTM:00/LNXSYBUS:00/PNP0C0E:00/input/input0/event0"
[     9.050] (II) XINPUT: Adding extended input device "Sleep Button" (type: KEYBOARD, id 9)
[     9.050] (**) Option "xkb_model" "pc105"
[     9.050] (**) Option "xkb_layout" "us"
[     9.051] (II) event0  - Sleep Button: is tagged by udev as: Keyboard
[     9.051] (II) event0  - Sleep Button: device is a keyboard
[     9.051] (II) config/udev: Adding input device Wacom Pen and multitouch sensor Pen (/dev/input/event10)
[     9.051] (**) Wacom Pen and multitouch sensor Pen: Applying InputClass "evdev tablet catchall"
[     9.051] (**) Wacom Pen and multitouch sensor Pen: Applying InputClass "libinput tablet catchall"
[     9.051] (**) Wacom Pen and multitouch sensor Pen: Applying InputClass "Wacom USB tablet class"
[     9.051] (**) Wacom Pen and multitouch sensor Pen: Applying InputClass "Wacom tablet class"
[     9.051] (II) LoadModule: "wacom"
[     9.051] (II) Loading /usr/lib/xorg/modules/input/wacom_drv.so
[     9.052] (II) Module wacom: vendor="X.Org Foundation"
[     9.052] 	compiled for 1.20.6, module version = 0.39.0
[     9.052] 	Module class: X.Org XInput Driver
[     9.052] 	ABI class: X.Org XInput driver, version 24.1
[     9.052] (II) Build version: 0.39.0
[     9.052] (II) wacom: Driver for Wacom graphics tablets: PenPartner, Graphire,
	Graphire2 4x5, Graphire2 5x7, Graphire3 4x5, Graphire3 6x8,
	Graphire4 4x5, Graphire4 6x8, BambooFun 4x5, BambooFun 6x8,
	Bamboo1 Medium, Graphire4 6x8 BlueTooth, CTL-460, CTH-461, CTL-660,
	CTL-461/S, Bamboo Touch, CTH-460/K, CTH-461/S, CTH-661/S1, CTH-461/L,
	CTH-661/L, Intuos 4x5, Intuos 6x8, Intuos 9x12, Intuos 12x12,
	Intuos 12x18, PTU600, PL400, PL500, PL600, PL600SX, PL550, PL800,
	PL700, PL510, PL710, DTI520, DTF720, DTF720a, DTF521, DTU1931,
	DTU2231, DTU1631, DTH1152, DTH1152, DTK2451, DTH2452, DTH2452,
	Intuos2 4x5, Intuos2 6x8, Intuos2 9x12, Intuos2 12x12, Intuos2 12x18,
	Intuos2 6x8 , Volito, PenStation, Volito2 4x5, Volito2 2x3,
	PenPartner2, Bamboo, Bamboo1, Bamboo1 4x6, Bamboo1 5x8, Intuos3 4x5,
	Intuos3 6x8, Intuos3 9x12, Intuos3 12x12, Intuos3 12x19,
	Intuos3 6x11, Intuos3 4x6, Intuos4 4x6, Intuos4 6x9, Intuos4 8x13,
	Intuos4 12x19, Intuos4 WL USB Endpoint,
	Intuos4 WL Bluetooth Endpoint, Intuos5 touch S, Intuos5 touch M,
	Intuos5 touch L, Intuos5 S, Intuos5 M, Intuos Pro S, Intuos Pro M,
	Intuos Pro L, Cintiq 21UX, Cintiq 20WSX, Cintiq 12WX, Cintiq 21UX2,
	Cintiq 24HD, Cintiq 22HD, Cintiq 24HD touch (EMR digitizer),
	Cintiq 13HD, DTK2241, DTH2242, Cintiq 22HDT, Cintiq 27QHDT,
	Cintiq 27QHDT, Mobilestudio Pro 13, MobileStudio Pro 16,
	MobileStudio Pro 13, MobileStudio Pro 16, Cintiq 13 FHD Pro,
	Cintiq 16 UHD Pro, Cintiq Pro 24, Cintiq Pro 32, Cintiq 13 FHD Pro,
	Cintiq 16 UHD Pro, Cintiq Pro 24, Cintiq Pro 32, Cintiq Pro 24,
	Mobilestudio Pro 13, MobileStudio Pro 16, MobileStudio Pro 13,
	MobileStudio Pro 16, MobileStudio Pro 16, MobileStudio Pro 16,
	TabletPC 0x90, TabletPC 0x93, TabletPC 0x97, TabletPC 0x9A,
	CapPlus  0x9F, TabletPC 0xE2, TabletPC 0xE3, TabletPC 0xE5,
	TabletPC 0xE6, TabletPC 0xEC, TabletPC 0xED, TabletPC 0xEF,
	TabletPC 0x100, TabletPC 0x101, TabletPC 0x10D, TabletPC 0x116,
	TabletPC 0x12C, TabletPC 0x4001, TabletPC 0x4004, TabletPC 0x5000,
	TabletPC 0x5002, usb:172f:0024, usb:172f:0025, usb:172f:0026,
	usb:172f:0027, usb:172f:0028, usb:172f:0030, usb:172f:0031,
	usb:172f:0032, usb:172f:0033, usb:172f:0034, usb:172f:0035,
	usb:172f:0036, usb:172f:0037, usb:172f:0038, usb:172f:0039,
	usb:172f:0051, usb:172f:0052, usb:172f:0053, usb:172f:0054,
	usb:172f:0055, usb:172f:0056, usb:172f:0057, usb:172f:0058,
	usb:172f:0500, usb:172f:0501, usb:172f:0502, usb:172f:0503,
	usb:1b96:0001, usb:17ef:6004
[     9.053] (II) Using input driver 'wacom' for 'Wacom Pen and multitouch sensor Pen'
[     9.109] (II) systemd-logind: got fd for /dev/input/event10 13:74 fd 37 paused 0
[     9.109] (**) Wacom Pen and multitouch sensor Pen: always reports core events
[     9.109] (**) Option "Device" "/dev/input/event10"
[     9.109] (II) Wacom Pen and multitouch sensor Pen: type not specified, assuming 'stylus'.
[     9.109] (II) Wacom Pen and multitouch sensor Pen: other types will be automatically added.
[     9.109] (--) Wacom Pen and multitouch sensor Pen stylus: using pressure threshold of 851 for button 1
[     9.109] (**) Wacom Pen and multitouch sensor Pen stylus: panscroll is 0
[     9.109] (**) Wacom Pen and multitouch sensor Pen stylus: panscroll modified to 1300
[     9.109] (--) Wacom Pen and multitouch sensor Pen stylus: maxX=34422 maxY=19362 maxZ=4095 resX=100000 resY=100000  tilt=enabled
[     9.109] (II) Wacom Pen and multitouch sensor Pen stylus: hotplugging dependent devices.
[     9.109] (EE) Wacom Pen and multitouch sensor Pen stylus: Invalid type 'cursor' for this device.
[     9.109] (EE) Wacom Pen and multitouch sensor Pen stylus: Invalid type 'touch' for this device.
[     9.109] (EE) Wacom Pen and multitouch sensor Pen stylus: Invalid type 'pad' for this device.
[     9.109] (II) Wacom Pen and multitouch sensor Pen stylus: hotplugging completed.
[     9.109] (**) Option "config_info" "udev:/sys/devices/pci0000:00/0000:00:14.0/usb1/1-10/1-10:1.0/0003:056A:51A0.0001/input/input18/event10"
[     9.109] (II) XINPUT: Adding extended input device "Wacom Pen and multitouch sensor Pen stylus" (type: STYLUS, id 10)
[     9.109] (**) Wacom Pen and multitouch sensor Pen stylus: (accel) keeping acceleration scheme 1
[     9.109] (**) Wacom Pen and multitouch sensor Pen stylus: (accel) acceleration profile 0
[     9.109] (**) Wacom Pen and multitouch sensor Pen stylus: (accel) acceleration factor: 2.000
[     9.109] (**) Wacom Pen and multitouch sensor Pen stylus: (accel) acceleration threshold: 4
[     9.109] (II) config/udev: Adding input device Wacom Pen and multitouch sensor Pen (/dev/input/mouse0)
[     9.109] (II) No input driver specified, ignoring this device.
[     9.109] (II) This device may have been added with another device file.
[     9.110] (II) config/udev: Adding input device Wacom Pen and multitouch sensor Finger (/dev/input/event11)
[     9.110] (**) Wacom Pen and multitouch sensor Finger: Applying InputClass "evdev touchscreen catchall"
[     9.110] (**) Wacom Pen and multitouch sensor Finger: Applying InputClass "libinput touchscreen catchall"
[     9.110] (**) Wacom Pen and multitouch sensor Finger: Applying InputClass "Wacom USB touchscreen class"
[     9.110] (**) Wacom Pen and multitouch sensor Finger: Applying InputClass "Wacom touchscreen class"
[     9.110] (II) Using input driver 'wacom' for 'Wacom Pen and multitouch sensor Finger'
[     9.110] (II) systemd-logind: got fd for /dev/input/event11 13:75 fd 38 paused 0
[     9.110] (**) Wacom Pen and multitouch sensor Finger: always reports core events
[     9.110] (**) Option "Device" "/dev/input/event11"
[     9.110] (EE) Wacom Pen and multitouch sensor Finger: Invalid type 'stylus' for this device.
[     9.110] (EE) Wacom Pen and multitouch sensor Finger: Invalid type 'eraser' for this device.
[     9.110] (EE) Wacom Pen and multitouch sensor Finger: Invalid type 'cursor' for this device.
[     9.110] (II) Wacom Pen and multitouch sensor Finger: type not specified, assuming 'touch'.
[     9.110] (II) Wacom Pen and multitouch sensor Finger: other types will be automatically added.
[     9.110] (**) Wacom Pen and multitouch sensor Finger touch: panscroll is 0
[     9.110] (**) Wacom Pen and multitouch sensor Finger touch: panscroll modified to 13
[     9.110] (--) Wacom Pen and multitouch sensor Finger touch: maxX=13768 maxY=7744 maxZ=0 resX=40000 resY=40000 
[     9.110] (II) Wacom Pen and multitouch sensor Finger touch: hotplugging dependent devices.
[     9.110] (EE) Wacom Pen and multitouch sensor Finger touch: Invalid type 'stylus' for this device.
[     9.110] (EE) Wacom Pen and multitouch sensor Finger touch: Invalid type 'eraser' for this device.
[     9.110] (EE) Wacom Pen and multitouch sensor Finger touch: Invalid type 'cursor' for this device.
[     9.110] (EE) Wacom Pen and multitouch sensor Finger touch: Invalid type 'pad' for this device.
[     9.110] (II) Wacom Pen and multitouch sensor Finger touch: hotplugging completed.
[     9.110] (**) Option "config_info" "udev:/sys/devices/pci0000:00/0000:00:14.0/usb1/1-10/1-10:1.0/0003:056A:51A0.0001/input/input19/event11"
[     9.110] (II) XINPUT: Adding extended input device "Wacom Pen and multitouch sensor Finger touch" (type: TOUCH, id 11)
[     9.110] (**) Wacom Pen and multitouch sensor Finger touch: (accel) keeping acceleration scheme 1
[     9.110] (**) Wacom Pen and multitouch sensor Finger touch: (accel) acceleration profile 0
[     9.110] (**) Wacom Pen and multitouch sensor Finger touch: (accel) acceleration factor: 2.000
[     9.110] (**) Wacom Pen and multitouch sensor Finger touch: (accel) acceleration threshold: 4
[     9.111] (II) config/udev: Adding input device Wacom Pen and multitouch sensor Finger (/dev/input/mouse1)
[     9.111] (II) No input driver specified, ignoring this device.
[     9.111] (II) This device may have been added with another device file.
[     9.111] (II) config/udev: Adding input device Integrated Camera: Integrated C (/dev/input/event8)
[     9.111] (**) Integrated Camera: Integrated C: Applying InputClass "evdev keyboard catchall"
[     9.111] (**) Integrated Camera: Integrated C: Applying InputClass "libinput keyboard catchall"
[     9.111] (**) Integrated Camera: Integrated C: Applying InputClass "system-keyboard"
[     9.111] (II) Using input driver 'libinput' for 'Integrated Camera: Integrated C'
[     9.112] (II) systemd-logind: got fd for /dev/input/event8 13:72 fd 39 paused 0
[     9.112] (**) Integrated Camera: Integrated C: always reports core events
[     9.112] (**) Option "Device" "/dev/input/event8"
[     9.112] (**) Option "_source" "server/udev"
[     9.113] (II) event8  - Integrated Camera: Integrated C: is tagged by udev as: Keyboard
[     9.113] (II) event8  - Integrated Camera: Integrated C: device is a keyboard
[     9.113] (II) event8  - Integrated Camera: Integrated C: device removed
[     9.113] (**) Option "config_info" "udev:/sys/devices/pci0000:00/0000:00:14.0/usb1/1-8/1-8:1.0/input/input16/event8"
[     9.113] (II) XINPUT: Adding extended input device "Integrated Camera: Integrated C" (type: KEYBOARD, id 12)
[     9.113] (**) Option "xkb_model" "pc105"
[     9.113] (**) Option "xkb_layout" "us"
[     9.114] (II) event8  - Integrated Camera: Integrated C: is tagged by udev as: Keyboard
[     9.114] (II) event8  - Integrated Camera: Integrated C: device is a keyboard
[     9.114] (II) config/udev: Adding input device Integrated Camera: Integrated I (/dev/input/event9)
[     9.114] (**) Integrated Camera: Integrated I: Applying InputClass "evdev keyboard catchall"
[     9.114] (**) Integrated Camera: Integrated I: Applying InputClass "libinput keyboard catchall"
[     9.114] (**) Integrated Camera: Integrated I: Applying InputClass "system-keyboard"
[     9.114] (II) Using input driver 'libinput' for 'Integrated Camera: Integrated I'
[     9.115] (II) systemd-logind: got fd for /dev/input/event9 13:73 fd 40 paused 0
[     9.115] (**) Integrated Camera: Integrated I: always reports core events
[     9.115] (**) Option "Device" "/dev/input/event9"
[     9.115] (**) Option "_source" "server/udev"
[     9.116] (II) event9  - Integrated Camera: Integrated I: is tagged by udev as: Keyboard
[     9.116] (II) event9  - Integrated Camera: Integrated I: device is a keyboard
[     9.116] (II) event9  - Integrated Camera: Integrated I: device removed
[     9.116] (**) Option "config_info" "udev:/sys/devices/pci0000:00/0000:00:14.0/usb1/1-8/1-8:1.2/input/input17/event9"
[     9.116] (II) XINPUT: Adding extended input device "Integrated Camera: Integrated I" (type: KEYBOARD, id 13)
[     9.116] (**) Option "xkb_model" "pc105"
[     9.116] (**) Option "xkb_layout" "us"
[     9.117] (II) event9  - Integrated Camera: Integrated I: is tagged by udev as: Keyboard
[     9.117] (II) event9  - Integrated Camera: Integrated I: device is a keyboard
[     9.117] (II) config/udev: Adding input device HDA Intel PCH Mic (/dev/input/event14)
[     9.117] (II) No input driver specified, ignoring this device.
[     9.117] (II) This device may have been added with another device file.
[     9.117] (II) config/udev: Adding input device HDA Intel PCH Headphone (/dev/input/event15)
[     9.117] (II) No input driver specified, ignoring this device.
[     9.117] (II) This device may have been added with another device file.
[     9.118] (II) config/udev: Adding input device AT Translated Set 2 keyboard (/dev/input/event3)
[     9.118] (**) AT Translated Set 2 keyboard: Applying InputClass "evdev keyboard catchall"
[     9.118] (**) AT Translated Set 2 keyboard: Applying InputClass "libinput keyboard catchall"
[     9.118] (**) AT Translated Set 2 keyboard: Applying InputClass "system-keyboard"
[     9.118] (II) Using input driver 'libinput' for 'AT Translated Set 2 keyboard'
[     9.118] (II) systemd-logind: got fd for /dev/input/event3 13:67 fd 41 paused 0
[     9.118] (**) AT Translated Set 2 keyboard: always reports core events
[     9.118] (**) Option "Device" "/dev/input/event3"
[     9.118] (**) Option "_source" "server/udev"
[     9.119] (II) event3  - AT Translated Set 2 keyboard: is tagged by udev as: Keyboard
[     9.119] (II) event3  - AT Translated Set 2 keyboard: device is a keyboard
[     9.120] (II) event3  - AT Translated Set 2 keyboard: device removed
[     9.120] (**) Option "config_info" "udev:/sys/devices/platform/i8042/serio0/input/input3/event3"
[     9.120] (II) XINPUT: Adding extended input device "AT Translated Set 2 keyboard" (type: KEYBOARD, id 14)
[     9.120] (**) Option "xkb_model" "pc105"
[     9.120] (**) Option "xkb_layout" "us"
[     9.121] (II) event3  - AT Translated Set 2 keyboard: is tagged by udev as: Keyboard
[     9.121] (II) event3  - AT Translated Set 2 keyboard: device is a keyboard
[     9.122] (II) config/udev: Adding input device SynPS/2 Synaptics TouchPad (/dev/input/event13)
[     9.122] (**) SynPS/2 Synaptics TouchPad: Applying InputClass "evdev touchpad catchall"
[     9.122] (**) SynPS/2 Synaptics TouchPad: Applying InputClass "libinput touchpad catchall"
[     9.122] (II) Using input driver 'libinput' for 'SynPS/2 Synaptics TouchPad'
[     9.122] (II) systemd-logind: got fd for /dev/input/event13 13:77 fd 42 paused 0
[     9.122] (**) SynPS/2 Synaptics TouchPad: always reports core events
[     9.122] (**) Option "Device" "/dev/input/event13"
[     9.122] (**) Option "_source" "server/udev"
[     9.123] (II) event13 - SynPS/2 Synaptics TouchPad: is tagged by udev as: Touchpad
[     9.123] (II) event13 - SynPS/2 Synaptics TouchPad: no resolution or size hints, assuming a size of 69x50mm
[     9.125] (II) event13 - SynPS/2 Synaptics TouchPad: device is a touchpad
[     9.125] (II) event13 - SynPS/2 Synaptics TouchPad: device removed
[     9.125] (**) Option "config_info" "udev:/sys/devices/platform/i8042/serio1/input/input6/event13"
[     9.125] (II) XINPUT: Adding extended input device "SynPS/2 Synaptics TouchPad" (type: TOUCHPAD, id 15)
[     9.126] (**) Option "AccelerationScheme" "none"
[     9.126] (**) SynPS/2 Synaptics TouchPad: (accel) selected scheme none/0
[     9.126] (**) SynPS/2 Synaptics TouchPad: (accel) acceleration factor: 2.000
[     9.126] (**) SynPS/2 Synaptics TouchPad: (accel) acceleration threshold: 4
[     9.127] (II) event13 - SynPS/2 Synaptics TouchPad: is tagged by udev as: Touchpad
[     9.127] (II) event13 - SynPS/2 Synaptics TouchPad: no resolution or size hints, assuming a size of 69x50mm
[     9.128] (II) event13 - SynPS/2 Synaptics TouchPad: device is a touchpad
[     9.129] (II) config/udev: Adding input device SynPS/2 Synaptics TouchPad (/dev/input/mouse4)
[     9.129] (II) No input driver specified, ignoring this device.
[     9.129] (II) This device may have been added with another device file.
[     9.129] (II) config/udev: Adding input device TPPS/2 ALPS TrackPoint (/dev/input/event12)
[     9.129] (**) TPPS/2 ALPS TrackPoint: Applying InputClass "evdev pointer catchall"
[     9.129] (**) TPPS/2 ALPS TrackPoint: Applying InputClass "libinput pointer catchall"
[     9.129] (II) Using input driver 'libinput' for 'TPPS/2 ALPS TrackPoint'
[     9.130] (II) systemd-logind: got fd for /dev/input/event12 13:76 fd 43 paused 0
[     9.130] (**) TPPS/2 ALPS TrackPoint: always reports core events
[     9.130] (**) Option "Device" "/dev/input/event12"
[     9.130] (**) Option "_source" "server/udev"
[     9.131] (II) event12 - TPPS/2 ALPS TrackPoint: is tagged by udev as: Mouse Pointingstick
[     9.131] (II) event12 - TPPS/2 ALPS TrackPoint: device is a pointer
[     9.132] (II) event12 - TPPS/2 ALPS TrackPoint: device removed
[     9.132] (**) Option "config_info" "udev:/sys/devices/platform/i8042/serio1/serio2/input/input15/event12"
[     9.132] (II) XINPUT: Adding extended input device "TPPS/2 ALPS TrackPoint" (type: MOUSE, id 16)
[     9.132] (**) Option "AccelerationScheme" "none"
[     9.132] (**) TPPS/2 ALPS TrackPoint: (accel) selected scheme none/0
[     9.132] (**) TPPS/2 ALPS TrackPoint: (accel) acceleration factor: 2.000
[     9.132] (**) TPPS/2 ALPS TrackPoint: (accel) acceleration threshold: 4
[     9.133] (II) event12 - TPPS/2 ALPS TrackPoint: is tagged by udev as: Mouse Pointingstick
[     9.134] (II) event12 - TPPS/2 ALPS TrackPoint: device is a pointer
[     9.135] (II) config/udev: Adding input device TPPS/2 ALPS TrackPoint (/dev/input/mouse2)
[     9.135] (II) No input driver specified, ignoring this device.
[     9.135] (II) This device may have been added with another device file.
[     9.135] (II) config/udev: Adding input device PC Speaker (/dev/input/event4)
[     9.135] (II) No input driver specified, ignoring this device.
[     9.135] (II) This device may have been added with another device file.
[     9.136] (II) config/udev: Adding input device ThinkPad Extra Buttons (/dev/input/event5)
[     9.136] (**) ThinkPad Extra Buttons: Applying InputClass "evdev keyboard catchall"
[     9.136] (**) ThinkPad Extra Buttons: Applying InputClass "libinput keyboard catchall"
[     9.136] (**) ThinkPad Extra Buttons: Applying InputClass "system-keyboard"
[     9.136] (II) Using input driver 'libinput' for 'ThinkPad Extra Buttons'
[     9.136] (II) systemd-logind: got fd for /dev/input/event5 13:69 fd 44 paused 0
[     9.136] (**) ThinkPad Extra Buttons: always reports core events
[     9.136] (**) Option "Device" "/dev/input/event5"
[     9.136] (**) Option "_source" "server/udev"
[     9.137] (II) event5  - ThinkPad Extra Buttons: is tagged by udev as: Keyboard Switch
[     9.137] (II) event5  - ThinkPad Extra Buttons: device is a keyboard
[     9.138] (II) event5  - ThinkPad Extra Buttons: device removed
[     9.138] (**) Option "config_info" "udev:/sys/devices/platform/thinkpad_acpi/input/input7/event5"
[     9.138] (II) XINPUT: Adding extended input device "ThinkPad Extra Buttons" (type: KEYBOARD, id 17)
[     9.138] (**) Option "xkb_model" "pc105"
[     9.138] (**) Option "xkb_layout" "us"
[     9.139] (II) event5  - ThinkPad Extra Buttons: is tagged by udev as: Keyboard Switch
[     9.139] (II) event5  - ThinkPad Extra Buttons: device is a keyboard
[     9.162] (**) Wacom Pen and multitouch sensor Pen eraser: Applying InputClass "evdev tablet catchall"
[     9.162] (**) Wacom Pen and multitouch sensor Pen eraser: Applying InputClass "libinput tablet catchall"
[     9.162] (**) Wacom Pen and multitouch sensor Pen eraser: Applying InputClass "Wacom USB tablet class"
[     9.163] (**) Wacom Pen and multitouch sensor Pen eraser: Applying InputClass "Wacom tablet class"
[     9.163] (II) Using input driver 'wacom' for 'Wacom Pen and multitouch sensor Pen eraser'
[     9.163] (II) systemd-logind: returning pre-existing fd for /dev/input/event10 13:74
[     9.163] (**) Wacom Pen and multitouch sensor Pen eraser: always reports core events
[     9.163] (**) Option "Device" "/dev/input/event10"
[     9.163] (**) Option "Type" "eraser"
[     9.163] (**) Wacom Pen and multitouch sensor Pen eraser: panscroll is 1300
[     9.163] (**) Wacom Pen and multitouch sensor Pen eraser: panscroll modified to 1300
[     9.163] (--) Wacom Pen and multitouch sensor Pen eraser: maxX=34422 maxY=19362 maxZ=4095 resX=100000 resY=100000  tilt=enabled
[     9.163] (**) Option "config_info" "udev:/sys/devices/pci0000:00/0000:00:14.0/usb1/1-10/1-10:1.0/0003:056A:51A0.0001/input/input18/event10"
[     9.163] (II) XINPUT: Adding extended input device "Wacom Pen and multitouch sensor Pen eraser" (type: ERASER, id 18)
[     9.163] (**) Wacom Pen and multitouch sensor Pen eraser: (accel) keeping acceleration scheme 1
[     9.163] (**) Wacom Pen and multitouch sensor Pen eraser: (accel) acceleration profile 0
[     9.163] (**) Wacom Pen and multitouch sensor Pen eraser: (accel) acceleration factor: 2.000
[     9.163] (**) Wacom Pen and multitouch sensor Pen eraser: (accel) acceleration threshold: 4
[     9.777] (II) modeset(0): EDID vendor "SDC", prod id 16705
[     9.777] (II) modeset(0): Printing DDC gathered Modelines:
[     9.777] (II) modeset(0): Modeline "3840x2160"x0.0  545.12  3840 3888 3920 4160  2160 2164 2168 2184 +hsync -vsync (131.0 kHz eP)
[    26.048] (**) Option "fd" "31"
[    26.048] (II) event2  - Power Button: device removed
[    26.049] (**) Option "fd" "34"
[    26.049] (II) event7  - Video Bus: device removed
[    26.049] (**) Option "fd" "35"
[    26.049] (II) event6  - Video Bus: device removed
[    26.049] (**) Option "fd" "36"
[    26.049] (II) event0  - Sleep Button: device removed
[    26.050] (**) Option "fd" "39"
[    26.050] (II) event8  - Integrated Camera: Integrated C: device removed
[    26.050] (**) Option "fd" "40"
[    26.050] (II) event9  - Integrated Camera: Integrated I: device removed
[    26.051] (**) Option "fd" "41"
[    26.051] (II) event3  - AT Translated Set 2 keyboard: device removed
[    26.051] (**) Option "fd" "42"
[    26.051] (II) event13 - SynPS/2 Synaptics TouchPad: device removed
[    26.051] (**) Option "fd" "43"
[    26.051] (II) event12 - TPPS/2 ALPS TrackPoint: device removed
[    26.052] (**) Option "fd" "44"
[    26.052] (II) event5  - ThinkPad Extra Buttons: device removed
[    26.052] (II) AIGLX: Suspending AIGLX clients for VT switch
[    26.131] (EE) modeset(0): failed to set mode: Permission denied
[    26.131] (II) systemd-logind: got pause for 226:1
[    26.131] (II) systemd-logind: got pause for 13:70
[    26.131] (II) systemd-logind: got pause for 13:75
[    26.131] (II) systemd-logind: got pause for 13:64
[    26.131] (II) systemd-logind: got pause for 13:69
[    26.131] (II) systemd-logind: got pause for 13:76
[    26.131] (II) systemd-logind: got pause for 13:66
[    26.132] (II) systemd-logind: got pause for 13:67
[    26.132] (II) systemd-logind: got pause for 13:77
[    26.132] (II) systemd-logind: got pause for 13:74
[    26.132] (II) systemd-logind: got pause for 13:72
[    26.132] (II) systemd-logind: got pause for 13:71
[    26.132] (II) systemd-logind: got pause for 13:73
[    26.152] (II) UnloadModule: "wacom"
[    26.152] (II) systemd-logind: not releasing fd for 13:74, still in use
[    26.152] (II) UnloadModule: "libinput"
[    26.153] (II) systemd-logind: releasing fd for 13:69
[    26.190] (II) UnloadModule: "libinput"
[    26.190] (II) systemd-logind: releasing fd for 13:76
[    26.266] (II) UnloadModule: "libinput"
[    26.266] (II) systemd-logind: releasing fd for 13:77
[    26.319] (II) UnloadModule: "libinput"
[    26.319] (II) systemd-logind: releasing fd for 13:67
[    26.346] (II) UnloadModule: "libinput"
[    26.346] (II) systemd-logind: releasing fd for 13:73
[    26.399] (II) UnloadModule: "libinput"
[    26.399] (II) systemd-logind: releasing fd for 13:72
[    26.466] (II) UnloadModule: "wacom"
[    26.466] (II) systemd-logind: releasing fd for 13:75
[    26.559] (II) UnloadModule: "wacom"
[    26.559] (II) systemd-logind: releasing fd for 13:74
[    26.639] (II) UnloadModule: "libinput"
[    26.639] (II) systemd-logind: releasing fd for 13:64
[    26.679] (II) UnloadModule: "libinput"
[    26.679] (II) systemd-logind: releasing fd for 13:70
[    26.732] (II) UnloadModule: "libinput"
[    26.732] (II) systemd-logind: releasing fd for 13:71
[    26.799] (II) UnloadModule: "libinput"
[    26.799] (II) systemd-logind: releasing fd for 13:66
[    26.846] (II) NVIDIA(GPU-0): Deleting GPU-0
[    26.847] (WW) xf86CloseConsole: KDSETMODE failed: Input/output error
[    26.847] (WW) xf86CloseConsole: VT_GETMODE failed: Input/output error
[    26.847] (WW) xf86CloseConsole: VT_ACTIVATE failed: Input/output error
[    26.848] (II) Server terminated successfully (0). Closing log file.
