[   819.869] (--) Log file renamed from "/home/USERNAME/.local/share/xorg/Xorg.pid-8372.log" to "/home/USERNAME/.local/share/xorg/Xorg.0.log"
[   819.870] 
X.Org X Server 1.21.1.9
X Protocol Version 11, Revision 0
[   819.870] Current Operating System: Linux komputer-USERNAME 6.6.2-arch1-1 #1 SMP PREEMPT_DYNAMIC Mon, 20 Nov 2023 23:18:21 +0000 x86_64
[   819.870] Kernel command line: initrd=\amd-ucode.img initrd=\initramfs-linux.img quiet splash lsm=landlock,lockdown,yama,integrity,apparmor,bpf root=UUID=961c5543-e14f-4ac0-9a00-c18ab3652100 rootflags=subvol=@ rw vt.global_cursor_default=0 resume=UUID=961c5543-e14f-4ac0-9a00-c18ab3652100 resume_offset=11955537 zswap.enabled=0 fbcon=font:TER16x32
[   819.870]  
[   819.870] Current version of pixman: 0.42.2
[   819.870] 	Before reporting problems, check http://wiki.x.org
	to make sure that you have the latest version.
[   819.870] Markers: (--) probed, (**) from config file, (==) default setting,
	(++) from command line, (!!) notice, (II) informational,
	(WW) warning, (EE) error, (NI) not implemented, (??) unknown.
[   819.870] (==) Log file: "/home/USERNAME/.local/share/xorg/Xorg.0.log", Time: Tue Nov 28 09:58:46 2023
[   819.871] (==) Using system config directory "/usr/share/X11/xorg.conf.d"
[   819.872] (==) ServerLayout "layout"
[   819.872] (==) No screen section available. Using defaults.
[   819.872] (**) |-->Screen "Default Screen Section" (0)
[   819.872] (**) |   |-->Monitor "<default monitor>"
[   819.872] (==) No monitor specified for screen "Default Screen Section".
	Using a default monitor configuration.
[   819.872] (==) Automatically adding devices
[   819.872] (==) Automatically enabling devices
[   819.872] (==) Automatically adding GPU devices
[   819.872] (==) Automatically binding GPU devices
[   819.872] (==) Max clients allowed: 256, resource mask: 0x1fffff
[   819.872] (WW) `fonts.dir' not found (or not valid) in "/usr/share/fonts/misc".
[   819.872] 	Entry deleted from font path.
[   819.872] 	(Run 'mkfontdir' on "/usr/share/fonts/misc").
[   819.872] (WW) `fonts.dir' not found (or not valid) in "/usr/share/fonts/TTF".
[   819.872] 	Entry deleted from font path.
[   819.872] 	(Run 'mkfontdir' on "/usr/share/fonts/TTF").
[   819.872] (WW) `fonts.dir' not found (or not valid) in "/usr/share/fonts/OTF".
[   819.872] 	Entry deleted from font path.
[   819.872] 	(Run 'mkfontdir' on "/usr/share/fonts/OTF").
[   819.872] (WW) `fonts.dir' not found (or not valid) in "/usr/share/fonts/Type1".
[   819.872] 	Entry deleted from font path.
[   819.872] 	(Run 'mkfontdir' on "/usr/share/fonts/Type1").
[   819.872] (WW) `fonts.dir' not found (or not valid) in "/usr/share/fonts/100dpi".
[   819.872] 	Entry deleted from font path.
[   819.872] 	(Run 'mkfontdir' on "/usr/share/fonts/100dpi").
[   819.872] (WW) `fonts.dir' not found (or not valid) in "/usr/share/fonts/75dpi".
[   819.872] 	Entry deleted from font path.
[   819.872] 	(Run 'mkfontdir' on "/usr/share/fonts/75dpi").
[   819.872] (==) FontPath set to:
	
[   819.872] (==) ModulePath set to "/usr/lib/xorg/modules"
[   819.872] (II) The server relies on udev to provide the list of input devices.
	If no devices become available, reconfigure udev or disable AutoAddDevices.
[   819.872] (II) Module ABI versions:
[   819.872] 	X.Org ANSI C Emulation: 0.4
[   819.872] 	X.Org Video Driver: 25.2
[   819.872] 	X.Org XInput driver : 24.4
[   819.873] 	X.Org Server Extension : 10.0
[   819.873] (++) using VT number 2

[   819.875] (II) systemd-logind: took control of session /org/freedesktop/login1/session/_37
[   819.876] (II) xfree86: Adding drm device (/dev/dri/card1)
[   819.876] (II) Platform probe for /sys/devices/pci0000:00/0000:00:08.1/0000:04:00.0/drm/card1
[   819.877] (II) systemd-logind: got fd for /dev/dri/card1 226:1 fd 14 paused 0
[   819.883] (--) PCI:*(4@0:0:0) 1002:15d8:1043:1831 rev 194, Mem @ 0xe0000000/268435456, 0xf0000000/2097152, 0xfcc00000/524288, I/O @ 0x0000f000/256
[   819.883] (WW) Open ACPI failed (/var/run/acpid.socket) (No such file or directory)
[   819.883] (II) LoadModule: "glx"
[   819.883] (II) Loading /usr/lib/xorg/modules/extensions/libglx.so
[   819.886] (II) Module glx: vendor="X.Org Foundation"
[   819.886] 	compiled for 1.21.1.9, module version = 1.0.0
[   819.886] 	ABI class: X.Org Server Extension, version 10.0
[   819.887] (II) Applying OutputClass "AMDgpu" to /dev/dri/card1
[   819.887] 	loading driver: amdgpu
[   819.887] (==) Matched amdgpu as autoconfigured driver 0
[   819.887] (==) Matched ati as autoconfigured driver 1
[   819.887] (==) Matched modesetting as autoconfigured driver 2
[   819.887] (==) Matched fbdev as autoconfigured driver 3
[   819.887] (==) Matched vesa as autoconfigured driver 4
[   819.887] (==) Assigned the driver to the xf86ConfigLayout
[   819.887] (II) LoadModule: "amdgpu"
[   819.887] (II) Loading /usr/lib/xorg/modules/drivers/amdgpu_drv.so
[   819.889] (II) Module amdgpu: vendor="X.Org Foundation"
[   819.889] 	compiled for 1.21.1.7, module version = 23.0.0
[   819.889] 	Module class: X.Org Video Driver
[   819.889] 	ABI class: X.Org Video Driver, version 25.2
[   819.889] (II) LoadModule: "ati"
[   819.890] (WW) Warning, couldn't open module ati
[   819.890] (EE) Failed to load module "ati" (module does not exist, 0)
[   819.890] (II) LoadModule: "modesetting"
[   819.890] (II) Loading /usr/lib/xorg/modules/drivers/modesetting_drv.so
[   819.891] (II) Module modesetting: vendor="X.Org Foundation"
[   819.891] 	compiled for 1.21.1.9, module version = 1.21.1
[   819.891] 	Module class: X.Org Video Driver
[   819.891] 	ABI class: X.Org Video Driver, version 25.2
[   819.891] (II) LoadModule: "fbdev"
[   819.891] (WW) Warning, couldn't open module fbdev
[   819.891] (EE) Failed to load module "fbdev" (module does not exist, 0)
[   819.891] (II) LoadModule: "vesa"
[   819.891] (WW) Warning, couldn't open module vesa
[   819.892] (EE) Failed to load module "vesa" (module does not exist, 0)
[   819.892] (II) AMDGPU: Driver for AMD Radeon:
	All GPUs supported by the amdgpu kernel driver
[   819.892] (II) modesetting: Driver for Modesetting Kernel Drivers: kms
[   819.892] (WW) Falling back to old probe method for modesetting
[   819.892] (EE) open /dev/dri/card0: No such file or directory
[   819.892] (WW) VGA arbiter: cannot open kernel arbiter, no multi-card support
[   819.892] (II) AMDGPU(0): Creating default Display subsection in Screen section
	"Default Screen Section" for depth/fbbpp 24/32
[   819.892] (==) AMDGPU(0): Depth 24, (--) framebuffer bpp 32
[   819.892] (II) AMDGPU(0): Pixel depth = 24 bits stored in 4 bytes (32 bpp pixmaps)
[   819.892] (==) AMDGPU(0): Default visual is TrueColor
[   819.892] (II) Applying OutputClass "AMDgpu" options to /dev/dri/card1
[   819.892] (==) AMDGPU(0): RGB weight 888
[   819.892] (II) AMDGPU(0): Using 8 bits per RGB (8 bit DAC)
[   819.892] (--) AMDGPU(0): Chipset: "AMD Radeon Vega 8 Graphics" (ChipID = 0x15d8)
[   819.892] (II) Loading sub module "fb"
[   819.892] (II) LoadModule: "fb"
[   819.892] (II) Module "fb" already built-in
[   819.892] (II) Loading sub module "dri2"
[   819.892] (II) LoadModule: "dri2"
[   819.892] (II) Module "dri2" already built-in
[   819.928] (II) Loading sub module "glamoregl"
[   819.928] (II) LoadModule: "glamoregl"
[   819.928] (II) Loading /usr/lib/xorg/modules/libglamoregl.so
[   819.933] (II) Module glamoregl: vendor="X.Org Foundation"
[   819.933] 	compiled for 1.21.1.9, module version = 1.0.1
[   819.934] 	ABI class: X.Org ANSI C Emulation, version 0.4
[   819.943] (II) AMDGPU(0): glamor X acceleration enabled on AMD Radeon Vega 8 Graphics (raven, LLVM 16.0.6, DRM 3.54, 6.6.2-arch1-1)
[   819.943] (II) AMDGPU(0): glamor detected, initialising EGL layer.
[   819.943] (==) AMDGPU(0): TearFree property default: auto
[   819.943] (==) AMDGPU(0): VariableRefresh: disabled
[   819.943] (==) AMDGPU(0): AsyncFlipSecondaries: disabled
[   819.943] (II) AMDGPU(0): KMS Pageflipping: enabled
[   819.945] (II) AMDGPU(0): Output eDP has no monitor section
[   819.945] (II) AMDGPU(0): Output HDMI-A-0 has no monitor section
[   819.961] (II) AMDGPU(0): EDID for output eDP
[   819.961] (II) AMDGPU(0): Manufacturer: BOE  Model: 7f6  Serial#: 0
[   819.962] (II) AMDGPU(0): Year: 2018  Week: 1
[   819.962] (II) AMDGPU(0): EDID Version: 1.4
[   819.962] (II) AMDGPU(0): Digital Display Input
[   819.962] (II) AMDGPU(0): 8 bits per channel
[   819.962] (II) AMDGPU(0): Digital interface is DisplayPort
[   819.962] (II) AMDGPU(0): Max Image Size [cm]: horiz.: 31  vert.: 17
[   819.962] (II) AMDGPU(0): Gamma: 2.20
[   819.962] (II) AMDGPU(0): No DPMS capabilities specified
[   819.962] (II) AMDGPU(0): Supported color encodings: RGB 4:4:4 
[   819.962] (II) AMDGPU(0): First detailed timing is preferred mode
[   819.962] (II) AMDGPU(0): Preferred mode is native pixel format and refresh rate
[   819.962] (II) AMDGPU(0): redX: 0.585 redY: 0.361   greenX: 0.353 greenY: 0.573
[   819.962] (II) AMDGPU(0): blueX: 0.162 blueY: 0.116   whiteX: 0.312 whiteY: 0.328
[   819.962] (II) AMDGPU(0): Manufacturer's mask: 0
[   819.962] (II) AMDGPU(0): Supported detailed timing:
[   819.962] (II) AMDGPU(0): clock: 147.3 MHz   Image Size:  309 x 174 mm
[   819.962] (II) AMDGPU(0): h_active: 1920  h_sync: 1968  h_sync_end 2000 h_blank_end 2192 h_border: 0
[   819.962] (II) AMDGPU(0): v_active: 1080  v_sync: 1083  v_sync_end 1089 v_blanking: 1120 v_border: 0
[   819.962] (II) AMDGPU(0):  BOE CQ
[   819.962] (II) AMDGPU(0):  NT140FHM-N44
[   819.962] (II) AMDGPU(0): EDID (in hex):
[   819.962] (II) AMDGPU(0): 	00ffffffffffff0009e5f60700000000
[   819.962] (II) AMDGPU(0): 	011c0104a51f117802e7b0955c5a9229
[   819.962] (II) AMDGPU(0): 	1d505400000001010101010101010101
[   819.962] (II) AMDGPU(0): 	0101010101018a398010713828403020
[   819.962] (II) AMDGPU(0): 	360035ae1000001a0000000000000000
[   819.962] (II) AMDGPU(0): 	00000000000000000000000000fe0042
[   819.962] (II) AMDGPU(0): 	4f452043510a202020202020000000fe
[   819.962] (II) AMDGPU(0): 	004e5431343046484d2d4e34340a00f6
[   819.962] (II) AMDGPU(0): Printing probed modes for output eDP
[   819.962] (II) AMDGPU(0): Modeline "1920x1080"x60.0  147.30  1920 1968 2000 2192  1080 1083 1089 1120 +hsync -vsync (67.2 kHz eP)
[   819.962] (II) AMDGPU(0): Modeline "1680x1050"x60.0  147.30  1680 1968 2000 2192  1050 1083 1089 1120 +hsync -vsync (67.2 kHz e)
[   819.962] (II) AMDGPU(0): Modeline "1280x1024"x60.0  147.30  1280 1968 2000 2192  1024 1083 1089 1120 +hsync -vsync (67.2 kHz e)
[   819.962] (II) AMDGPU(0): Modeline "1440x900"x60.0  147.30  1440 1968 2000 2192  900 1083 1089 1120 +hsync -vsync (67.2 kHz e)
[   819.962] (II) AMDGPU(0): Modeline "1280x800"x60.0  147.30  1280 1968 2000 2192  800 1083 1089 1120 +hsync -vsync (67.2 kHz e)
[   819.962] (II) AMDGPU(0): Modeline "1280x720"x60.0  147.30  1280 1968 2000 2192  720 1083 1089 1120 +hsync -vsync (67.2 kHz e)
[   819.962] (II) AMDGPU(0): Modeline "1024x768"x60.0  147.30  1024 1968 2000 2192  768 1083 1089 1120 +hsync -vsync (67.2 kHz e)
[   819.962] (II) AMDGPU(0): Modeline "800x600"x60.0  147.30  800 1968 2000 2192  600 1083 1089 1120 +hsync -vsync (67.2 kHz e)
[   819.962] (II) AMDGPU(0): Modeline "640x480"x60.0  147.30  640 1968 2000 2192  480 1083 1089 1120 +hsync -vsync (67.2 kHz e)
[   819.962] (II) AMDGPU(0): EDID for output HDMI-A-0
[   819.962] (II) AMDGPU(0): Output eDP connected
[   819.962] (II) AMDGPU(0): Output HDMI-A-0 disconnected
[   819.963] (II) AMDGPU(0): Using exact sizes for initial modes
[   819.963] (II) AMDGPU(0): Output eDP using initial mode 1920x1080 +0+0
[   819.963] (II) AMDGPU(0): mem size init: gart size :1348a9000 vram size: s:7df42000 visible:7df42000
[   819.963] (==) AMDGPU(0): DPI set to (96, 96)
[   819.963] (==) AMDGPU(0): Using gamma correction (1.0, 1.0, 1.0)
[   819.963] (II) Loading sub module "ramdac"
[   819.963] (II) LoadModule: "ramdac"
[   819.963] (II) Module "ramdac" already built-in
[   819.963] (II) UnloadModule: "modesetting"
[   819.963] (II) Unloading modesetting
[   819.963] (II) AMDGPU(0): [DRI2] Setup complete
[   819.963] (II) AMDGPU(0): [DRI2]   DRI driver: radeonsi
[   819.963] (II) AMDGPU(0): [DRI2]   VDPAU driver: radeonsi
[   819.973] (II) AMDGPU(0): Front buffer pitch: 7680 bytes
[   819.973] (II) AMDGPU(0): SYNC extension fences enabled
[   819.973] (II) AMDGPU(0): Present extension enabled
[   819.973] (==) AMDGPU(0): DRI3 enabled
[   819.973] (==) AMDGPU(0): Backing store enabled
[   819.973] (II) AMDGPU(0): Direct rendering enabled
[   819.985] (II) AMDGPU(0): Use GLAMOR acceleration.
[   819.985] (II) AMDGPU(0): Acceleration enabled
[   819.985] (==) AMDGPU(0): DPMS enabled
[   819.985] (==) AMDGPU(0): Silken mouse enabled
[   819.985] (II) AMDGPU(0): Set up textured video (glamor)
[   819.994] (WW) AMDGPU(0): Option "HotplugDriver" is not used
[   819.994] (II) Initializing extension Generic Event Extension
[   819.994] (II) Initializing extension SHAPE
[   819.994] (II) Initializing extension MIT-SHM
[   819.994] (II) Initializing extension XInputExtension
[   819.994] (II) Initializing extension XTEST
[   819.994] (II) Initializing extension BIG-REQUESTS
[   819.994] (II) Initializing extension SYNC
[   819.995] (II) Initializing extension XKEYBOARD
[   819.995] (II) Initializing extension XC-MISC
[   819.995] (II) Initializing extension SECURITY
[   819.995] (II) Initializing extension XFIXES
[   819.995] (II) Initializing extension RENDER
[   819.995] (II) Initializing extension RANDR
[   819.995] (II) Initializing extension COMPOSITE
[   819.995] (II) Initializing extension DAMAGE
[   819.996] (II) Initializing extension MIT-SCREEN-SAVER
[   819.996] (II) Initializing extension DOUBLE-BUFFER
[   819.996] (II) Initializing extension RECORD
[   819.996] (II) Initializing extension DPMS
[   819.996] (II) Initializing extension Present
[   819.996] (II) Initializing extension DRI3
[   819.996] (II) Initializing extension X-Resource
[   819.996] (II) Initializing extension XVideo
[   819.996] (II) Initializing extension XVideo-MotionCompensation
[   819.996] (II) Initializing extension GLX
[   820.004] (II) AIGLX: Loaded and initialized radeonsi
[   820.004] (II) GLX: Initialized DRI2 GL provider for screen 0
[   820.004] (II) Initializing extension XFree86-VidModeExtension
[   820.004] (II) Initializing extension XFree86-DGA
[   820.004] (II) Initializing extension XFree86-DRI
[   820.004] (II) Initializing extension DRI2
[   820.004] (II) AMDGPU(0): Setting screen physical size to 508 x 285
[   820.080] (II) config/udev: Adding input device Power Button (/dev/input/event2)
[   820.080] (**) Power Button: Applying InputClass "libinput keyboard catchall"
[   820.080] (II) LoadModule: "libinput"
[   820.080] (II) Loading /usr/lib/xorg/modules/input/libinput_drv.so
[   820.082] (II) Module libinput: vendor="X.Org Foundation"
[   820.082] 	compiled for 1.21.1.8, module version = 1.4.0
[   820.082] 	Module class: X.Org XInput Driver
[   820.082] 	ABI class: X.Org XInput driver, version 24.4
[   820.082] (II) Using input driver 'libinput' for 'Power Button'
[   820.083] (II) systemd-logind: got fd for /dev/input/event2 13:66 fd 28 paused 0
[   820.083] (**) Power Button: always reports core events
[   820.083] (**) Option "Device" "/dev/input/event2"
[   820.087] (II) event2  - Power Button: is tagged by udev as: Keyboard
[   820.087] (II) event2  - Power Button: device is a keyboard
[   820.087] (II) event2  - Power Button: device removed
[   820.087] (**) Option "config_info" "udev:/sys/devices/LNXSYSTM:00/LNXPWRBN:00/input/input2/event2"
[   820.087] (II) XINPUT: Adding extended input device "Power Button" (type: KEYBOARD, id 6)
[   820.089] (II) event2  - Power Button: is tagged by udev as: Keyboard
[   820.089] (II) event2  - Power Button: device is a keyboard
[   820.090] (II) config/udev: Adding input device Video Bus (/dev/input/event3)
[   820.090] (**) Video Bus: Applying InputClass "libinput keyboard catchall"
[   820.090] (II) Using input driver 'libinput' for 'Video Bus'
[   820.091] (II) systemd-logind: got fd for /dev/input/event3 13:67 fd 31 paused 0
[   820.091] (**) Video Bus: always reports core events
[   820.091] (**) Option "Device" "/dev/input/event3"
[   820.093] (II) event3  - Video Bus: is tagged by udev as: Keyboard
[   820.093] (II) event3  - Video Bus: device is a keyboard
[   820.093] (II) event3  - Video Bus: device removed
[   820.093] (**) Option "config_info" "udev:/sys/devices/LNXSYSTM:00/LNXSYBUS:00/PNP0A08:00/device:11/LNXVIDEO:00/input/input3/event3"
[   820.093] (II) XINPUT: Adding extended input device "Video Bus" (type: KEYBOARD, id 7)
[   820.095] (II) event3  - Video Bus: is tagged by udev as: Keyboard
[   820.095] (II) event3  - Video Bus: device is a keyboard
[   820.096] (II) config/udev: Adding input device Lid Switch (/dev/input/event0)
[   820.096] (II) No input driver specified, ignoring this device.
[   820.096] (II) This device may have been added with another device file.
[   820.097] (II) config/udev: Adding input device Power Button (/dev/input/event1)
[   820.097] (**) Power Button: Applying InputClass "libinput keyboard catchall"
[   820.097] (II) Using input driver 'libinput' for 'Power Button'
[   820.097] (II) systemd-logind: got fd for /dev/input/event1 13:65 fd 32 paused 0
[   820.098] (**) Power Button: always reports core events
[   820.098] (**) Option "Device" "/dev/input/event1"
[   820.099] (II) event1  - Power Button: is tagged by udev as: Keyboard
[   820.099] (II) event1  - Power Button: device is a keyboard
[   820.099] (II) event1  - Power Button: device removed
[   820.099] (**) Option "config_info" "udev:/sys/devices/LNXSYSTM:00/LNXSYBUS:00/PNP0C0C:00/input/input1/event1"
[   820.099] (II) XINPUT: Adding extended input device "Power Button" (type: KEYBOARD, id 8)
[   820.101] (II) event1  - Power Button: is tagged by udev as: Keyboard
[   820.101] (II) event1  - Power Button: device is a keyboard
[   820.102] (II) config/udev: Adding input device HD-Audio Generic HDMI/DP,pcm=3 (/dev/input/event9)
[   820.102] (II) No input driver specified, ignoring this device.
[   820.102] (II) This device may have been added with another device file.
[   820.103] (II) config/udev: Adding input device HD-Audio Generic Mic (/dev/input/event10)
[   820.103] (II) No input driver specified, ignoring this device.
[   820.103] (II) This device may have been added with another device file.
[   820.103] (II) config/udev: Adding input device HD-Audio Generic Headphone (/dev/input/event11)
[   820.103] (II) No input driver specified, ignoring this device.
[   820.103] (II) This device may have been added with another device file.
[   820.104] (II) config/udev: Adding input device ELAN1301:00 04F3:30C6 Touchpad (/dev/input/event8)
[   820.104] (**) ELAN1301:00 04F3:30C6 Touchpad: Applying InputClass "libinput touchpad catchall"
[   820.104] (II) Using input driver 'libinput' for 'ELAN1301:00 04F3:30C6 Touchpad'
[   820.105] (II) systemd-logind: got fd for /dev/input/event8 13:72 fd 33 paused 0
[   820.105] (**) ELAN1301:00 04F3:30C6 Touchpad: always reports core events
[   820.105] (**) Option "Device" "/dev/input/event8"
[   820.106] (II) event8  - ELAN1301:00 04F3:30C6 Touchpad: is tagged by udev as: Touchpad
[   820.108] (II) event8  - ELAN1301:00 04F3:30C6 Touchpad: device is a touchpad
[   820.108] (II) event8  - ELAN1301:00 04F3:30C6 Touchpad: device removed
[   820.108] (II) libinput: ELAN1301:00 04F3:30C6 Touchpad: Step value 0 was provided, libinput Fallback acceleration function is used.
[   820.108] (II) libinput: ELAN1301:00 04F3:30C6 Touchpad: Step value 0 was provided, libinput Fallback acceleration function is used.
[   820.108] (II) libinput: ELAN1301:00 04F3:30C6 Touchpad: Step value 0 was provided, libinput Fallback acceleration function is used.
[   820.108] (**) Option "config_info" "udev:/sys/devices/platform/AMDI0010:01/i2c-0/i2c-ELAN1301:00/0018:04F3:30C6.0001/input/input10/event8"
[   820.108] (II) XINPUT: Adding extended input device "ELAN1301:00 04F3:30C6 Touchpad" (type: TOUCHPAD, id 9)
[   820.109] (**) Option "AccelerationScheme" "none"
[   820.109] (**) ELAN1301:00 04F3:30C6 Touchpad: (accel) selected scheme none/0
[   820.109] (**) ELAN1301:00 04F3:30C6 Touchpad: (accel) acceleration factor: 2.000
[   820.109] (**) ELAN1301:00 04F3:30C6 Touchpad: (accel) acceleration threshold: 4
[   820.111] (II) event8  - ELAN1301:00 04F3:30C6 Touchpad: is tagged by udev as: Touchpad
[   820.112] (II) event8  - ELAN1301:00 04F3:30C6 Touchpad: device is a touchpad
[   820.113] (II) config/udev: Adding input device ELAN1301:00 04F3:30C6 Touchpad (/dev/input/mouse1)
[   820.113] (II) No input driver specified, ignoring this device.
[   820.113] (II) This device may have been added with another device file.
[   820.113] (II) config/udev: Adding input device ELAN1301:00 04F3:30C6 Mouse (/dev/input/event6)
[   820.114] (**) ELAN1301:00 04F3:30C6 Mouse: Applying InputClass "libinput pointer catchall"
[   820.114] (II) Using input driver 'libinput' for 'ELAN1301:00 04F3:30C6 Mouse'
[   820.114] (II) systemd-logind: got fd for /dev/input/event6 13:70 fd 34 paused 0
[   820.114] (**) ELAN1301:00 04F3:30C6 Mouse: always reports core events
[   820.114] (**) Option "Device" "/dev/input/event6"
[   820.116] (II) event6  - ELAN1301:00 04F3:30C6 Mouse: is tagged by udev as: Mouse Pointingstick
[   820.116] (II) event6  - ELAN1301:00 04F3:30C6 Mouse: device is a pointer
[   820.117] (II) event6  - ELAN1301:00 04F3:30C6 Mouse: device removed
[   820.117] (II) libinput: ELAN1301:00 04F3:30C6 Mouse: Step value 0 was provided, libinput Fallback acceleration function is used.
[   820.117] (II) libinput: ELAN1301:00 04F3:30C6 Mouse: Step value 0 was provided, libinput Fallback acceleration function is used.
[   820.117] (II) libinput: ELAN1301:00 04F3:30C6 Mouse: Step value 0 was provided, libinput Fallback acceleration function is used.
[   820.117] (**) Option "config_info" "udev:/sys/devices/platform/AMDI0010:01/i2c-0/i2c-ELAN1301:00/0018:04F3:30C6.0001/input/input9/event6"
[   820.117] (II) XINPUT: Adding extended input device "ELAN1301:00 04F3:30C6 Mouse" (type: MOUSE, id 10)
[   820.117] (**) Option "AccelerationScheme" "none"
[   820.117] (**) ELAN1301:00 04F3:30C6 Mouse: (accel) selected scheme none/0
[   820.117] (**) ELAN1301:00 04F3:30C6 Mouse: (accel) acceleration factor: 2.000
[   820.117] (**) ELAN1301:00 04F3:30C6 Mouse: (accel) acceleration threshold: 4
[   820.118] (II) event6  - ELAN1301:00 04F3:30C6 Mouse: is tagged by udev as: Mouse Pointingstick
[   820.118] (II) event6  - ELAN1301:00 04F3:30C6 Mouse: device is a pointer
[   820.120] (II) config/udev: Adding input device ELAN1301:00 04F3:30C6 Mouse (/dev/input/mouse0)
[   820.120] (II) No input driver specified, ignoring this device.
[   820.120] (II) This device may have been added with another device file.
[   820.120] (II) config/udev: Adding input device Asus WMI hotkeys (/dev/input/event5)
[   820.120] (**) Asus WMI hotkeys: Applying InputClass "libinput keyboard catchall"
[   820.120] (II) Using input driver 'libinput' for 'Asus WMI hotkeys'
[   820.121] (II) systemd-logind: got fd for /dev/input/event5 13:69 fd 35 paused 0
[   820.121] (**) Asus WMI hotkeys: always reports core events
[   820.121] (**) Option "Device" "/dev/input/event5"
[   820.122] (II) event5  - Asus WMI hotkeys: is tagged by udev as: Keyboard
[   820.122] (II) event5  - Asus WMI hotkeys: device is a keyboard
[   820.122] (II) event5  - Asus WMI hotkeys: device removed
[   820.122] (**) Option "config_info" "udev:/sys/devices/platform/asus-nb-wmi/input/input8/event5"
[   820.122] (II) XINPUT: Adding extended input device "Asus WMI hotkeys" (type: KEYBOARD, id 11)
[   820.123] (II) event5  - Asus WMI hotkeys: is tagged by udev as: Keyboard
[   820.123] (II) event5  - Asus WMI hotkeys: device is a keyboard
[   820.124] (II) config/udev: Adding input device AT Translated Set 2 keyboard (/dev/input/event4)
[   820.124] (**) AT Translated Set 2 keyboard: Applying InputClass "libinput keyboard catchall"
[   820.124] (II) Using input driver 'libinput' for 'AT Translated Set 2 keyboard'
[   820.125] (II) systemd-logind: got fd for /dev/input/event4 13:68 fd 36 paused 0
[   820.125] (**) AT Translated Set 2 keyboard: always reports core events
[   820.125] (**) Option "Device" "/dev/input/event4"
[   820.126] (II) event4  - AT Translated Set 2 keyboard: is tagged by udev as: Keyboard
[   820.126] (II) event4  - AT Translated Set 2 keyboard: device is a keyboard
[   820.127] (II) event4  - AT Translated Set 2 keyboard: device removed
[   820.127] (**) Option "config_info" "udev:/sys/devices/platform/i8042/serio0/input/input4/event4"
[   820.127] (II) XINPUT: Adding extended input device "AT Translated Set 2 keyboard" (type: KEYBOARD, id 12)
[   820.129] (II) event4  - AT Translated Set 2 keyboard: is tagged by udev as: Keyboard
[   820.129] (II) event4  - AT Translated Set 2 keyboard: device is a keyboard
[   820.130] (II) config/udev: Adding input device PC Speaker (/dev/input/event7)
[   820.130] (II) No input driver specified, ignoring this device.
[   820.130] (II) This device may have been added with another device file.
[   820.826] (II) AMDGPU(0): EDID vendor "BOE", prod id 2038
[   820.826] (II) AMDGPU(0): Printing DDC gathered Modelines:
[   820.826] (II) AMDGPU(0): Modeline "1920x1080"x0.0  147.30  1920 1968 2000 2192  1080 1083 1089 1120 +hsync -vsync (67.2 kHz eP)
[   829.278] (II) AMDGPU(0): EDID vendor "BOE", prod id 2038
[   829.278] (II) AMDGPU(0): Printing DDC gathered Modelines:
[   829.278] (II) AMDGPU(0): Modeline "1920x1080"x0.0  147.30  1920 1968 2000 2192  1080 1083 1089 1120 +hsync -vsync (67.2 kHz eP)
[   829.716] (II) AMDGPU(0): EDID vendor "BOE", prod id 2038
[   829.716] (II) AMDGPU(0): Printing DDC gathered Modelines:
[   829.716] (II) AMDGPU(0): Modeline "1920x1080"x0.0  147.30  1920 1968 2000 2192  1080 1083 1089 1120 +hsync -vsync (67.2 kHz eP)
[   839.148] (II) AMDGPU(0): EDID vendor "BOE", prod id 2038
[   839.148] (II) AMDGPU(0): Printing DDC gathered Modelines:
[   839.148] (II) AMDGPU(0): Modeline "1920x1080"x0.0  147.30  1920 1968 2000 2192  1080 1083 1089 1120 +hsync -vsync (67.2 kHz eP)
[   896.570] (II) AMDGPU(0): EDID vendor "BOE", prod id 2038
[   896.571] (II) AMDGPU(0): Printing DDC gathered Modelines:
[   896.571] (II) AMDGPU(0): Modeline "1920x1080"x0.0  147.30  1920 1968 2000 2192  1080 1083 1089 1120 +hsync -vsync (67.2 kHz eP)
[   896.573] (II) AMDGPU(0): EDID vendor "BOE", prod id 2038
[   896.573] (II) AMDGPU(0): Printing DDC gathered Modelines:
[   896.573] (II) AMDGPU(0): Modeline "1920x1080"x0.0  147.30  1920 1968 2000 2192  1080 1083 1089 1120 +hsync -vsync (67.2 kHz eP)
[   896.837] (II) AMDGPU(0): EDID vendor "BOE", prod id 2038
[   896.837] (II) AMDGPU(0): Printing DDC gathered Modelines:
[   896.837] (II) AMDGPU(0): Modeline "1920x1080"x0.0  147.30  1920 1968 2000 2192  1080 1083 1089 1120 +hsync -vsync (67.2 kHz eP)
[   896.840] (II) AMDGPU(0): EDID vendor "BOE", prod id 2038
[   896.840] (II) AMDGPU(0): Printing DDC gathered Modelines:
[   896.840] (II) AMDGPU(0): Modeline "1920x1080"x0.0  147.30  1920 1968 2000 2192  1080 1083 1089 1120 +hsync -vsync (67.2 kHz eP)
[   897.099] (II) AMDGPU(0): EDID vendor "BOE", prod id 2038
[   897.099] (II) AMDGPU(0): Printing DDC gathered Modelines:
[   897.099] (II) AMDGPU(0): Modeline "1920x1080"x0.0  147.30  1920 1968 2000 2192  1080 1083 1089 1120 +hsync -vsync (67.2 kHz eP)
[   897.102] (II) AMDGPU(0): EDID vendor "BOE", prod id 2038
[   897.102] (II) AMDGPU(0): Printing DDC gathered Modelines:
[   897.103] (II) AMDGPU(0): Modeline "1920x1080"x0.0  147.30  1920 1968 2000 2192  1080 1083 1089 1120 +hsync -vsync (67.2 kHz eP)
[   902.834] (II) AMDGPU(0): EDID vendor "BOE", prod id 2038
[   902.834] (II) AMDGPU(0): Printing DDC gathered Modelines:
[   902.834] (II) AMDGPU(0): Modeline "1920x1080"x0.0  147.30  1920 1968 2000 2192  1080 1083 1089 1120 +hsync -vsync (67.2 kHz eP)
[   902.837] (II) AMDGPU(0): EDID vendor "BOE", prod id 2038
[   902.837] (II) AMDGPU(0): Printing DDC gathered Modelines:
[   902.837] (II) AMDGPU(0): Modeline "1920x1080"x0.0  147.30  1920 1968 2000 2192  1080 1083 1089 1120 +hsync -vsync (67.2 kHz eP)
[   902.840] (II) AMDGPU(0): EDID vendor "BOE", prod id 2038
[   902.840] (II) AMDGPU(0): Printing DDC gathered Modelines:
[   902.840] (II) AMDGPU(0): Modeline "1920x1080"x0.0  147.30  1920 1968 2000 2192  1080 1083 1089 1120 +hsync -vsync (67.2 kHz eP)
[   902.842] (II) AMDGPU(0): EDID vendor "BOE", prod id 2038
[   902.842] (II) AMDGPU(0): Printing DDC gathered Modelines:
[   902.843] (II) AMDGPU(0): Modeline "1920x1080"x0.0  147.30  1920 1968 2000 2192  1080 1083 1089 1120 +hsync -vsync (67.2 kHz eP)
[   903.240] (II) AMDGPU(0): EDID vendor "BOE", prod id 2038
[   903.240] (II) AMDGPU(0): Printing DDC gathered Modelines:
[   903.240] (II) AMDGPU(0): Modeline "1920x1080"x0.0  147.30  1920 1968 2000 2192  1080 1083 1089 1120 +hsync -vsync (67.2 kHz eP)
[   903.244] (II) AMDGPU(0): EDID vendor "BOE", prod id 2038
[   903.244] (II) AMDGPU(0): Printing DDC gathered Modelines:
[   903.244] (II) AMDGPU(0): Modeline "1920x1080"x0.0  147.30  1920 1968 2000 2192  1080 1083 1089 1120 +hsync -vsync (67.2 kHz eP)
[   907.129] (II) AMDGPU(0): EDID vendor "BOE", prod id 2038
[   907.129] (II) AMDGPU(0): Printing DDC gathered Modelines:
[   907.129] (II) AMDGPU(0): Modeline "1920x1080"x0.0  147.30  1920 1968 2000 2192  1080 1083 1089 1120 +hsync -vsync (67.2 kHz eP)
[   907.131] (II) AMDGPU(0): EDID vendor "BOE", prod id 2038
[   907.131] (II) AMDGPU(0): Printing DDC gathered Modelines:
[   907.131] (II) AMDGPU(0): Modeline "1920x1080"x0.0  147.30  1920 1968 2000 2192  1080 1083 1089 1120 +hsync -vsync (67.2 kHz eP)
[   907.413] (II) AMDGPU(0): EDID vendor "BOE", prod id 2038
[   907.413] (II) AMDGPU(0): Printing DDC gathered Modelines:
[   907.413] (II) AMDGPU(0): Modeline "1920x1080"x0.0  147.30  1920 1968 2000 2192  1080 1083 1089 1120 +hsync -vsync (67.2 kHz eP)
[   907.416] (II) AMDGPU(0): EDID vendor "BOE", prod id 2038
[   907.416] (II) AMDGPU(0): Printing DDC gathered Modelines:
[   907.416] (II) AMDGPU(0): Modeline "1920x1080"x0.0  147.30  1920 1968 2000 2192  1080 1083 1089 1120 +hsync -vsync (67.2 kHz eP)
[   933.133] (II) AMDGPU(0): EDID vendor "BOE", prod id 2038
[   933.133] (II) AMDGPU(0): Printing DDC gathered Modelines:
[   933.133] (II) AMDGPU(0): Modeline "1920x1080"x0.0  147.30  1920 1968 2000 2192  1080 1083 1089 1120 +hsync -vsync (67.2 kHz eP)
[   933.135] (II) AMDGPU(0): EDID vendor "BOE", prod id 2038
[   933.135] (II) AMDGPU(0): Printing DDC gathered Modelines:
[   933.135] (II) AMDGPU(0): Modeline "1920x1080"x0.0  147.30  1920 1968 2000 2192  1080 1083 1089 1120 +hsync -vsync (67.2 kHz eP)
[   933.330] (II) AMDGPU(0): EDID vendor "BOE", prod id 2038
[   933.330] (II) AMDGPU(0): Printing DDC gathered Modelines:
[   933.330] (II) AMDGPU(0): Modeline "1920x1080"x0.0  147.30  1920 1968 2000 2192  1080 1083 1089 1120 +hsync -vsync (67.2 kHz eP)
[   933.332] (II) AMDGPU(0): EDID vendor "BOE", prod id 2038
[   933.332] (II) AMDGPU(0): Printing DDC gathered Modelines:
[   933.332] (II) AMDGPU(0): Modeline "1920x1080"x0.0  147.30  1920 1968 2000 2192  1080 1083 1089 1120 +hsync -vsync (67.2 kHz eP)
[   933.525] (II) AMDGPU(0): EDID vendor "BOE", prod id 2038
[   933.525] (II) AMDGPU(0): Printing DDC gathered Modelines:
[   933.525] (II) AMDGPU(0): Modeline "1920x1080"x0.0  147.30  1920 1968 2000 2192  1080 1083 1089 1120 +hsync -vsync (67.2 kHz eP)
[   933.528] (II) AMDGPU(0): EDID vendor "BOE", prod id 2038
[   933.528] (II) AMDGPU(0): Printing DDC gathered Modelines:
[   933.528] (II) AMDGPU(0): Modeline "1920x1080"x0.0  147.30  1920 1968 2000 2192  1080 1083 1089 1120 +hsync -vsync (67.2 kHz eP)
[   937.617] (II) AMDGPU(0): EDID vendor "BOE", prod id 2038
[   937.617] (II) AMDGPU(0): Printing DDC gathered Modelines:
[   937.617] (II) AMDGPU(0): Modeline "1920x1080"x0.0  147.30  1920 1968 2000 2192  1080 1083 1089 1120 +hsync -vsync (67.2 kHz eP)
[   937.619] (II) AMDGPU(0): EDID vendor "BOE", prod id 2038
[   937.619] (II) AMDGPU(0): Printing DDC gathered Modelines:
[   937.619] (II) AMDGPU(0): Modeline "1920x1080"x0.0  147.30  1920 1968 2000 2192  1080 1083 1089 1120 +hsync -vsync (67.2 kHz eP)
[   937.623] (II) AMDGPU(0): EDID vendor "BOE", prod id 2038
[   937.623] (II) AMDGPU(0): Printing DDC gathered Modelines:
[   937.623] (II) AMDGPU(0): Modeline "1920x1080"x0.0  147.30  1920 1968 2000 2192  1080 1083 1089 1120 +hsync -vsync (67.2 kHz eP)
[   937.625] (II) AMDGPU(0): EDID vendor "BOE", prod id 2038
[   937.625] (II) AMDGPU(0): Printing DDC gathered Modelines:
[   937.625] (II) AMDGPU(0): Modeline "1920x1080"x0.0  147.30  1920 1968 2000 2192  1080 1083 1089 1120 +hsync -vsync (67.2 kHz eP)
[   937.877] (II) AMDGPU(0): EDID vendor "BOE", prod id 2038
[   937.877] (II) AMDGPU(0): Printing DDC gathered Modelines:
[   937.877] (II) AMDGPU(0): Modeline "1920x1080"x0.0  147.30  1920 1968 2000 2192  1080 1083 1089 1120 +hsync -vsync (67.2 kHz eP)
[   937.879] (II) AMDGPU(0): EDID vendor "BOE", prod id 2038
[   937.879] (II) AMDGPU(0): Printing DDC gathered Modelines:
[   937.879] (II) AMDGPU(0): Modeline "1920x1080"x0.0  147.30  1920 1968 2000 2192  1080 1083 1089 1120 +hsync -vsync (67.2 kHz eP)
[   941.425] (II) AMDGPU(0): EDID vendor "BOE", prod id 2038
[   941.425] (II) AMDGPU(0): Printing DDC gathered Modelines:
[   941.425] (II) AMDGPU(0): Modeline "1920x1080"x0.0  147.30  1920 1968 2000 2192  1080 1083 1089 1120 +hsync -vsync (67.2 kHz eP)
[   941.427] (II) AMDGPU(0): EDID vendor "BOE", prod id 2038
[   941.427] (II) AMDGPU(0): Printing DDC gathered Modelines:
[   941.427] (II) AMDGPU(0): Modeline "1920x1080"x0.0  147.30  1920 1968 2000 2192  1080 1083 1089 1120 +hsync -vsync (67.2 kHz eP)
[   941.700] (II) AMDGPU(0): EDID vendor "BOE", prod id 2038
[   941.700] (II) AMDGPU(0): Printing DDC gathered Modelines:
[   941.700] (II) AMDGPU(0): Modeline "1920x1080"x0.0  147.30  1920 1968 2000 2192  1080 1083 1089 1120 +hsync -vsync (67.2 kHz eP)
[   941.702] (II) AMDGPU(0): EDID vendor "BOE", prod id 2038
[   941.703] (II) AMDGPU(0): Printing DDC gathered Modelines:
[   941.703] (II) AMDGPU(0): Modeline "1920x1080"x0.0  147.30  1920 1968 2000 2192  1080 1083 1089 1120 +hsync -vsync (67.2 kHz eP)
[  1012.962] (WW) AMDGPU(0): flip queue failed: Invalid argument
[  1012.962] (WW) AMDGPU(0): Page flip failed: Invalid argument
[  1013.160] (**) Option "fd" "28"
[  1013.160] (II) event2  - Power Button: device removed
[  1013.161] (**) Option "fd" "31"
[  1013.161] (II) event3  - Video Bus: device removed
[  1013.161] (**) Option "fd" "32"
[  1013.161] (II) event1  - Power Button: device removed
[  1013.161] (**) Option "fd" "33"
[  1013.162] (II) event8  - ELAN1301:00 04F3:30C6 Touchpad: device removed
[  1013.162] (**) Option "fd" "34"
[  1013.162] (II) event6  - ELAN1301:00 04F3:30C6 Mouse: device removed
[  1013.162] (**) Option "fd" "35"
[  1013.162] (II) event5  - Asus WMI hotkeys: device removed
[  1013.163] (**) Option "fd" "36"
[  1013.163] (II) event4  - AT Translated Set 2 keyboard: device removed
[  1013.166] (II) UnloadModule: "libinput"
[  1013.166] (II) systemd-logind: releasing fd for 13:68
[  1013.169] (II) UnloadModule: "libinput"
[  1013.169] (II) systemd-logind: releasing fd for 13:69
[  1013.172] (II) UnloadModule: "libinput"
[  1013.172] (II) systemd-logind: releasing fd for 13:70
[  1013.174] (II) UnloadModule: "libinput"
[  1013.174] (II) systemd-logind: releasing fd for 13:72
[  1013.177] (II) UnloadModule: "libinput"
[  1013.177] (II) systemd-logind: releasing fd for 13:65
[  1013.193] (II) UnloadModule: "libinput"
[  1013.193] (II) systemd-logind: releasing fd for 13:67
[  1013.198] (II) UnloadModule: "libinput"
[  1013.199] (II) systemd-logind: releasing fd for 13:66
[  1013.221] (II) Server terminated successfully (0). Closing log file.
