[    0.014808] ACPI: DMAR 0x0000000063360000 000088 (v02 INTEL  EDK2     00000002      01000013)
[    0.014810] ACPI: SSDT 0x000000006335F000 000412 (v02 INTEL  xh_adlLP 00000000 INTL 20200717)
[    0.014812] ACPI: SSDT 0x000000006335B000 003AEB (v02 SocGpe SocGpe   00003000 INTL 20200717)
[    0.014814] ACPI: SSDT 0x0000000063357000 0039DA (v02 SocCmn SocCmn   00003000 INTL 20200717)
[    0.014816] ACPI: TPM2 0x0000000063356000 00004C (v04 SECCSD LH43STAR 00000001 AMI  00000000)
[    0.014818] ACPI: PHAT 0x0000000063355000 0005CD (v01 SECCSD LH43STAR 00000005 MSFT 0100000D)
[    0.014819] ACPI: WSMT 0x0000000063366000 000028 (v01 SECCSD LH43STAR 01072009 AMI  00010013)
[    0.014821] ACPI: FPDT 0x0000000063354000 000044 (v01 SECCSD A M I    01072009 AMI  01000013)
[    0.014823] ACPI: BGRT 0x0000000063353000 000038 (v01 SECCSD LH43STAR 01072009 AMI  00010013)
[    0.014825] ACPI: Reserving FACP table memory at [mem 0x633fc000-0x633fc113]
[    0.014826] ACPI: Reserving DSDT table memory at [mem 0x6338d000-0x633fb45b]
--
[    2.009493] usb 3-6: Product: 1080p FHD Camera
[    2.009499] usb 3-6: Manufacturer: SunplusIT Inc
[    2.009503] usb 3-6: SerialNumber: 01.00.00
[    2.055955] input: ZNT0001:00 14E5:650E Mouse as /devices/pci0000:00/0000:00:15.0/i2c_designware.0/i2c-0/i2c-ZNT0001:00/0018:14E5:650E.0001/input/input3
[    2.056511] input: ZNT0001:00 14E5:650E Touchpad as /devices/pci0000:00/0000:00:15.0/i2c_designware.0/i2c-0/i2c-ZNT0001:00/0018:14E5:650E.0001/input/input4
[    2.057056] hid-generic 0018:14E5:650E.0001: input,hidraw0: I2C HID v1.00 Mouse [ZNT0001:00 14E5:650E] on i2c-ZNT0001:00
[    2.060608] input: GXTP7936:00 27C6:0123 Touchscreen as /devices/pci0000:00/0000:00:15.1/i2c_designware.1/i2c-1/i2c-GXTP7936:00/0018:27C6:0123.0002/input/input6
[    2.060749] input: GXTP7936:00 27C6:0123 as /devices/pci0000:00/0000:00:15.1/i2c_designware.1/i2c-1/i2c-GXTP7936:00/0018:27C6:0123.0002/input/input7
[    2.060808] input: GXTP7936:00 27C6:0123 as /devices/pci0000:00/0000:00:15.1/i2c_designware.1/i2c-1/i2c-GXTP7936:00/0018:27C6:0123.0002/input/input8
[    2.060904] hid-generic 0018:27C6:0123.0002: input,hidraw1: I2C HID v1.00 Device [GXTP7936:00 27C6:0123] on i2c-GXTP7936:00
[    2.100251] input: ZNT0001:00 14E5:650E Mouse as /devices/pci0000:00/0000:00:15.0/i2c_designware.0/i2c-0/i2c-ZNT0001:00/0018:14E5:650E.0001/input/input9
[    2.100532] input: ZNT0001:00 14E5:650E Touchpad as /devices/pci0000:00/0000:00:15.0/i2c_designware.0/i2c-0/i2c-ZNT0001:00/0018:14E5:650E.0001/input/input10
[    2.100760] hid-multitouch 0018:14E5:650E.0001: input,hidraw0: I2C HID v1.00 Mouse [ZNT0001:00 14E5:650E] on i2c-ZNT0001:00
[    2.103185] input: WCOM0146:00 2D1F:014B Stylus as /devices/pci0000:00/0000:00:15.3/i2c_designware.2/i2c-2/i2c-WCOM0146:00/0018:2D1F:014B.0003/input/input12
[    2.124845] input: WCOM0146:00 2D1F:014B as /devices/pci0000:00/0000:00:15.3/i2c_designware.2/i2c-2/i2c-WCOM0146:00/0018:2D1F:014B.0003/input/input13
[    2.131298] hid-generic 0018:2D1F:014B.0003: input,hidraw2: I2C HID v1.00 Device [WCOM0146:00 2D1F:014B] on i2c-WCOM0146:00
[    2.133707] usb 3-10: new full-speed USB device number 4 using xhci_hcd
[    2.153006] input: GXTP7936:00 27C6:0123 as /devices/pci0000:00/0000:00:15.1/i2c_designware.1/i2c-1/i2c-GXTP7936:00/0018:27C6:0123.0002/input/input15
[    2.153071] input: GXTP7936:00 27C6:0123 UNKNOWN as /devices/pci0000:00/0000:00:15.1/i2c_designware.1/i2c-1/i2c-GXTP7936:00/0018:27C6:0123.0002/input/input16
[    2.153103] input: GXTP7936:00 27C6:0123 UNKNOWN as /devices/pci0000:00/0000:00:15.1/i2c_designware.1/i2c-1/i2c-GXTP7936:00/0018:27C6:0123.0002/input/input17
[    2.153150] hid-multitouch 0018:27C6:0123.0002: input,hidraw1: I2C HID v1.00 Device [GXTP7936:00 27C6:0123] on i2c-GXTP7936:00
[    2.153256] nvme 0000:01:00.0: platform quirk: setting simple suspend
[    2.153306] nvme nvme0: pci function 0000:01:00.0
[    2.166380] nvme nvme0: Shutdown timeout set to 8 seconds
[    2.184004] nvme nvme0: allocated 64 MiB host memory buffer.
[    2.195078] typec port0: bound usb3-port2 (ops connector_ops)
--
[    2.513343] i915 0000:00:02.0: [drm] GT0: GUC: submission enabled
[    2.513344] i915 0000:00:02.0: [drm] GT0: GUC: SLPC enabled
[    2.513765] i915 0000:00:02.0: [drm] GT0: GUC: RC enabled
[    2.514586] i915 0000:00:02.0: [drm] Protected Xe Path (PXP) protected content support initialized
[    2.841717] ish-hid {33AECD58-B679-4E54-9BD9-A04D34F0C226}: [hid-ish]: enum_devices_done OK, num_hid_devices=2
[    2.855021] hid-generic 001F:8087:0AC2.0004: hidraw3: SENSOR HUB HID v2.00 Device [hid-ishtp 8087:0AC2] on 
[    2.862880] hid-generic 001F:8087:0AC2.0005: hidraw4: SENSOR HUB HID v2.00 Device [hid-ishtp 8087:0AC2] on 
[    3.832893] [drm] Initialized i915 1.6.0 20201103 for 0000:00:02.0 on minor 1
[    3.835791] ACPI: video: Video Device [GFX0] (multi-head: yes  rom: no  post: no)
[    3.836396] input: Video Bus as /devices/LNXSYSTM:00/LNXSYBUS:00/PNP0A08:00/LNXVIDEO:00/input/input18
[    3.840544] fbcon: i915drmfb (fb0) is primary device
[    3.840549] fbcon: Deferring console take-over
--
[   14.792497] RPC: Registered tcp-with-tls transport module.
[   14.792498] RPC: Registered tcp NFSv4.1 backchannel transport module.
[   15.082287] Bluetooth: hci0: Waiting for firmware download to complete
[   15.082441] Bluetooth: hci0: Firmware loaded in 1498221 usecs
[   15.082519] Bluetooth: hci0: Waiting for device to boot
[   15.098532] Bluetooth: hci0: Malformed MSFT vendor event: 0x02
[   15.098530] Bluetooth: hci0: Device booted in 15672 usecs
[   15.099883] Bluetooth: hci0: Found Intel DDC parameters: intel/ibt-0040-0041.ddc
[   15.102609] Bluetooth: hci0: Applying Intel DDC parameters completed
[   15.105596] Bluetooth: hci0: Firmware timestamp 2023.28 buildtype 1 build 68350
[   15.617499] Bluetooth: BNEP (Ethernet Emulation) ver 1.3
--
[  157.400131] br-19acbe4d201b: port 2(veth833c340) entered disabled state
[  157.454637] br-19acbe4d201b: port 3(veth23de794) entered disabled state
[  157.455072] veth23de794 (unregistering): left allmulticast mode
[  157.455075] veth23de794 (unregistering): left promiscuous mode
[  157.455079] br-19acbe4d201b: port 3(veth23de794) entered disabled state
[  157.555432] br-f2cd06a78122: port 4(veth94ee28f) entered blocking state
[  157.555437] br-f2cd06a78122: port 4(veth94ee28f) entered disabled state
[  157.555447] veth94ee28f: entered allmulticast mode
[  157.555489] veth94ee28f: entered promiscuous mode
[  157.555554] br-f2cd06a78122: port 4(veth94ee28f) entered blocking state
[  157.555555] br-f2cd06a78122: port 4(veth94ee28f) entered forwarding state
[  157.664146] br-f2cd06a78122: port 4(veth94ee28f) entered disabled state
--
[  168.598966] eth0: renamed from vethd258e9d
[  168.610144] br-f2cd06a78122: port 1(veth311cde5) entered blocking state
[  168.610147] br-f2cd06a78122: port 1(veth311cde5) entered forwarding state
[  168.662989] vethd258e9d: renamed from eth0
[  168.673855] br-f2cd06a78122: port 1(veth311cde5) entered disabled state
[  168.674149] eth0: renamed from veth27c6180
[  168.694341] br-f2cd06a78122: port 2(veth8ed9580) entered blocking state
[  168.694344] br-f2cd06a78122: port 2(veth8ed9580) entered forwarding state
[  168.703241] br-f2cd06a78122: port 1(veth311cde5) entered disabled state
[  168.703526] veth311cde5 (unregistering): left allmulticast mode
[  168.703528] veth311cde5 (unregistering): left promiscuous mode
--
[  168.950764] br-19acbe4d201b: port 3(veth5a9a2f0) entered blocking state
[  168.950766] br-19acbe4d201b: port 3(veth5a9a2f0) entered forwarding state
[  168.996889] br-f2cd06a78122: port 3(vethff9436f) entered disabled state
[  168.996919] br-19acbe4d201b: port 3(veth5a9a2f0) entered disabled state
[  168.996955] br-f2cd06a78122: port 2(veth8ed9580) entered disabled state
[  168.996968] veth27c6180: renamed from eth0
[  169.021265] br-f2cd06a78122: port 2(veth8ed9580) entered disabled state
[  169.021945] veth8ed9580 (unregistering): left allmulticast mode
[  169.021948] veth8ed9580 (unregistering): left promiscuous mode
[  169.021953] br-f2cd06a78122: port 2(veth8ed9580) entered disabled state
[  169.060801] br-f2cd06a78122: port 2(vethdeec629) entered blocking state
--
[  171.721647] veth73964ed (unregistering): left allmulticast mode
[  171.721651] veth73964ed (unregistering): left promiscuous mode
[  171.721657] br-f2cd06a78122: port 4(veth73964ed) entered disabled state
[  171.804574] br-f2cd06a78122: port 1(vethb7dbe7a) entered blocking state
[  171.804578] br-f2cd06a78122: port 1(vethb7dbe7a) entered disabled state
[  171.804587] vethb7dbe7a: entered allmulticast mode
[  171.804633] vethb7dbe7a: entered promiscuous mode
[  171.804697] br-f2cd06a78122: port 1(vethb7dbe7a) entered blocking state
[  171.804698] br-f2cd06a78122: port 1(vethb7dbe7a) entered forwarding state
[  171.925959] eth0: renamed from veth70266dd
[  172.072055] br-f2cd06a78122: port 2(vethe8e61bb) entered blocking state
