[     7.917] 
X.Org X Server 1.20.1
X Protocol Version 11, Revision 0
[     7.917] Build Operating System:  4.18.10-200.fc28.x86_64 
[     7.917] Current Operating System: Linux hewitt.brownstone 4.18.16-300.fc29.x86_64 #1 SMP Sat Oct 20 23:24:08 UTC 2018 x86_64
[     7.917] Kernel command line: BOOT_IMAGE=/vmlinuz-4.18.16-300.fc29.x86_64 root=/dev/mapper/fedora_hewitt-root ro resume=/dev/mapper/fedora_hewitt-swap rd.lvm.lv=fedora_hewitt/root rd.lvm.lv=fedora_hewitt/swap rhgb quiet LANG=en_US.UTF-8
[     7.917] Build Date: 04 October 2018  12:27:09PM
[     7.917] Build ID: xorg-x11-server 1.20.1-4.fc29 
[     7.917] Current version of pixman: 0.34.0
[     7.917] 	Before reporting problems, check http://wiki.x.org
	to make sure that you have the latest version.
[     7.917] Markers: (--) probed, (**) from config file, (==) default setting,
	(++) from command line, (!!) notice, (II) informational,
	(WW) warning, (EE) error, (NI) not implemented, (??) unknown.
[     7.917] (==) Log file: "/var/log/Xorg.9.log", Time: Sun Dec  9 03:57:15 2018
[     7.918] (==) Using config directory: "/etc/X11/xorg.conf.d"
[     7.918] (==) Using system config directory "/usr/share/X11/xorg.conf.d"
[     7.919] (==) No Layout section.  Using the first Screen section.
[     7.919] (==) No screen section available. Using defaults.
[     7.919] (**) |-->Screen "Default Screen Section" (0)
[     7.919] (**) |   |-->Monitor "<default monitor>"
[     7.919] (==) No monitor specified for screen "Default Screen Section".
	Using a default monitor configuration.
[     7.919] (==) Automatically adding devices
[     7.919] (==) Automatically enabling devices
[     7.919] (==) Automatically adding GPU devices
[     7.919] (==) Automatically binding GPU devices
[     7.919] (==) Max clients allowed: 256, resource mask: 0x1fffff
[     7.919] (==) FontPath set to:
	catalogue:/etc/X11/fontpath.d,
	built-ins
[     7.919] (==) ModulePath set to "/usr/lib64/xorg/modules"
[     7.919] (II) The server relies on udev to provide the list of input devices.
	If no devices become available, reconfigure udev or disable AutoAddDevices.
[     7.919] (II) Loader magic: 0x55d61dc05e00
[     7.919] (II) Module ABI versions:
[     7.919] 	X.Org ANSI C Emulation: 0.4
[     7.919] 	X.Org Video Driver: 24.0
[     7.919] 	X.Org XInput driver : 24.1
[     7.919] 	X.Org Server Extension : 10.0
[     7.920] (--) using VT number 2

[     7.920] (II) systemd-logind: logind integration requires -keeptty and -keeptty was not provided, disabling logind integration
[     7.921] (II) xfree86: Adding drm device (/dev/dri/card0)
[     7.928] (--) PCI:*(0@0:2:0) 8086:5917:17aa:397a rev 7, Mem @ 0xa1000000/16777216, 0x90000000/268435456, I/O @ 0x00004000/64, BIOS @ 0x????????/131072
[     7.928] (II) LoadModule: "glx"
[     7.930] (II) Loading /usr/lib64/xorg/modules/extensions/libglx.so
[     7.933] (II) Module glx: vendor="X.Org Foundation"
[     7.933] 	compiled for 1.20.1, module version = 1.0.0
[     7.933] 	ABI class: X.Org Server Extension, version 10.0
[     7.933] (==) Matched modesetting as autoconfigured driver 0
[     7.933] (==) Matched fbdev as autoconfigured driver 1
[     7.933] (==) Matched vesa as autoconfigured driver 2
[     7.933] (==) Assigned the driver to the xf86ConfigLayout
[     7.933] (II) LoadModule: "modesetting"
[     7.933] (II) Loading /usr/lib64/xorg/modules/drivers/modesetting_drv.so
[     7.934] (II) Module modesetting: vendor="X.Org Foundation"
[     7.934] 	compiled for 1.20.1, module version = 1.20.1
[     7.934] 	Module class: X.Org Video Driver
[     7.934] 	ABI class: X.Org Video Driver, version 24.0
[     7.934] (II) LoadModule: "fbdev"
[     7.934] (II) Loading /usr/lib64/xorg/modules/drivers/fbdev_drv.so
[     7.934] (II) Module fbdev: vendor="X.Org Foundation"
[     7.934] 	compiled for 1.20.0, module version = 0.5.0
[     7.934] 	Module class: X.Org Video Driver
[     7.934] 	ABI class: X.Org Video Driver, version 24.0
[     7.934] (II) LoadModule: "vesa"
[     7.934] (II) Loading /usr/lib64/xorg/modules/drivers/vesa_drv.so
[     7.935] (II) Module vesa: vendor="X.Org Foundation"
[     7.935] 	compiled for 1.20.0, module version = 2.4.0
[     7.935] 	Module class: X.Org Video Driver
[     7.935] 	ABI class: X.Org Video Driver, version 24.0
[     7.935] (II) modesetting: Driver for Modesetting Kernel Drivers: kms
[     7.935] (II) FBDEV: driver for framebuffer: fbdev
[     7.935] (II) VESA: driver for VESA chipsets: vesa
[     7.940] (II) modeset(0): using drv /dev/dri/card0
[     7.940] (WW) Falling back to old probe method for fbdev
[     7.940] (II) Loading sub module "fbdevhw"
[     7.940] (II) LoadModule: "fbdevhw"
[     7.940] (II) Loading /usr/lib64/xorg/modules/libfbdevhw.so
[     7.940] (II) Module fbdevhw: vendor="X.Org Foundation"
[     7.940] 	compiled for 1.20.1, module version = 0.0.2
[     7.940] 	ABI class: X.Org Video Driver, version 24.0
[     7.940] (II) modeset(0): Creating default Display subsection in Screen section
	"Default Screen Section" for depth/fbbpp 24/32
[     7.940] (==) modeset(0): Depth 24, (==) framebuffer bpp 32
[     7.940] (==) modeset(0): RGB weight 888
[     7.940] (==) modeset(0): Default visual is TrueColor
[     7.940] (II) Loading sub module "glamoregl"
[     7.940] (II) LoadModule: "glamoregl"
[     7.940] (II) Loading /usr/lib64/xorg/modules/libglamoregl.so
[     7.944] (II) Module glamoregl: vendor="X.Org Foundation"
[     7.944] 	compiled for 1.20.1, module version = 1.0.1
[     7.944] 	ABI class: X.Org ANSI C Emulation, version 0.4
[     7.983] (II) modeset(0): glamor X acceleration enabled on Mesa DRI Intel(R) UHD Graphics 620 (Kabylake GT2) 
[     7.983] (II) modeset(0): glamor initialized
[     7.985] (II) modeset(0): Output eDP-1 has no monitor section
[     7.986] (II) modeset(0): Output DP-1 has no monitor section
[     8.097] (II) modeset(0): Output HDMI-1 has no monitor section
[     8.100] (II) modeset(0): EDID for output eDP-1
[     8.100] (II) modeset(0): Manufacturer: KDC  Model: 0  Serial#: 0
[     8.100] (II) modeset(0): Year: 2015  Week: 20
[     8.100] (II) modeset(0): EDID Version: 1.4
[     8.100] (II) modeset(0): Digital Display Input
[     8.100] (II) modeset(0): 8 bits per channel
[     8.100] (II) modeset(0): Digital interface is DisplayPort
[     8.100] (II) modeset(0): Max Image Size [cm]: horiz.: 26  vert.: 16
[     8.100] (II) modeset(0): Gamma: 2.20
[     8.100] (II) modeset(0): No DPMS capabilities specified
[     8.100] (II) modeset(0): Supported color encodings: RGB 4:4:4 YCrCb 4:4:4 
[     8.100] (II) modeset(0): First detailed timing is preferred mode
[     8.100] (II) modeset(0): Preferred mode is native pixel format and refresh rate
[     8.100] (II) modeset(0): redX: 0.625 redY: 0.364   greenX: 0.315 greenY: 0.616
[     8.100] (II) modeset(0): blueX: 0.146 blueY: 0.062   whiteX: 0.313 whiteY: 0.329
[     8.100] (II) modeset(0): Manufacturer's mask: 0
[     8.100] (II) modeset(0): Supported detailed timing:
[     8.100] (II) modeset(0): clock: 152.8 MHz   Image Size:  263 x 164 mm
[     8.100] (II) modeset(0): h_active: 1920  h_sync: 1936  h_sync_end 1952 h_blank_end 2062 h_border: 0
[     8.100] (II) modeset(0): v_active: 1200  v_sync: 1215  v_sync_end 1217 v_blanking: 1235 v_border: 0
[     8.100] (II) modeset(0): EDID (in hex):
[     8.100] (II) modeset(0): 	00ffffffffffff002c83000000000000
[     8.100] (II) modeset(0): 	14190104a51a10780a1fb5a05d509d25
[     8.100] (II) modeset(0): 	0f505400000001010101010101010101
[     8.100] (II) modeset(0): 	010101010101b43b808e70b023401010
[     8.100] (II) modeset(0): 	f20007a41000001a0000001000000000
[     8.100] (II) modeset(0): 	00000000000000000000000000100000
[     8.100] (II) modeset(0): 	00000000000000000000000000000010
[     8.100] (II) modeset(0): 	00000000000000000000000000000097
[     8.100] (II) modeset(0): Printing probed modes for output eDP-1
[     8.100] (II) modeset(0): Modeline "1920x1200"x60.0  152.84  1920 1936 1952 2062  1200 1215 1217 1235 +hsync -vsync (74.1 kHz eP)
[     8.100] (II) modeset(0): Modeline "1920x1200"x59.9  193.25  1920 2056 2256 2592  1200 1203 1209 1245 -hsync +vsync (74.6 kHz d)
[     8.100] (II) modeset(0): Modeline "1920x1200"x60.0  154.00  1920 1968 2000 2080  1200 1203 1209 1235 +hsync -vsync (74.0 kHz d)
[     8.100] (II) modeset(0): Modeline "1920x1080"x120.0  356.38  1920 2080 2288 2656  1080 1081 1084 1118 doublescan -hsync +vsync (134.2 kHz d)
[     8.100] (II) modeset(0): Modeline "1920x1080"x119.9  266.50  1920 1944 1960 2000  1080 1081 1084 1111 doublescan +hsync -vsync (133.2 kHz d)
[     8.100] (II) modeset(0): Modeline "1920x1080"x60.0  173.00  1920 2048 2248 2576  1080 1083 1088 1120 -hsync +vsync (67.2 kHz d)
[     8.100] (II) modeset(0): Modeline "1920x1080"x59.9  138.50  1920 1968 2000 2080  1080 1083 1088 1111 +hsync -vsync (66.6 kHz d)
[     8.100] (II) modeset(0): Modeline "1600x1200"x60.0  162.00  1600 1664 1856 2160  1200 1201 1204 1250 +hsync +vsync (75.0 kHz d)
[     8.100] (II) modeset(0): Modeline "1680x1050"x60.0  146.25  1680 1784 1960 2240  1050 1053 1059 1089 -hsync +vsync (65.3 kHz d)
[     8.100] (II) modeset(0): Modeline "1680x1050"x59.9  119.00  1680 1728 1760 1840  1050 1053 1059 1080 +hsync -vsync (64.7 kHz d)
[     8.100] (II) modeset(0): Modeline "1400x1050"x60.0  122.00  1400 1488 1640 1880  1050 1052 1064 1082 +hsync +vsync (64.9 kHz d)
[     8.100] (II) modeset(0): Modeline "1600x900"x120.0  246.00  1600 1728 1900 2200  900 901 904 932 doublescan -hsync +vsync (111.8 kHz d)
[     8.100] (II) modeset(0): Modeline "1600x900"x119.9  186.50  1600 1624 1640 1680  900 901 904 926 doublescan +hsync -vsync (111.0 kHz d)
[     8.100] (II) modeset(0): Modeline "1600x900"x59.9  118.25  1600 1696 1856 2112  900 903 908 934 -hsync +vsync (56.0 kHz d)
[     8.100] (II) modeset(0): Modeline "1600x900"x59.8   97.50  1600 1648 1680 1760  900 903 908 926 +hsync -vsync (55.4 kHz d)
[     8.100] (II) modeset(0): Modeline "1280x1024"x60.0  108.00  1280 1328 1440 1688  1024 1025 1028 1066 +hsync +vsync (64.0 kHz d)
[     8.100] (II) modeset(0): Modeline "1400x900"x60.0  103.50  1400 1480 1624 1848  900 903 913 934 -hsync +vsync (56.0 kHz d)
[     8.100] (II) modeset(0): Modeline "1400x900"x59.9   86.50  1400 1448 1480 1560  900 903 913 926 +hsync -vsync (55.4 kHz d)
[     8.100] (II) modeset(0): Modeline "1280x960"x60.0  108.00  1280 1376 1488 1800  960 961 964 1000 +hsync +vsync (60.0 kHz d)
[     8.100] (II) modeset(0): Modeline "1440x810"x120.0  198.12  1440 1548 1704 1968  810 811 814 839 doublescan -hsync +vsync (100.7 kHz d)
[     8.100] (II) modeset(0): Modeline "1440x810"x119.9  151.88  1440 1464 1480 1520  810 811 814 833 doublescan +hsync -vsync (99.9 kHz d)
[     8.100] (II) modeset(0): Modeline "1368x768"x59.9   85.25  1368 1440 1576 1784  768 771 781 798 -hsync +vsync (47.8 kHz d)
[     8.100] (II) modeset(0): Modeline "1368x768"x59.9   72.25  1368 1416 1448 1528  768 771 781 790 +hsync -vsync (47.3 kHz d)
[     8.100] (II) modeset(0): Modeline "1280x800"x120.0  174.25  1280 1380 1516 1752  800 801 804 829 doublescan -hsync +vsync (99.5 kHz d)
[     8.100] (II) modeset(0): Modeline "1280x800"x119.9  134.25  1280 1304 1320 1360  800 801 804 823 doublescan +hsync -vsync (98.7 kHz d)
[     8.100] (II) modeset(0): Modeline "1280x800"x59.8   83.50  1280 1352 1480 1680  800 803 809 831 -hsync +vsync (49.7 kHz d)
[     8.100] (II) modeset(0): Modeline "1280x800"x59.9   71.00  1280 1328 1360 1440  800 803 809 823 +hsync -vsync (49.3 kHz d)
[     8.100] (II) modeset(0): Modeline "1280x720"x120.0  156.12  1280 1376 1512 1744  720 721 724 746 doublescan -hsync +vsync (89.5 kHz d)
[     8.100] (II) modeset(0): Modeline "1280x720"x120.0  120.75  1280 1304 1320 1360  720 721 724 740 doublescan +hsync -vsync (88.8 kHz d)
[     8.100] (II) modeset(0): Modeline "1280x720"x59.9   74.50  1280 1344 1472 1664  720 723 728 748 -hsync +vsync (44.8 kHz d)
[     8.100] (II) modeset(0): Modeline "1280x720"x59.7   63.75  1280 1328 1360 1440  720 723 728 741 +hsync -vsync (44.3 kHz d)
[     8.100] (II) modeset(0): Modeline "1024x768"x120.1  133.47  1024 1100 1212 1400  768 768 770 794 doublescan -hsync +vsync (95.3 kHz d)
[     8.100] (II) modeset(0): Modeline "1024x768"x60.0   65.00  1024 1048 1184 1344  768 771 777 806 -hsync -vsync (48.4 kHz d)
[     8.100] (II) modeset(0): Modeline "960x720"x120.0  117.00  960 1024 1128 1300  720 720 722 750 doublescan -hsync +vsync (90.0 kHz d)
[     8.100] (II) modeset(0): Modeline "928x696"x120.1  109.15  928 976 1088 1264  696 696 698 719 doublescan -hsync +vsync (86.4 kHz d)
[     8.100] (II) modeset(0): Modeline "896x672"x120.0  102.40  896 960 1060 1224  672 672 674 697 doublescan -hsync +vsync (83.7 kHz d)
[     8.100] (II) modeset(0): Modeline "1024x576"x119.9   98.50  1024 1092 1200 1376  576 577 580 597 doublescan -hsync +vsync (71.6 kHz d)
[     8.100] (II) modeset(0): Modeline "1024x576"x119.9   78.38  1024 1048 1064 1104  576 577 580 592 doublescan +hsync -vsync (71.0 kHz d)
[     8.100] (II) modeset(0): Modeline "1024x576"x59.9   46.50  1024 1064 1160 1296  576 579 584 599 -hsync +vsync (35.9 kHz d)
[     8.100] (II) modeset(0): Modeline "1024x576"x59.8   42.00  1024 1072 1104 1184  576 579 584 593 +hsync -vsync (35.5 kHz d)
[     8.100] (II) modeset(0): Modeline "960x600"x119.9   96.62  960 1028 1128 1296  600 601 604 622 doublescan -hsync +vsync (74.6 kHz d)
[     8.100] (II) modeset(0): Modeline "960x600"x120.0   77.00  960 984 1000 1040  600 601 604 617 doublescan +hsync -vsync (74.0 kHz d)
[     8.100] (II) modeset(0): Modeline "960x540"x119.9   86.50  960 1024 1124 1288  540 541 544 560 doublescan -hsync +vsync (67.2 kHz d)
[     8.100] (II) modeset(0): Modeline "960x540"x120.0   69.25  960 984 1000 1040  540 541 544 555 doublescan +hsync -vsync (66.6 kHz d)
[     8.100] (II) modeset(0): Modeline "960x540"x59.6   40.75  960 992 1088 1216  540 543 548 562 -hsync +vsync (33.5 kHz d)
[     8.100] (II) modeset(0): Modeline "960x540"x59.8   37.25  960 1008 1040 1120  540 543 548 556 +hsync -vsync (33.3 kHz d)
[     8.100] (II) modeset(0): Modeline "800x600"x120.0   81.00  800 832 928 1080  600 600 602 625 doublescan +hsync +vsync (75.0 kHz d)
[     8.100] (II) modeset(0): Modeline "800x600"x60.3   40.00  800 840 968 1056  600 601 605 628 +hsync +vsync (37.9 kHz d)
[     8.100] (II) modeset(0): Modeline "800x600"x56.2   36.00  800 824 896 1024  600 601 603 625 +hsync +vsync (35.2 kHz d)
[     8.100] (II) modeset(0): Modeline "840x525"x120.0   73.12  840 892 980 1120  525 526 529 544 doublescan -hsync +vsync (65.3 kHz d)
[     8.100] (II) modeset(0): Modeline "840x525"x119.8   59.50  840 864 880 920  525 526 529 540 doublescan +hsync -vsync (64.7 kHz d)
[     8.100] (II) modeset(0): Modeline "864x486"x59.9   32.50  864 888 968 1072  486 489 494 506 -hsync +vsync (30.3 kHz d)
[     8.100] (II) modeset(0): Modeline "864x486"x59.6   30.50  864 912 944 1024  486 489 494 500 +hsync -vsync (29.8 kHz d)
[     8.100] (II) modeset(0): Modeline "700x525"x120.0   61.00  700 744 820 940  525 526 532 541 doublescan +hsync +vsync (64.9 kHz d)
[     8.100] (II) modeset(0): Modeline "800x450"x119.9   59.12  800 848 928 1056  450 451 454 467 doublescan -hsync +vsync (56.0 kHz d)
[     8.100] (II) modeset(0): Modeline "800x450"x119.6   48.75  800 824 840 880  450 451 454 463 doublescan +hsync -vsync (55.4 kHz d)
[     8.100] (II) modeset(0): Modeline "640x512"x120.0   54.00  640 664 720 844  512 512 514 533 doublescan +hsync +vsync (64.0 kHz d)
[     8.100] (II) modeset(0): Modeline "700x450"x119.9   51.75  700 740 812 924  450 451 456 467 doublescan -hsync +vsync (56.0 kHz d)
[     8.100] (II) modeset(0): Modeline "700x450"x119.8   43.25  700 724 740 780  450 451 456 463 doublescan +hsync -vsync (55.4 kHz d)
[     8.100] (II) modeset(0): Modeline "640x480"x120.0   54.00  640 688 744 900  480 480 482 500 doublescan +hsync +vsync (60.0 kHz d)
[     8.100] (II) modeset(0): Modeline "640x480"x59.9   25.18  640 656 752 800  480 490 492 525 -hsync -vsync (31.5 kHz d)
[     8.100] (II) modeset(0): Modeline "720x405"x59.5   22.50  720 744 808 896  405 408 413 422 -hsync +vsync (25.1 kHz d)
[     8.100] (II) modeset(0): Modeline "720x405"x59.0   21.75  720 768 800 880  405 408 413 419 +hsync -vsync (24.7 kHz d)
[     8.100] (II) modeset(0): Modeline "684x384"x119.8   42.62  684 720 788 892  384 385 390 399 doublescan -hsync +vsync (47.8 kHz d)
[     8.100] (II) modeset(0): Modeline "684x384"x119.7   36.12  684 708 724 764  384 385 390 395 doublescan +hsync -vsync (47.3 kHz d)
[     8.100] (II) modeset(0): Modeline "640x400"x119.8   41.75  640 676 740 840  400 401 404 415 doublescan -hsync +vsync (49.7 kHz d)
[     8.100] (II) modeset(0): Modeline "640x400"x120.0   35.50  640 664 680 720  400 401 404 411 doublescan +hsync -vsync (49.3 kHz d)
[     8.100] (II) modeset(0): Modeline "640x360"x119.7   37.25  640 672 736 832  360 361 364 374 doublescan -hsync +vsync (44.8 kHz d)
[     8.100] (II) modeset(0): Modeline "640x360"x119.7   31.88  640 664 680 720  360 361 364 370 doublescan +hsync -vsync (44.3 kHz d)
[     8.100] (II) modeset(0): Modeline "640x360"x59.8   18.00  640 664 720 800  360 363 368 376 -hsync +vsync (22.5 kHz d)
[     8.100] (II) modeset(0): Modeline "640x360"x59.3   17.75  640 688 720 800  360 363 368 374 +hsync -vsync (22.2 kHz d)
[     8.100] (II) modeset(0): Modeline "512x384"x120.0   32.50  512 524 592 672  384 385 388 403 doublescan -hsync -vsync (48.4 kHz d)
[     8.100] (II) modeset(0): Modeline "512x288"x120.0   23.25  512 532 580 648  288 289 292 299 doublescan -hsync +vsync (35.9 kHz d)
[     8.100] (II) modeset(0): Modeline "512x288"x119.8   21.00  512 536 552 592  288 289 292 296 doublescan +hsync -vsync (35.5 kHz d)
[     8.100] (II) modeset(0): Modeline "480x270"x119.3   20.38  480 496 544 608  270 271 274 281 doublescan -hsync +vsync (33.5 kHz d)
[     8.100] (II) modeset(0): Modeline "480x270"x119.6   18.62  480 504 520 560  270 271 274 278 doublescan +hsync -vsync (33.3 kHz d)
[     8.100] (II) modeset(0): Modeline "400x300"x120.6   20.00  400 420 484 528  300 300 302 314 doublescan +hsync +vsync (37.9 kHz d)
[     8.100] (II) modeset(0): Modeline "400x300"x112.7   18.00  400 412 448 512  300 300 301 312 doublescan +hsync +vsync (35.2 kHz d)
[     8.100] (II) modeset(0): Modeline "432x243"x119.8   16.25  432 444 484 536  243 244 247 253 doublescan -hsync +vsync (30.3 kHz d)
[     8.100] (II) modeset(0): Modeline "432x243"x119.1   15.25  432 456 472 512  243 244 247 250 doublescan +hsync -vsync (29.8 kHz d)
[     8.100] (II) modeset(0): Modeline "320x240"x120.1   12.59  320 328 376 400  240 245 246 262 doublescan -hsync -vsync (31.5 kHz d)
[     8.100] (II) modeset(0): Modeline "360x202"x119.0   11.25  360 372 404 448  202 204 206 211 doublescan -hsync +vsync (25.1 kHz d)
[     8.100] (II) modeset(0): Modeline "360x202"x118.3   10.88  360 384 400 440  202 204 206 209 doublescan +hsync -vsync (24.7 kHz d)
[     8.100] (II) modeset(0): Modeline "320x180"x119.7    9.00  320 332 360 400  180 181 184 188 doublescan -hsync +vsync (22.5 kHz d)
[     8.100] (II) modeset(0): Modeline "320x180"x118.6    8.88  320 344 360 400  180 181 184 187 doublescan +hsync -vsync (22.2 kHz d)
[     8.100] (II) modeset(0): EDID for output DP-1
[     8.211] (II) modeset(0): EDID for output HDMI-1
[     8.211] (II) modeset(0): Output eDP-1 connected
[     8.211] (II) modeset(0): Output DP-1 disconnected
[     8.211] (II) modeset(0): Output HDMI-1 disconnected
[     8.211] (II) modeset(0): Using exact sizes for initial modes
[     8.211] (II) modeset(0): Output eDP-1 using initial mode 1920x1200 +0+0
[     8.211] (==) modeset(0): Using gamma correction (1.0, 1.0, 1.0)
[     8.211] (==) modeset(0): DPI set to (96, 96)
[     8.211] (II) Loading sub module "fb"
[     8.211] (II) LoadModule: "fb"
[     8.211] (II) Loading /usr/lib64/xorg/modules/libfb.so
[     8.213] (II) Module fb: vendor="X.Org Foundation"
[     8.213] 	compiled for 1.20.1, module version = 1.0.0
[     8.213] 	ABI class: X.Org ANSI C Emulation, version 0.4
[     8.213] (II) UnloadModule: "fbdev"
[     8.213] (II) Unloading fbdev
[     8.213] (II) UnloadSubModule: "fbdevhw"
[     8.213] (II) Unloading fbdevhw
[     8.213] (II) UnloadModule: "vesa"
[     8.213] (II) Unloading vesa
[     8.277] (==) modeset(0): Backing store enabled
[     8.277] (==) modeset(0): Silken mouse enabled
[     8.323] (II) modeset(0): Initializing kms color map for depth 24, 8 bpc.
[     8.323] (==) modeset(0): DPMS enabled
[     8.323] (II) modeset(0): [DRI2] Setup complete
[     8.323] (II) modeset(0): [DRI2]   DRI driver: i965
[     8.323] (II) modeset(0): [DRI2]   VDPAU driver: va_gl
[     8.324] (II) Initializing extension Generic Event Extension
[     8.324] (II) Initializing extension SHAPE
[     8.324] (II) Initializing extension MIT-SHM
[     8.324] (II) Initializing extension XInputExtension
[     8.324] (II) Initializing extension XTEST
[     8.324] (II) Initializing extension BIG-REQUESTS
[     8.324] (II) Initializing extension SYNC
[     8.324] (II) Initializing extension XKEYBOARD
[     8.324] (II) Initializing extension XC-MISC
[     8.324] (II) Initializing extension XFIXES
[     8.325] (II) Initializing extension RENDER
[     8.325] (II) Initializing extension RANDR
[     8.325] (II) Initializing extension COMPOSITE
[     8.325] (II) Initializing extension DAMAGE
[     8.325] (II) Initializing extension MIT-SCREEN-SAVER
[     8.325] (II) Initializing extension DOUBLE-BUFFER
[     8.325] (II) Initializing extension RECORD
[     8.325] (II) Initializing extension DPMS
[     8.325] (II) Initializing extension Present
[     8.325] (II) Initializing extension DRI3
[     8.325] (II) Initializing extension X-Resource
[     8.325] (II) Initializing extension XVideo
[     8.326] (II) Initializing extension XVideo-MotionCompensation
[     8.326] (II) Initializing extension SELinux
[     8.326] (II) SELinux: Disabled by boolean
[     8.326] (II) Initializing extension GLX
[     8.330] (II) AIGLX: Loaded and initialized i965
[     8.330] (II) GLX: Initialized DRI2 GL provider for screen 0
[     8.330] (II) Initializing extension XFree86-VidModeExtension
[     8.330] (II) Initializing extension XFree86-DGA
[     8.330] (II) Initializing extension XFree86-DRI
[     8.330] (II) Initializing extension DRI2
[     8.332] (II) modeset(0): Damage tracking initialized
[     8.332] (II) modeset(0): Setting screen physical size to 508 x 317
[     8.373] (II) config/udev: Adding input device Power Button (/dev/input/event1)
[     8.373] (**) Power Button: Applying InputClass "evdev keyboard catchall"
[     8.373] (**) Power Button: Applying InputClass "libinput keyboard catchall"
[     8.373] (**) Power Button: Applying InputClass "system-keyboard"
[     8.373] (II) LoadModule: "libinput"
[     8.373] (II) Loading /usr/lib64/xorg/modules/input/libinput_drv.so
[     8.376] (II) Module libinput: vendor="X.Org Foundation"
[     8.376] 	compiled for 1.20.0, module version = 0.28.0
[     8.376] 	Module class: X.Org XInput Driver
[     8.376] 	ABI class: X.Org XInput driver, version 24.1
[     8.376] (II) Using input driver 'libinput' for 'Power Button'
[     8.376] (**) Power Button: always reports core events
[     8.376] (**) Option "Device" "/dev/input/event1"
[     8.376] (**) Option "_source" "server/udev"
[     8.379] (II) event1  - Power Button: is tagged by udev as: Keyboard
[     8.379] (II) event1  - Power Button: device is a keyboard
[     8.379] (II) event1  - Power Button: device removed
[     8.389] (**) Option "config_info" "udev:/sys/devices/LNXSYSTM:00/LNXPWRBN:00/input/input1/event1"
[     8.389] (II) XINPUT: Adding extended input device "Power Button" (type: KEYBOARD, id 6)
[     8.389] (**) Option "xkb_layout" "us"
[     8.389] (II) event1  - Power Button: is tagged by udev as: Keyboard
[     8.389] (II) event1  - Power Button: device is a keyboard
[     8.390] (II) config/udev: Adding input device Video Bus (/dev/input/event3)
[     8.390] (**) Video Bus: Applying InputClass "evdev keyboard catchall"
[     8.390] (**) Video Bus: Applying InputClass "libinput keyboard catchall"
[     8.390] (**) Video Bus: Applying InputClass "system-keyboard"
[     8.390] (II) Using input driver 'libinput' for 'Video Bus'
[     8.390] (**) Video Bus: always reports core events
[     8.390] (**) Option "Device" "/dev/input/event3"
[     8.390] (**) Option "_source" "server/udev"
[     8.390] (II) event3  - Video Bus: is tagged by udev as: Keyboard
[     8.390] (II) event3  - Video Bus: device is a keyboard
[     8.390] (II) event3  - Video Bus: device removed
[     8.409] (**) Option "config_info" "udev:/sys/devices/LNXSYSTM:00/LNXSYBUS:00/PNP0A08:00/LNXVIDEO:00/input/input3/event3"
[     8.409] (II) XINPUT: Adding extended input device "Video Bus" (type: KEYBOARD, id 7)
[     8.409] (**) Option "xkb_layout" "us"
[     8.409] (II) event3  - Video Bus: is tagged by udev as: Keyboard
[     8.409] (II) event3  - Video Bus: device is a keyboard
[     8.410] (II) config/udev: Adding input device Lid Switch (/dev/input/event0)
[     8.410] (II) No input driver specified, ignoring this device.
[     8.410] (II) This device may have been added with another device file.
[     8.411] (II) config/udev: Adding input device PixArt HP USB Optical Mouse (/dev/input/event4)
[     8.411] (**) PixArt HP USB Optical Mouse: Applying InputClass "evdev pointer catchall"
[     8.411] (**) PixArt HP USB Optical Mouse: Applying InputClass "libinput pointer catchall"
[     8.411] (II) Using input driver 'libinput' for 'PixArt HP USB Optical Mouse'
[     8.411] (**) PixArt HP USB Optical Mouse: always reports core events
[     8.411] (**) Option "Device" "/dev/input/event4"
[     8.411] (**) Option "_source" "server/udev"
[     8.464] (II) event4  - PixArt HP USB Optical Mouse: is tagged by udev as: Mouse
[     8.464] (II) event4  - PixArt HP USB Optical Mouse: device is a pointer
[     8.464] (II) event4  - PixArt HP USB Optical Mouse: device removed
[     8.484] (**) Option "config_info" "udev:/sys/devices/pci0000:00/0000:00:14.0/usb1/1-1/1-1.2/1-1.2:1.0/0003:0461:4E66.0001/input/input4/event4"
[     8.484] (II) XINPUT: Adding extended input device "PixArt HP USB Optical Mouse" (type: MOUSE, id 8)
[     8.484] (**) Option "AccelerationScheme" "none"
[     8.484] (**) PixArt HP USB Optical Mouse: (accel) selected scheme none/0
[     8.484] (**) PixArt HP USB Optical Mouse: (accel) acceleration factor: 2.000
[     8.484] (**) PixArt HP USB Optical Mouse: (accel) acceleration threshold: 4
[     8.539] (II) event4  - PixArt HP USB Optical Mouse: is tagged by udev as: Mouse
[     8.539] (II) event4  - PixArt HP USB Optical Mouse: device is a pointer
[     8.541] (II) config/udev: Adding input device PixArt HP USB Optical Mouse (/dev/input/mouse0)
[     8.541] (II) No input driver specified, ignoring this device.
[     8.541] (II) This device may have been added with another device file.
[     8.543] (II) config/udev: Adding input device HP USB Multimedia Keyboard (/dev/input/event5)
[     8.543] (**) HP USB Multimedia Keyboard: Applying InputClass "evdev keyboard catchall"
[     8.543] (**) HP USB Multimedia Keyboard: Applying InputClass "libinput keyboard catchall"
[     8.543] (**) HP USB Multimedia Keyboard: Applying InputClass "system-keyboard"
[     8.543] (II) Using input driver 'libinput' for 'HP USB Multimedia Keyboard'
[     8.543] (**) HP USB Multimedia Keyboard: always reports core events
[     8.543] (**) Option "Device" "/dev/input/event5"
[     8.543] (**) Option "_source" "server/udev"
[     8.546] (II) event5  - HP USB Multimedia Keyboard: is tagged by udev as: Keyboard
[     8.546] (II) event5  - HP USB Multimedia Keyboard: device is a keyboard
[     8.547] (II) event5  - HP USB Multimedia Keyboard: device removed
[     8.565] (**) Option "config_info" "udev:/sys/devices/pci0000:00/0000:00:14.0/usb1/1-1/1-1.4/1-1.4:1.0/0003:0461:4E67.0003/input/input5/event5"
[     8.565] (II) XINPUT: Adding extended input device "HP USB Multimedia Keyboard" (type: KEYBOARD, id 9)
[     8.565] (**) Option "xkb_layout" "us"
[     8.569] (II) event5  - HP USB Multimedia Keyboard: is tagged by udev as: Keyboard
[     8.569] (II) event5  - HP USB Multimedia Keyboard: device is a keyboard
[     8.571] (II) config/udev: Adding input device HP USB Multimedia Keyboard (/dev/input/event6)
[     8.571] (**) HP USB Multimedia Keyboard: Applying InputClass "evdev keyboard catchall"
[     8.571] (**) HP USB Multimedia Keyboard: Applying InputClass "libinput keyboard catchall"
[     8.571] (**) HP USB Multimedia Keyboard: Applying InputClass "system-keyboard"
[     8.571] (II) Using input driver 'libinput' for 'HP USB Multimedia Keyboard'
[     8.571] (**) HP USB Multimedia Keyboard: always reports core events
[     8.571] (**) Option "Device" "/dev/input/event6"
[     8.571] (**) Option "_source" "server/udev"
[     8.575] (II) event6  - HP USB Multimedia Keyboard: is tagged by udev as: Keyboard
[     8.575] (II) event6  - HP USB Multimedia Keyboard: device is a keyboard
[     8.575] (II) event6  - HP USB Multimedia Keyboard: device removed
[     8.587] (II) libinput: HP USB Multimedia Keyboard: needs a virtual subdevice
[     8.587] (**) Option "config_info" "udev:/sys/devices/pci0000:00/0000:00:14.0/usb1/1-1/1-1.4/1-1.4:1.1/0003:0461:4E67.0004/input/input6/event6"
[     8.587] (II) XINPUT: Adding extended input device "HP USB Multimedia Keyboard" (type: MOUSE, id 10)
[     8.587] (**) Option "AccelerationScheme" "none"
[     8.587] (**) HP USB Multimedia Keyboard: (accel) selected scheme none/0
[     8.587] (**) HP USB Multimedia Keyboard: (accel) acceleration factor: 2.000
[     8.587] (**) HP USB Multimedia Keyboard: (accel) acceleration threshold: 4
[     8.591] (II) event6  - HP USB Multimedia Keyboard: is tagged by udev as: Keyboard
[     8.591] (II) event6  - HP USB Multimedia Keyboard: device is a keyboard
[     8.592] (II) config/udev: Adding input device Wacom HID 513B Pen (/dev/input/event8)
[     8.592] (**) Wacom HID 513B Pen: Applying InputClass "evdev tablet catchall"
[     8.592] (**) Wacom HID 513B Pen: Applying InputClass "libinput tablet catchall"
[     8.592] (**) Wacom HID 513B Pen: Applying InputClass "Wacom USB tablet class"
[     8.592] (**) Wacom HID 513B Pen: Applying InputClass "Wacom tablet class"
[     8.592] (II) LoadModule: "wacom"
[     8.593] (II) Loading /usr/lib64/xorg/modules/input/wacom_drv.so
[     8.594] (II) Module wacom: vendor="X.Org Foundation"
[     8.594] 	compiled for 1.20.0, module version = 0.36.1
[     8.594] 	Module class: X.Org XInput Driver
[     8.594] 	ABI class: X.Org XInput driver, version 24.1
[     8.594] (II) Build version: 0.36.1
[     8.594] (II) wacom: Driver for Wacom graphics tablets: PenPartner, Graphire,
	Graphire2 4x5, Graphire2 5x7, Graphire3 4x5, Graphire3 6x8,
	Graphire4 4x5, Graphire4 6x8, BambooFun 4x5, BambooFun 6x8,
	Bamboo1 Medium, Graphire4 6x8 BlueTooth, CTL-460, CTH-461, CTL-660,
	CTL-461/S, Bamboo Touch, CTH-460/K, CTH-461/S, CTH-661/S1, CTH-461/L,
	CTH-661/L, Intuos 4x5, Intuos 6x8, Intuos 9x12, Intuos 12x12,
	Intuos 12x18, PTU600, PL400, PL500, PL600, PL600SX, PL550, PL800,
	PL700, PL510, PL710, DTI520, DTF720, DTF720a, DTF521, DTU1931,
	DTU2231, DTU1631, DTH1152, DTH1152, DTK2451, DTH2452, DTH2452,
	Intuos2 4x5, Intuos2 6x8, Intuos2 9x12, Intuos2 12x12, Intuos2 12x18,
	Intuos2 6x8 , Volito, PenStation, Volito2 4x5, Volito2 2x3,
	PenPartner2, Bamboo, Bamboo1, Bamboo1 4x6, Bamboo1 5x8, Intuos3 4x5,
	Intuos3 6x8, Intuos3 9x12, Intuos3 12x12, Intuos3 12x19,
	Intuos3 6x11, Intuos3 4x6, Intuos4 4x6, Intuos4 6x9, Intuos4 8x13,
	Intuos4 12x19, Intuos4 WL USB Endpoint,
	Intuos4 WL Bluetooth Endpoint, Intuos5 touch S, Intuos5 touch M,
	Intuos5 touch L, Intuos5 S, Intuos5 M, Intuos Pro S, Intuos Pro M,
	Intuos Pro L, Cintiq 21UX, Cintiq 20WSX, Cintiq 12WX, Cintiq 21UX2,
	Cintiq 24HD, Cintiq 22HD, Cintiq 24HD touch (EMR digitizer),
	Cintiq 13HD, DTK2241, DTH2242, Cintiq 22HDT, Cintiq 27QHDT,
	Cintiq 27QHDT, Mobilestudio Pro 13, MobileStudio Pro 16,
	MobileStudio Pro 13, MobileStudio Pro 16, Cintiq 13 FHD Pro,
	Cintiq 16 UHD Pro, Cintiq Pro 24, Cintiq Pro 32, Cintiq 13 FHD Pro,
	Cintiq 16 UHD Pro, Cintiq Pro 24, Cintiq Pro 32, Cintiq Pro 24,
	TabletPC 0x90, TabletPC 0x93, TabletPC 0x97, TabletPC 0x9A,
	CapPlus  0x9F, TabletPC 0xE2, TabletPC 0xE3, TabletPC 0xE5,
	TabletPC 0xE6, TabletPC 0xEC, TabletPC 0xED, TabletPC 0xEF,
	TabletPC 0x100, TabletPC 0x101, TabletPC 0x10D, TabletPC 0x116,
	TabletPC 0x12C, TabletPC 0x4001, TabletPC 0x4004, TabletPC 0x5000,
	TabletPC 0x5002, usb:172f:0024, usb:172f:0025, usb:172f:0026,
	usb:172f:0027, usb:172f:0028, usb:172f:0030, usb:172f:0031,
	usb:172f:0032, usb:172f:0033, usb:172f:0034, usb:172f:0035,
	usb:172f:0036, usb:172f:0037, usb:172f:0038, usb:172f:0039,
	usb:172f:0051, usb:172f:0052, usb:172f:0053, usb:172f:0054,
	usb:172f:0055, usb:172f:0056, usb:172f:0057, usb:172f:0058,
	usb:172f:0500, usb:172f:0501, usb:172f:0502, usb:172f:0503,
	usb:1b96:0001, usb:17ef:6004
[     8.596] (II) Using input driver 'wacom' for 'Wacom HID 513B Pen'
[     8.597] (**) Wacom HID 513B Pen: always reports core events
[     8.597] (**) Option "Device" "/dev/input/event8"
[     8.703] (II) Wacom HID 513B Pen: type not specified, assuming 'stylus'.
[     8.703] (II) Wacom HID 513B Pen: other types will be automatically added.
[     8.703] (--) Wacom HID 513B Pen stylus: using pressure threshold of 851 for button 1
[     8.703] (**) Wacom HID 513B Pen stylus: panscroll is 0
[     8.703] (**) Wacom HID 513B Pen stylus: panscroll modified to 1300
[     8.703] (--) Wacom HID 513B Pen stylus: maxX=26277 maxY=16423 maxZ=4095 resX=100000 resY=100000  tilt=enabled
[     8.703] (II) Wacom HID 513B Pen stylus: hotplugging dependent devices.
[     8.703] (EE) Wacom HID 513B Pen stylus: Invalid type 'cursor' for this device.
[     8.703] (EE) Wacom HID 513B Pen stylus: Invalid type 'touch' for this device.
[     8.703] (EE) Wacom HID 513B Pen stylus: Invalid type 'pad' for this device.
[     8.703] (II) Wacom HID 513B Pen stylus: hotplugging completed.
[     8.716] (**) Option "config_info" "udev:/sys/devices/pci0000:00/0000:00:15.1/i2c_designware.1/i2c-6/i2c-WCOM513B:00/0018:056A:513B.0005/input/input20/event8"
[     8.716] (II) XINPUT: Adding extended input device "Wacom HID 513B Pen stylus" (type: STYLUS, id 11)
[     8.716] (**) Wacom HID 513B Pen stylus: (accel) keeping acceleration scheme 1
[     8.716] (**) Wacom HID 513B Pen stylus: (accel) acceleration profile 0
[     8.716] (**) Wacom HID 513B Pen stylus: (accel) acceleration factor: 2.000
[     8.716] (**) Wacom HID 513B Pen stylus: (accel) acceleration threshold: 4
[     8.717] (II) config/udev: Adding input device Wacom HID 513B Pen (/dev/input/mouse1)
[     8.717] (II) No input driver specified, ignoring this device.
[     8.717] (II) This device may have been added with another device file.
[     8.717] (II) config/udev: Adding input device Wacom HID 513B Finger (/dev/input/event9)
[     8.717] (**) Wacom HID 513B Finger: Applying InputClass "evdev touchscreen catchall"
[     8.717] (**) Wacom HID 513B Finger: Applying InputClass "libinput touchscreen catchall"
[     8.717] (**) Wacom HID 513B Finger: Applying InputClass "Wacom USB touchscreen class"
[     8.717] (**) Wacom HID 513B Finger: Applying InputClass "Wacom touchscreen class"
[     8.717] (II) Using input driver 'wacom' for 'Wacom HID 513B Finger'
[     8.717] (**) Wacom HID 513B Finger: always reports core events
[     8.717] (**) Option "Device" "/dev/input/event9"
[     8.717] (EE) Wacom HID 513B Finger: Invalid type 'stylus' for this device.
[     8.717] (EE) Wacom HID 513B Finger: Invalid type 'eraser' for this device.
[     8.717] (EE) Wacom HID 513B Finger: Invalid type 'cursor' for this device.
[     8.717] (II) Wacom HID 513B Finger: type not specified, assuming 'touch'.
[     8.717] (II) Wacom HID 513B Finger: other types will be automatically added.
[     8.717] (**) Wacom HID 513B Finger touch: panscroll is 0
[     8.717] (**) Wacom HID 513B Finger touch: panscroll modified to 13
[     8.717] (--) Wacom HID 513B Finger touch: maxX=10508 maxY=6564 maxZ=0 resX=40000 resY=40000 
[     8.717] (II) Wacom HID 513B Finger touch: hotplugging dependent devices.
[     8.717] (EE) Wacom HID 513B Finger touch: Invalid type 'stylus' for this device.
[     8.717] (EE) Wacom HID 513B Finger touch: Invalid type 'eraser' for this device.
[     8.717] (EE) Wacom HID 513B Finger touch: Invalid type 'cursor' for this device.
[     8.717] (EE) Wacom HID 513B Finger touch: Invalid type 'pad' for this device.
[     8.717] (II) Wacom HID 513B Finger touch: hotplugging completed.
[     8.737] (**) Option "config_info" "udev:/sys/devices/pci0000:00/0000:00:15.1/i2c_designware.1/i2c-6/i2c-WCOM513B:00/0018:056A:513B.0005/input/input21/event9"
[     8.737] (II) XINPUT: Adding extended input device "Wacom HID 513B Finger touch" (type: TOUCH, id 12)
[     8.737] (**) Wacom HID 513B Finger touch: (accel) keeping acceleration scheme 1
[     8.737] (**) Wacom HID 513B Finger touch: (accel) acceleration profile 0
[     8.737] (**) Wacom HID 513B Finger touch: (accel) acceleration factor: 2.000
[     8.737] (**) Wacom HID 513B Finger touch: (accel) acceleration threshold: 4
[     8.737] (II) config/udev: Adding input device Wacom HID 513B Finger (/dev/input/mouse2)
[     8.737] (II) No input driver specified, ignoring this device.
[     8.737] (II) This device may have been added with another device file.
[     8.738] (II) config/udev: Adding input device Intel Virtual Button driver (/dev/input/event7)
[     8.738] (**) Intel Virtual Button driver: Applying InputClass "evdev keyboard catchall"
[     8.738] (**) Intel Virtual Button driver: Applying InputClass "libinput keyboard catchall"
[     8.738] (**) Intel Virtual Button driver: Applying InputClass "system-keyboard"
[     8.738] (II) Using input driver 'libinput' for 'Intel Virtual Button driver'
[     8.738] (**) Intel Virtual Button driver: always reports core events
[     8.738] (**) Option "Device" "/dev/input/event7"
[     8.738] (**) Option "_source" "server/udev"
[     8.738] (II) event7  - Intel Virtual Button driver: is tagged by udev as: Keyboard Switch
[     8.738] (II) event7  - Intel Virtual Button driver: device is a keyboard
[     8.738] (II) event7  - Intel Virtual Button driver: device is a switch device
[     8.738] (II) event7  - Intel Virtual Button driver: device removed
[     8.750] (**) Option "config_info" "udev:/sys/devices/pci0000:00/0000:00:1f.0/PNP0C09:00/INT33D6:00/input/input7/event7"
[     8.750] (II) XINPUT: Adding extended input device "Intel Virtual Button driver" (type: KEYBOARD, id 13)
[     8.750] (**) Option "xkb_layout" "us"
[     8.750] (II) event7  - Intel Virtual Button driver: is tagged by udev as: Keyboard Switch
[     8.750] (II) event7  - Intel Virtual Button driver: device is a keyboard
[     8.750] (II) event7  - Intel Virtual Button driver: device is a switch device
[     8.751] (II) config/udev: Adding input device HDA Intel PCH Mic (/dev/input/event13)
[     8.751] (II) No input driver specified, ignoring this device.
[     8.751] (II) This device may have been added with another device file.
[     8.751] (II) config/udev: Adding input device HDA Intel PCH Headphone (/dev/input/event14)
[     8.751] (II) No input driver specified, ignoring this device.
[     8.751] (II) This device may have been added with another device file.
[     8.751] (II) config/udev: Adding input device HDA Intel PCH HDMI/DP,pcm=3 (/dev/input/event15)
[     8.751] (II) No input driver specified, ignoring this device.
[     8.751] (II) This device may have been added with another device file.
[     8.751] (II) config/udev: Adding input device HDA Intel PCH HDMI/DP,pcm=7 (/dev/input/event16)
[     8.751] (II) No input driver specified, ignoring this device.
[     8.751] (II) This device may have been added with another device file.
[     8.752] (II) config/udev: Adding input device HDA Intel PCH HDMI/DP,pcm=8 (/dev/input/event17)
[     8.752] (II) No input driver specified, ignoring this device.
[     8.752] (II) This device may have been added with another device file.
[     8.752] (II) config/udev: Adding input device HDA Intel PCH HDMI/DP,pcm=9 (/dev/input/event18)
[     8.752] (II) No input driver specified, ignoring this device.
[     8.752] (II) This device may have been added with another device file.
[     8.752] (II) config/udev: Adding input device HDA Intel PCH HDMI/DP,pcm=10 (/dev/input/event19)
[     8.752] (II) No input driver specified, ignoring this device.
[     8.752] (II) This device may have been added with another device file.
[     8.753] (II) config/udev: Adding input device AT Translated Set 2 keyboard (/dev/input/event2)
[     8.753] (**) AT Translated Set 2 keyboard: Applying InputClass "evdev keyboard catchall"
[     8.753] (**) AT Translated Set 2 keyboard: Applying InputClass "libinput keyboard catchall"
[     8.753] (**) AT Translated Set 2 keyboard: Applying InputClass "system-keyboard"
[     8.753] (II) Using input driver 'libinput' for 'AT Translated Set 2 keyboard'
[     8.753] (**) AT Translated Set 2 keyboard: always reports core events
[     8.753] (**) Option "Device" "/dev/input/event2"
[     8.753] (**) Option "_source" "server/udev"
[     8.753] (II) event2  - AT Translated Set 2 keyboard: is tagged by udev as: Keyboard
[     8.753] (II) event2  - AT Translated Set 2 keyboard: device is a keyboard
[     8.753] (II) event2  - AT Translated Set 2 keyboard: device removed
[     8.762] (**) Option "config_info" "udev:/sys/devices/platform/i8042/serio0/input/input2/event2"
[     8.762] (II) XINPUT: Adding extended input device "AT Translated Set 2 keyboard" (type: KEYBOARD, id 14)
[     8.762] (**) Option "xkb_layout" "us"
[     8.762] (II) event2  - AT Translated Set 2 keyboard: is tagged by udev as: Keyboard
[     8.762] (II) event2  - AT Translated Set 2 keyboard: device is a keyboard
[     8.767] (**) HP USB Multimedia Keyboard: Applying InputClass "evdev keyboard catchall"
[     8.767] (**) HP USB Multimedia Keyboard: Applying InputClass "libinput keyboard catchall"
[     8.767] (**) HP USB Multimedia Keyboard: Applying InputClass "system-keyboard"
[     8.767] (II) Using input driver 'libinput' for 'HP USB Multimedia Keyboard'
[     8.767] (**) HP USB Multimedia Keyboard: always reports core events
[     8.767] (**) Option "Device" "/dev/input/event6"
[     8.767] (**) Option "_source" "_driver/libinput"
[     8.767] (II) libinput: HP USB Multimedia Keyboard: is a virtual subdevice
[     8.767] (**) Option "config_info" "udev:/sys/devices/pci0000:00/0000:00:14.0/usb1/1-1/1-1.4/1-1.4:1.1/0003:0461:4E67.0004/input/input6/event6"
[     8.767] (II) XINPUT: Adding extended input device "HP USB Multimedia Keyboard" (type: KEYBOARD, id 15)
[     8.767] (**) Option "xkb_layout" "us"
[     8.767] (**) Wacom HID 513B Pen eraser: Applying InputClass "evdev tablet catchall"
[     8.767] (**) Wacom HID 513B Pen eraser: Applying InputClass "libinput tablet catchall"
[     8.767] (**) Wacom HID 513B Pen eraser: Applying InputClass "Wacom USB tablet class"
[     8.767] (**) Wacom HID 513B Pen eraser: Applying InputClass "Wacom tablet class"
[     8.767] (II) Using input driver 'wacom' for 'Wacom HID 513B Pen eraser'
[     8.767] (**) Wacom HID 513B Pen eraser: always reports core events
[     8.767] (**) Option "Device" "/dev/input/event8"
[     8.767] (**) Option "Type" "eraser"
[     8.767] (**) Wacom HID 513B Pen eraser: panscroll is 1300
[     8.767] (**) Wacom HID 513B Pen eraser: panscroll modified to 1300
[     8.767] (--) Wacom HID 513B Pen eraser: maxX=26277 maxY=16423 maxZ=4095 resX=100000 resY=100000  tilt=enabled
[     8.784] (**) Option "config_info" "udev:/sys/devices/pci0000:00/0000:00:15.1/i2c_designware.1/i2c-6/i2c-WCOM513B:00/0018:056A:513B.0005/input/input20/event8"
[     8.784] (II) XINPUT: Adding extended input device "Wacom HID 513B Pen eraser" (type: ERASER, id 16)
[     8.784] (**) Wacom HID 513B Pen eraser: (accel) keeping acceleration scheme 1
[     8.784] (**) Wacom HID 513B Pen eraser: (accel) acceleration profile 0
[     8.784] (**) Wacom HID 513B Pen eraser: (accel) acceleration factor: 2.000
[     8.784] (**) Wacom HID 513B Pen eraser: (accel) acceleration threshold: 4
[     9.206] (II) modeset(0): EDID vendor "KDC", prod id 0
[     9.206] (II) modeset(0): Printing DDC gathered Modelines:
[     9.206] (II) modeset(0): Modeline "1920x1200"x0.0  152.84  1920 1936 1952 2062  1200 1215 1217 1235 +hsync -vsync (74.1 kHz eP)
[    11.856] (II) event1  - Power Button: device removed
[    11.862] (II) event3  - Video Bus: device removed
[    11.877] (II) event4  - PixArt HP USB Optical Mouse: device removed
[    11.903] (II) event5  - HP USB Multimedia Keyboard: device removed
[    11.929] (II) event7  - Intel Virtual Button driver: device removed
[    11.938] (II) event2  - AT Translated Set 2 keyboard: device removed
[    11.949] (II) event6  - HP USB Multimedia Keyboard: device removed
[    11.990] (II) UnloadModule: "wacom"
[    11.990] (II) UnloadModule: "libinput"
[    11.990] (II) UnloadModule: "libinput"
[    11.990] (II) UnloadModule: "libinput"
[    11.990] (II) UnloadModule: "wacom"
[    11.990] (II) UnloadModule: "wacom"
[    11.990] (II) UnloadModule: "libinput"
[    11.990] (II) UnloadModule: "libinput"
[    11.990] (II) UnloadModule: "libinput"
[    11.990] (II) UnloadModule: "libinput"
[    11.991] (II) UnloadModule: "libinput"
[    12.007] (II) Server terminated successfully (0). Closing log file.
