[    33.917] 
X.Org X Server 1.19.6
Release Date: 2017-12-20
[    33.917] X Protocol Version 11, Revision 0
[    33.917] Build Operating System: Linux 4.4.0-138-generic x86_64 Ubuntu
[    33.917] Current Operating System: Linux HOSTNAME 5.3.0-lxpup64 #1 SMP Mon Sep 16 09:17:42 BST 2019 x86_64
[    33.917] Kernel command line: psubdir=/bio8.2 pmedia=atahd pfix=fsck
[    33.918] Build Date: 25 October 2018  04:11:27PM
[    33.918] xorg-server 2:1.19.6-1ubuntu4.2 (For technical support please see http://www.ubuntu.com/support) 
[    33.918] Current version of pixman: 0.34.0
[    33.918] 	Before reporting problems, check http://wiki.x.org
	to make sure that you have the latest version.
[    33.918] Markers: (--) probed, (**) from config file, (==) default setting,
	(++) from command line, (!!) notice, (II) informational,
	(WW) warning, (EE) error, (NI) not implemented, (??) unknown.
[    33.918] (==) Log file: "/var/log/Xorg.0.log", Time: Fri Sep 20 08:36:50 2019
[    33.922] (==) Using config file: "/etc/X11/xorg.conf"
[    33.922] (==) Using config directory: "/etc/X11/xorg.conf.d"
[    33.922] (==) Using system config directory "/usr/share/X11/xorg.conf.d"
[    33.973] (==) ServerLayout "X.org config"
[    33.974] (**) |-->Screen "Screen0" (0)
[    33.974] (**) |   |-->Monitor "Monitor0"
[    33.974] (**) |   |-->Device "Card0"
[    33.975] (**) Option "DontZap" "false"
[    33.975] (**) Option "RandR" "on"
[    33.975] (**) Option "AutoAddDevices" "true"
[    33.975] (**) Automatically adding devices
[    33.975] (==) Automatically enabling devices
[    33.975] (==) Automatically adding GPU devices
[    33.975] (==) Automatically binding GPU devices
[    33.975] (==) Max clients allowed: 256, resource mask: 0x1fffff
[    33.975] (WW) The directory "/usr/share/X11/fonts/Type1/" does not exist.
[    33.975] 	Entry deleted from font path.
[    34.001] (WW) `fonts.dir' not found (or not valid) in "/usr/share/X11/fonts/TTF/".
[    34.002] 	Entry deleted from font path.
[    34.002] 	(Run 'mkfontdir' on "/usr/share/X11/fonts/TTF/").
[    34.002] (WW) The directory "/usr/share/fonts/X11/misc" does not exist.
[    34.002] 	Entry deleted from font path.
[    34.002] (WW) The directory "/usr/share/fonts/X11/cyrillic" does not exist.
[    34.002] 	Entry deleted from font path.
[    34.002] (WW) The directory "/usr/share/fonts/X11/100dpi/" does not exist.
[    34.002] 	Entry deleted from font path.
[    34.002] (WW) The directory "/usr/share/fonts/X11/75dpi/" does not exist.
[    34.002] 	Entry deleted from font path.
[    34.002] (WW) The directory "/usr/share/fonts/X11/Type1" does not exist.
[    34.002] 	Entry deleted from font path.
[    34.002] (WW) The directory "/usr/share/fonts/X11/100dpi" does not exist.
[    34.002] 	Entry deleted from font path.
[    34.002] (WW) The directory "/usr/share/fonts/X11/75dpi" does not exist.
[    34.002] 	Entry deleted from font path.
[    34.002] (**) FontPath set to:
	/usr/share/X11/fonts/misc/,
	built-ins
[    34.002] (==) ModulePath set to "/usr/lib/xorg/modules"
[    34.002] (II) The server relies on udev to provide the list of input devices.
	If no devices become available, reconfigure udev or disable AutoAddDevices.
[    34.002] (II) Loader magic: 0x557cbff62020
[    34.002] (II) Module ABI versions:
[    34.002] 	X.Org ANSI C Emulation: 0.4
[    34.002] 	X.Org Video Driver: 23.0
[    34.002] 	X.Org XInput driver : 24.1
[    34.002] 	X.Org Server Extension : 10.0
[    34.002] (EE) dbus-core: error connecting to system bus: org.freedesktop.DBus.Error.FileNotFound (Failed to connect to socket /var/run/dbus/system_bus_socket: No such file or directory)
[    34.002] (--) using VT number 4

[    34.002] (II) systemd-logind: logind integration requires -keeptty and -keeptty was not provided, disabling logind integration
[    34.002] (II) xfree86: Adding drm device (/dev/dri/card0)
[    34.010] (--) PCI:*(0:0:2:0) 8086:0046:14c0:004f rev 2, Mem @ 0xd0000000/4194304, 0xc0000000/268435456, I/O @ 0x00005078/8, BIOS @ 0x????????/131072
[    34.010] (II) "glx" will be loaded by default.
[    34.010] (II) LoadModule: "dbe"
[    34.010] (II) Module "dbe" already built-in
[    34.010] (II) LoadModule: "glx"
[    34.012] (II) Loading /usr/lib/xorg/modules/extensions/libglx.so
[    34.119] (II) Module glx: vendor="X.Org Foundation"
[    34.119] 	compiled for 1.19.6, module version = 1.0.0
[    34.119] 	ABI class: X.Org Server Extension, version 10.0
[    34.119] (==) Matched modesetting as autoconfigured driver 0
[    34.119] (==) Matched fbdev as autoconfigured driver 1
[    34.119] (==) Matched vesa as autoconfigured driver 2
[    34.119] (==) Assigned the driver to the xf86ConfigLayout
[    34.119] (II) LoadModule: "modesetting"
[    34.119] (II) Loading /usr/lib/xorg/modules/drivers/modesetting_drv.so
[    34.148] (II) Module modesetting: vendor="X.Org Foundation"
[    34.148] 	compiled for 1.19.6, module version = 1.19.6
[    34.148] 	Module class: X.Org Video Driver
[    34.148] 	ABI class: X.Org Video Driver, version 23.0
[    34.148] (II) LoadModule: "fbdev"
[    34.148] (II) Loading /usr/lib/xorg/modules/drivers/fbdev_drv.so
[    34.194] (II) Module fbdev: vendor="X.Org Foundation"
[    34.194] 	compiled for 1.19.3, module version = 0.4.4
[    34.194] 	Module class: X.Org Video Driver
[    34.194] 	ABI class: X.Org Video Driver, version 23.0
[    34.194] (II) LoadModule: "vesa"
[    34.194] (II) Loading /usr/lib/xorg/modules/drivers/vesa_drv.so
[    34.245] (II) Module vesa: vendor="X.Org Foundation"
[    34.245] 	compiled for 1.19.3, module version = 2.3.4
[    34.245] 	Module class: X.Org Video Driver
[    34.245] 	ABI class: X.Org Video Driver, version 23.0
[    34.245] (II) modesetting: Driver for Modesetting Kernel Drivers: kms
[    34.245] (II) FBDEV: driver for framebuffer: fbdev
[    34.245] (II) VESA: driver for VESA chipsets: vesa
[    34.272] (II) modeset(0): using drv /dev/dri/card0
[    34.272] (WW) Falling back to old probe method for fbdev
[    34.272] (II) Loading sub module "fbdevhw"
[    34.272] (II) LoadModule: "fbdevhw"
[    34.273] (II) Loading /usr/lib/xorg/modules/libfbdevhw.so
[    34.352] (II) Module fbdevhw: vendor="X.Org Foundation"
[    34.352] 	compiled for 1.19.6, module version = 0.0.2
[    34.352] 	ABI class: X.Org Video Driver, version 23.0
[    34.352] (WW) Falling back to old probe method for vesa
[    34.352] (==) modeset(0): Depth 24, (==) framebuffer bpp 32
[    34.352] (==) modeset(0): RGB weight 888
[    34.352] (==) modeset(0): Default visual is TrueColor
[    34.352] (II) Loading sub module "glamoregl"
[    34.353] (II) LoadModule: "glamoregl"
[    34.354] (II) Loading /usr/lib/xorg/modules/libglamoregl.so
[    34.594] (II) Module glamoregl: vendor="X.Org Foundation"
[    34.594] 	compiled for 1.19.6, module version = 1.0.0
[    34.594] 	ABI class: X.Org ANSI C Emulation, version 0.4
[    34.594] (II) glamor: OpenGL accelerated X.org driver based.
[    35.630] (II) glamor: EGL version 1.4 (DRI2):
[    35.872] (II) modeset(0): glamor initialized
[    35.873] (II) modeset(0): Output LVDS-1 using monitor section Monitor0
[    35.874] (II) modeset(0): Output VGA-1 has no monitor section
[    35.876] (II) modeset(0): Output HDMI-1 has no monitor section
[    35.876] (II) modeset(0): Output DP-1 has no monitor section
[    36.057] (II) modeset(0): Output HDMI-2 has no monitor section
[    36.057] (II) modeset(0): Output DP-2 has no monitor section
[    36.057] (II) modeset(0): EDID for output LVDS-1
[    36.057] (II) modeset(0): Manufacturer: BOE  Model: 89d  Serial#: 0
[    36.057] (II) modeset(0): Year: 2008  Week: 0
[    36.057] (II) modeset(0): EDID Version: 1.3
[    36.057] (II) modeset(0): Digital Display Input
[    36.057] (II) modeset(0): Max Image Size [cm]: horiz.: 26  vert.: 16
[    36.057] (II) modeset(0): Gamma: 2.20
[    36.057] (II) modeset(0): No DPMS capabilities specified
[    36.057] (II) modeset(0): Supported color encodings: RGB 4:4:4 YCrCb 4:4:4 
[    36.057] (II) modeset(0): First detailed timing is preferred mode
[    36.057] (II) modeset(0): redX: 0.585 redY: 0.373   greenX: 0.345 greenY: 0.565
[    36.057] (II) modeset(0): blueX: 0.150 blueY: 0.138   whiteX: 0.313 whiteY: 0.329
[    36.057] (II) modeset(0): Manufacturer's mask: 0
[    36.057] (II) modeset(0): Supported detailed timing:
[    36.057] (II) modeset(0): clock: 71.1 MHz   Image Size:  261 x 163 mm
[    36.057] (II) modeset(0): h_active: 1280  h_sync: 1328  h_sync_end 1360 h_blank_end 1440 h_border: 0
[    36.058] (II) modeset(0): v_active: 800  v_sync: 803  v_sync_end 809 v_blanking: 823 v_border: 0
[    36.058] (II) modeset(0):  
[    36.058] (II) modeset(0):  HYDIS
[    36.058] (II) modeset(0):  HX121WX1
[    36.058] (II) modeset(0): EDID (in hex):
[    36.058] (II) modeset(0): 	00ffffffffffff0009e59d0800000000
[    36.058] (II) modeset(0): 	00120103801a10780ae795955f589026
[    36.058] (II) modeset(0): 	23505400000001010101010101010101
[    36.058] (II) modeset(0): 	010101010101c71b00a0502017303020
[    36.058] (II) modeset(0): 	360005a310000019000000fe000a2020
[    36.058] (II) modeset(0): 	20202020202020202020000000fe0048
[    36.058] (II) modeset(0): 	594449530a20202020202020000000fe
[    36.058] (II) modeset(0): 	0048583132315758310a2020202000bf
[    36.058] (II) modeset(0): Printing probed modes for output LVDS-1
[    36.058] (II) modeset(0): Modeline "1280x800"x60.0   71.11  1280 1328 1360 1440  800 803 809 823 -hsync -vsync (49.4 kHz eP)
[    36.058] (II) modeset(0): Modeline "1280x800"x120.0  174.25  1280 1380 1516 1752  800 801 804 829 doublescan -hsync +vsync (99.5 kHz d)
[    36.058] (II) modeset(0): Modeline "1280x800"x119.9  134.25  1280 1304 1320 1360  800 801 804 823 doublescan +hsync -vsync (98.7 kHz d)
[    36.058] (II) modeset(0): Modeline "1280x800"x59.8   83.50  1280 1352 1480 1680  800 803 809 831 -hsync +vsync (49.7 kHz d)
[    36.058] (II) modeset(0): Modeline "1280x800"x59.9   71.00  1280 1328 1360 1440  800 803 809 823 +hsync -vsync (49.3 kHz d)
[    36.058] (II) modeset(0): Modeline "1280x720"x120.0  156.12  1280 1376 1512 1744  720 721 724 746 doublescan -hsync +vsync (89.5 kHz d)
[    36.058] (II) modeset(0): Modeline "1280x720"x120.0  120.75  1280 1304 1320 1360  720 721 724 740 doublescan +hsync -vsync (88.8 kHz d)
[    36.058] (II) modeset(0): Modeline "1280x720"x59.9   74.50  1280 1344 1472 1664  720 723 728 748 -hsync +vsync (44.8 kHz d)
[    36.058] (II) modeset(0): Modeline "1280x720"x59.7   63.75  1280 1328 1360 1440  720 723 728 741 +hsync -vsync (44.3 kHz d)
[    36.058] (II) modeset(0): Modeline "1024x768"x120.1  133.47  1024 1100 1212 1400  768 768 770 794 doublescan -hsync +vsync (95.3 kHz d)
[    36.058] (II) modeset(0): Modeline "1024x768"x60.0   65.00  1024 1048 1184 1344  768 771 777 806 -hsync -vsync (48.4 kHz d)
[    36.058] (II) modeset(0): Modeline "960x720"x120.0  117.00  960 1024 1128 1300  720 720 722 750 doublescan -hsync +vsync (90.0 kHz d)
[    36.058] (II) modeset(0): Modeline "928x696"x120.1  109.15  928 976 1088 1264  696 696 698 719 doublescan -hsync +vsync (86.4 kHz d)
[    36.058] (II) modeset(0): Modeline "896x672"x120.0  102.40  896 960 1060 1224  672 672 674 697 doublescan -hsync +vsync (83.7 kHz d)
[    36.058] (II) modeset(0): Modeline "1024x576"x119.9   98.50  1024 1092 1200 1376  576 577 580 597 doublescan -hsync +vsync (71.6 kHz d)
[    36.058] (II) modeset(0): Modeline "1024x576"x119.9   78.38  1024 1048 1064 1104  576 577 580 592 doublescan +hsync -vsync (71.0 kHz d)
[    36.058] (II) modeset(0): Modeline "1024x576"x59.9   46.50  1024 1064 1160 1296  576 579 584 599 -hsync +vsync (35.9 kHz d)
[    36.058] (II) modeset(0): Modeline "1024x576"x59.8   42.00  1024 1072 1104 1184  576 579 584 593 +hsync -vsync (35.5 kHz d)
[    36.058] (II) modeset(0): Modeline "960x600"x119.9   96.62  960 1028 1128 1296  600 601 604 622 doublescan -hsync +vsync (74.6 kHz d)
[    36.058] (II) modeset(0): Modeline "960x600"x120.0   77.00  960 984 1000 1040  600 601 604 617 doublescan +hsync -vsync (74.0 kHz d)
[    36.058] (II) modeset(0): Modeline "960x540"x119.9   86.50  960 1024 1124 1288  540 541 544 560 doublescan -hsync +vsync (67.2 kHz d)
[    36.058] (II) modeset(0): Modeline "960x540"x120.0   69.25  960 984 1000 1040  540 541 544 555 doublescan +hsync -vsync (66.6 kHz d)
[    36.058] (II) modeset(0): Modeline "960x540"x59.6   40.75  960 992 1088 1216  540 543 548 562 -hsync +vsync (33.5 kHz d)
[    36.059] (II) modeset(0): Modeline "960x540"x59.8   37.25  960 1008 1040 1120  540 543 548 556 +hsync -vsync (33.3 kHz d)
[    36.059] (II) modeset(0): Modeline "800x600"x120.0   81.00  800 832 928 1080  600 600 602 625 doublescan +hsync +vsync (75.0 kHz d)
[    36.059] (II) modeset(0): Modeline "800x600"x60.3   40.00  800 840 968 1056  600 601 605 628 +hsync +vsync (37.9 kHz d)
[    36.059] (II) modeset(0): Modeline "800x600"x56.2   36.00  800 824 896 1024  600 601 603 625 +hsync +vsync (35.2 kHz d)
[    36.059] (II) modeset(0): Modeline "840x525"x120.0   73.12  840 892 980 1120  525 526 529 544 doublescan -hsync +vsync (65.3 kHz d)
[    36.059] (II) modeset(0): Modeline "840x525"x119.8   59.50  840 864 880 920  525 526 529 540 doublescan +hsync -vsync (64.7 kHz d)
[    36.059] (II) modeset(0): Modeline "864x486"x59.9   32.50  864 888 968 1072  486 489 494 506 -hsync +vsync (30.3 kHz d)
[    36.059] (II) modeset(0): Modeline "864x486"x59.6   30.50  864 912 944 1024  486 489 494 500 +hsync -vsync (29.8 kHz d)
[    36.059] (II) modeset(0): Modeline "800x512"x120.3   51.56  800 800 828 832  512 512 514 515 doublescan +hsync +vsync (62.0 kHz d)
[    36.059] (II) modeset(0): Modeline "700x525"x120.0   61.00  700 744 820 940  525 526 532 541 doublescan +hsync +vsync (64.9 kHz d)
[    36.059] (II) modeset(0): Modeline "800x450"x119.9   59.12  800 848 928 1056  450 451 454 467 doublescan -hsync +vsync (56.0 kHz d)
[    36.059] (II) modeset(0): Modeline "800x450"x119.6   48.75  800 824 840 880  450 451 454 463 doublescan +hsync -vsync (55.4 kHz d)
[    36.059] (II) modeset(0): Modeline "640x512"x120.0   54.00  640 664 720 844  512 512 514 533 doublescan +hsync +vsync (64.0 kHz d)
[    36.059] (II) modeset(0): Modeline "720x450"x119.8   53.25  720 760 836 952  450 451 454 467 doublescan -hsync +vsync (55.9 kHz d)
[    36.059] (II) modeset(0): Modeline "700x450"x119.9   51.75  700 740 812 924  450 451 456 467 doublescan -hsync +vsync (56.0 kHz d)
[    36.059] (II) modeset(0): Modeline "700x450"x119.8   43.25  700 724 740 780  450 451 456 463 doublescan +hsync -vsync (55.4 kHz d)
[    36.059] (II) modeset(0): Modeline "640x480"x120.0   54.00  640 688 744 900  480 480 482 500 doublescan +hsync +vsync (60.0 kHz d)
[    36.059] (II) modeset(0): Modeline "640x480"x59.9   25.18  640 656 752 800  480 490 492 525 -hsync -vsync (31.5 kHz d)
[    36.059] (II) modeset(0): Modeline "720x405"x59.5   22.50  720 744 808 896  405 408 413 422 -hsync +vsync (25.1 kHz d)
[    36.059] (II) modeset(0): Modeline "720x405"x59.0   21.75  720 768 800 880  405 408 413 419 +hsync -vsync (24.7 kHz d)
[    36.059] (II) modeset(0): Modeline "684x384"x119.8   42.62  684 720 788 892  384 385 390 399 doublescan -hsync +vsync (47.8 kHz d)
[    36.059] (II) modeset(0): Modeline "684x384"x119.7   36.12  684 708 724 764  384 385 390 395 doublescan +hsync -vsync (47.3 kHz d)
[    36.059] (II) modeset(0): Modeline "680x384"x119.6   42.38  680 716 784 888  384 385 390 399 doublescan -hsync +vsync (47.7 kHz d)
[    36.059] (II) modeset(0): Modeline "680x384"x119.9   36.00  680 704 720 760  384 385 390 395 doublescan +hsync -vsync (47.4 kHz d)
[    36.059] (II) modeset(0): Modeline "640x400"x119.8   41.75  640 676 740 840  400 401 404 415 doublescan -hsync +vsync (49.7 kHz d)
[    36.059] (II) modeset(0): Modeline "640x400"x120.0   35.50  640 664 680 720  400 401 404 411 doublescan +hsync -vsync (49.3 kHz d)
[    36.059] (II) modeset(0): Modeline "576x432"x120.1   40.81  576 608 668 760  432 432 434 447 doublescan -hsync +vsync (53.7 kHz d)
[    36.059] (II) modeset(0): Modeline "640x360"x119.7   37.25  640 672 736 832  360 361 364 374 doublescan -hsync +vsync (44.8 kHz d)
[    36.059] (II) modeset(0): Modeline "640x360"x119.7   31.88  640 664 680 720  360 361 364 370 doublescan +hsync -vsync (44.3 kHz d)
[    36.059] (II) modeset(0): Modeline "640x360"x59.8   18.00  640 664 720 800  360 363 368 376 -hsync +vsync (22.5 kHz d)
[    36.059] (II) modeset(0): Modeline "640x360"x59.3   17.75  640 688 720 800  360 363 368 374 +hsync -vsync (22.2 kHz d)
[    36.059] (II) modeset(0): Modeline "512x384"x120.0   32.50  512 524 592 672  384 385 388 403 doublescan -hsync -vsync (48.4 kHz d)
[    36.059] (II) modeset(0): Modeline "512x288"x120.0   23.25  512 532 580 648  288 289 292 299 doublescan -hsync +vsync (35.9 kHz d)
[    36.059] (II) modeset(0): Modeline "512x288"x119.8   21.00  512 536 552 592  288 289 292 296 doublescan +hsync -vsync (35.5 kHz d)
[    36.059] (II) modeset(0): Modeline "480x270"x119.3   20.38  480 496 544 608  270 271 274 281 doublescan -hsync +vsync (33.5 kHz d)
[    36.059] (II) modeset(0): Modeline "480x270"x119.6   18.62  480 504 520 560  270 271 274 278 doublescan +hsync -vsync (33.3 kHz d)
[    36.059] (II) modeset(0): Modeline "400x300"x120.6   20.00  400 420 484 528  300 300 302 314 doublescan +hsync +vsync (37.9 kHz d)
[    36.059] (II) modeset(0): Modeline "400x300"x112.7   18.00  400 412 448 512  300 300 301 312 doublescan +hsync +vsync (35.2 kHz d)
[    36.059] (II) modeset(0): Modeline "432x243"x119.8   16.25  432 444 484 536  243 244 247 253 doublescan -hsync +vsync (30.3 kHz d)
[    36.059] (II) modeset(0): Modeline "432x243"x119.1   15.25  432 456 472 512  243 244 247 250 doublescan +hsync -vsync (29.8 kHz d)
[    36.059] (II) modeset(0): Modeline "320x240"x120.1   12.59  320 328 376 400  240 245 246 262 doublescan -hsync -vsync (31.5 kHz d)
[    36.059] (II) modeset(0): Modeline "360x202"x119.0   11.25  360 372 404 448  202 204 206 211 doublescan -hsync +vsync (25.1 kHz d)
[    36.059] (II) modeset(0): Modeline "360x202"x118.3   10.88  360 384 400 440  202 204 206 209 doublescan +hsync -vsync (24.7 kHz d)
[    36.059] (II) modeset(0): Modeline "320x180"x119.7    9.00  320 332 360 400  180 181 184 188 doublescan -hsync +vsync (22.5 kHz d)
[    36.059] (II) modeset(0): Modeline "320x180"x118.6    8.88  320 344 360 400  180 181 184 187 doublescan +hsync -vsync (22.2 kHz d)
[    36.060] (II) modeset(0): EDID for output VGA-1
[    36.062] (II) modeset(0): EDID for output HDMI-1
[    36.062] (II) modeset(0): EDID for output DP-1
[    36.243] (II) modeset(0): EDID for output HDMI-2
[    36.244] (II) modeset(0): EDID for output DP-2
[    36.244] (II) modeset(0): Output LVDS-1 connected
[    36.244] (II) modeset(0): Output VGA-1 disconnected
[    36.244] (II) modeset(0): Output HDMI-1 disconnected
[    36.244] (II) modeset(0): Output DP-1 disconnected
[    36.244] (II) modeset(0): Output HDMI-2 disconnected
[    36.244] (II) modeset(0): Output DP-2 disconnected
[    36.244] (II) modeset(0): Using exact sizes for initial modes
[    36.244] (II) modeset(0): Output LVDS-1 using initial mode 1280x800 +0+0
[    36.244] (==) modeset(0): Using gamma correction (1.0, 1.0, 1.0)
[    36.244] (==) modeset(0): DPI set to (96, 96)
[    36.244] (II) Loading sub module "fb"
[    36.244] (II) LoadModule: "fb"
[    36.244] (II) Loading /usr/lib/xorg/modules/libfb.so
[    36.277] (II) Module fb: vendor="X.Org Foundation"
[    36.277] 	compiled for 1.19.6, module version = 1.0.0
[    36.278] 	ABI class: X.Org ANSI C Emulation, version 0.4
[    36.278] (II) UnloadModule: "fbdev"
[    36.278] (II) Unloading fbdev
[    36.278] (II) UnloadSubModule: "fbdevhw"
[    36.278] (II) Unloading fbdevhw
[    36.278] (II) UnloadModule: "vesa"
[    36.278] (II) Unloading vesa
[    36.278] (==) Depth 24 pixmap format is 32 bpp
[    36.384] (==) modeset(0): Backing store enabled
[    36.384] (==) modeset(0): Silken mouse enabled
[    36.384] (II) modeset(0): RandR 1.2 enabled, ignore the following RandR disabled message.
[    36.413] (==) modeset(0): DPMS enabled
[    36.414] (II) modeset(0): [DRI2] Setup complete
[    36.414] (II) modeset(0): [DRI2]   DRI driver: i965
[    36.414] (II) modeset(0): [DRI2]   VDPAU driver: i965
[    36.414] (--) RandR disabled
[    36.421] (II) SELinux: Disabled on system
[    36.440] (II) AIGLX: enabled GLX_MESA_copy_sub_buffer
[    36.440] (II) AIGLX: enabled GLX_ARB_create_context
[    36.440] (II) AIGLX: enabled GLX_ARB_create_context_profile
[    36.440] (II) AIGLX: enabled GLX_EXT_create_context_es{,2}_profile
[    36.440] (II) AIGLX: enabled GLX_INTEL_swap_event
[    36.440] (II) AIGLX: enabled GLX_SGI_swap_control
[    36.440] (II) AIGLX: enabled GLX_EXT_framebuffer_sRGB
[    36.440] (II) AIGLX: enabled GLX_ARB_fbconfig_float
[    36.440] (II) AIGLX: enabled GLX_EXT_fbconfig_packed_float
[    36.440] (II) AIGLX: GLX_EXT_texture_from_pixmap backed by buffer objects
[    36.440] (II) AIGLX: Loaded and initialized i965
[    36.440] (II) GLX: Initialized DRI2 GL provider for screen 0
[    36.444] (II) modeset(0): Damage tracking initialized
[    36.444] (II) modeset(0): Setting screen physical size to 338 x 211
[    36.828] (II) config/udev: Adding input device Power Button (/dev/input/event1)
[    36.828] (**) Power Button: Applying InputClass "evdev keyboard catchall"
[    36.828] (**) Power Button: Applying InputClass "libinput keyboard catchall"
[    36.828] (**) Power Button: Applying InputClass "keyboard-all"
[    36.828] (II) LoadModule: "evdev"
[    36.828] (II) Loading /usr/lib/xorg/modules/input/evdev_drv.so
[    36.918] (II) Module evdev: vendor="X.Org Foundation"
[    36.918] 	compiled for 1.19.3, module version = 2.10.5
[    36.918] 	Module class: X.Org XInput Driver
[    36.918] 	ABI class: X.Org XInput driver, version 24.1
[    36.919] (II) Using input driver 'evdev' for 'Power Button'
[    36.919] (**) Power Button: always reports core events
[    36.919] (**) evdev: Power Button: Device: "/dev/input/event1"
[    36.919] (--) evdev: Power Button: Vendor 0 Product 0x1
[    36.919] (--) evdev: Power Button: Found keys
[    36.919] (II) evdev: Power Button: Configuring as keyboard
[    36.919] (**) Option "config_info" "udev:/sys/devices/LNXSYSTM:00/LNXPWRBN:00/input/input1/event1"
[    36.919] (II) XINPUT: Adding extended input device "Power Button" (type: KEYBOARD, id 6)
[    36.919] (**) Option "xkb_rules" "evdev"
[    36.919] (**) Option "xkb_model" "pc104"
[    36.919] (**) Option "xkb_layout" "us"
[    36.919] (WW) Option "xkb_variant" requires a string value
[    36.919] (**) Option "xkb_options" "terminate:ctrl_alt_bksp"
[    36.973] (II) config/udev: Adding input device Video Bus (/dev/input/event5)
[    36.973] (**) Video Bus: Applying InputClass "evdev keyboard catchall"
[    36.973] (**) Video Bus: Applying InputClass "libinput keyboard catchall"
[    36.973] (**) Video Bus: Applying InputClass "keyboard-all"
[    36.973] (II) Using input driver 'evdev' for 'Video Bus'
[    36.973] (**) Video Bus: always reports core events
[    36.973] (**) evdev: Video Bus: Device: "/dev/input/event5"
[    36.973] (--) evdev: Video Bus: Vendor 0 Product 0x6
[    36.973] (--) evdev: Video Bus: Found keys
[    36.973] (II) evdev: Video Bus: Configuring as keyboard
[    36.973] (**) Option "config_info" "udev:/sys/devices/LNXSYSTM:00/LNXSYBUS:00/PNP0A08:00/LNXVIDEO:00/input/input15/event5"
[    36.974] (II) XINPUT: Adding extended input device "Video Bus" (type: KEYBOARD, id 7)
[    36.974] (**) Option "xkb_rules" "evdev"
[    36.974] (**) Option "xkb_model" "pc104"
[    36.974] (**) Option "xkb_layout" "us"
[    36.974] (WW) Option "xkb_variant" requires a string value
[    36.974] (**) Option "xkb_options" "terminate:ctrl_alt_bksp"
[    36.974] (II) config/udev: Adding input device Power Button (/dev/input/event0)
[    36.974] (**) Power Button: Applying InputClass "evdev keyboard catchall"
[    36.974] (**) Power Button: Applying InputClass "libinput keyboard catchall"
[    36.974] (**) Power Button: Applying InputClass "keyboard-all"
[    36.974] (II) Using input driver 'evdev' for 'Power Button'
[    36.974] (**) Power Button: always reports core events
[    36.974] (**) evdev: Power Button: Device: "/dev/input/event0"
[    36.974] (--) evdev: Power Button: Vendor 0 Product 0x1
[    36.975] (--) evdev: Power Button: Found keys
[    36.975] (II) evdev: Power Button: Configuring as keyboard
[    36.975] (**) Option "config_info" "udev:/sys/devices/LNXSYSTM:00/LNXSYBUS:00/PNP0A08:00/device:0b/PNP0C0C:00/input/input0/event0"
[    36.975] (II) XINPUT: Adding extended input device "Power Button" (type: KEYBOARD, id 8)
[    36.975] (**) Option "xkb_rules" "evdev"
[    36.975] (**) Option "xkb_model" "pc104"
[    36.975] (**) Option "xkb_layout" "us"
[    36.975] (WW) Option "xkb_variant" requires a string value
[    36.975] (**) Option "xkb_options" "terminate:ctrl_alt_bksp"
[    36.976] (II) config/udev: Adding input device Wacom ISDv4 E3 Pen (/dev/input/event3)
[    36.976] (**) Wacom ISDv4 E3 Pen: Applying InputClass "evdev tablet catchall"
[    36.976] (**) Wacom ISDv4 E3 Pen: Applying InputClass "libinput tablet catchall"
[    36.976] (**) Wacom ISDv4 E3 Pen: Applying InputClass "Wacom USB tablet class"
[    36.976] (**) Wacom ISDv4 E3 Pen: Applying InputClass "Wacom tablet class"
[    36.976] (II) LoadModule: "wacom"
[    36.976] (II) Loading /usr/lib/xorg/modules/input/wacom_drv.so
[    37.009] (II) Module wacom: vendor="X.Org Foundation"
[    37.009] 	compiled for 1.19.6, module version = 0.36.1
[    37.009] 	Module class: X.Org XInput Driver
[    37.009] 	ABI class: X.Org XInput driver, version 24.1
[    37.009] (II) Build version: 0.36.1
[    37.009] (II) wacom: Driver for Wacom graphics tablets: PenPartner, Graphire,
	Graphire2 4x5, Graphire2 5x7, Graphire3 4x5, Graphire3 6x8,
	Graphire4 4x5, Graphire4 6x8, BambooFun 4x5, BambooFun 6x8,
	Bamboo1 Medium, Graphire4 6x8 BlueTooth, CTL-460, CTH-461, CTL-660,
	CTL-461/S, Bamboo Touch, CTH-460/K, CTH-461/S, CTH-661/S1, CTH-461/L,
	CTH-661/L, Intuos 4x5, Intuos 6x8, Intuos 9x12, Intuos 12x12,
	Intuos 12x18, PTU600, PL400, PL500, PL600, PL600SX, PL550, PL800,
	PL700, PL510, PL710, DTI520, DTF720, DTF720a, DTF521, DTU1931,
	DTU2231, DTU1631, DTH1152, DTH1152, DTK2451, DTH2452, DTH2452,
	Intuos2 4x5, Intuos2 6x8, Intuos2 9x12, Intuos2 12x12, Intuos2 12x18,
	Intuos2 6x8 , Volito, PenStation, Volito2 4x5, Volito2 2x3,
	PenPartner2, Bamboo, Bamboo1, Bamboo1 4x6, Bamboo1 5x8, Intuos3 4x5,
	Intuos3 6x8, Intuos3 9x12, Intuos3 12x12, Intuos3 12x19,
	Intuos3 6x11, Intuos3 4x6, Intuos4 4x6, Intuos4 6x9, Intuos4 8x13,
	Intuos4 12x19, Intuos4 WL USB Endpoint,
	Intuos4 WL Bluetooth Endpoint, Intuos5 touch S, Intuos5 touch M,
	Intuos5 touch L, Intuos5 S, Intuos5 M, Intuos Pro S, Intuos Pro M,
	Intuos Pro L, Cintiq 21UX, Cintiq 20WSX, Cintiq 12WX, Cintiq 21UX2,
	Cintiq 24HD, Cintiq 22HD, Cintiq 24HD touch (EMR digitizer),
	Cintiq 13HD, DTK2241, DTH2242, Cintiq 22HDT, Cintiq 27QHDT,
	Cintiq 27QHDT, Mobilestudio Pro 13, MobileStudio Pro 16,
	MobileStudio Pro 13, MobileStudio Pro 16, Cintiq 13 FHD Pro,
	Cintiq 16 UHD Pro, Cintiq Pro 24, Cintiq Pro 32, Cintiq 13 FHD Pro,
	Cintiq 16 UHD Pro, Cintiq Pro 24, Cintiq Pro 32, Cintiq Pro 24,
	TabletPC 0x90, TabletPC 0x93, TabletPC 0x97, TabletPC 0x9A,
	CapPlus  0x9F, TabletPC 0xE2, TabletPC 0xE3, TabletPC 0xE5,
	TabletPC 0xE6, TabletPC 0xEC, TabletPC 0xED, TabletPC 0xEF,
	TabletPC 0x100, TabletPC 0x101, TabletPC 0x10D, TabletPC 0x116,
	TabletPC 0x12C, TabletPC 0x4001, TabletPC 0x4004, TabletPC 0x5000,
	TabletPC 0x5002, usb:172f:0024, usb:172f:0025, usb:172f:0026,
	usb:172f:0027, usb:172f:0028, usb:172f:0030, usb:172f:0031,
	usb:172f:0032, usb:172f:0033, usb:172f:0034, usb:172f:0035,
	usb:172f:0036, usb:172f:0037, usb:172f:0038, usb:172f:0039,
	usb:172f:0051, usb:172f:0052, usb:172f:0053, usb:172f:0054,
	usb:172f:0055, usb:172f:0056, usb:172f:0057, usb:172f:0058,
	usb:172f:0500, usb:172f:0501, usb:172f:0502, usb:172f:0503,
	usb:1b96:0001, usb:17ef:6004
[    37.012] (II) Using input driver 'wacom' for 'Wacom ISDv4 E3 Pen'
[    37.012] (**) Wacom ISDv4 E3 Pen: always reports core events
[    37.012] (**) Option "Device" "/dev/input/event3"
[    37.067] (II) Wacom ISDv4 E3 Pen: type not specified, assuming 'stylus'.
[    37.067] (II) Wacom ISDv4 E3 Pen: other types will be automatically added.
[    37.067] (--) Wacom ISDv4 E3 Pen stylus: using pressure threshold of 851 for button 1
[    37.067] (**) Wacom ISDv4 E3 Pen stylus: panscroll is 0
[    37.067] (**) Wacom ISDv4 E3 Pen stylus: panscroll modified to 1313
[    37.067] (--) Wacom ISDv4 E3 Pen stylus: maxX=26312 maxY=16520 maxZ=255 resX=100000 resY=101000  tilt=disabled
[    37.067] (II) Wacom ISDv4 E3 Pen stylus: hotplugging dependent devices.
[    37.067] (EE) Wacom ISDv4 E3 Pen stylus: Invalid type 'cursor' for this device.
[    37.067] (EE) Wacom ISDv4 E3 Pen stylus: Invalid type 'touch' for this device.
[    37.067] (EE) Wacom ISDv4 E3 Pen stylus: Invalid type 'pad' for this device.
[    37.067] (II) Wacom ISDv4 E3 Pen stylus: hotplugging completed.
[    37.100] (**) Option "config_info" "udev:/sys/devices/pci0000:00/0000:00:1a.0/usb1/1-1/1-1.6/1-1.6:1.0/0003:056A:00E3.0001/input/input9/event3"
[    37.101] (II) XINPUT: Adding extended input device "Wacom ISDv4 E3 Pen stylus" (type: STYLUS, id 9)
[    37.103] (**) Wacom ISDv4 E3 Pen stylus: (accel) keeping acceleration scheme 1
[    37.103] (**) Wacom ISDv4 E3 Pen stylus: (accel) acceleration profile 0
[    37.103] (**) Wacom ISDv4 E3 Pen stylus: (accel) acceleration factor: 2.000
[    37.103] (**) Wacom ISDv4 E3 Pen stylus: (accel) acceleration threshold: 4
[    37.161] (II) config/udev: Adding input device Wacom ISDv4 E3 Pen (/dev/input/mouse0)
[    37.161] (II) No input driver specified, ignoring this device.
[    37.161] (II) This device may have been added with another device file.
[    37.162] (II) config/udev: Adding input device Wacom ISDv4 E3 Finger (/dev/input/event4)
[    37.162] (**) Wacom ISDv4 E3 Finger: Applying InputClass "evdev touchscreen catchall"
[    37.162] (**) Wacom ISDv4 E3 Finger: Applying InputClass "libinput touchscreen catchall"
[    37.162] (**) Wacom ISDv4 E3 Finger: Applying InputClass "Wacom USB touchscreen class"
[    37.162] (**) Wacom ISDv4 E3 Finger: Applying InputClass "Wacom touchscreen class"
[    37.162] (**) Wacom ISDv4 E3 Finger: Applying InputClass "touchscreen-rightclick"
[    37.162] (II) Using input driver 'wacom' for 'Wacom ISDv4 E3 Finger'
[    37.162] (**) Wacom ISDv4 E3 Finger: always reports core events
[    37.162] (**) Option "Device" "/dev/input/event4"
[    37.217] (EE) Wacom ISDv4 E3 Finger: Invalid type 'stylus' for this device.
[    37.217] (EE) Wacom ISDv4 E3 Finger: Invalid type 'eraser' for this device.
[    37.217] (EE) Wacom ISDv4 E3 Finger: Invalid type 'cursor' for this device.
[    37.217] (II) Wacom ISDv4 E3 Finger: type not specified, assuming 'touch'.
[    37.217] (II) Wacom ISDv4 E3 Finger: other types will be automatically added.
[    37.217] (**) Wacom ISDv4 E3 Finger touch: panscroll is 0
[    37.217] (**) Wacom ISDv4 E3 Finger touch: panscroll modified to 1300
[    37.217] (--) Wacom ISDv4 E3 Finger touch: maxX=2631 maxY=1652 maxZ=0 resX=10000 resY=10000 
[    37.217] (II) Wacom ISDv4 E3 Finger touch: hotplugging dependent devices.
[    37.217] (EE) Wacom ISDv4 E3 Finger touch: Invalid type 'stylus' for this device.
[    37.217] (EE) Wacom ISDv4 E3 Finger touch: Invalid type 'eraser' for this device.
[    37.217] (EE) Wacom ISDv4 E3 Finger touch: Invalid type 'cursor' for this device.
[    37.217] (EE) Wacom ISDv4 E3 Finger touch: Invalid type 'pad' for this device.
[    37.217] (II) Wacom ISDv4 E3 Finger touch: hotplugging completed.
[    37.254] (**) Option "config_info" "udev:/sys/devices/pci0000:00/0000:00:1a.0/usb1/1-1/1-1.6/1-1.6:1.1/0003:056A:00E3.0002/input/input13/event4"
[    37.254] (II) XINPUT: Adding extended input device "Wacom ISDv4 E3 Finger touch" (type: TOUCH, id 10)
[    37.254] (**) Wacom ISDv4 E3 Finger touch: (accel) keeping acceleration scheme 1
[    37.254] (**) Wacom ISDv4 E3 Finger touch: (accel) acceleration profile 0
[    37.255] (**) Wacom ISDv4 E3 Finger touch: (accel) acceleration factor: 2.000
[    37.255] (**) Wacom ISDv4 E3 Finger touch: (accel) acceleration threshold: 4
[    37.311] (II) config/udev: Adding input device Wacom ISDv4 E3 Finger (/dev/input/mouse1)
[    37.311] (**) Wacom ISDv4 E3 Finger: Applying InputClass "touchscreen-rightclick"
[    37.311] (II) Using input driver 'wacom' for 'Wacom ISDv4 E3 Finger'
[    37.311] (**) Wacom ISDv4 E3 Finger: always reports core events
[    37.311] (**) Option "Device" "/dev/input/mouse1"
[    37.311] (EE) Wacom ISDv4 E3 Finger: usbDetect: can not ioctl version
[    37.311] (EE) Wacom ISDv4 E3 Finger: cannot identify device class.
[    37.347] (EE) PreInit returned 8 for "Wacom ISDv4 E3 Finger"
[    37.347] (II) UnloadModule: "wacom"
[    37.347] (II) config/udev: Adding input device HDA Digital PCBeep (/dev/input/event6)
[    37.347] (II) No input driver specified, ignoring this device.
[    37.347] (II) This device may have been added with another device file.
[    37.348] (II) config/udev: Adding input device HDA Intel MID Mic (/dev/input/event7)
[    37.348] (II) No input driver specified, ignoring this device.
[    37.348] (II) This device may have been added with another device file.
[    37.349] (II) config/udev: Adding input device HDA Intel MID Headphone (/dev/input/event8)
[    37.349] (II) No input driver specified, ignoring this device.
[    37.349] (II) This device may have been added with another device file.
[    37.350] (II) config/udev: Adding input device USB 2.0 PC Cam (/dev/input/event10)
[    37.350] (**) USB 2.0 PC Cam: Applying InputClass "evdev keyboard catchall"
[    37.350] (**) USB 2.0 PC Cam: Applying InputClass "libinput keyboard catchall"
[    37.350] (**) USB 2.0 PC Cam: Applying InputClass "keyboard-all"
[    37.350] (II) Using input driver 'evdev' for 'USB 2.0 PC Cam'
[    37.350] (**) USB 2.0 PC Cam: always reports core events
[    37.350] (**) evdev: USB 2.0 PC Cam: Device: "/dev/input/event10"
[    37.350] (--) evdev: USB 2.0 PC Cam: Vendor 0x174f Product 0x1a02
[    37.350] (--) evdev: USB 2.0 PC Cam: Found keys
[    37.350] (II) evdev: USB 2.0 PC Cam: Configuring as keyboard
[    37.351] (**) Option "config_info" "udev:/sys/devices/pci0000:00/0000:00:1d.0/usb2/2-1/2-1.6/2-1.6:1.0/input/input21/event10"
[    37.351] (II) XINPUT: Adding extended input device "USB 2.0 PC Cam" (type: KEYBOARD, id 11)
[    37.351] (**) Option "xkb_rules" "evdev"
[    37.351] (**) Option "xkb_model" "pc104"
[    37.351] (**) Option "xkb_layout" "us"
[    37.351] (WW) Option "xkb_variant" requires a string value
[    37.351] (**) Option "xkb_options" "terminate:ctrl_alt_bksp"
[    37.352] (II) config/udev: Adding input device AT Translated Set 2 keyboard (/dev/input/event2)
[    37.352] (**) AT Translated Set 2 keyboard: Applying InputClass "evdev keyboard catchall"
[    37.352] (**) AT Translated Set 2 keyboard: Applying InputClass "libinput keyboard catchall"
[    37.352] (**) AT Translated Set 2 keyboard: Applying InputClass "keyboard-all"
[    37.352] (II) Using input driver 'evdev' for 'AT Translated Set 2 keyboard'
[    37.352] (**) AT Translated Set 2 keyboard: always reports core events
[    37.352] (**) evdev: AT Translated Set 2 keyboard: Device: "/dev/input/event2"
[    37.352] (--) evdev: AT Translated Set 2 keyboard: Vendor 0x1 Product 0x1
[    37.352] (--) evdev: AT Translated Set 2 keyboard: Found keys
[    37.352] (II) evdev: AT Translated Set 2 keyboard: Configuring as keyboard
[    37.353] (**) Option "config_info" "udev:/sys/devices/platform/i8042/serio0/input/input2/event2"
[    37.353] (II) XINPUT: Adding extended input device "AT Translated Set 2 keyboard" (type: KEYBOARD, id 12)
[    37.353] (**) Option "xkb_rules" "evdev"
[    37.353] (**) Option "xkb_model" "pc104"
[    37.353] (**) Option "xkb_layout" "us"
[    37.353] (WW) Option "xkb_variant" requires a string value
[    37.353] (**) Option "xkb_options" "terminate:ctrl_alt_bksp"
[    37.354] (II) config/udev: Adding input device PC Speaker (/dev/input/event9)
[    37.354] (II) No input driver specified, ignoring this device.
[    37.354] (II) This device may have been added with another device file.
[    37.391] (**) Wacom ISDv4 E3 Pen eraser: Applying InputClass "evdev tablet catchall"
[    37.391] (**) Wacom ISDv4 E3 Pen eraser: Applying InputClass "libinput tablet catchall"
[    37.391] (**) Wacom ISDv4 E3 Pen eraser: Applying InputClass "Wacom USB tablet class"
[    37.391] (**) Wacom ISDv4 E3 Pen eraser: Applying InputClass "Wacom tablet class"
[    37.391] (II) Using input driver 'wacom' for 'Wacom ISDv4 E3 Pen eraser'
[    37.391] (**) Wacom ISDv4 E3 Pen eraser: always reports core events
[    37.391] (**) Option "Device" "/dev/input/event3"
[    37.392] (**) Option "Type" "eraser"
[    37.392] (**) Wacom ISDv4 E3 Pen eraser: panscroll is 1313
[    37.392] (**) Wacom ISDv4 E3 Pen eraser: panscroll modified to 1313
[    37.392] (--) Wacom ISDv4 E3 Pen eraser: maxX=26312 maxY=16520 maxZ=255 resX=100000 resY=101000  tilt=disabled
[    37.423] (**) Option "config_info" "udev:/sys/devices/pci0000:00/0000:00:1a.0/usb1/1-1/1-1.6/1-1.6:1.0/0003:056A:00E3.0001/input/input9/event3"
[    37.424] (II) XINPUT: Adding extended input device "Wacom ISDv4 E3 Pen eraser" (type: ERASER, id 13)
[    37.424] (**) Wacom ISDv4 E3 Pen eraser: (accel) keeping acceleration scheme 1
[    37.424] (**) Wacom ISDv4 E3 Pen eraser: (accel) acceleration profile 0
[    37.424] (**) Wacom ISDv4 E3 Pen eraser: (accel) acceleration factor: 2.000
[    37.424] (**) Wacom ISDv4 E3 Pen eraser: (accel) acceleration threshold: 4
[   233.996] (II) modeset(0): EDID vendor "BOE", prod id 2205
[   233.996] (II) modeset(0): Printing DDC gathered Modelines:
[   233.996] (II) modeset(0): Modeline "1280x800"x0.0   71.11  1280 1328 1360 1440  800 803 809 823 -hsync -vsync (49.4 kHz eP)
