[ 34280.501] 
X.Org X Server 1.20.9
X Protocol Version 11, Revision 0
[ 34280.501] Build Operating System: Linux 4.15.0-130-generic x86_64 Ubuntu
[ 34280.501] Current Operating System: Linux HOSTNAME 5.4.0-66-generic #74-Ubuntu SMP Wed Jan 27 22:54:38 UTC 2021 x86_64
[ 34280.501] Kernel command line: BOOT_IMAGE=/boot/vmlinuz-5.4.0-66-generic USERNAME=UUID=65474de6-84a4-4a19-ad6c-bd86f757cc49 ro quiet splash vt.handoff=7
[ 34280.501] Build Date: 17 January 2021  09:13:31AM
[ 34280.501] xorg-server 2:1.20.9-2ubuntu1.2~20.04.1 (For technical support please see http://www.ubuntu.com/support) 
[ 34280.501] Current version of pixman: 0.38.4
[ 34280.501] 	Before reporting problems, check http://wiki.x.org
	to make sure that you have the latest version.
[ 34280.501] Markers: (--) probed, (**) from config file, (==) default setting,
	(++) from command line, (!!) notice, (II) informational,
	(WW) warning, (EE) error, (NI) not implemented, (??) unknown.
[ 34280.501] (==) Log file: "/var/log/Xorg.2.log", Time: Fri Mar 12 17:37:28 2021
[ 34280.502] (==) Using config file: "/etc/X11/xorg.conf"
[ 34280.502] (==) Using system config directory "/usr/share/X11/xorg.conf.d"
[ 34280.502] (==) ServerLayout "Layout0"
[ 34280.502] (**) |-->Screen "Screen0" (0)
[ 34280.502] (**) |   |-->Monitor "Monitor0"
[ 34280.502] (**) |   |-->Device "Device0"
[ 34280.502] (**) |-->Input Device "Keyboard0"
[ 34280.502] (**) |-->Input Device "Mouse0"
[ 34280.502] (==) Automatically adding devices
[ 34280.502] (==) Automatically enabling devices
[ 34280.502] (==) Automatically adding GPU devices
[ 34280.502] (==) Automatically binding GPU devices
[ 34280.502] (==) Max clients allowed: 256, resource mask: 0x1fffff
[ 34280.502] (WW) The directory "/usr/share/fonts/X11/cyrillic" does not exist.
[ 34280.502] 	Entry deleted from font path.
[ 34280.502] (WW) The directory "/usr/share/fonts/X11/100dpi/" does not exist.
[ 34280.502] 	Entry deleted from font path.
[ 34280.502] (WW) The directory "/usr/share/fonts/X11/75dpi/" does not exist.
[ 34280.502] 	Entry deleted from font path.
[ 34280.502] (WW) The directory "/usr/share/fonts/X11/100dpi" does not exist.
[ 34280.502] 	Entry deleted from font path.
[ 34280.502] (WW) The directory "/usr/share/fonts/X11/75dpi" does not exist.
[ 34280.502] 	Entry deleted from font path.
[ 34280.502] (==) FontPath set to:
	/usr/share/fonts/X11/misc,
	/usr/share/fonts/X11/Type1,
	built-ins
[ 34280.502] (==) ModulePath set to "/usr/lib/xorg/modules"
[ 34280.502] (WW) Hotplugging is on, devices using drivers 'kbd', 'mouse' or 'vmmouse' will be disabled.
[ 34280.502] (WW) Disabling Keyboard0
[ 34280.502] (WW) Disabling Mouse0
[ 34280.502] (II) Loader magic: 0x560d24d4f020
[ 34280.502] (II) Module ABI versions:
[ 34280.502] 	X.Org ANSI C Emulation: 0.4
[ 34280.502] 	X.Org Video Driver: 24.1
[ 34280.502] 	X.Org XInput driver : 24.1
[ 34280.502] 	X.Org Server Extension : 10.0
[ 34280.504] (++) using VT number 9

[ 34280.504] (II) systemd-logind: logind integration requires -keeptty and -keeptty was not provided, disabling logind integration
[ 34280.505] (II) xfree86: Adding drm device (/dev/dri/card0)
[ 34280.509] (**) OutputClass "nvidia" ModulePath extended to "/usr/lib/x86_64-linux-gnu/nvidia/xorg,/usr/lib/xorg/modules"
[ 34280.513] (--) PCI:*(1@0:0:0) 10de:1c82:1462:8c96 rev 161, Mem @ 0xfa000000/16777216, 0xd0000000/268435456, 0xce000000/33554432, I/O @ 0x0000cc00/128, BIOS @ 0x????????/131072
[ 34280.513] (II) LoadModule: "glx"
[ 34280.514] (II) Loading /usr/lib/xorg/modules/extensions/libglx.so
[ 34280.514] (II) Module glx: vendor="X.Org Foundation"
[ 34280.514] 	compiled for 1.20.9, module version = 1.0.0
[ 34280.514] 	ABI class: X.Org Server Extension, version 10.0
[ 34280.515] (II) LoadModule: "nvidia"
[ 34280.515] (II) Loading /usr/lib/x86_64-linux-gnu/nvidia/xorg/nvidia_drv.so
[ 34280.515] (II) Module nvidia: vendor="NVIDIA Corporation"
[ 34280.515] 	compiled for 1.6.99.901, module version = 1.0.0
[ 34280.515] 	Module class: X.Org Video Driver
[ 34280.515] (II) NVIDIA dlloader X Driver  460.39  Thu Jan 21 21:54:11 UTC 2021
[ 34280.515] (II) NVIDIA Unified Driver for all Supported NVIDIA GPUs
[ 34280.515] (II) Loading sub module "fb"
[ 34280.515] (II) LoadModule: "fb"
[ 34280.515] (II) Loading /usr/lib/xorg/modules/libfb.so
[ 34280.515] (II) Module fb: vendor="X.Org Foundation"
[ 34280.515] 	compiled for 1.20.9, module version = 1.0.0
[ 34280.515] 	ABI class: X.Org ANSI C Emulation, version 0.4
[ 34280.515] (II) Loading sub module "wfb"
[ 34280.515] (II) LoadModule: "wfb"
[ 34280.515] (II) Loading /usr/lib/xorg/modules/libwfb.so
[ 34280.516] (II) Module wfb: vendor="X.Org Foundation"
[ 34280.516] 	compiled for 1.20.9, module version = 1.0.0
[ 34280.516] 	ABI class: X.Org ANSI C Emulation, version 0.4
[ 34280.516] (II) Loading sub module "ramdac"
[ 34280.516] (II) LoadModule: "ramdac"
[ 34280.516] (II) Module "ramdac" already built-in
[ 34280.516] (**) NVIDIA(0): Depth 24, (--) framebuffer bpp 32
[ 34280.516] (==) NVIDIA(0): RGB weight 888
[ 34280.516] (==) NVIDIA(0): Default visual is TrueColor
[ 34280.516] (==) NVIDIA(0): Using gamma correction (1.0, 1.0, 1.0)
[ 34280.516] (II) Applying OutputClass "nvidia" options to /dev/dri/card0
[ 34280.516] (**) NVIDIA(0): Option "AllowEmptyInitialConfiguration"
[ 34280.516] (**) NVIDIA(0): Enabling 2D acceleration
[ 34280.516] (II) Loading sub module "glxserver_nvidia"
[ 34280.516] (II) LoadModule: "glxserver_nvidia"
[ 34280.516] (II) Loading /usr/lib/x86_64-linux-gnu/nvidia/xorg/libglxserver_nvidia.so
[ 34280.524] (II) Module glxserver_nvidia: vendor="NVIDIA Corporation"
[ 34280.524] 	compiled for 1.6.99.901, module version = 1.0.0
[ 34280.524] 	Module class: X.Org Server Extension
[ 34280.524] (II) NVIDIA GLX Module  460.39  Thu Jan 21 21:51:40 UTC 2021
[ 34280.524] (II) NVIDIA: The X server supports PRIME Render Offload.
[ 34280.526] (--) NVIDIA(0): Valid display device(s) on GPU-0 at PCI:1:0:0
[ 34280.526] (--) NVIDIA(0):     DFP-0 (boot)
[ 34280.526] (--) NVIDIA(0):     DFP-1
[ 34280.526] (--) NVIDIA(0):     DFP-2
[ 34280.526] (--) NVIDIA(0):     DFP-3
[ 34280.526] (II) NVIDIA(0): NVIDIA GPU GeForce GTX 1050 Ti (GP107-A) at PCI:1:0:0 (GPU-0)
[ 34280.526] (--) NVIDIA(0): Memory: 4194304 kBytes
[ 34280.526] (--) NVIDIA(0): VideoBIOS: 86.07.39.40.23
[ 34280.526] (II) NVIDIA(0): Detected PCI Express Link width: 16X
[ 34280.541] (--) NVIDIA(GPU-0): Eizo EV2316W (DFP-0): connected
[ 34280.541] (--) NVIDIA(GPU-0): Eizo EV2316W (DFP-0): Internal TMDS
[ 34280.541] (--) NVIDIA(GPU-0): Eizo EV2316W (DFP-0): 330.0 MHz maximum pixel clock
[ 34280.541] (--) NVIDIA(GPU-0): 
[ 34280.541] (--) NVIDIA(GPU-0): DFP-1: disconnected
[ 34280.541] (--) NVIDIA(GPU-0): DFP-1: Internal TMDS
[ 34280.541] (--) NVIDIA(GPU-0): DFP-1: 165.0 MHz maximum pixel clock
[ 34280.541] (--) NVIDIA(GPU-0): 
[ 34280.541] (--) NVIDIA(GPU-0): DFP-2: disconnected
[ 34280.541] (--) NVIDIA(GPU-0): DFP-2: Internal DisplayPort
[ 34280.541] (--) NVIDIA(GPU-0): DFP-2: 1440.0 MHz maximum pixel clock
[ 34280.541] (--) NVIDIA(GPU-0): 
[ 34280.542] (--) NVIDIA(GPU-0): DFP-3: disconnected
[ 34280.542] (--) NVIDIA(GPU-0): DFP-3: Internal TMDS
[ 34280.542] (--) NVIDIA(GPU-0): DFP-3: 165.0 MHz maximum pixel clock
[ 34280.542] (--) NVIDIA(GPU-0): 
[ 34280.545] (==) NVIDIA(0): 
[ 34280.545] (==) NVIDIA(0): No modes were requested; the default mode "nvidia-auto-select"
[ 34280.545] (==) NVIDIA(0):     will be used as the requested mode.
[ 34280.545] (==) NVIDIA(0): 
[ 34280.545] (II) NVIDIA(0): Validated MetaModes:
[ 34280.545] (II) NVIDIA(0):     "DFP-0:nvidia-auto-select"
[ 34280.545] (II) NVIDIA(0): Virtual screen size determined to be 1920 x 1080
[ 34280.549] (--) NVIDIA(0): DPI set to (95, 94); computed from "UseEdidDpi" X config
[ 34280.549] (--) NVIDIA(0):     option
[ 34280.549] (II) NVIDIA: Using 24576.00 MB of virtual memory for indirect memory
[ 34280.549] (II) NVIDIA:     access.
[ 34280.577] (II) NVIDIA(0): Setting mode "DFP-0:nvidia-auto-select"
[ 34280.629] (==) NVIDIA(0): Disabling shared memory pixmaps
[ 34280.629] (==) NVIDIA(0): Backing store enabled
[ 34280.629] (==) NVIDIA(0): Silken mouse enabled
[ 34280.629] (**) NVIDIA(0): DPMS enabled
[ 34280.629] (II) Loading sub module "dri2"
[ 34280.629] (II) LoadModule: "dri2"
[ 34280.629] (II) Module "dri2" already built-in
[ 34280.629] (II) NVIDIA(0): [DRI2] Setup complete
[ 34280.629] (II) NVIDIA(0): [DRI2]   VDPAU driver: nvidia
[ 34280.629] (II) Initializing extension Generic Event Extension
[ 34280.629] (II) Initializing extension SHAPE
[ 34280.629] (II) Initializing extension MIT-SHM
[ 34280.630] (II) Initializing extension XInputExtension
[ 34280.630] (II) Initializing extension XTEST
[ 34280.630] (II) Initializing extension BIG-REQUESTS
[ 34280.630] (II) Initializing extension SYNC
[ 34280.630] (II) Initializing extension XKEYBOARD
[ 34280.630] (II) Initializing extension XC-MISC
[ 34280.630] (II) Initializing extension SECURITY
[ 34280.630] (II) Initializing extension XFIXES
[ 34280.630] (II) Initializing extension RENDER
[ 34280.630] (II) Initializing extension RANDR
[ 34280.631] (II) Initializing extension COMPOSITE
[ 34280.631] (II) Initializing extension DAMAGE
[ 34280.631] (II) Initializing extension MIT-SCREEN-SAVER
[ 34280.631] (II) Initializing extension DOUBLE-BUFFER
[ 34280.631] (II) Initializing extension RECORD
[ 34280.631] (II) Initializing extension DPMS
[ 34280.631] (II) Initializing extension Present
[ 34280.631] (II) Initializing extension DRI3
[ 34280.631] (II) Initializing extension X-Resource
[ 34280.631] (II) Initializing extension XVideo
[ 34280.631] (II) Initializing extension XVideo-MotionCompensation
[ 34280.631] (II) Initializing extension SELinux
[ 34280.631] (II) SELinux: Disabled on system
[ 34280.631] (II) Initializing extension GLX
[ 34280.632] (II) Initializing extension GLX
[ 34280.632] (II) Indirect GLX disabled.
[ 34280.632] (II) GLX: Another vendor is already registered for screen 0
[ 34280.632] (II) Initializing extension XFree86-VidModeExtension
[ 34280.632] (II) Initializing extension XFree86-DGA
[ 34280.632] (II) Initializing extension XFree86-DRI
[ 34280.632] (II) Initializing extension DRI2
[ 34280.632] (II) Initializing extension NV-GLX
[ 34280.632] (II) Initializing extension NV-CONTROL
[ 34280.632] (II) Initializing extension XINERAMA
[ 34280.694] (II) config/udev: Adding input device Power Button (/dev/input/event1)
[ 34280.694] (**) Power Button: Applying InputClass "libinput keyboard catchall"
[ 34280.694] (II) LoadModule: "libinput"
[ 34280.694] (II) Loading /usr/lib/xorg/modules/input/libinput_drv.so
[ 34280.695] (II) Module libinput: vendor="X.Org Foundation"
[ 34280.695] 	compiled for 1.20.4, module version = 0.29.0
[ 34280.695] 	Module class: X.Org XInput Driver
[ 34280.695] 	ABI class: X.Org XInput driver, version 24.1
[ 34280.695] (II) Using input driver 'libinput' for 'Power Button'
[ 34280.695] (**) Power Button: always reports core events
[ 34280.695] (**) Option "Device" "/dev/input/event1"
[ 34280.695] (**) Option "_source" "server/udev"
[ 34280.697] (II) event1  - Power Button: is tagged by udev as: Keyboard
[ 34280.697] (II) event1  - Power Button: device is a keyboard
[ 34280.697] (II) event1  - Power Button: device removed
[ 34280.725] (**) Option "config_info" "udev:/sys/devices/LNXSYSTM:00/LNXPWRBN:00/input/input1/event1"
[ 34280.725] (II) XINPUT: Adding extended input device "Power Button" (type: KEYBOARD, id 6)
[ 34280.725] (**) Option "xkb_model" "pc105"
[ 34280.725] (**) Option "xkb_layout" "pl"
[ 34280.725] (**) Option "xkb_variant" "qwertz"
[ 34280.754] (II) event1  - Power Button: is tagged by udev as: Keyboard
[ 34280.754] (II) event1  - Power Button: device is a keyboard
[ 34280.755] (II) config/udev: Adding input device Power Button (/dev/input/event0)
[ 34280.755] (**) Power Button: Applying InputClass "libinput keyboard catchall"
[ 34280.755] (II) Using input driver 'libinput' for 'Power Button'
[ 34280.755] (**) Power Button: always reports core events
[ 34280.755] (**) Option "Device" "/dev/input/event0"
[ 34280.756] (**) Option "_source" "server/udev"
[ 34280.757] (II) event0  - Power Button: is tagged by udev as: Keyboard
[ 34280.758] (II) event0  - Power Button: device is a keyboard
[ 34280.758] (II) event0  - Power Button: device removed
[ 34280.785] (**) Option "config_info" "udev:/sys/devices/LNXSYSTM:00/LNXSYBUS:00/PNP0C0C:00/input/input0/event0"
[ 34280.785] (II) XINPUT: Adding extended input device "Power Button" (type: KEYBOARD, id 7)
[ 34280.785] (**) Option "xkb_model" "pc105"
[ 34280.785] (**) Option "xkb_layout" "pl"
[ 34280.785] (**) Option "xkb_variant" "qwertz"
[ 34280.787] (II) event0  - Power Button: is tagged by udev as: Keyboard
[ 34280.787] (II) event0  - Power Button: device is a keyboard
[ 34280.789] (II) config/udev: Adding input device HDA NVidia HDMI/DP,pcm=3 (/dev/input/event16)
[ 34280.789] (II) No input driver specified, ignoring this device.
[ 34280.789] (II) This device may have been added with another device file.
[ 34280.790] (II) config/udev: Adding input device HDA NVidia HDMI/DP,pcm=7 (/dev/input/event17)
[ 34280.790] (II) No input driver specified, ignoring this device.
[ 34280.790] (II) This device may have been added with another device file.
[ 34280.790] (II) config/udev: Adding input device HDA NVidia HDMI/DP,pcm=8 (/dev/input/event18)
[ 34280.790] (II) No input driver specified, ignoring this device.
[ 34280.790] (II) This device may have been added with another device file.
[ 34280.791] (II) config/udev: Adding input device HDA NVidia HDMI/DP,pcm=9 (/dev/input/event19)
[ 34280.791] (II) No input driver specified, ignoring this device.
[ 34280.791] (II) This device may have been added with another device file.
[ 34280.792] (II) config/udev: Adding input device HDA NVidia HDMI/DP,pcm=10 (/dev/input/event20)
[ 34280.792] (II) No input driver specified, ignoring this device.
[ 34280.792] (II) This device may have been added with another device file.
[ 34280.792] (II) config/udev: Adding input device HDA NVidia HDMI/DP,pcm=11 (/dev/input/event21)
[ 34280.793] (II) No input driver specified, ignoring this device.
[ 34280.793] (II) This device may have been added with another device file.
[ 34280.794] (II) config/udev: Adding input device GAOMON Gaomon Tablet Pen (/dev/input/event4)
[ 34280.794] (**) GAOMON Gaomon Tablet Pen: Applying InputClass "libinput tablet catchall"
[ 34280.794] (II) Using input driver 'libinput' for 'GAOMON Gaomon Tablet Pen'
[ 34280.794] (**) GAOMON Gaomon Tablet Pen: always reports core events
[ 34280.794] (**) Option "Device" "/dev/input/event4"
[ 34280.794] (**) Option "_source" "server/udev"
[ 34280.857] (II) event4  - GAOMON Gaomon Tablet Pen: is tagged by udev as: Tablet
[ 34280.872] (II) event4  - GAOMON Gaomon Tablet Pen: tablet 'GAOMON Gaomon Tablet Pen' unknown to libwacom
[ 34280.872] (II) event4  - GAOMON Gaomon Tablet Pen: device is a tablet
[ 34280.872] (II) event4  - GAOMON Gaomon Tablet Pen: device removed
[ 34280.925] (**) Option "config_info" "udev:/sys/devices/pci0000:00/0000:00:1a.0/usb1/1-1/1-1.4/1-1.4.1/1-1.4.1:1.0/0003:256C:006D.0007/input/input29/event4"
[ 34280.925] (II) XINPUT: Adding extended input device "GAOMON Gaomon Tablet Pen" (type: TABLET, id 8)
[ 34280.989] (II) event4  - GAOMON Gaomon Tablet Pen: is tagged by udev as: Tablet
[ 34280.990] (II) event4  - GAOMON Gaomon Tablet Pen: tablet 'GAOMON Gaomon Tablet Pen' unknown to libwacom
[ 34280.990] (II) event4  - GAOMON Gaomon Tablet Pen: device is a tablet
[ 34280.992] (II) config/udev: Adding input device GAOMON Gaomon Tablet Pen (/dev/input/mouse1)
[ 34280.992] (II) No input driver specified, ignoring this device.
[ 34280.992] (II) This device may have been added with another device file.
[ 34280.994] (II) config/udev: Adding input device GAOMON Gaomon Tablet Pad (/dev/input/event6)
[ 34280.994] (**) GAOMON Gaomon Tablet Pad: Applying InputClass "libinput tablet catchall"
[ 34280.994] (II) Using input driver 'libinput' for 'GAOMON Gaomon Tablet Pad'
[ 34280.994] (**) GAOMON Gaomon Tablet Pad: always reports core events
[ 34280.994] (**) Option "Device" "/dev/input/event6"
[ 34280.994] (**) Option "_source" "server/udev"
[ 34280.997] (II) event6  - GAOMON Gaomon Tablet Pad: is tagged by udev as: Tablet
[ 34280.998] (EE) event6  - GAOMON Gaomon Tablet Pad: libinput bug: missing tablet capabilities: pen resolution. Ignoring this device.
[ 34280.998] (II) event6  - GAOMON Gaomon Tablet Pad: device is a tablet
[ 34281.041] (II) event6  - failed to create input device '/dev/input/event6'.
[ 34281.041] (EE) libinput: GAOMON Gaomon Tablet Pad: Failed to create a device for /dev/input/event6
[ 34281.041] (EE) PreInit returned 2 for "GAOMON Gaomon Tablet Pad"
[ 34281.041] (II) UnloadModule: "libinput"
[ 34281.043] (II) config/udev: Adding input device GAOMON Gaomon Tablet Pad (/dev/input/js0)
[ 34281.043] (II) No input driver specified, ignoring this device.
[ 34281.043] (II) This device may have been added with another device file.
[ 34281.045] (II) config/udev: Adding input device GAOMON Gaomon Tablet Keyboard (/dev/input/event7)
[ 34281.045] (**) GAOMON Gaomon Tablet Keyboard: Applying InputClass "libinput keyboard catchall"
[ 34281.045] (II) Using input driver 'libinput' for 'GAOMON Gaomon Tablet Keyboard'
[ 34281.045] (**) GAOMON Gaomon Tablet Keyboard: always reports core events
[ 34281.045] (**) Option "Device" "/dev/input/event7"
[ 34281.045] (**) Option "_source" "server/udev"
[ 34281.048] (II) event7  - GAOMON Gaomon Tablet Keyboard: is tagged by udev as: Keyboard
[ 34281.048] (II) event7  - GAOMON Gaomon Tablet Keyboard: device is a keyboard
[ 34281.048] (II) event7  - GAOMON Gaomon Tablet Keyboard: device removed
[ 34281.073] (**) Option "config_info" "udev:/sys/devices/pci0000:00/0000:00:1a.0/usb1/1-1/1-1.4/1-1.4.1/1-1.4.1:1.1/0003:256C:006D.0008/input/input32/event7"
[ 34281.073] (II) XINPUT: Adding extended input device "GAOMON Gaomon Tablet Keyboard" (type: KEYBOARD, id 9)
[ 34281.073] (**) Option "xkb_model" "pc105"
[ 34281.073] (**) Option "xkb_layout" "pl"
[ 34281.073] (**) Option "xkb_variant" "qwertz"
[ 34281.078] (II) event7  - GAOMON Gaomon Tablet Keyboard: is tagged by udev as: Keyboard
[ 34281.078] (II) event7  - GAOMON Gaomon Tablet Keyboard: device is a keyboard
[ 34281.080] (II) config/udev: Adding input device Adomax USB/PS2 Scroll Mouse (/dev/input/event2)
[ 34281.080] (**) Adomax USB/PS2 Scroll Mouse: Applying InputClass "libinput pointer catchall"
[ 34281.080] (II) Using input driver 'libinput' for 'Adomax USB/PS2 Scroll Mouse'
[ 34281.080] (**) Adomax USB/PS2 Scroll Mouse: always reports core events
[ 34281.080] (**) Option "Device" "/dev/input/event2"
[ 34281.080] (**) Option "_source" "server/udev"
[ 34281.144] (II) event2  - Adomax USB/PS2 Scroll Mouse: is tagged by udev as: Mouse
[ 34281.145] (II) event2  - Adomax USB/PS2 Scroll Mouse: device is a pointer
[ 34281.145] (II) event2  - Adomax USB/PS2 Scroll Mouse: device removed
[ 34281.193] (**) Option "config_info" "udev:/sys/devices/pci0000:00/0000:00:1a.0/usb1/1-1/1-1.5/1-1.5:1.0/0003:04B4:0202.0001/input/input2/event2"
[ 34281.193] (II) XINPUT: Adding extended input device "Adomax USB/PS2 Scroll Mouse" (type: MOUSE, id 10)
[ 34281.193] (**) Option "AccelerationScheme" "none"
[ 34281.193] (**) Adomax USB/PS2 Scroll Mouse: (accel) selected scheme none/0
[ 34281.193] (**) Adomax USB/PS2 Scroll Mouse: (accel) acceleration factor: 2.000
[ 34281.193] (**) Adomax USB/PS2 Scroll Mouse: (accel) acceleration threshold: 4
[ 34281.256] (II) event2  - Adomax USB/PS2 Scroll Mouse: is tagged by udev as: Mouse
[ 34281.256] (II) event2  - Adomax USB/PS2 Scroll Mouse: device is a pointer
[ 34281.258] (II) config/udev: Adding input device Adomax USB/PS2 Scroll Mouse (/dev/input/mouse0)
[ 34281.258] (II) No input driver specified, ignoring this device.
[ 34281.258] (II) This device may have been added with another device file.
[ 34281.260] (II) config/udev: Adding input device Integrated Camera: Integrated C (/dev/input/event5)
[ 34281.260] (**) Integrated Camera: Integrated C: Applying InputClass "libinput keyboard catchall"
[ 34281.260] (II) Using input driver 'libinput' for 'Integrated Camera: Integrated C'
[ 34281.260] (**) Integrated Camera: Integrated C: always reports core events
[ 34281.260] (**) Option "Device" "/dev/input/event5"
[ 34281.260] (**) Option "_source" "server/udev"
[ 34281.263] (II) event5  - Integrated Camera: Integrated C: is tagged by udev as: Keyboard
[ 34281.263] (II) event5  - Integrated Camera: Integrated C: device is a keyboard
[ 34281.263] (II) event5  - Integrated Camera: Integrated C: device removed
[ 34281.309] (**) Option "config_info" "udev:/sys/devices/pci0000:00/0000:00:1a.0/usb1/1-1/1-1.6/1-1.6:1.0/input/input8/event5"
[ 34281.309] (II) XINPUT: Adding extended input device "Integrated Camera: Integrated C" (type: KEYBOARD, id 11)
[ 34281.309] (**) Option "xkb_model" "pc105"
[ 34281.309] (**) Option "xkb_layout" "pl"
[ 34281.309] (**) Option "xkb_variant" "qwertz"
[ 34281.313] (II) event5  - Integrated Camera: Integrated C: is tagged by udev as: Keyboard
[ 34281.313] (II) event5  - Integrated Camera: Integrated C: device is a keyboard
[ 34281.313] (II) config/udev: Adding input device HDA Intel MID Rear Mic (/dev/input/event9)
[ 34281.314] (II) No input driver specified, ignoring this device.
[ 34281.314] (II) This device may have been added with another device file.
[ 34281.314] (II) config/udev: Adding input device HDA Intel MID Line (/dev/input/event10)
[ 34281.314] (II) No input driver specified, ignoring this device.
[ 34281.314] (II) This device may have been added with another device file.
[ 34281.315] (II) config/udev: Adding input device HDA Intel MID Line Out Front (/dev/input/event11)
[ 34281.315] (II) No input driver specified, ignoring this device.
[ 34281.315] (II) This device may have been added with another device file.
[ 34281.315] (II) config/udev: Adding input device HDA Intel MID Line Out Surround (/dev/input/event12)
[ 34281.316] (II) No input driver specified, ignoring this device.
[ 34281.316] (II) This device may have been added with another device file.
[ 34281.316] (II) config/udev: Adding input device HDA Intel MID Line Out CLFE (/dev/input/event13)
[ 34281.316] (II) No input driver specified, ignoring this device.
[ 34281.316] (II) This device may have been added with another device file.
[ 34281.317] (II) config/udev: Adding input device HDA Intel MID Line Out Side (/dev/input/event14)
[ 34281.317] (II) No input driver specified, ignoring this device.
[ 34281.317] (II) This device may have been added with another device file.
[ 34281.318] (II) config/udev: Adding input device HDA Intel MID Front Headphone (/dev/input/event15)
[ 34281.318] (II) No input driver specified, ignoring this device.
[ 34281.318] (II) This device may have been added with another device file.
[ 34281.318] (II) config/udev: Adding input device HDA Intel MID Front Mic (/dev/input/event8)
[ 34281.318] (II) No input driver specified, ignoring this device.
[ 34281.318] (II) This device may have been added with another device file.
[ 34281.320] (II) config/udev: Adding input device CHICONY HP Basic USB Keyboard (/dev/input/event3)
[ 34281.320] (**) CHICONY HP Basic USB Keyboard: Applying InputClass "libinput keyboard catchall"
[ 34281.320] (II) Using input driver 'libinput' for 'CHICONY HP Basic USB Keyboard'
[ 34281.320] (**) CHICONY HP Basic USB Keyboard: always reports core events
[ 34281.320] (**) Option "Device" "/dev/input/event3"
[ 34281.320] (**) Option "_source" "server/udev"
[ 34281.322] (II) event3  - CHICONY HP Basic USB Keyboard: is tagged by udev as: Keyboard
[ 34281.323] (II) event3  - CHICONY HP Basic USB Keyboard: device is a keyboard
[ 34281.323] (II) event3  - CHICONY HP Basic USB Keyboard: device removed
[ 34281.341] (**) Option "config_info" "udev:/sys/devices/pci0000:00/0000:00:1d.0/usb2/2-1/2-1.5/2-1.5:1.0/0003:03F0:0024.0002/input/input3/event3"
[ 34281.341] (II) XINPUT: Adding extended input device "CHICONY HP Basic USB Keyboard" (type: KEYBOARD, id 12)
[ 34281.341] (**) Option "xkb_model" "pc105"
[ 34281.341] (**) Option "xkb_layout" "pl"
[ 34281.341] (**) Option "xkb_variant" "qwertz"
[ 34281.345] (II) event3  - CHICONY HP Basic USB Keyboard: is tagged by udev as: Keyboard
[ 34281.345] (II) event3  - CHICONY HP Basic USB Keyboard: device is a keyboard
[ 34294.058] (II) event1  - Power Button: device removed
[ 34294.089] (II) event0  - Power Button: device removed
[ 34294.105] (II) event4  - GAOMON Gaomon Tablet Pen: device removed
[ 34294.141] (II) event7  - GAOMON Gaomon Tablet Keyboard: device removed
[ 34294.157] (II) event2  - Adomax USB/PS2 Scroll Mouse: device removed
[ 34294.197] (II) event5  - Integrated Camera: Integrated C: device removed
[ 34294.237] (II) event3  - CHICONY HP Basic USB Keyboard: device removed
[ 34295.265] (II) UnloadModule: "libinput"
[ 34295.266] (II) UnloadModule: "libinput"
[ 34295.266] (II) UnloadModule: "libinput"
[ 34295.266] (II) UnloadModule: "libinput"
[ 34295.266] (II) UnloadModule: "libinput"
[ 34295.266] (II) UnloadModule: "libinput"
[ 34295.266] (II) UnloadModule: "libinput"
[ 34295.290] (II) NVIDIA(GPU-0): Deleting GPU-0
[ 34295.290] (II) Server terminated successfully (0). Closing log file.
