[    1.518711] ACPI: thermal: Thermal Zone [THM0] (37 C)
[    1.519207] Serial: 8250/16550 driver, 32 ports, IRQ sharing enabled
[    1.522977] hpet_acpi_add: no address or irqs in _CRS
[    1.523087] Non-volatile memory driver v1.3
[    1.523099] Linux agpgart interface v0.103
[    1.524741] tpm_tis MSFT0101:00: 2.0 TPM (device-id 0x0, rev-id 78)
[    1.540150] ACPI: battery: Slot [BAT0] (battery present)
[    1.552218] ACPI: bus type drm_connector registered
[    1.554222] xhci_hcd 0000:00:14.0: xHCI Host Controller
[    1.554312] xhci_hcd 0000:00:14.0: new USB bus registered, assigned bus number 1
[    1.555415] xhci_hcd 0000:00:14.0: hcc params 0x200077c1 hci version 0x100 quirks 0x0000000081109810
[    1.556094] xhci_hcd 0000:00:14.0: xHCI Host Controller
[    1.556167] xhci_hcd 0000:00:14.0: new USB bus registered, assigned bus number 2
[    1.556173] xhci_hcd 0000:00:14.0: Host supports USB 3.0 SuperSpeed
[    1.556244] usb usb1: New USB device found, idVendor=1d6b, idProduct=0002, bcdDevice= 6.01
--
[    2.024233] systemd[1]: Running in initial RAM disk.
[    2.024285] systemd[1]: No hostname configured, using default hostname.
[    2.024377] systemd[1]: Hostname set to <HOSTNAME>.
[    2.024860] Lockdown: systemd: /dev/mem,kmem,port is restricted; see man kernel_lockdown.7
[    2.049568] usb 1-8: new high-speed USB device number 3 using xhci_hcd
[    2.117114] psmouse serio1: elantech: assuming hardware version 4 (with firmware version 0x4d1f00)
[    2.129886] psmouse serio1: elantech: Synaptics capabilities query result 0x80, 0x14, 0x0c.
[    2.142413] psmouse serio1: elantech: Elan sample query result 00, 41, 85
[    2.185669] usb 1-8: New USB device found, idVendor=13d3, idProduct=5682, bcdDevice=16.07
[    2.185680] usb 1-8: New USB device strings: Mfr=1, Product=2, SerialNumber=0
[    2.185685] usb 1-8: Product: Integrated Camera
[    2.185689] usb 1-8: Manufacturer: SunplusIT Inc
[    2.193355] input: ETPS/2 Elantech TrackPoint as /devices/platform/i8042/serio1/input/input6
[    2.208029] input: ETPS/2 Elantech Touchpad as /devices/platform/i8042/serio1/input/input5
[    2.302670] usb 1-9: new full-speed USB device number 4 using xhci_hcd
[    2.340773] systemd[1]: bpf-lsm: LSM BPF program attached
[    2.432216] usb 1-9: New USB device found, idVendor=138a, idProduct=0097, bcdDevice= 1.64
[    2.432222] usb 1-9: New USB device strings: Mfr=0, Product=0, SerialNumber=1
[    2.432225] usb 1-9: SerialNumber: f6878853546a
--
[    2.548805] audit: type=1130 audit(1679009041.482:7): pid=1 uid=0 auid=4294967295 ses=4294967295 subj=kernel msg='unit=systemd-sysctl comm="systemd" exe="/usr/lib/systemd/systemd" hostname=? addr=? terminal=? res=success'
[    2.548945] systemd[1]: Started systemd-journald.service - Journal Service.
[    2.549014] audit: type=1130 audit(1679009041.482:8): pid=1 uid=0 auid=4294967295 ses=4294967295 subj=kernel msg='unit=systemd-journald comm="systemd" exe="/usr/lib/systemd/systemd" hostname=? addr=? terminal=? res=success'
[    2.574797] audit: type=1130 audit(1679009041.508:9): pid=1 uid=0 auid=4294967295 ses=4294967295 subj=kernel msg='unit=systemd-vconsole-setup comm="systemd" exe="/usr/lib/systemd/systemd" hostname=? addr=? terminal=? res=success'
[    2.581763] audit: type=1130 audit(1679009041.515:10): pid=1 uid=0 auid=4294967295 ses=4294967295 subj=kernel msg='unit=systemd-tmpfiles-setup comm="systemd" exe="/usr/lib/systemd/systemd" hostname=? addr=? terminal=? res=success'
[    2.675143] usb 1-10: New USB device found, idVendor=056a, idProduct=509c, bcdDevice= 0.02
[    2.675148] usb 1-10: New USB device strings: Mfr=1, Product=2, SerialNumber=0
[    2.675150] usb 1-10: Product: Pen and multitouch sensor
[    2.675152] usb 1-10: Manufacturer: Wacom Co.,Ltd.
[    2.679136] input: Wacom Co.,Ltd. Pen and multitouch sensor Touchscreen as /devices/pci0000:00/0000:00:14.0/usb1/1-10/1-10:1.0/0003:056A:509C.0001/input/input7
[    2.679236] input: Wacom Co.,Ltd. Pen and multitouch sensor as /devices/pci0000:00/0000:00:14.0/usb1/1-10/1-10:1.0/0003:056A:509C.0001/input/input8
[    2.679334] hid-generic 0003:056A:509C.0001: input,hiddev96,hidraw0: USB HID v1.11 Device [Wacom Co.,Ltd. Pen and multitouch sensor] on usb-0000:00:14.0-10/input0
[    2.681409] input: Wacom Co.,Ltd. Pen and multitouch sensor Stylus as /devices/pci0000:00/0000:00:14.0/usb1/1-10/1-10:1.1/0003:056A:509C.0002/input/input9
[    2.681501] input: Wacom Co.,Ltd. Pen and multitouch sensor as /devices/pci0000:00/0000:00:14.0/usb1/1-10/1-10:1.1/0003:056A:509C.0002/input/input10
[    2.681627] input: Wacom Co.,Ltd. Pen and multitouch sensor Mouse as /devices/pci0000:00/0000:00:14.0/usb1/1-10/1-10:1.1/0003:056A:509C.0002/input/input11
[    2.681868] hid-generic 0003:056A:509C.0002: input,hiddev97,hidraw1: USB HID v1.11 Mouse [Wacom Co.,Ltd. Pen and multitouch sensor] on usb-0000:00:14.0-10/input1
[    2.812268] input: Wacom Pen and multitouch sensor Finger as /devices/pci0000:00/0000:00:14.0/usb1/1-10/1-10:1.0/0003:056A:509C.0001/input/input13
[    2.812376] wacom 0003:056A:509C.0001: hidraw0: USB HID v1.11 Device [Wacom Co.,Ltd. Pen and multitouch sensor] on usb-0000:00:14.0-10/input0
[    2.865105] input: Wacom Pen and multitouch sensor Pen as /devices/pci0000:00/0000:00:14.0/usb1/1-10/1-10:1.1/0003:056A:509C.0002/input/input15
[    2.865254] wacom 0003:056A:509C.0002: hidraw1: USB HID v1.11 Mouse [Wacom Co.,Ltd. Pen and multitouch sensor] on usb-0000:00:14.0-10/input1
[    3.114163] intel_ish_ipc 0000:00:13.0: enabling device (0000 -> 0002)
[    3.131858] rtsx_pci 0000:02:00.0: enabling device (0000 -> 0002)
[    3.232161] e1000e: Intel(R) PRO/1000 Network Driver
[    3.232166] e1000e: Copyright(c) 1999 - 2015 Intel Corporation.
[    3.235592] e1000e 0000:00:1f.6: Interrupt Throttling Rate (ints/sec) set to dynamic conservative mode
--
[    3.564268] e1000e 0000:00:1f.6 eth0: Intel(R) PRO/1000 Network Connection
[    3.564330] e1000e 0000:00:1f.6 eth0: MAC: 12, PHY: 12, PBA No: 1000FF-0FF
[    3.568788] e1000e 0000:00:1f.6 enp0s31f6: renamed from eth0
[    4.025919] ish-hid {33AECD58-B679-4E54-9BD9-A04D34F0C226}: [hid-ish]: enum_devices_done OK, num_hid_devices=3
[    4.027412] i915 0000:00:02.0: enabling device (0006 -> 0007)
[    4.031040] hid-generic 001F:8086:0001.0003: hidraw2: SENSOR HUB HID v2.00 Device [hid-ishtp 8086:0001] on 
[    4.035549] hid-generic 001F:8086:0001.0004: hidraw3: SENSOR HUB HID v2.00 Device [hid-ishtp 8086:0001] on 
[    4.036788] hid-generic 001F:0000:0000.0005: hidraw4: SENSOR HUB HID v2.00 Device [hid-ishtp 0000:0000] on 
[    4.040528] i915 0000:00:02.0: vgaarb: deactivate vga console
[    4.041992] i915 0000:00:02.0: vgaarb: changed VGA decodes: olddecodes=io+mem,decodes=io+mem:owns=mem
[    4.044325] i915 0000:00:02.0: [drm] Finished loading DMC firmware i915/kbl_dmc_ver1_04.bin (v1.4)
[    4.077147] i915 0000:00:02.0: [drm] [ENCODER:102:DDI B/PHY B] is disabled/in DSI mode with an ungated DDI clock, gate it
[    4.077153] i915 0000:00:02.0: [drm] [ENCODER:118:DDI C/PHY C] is disabled/in DSI mode with an ungated DDI clock, gate it
--
[    9.727016] mei_hdcp 0000:00:16.0-b638ab7e-94e2-4ea2-a552-d1c54b627f04: bound 0000:00:02.0 (ops i915_hdcp_component_ops [i915])
[    9.769743] ieee80211 phy0: Selected rate control algorithm 'iwl-mvm-rs'
[    9.853221] iTCO_vendor_support: vendor-support=0
[    9.913682] ee1004 6-0050: 512 byte EE1004-compliant SPD EEPROM, read-only
[   10.038759] iTCO_wdt iTCO_wdt: Found a Intel PCH TCO device (Version=4, TCOBASE=0x0400)
[   10.045840] iTCO_wdt iTCO_wdt: initialized. heartbeat=30 sec (nowayout=0)
[   10.197761] snd_hda_intel 0000:00:1f.3: bound 0000:00:02.0 (ops i915_audio_component_bind_ops [i915])
[   10.234458] intel_tcc_cooling: Programmable TCC Offset detected
[   10.333447] intel_rapl_common: Found RAPL domain package
[   10.333453] intel_rapl_common: Found RAPL domain core
[   10.333456] intel_rapl_common: Found RAPL domain uncore
--
[   10.731943] Bluetooth: hci0: Waiting for firmware download to complete
[   10.732049] Bluetooth: hci0: Firmware loaded in 1777694 usecs
[   10.732118] Bluetooth: hci0: Waiting for device to boot
[   10.745057] Bluetooth: hci0: Device booted in 12662 usecs
[   10.746140] Bluetooth: hci0: Found Intel DDC parameters: intel/ibt-12-16.ddc
[   10.746158] Bluetooth: hci0: Malformed MSFT vendor event: 0x02
[   10.749070] Bluetooth: hci0: Applying Intel DDC parameters completed
[   10.750066] Bluetooth: hci0: Firmware revision 0.1 build 19 week 44 2021
[   10.764152] Bluetooth: BNEP (Ethernet Emulation) ver 1.3
[   10.764158] Bluetooth: BNEP filters: protocol multicast
[   10.764165] Bluetooth: BNEP socket layer initialized
