[  3285.247] (--) Log file renamed from "/var/log/Xorg.pid-18693.log" to "/var/log/Xorg.0.log"
[  3285.248] 
X.Org X Server 1.20.3
X Protocol Version 11, Revision 0
[  3285.248] Build Operating System: Linux Arch Linux
[  3285.248] Current Operating System: Linux HOSTNAME 4.19.4-arch1-1-ARCH #1 SMP PREEMPT Fri Nov 23 09:06:58 UTC 2018 x86_64
[  3285.248] Kernel command line: BOOT_IMAGE=/boot/vmlinuz-linux root=UUID=e8cf71f4-2659-4af6-a94f-43a96a9529b5 rw quiet
[  3285.248] Build Date: 25 October 2018  04:42:32PM
[  3285.248]  
[  3285.248] Current version of pixman: 0.36.0
[  3285.248] 	Before reporting problems, check http://wiki.x.org
	to make sure that you have the latest version.
[  3285.248] Markers: (--) probed, (**) from config file, (==) default setting,
	(++) from command line, (!!) notice, (II) informational,
	(WW) warning, (EE) error, (NI) not implemented, (??) unknown.
[  3285.248] (==) Log file: "/var/log/Xorg.0.log", Time: Sun Dec  2 00:07:01 2018
[  3285.248] (==) Using config directory: "/etc/X11/xorg.conf.d"
[  3285.248] (==) Using system config directory "/usr/share/X11/xorg.conf.d"
[  3285.249] (==) No Layout section.  Using the first Screen section.
[  3285.249] (==) No screen section available. Using defaults.
[  3285.249] (**) |-->Screen "Default Screen Section" (0)
[  3285.249] (**) |   |-->Monitor "<default monitor>"
[  3285.249] (==) No monitor specified for screen "Default Screen Section".
	Using a default monitor configuration.
[  3285.249] (==) Automatically adding devices
[  3285.249] (==) Automatically enabling devices
[  3285.249] (==) Automatically adding GPU devices
[  3285.249] (==) Automatically binding GPU devices
[  3285.249] (==) Max clients allowed: 256, resource mask: 0x1fffff
[  3285.249] (WW) The directory "/usr/share/fonts/misc" does not exist.
[  3285.249] 	Entry deleted from font path.
[  3285.249] (WW) The directory "/usr/share/fonts/OTF" does not exist.
[  3285.249] 	Entry deleted from font path.
[  3285.249] (WW) The directory "/usr/share/fonts/Type1" does not exist.
[  3285.249] 	Entry deleted from font path.
[  3285.249] (WW) The directory "/usr/share/fonts/100dpi" does not exist.
[  3285.249] 	Entry deleted from font path.
[  3285.249] (WW) The directory "/usr/share/fonts/75dpi" does not exist.
[  3285.249] 	Entry deleted from font path.
[  3285.249] (==) FontPath set to:
	/usr/share/fonts/TTF
[  3285.249] (==) ModulePath set to "/usr/lib/xorg/modules"
[  3285.249] (II) The server relies on udev to provide the list of input devices.
	If no devices become available, reconfigure udev or disable AutoAddDevices.
[  3285.249] (II) Module ABI versions:
[  3285.249] 	X.Org ANSI C Emulation: 0.4
[  3285.249] 	X.Org Video Driver: 24.0
[  3285.249] 	X.Org XInput driver : 24.1
[  3285.249] 	X.Org Server Extension : 10.0
[  3285.250] (++) using VT number 1

[  3285.250] (II) systemd-logind: logind integration requires -keeptty and -keeptty was not provided, disabling logind integration
[  3285.251] (II) xfree86: Adding drm device (/dev/dri/card0)
[  3285.254] (--) PCI:*(0@0:2:0) 8086:5917:17aa:506c rev 7, Mem @ 0xf0000000/16777216, 0xe0000000/268435456, I/O @ 0x0000e000/64, BIOS @ 0x????????/131072
[  3285.254] (WW) Open ACPI failed (/var/run/acpid.socket) (No such file or directory)
[  3285.254] (II) LoadModule: "glx"
[  3285.254] (II) Loading /usr/lib/xorg/modules/extensions/libglx.so
[  3285.256] (II) Module glx: vendor="X.Org Foundation"
[  3285.256] 	compiled for 1.20.3, module version = 1.0.0
[  3285.256] 	ABI class: X.Org Server Extension, version 10.0
[  3285.256] (==) Matched intel as autoconfigured driver 0
[  3285.256] (==) Matched modesetting as autoconfigured driver 1
[  3285.256] (==) Matched fbdev as autoconfigured driver 2
[  3285.256] (==) Matched vesa as autoconfigured driver 3
[  3285.256] (==) Assigned the driver to the xf86ConfigLayout
[  3285.256] (II) LoadModule: "intel"
[  3285.256] (WW) Warning, couldn't open module intel
[  3285.256] (EE) Failed to load module "intel" (module does not exist, 0)
[  3285.256] (II) LoadModule: "modesetting"
[  3285.256] (II) Loading /usr/lib/xorg/modules/drivers/modesetting_drv.so
[  3285.257] (II) Module modesetting: vendor="X.Org Foundation"
[  3285.257] 	compiled for 1.20.3, module version = 1.20.3
[  3285.257] 	Module class: X.Org Video Driver
[  3285.257] 	ABI class: X.Org Video Driver, version 24.0
[  3285.257] (II) LoadModule: "fbdev"
[  3285.257] (WW) Warning, couldn't open module fbdev
[  3285.257] (EE) Failed to load module "fbdev" (module does not exist, 0)
[  3285.257] (II) LoadModule: "vesa"
[  3285.257] (WW) Warning, couldn't open module vesa
[  3285.257] (EE) Failed to load module "vesa" (module does not exist, 0)
[  3285.257] (II) modesetting: Driver for Modesetting Kernel Drivers: kms
[  3285.279] (II) modeset(0): using drv /dev/dri/card0
[  3285.279] (II) modeset(0): Creating default Display subsection in Screen section
	"Default Screen Section" for depth/fbbpp 24/32
[  3285.279] (==) modeset(0): Depth 24, (==) framebuffer bpp 32
[  3285.279] (==) modeset(0): RGB weight 888
[  3285.279] (==) modeset(0): Default visual is TrueColor
[  3285.279] (II) Loading sub module "glamoregl"
[  3285.279] (II) LoadModule: "glamoregl"
[  3285.280] (II) Loading /usr/lib/xorg/modules/libglamoregl.so
[  3285.286] (II) Module glamoregl: vendor="X.Org Foundation"
[  3285.286] 	compiled for 1.20.3, module version = 1.0.1
[  3285.286] 	ABI class: X.Org ANSI C Emulation, version 0.4
[  3285.313] (II) modeset(0): glamor X acceleration enabled on Mesa DRI Intel(R) UHD Graphics 620 (Kabylake GT2) 
[  3285.313] (II) modeset(0): glamor initialized
[  3285.314] (II) modeset(0): Output eDP-1 has no monitor section
[  3285.314] (II) modeset(0): Output DP-1 has no monitor section
[  3285.426] (II) modeset(0): Output HDMI-1 has no monitor section
[  3285.426] (II) modeset(0): Output DP-2 has no monitor section
[  3285.430] (II) modeset(0): Output HDMI-2 has no monitor section
[  3285.432] (II) modeset(0): EDID for output eDP-1
[  3285.432] (II) modeset(0): Manufacturer: LGD  Model: 5b3  Serial#: 0
[  3285.432] (II) modeset(0): Year: 2017  Week: 0
[  3285.432] (II) modeset(0): EDID Version: 1.4
[  3285.432] (II) modeset(0): Digital Display Input
[  3285.432] (II) modeset(0): 8 bits per channel
[  3285.432] (II) modeset(0): Digital interface is DisplayPort
[  3285.432] (II) modeset(0): Max Image Size [cm]: horiz.: 29  vert.: 17
[  3285.432] (II) modeset(0): Gamma: 2.20
[  3285.432] (II) modeset(0): No DPMS capabilities specified
[  3285.432] (II) modeset(0): Supported color encodings: RGB 4:4:4 
[  3285.432] (II) modeset(0): First detailed timing is preferred mode
[  3285.432] (II) modeset(0): Preferred mode is native pixel format and refresh rate
[  3285.432] (II) modeset(0): redX: 0.637 redY: 0.350   greenX: 0.333 greenY: 0.625
[  3285.432] (II) modeset(0): blueX: 0.152 blueY: 0.040   whiteX: 0.313 whiteY: 0.329
[  3285.432] (II) modeset(0): Manufacturer's mask: 0
[  3285.432] (II) modeset(0): Supported detailed timing:
[  3285.432] (II) modeset(0): clock: 138.7 MHz   Image Size:  294 x 165 mm
[  3285.432] (II) modeset(0): h_active: 1920  h_sync: 1968  h_sync_end 2000 h_blank_end 2080 h_border: 0
[  3285.432] (II) modeset(0): v_active: 1080  v_sync: 1083  v_sync_end 1088 v_blanking: 1111 v_border: 0
[  3285.432] (II) modeset(0): Supported detailed timing:
[  3285.432] (II) modeset(0): clock: 111.0 MHz   Image Size:  294 x 165 mm
[  3285.432] (II) modeset(0): h_active: 1920  h_sync: 1968  h_sync_end 2000 h_blank_end 2080 h_border: 0
[  3285.432] (II) modeset(0): v_active: 1080  v_sync: 1083  v_sync_end 1088 v_blanking: 1111 v_border: 0
[  3285.432] (II) modeset(0):  LG Display
[  3285.432] (II) modeset(0):  LP133WF4-SPA5
[  3285.433] (II) modeset(0): EDID (in hex):
[  3285.433] (II) modeset(0): 	00ffffffffffff0030e4b30500000000
[  3285.433] (II) modeset(0): 	001b0104a51d1178022415a35955a027
[  3285.433] (II) modeset(0): 	0a505400000001010101010101010101
[  3285.433] (II) modeset(0): 	0101010101012e3680a070381f403020
[  3285.433] (II) modeset(0): 	350026a5100000195c2b80a070381f40
[  3285.433] (II) modeset(0): 	3020350026a510000019000000fe004c
[  3285.433] (II) modeset(0): 	4720446973706c61790a2020000000fe
[  3285.433] (II) modeset(0): 	004c503133335746342d53504135007a
[  3285.433] (II) modeset(0): Printing probed modes for output eDP-1
[  3285.433] (II) modeset(0): Modeline "1920x1080"x60.0  138.70  1920 1968 2000 2080  1080 1083 1088 1111 -hsync -vsync (66.7 kHz eP)
[  3285.433] (II) modeset(0): Modeline "1920x1080"x120.0  356.38  1920 2080 2288 2656  1080 1081 1084 1118 doublescan -hsync +vsync (134.2 kHz d)
[  3285.433] (II) modeset(0): Modeline "1920x1080"x119.9  266.50  1920 1944 1960 2000  1080 1081 1084 1111 doublescan +hsync -vsync (133.2 kHz d)
[  3285.433] (II) modeset(0): Modeline "1920x1080"x60.0  173.00  1920 2048 2248 2576  1080 1083 1088 1120 -hsync +vsync (67.2 kHz d)
[  3285.433] (II) modeset(0): Modeline "1920x1080"x59.9  138.50  1920 1968 2000 2080  1080 1083 1088 1111 +hsync -vsync (66.6 kHz d)
[  3285.433] (II) modeset(0): Modeline "1920x1080"x48.0  111.00  1920 1968 2000 2080  1080 1083 1088 1111 -hsync -vsync (53.4 kHz e)
[  3285.433] (II) modeset(0): Modeline "1680x1050"x60.0  146.25  1680 1784 1960 2240  1050 1053 1059 1089 -hsync +vsync (65.3 kHz d)
[  3285.433] (II) modeset(0): Modeline "1680x1050"x59.9  119.00  1680 1728 1760 1840  1050 1053 1059 1080 +hsync -vsync (64.7 kHz d)
[  3285.433] (II) modeset(0): Modeline "1400x1050"x60.0  122.00  1400 1488 1640 1880  1050 1052 1064 1082 +hsync +vsync (64.9 kHz d)
[  3285.433] (II) modeset(0): Modeline "1600x900"x120.0  246.00  1600 1728 1900 2200  900 901 904 932 doublescan -hsync +vsync (111.8 kHz d)
[  3285.433] (II) modeset(0): Modeline "1600x900"x119.9  186.50  1600 1624 1640 1680  900 901 904 926 doublescan +hsync -vsync (111.0 kHz d)
[  3285.433] (II) modeset(0): Modeline "1600x900"x59.9  118.25  1600 1696 1856 2112  900 903 908 934 -hsync +vsync (56.0 kHz d)
[  3285.433] (II) modeset(0): Modeline "1600x900"x59.8   97.50  1600 1648 1680 1760  900 903 908 926 +hsync -vsync (55.4 kHz d)
[  3285.433] (II) modeset(0): Modeline "1280x1024"x60.0  108.00  1280 1328 1440 1688  1024 1025 1028 1066 +hsync +vsync (64.0 kHz d)
[  3285.433] (II) modeset(0): Modeline "1400x900"x60.0  103.50  1400 1480 1624 1848  900 903 913 934 -hsync +vsync (56.0 kHz d)
[  3285.433] (II) modeset(0): Modeline "1400x900"x59.9   86.50  1400 1448 1480 1560  900 903 913 926 +hsync -vsync (55.4 kHz d)
[  3285.433] (II) modeset(0): Modeline "1280x960"x60.0  108.00  1280 1376 1488 1800  960 961 964 1000 +hsync +vsync (60.0 kHz d)
[  3285.433] (II) modeset(0): Modeline "1440x810"x120.0  198.12  1440 1548 1704 1968  810 811 814 839 doublescan -hsync +vsync (100.7 kHz d)
[  3285.433] (II) modeset(0): Modeline "1440x810"x119.9  151.88  1440 1464 1480 1520  810 811 814 833 doublescan +hsync -vsync (99.9 kHz d)
[  3285.433] (II) modeset(0): Modeline "1368x768"x59.9   85.25  1368 1440 1576 1784  768 771 781 798 -hsync +vsync (47.8 kHz d)
[  3285.433] (II) modeset(0): Modeline "1368x768"x59.9   72.25  1368 1416 1448 1528  768 771 781 790 +hsync -vsync (47.3 kHz d)
[  3285.433] (II) modeset(0): Modeline "1280x800"x120.0  174.25  1280 1380 1516 1752  800 801 804 829 doublescan -hsync +vsync (99.5 kHz d)
[  3285.433] (II) modeset(0): Modeline "1280x800"x119.9  134.25  1280 1304 1320 1360  800 801 804 823 doublescan +hsync -vsync (98.7 kHz d)
[  3285.433] (II) modeset(0): Modeline "1280x800"x59.8   83.50  1280 1352 1480 1680  800 803 809 831 -hsync +vsync (49.7 kHz d)
[  3285.433] (II) modeset(0): Modeline "1280x800"x59.9   71.00  1280 1328 1360 1440  800 803 809 823 +hsync -vsync (49.3 kHz d)
[  3285.433] (II) modeset(0): Modeline "1280x720"x120.0  156.12  1280 1376 1512 1744  720 721 724 746 doublescan -hsync +vsync (89.5 kHz d)
[  3285.433] (II) modeset(0): Modeline "1280x720"x120.0  120.75  1280 1304 1320 1360  720 721 724 740 doublescan +hsync -vsync (88.8 kHz d)
[  3285.434] (II) modeset(0): Modeline "1280x720"x59.9   74.50  1280 1344 1472 1664  720 723 728 748 -hsync +vsync (44.8 kHz d)
[  3285.434] (II) modeset(0): Modeline "1280x720"x59.7   63.75  1280 1328 1360 1440  720 723 728 741 +hsync -vsync (44.3 kHz d)
[  3285.434] (II) modeset(0): Modeline "1024x768"x120.1  133.47  1024 1100 1212 1400  768 768 770 794 doublescan -hsync +vsync (95.3 kHz d)
[  3285.434] (II) modeset(0): Modeline "1024x768"x60.0   65.00  1024 1048 1184 1344  768 771 777 806 -hsync -vsync (48.4 kHz d)
[  3285.434] (II) modeset(0): Modeline "960x720"x120.0  117.00  960 1024 1128 1300  720 720 722 750 doublescan -hsync +vsync (90.0 kHz d)
[  3285.434] (II) modeset(0): Modeline "928x696"x120.1  109.15  928 976 1088 1264  696 696 698 719 doublescan -hsync +vsync (86.4 kHz d)
[  3285.434] (II) modeset(0): Modeline "896x672"x120.0  102.40  896 960 1060 1224  672 672 674 697 doublescan -hsync +vsync (83.7 kHz d)
[  3285.434] (II) modeset(0): Modeline "1024x576"x119.9   98.50  1024 1092 1200 1376  576 577 580 597 doublescan -hsync +vsync (71.6 kHz d)
[  3285.434] (II) modeset(0): Modeline "1024x576"x119.9   78.38  1024 1048 1064 1104  576 577 580 592 doublescan +hsync -vsync (71.0 kHz d)
[  3285.434] (II) modeset(0): Modeline "1024x576"x59.9   46.50  1024 1064 1160 1296  576 579 584 599 -hsync +vsync (35.9 kHz d)
[  3285.434] (II) modeset(0): Modeline "1024x576"x59.8   42.00  1024 1072 1104 1184  576 579 584 593 +hsync -vsync (35.5 kHz d)
[  3285.434] (II) modeset(0): Modeline "960x600"x119.9   96.62  960 1028 1128 1296  600 601 604 622 doublescan -hsync +vsync (74.6 kHz d)
[  3285.434] (II) modeset(0): Modeline "960x600"x120.0   77.00  960 984 1000 1040  600 601 604 617 doublescan +hsync -vsync (74.0 kHz d)
[  3285.434] (II) modeset(0): Modeline "960x540"x119.9   86.50  960 1024 1124 1288  540 541 544 560 doublescan -hsync +vsync (67.2 kHz d)
[  3285.434] (II) modeset(0): Modeline "960x540"x120.0   69.25  960 984 1000 1040  540 541 544 555 doublescan +hsync -vsync (66.6 kHz d)
[  3285.434] (II) modeset(0): Modeline "960x540"x59.6   40.75  960 992 1088 1216  540 543 548 562 -hsync +vsync (33.5 kHz d)
[  3285.434] (II) modeset(0): Modeline "960x540"x59.8   37.25  960 1008 1040 1120  540 543 548 556 +hsync -vsync (33.3 kHz d)
[  3285.434] (II) modeset(0): Modeline "800x600"x120.0   81.00  800 832 928 1080  600 600 602 625 doublescan +hsync +vsync (75.0 kHz d)
[  3285.434] (II) modeset(0): Modeline "800x600"x60.3   40.00  800 840 968 1056  600 601 605 628 +hsync +vsync (37.9 kHz d)
[  3285.434] (II) modeset(0): Modeline "800x600"x56.2   36.00  800 824 896 1024  600 601 603 625 +hsync +vsync (35.2 kHz d)
[  3285.434] (II) modeset(0): Modeline "840x525"x120.0   73.12  840 892 980 1120  525 526 529 544 doublescan -hsync +vsync (65.3 kHz d)
[  3285.434] (II) modeset(0): Modeline "840x525"x119.8   59.50  840 864 880 920  525 526 529 540 doublescan +hsync -vsync (64.7 kHz d)
[  3285.434] (II) modeset(0): Modeline "864x486"x59.9   32.50  864 888 968 1072  486 489 494 506 -hsync +vsync (30.3 kHz d)
[  3285.434] (II) modeset(0): Modeline "864x486"x59.6   30.50  864 912 944 1024  486 489 494 500 +hsync -vsync (29.8 kHz d)
[  3285.434] (II) modeset(0): Modeline "700x525"x120.0   61.00  700 744 820 940  525 526 532 541 doublescan +hsync +vsync (64.9 kHz d)
[  3285.434] (II) modeset(0): Modeline "800x450"x119.9   59.12  800 848 928 1056  450 451 454 467 doublescan -hsync +vsync (56.0 kHz d)
[  3285.434] (II) modeset(0): Modeline "800x450"x119.6   48.75  800 824 840 880  450 451 454 463 doublescan +hsync -vsync (55.4 kHz d)
[  3285.434] (II) modeset(0): Modeline "640x512"x120.0   54.00  640 664 720 844  512 512 514 533 doublescan +hsync +vsync (64.0 kHz d)
[  3285.434] (II) modeset(0): Modeline "700x450"x119.9   51.75  700 740 812 924  450 451 456 467 doublescan -hsync +vsync (56.0 kHz d)
[  3285.434] (II) modeset(0): Modeline "700x450"x119.8   43.25  700 724 740 780  450 451 456 463 doublescan +hsync -vsync (55.4 kHz d)
[  3285.434] (II) modeset(0): Modeline "640x480"x120.0   54.00  640 688 744 900  480 480 482 500 doublescan +hsync +vsync (60.0 kHz d)
[  3285.434] (II) modeset(0): Modeline "640x480"x59.9   25.18  640 656 752 800  480 490 492 525 -hsync -vsync (31.5 kHz d)
[  3285.434] (II) modeset(0): Modeline "720x405"x59.5   22.50  720 744 808 896  405 408 413 422 -hsync +vsync (25.1 kHz d)
[  3285.434] (II) modeset(0): Modeline "720x405"x59.0   21.75  720 768 800 880  405 408 413 419 +hsync -vsync (24.7 kHz d)
[  3285.434] (II) modeset(0): Modeline "684x384"x119.8   42.62  684 720 788 892  384 385 390 399 doublescan -hsync +vsync (47.8 kHz d)
[  3285.434] (II) modeset(0): Modeline "684x384"x119.7   36.12  684 708 724 764  384 385 390 395 doublescan +hsync -vsync (47.3 kHz d)
[  3285.434] (II) modeset(0): Modeline "640x400"x119.8   41.75  640 676 740 840  400 401 404 415 doublescan -hsync +vsync (49.7 kHz d)
[  3285.434] (II) modeset(0): Modeline "640x400"x120.0   35.50  640 664 680 720  400 401 404 411 doublescan +hsync -vsync (49.3 kHz d)
[  3285.434] (II) modeset(0): Modeline "640x360"x119.7   37.25  640 672 736 832  360 361 364 374 doublescan -hsync +vsync (44.8 kHz d)
[  3285.434] (II) modeset(0): Modeline "640x360"x119.7   31.88  640 664 680 720  360 361 364 370 doublescan +hsync -vsync (44.3 kHz d)
[  3285.434] (II) modeset(0): Modeline "640x360"x59.8   18.00  640 664 720 800  360 363 368 376 -hsync +vsync (22.5 kHz d)
[  3285.434] (II) modeset(0): Modeline "640x360"x59.3   17.75  640 688 720 800  360 363 368 374 +hsync -vsync (22.2 kHz d)
[  3285.434] (II) modeset(0): Modeline "512x384"x120.0   32.50  512 524 592 672  384 385 388 403 doublescan -hsync -vsync (48.4 kHz d)
[  3285.434] (II) modeset(0): Modeline "512x288"x120.0   23.25  512 532 580 648  288 289 292 299 doublescan -hsync +vsync (35.9 kHz d)
[  3285.434] (II) modeset(0): Modeline "512x288"x119.8   21.00  512 536 552 592  288 289 292 296 doublescan +hsync -vsync (35.5 kHz d)
[  3285.434] (II) modeset(0): Modeline "480x270"x119.3   20.38  480 496 544 608  270 271 274 281 doublescan -hsync +vsync (33.5 kHz d)
[  3285.434] (II) modeset(0): Modeline "480x270"x119.6   18.62  480 504 520 560  270 271 274 278 doublescan +hsync -vsync (33.3 kHz d)
[  3285.434] (II) modeset(0): Modeline "400x300"x120.6   20.00  400 420 484 528  300 300 302 314 doublescan +hsync +vsync (37.9 kHz d)
[  3285.434] (II) modeset(0): Modeline "400x300"x112.7   18.00  400 412 448 512  300 300 301 312 doublescan +hsync +vsync (35.2 kHz d)
[  3285.434] (II) modeset(0): Modeline "432x243"x119.8   16.25  432 444 484 536  243 244 247 253 doublescan -hsync +vsync (30.3 kHz d)
[  3285.434] (II) modeset(0): Modeline "432x243"x119.1   15.25  432 456 472 512  243 244 247 250 doublescan +hsync -vsync (29.8 kHz d)
[  3285.434] (II) modeset(0): Modeline "320x240"x120.1   12.59  320 328 376 400  240 245 246 262 doublescan -hsync -vsync (31.5 kHz d)
[  3285.434] (II) modeset(0): Modeline "360x202"x119.0   11.25  360 372 404 448  202 204 206 211 doublescan -hsync +vsync (25.1 kHz d)
[  3285.434] (II) modeset(0): Modeline "360x202"x118.3   10.88  360 384 400 440  202 204 206 209 doublescan +hsync -vsync (24.7 kHz d)
[  3285.434] (II) modeset(0): Modeline "320x180"x119.7    9.00  320 332 360 400  180 181 184 188 doublescan -hsync +vsync (22.5 kHz d)
[  3285.434] (II) modeset(0): Modeline "320x180"x118.6    8.88  320 344 360 400  180 181 184 187 doublescan +hsync -vsync (22.2 kHz d)
[  3285.434] (II) modeset(0): EDID for output DP-1
[  3285.549] (II) modeset(0): EDID for output HDMI-1
[  3285.549] (II) modeset(0): EDID for output DP-2
[  3285.553] (II) modeset(0): EDID for output HDMI-2
[  3285.553] (II) modeset(0): Output eDP-1 connected
[  3285.553] (II) modeset(0): Output DP-1 disconnected
[  3285.553] (II) modeset(0): Output HDMI-1 disconnected
[  3285.553] (II) modeset(0): Output DP-2 disconnected
[  3285.553] (II) modeset(0): Output HDMI-2 disconnected
[  3285.553] (II) modeset(0): Using exact sizes for initial modes
[  3285.553] (II) modeset(0): Output eDP-1 using initial mode 1920x1080 +0+0
[  3285.553] (==) modeset(0): Using gamma correction (1.0, 1.0, 1.0)
[  3285.553] (==) modeset(0): DPI set to (96, 96)
[  3285.553] (II) Loading sub module "fb"
[  3285.553] (II) LoadModule: "fb"
[  3285.554] (II) Loading /usr/lib/xorg/modules/libfb.so
[  3285.554] (II) Module fb: vendor="X.Org Foundation"
[  3285.554] 	compiled for 1.20.3, module version = 1.0.0
[  3285.554] 	ABI class: X.Org ANSI C Emulation, version 0.4
[  3285.632] (==) modeset(0): Backing store enabled
[  3285.632] (==) modeset(0): Silken mouse disabled
[  3285.671] (II) modeset(0): Initializing kms color map for depth 24, 8 bpc.
[  3285.671] (==) modeset(0): DPMS enabled
[  3285.671] (II) modeset(0): [DRI2] Setup complete
[  3285.671] (II) modeset(0): [DRI2]   DRI driver: i965
[  3285.671] (II) modeset(0): [DRI2]   VDPAU driver: i965
[  3285.671] (II) Initializing extension Generic Event Extension
[  3285.671] (II) Initializing extension SHAPE
[  3285.671] (II) Initializing extension MIT-SHM
[  3285.671] (II) Initializing extension XInputExtension
[  3285.672] (II) Initializing extension XTEST
[  3285.672] (II) Initializing extension BIG-REQUESTS
[  3285.672] (II) Initializing extension SYNC
[  3285.672] (II) Initializing extension XKEYBOARD
[  3285.672] (II) Initializing extension XC-MISC
[  3285.672] (II) Initializing extension SECURITY
[  3285.672] (II) Initializing extension XFIXES
[  3285.672] (II) Initializing extension RENDER
[  3285.672] (II) Initializing extension RANDR
[  3285.672] (II) Initializing extension COMPOSITE
[  3285.673] (II) Initializing extension DAMAGE
[  3285.673] (II) Initializing extension MIT-SCREEN-SAVER
[  3285.673] (II) Initializing extension DOUBLE-BUFFER
[  3285.673] (II) Initializing extension RECORD
[  3285.673] (II) Initializing extension DPMS
[  3285.673] (II) Initializing extension Present
[  3285.673] (II) Initializing extension DRI3
[  3285.673] (II) Initializing extension X-Resource
[  3285.673] (II) Initializing extension XVideo
[  3285.673] (II) Initializing extension XVideo-MotionCompensation
[  3285.673] (II) Initializing extension GLX
[  3285.677] (II) AIGLX: Loaded and initialized i965
[  3285.677] (II) GLX: Initialized DRI2 GL provider for screen 0
[  3285.677] (II) Initializing extension XFree86-VidModeExtension
[  3285.678] (II) Initializing extension XFree86-DGA
[  3285.678] (II) Initializing extension XFree86-DRI
[  3285.678] (II) Initializing extension DRI2
[  3285.680] (II) modeset(0): Damage tracking initialized
[  3285.680] (II) modeset(0): Setting screen physical size to 508 x 285
[  3285.707] (II) config/udev: Adding input device Power Button (/dev/input/event2)
[  3285.708] (**) Power Button: Applying InputClass "libinput keyboard catchall"
[  3285.708] (**) Power Button: Applying InputClass "system-keyboard"
[  3285.708] (II) LoadModule: "libinput"
[  3285.708] (II) Loading /usr/lib/xorg/modules/input/libinput_drv.so
[  3285.709] (II) Module libinput: vendor="X.Org Foundation"
[  3285.709] 	compiled for 1.20.1, module version = 0.28.1
[  3285.709] 	Module class: X.Org XInput Driver
[  3285.709] 	ABI class: X.Org XInput driver, version 24.1
[  3285.709] (II) Using input driver 'libinput' for 'Power Button'
[  3285.709] (**) Power Button: always reports core events
[  3285.709] (**) Option "Device" "/dev/input/event2"
[  3285.709] (**) Option "_source" "server/udev"
[  3285.710] (II) event2  - Power Button: is tagged by udev as: Keyboard
[  3285.710] (II) event2  - Power Button: device is a keyboard
[  3285.710] (II) event2  - Power Button: device removed
[  3285.747] (**) Option "config_info" "udev:/sys/devices/LNXSYSTM:00/LNXPWRBN:00/input/input2/event2"
[  3285.747] (II) XINPUT: Adding extended input device "Power Button" (type: KEYBOARD, id 6)
[  3285.747] (**) Option "xkb_layout" "de"
[  3285.769] (II) event2  - Power Button: is tagged by udev as: Keyboard
[  3285.769] (II) event2  - Power Button: device is a keyboard
[  3285.770] (II) config/udev: Adding input device Video Bus (/dev/input/event10)
[  3285.770] (**) Video Bus: Applying InputClass "libinput keyboard catchall"
[  3285.770] (**) Video Bus: Applying InputClass "system-keyboard"
[  3285.770] (II) Using input driver 'libinput' for 'Video Bus'
[  3285.770] (**) Video Bus: always reports core events
[  3285.770] (**) Option "Device" "/dev/input/event10"
[  3285.770] (**) Option "_source" "server/udev"
[  3285.771] (II) event10 - Video Bus: is tagged by udev as: Keyboard
[  3285.771] (II) event10 - Video Bus: device is a keyboard
[  3285.771] (II) event10 - Video Bus: device removed
[  3285.804] (**) Option "config_info" "udev:/sys/devices/LNXSYSTM:00/LNXSYBUS:00/PNP0A08:00/LNXVIDEO:00/input/input22/event10"
[  3285.804] (II) XINPUT: Adding extended input device "Video Bus" (type: KEYBOARD, id 7)
[  3285.804] (**) Option "xkb_layout" "de"
[  3285.805] (II) event10 - Video Bus: is tagged by udev as: Keyboard
[  3285.805] (II) event10 - Video Bus: device is a keyboard
[  3285.806] (II) config/udev: Adding input device Lid Switch (/dev/input/event1)
[  3285.806] (II) No input driver specified, ignoring this device.
[  3285.806] (II) This device may have been added with another device file.
[  3285.807] (II) config/udev: Adding input device Sleep Button (/dev/input/event0)
[  3285.807] (**) Sleep Button: Applying InputClass "libinput keyboard catchall"
[  3285.807] (**) Sleep Button: Applying InputClass "system-keyboard"
[  3285.807] (II) Using input driver 'libinput' for 'Sleep Button'
[  3285.807] (**) Sleep Button: always reports core events
[  3285.807] (**) Option "Device" "/dev/input/event0"
[  3285.807] (**) Option "_source" "server/udev"
[  3285.808] (II) event0  - Sleep Button: is tagged by udev as: Keyboard
[  3285.808] (II) event0  - Sleep Button: device is a keyboard
[  3285.808] (II) event0  - Sleep Button: device removed
[  3285.844] (**) Option "config_info" "udev:/sys/devices/LNXSYSTM:00/LNXSYBUS:00/PNP0C0E:00/input/input0/event0"
[  3285.844] (II) XINPUT: Adding extended input device "Sleep Button" (type: KEYBOARD, id 8)
[  3285.844] (**) Option "xkb_layout" "de"
[  3285.845] (II) event0  - Sleep Button: is tagged by udev as: Keyboard
[  3285.845] (II) event0  - Sleep Button: device is a keyboard
[  3285.847] (II) config/udev: Adding input device Integrated Camera: Integrated C (/dev/input/event8)
[  3285.847] (**) Integrated Camera: Integrated C: Applying InputClass "libinput keyboard catchall"
[  3285.847] (**) Integrated Camera: Integrated C: Applying InputClass "system-keyboard"
[  3285.847] (II) Using input driver 'libinput' for 'Integrated Camera: Integrated C'
[  3285.847] (**) Integrated Camera: Integrated C: always reports core events
[  3285.847] (**) Option "Device" "/dev/input/event8"
[  3285.847] (**) Option "_source" "server/udev"
[  3285.849] (II) event8  - Integrated Camera: Integrated C: is tagged by udev as: Keyboard
[  3285.849] (II) event8  - Integrated Camera: Integrated C: device is a keyboard
[  3285.849] (II) event8  - Integrated Camera: Integrated C: device removed
[  3285.884] (**) Option "config_info" "udev:/sys/devices/pci0000:00/0000:00:14.0/usb1/1-5/1-5:1.0/input/input18/event8"
[  3285.884] (II) XINPUT: Adding extended input device "Integrated Camera: Integrated C" (type: KEYBOARD, id 9)
[  3285.884] (**) Option "xkb_layout" "de"
[  3285.886] (II) event8  - Integrated Camera: Integrated C: is tagged by udev as: Keyboard
[  3285.886] (II) event8  - Integrated Camera: Integrated C: device is a keyboard
[  3285.887] (II) config/udev: Adding input device Wacom Pen and multitouch sensor Finger (/dev/input/event11)
[  3285.887] (**) Wacom Pen and multitouch sensor Finger: Applying InputClass "libinput touchscreen catchall"
[  3285.887] (**) Wacom Pen and multitouch sensor Finger: Applying InputClass "Wacom USB touchscreen class"
[  3285.887] (**) Wacom Pen and multitouch sensor Finger: Applying InputClass "Wacom touchscreen class"
[  3285.887] (II) LoadModule: "wacom"
[  3285.887] (II) Loading /usr/lib/xorg/modules/input/wacom_drv.so
[  3285.888] (II) Module wacom: vendor="X.Org Foundation"
[  3285.888] 	compiled for 1.19.6, module version = 0.36.1
[  3285.888] 	Module class: X.Org XInput Driver
[  3285.888] 	ABI class: X.Org XInput driver, version 24.1
[  3285.888] (II) Build version: 0.36.1
[  3285.888] (II) wacom: Driver for Wacom graphics tablets: PenPartner, Graphire,
	Graphire2 4x5, Graphire2 5x7, Graphire3 4x5, Graphire3 6x8,
	Graphire4 4x5, Graphire4 6x8, BambooFun 4x5, BambooFun 6x8,
	Bamboo1 Medium, Graphire4 6x8 BlueTooth, CTL-460, CTH-461, CTL-660,
	CTL-461/S, Bamboo Touch, CTH-460/K, CTH-461/S, CTH-661/S1, CTH-461/L,
	CTH-661/L, Intuos 4x5, Intuos 6x8, Intuos 9x12, Intuos 12x12,
	Intuos 12x18, PTU600, PL400, PL500, PL600, PL600SX, PL550, PL800,
	PL700, PL510, PL710, DTI520, DTF720, DTF720a, DTF521, DTU1931,
	DTU2231, DTU1631, DTH1152, DTH1152, DTK2451, DTH2452, DTH2452,
	Intuos2 4x5, Intuos2 6x8, Intuos2 9x12, Intuos2 12x12, Intuos2 12x18,
	Intuos2 6x8 , Volito, PenStation, Volito2 4x5, Volito2 2x3,
	PenPartner2, Bamboo, Bamboo1, Bamboo1 4x6, Bamboo1 5x8, Intuos3 4x5,
	Intuos3 6x8, Intuos3 9x12, Intuos3 12x12, Intuos3 12x19,
	Intuos3 6x11, Intuos3 4x6, Intuos4 4x6, Intuos4 6x9, Intuos4 8x13,
	Intuos4 12x19, Intuos4 WL USB Endpoint,
	Intuos4 WL Bluetooth Endpoint, Intuos5 touch S, Intuos5 touch M,
	Intuos5 touch L, Intuos5 S, Intuos5 M, Intuos Pro S, Intuos Pro M,
	Intuos Pro L, Cintiq 21UX, Cintiq 20WSX, Cintiq 12WX, Cintiq 21UX2,
	Cintiq 24HD, Cintiq 22HD, Cintiq 24HD touch (EMR digitizer),
	Cintiq 13HD, DTK2241, DTH2242, Cintiq 22HDT, Cintiq 27QHDT,
	Cintiq 27QHDT, Mobilestudio Pro 13, MobileStudio Pro 16,
	MobileStudio Pro 13, MobileStudio Pro 16, Cintiq 13 FHD Pro,
	Cintiq 16 UHD Pro, Cintiq Pro 24, Cintiq Pro 32, Cintiq 13 FHD Pro,
	Cintiq 16 UHD Pro, Cintiq Pro 24, Cintiq Pro 32, Cintiq Pro 24,
	TabletPC 0x90, TabletPC 0x93, TabletPC 0x97, TabletPC 0x9A,
	CapPlus  0x9F, TabletPC 0xE2, TabletPC 0xE3, TabletPC 0xE5,
	TabletPC 0xE6, TabletPC 0xEC, TabletPC 0xED, TabletPC 0xEF,
	TabletPC 0x100, TabletPC 0x101, TabletPC 0x10D, TabletPC 0x116,
	TabletPC 0x12C, TabletPC 0x4001, TabletPC 0x4004, TabletPC 0x5000,
	TabletPC 0x5002, usb:172f:0024, usb:172f:0025, usb:172f:0026,
	usb:172f:0027, usb:172f:0028, usb:172f:0030, usb:172f:0031,
	usb:172f:0032, usb:172f:0033, usb:172f:0034, usb:172f:0035,
	usb:172f:0036, usb:172f:0037, usb:172f:0038, usb:172f:0039,
	usb:172f:0051, usb:172f:0052, usb:172f:0053, usb:172f:0054,
	usb:172f:0055, usb:172f:0056, usb:172f:0057, usb:172f:0058,
	usb:172f:0500, usb:172f:0501, usb:172f:0502, usb:172f:0503,
	usb:1b96:0001, usb:17ef:6004
[  3285.890] (II) Using input driver 'wacom' for 'Wacom Pen and multitouch sensor Finger'
[  3285.890] (**) Wacom Pen and multitouch sensor Finger: always reports core events
[  3285.890] (**) Option "Device" "/dev/input/event11"
[  3285.890] (EE) Wacom Pen and multitouch sensor Finger: Invalid type 'stylus' for this device.
[  3285.890] (EE) Wacom Pen and multitouch sensor Finger: Invalid type 'eraser' for this device.
[  3285.890] (EE) Wacom Pen and multitouch sensor Finger: Invalid type 'cursor' for this device.
[  3285.890] (II) Wacom Pen and multitouch sensor Finger: type not specified, assuming 'touch'.
[  3285.890] (II) Wacom Pen and multitouch sensor Finger: other types will be automatically added.
[  3285.890] (**) Wacom Pen and multitouch sensor Finger touch: panscroll is 0
[  3285.890] (**) Wacom Pen and multitouch sensor Finger touch: panscroll modified to 13
[  3285.890] (--) Wacom Pen and multitouch sensor Finger touch: maxX=11748 maxY=6608 maxZ=0 resX=40000 resY=40000 
[  3285.890] (II) Wacom Pen and multitouch sensor Finger touch: hotplugging dependent devices.
[  3285.890] (EE) Wacom Pen and multitouch sensor Finger touch: Invalid type 'stylus' for this device.
[  3285.890] (EE) Wacom Pen and multitouch sensor Finger touch: Invalid type 'eraser' for this device.
[  3285.890] (EE) Wacom Pen and multitouch sensor Finger touch: Invalid type 'cursor' for this device.
[  3285.890] (EE) Wacom Pen and multitouch sensor Finger touch: Invalid type 'pad' for this device.
[  3285.890] (II) Wacom Pen and multitouch sensor Finger touch: hotplugging completed.
[  3285.910] (**) Option "config_info" "udev:/sys/devices/pci0000:00/0000:00:14.0/usb1/1-6/1-6:1.0/0003:056A:5157.0001/input/input16/event11"
[  3285.910] (II) XINPUT: Adding extended input device "Wacom Pen and multitouch sensor Finger touch" (type: TOUCH, id 10)
[  3285.911] (**) Wacom Pen and multitouch sensor Finger touch: (accel) keeping acceleration scheme 1
[  3285.911] (**) Wacom Pen and multitouch sensor Finger touch: (accel) acceleration profile 0
[  3285.911] (**) Wacom Pen and multitouch sensor Finger touch: (accel) acceleration factor: 2.000
[  3285.911] (**) Wacom Pen and multitouch sensor Finger touch: (accel) acceleration threshold: 4
[  3285.912] (II) config/udev: Adding input device Wacom Pen and multitouch sensor Finger (/dev/input/mouse4)
[  3285.912] (II) No input driver specified, ignoring this device.
[  3285.912] (II) This device may have been added with another device file.
[  3285.913] (II) config/udev: Adding input device Wacom Pen and multitouch sensor Pen (/dev/input/event9)
[  3285.913] (**) Wacom Pen and multitouch sensor Pen: Applying InputClass "libinput tablet catchall"
[  3285.913] (**) Wacom Pen and multitouch sensor Pen: Applying InputClass "Wacom USB tablet class"
[  3285.913] (**) Wacom Pen and multitouch sensor Pen: Applying InputClass "Wacom tablet class"
[  3285.913] (II) Using input driver 'wacom' for 'Wacom Pen and multitouch sensor Pen'
[  3285.913] (**) Wacom Pen and multitouch sensor Pen: always reports core events
[  3285.913] (**) Option "Device" "/dev/input/event9"
[  3285.913] (II) Wacom Pen and multitouch sensor Pen: type not specified, assuming 'stylus'.
[  3285.913] (II) Wacom Pen and multitouch sensor Pen: other types will be automatically added.
[  3285.914] (--) Wacom Pen and multitouch sensor Pen stylus: using pressure threshold of 851 for button 1
[  3285.914] (**) Wacom Pen and multitouch sensor Pen stylus: panscroll is 0
[  3285.914] (**) Wacom Pen and multitouch sensor Pen stylus: panscroll modified to 1300
[  3285.914] (--) Wacom Pen and multitouch sensor Pen stylus: maxX=29376 maxY=16524 maxZ=4095 resX=100000 resY=100000  tilt=enabled
[  3285.914] (II) Wacom Pen and multitouch sensor Pen stylus: hotplugging dependent devices.
[  3285.914] (EE) Wacom Pen and multitouch sensor Pen stylus: Invalid type 'cursor' for this device.
[  3285.914] (EE) Wacom Pen and multitouch sensor Pen stylus: Invalid type 'touch' for this device.
[  3285.914] (EE) Wacom Pen and multitouch sensor Pen stylus: Invalid type 'pad' for this device.
[  3285.914] (II) Wacom Pen and multitouch sensor Pen stylus: hotplugging completed.
[  3285.950] (**) Option "config_info" "udev:/sys/devices/pci0000:00/0000:00:14.0/usb1/1-6/1-6:1.1/0003:056A:5157.0002/input/input19/event9"
[  3285.950] (II) XINPUT: Adding extended input device "Wacom Pen and multitouch sensor Pen stylus" (type: STYLUS, id 11)
[  3285.951] (**) Wacom Pen and multitouch sensor Pen stylus: (accel) keeping acceleration scheme 1
[  3285.951] (**) Wacom Pen and multitouch sensor Pen stylus: (accel) acceleration profile 0
[  3285.951] (**) Wacom Pen and multitouch sensor Pen stylus: (accel) acceleration factor: 2.000
[  3285.951] (**) Wacom Pen and multitouch sensor Pen stylus: (accel) acceleration threshold: 4
[  3285.952] (II) config/udev: Adding input device Wacom Pen and multitouch sensor Pen (/dev/input/mouse0)
[  3285.952] (II) No input driver specified, ignoring this device.
[  3285.952] (II) This device may have been added with another device file.
[  3285.953] (II) config/udev: Adding input device HDA Digital PCBeep (/dev/input/event12)
[  3285.953] (II) No input driver specified, ignoring this device.
[  3285.953] (II) This device may have been added with another device file.
[  3285.954] (II) config/udev: Adding input device HDA Intel PCH Mic (/dev/input/event13)
[  3285.954] (II) No input driver specified, ignoring this device.
[  3285.954] (II) This device may have been added with another device file.
[  3285.954] (II) config/udev: Adding input device HDA Intel PCH Headphone (/dev/input/event14)
[  3285.954] (II) No input driver specified, ignoring this device.
[  3285.954] (II) This device may have been added with another device file.
[  3285.955] (II) config/udev: Adding input device HDA Intel PCH HDMI/DP,pcm=3 (/dev/input/event15)
[  3285.955] (II) No input driver specified, ignoring this device.
[  3285.955] (II) This device may have been added with another device file.
[  3285.955] (II) config/udev: Adding input device HDA Intel PCH HDMI/DP,pcm=7 (/dev/input/event16)
[  3285.955] (II) No input driver specified, ignoring this device.
[  3285.956] (II) This device may have been added with another device file.
[  3285.956] (II) config/udev: Adding input device HDA Intel PCH HDMI/DP,pcm=8 (/dev/input/event17)
[  3285.956] (II) No input driver specified, ignoring this device.
[  3285.956] (II) This device may have been added with another device file.
[  3285.957] (II) config/udev: Adding input device HDA Intel PCH HDMI/DP,pcm=9 (/dev/input/event18)
[  3285.957] (II) No input driver specified, ignoring this device.
[  3285.957] (II) This device may have been added with another device file.
[  3285.957] (II) config/udev: Adding input device HDA Intel PCH HDMI/DP,pcm=10 (/dev/input/event19)
[  3285.957] (II) No input driver specified, ignoring this device.
[  3285.957] (II) This device may have been added with another device file.
[  3285.958] (II) config/udev: Adding input device Elan Touchpad (/dev/input/event6)
[  3285.958] (**) Elan Touchpad: Applying InputClass "libinput touchpad catchall"
[  3285.958] (II) Using input driver 'libinput' for 'Elan Touchpad'
[  3285.958] (**) Elan Touchpad: always reports core events
[  3285.958] (**) Option "Device" "/dev/input/event6"
[  3285.958] (**) Option "_source" "server/udev"
[  3285.960] (II) event6  - Elan Touchpad: is tagged by udev as: Touchpad
[  3285.960] (II) event6  - Elan Touchpad: device is a touchpad
[  3285.960] (II) event6  - Elan Touchpad: device removed
[  3285.990] (**) Option "config_info" "udev:/sys/devices/pci0000:00/0000:00:1f.4/i2c-2/2-0015/input/input13/event6"
[  3285.990] (II) XINPUT: Adding extended input device "Elan Touchpad" (type: TOUCHPAD, id 12)
[  3285.991] (**) Option "AccelerationScheme" "none"
[  3285.991] (**) Elan Touchpad: (accel) selected scheme none/0
[  3285.991] (**) Elan Touchpad: (accel) acceleration factor: 2.000
[  3285.991] (**) Elan Touchpad: (accel) acceleration threshold: 4
[  3285.992] (II) event6  - Elan Touchpad: is tagged by udev as: Touchpad
[  3285.993] (II) event6  - Elan Touchpad: device is a touchpad
[  3285.994] (II) config/udev: Adding input device Elan Touchpad (/dev/input/mouse2)
[  3285.994] (II) No input driver specified, ignoring this device.
[  3285.994] (II) This device may have been added with another device file.
[  3285.994] (II) config/udev: Adding input device Elan TrackPoint (/dev/input/event7)
[  3285.994] (**) Elan TrackPoint: Applying InputClass "libinput pointer catchall"
[  3285.994] (II) Using input driver 'libinput' for 'Elan TrackPoint'
[  3285.994] (**) Elan TrackPoint: always reports core events
[  3285.994] (**) Option "Device" "/dev/input/event7"
[  3285.994] (**) Option "_source" "server/udev"
[  3285.994] (II) event7  - Elan TrackPoint: is tagged by udev as: Mouse Pointingstick
[  3285.994] (II) event7  - Elan TrackPoint: device is a pointer
[  3285.995] (II) event7  - Elan TrackPoint: device removed
[  3286.029] (**) Option "config_info" "udev:/sys/devices/pci0000:00/0000:00:1f.4/i2c-2/2-0015/input/input14/event7"
[  3286.029] (II) XINPUT: Adding extended input device "Elan TrackPoint" (type: MOUSE, id 13)
[  3286.029] (**) Option "AccelerationScheme" "none"
[  3286.029] (**) Elan TrackPoint: (accel) selected scheme none/0
[  3286.029] (**) Elan TrackPoint: (accel) acceleration factor: 2.000
[  3286.029] (**) Elan TrackPoint: (accel) acceleration threshold: 4
[  3286.030] (II) event7  - Elan TrackPoint: is tagged by udev as: Mouse Pointingstick
[  3286.030] (II) event7  - Elan TrackPoint: device is a pointer
[  3286.031] (II) config/udev: Adding input device Elan TrackPoint (/dev/input/mouse3)
[  3286.031] (II) No input driver specified, ignoring this device.
[  3286.031] (II) This device may have been added with another device file.
[  3286.031] (II) config/udev: Adding input device AT Translated Set 2 keyboard (/dev/input/event3)
[  3286.031] (**) AT Translated Set 2 keyboard: Applying InputClass "libinput keyboard catchall"
[  3286.031] (**) AT Translated Set 2 keyboard: Applying InputClass "system-keyboard"
[  3286.031] (II) Using input driver 'libinput' for 'AT Translated Set 2 keyboard'
[  3286.031] (**) AT Translated Set 2 keyboard: always reports core events
[  3286.031] (**) Option "Device" "/dev/input/event3"
[  3286.031] (**) Option "_source" "server/udev"
[  3286.032] (II) event3  - AT Translated Set 2 keyboard: is tagged by udev as: Keyboard
[  3286.032] (II) event3  - AT Translated Set 2 keyboard: device is a keyboard
[  3286.032] (II) event3  - AT Translated Set 2 keyboard: device removed
[  3286.057] (**) Option "config_info" "udev:/sys/devices/platform/i8042/serio0/input/input3/event3"
[  3286.057] (II) XINPUT: Adding extended input device "AT Translated Set 2 keyboard" (type: KEYBOARD, id 14)
[  3286.057] (**) Option "xkb_layout" "de"
[  3286.059] (II) event3  - AT Translated Set 2 keyboard: is tagged by udev as: Keyboard
[  3286.059] (II) event3  - AT Translated Set 2 keyboard: device is a keyboard
[  3286.060] (II) config/udev: Adding input device PC Speaker (/dev/input/event4)
[  3286.060] (II) No input driver specified, ignoring this device.
[  3286.060] (II) This device may have been added with another device file.
[  3286.060] (II) config/udev: Adding input device ThinkPad Extra Buttons (/dev/input/event5)
[  3286.061] (**) ThinkPad Extra Buttons: Applying InputClass "libinput keyboard catchall"
[  3286.061] (**) ThinkPad Extra Buttons: Applying InputClass "system-keyboard"
[  3286.061] (II) Using input driver 'libinput' for 'ThinkPad Extra Buttons'
[  3286.061] (**) ThinkPad Extra Buttons: always reports core events
[  3286.061] (**) Option "Device" "/dev/input/event5"
[  3286.061] (**) Option "_source" "server/udev"
[  3286.061] (II) event5  - ThinkPad Extra Buttons: is tagged by udev as: Keyboard Switch
[  3286.061] (II) event5  - ThinkPad Extra Buttons: device is a keyboard
[  3286.061] (II) event5  - ThinkPad Extra Buttons: device is a switch device
[  3286.061] (II) event5  - ThinkPad Extra Buttons: device removed
[  3286.097] (**) Option "config_info" "udev:/sys/devices/platform/thinkpad_acpi/input/input7/event5"
[  3286.097] (II) XINPUT: Adding extended input device "ThinkPad Extra Buttons" (type: KEYBOARD, id 15)
[  3286.097] (**) Option "xkb_layout" "de"
[  3286.098] (II) event5  - ThinkPad Extra Buttons: is tagged by udev as: Keyboard Switch
[  3286.098] (II) event5  - ThinkPad Extra Buttons: device is a keyboard
[  3286.098] (II) event5  - ThinkPad Extra Buttons: device is a switch device
[  3286.102] (**) Wacom Pen and multitouch sensor Pen eraser: Applying InputClass "libinput tablet catchall"
[  3286.102] (**) Wacom Pen and multitouch sensor Pen eraser: Applying InputClass "Wacom USB tablet class"
[  3286.102] (**) Wacom Pen and multitouch sensor Pen eraser: Applying InputClass "Wacom tablet class"
[  3286.102] (II) Using input driver 'wacom' for 'Wacom Pen and multitouch sensor Pen eraser'
[  3286.102] (**) Wacom Pen and multitouch sensor Pen eraser: always reports core events
[  3286.102] (**) Option "Device" "/dev/input/event9"
[  3286.102] (**) Option "Type" "eraser"
[  3286.102] (**) Wacom Pen and multitouch sensor Pen eraser: panscroll is 1300
[  3286.102] (**) Wacom Pen and multitouch sensor Pen eraser: panscroll modified to 1300
[  3286.102] (--) Wacom Pen and multitouch sensor Pen eraser: maxX=29376 maxY=16524 maxZ=4095 resX=100000 resY=100000  tilt=enabled
[  3286.150] (**) Option "config_info" "udev:/sys/devices/pci0000:00/0000:00:14.0/usb1/1-6/1-6:1.1/0003:056A:5157.0002/input/input19/event9"
[  3286.150] (II) XINPUT: Adding extended input device "Wacom Pen and multitouch sensor Pen eraser" (type: ERASER, id 16)
[  3286.151] (**) Wacom Pen and multitouch sensor Pen eraser: (accel) keeping acceleration scheme 1
[  3286.151] (**) Wacom Pen and multitouch sensor Pen eraser: (accel) acceleration profile 0
[  3286.151] (**) Wacom Pen and multitouch sensor Pen eraser: (accel) acceleration factor: 2.000
[  3286.151] (**) Wacom Pen and multitouch sensor Pen eraser: (accel) acceleration threshold: 4
[  3300.027] (II) modeset(0): EDID vendor "LGD", prod id 1459
[  3300.027] (II) modeset(0): Printing DDC gathered Modelines:
[  3300.027] (II) modeset(0): Modeline "1920x1080"x0.0  138.70  1920 1968 2000 2080  1080 1083 1088 1111 -hsync -vsync (66.7 kHz eP)
[  3300.027] (II) modeset(0): Modeline "1920x1080"x0.0  111.00  1920 1968 2000 2080  1080 1083 1088 1111 -hsync -vsync (53.4 kHz e)
[  3300.314] (II) modeset(0): EDID vendor "LGD", prod id 1459
[  3300.314] (II) modeset(0): Printing DDC gathered Modelines:
[  3300.314] (II) modeset(0): Modeline "1920x1080"x0.0  138.70  1920 1968 2000 2080  1080 1083 1088 1111 -hsync -vsync (66.7 kHz eP)
[  3300.314] (II) modeset(0): Modeline "1920x1080"x0.0  111.00  1920 1968 2000 2080  1080 1083 1088 1111 -hsync -vsync (53.4 kHz e)
[  3501.913] (II) event2  - Power Button: device removed
[  3501.933] (II) event10 - Video Bus: device removed
[  3501.950] (II) event0  - Sleep Button: device removed
[  3501.960] (II) event8  - Integrated Camera: Integrated C: device removed
[  3501.995] (II) event6  - Elan Touchpad: device removed
[  3502.023] (II) event7  - Elan TrackPoint: device removed
[  3502.087] (II) event3  - AT Translated Set 2 keyboard: device removed
[  3502.124] (II) event5  - ThinkPad Extra Buttons: device removed
[  3502.215] (II) UnloadModule: "wacom"
[  3502.215] (II) UnloadModule: "libinput"
[  3502.215] (II) UnloadModule: "libinput"
[  3502.215] (II) UnloadModule: "libinput"
[  3502.215] (II) UnloadModule: "libinput"
[  3502.215] (II) UnloadModule: "wacom"
[  3502.215] (II) UnloadModule: "wacom"
[  3502.215] (II) UnloadModule: "libinput"
[  3502.216] (II) UnloadModule: "libinput"
[  3502.216] (II) UnloadModule: "libinput"
[  3502.216] (II) UnloadModule: "libinput"
[  3502.306] (II) Server terminated successfully (0). Closing log file.
