[    0.000000] ACPI: RSDP 0x00000000000F69D0 000024 (v02 LENOVO)
[    0.000000] ACPI: XSDT 0x00000000BF6BCAEC 00008C (v01 LENOVO TP-7O    00001030  LTP 00000000)
[    0.000000] ACPI: FACP 0x00000000BF6BCC00 0000F4 (v03 LENOVO TP-7O    00001030 LNVO 00000001)
[    0.000000] ACPI BIOS Warning (bug): 32/64X length mismatch in FADT/Gpe0Block: 64/32 (20170831/tbfadt-603)
[    0.000000] ACPI BIOS Warning (bug): Optional FADT field Gpe1Block has valid Address but zero Length: 0x000000000000102C/0x0 (20170831/tbfadt-658)
[    0.000000] ACPI: DSDT 0x00000000BF6BD00C 00EBEF (v01 LENOVO TP-7O    00001030 MSFT 03000000)
[    0.000000] ACPI: FACS 0x00000000BF6E4000 000040
[    0.000000] ACPI: FACS 0x00000000BF6E4000 000040
[    0.000000] ACPI: SSDT 0x00000000BF6BCDB4 000258 (v01 LENOVO TP-7O    00001030 MSFT 03000000)
[    0.000000] ACPI: ECDT 0x00000000BF6CBBFB 000052 (v01 LENOVO TP-7O    00001030 LNVO 00000001)
[    0.000000] ACPI: TCPA 0x00000000BF6CBC4D 000032 (v02 LENOVO TP-7O    00001030 LNVO 00000001)
[    0.000000] ACPI: APIC 0x00000000BF6CBC7F 000068 (v01 LENOVO TP-7O    00001030 LNVO 00000001)
[    0.000000] ACPI: MCFG 0x00000000BF6CBCE7 00003C (v01 LENOVO TP-7O    00001030 LNVO 00000001)
[    0.000000] ACPI: HPET 0x00000000BF6CBD23 000038 (v01 LENOVO TP-7O    00001030 LNVO 00000001)
--
[   64.609329] virbr0: port 1(virbr0-nic) entered disabled state
[   67.216181] kauditd_printk_skb: 33 callbacks suppressed
[   67.216184] audit: type=1400 audit(1580583828.616:45): apparmor="DENIED" operation="open" profile="/usr/bin/freshclam" name="/etc/ssl/openssl.cnf" pid=1068 comm="freshclam" requested_mask="r" denied_mask="r" fsuid=128 ouid=0
[  277.399006] rfkill: input handler disabled
[  333.740085] usb 5-2: new full-speed USB device number 3 using uhci_hcd
[  333.946914] usb 5-2: New USB device found, idVendor=056a, idProduct=0374
[  333.946918] usb 5-2: New USB device strings: Mfr=1, Product=2, SerialNumber=3
[  333.946920] usb 5-2: Product: Intuos S
[  333.946923] usb 5-2: Manufacturer: Wacom Co.,Ltd.
[  333.946926] usb 5-2: SerialNumber: 9IH00R2052008
[  334.204915] input: Wacom Intuos S Pen as /devices/pci0000:00/0000:00:1d.0/usb5/5-2/5-2:1.0/0003:056A:0374.0005/input/input12
[  334.264713] input: Wacom Intuos S Pad as /devices/pci0000:00/0000:00:1d.0/usb5/5-2/5-2:1.0/0003:056A:0374.0005/input/input14
[  334.265186] wacom 0003:056A:0374.0005: hidraw2: USB HID v1.10 Device [Wacom Co.,Ltd. Intuos S] on usb-0000:00:1d.0-2/input0
[  346.211925] input: Wacom Intuos S Pen as /devices/pci0000:00/0000:00:1d.0/usb5/5-2/5-2:1.0/0003:056A:0374.0006/input/input15
[  346.212703] input: Wacom Intuos S Pad as /devices/pci0000:00/0000:00:1d.0/usb5/5-2/5-2:1.0/0003:056A:0374.0006/input/input17
[  346.213761] wacom 0003:056A:0374.0006: hidraw2: USB HID v1.10 Device [Wacom Co.,Ltd. Intuos S] on usb-0000:00:1d.0-2/input0
[  451.268181] usb 5-2: USB disconnect, device number 3
[  456.004091] usb 5-2: new full-speed USB device number 4 using uhci_hcd
[  456.210950] usb 5-2: New USB device found, idVendor=056a, idProduct=0374
[  456.210957] usb 5-2: New USB device strings: Mfr=1, Product=2, SerialNumber=3
[  456.210961] usb 5-2: Product: Intuos S
[  456.210965] usb 5-2: Manufacturer: Wacom Co.,Ltd.
[  456.210969] usb 5-2: SerialNumber: 9IH00R2052008
[  456.232613] input: Wacom Intuos S Pen as /devices/pci0000:00/0000:00:1d.0/usb5/5-2/5-2:1.0/0003:056A:0374.0007/input/input18
[  456.292787] input: Wacom Intuos S Pad as /devices/pci0000:00/0000:00:1d.0/usb5/5-2/5-2:1.0/0003:056A:0374.0007/input/input20
[  456.293579] wacom 0003:056A:0374.0007: hidraw2: USB HID v1.10 Device [Wacom Co.,Ltd. Intuos S] on usb-0000:00:1d.0-2/input0
[  456.430212] input: Wacom Intuos S Pen as /devices/pci0000:00/0000:00:1d.0/usb5/5-2/5-2:1.0/0003:056A:0374.0008/input/input21
[  456.488402] input: Wacom Intuos S Pad as /devices/pci0000:00/0000:00:1d.0/usb5/5-2/5-2:1.0/0003:056A:0374.0008/input/input23
[  456.489297] wacom 0003:056A:0374.0008: hidraw2: USB HID v1.10 Device [Wacom Co.,Ltd. Intuos S] on usb-0000:00:1d.0-2/input0
[  554.460127] usb 3-1: new full-speed USB device number 3 using uhci_hcd
[  554.632675] usb 3-1: config 1 interface 1 altsetting 0 endpoint 0x83 has wMaxPacketSize 0, skipping
[  554.632681] usb 3-1: config 1 interface 1 altsetting 0 endpoint 0x3 has wMaxPacketSize 0, skipping
[  554.645663] usb 3-1: New USB device found, idVendor=0a5c, idProduct=2110
[  554.645669] usb 3-1: New USB device strings: Mfr=1, Product=2, SerialNumber=0
--
[ 2335.909632] wls3: authenticated
[ 2335.912074] wls3: associate with a0:63:91:24:43:d0 (try 1/3)
[ 2335.918955] wls3: RX AssocResp from a0:63:91:24:43:d0 (capab=0x411 status=0 aid=1)
[ 2335.922763] wls3: associated
[ 2861.360123] usb 5-2: new full-speed USB device number 5 using uhci_hcd
[ 2861.562940] usb 5-2: New USB device found, idVendor=056a, idProduct=0374
[ 2861.562945] usb 5-2: New USB device strings: Mfr=1, Product=2, SerialNumber=3
[ 2861.562950] usb 5-2: Product: Intuos S
[ 2861.562954] usb 5-2: Manufacturer: Wacom Co.,Ltd.
[ 2861.562957] usb 5-2: SerialNumber: 9IH00R2052008
[ 2861.586391] input: Wacom Intuos S Pen as /devices/pci0000:00/0000:00:1d.0/usb5/5-2/5-2:1.0/0003:056A:0374.0009/input/input24
[ 2861.644952] input: Wacom Intuos S Pad as /devices/pci0000:00/0000:00:1d.0/usb5/5-2/5-2:1.0/0003:056A:0374.0009/input/input26
[ 2861.645970] wacom 0003:056A:0374.0009: hidraw2: USB HID v1.10 Device [Wacom Co.,Ltd. Intuos S] on usb-0000:00:1d.0-2/input0
[ 2861.781232] input: Wacom Intuos S Pen as /devices/pci0000:00/0000:00:1d.0/usb5/5-2/5-2:1.0/0003:056A:0374.000A/input/input27
[ 2861.813671] [UFW BLOCK] IN=wls3 OUT= MAC= SRC=2002:c0a8:0002:e472:108d:0662:fe4f:82d5 DST=ff02:0000:0000:0000:0000:0000:0000:0001 LEN=64 TC=0 HOPLIMIT=1 FLOWLBL=626250 PROTO=UDP SPT=8612 DPT=8612 LEN=24 
[ 2861.813776] [UFW BLOCK] IN=wls3 OUT= MAC= SRC=2002:c0a8:0002:e472:108d:0662:fe4f:82d5 DST=ff02:0000:0000:0000:0000:0000:0000:0001 LEN=64 TC=0 HOPLIMIT=1 FLOWLBL=167821 PROTO=UDP SPT=8612 DPT=8610 LEN=24 
[ 2861.813830] [UFW BLOCK] IN=wls3 OUT= MAC= SRC=2002:c0a8:0002:e472:8487:91c8:7329:190f DST=ff02:0000:0000:0000:0000:0000:0000:0001 LEN=64 TC=0 HOPLIMIT=1 FLOWLBL=377272 PROTO=UDP SPT=8612 DPT=8612 LEN=24 
[ 2861.813882] [UFW BLOCK] IN=wls3 OUT= MAC= SRC=2002:c0a8:0002:e472:8487:91c8:7329:190f DST=ff02:0000:0000:0000:0000:0000:0000:0001 LEN=64 TC=0 HOPLIMIT=1 FLOWLBL=983254 PROTO=UDP SPT=8612 DPT=8610 LEN=24 
[ 2861.813936] [UFW BLOCK] IN=wls3 OUT= MAC= SRC=fe80:0000:0000:0000:0efd:9589:3c35:7820 DST=ff02:0000:0000:0000:0000:0000:0000:0001 LEN=64 TC=0 HOPLIMIT=1 FLOWLBL=227967 PROTO=UDP SPT=8612 DPT=8612 LEN=24 
[ 2861.813988] [UFW BLOCK] IN=wls3 OUT= MAC= SRC=fe80:0000:0000:0000:0efd:9589:3c35:7820 DST=ff02:0000:0000:0000:0000:0000:0000:0001 LEN=64 TC=0 HOPLIMIT=1 FLOWLBL=861928 PROTO=UDP SPT=8612 DPT=8610 LEN=24 
[ 2861.824459] [UFW BLOCK] IN=wls3 OUT= MAC= SRC=2002:c0a8:0002:e472:108d:0662:fe4f:82d5 DST=ff02:0000:0000:0000:0000:0000:0000:0001 LEN=64 TC=0 HOPLIMIT=1 FLOWLBL=626250 PROTO=UDP SPT=8612 DPT=8612 LEN=24 
[ 2861.824552] [UFW BLOCK] IN=wls3 OUT= MAC= SRC=2002:c0a8:0002:e472:108d:0662:fe4f:82d5 DST=ff02:0000:0000:0000:0000:0000:0000:0001 LEN=64 TC=0 HOPLIMIT=1 FLOWLBL=167821 PROTO=UDP SPT=8612 DPT=8610 LEN=24 
[ 2861.824641] [UFW BLOCK] IN=wls3 OUT= MAC= SRC=2002:c0a8:0002:e472:8487:91c8:7329:190f DST=ff02:0000:0000:0000:0000:0000:0000:0001 LEN=64 TC=0 HOPLIMIT=1 FLOWLBL=377272 PROTO=UDP SPT=8612 DPT=8612 LEN=24 
[ 2861.824730] [UFW BLOCK] IN=wls3 OUT= MAC= SRC=2002:c0a8:0002:e472:8487:91c8:7329:190f DST=ff02:0000:0000:0000:0000:0000:0000:0001 LEN=64 TC=0 HOPLIMIT=1 FLOWLBL=983254 PROTO=UDP SPT=8612 DPT=8610 LEN=24 
[ 2861.840482] input: Wacom Intuos S Pad as /devices/pci0000:00/0000:00:1d.0/usb5/5-2/5-2:1.0/0003:056A:0374.000A/input/input29
[ 2861.841620] wacom 0003:056A:0374.000A: hidraw2: USB HID v1.10 Device [Wacom Co.,Ltd. Intuos S] on usb-0000:00:1d.0-2/input0
[ 3859.283743] perf: interrupt took too long (6285 > 6275), lowering kernel.perf_event_max_sample_rate to 31750
[ 4940.045688] audit: type=1400 audit(1580598307.558:46): apparmor="DENIED" operation="open" profile="/usr/bin/freshclam" name="/etc/ssl/openssl.cnf" pid=1068 comm="freshclam" requested_mask="r" denied_mask="r" fsuid=128 ouid=0
