[   166.454] (--) Log file renamed from "/home/USERNAME/.local/share/xorg/Xorg.pid-1844.log" to "/home/USERNAME/.local/share/xorg/Xorg.0.log"
[   166.455] 
X.Org X Server 1.20.4
X Protocol Version 11, Revision 0
[   166.455] Build Operating System: Linux 4.4.0-143-generic x86_64 Ubuntu
[   166.455] Current Operating System: Linux HOSTNAME 5.0.0-21-generic #22+system76-Ubuntu SMP Tue Jul 16 19:57:52 UTC 2019 x86_64
[   166.455] Kernel command line: initrd=\EFI\Pop_OS-7bf1a932-9e42-486a-aaf8-b4d5686783b3\initrd.img root=UUID=7bf1a932-9e42-486a-aaf8-b4d5686783b3 ro quiet loglevel=0 systemd.show_status=false splash
[   166.455] Build Date: 03 April 2019  09:03:57AM
[   166.455] xorg-server 2:1.20.4-1ubuntu3 (For technical support please see http://www.ubuntu.com/support) 
[   166.455] Current version of pixman: 0.36.0
[   166.455] 	Before reporting problems, check http://wiki.x.org
	to make sure that you have the latest version.
[   166.455] Markers: (--) probed, (**) from config file, (==) default setting,
	(++) from command line, (!!) notice, (II) informational,
	(WW) warning, (EE) error, (NI) not implemented, (??) unknown.
[   166.455] (==) Log file: "/home/USERNAME/.local/share/xorg/Xorg.0.log", Time: Fri Aug 30 10:24:45 2019
[   166.455] (==) Using system config directory "/usr/share/X11/xorg.conf.d"
[   166.455] (==) No Layout section.  Using the first Screen section.
[   166.455] (==) No screen section available. Using defaults.
[   166.455] (**) |-->Screen "Default Screen Section" (0)
[   166.455] (**) |   |-->Monitor "<default monitor>"
[   166.456] (==) No monitor specified for screen "Default Screen Section".
	Using a default monitor configuration.
[   166.456] (==) Automatically adding devices
[   166.456] (==) Automatically enabling devices
[   166.456] (==) Automatically adding GPU devices
[   166.456] (==) Automatically binding GPU devices
[   166.456] (==) Max clients allowed: 256, resource mask: 0x1fffff
[   166.456] (WW) The directory "/usr/share/fonts/X11/cyrillic" does not exist.
[   166.456] 	Entry deleted from font path.
[   166.456] (WW) The directory "/usr/share/fonts/X11/100dpi/" does not exist.
[   166.456] 	Entry deleted from font path.
[   166.456] (WW) The directory "/usr/share/fonts/X11/75dpi/" does not exist.
[   166.456] 	Entry deleted from font path.
[   166.456] (WW) The directory "/usr/share/fonts/X11/100dpi" does not exist.
[   166.456] 	Entry deleted from font path.
[   166.456] (WW) The directory "/usr/share/fonts/X11/75dpi" does not exist.
[   166.456] 	Entry deleted from font path.
[   166.456] (==) FontPath set to:
	/usr/share/fonts/X11/misc,
	/usr/share/fonts/X11/Type1,
	built-ins
[   166.456] (==) ModulePath set to "/usr/lib/xorg/modules"
[   166.456] (II) The server relies on udev to provide the list of input devices.
	If no devices become available, reconfigure udev or disable AutoAddDevices.
[   166.456] (II) Loader magic: 0x55ea83272020
[   166.456] (II) Module ABI versions:
[   166.456] 	X.Org ANSI C Emulation: 0.4
[   166.456] 	X.Org Video Driver: 24.0
[   166.456] 	X.Org XInput driver : 24.1
[   166.456] 	X.Org Server Extension : 10.0
[   166.456] (++) using VT number 2

[   166.458] (II) systemd-logind: took control of session /org/freedesktop/login1/session/_32
[   166.458] (II) xfree86: Adding drm device (/dev/dri/card0)
[   166.459] (II) systemd-logind: got fd for /dev/dri/card0 226:0 fd 12 paused 0
[   166.460] (--) PCI:*(0@0:2:0) 8086:5916:17aa:3988 rev 2, Mem @ 0x63000000/16777216, 0x30000000/268435456, I/O @ 0x00004000/64, BIOS @ 0x????????/131072
[   166.460] (II) LoadModule: "glx"
[   166.460] (II) Loading /usr/lib/xorg/modules/extensions/libglx.so
[   166.461] (II) Module glx: vendor="X.Org Foundation"
[   166.461] 	compiled for 1.20.4, module version = 1.0.0
[   166.461] 	ABI class: X.Org Server Extension, version 10.0
[   166.461] (==) Matched modesetting as autoconfigured driver 0
[   166.461] (==) Matched fbdev as autoconfigured driver 1
[   166.461] (==) Matched vesa as autoconfigured driver 2
[   166.461] (==) Assigned the driver to the xf86ConfigLayout
[   166.461] (II) LoadModule: "modesetting"
[   166.461] (II) Loading /usr/lib/xorg/modules/drivers/modesetting_drv.so
[   166.461] (II) Module modesetting: vendor="X.Org Foundation"
[   166.461] 	compiled for 1.20.4, module version = 1.20.4
[   166.461] 	Module class: X.Org Video Driver
[   166.461] 	ABI class: X.Org Video Driver, version 24.0
[   166.461] (II) LoadModule: "fbdev"
[   166.461] (II) Loading /usr/lib/xorg/modules/drivers/fbdev_drv.so
[   166.461] (II) Module fbdev: vendor="X.Org Foundation"
[   166.461] 	compiled for 1.20.1, module version = 0.5.0
[   166.461] 	Module class: X.Org Video Driver
[   166.461] 	ABI class: X.Org Video Driver, version 24.0
[   166.461] (II) LoadModule: "vesa"
[   166.461] (II) Loading /usr/lib/xorg/modules/drivers/vesa_drv.so
[   166.461] (II) Module vesa: vendor="X.Org Foundation"
[   166.461] 	compiled for 1.20.4, module version = 2.4.0
[   166.461] 	Module class: X.Org Video Driver
[   166.461] 	ABI class: X.Org Video Driver, version 24.0
[   166.461] (II) modesetting: Driver for Modesetting Kernel Drivers: kms
[   166.461] (II) FBDEV: driver for framebuffer: fbdev
[   166.461] (II) VESA: driver for VESA chipsets: vesa
[   166.462] xf86EnableIOPorts: failed to set IOPL for I/O (Operation not permitted)
[   166.462] (II) modeset(0): using drv /dev/dri/card0
[   166.462] (WW) Falling back to old probe method for fbdev
[   166.462] (II) Loading sub module "fbdevhw"
[   166.462] (II) LoadModule: "fbdevhw"
[   166.462] (II) Loading /usr/lib/xorg/modules/libfbdevhw.so
[   166.462] (II) Module fbdevhw: vendor="X.Org Foundation"
[   166.462] 	compiled for 1.20.4, module version = 0.0.2
[   166.462] 	ABI class: X.Org Video Driver, version 24.0
[   166.462] (EE) open /dev/fb0: Permission denied
[   166.462] (WW) VGA arbiter: cannot open kernel arbiter, no multi-card support
[   166.462] (II) modeset(0): Creating default Display subsection in Screen section
	"Default Screen Section" for depth/fbbpp 24/32
[   166.462] (==) modeset(0): Depth 24, (==) framebuffer bpp 32
[   166.462] (==) modeset(0): RGB weight 888
[   166.462] (==) modeset(0): Default visual is TrueColor
[   166.462] (II) Loading sub module "glamoregl"
[   166.462] (II) LoadModule: "glamoregl"
[   166.462] (II) Loading /usr/lib/xorg/modules/libglamoregl.so
[   166.464] (II) Module glamoregl: vendor="X.Org Foundation"
[   166.464] 	compiled for 1.20.4, module version = 1.0.1
[   166.464] 	ABI class: X.Org ANSI C Emulation, version 0.4
[   166.474] (II) modeset(0): glamor X acceleration enabled on Mesa DRI Intel(R) HD Graphics 620 (Kaby Lake GT2) 
[   166.474] (II) modeset(0): glamor initialized
[   166.476] (II) modeset(0): Output eDP-1 has no monitor section
[   166.476] (II) modeset(0): Output DP-1 has no monitor section
[   166.587] (II) modeset(0): Output HDMI-1 has no monitor section
[   166.589] (II) modeset(0): EDID for output eDP-1
[   166.589] (II) modeset(0): Manufacturer: IVO  Model: 536  Serial#: 0
[   166.589] (II) modeset(0): Year: 2016  Week: 0
[   166.589] (II) modeset(0): EDID Version: 1.4
[   166.589] (II) modeset(0): Digital Display Input
[   166.589] (II) modeset(0): 8 bits per channel
[   166.589] (II) modeset(0): Digital interface is DisplayPort
[   166.589] (II) modeset(0): Max Image Size [cm]: horiz.: 29  vert.: 17
[   166.590] (II) modeset(0): Gamma: 2.20
[   166.590] (II) modeset(0): No DPMS capabilities specified
[   166.590] (II) modeset(0): Supported color encodings: RGB 4:4:4 YCrCb 4:4:4 
[   166.590] (II) modeset(0): First detailed timing is preferred mode
[   166.590] (II) modeset(0): Preferred mode is native pixel format and refresh rate
[   166.590] (II) modeset(0): redX: 0.640 redY: 0.329   greenX: 0.300 greenY: 0.600
[   166.590] (II) modeset(0): blueX: 0.149 blueY: 0.060   whiteX: 0.312 whiteY: 0.328
[   166.590] (II) modeset(0): Manufacturer's mask: 0
[   166.590] (II) modeset(0): Supported detailed timing:
[   166.590] (II) modeset(0): clock: 138.8 MHz   Image Size:  294 x 165 mm
[   166.590] (II) modeset(0): h_active: 1920  h_sync: 1944  h_sync_end 1992 h_blank_end 2080 h_border: 0
[   166.590] (II) modeset(0): v_active: 1080  v_sync: 1083  v_sync_end 1095 v_blanking: 1112 v_border: 0
[   166.590] (II) modeset(0):  InfoVision
[   166.590] (II) modeset(0):  M133NWF4 R0
[   166.590] (II) modeset(0): EDID (in hex):
[   166.590] (II) modeset(0): 	00ffffffffffff0026cf360500000000
[   166.590] (II) modeset(0): 	001a0104a51d11780ade50a3544c9926
[   166.590] (II) modeset(0): 	0f505400000001010101010101010101
[   166.590] (II) modeset(0): 	010101010101383680a0703820401830
[   166.590] (II) modeset(0): 	3c0026a5100000190000000000000000
[   166.590] (II) modeset(0): 	00000000000000000000000000fe0049
[   166.590] (II) modeset(0): 	6e666f566973696f6e0a2020000000fe
[   166.590] (II) modeset(0): 	004d3133334e574634205230200a0048
[   166.591] (II) modeset(0): Printing probed modes for output eDP-1
[   166.591] (II) modeset(0): Modeline "1920x1080"x60.0  138.80  1920 1944 1992 2080  1080 1083 1095 1112 -hsync -vsync (66.7 kHz eP)
[   166.591] (II) modeset(0): Modeline "1920x1080"x120.0  356.38  1920 2080 2288 2656  1080 1081 1084 1118 doublescan -hsync +vsync (134.2 kHz d)
[   166.591] (II) modeset(0): Modeline "1920x1080"x119.9  266.50  1920 1944 1960 2000  1080 1081 1084 1111 doublescan +hsync -vsync (133.2 kHz d)
[   166.591] (II) modeset(0): Modeline "1920x1080"x60.0  173.00  1920 2048 2248 2576  1080 1083 1088 1120 -hsync +vsync (67.2 kHz d)
[   166.591] (II) modeset(0): Modeline "1920x1080"x59.9  138.50  1920 1968 2000 2080  1080 1083 1088 1111 +hsync -vsync (66.6 kHz d)
[   166.591] (II) modeset(0): Modeline "1680x1050"x60.0  146.25  1680 1784 1960 2240  1050 1053 1059 1089 -hsync +vsync (65.3 kHz d)
[   166.591] (II) modeset(0): Modeline "1680x1050"x59.9  119.00  1680 1728 1760 1840  1050 1053 1059 1080 +hsync -vsync (64.7 kHz d)
[   166.591] (II) modeset(0): Modeline "1600x1024"x60.2  103.12  1600 1600 1656 1664  1024 1024 1029 1030 +hsync +vsync (62.0 kHz d)
[   166.591] (II) modeset(0): Modeline "1400x1050"x60.0  122.00  1400 1488 1640 1880  1050 1052 1064 1082 +hsync +vsync (64.9 kHz d)
[   166.591] (II) modeset(0): Modeline "1600x900"x120.0  246.00  1600 1728 1900 2200  900 901 904 932 doublescan -hsync +vsync (111.8 kHz d)
[   166.591] (II) modeset(0): Modeline "1600x900"x119.9  186.50  1600 1624 1640 1680  900 901 904 926 doublescan +hsync -vsync (111.0 kHz d)
[   166.591] (II) modeset(0): Modeline "1600x900"x59.9  118.25  1600 1696 1856 2112  900 903 908 934 -hsync +vsync (56.0 kHz d)
[   166.591] (II) modeset(0): Modeline "1600x900"x59.8   97.50  1600 1648 1680 1760  900 903 908 926 +hsync -vsync (55.4 kHz d)
[   166.591] (II) modeset(0): Modeline "1280x1024"x60.0  108.00  1280 1328 1440 1688  1024 1025 1028 1066 +hsync +vsync (64.0 kHz d)
[   166.591] (II) modeset(0): Modeline "1440x900"x59.9  106.50  1440 1520 1672 1904  900 903 909 934 -hsync +vsync (55.9 kHz d)
[   166.591] (II) modeset(0): Modeline "1400x900"x60.0  103.50  1400 1480 1624 1848  900 903 913 934 -hsync +vsync (56.0 kHz d)
[   166.591] (II) modeset(0): Modeline "1400x900"x59.9   86.50  1400 1448 1480 1560  900 903 913 926 +hsync -vsync (55.4 kHz d)
[   166.591] (II) modeset(0): Modeline "1280x960"x60.0  108.00  1280 1376 1488 1800  960 961 964 1000 +hsync +vsync (60.0 kHz d)
[   166.591] (II) modeset(0): Modeline "1440x810"x120.0  198.12  1440 1548 1704 1968  810 811 814 839 doublescan -hsync +vsync (100.7 kHz d)
[   166.591] (II) modeset(0): Modeline "1440x810"x119.9  151.88  1440 1464 1480 1520  810 811 814 833 doublescan +hsync -vsync (99.9 kHz d)
[   166.591] (II) modeset(0): Modeline "1368x768"x59.9   85.25  1368 1440 1576 1784  768 771 781 798 -hsync +vsync (47.8 kHz d)
[   166.591] (II) modeset(0): Modeline "1368x768"x59.9   72.25  1368 1416 1448 1528  768 771 781 790 +hsync -vsync (47.3 kHz d)
[   166.592] (II) modeset(0): Modeline "1360x768"x59.8   84.75  1360 1432 1568 1776  768 771 781 798 -hsync +vsync (47.7 kHz d)
[   166.592] (II) modeset(0): Modeline "1360x768"x60.0   72.00  1360 1408 1440 1520  768 771 781 790 +hsync -vsync (47.4 kHz d)
[   166.592] (II) modeset(0): Modeline "1280x800"x120.0  174.25  1280 1380 1516 1752  800 801 804 829 doublescan -hsync +vsync (99.5 kHz d)
[   166.592] (II) modeset(0): Modeline "1280x800"x119.9  134.25  1280 1304 1320 1360  800 801 804 823 doublescan +hsync -vsync (98.7 kHz d)
[   166.592] (II) modeset(0): Modeline "1280x800"x59.8   83.50  1280 1352 1480 1680  800 803 809 831 -hsync +vsync (49.7 kHz d)
[   166.592] (II) modeset(0): Modeline "1280x800"x59.9   71.00  1280 1328 1360 1440  800 803 809 823 +hsync -vsync (49.3 kHz d)
[   166.592] (II) modeset(0): Modeline "1152x864"x60.0   81.62  1152 1216 1336 1520  864 865 868 895 -hsync +vsync (53.7 kHz d)
[   166.592] (II) modeset(0): Modeline "1280x720"x120.0  156.12  1280 1376 1512 1744  720 721 724 746 doublescan -hsync +vsync (89.5 kHz d)
[   166.592] (II) modeset(0): Modeline "1280x720"x120.0  120.75  1280 1304 1320 1360  720 721 724 740 doublescan +hsync -vsync (88.8 kHz d)
[   166.592] (II) modeset(0): Modeline "1280x720"x59.9   74.50  1280 1344 1472 1664  720 723 728 748 -hsync +vsync (44.8 kHz d)
[   166.592] (II) modeset(0): Modeline "1280x720"x59.7   63.75  1280 1328 1360 1440  720 723 728 741 +hsync -vsync (44.3 kHz d)
[   166.592] (II) modeset(0): Modeline "1024x768"x120.1  133.47  1024 1100 1212 1400  768 768 770 794 doublescan -hsync +vsync (95.3 kHz d)
[   166.592] (II) modeset(0): Modeline "1024x768"x60.0   65.00  1024 1048 1184 1344  768 771 777 806 -hsync -vsync (48.4 kHz d)
[   166.592] (II) modeset(0): Modeline "960x720"x120.0  117.00  960 1024 1128 1300  720 720 722 750 doublescan -hsync +vsync (90.0 kHz d)
[   166.592] (II) modeset(0): Modeline "928x696"x120.1  109.15  928 976 1088 1264  696 696 698 719 doublescan -hsync +vsync (86.4 kHz d)
[   166.592] (II) modeset(0): Modeline "896x672"x120.0  102.40  896 960 1060 1224  672 672 674 697 doublescan -hsync +vsync (83.7 kHz d)
[   166.592] (II) modeset(0): Modeline "1024x576"x119.9   98.50  1024 1092 1200 1376  576 577 580 597 doublescan -hsync +vsync (71.6 kHz d)
[   166.592] (II) modeset(0): Modeline "1024x576"x119.9   78.38  1024 1048 1064 1104  576 577 580 592 doublescan +hsync -vsync (71.0 kHz d)
[   166.592] (II) modeset(0): Modeline "1024x576"x59.9   46.50  1024 1064 1160 1296  576 579 584 599 -hsync +vsync (35.9 kHz d)
[   166.592] (II) modeset(0): Modeline "1024x576"x59.8   42.00  1024 1072 1104 1184  576 579 584 593 +hsync -vsync (35.5 kHz d)
[   166.592] (II) modeset(0): Modeline "960x600"x119.9   96.62  960 1028 1128 1296  600 601 604 622 doublescan -hsync +vsync (74.6 kHz d)
[   166.592] (II) modeset(0): Modeline "960x600"x120.0   77.00  960 984 1000 1040  600 601 604 617 doublescan +hsync -vsync (74.0 kHz d)
[   166.592] (II) modeset(0): Modeline "960x540"x119.9   86.50  960 1024 1124 1288  540 541 544 560 doublescan -hsync +vsync (67.2 kHz d)
[   166.592] (II) modeset(0): Modeline "960x540"x120.0   69.25  960 984 1000 1040  540 541 544 555 doublescan +hsync -vsync (66.6 kHz d)
[   166.592] (II) modeset(0): Modeline "960x540"x59.6   40.75  960 992 1088 1216  540 543 548 562 -hsync +vsync (33.5 kHz d)
[   166.592] (II) modeset(0): Modeline "960x540"x59.8   37.25  960 1008 1040 1120  540 543 548 556 +hsync -vsync (33.3 kHz d)
[   166.592] (II) modeset(0): Modeline "800x600"x120.0   81.00  800 832 928 1080  600 600 602 625 doublescan +hsync +vsync (75.0 kHz d)
[   166.592] (II) modeset(0): Modeline "800x600"x60.3   40.00  800 840 968 1056  600 601 605 628 +hsync +vsync (37.9 kHz d)
[   166.592] (II) modeset(0): Modeline "800x600"x56.2   36.00  800 824 896 1024  600 601 603 625 +hsync +vsync (35.2 kHz d)
[   166.592] (II) modeset(0): Modeline "840x525"x120.0   73.12  840 892 980 1120  525 526 529 544 doublescan -hsync +vsync (65.3 kHz d)
[   166.592] (II) modeset(0): Modeline "840x525"x119.8   59.50  840 864 880 920  525 526 529 540 doublescan +hsync -vsync (64.7 kHz d)
[   166.592] (II) modeset(0): Modeline "864x486"x59.9   32.50  864 888 968 1072  486 489 494 506 -hsync +vsync (30.3 kHz d)
[   166.592] (II) modeset(0): Modeline "864x486"x59.6   30.50  864 912 944 1024  486 489 494 500 +hsync -vsync (29.8 kHz d)
[   166.592] (II) modeset(0): Modeline "800x512"x120.3   51.56  800 800 828 832  512 512 514 515 doublescan +hsync +vsync (62.0 kHz d)
[   166.592] (II) modeset(0): Modeline "700x525"x120.0   61.00  700 744 820 940  525 526 532 541 doublescan +hsync +vsync (64.9 kHz d)
[   166.593] (II) modeset(0): Modeline "800x450"x119.9   59.12  800 848 928 1056  450 451 454 467 doublescan -hsync +vsync (56.0 kHz d)
[   166.593] (II) modeset(0): Modeline "800x450"x119.6   48.75  800 824 840 880  450 451 454 463 doublescan +hsync -vsync (55.4 kHz d)
[   166.593] (II) modeset(0): Modeline "640x512"x120.0   54.00  640 664 720 844  512 512 514 533 doublescan +hsync +vsync (64.0 kHz d)
[   166.593] (II) modeset(0): Modeline "720x450"x119.8   53.25  720 760 836 952  450 451 454 467 doublescan -hsync +vsync (55.9 kHz d)
[   166.593] (II) modeset(0): Modeline "700x450"x119.9   51.75  700 740 812 924  450 451 456 467 doublescan -hsync +vsync (56.0 kHz d)
[   166.593] (II) modeset(0): Modeline "700x450"x119.8   43.25  700 724 740 780  450 451 456 463 doublescan +hsync -vsync (55.4 kHz d)
[   166.593] (II) modeset(0): Modeline "640x480"x120.0   54.00  640 688 744 900  480 480 482 500 doublescan +hsync +vsync (60.0 kHz d)
[   166.593] (II) modeset(0): Modeline "640x480"x59.9   25.18  640 656 752 800  480 490 492 525 -hsync -vsync (31.5 kHz d)
[   166.593] (II) modeset(0): Modeline "720x405"x59.5   22.50  720 744 808 896  405 408 413 422 -hsync +vsync (25.1 kHz d)
[   166.593] (II) modeset(0): Modeline "720x405"x59.0   21.75  720 768 800 880  405 408 413 419 +hsync -vsync (24.7 kHz d)
[   166.593] (II) modeset(0): Modeline "684x384"x119.8   42.62  684 720 788 892  384 385 390 399 doublescan -hsync +vsync (47.8 kHz d)
[   166.593] (II) modeset(0): Modeline "684x384"x119.7   36.12  684 708 724 764  384 385 390 395 doublescan +hsync -vsync (47.3 kHz d)
[   166.593] (II) modeset(0): Modeline "680x384"x119.6   42.38  680 716 784 888  384 385 390 399 doublescan -hsync +vsync (47.7 kHz d)
[   166.593] (II) modeset(0): Modeline "680x384"x119.9   36.00  680 704 720 760  384 385 390 395 doublescan +hsync -vsync (47.4 kHz d)
[   166.593] (II) modeset(0): Modeline "640x400"x119.8   41.75  640 676 740 840  400 401 404 415 doublescan -hsync +vsync (49.7 kHz d)
[   166.593] (II) modeset(0): Modeline "640x400"x120.0   35.50  640 664 680 720  400 401 404 411 doublescan +hsync -vsync (49.3 kHz d)
[   166.593] (II) modeset(0): Modeline "576x432"x120.1   40.81  576 608 668 760  432 432 434 447 doublescan -hsync +vsync (53.7 kHz d)
[   166.593] (II) modeset(0): Modeline "640x360"x119.7   37.25  640 672 736 832  360 361 364 374 doublescan -hsync +vsync (44.8 kHz d)
[   166.593] (II) modeset(0): Modeline "640x360"x119.7   31.88  640 664 680 720  360 361 364 370 doublescan +hsync -vsync (44.3 kHz d)
[   166.593] (II) modeset(0): Modeline "640x360"x59.8   18.00  640 664 720 800  360 363 368 376 -hsync +vsync (22.5 kHz d)
[   166.593] (II) modeset(0): Modeline "640x360"x59.3   17.75  640 688 720 800  360 363 368 374 +hsync -vsync (22.2 kHz d)
[   166.593] (II) modeset(0): Modeline "512x384"x120.0   32.50  512 524 592 672  384 385 388 403 doublescan -hsync -vsync (48.4 kHz d)
[   166.593] (II) modeset(0): Modeline "512x288"x120.0   23.25  512 532 580 648  288 289 292 299 doublescan -hsync +vsync (35.9 kHz d)
[   166.593] (II) modeset(0): Modeline "512x288"x119.8   21.00  512 536 552 592  288 289 292 296 doublescan +hsync -vsync (35.5 kHz d)
[   166.593] (II) modeset(0): Modeline "480x270"x119.3   20.38  480 496 544 608  270 271 274 281 doublescan -hsync +vsync (33.5 kHz d)
[   166.593] (II) modeset(0): Modeline "480x270"x119.6   18.62  480 504 520 560  270 271 274 278 doublescan +hsync -vsync (33.3 kHz d)
[   166.593] (II) modeset(0): Modeline "400x300"x120.6   20.00  400 420 484 528  300 300 302 314 doublescan +hsync +vsync (37.9 kHz d)
[   166.593] (II) modeset(0): Modeline "400x300"x112.7   18.00  400 412 448 512  300 300 301 312 doublescan +hsync +vsync (35.2 kHz d)
[   166.593] (II) modeset(0): Modeline "432x243"x119.8   16.25  432 444 484 536  243 244 247 253 doublescan -hsync +vsync (30.3 kHz d)
[   166.593] (II) modeset(0): Modeline "432x243"x119.1   15.25  432 456 472 512  243 244 247 250 doublescan +hsync -vsync (29.8 kHz d)
[   166.593] (II) modeset(0): Modeline "320x240"x120.1   12.59  320 328 376 400  240 245 246 262 doublescan -hsync -vsync (31.5 kHz d)
[   166.593] (II) modeset(0): Modeline "360x202"x119.0   11.25  360 372 404 448  202 204 206 211 doublescan -hsync +vsync (25.1 kHz d)
[   166.593] (II) modeset(0): Modeline "360x202"x118.3   10.88  360 384 400 440  202 204 206 209 doublescan +hsync -vsync (24.7 kHz d)
[   166.593] (II) modeset(0): Modeline "320x180"x119.7    9.00  320 332 360 400  180 181 184 188 doublescan -hsync +vsync (22.5 kHz d)
[   166.593] (II) modeset(0): Modeline "320x180"x118.6    8.88  320 344 360 400  180 181 184 187 doublescan +hsync -vsync (22.2 kHz d)
[   166.594] (II) modeset(0): EDID for output DP-1
[   166.706] (II) modeset(0): EDID for output HDMI-1
[   166.706] (II) modeset(0): Output eDP-1 connected
[   166.706] (II) modeset(0): Output DP-1 disconnected
[   166.706] (II) modeset(0): Output HDMI-1 disconnected
[   166.706] (II) modeset(0): Using exact sizes for initial modes
[   166.706] (II) modeset(0): Output eDP-1 using initial mode 1920x1080 +0+0
[   166.706] (==) modeset(0): Using gamma correction (1.0, 1.0, 1.0)
[   166.706] (==) modeset(0): DPI set to (96, 96)
[   166.706] (II) Loading sub module "fb"
[   166.706] (II) LoadModule: "fb"
[   166.706] (II) Loading /usr/lib/xorg/modules/libfb.so
[   166.706] (II) Module fb: vendor="X.Org Foundation"
[   166.706] 	compiled for 1.20.4, module version = 1.0.0
[   166.706] 	ABI class: X.Org ANSI C Emulation, version 0.4
[   166.707] (II) UnloadModule: "fbdev"
[   166.707] (II) Unloading fbdev
[   166.707] (II) UnloadSubModule: "fbdevhw"
[   166.707] (II) Unloading fbdevhw
[   166.707] (II) UnloadModule: "vesa"
[   166.707] (II) Unloading vesa
[   166.789] (==) modeset(0): Backing store enabled
[   166.789] (==) modeset(0): Silken mouse enabled
[   166.852] (II) modeset(0): Initializing kms color map for depth 24, 8 bpc.
[   166.853] (==) modeset(0): DPMS enabled
[   166.853] (II) modeset(0): [DRI2] Setup complete
[   166.853] (II) modeset(0): [DRI2]   DRI driver: i965
[   166.853] (II) modeset(0): [DRI2]   VDPAU driver: i965
[   166.853] (II) Initializing extension Generic Event Extension
[   166.853] (II) Initializing extension SHAPE
[   166.853] (II) Initializing extension MIT-SHM
[   166.853] (II) Initializing extension XInputExtension
[   166.853] (II) Initializing extension XTEST
[   166.854] (II) Initializing extension BIG-REQUESTS
[   166.854] (II) Initializing extension SYNC
[   166.854] (II) Initializing extension XKEYBOARD
[   166.854] (II) Initializing extension XC-MISC
[   166.854] (II) Initializing extension SECURITY
[   166.854] (II) Initializing extension XFIXES
[   166.854] (II) Initializing extension RENDER
[   166.854] (II) Initializing extension RANDR
[   166.855] (II) Initializing extension COMPOSITE
[   166.855] (II) Initializing extension DAMAGE
[   166.855] (II) Initializing extension MIT-SCREEN-SAVER
[   166.855] (II) Initializing extension DOUBLE-BUFFER
[   166.855] (II) Initializing extension RECORD
[   166.855] (II) Initializing extension DPMS
[   166.855] (II) Initializing extension Present
[   166.855] (II) Initializing extension DRI3
[   166.855] (II) Initializing extension X-Resource
[   166.856] (II) Initializing extension XVideo
[   166.856] (II) Initializing extension XVideo-MotionCompensation
[   166.856] (II) Initializing extension SELinux
[   166.856] (II) SELinux: Disabled on system
[   166.856] (II) Initializing extension GLX
[   166.860] (II) AIGLX: Loaded and initialized i965
[   166.860] (II) GLX: Initialized DRI2 GL provider for screen 0
[   166.860] (II) Initializing extension XFree86-VidModeExtension
[   166.860] (II) Initializing extension XFree86-DGA
[   166.860] (II) Initializing extension XFree86-DRI
[   166.860] (II) Initializing extension DRI2
[   166.863] (II) modeset(0): Damage tracking initialized
[   166.863] (II) modeset(0): Setting screen physical size to 508 x 285
[   166.896] (II) config/udev: Adding input device Power Button (/dev/input/event2)
[   166.896] (**) Power Button: Applying InputClass "libinput keyboard catchall"
[   166.896] (II) LoadModule: "libinput"
[   166.897] (II) Loading /usr/lib/xorg/modules/input/libinput_drv.so
[   166.898] (II) Module libinput: vendor="X.Org Foundation"
[   166.898] 	compiled for 1.20.4, module version = 0.28.2
[   166.898] 	Module class: X.Org XInput Driver
[   166.898] 	ABI class: X.Org XInput driver, version 24.1
[   166.898] (II) Using input driver 'libinput' for 'Power Button'
[   166.898] (II) systemd-logind: got fd for /dev/input/event2 13:66 fd 21 paused 0
[   166.898] (**) Power Button: always reports core events
[   166.898] (**) Option "Device" "/dev/input/event2"
[   166.898] (**) Option "_source" "server/udev"
[   166.900] (II) event2  - Power Button: is tagged by udev as: Keyboard
[   166.900] (II) event2  - Power Button: device is a keyboard
[   166.900] (II) event2  - Power Button: device removed
[   166.900] (**) Option "config_info" "udev:/sys/devices/LNXSYSTM:00/LNXPWRBN:00/input/input2/event2"
[   166.900] (II) XINPUT: Adding extended input device "Power Button" (type: KEYBOARD, id 6)
[   166.900] (**) Option "xkb_layout" "de"
[   166.914] (II) event2  - Power Button: is tagged by udev as: Keyboard
[   166.914] (II) event2  - Power Button: device is a keyboard
[   166.914] (II) config/udev: Adding input device Video Bus (/dev/input/event4)
[   166.914] (**) Video Bus: Applying InputClass "libinput keyboard catchall"
[   166.914] (II) Using input driver 'libinput' for 'Video Bus'
[   166.914] (II) systemd-logind: got fd for /dev/input/event4 13:68 fd 24 paused 0
[   166.915] (**) Video Bus: always reports core events
[   166.915] (**) Option "Device" "/dev/input/event4"
[   166.915] (**) Option "_source" "server/udev"
[   166.915] (II) event4  - Video Bus: is tagged by udev as: Keyboard
[   166.915] (II) event4  - Video Bus: device is a keyboard
[   166.915] (II) event4  - Video Bus: device removed
[   166.915] (**) Option "config_info" "udev:/sys/devices/LNXSYSTM:00/LNXSYBUS:00/PNP0A08:00/LNXVIDEO:00/input/input4/event4"
[   166.915] (II) XINPUT: Adding extended input device "Video Bus" (type: KEYBOARD, id 7)
[   166.915] (**) Option "xkb_layout" "de"
[   166.916] (II) event4  - Video Bus: is tagged by udev as: Keyboard
[   166.916] (II) event4  - Video Bus: device is a keyboard
[   166.916] (II) config/udev: Adding input device Lid Switch (/dev/input/event0)
[   166.916] (II) No input driver specified, ignoring this device.
[   166.916] (II) This device may have been added with another device file.
[   166.916] (II) config/udev: Adding input device Power Button (/dev/input/event1)
[   166.917] (**) Power Button: Applying InputClass "libinput keyboard catchall"
[   166.917] (II) Using input driver 'libinput' for 'Power Button'
[   166.917] (II) systemd-logind: got fd for /dev/input/event1 13:65 fd 25 paused 0
[   166.917] (**) Power Button: always reports core events
[   166.917] (**) Option "Device" "/dev/input/event1"
[   166.917] (**) Option "_source" "server/udev"
[   166.918] (II) event1  - Power Button: is tagged by udev as: Keyboard
[   166.918] (II) event1  - Power Button: device is a keyboard
[   166.918] (II) event1  - Power Button: device removed
[   166.918] (**) Option "config_info" "udev:/sys/devices/LNXSYSTM:00/LNXSYBUS:00/PNP0C0C:00/input/input1/event1"
[   166.918] (II) XINPUT: Adding extended input device "Power Button" (type: KEYBOARD, id 8)
[   166.918] (**) Option "xkb_layout" "de"
[   166.918] (II) event1  - Power Button: is tagged by udev as: Keyboard
[   166.918] (II) event1  - Power Button: device is a keyboard
[   166.919] (II) config/udev: Adding input device EasyCamera: EasyCamera (/dev/input/event6)
[   166.919] (**) EasyCamera: EasyCamera: Applying InputClass "libinput keyboard catchall"
[   166.919] (II) Using input driver 'libinput' for 'EasyCamera: EasyCamera'
[   166.919] (II) systemd-logind: got fd for /dev/input/event6 13:70 fd 26 paused 0
[   166.919] (**) EasyCamera: EasyCamera: always reports core events
[   166.919] (**) Option "Device" "/dev/input/event6"
[   166.919] (**) Option "_source" "server/udev"
[   166.920] (II) event6  - EasyCamera: EasyCamera: is tagged by udev as: Keyboard
[   166.920] (II) event6  - EasyCamera: EasyCamera: device is a keyboard
[   166.920] (II) event6  - EasyCamera: EasyCamera: device removed
[   166.920] (**) Option "config_info" "udev:/sys/devices/pci0000:00/0000:00:14.0/usb1/1-5/1-5:1.0/input/input20/event6"
[   166.920] (II) XINPUT: Adding extended input device "EasyCamera: EasyCamera" (type: KEYBOARD, id 9)
[   166.920] (**) Option "xkb_layout" "de"
[   166.921] (II) event6  - EasyCamera: EasyCamera: is tagged by udev as: Keyboard
[   166.921] (II) event6  - EasyCamera: EasyCamera: device is a keyboard
[   166.922] (II) config/udev: Adding input device MSFT0001:02 06CB:7F8F Touchpad (/dev/input/event5)
[   166.922] (**) MSFT0001:02 06CB:7F8F Touchpad: Applying InputClass "libinput touchpad catchall"
[   166.922] (II) Using input driver 'libinput' for 'MSFT0001:02 06CB:7F8F Touchpad'
[   167.032] (II) systemd-logind: got fd for /dev/input/event5 13:69 fd 27 paused 0
[   167.032] (**) MSFT0001:02 06CB:7F8F Touchpad: always reports core events
[   167.032] (**) Option "Device" "/dev/input/event5"
[   167.032] (**) Option "_source" "server/udev"
[   167.036] (II) event5  - MSFT0001:02 06CB:7F8F Touchpad: is tagged by udev as: Touchpad
[   167.039] (II) event5  - MSFT0001:02 06CB:7F8F Touchpad: device is a touchpad
[   167.039] (II) event5  - MSFT0001:02 06CB:7F8F Touchpad: device removed
[   167.039] (**) Option "config_info" "udev:/sys/devices/pci0000:00/0000:00:15.0/i2c_designware.0/i2c-1/i2c-MSFT0001:02/0018:06CB:7F8F.0001/input/input18/event5"
[   167.039] (II) XINPUT: Adding extended input device "MSFT0001:02 06CB:7F8F Touchpad" (type: TOUCHPAD, id 10)
[   167.042] (**) Option "AccelerationScheme" "none"
[   167.042] (**) MSFT0001:02 06CB:7F8F Touchpad: (accel) selected scheme none/0
[   167.042] (**) MSFT0001:02 06CB:7F8F Touchpad: (accel) acceleration factor: 2.000
[   167.042] (**) MSFT0001:02 06CB:7F8F Touchpad: (accel) acceleration threshold: 4
[   167.045] (II) event5  - MSFT0001:02 06CB:7F8F Touchpad: is tagged by udev as: Touchpad
[   167.047] (II) event5  - MSFT0001:02 06CB:7F8F Touchpad: device is a touchpad
[   167.049] (II) config/udev: Adding input device MSFT0001:02 06CB:7F8F Touchpad (/dev/input/mouse0)
[   167.049] (II) No input driver specified, ignoring this device.
[   167.049] (II) This device may have been added with another device file.
[   167.050] (II) config/udev: Adding input device Wacom HID 50EF Pen (/dev/input/event7)
[   167.051] (**) Wacom HID 50EF Pen: Applying InputClass "libinput tablet catchall"
[   167.051] (**) Wacom HID 50EF Pen: Applying InputClass "Wacom USB tablet class"
[   167.051] (**) Wacom HID 50EF Pen: Applying InputClass "Wacom tablet class"
[   167.051] (II) LoadModule: "wacom"
[   167.051] (II) Loading /usr/lib/xorg/modules/input/wacom_drv.so
[   167.051] (II) Module wacom: vendor="X.Org Foundation"
[   167.051] 	compiled for 1.20.4, module version = 0.36.1
[   167.051] 	Module class: X.Org XInput Driver
[   167.051] 	ABI class: X.Org XInput driver, version 24.1
[   167.051] (II) Build version: 0.36.1
[   167.051] (II) wacom: Driver for Wacom graphics tablets: PenPartner, Graphire,
	Graphire2 4x5, Graphire2 5x7, Graphire3 4x5, Graphire3 6x8,
	Graphire4 4x5, Graphire4 6x8, BambooFun 4x5, BambooFun 6x8,
	Bamboo1 Medium, Graphire4 6x8 BlueTooth, CTL-460, CTH-461, CTL-660,
	CTL-461/S, Bamboo Touch, CTH-460/K, CTH-461/S, CTH-661/S1, CTH-461/L,
	CTH-661/L, Intuos 4x5, Intuos 6x8, Intuos 9x12, Intuos 12x12,
	Intuos 12x18, PTU600, PL400, PL500, PL600, PL600SX, PL550, PL800,
	PL700, PL510, PL710, DTI520, DTF720, DTF720a, DTF521, DTU1931,
	DTU2231, DTU1631, DTH1152, DTH1152, DTK2451, DTH2452, DTH2452,
	Intuos2 4x5, Intuos2 6x8, Intuos2 9x12, Intuos2 12x12, Intuos2 12x18,
	Intuos2 6x8 , Volito, PenStation, Volito2 4x5, Volito2 2x3,
	PenPartner2, Bamboo, Bamboo1, Bamboo1 4x6, Bamboo1 5x8, Intuos3 4x5,
	Intuos3 6x8, Intuos3 9x12, Intuos3 12x12, Intuos3 12x19,
	Intuos3 6x11, Intuos3 4x6, Intuos4 4x6, Intuos4 6x9, Intuos4 8x13,
	Intuos4 12x19, Intuos4 WL USB Endpoint,
	Intuos4 WL Bluetooth Endpoint, Intuos5 touch S, Intuos5 touch M,
	Intuos5 touch L, Intuos5 S, Intuos5 M, Intuos Pro S, Intuos Pro M,
	Intuos Pro L, Cintiq 21UX, Cintiq 20WSX, Cintiq 12WX, Cintiq 21UX2,
	Cintiq 24HD, Cintiq 22HD, Cintiq 24HD touch (EMR digitizer),
	Cintiq 13HD, DTK2241, DTH2242, Cintiq 22HDT, Cintiq 27QHDT,
	Cintiq 27QHDT, Mobilestudio Pro 13, MobileStudio Pro 16,
	MobileStudio Pro 13, MobileStudio Pro 16, Cintiq 13 FHD Pro,
	Cintiq 16 UHD Pro, Cintiq Pro 24, Cintiq Pro 32, Cintiq 13 FHD Pro,
	Cintiq 16 UHD Pro, Cintiq Pro 24, Cintiq Pro 32, Cintiq Pro 24,
	TabletPC 0x90, TabletPC 0x93, TabletPC 0x97, TabletPC 0x9A,
	CapPlus  0x9F, TabletPC 0xE2, TabletPC 0xE3, TabletPC 0xE5,
	TabletPC 0xE6, TabletPC 0xEC, TabletPC 0xED, TabletPC 0xEF,
	TabletPC 0x100, TabletPC 0x101, TabletPC 0x10D, TabletPC 0x116,
	TabletPC 0x12C, TabletPC 0x4001, TabletPC 0x4004, TabletPC 0x5000,
	TabletPC 0x5002, usb:172f:0024, usb:172f:0025, usb:172f:0026,
	usb:172f:0027, usb:172f:0028, usb:172f:0030, usb:172f:0031,
	usb:172f:0032, usb:172f:0033, usb:172f:0034, usb:172f:0035,
	usb:172f:0036, usb:172f:0037, usb:172f:0038, usb:172f:0039,
	usb:172f:0051, usb:172f:0052, usb:172f:0053, usb:172f:0054,
	usb:172f:0055, usb:172f:0056, usb:172f:0057, usb:172f:0058,
	usb:172f:0500, usb:172f:0501, usb:172f:0502, usb:172f:0503,
	usb:1b96:0001, usb:17ef:6004
[   167.056] (II) Using input driver 'wacom' for 'Wacom HID 50EF Pen'
[   167.163] (II) systemd-logind: got fd for /dev/input/event7 13:71 fd 28 paused 0
[   167.164] (**) Wacom HID 50EF Pen: always reports core events
[   167.164] (**) Option "Device" "/dev/input/event7"
[   167.164] (II) Wacom HID 50EF Pen: type not specified, assuming 'stylus'.
[   167.164] (II) Wacom HID 50EF Pen: other types will be automatically added.
[   167.164] (--) Wacom HID 50EF Pen stylus: using pressure threshold of 851 for button 1
[   167.164] (**) Wacom HID 50EF Pen stylus: panscroll is 0
[   167.164] (**) Wacom HID 50EF Pen stylus: panscroll modified to 1300
[   167.164] (--) Wacom HID 50EF Pen stylus: maxX=29376 maxY=16524 maxZ=4095 resX=100000 resY=100000  tilt=enabled
[   167.164] (II) Wacom HID 50EF Pen stylus: hotplugging dependent devices.
[   167.165] (EE) Wacom HID 50EF Pen stylus: Invalid type 'cursor' for this device.
[   167.165] (EE) Wacom HID 50EF Pen stylus: Invalid type 'touch' for this device.
[   167.165] (EE) Wacom HID 50EF Pen stylus: Invalid type 'pad' for this device.
[   167.165] (II) Wacom HID 50EF Pen stylus: hotplugging completed.
[   167.165] (**) Option "config_info" "udev:/sys/devices/pci0000:00/0000:00:15.1/i2c_designware.1/i2c-2/i2c-WCOM50EF:00/0018:056A:50EF.0002/input/input13/event7"
[   167.165] (II) XINPUT: Adding extended input device "Wacom HID 50EF Pen stylus" (type: STYLUS, id 11)
[   167.166] (**) Wacom HID 50EF Pen stylus: (accel) keeping acceleration scheme 1
[   167.166] (**) Wacom HID 50EF Pen stylus: (accel) acceleration profile 0
[   167.166] (**) Wacom HID 50EF Pen stylus: (accel) acceleration factor: 2.000
[   167.166] (**) Wacom HID 50EF Pen stylus: (accel) acceleration threshold: 4
[   167.168] (II) config/udev: Adding input device Wacom HID 50EF Pen (/dev/input/mouse2)
[   167.168] (II) No input driver specified, ignoring this device.
[   167.168] (II) This device may have been added with another device file.
[   167.170] (II) config/udev: Adding input device Wacom HID 50EF Finger (/dev/input/event8)
[   167.170] (**) Wacom HID 50EF Finger: Applying InputClass "libinput touchscreen catchall"
[   167.170] (II) Using input driver 'libinput' for 'Wacom HID 50EF Finger'
[   167.171] (II) systemd-logind: got fd for /dev/input/event8 13:72 fd 29 paused 0
[   167.171] (**) Wacom HID 50EF Finger: always reports core events
[   167.171] (**) Option "Device" "/dev/input/event8"
[   167.171] (**) Option "_source" "server/udev"
[   167.175] (II) event8  - Wacom HID 50EF Finger: is tagged by udev as: Touchscreen
[   167.175] (II) event8  - Wacom HID 50EF Finger: device is a touch device
[   167.176] (II) event8  - Wacom HID 50EF Finger: device removed
[   167.176] (**) Option "config_info" "udev:/sys/devices/pci0000:00/0000:00:15.1/i2c_designware.1/i2c-2/i2c-WCOM50EF:00/0018:056A:50EF.0002/input/input14/event8"
[   167.176] (II) XINPUT: Adding extended input device "Wacom HID 50EF Finger" (type: TOUCHSCREEN, id 12)
[   167.176] (**) Option "AccelerationScheme" "none"
[   167.176] (**) Wacom HID 50EF Finger: (accel) selected scheme none/0
[   167.176] (**) Wacom HID 50EF Finger: (accel) acceleration factor: 2.000
[   167.176] (**) Wacom HID 50EF Finger: (accel) acceleration threshold: 4
[   167.179] (II) event8  - Wacom HID 50EF Finger: is tagged by udev as: Touchscreen
[   167.179] (II) event8  - Wacom HID 50EF Finger: device is a touch device
[   167.180] (II) config/udev: Adding input device Wacom HID 50EF Finger (/dev/input/mouse3)
[   167.180] (II) No input driver specified, ignoring this device.
[   167.180] (II) This device may have been added with another device file.
[   167.182] (II) config/udev: Adding input device Ideapad extra buttons (/dev/input/event9)
[   167.182] (**) Ideapad extra buttons: Applying InputClass "libinput keyboard catchall"
[   167.182] (II) Using input driver 'libinput' for 'Ideapad extra buttons'
[   167.183] (II) systemd-logind: got fd for /dev/input/event9 13:73 fd 30 paused 0
[   167.183] (**) Ideapad extra buttons: always reports core events
[   167.183] (**) Option "Device" "/dev/input/event9"
[   167.184] (**) Option "_source" "server/udev"
[   167.187] (II) event9  - Ideapad extra buttons: is tagged by udev as: Keyboard
[   167.187] (II) event9  - Ideapad extra buttons: device is a keyboard
[   167.187] (II) event9  - Ideapad extra buttons: device removed
[   167.187] (**) Option "config_info" "udev:/sys/devices/pci0000:00/0000:00:1f.0/PNP0C09:00/VPC2004:00/input/input16/event9"
[   167.187] (II) XINPUT: Adding extended input device "Ideapad extra buttons" (type: KEYBOARD, id 13)
[   167.187] (**) Option "xkb_layout" "de"
[   167.190] (II) event9  - Ideapad extra buttons: is tagged by udev as: Keyboard
[   167.190] (II) event9  - Ideapad extra buttons: device is a keyboard
[   167.191] (II) config/udev: Adding input device HDA Intel PCH Mic (/dev/input/event10)
[   167.191] (II) No input driver specified, ignoring this device.
[   167.191] (II) This device may have been added with another device file.
[   167.192] (II) config/udev: Adding input device HDA Intel PCH Headphone (/dev/input/event11)
[   167.192] (II) No input driver specified, ignoring this device.
[   167.192] (II) This device may have been added with another device file.
[   167.192] (II) config/udev: Adding input device HDA Intel PCH HDMI/DP,pcm=3 (/dev/input/event12)
[   167.193] (II) No input driver specified, ignoring this device.
[   167.193] (II) This device may have been added with another device file.
[   167.193] (II) config/udev: Adding input device HDA Intel PCH HDMI/DP,pcm=7 (/dev/input/event13)
[   167.193] (II) No input driver specified, ignoring this device.
[   167.193] (II) This device may have been added with another device file.
[   167.194] (II) config/udev: Adding input device HDA Intel PCH HDMI/DP,pcm=8 (/dev/input/event14)
[   167.194] (II) No input driver specified, ignoring this device.
[   167.194] (II) This device may have been added with another device file.
[   167.195] (II) config/udev: Adding input device HDA Intel PCH HDMI/DP,pcm=9 (/dev/input/event15)
[   167.195] (II) No input driver specified, ignoring this device.
[   167.195] (II) This device may have been added with another device file.
[   167.196] (II) config/udev: Adding input device HDA Intel PCH HDMI/DP,pcm=10 (/dev/input/event16)
[   167.196] (II) No input driver specified, ignoring this device.
[   167.196] (II) This device may have been added with another device file.
[   167.197] (II) config/udev: Adding input device AT Translated Set 2 keyboard (/dev/input/event3)
[   167.197] (**) AT Translated Set 2 keyboard: Applying InputClass "libinput keyboard catchall"
[   167.197] (II) Using input driver 'libinput' for 'AT Translated Set 2 keyboard'
[   167.198] (II) systemd-logind: got fd for /dev/input/event3 13:67 fd 31 paused 0
[   167.198] (**) AT Translated Set 2 keyboard: always reports core events
[   167.198] (**) Option "Device" "/dev/input/event3"
[   167.198] (**) Option "_source" "server/udev"
[   167.200] (II) event3  - AT Translated Set 2 keyboard: is tagged by udev as: Keyboard
[   167.200] (II) event3  - AT Translated Set 2 keyboard: device is a keyboard
[   167.201] (II) event3  - AT Translated Set 2 keyboard: device removed
[   167.201] (**) Option "config_info" "udev:/sys/devices/platform/i8042/serio0/input/input3/event3"
[   167.201] (II) XINPUT: Adding extended input device "AT Translated Set 2 keyboard" (type: KEYBOARD, id 14)
[   167.201] (**) Option "xkb_layout" "de"
[   167.203] (II) event3  - AT Translated Set 2 keyboard: is tagged by udev as: Keyboard
[   167.203] (II) event3  - AT Translated Set 2 keyboard: device is a keyboard
[   167.210] (**) Wacom HID 50EF Pen eraser: Applying InputClass "libinput tablet catchall"
[   167.210] (**) Wacom HID 50EF Pen eraser: Applying InputClass "Wacom USB tablet class"
[   167.210] (**) Wacom HID 50EF Pen eraser: Applying InputClass "Wacom tablet class"
[   167.210] (II) Using input driver 'wacom' for 'Wacom HID 50EF Pen eraser'
[   167.210] (II) systemd-logind: returning pre-existing fd for /dev/input/event7 13:71
[   167.210] (**) Wacom HID 50EF Pen eraser: always reports core events
[   167.210] (**) Option "Device" "/dev/input/event7"
[   167.210] (**) Option "Type" "eraser"
[   167.210] (**) Wacom HID 50EF Pen eraser: panscroll is 1300
[   167.210] (**) Wacom HID 50EF Pen eraser: panscroll modified to 1300
[   167.210] (--) Wacom HID 50EF Pen eraser: maxX=29376 maxY=16524 maxZ=4095 resX=100000 resY=100000  tilt=enabled
[   167.210] (**) Option "config_info" "udev:/sys/devices/pci0000:00/0000:00:15.1/i2c_designware.1/i2c-2/i2c-WCOM50EF:00/0018:056A:50EF.0002/input/input13/event7"
[   167.210] (II) XINPUT: Adding extended input device "Wacom HID 50EF Pen eraser" (type: ERASER, id 15)
[   167.210] (**) Wacom HID 50EF Pen eraser: (accel) keeping acceleration scheme 1
[   167.210] (**) Wacom HID 50EF Pen eraser: (accel) acceleration profile 0
[   167.211] (**) Wacom HID 50EF Pen eraser: (accel) acceleration factor: 2.000
[   167.211] (**) Wacom HID 50EF Pen eraser: (accel) acceleration threshold: 4
[   168.348] (II) modeset(0): EDID vendor "IVO", prod id 1334
[   168.348] (II) modeset(0): Printing DDC gathered Modelines:
[   168.348] (II) modeset(0): Modeline "1920x1080"x0.0  138.80  1920 1944 1992 2080  1080 1083 1095 1112 -hsync -vsync (66.7 kHz eP)
[   170.775] (II) modeset(0): EDID vendor "IVO", prod id 1334
[   170.775] (II) modeset(0): Printing DDC gathered Modelines:
[   170.775] (II) modeset(0): Modeline "1920x1080"x0.0  138.80  1920 1944 1992 2080  1080 1083 1095 1112 -hsync -vsync (66.7 kHz eP)
[   170.922] (II) modeset(0): EDID vendor "IVO", prod id 1334
[   170.923] (II) modeset(0): Printing DDC gathered Modelines:
[   170.923] (II) modeset(0): Modeline "1920x1080"x0.0  138.80  1920 1944 1992 2080  1080 1083 1095 1112 -hsync -vsync (66.7 kHz eP)
[   171.044] (II) modeset(0): EDID vendor "IVO", prod id 1334
[   171.044] (II) modeset(0): Printing DDC gathered Modelines:
[   171.044] (II) modeset(0): Modeline "1920x1080"x0.0  138.80  1920 1944 1992 2080  1080 1083 1095 1112 -hsync -vsync (66.7 kHz eP)
[   171.281] (II) modeset(0): EDID vendor "IVO", prod id 1334
[   171.281] (II) modeset(0): Printing DDC gathered Modelines:
[   171.281] (II) modeset(0): Modeline "1920x1080"x0.0  138.80  1920 1944 1992 2080  1080 1083 1095 1112 -hsync -vsync (66.7 kHz eP)
[   227.814] (EE) event5  - MSFT0001:02 06CB:7F8F Touchpad: kernel bug: Touch jump detected and discarded.
See https://wayland.freedesktop.org/libinput/doc/1.12.6/touchpad-jumping-cursors.html for details
[   231.048] (II) modeset(0): EDID vendor "IVO", prod id 1334
[   231.048] (II) modeset(0): Printing DDC gathered Modelines:
[   231.048] (II) modeset(0): Modeline "1920x1080"x0.0  138.80  1920 1944 1992 2080  1080 1083 1095 1112 -hsync -vsync (66.7 kHz eP)
[   255.772] (EE) event5  - MSFT0001:02 06CB:7F8F Touchpad: kernel bug: Touch jump detected and discarded.
See https://wayland.freedesktop.org/libinput/doc/1.12.6/touchpad-jumping-cursors.html for details
[   423.070] (II) modeset(0): EDID vendor "IVO", prod id 1334
[   423.070] (II) modeset(0): Printing DDC gathered Modelines:
[   423.070] (II) modeset(0): Modeline "1920x1080"x0.0  138.80  1920 1944 1992 2080  1080 1083 1095 1112 -hsync -vsync (66.7 kHz eP)
[   516.111] (**) Option "fd" "21"
[   516.111] (II) event2  - Power Button: device removed
[   516.111] (**) Option "fd" "24"
[   516.111] (II) event4  - Video Bus: device removed
[   516.111] (**) Option "fd" "25"
[   516.111] (II) event1  - Power Button: device removed
[   516.111] (**) Option "fd" "26"
[   516.111] (II) event6  - EasyCamera: EasyCamera: device removed
[   516.111] (**) Option "fd" "27"
[   516.111] (II) event5  - MSFT0001:02 06CB:7F8F Touchpad: device removed
[   516.111] (**) Option "fd" "29"
[   516.111] (II) event8  - Wacom HID 50EF Finger: device removed
[   516.111] (**) Option "fd" "30"
[   516.111] (II) event9  - Ideapad extra buttons: device removed
[   516.111] (**) Option "fd" "31"
[   516.111] (II) event3  - AT Translated Set 2 keyboard: device removed
[   516.121] (II) UnloadModule: "wacom"
[   516.121] (II) systemd-logind: not releasing fd for 13:71, still in use
[   516.121] (II) UnloadModule: "libinput"
[   516.121] (II) systemd-logind: releasing fd for 13:67
[   516.142] (II) UnloadModule: "libinput"
[   516.142] (II) systemd-logind: releasing fd for 13:73
[   516.162] (II) UnloadModule: "libinput"
[   516.162] (II) systemd-logind: releasing fd for 13:72
[   516.218] (II) UnloadModule: "wacom"
[   516.218] (II) systemd-logind: releasing fd for 13:71
[   516.266] (II) UnloadModule: "libinput"
[   516.266] (II) systemd-logind: releasing fd for 13:69
[   516.306] (II) UnloadModule: "libinput"
[   516.306] (II) systemd-logind: releasing fd for 13:70
[   516.354] (II) UnloadModule: "libinput"
[   516.354] (II) systemd-logind: releasing fd for 13:65
[   516.382] (II) UnloadModule: "libinput"
[   516.382] (II) systemd-logind: releasing fd for 13:68
[   516.403] (II) UnloadModule: "libinput"
[   516.403] (II) systemd-logind: releasing fd for 13:66
[   516.466] (II) Server terminated successfully (0). Closing log file.
