[    4.444787] Bluetooth: hci0: rom_version status=0 version=2
[    4.444794] Bluetooth: hci0: cfg_sz 14, total size 20270
[    4.451358] AVX2 version of gcm_enc/dec engaged.
[    4.451359] AES CTR mode by8 optimization enabled
[    4.452343] uvcvideo: Found UVC 1.00 device Integrated Camera (5986:2115)
[    4.453158] i2c_hid i2c-MSFT0001:02: i2c-MSFT0001:02 supply vdd not found, using dummy regulator
[    4.459857] uvcvideo 1-5:1.0: Entity type for entity Extension 4 was not initialized!
[    4.459859] uvcvideo 1-5:1.0: Entity type for entity Extension 3 was not initialized!
[    4.459861] uvcvideo 1-5:1.0: Entity type for entity Processing 2 was not initialized!
[    4.459862] uvcvideo 1-5:1.0: Entity type for entity Camera 1 was not initialized!
[    4.459915] input: Integrated Camera: Integrated C as /devices/pci0000:00/0000:00:14.0/usb1/1-5/1-5:1.0/input/input6
--
[    4.570736] intel-lpss 0000:00:15.2: enabling device (0000 -> 0002)
[    4.570912] idma64 idma64.2: Found Intel integrated DMA 64-bit
[    4.583433] i2c_hid i2c-0416C300:00: i2c-0416C300:00 supply vdd not found, using dummy regulator
[    4.629034] intel-lpss 0000:00:1e.0: enabling device (0000 -> 0002)
[    4.629235] idma64 idma64.3: Found Intel integrated DMA 64-bit
[    4.641565] input: MSFT0001:02 06CB:7F8F Touchpad as /devices/pci0000:00/0000:00:15.0/i2c_designware.0/i2c-5/i2c-MSFT0001:02/0018:06CB:7F8F.0001/input/input9
[    4.641651] hid-multitouch 0018:06CB:7F8F.0001: input,hidraw0: I2C HID v1.00 Mouse [MSFT0001:02 06CB:7F8F] on i2c-MSFT0001:02
[    4.646350] snd_hda_codec_realtek hdaudioC0D0: autoconfig for ALC236: line_outs=1 (0x14/0x0/0x0/0x0/0x0) type:speaker
[    4.646351] snd_hda_codec_realtek hdaudioC0D0:    speaker_outs=0 (0x0/0x0/0x0/0x0/0x0)
[    4.646353] snd_hda_codec_realtek hdaudioC0D0:    hp_outs=1 (0x21/0x0/0x0/0x0/0x0)
[    4.646353] snd_hda_codec_realtek hdaudioC0D0:    mono: mono_out=0x0
[    4.646354] snd_hda_codec_realtek hdaudioC0D0:    inputs:
[    4.646355] snd_hda_codec_realtek hdaudioC0D0:      Mic=0x19
[    4.646356] snd_hda_codec_realtek hdaudioC0D0:      Internal Mic=0x12
[    4.756230] dw-apb-uart.3: ttyS4 at MMIO 0x2ff301d000 (irq = 20, base_baud = 115200) is a 16550A
[    4.783959] usbcore: registered new interface driver usbhid
[    4.783960] usbhid: USB HID core driver
[    4.792628] input: Wacom HID 516B Pen as /devices/pci0000:00/0000:00:15.1/i2c_designware.1/i2c-6/i2c-WCOM516B:00/0018:056A:516B.0002/input/input16
[    4.792700] input: Wacom HID 516B Finger as /devices/pci0000:00/0000:00:15.1/i2c_designware.1/i2c-6/i2c-WCOM516B:00/0018:056A:516B.0002/input/input17
[    4.792750] wacom 0018:056A:516B.0002: hidraw1: I2C HID v1.00 Mouse [WCOM516B:00 056A:516B] on i2c-WCOM516B:00
[    4.793993] ipmi message handler version 39.2
[    4.795085] ipmi device interface
[    4.796495] input: HDA Intel PCH Mic as /devices/pci0000:00/0000:00:1f.3/sound/card0/input14
[    4.796540] input: HDA Intel PCH Headphone as /devices/pci0000:00/0000:00:1f.3/sound/card0/input15
[    4.796583] input: HDA Intel PCH HDMI/DP,pcm=3 as /devices/pci0000:00/0000:00:1f.3/sound/card0/input19
--
[    4.927513] ieee80211 phy0: Selected rate control algorithm 'rtl_rc'
[    4.927726] r8822be: rtlwifi: wireless switch is on
[    4.929583] PKCS#7 signature not signed with a trusted key
[    4.929959] ACPI Warning: \_SB.PCI0.RP05.PXSX._DSM: Argument #4 type mismatch - Found [Buffer], ACPI requires [Package] (20170831/nsarguments-100)
[    4.931924] WARNING: CPU: 5 PID: 411 at /build/linux-wuhukg/linux-4.15.0/net/mac80211/rate.c:125 ieee80211_rate_control_register+0x5c/0xe0 [mac80211]
[    4.931925] Modules linked in: rtlwifi(OE+) arc4 nvidia_uvm(POE) nvidia_drm(POE) nvidia_modeset(POE) nvidia(POE) nls_iso8859_1 r8822be(CE) mac80211 cfg80211 ipmi_devintf ipmi_msghandler snd_hda_codec_hdmi wacom usbhid hid_sensor_als hid_sensor_accel_3d hid_sensor_trigger joydev industrialio_triggered_buffer snd_hda_codec_realtek kfifo_buf hid_sensor_iio_common hid_sensor_custom snd_hda_codec_generic industrialio hid_sensor_hub hid_multitouch 8250_dw snd_soc_skl snd_soc_skl_ipc snd_hda_ext_core snd_soc_sst_dsp snd_soc_sst_ipc snd_soc_acpi snd_soc_core snd_compress ac97_bus snd_pcm_dmaengine wmi_bmof intel_wmi_thunderbolt snd_hda_intel intel_rapl snd_hda_codec x86_pkg_temp_thermal intel_powerclamp snd_hda_core coretemp snd_hwdep kvm_intel snd_pcm kvm irqbypass crct10dif_pclmul crc32_pclmul ghash_clmulni_intel
[    4.931947]  pcbc snd_seq_midi snd_seq_midi_event snd_rawmidi uvcvideo aesni_intel snd_seq aes_x86_64 crypto_simd glue_helper cryptd snd_seq_device intel_cstate intel_rapl_perf videobuf2_vmalloc snd_timer videobuf2_memops btusb btrtl videobuf2_v4l2 btbcm btintel videobuf2_core snd bluetooth input_leds videodev idma64 serio_raw ecdh_generic media soundcore virt_dma mei_me mei shpchp ucsi_acpi intel_lpss_pci intel_pch_thermal processor_thermal_device typec_ucsi intel_soc_dts_iosf typec intel_lpss ideapad_laptop(+) sparse_keymap int3403_thermal int340x_thermal_zone wmi int3400_thermal mac_hid acpi_thermal_rel acpi_pad tpm_crb sch_fq_codel parport_pc ppdev lp parport ip_tables x_tables autofs4 btrfs xor zstd_compress raid6_pq dm_mirror dm_region_hash dm_log i915 i2c_algo_bit drm_kms_helper syscopyarea
[    4.931973]  sysfillrect sysimgblt fb_sys_fops nvme drm nvme_core i2c_hid hid video pinctrl_sunrisepoint
[    4.931979] CPU: 5 PID: 411 Comm: systemd-udevd Tainted: P         C OE    4.15.0-32-generic #35-Ubuntu
[    4.931980] Hardware name: LENOVO 81CU/LNVNB161216, BIOS 7KCN25WW(V1.06) 06/19/2018
[    4.931992] RIP: 0010:ieee80211_rate_control_register+0x5c/0xe0 [mac80211]
