[    0.016105] ACPI: DSDT 0x000000004A26E260 02D3FF (v02 DELL   CBX3     01072009 INTL 20160422)
[    0.016110] ACPI: FACS 0x000000004ABE8180 000040
[    0.016114] ACPI: APIC 0x000000004A29B770 0000BC (v03 DELL   CBX3     01072009 AMI  00010013)
[    0.016118] ACPI: FPDT 0x000000004A29B830 000044 (v01 DELL   CBX3     01072009 AMI  00010013)
[    0.016123] ACPI: FIDT 0x000000004A29B878 0000AC (v01 DELL   CBX3     01072009 AMI  00010013)
[    0.016127] ACPI: MCFG 0x000000004A29B928 00003C (v01 DELL   CBX3     01072009 MSFT 00000097)
[    0.016131] ACPI: HPET 0x000000004A29B968 000038 (v01 DELL   CBX3     01072009 AMI. 0005000B)
[    0.016136] ACPI: SSDT 0x000000004A29B9A0 000359 (v01 SataRe SataTabl 00001000 INTL 20160422)
[    0.016140] ACPI: SSDT 0x000000004A29BD00 0012E0 (v02 SaSsdt SaSsdt   00003000 INTL 20160422)
[    0.016146] ACPI: HPET 0x000000004A29CFE0 000038 (v01 INTEL  KBL-ULT  00000001 MSFT 0000005F)
[    0.016151] ACPI: SSDT 0x000000004A29D018 000A75 (v02 INTEL  xh_OEMBD 00000000 INTL 20160422)
[    0.016155] ACPI: UEFI 0x000000004A29DA90 000042 (v01                 00000000      00000000)
[    0.016160] ACPI: SSDT 0x000000004A29DAD8 0017AE (v02 CpuRef CpuSsdt  00003000 INTL 20160422)
[    0.016165] ACPI: LPIT 0x000000004A29F288 000094 (v01 INTEL  KBL-ULT  00000000 MSFT 0000005F)
[    0.016169] ACPI: DWDT 0x000000004A29F320 000164 (v01 INTEL  KBL-ULT  00000000 MSFT 0000005F)
[    0.016174] ACPI: SSDT 0x000000004A29F488 000161 (v02 INTEL  HdaDsp   00000000 INTL 20160422)
[    0.016178] ACPI: SSDT 0x000000004A29F5F0 00029F (v02 INTEL  sensrhub 00000000 INTL 20160422)
[    0.016182] ACPI: SSDT 0x000000004A29F890 003002 (v02 INTEL  PtidDevc 00001000 INTL 20160422)
[    0.016187] ACPI: SSDT 0x000000004A2A2898 000517 (v02 INTEL  TbtTypeC 00000000 INTL 20160422)
[    0.016192] ACPI: DBGP 0x000000004A2A2DB0 000034 (v01 INTEL           00000002 MSFT 0000005F)
[    0.016196] ACPI: DBG2 0x000000004A2A2DE8 000054 (v00 INTEL           00000002 MSFT 0000005F)
[    0.016200] ACPI: SSDT 0x000000004A2A2E40 000807 (v02 INTEL  UsbCTabl 00001000 INTL 20160422)
[    0.016205] ACPI: SSDT 0x000000004A2A3648 00E374 (v02 DptfTa DptfTabl 00001000 INTL 20160422)
[    0.016209] ACPI: MSDM 0x000000004A2B19C0 000055 (v03 DELL   CBX3     06222004 AMI  00010013)
[    0.016213] ACPI: SLIC 0x000000004A2B1A18 000176 (v03 DELL   CBX3     01072009 MSFT 00010013)
[    0.016218] ACPI: NHLT 0x000000004A2B1B90 00002D (v00 INTEL  EDK2     00000002      01000013)
[    0.016222] ACPI: BGRT 0x000000004A2B1BC0 000038 (v00                 01072009 AMI  00010013)
[    0.016227] ACPI: TPM2 0x000000004A2B1BF8 000034 (v03 DELL   CBX3     00000001 AMI  00000000)
[    0.016231] ACPI: ASF! 0x000000004A2B1C30 0000A0 (v32 INTEL   HCG     00000001 TFSM 000F4240)
[    0.016236] ACPI: DMAR 0x000000004A2B1CD0 000114 (v01 INTEL  EDK2     00000001 INTL 00000001)
--
[    0.231251] ... max period:             00007fffffffffff
[    0.231251] ... fixed-purpose events:   3
[    0.231251] ... event mask:             000000070000000f
[    0.231251] rcu: Hierarchical SRCU implementation.
[    0.232062] NMI watchdog: Enabled. Permanently consumes one hw-PMU counter.
[    0.232179] smp: Bringing up secondary CPUs ...
[    0.232294] x86: Booting SMP configuration:
[    0.232296] .... node  #0, CPUs:      #1 #2 #3 #4
[    0.243486] MDS CPU bug present and SMT on, data leak possible. See https://www.kernel.org/doc/html/latest/admin-guide/hw-vuln/mds.html for more details.
[    0.243486]  #5 #6 #7
[    0.246037] smp: Brought up 1 node, 8 CPUs
--
[    0.825321] ACPI: thermal: Thermal Zone [THM] (25 C)
[    0.825629] Serial: 8250/16550 driver, 32 ports, IRQ sharing enabled
[    0.828832] hpet_acpi_add: no address or irqs in _CRS
[    0.828913] Non-volatile memory driver v1.3
[    0.828983] Linux agpgart interface v0.103
[    0.856441] tpm_tis MSFT0101:00: 2.0 TPM (device-id 0xFC, rev-id 1)
[    0.880905] ACPI: battery: Slot [BAT0] (battery present)
[    0.885108] intel-lpss 0000:00:15.0: enabling device (0000 -> 0002)
[    0.903534] intel-lpss 0000:00:15.1: enabling device (0000 -> 0002)
[    0.921806] intel-lpss 0000:00:15.2: enabling device (0000 -> 0002)
[    0.940314] ACPI Warning: SystemMemory range 0x00000000FE028000-0x00000000FE0281FF conflicts with OpRegion 0x00000000FE028000-0x00000000FE028207 (\_SB.PCI0.GEXP.BAR0) (20210730/utaddress-204)
--
[    1.313087] Freeing unused kernel image (text/rodata gap) memory: 2036K
[    1.313635] Freeing unused kernel image (rodata/data gap) memory: 1752K
[    1.314374] input: Alps Alps Touchpad Mouse as /devices/pci0000:00/0000:00:14.0/usb1/1-2/1-2:1.0/0003:044E:1218.0001/input/input5
[    1.314430] input: Alps Alps Touchpad as /devices/pci0000:00/0000:00:14.0/usb1/1-2/1-2:1.0/0003:044E:1218.0001/input/input6
[    1.314471] input: Alps Alps Touchpad as /devices/pci0000:00/0000:00:14.0/usb1/1-2/1-2:1.0/0003:044E:1218.0001/input/input7
[    1.314522] hid-generic 0003:044E:1218.0001: input,hiddev96,hidraw0: USB HID v1.11 Mouse [Alps Alps Touchpad] on usb-0000:00:14.0-2/input0
[    1.356408] x86/mm: Checked W+X mappings: passed, no W+X pages found.
[    1.356412] rodata_test: all tests were successful
[    1.356414] x86/mm: Checking user space page tables
[    1.397597] x86/mm: Checked W+X mappings: passed, no W+X pages found.
[    1.397600] Run /init as init process
--
[    1.831650] nvme nvme0: 8/0/0 default/read/poll queues
[    1.833881]  nvme0n1: p1 p2 p3
[    1.839617] input: Alps Alps Touchpad Mouse as /devices/pci0000:00/0000:00:14.0/usb1/1-2/1-2:1.0/0003:044E:1218.0001/input/input8
[    1.839940] input: Alps Alps Touchpad as /devices/pci0000:00/0000:00:14.0/usb1/1-2/1-2:1.0/0003:044E:1218.0001/input/input9
[    1.841034] input: Alps Alps Touchpad UNKNOWN as /devices/pci0000:00/0000:00:14.0/usb1/1-2/1-2:1.0/0003:044E:1218.0001/input/input10
[    1.841156] hid-multitouch 0003:044E:1218.0001: input,hiddev96,hidraw0: USB HID v1.11 Mouse [Alps Alps Touchpad] on usb-0000:00:14.0-2/input0
[    1.937873] input: WCOM484D:00 056A:484D Touchscreen as /devices/pci0000:00/0000:00:15.1/i2c_designware.1/i2c-1/i2c-WCOM484D:00/0018:056A:484D.0002/input/input11
[    1.937978] input: WCOM484D:00 056A:484D as /devices/pci0000:00/0000:00:15.1/i2c_designware.1/i2c-1/i2c-WCOM484D:00/0018:056A:484D.0002/input/input12
[    1.938038] input: WCOM484D:00 056A:484D as /devices/pci0000:00/0000:00:15.1/i2c_designware.1/i2c-1/i2c-WCOM484D:00/0018:056A:484D.0002/input/input13
[    1.938118] input: WCOM484D:00 056A:484D as /devices/pci0000:00/0000:00:15.1/i2c_designware.1/i2c-1/i2c-WCOM484D:00/0018:056A:484D.0002/input/input14
[    1.938188] input: WCOM484D:00 056A:484D Mouse as /devices/pci0000:00/0000:00:15.1/i2c_designware.1/i2c-1/i2c-WCOM484D:00/0018:056A:484D.0002/input/input15
[    1.938275] hid-generic 0018:056A:484D.0002: input,hidraw1: I2C HID v1.00 Mouse [WCOM484D:00 056A:484D] on i2c-WCOM484D:00
[    2.032476] checking generic (50000000 960000) vs hw (db000000 1000000)
[    2.032479] checking generic (50000000 960000) vs hw (50000000 10000000)
[    2.032480] fb0: switching to i915 from EFI VGA
[    2.032597] i915 0000:00:02.0: vgaarb: deactivate vga console
[    2.039862] i915 0000:00:02.0: vgaarb: changed VGA decodes: olddecodes=io+mem,decodes=io+mem:owns=io+mem
[    2.042628] i915 0000:00:02.0: [drm] Finished loading DMC firmware i915/kbl_dmc_ver1_04.bin (v1.4)
[    2.119484] input: Wacom HID 484D Pen as /devices/pci0000:00/0000:00:15.1/i2c_designware.1/i2c-1/i2c-WCOM484D:00/0018:056A:484D.0002/input/input16
[    2.119618] input: Wacom HID 484D Finger as /devices/pci0000:00/0000:00:15.1/i2c_designware.1/i2c-1/i2c-WCOM484D:00/0018:056A:484D.0002/input/input17
[    2.119677] wacom 0018:056A:484D.0002: hidraw1: I2C HID v1.00 Mouse [WCOM484D:00 056A:484D] on i2c-WCOM484D:00
[    2.482104] ish-hid {33AECD58-B679-4E54-9BD9-A04D34F0C226}: [hid-ish]: enum_devices_done OK, num_hid_devices=5
[    2.486767] hid-generic 001F:8086:0001.0003: hidraw2: <UNKNOWN> HID v2.00 Device [hid-ishtp 8086:0001] on 
[    2.493150] hid-generic 001F:8086:0001.0004: hidraw3: <UNKNOWN> HID v2.00 Device [hid-ishtp 8086:0001] on 
[    2.497186] hid-generic 001F:8086:0001.0005: hidraw4: <UNKNOWN> HID v2.00 Device [hid-ishtp 8086:0001] on 
[    2.503320] hid-generic 001F:8087:0AC3.0006: hidraw5: <UNKNOWN> HID v2.00 Device [hid-ishtp 8087:0AC3] on 
[    2.505221] hid-generic 001F:8087:0AC3.0007: hidraw6: <UNKNOWN> HID v2.00 Device [hid-ishtp 8087:0AC3] on 
[    3.244715] [drm] Initialized i915 1.6.0 20201103 for 0000:00:02.0 on minor 0
[    3.254212] ACPI: video: Video Device [GFX0] (multi-head: yes  rom: no  post: no)
[    3.259107] input: Video Bus as /devices/LNXSYSTM:00/LNXSYBUS:00/PNP0A08:00/LNXVIDEO:00/input/input19
[    3.261127] fbcon: i915drmfb (fb0) is primary device
[    3.261129] fbcon: Deferring console take-over
--
[   42.694414] Bluetooth: hci0: sending frame failed (-19)
[   42.694458] Bluetooth: hci0: Intel reset sent to retry FW download
[   64.859328] systemd-journald[1157]: File /var/log/journal/MACHINEID/user-1000.journal corrupted or uncleanly shut down, renaming and replacing.
[   65.168750] rfkill: input handler enabled
[   66.735036] rfkill: input handler disabled
[   95.697246] wacom 0018:056A:484D.0002: wacom_wac_queue_insert: kfifo has filled, starting to drop events
[  367.465434] nf_conntrack: default automatic helper assignment has been turned off for security reasons and CT-based firewall rule not found. Use the iptables CT target to attach helpers instead.
[  387.754472] usb 1-2: USB disconnect, device number 2
[  586.978915] usb 1-2: new full-speed USB device number 4 using xhci_hcd
[  587.107495] usb 1-2: New USB device found, idVendor=044e, idProduct=1218, bcdDevice= 6.05
[  587.107499] usb 1-2: New USB device strings: Mfr=1, Product=2, SerialNumber=0
[  587.107500] usb 1-2: Product: Alps Touchpad
[  587.107502] usb 1-2: Manufacturer: Alps
[  587.110417] input: Alps Alps Touchpad Mouse as /devices/pci0000:00/0000:00:14.0/usb1/1-2/1-2:1.0/0003:044E:1218.0008/input/input32
[  587.110511] input: Alps Alps Touchpad as /devices/pci0000:00/0000:00:14.0/usb1/1-2/1-2:1.0/0003:044E:1218.0008/input/input33
[  587.110576] input: Alps Alps Touchpad UNKNOWN as /devices/pci0000:00/0000:00:14.0/usb1/1-2/1-2:1.0/0003:044E:1218.0008/input/input34
[  587.110672] hid-multitouch 0003:044E:1218.0008: input,hiddev96,hidraw0: USB HID v1.11 Mouse [Alps Alps Touchpad] on usb-0000:00:14.0-2/input0
[  999.473877] wacom 0018:056A:484D.0002: wacom_wac_queue_insert: kfifo has filled, starting to drop events
[  999.489083] wacom 0018:056A:484D.0002: wacom_wac_queue_insert: kfifo has filled, starting to drop events
[  999.494042] wacom 0018:056A:484D.0002: wacom_wac_queue_insert: kfifo has filled, starting to drop events
[  999.504037] wacom 0018:056A:484D.0002: wacom_wac_queue_insert: kfifo has filled, starting to drop events
[  999.514096] wacom 0018:056A:484D.0002: wacom_wac_queue_insert: kfifo has filled, starting to drop events
[  999.519081] wacom 0018:056A:484D.0002: wacom_wac_queue_insert: kfifo has filled, starting to drop events
