[  4674.196] (--) Log file renamed from "/home/USERNAME/.local/share/xorg/Xorg.pid-20118.log" to "/home/USERNAME/.local/share/xorg/Xorg.0.log"
[  4674.198] 
X.Org X Server 1.21.1.11
X Protocol Version 11, Revision 0
[  4674.198] Current Operating System: Linux HOSTNAME 6.8.0-31-generic #31-Ubuntu SMP PREEMPT_DYNAMIC Sat Apr 20 00:40:06 UTC 2024 x86_64
[  4674.198] Kernel command line: BOOT_IMAGE=/boot/vmlinuz-6.8.0-31-generic root=UUID=cd742e3c-5e00-4e72-bc80-a97b8d069d3b ro quiet splash vt.handoff=7
[  4674.198] xorg-server 2:21.1.12-1ubuntu1 (For technical support please see http://www.ubuntu.com/support) 
[  4674.198] Current version of pixman: 0.42.2
[  4674.198] 	Before reporting problems, check http://wiki.x.org
	to make sure that you have the latest version.
[  4674.198] Markers: (--) probed, (**) from config file, (==) default setting,
	(++) from command line, (!!) notice, (II) informational,
	(WW) warning, (EE) error, (NI) not implemented, (??) unknown.
[  4674.198] (==) Log file: "/home/USERNAME/.local/share/xorg/Xorg.0.log", Time: Sat May 18 16:30:42 2024
[  4674.199] (==) Using system config directory "/usr/share/X11/xorg.conf.d"
[  4674.201] (==) No Layout section.  Using the first Screen section.
[  4674.201] (==) No screen section available. Using defaults.
[  4674.201] (**) |-->Screen "Default Screen Section" (0)
[  4674.201] (**) |   |-->Monitor "<default monitor>"
[  4674.203] (==) No monitor specified for screen "Default Screen Section".
	Using a default monitor configuration.
[  4674.203] (**) Allowing byte-swapped clients
[  4674.203] (==) Automatically adding devices
[  4674.203] (==) Automatically enabling devices
[  4674.203] (==) Automatically adding GPU devices
[  4674.203] (==) Automatically binding GPU devices
[  4674.203] (==) Max clients allowed: 256, resource mask: 0x1fffff
[  4674.203] (WW) The directory "/usr/share/fonts/X11/cyrillic" does not exist.
[  4674.203] 	Entry deleted from font path.
[  4674.203] (WW) The directory "/usr/share/fonts/X11/100dpi/" does not exist.
[  4674.203] 	Entry deleted from font path.
[  4674.203] (WW) The directory "/usr/share/fonts/X11/75dpi/" does not exist.
[  4674.203] 	Entry deleted from font path.
[  4674.203] (WW) The directory "/usr/share/fonts/X11/100dpi" does not exist.
[  4674.203] 	Entry deleted from font path.
[  4674.203] (WW) The directory "/usr/share/fonts/X11/75dpi" does not exist.
[  4674.203] 	Entry deleted from font path.
[  4674.203] (==) FontPath set to:
	/usr/share/fonts/X11/misc,
	/usr/share/fonts/X11/Type1,
	built-ins
[  4674.203] (==) ModulePath set to "/usr/lib/xorg/modules"
[  4674.203] (II) The server relies on udev to provide the list of input devices.
	If no devices become available, reconfigure udev or disable AutoAddDevices.
[  4674.203] (II) Loader magic: 0x59dbde112020
[  4674.203] (II) Module ABI versions:
[  4674.203] 	X.Org ANSI C Emulation: 0.4
[  4674.203] 	X.Org Video Driver: 25.2
[  4674.203] 	X.Org XInput driver : 24.4
[  4674.203] 	X.Org Server Extension : 10.0
[  4674.205] (++) using VT number 2

[  4674.208] (II) systemd-logind: took control of session /org/freedesktop/login1/session/_317
[  4674.210] (II) xfree86: Adding drm device (/dev/dri/card1)
[  4674.210] (II) Platform probe for /sys/devices/pci0000:00/0000:00:02.0/drm/card1
[  4674.211] (II) systemd-logind: got fd for /dev/dri/card1 226:1 fd 14 paused 0
[  4674.216] (--) PCI:*(0@0:2:0) 8086:9b41:8086:9b41 rev 2, Mem @ 0xb0000000/16777216, 0xa0000000/268435456, I/O @ 0x00001000/64, BIOS @ 0x????????/131072
[  4674.216] (II) LoadModule: "glx"
[  4674.217] (II) Loading /usr/lib/xorg/modules/extensions/libglx.so
[  4674.219] (II) Module glx: vendor="X.Org Foundation"
[  4674.219] 	compiled for 1.21.1.11, module version = 1.0.0
[  4674.219] 	ABI class: X.Org Server Extension, version 10.0
[  4674.220] (==) Matched modesetting as autoconfigured driver 0
[  4674.220] (==) Matched fbdev as autoconfigured driver 1
[  4674.220] (==) Matched vesa as autoconfigured driver 2
[  4674.220] (==) Assigned the driver to the xf86ConfigLayout
[  4674.220] (II) LoadModule: "modesetting"
[  4674.220] (II) Loading /usr/lib/xorg/modules/drivers/modesetting_drv.so
[  4674.221] (II) Module modesetting: vendor="X.Org Foundation"
[  4674.221] 	compiled for 1.21.1.11, module version = 1.21.1
[  4674.221] 	Module class: X.Org Video Driver
[  4674.221] 	ABI class: X.Org Video Driver, version 25.2
[  4674.221] (II) LoadModule: "fbdev"
[  4674.221] (II) Loading /usr/lib/xorg/modules/drivers/fbdev_drv.so
[  4674.222] (II) Module fbdev: vendor="X.Org Foundation"
[  4674.222] 	compiled for 1.21.1.11, module version = 0.5.0
[  4674.222] 	Module class: X.Org Video Driver
[  4674.222] 	ABI class: X.Org Video Driver, version 25.2
[  4674.222] (II) LoadModule: "vesa"
[  4674.222] (II) Loading /usr/lib/xorg/modules/drivers/vesa_drv.so
[  4674.223] (II) Module vesa: vendor="X.Org Foundation"
[  4674.223] 	compiled for 1.21.1.7, module version = 2.6.0
[  4674.223] 	Module class: X.Org Video Driver
[  4674.223] 	ABI class: X.Org Video Driver, version 25.2
[  4674.223] (II) modesetting: Driver for Modesetting Kernel Drivers: kms
[  4674.223] (II) FBDEV: driver for framebuffer: fbdev
[  4674.223] (II) VESA: driver for VESA chipsets: vesa
[  4674.223] xf86EnableIO: failed to enable I/O ports 0000-03ff (Operation not permitted)
[  4674.223] (II) modeset(0): using drv /dev/dri/card1
[  4674.223] (WW) Falling back to old probe method for fbdev
[  4674.223] (II) Loading sub module "fbdevhw"
[  4674.223] (II) LoadModule: "fbdevhw"
[  4674.223] (II) Loading /usr/lib/xorg/modules/libfbdevhw.so
[  4674.224] (II) Module fbdevhw: vendor="X.Org Foundation"
[  4674.224] 	compiled for 1.21.1.11, module version = 0.0.2
[  4674.224] 	ABI class: X.Org Video Driver, version 25.2
[  4674.224] (EE) open /dev/fb0: Permission denied
[  4674.224] (WW) VGA arbiter: cannot open kernel arbiter, no multi-card support
[  4674.224] (II) modeset(0): Creating default Display subsection in Screen section
	"Default Screen Section" for depth/fbbpp 24/32
[  4674.224] (==) modeset(0): Depth 24, (==) framebuffer bpp 32
[  4674.224] (==) modeset(0): RGB weight 888
[  4674.224] (==) modeset(0): Default visual is TrueColor
[  4674.224] (II) Loading sub module "glamoregl"
[  4674.224] (II) LoadModule: "glamoregl"
[  4674.224] (II) Loading /usr/lib/xorg/modules/libglamoregl.so
[  4674.235] (II) Module glamoregl: vendor="X.Org Foundation"
[  4674.235] 	compiled for 1.21.1.11, module version = 1.0.1
[  4674.235] 	ABI class: X.Org ANSI C Emulation, version 0.4
[  4674.309] (II) modeset(0): glamor X acceleration enabled on Mesa Intel(R) UHD Graphics (CML GT2)
[  4674.309] (II) modeset(0): glamor initialized
[  4674.309] (==) modeset(0): VariableRefresh: disabled
[  4674.309] (==) modeset(0): AsyncFlipSecondaries: disabled
[  4674.311] (II) modeset(0): Output eDP-1 has no monitor section
[  4674.312] (II) modeset(0): Output DP-1 has no monitor section
[  4674.312] (II) modeset(0): Output DP-2 has no monitor section
[  4674.314] (II) modeset(0): EDID for output eDP-1
[  4674.314] (II) modeset(0): Manufacturer: LGD  Model: 663  Serial#: 0
[  4674.314] (II) modeset(0): Year: 2020  Week: 0
[  4674.314] (II) modeset(0): EDID Version: 1.4
[  4674.314] (II) modeset(0): Digital Display Input
[  4674.315] (II) modeset(0): 8 bits per channel
[  4674.315] (II) modeset(0): Digital interface is DisplayPort
[  4674.315] (II) modeset(0): Max Image Size [cm]: horiz.: 28  vert.: 19
[  4674.315] (II) modeset(0): Gamma: 2.20
[  4674.315] (II) modeset(0): No DPMS capabilities specified
[  4674.315] (II) modeset(0): Supported color encodings: RGB 4:4:4 
[  4674.315] (II) modeset(0): Default color space is primary color space
[  4674.315] (II) modeset(0): First detailed timing is preferred mode
[  4674.315] (II) modeset(0): Preferred mode is native pixel format and refresh rate
[  4674.315] (II) modeset(0): Display is continuous-frequency
[  4674.315] (II) modeset(0): redX: 0.640 redY: 0.330   greenX: 0.300 greenY: 0.605
[  4674.315] (II) modeset(0): blueX: 0.150 blueY: 0.055   whiteX: 0.313 whiteY: 0.329
[  4674.315] (II) modeset(0): Manufacturer's mask: 0
[  4674.315] (II) modeset(0): Supported detailed timing:
[  4674.315] (II) modeset(0): clock: 164.4 MHz   Image Size:  285 x 190 mm
[  4674.315] (II) modeset(0): h_active: 1920  h_sync: 1968  h_sync_end 2000 h_blank_end 2080 h_border: 0
[  4674.315] (II) modeset(0): v_active: 1280  v_sync: 1283  v_sync_end 1293 v_blanking: 1317 v_border: 0
[  4674.315] (II) modeset(0): Supported detailed timing:
[  4674.315] (II) modeset(0): clock: 109.6 MHz   Image Size:  285 x 190 mm
[  4674.315] (II) modeset(0): h_active: 1920  h_sync: 1968  h_sync_end 2000 h_blank_end 2080 h_border: 0
[  4674.315] (II) modeset(0): v_active: 1280  v_sync: 1283  v_sync_end 1293 v_blanking: 1317 v_border: 0
[  4674.315] (II) modeset(0): Unknown vendor-specific block 2
[  4674.315] (II) modeset(0): EDID (in hex):
[  4674.315] (II) modeset(0): 	00ffffffffffff0030e4630600000000
[  4674.315] (II) modeset(0): 	001e0104a51c137807ec85a3544c9b26
[  4674.315] (II) modeset(0): 	0e505400000001010101010101010101
[  4674.315] (II) modeset(0): 	010101010101354080a0700025503020
[  4674.315] (II) modeset(0): 	3a001dbe10000019ce2a80a070002550
[  4674.315] (II) modeset(0): 	30203a001dbe10000019000000000000
[  4674.315] (II) modeset(0): 	00000000000000000000000000000002
[  4674.315] (II) modeset(0): 	000c26ff143cc80a0916c8000000000d
[  4674.316] (II) modeset(0): Printing probed modes for output eDP-1
[  4674.316] (II) modeset(0): Modeline "1920x1280"x60.0  164.37  1920 1968 2000 2080  1280 1283 1293 1317 -hsync -vsync (79.0 kHz eP)
[  4674.316] (II) modeset(0): Modeline "1920x1280"x40.0  109.58  1920 1968 2000 2080  1280 1283 1293 1317 -hsync -vsync (52.7 kHz e)
[  4674.316] (II) modeset(0): Modeline "1920x1200"x60.0  154.13  1920 1968 2000 2080  1200 1203 1209 1235 +hsync -vsync (74.1 kHz d)
[  4674.316] (II) modeset(0): Modeline "1920x1080"x60.0  138.66  1920 1968 2000 2080  1080 1083 1088 1111 +hsync -vsync (66.7 kHz d)
[  4674.316] (II) modeset(0): Modeline "1600x1200"x60.0  162.01  1600 1664 1856 2160  1200 1201 1204 1250 +hsync +vsync (75.0 kHz d)
[  4674.316] (II) modeset(0): Modeline "1680x1050"x60.0  119.24  1680 1728 1760 1840  1050 1053 1059 1080 +hsync -vsync (64.8 kHz d)
[  4674.316] (II) modeset(0): Modeline "1400x1050"x60.0  122.06  1400 1488 1640 1880  1050 1052 1064 1082 +hsync +vsync (64.9 kHz d)
[  4674.316] (II) modeset(0): Modeline "1600x900"x60.0   97.79  1600 1648 1680 1760  900 903 908 926 +hsync -vsync (55.6 kHz d)
[  4674.316] (II) modeset(0): Modeline "1280x1024"x60.0  107.97  1280 1328 1440 1688  1024 1025 1028 1066 +hsync +vsync (64.0 kHz d)
[  4674.316] (II) modeset(0): Modeline "1400x900"x60.0   86.68  1400 1448 1480 1560  900 903 913 926 +hsync -vsync (55.6 kHz d)
[  4674.316] (II) modeset(0): Modeline "1280x960"x60.0  108.00  1280 1376 1488 1800  960 961 964 1000 +hsync +vsync (60.0 kHz d)
[  4674.316] (II) modeset(0): Modeline "1440x810"x60.0  151.95  1440 1464 1480 1520  810 811 814 833 doublescan +hsync -vsync (100.0 kHz d)
[  4674.316] (II) modeset(0): Modeline "1368x768"x60.0   72.43  1368 1416 1448 1528  768 771 781 790 +hsync -vsync (47.4 kHz d)
[  4674.316] (II) modeset(0): Modeline "1280x800"x60.0   71.11  1280 1328 1360 1440  800 803 809 823 +hsync -vsync (49.4 kHz d)
[  4674.316] (II) modeset(0): Modeline "1280x720"x60.0   64.03  1280 1328 1360 1440  720 723 728 741 +hsync -vsync (44.5 kHz d)
[  4674.316] (II) modeset(0): Modeline "1024x768"x60.0   65.00  1024 1048 1184 1344  768 771 777 806 -hsync -vsync (48.4 kHz d)
[  4674.316] (II) modeset(0): Modeline "960x720"x60.0  117.00  960 1024 1128 1300  720 720 722 750 doublescan -hsync +vsync (90.0 kHz d)
[  4674.316] (II) modeset(0): Modeline "928x696"x60.0  109.06  928 976 1088 1264  696 696 698 719 doublescan -hsync +vsync (86.3 kHz d)
[  4674.316] (II) modeset(0): Modeline "896x672"x60.0  102.38  896 960 1060 1224  672 672 674 697 doublescan -hsync +vsync (83.6 kHz d)
[  4674.316] (II) modeset(0): Modeline "1024x576"x60.0   42.13  1024 1072 1104 1184  576 579 584 593 +hsync -vsync (35.6 kHz d)
[  4674.316] (II) modeset(0): Modeline "960x600"x60.0   77.00  960 984 1000 1040  600 601 604 617 doublescan +hsync -vsync (74.0 kHz d)
[  4674.316] (II) modeset(0): Modeline "960x540"x60.0   37.37  960 1008 1040 1120  540 543 548 556 +hsync -vsync (33.4 kHz d)
[  4674.316] (II) modeset(0): Modeline "800x600"x60.0   38.40  800 824 896 1024  600 601 603 625 +hsync +vsync (37.5 kHz d)
[  4674.316] (II) modeset(0): Modeline "840x525"x60.0   59.62  840 864 880 920  525 526 529 540 doublescan +hsync -vsync (64.8 kHz d)
[  4674.316] (II) modeset(0): Modeline "864x486"x60.0   30.72  864 912 944 1024  486 489 494 500 +hsync -vsync (30.0 kHz d)
[  4674.316] (II) modeset(0): Modeline "700x525"x60.0   61.03  700 744 820 940  525 526 532 541 doublescan +hsync +vsync (64.9 kHz d)
[  4674.316] (II) modeset(0): Modeline "800x450"x60.0   48.90  800 824 840 880  450 451 454 463 doublescan +hsync -vsync (55.6 kHz d)
[  4674.316] (II) modeset(0): Modeline "640x512"x60.0   53.98  640 664 720 844  512 512 514 533 doublescan +hsync +vsync (64.0 kHz d)
[  4674.316] (II) modeset(0): Modeline "700x450"x60.0   43.34  700 724 740 780  450 451 456 463 doublescan +hsync -vsync (55.6 kHz d)
[  4674.316] (II) modeset(0): Modeline "640x480"x60.0   25.20  640 656 752 800  480 490 492 525 -hsync -vsync (31.5 kHz d)
[  4674.316] (II) modeset(0): Modeline "720x405"x60.0   22.12  720 768 800 880  405 408 413 419 +hsync -vsync (25.1 kHz d)
[  4674.316] (II) modeset(0): Modeline "684x384"x60.0   36.22  684 708 724 764  384 385 390 395 doublescan +hsync -vsync (47.4 kHz d)
[  4674.316] (II) modeset(0): Modeline "640x360"x60.0   17.95  640 688 720 800  360 363 368 374 +hsync -vsync (22.4 kHz d)
[  4674.316] (II) modeset(0): Modeline "512x384"x60.0   32.50  512 524 592 672  384 385 388 403 doublescan -hsync -vsync (48.4 kHz d)
[  4674.316] (II) modeset(0): Modeline "512x288"x60.0   21.03  512 536 552 592  288 289 292 296 doublescan +hsync -vsync (35.5 kHz d)
[  4674.316] (II) modeset(0): Modeline "480x270"x60.0   18.68  480 504 520 560  270 271 274 278 doublescan +hsync -vsync (33.4 kHz d)
[  4674.316] (II) modeset(0): Modeline "400x300"x60.0   19.17  400 412 448 512  300 300 301 312 doublescan +hsync +vsync (37.4 kHz d)
[  4674.316] (II) modeset(0): Modeline "432x243"x60.0   15.36  432 456 472 512  243 244 247 250 doublescan +hsync -vsync (30.0 kHz d)
[  4674.316] (II) modeset(0): Modeline "320x240"x60.0   12.58  320 328 376 400  240 245 246 262 doublescan -hsync -vsync (31.4 kHz d)
[  4674.316] (II) modeset(0): Modeline "360x202"x60.0   11.04  360 384 400 440  202 204 206 209 doublescan +hsync -vsync (25.1 kHz d)
[  4674.316] (II) modeset(0): Modeline "320x180"x60.0    8.98  320 344 360 400  180 181 184 187 doublescan +hsync -vsync (22.4 kHz d)
[  4674.316] (II) modeset(0): EDID for output DP-1
[  4674.317] (II) modeset(0): EDID for output DP-2
[  4674.317] (II) modeset(0): Output eDP-1 connected
[  4674.317] (II) modeset(0): Output DP-1 disconnected
[  4674.317] (II) modeset(0): Output DP-2 disconnected
[  4674.317] (II) modeset(0): Using exact sizes for initial modes
[  4674.317] (II) modeset(0): Output eDP-1 using initial mode 1920x1280 +0+0
[  4674.317] (==) modeset(0): Using gamma correction (1.0, 1.0, 1.0)
[  4674.317] (==) modeset(0): DPI set to (96, 96)
[  4674.317] (II) Loading sub module "fb"
[  4674.317] (II) LoadModule: "fb"
[  4674.317] (II) Module "fb" already built-in
[  4674.317] (II) UnloadModule: "fbdev"
[  4674.317] (II) Unloading fbdev
[  4674.317] (II) UnloadSubModule: "fbdevhw"
[  4674.317] (II) Unloading fbdevhw
[  4674.317] (II) UnloadModule: "vesa"
[  4674.317] (II) Unloading vesa
[  4674.344] (==) modeset(0): Backing store enabled
[  4674.344] (==) modeset(0): Silken mouse enabled
[  4674.415] (II) modeset(0): Initializing kms color map for depth 24, 8 bpc.
[  4674.415] (==) modeset(0): DPMS enabled
[  4674.415] (II) modeset(0): [DRI2] Setup complete
[  4674.415] (II) modeset(0): [DRI2]   DRI driver: iris
[  4674.415] (II) modeset(0): [DRI2]   VDPAU driver: va_gl
[  4674.415] (II) Initializing extension Generic Event Extension
[  4674.415] (II) Initializing extension SHAPE
[  4674.416] (II) Initializing extension MIT-SHM
[  4674.416] (II) Initializing extension XInputExtension
[  4674.416] (II) Initializing extension XTEST
[  4674.417] (II) Initializing extension BIG-REQUESTS
[  4674.417] (II) Initializing extension SYNC
[  4674.417] (II) Initializing extension XKEYBOARD
[  4674.418] (II) Initializing extension XC-MISC
[  4674.418] (II) Initializing extension SECURITY
[  4674.418] (II) Initializing extension XFIXES
[  4674.418] (II) Initializing extension RENDER
[  4674.418] (II) Initializing extension RANDR
[  4674.419] (II) Initializing extension COMPOSITE
[  4674.419] (II) Initializing extension DAMAGE
[  4674.419] (II) Initializing extension MIT-SCREEN-SAVER
[  4674.420] (II) Initializing extension DOUBLE-BUFFER
[  4674.420] (II) Initializing extension RECORD
[  4674.420] (II) Initializing extension DPMS
[  4674.420] (II) Initializing extension Present
[  4674.420] (II) Initializing extension DRI3
[  4674.421] (II) Initializing extension X-Resource
[  4674.421] (II) Initializing extension XVideo
[  4674.421] (II) Initializing extension XVideo-MotionCompensation
[  4674.421] (II) Initializing extension SELinux
[  4674.421] (II) SELinux: Disabled on system
[  4674.421] (II) Initializing extension GLX
[  4674.436] (II) AIGLX: Loaded and initialized iris
[  4674.436] (II) GLX: Initialized DRI2 GL provider for screen 0
[  4674.436] (II) Initializing extension XFree86-VidModeExtension
[  4674.437] (II) Initializing extension XFree86-DGA
[  4674.437] (II) Initializing extension XFree86-DRI
[  4674.437] (II) Initializing extension DRI2
[  4674.437] (II) modeset(0): Damage tracking initialized
[  4674.437] (II) modeset(0): Setting screen physical size to 508 x 338
[  4674.513] (II) config/udev: Adding input device Power Button (/dev/input/event1)
[  4674.513] (**) Power Button: Applying InputClass "libinput keyboard catchall"
[  4674.513] (II) LoadModule: "libinput"
[  4674.514] (II) Loading /usr/lib/xorg/modules/input/libinput_drv.so
[  4674.517] (II) Module libinput: vendor="X.Org Foundation"
[  4674.517] 	compiled for 1.21.1.11, module version = 1.4.0
[  4674.517] 	Module class: X.Org XInput Driver
[  4674.517] 	ABI class: X.Org XInput driver, version 24.4
[  4674.517] (II) Using input driver 'libinput' for 'Power Button'
[  4674.518] (II) systemd-logind: got fd for /dev/input/event1 13:65 fd 28 paused 0
[  4674.518] (**) Power Button: always reports core events
[  4674.518] (**) Option "Device" "/dev/input/event1"
[  4674.521] (II) event1  - Power Button: is tagged by udev as: Keyboard
[  4674.521] (II) event1  - Power Button: device is a keyboard
[  4674.521] (II) event1  - Power Button: device removed
[  4674.522] (**) Option "config_info" "udev:/sys/devices/LNXSYSTM:00/LNXPWRBN:00/input/input1/event1"
[  4674.522] (II) XINPUT: Adding extended input device "Power Button" (type: KEYBOARD, id 6)
[  4674.522] (**) Option "xkb_model" "pc105"
[  4674.522] (**) Option "xkb_layout" "us"
[  4674.523] (II) event1  - Power Button: is tagged by udev as: Keyboard
[  4674.523] (II) event1  - Power Button: device is a keyboard
[  4674.524] (II) config/udev: Adding input device Video Bus (/dev/input/event10)
[  4674.524] (**) Video Bus: Applying InputClass "libinput keyboard catchall"
[  4674.524] (II) Using input driver 'libinput' for 'Video Bus'
[  4674.525] (II) systemd-logind: got fd for /dev/input/event10 13:74 fd 31 paused 0
[  4674.525] (**) Video Bus: always reports core events
[  4674.525] (**) Option "Device" "/dev/input/event10"
[  4674.526] (II) event10 - Video Bus: is tagged by udev as: Keyboard
[  4674.527] (II) event10 - Video Bus: device is a keyboard
[  4674.527] (II) event10 - Video Bus: device removed
[  4674.527] (**) Option "config_info" "udev:/sys/devices/LNXSYSTM:00/LNXSYBUS:00/PNP0A08:00/LNXVIDEO:00/input/input14/event10"
[  4674.527] (II) XINPUT: Adding extended input device "Video Bus" (type: KEYBOARD, id 7)
[  4674.527] (**) Option "xkb_model" "pc105"
[  4674.527] (**) Option "xkb_layout" "us"
[  4674.529] (II) event10 - Video Bus: is tagged by udev as: Keyboard
[  4674.529] (II) event10 - Video Bus: device is a keyboard
[  4674.531] (II) config/udev: Adding input device Tablet Mode Switch (/dev/input/event8)
[  4674.531] (II) No input driver specified, ignoring this device.
[  4674.531] (II) This device may have been added with another device file.
[  4674.531] (II) config/udev: Adding input device Lid Switch (/dev/input/event0)
[  4674.532] (II) No input driver specified, ignoring this device.
[  4674.532] (II) This device may have been added with another device file.
[  4674.533] (II) config/udev: Adding input device Elan Touchpad (/dev/input/event9)
[  4674.533] (**) Elan Touchpad: Applying InputClass "libinput touchpad catchall"
[  4674.533] (II) Using input driver 'libinput' for 'Elan Touchpad'
[  4674.534] (II) systemd-logind: got fd for /dev/input/event9 13:73 fd 32 paused 0
[  4674.534] (**) Elan Touchpad: always reports core events
[  4674.534] (**) Option "Device" "/dev/input/event9"
[  4674.536] (II) event9  - Elan Touchpad: is tagged by udev as: Touchpad
[  4674.538] (II) event9  - Elan Touchpad: device is a touchpad
[  4674.538] (II) event9  - Elan Touchpad: device removed
[  4674.538] (II) libinput: Elan Touchpad: Step value 0 was provided, libinput Fallback acceleration function is used.
[  4674.538] (II) libinput: Elan Touchpad: Step value 0 was provided, libinput Fallback acceleration function is used.
[  4674.538] (II) libinput: Elan Touchpad: Step value 0 was provided, libinput Fallback acceleration function is used.
[  4674.539] (**) Option "config_info" "udev:/sys/devices/pci0000:00/0000:00:15.0/i2c_designware.0/i2c-0/i2c-ELAN0000:00/input/input13/event9"
[  4674.539] (II) XINPUT: Adding extended input device "Elan Touchpad" (type: TOUCHPAD, id 8)
[  4674.541] (**) Option "AccelerationScheme" "none"
[  4674.541] (**) Elan Touchpad: (accel) selected scheme none/0
[  4674.541] (**) Elan Touchpad: (accel) acceleration factor: 2.000
[  4674.541] (**) Elan Touchpad: (accel) acceleration threshold: 4
[  4674.543] (II) event9  - Elan Touchpad: is tagged by udev as: Touchpad
[  4674.546] (II) event9  - Elan Touchpad: device is a touchpad
[  4674.547] (II) config/udev: Adding input device Elan Touchpad (/dev/input/mouse2)
[  4674.547] (II) No input driver specified, ignoring this device.
[  4674.547] (II) This device may have been added with another device file.
[  4674.548] (II) config/udev: Adding input device GDIX0000:00 27C6:0E0D (/dev/input/event3)
[  4674.548] (**) GDIX0000:00 27C6:0E0D: Applying InputClass "libinput touchscreen catchall"
[  4674.548] (II) Using input driver 'libinput' for 'GDIX0000:00 27C6:0E0D'
[  4674.549] (II) systemd-logind: got fd for /dev/input/event3 13:67 fd 33 paused 0
[  4674.549] (**) GDIX0000:00 27C6:0E0D: always reports core events
[  4674.549] (**) Option "Device" "/dev/input/event3"
[  4674.551] (II) event3  - GDIX0000:00 27C6:0E0D: is tagged by udev as: Touchscreen
[  4674.551] (II) event3  - GDIX0000:00 27C6:0E0D: device is a touch device
[  4674.552] (II) event3  - GDIX0000:00 27C6:0E0D: device removed
[  4674.552] (**) Option "config_info" "udev:/sys/devices/pci0000:00/0000:00:15.1/i2c_designware.1/i2c-1/i2c-GDIX0000:00/0018:27C6:0E0D.0001/input/input6/event3"
[  4674.552] (II) XINPUT: Adding extended input device "GDIX0000:00 27C6:0E0D" (type: TOUCHSCREEN, id 9)
[  4674.552] (**) Option "AccelerationScheme" "none"
[  4674.552] (**) GDIX0000:00 27C6:0E0D: (accel) selected scheme none/0
[  4674.552] (**) GDIX0000:00 27C6:0E0D: (accel) acceleration factor: 2.000
[  4674.552] (**) GDIX0000:00 27C6:0E0D: (accel) acceleration threshold: 4
[  4674.554] (II) event3  - GDIX0000:00 27C6:0E0D: is tagged by udev as: Touchscreen
[  4674.554] (II) event3  - GDIX0000:00 27C6:0E0D: device is a touch device
[  4674.555] (II) config/udev: Adding input device GDIX0000:00 27C6:0E0D (/dev/input/mouse0)
[  4674.555] (II) No input driver specified, ignoring this device.
[  4674.555] (II) This device may have been added with another device file.
[  4674.556] (II) config/udev: Adding input device GDIX0000:00 27C6:0E0D Stylus (/dev/input/event4)
[  4674.556] (**) GDIX0000:00 27C6:0E0D Stylus: Applying InputClass "libinput tablet catchall"
[  4674.556] (II) Using input driver 'libinput' for 'GDIX0000:00 27C6:0E0D Stylus'
[  4674.557] (II) systemd-logind: got fd for /dev/input/event4 13:68 fd 34 paused 0
[  4674.557] (**) GDIX0000:00 27C6:0E0D Stylus: always reports core events
[  4674.557] (**) Option "Device" "/dev/input/event4"
[  4674.559] (II) event4  - GDIX0000:00 27C6:0E0D Stylus: is tagged by udev as: Tablet
[  4674.597] (II) event4  - GDIX0000:00 27C6:0E0D Stylus: tablet 'GDIX0000:00 27C6:0E0D Stylus' unknown to libwacom
[  4674.598] (II) event4  - GDIX0000:00 27C6:0E0D Stylus: device is a tablet
[  4674.598] (II) event4  - GDIX0000:00 27C6:0E0D Stylus: device removed
[  4674.598] (**) Option "config_info" "udev:/sys/devices/pci0000:00/0000:00:15.1/i2c_designware.1/i2c-1/i2c-GDIX0000:00/0018:27C6:0E0D.0001/input/input7/event4"
[  4674.598] (II) XINPUT: Adding extended input device "GDIX0000:00 27C6:0E0D Stylus" (type: TABLET, id 10)
[  4674.599] (II) event4  - GDIX0000:00 27C6:0E0D Stylus: is tagged by udev as: Tablet
[  4674.615] (II) event4  - GDIX0000:00 27C6:0E0D Stylus: tablet 'GDIX0000:00 27C6:0E0D Stylus' unknown to libwacom
[  4674.615] (II) event4  - GDIX0000:00 27C6:0E0D Stylus: device is a tablet
[  4674.615] (II) config/udev: Adding input device GDIX0000:00 27C6:0E0D Stylus (/dev/input/mouse1)
[  4674.615] (II) No input driver specified, ignoring this device.
[  4674.615] (II) This device may have been added with another device file.
[  4674.616] (II) config/udev: Adding input device GDIX0000:00 27C6:0E0D Stylus (/dev/input/event5)
[  4674.616] (II) No input driver specified, ignoring this device.
[  4674.616] (II) This device may have been added with another device file.
[  4674.617] (II) config/udev: Adding input device GDIX0000:00 27C6:0E0D UNKNOWN (/dev/input/event6)
[  4674.617] (II) No input driver specified, ignoring this device.
[  4674.617] (II) This device may have been added with another device file.
[  4674.618] (II) config/udev: Adding input device Intel Virtual Buttons (/dev/input/event7)
[  4674.618] (**) Intel Virtual Buttons: Applying InputClass "libinput keyboard catchall"
[  4674.618] (II) Using input driver 'libinput' for 'Intel Virtual Buttons'
[  4674.619] (II) systemd-logind: got fd for /dev/input/event7 13:71 fd 36 paused 0
[  4674.619] (**) Intel Virtual Buttons: always reports core events
[  4674.619] (**) Option "Device" "/dev/input/event7"
[  4674.620] (II) event7  - Intel Virtual Buttons: is tagged by udev as: Keyboard
[  4674.620] (II) event7  - Intel Virtual Buttons: device is a keyboard
[  4674.620] (II) event7  - Intel Virtual Buttons: device removed
[  4674.621] (**) Option "config_info" "udev:/sys/devices/pci0000:00/0000:00:1f.0/PNP0C09:00/INT33D6:00/input/input10/event7"
[  4674.621] (II) XINPUT: Adding extended input device "Intel Virtual Buttons" (type: KEYBOARD, id 11)
[  4674.621] (**) Option "xkb_model" "pc105"
[  4674.621] (**) Option "xkb_layout" "us"
[  4674.622] (II) event7  - Intel Virtual Buttons: is tagged by udev as: Keyboard
[  4674.622] (II) event7  - Intel Virtual Buttons: device is a keyboard
[  4674.623] (II) config/udev: Adding input device Intel Virtual Switches (/dev/input/event16)
[  4674.623] (II) No input driver specified, ignoring this device.
[  4674.623] (II) This device may have been added with another device file.
[  4674.623] (II) config/udev: Adding input device sof-rt5682 Headset Jack (/dev/input/event11)
[  4674.624] (**) sof-rt5682 Headset Jack: Applying InputClass "libinput keyboard catchall"
[  4674.624] (II) Using input driver 'libinput' for 'sof-rt5682 Headset Jack'
[  4674.624] (II) systemd-logind: got fd for /dev/input/event11 13:75 fd 37 paused 0
[  4674.624] (**) sof-rt5682 Headset Jack: always reports core events
[  4674.624] (**) Option "Device" "/dev/input/event11"
[  4674.626] (II) event11 - sof-rt5682 Headset Jack: is tagged by udev as: Keyboard Switch
[  4674.626] (II) event11 - sof-rt5682 Headset Jack: device is a keyboard
[  4674.626] (II) event11 - sof-rt5682 Headset Jack: device removed
[  4674.626] (**) Option "config_info" "udev:/sys/devices/pci0000:00/0000:00:1f.3/sof_rt5682/sound/card0/input15/event11"
[  4674.626] (II) XINPUT: Adding extended input device "sof-rt5682 Headset Jack" (type: KEYBOARD, id 12)
[  4674.626] (**) Option "xkb_model" "pc105"
[  4674.626] (**) Option "xkb_layout" "us"
[  4674.627] (II) event11 - sof-rt5682 Headset Jack: is tagged by udev as: Keyboard Switch
[  4674.627] (II) event11 - sof-rt5682 Headset Jack: device is a keyboard
[  4674.628] (II) config/udev: Adding input device sof-rt5682 HDMI/DP,pcm=2 (/dev/input/event12)
[  4674.628] (II) No input driver specified, ignoring this device.
[  4674.628] (II) This device may have been added with another device file.
[  4674.629] (II) config/udev: Adding input device sof-rt5682 HDMI/DP,pcm=3 (/dev/input/event13)
[  4674.629] (II) No input driver specified, ignoring this device.
[  4674.629] (II) This device may have been added with another device file.
[  4674.630] (II) config/udev: Adding input device sof-rt5682 HDMI/DP,pcm=4 (/dev/input/event14)
[  4674.630] (II) No input driver specified, ignoring this device.
[  4674.630] (II) This device may have been added with another device file.
[  4674.630] (II) config/udev: Adding input device AT Translated Set 2 keyboard (/dev/input/event2)
[  4674.630] (**) AT Translated Set 2 keyboard: Applying InputClass "libinput keyboard catchall"
[  4674.630] (II) Using input driver 'libinput' for 'AT Translated Set 2 keyboard'
[  4674.631] (II) systemd-logind: got fd for /dev/input/event2 13:66 fd 38 paused 0
[  4674.631] (**) AT Translated Set 2 keyboard: always reports core events
[  4674.631] (**) Option "Device" "/dev/input/event2"
[  4674.632] (II) event2  - AT Translated Set 2 keyboard: is tagged by udev as: Keyboard
[  4674.633] (II) event2  - AT Translated Set 2 keyboard: device is a keyboard
[  4674.634] (II) event2  - AT Translated Set 2 keyboard: device removed
[  4674.634] (**) Option "config_info" "udev:/sys/devices/platform/i8042/serio0/input/input2/event2"
[  4674.634] (II) XINPUT: Adding extended input device "AT Translated Set 2 keyboard" (type: KEYBOARD, id 13)
[  4674.634] (**) Option "xkb_model" "pc105"
[  4674.634] (**) Option "xkb_layout" "us"
[  4674.635] (II) event2  - AT Translated Set 2 keyboard: is tagged by udev as: Keyboard
[  4674.635] (II) event2  - AT Translated Set 2 keyboard: device is a keyboard
[  4675.753] (II) modeset(0): EDID vendor "LGD", prod id 1635
[  4675.753] (II) modeset(0): Printing DDC gathered Modelines:
[  4675.753] (II) modeset(0): Modeline "1920x1280"x0.0  164.37  1920 1968 2000 2080  1280 1283 1293 1317 -hsync -vsync (79.0 kHz eP)
[  4675.753] (II) modeset(0): Modeline "1920x1280"x0.0  109.58  1920 1968 2000 2080  1280 1283 1293 1317 -hsync -vsync (52.7 kHz e)
[  4676.053] (II) modeset(0): EDID vendor "LGD", prod id 1635
[  4676.053] (II) modeset(0): Printing DDC gathered Modelines:
[  4676.053] (II) modeset(0): Modeline "1920x1280"x0.0  164.37  1920 1968 2000 2080  1280 1283 1293 1317 -hsync -vsync (79.0 kHz eP)
[  4676.053] (II) modeset(0): Modeline "1920x1280"x0.0  109.58  1920 1968 2000 2080  1280 1283 1293 1317 -hsync -vsync (52.7 kHz e)
[  4728.817] (EE) client bug: timer event9 keyboard: scheduled expiry is in the past (-402ms), your system is too slow
[  4729.661] (II) modeset(0): Allocate new frame buffer 1280x1920 stride
[  4730.597] (II) modeset(0): EDID vendor "LGD", prod id 1635
[  4730.597] (II) modeset(0): Printing DDC gathered Modelines:
[  4730.597] (II) modeset(0): Modeline "1920x1280"x0.0  164.37  1920 1968 2000 2080  1280 1283 1293 1317 -hsync -vsync (79.0 kHz eP)
[  4730.597] (II) modeset(0): Modeline "1920x1280"x0.0  109.58  1920 1968 2000 2080  1280 1283 1293 1317 -hsync -vsync (52.7 kHz e)
[  4733.223] (II) modeset(0): Allocate new frame buffer 1920x1280 stride
[  4734.146] (II) modeset(0): EDID vendor "LGD", prod id 1635
[  4734.146] (II) modeset(0): Printing DDC gathered Modelines:
[  4734.146] (II) modeset(0): Modeline "1920x1280"x0.0  164.37  1920 1968 2000 2080  1280 1283 1293 1317 -hsync -vsync (79.0 kHz eP)
[  4734.146] (II) modeset(0): Modeline "1920x1280"x0.0  109.58  1920 1968 2000 2080  1280 1283 1293 1317 -hsync -vsync (52.7 kHz e)
[  4735.146] (II) modeset(0): EDID vendor "LGD", prod id 1635
[  4735.146] (II) modeset(0): Printing DDC gathered Modelines:
[  4735.147] (II) modeset(0): Modeline "1920x1280"x0.0  164.37  1920 1968 2000 2080  1280 1283 1293 1317 -hsync -vsync (79.0 kHz eP)
[  4735.147] (II) modeset(0): Modeline "1920x1280"x0.0  109.58  1920 1968 2000 2080  1280 1283 1293 1317 -hsync -vsync (52.7 kHz e)
[  4756.369] (II) modeset(0): Allocate new frame buffer 1280x1920 stride
[  4757.252] (II) modeset(0): EDID vendor "LGD", prod id 1635
[  4757.252] (II) modeset(0): Printing DDC gathered Modelines:
[  4757.252] (II) modeset(0): Modeline "1920x1280"x0.0  164.37  1920 1968 2000 2080  1280 1283 1293 1317 -hsync -vsync (79.0 kHz eP)
[  4757.252] (II) modeset(0): Modeline "1920x1280"x0.0  109.58  1920 1968 2000 2080  1280 1283 1293 1317 -hsync -vsync (52.7 kHz e)
[  4758.748] (EE) client bug: timer event9 keyboard: scheduled expiry is in the past (-85ms), your system is too slow
[  4789.221] (II) modeset(0): Allocate new frame buffer 1920x1280 stride
[  4790.147] (II) modeset(0): EDID vendor "LGD", prod id 1635
[  4790.147] (II) modeset(0): Printing DDC gathered Modelines:
[  4790.147] (II) modeset(0): Modeline "1920x1280"x0.0  164.37  1920 1968 2000 2080  1280 1283 1293 1317 -hsync -vsync (79.0 kHz eP)
[  4790.147] (II) modeset(0): Modeline "1920x1280"x0.0  109.58  1920 1968 2000 2080  1280 1283 1293 1317 -hsync -vsync (52.7 kHz e)
[  4800.244] (II) modeset(0): EDID vendor "LGD", prod id 1635
[  4800.244] (II) modeset(0): Printing DDC gathered Modelines:
[  4800.244] (II) modeset(0): Modeline "1920x1280"x0.0  164.37  1920 1968 2000 2080  1280 1283 1293 1317 -hsync -vsync (79.0 kHz eP)
[  4800.244] (II) modeset(0): Modeline "1920x1280"x0.0  109.58  1920 1968 2000 2080  1280 1283 1293 1317 -hsync -vsync (52.7 kHz e)
[  4801.852] (II) modeset(0): Allocate new frame buffer 1280x1920 stride
[  4802.738] (II) modeset(0): EDID vendor "LGD", prod id 1635
[  4802.738] (II) modeset(0): Printing DDC gathered Modelines:
[  4802.738] (II) modeset(0): Modeline "1920x1280"x0.0  164.37  1920 1968 2000 2080  1280 1283 1293 1317 -hsync -vsync (79.0 kHz eP)
[  4802.738] (II) modeset(0): Modeline "1920x1280"x0.0  109.58  1920 1968 2000 2080  1280 1283 1293 1317 -hsync -vsync (52.7 kHz e)
[  4815.877] (II) modeset(0): Allocate new frame buffer 1920x1280 stride
[  4816.772] (II) modeset(0): EDID vendor "LGD", prod id 1635
[  4816.772] (II) modeset(0): Printing DDC gathered Modelines:
[  4816.772] (II) modeset(0): Modeline "1920x1280"x0.0  164.37  1920 1968 2000 2080  1280 1283 1293 1317 -hsync -vsync (79.0 kHz eP)
[  4816.772] (II) modeset(0): Modeline "1920x1280"x0.0  109.58  1920 1968 2000 2080  1280 1283 1293 1317 -hsync -vsync (52.7 kHz e)
[  4821.390] (II) modeset(0): EDID vendor "LGD", prod id 1635
[  4821.390] (II) modeset(0): Printing DDC gathered Modelines:
[  4821.390] (II) modeset(0): Modeline "1920x1280"x0.0  164.37  1920 1968 2000 2080  1280 1283 1293 1317 -hsync -vsync (79.0 kHz eP)
[  4821.390] (II) modeset(0): Modeline "1920x1280"x0.0  109.58  1920 1968 2000 2080  1280 1283 1293 1317 -hsync -vsync (52.7 kHz e)
[  4834.452] (**) Option "fd" "28"
[  4834.452] (II) event1  - Power Button: device removed
[  4834.454] (**) Option "fd" "31"
[  4834.455] (II) event10 - Video Bus: device removed
[  4834.456] (**) Option "fd" "32"
[  4834.456] (II) event9  - Elan Touchpad: device removed
[  4834.457] (**) Option "fd" "33"
[  4834.457] (II) event3  - GDIX0000:00 27C6:0E0D: device removed
[  4834.457] (**) Option "fd" "34"
[  4834.457] (II) event4  - GDIX0000:00 27C6:0E0D Stylus: device removed
[  4834.458] (**) Option "fd" "36"
[  4834.458] (II) event7  - Intel Virtual Buttons: device removed
[  4834.458] (**) Option "fd" "37"
[  4834.459] (II) event11 - sof-rt5682 Headset Jack: device removed
[  4834.459] (**) Option "fd" "38"
[  4834.459] (II) event2  - AT Translated Set 2 keyboard: device removed
[  4834.459] (II) AIGLX: Suspending AIGLX clients for VT switch
[  4834.459] (II) systemd-logind: drop master for 226:1
[  4834.469] (EE) modeset(0): Failed to set CTM property: -13
[  4834.469] (EE) modeset(0): failed to set mode: No such file or directory
[  4834.469] (II) systemd-logind: got pause for 13:73
[  4834.469] (II) systemd-logind: got pause for 13:71
[  4834.469] (II) systemd-logind: got pause for 13:67
[  4834.469] (II) systemd-logind: got pause for 13:75
[  4834.469] (II) systemd-logind: got pause for 13:66
[  4834.469] (II) systemd-logind: got pause for 13:74
[  4834.469] (II) systemd-logind: got pause for 13:68
[  4834.469] (II) systemd-logind: got pause for 13:65
[  4939.831] (II) config/udev: Adding input device HP Active Pen G3 Keyboard (/dev/input/event15)
[  4939.831] (**) HP Active Pen G3 Keyboard: Applying InputClass "libinput keyboard catchall"
[  4939.831] (II) Using input driver 'libinput' for 'HP Active Pen G3 Keyboard'
[  4939.834] (II) systemd-logind: got fd for /dev/input/event15 13:79 fd 32 paused 1
[  4939.834] (II) systemd-logind: releasing fd for 13:79
[  5068.168] (II) systemd-logind: got resume for 13:73
[  5068.174] (II) systemd-logind: got resume for 13:71
[  5068.182] (II) systemd-logind: got resume for 13:75
[  5068.190] (II) systemd-logind: got resume for 13:66
[  5068.199] (II) systemd-logind: got resume for 13:67
[  5068.199] (II) systemd-logind: got resume for 226:1
[  5068.199] (II) AIGLX: Resuming AIGLX clients after VT switch
[  5068.234] (II) modeset(0): EDID vendor "LGD", prod id 1635
[  5068.234] (II) modeset(0): Printing DDC gathered Modelines:
[  5068.234] (II) modeset(0): Modeline "1920x1280"x0.0  164.37  1920 1968 2000 2080  1280 1283 1293 1317 -hsync -vsync (79.0 kHz eP)
[  5068.234] (II) modeset(0): Modeline "1920x1280"x0.0  109.58  1920 1968 2000 2080  1280 1283 1293 1317 -hsync -vsync (52.7 kHz e)
[  5068.334] (II) modeset(0): EDID vendor "LGD", prod id 1635
[  5068.334] (II) modeset(0): Printing DDC gathered Modelines:
[  5068.334] (II) modeset(0): Modeline "1920x1280"x0.0  164.37  1920 1968 2000 2080  1280 1283 1293 1317 -hsync -vsync (79.0 kHz eP)
[  5068.334] (II) modeset(0): Modeline "1920x1280"x0.0  109.58  1920 1968 2000 2080  1280 1283 1293 1317 -hsync -vsync (52.7 kHz e)
[  5068.369] (II) event9  - Elan Touchpad: is tagged by udev as: Touchpad
[  5068.372] (II) event9  - Elan Touchpad: device is a touchpad
[  5068.375] (II) event3  - GDIX0000:00 27C6:0E0D: is tagged by udev as: Touchscreen
[  5068.375] (II) event3  - GDIX0000:00 27C6:0E0D: device is a touch device
[  5068.378] (II) event7  - Intel Virtual Buttons: is tagged by udev as: Keyboard
[  5068.378] (II) event7  - Intel Virtual Buttons: device is a keyboard
[  5068.380] (II) event11 - sof-rt5682 Headset Jack: is tagged by udev as: Keyboard Switch
[  5068.380] (II) event11 - sof-rt5682 Headset Jack: device is a keyboard
[  5068.383] (II) event2  - AT Translated Set 2 keyboard: is tagged by udev as: Keyboard
[  5068.383] (II) event2  - AT Translated Set 2 keyboard: device is a keyboard
[  5068.385] (II) systemd-logind: got resume for 13:74
[  5068.386] (II) event10 - Video Bus: is tagged by udev as: Keyboard
[  5068.386] (II) event10 - Video Bus: device is a keyboard
[  5068.387] (II) systemd-logind: got resume for 13:68
[  5068.389] (II) event4  - GDIX0000:00 27C6:0E0D Stylus: is tagged by udev as: Tablet
[  5068.409] (II) event4  - GDIX0000:00 27C6:0E0D Stylus: tablet 'GDIX0000:00 27C6:0E0D Stylus' unknown to libwacom
[  5068.410] (II) event4  - GDIX0000:00 27C6:0E0D Stylus: device is a tablet
[  5068.411] (II) systemd-logind: got resume for 13:65
[  5068.412] (II) event1  - Power Button: is tagged by udev as: Keyboard
[  5068.412] (II) event1  - Power Button: device is a keyboard
[  5160.679] (**) Option "fd" "32"
[  5160.679] (II) event9  - Elan Touchpad: device removed
[  5160.679] (**) Option "fd" "38"
[  5160.679] (II) event3  - GDIX0000:00 27C6:0E0D: device removed
[  5160.679] (**) Option "fd" "33"
[  5160.679] (II) event7  - Intel Virtual Buttons: device removed
[  5160.679] (**) Option "fd" "34"
[  5160.679] (II) event11 - sof-rt5682 Headset Jack: device removed
[  5160.679] (**) Option "fd" "36"
[  5160.679] (II) event2  - AT Translated Set 2 keyboard: device removed
[  5160.680] (**) Option "fd" "65"
[  5160.680] (II) event10 - Video Bus: device removed
[  5160.680] (**) Option "fd" "37"
[  5160.680] (II) event4  - GDIX0000:00 27C6:0E0D Stylus: device removed
[  5160.680] (**) Option "fd" "46"
[  5160.680] (II) event1  - Power Button: device removed
[  5160.688] (II) UnloadModule: "libinput"
[  5160.688] (II) systemd-logind: releasing fd for 13:65
[  5160.697] (II) UnloadModule: "libinput"
[  5160.697] (II) systemd-logind: releasing fd for 13:68
[  5160.709] (II) UnloadModule: "libinput"
[  5160.709] (II) systemd-logind: releasing fd for 13:74
[  5160.736] (II) UnloadModule: "libinput"
[  5160.736] (II) systemd-logind: releasing fd for 13:66
[  5160.744] (II) UnloadModule: "libinput"
[  5160.744] (II) systemd-logind: releasing fd for 13:75
[  5160.770] (II) UnloadModule: "libinput"
[  5160.770] (II) systemd-logind: releasing fd for 13:71
[  5160.775] (II) UnloadModule: "libinput"
[  5160.775] (II) systemd-logind: releasing fd for 13:67
[  5160.794] (II) UnloadModule: "libinput"
[  5160.795] (II) systemd-logind: releasing fd for 13:73
[  5160.821] (II) Server terminated successfully (0). Closing log file.
